
Gurobi 12.0.1 (win64) logging started Sun Sep 21 04:28:24 2025

Set parameter LogFile to value "log_group_6/bound_Expr119_s8_l1051_s11_e12_o60_d120_t7200_s49_1_1_1_1.log"
Gurobi Optimizer version 12.0.1 build v12.0.1rc0 (win64 - Windows Server 2022.0 (20348.2))

CPU model: Intel(R) Xeon(R) Gold 6336Y CPU @ 2.40GHz, instruction set [SSE2|AVX|AVX2|AVX512]
Thread count: 48 physical cores, 96 logical processors, using up to 32 threads

Non-default parameters:
TimeLimit  7200

Optimize a model with 1152330 rows, 1128580 columns and 15168004 nonzeros
Model fingerprint: 0x50d389f9
Variable types: 580 continuous, 1128000 integer (1128000 binary)
Coefficient statistics:
  Matrix range     [1e+00, 9e+02]
  Objective range  [1e+00, 1e+00]
  Bounds range     [1e+00, 1e+03]
  RHS range        [1e+00, 9e+02]
Presolve removed 1124160 rows and 1102060 columns
Presolve time: 4.96s
Presolved: 28170 rows, 26520 columns, 301204 nonzeros
Variable types: 520 continuous, 26000 integer (26000 binary)
Performing another presolve...
Presolve removed 13630 rows and 13016 columns
Presolve time: 1.02s
Found heuristic solution: objective 6489.7861667
Deterministic concurrent LP optimizer: primal and dual simplex
Showing primal log only...


Root simplex log...

Iteration    Objective       Primal Inf.    Dual Inf.      Time
       0   -3.7123533e+04   1.332892e+03   5.773512e+07      9s
    3233    4.0636467e+04   0.000000e+00   4.320000e+02      9s
    3981    2.4775757e+02   0.000000e+00   0.000000e+00      9s
Concurrent spin time: 0.00s

Solved with primal simplex

Root relaxation: objective 2.477576e+02, 3981 iterations, 0.59 seconds (0.56 work units)
Total elapsed time = 9.49s (DegenMoves)
Total elapsed time = 10.18s (DegenMoves)

    Nodes    |    Current Node    |     Objective Bounds      |     Work
 Expl Unexpl |  Obj  Depth IntInf | Incumbent    BestBd   Gap | It/Node Time

     0     0  247.75757    0  124 6489.78617  247.75757  96.2%     -   10s
H    0     0                    6303.0836667  247.75757  96.1%     -   12s
H    0     0                    6041.6872333  247.75757  95.9%     -   13s
H    0     0                    4420.1705333  247.75757  94.4%     -   13s
H    0     0                    4209.6650000  247.75757  94.1%     -   14s
H    0     0                    3329.4508333  247.75757  92.6%     -   14s
H    0     0                    3241.3880333  247.75757  92.4%     -   14s
H    0     0                    3233.8083333  247.75757  92.3%     -   15s
H    0     0                    3213.4715000  247.75757  92.3%     -   15s
H    0     0                    3111.8418333  247.75757  92.0%     -   15s
     0     0  247.75757    0  183 3111.84183  247.75757  92.0%     -   16s
H    0     0                    2960.0524333  247.75757  91.6%     -   17s
H    0     0                    2861.4371333  247.75757  91.3%     -   19s
H    0     0                    2783.8210333  247.75757  91.1%     -   19s
H    0     0                    2737.7466000  247.75757  91.0%     -   19s
H    0     0                    2578.3640667  247.75757  90.4%     -   19s
H    0     0                    2372.7961667  247.75757  89.6%     -   19s
H    0     0                    2372.7439000  247.75757  89.6%     -   19s
H    0     0                    2339.9976333  247.75757  89.4%     -   20s
H    0     0                    2331.9901000  247.75757  89.4%     -   21s
H    0     0                    2306.8957667  247.75757  89.3%     -   21s
H    0     0                    2284.3256667  247.75757  89.2%     -   21s
H    0     0                    2280.9699333  247.75757  89.1%     -   22s
H    0     0                    2257.6662667  247.75757  89.0%     -   22s
H    0     0                    2246.4910000  247.75757  89.0%     -   22s
H    0     0                    2207.9433333  247.75757  88.8%     -   22s
     0     0  247.75757    0  176 2207.94333  247.75757  88.8%     -   22s
     0     0  247.75757    0  149 2207.94333  247.75757  88.8%     -   30s
     0     0  247.75757    0  167 2207.94333  247.75757  88.8%     -   30s
H    0     0                    2196.7439000  247.75757  88.7%     -   38s
     0     0  247.75757    0  137 2196.74390  247.75757  88.7%     -   38s
     0     0  247.75757    0  135 2196.74390  247.75757  88.7%     -   39s
H    0     0                    2045.4550667  247.75757  87.9%     -   44s
     0     0  247.75757    0  154 2045.45507  247.75757  87.9%     -   44s
     0     0  247.75757    0  135 2045.45507  247.75757  87.9%     -   46s
     0     2  247.75757    0  124 2045.45507  247.75757  87.9%     -   50s
     7    16  247.75757    3  238 2045.45507  247.75757  87.9%  1742   55s
    15    32  247.75757    4  280 2045.45507  247.75757  87.9%  1693   61s
    31    64  247.75757    5  207 2045.45507  247.75757  87.9%  1752   80s
    63    96  247.75757    6  279 2045.45507  247.75757  87.9%  2100  106s
H   72    96                    2009.8917000  247.75757  87.7%  2137  106s
H   90    96                    1982.8239667  247.75757  87.5%  2249  107s
H   92    96                    1962.5070333  247.75757  87.4%  2269  107s
    95   128  247.75757    7  291 1962.50703  247.75757  87.4%  2286  115s
H   98   128                    1948.9050333  247.75757  87.3%  2221  115s
H  101   128                    1815.6571667  247.75757  86.4%  2170  115s
H  110   128                    1722.5992333  247.75757  85.6%  2022  115s
   127   260  324.82240    8  280 1722.59923  247.75757  85.6%  1800  126s
H  184   260                    1664.7507000  247.75757  85.1%  1429  126s
H  259   292                    1366.5559333  247.75757  81.9%  1105  133s
H  270   292                    1247.2608667  247.75757  80.1%  1076  133s
H  278   292                    1238.1241667  247.75757  80.0%  1055  133s
H  286   292                    1223.1531667  247.75757  79.7%  1048  133s
   291   400  247.75757    9  223 1223.15317  247.75757  79.7%  1036  139s
   399   432  247.75757   11  205 1223.15317  247.75757  79.7%   836  145s
H  444   464                    1222.1088667  247.75757  79.7%   781  147s
H  449   464                    1094.9679333  247.75757  77.4%   776  147s
   463   572  247.75757   13  222 1094.96793  247.75757  77.4%   762  153s
   573   604  247.75757   15  212 1094.96793  247.75757  77.4%   682  159s
   605   640  309.98370   16  205 1094.96793  247.75757  77.4%   662  162s
H  607   640                    1092.1803333  247.75757  77.3%   661  162s
   641   751  247.75757   16  209 1092.18033  247.75757  77.3%   641  167s
   756   839  247.76222   17  248 1092.18033  247.75757  77.3%   584  173s
   846   923  247.76222   22  244 1092.18033  247.75757  77.3%   561  181s
   933   953  247.76222   26  241 1092.18033  247.75757  77.3%   524  186s
H  987   991                    1077.8132667  247.75757  77.0%   505  188s
H  994   991                    1065.5068667  247.75757  76.7%   503  188s
H  997   991                    1064.8457000  247.75757  76.7%   502  188s
H 1001   991                    1007.2420667  247.75757  75.4%   502  188s
  1005  1123  247.78680   28  240 1007.24207  247.75757  75.4%   500  192s
  1157  1151  273.83382   35  338 1007.24207  247.75757  75.4%   464  206s
  1189  1255  863.71789   35  208 1007.24207  247.75757  75.4%   603  212s
H 1259  1255                    1002.0665667  247.75757  75.3%   628  212s
  1307  1392  273.91516   36  338 1002.06657  247.75757  75.3%   623  220s
  1484  1606  277.24683   42  339 1002.06657  247.75757  75.3%   590  228s
H 1714  1641                     981.1213000  247.75757  74.7%   542  248s
H 1715  1641                     790.4748667  247.75757  68.7%   542  248s
H 1721  1641                     718.5012000  247.75757  65.5%   541  248s
  1753  1872  282.81873   52  339  718.50120  247.75757  65.5%   542  258s
  2025  1849  334.92873   63  352  718.50120  247.75757  65.5%   494  267s
  2075  1876     cutoff   63       718.50120  247.75757  65.5%   520  280s
H 2076  1872                     708.9936667  247.75757  65.1%   520  280s
H 2081  1844                     641.0136333  247.75757  61.3%   520  280s
H 2084  1807                     623.6719667  247.75757  60.3%   521  280s
H 2112  1784                     575.0579667  247.75757  56.9%   528  280s
  2118  1894     cutoff   64       575.05797  247.75757  56.9%   531  289s
H 2342  1811                     514.9879667  247.75757  51.9%   514  313s
H 2343  1811                     506.5330320  247.75757  51.1%   514  313s
  2437  2053  336.08731   66  385  506.53303  247.75757  51.1%   500  327s
  2862  2413  342.00024   82  381  506.53303  247.75757  51.1%   449  343s
  3386  2870  347.74061  100  397  506.53303  247.83662  51.1%   393  361s
H 3427  2750                     486.0856667  247.83662  49.0%   389  361s
  3973  3103  353.02820  118  382  486.08567  247.83662  49.0%   343  385s
H 4090  3031                     482.1245667  247.83662  48.6%   334  385s
H 4442  3031                     482.1239333  247.83662  48.6%   317  385s
H 4513  3017                     469.3547333  247.83662  47.2%   313  411s
H 4554  2922                     458.7474333  247.83662  46.0%   310  411s
H 4583  2907                     457.1908333  247.83662  45.8%   308  411s
H 4628  2808                     448.5205333  247.83662  44.7%   305  411s
H 4689  2216                     420.5837667  247.83662  41.1%   302  411s
  4793  2455  356.49155  145  366  420.58377  247.83662  41.1%   299  427s
  5381  2433  335.42587   31 4464  420.58377  247.83662  41.1%   286  443s
H 5382  2312                     420.3624000  247.83662  41.0%   286  446s
  5385  2314  353.65758  120  119  420.36240  250.85040  40.3%   286  451s
  5386  2317  250.85040   13  163  420.36240  250.85040  40.3%   289  456s
  5399  2328  250.85040   16  161  420.36240  250.85040  40.3%   289  460s
  5411  2333  250.85040   17  199  420.36240  250.85040  40.3%   289  466s
H 5412  2217                     418.3447000  250.85040  40.0%   289  466s
H 5415  2106                     412.7864000  250.85040  39.2%   289  466s
  5430  2119  250.85040   18  131  412.78640  250.85040  39.2%   289  470s
  5457  2124  250.85040   19  149  412.78640  250.85040  39.2%   291  481s
  5489  2146  250.85040   20  215  412.78640  250.85040  39.2%   292  490s
H 5516  2033                     410.6722000  250.85040  38.9%   291  490s
  5530  2076  250.85040   21  180  410.67220  250.85040  38.9%   293  503s
  5614  2073  250.85040   22  177  410.67220  250.85040  38.9%   296  514s
H 5615  1973                     410.6186665  250.85040  38.9%   295  514s
H 5641  1870                     410.6140000  250.85040  38.9%   295  514s
  5652  1920  314.42993   22  154  410.61400  250.85040  38.9%   295  519s
  5740  1946  296.92840   23  202  410.61400  250.85040  38.9%   294  523s
  5832  1983  309.70993   24  170  410.61400  250.85040  38.9%   292  527s
  5963  1988  250.85040   26  177  410.61400  250.85040  38.9%   287  530s
  6149  2037  250.85040   28  154  410.61400  250.85040  38.9%   281  536s
  6249  2038  250.85040   29  177  410.61400  250.85040  38.9%   278  540s
  6396  2076  314.32433   30  218  410.61400  250.85040  38.9%   273  545s
  6583  2119  250.85040   32  132  410.61400  250.85040  38.9%   268  551s
  6705  2110  295.25250   32  128  410.61400  250.85040  38.9%   264  559s
  6757  2151  250.85040   33  127  410.61400  250.85040  38.9%   262  562s
  6889  2149  250.85040   34  127  410.61400  250.85040  38.9%   259  570s
  7101  2222  251.08740   37  110  410.61400  250.85040  38.9%   253  576s
  7166  2278  250.85040   39  114  410.61400  250.85040  38.9%   251  580s
H 7221  2170                     410.6139997  250.85040  38.9%   250  580s
  7300  2191  281.40453   41  147  410.61400  250.85040  38.9%   248  585s
  7409  2234 infeasible   42       410.61400  250.85040  38.9%   245  590s
H 7512  2139                     410.6139996  250.85040  38.9%   243  594s
  7529  2161  250.85040   44  149  410.61400  250.85040  38.9%   243  595s
  7665  2235  314.26283   45  132  410.61400  250.85040  38.9%   239  601s
  7801  2351  296.09680   46  142  410.61400  250.85040  38.9%   237  607s
  7959  2374  250.85040   47  194  410.61400  250.85040  38.9%   234  612s
  8064  2519  296.27380   47  162  410.61400  250.85040  38.9%   232  618s
  8319  2534  250.85040   48  161  410.61400  250.85040  38.9%   226  622s
  8461  2729  251.17073   48  208  410.61400  250.85040  38.9%   223  630s
  8769  2895  281.45400   53  164  410.61400  250.85040  38.9%   216  638s
  9098  2908  250.85040   56  205  410.61400  250.85040  38.9%   210  646s
  9251  3273  250.85040   59  205  410.61400  250.85040  38.9%   207  657s
  9822  3567  250.85040   62  232  410.61400  250.85040  38.9%   198  672s
H 9952  3443                     410.6139992  250.85040  38.9%   196  672s
 10505  3601  252.22931   71  192  410.61400  250.85040  38.9%   187  678s
 10714  4220  335.37253   75  196  410.61400  250.85040  38.9%   185  695s
 11533  4934  335.37253   84  148  410.61400  250.85040  38.9%   175  712s
H11702  4934                     410.6139984  250.85040  38.9%   173  712s
 12429  5822  296.77667   89  162  410.61400  250.85040  38.9%   164  726s
 13528  6671  250.85040   93  223  410.61400  250.85040  38.9%   154  740s
H13536  6671                     410.6139960  250.85040  38.9%   154  740s
 14558  6819  250.85040   96  216  410.61400  250.85040  38.9%   145  746s
H14657  6819                     410.6139952  250.85040  38.9%   145  746s
 14737  7263  250.85040   98  196  410.61400  250.85040  38.9%   144  758s
 15318  7320  250.85040  102  126  410.61400  250.85040  38.9%   140  769s
 15440  7683  250.85040  109  122  410.61400  250.85040  38.9%   139  795s
 15886  8951  250.85040  113  122  410.61400  250.85040  38.9%   136  817s
 17397  9139  250.85040  117  141  410.61400  250.85040  38.9%   126  821s
 17628 10770  250.85040  120  134  410.61400  250.85040  38.9%   126  847s
 19428 12649  250.85040  126  178  410.61400  250.85040  38.9%   116  872s
 21495 14748  250.85040  137  172  410.61400  250.85040  38.9%   107  893s
 23756 16580  250.85040  142  192  410.61400  250.85040  38.9%  98.7  912s
 25724 18371  250.85040  149  165  410.61400  250.85040  38.9%  92.8  934s
 27597 20743  250.85040  156  148  410.61400  250.85040  38.9%  87.6  956s
 30057 20744  401.05230  114 4100  410.61400  250.85040  38.9%  81.7  993s
 30059 20745  358.57950  526  210  410.61400  250.85040  38.9%  81.7  996s
 30062 20749  250.85040   23  300  410.61400  250.85040  38.9%  84.2 1000s
 30079 20757  250.85040   27  300  410.61400  250.85040  38.9%  84.6 1005s
 30130 20804  250.85040   30  254  410.61400  250.85040  38.9%  85.2 1014s
 30197 20805  267.62447   31  468  410.61400  250.85040  38.9%  85.6 1022s
 30237 20825  250.85040   32  321  410.61400  250.85040  38.9%  85.8 1025s
 30396 20853  250.85040   34  352  410.61400  250.85040  38.9%  86.4 1032s
 30524 20874  323.84353   35  394  410.61400  250.85040  38.9%  86.7 1036s
 30659 20920  250.85040   37  306  410.61400  250.85040  38.9%  86.8 1040s
 30867 20980  250.85040   40  243  410.61400  250.85040  38.9%  86.9 1046s
 31066 21023  250.85040   43  310  410.61400  250.85040  38.9%  87.0 1051s
 31217 21041  250.85040   45  263  410.61400  250.85040  38.9%  87.1 1055s
 31424 21078  250.85040   47  246  410.61400  250.85040  38.9%  87.1 1073s
 31483 21113  250.85040   48  258  410.61400  250.85040  38.9%  87.1 1075s
 31677 21172  250.85040   50  246  410.61400  250.85040  38.9%  87.2 1081s
 31905 21234  250.85040   52  250  410.61400  250.85040  38.9%  87.2 1087s
 32016 21268  250.85040   53  245  410.61400  250.85040  38.9%  87.2 1090s
 32267 21354  250.85040   56  239  410.61400  250.85040  38.9%  87.2 1096s
 32408 21391  289.80719   57  232  410.61400  250.85040  38.9%  87.2 1100s
 32553 21478  250.85040   59  243  410.61400  250.85040  38.9%  87.2 1105s
 32783 21643  250.85040   60  234  410.61400  250.85040  38.9%  87.2 1112s
 33137 21791  250.85040   61  243  410.61400  250.85040  38.9%  86.9 1119s
 33520 21979  250.85040   62  227  410.61400  250.85040  38.9%  86.5 1127s
 33949 22264  322.77560   63  322  410.61400  250.85040  38.9%  86.3 1137s
 34511 22479  250.85040   65  253  410.61400  250.85040  38.9%  85.9 1146s
 35044 22668  250.85040   66  244  410.61400  250.85040  38.9%  85.6 1155s
 35556 22948  250.85040   68  244  410.61400  250.85040  38.9%  85.3 1164s
 36134 23289  250.85040   70  243  410.61400  250.85040  38.9%  84.7 1175s
 36834 23633  250.85040   72  243  410.61400  250.85040  38.9%  84.1 1186s
 37573 23468  250.85040   74  266  410.61400  250.85040  38.9%  83.5 1203s
 37684 24165  250.85040   76  263  410.61400  250.85040  38.9%  83.6 1216s
 38577 24569  250.85040   78  262  410.61400  250.85040  38.9%  82.7 1228s
 39457 24968  250.85040   81  270  410.61400  250.85040  38.9%  82.0 1240s
 40318 25325  250.85040   83  260  410.61400  250.85040  38.9%  81.6 1252s
 41159 25862  250.85040   85  260  410.61400  250.85040  38.9%  81.2 1267s
 42220 26268  250.85040   88  262  410.61400  250.85040  38.9%  80.4 1280s
 43196 26614  250.85040   90  250  410.61400  250.85040  38.9%  79.7 1290s
 44003 27178  250.85040   92  293  410.61400  250.85040  38.9%  79.4 1304s
 45027 27727  250.85040   93  292  410.61400  250.85040  38.9%  78.9 1318s
 46113 27939  250.85040   96  301  410.61400  250.85040  38.9%  78.3 1328s
 46880 28515  250.85040   98  354  410.61400  250.85040  38.9%  78.2 1339s
 47831 29073  282.01540   99  338  410.61400  250.85040  38.9%  77.8 1351s
 48874 29411  250.85040  101  408  410.61400  250.85040  38.9%  77.4 1361s
 49828 30072  250.85040  103  390  410.61400  250.85040  38.9%  77.2 1376s
 50975 30727  250.85040  104  375  410.61400  250.85040  38.9%  77.0 1390s
 52153 31213  251.17073  106  344  410.61400  250.85040  38.9%  76.6 1404s
 53253 31482  251.17073  109  384  410.61400  250.85040  38.9%  76.4 1415s
 54145 32063  256.32572  111  389  410.61400  250.85040  38.9%  76.9 1425s
 55132 32682  250.85040  111  325  410.61400  250.85040  38.9%  76.9 1444s
 56219 32538  250.85040  113  369  410.61400  250.85040  38.9%  77.2 1448s
 56495 33328  282.80719  114  300  410.61400  250.85040  38.9%  77.4 1458s
 57526 33211  250.85040  115  382  410.61400  250.85040  38.9%  77.6 1475s
 57768 34600  250.85040  116  346  410.61400  250.85040  38.9%  77.6 1492s
 59294 36156  250.85040  117  323  410.61400  250.85040  38.9%  77.7 1521s
 61427 35966  250.85040  118  319  410.61400  250.85040  38.9%  77.2 1530s
 61970 37246  250.85040  119  317  410.61400  250.85040  38.9%  77.1 1547s
 63476 38077  250.85040  120  320  410.61400  250.85040  38.9%  77.1 1564s
 64887 38210  250.85040  125  322  410.61400  250.85040  38.9%  77.6 1572s
 65544 39628  250.85040  127  349  410.61400  250.85040  38.9%  77.8 1589s
 67201 40471  250.85040  128  351  410.61400  250.85040  38.9%  78.0 1608s
 68742 41115  250.85040  132  354  410.61400  250.85040  38.9%  78.3 1625s
 70097 42406  250.85040  136  324  410.61400  250.85040  38.9%  78.4 1648s
 71905 43809  250.85040  137  323  410.61400  250.85040  38.9%  78.4 1672s
 74034 44495  250.85040  144  334  410.61400  250.85040  38.9%  78.1 1690s
 75524 46217  250.85040  149  433  410.61400  250.85040  38.9%  78.5 1716s
 77864 47782  251.17073  152  414  410.61400  250.85040  38.9%  78.3 1743s
 80264 48054  281.22980  157  263  410.61400  250.85040  38.9%  78.1 1766s
 81370 50602  250.85040  160  331  410.61400  250.85040  38.9%  78.1 1802s
 84334 52406  250.85040  166  315  410.61400  250.85040  38.9%  77.7 1826s
 87192 54761  250.85040  170  363  410.61400  250.85040  38.9%  77.6 1855s
 90567 58152  250.85040  174  365  410.61400  250.85040  38.9%  77.0 2010s
 95175 59990  250.85040  178  252  410.61400  250.85040  38.9%  76.2 2038s
 97637 63304  250.85040  187  246  410.61400  250.85040  38.9%  75.9 2063s
 100989 66262  250.85040  188  304  410.61400  250.85040  38.9%  75.4 2087s
 103979 69080  250.85040  192  304  410.61400  250.85040  38.9%  75.2 2110s
 106841 70871  250.85040  193  244  410.61400  250.85040  38.9%  75.1 2122s
 108667 71133  250.85040  202  289  410.61400  250.85040  38.9%  75.3 2130s
 109005 72492  250.85040  205  412  410.61400  250.85040  38.9%  75.8 2154s
 110472 73433  250.85040  208  432  410.61400  250.85040  38.9%  76.6 2169s
 111448 73568  329.51613  211  387  410.61400  250.85040  38.9%  78.0 2207s
 111586 74129  311.87403  213  309  410.61400  250.85040  38.9%  78.4 2216s
 112230 75257  250.85040  216  503  410.61400  250.85040  38.9%  79.3 2235s
 113392 75638  296.09897  219  428  410.61400  250.85040  38.9%  81.4 2246s
 113920 77005  277.86067  222  511  410.61400  250.85040  38.9%  82.4 2268s
 115397 77977  250.85040  229  513  410.61400  250.85040  38.9%  84.6 2284s
 116414 78417 infeasible  235       410.61400  250.85040  38.9%  87.4 2298s
 117034 79475 infeasible  239       410.61400  250.85040  38.9%  88.9 2319s
 118307 80546  281.20797  248  413  410.61400  250.85040  38.9%  92.3 2337s
 119476 80985  281.29553  260  320  410.61400  250.85040  38.9%  95.9 2350s
 119954 94336  347.96790  265  378  410.61400  250.85040  38.9%  97.4 2546s
 134879 94456  302.67868  568  166  410.61400  250.85040  38.9%   109 2589s
 135053 97011  304.88075  574  149  410.61400  250.85040  38.9%   110 2625s
 138003 100252  325.62492  738  138  410.61400  250.85040  38.9%   113 2670s
 141835 103128  258.24108  356  391  410.61400  250.85040  38.9%   115 2706s
 145071 104581  322.59521  406  272  410.61400  250.85040  38.9%   118 2729s
 146876 107433  260.92237  303  503  410.61400  250.85040  38.9%   119 2765s
 150168 108351  294.68108  336  485  410.61400  250.85040  38.9%   122 2778s
 151251 113075  296.63834  344  502  410.61400  250.85040  38.9%   123 2840s
 156624 115181  250.85040  181  409  410.61400  250.85040  38.9%   130 2868s
 159131 118020  314.17122  308  145  410.61400  250.85040  38.9%   133 2905s
 162470 118308  336.18673  140  493  410.61400  250.85040  38.9%   137 2987s
 162772 122448  327.81005  145  511  410.61400  250.85040  38.9%   138 3038s
 167538 125400  250.85040  196  436  410.61400  250.85040  38.9%   142 3071s
 170815 128766  314.08748  252  333  410.61400  250.85040  38.9%   146 3112s
 174771 130827  336.49719  247  330  410.61400  250.85040  38.9%   149 3147s
 177478 134960  263.40523   55  553  410.61400  250.85040  38.9%   151 3199s
 177528 134960  290.50641  199  442  410.61400  250.85040  38.9%   151 3200s
 182317 134961  355.81451  689 3894  410.61400  250.85040  38.9%   153 3213s
 182319 134962  359.70165  519  189  410.61400  250.85040  38.9%   153 3216s
 182320 134963  383.85157  693  587  410.61400  250.85040  38.9%   153 3220s
 182322 134964  355.46163  195  430  410.61400  250.85040  38.9%   153 3225s
 182327 134968  385.08713  298  547  410.61400  250.85040  38.9%   153 3230s
 182331 134973  329.12169   32  401  410.61400  329.12169  19.8%   154 3239s
 182333 134977  329.12169   33  414  410.61400  329.12169  19.8%   154 3241s
 182359 134997  329.12169   36  375  410.61400  329.12169  19.8%   154 3245s
 182486 135037  329.12169   39  520  410.61400  329.12169  19.8%   154 3251s
 182584 135048     cutoff   40       410.61400  329.12169  19.8%   155 3272s
 182703 135112  329.12169   42  485  410.61400  329.12169  19.8%   155 3276s
 182914 135135  329.12169   44  556  410.61400  329.12169  19.8%   156 3281s
 183113 135149  329.12169   46  467  410.61400  329.12169  19.8%   156 3286s
 183276 135172  329.12169   48  365  410.61400  329.12169  19.8%   156 3290s
 183465 135237  329.12169   49  291  410.61400  329.12169  19.8%   157 3295s
 183829 135310  329.12169   50  185  410.61400  329.12169  19.8%   157 3302s
 184131 135346  329.12169   51  343  410.61400  329.12169  19.8%   157 3307s
 184285 135368  329.12169   52  377  410.61400  329.12169  19.8%   157 3310s
 184623 135371  334.37934   55  189  410.61400  329.12169  19.8%   157 3316s
 184906 135443  347.10800   57  212  410.61400  329.12169  19.8%   157 3322s
 185079 135485  329.12169   59  313  410.61400  329.12169  19.8%   157 3325s
 185429 135573  329.12169   63  279  410.61400  329.12169  19.8%   157 3330s
 185771 135784  329.12169   66  231  410.61400  329.12169  19.8%   157 3337s
 185975 135902     cutoff   68       410.61400  329.12169  19.8%   157 3340s
 186201 136032  329.12169   70  202  410.61400  329.12169  19.8%   157 3345s
 186731 136311  394.13459   77  172  410.61400  329.12169  19.8%   157 3354s
 187047 136457  357.18600   80  148  410.61400  329.12169  19.8%   157 3359s
 187374 136623  397.94620   84  169  410.61400  329.12169  19.8%   157 3365s
 187751 136827  334.67406   88  148  410.61400  329.12169  19.8%   157 3371s
 188158 136999  340.43233   92  166  410.61400  329.12169  19.8%   157 3377s
 188548 137175  344.02844   99  164  410.61400  329.12169  19.8%   157 3382s
 188943 137381  382.10550  104  167  410.61400  329.12169  19.8%   157 3389s
 189375 137633     cutoff  108       410.61400  329.12169  19.8%   157 3397s
 189920 138016     cutoff  114       410.61400  329.12169  19.8%   157 3408s
 190700 138326  388.04202  129  162  410.61400  329.12169  19.8%   156 3419s
 191517 138830     cutoff  149       410.61400  329.12169  19.8%   156 3431s
 192456 139379  329.12169   56  384  410.61400  329.12169  19.8%   156 3445s
 193514 140095  329.12169   60  367  410.61400  329.12169  19.8%   155 3461s
 194781 139733  329.12169   65  282  410.61400  329.12169  19.8%   155 3485s
 194849 141007  329.12169   67  268  410.61400  329.12169  19.8%   155 3507s
 196446 141797  329.12169  102  137  410.61400  329.12169  19.8%   154 3528s
 198051 142596  332.89710  166  123  410.61400  329.12169  19.8%   153 3548s
 199600 143435  350.52543  252  105  410.61400  329.12169  19.8%   153 3567s
 201172 144072  329.12169   55  287  410.61400  329.12169  19.8%   152 3582s
 202518 144845  329.12169   90  173  410.61400  329.12169  19.8%   152 3595s
 203853 144802  329.12169  120  149  410.61400  329.12169  19.8%   151 3600s
 204378 145978  329.12169  142  160  410.61400  329.12169  19.8%   151 3618s
 205994 146445  330.48760  233  147  410.61400  329.12169  19.8%   150 3631s
 207247 147272  381.35764   57  327  410.61400  329.12169  19.8%   150 3648s
 208733 148502  329.12169   51  358  410.61400  329.12169  19.8%   150 3672s
 210748 149556  329.12169   66  238  410.61400  329.12169  19.8%   149 3695s
 212786 151467  329.12169  120  156  410.61400  329.12169  19.8%   148 3732s
 215812 151967  341.57158  296  103  410.61400  329.12169  19.8%   148 3750s
 217563 152844  379.43066  422  112  410.61400  329.12169  19.8%   147 3765s
 219204 153874  329.12169   66  202  410.61400  329.12169  19.8%   147 3785s
 221046 154731  329.12169   83  182  410.61400  329.12169  19.8%   146 3801s
 222719 155823  329.12169  105  176  410.61400  329.12169  19.8%   146 3819s
 224591 156718  361.52059  145  168  410.61400  329.12169  19.8%   145 3836s
 226403 157633  329.12169   82  138  410.61400  329.12169  19.8%   145 3853s
 228073 158578  329.12169  149  135  410.61400  329.12169  19.8%   144 3871s
 229963 159630  382.29090  268  116  410.61400  329.12169  19.8%   144 3891s
 231966 160662  329.12169   75  234  410.61400  329.12169  19.8%   144 3910s
 233900 160631  329.12169  112  179  410.61400  329.12169  19.8%   143 3928s
 234627 162543  329.12169  119  189  410.61400  329.12169  19.8%   143 3956s
 237118 163378  386.52273  248  150  410.61400  329.12169  19.8%   143 3976s
 239083 165029  329.12169   81  274  410.61400  329.12169  19.8%   143 4005s
 241690 167823  361.56180  148  177  410.61400  329.12169  19.8%   142 4059s
 245081 166693  352.40339   69  252  410.61400  329.12169  19.8%   141 4060s
 245982 169013  329.12169   94  163  410.61400  329.12169  19.8%   141 4090s
 248954 170223  351.66957  179  134  410.61400  329.12169  19.8%   141 4117s
 251547 172210  386.09387  205  110  410.61400  329.12169  19.8%   140 4154s
 254807 173234  329.12169   84  177  410.61400  329.12169  19.8%   140 4180s
 257230 175334  410.58550  125  161  410.61400  329.12169  19.8%   139 4217s
 260563 176943  329.12169   75  230  410.61400  329.12169  19.8%   139 4251s
 263779 176910  402.39285  218  134  410.61400  329.12169  19.8%   138 4283s
 265017 178594  329.12169   66  306  410.61400  329.12169  19.8%   138 4310s
 267499 180897  329.12169  177  176  410.61400  329.12169  19.8%   138 4350s
 271043 184160  329.12169  134  151  410.61400  329.12169  19.8%   137 4414s
 276086 182479  329.12169   57  269  410.61400  329.12169  19.8%   136 4415s
 276134 185595  329.12169   66  180  410.61400  329.12169  19.8%   136 4452s
 279784 187098  329.12169  148  190  410.61400  329.12169  19.8%   136 4486s
 282881 188789  329.12169   91  165  410.61400  329.12169  19.8%   135 4520s
 285997 190425  329.12169  123  178  410.61400  329.12169  19.8%   135 4556s
 289179 192107  395.71537  166  155  410.61400  329.12169  19.8%   135 4590s
 292285 193965  407.30475  270  116  410.61400  329.12169  19.8%   134 4627s
 295535 195842  329.12169  100  158  410.61400  329.12169  19.8%   134 4668s
 298968 197636  329.12169  119  234  410.61400  329.12169  19.8%   133 4704s
 302333 200687  350.75410  179  173  410.61400  329.12169  19.8%   133 4761s
 307094 201845  329.12169   81  233  410.61400  329.12169  19.8%   132 4792s
 310153 200892  393.08105  150  175  410.61400  329.12169  19.8%   132 4825s
 310236 204003  329.12169   57  256  410.61400  329.12169  19.8%   132 4865s
 313858 205407  329.12169  101  190  410.61400  329.12169  19.8%   132 4898s
 316938 206805  329.12169  161  154  410.61400  329.12169  19.8%   131 4928s
 319733 209297  329.12169   72  194  410.61400  329.12169  19.8%   131 4969s
 323550 211254  329.12169   94  221  410.61400  329.12169  19.8%   131 5009s
 327019 210098  329.12169  113  227  410.61400  329.12169  19.8%   130 5010s
 327261 213192  329.12169   62  235  410.61400  329.12169  19.8%   130 5049s
 328550 212763  336.31569  278  115  410.61400  329.12169  19.8%   130 5050s
 330880 215613  329.12169  126  164  410.61400  329.12169  19.8%   130 5093s
 334917 218027  354.68261  184  153  410.61400  329.12169  19.8%   129 5146s
 339276 219919  329.12169  102  162  410.61400  329.12169  19.8%   129 5175s
 343015 222119  400.15884  145  153  410.61400  329.12169  19.8%   128 5206s
 346982 223414  337.78405  283  125  410.61400  329.12169  19.8%   128 5235s
 349904 225472  348.32742   59  276  410.61400  329.12169  19.8%   128 5262s
 353334 228011  395.81811  196  128  410.61400  329.12169  19.8%   127 5297s
 357555 229210  329.12169  187  152  410.61400  329.12169  19.8%   127 5324s
 360620 231417  329.12169  335  118  410.61400  329.12169  19.8%   126 5354s
 364387 233860  329.12169  120  192  410.61400  329.12169  19.8%   126 5391s
 368571 235533  366.57119  191  148  410.61400  329.12169  19.8%   125 5427s
 372115 237171  382.76586  267  123  410.61400  329.12169  19.8%   125 5451s
 375357 239092  329.12169   94  257  410.61400  329.12169  19.8%   125 5477s
 378792 240816  329.12169   67  261  410.61400  329.12169  19.8%   124 5503s
 382232 241946  329.12169   97  187  410.61400  329.12169  19.8%   124 5521s
 384854 244071  329.12169  166  169  410.61400  329.12169  19.8%   124 5556s
 388210 244963  329.12169   85  237  410.61400  329.12169  19.8%   124 5573s
 390554 247668  391.32838  138  184  410.61400  329.12169  19.8%   124 5605s
 394515 251002  329.12169   85  224  410.61400  329.12169  19.8%   123 5652s
 399912 249702  329.12169  152  160  410.61400  329.12169  19.8%   123 5680s
 400481 253104  371.58382  188  165  410.61400  329.12169  19.8%   123 5713s
 404512 254750  329.12169  172  179  410.61400  329.12169  19.8%   122 5751s
 407869 256463 infeasible   73       410.61400  329.12169  19.8%   122 5777s
 411092 257777     cutoff  141       410.61400  329.12169  19.8%   122 5798s
 413788 259455  329.12169  106  202  410.61400  329.12169  19.8%   121 5822s
 416710 261411  351.32394  139  177  410.61400  329.12169  19.8%   121 5849s
 419966 260326  329.12169  124  171  410.61400  329.12169  19.8%   121 5850s
 420044 263610  361.11942  204  171  410.61400  329.12169  19.8%   121 5881s
 423848 266503  376.48698  238  143  410.61400  329.12169  19.8%   121 5926s
 428651 267597  329.12169  130  215  410.61400  329.12169  19.8%   120 5961s
 431681 268924  353.08843  208  157  410.61400  329.12169  19.8%   120 5985s
 434506 270969  329.12169   97  173  410.61400  329.12169  19.8%   120 6012s
 437858 272428  329.12169  126  172  410.61400  329.12169  19.8%   120 6038s
 440789 274747  329.12169  190  162  410.61400  329.12169  19.8%   120 6071s
 444669 276203  329.12169  122  192  410.61400  329.12169  19.8%   119 6099s
 447867 277195  329.12169  163  186  410.61400  329.12169  19.8%   119 6125s
 450188 279707  337.83129   93  166  410.61400  329.12169  19.8%   119 6159s
 453939 278790  329.12169  128  213  410.61400  329.12169  19.8%   118 6200s
 454306 306169  399.44796  161  173  410.61400  329.12169  19.8%   118 6682s
 483092 296574  347.48180  132  277  410.61400  329.12169  19.8%   117 6696s
 486065 299436     cutoff  252       410.61400  329.12169  19.8%   116 6769s
 487681 298897  359.90699  207  230  410.61400  329.12169  19.8%   116 6770s
 490379 300904  379.80638  154  196  410.61400  329.12169  19.8%   116 6820s
 493825 302206  329.12169   88  199  410.61400  329.12169  19.8%   116 6849s
 496393 301350  350.10413  178  148  410.61400  329.12169  19.8%   116 6850s
 496707 303752  351.90075  153  160  410.61400  329.12169  19.8%   116 6877s
 499591 306008  358.10811  230  127  410.61400  329.12169  19.8%   116 6914s
 503266 307838  364.41714  325  122  410.61400  329.12169  19.8%   116 6948s
 506708 309513  329.12169  125  173  410.61400  329.12169  19.8%   115 6992s
 509940 310898  334.99183  182  166  410.61400  329.12169  19.8%   115 7018s
 512775 312672  386.73149  267  119  410.61400  329.12169  19.8%   115 7050s
 516036 315028  329.12169  114  204  410.61400  329.12169  19.8%   115 7094s
 519466 313885  347.04790  133  172  410.61400  329.12169  19.8%   115 7095s
 519954 316409  380.46059  162  166  410.61400  329.12169  19.8%   115 7126s
 523188 318686  329.12169   62  196  410.61400  329.12169  19.8%   115 7165s
 526981 319241  356.02905  123  201  410.61400  329.12169  19.8%   115 7194s
 527897 318936  355.07988  180  168  410.61400  329.12169  19.8%   115 7195s
 529114 318967  329.12169   97  119  410.61400  329.12169  19.8%   115 7200s

Cutting planes:
  Implied bound: 7
  MIR: 36
  Flow cover: 880
  RLT: 1
  Relax-and-lift: 269

Explored 529600 nodes (60676199 simplex iterations) in 7201.78 seconds (2177.21 work units)
Thread count was 32 (of 96 available processors)

Solution count 10: 410.614 410.614 410.619 ... 457.191

Time limit reached
Best objective 4.106139952089e+02, best bound 3.291216861826e+02, gap 19.8465%

User-callback calls 2091280, time in user-callback 1.59 sec
