
Gurobi 10.0.1 (win64) logging started Sat Sep 20 16:07:37 2025

Set parameter LogFile to value "log_group_6/bound_Expr45_s8_l1051_s11_e12_o60_d120_t7200_s45_0_0_0_0.log"
Gurobi Optimizer version 10.0.1 build v10.0.1rc0 (win64)

CPU model: Intel(R) Core(TM) i7-10700 CPU @ 2.90GHz, instruction set [SSE2|AVX|AVX2]
Thread count: 8 physical cores, 16 logical processors, using up to 16 threads

Optimize a model with 1441432 rows, 1440580 columns and 11518624 nonzeros
Model fingerprint: 0xc68dc5b6
Variable types: 580 continuous, 1440000 integer (1440000 binary)
Coefficient statistics:
  Matrix range     [1e+00, 9e+02]
  Objective range  [1e+00, 1e+00]
  Bounds range     [1e+00, 1e+03]
  RHS range        [1e+00, 9e+02]
Presolve removed 1414180 rows and 1414120 columns (presolve time = 5s) ...
Presolve removed 1414180 rows and 1413728 columns
Presolve time: 6.25s
Presolved: 27252 rows, 26852 columns, 157968 nonzeros
Variable types: 460 continuous, 26392 integer (26392 binary)
Found heuristic solution: objective 10171.858200
Found heuristic solution: objective 1879.3277667
Deterministic concurrent LP optimizer: primal and dual simplex
Showing first log only...


Root simplex log...

Iteration    Objective       Primal Inf.    Dual Inf.      Time
       0   -4.1379000e+04   1.113847e+04   3.523855e+08      8s
    2627    4.5021000e+04   0.000000e+00   7.200000e+02      8s
    3091    0.0000000e+00   0.000000e+00   0.000000e+00      8s
Concurrent spin time: 0.12s

Solved with primal simplex

Root relaxation: objective 0.000000e+00, 3091 iterations, 0.54 seconds (0.85 work units)

    Nodes    |    Current Node    |     Objective Bounds      |     Work
 Expl Unexpl |  Obj  Depth IntInf | Incumbent    BestBd   Gap | It/Node Time

     0     0    0.00000    0  189 1879.32777    0.00000   100%     -    9s
H    0     0                    1667.6094333    0.00000   100%     -   10s
H    0     0                    1632.4945667    0.00000   100%     -   11s
     0     0    0.00000    0  214 1632.49457    0.00000   100%     -   11s
H    0     0                     685.7557667    0.00000   100%     -   15s
H    0     0                     577.1453000    0.00000   100%     -   15s
     0     0    0.00000    0  219  577.14530    0.00000   100%     -   15s
H    0     0                     487.5251667    0.00000   100%     -   24s
H    0     0                     416.4846329    0.00000   100%     -   24s
H    0     0                     416.0458333    0.00000   100%     -   25s
H    0     0                     416.0458329    0.00000   100%     -   25s
H    0     0                     388.6199333    0.00000   100%     -   25s
     0     0    0.00000    0  181  388.61993    0.00000   100%     -   26s
     0     0    0.00000    0  192  388.61993    0.00000   100%     -   27s
     0     0    0.00000    0  186  388.61993    0.00000   100%     -   36s
     0     0    0.00000    0  185  388.61993    0.00000   100%     -   37s
H    0     0                     382.4336000    0.00000   100%     -   46s
     0     0    0.00000    0  184  382.43360    0.00000   100%     -   47s
H    0     0                     377.6376667    0.00000   100%     -   50s
     0     0    0.00000    0  197  377.63767    0.00000   100%     -   51s
H    0     0                     376.9089904    0.00000   100%     -   58s
     0     0    0.00000    0  190  376.90899    0.00000   100%     -   59s
     0     0    0.00000    0  190  376.90899    0.00000   100%     -   62s
H    0     0                     376.9082292    0.00000   100%     -   65s
     0     2    0.00000    0  184  376.90823    0.00000   100%     -   71s
    30    29    0.00000    6  173  376.90823    0.00000   100%   316   79s
    38    36    0.00000    7  173  376.90823    0.00000   100%   257   80s
   105    89    0.00000   14  180  376.90823    0.00000   100%   110   86s
   203   162    0.00000   23  178  376.90823    0.00000   100%  64.2   95s
   396   312    0.00000   32  180  376.90823    0.00000   100%  37.6  100s
   778   545    0.00000   47  184  376.90823    0.00000   100%  22.8  105s
   955   711    0.00000   59  185  376.90823    0.00000   100%  20.1  110s
  1449  1066    0.00000   95  185  376.90823    0.00000   100%  15.0  116s
  1677  1094    0.00000  114  193  376.90823    0.00000   100%  13.6  121s
  1945  1485    0.00000  146  192  376.90823    0.00000   100%  12.6  126s
  2589  1956    0.00000  198  189  376.90823    0.00000   100%  10.9  133s
  2786  2304    0.00000  202  190  376.90823    0.00000   100%  10.5  137s
  3154  2796    0.00000  240  191  376.90823    0.00000   100%  10.1  141s
  3717  3373    0.00000  275  195  376.90823    0.00000   100%   9.8  145s
  4357  4020    0.00000  405  193  376.90823    0.00000   100%   9.2  151s
  5050  5000    0.00000  533  189  376.90823    0.00000   100%   8.8  159s
  6079  5921    0.00000  695  203  376.90823    0.00000   100%   8.3  165s
  7076  6858    0.00000  864  204  376.90823    0.00000   100%   7.8  172s
  8080  6859  211.24500  705  190  376.90823    0.00000   100%   7.4  428s
  8082  6860  253.18520  692  178  376.90823    0.00000   100%   7.4  458s
  8083  6861  122.32247  234  178  376.90823    0.00000   100%   7.4  512s
  8084  6862  352.53167 1289  174  376.90823    0.00000   100%   7.4  520s
  8085  6862  253.18520 1257  182  376.90823    0.00000   100%   7.4  556s
  8086  6863    0.00000  973  190  376.90823    0.00000   100%   7.4  571s
  8087  6864  352.53167 1316  180  376.90823    0.00000   100%   7.4  613s
  8088  6864   89.04070  142  185  376.90823    0.00000   100%   7.4  625s
  8089  6865  164.14450  136  178  376.90823    0.00000   100%   7.4  681s
  8090  6866  151.33057  624  181  376.90823    0.00000   100%   7.4  699s
  8091  6866  211.24500  658  182  376.90823    0.00000   100%   7.4  731s
  8092  6867    0.00000  437  178  376.90823    0.00000   100%   7.4  740s
  8093  6868  167.71773  204  178  376.90823    0.00000   100%   7.4  765s
  8094  6870    0.00000   11  163  376.90823    0.00000   100%   6.9  775s
  8113  6877    0.00000   15  168  376.90823    0.00000   100%   6.9  780s
  8121  6879  294.34973   15  167  376.90823    0.00000   100%   7.0  825s
  8156  6888  162.13547   18  169  376.90823    0.00000   100%   7.0  831s
  8189  6897    0.00000   21  173  376.90823    0.00000   100%   7.1  835s
  8234  6904  292.67153   23  171  376.90823    0.00000   100%   7.1  843s
  8242  6907    0.00000   24  177  376.90823    0.00000   100%   7.1  845s
  8285  6907    0.00000   26  177  376.90823    0.00000   100%   7.2  850s
  8328  6909    0.00000   28  179  376.90823    0.00000   100%   7.2  856s
  8366  6909  294.29453   30  177  376.90823    0.00000   100%   7.2  860s
  8406  6910   79.90387   32  188  376.90823    0.00000   100%   7.2  866s
  8452  6936  143.11200   35  182  376.90823    0.00000   100%   7.2  871s
  8534  6970    0.00000   42  190  376.90823    0.00000   100%   7.2  877s
  8565  6987   79.36000   43  189  376.90823    0.00000   100%   7.2  880s
  8662  7026    0.00000   47  190  376.90823    0.00000   100%   7.2  886s
  8706  7035    0.00000   49  190  376.90823    0.00000   100%   7.3  890s
  8815  7100    0.00000   60  195  376.90823    0.00000   100%   7.3  898s
  8876  7116    0.00000   63  198  376.90823    0.00000   100%   7.3  901s
  8930  7130    0.00000   67  202  376.90823    0.00000   100%   7.3  905s
  8975  7142  144.39933   70  198  376.90823    0.00000   100%   7.3  915s
  9014  7169    0.00000   73  202  376.90823    0.00000   100%   7.3  920s
  9130  7238    0.00000   79  203  376.90823    0.00000   100%   7.4  930s
  9256  7301  114.52430   91  199  376.90823    0.00000   100%   7.3  939s
  9354  7344  114.52430   99  199  376.90823    0.00000   100%   7.3  945s
  9449  7418  114.52430  108  199  376.90823    0.00000   100%   7.3  952s
  9586  7492  148.28517  119  196  376.90823    0.00000   100%   7.2  960s
  9725  7564  163.56623  124  201  376.90823    0.00000   100%   7.2  968s
  9875  7662    0.00000  145  208  376.90823    0.00000   100%   7.2  975s
 10038  7731    0.00000  166  210  376.90823    0.00000   100%   7.2  983s
 10178  7872    0.00000  187  209  376.90823    0.00000   100%   7.1  989s
 10385  7987    0.00000  201  211  376.90823    0.00000   100%   7.1  996s
 10578  8024    0.00000  217  205  376.90823    0.00000   100%   7.0 1001s
 10689  8132  132.48033  220  202  376.90823    0.00000   100%   7.0 1008s
 10844  8220    0.00000  226  207  376.90823    0.00000   100%   7.0 1015s
 11002  8324  124.33890  242  202  376.90823    0.00000   100%   7.0 1023s
 11182  8512    0.00000  248  204  376.90823    0.00000   100%   6.9 1032s
 11437  8650    0.00000  268  204  376.90823    0.00000   100%   6.9 1039s
 11663  8699    0.00000  283  203  376.90823    0.00000   100%   6.9 1048s
 11798  8794  255.80143  308  200  376.90823    0.00000   100%   6.9 1055s
 11939  8887  163.69660  324  200  376.90823    0.00000   100%   6.8 1065s
 12083  9018    0.00000  340  206  376.90823    0.00000   100%   6.8 1078s
 12361  9114    0.00000  365  203  376.90823    0.00000   100%   6.8 1089s
 12625  9065    0.00000  389  202  376.90823    0.00000   100%   6.7 1107s
 12666  9287    0.00000  392  203  376.90823    0.00000   100%   6.7 1117s
 12912  9393    0.00000  406  204  376.90823    0.00000   100%   6.7 1130s
 13117  9469  196.21877  432  200  376.90823    0.00000   100%   6.7 1140s
 13275  9644    0.00000  461  203  376.90823    0.00000   100%   6.7 1150s
 13527  9767    0.00000  475  205  376.90823    0.00000   100%   6.6 1162s
 13759  9998    0.00000  505  204  376.90823    0.00000   100%   6.6 1176s
 14079 10310    0.00000  539  206  376.90823    0.00000   100%   6.6 1191s
 14511 10436  147.93447  579  202  376.90823    0.00000   100%   6.5 1206s
 14804 10634    0.00000  607  204  376.90823    0.00000   100%   6.5 1220s
 15130 11097    0.00000  638  203  376.90823    0.00000   100%   6.5 1236s
 15711 11691    0.00000  654  200  376.90823    0.00000   100%   6.4 1532s
 16532 11627  165.12753  713  197  376.90823    0.00000   100%   6.3 1540s
 16760 11826   80.24877  727  193  376.90823    0.00000   100%   6.3 1551s
 17038 12320    0.00000  751  196  376.90823    0.00000   100%   6.2 1567s
 17644 12395    0.00000  788  193  376.90823    0.00000   100%   6.2 1581s
 17948 12497    0.00000  823  193  376.90823    0.00000   100%   6.1 1596s
 18164 12604    0.00000  862  192  376.90823    0.00000   100%   6.1 1613s
 18454 12757    0.00000  892  195  376.90823    0.00000   100%   6.1 1628s
 18752 12851   80.29557  899  193  376.90823    0.00000   100%   6.1 1641s
 18995 13162   80.29557  911  194  376.90823    0.00000   100%   6.1 1657s
 19405 13081    0.00000  925  195  376.90823    0.00000   100%   6.1 1710s
 19469 13345    0.00000  929  196  376.90823    0.00000   100%   6.1 1725s
 19766 13521   87.36183  940  199  376.90823    0.00000   100%   6.1 1743s
 20042 13586    0.00000  954  196  376.90823    0.00000   100%   6.1 1757s
 20225 13928    0.00000  966  196  376.90823    0.00000   100%   6.0 1776s
 20677 14238   87.36183  983  195  376.90823    0.00000   100%   6.0 1797s
 21196 14601   86.05543 1001  194  376.90823    0.00000   100%   5.9 1818s
 21757 15079   87.36183 1018  194  376.90823    0.00000   100%   5.9 1844s
 22519 15321  102.95033 1039  196  376.90823    0.00000   100%   5.9 1870s
 23085 15957  102.95033 1060  192  376.90823    0.00000   100%   5.9 1895s
 23948 16126  125.88927 1080  194  376.90823    0.00000   100%   5.8 1917s
 24430 16330  125.88927 1092  194  376.90823    0.00000   100%   5.8 1940s
 24835 16624  125.88927 1116  194  376.90823    0.00000   100%   5.7 1965s
 25319 17310  158.35963 1140  194  376.90823    0.00000   100%   5.7 1993s
 26169 17657    0.00000 1165  196  376.90823    0.00000   100%   5.7 2025s
 26808 17913  254.92927 1191  192  376.90823    0.00000   100%   5.7 2054s
 27338 18219    0.00000 1229  194  376.90823    0.00000   100%   5.7 2084s
 27864 18459  198.15460 1267  203  376.90823    0.00000   100%   5.7 2114s
 28362 19251    0.00000 1314  207  376.90823    0.00000   100%   5.7 2152s
 29402 20190  198.15460 1396  203  376.90823    0.00000   100%   5.6 2190s
 30493 21248   88.62863 1450  204  376.90823    0.00000   100%   5.6 2828s
 31561 21882    0.00000 1608  206  376.90823    0.00000   100%   5.6 2864s
 32218 22711    0.00000 1689  201  376.90823    0.00000   100%   5.6 2905s
 33085 23866  158.23873 1798  202  376.90823    0.00000   100%   5.6 2945s
 34244 24843    0.00000 1909  202  376.90823    0.00000   100%   5.6 2979s
 35239 25807    0.00000 2007  201  376.90823    0.00000   100%   5.7 3018s
 36243 26209  123.13500 2106  196  376.90823    0.00000   100%   5.7 3045s
 36688 27009    0.00000 2173  199  376.90823    0.00000   100%   5.7 3077s
 37572 27015  143.35907 2259  194  376.90823    0.00000   100%   5.8 3129s
 37580 27642    0.00000 2260  197  376.90823    0.00000   100%   5.8 3159s
 38264 28685    0.00000 2297  195  376.90823    0.00000   100%   5.8 3192s
 39336 29639    0.00000 2331  193  376.90823    0.00000   100%   5.7 3224s
 40295 30340    0.00000 2403  194  376.90823    0.00000   100%   5.7 3255s
 41011 30813  121.85730 2461  192  376.90823    0.00000   100%   5.7 3288s
 41522 31721    0.00000 2507  193  376.90823    0.00000   100%   5.7 3323s
 42430 32691    0.00000 2605  192  376.90823    0.00000   100%   5.7 3357s
 43436 33558    0.00000 2674  193  376.90823    0.00000   100%   5.7 3391s
 44344 34230    0.00000 2767  194  376.90823    0.00000   100%   5.7 3426s
 45051 35981   42.55783 2856  194  376.90823    0.00000   100%   5.7 3742s
 46873 36312   60.23763 2932  198  376.90823    0.00000   100%   5.6 3760s
 47233 36670   60.23763 2947  197  376.90823    0.00000   100%   5.7 3783s
 47620 37476   69.83140 2963  197  376.90823    0.00000   100%   5.7 3802s
 48435 38453   69.83140 2976  197  376.90823    0.00000   100%   5.6 3829s
 49443 38781   75.37363 2998  197  376.90823    0.00000   100%   5.6 3852s
 49821 39050   75.37363 3017  196  376.90823    0.00000   100%   5.6 3871s
 50110 39408   75.37363 3030  196  376.90823    0.00000   100%   5.6 3898s
 50505 39861    0.00000 3047  197  376.90823    0.00000   100%   5.6 3925s
 51000 40772    0.00000 3068  197  376.90823    0.00000   100%   5.6 3951s
 51923 41648  154.44973 3088  197  376.90823    0.00000   100%   5.5 3977s
 52816 41916  162.64183 3112  195  376.90823    0.00000   100%   5.5 4000s
 53085 42295    0.00000 3127  196  376.90823    0.00000   100%   5.5 4027s
 53500 42673  162.64183 3146  197  376.90823    0.00000   100%   5.5 4056s
 53946 42980  166.75517 3168  194  376.90823    0.00000   100%   5.5 4081s
 54317 43433  166.75517 3192  194  376.90823    0.00000   100%   5.6 4111s
 54835 44065    0.00000 3268  197  376.90823    0.00000   100%   5.6 4145s
 55619 44071   98.34703 3356  194  376.90823    0.00000   100%   5.7 4189s
 55627 44542    0.00000 3357  197  376.90823    0.00000   100%   5.7 4218s
 56160 45160  199.72510 3416  192  376.90823    0.00000   100%   5.7 4252s
 56844 45971  132.48033 3496  194  376.90823    0.00000   100%   5.8 4289s
 57691 47170    0.00000 3574  198  376.90823    0.00000   100%   5.8 4332s
 58903 47716   52.83963 3690  193  376.90823    0.00000   100%   5.9 4357s
 59476 49417    0.00000 3734  198  376.90823    0.00000   100%   5.9 4675s
 61247 50073    0.00000 3887  198  376.90823    0.00000   100%   5.9 4699s
 61931 50693    0.00000 3946  198  376.90823    0.00000   100%   5.9 4721s
 62590 51157    7.00197 3998  196  376.90823    0.00000   100%   5.9 4748s
 63111 52217    0.00000 4032  198  376.90823    0.00000   100%   5.9 4777s
 64222 53579    0.00000 4068  201  376.90823    0.00000   100%   5.9 4802s
 65635 53751    0.00000 4133  199  376.90823    0.00000   100%   5.8 4815s
 65824 55205    0.00000 4140  200  376.90823    0.00000   100%   5.8 4836s
 67280 56533  117.74627 4166  198  376.90823    0.00000   100%   5.8 4859s
 68615 57056  295.38420 4189  199  376.90823    0.00000   100%   5.8 4878s
 69162 57408    0.00000 4206  199  376.90823    0.00000   100%   5.8 4896s
 69555 57814    0.00000 4231  202  376.90823    0.00000   100%   5.8 4919s
 70069 58260    0.00000 4301  202  376.90823    0.00000   100%   5.8 4940s
 70554 58329  167.60297 4351  203  376.90823    0.00000   100%   5.8 5000s
 70634 58835  167.60297 4356  200  376.90823    0.00000   100%   5.8 5019s
 71167 59380    0.00000 4400  204  376.90823    0.00000   100%   5.8 5036s
 71728 60568    0.00000 4419  204  376.90823    0.00000   100%   5.8 5060s
 72937 61036    0.00000 4487  203  376.90823    0.00000   100%   5.8 5077s
 73419 62164    0.00000 4534  204  376.90823    0.00000   100%   5.8 5104s
 74563 63585    0.00000 4580  204  376.90823    0.00000   100%   5.8 5410s
 75992 64418   52.77843 4678  200  376.90823    0.00000   100%   5.8 5440s
 76841 65025    0.00000 4759  204  376.90823    0.00000   100%   5.8 5470s
 77534 65651    0.00000 4858  204  376.90823    0.00000   100%   5.8 5498s
 78217 66812   66.97567 4924  201  376.90823    0.00000   100%   5.8 5531s
 79411 67784    0.00000 5025  204  376.90823    0.00000   100%   5.8 5558s
 80400 68339    0.00000 5078  204  376.90823    0.00000   100%   5.8 5586s
 80999 68973    0.00000 5144  204  376.90823    0.00000   100%   5.9 5613s
 81682 69753    7.57437 5200  209  376.90823    0.00000   100%   5.9 5642s
 82502 70183  121.91870 5278  201  376.90823    0.00000   100%   6.0 5666s
 83048 71051    0.00000 5332  208  376.90823    0.00000   100%   6.0 5697s
 83979 72578    0.00000 5380  204  376.90823    0.00000   100%   6.0 5729s
 85572 73183    0.00000 5459  205  376.90823    0.00000   100%   6.0 5751s
 86206 74639   72.56310 5524  202  376.90823    0.00000   100%   6.0 5782s
 87808 75990  151.33057 5605  201  376.90823    0.00000   100%   6.0 5809s
 89263 76938    0.00000 5645  204  376.90823    0.00000   100%   6.0 6111s
 90305 76946    0.00000 5754  209  376.90823    0.00000   100%   6.0 6172s
 90313 77773   83.99580 5754  206  376.90823    0.00000   100%   6.0 6275s
 91169 80603    0.00000 5821  210  376.90823    0.00000   100%   6.0 6345s
 94109 80610    0.00000 6043  209  376.90823    0.00000   100%   6.1 6455s
 94117 81800   34.16330 6043  206  376.90823    0.00000   100%   6.1 6486s
 95407 82636    0.00000 6121  208  376.90823    0.00000   100%   6.1 6513s
 96322 83749    0.00000 6189  209  376.90823    0.00000   100%   6.2 6544s
 97509 84732  120.08073 6250  206  376.90823    0.00000   100%   6.2 6572s
 98564 85779    0.00000 6313  208  376.90823    0.00000   100%   6.2 6601s
 99787 86649    0.00000 6384  212  376.90823    0.00000   100%   6.2 6621s
 100721 87677    0.00000 6447  211  376.90823    0.00000   100%   6.2 6648s
 101779 88600  144.71940 6511  208  376.90823    0.00000   100%   6.2 6670s
 102753 90067  165.78780 6565  208  376.90823    0.00000   100%   6.2 6700s
 104346 91904  194.33953 6628  209  376.90823    0.00000   100%   6.1 7007s
 106340 92545    0.05196 6694  212  376.90823    0.05196   100%   6.1 7025s
 107040 92856    6.87830 6716  209  376.90823    0.11885   100%   6.1 7038s
 107383 94037    0.12622 6727  215  376.90823    0.12622   100%   6.2 7059s
 108621 94885   66.45790 6759  198  376.90823    3.35593  99.1%   6.1 7075s
 109506 95998   10.62190 6777  209  376.90823    3.35593  99.1%   6.1 7096s
 110661 96827   10.62190 6817  210  376.90823    3.35593  99.1%   6.1 7111s
 111510 97659   10.62190 6864  207  376.90823    3.35593  99.1%   6.1 7130s
 112388 98438   83.02300 6913  203  376.90823    3.35593  99.1%   6.1 7148s
 113213 99407  119.12013 6954  204  376.90823    3.35593  99.1%   6.1 7166s
 114223 100838   10.62190 6998  207  376.90823    3.35593  99.1%   6.1 7189s
 115703 101283  298.45780 7033  203  376.90823    3.35593  99.1%   6.1 7200s

Cutting planes:
  Gomory: 105
  Implied bound: 241
  Projected implied bound: 559
  MIR: 82
  Flow cover: 504
  RLT: 4
  Relax-and-lift: 4205

Explored 116164 nodes (812862 simplex iterations) in 7202.02 seconds (6226.79 work units)
Thread count was 16 (of 16 available processors)

Solution count 10: 376.908 377.638 382.434 ... 685.756

Time limit reached
Best objective 3.769082292126e+02, best bound 3.355933333332e+00, gap 99.1096%

User-callback calls 625064, time in user-callback 4.10 sec
