
Gurobi 10.0.3 (win64) logging started Sat Sep 20 22:21:43 2025

Set parameter LogFile to value "log_group_6/bound_Expr30_s7_l1051_s11_e12_o30_d60_t7200_s30_0_0_0_0.log"
Gurobi Optimizer version 10.0.3 build v10.0.3rc0 (win64)

CPU model: 11th Gen Intel(R) Core(TM) i7-11700 @ 2.50GHz, instruction set [SSE2|AVX|AVX2|AVX512]
Thread count: 8 physical cores, 16 logical processors, using up to 16 threads

Optimize a model with 368663 rows, 367940 columns and 2946406 nonzeros
Model fingerprint: 0x116ee1b1
Variable types: 440 continuous, 367500 integer (367500 binary)
Coefficient statistics:
  Matrix range     [1e+00, 8e+02]
  Objective range  [1e+00, 1e+00]
  Bounds range     [1e+00, 1e+03]
  RHS range        [1e+00, 8e+02]
Presolve removed 354990 rows and 354960 columns
Presolve time: 1.55s
Presolved: 13673 rows, 12980 columns, 88984 nonzeros
Variable types: 380 continuous, 12600 integer (12600 binary)
Found heuristic solution: objective 1612.5030333

Root relaxation: objective 0.000000e+00, 1631 iterations, 0.10 seconds (0.20 work units)

    Nodes    |    Current Node    |     Objective Bounds      |     Work
 Expl Unexpl |  Obj  Depth IntInf | Incumbent    BestBd   Gap | It/Node Time

     0     0    0.00000    0   60 1612.50303    0.00000   100%     -    2s
H    0     0                     339.8532333    0.00000   100%     -    2s
H    0     0                     291.0802333    0.00000   100%     -    2s
     0     0    0.00000    0   63  291.08023    0.00000   100%     -    3s
H    0     0                     249.1480000    0.00000   100%     -    4s
     0     0    0.00000    0   64  249.14800    0.00000   100%     -    4s
     0     0    0.00000    0   62  249.14800    0.00000   100%     -    5s
H    0     0                     205.4520000    0.00000   100%     -    5s
     0     0    0.00000    0   64  205.45200    0.00000   100%     -    6s
     0     0    0.00000    0   61  205.45200    0.00000   100%     -    7s
H    0     0                     200.1577000    0.00000   100%     -    8s
H    0     0                     193.6943993    0.00000   100%     -    8s
     0     0    0.00000    0   60  193.69440    0.00000   100%     -    8s
H    0     0                     191.0495000    0.00000   100%     -   10s
     0     0    0.00000    0   61  191.04950    0.00000   100%     -   10s
     0     0    0.00000    0   61  191.04950    0.00000   100%     -   10s
     0     0    0.00000    0   61  191.04950    0.00000   100%     -   10s
H    0     2                     190.2982667    0.00000   100%     -   12s
     0     2    0.00000    0   60  190.29827    0.00000   100%     -   12s
H   31    13                     190.2228667    0.00000   100%   169   16s
H   34    13                     190.2228666    0.00000   100%   161   16s
H   38    13                     190.1243667    0.00000   100%   158   16s
   105    39    0.00000   19   60  190.12437    0.00000   100%   138   20s
   918   676    0.00000  158   60  190.12437    0.00000   100%  41.1   25s
  2231  1565    0.00000  383   60  190.12437    0.00000   100%  23.9   32s
H 2250  1565                     190.1243666    0.00000   100%  24.1   32s
  2795  2285    0.00000  462   61  190.12437    0.00000   100%  21.6   35s
  3746  3174    0.00000  579   60  190.12437    0.00000   100%  19.1   40s
  5241  4344    0.00000  773   60  190.12437    0.00000   100%  16.8   45s
  6020  5052    0.00000  871   60  190.12437    0.00000   100%  16.3   52s
  6885  5078    0.00000  980   60  190.12437    0.00000   100%  15.7   56s
  7696  5553  143.67953  630   61  190.12437    0.00000   100%  15.4  141s
  7698  5554  113.41873 1159   60  190.12437    0.00000   100%  15.4  153s
H 7698  5276                     190.1243666    0.00000   100%  15.4  170s
  7701  5278  111.20183  645   62  190.12437    0.00000   100%  15.4  179s
  7702  5279  127.27133  135   61  190.12437    0.00000   100%  15.4  182s
  7703  5280  113.41873  160   60  190.12437    0.00000   100%  15.4  188s
  7704  5280   80.87563  774   60  190.12437    0.00000   100%  15.4  190s
  7705  5281    0.00000  235   60  190.12437    0.00000   100%  15.4  195s
  7707  5282  117.19747  840   60  190.12437    0.00000   100%  15.4  202s
  7709  5284   80.87563  718   60  190.12437    0.00000   100%  15.4  221s
  7710  5287    0.00000   12   60  190.12437    0.00000   100%  16.8  240s
  7712  5288    0.00000   13   60  190.12437    0.00000   100%  16.9  256s
  7716  5288    0.00000   14   60  190.12437    0.00000   100%  17.0  271s
H 7736  5025                     190.1243663    0.00000   100%  18.8  304s
H 7739  4773                     190.1243661    0.00000   100%  18.8  304s
H 7740  4534                     190.1243660    0.00000   100%  18.8  304s
  7744  4536    6.86490   17   58  190.12437    0.00000   100%  18.9  313s
  7752  4538    0.00000   18   60  190.12437    0.00000   100%  20.5  335s
H 7785  4308                     190.1243658    0.00000   100%  20.8  338s
  7820  4305   98.94107   22   58  190.12437    0.00000   100%  20.7  341s
  7852  4306  109.44297   24   58  190.12437    0.00000   100%  20.7  348s
H 7853  4090                     190.1243656    0.00000   100%  20.6  348s
H 7857  3884                     190.1243640    0.00000   100%  20.6  348s
H 7863  3687                     190.1220388    0.00000   100%  20.6  348s
  7900  3685   89.45843   27   58  190.12204    0.00000   100%  20.6  357s
  7908  3695    0.00000   28   60  190.12204    0.00000   100%  20.6  373s
  7972  3730  102.10267   32   58  190.12204    0.00000   100%  20.5  377s
  8047  3741    0.00000   37   60  190.12204    0.00000   100%  20.4  381s
  8188  3773   50.19200   51   58  190.12204    0.00000   100%  20.1  386s
  8287  3781   50.19200   60   58  190.12204    0.00000   100%  19.9  390s
  8379  3763   50.19200   67   58  190.12204    0.00000   100%  19.7  396s
  8454  3764   50.19200   75   58  190.12204    0.00000   100%  19.6  400s
  8610  3739   50.19200   89   58  190.12204    0.00000   100%  19.2  406s
  8642  3742    0.00000   94   60  190.12204    0.00000   100%  19.2  411s
  8722  3728   50.32840  102   59  190.12204    0.00000   100%  19.0  416s
  8856  3697   50.32840  113   58  190.12204    0.00000   100%  18.8  464s
H 8860  3512                     190.1220371    0.00000   100%  18.8  464s
H 8863  3335                     190.1220369    0.00000   100%  18.8  464s
  8864  3337    0.00000  114   60  190.12204    0.00000   100%  18.8  480s
  8874  3349   50.32840  114   58  190.12204    0.00000   100%  18.8  498s
  8897  3352   50.32840  118   58  190.12204    0.00000   100%  18.8  510s
  8914  3369   50.32840  119   58  190.12204    0.00000   100%  18.8  516s
  9043  3435   99.23267  129   58  190.12204    0.00000   100%  18.6  524s
  9156  3450   99.23267  136   58  190.12204    0.00000   100%  18.4  528s
  9233  3428   99.23267  142   58  190.12204    0.00000   100%  18.3  533s
  9243  3454    0.00000  143   60  190.12204    0.00000   100%  18.3  545s
  9283  3445   99.23267  147   58  190.12204    0.00000   100%  18.2  559s
  9291  3529    0.00000  148   60  190.12204    0.00000   100%  18.2  564s
  9441  3555   99.23267  160   58  190.12204    0.00000   100%  18.0  568s
  9601  3531    0.00000  176   60  190.12204    0.00000   100%  17.7  573s
  9643  3547  100.77547  186   58  190.12204    0.00000   100%  17.7  579s
  9729  3556    0.00000  196   60  190.12204    0.00000   100%  17.5  584s
  9885  3526  100.77547  206   58  190.12204    0.00000   100%  17.3  597s
  9917  3565  111.20183  215   58  190.12204    0.00000   100%  17.3  602s
 10017  3579    0.00000  222   60  190.12204    0.00000   100%  17.2  607s
 10183  3580    0.00000  240   60  190.12204    0.00000   100%  16.9  613s
 10356  3550   47.55783  260   58  190.12204    0.00000   100%  16.7  620s
 10395  3595    0.00000  270   60  190.12204    0.00000   100%  16.7  637s
 10550  3585    0.00000  280   60  190.12204    0.00000   100%  16.5  651s
 10599  3702  127.69583  288   58  190.12204    0.00000   100%  16.4  657s
 10821  3745  127.69583  301   58  190.12204    0.00000   100%  16.2  665s
 11046  3742    3.74073  334   58  190.12204    0.00000   100%  16.0  673s
 11280  3666    0.00000  370   60  190.12204    0.00000   100%  15.7  693s
 11288  3677   49.14913  370   58  190.12204    0.00000   100%  15.7  715s
 11309  3794   49.14913  372   58  190.12204    0.00000   100%  15.7  723s
 11641  3769    0.00000  391   60  190.12204    0.00000   100%  15.5  731s
 11905  3723   97.75357  409   58  190.12204    0.00000   100%  15.2  745s
 11960  3769    0.00000  412   60  190.12204    0.00000   100%  15.4  751s
 12177  3702   97.75357  424   58  190.12204    0.00000   100%  15.2  781s
 12202  3750    0.00000  426   60  190.12204    0.00000   100%  15.2  801s
 12293  3835   97.75357  439   58  190.12204    0.00000   100%  15.2  809s
 12538  3817  100.67070  457   58  190.12204    0.00000   100%  15.0  817s
 12812  3739    0.00000  482   60  190.12204    0.00000   100%  14.8  828s
 12841  3808    0.00000  485   60  190.12204    0.00000   100%  14.8  837s
 13088  3824  109.64697  511   58  190.12204    0.00000   100%  14.6  846s
 13427  3735  126.18117  548   58  190.12204    0.00000   100%  14.7  863s
 13510  3886    0.00000  559   60  190.12204    0.00000   100%  14.9  874s
 13837  3942    0.00000  592   60  190.12204    0.00000   100%  14.8  884s
 14236  3845   47.55783  621   58  190.12204    0.00000   100%  14.6  905s
 14283  3881   47.69860  638   58  190.12204    0.00000   100%  14.7  936s
 14491  3861   47.69860  651   58  190.12204    0.00000   100%  14.5  961s
 14574  4132    0.00000  668   60  190.12204    0.00000   100%  14.6  976s
 15127  4332    0.00000  754   60  190.12204    0.00000   100%  14.2 1112s
 16149  4085    0.00000  847   60  190.12204    0.00000   100%  13.8 1126s
 16276  4194  100.11637  857   58  190.12204    0.00000   100%  13.8 1140s
 16488  4454    0.00000  868   60  190.12204    0.00000   100%  13.7 1153s
 17079  4262    0.00000  898   60  190.12204    0.00000   100%  13.7 1176s
H17080  4096                     190.1220361    0.00000   100%  13.7 1176s
 17087  4201  175.26487  898   58  190.12204    0.00000   100%  13.7 1193s
 17197  4665    0.00000  899   60  190.12204    0.00000   100%  13.6 1207s
 17917  4728    0.00000  925   60  190.12204    0.00000   100%  14.0 1220s
 18004  5259  100.11637  928   58  190.12204    0.00000   100%  14.0 1237s
 18693  5370    0.00000  986   60  190.12204    0.00000   100%  13.9 1253s
 18811  5716   48.80567 1003   58  190.12204    0.00000   100%  13.9 1268s
 19385  6214   48.94993 1061   58  190.12204    0.00000   100%  13.6 1282s
 19944  6749    0.00000 1099   60  190.12204    0.00000   100%  13.4 1301s
 20690  6859    0.00000 1123   60  190.12204    0.00000   100%  13.2 1319s
 20806  7036    0.00000 1125   60  190.12204    0.00000   100%  13.2 1346s
 21014  7317    0.00000 1138   60  190.12204    0.00000   100%  13.3 1365s
 21303  7877   97.77243 1152   58  190.12204    0.00000   100%  13.3 1384s
 22003  8512    0.00000 1186   60  190.12204    0.00000   100%  13.4 1405s
 22846  8823    0.00000 1234   60  190.12204    0.00000   100%  14.4 1428s
 23185 10108    0.00000 1247   60  190.12204    0.00000   100%  14.7 1460s
 24621 11010    0.00000 1299   60  190.12204    0.00000   100%  15.9 1483s
 25674 11356    0.00000 1338   60  190.12204    0.00000   100%  16.7 1497s
 26051 11364    0.00000 1357   60  190.12204    0.00000   100%  17.5 1519s
 26059 12961  124.91220 1357   58  190.12204    0.00000   100%  17.5 1548s
 27717 13283  125.88537 1411   58  190.12204    0.00000   100%  17.6 1569s
 28072 14459  125.88537 1428   58  190.12204    0.00000   100%  17.6 1601s
 29387 15295   48.28720 1523   58  190.12204    0.00000   100%  18.2 1645s
 30291 16327    0.00000 1580   60  190.12204    0.00000   100%  18.0 1940s
 31435 17526    0.00000 1651   60  190.12204    0.00000   100%  18.9 1974s
 32702 17916    0.00000 1712   60  190.12204    0.00000   100%  19.8 2004s
 33095 20741    0.00000 1742   60  190.12204    0.00000   100%  19.8 2044s
 36088 22145  142.81028 1830   62  190.12204    0.00000   100%  19.5 2065s
 37533 22965 infeasible 1868       190.12204    0.00000   100%  19.8 2083s
 38365 24990    0.00000 1894   60  190.12204    0.00000   100%  19.8 2106s
 40409 25888    8.30987 1919   58  190.12204    0.00000   100%  19.3 2118s
 41316 28114   49.97210 1934   59  190.12204    0.00000   100%  19.1 2138s
 43544 29690    0.00000 2015   60  190.12204    0.00000   100%  18.4 2154s
 45166 33119    0.00000 2079   60  190.12204    0.00000   100%  18.1 2328s
 48774 33200    0.00000 2303   60  190.12204    0.00000   100%  18.2 2335s
 48865 33358    0.00000 2307   60  190.12204    0.00000   100%  18.3 2356s
 49047 33562   98.85107 2317   58  190.12204    0.00000   100%  18.3 2364s
 49269 34549    0.00000 2328   60  190.12204    0.00000   100%  18.4 2376s
 50329 35656    0.00000 2377   60  190.12204    0.00000   100%  18.6 2392s
 51556 35880    0.00000 2429   60  190.12204    0.00000   100%  18.9 2400s
 51816 37234    0.00000 2441   60  190.12204    0.00000   100%  18.9 2418s
 53310 38621    0.03921 2496   61  190.12204    0.03921   100%  18.9 2436s
 54769 40341  175.26487 2529   58  190.12204    3.74073  98.0%  19.0 2456s
 56565 41611    7.67803 2588   58  190.12204    3.74073  98.0%  19.3 2468s
 57870 44260    7.67803 2598   58  190.12204    3.74073  98.0%  19.1 2491s
 60757 47642    7.67803 2655   58  190.12204    3.74073  98.0%  19.2 2669s
 64436 47987  102.44867 2815   56  190.12204    3.74073  98.0%  19.7 2680s
 64817 48508    7.67803 2833   58  190.12204    3.74073  98.0%  19.9 2755s
 65385 49024   13.62793 2868   56  190.12204    3.74073  98.0%  20.2 2772s
 65948 52166 infeasible 2899       190.12204    3.74073  98.0%  20.4 2801s
 69243 55197    7.67803 3009   58  190.12204    3.74073  98.0%  20.0 2829s
 72441 56616    7.67803 3077   58  190.12204    3.74073  98.0%  19.6 2850s
 73957 60281  149.82787 3101   56  190.12204    3.74073  98.0%  19.4 2876s
 77663 63994    7.67803 3136   58  190.12204    3.74073  98.0%  19.0 3043s
 81628 65512    7.67803 3215   58  190.12204    3.74073  98.0%  19.6 3064s
 83242 66872    7.67803 3246   58  190.12204    3.74073  98.0%  19.8 3082s
 84763 67301    7.67803 3257   58  190.12204    3.74073  98.0%  20.2 3092s
 85248 68506     cutoff 3264       190.12204    3.74073  98.0%  20.4 3109s
 86647 70111     cutoff 3280       190.12204    3.74073  98.0%  20.5 3123s
 88537 71818    7.67803 3289   58  190.12204    3.74073  98.0%  20.5 3142s
 90515 73913    7.67803 3297   58  190.12204    3.74073  98.0%  20.4 3160s
 92794 77987    7.67803 3305   58  190.12204    3.74073  98.0%  20.3 3326s
 97228 81414    7.67803 3353   58  190.12204    3.74073  98.0%  20.3 3343s
 100676 83850    7.67803 3405   58  190.12204    3.74073  98.0%  19.8 3357s
 103145 85256    7.67803 3434   58  190.12204    3.74073  98.0%  19.4 3368s
 104659 86204    7.67803 3462   58  190.12204    3.74073  98.0%  19.2 3378s
 105669 87204  109.53153 3487   56  190.12204    3.74073  98.0%  19.1 3388s
 106729 87867    7.67803 3513   58  190.12204    3.74073  98.0%  19.0 3395s
 107400 91790    7.67803 3523   58  190.12204    3.74073  98.0%  18.9 3557s
 111705 92009  150.29347 3619   56  190.12204    3.74073  98.0%  19.1 3563s
 111924 93421  150.29347 3626   56  190.12204    3.74073  98.0%  19.1 3575s
 113343 95168    7.67803 3649   58  190.12204    3.74073  98.0%  19.0 3591s
 115199 95858  150.54703 3668   57  190.12204    3.74073  98.0%  18.9 3602s
 115950 96726    7.67803 3689   58  190.12204    3.74073  98.0%  19.0 3615s
 116942 97278    7.67803 3711   58  190.12204    3.74073  98.0%  19.1 3623s
 117606 100144     cutoff 3719       190.12204    3.74073  98.0%  19.2 3640s
 120619 100828    7.67803 3730   58  190.12204    3.74073  98.0%  19.0 3650s
 121392 101652    7.67803 3738   58  190.12204    3.74073  98.0%  19.1 3661s
 122258 105507    7.67803 3747   58  190.12204    3.74073  98.0%  19.2 3806s
 126330 106475    7.67803 3770   58  190.12204    3.74073  98.0%  19.1 3819s
 127419 107611    7.67803 3778   58  190.12204    3.74073  98.0%  19.2 3834s
 128731 108826    7.67803 3785   58  190.12204    3.74073  98.0%  19.2 3848s
 130040 110319    7.67803 3797   58  190.12204    3.74073  98.0%  19.2 3864s
 131682 111899    7.67803 3817   58  190.12204    3.74073  98.0%  19.3 3881s
 133348 112389    7.73990 3858   60  190.12204    3.74073  98.0%  19.2 3889s
 133884 113960 infeasible 3867       190.12204    3.74073  98.0%  19.2 3904s
 135593 115616    8.61558 3900   58  190.12204    3.74073  98.0%  19.2 3920s
 137394 119275   15.13260 3964   56  190.12204    3.74073  98.0%  19.1 4070s
 141368 119438   15.13260 4113   56  190.12204    3.74073  98.0%  19.1 4075s
 141558 120206   15.13260 4119   56  190.12204    3.74073  98.0%  19.2 4085s
 142373 122515   15.13260 4137   56  190.12204    3.74073  98.0%  19.2 4100s
 144764 124191   15.14311 4184   60  190.12204    3.74073  98.0%  19.1 4114s
 146524 124358   15.25004 4213   57  190.12204    3.74073  98.0%  19.1 4120s
 146714 125488   88.22583 4221   54  190.12204    3.74073  98.0%  19.1 4132s
 148047 126882   22.17973 4256   54  190.12204    3.74073  98.0%  19.1 4146s
 149603 128649   22.21261 4303   56  190.12204    3.74073  98.0%  19.1 4160s
 151434 130025  124.96098 4336   52  190.12204    3.74073  98.0%  19.0 4173s
 152876 134214   22.26695 4360   55  190.12204    3.74073  98.0%  18.9 4329s
 157216 134375   36.70193 4531   50  190.12204    3.74073  98.0%  18.7 4334s
 157391 135846  135.64300 4541   48  190.12204    3.74073  98.0%  18.8 4350s
 159003 136580   36.70193 4579   50  190.12204    3.74073  98.0%  18.7 4360s
 159900 137462  147.57077 4614   48  190.12204    3.74073  98.0%  18.7 4372s
 160846 138378   36.70193 4653   50  190.12204    3.74073  98.0%  18.7 4385s
 161788 138558   36.70193 4685   50  190.12204    3.74073  98.0%  18.7 4391s
 161994 138955   36.70193 4694   50  190.12204    3.74073  98.0%  18.7 4400s
 162416 139447   36.81413 4736   51  190.12204    3.74073  98.0%  18.8 4408s
 162941 139913  127.89793 4761   48  190.12204    3.74073  98.0%  18.8 4416s
 163504 140294   43.56683 4804   48  190.12204    3.74073  98.0%  18.8 4424s
 164077 140487   43.56683 4844   48  190.12204    3.74073  98.0%  18.9 4429s
 164303 141187   43.56683 4853   48  190.12204    3.74073  98.0%  18.9 4441s
 165132 142012  109.02513 4906   46  190.12204    3.74073  98.0%  19.0 4452s
 165980 142876   43.56683 4949   48  190.12204    3.74073  98.0%  19.0 4465s
 166902 144240  125.92840 4993   46  190.12204    3.74073  98.0%  19.1 4478s
 168293 146346   43.56683 5036   48  190.12204    3.74073  98.0%  19.0 4624s
 170602 148753   51.02277 5124   46  190.12204    3.74073  98.0%  19.1 4643s
 173173 148929  125.92840 5179   46  190.12204    3.74073  98.0%  19.0 4648s
 173382 149884  106.99850 5191   46  190.12204    3.74073  98.0%  19.1 4662s
 174576 152239   51.02277 5210   46  190.12204    3.74073  98.0%  19.1 4678s
 177017 153682  153.54617 5262   44  190.12204    3.74073  98.0%  19.0 4692s
 178599 155337   51.02277 5282   46  190.12204    3.74073  98.0%  19.0 4707s
 180443 156720   51.02277 5341   46  190.12204    3.74073  98.0%  18.9 4720s
 182014 156925   51.02277 5354   46  190.12204    3.74073  98.0%  18.8 4726s
 182317 157214   51.02277 5365   46  190.12204    3.74073  98.0%  18.9 4733s
 182772 159304  124.13100 5390   44  190.12204    3.74073  98.0%  19.0 4876s
 185077 159522   51.02277 5477   46  190.12204    3.74073  98.0%  19.2 4884s
 185335 160731   51.02277 5488   46  190.12204    3.74073  98.0%  19.3 4903s
 186944 162498   51.02277 5553   46  190.12204    3.74073  98.0%  19.3 4924s
 188886 163412  115.53800 5591   44  190.12204    3.74073  98.0%  19.3 4939s
 189932 164325  100.03780 5632   44  190.12204    3.74073  98.0%  19.3 4955s
 191072 164597   51.02277 5681   48  190.12204    3.74073  98.0%  19.4 4961s
 191370 165524  151.71477 5693   44  190.12204    3.74073  98.0%  19.5 4974s
 192424 166882   60.46763 5740   46  190.12204    3.74073  98.0%  19.5 4993s
 194082 168430   51.02277 5781   48  190.12204    3.74073  98.0%  19.5 5012s
 195997 169521   51.02277 5816   48  190.12204    3.74073  98.0%  19.5 5028s
 197334 172489   51.02277 5848   48  190.12204    3.74073  98.0%  19.5 5173s
 200444 173343   51.02277 5942   48  190.12204    3.74073  98.0%  19.5 5183s
 201353 174011   51.02277 5977   48  190.12204    3.74073  98.0%  19.5 5192s
 202077 175077   51.02277 5991   48  190.12204    3.74073  98.0%  19.5 5207s
 203254 175427   51.02277 6006   48  190.12204    3.74073  98.0%  19.7 5217s
 204005 176975   51.02277 6028   48  190.12204    3.74073  98.0%  19.8 5234s
 205800 178622   51.02277 6065   48  190.12204    3.74073  98.0%  19.8 5252s
 207559 178912   51.02277 6109   46  190.12204    3.74073  98.0%  19.8 5259s
 207860 180733   51.02277 6119   46  190.12204    3.74073  98.0%  19.9 5277s
 209849 181926 infeasible 6174       190.12204    3.74073  98.0%  19.9 5290s
 211260 182301   51.02277 6209   46  190.12204    3.74073  98.0%  19.9 5296s
 211807 184991   51.02277 6236   46  190.12204    3.74073  98.0%  19.9 5433s
 215120 185223   51.02277 6353   46  190.12204    3.74073  98.0%  19.9 5439s
 215380 186804  123.11600 6367   44  190.12204    3.74073  98.0%  19.9 5453s
 217038 188303   51.02277 6413   46  190.12204    3.74073  98.0%  19.9 5468s
 218585 189514   51.02277 6432   46  190.12204    3.74073  98.0%  19.9 5480s
 219953 191402   51.02277 6463   46  190.12204    3.74073  98.0%  19.9 5493s
 221974 192921   57.24203 6513   44  190.12204    3.74073  98.0%  19.8 5505s
 223610 193292   51.05392 6542   46  190.12204    3.74073  98.0%  19.7 5511s
 224023 194091   51.38483 6556   46  190.12204    3.74073  98.0%  19.8 5521s
 224976 194707   58.24203 6581   44  190.12204    3.74073  98.0%  19.7 5532s
 225946 196421   59.26744 6615   49  190.12204    3.74073  98.0%  19.8 5544s
 227793 200804   76.98283 6631   42  190.12204    3.74073  98.0%  19.7 5686s
 232678 200899   80.53543 6751   40  190.12204    3.74073  98.0%  19.5 5690s
 232781 202888   88.88350 6757   38  190.12204    3.74073  98.0%  19.5 5700s
 234821 204460   80.54523 6782   40  190.12204    3.74073  98.0%  19.4 5709s
 236467 205586   80.57624 6802   41  190.12204    3.74073  98.0%  19.3 5717s
 237716 206694   80.61685 6816   40  190.12204    3.74073  98.0%  19.3 5724s
 239026 207179   95.43680 6836   38  190.12204    3.74073  98.0%  19.3 5728s
 239569 208320  143.25450 6846   36  190.12204    3.74073  98.0%  19.3 5736s
 240785 209237  143.25450 6873   36  190.12204    3.74073  98.0%  19.2 5744s
 241804 210362   95.43680 6904   38  190.12204    3.74073  98.0%  19.2 5753s
 243029 213489   95.43680 6939   38  190.12204    3.74073  98.0%  19.1 5901s
 246506 214662  173.19227 7055   36  190.12204    3.74073  98.0%  19.1 5915s
 247833 214793  110.33058 7117   36  190.12204    3.74073  98.0%  19.1 5920s
 248039 215297  116.12913 7134   34  190.12204    3.74073  98.0%  19.1 5927s
 248779 216583  116.14365 7170   40  190.12204    3.74073  98.0%  19.2 5938s
 250320 218725  125.13817 7202   32  190.12204    3.74073  98.0%  19.2 5950s
 252716 219588     cutoff 7241       190.12204    3.74073  98.0%  19.1 5958s
 253751 222138  126.04253 7279   32  190.12204    3.74073  98.0%  19.1 5972s
 256469 223172  126.04808 7322   33  190.12204    3.74073  98.0%  18.9 5983s
 257592 226609  126.05403 7356   32  190.12204    3.74073  98.0%  18.9 6121s
 261606 227818  141.94566 7502   28  190.12204    3.74073  98.0%  18.8 6134s
 262815 228980     cutoff 7525       190.12204    3.74073  98.0%  18.8 6144s
 264075 230655  147.67516 7558   26  190.12204    3.74073  98.0%  18.8 6156s
 265818 232243  147.67975 7586   26  190.12204    3.74073  98.0%  18.7 6167s
 267498 233042  147.67975 7602   26  190.12204    3.74073  98.0%  18.7 6176s
 268570 234428  153.09214 7635   24  190.12204    3.74073  98.0%  18.8 6190s
 270046 235400  153.08326 7678   24  190.12204    3.74073  98.0%  18.7 6200s
 271161 236298  153.08666 7698   24  190.12204    3.74073  98.0%  18.8 6209s
 272324 238597  153.09773 7730   25  190.12204    3.74073  98.0%  18.8 6344s
 275056 238792  177.04323 7837   18  190.12204    3.74073  98.0%  18.8 6350s
 275303 241624  172.25080 7857   21  190.12204    3.74073  98.0%  18.8 6364s
 278260 243692   52.74740  344   56  190.12204    3.74073  98.0%  18.7 6376s
 280385 244521   52.74740  353   56  190.12204    3.74073  98.0%  18.7 6385s
 281321 246654   52.74740  356   56  190.12204    3.74073  98.0%  18.7 6396s
 283536 248251   52.74740  367   56  190.12204    3.74073  98.0%  18.7 6408s
 285190 249403   52.74740  378   56  190.12204    3.74073  98.0%  18.6 6418s
 286435 250366   52.74740  388   56  190.12204    3.74073  98.0%  18.7 6427s
 287486 252885   52.74740  397   56  190.12204    3.74073  98.0%  18.7 6569s
 290229 254472   52.74740  420   56  190.12204    3.74073  98.0%  18.7 6583s
 292015 255883   52.74740  437   56  190.12204    3.74073  98.0%  18.7 6595s
 293609 257329   52.74740  451   56  190.12204    3.74073  98.0%  18.7 6606s
 295170 259442   52.74740  463   56  190.12204    3.74073  98.0%  18.6 6618s
 297344 260357   52.74740  469   56  190.12204    3.74073  98.0%  18.6 6626s
 298273 262101   52.74740  472   56  190.12204    3.74073  98.0%  18.5 6639s
 300093 263474  160.83710  480   55  190.12204    3.74073  98.0%  18.5 6652s
 301589 264454   52.74740  489   56  190.12204    3.74073  98.0%  18.5 6661s
 302686 267706   52.74740  498   56  190.12204    3.74073  98.0%  18.5 6803s
 306295 267786   52.74740  535   56  190.12204    3.74073  98.0%  18.5 6807s
 306393 269395   52.74740  538   56  190.12204    3.74073  98.0%  18.5 6817s
 308023 271391   52.74740  547   56  190.12204    3.74073  98.0%  18.5 6831s
 310086 272588   52.74740  556   56  190.12204    3.74073  98.0%  18.4 6841s
 311378 273157   52.74740  564   56  190.12204    3.74073  98.0%  18.4 6847s
 312017 274412   52.74740  569   56  190.12204    3.74073  98.0%  18.4 6856s
 313387 275503   52.74740  578   56  190.12204    3.74073  98.0%  18.4 6866s
 314559 275931   52.74740  586   56  190.12204    3.74073  98.0%  18.5 6871s
 315018 277455   52.74740  590   56  190.12204    3.74073  98.0%  18.5 6882s
 316625 278660   52.74740  599   56  190.12204    3.74073  98.0%  18.4 6892s
 317898 280341   52.74740  612   56  190.12204    3.74073  98.0%  18.4 7027s
 319763 280510   52.74740  674   56  190.12204    3.74073  98.0%  18.6 7035s
 319944 281896  159.71247  682   54  190.12204    3.74073  98.0%  18.7 7056s
 321485 282532   52.74740  700   56  190.12204    3.74073  98.0%  18.8 7068s
 322195 283139   52.74740  746   56  190.12204    3.74073  98.0%  19.0 7083s
 322933 283547  101.55307  788   54  190.12204    3.74073  98.0%  19.1 7094s
 323375 284240   52.74740  812   56  190.12204    3.74073  98.0%  19.1 7110s
 324248 285199   52.74740  861   56  190.12204    3.74073  98.0%  19.3 7129s
 325306 286339   52.74740  905   56  190.12204    3.74073  98.0%  19.4 7148s
 326524 287415   52.74740  940   56  190.12204    3.74073  98.0%  19.5 7168s
 327799 287576  153.45020  971   54  190.12204    3.74073  98.0%  19.7 7178s
 328142 288846  153.45020  984   55  190.12204    3.74073  98.0%  19.8 7200s

Cutting planes:
  Gomory: 74
  Implied bound: 120
  Projected implied bound: 247
  MIR: 19
  Flow cover: 63
  Relax-and-lift: 1971

Explored 329883 nodes (6544858 simplex iterations) in 7200.84 seconds (8981.94 work units)
Thread count was 16 (of 16 available processors)

Solution count 10: 190.122 190.124 190.124 ... 190.124

Time limit reached
Best objective 1.901220361124e+02, best bound 3.740733333332e+00, gap 98.0325%

User-callback calls 1231214, time in user-callback 8.29 sec
