
Gurobi 9.1.2 (win64) logging started Sat Sep 20 16:20:13 2025

Changed value of parameter LogFile to log_group_6/bound_Expr55_s10_l1051_s11_e12_o80_d160_t7200_s55_0_0_0_0.log
   Prev:   Default: 
Gurobi Optimizer version 9.1.2 build v9.1.2rc0 (win64)
Thread count: 8 physical cores, 16 logical processors, using up to 16 threads
Optimize a model with 3201810 rows, 3200740 columns and 25582800 nonzeros
Model fingerprint: 0x0d124f61
Variable types: 740 continuous, 3200000 integer (3200000 binary)
Coefficient statistics:
  Matrix range     [1e+00, 9e+02]
  Objective range  [1e+00, 1e+00]
  Bounds range     [1e+00, 1e+03]
  RHS range        [1e+00, 9e+02]
Presolve removed 0 rows and 80 columns (presolve time = 5s) ...
Presolve removed 3155240 rows and 3155160 columns (presolve time = 10s) ...
Presolve removed 3155240 rows and 3154670 columns
Presolve time: 12.30s
Presolved: 46570 rows, 46070 columns, 272460 nonzeros
Variable types: 580 continuous, 45490 integer (45490 binary)
Found heuristic solution: objective 10775.589333
Found heuristic solution: objective 2073.9993667

Deterministic concurrent LP optimizer: primal and dual simplex
Showing first log only...


Root simplex log...

Iteration    Objective       Primal Inf.    Dual Inf.      Time
       0   -5.4965000e+04   1.435203e+04   4.526157e+08     15s
    3169    6.0235000e+04   0.000000e+00   8.960000e+02     15s
    3647    0.0000000e+00   0.000000e+00   0.000000e+00     16s
Concurrent spin time: 0.18s

Solved with primal simplex

Root relaxation: objective 0.000000e+00, 3647 iterations, 0.83 seconds

    Nodes    |    Current Node    |     Objective Bounds      |     Work
 Expl Unexpl |  Obj  Depth IntInf | Incumbent    BestBd   Gap | It/Node Time

     0     0    0.00000    0  255 2073.99937    0.00000   100%     -   19s
H    0     0                    1970.2224333    0.00000   100%     -   23s
H    0     0                    1911.5575667    0.00000   100%     -   27s
H    0     0                    1903.4429333    0.00000   100%     -   27s
     0     0    0.00000    0  362 1903.44293    0.00000   100%     -   27s
H    0     0                    1039.4988333    0.00000   100%     -   32s
     0     0    0.00000    0  311 1039.49883    0.00000   100%     -   32s
H    0     0                     780.3601000    0.00000   100%     -   51s
H    0     0                     688.6067667    0.00000   100%     -   51s
     0     0    0.00000    0  244  688.60677    0.00000   100%     -   54s
H    0     0                     667.2985186    0.00000   100%     -   60s
     0     0    0.00000    0  253  667.29852    0.00000   100%     -   61s
H    0     0                     623.2433000    0.00000   100%     -   81s
     0     0    0.00000    0  249  623.24330    0.00000   100%     -   85s
H    0     0                     608.6201592    0.00000   100%     -   97s
     0     0    0.00000    0  270  608.62016    0.00000   100%     -  100s
     0     0    0.00000    0  248  608.62016    0.00000   100%     -  113s
     0     0    0.00000    0  248  608.62016    0.00000   100%     -  116s
H    0     0                     592.5861667    0.00000   100%     -  124s
H    0     0                     592.5492667    0.00000   100%     -  126s
H    0     0                     591.5879137    0.00000   100%     -  131s
     0     2    0.00000    0  245  591.58791    0.00000   100%     -  137s
    15    24   77.48527    4  297  591.58791    0.00000   100%   877  146s
H   31    40                     591.5577667    0.00000   100%  1249  164s
H   32    40                     584.7889332    0.00000   100%  1217  164s
H   35    40                     584.0404000    0.00000   100%  1124  164s
    39    48    0.00000    5  313  584.04040    0.00000   100%  1013  165s
    72    81  162.43843    7  326  584.04040    0.00000   100%   590  187s
H   73    81                     583.1473652    0.00000   100%   582  187s
H   74    81                     582.6343664    0.00000   100%   576  187s
   163   195    0.00000   15  299  582.63437    0.00000   100%   281  190s
   466   606    0.00000   58  271  582.63437    0.00000   100%   105  195s
  1046  1382    0.00000  154  263  582.63437    0.00000   100%  50.4  200s
  1824  2407    0.00000  246  261  582.63437    0.00000   100%  31.1  205s
  2992  3633    0.00000  376  263  582.63437    0.00000   100%  20.9  212s
  3632  4376    0.00000  455  267  582.63437    0.00000   100%  18.2  216s
  4375  5111    0.00000  547  270  582.63437    0.00000   100%  15.8  220s
  5921  6871    0.00000  711  269  582.63437    0.00000   100%  13.0  228s
  6870  7039    0.00000  818  262  582.63437    0.00000   100%  11.7  237s
H 6890  7039                     582.5921417    0.00000   100%  11.7  237s
  7038  8004    0.00000  839  272  582.59214    0.00000   100%  11.5  241s
  8004  8005  131.66883  206  248  582.59214    0.00000   100%  10.6  454s
  8006  8006    0.00000  403  243  582.59214    0.00000   100%  10.6  479s
  8007  8007   85.70547  732  236  582.59214    0.00000   100%  10.6  527s
  8008  8008    0.00000  865  228  582.59214    0.00000   100%  10.6  552s
  8009  8008  356.91420   34  244  582.59214    0.00000   100%  10.6  579s
  8010  8009   85.70547   33  276  582.59214    0.00000   100%  10.6  591s
  8011  8010  201.54933  383  237  582.59214    0.00000   100%  10.6  622s
  8012  8010   85.70547  722  235  582.59214    0.00000   100%  10.6  631s
  8013  8011  131.66883  377  237  582.59214    0.00000   100%  10.6  663s
  8014  8012    0.00000  626  221  582.59214    0.00000   100%  10.6  671s
  8015  8012    0.00000  934  239  582.59214    0.00000   100%  10.6  698s
  8016  8013   85.70547   79  221  582.59214    3.52083  99.4%  10.6  705s
  8017  8014   62.76540  697  242  582.59214    3.52083  99.4%  10.6  740s
  8019  8015   62.76540  574  242  582.59214    3.52083  99.4%  10.6  775s
  8020  8019    3.52083   16  207  582.59214    3.52083  99.4%  12.0  826s
  8022  8022    3.52083   17  211  582.59214    3.52083  99.4%  12.0  836s
  8026  8027    3.52083   18  209  582.59214    3.52083  99.4%  12.1  844s
  8034  8031    3.52083   19  214  582.59214    3.52083  99.4%  12.3  847s
  8042  8036   20.79597   19  212  582.59214    3.52083  99.4%  12.3  850s
  8050  8042    3.52083   20  219  582.59214    3.52083  99.4%  12.3  900s
  8082  8069    3.52083   22  227  582.59214    3.52083  99.4%  12.5  920s
  8131  8095    3.52083   24  228  582.59214    3.52083  99.4%  12.5  931s
  8165  8127    3.52083   25  226  582.59214    3.52083  99.4%  12.6  935s
  8208  8143    3.52083   26  227  582.59214    3.52083  99.4%  12.6  944s
  8216  8166  182.52253   26  233  582.59214    3.52083  99.4%  12.7  946s
  8265  8198    3.52083   28  234  582.59214    3.52083  99.4%  12.7  951s
  8292  8197    3.52083   29  228  582.59214    3.52083  99.4%  12.8  958s
  8300  8222   13.46413   29  235  582.59214    3.52083  99.4%  12.8  961s
  8374  8290    3.52083   32  225  582.59214    3.52083  99.4%  12.8  967s
  8421  8322    3.52083   34  226  582.59214    3.52083  99.4%  12.8  970s
  8519  8402    3.52083   36  226  582.59214    3.52083  99.4%  13.0  976s
  8584  8442    3.52083   37  228  582.59214    3.52083  99.4%  13.0  981s
  8716  8536    3.52083   40  231  582.59214    3.52083  99.4%  13.2  988s
  8785  8586    3.52083   41  231  582.59214    3.52083  99.4%  13.1  992s
  8858  8631    3.52083   42  231  582.59214    3.52083  99.4%  13.1  996s
  9016  8713    3.52083   45  231  582.59214    3.52083  99.4%  13.1 1003s
  9067  8793    3.52083   46  231  582.59214    3.52083  99.4%  13.1 1008s
  9164  8852    3.52083   48  227  582.59214    3.52083  99.4%  13.1 1011s
  9256  8917    3.52083   49  227  582.59214    3.52083  99.4%  13.0 1015s
  9351  8950  163.81423   50  239  582.59214    3.52083  99.4%  13.0 1022s
  9416  9023    3.52083   52  227  582.59214    3.52083  99.4%  13.0 1027s
  9511  9043    3.52083   54  227  582.59214    3.52083  99.4%  13.1 1033s
  9562  9120    3.52083   57  226  582.59214    3.52083  99.4%  13.2 1038s
  9656  9167    3.52083   58  228  582.59214    3.52083  99.4%  13.2 1043s
  9735  9224    3.52083   59  228  582.59214    3.52083  99.4%  13.2 1048s
  9818  9287    3.52083   61  229  582.59214    3.52083  99.4%  13.3 1055s
  9909  9346    3.52083   63  231  582.59214    3.52083  99.4%  13.3 1061s
  9998  9416    3.52083   64  230  582.59214    3.52083  99.4%  13.4 1067s
 10098  9485    3.52083   66  233  582.59214    3.52083  99.4%  13.4 1073s
 10200  9543    3.52083   67  237  582.59214    3.52083  99.4%  13.4 1083s
 10292  9635    3.52083   69  235  582.59214    3.52083  99.4%  13.4 1090s
 10415  9714    3.52083   72  234  582.59214    3.52083  99.4%  13.4 1097s
 10535  9812    3.52083   75  234  582.59214    3.52083  99.4%  13.4 1104s
 10673  9896    3.52083   78  235  582.59214    3.52083  99.4%  13.4 1113s
 10803 10050    3.52083   81  233  582.59214    3.52083  99.4%  13.6 1121s
 11000 10221    3.52083   84  237  582.59214    3.52083  99.4%  13.6 1133s
 11237 10351    3.52083   87  233  582.59214    3.52083  99.4%  13.7 1140s
 11446 10487    3.52083   90  231  582.59214    3.52083  99.4%  13.6 1148s
 11651 10498    3.52083   93  234  582.59214    3.52083  99.4%  13.5 1163s
 11731 10629    5.69597   94  243  582.59214    3.52083  99.4%  13.6 1172s
 11888 10751    3.52083   96  242  582.59214    3.52083  99.4%  13.5 1184s
 12066 10897    3.52083   98  243  582.59214    3.52083  99.4%  13.5 1194s
 12271 11008    3.52083  102  243  582.59214    3.52083  99.4%  13.4 1206s
 12452 11169    3.52083  107  244  582.59214    3.52083  99.4%  13.8 1219s
 12683 11485    3.52083  111  245  582.59214    3.52083  99.4%  13.9 1229s
 13097 11854    3.52083  117  245  582.59214    3.52083  99.4%  13.7 1237s
 13605 12167    3.52083  123  244  582.59214    3.52083  99.4%  13.5 1246s
 14143 12372    3.52083  127  244  582.59214    3.52083  99.4%  13.2 1258s
 14676 12461    3.52083  132  243  582.59214    3.52083  99.4%  13.0 1274s
 14969 12695    3.52083  134  243  582.59214    3.52083  99.4%  13.1 1287s
 15304 13085   42.60877  140  260  582.59214    3.52083  99.4%  13.2 1412s
 15963 13124    3.52083  146  252  582.59214    3.52083  99.4%  13.5 1426s
 16224 13308    3.52083  147  252  582.59214    3.52083  99.4%  13.7 1443s
 16496 13572    3.52083  157  253  582.59214    3.52083  99.4%  14.0 1462s
 16852 13625    3.52083  158  252  582.59214    3.52083  99.4%  14.1 1478s
H16939 13195                     582.5859564    3.52083  99.4%  14.2 1478s
 17023 13613    3.52083  161  252  582.58596    3.52083  99.4%  14.1 1501s
 17477 13891    3.52083  167  254  582.58596    3.52083  99.4%  14.2 1522s
 17936 13991    3.52083  176  251  582.58596    3.52083  99.4%  14.3 1543s
 18240 14451    3.52083  179  251  582.58596    3.52083  99.4%  14.3 1566s
 18801 14755    3.52083  189  250  582.58596    3.52083  99.4%  14.4 1589s
 19292 15483    3.52083  194  252  582.58596    3.52083  99.4%  14.3 1611s
 20184 15194    3.52083  199  250  582.58596    3.52083  99.4%  14.1 1667s
 20192 15699  134.09407  199  269  582.58596    3.52083  99.4%  14.1 1688s
 20700 16269    3.52083  203  250  582.58596    3.52083  99.4%  14.0 1711s
 21443 16593    3.52083  207  251  582.58596    3.52083  99.4%  13.8 1772s
 22017 17343    3.52083  213  250  582.58596    3.52083  99.4%  13.7 1833s
 22963 18290    3.52083  219  248  582.58596    3.52083  99.4%  13.5 1863s
 24240 19271    3.52083  225  251  582.58596    3.52083  99.4%  13.2 1893s
 25667 19745    3.52083  235  248  582.58596    3.52083  99.4%  13.0 1925s
 26620 20613    3.52083  245  251  582.58596    3.52083  99.4%  12.9 1957s
 27837 21373    3.52083  256  253  582.58596    3.52083  99.4%  12.8 1986s
 29008 22448    3.52083  265  251  582.58596    3.52083  99.4%  12.6 2014s
 30490 23487    3.52083  278  252  582.58596    3.52083  99.4%  12.5 2417s
 32094 23438    3.52083  298  254  582.58596    3.52083  99.4%  12.5 2435s
 32169 24591    3.52083  302  254  582.58596    3.52083  99.4%  12.5 2491s
 33344 26156  134.09407  310  249  582.58596    3.52083  99.4%  12.4 2522s
 34919 27613    3.52083  323  254  582.58596    3.52083  99.4%  12.2 2552s
 36380 29015    3.52083  331  255  582.58596    3.52083  99.4%  12.0 2572s
 37816 29977    3.52083  338  258  582.58596    3.52083  99.4%  11.9 2597s
 38798 30933    3.52083  345  258  582.58596    3.52083  99.4%  11.8 2617s
 39803 31420    3.52083  349  258  582.58596    3.52083  99.4%  11.7 2638s
 40298 32561    3.52083  352  255  582.58596    3.52083  99.4%  11.7 2657s
 41444 33420    3.52083  362  260  582.58596    3.52083  99.4%  11.6 2678s
 42324 34362    3.52083  366  263  582.58596    3.52083  99.4%  11.6 2696s
 43286 35220    3.52083  375  263  582.58596    3.52083  99.4%  11.6 2713s
 44155 36035   91.57237  382  258  582.58596    3.52083  99.4%  11.6 2735s
 44981 37573    3.52083  389  268  582.58596    3.52083  99.4%  11.6 2867s
 46556 37581    3.52083  414  265  582.58596    3.52083  99.4%  11.7 2922s
 46564 38240  116.31637  414  266  582.58596    3.52083  99.4%  11.7 2940s
 47266 39125    3.52083  425  266  582.58596    3.52083  99.4%  11.7 2963s
 48171 40147    3.52083  434  265  582.58596    3.52083  99.4%  11.7 2983s
 49202 40913    3.52083  444  265  582.58596    3.52083  99.4%  11.8 3006s
 49971 41726    3.52083  451  263  582.58596    3.52083  99.4%  11.8 3024s
 50821 42323    3.52083  461  266  582.58596    3.52083  99.4%  11.9 3045s
 51428 43112    3.52083  469  266  582.58596    3.52083  99.4%  11.9 3061s
 52236 43901    3.52083  476  263  582.58596    3.52083  99.4%  12.0 3079s
 53052 44465    3.52083  482  262  582.58596    3.52083  99.4%  12.1 3095s
 53648 44927    3.52083  487  265  582.58596    3.52083  99.4%  12.2 3116s
 54127 45657    3.52083  492  264  582.58596    3.52083  99.4%  12.3 3135s
 54872 46593    3.52083  507  263  582.58596    3.52083  99.4%  12.3 3155s
 55819 47428    3.52083  524  263  582.58596    3.52083  99.4%  12.3 3174s
 56674 48259    3.52083  535  262  582.58596    3.52083  99.4%  12.4 3199s
 57529 49068    3.52083  558  251  582.58596    3.52083  99.4%  12.4 3217s
 58347 49947    3.52083  571  249  582.58596    3.52083  99.4%  12.4 3235s
 59237 51408    3.52083  589  250  582.58596    3.52083  99.4%  12.4 3255s
 60709 53030    3.52083  607  249  582.58596    3.52083  99.4%  12.4 3395s
 62398 54071    3.52083  640  250  582.58596    3.52083  99.4%  12.4 3410s
 63448 54837    3.52083  659  250  582.58596    3.52083  99.4%  12.3 3424s
 64232 55400    3.52083  674  250  582.58596    3.52083  99.4%  12.4 3440s
 64801 55991    3.52083  679  250  582.58596    3.52083  99.4%  12.4 3460s
 65408 57070    3.52083  685  249  582.58596    3.52083  99.4%  12.4 3475s
 66502 58097    3.52083  694  250  582.58596    3.52083  99.4%  12.3 3489s
 67586 59005    3.52083  707  250  582.58596    3.52083  99.4%  12.3 3502s
 68522 59859    3.52083  714  250  582.58596    3.52083  99.4%  12.3 3515s
 69392 60413    3.52083  722  250  582.58596    3.52083  99.4%  12.3 3537s
 69949 61038    3.52083  729  250  582.58596    3.52083  99.4%  12.3 3553s
 70597 61847    3.52083  736  250  582.58596    3.52083  99.4%  12.2 3567s
 71429 62720    3.52083  745  250  582.58596    3.52083  99.4%  12.2 3579s
 72328 63586    3.52083  749  250  582.58596    3.52083  99.4%  12.2 3593s
 73248 64448    3.52083  761  250  582.58596    3.52083  99.4%  12.2 3607s
 74161 65023    3.52083  771  250  582.58596    3.52083  99.4%  12.2 3631s
 74761 65823    3.52083  782  250  582.58596    3.52083  99.4%  12.1 3645s
 75593 67041    3.52083  796  249  582.58596    3.52083  99.4%  12.2 3771s
 76864 68192    3.52083  812  250  582.58596    3.52083  99.4%  12.1 3787s
 78076 69342    3.52083  833  250  582.58596    3.52083  99.4%  12.2 3800s
 79341 70079    3.52083  844  250  582.58596    3.52083  99.4%  12.1 3828s
 80096 71112    3.52083  846  250  582.58596    3.52083  99.4%  12.1 3840s
 81176 72248    7.69723  857  250  582.58596    3.52083  99.4%  12.0 3851s
 82345 73080    3.52083  871  248  582.58596    3.52083  99.4%  12.0 3869s
 83211 74214    3.52083  876  248  582.58596    3.52083  99.4%  11.9 3879s
 84405 75364    3.52083  890  250  582.58596    3.52083  99.4%  11.9 3890s
 85615 76083    3.52083  904  250  582.58596    3.52083  99.4%  11.8 3899s
 86367 76965    3.52083  917  250  582.58596    3.52083  99.4%  11.8 3909s
 87274 77380    3.52083  929  250  582.58596    3.52083  99.4%  11.7 3933s
 87689 78385    3.52083  933  250  582.58596    3.52083  99.4%  11.7 3943s
 88698 78645    3.52083  946  250  582.58596    3.52083  99.4%  11.7 3959s
 88960 79459    3.52083  949  250  582.58596    3.52083  99.4%  11.7 3969s
 89781 80397   47.16097  961  240  582.58596    3.52083  99.4%  11.7 3979s
 90722 81833    3.52083  974  250  582.58596    3.52083  99.4%  11.7 4101s
 92430 82786    3.52083 1006  250  582.58596    3.52083  99.4%  11.7 4114s
 93408 83718    3.52083 1015  250  582.58596    3.52083  99.4%  11.7 4145s
 94471 84035    3.52083 1019  250  582.58596    3.52083  99.4%  11.6 4162s
 94881 84672    3.52083 1021  249  582.58596    3.52083  99.4%  11.6 4172s
 95665 85511    3.52083 1031  250  582.58596    3.52083  99.4%  11.6 4181s
 96547 86740    3.52083 1043  250  582.58596    3.52083  99.4%  11.5 4191s
 97802 88143    3.52083 1054  250  582.58596    3.52083  99.4%  11.5 4201s
 99211 88618    3.52083 1068  249  582.58596    3.52083  99.4%  11.4 4324s
 99688 88626   77.48527 1076  243  582.58596    3.52083  99.4%  11.4 4367s
 99696 89283    3.52083 1077  250  582.58596    3.52083  99.4%  11.4 4382s
 100353 90436    3.52083 1088  248  582.58596    3.52083  99.4%  11.3 4393s
 101523 90704    3.52083 1099  249  582.58596    3.52083  99.4%  11.3 4420s
 101791 91846    3.52083 1104  249  582.58596    3.52083  99.4%  11.3 4430s
 102939 92214    3.52083 1116  250  582.58596    3.52083  99.4%  11.2 4458s
 103314 93328    3.52083 1121  249  582.58596    3.52083  99.4%  11.2 4468s
 104436 93821    3.52083 1131  250  582.58596    3.52083  99.4%  11.2 4498s
 104933 94844   85.55337 1131  251  582.58596    3.52083  99.4%  11.2 4509s
 105962 96828    3.52083 1142  250  582.58596    3.52083  99.4%  11.1 4630s
 107950 97723    3.52083 1175  249  582.58596    3.52083  99.4%  11.1 4638s
 108854 98320    3.52083 1187  250  582.58596    3.52083  99.4%  11.0 4647s
 109480 98992    3.52083 1196  252  582.58596    3.52083  99.4%  11.1 4655s
 110155 99763    3.52083 1206  251  582.58596    3.52083  99.4%  11.1 4663s
 110931 99791    3.52083 1215  252  582.58596    3.52083  99.4%  11.1 4700s
 110962 100268  103.22933 1215  257  582.58596    3.52083  99.4%  11.1 4708s
 111442 101267  103.22933 1225  255  582.58596    3.52083  99.4%  11.1 4718s
 112443 102062    3.52083 1235  252  582.58596    3.52083  99.4%  11.1 4728s
 113239 102599    3.52083 1245  252  582.58596    3.52083  99.4%  11.2 4736s
 113778 102606    3.52083 1256  252  582.58596    3.52083  99.4%  11.2 4812s
 113786 103136  105.18887 1256  256  582.58596    3.52083  99.4%  11.2 4820s
 114317 103361    3.52083 1267  252  582.58596    3.52083  99.4%  11.2 4846s
 114543 103972    3.52083 1273  252  582.58596    3.52083  99.4%  11.3 4856s
 115166 104168    3.52083 1284  252  582.58596    3.52083  99.4%  11.3 4884s
 115367 104861    3.52083 1290  252  582.58596    3.52083  99.4%  11.3 4894s
 115621 104861  470.69677 12352  212  582.58596    3.52083  99.4%  11.4 4895s
 116071 105725    3.52083 1303  254  582.58596    3.52083  99.4%  11.4 4906s
 116943 106441    3.52083 1321  255  582.58596    3.52083  99.4%  11.4 4919s
 117677 107560    3.52083 1344  255  582.58596    3.52083  99.4%  11.4 4930s
 118832 108750    3.52083 1359  279  582.58596    3.52083  99.4%  11.4 4942s
 120057 110046    3.52083 1381  257  582.58596    3.52083  99.4%  11.3 4953s
 121413 111868   49.39133 1394  254  582.58596    3.52083  99.4%  11.3 5073s
 123245 113176    8.29023 1509  248  582.58596    4.21677  99.3%  11.2 5082s
 124565 113313    8.29023 1534  254  582.58596    4.21677  99.3%  11.2 5116s
 124702 114241    8.29023 1537  255  582.58596    4.21677  99.3%  11.2 5125s
 125670 115292    8.29023 1572  256  582.58596    4.21677  99.3%  11.1 5133s
 126742 116051   57.79107 1606  248  582.58596    4.21677  99.3%  11.1 5141s
 127504 117071    8.29023 1634  255  582.58596    4.21677  99.3%  11.1 5149s
 128528 117911    8.29023 1665  256  582.58596    4.21677  99.3%  11.0 5157s
 129375 118891    8.29023 1690  254  582.58596    4.21677  99.3%  11.0 5165s
 130398 119946   68.88823 1719  251  582.58596    4.21677  99.3%  11.0 5173s
 131543 120807    8.29023 1743  255  582.58596    4.21677  99.3%  10.9 5180s
 132437 121439    8.29023 1762  254  582.58596    4.21677  99.3%  10.9 5187s
 133134 122410    8.29023 1783  255  582.58596    4.21677  99.3%  10.9 5195s
 134126 122536    8.29023 1804  255  582.58596    4.21677  99.3%  10.8 5229s
 134253 123551    8.29023 1806  255  582.58596    4.21677  99.3%  10.8 5237s
 135287 124620    8.29023 1827  254  582.58596    4.21677  99.3%  10.8 5244s
 136377 126413    8.29023 1851  255  582.58596    4.21677  99.3%  10.7 5363s
 138220 127869    8.29023 1922  255  582.58596    4.21677  99.3%  10.7 5373s
 139807 128906    8.29023 1948  254  582.58596    4.21677  99.3%  10.6 5381s
 140875 129780   56.18547 1977  252  582.58596    4.21677  99.3%  10.6 5387s
 141772 130741    8.29023 2010  256  582.58596    4.21677  99.3%  10.6 5394s
 142765 131806    8.29023 2039  256  582.58596    4.21677  99.3%  10.5 5401s
 143865 132711   67.76330 2068  252  582.58596    4.21677  99.3%  10.5 5408s
 144815 133476    8.29023 2100  256  582.58596    4.21677  99.3%  10.4 5414s
 145619 134380    8.29023 2125  256  582.58596    4.21677  99.3%  10.4 5421s
 146545 135311    8.29023 2153  255  582.58596    4.21677  99.3%  10.4 5428s
 147504 136228  103.45440 2180  251  582.58596    4.21677  99.3%  10.4 5435s
 148447 136252    8.29023 2206  255  582.58596    4.21677  99.3%  10.3 5474s
 148471 137436  103.45440 2207  251  582.58596    4.21677  99.3%  10.3 5481s
 149679 138519    8.29023 2232  255  582.58596    4.21677  99.3%  10.3 5487s
 150768 139498    8.29023 2255  255  582.58596    4.21677  99.3%  10.2 5493s
 151750 141425    8.29023 2275  255  582.58596    4.21677  99.3%  10.2 5612s
 153700 142599    8.29023 2383  255  582.58596    4.21677  99.3%  10.2 5621s
 154874 143505    8.29023 2416  255  582.58596    4.21677  99.3%  10.1 5628s
 155780 143771  153.03060 2449  249  582.58596    4.21677  99.3%  10.1 5645s
 156046 144760    8.29023 2450  253  582.58596    4.21677  99.3%  10.1 5652s
 157035 145730  153.03060 2482  248  582.58596    4.21677  99.3%  10.0 5659s
 158005 146511  194.77337 2512  249  582.58596    4.21677  99.3%  10.0 5665s
 158789 147460    8.29023 2542  253  582.58596    4.21677  99.3%  10.0 5673s
 159738 148375    8.29023 2573  252  582.58596    4.21677  99.3%  10.0 5680s
 160657 149284   21.41927 2605  249  582.58596    4.21677  99.3%   9.9 5686s
 161566 149559    8.29023 2629  257  582.58596    4.21677  99.3%   9.9 5703s
 161841 150279  107.10913 2629  252  582.58596    4.21677  99.3%   9.9 5709s
 162565 151096  167.36440 2659  251  582.58596    4.21677  99.3%   9.9 5716s
 163389 151182    8.29023 2687  257  582.58596    4.21677  99.3%   9.9 5755s
 163475 151979    8.29023 2691  257  582.58596    4.21677  99.3%   9.9 5762s
 164276 152706    8.29023 2716  256  582.58596    4.21677  99.3%   9.8 5769s
 165012 153530   76.37753 2741  253  582.58596    4.21677  99.3%   9.8 5775s
 165842 154113    8.29023 2773  257  582.58596    4.21677  99.3%   9.8 5781s
 166431 155411    8.33837 2785  260  582.58596    4.21677  99.3%   9.8 5898s
 167747 156282    8.38422 2805  259  582.58596    4.21677  99.3%   9.8 5920s
 168627 157367   14.82857 2808  243  582.58596    4.21677  99.3%   9.8 5931s
 169718 158556   14.82857 2848  245  582.58596    4.21677  99.3%   9.8 5942s
 170918 159669   14.82857 2879  245  582.58596    4.21677  99.3%   9.8 5953s
 172049 160053   23.25573 2918  246  582.58596    4.21677  99.3%   9.8 5999s
 172435 161255   14.82857 2919  251  582.58596    4.21677  99.3%   9.8 6008s
 173657 162118   14.82857 2960  250  582.58596    4.21677  99.3%   9.7 6029s
 174531 163361   23.25573 2966  247  582.58596    4.21677  99.3%   9.7 6039s
 175801 164381   14.91233 2997  253  582.58596    4.21677  99.3%   9.7 6047s
 176831 165322   23.25573 3004  249  582.58596    4.21677  99.3%   9.7 6056s
 177788 166488   23.25573 3037  249  582.58596    4.21677  99.3%   9.7 6064s
 178970 167893   23.25573 3067  249  582.58596    4.21677  99.3%   9.6 6073s
 180401 168432   23.25573 3098  249  582.58596    4.21677  99.3%   9.6 6094s
 180950 169988   44.80847 3098  245  582.58596    4.21677  99.3%   9.6 6212s
 182590 171029   23.25573 3167  249  582.58596    4.21677  99.3%   9.6 6220s
 183645 171968   93.65833 3188  245  582.58596    4.21677  99.3%   9.5 6229s
 184599 172681   23.25573 3205  249  582.58596    4.21677  99.3%   9.5 6236s
 185330 172834   23.25573 3220  249  582.58596    4.21677  99.3%   9.5 6280s
 185486 173993   23.25573 3224  249  582.58596    4.21677  99.3%   9.5 6288s
 186662 174373   23.25573 3253  248  582.58596    4.21677  99.3%   9.5 6309s
 187051 175251  100.07910 3253  247  582.58596    4.21677  99.3%   9.5 6317s
 187971 176204   23.25573 3273  248  582.58596    4.21677  99.3%   9.5 6325s
 188963 177063   23.25573 3295  249  582.58596    4.21677  99.3%   9.5 6333s
 189865 178031   23.25573 3312  249  582.58596    4.21677  99.3%   9.4 6341s
 190881 179017   23.25573 3337  249  582.58596    4.21677  99.3%   9.4 6348s
 191909 179759   23.25573 3361  249  582.58596    4.21677  99.3%   9.4 6360s
 192680 180894  177.10393 3383  247  582.58596    4.21677  99.3%   9.4 6368s
 193838 181958   23.27277 3396  255  582.58596    4.21677  99.3%   9.4 6376s
 194990 182772   23.27961 3404  256  582.58596    4.21677  99.3%   9.3 6383s
 195840 183970   23.28180 3415  250  582.58596    4.21677  99.3%   9.3 6496s
 197102 184431   29.37077 3436  247  582.58596    4.21677  99.3%   9.3 6550s
 197564 185294   42.42033 3442  243  582.58596    4.21677  99.3%   9.3 6574s
 198548 185934   29.37077 3469  247  582.58596    4.21677  99.3%   9.3 6584s
 199307 186834   29.37077 3518  246  582.58596    4.21677  99.3%   9.3 6594s
 200215 188077   29.37077 3561  246  582.58596    4.21677  99.3%   9.4 6605s
 201475 189310   29.37077 3591  246  582.58596    4.21677  99.3%   9.4 6617s
 202712 190501   29.37077 3613  247  582.58596    4.21677  99.3%   9.3 6627s
 203922 191170   29.37077 3640  246  582.58596    4.21677  99.3%   9.3 6651s
 204597 192431   29.37077 3642  247  582.58596    4.21677  99.3%   9.3 6660s
 205875 193670   29.37077 3664  247  582.58596    4.21677  99.3%   9.3 6670s
 207140 194866   29.37077 3687  247  582.58596    4.21677  99.3%   9.3 6680s
 208382 196157   29.37077 3704  247  582.58596    4.21677  99.3%   9.2 6689s
 209688 196537   29.37077 3723  247  582.58596    4.21677  99.3%   9.2 6710s
H209999 196537                     582.5859002    4.21677  99.3%   9.2 6710s
 210076 196844  128.49467 3723  241  582.58590    4.21677  99.3%   9.2 6760s
 210384 198552   29.37077 3724  247  582.58590    4.21677  99.3%   9.2 6877s
 212115 199552   29.37077 3778  247  582.58590    4.21677  99.3%   9.2 6885s
 213134 200496   29.37077 3796  247  582.58590    4.21677  99.3%   9.2 6892s
 214090 201278   29.37077 3814  247  582.58590    4.21677  99.3%   9.2 6899s
 214881 202010   29.37077 3836  247  582.58590    4.21677  99.3%   9.1 6911s
 215619 202682   29.38092 3849  264  582.58590    4.21677  99.3%   9.1 6918s
 216291 203637   29.38963 3860  255  582.58590    4.21677  99.3%   9.1 6926s
 217250 204521   29.39905 3875  250  582.58590    4.21677  99.3%   9.1 6933s
 218143 205255   34.97699 3894  254  582.58590    4.21677  99.3%   9.1 6941s
 218896 205738   35.61953 3913  246  582.58590    4.21677  99.3%   9.1 6947s
 219399 206408   35.61953 3933  252  582.58590    4.21677  99.3%   9.1 6954s
 220090 207187   35.61953 3968  251  582.58590    4.21677  99.3%   9.1 6966s
 220891 208030   35.61953 3988  251  582.58590    4.21677  99.3%   9.1 6974s
 221760 208723   35.61953 4000  252  582.58590    4.21677  99.3%   9.1 6981s
 222476 209435   35.61953 4025  252  582.58590    4.21677  99.3%   9.1 6990s
 223209 209526   35.61953 4062  252  582.58590    4.21677  99.3%   9.1 7042s
 223309 210189   35.61953 4069  252  582.58590    4.21677  99.3%   9.1 7050s
 224009 211346   35.61953 4106  252  582.58590    4.21677  99.3%   9.1 7059s
 225212 213084   35.61953 4123  252  582.58590    4.21677  99.3%   9.1 7176s
 227008 213336   35.61953 4166  252  582.58590    4.21677  99.3%   9.1 7200s

Cutting planes:
  Gomory: 56
  Implied bound: 118
  Projected implied bound: 449
  MIR: 125
  Flow cover: 778
  RLT: 1
  Relax-and-lift: 2471

Explored 227287 nodes (2215175 simplex iterations) in 7203.29 seconds
Thread count was 16 (of 16 available processors)

Solution count 10: 582.586 582.586 582.592 ... 592.549

Time limit reached
Best objective 5.825859002399e+02, best bound 4.216766666665e+00, gap 99.2762%

User-callback calls 1163140, time in user-callback 5.16 sec
