
Gurobi 10.0.1 (win64) logging started Sun Sep 21 17:01:29 2025

Set parameter LogFile to value "log_group_6/bound_Expr345_s8_l1051_s11_e12_o60_d120_t60_s50_0_0_0_0.log"
Gurobi Optimizer version 10.0.1 build v10.0.1rc0 (win64)

CPU model: Intel(R) Core(TM) i7-10700 CPU @ 2.90GHz, instruction set [SSE2|AVX|AVX2]
Thread count: 8 physical cores, 16 logical processors, using up to 16 threads

Optimize a model with 1105432 rows, 1104580 columns and 8836544 nonzeros
Model fingerprint: 0x3a6cb003
Variable types: 580 continuous, 1104000 integer (1104000 binary)
Coefficient statistics:
  Matrix range     [1e+00, 8e+02]
  Objective range  [1e+00, 1e+00]
  Bounds range     [1e+00, 1e+03]
  RHS range        [1e+00, 8e+02]
Presolve removed 1078980 rows and 1078528 columns
Presolve time: 4.69s
Presolved: 26452 rows, 26052 columns, 153168 nonzeros
Variable types: 460 continuous, 25592 integer (25592 binary)
Found heuristic solution: objective 9446.8516667
Found heuristic solution: objective 1725.4742667
Deterministic concurrent LP optimizer: primal and dual simplex
Showing first log only...


Root simplex log...

Iteration    Objective       Primal Inf.    Dual Inf.      Time
       0   -4.1346000e+04   1.119367e+04   3.540474e+08      6s
    3036    4.5054000e+04   0.000000e+00   7.040000e+02      6s
    3386    0.0000000e+00   0.000000e+00   0.000000e+00      6s
Concurrent spin time: 0.08s

Solved with primal simplex

Root relaxation: objective 0.000000e+00, 3386 iterations, 0.49 seconds (0.84 work units)

    Nodes    |    Current Node    |     Objective Bounds      |     Work
 Expl Unexpl |  Obj  Depth IntInf | Incumbent    BestBd   Gap | It/Node Time

     0     0    0.00000    0  191 1725.47427    0.00000   100%     -    8s
H    0     0                    1548.1480212    0.00000   100%     -    8s
H    0     0                    1438.0421000    0.00000   100%     -    9s
     0     0    0.00000    0  215 1438.04210    0.00000   100%     -    9s
H    0     0                     714.4865333    0.00000   100%     -   13s
H    0     0                     569.1596000    0.00000   100%     -   13s
     0     0    0.00000    0  209  569.15960    0.00000   100%     -   13s
H    0     0                     566.4021333    0.00000   100%     -   23s
H    0     0                     550.8709667    0.00000   100%     -   23s
H    0     0                     416.0653667    0.00000   100%     -   23s
H    0     0                     411.4832667    0.00000   100%     -   23s
H    0     0                     408.9658000    0.00000   100%     -   23s
     0     0    0.00000    0  184  408.96580    0.00000   100%     -   25s
H    0     0                     396.9150333    0.00000   100%     -   26s
H    0     0                     384.1584993    0.00000   100%     -   28s
     0     0    0.00000    0  184  384.15850    0.00000   100%     -   28s
     0     0    0.00000    0  186  384.15850    0.00000   100%     -   34s
H    0     0                     382.5747667    0.00000   100%     -   35s
     0     0    0.00000    0  192  382.57477    0.00000   100%     -   35s
H    0     0                     378.9121667    0.00000   100%     -   40s
     0     0    0.00000    0  186  378.91217    0.00000   100%     -   41s
H    0     0                     378.8173667    0.00000   100%     -   42s
H    0     0                     359.1258667    0.00000   100%     -   43s
     0     0    0.00000    0  193  359.12587    0.00000   100%     -   44s
H    0     0                     353.8477667    0.00000   100%     -   49s
     0     0    0.00000    0  194  353.84777    0.00000   100%     -   50s
     0     0    0.00000    0  186  353.84777    0.00000   100%     -   53s
H    0     0                     353.8475406    0.00000   100%     -   59s

Cutting planes:
  Gomory: 9
  Implied bound: 277
  MIR: 140
  RLT: 20
  Relax-and-lift: 134

Explored 1 nodes (53071 simplex iterations) in 60.11 seconds (70.10 work units)
Thread count was 16 (of 16 available processors)

Solution count 10: 353.848 353.848 359.126 ... 411.483

Time limit reached
Best objective 3.538475406301e+02, best bound 0.000000000000e+00, gap 100.0000%

User-callback calls 10102, time in user-callback 0.02 sec
