
Gurobi 10.0.1 (win64) logging started Sat Sep 20 12:12:04 2025

Set parameter LogFile to value "log_group_6/bound_Expr63_s10_l1051_s11_e12_o100_d200_t7200_s63_0_0_0_0.log"
Gurobi Optimizer version 10.0.1 build v10.0.1rc0 (win64)

CPU model: Intel(R) Core(TM) i7-10700 CPU @ 2.90GHz, instruction set [SSE2|AVX|AVX2]
Thread count: 8 physical cores, 16 logical processors, using up to 16 threads

Optimize a model with 3851890 rows, 3850800 columns and 30782880 nonzeros
Model fingerprint: 0x71481f14
Variable types: 800 continuous, 3850000 integer (3850000 binary)
Coefficient statistics:
  Matrix range     [6e-01, 9e+02]
  Objective range  [1e+00, 1e+00]
  Bounds range     [1e+00, 1e+03]
  RHS range        [1e+00, 9e+02]
Presolve removed 0 rows and 100 columns (presolve time = 5s) ...
Presolve removed 3792300 rows and 3792200 columns (presolve time = 10s) ...
Presolve removed 3792790 rows and 3792200 columns (presolve time = 15s) ...
Presolve removed 3792300 rows and 3791710 columns
Presolve time: 15.95s
Presolved: 59590 rows, 59090 columns, 350460 nonzeros
Variable types: 600 continuous, 58490 integer (58490 binary)
Found heuristic solution: objective 15977.956833
Found heuristic solution: objective 3242.2650667
Deterministic concurrent LP optimizer: primal and dual simplex
Showing first log only...


Root simplex log...

Iteration    Objective       Primal Inf.    Dual Inf.      Time
       0   -6.9166000e+04   1.884986e+04   5.932086e+08     20s
    3943   -6.9166000e+04   2.030356e-01   1.692649e+06     20s
    3952    7.4834000e+04   0.000000e+00   1.120000e+03     20s
    4697    0.0000000e+00   0.000000e+00   0.000000e+00     20s
Concurrent spin time: 0.37s

Solved with primal simplex

Root relaxation: objective 0.000000e+00, 4697 iterations, 1.48 seconds (2.86 work units)

    Nodes    |    Current Node    |     Objective Bounds      |     Work
 Expl Unexpl |  Obj  Depth IntInf | Incumbent    BestBd   Gap | It/Node Time

     0     0    0.00000    0  313 3242.26507    0.00000   100%     -   29s
H    0     0                    3087.0455333    0.00000   100%     -   31s
H    0     0                    2952.2055330    0.00000   100%     -   37s
     0     0    0.00000    0  353 2952.20553    0.00000   100%     -   38s
H    0     0                    1327.1826333    0.00000   100%     -   54s
     0     0    0.00000    0  363 1327.18263    0.00000   100%     -   54s
H    0     0                    1138.8959000    0.00000   100%     -   81s
H    0     0                    1080.1939000    0.00000   100%     -   81s
H    0     0                     880.4424333    0.00000   100%     -   82s
     0     0    0.00000    0  386  880.44243    0.00000   100%     -   82s
H    0     0                     876.6061977    0.00000   100%     -   86s
     0     0    0.00000    0  387  876.60620    0.00000   100%     -   88s
H    0     0                     828.2711333    0.00000   100%     -  115s
     0     0    0.00000    0  305  828.27113    0.00000   100%     -  115s
H    0     0                     803.8988000    0.00000   100%     -  139s
H    0     0                     790.0398333    0.00000   100%     -  139s
     0     0    0.00000    0  318  790.03983    0.00000   100%     -  139s
     0     0    0.00000    0  316  790.03983    0.00000   100%     -  162s
H    0     0                     784.0259333    0.00000   100%     -  167s
     0     0    0.00000    0  337  784.02593    0.00000   100%     -  168s
     0     0    0.00000    0  302  784.02593    0.00000   100%     -  192s
     0     0    0.00000    0  302  784.02593    0.00000   100%     -  197s
H    0     0                     778.1083333    0.00000   100%     -  214s
     0     2    0.00000    0  300  778.10833    0.00000   100%     -  229s
     1     4    0.00000    1  305  778.10833    0.00000   100% 13008  230s
     7    16    0.00000    3  284  778.10833    0.00000   100%  2061  236s
    23    32    0.00000    5  291  778.10833    0.00000   100%   742  240s
H   31    40                     775.9151333    0.00000   100%   573  284s
H   32    40                     774.2900360    0.00000   100%   555  284s
H   34    40                     772.0208333    0.00000   100%   524  285s
H   36    40                     771.5647333    0.00000   100%   496  285s
H   37    40                     767.8022977    0.00000   100%   483  285s
    55    64    0.00000    9  276  767.80230    0.00000   100%   336  296s
    63    72    0.00000   10  289  767.80230    0.00000   100%   445  301s
    71    80    0.00000   11  293  767.80230    0.00000   100%   399  305s
    79    91    0.00000   12  412  767.80230    0.00000   100%   433  310s
    98   112    0.00000   14  407  767.80230    0.00000   100%   404  317s
   111   126    0.00000   16  383  767.80230    0.00000   100%   359  320s
   139   157    0.00000   19  371  767.80230    0.00000   100%   290  326s
   156   165    0.00000   21  367  767.80230    0.00000   100%   259  332s
   164   183    0.00000   22  370  767.80230    0.00000   100%   248  336s
   197   216    0.00000   26  350  767.80230    0.00000   100%   210  343s
   215   232    0.00000   28  358  767.80230    0.00000   100%   193  346s
   231   254    0.00000   30  349  767.80230    0.00000   100%   181  350s
   253   262    0.00000   32  349  767.80230    0.00000   100%   166  357s
   261   285    0.00000   33  349  767.80230    0.00000   100%   162  361s
   284   306    0.00000   35  353  767.80230    0.00000   100%   149  366s
   305   335    0.00000   37  353  767.80230    0.00000   100%   140  371s
   334   361    0.00000   39  352  767.80230    0.00000   100%   129  376s
   360   386    0.00000   41  351  767.80230    0.00000   100%   121  380s
   421   472    0.00000   48  356  767.80230    0.00000   100%   105  392s
   471   514    0.00000   54  353  767.80230    0.00000   100%  95.2  399s
   513   569    0.00000   60  356  767.80230    0.00000   100%  88.2  406s
H  568   617                     760.6541000    0.00000   100%  80.3  415s
   616   706    0.00000   68  353  760.65410    0.00000   100%  74.6  422s
   705   785    0.00000   73  357  760.65410    0.00000   100%  65.9  430s
   784   801    0.00000   80  357  760.65410    0.00000   100%  60.2  450s
H  785   801                     760.6538722    0.00000   100%  60.1  450s
   800   809    0.00000   82  362  760.65387    0.00000   100%  59.2  482s
H  802   809                     760.6348865    0.00000   100%  59.0  482s
   808   970    0.00000   83  362  760.63489    0.00000   100%  58.6  495s
   969  1084    0.00000   96  355  760.63489    0.00000   100%  50.2  505s
  1083  1306    0.00000  109  356  760.63489    0.00000   100%  45.5  516s
  1305  1558    0.00000  144  354  760.63489    0.00000   100%  39.0  530s
  1557  1851    0.00000  172  354  760.63489    0.00000   100%  33.9  545s
  1850  2095    0.00000  209  352  760.63489    0.00000   100%  29.5  562s
  2094  2487    0.00000  244  354  760.63489    0.00000   100%  26.9  581s
  2486  2924    0.00000  293  354  760.63489    0.00000   100%  23.5  601s
  2923  3429    0.00000  365  347  760.63489    0.00000   100%  21.4  627s
  3428  4103    0.00000  421  347  760.63489    0.00000   100%  18.9  654s
  4102  4775    0.00000  471  350  760.63489    0.00000   100%  16.7  681s
  4774  5056    0.00000  538  346  760.63489    0.00000   100%  15.0  713s
H 4855  5056                     757.6515994    0.00000   100%  14.8  713s
H 4863  5056                     756.9726667    0.00000   100%  14.9  713s
  5055  5837    0.00000  567  348  756.97267    0.00000   100%  14.6  746s
H 5085  5837                     755.9944000    0.00000   100%  14.5  746s
  5836  6625    0.00000  640  351  755.99440    0.00000   100%  13.4  785s
H 5905  6625                     755.9943975    0.00000   100%  13.3  785s
H 6248  6625                     755.9893769    0.00000   100%  12.8  785s
H 6456  6625                     755.9422000    0.00000   100%  12.6  786s
H 6624  7570                     755.9421988    0.00000   100%  12.5  827s
H 6890  7570                     755.9205000    0.00000   100%  12.2  827s
H 6976  7570                     755.9204971    0.00000   100%  12.1  827s
  7570  7571  114.79320  348  302  755.92050    0.00000   100%  11.7 1030s
  7572  7572  198.24710  738  300  755.92050    0.00000   100%  11.6 1071s
  7573  7573  278.33160  994  306  755.92050    0.00000   100%  11.6 1191s
  7574  7574  240.31220  894  309  755.92050    0.00000   100%  11.6 1229s
  7575  7574  260.48440  144  292  755.92050    0.00000   100%  11.6 1271s
  7576  7575  205.73213  668  323  755.92050    0.00000   100%  11.6 1281s
  7577  7576   92.00457  465  295  755.92050    0.00000   100%  11.6 1314s
  7578  7576  114.79320  801  325  755.92050    0.00000   100%  11.6 1322s
  7579  7577  122.27823  708  304  755.92050    0.00000   100%  11.6 1364s
  7580  7578  132.74750  561  335  755.92050    0.00000   100%  11.6 1373s
  7581  7578  204.88023  231  299  755.92050    0.00000   100%  11.6 1425s
  7582  7579  326.81717   89  330  755.92050    0.00000   100%  11.6 1441s
  7583  7580  246.92390  832  295  755.92050    0.00000   100%  11.6 1486s
  7584  7580  322.51863  452  295  755.92050    0.00000   100%  11.6 1494s
  7585  7581  122.27823   20  295  755.92050    0.00000   100%  11.6 1523s
  7586  7585    0.00000   13  290  755.92050    0.00000   100%  21.2 1538s
  7588  7588    0.00000   14  289  755.92050    0.00000   100%  21.2 1540s
  7600  7600    0.00000   16  287  755.92050    0.00000   100%  21.4 1546s
  7616  7611    0.00000   17  284  755.92050    0.00000   100%  21.5 1678s
  7624  7616    5.23800   17  285  755.92050    0.00000   100%  21.6 1680s
  7642  7631   15.26920   18  278  755.92050    0.00000   100%  21.6 1685s
  7653  7635    0.00000   19  284  755.92050    0.00000   100%  21.6 1730s
  7674  7653    0.00000   20  285  755.92050    0.00000   100%  21.6 1737s
  7697  7667    0.00000   21  286  755.92050    0.00000   100%  21.7 1742s
  7707  7678  106.49760   21  285  755.92050    0.00000   100%  21.7 1745s
  7722  7681    0.00000   22  286  755.92050    0.00000   100%  21.8 1804s
  7730  7694  259.41630   22  291  755.92050    0.00000   100%  21.8 1808s
  7745  7708  118.27277   23  289  755.92050    0.00000   100%  21.9 1812s
  7764  7718    0.00000   24  293  755.92050    0.00000   100%  21.9 1816s
  7781  7733    0.00000   25  294  755.92050    0.00000   100%  21.9 1820s
  7820  7758    0.00000   27  295  755.92050    0.00000   100%  22.0 1828s
  7839  7770    0.00000   28  294  755.92050    0.00000   100%  22.0 1832s
  7858  7785    0.00000   29  297  755.92050    0.00000   100%  22.0 1836s
  7879  7799    0.00000   30  296  755.92050    0.00000   100%  22.0 1840s
  7900  7816  257.88547   31  294  755.92050    0.00000   100%  22.1 1845s
  7924  7828  109.58290   32  295  755.92050    0.00000   100%  22.1 1850s
  7944  7850   14.12720   33  289  755.92050    0.00000   100%  22.1 1855s
  7973  7864  130.18253   34  292  755.92050    0.00000   100%  22.1 1861s
  7996  7878    0.00000   36  295  755.92050    0.00000   100%  22.1 1866s
  8018  7899   95.31243   37  291  755.92050    0.00000   100%  22.1 1872s
  8046  7919   89.05983   38  297  755.92050    0.00000   100%  22.2 1878s
  8076  7937    0.00000   40  298  755.92050    0.00000   100%  22.2 1884s
  8104  7956    0.00000   41  297  755.92050    0.00000   100%  22.2 1890s
  8132  7980    0.00000   42  297  755.92050    0.00000   100%  22.3 1897s
  8165  8006    0.00000   43  297  755.92050    0.00000   100%  22.3 1903s
  8202  8035    0.00000   44  297  755.92050    0.00000   100%  22.3 1910s
  8244  8029  183.39853   45  296  755.92050    0.00000   100%  22.3 1945s
  8252  8066    0.00000   46  297  755.92050    0.00000   100%  22.3 1953s
  8291  8091    0.00000   47  299  755.92050    0.00000   100%  22.4 1961s
  8329  8127    0.00000   49  297  755.92050    0.00000   100%  22.4 1969s
  8378  8227  156.40643   51  297  755.92050    0.00000   100%  22.5 1978s
  8494  8268    0.00000   54  298  755.92050    0.00000   100%  22.4 1986s
  8574  8340    0.00000   57  299  755.92050    0.00000   100%  22.3 1995s
  8673  8425    0.00000   60  300  755.92050    0.00000   100%  22.3 2004s
  8791  8516  116.32600   65  301  755.92050    0.00000   100%  22.2 2013s
  8921  8600    0.00000   70  303  755.92050    0.00000   100%  22.1 2023s
  9049  8674    0.00000   76  305  755.92050    0.00000   100%  22.0 2032s
  9169  8760    0.00000   80  306  755.92050    0.00000   100%  22.0 2042s
  9295  8844  183.44937   84  309  755.92050    0.00000   100%  22.0 2051s
  9422  8933    0.00000   89  307  755.92050    0.00000   100%  21.9 2062s
  9553  9050    0.00000   93  305  755.92050    0.00000   100%  21.8 2072s
  9714  9127    0.00000   96  306  755.92050    0.00000   100%  21.7 2082s
  9845  9273  192.73103   98  306  755.92050    0.00000   100%  21.7 2095s
 10034  9421  190.97320  103  308  755.92050    0.00000   100%  21.6 2107s
 10245  9558    0.00000  108  307  755.92050    0.00000   100%  21.5 2120s
 10453  9688    0.00000  114  313  755.92050    0.00000   100%  21.4 2132s
 10652  9866   94.52723  117  310  755.92050    0.00000   100%  21.3 2145s
 10896  9796    0.00000  125  314  755.92050    0.00000   100%  21.1 2188s
 10908  9988    0.00000  126  314  755.92050    0.00000   100%  21.2 2202s
 11104 10102    0.00000  134  313  755.92050    0.00000   100%  21.1 2216s
 11283 10273  182.96917  143  307  755.92050    0.00000   100%  21.2 2230s
 11514 10449    0.00000  150  313  755.92050    0.00000   100%  21.1 2245s
 11767 10634    0.00000  155  317  755.92050    0.00000   100%  21.0 2261s
 12037 10827    0.00000  161  308  755.92050    0.00000   100%  20.9 2277s
 12320 11077    0.00000  164  317  755.92050    0.00000   100%  20.8 2294s
 12666 11265  185.70147  168  304  755.92050    0.00000   100%  20.5 2312s
 12970 11513    0.00000  178  311  755.92050    0.00000   100%  20.3 2330s
 13319 11869    0.00000  187  313  755.92050    0.00000   100%  20.1 2351s
 13791 12184   89.05383  199  318  755.92050    0.00000   100%  19.8 2371s
 14264 12550    0.00000  207  318  755.92050    0.00000   100%  19.5 2392s
 14787 12830    0.00000  213  316  755.92050    0.00000   100%  19.3 2413s
 15242 13483    0.00000  218  314  755.92050    0.00000   100%  19.1 2655s
 16047 13514  174.24333  225  335  755.92050    0.00000   100%  18.6 2669s
 16348 13535    0.00000  228  315  755.92050    0.00000   100%  18.5 2702s
 16469 13925    0.00000  229  315  755.92050    0.00000   100%  18.4 2721s
 16899 14127    0.00000  233  315  755.92050    0.00000   100%  18.3 2740s
 17245 14503    0.00000  237  315  755.92050    0.00000   100%  18.1 2766s
 17736 14850    0.00000  249  317  755.92050    0.00000   100%  17.9 2787s
 18247 15213    0.00000  256  322  755.92050    0.00000   100%  17.7 2809s
 18780 15550    0.00000  262  322  755.92050    0.00000   100%  17.4 2830s
 19295 15828    0.00000  268  321  755.92050    0.00000   100%  17.3 2852s
 19744 15925    0.00000  274  322  755.92050    0.00000   100%  17.1 2914s
 19991 15916    0.00000  277  322  755.92050    0.00000   100%  17.0 2933s
 20064 16538  183.39387  280  314  755.92050    0.00000   100%  17.0 2959s
 20711 16331    0.00000  297  323  755.92050    0.00000   100%  16.8 3078s
 20719 16336  119.25457  297  307  755.92050    0.00000   100%  16.8 3138s
 20727 17076    0.00000  298  323  755.92050    0.00000   100%  16.8 3166s
 21470 17093    0.00000  311  323  755.92050    0.00000   100%  16.5 3227s
 21734 17963    0.00000  315  322  755.92050    0.00000   100%  16.4 3258s
 22692 18612    0.00000  326  319  755.92050    0.00000   100%  16.1 3286s
 23661 19412    0.00000  344  321  755.92050    0.00000   100%  15.7 3314s
 24784 19992    0.00000  357  324  755.92050    0.00000   100%  15.3 3346s
 25738 20651    0.00000  364  327  755.92050    0.00000   100%  15.0 3377s
 26715 21030    0.00000  374  323  755.92050    0.00000   100%  14.7 3453s
 27420 21976   89.24297  382  314  755.92050    0.00000   100%  14.5 3479s
 28601 22466    0.00000  399  324  755.92050    0.00000   100%  14.3 3509s
 29484 22299    0.00000  408  324  755.92050    0.00000   100%  14.2 3720s
 29612 23246    0.00000  416  323  755.92050    0.00000   100%  14.2 3768s
 30601 24183    0.00000  437  323  755.92050    0.00000   100%  14.0 4860s
 31777 25420    0.00000  454  324  755.92050    0.00000   100%  13.9 4898s
 33014 26490    0.00000  471  319  755.92050    0.00000   100%  13.7 4928s
 34084 27606    0.00000  486  316  755.92050    0.00000   100%  13.5 4956s
 35200 28825    0.00000  502  322  755.92050    0.00000   100%  13.3 4979s
 36419 29799    0.00000  512  325  755.92050    0.00000   100%  13.1 5026s
 37393 31043    0.00000  519  323  755.92050    0.00000   100%  12.9 5048s
 38637 31555    0.00000  529  321  755.92050    0.00000   100%  12.7 5139s
 39149 32519    0.00000  530  320  755.92050    0.00000   100%  12.5 5160s
 40113 33240    0.00000  534  324  755.92050    0.00000   100%  12.4 5180s
 40834 33834  183.62943  539  341  755.92050    0.00000   100%  12.5 5200s
 41428 34983   85.66750  545  319  755.92050    0.00000   100%  12.5 5221s
 42577 34991    0.00000  558  323  755.92050    0.00000   100%  12.3 5419s
 42585 36065   93.38147  558  314  755.92050    0.00000   100%  12.3 5438s
 43659 36276    0.00000  577  323  755.92050    0.00000   100%  12.2 5540s
 43870 37323    0.00000  583  321  755.92050    0.00000   100%  12.2 5559s
 44917 38437   93.38147  604  317  755.92050    0.00000   100%  12.0 5577s
 46031 39958    0.00000  632  323  755.92050    0.00000   100%  11.9 5816s
 47552 41017    0.00000  677  322  755.92050    0.00000   100%  11.8 5834s
 48611 42012    0.00000  685  320  755.92050    0.00000   100%  11.7 5850s
 49606 42933    0.00000  689  320  755.92050    0.00000   100%  11.6 5865s
 50527 43593    0.00000  692  321  755.92050    0.00000   100%  11.5 5880s
 51187 44217    0.00000  697  322  755.92050    0.00000   100%  11.4 5894s
 51811 44703    0.00000  700  320  755.92050    0.00000   100%  11.4 5909s
 52297 45495    0.00000  703  323  755.92050    0.00000   100%  11.4 5926s
 53089 46230    0.00000  706  324  755.92050    0.00000   100%  11.3 5942s
 53824 47267    0.00000  710  320  755.92050    0.00000   100%  11.2 5957s
 54861 47336    0.00000  713  320  755.92050    0.00000   100%  11.1 6053s
 54930 48462    0.00000  714  319  755.92050    0.00000   100%  11.1 6068s
 56056 49620    0.00000  718  319  755.92050    0.00000   100%  11.0 6084s
 57214 50678    0.00000  732  320  755.92050    0.00000   100%  10.9 6098s
 58272 51788    0.00000  747  321  755.92050    0.00000   100%  10.8 6114s
 59382 52792    0.00000  763  322  755.92050    0.00000   100%  10.7 6126s
 60386 53886   79.87590  772  325  755.92050    0.00000   100%  10.6 6138s
 61480 55378    0.00000  779  318  755.92050    0.00000   100%  10.5 6373s
 62972 56733    0.00000  800  322  755.92050    0.00000   100%  10.5 6386s
 64327 57710    0.00000  806  326  755.92050    0.00000   100%  10.3 6397s
 65304 58224    0.00000  808  326  755.92050    0.00000   100%  10.2 6406s
 65818 59273    0.00000  810  325  755.92050    0.00000   100%  10.2 6416s
 66867 60522    0.00000  815  325  755.92050    0.00000   100%  10.1 6426s
 68116 61360    0.00000  816  324  755.92050    0.00000   100%  10.0 6435s
 68954 62123    0.00000  819  325  755.92050    0.00000   100%   9.9 6446s
 69717 62625    0.00000  821  324  755.92050    0.00000   100%   9.9 6456s
 70219 62906    0.00000  823  327  755.92050    0.00000   100%   9.9 6464s
 70500 63682    0.00000  826  325  755.92050    0.00000   100%   9.9 6474s
 71276 64640    0.00000  828  325  755.92050    0.00000   100%   9.8 6484s
 72234 65477    0.00000  830  325  755.92050    0.00000   100%   9.7 6494s
 73071 66114    0.00000  832  324  755.92050    0.00000   100%   9.7 6504s
 73708 66596    0.00000  834  326  755.92050    0.00000   100%   9.7 6513s
 74190 67126    0.00000  838  325  755.92050    0.00000   100%   9.7 6524s
 74720 67265  174.24333  840  336  755.92050    0.00000   100%   9.7 6637s
 74859 67844    0.00000  844  323  755.92050    0.00000   100%   9.7 6648s
 75443 68181    0.00000  847  327  755.92050    0.00000   100%   9.7 6659s
 75783 68662    0.00000  850  327  755.92050    0.00000   100%   9.7 6669s
 76265 70166    0.00000  853  327  755.92050    0.00000   100%   9.7 6907s
 77769 71373    0.00000  860  326  755.92050    0.00000   100%   9.7 6922s
 78976 72142    0.00000  863  325  755.92050    0.00000   100%   9.6 6936s
 79745 73196    0.00000  866  325  755.92050    0.00000   100%   9.6 6950s
 80799 74277    0.00000  869  327  755.92050    0.00000   100%   9.5 6962s
 81882 75033    0.00000  871  325  755.92050    0.00000   100%   9.5 6973s
 82638 75702    0.00000  873  327  755.92050    0.00000   100%   9.4 6984s
 83307 75847    0.00000  876  325  755.92050    0.00000   100%   9.4 7040s
 83452 76577    0.00000  877  327  755.92050    0.00000   100%   9.4 7053s
 84184 77293    0.00000  879  328  755.92050    0.00000   100%   9.4 7065s
 84903 78285    0.00000  882  328  755.92050    0.00000   100%   9.4 7078s
 85923 79312    0.00000  884  328  755.92050    0.00000   100%   9.4 7090s
 86953 80104    0.00000  887  327  755.92050    0.00000   100%   9.3 7105s
 87763 81060    0.00000  889  328  755.92050    0.00000   100%   9.3 7119s
 88757 81068    0.00000  892  327  755.92050    0.00000   100%   9.2 7201s

Cutting planes:
  Gomory: 59
  Implied bound: 149
  Projected implied bound: 1140
  MIR: 78
  Flow cover: 881
  RLT: 3
  Relax-and-lift: 6332

Explored 88765 nodes (1001305 simplex iterations) in 7205.04 seconds (8760.08 work units)
Thread count was 16 (of 16 available processors)

Solution count 10: 755.92 755.92 755.942 ... 760.635

Time limit reached
Best objective 7.559204971437e+02, best bound 2.910383045673e-11, gap 100.0000%

User-callback calls 785718, time in user-callback 4.22 sec
