
Gurobi 10.0.1 (win64) logging started Sun Sep 21 01:05:42 2025

Set parameter LogFile to value "log_group_6/bound_Expr40_s7_l1051_s11_e12_o40_d80_t7200_s40_0_0_0_0.log"
Gurobi Optimizer version 10.0.1 build v10.0.1rc0 (win64)

CPU model: Intel(R) Core(TM) i7-10700 CPU @ 2.90GHz, instruction set [SSE2|AVX|AVX2]
Thread count: 8 physical cores, 16 logical processors, using up to 16 threads

Optimize a model with 771203 rows, 770470 columns and 6162946 nonzeros
Model fingerprint: 0x9a604f45
Variable types: 470 continuous, 770000 integer (770000 binary)
Coefficient statistics:
  Matrix range     [1e+00, 9e+02]
  Objective range  [1e+00, 1e+00]
  Bounds range     [1e+00, 1e+03]
  RHS range        [1e+00, 9e+02]
Presolve removed 752970 rows and 752930 columns
Presolve time: 3.10s
Presolved: 18233 rows, 17540 columns, 120743 nonzeros
Variable types: 390 continuous, 17150 integer (17150 binary)
Found heuristic solution: objective 832.0703000
Deterministic concurrent LP optimizer: primal and dual simplex
Showing first log only...

Concurrent spin time: 0.02s

Solved with primal simplex

Root relaxation: objective 0.000000e+00, 674 iterations, 0.13 seconds (0.20 work units)

    Nodes    |    Current Node    |     Objective Bounds      |     Work
 Expl Unexpl |  Obj  Depth IntInf | Incumbent    BestBd   Gap | It/Node Time

     0     0    0.00000    0   80  832.07030    0.00000   100%     -    4s
H    0     0                     629.3431667    0.00000   100%     -    4s
     0     0    0.00000    0  108  629.34317    0.00000   100%     -    5s
H    0     0                     365.2082000    0.00000   100%     -    6s
H    0     0                     334.9633667    0.00000   100%     -    6s
H    0     0                     262.2798000    0.00000   100%     -    8s
H    0     0                     262.2573995    0.00000   100%     -    8s
H    0     0                     262.2321989    0.00000   100%     -    8s
     0     0    0.00000    0   81  262.23220    0.00000   100%     -    9s
     0     0    0.00000    0   81  262.23220    0.00000   100%     -    9s
H    0     0                     261.2871667    0.00000   100%     -    9s
     0     0    0.00000    0   80  261.28717    0.00000   100%     -   10s
H    0     0                     261.2423999    0.00000   100%     -   11s
     0     0    0.00000    0   80  261.24240    0.00000   100%     -   11s
H    0     0                     259.8226000    0.00000   100%     -   12s
     0     0    0.00000    0   80  259.82260    0.00000   100%     -   12s
     0     0    0.00000    0   81  259.82260    0.00000   100%     -   12s
     0     0    0.00000    0   81  259.82260    0.00000   100%     -   14s
     0     0    0.00000    0   80  259.82260    0.00000   100%     -   14s
     0     2    0.00000    0   80  259.82260    0.00000   100%     -   15s
H   28    14                     259.7008000    0.00000   100%   242   20s
H   33    14                     259.6171000    0.00000   100%   217   20s
   334   166    0.00000   46   82  259.61710    0.00000   100%  52.5   25s
H 1006   498                     259.6170985    0.00000   100%  24.7   29s
  1123   629    0.00000  131   80  259.61710    0.00000   100%  23.2   30s
  1705  1089    0.00000  228   80  259.61710    0.00000   100%  19.1   35s
  2852  1804    0.00000  394   80  259.61710    0.00000   100%  15.6   43s
  3397  2074    0.00000  449   80  259.61710    0.00000   100%  14.8   45s
H 3471  2074                     259.6170976    0.00000   100%  14.9   45s
H 3941  2190                     259.6170950    0.00000   100%  14.1   48s
  4114  2353    0.00000  544   80  259.61710    0.00000   100%  14.1   50s
H 4167  2353                     259.6170942    0.00000   100%  14.1   50s
H 4279  2353                     259.6166804    0.00000   100%  14.0   50s
  5509  3594    0.00000  784   80  259.61668    0.00000   100%  12.4   58s
H 5783  3594                     259.6166767    0.00000   100%  12.1   58s
  6504  4463    0.00000  932   80  259.61668    0.00000   100%  11.6   62s
  7778  4464    0.00000  564   80  259.61668    0.00000   100%  10.5  266s
H 7779  4241                     259.6159277    0.00000   100%  10.5  279s
H 7779  4029                     259.6159277    0.00000   100%  10.5  284s
  7781  4030  224.34110  885   80  259.61593    0.00000   100%  10.5  316s
  7782  4031  204.74553  832   80  259.61593    0.00000   100%  10.5  321s
  7783  4031  153.03990  164   81  259.61593    0.00000   100%  10.5  336s
  7784  4032    0.00000 1027   80  259.61593    0.00000   100%  10.5  348s
  7785  4033    0.00000  491   85  259.61593    0.00000   100%  10.5  364s
  7786  4033  132.04777    8   85  259.61593    0.00000   100%  10.5  369s
  7787  4034  151.48140 1138   82  259.61593    0.00000   100%  10.5  382s
  7788  4035  232.47000  327   82  259.61593    0.00000   100%  10.5  388s
  7789  4035  254.43777  397   82  259.61593    0.00000   100%  10.5  403s
  7790  4036   67.50450  198   80  259.61593    0.00000   100%  10.5  407s
  7791  4037  151.48140  782   80  259.61593    0.00000   100%  10.5  433s
  7792  4040    0.00000   16   80  259.61593    0.00000   100%  12.2  463s
  7794  4042    0.00000   17   80  259.61593    0.00000   100%  12.3  489s
  7798  4045    0.00000   18   80  259.61593    0.00000   100%  12.9  521s
  7820  4050  133.46620   20   78  259.61593    0.00000   100%  14.4  555s
  7828  4049    0.00000   21   80  259.61593    0.00000   100%  14.4  571s
  7836  4057  135.62487   21   78  259.61593    0.00000   100%  15.6  602s
  7864  4056    0.00000   23   80  259.61593    0.00000   100%  16.3  606s
  7901  4058  198.70213   25   78  259.61593    0.00000   100%  16.5  613s
  7914  4061    0.00000   26   80  259.61593    0.00000   100%  16.6  615s
  7988  4058    0.00000   31   80  259.61593    0.00000   100%  16.9  625s
  8050  4053    0.00000   35   80  259.61593    0.00000   100%  17.2  631s
  8072  4050    0.00000   36   80  259.61593    0.00000   100%  17.2  638s
  8088  4057    0.00000   37   80  259.61593    0.00000   100%  17.4  640s
  8158  4046    0.00000   40   80  259.61593    0.00000   100%  17.5  645s
  8214  4043    0.00000   46   80  259.61593    0.00000   100%  17.6  658s
  8229  4063    0.00000   47   80  259.61593    0.00000   100%  17.8  661s
  8281  4052    0.00000   49   80  259.61593    0.00000   100%  18.1  668s
  8294  4071    5.10253   49   78  259.61593    0.00000   100%  18.1  672s
  8345  4064    0.00000   52   80  259.61593    0.00000   100%  18.4  682s
  8364  4093    0.00000   53   80  259.61593    0.00000   100%  18.7  686s
  8445  4087  188.57543   57   79  259.61593    0.00000   100%  18.9  699s
  8466  4124    0.00000   58   80  259.61593    0.00000   100%  19.4  703s
  8547  4125    0.00000   61   80  259.61593    0.00000   100%  19.7  708s
  8625  4107    0.00000   65   80  259.61593    0.00000   100%  20.0  712s
  8646  4114   46.07210   65   78  259.61593    0.00000   100%  20.0  735s
  8669  4162    0.00000   67   80  259.61593    0.00000   100%  21.0  740s
  8754  4206    0.00000   71   80  259.61593    0.00000   100%  21.3  748s
  8857  4177    0.00000   76   80  259.61593    0.00000   100%  21.7  780s
  8865  4179  188.57543   76   78  259.61593    0.00000   100%  21.7  826s
  8874  4263    0.00000   77   80  259.61593    0.00000   100%  23.5  832s
  8994  4272  188.57543   81   80  259.61593    0.00000   100%  23.9  838s
  9090  4250    0.00000   86   80  259.61593    0.00000   100%  24.1  852s
  9112  4336    0.00000   87   80  259.61593    0.00000   100%  24.3  859s
  9236  4397    0.00000   92   80  259.61593    0.00000   100%  24.8  866s
  9379  4409  114.28123  101   78  259.61593    0.00000   100%  25.2  874s
  9448  4455    0.00000  110   80  259.61593    0.00000   100%  25.4  881s
  9588  4434    0.00000  115   80  259.61593    0.00000   100%  25.8  886s
  9649  4446    0.00000  118   80  259.61593    0.00000   100%  26.1  892s
  9764  4427  198.70213  123   81  259.61593    0.00000   100%  26.5  912s
  9790  4489    0.00000  126   80  259.61593    0.00000   100%  26.8  918s
  9895  4548    0.00000  127   80  259.61593    0.00000   100%  27.0  927s
 10057  4588    0.00000  135   80  259.61593    0.00000   100%  27.3  935s
 10217  4579  124.72017  142   80  259.61593    0.00000   100%  27.6  946s
 10323  4571    0.00000  149   80  259.61593    0.00000   100%  27.7  970s
 10362  4640    0.00000  151   80  259.61593    0.00000   100%  27.8  981s
 10539  4666    0.00000  167   80  259.61593    0.00000   100%  27.8  991s
 10735  4741    0.00000  180   80  259.61593    0.00000   100%  27.7 1002s
 10976  4694    0.00000  200   80  259.61593    0.00000   100%  27.8 1035s
 11048  4716  114.28123  204   78  259.61593    0.00000   100%  28.0 1068s
 11099  4834    0.00000  211   80  259.61593    0.00000   100%  28.4 1083s
 11254  4898    0.00000  223   80  259.61593    0.00000   100%  28.4 1094s
 11441  4855    0.00000  234   80  259.61593    0.00000   100%  29.0 1105s
 11471  4889    0.00000  237   80  259.61593    0.00000   100%  29.3 1117s
 11675  4832    0.00000  247   80  259.61593    0.00000   100%  30.4 1126s
 11731  4833    0.00000  248   80  259.61593    0.00000   100%  30.7 1158s
 11759  5012  211.72487  252   78  259.61593    0.00000   100%  30.9 1189s
 12043  5167    0.00000  276   80  259.61593    0.00000   100%  31.4 1211s
 12449  5061   74.23617  325   78  259.61593    0.00000   100%  31.1 1237s
 12487  5210   74.23617  335   78  259.61593    0.00000   100%  31.1 1256s
 12835  5124    0.00000  366   80  259.61593    0.00000   100%  31.3 1267s
 12984  5163    0.00000  367   80  259.61593    0.00000   100%  31.5 1282s
 13263  5074  207.16640  380   79  259.61593    0.00000   100%  32.3 1315s
 13271  5109    0.00000  381   80  259.61593    0.00000   100%  32.3 1352s
 13334  5356    0.00000  382   80  259.61593    0.00000   100%  32.3 1370s
 13791  5251    0.00000  396   80  259.61593    0.00000   100%  32.3 1388s
 13846  5731   47.14307  401   78  259.61593    0.00000   100%  32.5 1417s
 14488  5800    0.00000  451   80  259.61593    0.00000   100%  32.8 1437s
 14962  5946    0.00000  464   80  259.61593    0.00000   100%  32.8 1762s
 15272  6649    0.00000  466   80  259.61593    0.00000   100%  32.7 1828s
 16583  6410    0.00000  560   80  259.61593    0.00000   100%  33.3 1853s
 16963  6570    0.00000  611   80  259.61593    0.00000   100%  33.1 1876s
 17407  6426    0.00000  647   80  259.61593    0.00000   100%  32.7 1906s
 17415  6500   90.37863  647   78  259.61593    0.00000   100%  32.7 1934s
 17507  6644    0.00000  659   80  259.61593    0.00000   100%  32.7 1963s
 17694  6633    0.00000  668   80  259.61593    0.00000   100%  32.7 1997s
 17774  6804    0.00000  673   80  259.61593    0.00000   100%  33.0 2024s
 17999  7282    0.00000  681   80  259.61593    0.00000   100%  33.1 2055s
 18799  7580  211.83970  706   78  259.61593    0.00000   100%  33.9 2082s
 19599  7451    0.00000  740   80  259.61593    0.00000   100%  34.0 2109s
 19774  8196   87.07263  754   78  259.61593    0.00000   100%  33.9 2150s
 20792  8158    0.00000  852   80  259.61593    0.00000   100%  33.3 2180s
 20800  8259   46.30340  852   78  259.61593    0.00000   100%  33.3 2210s
 20910  8582   46.30340  871   78  259.61593    0.00000   100%  33.2 2235s
 21339  8661    0.00000  891   80  259.61593    0.00000   100%  33.0 2269s
 21468  9277  200.04243  899   78  259.61593    0.00000   100%  33.0 2309s
 22340  9855    0.00000  946   80  259.61593    0.00000   100%  33.0 2342s
 23138 10021  152.02543  991   78  259.61593    0.00000   100%  32.5 2377s
 23314 11374  153.32727 1007   78  259.61593    0.00000   100%  32.5 2424s
 24939 12774   87.27243 1137   78  259.61593    0.00000   100%  31.2 2477s
 26767 12780    0.00000 1291   80  259.61593    0.00000   100%  29.8 2517s
 26775 12956   86.59773 1291   78  259.61593    0.00000   100%  29.8 2545s
 26961 14471   91.67753 1308   78  259.61593    0.00000   100%  29.7 2595s
 28791 14704    0.00000 1432   80  259.61593    0.00000   100%  28.2 2620s
 29036 15792   66.30697 1446   78  259.61593    0.00000   100%  28.1 2665s
 30361 17087   48.65390 1516   78  259.61593    0.00000   100%  27.4 3258s
 31734 17462   83.82213 1592   78  259.61593    0.00000   100%  26.5 3295s
 32148 18913   85.13047 1614   78  259.61593    0.00000   100%  26.5 3364s
 34018 20654  132.44693 1713   78  259.61593    0.00000   100%  26.9 3405s
 35893 20662  152.02543 1745   78  259.61593    0.00000   100%  26.4 3435s
 35901 20878    0.00000 1746   80  259.61593    0.00000   100%  26.4 3456s
 36119 22827  153.32727 1758   78  259.61593    0.00000   100%  26.5 3487s
 38106 24490    0.00000 1777   80  259.61593    0.00000   100%  25.6 3515s
 39818 26037  153.30673 1797   78  259.61593    0.00000   100%  25.1 3553s
 41452 26192    0.00000 1884   80  259.61593    0.00000   100%  24.5 3565s
 41612 28323  123.91063 1889   78  259.61593    0.00000   100%  24.5 3597s
 43860 30419    0.00000 1965   80  259.61593    0.00000   100%  23.6 3622s
 45989 35496    0.00000 2025   80  259.61593    0.00000   100%  22.7 3984s
 48079 35496   90.88297 1111   76  259.61593    0.00000   100%  22.2 3985s
 51283 38176    0.00000 2193   80  259.61593    0.00000   100%  21.2 4001s
 53985 38189    0.00000 2219   80  259.61593    0.00000   100%  20.4 4009s
 53999 38250  198.68393 2219   80  259.61593    0.00000   100%  20.4 4014s
 54063 39987    0.00000 2222   80  259.61593    0.00000   100%  20.4 4028s
 55822 41110  198.68393 2231   78  259.61593    0.00000   100%  20.0 4041s
 56972 41881    0.00000 2242   80  259.61593    0.00000   100%  19.8 4052s
 57762 42445    0.00000 2253   80  259.61593    0.00000   100%  19.6 4061s
 58339 42656    0.00000 2258   80  259.61593    0.00000   100%  19.5 4068s
 58573 43381    0.00000 2280   80  259.61593    0.00000   100%  19.5 4080s
 59379 43761    0.00000 2312   80  259.61593    0.00000   100%  19.3 4088s
 59776 44452    0.00000 2318   80  259.61593    0.00000   100%  19.2 4099s
 60504 47015   86.35173 2351   78  259.61593    0.00000   100%  19.1 4434s
 63087 47605  133.41503 2533   78  259.61593    0.00000   100%  18.6 4451s
 63706 47612  135.62487 2586   78  259.61593    0.00000   100%  18.6 4480s
 63714 47765    0.00000 2587   80  259.61593    0.00000   100%  18.6 4501s
 63868 48117    0.00000 2600   80  259.61593    0.00000   100%  18.5 4515s
 64226 48281    0.00000 2624   80  259.61593    0.00000   100%  18.6 4529s
 64460 49244  207.06583 2632   80  259.61593    0.00000   100%  18.5 4552s
 65529 52209    0.00000 2659   80  259.61593    0.00000   100%  18.6 4587s
 68570 54064    0.00000 2781   80  259.61593    0.00000   100%  18.2 4609s
 70521 54776  125.85673 2843   78  259.61593    0.00000   100%  18.0 4622s
 71279 55956    0.00000 2869   80  259.61593    0.00000   100%  18.0 4639s
 72557 57183    0.00000 2893   80  259.61593    0.00000   100%  17.9 4659s
 73814 58419    0.00000 2902   80  259.61593    0.00000   100%  17.8 4679s
 75154 61043    0.00000 2938   80  259.61593    0.00000   100%  17.6 4994s
 78036 61098    0.00000 3001   80  259.61593    0.00000   100%  17.4 5005s
 78138 63705    0.00000 3004   80  259.61593    0.00000   100%  17.5 5026s
 80856 63864    0.00000 3022   80  259.61593    0.00000   100%  17.2 5032s
 81032 67427    0.00000 3025   80  259.61593    0.00000   100%  17.2 5055s
 84627 68017   77.54260 3047   78  259.61593    0.00000   100%  16.7 5062s
 85247 70392    0.00000 3054   80  259.61593    0.00000   100%  16.6 5075s
 87640 72068    0.00000 3063   80  259.61593    0.00000   100%  16.2 5087s
 89323 72964    0.00000 3067   80  259.61593    0.00000   100%  16.0 5096s
 90231 78410    0.00000 3073   80  259.61593    0.00000   100%  15.9 5406s
 95782 79259   37.78283 3171   78  259.61593    0.03220   100%  15.4 5416s
 96668 81572    0.03220 3184   80  259.61593    0.03220   100%  15.4 5434s
 98934 83309    0.03220 3205   80  259.61593    0.03220   100%  15.1 5447s
 100682 83533    7.49403 3215   78  259.61593    0.04783   100%  14.9 5450s
 100907 84967    0.04783 3216   80  259.61593    0.04783   100%  14.8 5459s
 102339 84967  195.61975 6030   64  259.61593    0.04783   100%  14.7 5460s
 102387 86150    0.04783 3219   80  259.61593    0.04783   100%  14.7 5468s
 103591 87148    0.04783 3224   80  259.61593    0.04783   100%  14.5 5476s
 104603 87725  189.16526 3229   79  259.61593    0.04783   100%  14.4 5481s
 105186 91891  189.16526 3232   79  259.61593    0.04783   100%  14.3 5815s
 109640 94362    6.82557 3328   78  259.61593    4.14813  98.4%  14.1 5839s
 112108 96520    6.82557 3366   78  259.61593    4.14813  98.4%  13.9 5858s
 114346 97142    6.82557 3394   78  259.61593    4.14813  98.4%  13.7 5867s
 115001 99028   97.14870 3405   76  259.61593    4.14813  98.4%  13.6 5885s
 116964 100900    6.82557 3425   78  259.61593    4.14813  98.4%  13.5 5899s
 118880 101631    6.82557 3451   78  259.61593    4.14813  98.4%  13.4 5907s
 119661 106292    6.82557 3459   78  259.61593    4.14813  98.4%  13.4 6249s
 122486 106292   98.49260 2479   74  259.61593    4.14813  98.4%  13.2 6250s
 124571 108692    6.82557 3558   78  259.61593    4.14813  98.4%  13.7 6273s
 126926 110021    6.82557 3562   78  259.61593    4.14813  98.4%  13.6 6286s
 128339 111628  218.57623 3565   77  259.61593    4.14813  98.4%  13.5 6302s
 130026 113264    6.82557 3569   78  259.61593    4.14813  98.4%  13.5 6316s
 131730 114166    6.82557 3573   78  259.61593    4.14813  98.4%  13.4 6326s
 132660 115542    6.82557 3575   78  259.61593    4.14813  98.4%  13.4 6339s
 134094 118454    6.82557 3578   78  259.61593    4.14813  98.4%  13.4 6672s
 137263 120869    6.82557 3602   78  259.61593    4.14813  98.4%  13.6 6698s
 139818 120945    6.82557 3609   78  259.61593    4.14813  98.4%  13.6 6713s
 139909 121564    6.82557 3612   78  259.61593    4.14813  98.4%  13.7 6728s
 140687 123462    6.82557 3617   78  259.61593    4.14813  98.4%  13.9 6746s
 142749 125369    6.82557 3622   78  259.61593    4.14813  98.4%  13.9 6764s
 144663 128189    6.82557 3627   78  259.61593    4.14813  98.4%  13.9 6787s
 147501 128240    6.82557 3632   78  259.61593    4.14813  98.4%  13.8 6791s
 147555 130421    6.82557 3634   78  259.61593    4.14813  98.4%  13.8 6809s
 149765 133607    6.82557 3638   78  259.61593    4.14813  98.4%  13.8 7152s
 153163 133707   61.04297 3691   76  259.61593    4.14813  98.4%  14.1 7160s
 153267 134258   61.04297 3699   76  259.61593    4.14813  98.4%  14.1 7179s
 153839 134941   74.46937 3723   76  259.61593    4.14813  98.4%  14.2 7200s

Cutting planes:
  Gomory: 53
  Implied bound: 176
  Projected implied bound: 309
  MIR: 10
  Flow cover: 97
  Relax-and-lift: 2009

Explored 154720 nodes (2240136 simplex iterations) in 7201.24 seconds (7768.95 work units)
Thread count was 16 (of 16 available processors)

Solution count 10: 259.616 259.617 259.617 ... 261.287

Time limit reached
Best objective 2.596159276946e+02, best bound 4.148133333329e+00, gap 98.4022%

User-callback calls 808976, time in user-callback 6.18 sec
