
Gurobi 10.0.3 (win64) logging started Sun Sep 21 05:01:54 2025

Set parameter LogFile to value "log_group_6/bound_Expr274_s5_l1051_s11_e12_o20_d43_t1200_s14_1_1_1_0.log"
Gurobi Optimizer version 10.0.3 build v10.0.3rc0 (win64)

CPU model: 11th Gen Intel(R) Core(TM) i7-11700 @ 2.50GHz, instruction set [SSE2|AVX|AVX2|AVX512]
Thread count: 8 physical cores, 16 logical processors, using up to 16 threads

Optimize a model with 189784 rows, 185310 columns and 2627770 nonzeros
Model fingerprint: 0xaa83fd44
Variable types: 310 continuous, 185000 integer (185000 binary)
Coefficient statistics:
  Matrix range     [1e+00, 8e+02]
  Objective range  [1e+00, 1e+00]
  Bounds range     [1e+00, 1e+03]
  RHS range        [1e+00, 8e+02]
Presolve removed 188576 rows and 184396 columns
Presolve time: 1.32s
Presolved: 1208 rows, 914 columns, 11165 nonzeros
Variable types: 109 continuous, 805 integer (805 binary)
Found heuristic solution: objective 347.5429000

Root relaxation: objective 6.162737e+01, 381 iterations, 0.01 seconds (0.02 work units)

    Nodes    |    Current Node    |     Objective Bounds      |     Work
 Expl Unexpl |  Obj  Depth IntInf | Incumbent    BestBd   Gap | It/Node Time

     0     0   61.62737    0   33  347.54290   61.62737  82.3%     -    1s
     0     0   61.62737    0   74  347.54290   61.62737  82.3%     -    1s
     0     0   62.58332    0   62  347.54290   62.58332  82.0%     -    1s
H    0     0                     329.2639667   62.58332  81.0%     -    1s
     0     0   69.28845    0   49  329.26397   69.28845  79.0%     -    1s
     0     0   69.28845    0   31  329.26397   69.28845  79.0%     -    1s
H    0     0                     307.8730667   69.28845  77.5%     -    1s
H    0     0                     262.0779333   69.28845  73.6%     -    1s
     0     0   69.28845    0   37  262.07793   69.28845  73.6%     -    1s
     0     0   69.28845    0   27  262.07793   69.28845  73.6%     -    1s
     0     0   72.97092    0   36  262.07793   72.97092  72.2%     -    1s
     0     0   72.97092    0   36  262.07793   72.97092  72.2%     -    1s
     0     0   76.78042    0   61  262.07793   76.78042  70.7%     -    1s
     0     0   76.78042    0   61  262.07793   76.78042  70.7%     -    1s
     0     0   76.78238    0   67  262.07793   76.78238  70.7%     -    1s
H    0     0                     250.3762333   76.78238  69.3%     -    1s
     0     0   76.81550    0   46  250.37623   76.81550  69.3%     -    1s
H    0     0                     201.6864667   76.81550  61.9%     -    1s
     0     0   78.00227    0   49  201.68647   78.00227  61.3%     -    1s
H    0     0                     152.6389000   78.00227  48.9%     -    1s
     0     0   79.08584    0   46  152.63890   79.08584  48.2%     -    1s
     0     0   83.92869    0   66  152.63890   83.92869  45.0%     -    2s
     0     0   83.92869    0   28  152.63890   83.92869  45.0%     -    2s
H    0     0                     146.0481000   83.92869  42.5%     -    2s
     0     0   83.92869    0   64  146.04810   83.92869  42.5%     -    2s
     0     0   83.92869    0   62  146.04810   83.92869  42.5%     -    2s
     0     0   85.40037    0   66  146.04810   85.40037  41.5%     -    2s
     0     0   85.41891    0   68  146.04810   85.41891  41.5%     -    2s
     0     0   95.08243    0   73  146.04810   95.08243  34.9%     -    2s
     0     0   97.22366    0   50  146.04810   97.22366  33.4%     -    2s
     0     0   97.95291    0   49  146.04810   97.95291  32.9%     -    2s
     0     0   97.95729    0   47  146.04810   97.95729  32.9%     -    2s
     0     0  111.10777    0   44  146.04810  111.10777  23.9%     -    2s
     0     0  111.10777    0   24  146.04810  111.10777  23.9%     -    2s
     0     0  111.10777    0   45  146.04810  111.10777  23.9%     -    2s
     0     0  111.24928    0   42  146.04810  111.24928  23.8%     -    2s
     0     0  111.24928    0   42  146.04810  111.24928  23.8%     -    2s
     0     0  112.32324    0   50  146.04810  112.32324  23.1%     -    2s
     0     0  112.74820    0   16  146.04810  112.74820  22.8%     -    2s
     0     0  112.74820    0   16  146.04810  112.74820  22.8%     -    2s
     0     0  112.74820    0   22  146.04810  112.74820  22.8%     -    2s
     0     0  116.22770    0   16  146.04810  116.22770  20.4%     -    2s
     0     0  116.22770    0   16  146.04810  116.22770  20.4%     -    2s
     0     0  116.22770    0   20  146.04810  116.22770  20.4%     -    2s
     0     0  116.22770    0   16  146.04810  116.22770  20.4%     -    2s
     0     0  116.22770    0   14  146.04810  116.22770  20.4%     -    2s
     0     0  116.22770    0   14  146.04810  116.22770  20.4%     -    2s
     0     0  116.22770    0   17  146.04810  116.22770  20.4%     -    2s
     0     0  116.22770    0   20  146.04810  116.22770  20.4%     -    2s
H    0     0                     137.7975667  116.22770  15.7%     -    2s
     0     0  116.22770    0   11  137.79757  116.22770  15.7%     -    2s
H    0     0                     136.5379000  116.22770  14.9%     -    2s
     0     0  116.22770    0   18  136.53790  116.22770  14.9%     -    2s
     0     0  116.22770    0   18  136.53790  116.22770  14.9%     -    2s
     0     0  116.22770    0   15  136.53790  116.22770  14.9%     -    2s
     0     0  116.22770    0   19  136.53790  116.22770  14.9%     -    2s
     0     0  116.22770    0   20  136.53790  116.22770  14.9%     -    2s
H    0     0                     124.5745000  116.22770  6.70%     -    2s
     0     0  116.22770    0   21  124.57450  116.22770  6.70%     -    2s
     0     0  116.22770    0   20  124.57450  116.22770  6.70%     -    2s
     0     0  116.22770    0   15  124.57450  116.22770  6.70%     -    2s
H    0     0                     117.3727333  116.22770  0.98%     -    2s
     0     0  116.26280    0    4  117.37273  116.26280  0.95%     -    2s
     0     0  116.26359    0    4  117.37273  116.26359  0.94%     -    2s
*    0     0               0     116.3156000  116.31560  0.00%     -    2s

Explored 1 nodes (7694 simplex iterations) in 2.53 seconds (6.79 work units)
Thread count was 16 (of 16 available processors)

Solution count 10: 116.316 124.574 136.538 ... 307.873

Optimal solution found (tolerance 1.00e-04)
Best objective 1.163156000000e+02, best bound 1.163156000000e+02, gap 0.0000%

User-callback calls 2326, time in user-callback 0.00 sec
