
Gurobi 10.0.1 (win64) logging started Sun Sep 21 16:52:05 2025

Set parameter LogFile to value "log_group_6/bound_Expr341_s8_l1051_s11_e12_o60_d120_t60_s46_0_0_0_0.log"
Gurobi Optimizer version 10.0.1 build v10.0.1rc0 (win64)

CPU model: Intel(R) Core(TM) i7-10700 CPU @ 2.90GHz, instruction set [SSE2|AVX|AVX2]
Thread count: 8 physical cores, 16 logical processors, using up to 16 threads

Optimize a model with 1489432 rows, 1488580 columns and 11902464 nonzeros
Model fingerprint: 0x12b54b3b
Variable types: 580 continuous, 1488000 integer (1488000 binary)
Coefficient statistics:
  Matrix range     [1e+00, 9e+02]
  Objective range  [1e+00, 1e+00]
  Bounds range     [1e+00, 1e+03]
  RHS range        [1e+00, 9e+02]
Presolve removed 1461380 rows and 1461320 columns (presolve time = 5s) ...
Presolve removed 1461380 rows and 1460928 columns
Presolve time: 6.11s
Presolved: 28052 rows, 27652 columns, 162768 nonzeros
Variable types: 460 continuous, 27192 integer (27192 binary)
Found heuristic solution: objective 11636.639300
Found heuristic solution: objective 1819.8756000
Deterministic concurrent LP optimizer: primal and dual simplex
Showing first log only...


Root simplex log...

Iteration    Objective       Primal Inf.    Dual Inf.      Time
       0   -4.1517000e+04   1.091186e+04   3.452553e+08      8s
    2134    4.4883000e+04   0.000000e+00   7.360000e+02      8s
    2752    0.0000000e+00   0.000000e+00   0.000000e+00      8s
Concurrent spin time: 0.09s

Solved with primal simplex

Root relaxation: objective 0.000000e+00, 2752 iterations, 0.43 seconds (0.77 work units)

    Nodes    |    Current Node    |     Objective Bounds      |     Work
 Expl Unexpl |  Obj  Depth IntInf | Incumbent    BestBd   Gap | It/Node Time

     0     0    0.00000    0  185 1819.87560    0.00000   100%     -    9s
H    0     0                    1471.5264667    0.00000   100%     -   11s
     0     0    0.00000    0  225 1471.52647    0.00000   100%     -   12s
H    0     0                     641.2958333    0.00000   100%     -   16s
     0     0    0.00000    0  226  641.29583    0.00000   100%     -   16s
H    0     0                     548.1135333    0.00000   100%     -   27s
H    0     0                     540.3055321    0.00000   100%     -   27s
H    0     0                     522.2772460    0.00000   100%     -   27s
H    0     0                     513.8324667    0.00000   100%     -   27s
H    0     0                     504.1463667    0.00000   100%     -   27s
     0     0    0.00000    0  186  504.14637    0.00000   100%     -   28s
H    0     0                     447.1832000    0.00000   100%     -   30s
     0     0    0.00000    0  186  447.18320    0.00000   100%     -   31s
     0     0    0.00000    0  189  447.18320    0.00000   100%     -   37s
     0     0    0.00000    0  193  447.18320    0.00000   100%     -   37s
H    0     0                     437.8832000    0.00000   100%     -   45s
     0     0    0.00000    0  181  437.88320    0.00000   100%     -   47s
H    0     0                     432.5769000    0.00000   100%     -   49s
     0     0    0.00000    0  183  432.57690    0.00000   100%     -   53s
H    0     0                     426.8703027    0.00000   100%     -   60s
     0     0    0.00000    0  188  426.87030    0.00000   100%     -   60s

Cutting planes:
  Gomory: 16
  Implied bound: 509
  MIR: 176
  RLT: 76
  Relax-and-lift: 151

Explored 1 nodes (47540 simplex iterations) in 60.26 seconds (59.56 work units)
Thread count was 16 (of 16 available processors)

Solution count 10: 426.87 432.577 437.883 ... 641.296

Time limit reached
Best objective 4.268703026890e+02, best bound 0.000000000000e+00, gap 100.0000%

User-callback calls 8294, time in user-callback 0.02 sec
