
Gurobi 10.0.1 (win64) logging started Sun Sep 21 15:38:13 2025

Set parameter LogFile to value "log_group_6/bound_Expr297_s3_l1051_s11_e12_o10_d20_t60_s2_0_0_0_0.log"
Gurobi Optimizer version 10.0.1 build v10.0.1rc0 (win64)

CPU model: Intel(R) Core(TM) i7-10700 CPU @ 2.90GHz, instruction set [SSE2|AVX|AVX2]
Thread count: 8 physical cores, 16 logical processors, using up to 16 threads

Optimize a model with 12487 rows, 12180 columns and 98194 nonzeros
Model fingerprint: 0xdfaa0452
Variable types: 180 continuous, 12000 integer (12000 binary)
Coefficient statistics:
  Matrix range     [1e+00, 8e+02]
  Objective range  [1e+00, 1e+00]
  Bounds range     [1e+00, 1e+03]
  RHS range        [1e+00, 8e+02]
Presolve removed 10077 rows and 10067 columns
Presolve time: 0.13s
Presolved: 2410 rows, 2113 columns, 19690 nonzeros
Variable types: 160 continuous, 1953 integer (1950 binary)
Found heuristic solution: objective 147.1230000

Root relaxation: objective 0.000000e+00, 415 iterations, 0.01 seconds (0.01 work units)

    Nodes    |    Current Node    |     Objective Bounds      |     Work
 Expl Unexpl |  Obj  Depth IntInf | Incumbent    BestBd   Gap | It/Node Time

     0     0    0.00000    0   20  147.12300    0.00000   100%     -    0s
     0     0    0.00000    0   21  147.12300    0.00000   100%     -    0s
     0     0    0.00000    0   20  147.12300    0.00000   100%     -    0s
     0     0    0.00000    0   20  147.12300    0.00000   100%     -    0s
H    0     0                     108.2913000    0.00000   100%     -    0s
H    0     0                     105.2277000    0.00000   100%     -    0s
H    0     0                      81.3721000    0.00000   100%     -    0s
H    0     0                      59.8551000    0.00000   100%     -    0s
     0     0    0.00000    0   24   59.85510    0.00000   100%     -    0s
     0     0    0.00000    0   24   59.85510    0.00000   100%     -    0s
     0     0    0.00000    0   24   59.85510    0.00000   100%     -    0s
     0     0    0.00000    0   23   59.85510    0.00000   100%     -    0s
     0     0    0.00000    0   23   59.85510    0.00000   100%     -    0s
     0     0    0.00000    0   24   59.85510    0.00000   100%     -    0s
     0     0    0.00000    0   24   59.85510    0.00000   100%     -    0s
     0     0    0.00000    0   20   59.85510    0.00000   100%     -    1s
     0     0    0.00000    0   22   59.85510    0.00000   100%     -    1s
     0     0    0.00000    0   21   59.85510    0.00000   100%     -    1s
     0     0    0.00000    0   20   59.85510    0.00000   100%     -    1s
     0     0    0.00000    0   20   59.85510    0.00000   100%     -    1s
H    0     0                      59.7619000    0.00000   100%     -    1s
     0     0    0.00000    0   20   59.76190    0.00000   100%     -    1s
H    0     0                      59.7343667    0.00000   100%     -    1s
     0     0    0.00000    0   20   59.73437    0.00000   100%     -    1s
     0     0    0.00000    0   20   59.73437    0.00000   100%     -    2s
     0     0    0.00000    0   20   59.73437    0.00000   100%     -    2s
H 1083  1022                      59.7208667    0.00000   100%   4.3    3s
 13535  8890    6.03543   23   13   59.72087    6.03543  89.9%   3.3    5s
 86271 31700   24.56713   91   16   59.72087   24.56713  58.9%   3.6   11s
 135915 76323   50.82563  158    5   59.72087   28.08163  53.0%   3.2   15s
 229549 152717 infeasible  345        59.72087   28.17573  52.8%   2.8   20s
 308260 217932   35.49963  304    9   59.72087   28.17573  52.8%   2.6   25s
 383076 279573 infeasible  395        59.72087   28.17573  52.8%   2.6   30s
 452195 335568   35.35033  221    9   59.72087   28.17573  52.8%   2.6   35s
 502559 377722   34.67197  173    9   59.72087   28.17573  52.8%   2.6   40s
 555519 410843   42.16835  249    8   59.72087   28.17573  52.8%   2.6   45s
 616203 459669   34.97917   95    9   59.72087   28.17573  52.8%   2.6   50s
 673392 505206   53.01109  462    4   59.72087   28.17573  52.8%   2.6   55s

Cutting planes:
  Gomory: 4
  Implied bound: 46
  MIR: 18
  Relax-and-lift: 51

Explored 731121 nodes (1870540 simplex iterations) in 60.75 seconds (23.74 work units)
Thread count was 16 (of 16 available processors)

Solution count 8: 59.7209 59.7344 59.7619 ... 147.123

Time limit reached
Best objective 5.972086666667e+01, best bound 2.817573333333e+01, gap 52.8210%

User-callback calls 1463124, time in user-callback 2.37 sec
