
Gurobi 11.0.0 (win64) logging started Sun Sep 21 04:29:57 2025

Set parameter LogFile to value "log_group_6/bound_Expr231_s5_l1051_s11_e12_o20_d40_t1200_s11_0_0_1_0.log"
Gurobi Optimizer version 11.0.0 build v11.0.0rc2 (win64 - Windows 11+.0 (22631.2))

CPU model: 13th Gen Intel(R) Core(TM) i7-13650HX, instruction set [SSE2|AVX|AVX2]
Thread count: 14 physical cores, 20 logical processors, using up to 20 threads

Optimize a model with 170946 rows, 170310 columns and 1774070 nonzeros
Model fingerprint: 0x5da6ecdb
Variable types: 310 continuous, 170000 integer (170000 binary)
Coefficient statistics:
  Matrix range     [1e+00, 8e+02]
  Objective range  [1e+00, 1e+00]
  Bounds range     [1e+00, 1e+03]
  RHS range        [1e+00, 8e+02]
Presolve removed 164790 rows and 164790 columns
Presolve time: 1.78s
Presolved: 6156 rows, 5520 columns, 54455 nonzeros
Variable types: 270 continuous, 5250 integer (5250 binary)
Found heuristic solution: objective 414.5768333
Found heuristic solution: objective 342.6372333
Found heuristic solution: objective 335.5676333
Found heuristic solution: objective 334.4776333

Root simplex log...

Iteration    Objective       Primal Inf.    Dual Inf.      Time
       0    0.0000000e+00   6.400000e+02   0.000000e+00     33s
     273    0.0000000e+00   0.000000e+00   0.000000e+00     33s

Root relaxation: objective 0.000000e+00, 273 iterations, 0.01 seconds (0.00 work units)
Total elapsed time = 33.39s (DegenMoves)

    Nodes    |    Current Node    |     Objective Bounds      |     Work
 Expl Unexpl |  Obj  Depth IntInf | Incumbent    BestBd   Gap | It/Node Time

     0     0    0.00000    0   41  334.47763    0.00000   100%     -   33s
H    0     0                     324.2474333    0.00000   100%     -   33s
H    0     0                     270.3566333    0.00000   100%     -   33s
     0     0    0.00000    0   43  270.35663    0.00000   100%     -   33s
H    0     0                     259.9230333    0.00000   100%     -   33s
H    0     0                     200.5504333    0.00000   100%     -   33s
     0     0    0.00000    0   41  200.55043    0.00000   100%     -   33s
H    0     0                     127.7582333    0.00000   100%     -   34s
     0     0    0.00000    0   40  127.75823    0.00000   100%     -   34s
H    0     0                     125.8662333    0.00000   100%     -   34s
     0     0    0.00000    0   40  125.86623    0.00000   100%     -   34s
H    0     0                     121.4039333    0.00000   100%     -   34s
     0     0    0.00000    0   40  121.40393    0.00000   100%     -   34s
     0     0    0.00000    0   40  121.40393    0.00000   100%     -   34s
     0     0    0.00000    0   40  121.40393    0.00000   100%     -   34s
     0     0    0.00000    0   40  121.40393    0.00000   100%     -   34s
H    0     0                     113.3076333    0.00000   100%     -   34s
     0     2    0.00000    0   40  113.30763    0.00000   100%     -   34s
    29    44    0.00000    5   42  113.30763    0.00000   100%  69.5   35s
  1341  1615    0.00000  105   40  113.30763    0.00000   100%   5.6   40s
  3688  3725   61.21333  285   22  113.30763    0.00000   100%   5.3   45s
H 3919  3739                     113.3076333    0.00000   100%   5.1   46s
H 3938  3753                     113.3076331    0.00000   100%   5.1   48s
H 3939  3753                     113.3076330    0.00000   100%   5.1   48s
  4510  4606   63.09212  342   20  113.30763    0.00000   100%   4.7   50s
H 6977  6272                     113.3025997    0.00000   100%   3.8  147s
H 6985  5964                     113.3025997  108.19173  4.51%   3.8  148s
  6999  5974  113.26060  109  160  113.30260  113.26060  0.04%   3.9  151s
  7212  5928  113.26060   46    8  113.30260  113.26060  0.04%   4.3  155s

Cutting planes:
  Gomory: 1
  Flow cover: 1
  Relax-and-lift: 9

Explored 9764 nodes (49449 simplex iterations) in 160.89 seconds (11.48 work units)
Thread count was 20 (of 20 available processors)

Solution count 10: 113.303 113.303 113.308 ... 200.55

Optimal solution found (tolerance 1.00e-04)
Warning: max constraint violation (1.7503e-05) exceeds tolerance
Best objective 1.133025996738e+02, best bound 1.133025996738e+02, gap 0.0000%

User-callback calls 21044, time in user-callback 0.89 sec
