
Gurobi 10.0.1 (win64) logging started Sun Sep 21 02:46:57 2025

Set parameter LogFile to value "log_group_6/bound_Expr141_s3_l1051_s11_e12_o10_d20_t7200_s1_1_0_0_0.log"
Gurobi Optimizer version 10.0.1 build v10.0.1rc0 (win64)

CPU model: Intel(R) Core(TM) i7-10700 CPU @ 2.90GHz, instruction set [SSE2|AVX|AVX2]
Thread count: 8 physical cores, 16 logical processors, using up to 16 threads

Optimize a model with 32134 rows, 31680 columns and 315094 nonzeros
Model fingerprint: 0xa22ec6ce
Variable types: 180 continuous, 31500 integer (31500 binary)
Coefficient statistics:
  Matrix range     [1e+00, 8e+02]
  Objective range  [1e+00, 1e+00]
  Bounds range     [1e+00, 1e+03]
  RHS range        [1e+00, 8e+02]
Presolve removed 30027 rows and 30017 columns
Presolve time: 0.20s
Presolved: 2107 rows, 1663 columns, 19212 nonzeros
Variable types: 160 continuous, 1503 integer (1501 binary)
Found heuristic solution: objective 385.9115333

Root relaxation: objective 0.000000e+00, 1779 iterations, 0.06 seconds (0.11 work units)

    Nodes    |    Current Node    |     Objective Bounds      |     Work
 Expl Unexpl |  Obj  Depth IntInf | Incumbent    BestBd   Gap | It/Node Time

     0     0    0.00000    0   20  385.91153    0.00000   100%     -    0s
H    0     0                     303.2633000    0.00000   100%     -    0s
H    0     0                     248.9331000    0.00000   100%     -    0s
H    0     0                     225.4052333    0.00000   100%     -    0s
     0     0    0.00000    0   89  225.40523    0.00000   100%     -    0s
H    0     0                     197.4121000    0.00000   100%     -    0s
H    0     0                     191.8102000    0.00000   100%     -    0s
     0     0    0.00000    0   20  191.81020    0.00000   100%     -    0s
H    0     0                     180.3936408    0.00000   100%     -    0s
     0     0    3.14310    0   20  180.39364    3.14310  98.3%     -    0s
H    0     0                     140.3002000    3.14310  97.8%     -    0s
H    0     0                     111.6702000    3.14310  97.2%     -    0s
     0     0    3.14310    0   27  111.67020    3.14310  97.2%     -    0s
H    0     0                      66.5099000    3.14310  95.3%     -    0s
H    0     0                      62.3038000    3.14310  95.0%     -    0s
     0     0    3.14310    0   27   62.30380    3.14310  95.0%     -    0s
H    0     2                      62.3002000    3.14310  95.0%     -    1s
     0     2    3.14310    0   20   62.30020    3.14310  95.0%     -    1s
H   29    17                      60.0294667    3.14310  94.8%   150    1s
H   64    37                      58.7043667    3.14310  94.6%   136    1s

Cutting planes:
  Cover: 4
  Implied bound: 53
  MIR: 6
  Inf proof: 1
  RLT: 18
  Relax-and-lift: 292

Explored 4807 nodes (149525 simplex iterations) in 3.73 seconds (8.20 work units)
Thread count was 16 (of 16 available processors)

Solution count 10: 58.7044 60.0295 62.3002 ... 197.412

Optimal solution found (tolerance 1.00e-04)
Best objective 5.870436666666e+01, best bound 5.870436666666e+01, gap 0.0000%

User-callback calls 10540, time in user-callback 0.01 sec
