
Gurobi 11.0.0 (win64) logging started Sun Sep 21 03:00:33 2025

Set parameter LogFile to value "log_group_6/bound_Expr227_s5_l1051_s11_e12_o20_d41_t1200_s12_0_1_0_0.log"
Gurobi Optimizer version 11.0.0 build v11.0.0rc2 (win64 - Windows 11+.0 (22631.2))

CPU model: 13th Gen Intel(R) Core(TM) i7-13650HX, instruction set [SSE2|AVX|AVX2]
Thread count: 14 physical cores, 20 logical processors, using up to 20 threads

Optimize a model with 112925 rows, 110310 columns and 1094870 nonzeros
Model fingerprint: 0x9ebf16b4
Variable types: 310 continuous, 110000 integer (110000 binary)
Coefficient statistics:
  Matrix range     [1e+00, 9e+02]
  Objective range  [1e+00, 1e+00]
  Bounds range     [1e+00, 1e+03]
  RHS range        [1e+00, 9e+02]
Presolve removed 105865 rows and 103790 columns
Presolve time: 0.53s
Presolved: 7060 rows, 6520 columns, 52135 nonzeros
Variable types: 270 continuous, 6250 integer (6250 binary)
Found heuristic solution: objective 462.0427000

Root relaxation: objective 0.000000e+00, 1719 iterations, 0.12 seconds (0.11 work units)

    Nodes    |    Current Node    |     Objective Bounds      |     Work
 Expl Unexpl |  Obj  Depth IntInf | Incumbent    BestBd   Gap | It/Node Time

     0     0    0.00000    0   41  462.04270    0.00000   100%     -    1s
H    0     0                     427.6340000    0.00000   100%     -    2s
     0     0    0.00000    0   44  427.63400    0.00000   100%     -    2s
H    0     0                     130.5231333    0.00000   100%     -    3s
H    0     0                     126.6193999    0.00000   100%     -    4s
     0     0    0.00000    0   40  126.61940    0.00000   100%     -    4s
     0     0    0.00000    0   40  126.61940    0.00000   100%     -    4s
     0     0    0.00000    0   40  126.61940    0.00000   100%     -    4s
     0     0    0.00000    0   40  126.61940    0.00000   100%     -    4s
     0     0    0.00000    0   40  126.61940    0.00000   100%     -    4s
     0     0    0.00000    0   40  126.61940    0.00000   100%     -    4s
     0     0    0.00000    0   40  126.61940    0.00000   100%     -    4s
     0     0    0.00000    0   40  126.61940    0.00000   100%     -    4s
     0     0    0.00000    0   40  126.61940    0.00000   100%     -    4s
     0     0    0.00000    0   40  126.61940    0.00000   100%     -    4s
     0     0    0.00000    0   40  126.61940    0.00000   100%     -    4s
H    0     0                     120.9045999    0.00000   100%     -    4s
     0     0    0.00000    0   40  120.90460    0.00000   100%     -    4s
     0     0    0.00000    0   40  120.90460    0.00000   100%     -    4s
     0     0    0.00000    0   40  120.90460    0.00000   100%     -    4s
     0     0    0.00000    0   40  120.90460    0.00000   100%     -    5s
     0     0    0.00000    0   40  120.90460    0.00000   100%     -    5s
     0     0    0.00000    0   40  120.90460    0.00000   100%     -    5s
     0     0    0.00000    0   40  120.90460    0.00000   100%     -    5s
     0     0    0.00000    0   40  120.90460    0.00000   100%     -    5s
     0     0    0.00000    0   40  120.90460    0.00000   100%     -    5s
     0     0    0.00000    0   40  120.90460    0.00000   100%     -    5s
     0     0    0.00000    0   40  120.90460    0.00000   100%     -    5s
     0     0    0.00000    0   41  120.90460    0.00000   100%     -    5s
     0     0    0.00000    0   40  120.90460    0.00000   100%     -    5s
     0     0    0.00000    0   40  120.90460    0.00000   100%     -    5s
     0     0    0.00000    0   40  120.90460    0.00000   100%     -    5s
     0     0    0.00000    0   40  120.90460    0.00000   100%     -    5s
     0     0    0.00000    0   40  120.90460    0.00000   100%     -    5s
     0     0    0.00000    0   40  120.90460    0.00000   100%     -    5s
     0     0    0.00000    0   40  120.90460    0.00000   100%     -    5s
     0     0    0.00000    0   40  120.90460    0.00000   100%     -    5s
     0     0    0.00000    0   40  120.90460    0.00000   100%     -    5s
     0     0    0.00000    0   40  120.90460    0.00000   100%     -    5s
     0     0    0.00000    0   52  120.90460    0.00000   100%     -    5s
     0     0    0.00000    0   41  120.90460    0.00000   100%     -    9s
H    0     0                     120.9045998    0.00000   100%     -    9s
     0     0    0.00000    0   59  120.90460    0.00000   100%     -    9s
H    0     0                     120.8679000    0.00000   100%     -   10s
     0     0    0.00000    0   41  120.86790    0.00000   100%     -   10s
     0     0    0.00000    0   40  120.86790    0.00000   100%     -   11s
     0     0    0.00000    0   41  120.86790    0.00000   100%     -   11s
     0     0    0.00000    0   40  120.86790    0.00000   100%     -   11s
     0     0    0.00000    0   40  120.86790    0.00000   100%     -   11s
     0     0    0.00000    0   40  120.86790    0.00000   100%     -   12s
     0     0    0.00000    0   40  120.86790    0.00000   100%     -   12s
     0     2    0.00000    0   40  120.86790    0.00000   100%     -   13s
H   68    19                     120.8636998    0.00000   100%  99.3   14s
    80    22    0.00000   11   40  120.86370    0.00000   100%  96.0   17s
  1924  1495   25.65347  141   34  120.86370    0.00000   100%  16.9   20s
  3039  2183   34.27480  136 1220  120.86370    0.00000   100%  15.3   28s
  3041  2184   92.28943   84   52  120.86370    0.00000   100%  15.3   30s
  3049  2190  112.48487  174   76  120.86370   49.22787  59.3%  15.2   35s
  3060  2198   73.56580   52   67  120.86370   61.60350  49.0%  16.7   40s
  3071  2205  107.00863  193   49  120.86370   74.16980  38.6%  16.7   45s
  3077  2209  105.65847  233   54  120.86370   76.38263  36.8%  16.6   50s
  3087  2216   82.25347  182   56  120.86370   82.25347  31.9%  16.6   55s
H 3091  2107                     120.8636956   82.77788  31.5%  16.6   57s
  3098  2111  103.25123   81   65  120.86370   84.05874  30.5%  16.5   60s
  3112  2121   84.64360   68   66  120.86370   84.64360  30.0%  16.5   65s
  3123  2129  113.66366  214  869  120.86370   84.69526  29.9%  18.6   70s
  3137  2138   98.07610  133   72  120.86370   84.84371  29.8%  18.5   75s
  3154  2151   87.40082  118   60  120.86370   87.40082  27.7%  19.4   80s
  4020  2510   93.18117   90   32  120.86370   88.51810  26.8%  20.3   85s
  7397  3923   93.32316  192   33  120.86370   88.51810  26.8%  15.1   90s
 15302  9807     cutoff  442       120.86370   88.51810  26.8%  10.0   95s
H17028 10303                     120.8554333   88.51810  26.8%   9.4   96s
 20731 13642   96.04219  206   34  120.85543   88.51810  26.8%   8.3  100s
 28481 20961 infeasible  301       120.85543   90.90599  24.8%   6.8  105s
 35604 27288  101.76944   82   32  120.85543   93.17147  22.9%   6.1  110s
 39837 29232  118.32913  287  826  120.85543   93.17147  22.9%   5.9  135s
 39845 29237  109.47779  178   69  120.85543   93.17147  22.9%   5.9  140s
 39854 29243  120.81906  185   58  120.85543   93.17147  22.9%   5.9  146s
 39857 29245  118.95170  153   80  120.85543   93.17147  22.9%   5.9  150s
H39857 27782                     120.8553333   93.17147  22.9%   5.9  151s
 39862 27786  120.08293  158   77  120.85533   93.17147  22.9%   5.9  155s
 39869 27790  117.01676  138   83  120.85533   93.17147  22.9%   5.9  161s
 39874 27794  117.02646  331   69  120.85533   94.81309  21.5%   5.9  167s
 39880 27798  115.49662  236   73  120.85533   95.57063  20.9%   5.9  172s
 39885 27801  116.87734  266   76  120.85533   97.07937  19.7%   5.9  178s
 39888 27803  109.70185  304   74  120.85533   97.39814  19.4%   5.9  182s
 39892 27806  119.86180  193   83  120.85533   97.93162  19.0%   5.9  187s
 39894 27807  118.05843  172   78  120.85533   98.29634  18.7%   5.9  191s
 39898 27810  103.21488  115   60  120.85533   99.59278  17.6%   5.9  195s
 39902 27812   99.91517   71   60  120.85533   99.91517  17.3%   5.9  200s
 39908 27816  104.23361   98   74  120.85533  101.30928  16.2%   5.9  205s
 39911 27818  114.19556  121   80  120.85533  101.37017  16.1%   5.9  211s
 39914 27820  109.48562  254   60  120.85533  101.40190  16.1%   5.9  217s
 39917 27822  118.88253  278   61  120.85533  101.41445  16.1%   5.9  220s
 39920 27824  103.63012  106   74  120.85533  101.42643  16.1%   5.9  225s
 39923 27826  109.81532  185   75  120.85533  101.43411  16.1%   5.9  232s
 39925 27828  115.28180  318   71  120.85533  101.43477  16.1%   5.9  235s
 39931 27832  115.81223  301   71  120.85533  101.43491  16.1%   5.9  241s
 39933 27833  102.30994  118   68  120.85533  101.43491  16.1%   5.9  247s
 39935 27834  103.14674  260   66  120.85533  101.43831  16.1%   5.9  251s
 39937 27836  118.32913  287  110  120.85533  101.54368  16.0%   5.9  255s
 39940 27838  119.22750  212  107  120.85533  101.66514  15.9%   5.9  261s
 39943 27840  118.93863  130  101  120.85533  101.88431  15.7%   5.9  265s
 39948 27843  114.13430  144  115  120.85533  102.14764  15.5%   5.8  270s
 39952 27846  102.55291  289  114  120.85533  102.55291  15.1%   5.8  276s
 39956 27848  105.64926  122  110  120.85533  102.67857  15.0%   5.8  281s
 39958 27850  102.82790  195  108  120.85533  102.82790  14.9%   5.8  285s
 39963 27853  102.90532  293  111  120.85533  102.90532  14.9%   5.8  291s
 39965 27854  102.96493   95  112  120.85533  102.96493  14.8%   5.8  296s
 39968 27856  112.37812  132  109  120.85533  103.06563  14.7%   5.8  300s
 39971 27858  120.67709  294  111  120.85533  103.07890  14.7%   5.8  309s
 39973 27860  105.61323  227  107  120.85533  103.08462  14.7%   5.8  315s
 39976 27862  107.32679  171  109  120.85533  103.30302  14.5%   5.8  320s
 39980 27864  115.49662  236  108  120.85533  103.31350  14.5%   5.8  325s
 39985 27868  116.87734  266   91  120.85533  103.31350  14.5%   5.8  330s
 40003 27893  103.47553   64   92  120.85533  103.47553  14.4%   6.1  336s
 40104 27910  104.53875   68   84  120.85533  104.53875  13.5%   6.1  340s
 40290 27941  105.87946   73   72  120.85533  104.94339  13.2%   6.1  346s
 40439 27988  108.78089   77   66  120.85533  104.94339  13.2%   6.1  352s
 40551 27994  112.11479   81   64  120.85533  104.94339  13.2%   6.2  356s
 41465 28115  117.28721  108   28  120.85533  104.94339  13.2%   6.3  360s
 43739 28618  117.27315  127   28  120.85533  106.16482  12.2%   6.2  365s
 46086 29476  120.09304  183   34  120.85533  106.16507  12.2%   6.2  370s
 50270 31253  120.77280  481    4  120.85533  106.16507  12.2%   6.0  375s
 53238 32467  120.58124  225   24  120.85533  108.79787  10.0%   5.8  380s
 57030 34832  120.75792  205   30  120.85533  109.24947  9.60%   5.7  385s
 59771 36586  120.52927  124   22  120.85533  110.53960  8.54%   5.6  393s
 62595 36809     cutoff  129       120.85533  110.88344  8.25%   5.5  397s
 64173 37838  120.36510  106   34  120.85533  111.04677  8.12%   5.5  400s
 70074 39560  120.36515  160   31  120.85533  111.54109  7.71%   5.4  405s
 74532 42087  120.49234  124   31  120.85533  111.88365  7.42%   5.3  410s
 79334 44082     cutoff  162       120.85533  112.23856  7.13%   5.2  418s
 83130 45021     cutoff  290       120.85533  112.32409  7.06%   5.1  421s
 86365 47858  120.79675   97   20  120.85533  112.33282  7.05%   5.0  425s
 93679 49691  120.58314  188   20  120.85533  112.45851  6.95%   4.9  430s
 99459 52455  120.54871  331   32  120.85533  112.64326  6.79%   4.8  437s
 103408 54557  120.79675  153   28  120.85533  112.71498  6.74%   4.7  440s
 108787 56635  120.52969  256   30  120.85533  113.20391  6.33%   4.7  445s
 113409 58802  120.79675   75   21  120.85533  114.08546  5.60%   4.6  451s
 118749 61406  119.40988   75   22  120.85533  114.99588  4.85%   4.7  460s
 123137 62505  116.51951   84   40  120.85533  115.49380  4.44%   4.6  465s
 126322 64259 infeasible  164       120.85533  115.59365  4.35%   4.6  470s
 129779 66433  120.34820  213   28  120.85533  115.95856  4.05%   4.6  478s
 131592 67754     cutoff   90       120.85533  116.03139  3.99%   4.6  480s
 133370 68014  116.98046  108   38  120.85533  116.10461  3.93%   4.6  487s
 133669 69514  120.84858  125   27  120.85533  116.16239  3.88%   4.6  490s
 136974 71980  120.55766  274   28  120.85533  116.31365  3.76%   4.6  499s
 138331 73513  117.26720  106   33  120.85533  116.31365  3.76%   4.6  520s
 141677 75591  116.75609   98   36  120.85533  116.31797  3.75%   4.6  525s
 143725 76578  120.30710  104   31  120.85533  116.34783  3.73%   4.6  532s
 144199 78286  120.36140  142   33  120.85533  116.34783  3.73%   4.6  535s
 148162 81307  120.71684  157   16  120.85533  116.45175  3.64%   4.6  540s
 153007 85734  117.04794  148   28  120.85533  116.53785  3.57%   4.5  546s
 156681 88569  120.72054  175   24  120.85533  116.60428  3.52%   4.5  553s
 158350 89602  120.77376  143   24  120.85533  116.62463  3.50%   4.5  569s
 159669 90048  120.59978  125   29  120.85533  116.62463  3.50%   4.5  573s
 160268 92025  120.59979  164   30  120.85533  116.62544  3.50%   4.5  577s
 162785 93898  117.02006  100   29  120.85533  116.72299  3.42%   4.5  580s
 166789 97145  120.53016  230   36  120.85533  116.72394  3.42%   4.4  585s
 170796 99557  119.13502   94   32  120.85533  116.73016  3.41%   4.4  591s
 173872 101957     cutoff  162       120.85533  116.73016  3.41%   4.4  595s
 177973 104915     cutoff  278       120.85533  116.73042  3.41%   4.4  603s
 179516 106239  120.34653  191   37  120.85533  116.73071  3.41%   4.4  606s
 183007 109009  120.67332  388   22  120.85533  116.73868  3.41%   4.3  612s
 184607 109445  120.53008  101   22  120.85533  116.73868  3.41%   4.3  615s
 187036 112743  120.09323  107   30  120.85533  116.74204  3.40%   4.3  623s
 189001 114437  120.37463  242   32  120.85533  116.74204  3.40%   4.3  629s
 190940 115362  120.37792  413   28  120.85533  116.74528  3.40%   4.3  632s
 192286 116942  120.59608  123   33  120.85533  116.74554  3.40%   4.3  635s
 196308 120257  120.53794  139   24  120.85533  116.74656  3.40%   4.3  641s
 198019 121992  120.53876  248   27  120.85533  116.75161  3.40%   4.3  650s
 201562 124475  120.37538  150   28  120.85533  116.76114  3.39%   4.2  658s
 203260 125309  120.38285  235   23  120.85533  116.76243  3.39%   4.2  661s
 204953 126909  117.16624   91   28  120.85533  116.76299  3.39%   4.2  665s
 210056 130952  117.22122  110   31  120.85533  116.76640  3.38%   4.2  670s
 214625 134632  117.39224  133   21  120.85533  116.76862  3.38%   4.2  675s
 217460 136525  120.52927  132   28  120.85533  116.78102  3.37%   4.2  688s
 218516 138759  120.53009  224   26  120.85533  116.78102  3.37%   4.2  692s
 221037 140299  120.77700  450    2  120.85533  116.78139  3.37%   4.2  701s
 224596 142465  120.36510  169   32  120.85533  116.78418  3.37%   4.1  707s
 226858 144733  117.15911   98   33  120.85533  116.78538  3.37%   4.1  712s
 228794 146218  117.03252  100   34  120.85533  116.78690  3.37%   4.1  716s
 231005 148187  120.36620  233   35  120.85533  116.79490  3.36%   4.1  721s
 235119 150343  120.53814  262   30  120.85533  116.79616  3.36%   4.1  725s
 237001 153532  120.58121  129   31  120.85533  116.82306  3.34%   4.1  737s
 239733 154700  120.62536  212   19  120.85533  116.84347  3.32%   4.1  740s
 242222 157329  120.81758  221   24  120.85533  116.84347  3.32%   4.0  745s
 245571 159194  120.75443  224   27  120.85533  116.87841  3.29%   4.0  750s
 245964 160085  120.75443  230   27  120.85533  116.88243  3.29%   4.0  755s
 248650 162325  118.37988  160   24  120.85533  116.94943  3.23%   4.0  760s
 253134 165644  120.56597  149   31  120.85533  116.95698  3.23%   4.0  769s
 254802 166179  117.28207  104   33  120.85533  116.95698  3.23%   4.0  771s
 257331 169760  120.57588  212   24  120.85533  116.95698  3.23%   4.0  784s
 259523 170722  120.56823  202   24  120.85533  116.95850  3.22%   4.0  789s
 260630 172052  120.02814   79   40  120.85533  116.96171  3.22%   4.0  793s
 264033 174565  120.52927  109   29  120.85533  116.96344  3.22%   4.0  797s
 266772 176812  120.53795  141   25  120.85533  116.96708  3.22%   4.0  801s
 270105 179929  119.19113  102   33  120.85533  116.97247  3.21%   4.0  806s
 273386 182629  120.40154  244   31  120.85533  116.97591  3.21%   4.0  813s
 274996 184097  120.63497  341   26  120.85533  116.97725  3.21%   3.9  815s
 276663 185932  120.35705  169   22  120.85533  116.97726  3.21%   3.9  824s
 278703 186626  120.36467  179   33  120.85533  116.97726  3.21%   3.9  827s
 279452 188040  120.36498  187   33  120.85533  116.97726  3.21%   3.9  832s
 280979 189144  120.37615  263   29  120.85533  116.97726  3.21%   3.9  836s
 284695 191847  120.34668  236   31  120.85533  116.97726  3.21%   3.9  840s
 285185 193614  120.35403  261   28  120.85533  116.97726  3.21%   3.9  845s
 288121 194388  117.03848  121   30  120.85533  116.98138  3.21%   3.9  852s
 288376 195988  117.03848  120   29  120.85533  116.98138  3.21%   3.9  858s
 290415 197833  120.57151  183   33  120.85533  116.98157  3.21%   3.9  864s
 292628 199705  120.57239  346   34  120.85533  116.98322  3.20%   3.9  866s
 296393 202566  120.55696  290   28  120.85533  116.98336  3.20%   3.8  881s
 299901 204193  120.59937  135   27  120.85533  116.98350  3.20%   3.8  886s
 302317 206298  120.59978  104   31  120.85533  116.98351  3.20%   3.8  890s
 307351 211528  120.60600  314   28  120.85533  116.98671  3.20%   3.8  897s
 309542 212486  120.35354  198   32  120.85533  116.98671  3.20%   3.8  900s
 312873 216013  120.71058  138   26  120.85533  116.99085  3.20%   3.8  906s
 316431 217423  120.37457  138   28  120.85533  116.99091  3.20%   3.8  920s
 317183 222030  120.79459  153   12  120.85533  116.99120  3.20%   3.8  932s
 322692 222608  116.99299  113   34  120.85533  116.99211  3.20%   3.8  935s
 325897 226911  120.48867  191   23  120.85533  116.99212  3.20%   3.8  940s
 330286 230337  120.60041  237   28  120.85533  116.99212  3.20%   3.7  951s
 332583 231983  120.37485  150   24  120.85533  116.99212  3.20%   3.7  958s
 334480 233735  120.55732  135   24  120.85533  116.99284  3.20%   3.7  962s
 336642 236071  120.37494  129   23  120.85533  116.99304  3.20%   3.7  977s
 339874 238131  120.74510  239   20  120.85533  116.99466  3.19%   3.7  982s
 344594 241084  120.38952  317   28  120.85533  116.99512  3.19%   3.7  986s
 347334 242958  120.32618  131   27  120.85533  116.99539  3.19%   3.7  990s
 350158 245484  120.46218  202   16  120.85533  116.99539  3.19%   3.7  995s
 357110 252055  120.43787  175   25  120.85533  116.99552  3.19%   3.7 1004s
 359047 254326  120.66524  317   19  120.85533  116.99553  3.19%   3.7 1007s
 362151 256969  120.81590  249   20  120.85533  116.99559  3.19%   3.6 1011s
 366794 259194  120.71598  141   23  120.85533  116.99625  3.19%   3.6 1020s
 370408 262461  120.59980  109   24  120.85533  116.99630  3.19%   3.6 1028s
 372490 263028  120.59383  248   20  120.85533  116.99630  3.19%   3.6 1030s
 374988 266457  120.55766  190   20  120.85533  116.99661  3.19%   3.6 1038s
 377292 268229 infeasible  202       120.85533  116.99808  3.19%   3.6 1046s
 379750 269203     cutoff  143       120.85533  116.99808  3.19%   3.6 1053s
 381289 270118  120.63944  186   22  120.85533  116.99808  3.19%   3.6 1055s
 384639 271390  120.39810  146   26  120.85533  116.99814  3.19%   3.6 1062s
 386199 271814  120.71598  147   24  120.85533  116.99814  3.19%   3.6 1065s
 388914 275160  120.55136  116   28  120.85533  116.99814  3.19%   3.6 1070s
 391901 276989  120.59093  105   24  120.85533  116.99819  3.19%   3.6 1077s
 394281 278794  120.79200  297   20  120.85533  116.99823  3.19%   3.6 1080s
 396583 280503  117.04794  131   23  120.85533  116.99823  3.19%   3.6 1095s
 399950 283981  120.81023  253   16  120.85533  116.99874  3.19%   3.6 1103s
 402625 285985  120.58184  278   20  120.85533  116.99899  3.19%   3.6 1108s
 404838 286524  120.39810  157   30  120.85533  116.99899  3.19%   3.6 1113s
 405488 288397  120.40016  181   31  120.85533  116.99899  3.19%   3.6 1119s
 407826 289916  120.37482  121   33  120.85533  117.00022  3.19%   3.6 1122s
 409785 291451  120.44511  159   24  120.85533  117.00066  3.19%   3.6 1125s
 413562 293340  120.43368  165   22  120.85533  117.00074  3.19%   3.6 1130s
 416703 295186  120.37997  121   35  120.85533  117.00074  3.19%   3.6 1143s
 418711 296284  120.44771  190   23  120.85533  117.00074  3.19%   3.6 1146s
 420880 299396     cutoff  231       120.85533  117.00074  3.19%   3.6 1153s
 423932 300737  120.37997  149   34  120.85533  117.00078  3.19%   3.6 1156s
 428219 304211  120.43217  173   30  120.85533  117.00078  3.19%   3.6 1160s
 434241 308898  120.39365  198   27  120.85533  117.00079  3.19%   3.6 1166s
 437571 312228  120.37997  125   27  120.85533  117.00079  3.19%   3.5 1175s
 441389 315186  120.37997  153   27  120.85533  117.00084  3.19%   3.5 1185s
 444018 316319  120.61196  259   28  120.85533  117.00084  3.19%   3.5 1191s
 445353 318104  120.38768  163   28  120.85533  117.00129  3.19%   3.5 1196s
 449127 319780  120.74837  155   20  120.85533  117.00129  3.19%   3.5 1200s

Cutting planes:
  Learned: 1
  Gomory: 6
  Implied bound: 9
  Projected implied bound: 1
  MIR: 21
  Flow cover: 71
  Relax-and-lift: 1808

Explored 450683 nodes (1588927 simplex iterations) in 1201.32 seconds (225.24 work units)
Thread count was 20 (of 20 available processors)

Solution count 10: 120.855 120.855 120.864 ... 427.634

Time limit reached
Best objective 1.208553333336e+02, best bound 1.170012901638e+02, gap 3.1890%

User-callback calls 965602, time in user-callback 7.54 sec
