
Gurobi 10.0.1 (win64) logging started Sun Sep 21 16:46:05 2025

Set parameter LogFile to value "log_group_6/bound_Expr396_s7_l1051_s11_e12_o40_d80_t60_s31_1_1_1_1.log"
Gurobi Optimizer version 10.0.1 build v10.0.1rc0 (win64)

CPU model: Intel(R) Core(TM) i7-10700 CPU @ 2.90GHz, instruction set [SSE2|AVX|AVX2]
Thread count: 8 physical cores, 16 logical processors, using up to 16 threads

Optimize a model with 872679 rows, 854470 columns and 11972696 nonzeros
Model fingerprint: 0xc514fbfc
Variable types: 470 continuous, 854000 integer (854000 binary)
Coefficient statistics:
  Matrix range     [1e+00, 8e+02]
  Objective range  [1e+00, 1e+00]
  Bounds range     [1e+00, 1e+03]
  RHS range        [1e+00, 8e+02]
Presolve removed 862703 rows and 845280 columns (presolve time = 5s) ...
Presolve removed 863657 rows and 845938 columns
Presolve time: 5.97s
Presolved: 9022 rows, 8532 columns, 64607 nonzeros
Variable types: 282 continuous, 8250 integer (8246 binary)

Root simplex log...

Iteration    Objective       Primal Inf.    Dual Inf.      Time
       0    1.5638033e+02   9.930000e+02   0.000000e+00      8s
    5349    1.5638033e+02   0.000000e+00   0.000000e+00      8s

Root relaxation: objective 1.563803e+02, 5349 iterations, 0.44 seconds (0.91 work units)

    Nodes    |    Current Node    |     Objective Bounds      |     Work
 Expl Unexpl |  Obj  Depth IntInf | Incumbent    BestBd   Gap | It/Node Time

     0     0  156.38033    0  144          -  156.38033      -     -    8s
     0     0  156.38033    0  232          -  156.38033      -     -    9s
H    0     0                    1561.5466667  156.38033  90.0%     -    9s
     0     0  156.38033    0  214 1561.54667  156.38033  90.0%     -    9s
H    0     0                    1422.9424667  156.38033  89.0%     -    9s
H    0     0                    1270.3550667  156.38033  87.7%     -   11s
H    0     0                    1093.0766333  156.38033  85.7%     -   11s
H    0     0                     986.9236333  156.38033  84.2%     -   11s
     0     0  156.38033    0  109  986.92363  156.38033  84.2%     -   11s
H    0     0                     926.3250333  156.38033  83.1%     -   11s
H    0     0                     870.5252333  156.38033  82.0%     -   13s
H    0     0                     791.2565667  156.38033  80.2%     -   13s
     0     0  156.38033    0  116  791.25657  156.38033  80.2%     -   13s
H    0     0                     773.3225000  156.38033  79.8%     -   15s
H    0     0                     772.2913000  156.38033  79.8%     -   15s
H    0     0                     758.1068333  156.38033  79.4%     -   15s
     0     0  156.38033    0  130  758.10683  156.38033  79.4%     -   16s
H    0     0                     754.1752667  156.38033  79.3%     -   17s
     0     0  156.38033    0  243  754.17527  156.38033  79.3%     -   17s
     0     0  156.38033    0  235  754.17527  156.38033  79.3%     -   18s
     0     0  156.38033    0  235  754.17527  156.38033  79.3%     -   19s
     0     2  156.38033    0  121  754.17527  156.38033  79.3%     -   21s
H   31    38                     735.5881333  156.38033  78.7%   581   24s
H   35    38                     708.0873000  156.38033  77.9%   531   24s
    66    73  156.38033   10  206  708.08730  156.38033  77.9%   361   25s
H   69    73                     707.0873000  156.38033  77.9%   348   25s
H   70    73                     702.1098000  156.38033  77.7%   344   25s
H   71    73                     689.7935000  156.38033  77.3%   341   25s
H   73    73                     669.0233667  156.38033  76.6%   336   25s
H  102   105                     650.9975667  156.38033  76.0%   278   26s
H  109   105                     645.9475333  156.38033  75.8%   267   26s
H  143   144                     644.4080667  156.38033  75.7%   289   28s
H  150   144                     592.9877333  156.38033  73.6%   284   28s
H  153   152                     584.5762667  156.38033  73.2%   281   28s
   202   207  156.38033   22  195  584.57627  156.38033  73.2%   244   30s
H  521   522                     581.7676667  156.38033  73.1%   136   34s
H  523   522                     580.5309664  156.38033  73.1%   136   34s
H  525   522                     579.5440667  156.38033  73.0%   136   34s
H  531   530                     578.9080667  156.38033  73.0%   135   35s
H  532   530                     563.2197000  156.38033  72.2%   135   35s
H 1699  1735                     562.9812000  156.38033  72.2%  81.8   41s
H 1728  1735                     556.6062000  156.38033  71.9%  80.8   41s
H 1729  1735                     539.5811333  156.38033  71.0%  80.9   41s
H 2146  2247                     374.2273000  156.38033  58.2%  76.0   44s
  2258  2556  156.38033  204  220  374.22730  156.38033  58.2%  74.5   45s
  3908  4113  156.38033  272  107  374.22730  156.38033  58.2%  71.1   50s
H 3969  4113                     370.0110667  156.38033  57.7%  72.4   50s
H 4140  4211                     366.9542667  156.38033  57.4%  72.8   52s
H 4194  4201                     357.2021667  156.38033  56.2%  73.5   52s
  4473  4800  164.11195  352  141  357.20217  156.38033  56.2%  78.7   55s
H 4847  4738                     332.1962000  156.38033  52.9%  80.7   59s
H 4864  4738                     331.6891333  156.38033  52.9%  81.0   59s
H 4865  4721                     325.0572000  156.38033  51.9%  81.0   59s
  4877  4821 infeasible  473       325.05720  156.38033  51.9%  81.1   60s

Cutting planes:
  Implied bound: 331
  MIR: 61
  Flow cover: 2
  RLT: 14
  Relax-and-lift: 26

Explored 5016 nodes (469711 simplex iterations) in 60.15 seconds (122.58 work units)
Thread count was 16 (of 16 available processors)

Solution count 10: 325.057 331.689 332.196 ... 562.981

Time limit reached
Best objective 3.250572000000e+02, best bound 1.563803333333e+02, gap 51.8914%

User-callback calls 21725, time in user-callback 0.03 sec
