
Gurobi 10.0.1 (win64) logging started Sun Sep 21 15:39:38 2025

Set parameter LogFile to value "log_group_6/bound_Expr298_s3_l1051_s11_e12_o10_d20_t60_s3_0_0_0_0.log"
Gurobi Optimizer version 10.0.1 build v10.0.1rc0 (win64)

CPU model: Intel(R) Core(TM) i7-10700 CPU @ 2.90GHz, instruction set [SSE2|AVX|AVX2]
Thread count: 8 physical cores, 16 logical processors, using up to 16 threads

Optimize a model with 25987 rows, 25680 columns and 205474 nonzeros
Model fingerprint: 0x54737a16
Variable types: 180 continuous, 25500 integer (25500 binary)
Coefficient statistics:
  Matrix range     [1e+00, 9e+02]
  Objective range  [1e+00, 1e+00]
  Bounds range     [1e+00, 1e+03]
  RHS range        [1e+00, 9e+02]
Presolve removed 24028 rows and 24018 columns
Presolve time: 0.20s
Presolved: 1959 rows, 1662 columns, 12563 nonzeros
Variable types: 160 continuous, 1502 integer (1501 binary)
Found heuristic solution: objective 944.2056667
Found heuristic solution: objective 770.6576667

Root relaxation: objective 0.000000e+00, 491 iterations, 0.01 seconds (0.01 work units)

    Nodes    |    Current Node    |     Objective Bounds      |     Work
 Expl Unexpl |  Obj  Depth IntInf | Incumbent    BestBd   Gap | It/Node Time

     0     0    0.00000    0   21  770.65767    0.00000   100%     -    0s
H    0     0                     527.2587000    0.00000   100%     -    0s
H    0     0                     268.4013000    0.00000   100%     -    0s
H    0     0                      98.6391667    0.00000   100%     -    0s
     0     0    0.00000    0   22   98.63917    0.00000   100%     -    0s
     0     0    0.00000    0   20   98.63917    0.00000   100%     -    0s
     0     0    0.00000    0   20   98.63917    0.00000   100%     -    0s
H    0     0                      77.8088667    0.00000   100%     -    0s
H    0     0                      68.3248667    0.00000   100%     -    0s
     0     0    0.00000    0   24   68.32487    0.00000   100%     -    0s
     0     0    0.00000    0   21   68.32487    0.00000   100%     -    0s
     0     0    0.00000    0   22   68.32487    0.00000   100%     -    0s
     0     0    0.00000    0   20   68.32487    0.00000   100%     -    0s
     0     0    0.00000    0   25   68.32487    0.00000   100%     -    0s
     0     0    0.00000    0   25   68.32487    0.00000   100%     -    0s
     0     0    0.00000    0   21   68.32487    0.00000   100%     -    0s
     0     0    0.00000    0   21   68.32487    0.00000   100%     -    0s
     0     0    0.00000    0   20   68.32487    0.00000   100%     -    0s
     0     0    0.00000    0   21   68.32487    0.00000   100%     -    0s
     0     0    0.00000    0   20   68.32487    0.00000   100%     -    0s
     0     2    0.00000    0   20   68.32487    0.00000   100%     -    0s
H   66    71                      68.3248667    0.00000   100%   5.5    1s
H 1860  1732                      68.3248665    0.00000   100%   3.2    1s
H 1865  1732                      68.3248664    0.00000   100%   3.2    1s
H 2611  2230                      68.3248651   30.40273  55.5%   3.5    2s
 29025 19806 infeasible  135        68.32487   31.51771  53.9%   3.9    5s
 103256 65662     cutoff  116        68.32487   41.33007  39.5%   3.0   10s
 175351 102372   68.26907  108    4   68.32487   53.74357  21.3%   3.2   15s
 238659 134406 infeasible  113        68.32487   59.07865  13.5%   3.1   20s
 300776 161927   66.21537  124    6   68.32487   61.97263  9.30%   3.1   25s
 371933 207412 infeasible   59        68.32487   62.02843  9.22%   2.9   30s
 444372 253624     cutoff   94        68.32487   62.22958  8.92%   2.8   35s
H447807 254510                      68.3208865   62.22958  8.92%   2.8   35s
 511651 298842   62.22958   56   10   68.32089   62.22958  8.92%   2.7   40s
 587447 349109   67.05997   81   12   68.32089   62.22958  8.92%   2.7   45s
 657131 394100   68.26907  127    2   68.32089   62.22958  8.92%   2.6   50s
 733381 443913   62.22958   63   12   68.32089   62.22958  8.92%   2.6   55s
 800655 487885   66.14757  129    6   68.32089   62.22958  8.92%   2.5   60s

Cutting planes:
  Gomory: 1
  Implied bound: 21
  MIR: 1
  Flow cover: 9
  Relax-and-lift: 14

Explored 801520 nodes (2041138 simplex iterations) in 60.04 seconds (70.61 work units)
Thread count was 16 (of 16 available processors)

Solution count 10: 68.3209 68.3249 68.3249 ... 527.259

Time limit reached
Best objective 6.832088649316e+01, best bound 6.222958333332e+01, gap 8.9157%

User-callback calls 1612045, time in user-callback 1.82 sec
