
Gurobi 10.0.3 (win64) logging started Sun Sep 21 05:05:45 2025

Set parameter LogFile to value "log_group_6/bound_Expr283_s5_l1051_s11_e12_o20_d42_t1200_s13_1_0_1_1.log"
Gurobi Optimizer version 10.0.3 build v10.0.3rc0 (win64)

CPU model: 11th Gen Intel(R) Core(TM) i7-11700 @ 2.50GHz, instruction set [SSE2|AVX|AVX2|AVX512]
Thread count: 8 physical cores, 16 logical processors, using up to 16 threads

Optimize a model with 156215 rows, 155310 columns and 1935290 nonzeros
Model fingerprint: 0xbfc252d2
Variable types: 310 continuous, 155000 integer (155000 binary)
Coefficient statistics:
  Matrix range     [1e+00, 9e+02]
  Objective range  [1e+00, 1e+00]
  Bounds range     [1e+00, 1e+03]
  RHS range        [1e+00, 9e+02]
Presolve removed 155458 rows and 154699 columns
Presolve time: 0.88s
Presolved: 757 rows, 611 columns, 5316 nonzeros
Variable types: 58 continuous, 553 integer (553 binary)
Found heuristic solution: objective 323.8594000

Root relaxation: objective 1.039658e+02, 336 iterations, 0.01 seconds (0.01 work units)

    Nodes    |    Current Node    |     Objective Bounds      |     Work
 Expl Unexpl |  Obj  Depth IntInf | Incumbent    BestBd   Gap | It/Node Time

     0     0  103.96583    0   23  323.85940  103.96583  67.9%     -    1s
H    0     0                     176.7364333  103.96583  41.2%     -    1s
     0     0  103.96583    0   51  176.73643  103.96583  41.2%     -    1s
H    0     0                     169.8103333  104.15817  38.7%     -    1s
H    0     0                     169.0536667  104.15817  38.4%     -    1s
H    0     0                     168.2970000  104.15817  38.1%     -    1s
H    0     0                     139.8254333  104.15817  25.5%     -    1s
     0     0  104.15817    0   19  139.82543  104.15817  25.5%     -    1s
H    0     0                     139.0687667  104.15817  25.1%     -    1s
     0     0  104.15817    0   19  139.06877  104.15817  25.1%     -    1s
     0     0  104.15817    0   24  139.06877  104.15817  25.1%     -    1s
     0     0  104.15817    0   24  139.06877  104.15817  25.1%     -    1s
     0     0  104.17039    0   54  139.06877  104.17039  25.1%     -    1s
     0     0  104.17039    0   48  139.06877  104.17039  25.1%     -    1s
     0     0  104.17144    0   31  139.06877  104.17144  25.1%     -    1s
     0     0  104.94467    0   29  139.06877  104.94467  24.5%     -    1s
H    0     0                     131.5529667  104.94467  20.2%     -    1s
H    0     0                     130.7963000  104.94467  19.8%     -    1s
     0     0  104.94467    0   47  130.79630  104.94467  19.8%     -    1s
     0     0  105.57236    0   56  130.79630  105.57236  19.3%     -    1s
     0     0  105.57236    0   56  130.79630  105.57236  19.3%     -    1s
     0     0  105.57236    0   56  130.79630  105.57236  19.3%     -    1s
     0     0  105.57236    0   56  130.79630  105.57236  19.3%     -    1s
     0     0  105.57236    0   56  130.79630  105.57236  19.3%     -    1s
     0     0  105.57236    0   56  130.79630  105.57236  19.3%     -    1s
H    0     0                     129.2541000  105.60997  18.3%     -    1s
H    0     0                     128.4830000  105.60997  17.8%     -    1s
     0     0  105.60997    0   60  128.48300  105.60997  17.8%     -    1s
     0     0  105.60997    0   60  128.48300  105.60997  17.8%     -    1s
     0     0  105.60997    0   60  128.48300  105.60997  17.8%     -    1s
     0     0  109.01815    0   21  128.48300  109.01815  15.1%     -    1s
     0     0  109.98417    0   24  128.48300  109.98417  14.4%     -    1s
     0     0  110.08125    0   26  128.48300  110.08125  14.3%     -    1s
     0     0  110.08125    0   26  128.48300  110.08125  14.3%     -    1s
     0     0  110.08125    0   26  128.48300  110.08125  14.3%     -    1s
     0     0  110.25777    0   25  128.48300  110.25777  14.2%     -    1s
     0     0  110.26219    0   26  128.48300  110.26219  14.2%     -    1s
     0     0  114.96332    0   19  128.48300  114.96332  10.5%     -    1s
     0     0  114.96332    0   19  128.48300  114.96332  10.5%     -    1s
H    0     0                     125.3817000  114.96332  8.31%     -    1s
H    0     0                     122.5775667  114.96332  6.21%     -    1s
     0     0  117.84250    0    9  122.57757  117.84250  3.86%     -    1s
     0     0  117.84250    0    9  122.57757  117.84250  3.86%     -    1s
     0     0  117.84250    0    9  122.57757  117.84250  3.86%     -    1s
     0     0  118.00917    0   11  122.57757  118.00917  3.73%     -    1s
     0     0  118.00917    0   11  122.57757  118.00917  3.73%     -    1s
H    0     0                     121.8209000  118.00917  3.13%     -    1s
     0     0     cutoff    0       121.82090  121.82090  0.00%     -    1s

Cutting planes:
  Implied bound: 5
  MIR: 5
  Relax-and-lift: 5

Explored 1 nodes (2718 simplex iterations) in 1.44 seconds (4.38 work units)
Thread count was 16 (of 16 available processors)

Solution count 10: 121.821 122.578 125.382 ... 169.81

Optimal solution found (tolerance 1.00e-04)
Best objective 1.218209000000e+02, best bound 1.218209000000e+02, gap 0.0000%

User-callback calls 2227, time in user-callback 0.00 sec
