
Gurobi 10.0.1 (win64) logging started Sat Sep 20 11:59:14 2025

Set parameter LogFile to value "log_group_6/bound_Expr23_s7_l1051_s11_e12_o30_d60_t7200_s23_0_0_0_0.log"
Gurobi Optimizer version 10.0.1 build v10.0.1rc0 (win64)

CPU model: Intel(R) Core(TM) i7-10700 CPU @ 2.90GHz, instruction set [SSE2|AVX|AVX2]
Thread count: 8 physical cores, 16 logical processors, using up to 16 threads

Optimize a model with 547163 rows, 546440 columns and 4371886 nonzeros
Model fingerprint: 0xad30dc20
Variable types: 440 continuous, 546000 integer (546000 binary)
Coefficient statistics:
  Matrix range     [1e+00, 9e+02]
  Objective range  [1e+00, 1e+00]
  Bounds range     [1e+00, 1e+03]
  RHS range        [1e+00, 9e+02]
Presolve removed 532440 rows and 532410 columns
Presolve time: 2.17s
Presolved: 14723 rows, 14030 columns, 96313 nonzeros
Variable types: 380 continuous, 13650 integer (13650 binary)
Found heuristic solution: objective 338.5666333

Root relaxation: objective 0.000000e+00, 1779 iterations, 0.11 seconds (0.19 work units)

    Nodes    |    Current Node    |     Objective Bounds      |     Work
 Expl Unexpl |  Obj  Depth IntInf | Incumbent    BestBd   Gap | It/Node Time

     0     0    0.00000    0   61  338.56663    0.00000   100%     -    3s
H    0     0                     299.8624000    0.00000   100%     -    3s
     0     0    0.00000    0   69  299.86240    0.00000   100%     -    3s
H    0     0                     223.4814667    0.00000   100%     -    5s
     0     0    0.00000    0   66  223.48147    0.00000   100%     -    6s
H    0     0                     203.5481667    0.00000   100%     -    7s
H    0     0                     186.0169000    0.00000   100%     -    7s
     0     0    0.00000    0   61  186.01690    0.00000   100%     -    7s
     0     0    0.00000    0   65  186.01690    0.00000   100%     -    7s
H    0     0                     178.9555333    0.00000   100%     -    8s
     0     0    0.00000    0   65  178.95553    0.00000   100%     -    8s
     0     0    0.00000    0   62  178.95553    0.00000   100%     -    9s
     0     0    0.00000    0   62  178.95553    0.00000   100%     -    9s
     0     0    0.00000    0   62  178.95553    0.00000   100%     -    9s
     0     0    0.00000    0   65  178.95553    0.00000   100%     -    9s
     0     0    0.00000    0   65  178.95553    0.00000   100%     -   10s
H    0     0                     176.0451000    0.00000   100%     -   11s
     0     0    0.00000    0   60  176.04510    0.00000   100%     -   11s
     0     0    0.00000    0   60  176.04510    0.00000   100%     -   12s
H    0     0                     174.8174000    0.00000   100%     -   13s
H    0     0                     174.7726667    0.00000   100%     -   13s
     0     0    0.00000    0   60  174.77267    0.00000   100%     -   13s
     0     0    0.00000    0   60  174.77267    0.00000   100%     -   14s
     0     0    0.00000    0   60  174.77267    0.00000   100%     -   14s
     0     0    0.00000    0   60  174.77267    0.00000   100%     -   14s
     0     2    0.00000    0   60  174.77267    0.00000   100%     -   17s
H   33    16                     174.7685000    0.00000   100%   181   23s
H   34    16                     174.7381667    0.00000   100%   176   23s
H   71    28                     174.6995000    0.00000   100%   177   30s
H   72    28                     174.6995000    0.00000   100%   174   30s
H   73    28                     174.6575000    0.00000   100%   172   30s
   134    59    0.00000   24   60  174.65750    0.00000   100%   157   35s
  1171   852    0.00000  206   60  174.65750    0.00000   100%  33.7   40s
  2351  1734    0.00000  387   60  174.65750    0.00000   100%  23.1   48s
H 2402  1734                     174.6533333    0.00000   100%  22.9   48s
  2535  2226    0.00000  413   60  174.65333    0.00000   100%  22.8   50s
  4188  3774    0.00000  630   61  174.65333    0.00000   100%  19.4   56s
  5556  4396    0.00000  920   61  174.65333    0.00000   100%  19.4   69s
H 5590  4396                     174.6533325    0.00000   100%  19.3   69s
H 5592  4396                     174.6529629    0.00000   100%  19.3   69s
  5637  5213    0.00000  931   60  174.65296    0.00000   100%  19.3   72s
  6550  5662    0.00000 1103   60  174.65296    0.00000   100%  18.3   77s
  7056  6626    0.00000 1169   61  174.65296    0.00000   100%  18.2   81s
  8135  6627    0.00000 1214   60  174.65296    0.00000   100%  17.5  177s
  8137  6628   83.43660  198   62  174.65296    0.00000   100%  17.5  192s
  8138  6629   38.29167  823   62  174.65296    0.00000   100%  17.5  220s
  8140  6630   83.43660  771   61  174.65296    0.00000   100%  17.5  235s
  8141  6631   38.29167  562   60  174.65296    0.00000   100%  17.5  240s
  8142  6632   38.29167  215   60  174.65296    0.00000   100%  17.5  249s
  8143  6632   83.26260  931   60  174.65296    0.00000   100%  17.5  252s
  8144  6633  126.03467  209   62  174.65296    0.00000   100%  17.5  259s
  8145  6634    0.00000 1267   61  174.65296    0.00000   100%  17.5  262s
  8146  6634   38.29167  319   62  174.65296    0.00000   100%  17.5  271s
  8148  6636    0.00000  462   61  174.65296    0.00000   100%  17.5  300s
  8149  6638    0.00000   15   60  174.65296    0.00000   100%  18.9  306s
  8151  6640    0.00000   16   60  174.65296    0.00000   100%  18.9  319s
  8154  6639    0.00000   17   60  174.65296    0.00000   100%  18.9  336s
  8159  6639    0.00000   18   60  174.65296    0.00000   100%  19.4  351s
  8179  6636    0.00000   21   60  174.65296    0.00000   100%  19.5  381s
  8187  6636    8.17583   21   58  174.65296    0.00000   100%  19.5  396s
  8195  6640    0.00000   22   60  174.65296    0.00000   100%  19.5  415s
  8262  6648  113.94943   26   58  174.65296    0.00000   100%  19.7  422s
  8313  6651    0.00000   30   60  174.65296    0.00000   100%  19.7  426s
  8357  6653    0.00000   33   60  174.65296    0.00000   100%  19.7  430s
  8421  6672  120.92707   36   58  174.65296    0.00000   100%  19.7  435s
  8464  6678  120.27740   39   58  174.65296    0.00000   100%  19.6  440s
  8527  6682    0.00000   43   60  174.65296    0.00000   100%  19.6  446s
  8586  6693  120.92707   46   58  174.65296    0.00000   100%  19.5  451s
  8658  6699    0.00000   53   60  174.65296    0.00000   100%  19.5  458s
  8678  6714    0.00000   54   60  174.65296    0.00000   100%  19.5  461s
  8782  6720    0.00000   61   60  174.65296    0.00000   100%  19.4  466s
  8844  6708    0.00000   65   60  174.65296    0.00000   100%  19.3  470s
  8928  6716    0.00000   70   60  174.65296    0.00000   100%  19.3  476s
  8936  6732  120.27740   70   58  174.65296    0.00000   100%  19.3  482s
  8961  6735    0.00000   71   60  174.65296    0.00000   100%  19.3  510s
  8977  6751    0.00000   72   60  174.65296    0.00000   100%  19.4  528s
  9001  6769    0.00000   73   60  174.65296    0.00000   100%  19.5  539s
  9030  6827    0.00000   75   60  174.65296    0.00000   100%  19.6  544s
  9112  6869  120.92707   79   58  174.65296    0.00000   100%  19.8  548s
  9196  6856    0.00000   86   60  174.65296    0.00000   100%  20.0  552s
  9214  6883    0.00000   88   60  174.65296    0.00000   100%  20.0  557s
  9252  6965    0.00000   90   60  174.65296    0.00000   100%  20.0  562s
  9365  6988  114.34857  100   58  174.65296    0.00000   100%  20.1  566s
  9451  6981  114.28273  106   58  174.65296    0.00000   100%  20.4  576s
  9487  7027    0.00000  108   60  174.65296    0.00000   100%  20.4  581s
  9598  7042    0.00000  115   60  174.65296    0.00000   100%  20.5  586s
  9688  7078    0.00000  123   60  174.65296    0.00000   100%  20.5  591s
  9810  7061    0.00000  132   60  174.65296    0.00000   100%  20.5  602s
  9836  7079    0.00000  133   60  174.65296    0.00000   100%  20.5  623s
  9868  7107    0.00000  135   60  174.65296    0.00000   100%  20.6  642s
  9911  7141  116.68267  137   58  174.65296    0.00000   100%  20.7  661s
  9961  7251  116.68267  140   58  174.65296    0.00000   100%  20.8  669s
 10122  7363    0.00000  153   60  174.65296    0.00000   100%  21.2  678s
 10325  7433    0.00000  170   60  174.65296    0.00000   100%  21.8  686s
 10500  7415    0.00000  184   60  174.65296    0.00000   100%  22.2  701s
 10547  7404    0.00000  188   60  174.65296    0.00000   100%  22.5  730s
 10556  7441  123.04947  188   58  174.65296    0.00000   100%  22.5  741s
 10600  7531    0.00000  193   60  174.65296    0.00000   100%  22.6  749s
 10760  7623    0.00000  208   60  174.65296    0.00000   100%  23.2  759s
 10951  7605    0.00000  223   60  174.65296    0.00000   100%  23.6  775s
 11004  7818  116.75360  228   58  174.65296    0.00000   100%  23.9  786s
 11304  7819    4.85450  264   58  174.65296    0.00000   100%  24.1  794s
 11460  7890   83.19620  282   58  174.65296    0.00000   100%  24.2  803s
 11664  7872    0.00000  305   60  174.65296    0.00000   100%  24.2  816s
 11733  7990   83.26260  315   58  174.65296    0.00000   100%  24.3  825s
 11925  8078   83.26260  333   58  174.65296    0.00000   100%  24.5  836s
 12186  8051  106.42097  359   58  174.65296    0.00000   100%  24.5  853s
 12255  8407  106.42097  368   58  174.65296    0.00000   100%  24.7  867s
 12716  8509    0.00000  395   60  174.65296    0.00000   100%  24.3  880s
 13080  8394    0.00000  414   60  174.65296    0.00000   100%  24.1  909s
 13088  8450  116.67623  414   58  174.65296    0.00000   100%  24.1  927s
 13162  8480    0.00000  422   60  174.65296    0.00000   100%  24.2  938s
 13235  8767    0.00000  431   60  174.65296    0.00000   100%  24.2  953s
 13609  8999  106.42097  456   58  174.65296    0.00000   100%  24.3  970s
 14107  8909  118.59093  515   58  174.65296    0.00000   100%  24.3  987s
 14187  9150    0.00000  525   60  174.65296    0.00000   100%  24.4 1006s
 14550  9526   43.81760  584   58  174.65296    0.00000   100%  24.6 1025s
 15105  9471   18.12990  654   58  174.65296    0.00000   100%  24.6 1040s
 15236 10153    0.00000  666   60  174.65296    0.00000   100%  24.8 1062s
 16007 10787   39.59250  739   58  174.65296    0.00000   100%  24.7 1225s
 17045 10518    0.00000  838   60  174.65296    0.00000   100%  25.3 1244s
 17125 10610   43.94767  846   58  174.65296    0.00000   100%  25.4 1274s
 17253 10726   43.94767  854   58  174.65296    0.00000   100%  25.6 1286s
 17411 11170    0.00000  867   60  174.65296    0.00000   100%  25.7 1309s
 17923 11161   79.67227  951   58  174.65296    0.00000   100%  26.1 1324s
 18087 11626   79.67227  966   58  174.65296    0.00000   100%  26.3 1347s
 18669 11547  127.91867 1039   58  174.65296    0.00000   100%  26.8 1365s
 18813 11505  123.34357 1048   58  174.65296    0.00000   100%  27.2 1389s
 18821 11612    0.00000 1049   60  174.65296    0.00000   100%  27.2 1409s
 18957 11999    0.00000 1050   60  174.65296    0.00000   100%  27.5 1429s
 19534 11812    0.00000 1074   60  174.65296    0.00000   100%  27.4 1455s
 19542 11930  123.54323 1074   58  174.65296    0.00000   100%  27.4 1479s
 19690 12544    0.00000 1094   60  174.65296    0.00000   100%  28.0 1503s
 20436 12980    7.23893 1125   58  174.65296    0.00000   100%  28.2 1536s
 21255 13620    0.00000 1234   60  174.65296    0.00000   100%  27.6 1565s
 22292 14039   65.32180 1305   58  174.65296    0.00000   100%  27.0 1594s
 23123 14853    0.00000 1382   60  174.65296    0.00000   100%  26.8 1624s
 24424 14611    0.00000 1428   60  174.65296    0.00000   100%  26.5 1648s
 24633 14550    0.00000 1430   60  174.65296    0.00000   100%  26.7 1671s
 24641 15377  125.77412 1430   58  174.65296    0.00000   100%  26.7 1697s
 25578 15745    0.00000 1452   60  174.65296    0.00000   100%  26.5 1725s
 26500 15598    0.00000 1552   60  174.65296    0.00000   100%  26.3 1748s
 26715 16286   17.87310 1571   58  174.65296    0.00000   100%  26.5 1781s
 27761 16497   65.36440 1700   58  174.65296    0.00000   100%  26.7 1812s
 28539 17004  101.44923 1781   58  174.65296    0.00000   100%  26.7 1834s
 29206 18098    0.00000 1785   60  174.65296    0.00000   100%  26.6 1869s
 29897 18098    3.74097 1614   58  174.65296    0.00000   100%  27.4 1870s
 30450 18249    0.00000 1842   60  174.65296    0.00000   100%  26.9 2221s
 30714 22371  119.29823 1858   52  174.65296    0.00000   100%  27.2 2390s
 35150 25132    7.52857 1993   58  174.65296    0.00000   100%  29.1 2458s
 38289 25288   45.16060 2312   58  174.65296    0.00000   100%  28.1 2482s
 38464 27522    0.00000 2313   60  174.65296    0.00000   100%  27.9 2520s
 40917 29295   45.03040 2470   58  174.65296    0.00000   100%  27.0 2549s
 42978 29305    0.00000 2515   60  174.65296    0.00000   100%  26.7 2570s
 42992 29851 infeasible 2515       174.65296    0.00000   100%  26.7 2586s
 43608 31431    0.00000 2563   60  174.65296    0.00000   100%  27.1 2609s
 45398 33237  123.04947 2650   58  174.65296    0.00000   100%  26.6 2790s
 47704 34328    0.00000 2916   60  174.65296    0.00000   100%  26.2 2810s
 48993 35274  114.97157 2968   58  174.65296    0.00000   100%  25.8 2828s
 50050 36720    0.00000 2991   60  174.65296    0.00000   100%  25.5 2844s
 51623 36849    0.00000 3031   60  174.65296    0.00000   100%  24.8 2853s
 51871 37131    0.00000 3058   60  174.65296    0.00000   100%  24.8 2864s
 52338 37427    0.00000 3106   60  174.65296    0.00000   100%  24.8 2876s
 52736 37590    4.87190 3151   59  174.65296    0.00000   100%  25.0 2894s
 52903 38418    0.00000 3152   60  174.65296    0.00000   100%  24.9 2910s
 53863 40232    0.00000 3219   60  174.65296    0.00000   100%  25.0 2932s
 55965 41679  106.52957 3266   58  174.65296    0.00000   100%  25.1 2948s
 57492 42542  116.98757 3282   66  174.65296    0.00000   100%  24.9 2964s
 58532 42667    0.00000 3307   60  174.65296    0.00000   100%  24.9 2972s
 58764 42961    0.00000 3322   60  174.65296    0.00000   100%  25.0 2983s
 59169 43174  118.70013 3348   58  174.65296    0.00000   100%  25.1 2993s
 59425 43852  116.82563 3365   58  174.65296    0.00000   100%  25.0 3008s
 60188 45510   43.01743 3434   58  174.65296    0.00000   100%  24.9 3178s
 61974 46049    0.00000 3552   60  174.65296    0.00000   100%  24.6 3197s
 62717 46565    0.00000 3592   60  174.65296    0.00000   100%  25.0 3234s
 63532 48681  105.50727 3639   58  174.65296    0.00000   100%  25.1 3269s
 65071 48681  129.30210 6860   30  174.65296    3.73133  97.9%  25.4 3270s
 65939 48962   41.74503 3771   56  174.65296    3.73133  97.9%  25.1 3280s
 66243 49862   22.42837 3785   56  174.65296    3.73133  97.9%  25.3 3298s
 67290 50991   18.06743 3852   58  174.65296    3.73133  97.9%  25.1 3320s
 68704 53175  131.59940 3911   56  174.65296    3.73133  97.9%  24.8 3344s
 71097 55004   18.06743 3947   58  174.65296    3.73133  97.9%  24.2 3362s
 72979 56545   18.06743 3989   58  174.65296    3.73133  97.9%  23.8 3379s
 74552 58515   18.06743 4018   58  174.65296    3.73133  97.9%  23.5 3399s
 76622 63503  132.34553 4035   56  174.65296    3.73133  97.9%  23.1 3572s
 82046 64825   18.06743 4098   58  174.65296    3.73133  97.9%  22.3 3587s
 83433 65472   18.06743 4105   58  174.65296    3.73133  97.9%  22.0 3594s
 84168 66276   18.06743 4112   58  174.65296    3.73133  97.9%  22.0 3602s
 85021 66754   18.06743 4121   58  174.65296    3.73133  97.9%  21.9 3609s
 85556 66814   18.06743 4130   58  174.65296    3.73133  97.9%  21.8 3612s
 85628 67692  138.99450 4132   56  174.65296    3.73133  97.9%  21.9 3621s
 86534 68570  132.27820 4142   56  174.65296    3.73133  97.9%  21.7 3631s
 87454 69204   18.06743 4155   58  174.65296    3.73133  97.9%  21.6 3639s
 88114 70103  132.41600 4167   56  174.65296    3.73133  97.9%  21.6 3649s
 89041 71043  106.53497 4182   56  174.65296    3.73133  97.9%  21.4 3660s
 90011 71463   41.74503 4201   56  174.65296    3.73133  97.9%  21.2 3666s
 90480 72290   59.96457 4216   56  174.65296    3.73133  97.9%  21.2 3675s
 91384 74743   78.93173 4244   56  174.65296    3.73133  97.9%  21.0 3847s
 94365 74859  123.91550 4370   56  174.65296    3.73133  97.9%  21.0 3853s
 94572 75214 infeasible 4380       174.65296    3.73133  97.9%  21.0 3863s
 95167 76869   18.06743 4397   58  174.65296    3.73133  97.9%  21.1 3882s
 97110 77108   18.06743 4418   58  174.65296    3.73133  97.9%  21.0 3890s
 97486 78539   18.10278 4431   66  174.65296    3.73133  97.9%  21.0 3905s
 99171 80942   78.93173 4463   56  174.65296    3.73133  97.9%  20.9 3923s
 101748 82020   35.04743 4488   56  174.65296    3.73133  97.9%  20.6 3935s
 102930 83401  123.54137 4497   54  174.65296    3.73133  97.9%  20.4 3949s
 104398 84185   35.04743 4509   56  174.65296    3.73133  97.9%  20.3 3960s
 105232 85267  124.17630 4522   62  174.65296    3.73133  97.9%  20.3 3968s
 106336 89557   35.04743 4528   56  174.65296    3.73133  97.9%  20.1 4139s
 110098 89557  161.75300 1600   50  174.65296    3.73133  97.9%  20.0 4140s
 111026 89961   35.04743 4601   56  174.65296    3.73133  97.9%  20.0 4177s
 111377 90057   35.04743 4605   56  174.65296    3.73133  97.9%  20.0 4182s
 111473 90161   35.04743 4606   56  174.65296    3.73133  97.9%  20.1 4185s
 111763 91187  149.28160 4613   54  174.65296    3.73133  97.9%  20.1 4199s
 112649 93301   35.04743 4625   56  174.65296    3.73133  97.9%  20.0 4217s
 114813 94672   35.04743 4640   56  174.65296    3.73133  97.9%  19.7 4231s
 116249 95509   35.04743 4649   56  174.65296    3.73133  97.9%  19.6 4241s
 117165 96357   35.04743 4658   56  174.65296    3.73133  97.9%  19.6 4251s
 118088 97199   35.04743 4667   56  174.65296    3.73133  97.9%  19.6 4262s
 119014 97754  149.34893 4673   54  174.65296    3.73133  97.9%  19.7 4268s
 119574 98565   35.04743 4676   56  174.65296    3.73133  97.9%  19.6 4278s
 120473 99069  149.34893 4684   54  174.65296    3.73133  97.9%  19.6 4286s
 121068 101981   35.04743 4694   56  174.65296    3.73133  97.9%  19.7 4453s
 124261 102065   35.04743 4736   56  174.65296    3.73133  97.9%  19.8 4458s
 124346 103726   35.04743 4740   56  174.65296    3.73133  97.9%  19.8 4471s
 126021 104525   35.04743 4748   56  174.65296    3.73133  97.9%  19.7 4480s
 126833 105863   35.04743 4755   56  174.65296    3.73133  97.9%  19.7 4495s
 128220 106469   35.04743 4763   56  174.65296    3.73133  97.9%  19.7 4502s
 128882 107396   35.04743 4769   56  174.65296    3.73133  97.9%  19.7 4512s
 129893 107758   35.04743 4777   56  174.65296    3.73133  97.9%  19.8 4517s
 130326 108182   35.04743 4781   56  174.65296    3.73133  97.9%  19.8 4525s
 130846 108472   35.04743 4790   56  174.65296    3.73133  97.9%  19.8 4533s
 131188 108779   35.04743 4799   56  174.65296    3.73133  97.9%  19.9 4540s
 131537 108935   35.04743 4808   56  174.65296    3.73133  97.9%  20.0 4546s
 131713 109225   35.04743 4814   56  174.65296    3.73133  97.9%  20.0 4553s
 132012 109459   35.04743 4824   56  174.65296    3.73133  97.9%  20.1 4561s
 132284 109697   35.04743 4834   56  174.65296    3.73133  97.9%  20.2 4567s
 132537 109754   35.04743 4844   56  174.65296    3.73133  97.9%  20.3 4571s
 132606 109998  156.00090 4847   54  174.65296    3.73133  97.9%  20.3 4578s
 132886 110238   35.04743 4857   56  174.65296    3.73133  97.9%  20.4 4586s
 133194 110455   35.04743 4867   56  174.65296    3.73133  97.9%  20.5 4593s
 133526 110564   35.04743 4877   56  174.65296    3.73133  97.9%  20.5 4599s
 133705 110752   35.04743 4885   56  174.65296    3.73133  97.9%  20.6 4606s
 134012 111086   35.04743 4898   56  174.65296    3.73133  97.9%  20.7 4614s
 134441 111202   35.04743 4912   56  174.65296    3.73133  97.9%  20.8 4619s
 134605 111702  149.34567 4916   54  174.65296    3.73133  97.9%  20.8 4628s
 135134 112213  149.34893 4928   54  174.65296    3.73133  97.9%  20.9 4637s
 135655 113754   35.04743 4947   56  174.65296    3.73133  97.9%  20.9 4797s
 137267 113938   35.04743 5056   56  174.65296    3.73133  97.9%  21.1 4805s
 137487 114620   91.19793 5069   54  174.65296    3.73133  97.9%  21.1 4823s
 138314 115404   35.04743 5127   56  174.65296    3.73133  97.9%  21.1 4840s
 139158 116074   35.06234 5162   57  174.65296    3.73133  97.9%  21.2 4856s
 140059 117013   35.07382 5176   56  174.65296    3.73133  97.9%  21.2 4872s
 141092 117875   35.43887 5196   56  174.65296    3.73133  97.9%  21.2 4883s
 141979 120700   69.20163 5204   52  174.65296    3.73133  97.9%  21.2 4907s
 144845 122109   39.81183 5221   54  174.65296    3.73133  97.9%  21.0 4926s
 146344 123539  148.82263 5235   52  174.65296    3.73133  97.9%  20.9 4943s
 147999 124679   39.81183 5252   54  174.65296    3.73133  97.9%  20.8 4960s
 149395 125791   39.81183 5263   54  174.65296    3.73133  97.9%  20.7 4973s
 150709 129210   39.81183 5276   54  174.65296    3.73133  97.9%  20.6 5136s
 154328 129282   39.81183 5363   54  174.65296    3.73133  97.9%  20.4 5140s
 154405 130708  104.90107 5369   52  174.65296    3.73133  97.9%  20.5 5151s
 155847 131316   39.81183 5387   54  174.65296    3.73133  97.9%  20.3 5159s
 156486 132277   39.81183 5401   54  174.65296    3.73133  97.9%  20.3 5169s
 156841 132277  124.81917 2807   50  174.65296    3.73133  97.9%  20.3 5170s
 157544 132792  123.42653 5415   52  174.65296    3.73133  97.9%  20.3 5177s
 158167 132943   39.81183 5429   54  174.65296    3.73133  97.9%  20.2 5181s
 158368 133407  123.42653 5433   52  174.65296    3.73133  97.9%  20.2 5188s
 158893 134755  153.51840 5442   52  174.65296    3.73133  97.9%  20.2 5199s
 160302 135675   39.81183 5451   54  174.65296    3.73133  97.9%  20.1 5208s
 161323 136406  156.82944 5458   53  174.65296    3.73133  97.9%  20.0 5217s
 162160 137424   39.81183 5464   54  174.65296    3.73133  97.9%  20.0 5228s
 163250 137688   39.81183 5470   54  174.65296    3.73133  97.9%  20.0 5232s
 163547 138877   39.81183 5473   54  174.65296    3.73133  97.9%  20.0 5241s
 164801 139454   39.81183 5487   54  174.65296    3.73133  97.9%  19.9 5249s
 165430 141536   39.81183 5498   54  174.65296    3.73133  97.9%  19.9 5408s
 167548 141658  148.82263 5561   52  174.65296    3.73133  97.9%  20.1 5413s
 167670 142326   69.20163 5568   52  174.65296    3.73133  97.9%  20.1 5425s
 168355 143618   51.67673 5593   52  174.65296    3.73133  97.9%  20.2 5444s
 169738 144092   59.17637 5636   50  174.65296    3.73133  97.9%  20.2 5454s
 170254 144628   82.71553 5667   50  174.65296    3.73133  97.9%  20.2 5466s
 170933 145527   53.36418 5689   52  174.65296    3.73133  97.9%  20.2 5477s
 171871 146384  153.82900 5700   50  174.65296    3.73133  97.9%  20.2 5490s
 172757 147195   98.43197 5728   50  174.65296    3.73133  97.9%  20.2 5500s
 173576 148999  143.39097 5753   48  174.65296    3.73133  97.9%  20.2 5515s
 175426 149096   98.43197 5783   50  174.65296    3.73133  97.9%  20.1 5520s
 175532 149690   98.43197 5791   50  174.65296    3.73133  97.9%  20.1 5528s
 176144 150958   98.43197 5808   50  174.65296    3.73133  97.9%  20.2 5543s
 177475 151686   98.43197 5831   50  174.65296    3.73133  97.9%  20.1 5555s
 178369 152288   98.43197 5862   50  174.65296    3.73133  97.9%  20.1 5565s
 179105 153112  131.74923 5900   48  174.65296    3.73133  97.9%  20.2 5577s
 180033 155313  155.63960 5932   48  174.65296    3.73133  97.9%  20.2 5730s
 182390 155932  155.77220 5970   48  174.65296    3.73133  97.9%  20.2 5739s
 183070 157322   98.43197 5985   50  174.65296    3.73133  97.9%  20.2 5754s
 184535 158030  102.16330 6018   48  174.65296    3.73133  97.9%  20.1 5766s
 185327 158500   98.45478 6057   50  174.65296    3.73133  97.9%  20.1 5772s
 185804 159429   98.45478 6068   50  174.65296    3.73133  97.9%  20.0 5782s
 186759 161226   98.45478 6095   50  174.65296    3.73133  97.9%  20.0 5797s
 188574 162391   98.45478 6122   50  174.65296    3.73133  97.9%  19.9 5808s
 189751 162751  105.98458 6147   48  174.65296    3.73133  97.9%  19.8 5814s
 190117 163215   98.47441 6177   51  174.65296    3.73133  97.9%  19.8 5822s
 190587 163538   98.49395 6192   50  174.65296    3.73133  97.9%  19.8 5828s
 190919 164232  105.98458 6201   48  174.65296    3.73133  97.9%  19.8 5838s
 191659 164468  150.83428 6224   44  174.65296    3.73133  97.9%  19.8 5843s
 191956 165335  105.98458 6245   48  174.65296    3.73133  97.9%  19.9 5854s
 192865 165722  105.98458 6270   48  174.65296    3.73133  97.9%  19.9 5861s
 193292 166106  146.61128 6289   46  174.65296    3.73133  97.9%  19.9 5868s
 193737 166784  106.96177 6309   48  174.65296    3.73133  97.9%  19.9 5877s
 194434 167468  106.96177 6331   48  174.65296    3.73133  97.9%  19.9 5887s
 195183 169225  150.89923 6352   46  174.65296    3.73133  97.9%  19.9 6039s
 197087 169395  106.96177 6413   48  174.65296    3.73133  97.9%  19.9 6045s
 197285 169937  106.96177 6426   48  174.65296    3.73133  97.9%  19.9 6057s
 197960 170359  106.96177 6462   48  174.65296    3.73133  97.9%  19.9 6067s
 198484 171060  106.96177 6498   48  174.65296    3.73133  97.9%  20.0 6080s
 199212 171726  106.96177 6560   48  174.65296    3.73133  97.9%  20.0 6094s
 199940 172270  106.96545 6598   48  174.65296    3.73133  97.9%  20.1 6102s
 200499 173386  107.05049 6615   51  174.65296    3.73133  97.9%  20.0 6120s
 201663 174001  162.73151 6647   46  174.65296    3.73133  97.9%  20.0 6134s
 202387 174785  133.61593 6693   42  174.65296    3.73133  97.9%  20.0 6149s
 203204 175317  133.61593 6745   42  174.65296    3.73133  97.9%  20.0 6161s
 203761 175957  139.85232 6784   41  174.65296    3.73133  97.9%  20.0 6175s
 204485 176096  133.62959 6830   43  174.65296    3.73133  97.9%  20.1 6181s
 204694 176857 infeasible 6854       174.65296    3.73133  97.9%  20.1 6195s
 205570 178128  133.62959 6903   43  174.65296    3.73133  97.9%  20.1 6214s
 206888 179025  133.62959 6960   43  174.65296    3.73133  97.9%  20.1 6232s
 208120 179618  137.63125 7008   42  174.65296    3.73133  97.9%  20.1 6245s
 208867 180321  146.97238 7044   39  174.65296    3.73133  97.9%  20.1 6257s
 209642 182600  140.51032 7108   41  174.65296    3.73133  97.9%  20.1 6410s
 212112 182963  140.51036 7202   41  174.65296    3.73133  97.9%  20.1 6416s
 212519 184220  147.77305 7213   39  174.65296    3.73133  97.9%  20.0 6428s
 213823 185151  153.37152 7238   37  174.65296    3.73133  97.9%  20.0 6439s
 214827 185635  158.78418 7273   35  174.65296    3.73133  97.9%  19.9 6448s
 215510 187164  152.45768 7303   37  174.65296    3.73133  97.9%  19.9 6458s
 217165 188440  152.45768 7334   37  174.65296    3.73133  97.9%  19.8 6468s
 218480 189108  159.59402 7362   35  174.65296    3.73133  97.9%  19.7 6477s
 219231 190166 infeasible 7386       174.65296    3.73133  97.9%  19.7 6486s
 220317 190370  152.45781 7407   37  174.65296    3.73133  97.9%  19.6 6490s
 220557 192043  152.45781 7419   37  174.65296    3.73133  97.9%  19.6 6502s
 222285 193522  159.59402 7438   35  174.65296    3.73133  97.9%  19.5 6513s
 223796 194805  158.78418 7462   35  174.65296    3.73133  97.9%  19.4 6524s
 225106 197700  163.65608 7483   33  174.65296    3.73133  97.9%  19.3 6681s
 228503 198936    3.73133 1197   58  174.65296    3.73133  97.9%  19.3 6691s
 229711 200552   10.07340 1748   56  174.65296    3.73133  97.9%  19.2 6704s
 231387 202183   10.07340 1832   56  174.65296    3.73133  97.9%  19.1 6717s
 233046 202280   10.07340 1913   56  174.65296    3.73133  97.9%  19.0 6720s
 233152 203474   10.07340 1920   56  174.65296    3.73133  97.9%  19.1 6732s
 234375 204631   10.07340 1961   56  174.65296    3.73133  97.9%  19.0 6743s
 235581 205288   10.07340 2005   56  174.65296    3.73133  97.9%  19.0 6753s
 236307 206204   10.07340 2053   56  174.65296    3.73133  97.9%  19.0 6763s
 237283 207784   18.80473 2132   54  174.65296    3.73133  97.9%  19.0 6774s
 238905 209139   18.80473 2186   54  174.65296    3.73133  97.9%  18.9 6785s
 240324 211320   18.80473 2263   54  174.65296    3.73133  97.9%  18.8 6941s
 242726 212268   26.27300 2573   52  174.65296    3.73133  97.9%  18.8 6954s
 243722 214829   26.27300 2902   52  174.65296    3.73133  97.9%  18.8 6976s
 246403 216915   64.49673 3903   46  174.65296    3.73133  97.9%  18.7 6994s
 248587 217456   77.47683 4716   42  174.65296    3.73133  97.9%  18.6 7003s
 249239 219273   77.47683 4771   42  174.65296    3.73133  97.9%  18.6 7019s
 251292 220032   99.48895 5489   34  174.65296    3.73133  97.9%  18.5 7030s
 252324 222157  106.30627 5777   32  174.65296    3.73133  97.9%  18.5 7044s
 253375 222157 infeasible 5225       174.65296    3.73133  97.9%  18.4 7045s
 254718 225231  160.49887 6153   20  174.65296    3.73133  97.9%  18.3 7061s
 257902 226973   12.46267 1399   56  174.65296    3.73133  97.9%  18.2 7200s

Cutting planes:
  Gomory: 65
  Implied bound: 122
  Projected implied bound: 231
  MIR: 34
  Flow cover: 65
  Relax-and-lift: 2288

Explored 259721 nodes (4724442 simplex iterations) in 7201.07 seconds (8217.67 work units)
Thread count was 16 (of 16 available processors)

Solution count 10: 174.653 174.653 174.653 ... 176.045

Time limit reached
Best objective 1.746529629348e+02, best bound 3.731333333333e+00, gap 97.8636%

User-callback calls 1044689, time in user-callback 5.80 sec
