
Gurobi 12.0.1 (win64) logging started Sat Sep 20 06:05:50 2025

Set parameter LogFile to value "log_group_6/bound_Expr90_s5_l1051_s11_e12_o20_d40_t7200_s20_1_1_1_1.log"
Gurobi Optimizer version 12.0.1 build v12.0.1rc0 (win64 - Windows Server 2022.0 (20348.2))

CPU model: Intel(R) Xeon(R) Gold 6336Y CPU @ 2.40GHz, instruction set [SSE2|AVX|AVX2|AVX512]
Thread count: 48 physical cores, 96 logical processors, using up to 32 threads

Non-default parameters:
TimeLimit  7200

Optimize a model with 154109 rows, 150310 columns and 2144090 nonzeros
Model fingerprint: 0x0f964579
Variable types: 310 continuous, 150000 integer (150000 binary)
Coefficient statistics:
  Matrix range     [1e+00, 9e+02]
  Objective range  [1e+00, 1e+00]
  Bounds range     [1e+00, 1e+03]
  RHS range        [1e+00, 9e+02]
Presolve removed 147685 rows and 144770 columns
Presolve time: 0.62s
Presolved: 6424 rows, 5540 columns, 65085 nonzeros
Variable types: 290 continuous, 5250 integer (5250 binary)
Found heuristic solution: objective 280.8357667
Performing another presolve...
Presolve removed 5523 rows and 4935 columns
Presolve time: 0.61s
Found heuristic solution: objective 187.7007667

Root relaxation: objective 1.086411e+02, 517 iterations, 0.02 seconds (0.01 work units)

    Nodes    |    Current Node    |     Objective Bounds      |     Work
 Expl Unexpl |  Obj  Depth IntInf | Incumbent    BestBd   Gap | It/Node Time

     0     0  108.64107    0   50  187.70077  108.64107  42.1%     -    1s
H    0     0                     164.4276000  108.64107  33.9%     -    1s
     0     0  108.64107    0   61  164.42760  108.64107  33.9%     -    1s
     0     0  108.64107    0   10  164.42760  108.64107  33.9%     -    1s
H    0     0                     147.4571000  108.64107  26.3%     -    1s
H    0     0                     144.4635000  108.64107  24.8%     -    1s
H    0     0                     120.9370667  108.64107  10.2%     -    1s
H    0     0                     118.0708667  108.64107  7.99%     -    1s
     0     0  108.64107    0   42  118.07087  108.64107  7.99%     -    1s
     0     0  108.64107    0   51  118.07087  108.64107  7.99%     -    1s
     0     0  109.35933    0   13  118.07087  109.35933  7.38%     -    1s
     0     0  109.36477    0   11  118.07087  109.36477  7.37%     -    1s
     0     0  109.40259    0   11  118.07087  109.40259  7.34%     -    1s
     0     0  111.79057    0   11  118.07087  111.79057  5.32%     -    1s
     0     0  114.66744    0    7  118.07087  114.66744  2.88%     -    1s
     0     0  117.06071    0    9  118.07087  117.06071  0.86%     -    1s
     0     0  117.17707    0    4  118.07087  117.17707  0.76%     -    1s

Cutting planes:
  Implied bound: 3
  MIR: 2
  Relax-and-lift: 1

Explored 1 nodes (1987 simplex iterations) in 1.90 seconds (2.05 work units)
Thread count was 32 (of 96 available processors)

Solution count 7: 118.071 120.937 144.463 ... 280.836

Optimal solution found (tolerance 1.00e-04)
Best objective 1.180708666666e+02, best bound 1.180708666666e+02, gap 0.0000%

User-callback calls 406, time in user-callback 0.00 sec

Gurobi 12.0.1 (win64) logging started Sat Sep 20 08:10:10 2025

Set parameter LogFile to value "log_group_6/bound_Expr90_s5_l1051_s11_e12_o20_d40_t7200_s20_1_1_1_1.log"
Gurobi Optimizer version 12.0.1 build v12.0.1rc0 (win64 - Windows Server 2022.0 (20348.2))

CPU model: Intel(R) Xeon(R) Gold 6336Y CPU @ 2.40GHz, instruction set [SSE2|AVX|AVX2|AVX512]
Thread count: 48 physical cores, 96 logical processors, using up to 32 threads

Non-default parameters:
TimeLimit  7200

Optimize a model with 154109 rows, 150310 columns and 2144090 nonzeros
Model fingerprint: 0x0f964579
Variable types: 310 continuous, 150000 integer (150000 binary)
Coefficient statistics:
  Matrix range     [1e+00, 9e+02]
  Objective range  [1e+00, 1e+00]
  Bounds range     [1e+00, 1e+03]
  RHS range        [1e+00, 9e+02]
Presolve removed 147685 rows and 144770 columns
Presolve time: 0.68s
Presolved: 6424 rows, 5540 columns, 65085 nonzeros
Variable types: 290 continuous, 5250 integer (5250 binary)
Found heuristic solution: objective 280.8357667
Performing another presolve...
Presolve removed 5523 rows and 4935 columns
Presolve time: 0.67s
Found heuristic solution: objective 187.7007667

Root relaxation: objective 1.086411e+02, 517 iterations, 0.02 seconds (0.01 work units)

    Nodes    |    Current Node    |     Objective Bounds      |     Work
 Expl Unexpl |  Obj  Depth IntInf | Incumbent    BestBd   Gap | It/Node Time

     0     0  108.64107    0   50  187.70077  108.64107  42.1%     -    1s
H    0     0                     164.4276000  108.64107  33.9%     -    1s
     0     0  108.64107    0   61  164.42760  108.64107  33.9%     -    1s
     0     0  108.64107    0   10  164.42760  108.64107  33.9%     -    1s
H    0     0                     147.4571000  108.64107  26.3%     -    1s
H    0     0                     144.4635000  108.64107  24.8%     -    2s
H    0     0                     120.9370667  108.64107  10.2%     -    2s
H    0     0                     118.0708667  108.64107  7.99%     -    2s
     0     0  108.64107    0   42  118.07087  108.64107  7.99%     -    2s
     0     0  108.64107    0   51  118.07087  108.64107  7.99%     -    2s
     0     0  109.35933    0   13  118.07087  109.35933  7.38%     -    2s
     0     0  109.36477    0   11  118.07087  109.36477  7.37%     -    2s
     0     0  109.40259    0   11  118.07087  109.40259  7.34%     -    2s
     0     0  111.79057    0   11  118.07087  111.79057  5.32%     -    2s
     0     0  114.66744    0    7  118.07087  114.66744  2.88%     -    2s
     0     0  117.06071    0    9  118.07087  117.06071  0.86%     -    2s
     0     0  117.17707    0    4  118.07087  117.17707  0.76%     -    2s

Cutting planes:
  Implied bound: 3
  MIR: 2
  Relax-and-lift: 1

Explored 1 nodes (1987 simplex iterations) in 2.10 seconds (2.05 work units)
Thread count was 32 (of 96 available processors)

Solution count 7: 118.071 120.937 144.463 ... 280.836

Optimal solution found (tolerance 1.00e-04)
Best objective 1.180708666666e+02, best bound 1.180708666666e+02, gap 0.0000%

User-callback calls 441, time in user-callback 0.00 sec
