
Gurobi 12.0.1 (win64) logging started Sat Sep 20 06:03:17 2025

Set parameter LogFile to value "log_group_6/bound_Expr80_s3_l1051_s11_e12_o10_d20_t7200_s10_1_1_1_1.log"
Gurobi Optimizer version 12.0.1 build v12.0.1rc0 (win64 - Windows Server 2022.0 (20348.2))

CPU model: Intel(R) Xeon(R) Gold 6336Y CPU @ 2.40GHz, instruction set [SSE2|AVX|AVX2|AVX512]
Thread count: 48 physical cores, 96 logical processors, using up to 32 threads

Non-default parameters:
TimeLimit  7200

Optimize a model with 18994 rows, 18180 columns and 237914 nonzeros
Model fingerprint: 0xc58fc4ca
Variable types: 180 continuous, 18000 integer (18000 binary)
Coefficient statistics:
  Matrix range     [6e-01, 8e+02]
  Objective range  [1e+00, 1e+00]
  Bounds range     [1e+00, 1e+03]
  RHS range        [1e+00, 8e+02]
Presolve removed 17787 rows and 17269 columns
Presolve time: 0.21s
Presolved: 1207 rows, 911 columns, 11542 nonzeros
Variable types: 108 continuous, 803 integer (801 binary)
Found heuristic solution: objective 207.9258667

Root relaxation: objective 3.445033e+01, 513 iterations, 0.02 seconds (0.02 work units)

    Nodes    |    Current Node    |     Objective Bounds      |     Work
 Expl Unexpl |  Obj  Depth IntInf | Incumbent    BestBd   Gap | It/Node Time

     0     0   34.45033    0   18  207.92587   34.45033  83.4%     -    0s
H    0     0                     164.2450667   34.45033  79.0%     -    0s
     0     0   34.45033    0  100  164.24507   34.45033  79.0%     -    0s
H    0     0                     139.3905667   34.45033  75.3%     -    0s
H    0     0                      88.0948667   34.45033  60.9%     -    0s
     0     0   34.45033    0   25   88.09487   34.45033  60.9%     -    0s
H    0     0                      84.3741667   34.45033  59.2%     -    0s
H    0     0                      78.6366667   34.45033  56.2%     -    0s
H    0     0                      78.2358667   34.45033  56.0%     -    0s
     0     0   34.45033    0   25   78.23587   34.45033  56.0%     -    0s
H    0     0                      76.6332667   36.79583  52.0%     -    0s
     0     0   36.79583    0   30   76.63327   36.79583  52.0%     -    0s
H    0     0                      65.6777667   36.79583  44.0%     -    0s
H    0     0                      64.4513667   36.79583  42.9%     -    0s
H    0     0                      60.7306667   36.79583  39.4%     -    0s
     0     0   36.79583    0   53   60.73067   36.79583  39.4%     -    0s
H    0     0                      56.0348667   36.79583  34.3%     -    0s
     0     0   36.79583    0   18   56.03487   36.79583  34.3%     -    0s
H    0     0                      53.6058667   36.79583  31.4%     -    0s
     0     2   36.79583    0   18   53.60587   36.79583  31.4%     -    0s

Cutting planes:
  Cover: 3
  Implied bound: 169
  MIR: 9
  Inf proof: 1
  Zero half: 6
  RLT: 13
  Relax-and-lift: 4

Explored 657 nodes (16541 simplex iterations) in 1.05 seconds (1.01 work units)
Thread count was 32 (of 96 available processors)

Solution count 10: 53.6059 56.0349 60.7307 ... 88.0949

Optimal solution found (tolerance 1.00e-04)
Best objective 5.360586666665e+01, best bound 5.360586666665e+01, gap 0.0000%

User-callback calls 2440, time in user-callback 0.01 sec

Gurobi 12.0.1 (win64) logging started Sat Sep 20 08:07:51 2025

Set parameter LogFile to value "log_group_6/bound_Expr80_s3_l1051_s11_e12_o10_d20_t7200_s10_1_1_1_1.log"
Gurobi Optimizer version 12.0.1 build v12.0.1rc0 (win64 - Windows Server 2022.0 (20348.2))

CPU model: Intel(R) Xeon(R) Gold 6336Y CPU @ 2.40GHz, instruction set [SSE2|AVX|AVX2|AVX512]
Thread count: 48 physical cores, 96 logical processors, using up to 32 threads

Non-default parameters:
TimeLimit  7200

Optimize a model with 18994 rows, 18180 columns and 237914 nonzeros
Model fingerprint: 0xc58fc4ca
Variable types: 180 continuous, 18000 integer (18000 binary)
Coefficient statistics:
  Matrix range     [6e-01, 8e+02]
  Objective range  [1e+00, 1e+00]
  Bounds range     [1e+00, 1e+03]
  RHS range        [1e+00, 8e+02]
Presolve removed 17787 rows and 17269 columns
Presolve time: 0.18s
Presolved: 1207 rows, 911 columns, 11542 nonzeros
Variable types: 108 continuous, 803 integer (801 binary)
Found heuristic solution: objective 207.9258667

Root relaxation: objective 3.445033e+01, 513 iterations, 0.01 seconds (0.02 work units)

    Nodes    |    Current Node    |     Objective Bounds      |     Work
 Expl Unexpl |  Obj  Depth IntInf | Incumbent    BestBd   Gap | It/Node Time

     0     0   34.45033    0   18  207.92587   34.45033  83.4%     -    0s
H    0     0                     164.2450667   34.45033  79.0%     -    0s
     0     0   34.45033    0  100  164.24507   34.45033  79.0%     -    0s
H    0     0                     139.3905667   34.45033  75.3%     -    0s
H    0     0                      88.0948667   34.45033  60.9%     -    0s
     0     0   34.45033    0   25   88.09487   34.45033  60.9%     -    0s
H    0     0                      84.3741667   34.45033  59.2%     -    0s
H    0     0                      78.6366667   34.45033  56.2%     -    0s
H    0     0                      78.2358667   34.45033  56.0%     -    0s
     0     0   34.45033    0   25   78.23587   34.45033  56.0%     -    0s
H    0     0                      76.6332667   36.79583  52.0%     -    0s
     0     0   36.79583    0   30   76.63327   36.79583  52.0%     -    0s
H    0     0                      65.6777667   36.79583  44.0%     -    0s
H    0     0                      64.4513667   36.79583  42.9%     -    0s
H    0     0                      60.7306667   36.79583  39.4%     -    0s
     0     0   36.79583    0   53   60.73067   36.79583  39.4%     -    0s
H    0     0                      56.0348667   36.79583  34.3%     -    0s
     0     0   36.79583    0   18   56.03487   36.79583  34.3%     -    0s
H    0     0                      53.6058667   36.79583  31.4%     -    0s
     0     2   36.79583    0   18   53.60587   36.79583  31.4%     -    0s

Cutting planes:
  Cover: 3
  Implied bound: 169
  MIR: 9
  Inf proof: 1
  Zero half: 6
  RLT: 13
  Relax-and-lift: 4

Explored 657 nodes (16541 simplex iterations) in 0.98 seconds (1.01 work units)
Thread count was 32 (of 96 available processors)

Solution count 10: 53.6059 56.0349 60.7307 ... 88.0949

Optimal solution found (tolerance 1.00e-04)
Best objective 5.360586666665e+01, best bound 5.360586666665e+01, gap 0.0000%

User-callback calls 2433, time in user-callback 0.00 sec
