
Gurobi 10.0.3 (win64) logging started Sun Sep 21 04:01:27 2025

Set parameter LogFile to value "log_group_6/bound_Expr268_s5_l1051_s11_e12_o20_d42_t1200_s13_0_0_1_1.log"
Gurobi Optimizer version 10.0.3 build v10.0.3rc0 (win64)

CPU model: 11th Gen Intel(R) Core(TM) i7-11700 @ 2.50GHz, instruction set [SSE2|AVX|AVX2|AVX512]
Thread count: 8 physical cores, 16 logical processors, using up to 16 threads

Optimize a model with 155970 rows, 155310 columns and 1631490 nonzeros
Model fingerprint: 0xfa97a5e8
Variable types: 310 continuous, 155000 integer (155000 binary)
Coefficient statistics:
  Matrix range     [1e+00, 9e+02]
  Objective range  [1e+00, 1e+00]
  Bounds range     [1e+00, 1e+03]
  RHS range        [1e+00, 9e+02]
Presolve removed 155259 rows and 154698 columns
Presolve time: 3.83s
Presolved: 711 rows, 612 columns, 8690 nonzeros
Variable types: 58 continuous, 554 integer (552 binary)
Found heuristic solution: objective 406.2799999
Found heuristic solution: objective 284.3769999

Root relaxation: objective 1.039658e+02, 215 iterations, 0.00 seconds (0.00 work units)

    Nodes    |    Current Node    |     Objective Bounds      |     Work
 Expl Unexpl |  Obj  Depth IntInf | Incumbent    BestBd   Gap | It/Node Time

     0     0  103.96583    0   16  284.37700  103.96583  63.4%     -    3s
H    0     0                     277.7148999  103.96583  62.6%     -    3s
H    0     0                     126.1500665  103.96583  17.6%     -    3s
H    0     0                     125.2715665  103.96583  17.0%     -    3s
     0     0  103.96583    0   22  125.27157  103.96583  17.0%     -    4s
     0     0  103.96583    0   20  125.27157  103.96583  17.0%     -    4s
H    0     0                     121.8793999  103.96583  14.7%     -    4s
     0     0  103.96583    0   20  121.87940  103.96583  14.7%     -    4s
     0     0  103.96583    0   16  121.87940  103.96583  14.7%     -    4s
     0     0  103.96583    0   16  121.87940  103.96583  14.7%     -    4s
     0     0  103.96583    0   16  121.87940  103.96583  14.7%     -    4s
     0     0  103.96583    0   18  121.87940  103.96583  14.7%     -    4s
H    0     0                     121.8793998  103.96583  14.7%     -    4s
     0     0  103.96583    0   20  121.87940  103.96583  14.7%     -    4s
     0     0  103.96583    0   18  121.87940  103.96583  14.7%     -    4s
     0     0  103.96583    0   16  121.87940  103.96583  14.7%     -    4s
H    0     0                     121.8208999  103.96583  14.7%     -    4s
     0     2  103.96583    0   16  121.82090  103.96583  14.7%     -    4s
H   79    86                     121.8208990  103.96583  14.7%   9.7    4s
   265   259  103.96583   37   16  121.82090  103.96583  14.7%   5.3    5s
H 1041  1141                     121.8208979  103.96583  14.7%   4.1    5s
  1480  1330  114.75086   64    6  121.82090  114.75086  5.80%   5.4   10s
H 1512  1285                     121.8208978  116.51550  4.36%   6.2   13s
H 1518  1224                     121.8208977  116.51550  4.36%   6.2   14s
H 1557  1192                     121.8208974  116.51550  4.36%   6.5   14s
H 1586  1157                     121.8208970  116.51550  4.36%   6.5   14s
H 1588  1100                     121.8208964  116.51550  4.36%   6.5   14s
H 1975  1276                     121.8208956  116.51550  4.36%   5.9   14s
  2684  1566  116.51550  107    6  121.82090  116.51550  4.36%   5.1   15s
H 2685  1515                     121.8208954  116.51550  4.36%   5.1   15s
H 2692  1465                     121.8208952  116.51550  4.36%   5.1   15s
 30582 17556 infeasible  179       121.82090  116.51550  4.36%   2.7   21s
 73089 42669  118.40263  173    6  121.82090  116.51550  4.36%   2.5   25s
H87952 50478                     121.8208950  116.51550  4.36%   2.5   26s
 120381 71587  117.92074  178    2  121.82089  116.51550  4.36%   2.4   30s
H159980 98282                     121.8208920  116.51550  4.36%   2.5   33s
H160392 98932                     121.8207227  116.51550  4.35%   2.5   34s
 165421 101746     cutoff  153       121.82072  116.51550  4.35%   2.5   35s
 217856 136001  117.51070  142    6  121.82072  116.51550  4.35%   2.4   40s
 265609 169058  119.75790   67    2  121.82072  116.51550  4.35%   2.4   45s
 309378 200285  117.90730   73    2  121.82072  116.51550  4.35%   2.4   50s
 358423 231924     cutoff  111       121.82072  116.51550  4.35%   2.4   55s
 406771 261371  120.46444  163    4  121.82072  116.51550  4.35%   2.4   60s
 449798 287308  117.49390  169    6  121.82072  116.51550  4.35%   2.5   65s
 488195 311228  116.51550  129    6  121.82072  116.51550  4.35%   2.5   70s
 531261 337106     cutoff  139       121.82072  116.51550  4.35%   2.5   75s
 573389 367513  120.52720  160    6  121.82072  116.51550  4.35%   2.5   80s
 617550 387689  117.53921  170    9  121.82072  116.51550  4.35%   2.5   85s
 655923 409389  117.52720  114    4  121.82072  116.51550  4.35%   2.5   90s
 696672 433175     cutoff  137       121.82072  116.51550  4.35%   2.5   95s
 734938 454264  120.52015  242    2  121.82072  116.51550  4.35%   2.5  100s
 768103 472001  118.29377  223    6  121.82072  116.51550  4.35%   2.5  105s
 813898 497806  119.60370  184    4  121.82072  116.51550  4.35%   2.6  110s
 860005 523703  117.52720  127    6  121.82072  116.51550  4.35%   2.6  115s
 904142 550171     cutoff  177       121.82072  116.51550  4.35%   2.6  120s
 948378 574862  119.51730   90    4  121.82072  116.51550  4.35%   2.6  125s
 994357 600054 infeasible  176       121.82072  116.51550  4.35%   2.6  130s
H1007507 607423                     121.8137202  116.51550  4.35%   2.6  131s
 1027084 617076     cutoff  202       121.81372  116.51932  4.35%   2.6  135s
 1085256 645688  117.92426  120    2  121.81372  116.63460  4.25%   2.6  140s
 1146917 672479  118.59917  181    2  121.81372  116.63460  4.25%   2.6  145s
 1207251 695514     cutoff  111       121.81372  116.63460  4.25%   2.6  150s
 1263124 715801  118.83260  227    6  121.81372  116.63460  4.25%   2.6  155s
 1319705 735791     cutoff  120       121.81372  116.63460  4.25%   2.6  160s
 1374353 755754  118.66924  121    2  121.81372  116.63460  4.25%   2.6  165s
 1435780 780219     cutoff  180       121.81372  116.63460  4.25%   2.6  170s
 1493365 799857     cutoff  182       121.81372  116.63460  4.25%   2.6  175s
 1545282 815321  117.83260  159    2  121.81372  116.63460  4.25%   2.6  180s
 1602130 835393  117.91900  227    2  121.81372  116.76600  4.14%   2.6  185s
 1663027 859518  119.01713  235    8  121.81372  117.27217  3.73%   2.6  190s
 1721465 888230  118.29377  218    4  121.81372  117.27217  3.73%   2.6  195s
 1781012 917511 infeasible  229       121.81372  117.39127  3.63%   2.6  200s
 1837408 930837  120.27397  136    4  121.81372  117.49390  3.55%   2.6  205s
 1889192 958513  117.49390  172    6  121.81372  117.49390  3.55%   2.6  210s
 1941751 987988  119.75790   91    2  121.81372  117.49390  3.55%   2.6  215s
 2003579 1022530     cutoff  158       121.81372  117.49390  3.55%   2.6  220s
 2054731 1052135  121.22443  153    6  121.81372  117.49390  3.55%   2.6  225s
 2113510 1087429  121.51493  115    2  121.81372  117.49390  3.55%   2.6  230s
 2173378 1119679  121.27123  139    2  121.81372  117.49390  3.55%   2.6  235s
 2231955 1150411  120.47122  182    2  121.81372  117.49390  3.55%   2.6  240s
 2283399 1174517  117.84832  136    2  121.81372  117.49390  3.55%   2.6  245s
 2339551 1206338  121.39547  101    2  121.81372  117.49390  3.55%   2.6  250s
 2398248 1234527     cutoff  114       121.81372  117.49390  3.55%   2.6  255s
 2451042 1260970  120.51457  117    8  121.81372  117.49390  3.55%   2.6  260s
 2507394 1292515 infeasible  113       121.81372  117.49390  3.55%   2.6  265s
 2563657 1323934 infeasible  118       121.81372  117.49390  3.55%   2.6  270s
 2614801 1353224  121.27123  136    7  121.81372  117.49390  3.55%   2.6  275s
 2674867 1387218  118.47947  128    4  121.81372  117.49390  3.55%   2.6  280s
 2732961 1419566  119.51730  118    4  121.81372  117.49390  3.55%   2.6  285s
 2787040 1449590     cutoff  123       121.81372  117.49390  3.55%   2.6  290s
 2843041 1482696  120.24445  123    7  121.81372  117.49390  3.55%   2.6  295s
 2902607 1514803  120.51457   99    2  121.81372  117.49390  3.55%   2.6  300s
 2955458 1544758  119.48220   61    4  121.81372  117.49390  3.55%   2.6  305s
 3008472 1574804  120.51668  116    2  121.81372  117.49390  3.55%   2.6  310s
 3065176 1607371 infeasible   93       121.81372  117.49390  3.55%   2.6  315s
 3118453 1636007  121.34867   81    2  121.81372  117.49390  3.55%   2.6  320s
 3173825 1664390  120.46777   98    2  121.81372  117.49390  3.55%   2.6  325s
 3229958 1695011     cutoff  165       121.81372  117.49390  3.55%   2.6  330s
 3282496 1723998  120.51457  129    4  121.81372  117.49390  3.55%   2.6  335s
 3338374 1754434     cutoff  120       121.81372  117.49390  3.55%   2.6  340s
 3396222 1785162  119.48527  181    4  121.81372  117.49390  3.55%   2.6  345s
 3444264 1811606  119.71110   79    2  121.81372  117.49390  3.55%   2.6  350s
 3503608 1844201  120.46777  193    2  121.81372  117.49390  3.55%   2.6  355s
 3556288 1873393  120.48220  181    7  121.81372  117.49390  3.55%   2.6  360s
 3611666 1902104 infeasible  120       121.81372  117.49390  3.55%   2.6  365s
 3672156 1937467  121.27123  120    2  121.81372  117.49390  3.55%   2.6  370s
 3724859 1965605  121.25330  159    2  121.81372  117.49390  3.55%   2.6  375s
 3779338 1994383     cutoff  153       121.81372  117.49390  3.55%   2.6  380s
 3837506 2026571  120.51457  128    2  121.81372  117.49390  3.55%   2.6  385s
 3892945 2057141  119.83521  158    2  121.81372  117.49390  3.55%   2.6  390s
 3947226 2087009 infeasible  105       121.81372  117.49390  3.55%   2.6  395s
 4000111 2113942  118.25057  183    4  121.81372  117.49390  3.55%   2.6  400s
 4053241 2140960  118.25631  254    5  121.81372  117.49390  3.55%   2.6  405s
 4101674 2165683  120.99583  199    5  121.81372  117.49390  3.55%   2.6  410s
 4157870 2194382  121.27123  185    2  121.81372  117.49390  3.55%   2.6  415s
 4215137 2224009  118.25057  146    4  121.81372  117.49390  3.55%   2.6  420s
 4270295 2255320  119.83260   85    2  121.81372  117.49390  3.55%   2.6  425s
 4323649 2282933  120.83260  182    2  121.81372  117.49390  3.55%   2.6  430s
 4381106 2311796  119.48452  137    4  121.81372  117.49390  3.55%   2.6  435s
 4432627 2338996  117.83260  116    2  121.81372  117.49390  3.55%   2.6  440s
 4488269 2370560     cutoff  137       121.81372  117.49390  3.55%   2.6  445s
 4541404 2397492  121.40517  189    2  121.81372  117.49390  3.55%   2.6  450s
 4592335 2422790     cutoff  225       121.81372  117.49390  3.55%   2.6  455s
 4644823 2451141  119.37480  151    2  121.81372  117.49390  3.55%   2.6  460s
 4697621 2478874 infeasible  135       121.81372  117.49390  3.55%   2.6  465s
 4751659 2508517  117.66710  160    4  121.81372  117.49401  3.55%   2.6  470s
 4805470 2540881  120.23947  281    4  121.81372  117.49401  3.55%   2.6  475s
 4864916 2574827     cutoff  208       121.81372  117.49404  3.55%   2.6  480s
 4910293 2599391  120.51803  183    2  121.81372  117.49576  3.54%   2.6  485s
 4955556 2614130  121.22443  188    2  121.81372  117.49599  3.54%   2.6  490s
 5005690 2636738  121.22443  219    2  121.81372  117.49651  3.54%   2.6  495s
 5053505 2662244     cutoff  180       121.81372  117.49698  3.54%   2.6  500s
 5090683 2678013  118.48223  163    4  121.81372  117.49772  3.54%   2.6  505s
 5140094 2700060  120.23887  152    4  121.81372  117.49794  3.54%   2.6  510s
 5180538 2711659     cutoff  162       121.81372  117.49904  3.54%   2.6  515s
 5221106 2728301  120.83260  153    7  121.81372  117.49996  3.54%   2.6  520s
 5258906 2741542  120.51457  259    4  121.81372  117.50206  3.54%   2.6  525s
 5308818 2767697  120.47122  175    2  121.81372  117.50380  3.54%   2.6  530s
 5360532 2792193  121.25330  155    2  121.81372  117.50380  3.54%   2.6  535s
 5410753 2815576  121.48220  110    4  121.81372  117.50380  3.54%   2.6  540s
 5455433 2833379     cutoff  151       121.81372  117.50380  3.54%   2.6  545s
 5500908 2853733  119.48220   89    4  121.81372  117.50380  3.54%   2.6  550s
 5551224 2878894 infeasible   88       121.81372  117.50380  3.54%   2.6  555s
 5605417 2905527  120.59200  197    2  121.81372  117.50380  3.54%   2.6  560s
 5650315 2925592     cutoff  186       121.81372  117.50380  3.54%   2.6  565s
 5695998 2945997     cutoff  154       121.81372  117.50380  3.54%   2.6  570s
 5739175 2964715  120.59200  157    4  121.81372  117.50380  3.54%   2.6  575s
 5786980 2985485  119.75790   87    2  121.81372  117.50560  3.54%   2.6  580s
 5833981 3009571  121.27670   91    2  121.81372  117.50560  3.54%   2.6  585s
 5886755 3039886  121.75790  174    2  121.81372  117.50560  3.54%   2.6  590s
 5937261 3063711     cutoff   99       121.81372  117.50560  3.54%   2.6  595s
 5984322 3086903     cutoff  154       121.81372  117.50560  3.54%   2.6  600s
 6029112 3104422 infeasible  126       121.81372  117.50560  3.54%   2.6  605s
 6075545 3125233  119.38650   85    2  121.81372  117.50560  3.54%   2.6  610s
 6120564 3149200  119.75790   58    2  121.81372  117.50560  3.54%   2.6  615s
 6166383 3172017  120.51457  127    2  121.81372  117.50560  3.54%   2.6  620s
 6213445 3194297  119.75790   96    4  121.81372  117.50560  3.54%   2.6  625s
 6259775 3218877  119.75790   55    2  121.81372  117.50560  3.54%   2.6  630s
 6307035 3243239  119.87034   97    2  121.81372  117.50560  3.54%   2.6  635s
 6349245 3262307  117.62710  121    4  121.81372  117.50560  3.54%   2.6  640s
 6393386 3281585     cutoff  132       121.81372  117.50560  3.54%   2.6  645s
 6438596 3301467  118.26227  193    4  121.81372  117.50560  3.54%   2.6  650s
 6483186 3322166  119.51730   93    4  121.81372  117.50560  3.54%   2.6  655s
 6524456 3342397  121.51457  116    2  121.81372  117.50560  3.54%   2.6  660s
 6573218 3368233  119.75790  142    2  121.81372  117.50560  3.54%   2.6  665s
 6619098 3391804  117.86770  153    2  121.81372  117.50560  3.54%   2.6  670s
 6663910 3415623  120.51524  143    2  121.81372  117.50560  3.54%   2.6  675s
 6710183 3441489  121.27464  131    4  121.81372  117.50560  3.54%   2.6  680s
 6754333 3466103  120.52015  172    2  121.81372  117.50560  3.54%   2.6  685s
 6799636 3488479     cutoff   96       121.81372  117.50560  3.54%   2.6  690s
 6847762 3513318  120.51525  110    2  121.81372  117.50560  3.54%   2.6  695s
 6896833 3541489  121.75790  114    2  121.81372  117.50560  3.54%   2.6  700s
 6943007 3566520  117.62710   87    4  121.81372  117.50560  3.54%   2.6  705s
 6987526 3588169  117.50560  142    5  121.81372  117.50560  3.54%   2.6  710s
 7031739 3610365  119.87034  104    2  121.81372  117.50560  3.54%   2.6  715s
 7076090 3632221  121.51730  100    2  121.81372  117.50560  3.54%   2.6  720s
 7117317 3651373     cutoff  125       121.81372  117.50560  3.54%   2.6  725s
 7157947 3670063  119.71110  166    2  121.81372  117.50560  3.54%   2.6  730s
 7199108 3689352  120.51457  178    4  121.81372  117.50560  3.54%   2.6  735s
 7240962 3709572  121.27670  136    2  121.81372  117.50560  3.54%   2.6  740s
 7286481 3731769  120.46777  175    2  121.81372  117.50560  3.54%   2.6  745s
 7326501 3750878  121.45875  155    2  121.81372  117.50560  3.54%   2.6  750s
 7370207 3770239  119.75790  111    2  121.81372  117.50560  3.54%   2.6  755s
 7415437 3793901  118.50409  106    4  121.81372  117.50573  3.54%   2.6  760s
 7455445 3808332  117.50771  136   12  121.81372  117.50771  3.53%   2.6  765s
 7490822 3822092  120.51457  161    2  121.81372  117.50941  3.53%   2.6  770s
 7523118 3832657  120.46777  258    2  121.81372  117.51055  3.53%   2.6  775s
 7557590 3846314  120.55417  143    2  121.81372  117.52540  3.52%   2.6  780s
 7598604 3864069  119.40802  135    2  121.81372  117.52540  3.52%   2.6  785s
 7642212 3884387  120.55978  156    2  121.81372  117.52540  3.52%   2.6  790s
 7688594 3909084  120.46777  127    2  121.81372  117.52540  3.52%   2.6  795s
 7734172 3933119 infeasible  135       121.81372  117.52540  3.52%   2.6  800s
 7778415 3957146  119.79750  150    9  121.81372  117.52540  3.52%   2.6  805s
 7824231 3981419  120.71110  145    2  121.81372  117.52540  3.52%   2.6  810s
 7864793 4001685  120.55417  134    2  121.81372  117.52540  3.52%   2.6  815s
 7908373 4025822  121.29650  119    2  121.81372  117.52540  3.52%   2.6  820s
 7949892 4048901     cutoff   90       121.81372  117.52540  3.52%   2.6  825s
 7993455 4072218  121.79750  116    2  121.81372  117.52540  3.52%   2.6  830s
 8036529 4094997     cutoff  107       121.81372  117.52540  3.52%   2.6  835s
 8082735 4118907  119.71110   87    2  121.81372  117.52540  3.52%   2.6  840s
 8120684 4140157     cutoff  136       121.81372  117.52540  3.52%   2.6  845s
 8162091 4164101  120.55765  128    2  121.81372  117.52540  3.52%   2.6  850s
 8204734 4187192     cutoff  147       121.81372  117.52540  3.52%   2.6  855s
 8246500 4208033  121.29650  121    2  121.81372  117.52540  3.52%   2.6  860s
 8285981 4229501  121.29650   87    2  121.81372  117.52540  3.52%   2.6  865s
 8326858 4250134  119.79962  145    2  121.81372  117.52540  3.52%   2.5  870s
 8366681 4273176  119.79750   72    2  121.81372  117.52540  3.52%   2.5  875s
 8412450 4300147  121.79750  117    2  121.81372  117.52540  3.52%   2.5  880s
 8451730 4321426  117.52540  133    4  121.81372  117.52540  3.52%   2.5  885s
 8495368 4345867  121.29650  131    2  121.81372  117.52540  3.52%   2.5  890s
 8534945 4368805  121.55417  144    4  121.81372  117.52540  3.52%   2.5  895s
 8579829 4393360     cutoff  145       121.81372  117.52540  3.52%   2.5  900s
 8624129 4419985  121.29650   99    2  121.81372  117.52540  3.52%   2.5  905s
 8663108 4439590  120.55417  129    2  121.81372  117.52540  3.52%   2.5  910s
 8701307 4457057  119.79750  111    2  121.81372  117.52540  3.52%   2.5  915s
 8738024 4475028  120.55417  147    2  121.81372  117.52540  3.52%   2.5  920s
 8776845 4494582  117.52540  115    4  121.81372  117.52540  3.52%   2.5  925s
 8819790 4520033  121.29650  117    2  121.81372  117.52540  3.52%   2.5  930s
 8853339 4539004  119.79961  104    2  121.81372  117.52540  3.52%   2.5  935s
 8897944 4561640     cutoff  126       121.81372  117.52573  3.52%   2.5  940s
 8933658 4580615  120.51804  139    2  121.81372  117.52720  3.52%   2.5  945s
 8970013 4599354  121.51493  151    4  121.81372  117.52720  3.52%   2.5  950s
 9008356 4620023  120.51525  129    2  121.81372  117.52720  3.52%   2.5  955s
 9036813 4631613  121.45875  128    2  121.81372  117.52720  3.52%   2.5  960s
 9065659 4640861     cutoff  153       121.81372  117.52720  3.52%   2.5  965s
 9100105 4656463 infeasible  174       121.81372  117.52720  3.52%   2.5  970s
 9137518 4678263  119.75790   67    2  121.81372  117.52720  3.52%   2.5  975s
 9182023 4703464  119.52341  211    5  121.81372  117.52720  3.52%   2.5  980s
 9221331 4725004     cutoff  114       121.81372  117.52720  3.52%   2.5  985s
 9259875 4746265     cutoff  107       121.81372  117.52720  3.52%   2.5  990s
 9297328 4765607  121.27670   95    2  121.81372  117.52720  3.52%   2.5  995s
 9332970 4782903     cutoff  110       121.81372  117.52720  3.52%   2.5 1000s
 9372868 4803026  119.54700  125    4  121.81372  117.52720  3.52%   2.5 1005s
 9407019 4818625  121.27670  131    2  121.81372  117.52720  3.52%   2.5 1010s
 9437873 4831889  121.75790  130    2  121.81372  117.52720  3.52%   2.5 1015s
 9476548 4850258  117.64870  155    6  121.81372  117.52720  3.52%   2.5 1020s
 9505991 4863997  117.52720   93    6  121.81372  117.52720  3.52%   2.5 1025s
 9538485 4878380     cutoff   86       121.81372  117.52731  3.52%   2.5 1030s
 9561023 4885961  119.41054  160    2  121.81372  117.52964  3.52%   2.5 1035s
 9590395 4894735     cutoff  129       121.81372  117.53068  3.52%   2.5 1040s
 9599651 4893071  118.94071  143    2  121.81372  117.53068  3.52%   2.5 1045s
 9618856 4899923     cutoff  110       121.81372  117.53343  3.51%   2.5 1050s
 9653821 4916458  121.44837  108    2  121.81372  117.53710  3.51%   2.6 1055s
 9694626 4940844  121.06198  163    4  121.81372  117.53710  3.51%   2.5 1060s
 9725497 4958816  120.55417  129    2  121.81372  117.53710  3.51%   2.5 1065s
 9756557 4975090  117.78972  154    4  121.81372  117.53710  3.51%   2.5 1070s
 9787846 4990105  117.93480  156    2  121.81372  117.53710  3.51%   2.5 1075s
 9815490 5002913 infeasible  150       121.81372  117.53710  3.51%   2.5 1080s
 9843617 5018519  120.55417  117    2  121.81372  117.53710  3.51%   2.5 1085s
 9871157 5032650  121.31083  151    2  121.81372  117.53710  3.51%   2.5 1090s
 9901398 5048814  117.91900  110    2  121.81372  117.53710  3.51%   2.5 1095s
 9928198 5063705  119.79750   87    2  121.81372  117.53710  3.51%   2.5 1100s
 9958257 5080584     cutoff  212       121.81372  117.53710  3.51%   2.5 1105s
 9989559 5096726     cutoff  105       121.81372  117.53710  3.51%   2.5 1110s
 10022292 5115142  121.29650  122    2  121.81372  117.53710  3.51%   2.5 1115s
 10049114 5127474  120.51668  184    2  121.81372  117.53710  3.51%   2.5 1120s
 10079345 5143177  121.29650  191    2  121.81372  117.53710  3.51%   2.5 1125s
 10109736 5160040  119.79750  141    2  121.81372  117.53710  3.51%   2.5 1130s
 10136577 5174810  120.27397   58    4  121.81372  117.53710  3.51%   2.5 1135s
 10166962 5193436  121.31083  141    2  121.81372  117.53710  3.51%   2.5 1140s
 10199891 5210568     cutoff  117       121.81372  117.53710  3.51%   2.5 1145s
 10228849 5225919  117.91900   90    2  121.81372  117.53710  3.51%   2.5 1150s
 10259087 5244108  119.75790   83    4  121.81372  117.53710  3.51%   2.5 1155s
 10290056 5261787  120.55417   93    4  121.81372  117.53710  3.51%   2.5 1160s
 10317589 5276392     cutoff  200       121.81372  117.53710  3.51%   2.5 1165s
 10349808 5295336  117.53710  131    4  121.81372  117.53710  3.51%   2.5 1170s
 10377795 5312043  120.55485  112    2  121.81372  117.53710  3.51%   2.5 1175s
 10410453 5327506  120.55417  155    2  121.81372  117.53710  3.51%   2.5 1180s
 10439306 5343585  119.51841  215    6  121.81372  117.53710  3.51%   2.5 1185s
 10469295 5359316     cutoff  224       121.81372  117.53710  3.51%   2.5 1190s
 10499453 5375891  121.55417  148    4  121.81372  117.53710  3.51%   2.5 1195s
 10529117 5391887     cutoff  191       121.81372  117.53710  3.51%   2.5 1200s

Cutting planes:
  Gomory: 3
  Cover: 1
  Implied bound: 1
  Flow cover: 1
  Relax-and-lift: 3

Explored 10529498 nodes (26680654 simplex iterations) in 1200.16 seconds (1360.34 work units)
Thread count was 16 (of 16 available processors)

Solution count 10: 121.814 121.821 121.821 ... 121.821

Time limit reached
Best objective 1.218137202183e+02, best bound 1.175370998560e+02, gap 3.5108%

User-callback calls 21222262, time in user-callback 21.83 sec
