
Gurobi 10.0.3 (win64) logging started Sun Sep 21 05:03:04 2025

Set parameter LogFile to value "log_group_6/bound_Expr277_s5_l1051_s11_e12_o20_d41_t1200_s12_1_1_0_1.log"
Gurobi Optimizer version 10.0.3 build v10.0.3rc0 (win64)

CPU model: 11th Gen Intel(R) Core(TM) i7-11700 @ 2.50GHz, instruction set [SSE2|AVX|AVX2|AVX512]
Thread count: 8 physical cores, 16 logical processors, using up to 16 threads

Optimize a model with 113190 rows, 110310 columns and 1310490 nonzeros
Model fingerprint: 0x63dc667f
Variable types: 310 continuous, 110000 integer (110000 binary)
Coefficient statistics:
  Matrix range     [1e+00, 9e+02]
  Objective range  [1e+00, 1e+00]
  Bounds range     [1e+00, 1e+03]
  RHS range        [1e+00, 9e+02]
Presolve removed 107180 rows and 104795 columns
Presolve time: 0.81s
Presolved: 6010 rows, 5515 columns, 39625 nonzeros
Variable types: 270 continuous, 5245 integer (5241 binary)

Root relaxation: objective 8.643070e+01, 4495 iterations, 0.24 seconds (0.62 work units)

    Nodes    |    Current Node    |     Objective Bounds      |     Work
 Expl Unexpl |  Obj  Depth IntInf | Incumbent    BestBd   Gap | It/Node Time

     0     0   86.43070    0  125          -   86.43070      -     -    1s
     0     0   86.43070    0  236          -   86.43070      -     -    1s
H    0     0                    1573.2628667   86.43070  94.5%     -    2s
H    0     0                    1400.4403333   86.43070  93.8%     -    2s
H    0     0                     922.4500000   86.43070  90.6%     -    2s
     0     0   86.43070    0   82  922.45000   86.43070  90.6%     -    2s
H    0     0                     796.8776000   86.43070  89.2%     -    3s
     0     0   86.43070    0   75  796.87760   86.43070  89.2%     -    3s
H    0     0                     325.3588000   86.43070  73.4%     -    3s
H    0     0                     257.5385333   86.43070  66.4%     -    3s
H    0     0                     211.2423000   86.43070  59.1%     -    3s
     0     0   86.43070    0   80  211.24230   86.43070  59.1%     -    4s
     0     0   86.43070    0  134  211.24230   86.43070  59.1%     -    4s
H    0     0                     202.5063000   86.43070  57.3%     -    4s
H    0     0                     191.6530667   86.43070  54.9%     -    4s
     0     0   86.43070    0  156  191.65307   86.43070  54.9%     -    4s
     0     0   86.43070    0  223  191.65307   86.43070  54.9%     -    5s
     0     0   87.24296    0  221  191.65307   87.24296  54.5%     -    5s
     0     0   90.97895    0  226  191.65307   90.97895  52.5%     -    5s
     0     0   91.48020    0  192  191.65307   91.48020  52.3%     -    5s
     0     0   91.51694    0  183  191.65307   91.51694  52.2%     -    5s
     0     0   91.51694    0  186  191.65307   91.51694  52.2%     -    5s
     0     0   95.02398    0  157  191.65307   95.02398  50.4%     -    5s
     0     0   95.02398    0   93  191.65307   95.02398  50.4%     -    5s
     0     0   95.02398    0  166  191.65307   95.02398  50.4%     -    5s
     0     0   95.17550    0  165  191.65307   95.17550  50.3%     -    5s
     0     0   95.47853    0  164  191.65307   95.47853  50.2%     -    5s
H    0     0                     177.0156000   95.47853  46.1%     -    5s
     0     0   95.47853    0  108  177.01560   95.47853  46.1%     -    6s
H    0     0                     173.1923333   95.47853  44.9%     -    6s
H    0     0                     173.0024333   95.47853  44.8%     -    6s
     0     0   95.47853    0  163  173.00243   95.47853  44.8%     -    6s
     0     0   95.47853    0  203  173.00243   95.47853  44.8%     -    6s
H    0     0                     132.9002333   95.47853  28.2%     -    6s
     0     0   95.47853    0   76  132.90023   95.47853  28.2%     -    6s
     0     0   95.47853    0  147  132.90023   95.47853  28.2%     -    6s
     0     0   95.47853    0  117  132.90023   95.47853  28.2%     -    6s
     0     0   95.47853    0  137  132.90023   95.47853  28.2%     -    6s
     0     0   95.47853    0   94  132.90023   95.47853  28.2%     -    6s
     0     0   95.56943    0  105  132.90023   95.56943  28.1%     -    6s
     0     0   95.56943    0  112  132.90023   95.56943  28.1%     -    7s
     0     0   98.80954    0  108  132.90023   98.80954  25.7%     -    7s
     0     0   99.10001    0  106  132.90023   99.10001  25.4%     -    7s
     0     0   99.20126    0   85  132.90023   99.20126  25.4%     -    7s
     0     0   99.20126    0   85  132.90023   99.20126  25.4%     -    7s
     0     0  104.77720    0  104  132.90023  104.77720  21.2%     -    7s
     0     0  104.77720    0   49  132.90023  104.77720  21.2%     -    7s
     0     0  104.78057    0   51  132.90023  104.78057  21.2%     -    7s
     0     0  104.78057    0   67  132.90023  104.78057  21.2%     -    7s
H    0     0                     129.7019000  104.78057  19.2%     -    7s
     0     0  105.13143    0   67  129.70190  105.13143  18.9%     -    7s
H    0     0                     127.9919333  105.13143  17.9%     -    7s
     0     0  105.13145    0  144  127.99193  105.13145  17.9%     -    7s
     0     0  105.13146    0  144  127.99193  105.13146  17.9%     -    7s
     0     0  105.13147    0  124  127.99193  105.13147  17.9%     -    7s
H    0     0                     126.9919333  105.13147  17.2%     -    7s
H    0     0                     123.0645333  105.13147  14.6%     -    7s
     0     0  106.91704    0  153  123.06453  106.91704  13.1%     -    7s
     0     0  107.29491    0  164  123.06453  107.29491  12.8%     -    7s
     0     0  107.30198    0  126  123.06453  107.30198  12.8%     -    7s
     0     0  107.30207    0  126  123.06453  107.30207  12.8%     -    7s
H    0     0                     121.1911333  107.30207  11.5%     -    7s
H    0     0                     121.1869333  107.30207  11.5%     -    7s
     0     0  116.79855    0  139  121.18693  116.79855  3.62%     -    7s
     0     0  117.89552    0  139  121.18693  117.89552  2.72%     -    7s
     0     0  118.31105    0  140  121.18693  118.31105  2.37%     -    7s
     0     0  118.53134    0  119  121.18693  118.53134  2.19%     -    7s
     0     0  118.59444    0  127  121.18693  118.59444  2.14%     -    7s
     0     0  118.66293    0   73  121.18693  118.66293  2.08%     -    7s
     0     0  118.66375    0   73  121.18693  118.66375  2.08%     -    7s
     0     0  118.66471    0   40  121.18693  118.66471  2.08%     -    7s
H    0     0                     121.1403333  118.66471  2.04%     -    7s
     0     0  118.66471    0   39  121.14033  118.66471  2.04%     -    7s
     0     0  119.25667    0  162  121.14033  119.25667  1.55%     -    7s
     0     0  119.25667    0   38  121.14033  119.25667  1.55%     -    8s
     0     0  119.25667    0   69  121.14033  119.25667  1.55%     -    8s
H    0     0                     120.8738000  119.25667  1.34%     -    8s
     0     0  119.25667    0   67  120.87380  119.25667  1.34%     -    8s
     0     0  119.25667    0   64  120.87380  119.25667  1.34%     -    8s
     0     0  119.32062    0   53  120.87380  119.32062  1.28%     -    8s
     0     0  120.01474    0   56  120.87380  120.01474  0.71%     -    8s
     0     0  120.01624    0   70  120.87380  120.01624  0.71%     -    8s
     0     0  120.01652    0   50  120.87380  120.01652  0.71%     -    8s
     0     0  120.01808    0   54  120.87380  120.01808  0.71%     -    8s
     0     0  120.01808    0   50  120.87380  120.01808  0.71%     -    8s
     0     0  120.01808    0   54  120.87380  120.01808  0.71%     -    8s
     0     0  120.01808    0   53  120.87380  120.01808  0.71%     -    8s
     0     0  120.01808    0   54  120.87380  120.01808  0.71%     -    8s
     0     0  120.77437    0   60  120.87380  120.77437  0.08%     -    8s
     0     0  120.77437    0   62  120.87380  120.77437  0.08%     -    8s
     0     0  120.77437    0   60  120.87380  120.77437  0.08%     -    8s
     0     0  120.78866    0   60  120.87380  120.78866  0.07%     -    8s
     0     0  120.83986    0   43  120.87380  120.83986  0.03%     -    8s
     0     0  120.83986    0   43  120.87380  120.83986  0.03%     -    8s
     0     0  120.83988    0   46  120.87380  120.83988  0.03%     -    8s
     0     0  120.84183    0   37  120.87380  120.84183  0.03%     -    8s
     0     0  120.84183    0   37  120.87380  120.84183  0.03%     -    8s
     0     0  120.84188    0   38  120.87380  120.84188  0.03%     -    8s
     0     0  120.84188    0   39  120.87380  120.84188  0.03%     -    8s
     0     0  120.84191    0   40  120.87380  120.84191  0.03%     -    8s
     0     0  120.84202    0   36  120.87380  120.84202  0.03%     -    8s
     0     0  120.84202    0   36  120.87380  120.84202  0.03%     -    8s
     0     0  120.84202    0   36  120.87380  120.84202  0.03%     -    8s
     0     0  120.84202    0   36  120.87380  120.84202  0.03%     -    8s
     0     0  120.84202    0   36  120.87380  120.84202  0.03%     -    8s
     0     0  120.84597    0   36  120.87380  120.84597  0.02%     -    8s
     0     0  120.84597    0   37  120.87380  120.84597  0.02%     -    8s
     0     0  120.85423    0   27  120.87380  120.85423  0.02%     -    8s
     0     0  120.85423    0   33  120.87380  120.85423  0.02%     -    8s
     0     0  120.85423    0   31  120.87380  120.85423  0.02%     -    8s
     0     0  120.85423    0   27  120.87380  120.85423  0.02%     -    8s
     0     0  120.85423    0   26  120.87380  120.85423  0.02%     -    8s
     0     0  120.85848    0   20  120.87380  120.85848  0.01%     -    8s
     0     0  120.86370    0    4  120.87380  120.86370  0.01%     -    8s

Cutting planes:
  Cover: 1
  Implied bound: 3
  Clique: 3
  MIR: 5
  Zero half: 2
  RLT: 2
  Relax-and-lift: 10

Explored 1 nodes (46026 simplex iterations) in 8.59 seconds (13.40 work units)
Thread count was 16 (of 16 available processors)

Solution count 10: 120.874 121.14 121.187 ... 177.016

Optimal solution found (tolerance 1.00e-04)
Best objective 1.208738000000e+02, best bound 1.208637000000e+02, gap 0.0084%

User-callback calls 2156, time in user-callback 0.00 sec
