
Gurobi 9.1.2 (win64) logging started Sat Sep 20 14:16:38 2025

Changed value of parameter LogFile to log_group_6/bound_Expr54_s10_l1051_s11_e12_o80_d160_t7200_s54_0_0_0_0.log
   Prev:   Default: 
Gurobi Optimizer version 9.1.2 build v9.1.2rc0 (win64)
Thread count: 8 physical cores, 16 logical processors, using up to 16 threads
Optimize a model with 3081810 rows, 3080740 columns and 24624200 nonzeros
Model fingerprint: 0xa6cf88ed
Variable types: 740 continuous, 3080000 integer (3080000 binary)
Coefficient statistics:
  Matrix range     [1e+00, 9e+02]
  Objective range  [1e+00, 1e+00]
  Bounds range     [1e+00, 1e+03]
  RHS range        [1e+00, 9e+02]
Presolve removed 80 rows and 3036160 columns (presolve time = 7s) ...
Presolve removed 3036240 rows and 3036160 columns (presolve time = 10s) ...
Presolve removed 3036240 rows and 3035670 columns
Presolve time: 12.18s
Presolved: 45570 rows, 45070 columns, 266460 nonzeros
Variable types: 580 continuous, 44490 integer (44490 binary)
Found heuristic solution: objective 16467.006033
Found heuristic solution: objective 1985.9405000

Deterministic concurrent LP optimizer: primal and dual simplex
Showing first log only...


Root simplex log...

Iteration    Objective       Primal Inf.    Dual Inf.      Time
       0   -5.4997000e+04   1.483593e+04   4.678458e+08     15s
    3119   -5.4997000e+04   2.029807e+02   1.088110e+10     15s
    4995    6.0203000e+04   0.000000e+00   1.208000e+03     15s
    5228    0.0000000e+00   0.000000e+00   0.000000e+00     15s
Concurrent spin time: 0.07s

Solved with primal simplex

Root relaxation: objective 0.000000e+00, 5228 iterations, 0.69 seconds

    Nodes    |    Current Node    |     Objective Bounds      |     Work
 Expl Unexpl |  Obj  Depth IntInf | Incumbent    BestBd   Gap | It/Node Time

     0     0    0.00000    0  256 1985.94050    0.00000   100%     -   20s
H    0     0                    1686.7959965    0.00000   100%     -   24s
H    0     0                    1647.8653667    0.00000   100%     -   25s
H    0     0                    1174.4646938    0.00000   100%     -   29s
     0     0    0.00000    0  288 1174.46469    0.00000   100%     -   30s
H    0     0                     732.1869333    0.00000   100%     -   39s
     0     0    0.00000    0  337  732.18693    0.00000   100%     -   39s
H    0     0                     730.0914333    0.00000   100%     -   40s
H    0     0                     654.9596667    0.00000   100%     -   55s
H    0     0                     621.9672995    0.00000   100%     -   55s
     0     0    0.00000    0  247  621.96730    0.00000   100%     -   59s
H    0     0                     598.9636251    0.00000   100%     -   65s
H    0     0                     597.8905913    0.00000   100%     -   67s
H    0     0                     597.6663667    0.00000   100%     -   67s
     0     0    0.00000    0  381  597.66637    0.00000   100%     -   68s
     0     0    0.00000    0  251  597.66637    0.00000   100%     -   84s
H    0     0                     586.6511215    0.00000   100%     -   95s
     0     0    0.00000    0  266  586.65112    0.00000   100%     -   96s
H    0     0                     586.4763662    0.00000   100%     -  103s
H    0     0                     582.1453333    0.00000   100%     -  108s
H    0     0                     579.0173328    0.00000   100%     -  108s
     0     0    0.00000    0  248  579.01733    0.00000   100%     -  110s
H    0     0                     573.7803328    0.00000   100%     -  114s
     0     0    0.00000    0  248  573.78033    0.00000   100%     -  115s
H    0     0                     573.5728585    0.00000   100%     -  124s
     0     2    0.00000    0  248  573.57286    0.00000   100%     -  134s
     1     4    0.00000    1  248  573.57286    0.00000   100%  6456  135s
H   31    38                     567.3159315    0.00000   100%   389  155s
H   34    38                     565.2913311    0.00000   100%   355  155s
H   38    38                     564.4517551    0.00000   100%   322  155s
    62    65    0.00000   10  262  564.45176    0.00000   100%   232  164s
    70    77    0.00000   11  262  564.45176    0.00000   100%   263  165s
   310   398    0.00000   46  262  564.45176    0.00000   100%  91.8  170s
   969  1204    0.00000  114  260  564.45176    0.00000   100%  38.9  175s
  2048  2509    0.00000  260  260  564.45176    0.00000   100%  22.1  180s
  3101  3728    0.00000  358  266  564.45176    0.00000   100%  16.8  186s
  4489  5121    0.00000  513  275  564.45176    0.00000   100%  14.0  192s
  5244  5660    0.00000  601  277  564.45176    0.00000   100%  13.0  195s
  6795  7178    0.00000  733  287  564.45176    0.00000   100%  11.0  202s
  7672  7179  369.72707 1356  248  564.45176    0.00000   100%  10.3  420s
  7674  7180  160.28483   23  238  564.45176    0.00000   100%  10.3  443s
  7675  7181    0.00000   29  241  564.45176    0.00000   100%  10.3  506s
  7676  7182  369.72707 1066  248  564.45176    0.00000   100%  10.3  522s
  7677  7182  319.43297  816  241  564.45176    0.00000   100%  10.3  553s
  7678  7183    0.00000  323  265  564.45176    0.00000   100%  10.3  565s
  7679  7184   96.05567   23  244  564.45176    0.00000   100%  10.3  596s
  7680  7184  313.54263 1134  240  564.45176    0.00000   100%  10.3  601s
  7681  7185  319.43297  279  246  564.45176    0.00000   100%  10.3  642s
  7682  7186  319.43297  728  255  564.45176    0.00000   100%  10.3  651s
  7683  7186  369.72707 1367  243  564.45176    0.00000   100%  10.3  688s
  7684  7187    0.00000  270  232  564.45176    0.00000   100%  10.3  711s
  7685  7188  369.72707  861  232  564.45176    0.00000   100%  10.3  737s
  7686  7191    0.00000   14  231  564.45176    0.00000   100%  14.8  768s
  7688  7194    0.00000   15  243  564.45176    0.00000   100%  14.8  772s
  7692  7199    0.00000   16  241  564.45176    0.00000   100%  14.8  775s
  7715  7216  170.27313   18  240  564.45176    0.00000   100%  14.9  836s
  7762  7252    0.00000   21  239  564.45176    0.00000   100%  15.0  840s
  7792  7274    0.00000   23  240  564.45176    0.00000   100%  15.0  845s
  7807  7277    0.00000   24  242  564.45176    0.00000   100%  15.0  854s
  7815  7294  176.00127   24  237  564.45176    0.00000   100%  15.1  855s
  7872  7335    0.00000   26  242  564.45176    0.00000   100%  15.1  860s
  7898  7335    0.00000   27  242  564.45176    0.00000   100%  15.1  867s
  7975  7403    0.00000   29  242  564.45176    0.00000   100%  15.1  872s
  8002  7402    0.00000   30  241  564.45176    0.00000   100%  15.1  879s
  8010  7446  176.00127   30  255  564.45176    0.00000   100%  15.1  883s
  8105  7523    0.00000   32  245  564.45176    0.00000   100%  15.1  886s
  8225  7589    0.00000   34  247  564.45176    0.00000   100%  15.1  891s
  8337  7659    0.00000   36  246  564.45176    0.00000   100%  15.1  895s
  8439  7724    0.00000   38  251  564.45176    0.00000   100%  15.1  900s
  8578  7826    0.00000   45  247  564.45176    0.00000   100%  15.1  907s
  8700  7917    0.00000   50  247  564.45176    0.00000   100%  15.1  912s
  8773  7981    0.00000   53  247  564.45176    0.00000   100%  15.1  915s
  8952  8101    0.00000   55  246  564.45176    0.00000   100%  15.1  922s
  9043  8170    0.00000   58  247  564.45176    0.00000   100%  15.0  925s
  9246  8272    0.00000   61  249  564.45176    0.00000   100%  14.9  931s
  9320  8366  176.00127   62  237  564.45176    0.00000   100%  14.9  935s
  9570  8500    0.00000   66  253  564.45176    0.00000   100%  14.8  942s
  9667  8546    0.00000   68  253  564.45176    0.00000   100%  14.7  946s
  9747  8606    0.00000   69  253  564.45176    0.00000   100%  14.7  950s
  9936  8752    0.00000   73  253  564.45176    0.00000   100%  14.7  958s
 10046  8734  175.97593   74  246  564.45176    0.00000   100%  14.6  964s
 10064  8898    0.00000   76  252  564.45176    0.00000   100%  14.7  969s
 10236  8951    0.00000   79  249  564.45176    0.00000   100%  14.6  973s
 10348  9101  155.01757   80  256  564.45176    0.00000   100%  14.6  978s
 10537  9234    0.00000   81  256  564.45176    0.00000   100%  14.5  984s
 10734  9333    0.00000   83  250  564.45176    0.00000   100%  14.4  990s
 10900  9498  217.82223   85  246  564.45176    0.00000   100%  14.4  996s
 11120  9692  171.85173   87  243  564.45176    0.00000   100%  14.3 1002s
 11388  9822    0.00000   91  254  564.45176    0.00000   100%  14.2 1007s
 11608 10010    0.00000   94  251  564.45176    0.00000   100%  14.2 1014s
 11869 10121    0.00000   98  255  564.45176    0.00000   100%  14.1 1021s
 12067 10238    0.00000  101  252  564.45176    0.00000   100%  14.1 1028s
 12251 10499    0.00000  105  249  564.45176    0.00000   100%  14.1 1036s
 12574 10603    0.00000  112  247  564.45176    0.00000   100%  14.0 1043s
 12790 10542    0.00000  117  251  564.45176    0.00000   100%  14.1 1051s
 12801 10901  156.22903  117  244  564.45176    0.00000   100%  14.1 1059s
 13165 11033    0.00000  124  249  564.45176    0.00000   100%  14.0 1067s
 13419 11217    0.00000  130  248  564.45176    0.00000   100%  14.0 1075s
 13689 11424    0.00000  133  245  564.45176    0.00000   100%  14.0 1084s
 13987 11506    0.00000  137  247  564.45176    0.00000   100%  13.9 1092s
 14172 11793    0.00000  140  249  564.45176    0.00000   100%  14.0 1101s
 14532 11929  171.85173  143  243  564.45176    0.00000   100%  13.9 1111s
 14789 12149    0.00000  147  252  564.45176    0.00000   100%  13.9 1121s
 15096 12422    0.00000  152  251  564.45176    0.00000   100%  13.9 1258s
 15472 12552    0.00000  162  251  564.45176    0.00000   100%  13.9 1274s
 15727 12974    0.00000  166  251  564.45176    0.00000   100%  13.9 1294s
 16234 13351  171.85173  175  248  564.45176    0.00000   100%  13.8 1311s
 16782 13682    0.00000  184  252  564.45176    0.00000   100%  13.7 1327s
 17296 14094  138.62217  194  245  564.45176    0.00000   100%  13.5 1342s
 17880 14372    0.00000  203  253  564.45176    0.00000   100%  13.3 1356s
 18355 14605    0.00000  210  252  564.45176    0.00000   100%  13.2 1371s
 18748 14777    0.00000  212  253  564.45176    0.00000   100%  13.1 1387s
 19063 15085    0.00000  223  253  564.45176    0.00000   100%  13.2 1402s
 19479 15767    0.00000  233  255  564.45176    0.00000   100%  13.2 1417s
 20305 16762    0.00000  241  251  564.45176    0.00000   100%  13.0 1435s
 21596 17182    0.00000  253  255  564.45176    0.00000   100%  12.6 1452s
 22447 17574    0.00000  264  255  564.45176    0.00000   100%  12.5 1468s
 23123 17679    0.00000  278  253  564.45176    0.00000   100%  12.5 1483s
 23453 18141    0.00000  288  250  564.45176    0.00000   100%  12.5 1500s
H24028 18047                     564.4423333    0.00000   100%  12.5 1517s
 24486 18314    0.00000  306  256  564.44233    0.00000   100%  12.4 1561s
H24724 17893                     564.4423302    0.00000   100%  12.4 1561s
 24914 18879    0.00000  321  252  564.44233    0.00000   100%  12.5 1579s
 25980 19112    0.00000  334  248  564.44233    0.00000   100%  12.3 1598s
 26577 19372    0.00000  343  248  564.44233    0.00000   100%  12.2 1617s
 27055 19788    0.00000  359  248  564.44233    0.00000   100%  12.3 1638s
 27660 19766    0.00000  374  249  564.44233    0.00000   100%  12.3 1696s
H27664 19766                     564.4420822    0.00000   100%  12.3 1696s
 27668 20287  272.17013  374  244  564.44208    0.00000   100%  12.3 1743s
 28192 20556  217.82223  387  244  564.44208    0.00000   100%  12.4 1760s
 28478 20787    0.00000  398  249  564.44208    0.00000   100%  12.4 1808s
 28732 21916    0.00000  411  249  564.44208    0.00000   100%  12.4 1834s
 29983 22965    0.00000  431  249  564.44208    0.00000   100%  12.3 2206s
 31178 24020    0.00000  455  249  564.44208    0.00000   100%  12.2 2229s
 31787 24020   94.86577 3903  238  564.44208    0.00000   100%  12.3 2230s
 32320 25153  236.86733  476  242  564.44208    0.00000   100%  12.2 2250s
 33538 26582    0.00000  494  249  564.44208    0.00000   100%  12.1 2265s
 34981 27642    0.00000  508  249  564.44208    0.00000   100%  11.9 2280s
 36083 28393    0.00000  521  248  564.44208    0.00000   100%  11.8 2293s
 36888 29284    0.00000  535  248  564.44208    0.00000   100%  11.7 2306s
 37831 29840    0.00000  545  250  564.44208    0.00000   100%  11.6 2319s
 38431 29896  111.68000  553  249  564.44208    0.00000   100%  11.6 2334s
 38501 30459    0.00000  563  250  564.44208    0.00000   100%  11.7 2347s
 39114 30882    0.00000  579  250  564.44208    0.00000   100%  11.7 2362s
 39586 31488  139.82477  611  242  564.44208    0.00000   100%  11.7 2376s
 40240 31842  217.30910  628  243  564.44208    0.00000   100%  11.7 2389s
 40673 31885    0.00000  644  251  564.44208    0.00000   100%  11.8 2402s
 40731 32435    0.00000  647  251  564.44208    0.00000   100%  11.8 2416s
 41359 33027    0.00000  658  253  564.44208    0.00000   100%  11.8 2431s
 42083 33411    0.00000  669  253  564.44208    0.00000   100%  11.9 2445s
 42623 34136    0.00000  685  251  564.44208    0.00000   100%  12.0 2460s
 43520 34874    0.00000  702  254  564.44208    0.00000   100%  12.0 2474s
 44413 35378    0.00000  715  254  564.44208    0.00000   100%  12.0 2632s
 45059 36126  153.11060  732  247  564.44208    0.00000   100%  12.1 2687s
 45833 36636  210.75743  778  242  564.44208    0.00000   100%  13.2 2741s
 46365 37304    0.00000  803  253  564.44208    0.00000   100%  13.8 2797s
 47050 38058    0.00000  846  254  564.44208    0.00000   100%  14.5 2851s
 47815 38752    0.00000  891  253  564.44208    0.00000   100%  15.1 2915s
 48534 38934    0.00000  926  254  564.44208    0.00000   100%  15.5 2982s
 48718 39941   66.62473  926  257  564.44208    0.00000   100%  15.5 3054s
 49787 41360  109.15347  997  249  564.44208    0.00000   100%  16.0 3120s
 51276 42963    0.00000 1046  253  564.44208    0.00000   100%  16.0 3176s
 53240 44645    0.00000 1073  253  564.44208    0.00000   100%  16.1 3226s
 55042 44755    0.00000 1102  248  564.44208    0.00000   100%  15.9 3289s
 55156 45940    0.00000 1110  250  564.44208    0.00000   100%  15.9 3351s
 56451 47229    0.00000 1134  248  564.44208    0.00000   100%  16.1 3395s
 58096 48828    0.00000 1172  243  564.44208    0.00000   100%  16.1 3431s
 60084 50165    0.00000 1225  241  564.44208    0.00000   100%  16.0 3590s
 61684 51325    0.00000 1260  243  564.44208    0.00000   100%  15.9 3605s
 63016 52207    0.00000 1290  243  564.44208    0.00000   100%  15.8 3618s
 64008 52813    0.00000 1309  243  564.44208    0.00000   100%  15.8 3649s
 64648 53343   55.68423 1319  242  564.44208    0.00000   100%  15.8 3683s
 65210 53998    0.00000 1329  242  564.44208    0.00000   100%  16.0 3699s
 65968 54851   27.10347 1338  242  564.44208    0.00000   100%  16.0 3733s
 66852 55418    0.00000 1352  243  564.44208    0.00000   100%  16.1 3749s
 67452 56723    0.00000 1363  243  564.44208    0.00000   100%  16.0 3766s
 68879 58079    0.00000 1417  243  564.44208    0.00000   100%  16.0 3782s
 70365 58267    0.00000 1470  243  564.44208    0.00000   100%  15.8 3825s
 70562 59260  139.58077 1470  240  564.44208    0.00000   100%  15.8 3838s
 71598 60571    0.00000 1481  244  564.44208    0.00000   100%  15.7 3852s
 72988 61707    0.00000 1515  243  564.44208    0.00000   100%  15.5 3865s
 74238 62849    0.00000 1543  244  564.44208    0.00000   100%  15.4 3878s
 75502 64370    0.00000 1567  244  564.44208    0.00000   100%  15.3 4021s
 77249 64751   17.36393 1612  243  564.44208    4.75443  99.2%  15.2 4035s
 77644 64922   73.30380 1620  234  564.44208    4.75443  99.2%  15.2 4067s
 77828 64955  189.91793 1631  229  564.44208    4.75443  99.2%  15.3 4136s
 77866 65226   73.30380 1634  233  564.44208    4.75443  99.2%  15.3 4155s
 78157 65739  139.73710 1644  228  564.44208    4.75443  99.2%  15.5 4177s
 78722 66806   73.30380 1663  240  564.44208    4.75443  99.2%  15.5 4213s
 79855 68337   73.30380 1696  240  564.44208    4.75443  99.2%  15.5 4235s
 81456 69512   73.30380 1776  240  564.44208    4.75443  99.2%  15.5 4266s
 82686 70804   73.30380 1851  239  564.44208    4.75443  99.2%  15.5 4283s
 84049 71915   73.30380 1952  240  564.44208    4.75443  99.2%  15.5 4315s
 85238 72149   73.30380 1996  239  564.44208    4.75443  99.2%  15.6 4344s
 85480 73220   73.30380 2007  240  564.44208    4.75443  99.2%  15.7 4360s
 86693 73579   73.30380 2032  239  564.44208    4.75443  99.2%  15.7 4385s
 87215 74484   73.30380 2034  240  564.44208    4.75443  99.2%  15.7 4406s
 88222 75542   73.30380 2060  240  564.44208    4.75443  99.2%  15.6 4435s
 89501 75759   73.30380 2090  240  564.44208    4.75443  99.2%  15.6 4455s
 89768 76993   73.30380 2101  240  564.44208    4.75443  99.2%  15.7 4473s
 91530 78411   73.30380 2152  239  564.44208    4.75443  99.2%  15.7 4624s
 93426 79654   73.30380 2240  241  564.44208    4.75443  99.2%  15.6 4636s
 94937 79683   73.30380 2270  246  564.44208    4.75443  99.2%  15.6 4663s
 94967 80216  181.84733 2273  245  564.44208    4.75443  99.2%  15.6 4689s
 95513 80354   73.30380 2311  245  564.44208    4.75443  99.2%  15.7 4714s
 95662 80491   73.30380 2320  246  564.44208    4.75443  99.2%  15.7 4725s
 95827 81354   73.30380 2330  246  564.44208    4.75443  99.2%  15.8 4740s
 96949 81950   73.30380 2441  246  564.44208    4.75443  99.2%  15.7 4753s
 97993 82697   73.30380 2510  247  564.44208    4.75443  99.2%  15.7 4764s
 98107 82697  494.08433 3485  234  564.44208    4.75443  99.2%  15.7 4765s
 98919 83588   73.30380 2567  247  564.44208    4.75443  99.2%  15.6 4792s
 99860 83625   73.30380 2620  246  564.44208    4.75443  99.2%  15.6 4819s
 99906 83764  208.38490 2620  243  564.44208    4.75443  99.2%  15.6 4845s
 100075 84682   73.30380 2631  247  564.44208    4.75443  99.2%  15.7 4872s
 101077 85500  229.71587 2691  242  564.44208    4.75443  99.2%  15.7 4898s
 102024 86699   73.30380 2716  247  564.44208    4.75443  99.2%  15.7 4912s
 103639 87609   73.30380 2778  248  564.44208    4.75443  99.2%  15.6 4929s
 104990 88758   73.30380 2864  249  564.44208    4.75443  99.2%  15.5 4942s
 106292 89955  173.18880 2952  247  564.44208    4.75443  99.2%  15.5 5096s
 107552 91289  199.58117 3076  248  564.44208    4.75443  99.2%  15.5 5134s
 109042 92695   73.30380 3208  252  564.44208    4.75443  99.2%  15.5 5151s
 110722 93460   73.30380 3316  252  564.44208    4.75443  99.2%  15.4 5194s
 111501 95024   73.71802 3324  272  564.44208    4.75443  99.2%  15.4 5206s
 113222 96443   80.40120 3369  256  564.44208    4.75443  99.2%  15.3 5222s
 114648 97063   88.41975 3391  255  564.44208    4.75443  99.2%  15.2 5250s
 115277 98506   95.58607 3399  253  564.44208    4.75443  99.2%  15.2 5262s
 116885 98513  229.71587 3431  242  564.44208    4.75443  99.2%  15.1 5335s
 116893 98640  305.12167 3431  240  564.44208    4.75443  99.2%  15.1 5361s
 117037 98692  229.71587 3437  245  564.44208    4.75443  99.2%  15.2 5393s
 117089 98846  235.73620 3437  242  564.44208    4.75443  99.2%  15.2 5419s
 117245 100008  229.71587 3447  245  564.44208    4.75443  99.2%  15.2 5447s
 118448 100200  229.71587 3478  242  564.44208    4.75443  99.2%  15.2 5478s
 118642 101505  229.71587 3482  244  564.44208    4.75443  99.2%  15.4 5513s
 120078 101538  229.71587 3521  244  564.44208    4.75443  99.2%  15.3 5566s
 120113 101701  343.82097 3521  239  564.44208    4.75443  99.2%  15.4 5594s
 120277 103389  367.65910 3526  238  564.44208    4.75443  99.2%  15.5 5606s
 122109 105119  229.71587 3570  243  564.44208    4.75443  99.2%  15.4 5761s
 123996 106590  229.71587 3590  243  564.44208    4.75443  99.2%  15.4 5771s
 125555 107113  229.71587 3605  242  564.44208    4.75443  99.2%  15.3 5796s
 126083 108513  229.71587 3606  242  564.44208    4.75443  99.2%  15.4 5806s
 127535 109473  229.71587 3610  243  564.44208    4.75443  99.2%  15.3 5822s
 128504 110307  229.71587 3611  242  564.44208    4.75443  99.2%  15.2 5834s
 129419 110789  229.71587 3617  244  564.44208    4.75443  99.2%  15.2 5860s
 129907 112057  229.71587 3619  243  564.44208    4.75443  99.2%  15.2 5870s
 131192 112196  229.71587 3623  244  564.44208    4.75443  99.2%  15.2 5906s
 131332 113513  229.71587 3624  244  564.44208    4.75443  99.2%  15.1 5936s
 132657 113908  229.71587 3629  244  564.44208    4.75443  99.2%  15.1 5953s
 133058 115289  229.71587 3630  244  564.44208    4.75443  99.2%  15.1 5963s
 134463 116207  229.71587 3637  244  564.44208    4.75443  99.2%  15.0 5977s
H134503 116207                     564.4356625    4.75443  99.2%  15.0 5977s
 135395 117413  229.71587 3644  244  564.43566    4.75443  99.2%  15.0 5988s
 136618 119495  229.71587 3648  243  564.43566    4.75443  99.2%  14.9 6129s
 138749 119626  230.26339 3678  252  564.43566    4.75443  99.2%  14.8 6134s
 138881 121130  230.31074 3680  250  564.43566    4.75443  99.2%  14.8 6143s
 140394 121528  235.73620 3693  241  564.43566    4.75443  99.2%  14.7 6158s
 140792 122616  234.60303 3694  246  564.43566    4.75443  99.2%  14.7 6166s
 141886 123842  238.14368 3704  244  564.43566    4.75443  99.2%  14.6 6174s
 143132 124927  241.08263 3715  244  564.43566    4.75443  99.2%  14.5 6181s
 144227 125596  243.29773 3722  245  564.43566    4.75443  99.2%  14.5 6187s
 144900 126638  257.06984 3726  244  564.43566    4.75443  99.2%  14.4 6194s
 145956 126727  337.78653 3738  241  564.43566    4.75443  99.2%  14.4 6206s
 146048 127613  343.75913 3738  235  564.43566    4.75443  99.2%  14.4 6213s
 146977 128262  337.78653 3746  244  564.43566    4.75443  99.2%  14.3 6218s
 147677 129059  337.78653 3750  245  564.43566    4.75443  99.2%  14.3 6224s
 148495 129067  337.78653 3761  243  564.43566    4.75443  99.2%  14.2 6258s
 148503 129439     cutoff 3761       564.43566    4.75443  99.2%  14.2 6266s
 148965 129568  337.78653 3796  245  564.43566    4.75443  99.2%  14.2 6270s
 149111 130626     cutoff 3803       564.43566    4.75443  99.2%  14.2 6277s
 150222 131729  337.82807 3811  260  564.43566    4.75443  99.2%  14.1 6284s
 151372 133433  337.83557 3815  253  564.43566    4.75443  99.2%  14.1 6435s
 153212 134743  338.00469 3836  249  564.43566    4.75443  99.2%  14.0 6445s
 154606 135209  338.04048 3841  248  564.43566    4.75443  99.2%  14.0 6461s
 155074 136439  338.04148 3843  249  564.43566    4.75443  99.2%  14.0 6470s
 156371 137361  338.11683 3848  248  564.43566    4.75443  99.2%  13.9 6486s
 157339 137526  338.12526 3852  249  564.43566    4.75443  99.2%  13.9 6499s
 157505 139096  338.12526 3853  249  564.43566    4.75443  99.2%  13.9 6508s
 159125 139544  338.13418 3856  248  564.43566    4.75443  99.2%  13.8 6555s
 159592 139648  338.13418 3857  248  564.43566    4.75443  99.2%  13.8 6570s
 159698 140720  338.15244 3859  249  564.43566    4.75443  99.2%  13.8 6577s
 160825 141389  338.31992 3865  246  564.43566    4.75443  99.2%  13.7 6597s
 161523 142645  338.35451 3868  245  564.43566    4.75443  99.2%  13.7 6607s
 162853 142935  338.53617 3873  244  564.43566    4.75443  99.2%  13.7 6622s
 163146 144313  338.58130 3874  245  564.43566    4.75443  99.2%  13.7 6645s
 164561 144478  338.68363 3878  245  564.43566    4.75443  99.2%  13.6 6682s
 164728 144495  338.68363 3879  245  564.43566    4.75443  99.2%  13.6 6717s
 164745 144887  443.70143 3879  242  564.43566    4.75443  99.2%  13.7 6727s
 165140 146612  338.79870 3882  247  564.43566    4.75443  99.2%  13.6 6737s
 166920 147900  338.96473 3885  247  564.43566    4.75443  99.2%  13.6 6886s
 168245 149601  339.37015 3886  245  564.43566    4.75443  99.2%  13.5 6900s
 170051 149693  345.15427 3912  241  564.43566    4.75443  99.2%  13.5 6919s
 170162 151174  345.15427 3915  241  564.43566    4.75443  99.2%  13.5 6929s
 171776 152298  345.15427 3938  241  564.43566    4.75443  99.2%  13.4 6938s
 172946 153270  345.15427 3943  240  564.43566    4.75443  99.2%  13.4 6957s
 173985 153759  345.15427 3949  241  564.43566    4.75443  99.2%  13.3 6970s
 174522 154702  345.15427 3951  241  564.43566    4.75443  99.2%  13.4 6979s
 175540 154709  345.15427 3957  241  564.43566    4.75443  99.2%  13.3 7024s
 175548 155104  373.03353 3957  235  564.43566    4.75443  99.2%  13.3 7052s
 175959 156646  345.15427 3959  240  564.43566    4.75443  99.2%  13.4 7062s
 177557 157981  345.15427 3967  241  564.43566    4.75443  99.2%  13.3 7071s
 178923 158659  345.15427 3973  241  564.43566    4.75443  99.2%  13.3 7090s
 179634 160080  345.15427 3975  241  564.43566    4.75443  99.2%  13.3 7099s
 181068 160200  345.15427 3981  241  564.43566    4.75443  99.2%  13.3 7127s
H181079 160200                     564.4350679    4.75443  99.2%  13.3 7127s
 181202 161523  522.34767 3982  251  564.43507    4.75443  99.2%  13.3 7136s

Cutting planes:
  Gomory: 64
  Implied bound: 166
  Projected implied bound: 429
  MIR: 61
  Flow cover: 589
  RLT: 3
  Relax-and-lift: 3041

Explored 182582 nodes (2557438 simplex iterations) in 7203.02 seconds
Thread count was 16 (of 16 available processors)

Solution count 10: 564.435 564.436 564.442 ... 573.78

Time limit reached
Best objective 5.644350678735e+02, best bound 4.754433333335e+00, gap 99.1577%

User-callback calls 1315715, time in user-callback 8.38 sec
