
Gurobi 9.1.2 (win64) logging started Sun Sep 21 03:08:24 2025

Changed value of parameter LogFile to log_group_6/bound_Expr171_s7_l1051_s11_e12_o40_d80_t7200_s31_1_0_0_0.log
   Prev:   Default: 
Gurobi Optimizer version 9.1.2 build v9.1.2rc0 (win64)
Thread count: 8 physical cores, 16 logical processors, using up to 16 threads
Optimize a model with 855546 rows, 854470 columns and 8505356 nonzeros
Model fingerprint: 0xc330f188
Variable types: 470 continuous, 854000 integer (854000 binary)
Coefficient statistics:
  Matrix range     [1e+00, 8e+02]
  Objective range  [1e+00, 1e+00]
  Bounds range     [1e+00, 1e+03]
  RHS range        [1e+00, 8e+02]
Presolve removed 838720 rows and 838337 columns
Presolve time: 3.49s
Presolved: 16826 rows, 16133 columns, 95109 nonzeros
Variable types: 390 continuous, 15743 integer (15743 binary)
Found heuristic solution: objective 4914.9088333

Root simplex log...

Iteration    Objective       Primal Inf.    Dual Inf.      Time
    4243    1.8236031e-03   4.043745e+03   0.000000e+00      5s
    6515    0.0000000e+00   0.000000e+00   0.000000e+00      6s

Root relaxation: objective 0.000000e+00, 6515 iterations, 0.86 seconds

    Nodes    |    Current Node    |     Objective Bounds      |     Work
 Expl Unexpl |  Obj  Depth IntInf | Incumbent    BestBd   Gap | It/Node Time

     0     0    0.00000    0  173 4914.90883    0.00000   100%     -    6s
H    0     0                    4796.3607333    0.00000   100%     -    6s
H    0     0                    4788.0518333    0.00000   100%     -    7s
     0     0    0.00000    0  262 4788.05183    0.00000   100%     -    7s
H    0     0                    2554.2361333    0.00000   100%     -    9s
H    0     0                    2377.1991000    0.00000   100%     -   10s
H    0     0                    2221.7373000    0.00000   100%     -   15s
H    0     0                    1539.5448667    0.00000   100%     -   15s
H    0     0                    1510.9055333    0.00000   100%     -   16s
H    0     0                    1249.7605000    0.00000   100%     -   16s
     0     0    0.00000    0  142 1249.76050    0.00000   100%     -   16s
H    0     0                     794.2855000    0.00000   100%     -   18s
     0     0    0.00000    0  172  794.28550    0.00000   100%     -   22s
     0     0    0.00000    0  239  794.28550    0.00000   100%     -   23s
     0     0    0.00000    0  157  794.28550    0.00000   100%     -   25s
     0     0    0.00000    0  134  794.28550    0.00000   100%     -   27s
H    0     0                     752.3175333    0.00000   100%     -   30s
     0     2    0.00000    0  134  752.31753    0.00000   100%     -   31s
H   31    40                     719.8357333    0.00000   100%   368   38s
H   31    40                     707.4900000    0.00000   100%   368   38s
H   32    40                     667.3328667    0.00000   100%   369   38s
H   33    40                     634.8666000    0.00000   100%   363   38s
H   33    40                     618.6029333    0.00000   100%   363   38s
H   35    40                     549.5751000    0.00000   100%   348   38s
H   36    40                     495.3927000    0.00000   100%   341   38s
    92   105  105.21787   10  298  495.39270    0.00000   100%   287   40s
   233   237    0.00000   20  137  495.39270    0.00000   100%   354   45s
H  310   318                     306.6101000    0.00000   100%   322   49s
   327   337    0.00000   24  271  306.61010    0.00000   100%   312   50s
H  461   434                     270.8374333    0.00000   100%   358   59s
   471   446   48.07817   41  256  270.83743    0.00000   100%   365   60s
   732   612    0.00000   69  177  270.83743    0.00000   100%   354   65s
H 1064   962                     265.1285667    0.00000   100%   317   68s
  1306  1144  132.65260  127  212  265.12857    0.00000   100%   283   71s
  1522  1163    0.00000  141  244  265.12857    0.00000   100%   278   76s
H 1525  1117                     260.7543667    0.00000   100%   278   76s
  1551  1118  216.92780  163  134  260.75437    0.00000   100%   278  214s
H 1552  1063                     260.4087667    0.00000   100%   278  228s
H 1552  1009                     257.9496667    0.00000   100%   278  231s
H 1553   959                     256.1146667    0.00000   100%   278  294s
H 1554   912                     251.8430667    0.00000   100%   278  304s
H 1554   866                     247.8883667    0.00000   100%   278  304s
  1555   867   37.06327  154  245  247.88837    0.00000   100%   278  315s
H 1555   824                     246.7512667    0.00000   100%   278  353s
  1557   825    0.00000  129  258  246.75127    0.00000   100%   277  359s
H 1557   783                     245.9518667    0.00000   100%   277  386s
  1558   784    0.00000  105  169  245.95187    0.00000   100%   277  401s
H 1558   745                     244.8366667    0.00000   100%   277  406s
  1560   746   81.75007   65  210  244.83667    0.00000   100%   277  454s
  1561   747   37.06327  103  210  244.83667    0.00000   100%   276  460s
H 1561   709                     244.8366666    0.00000   100%   276  470s
  1562   709  216.92780  145  210  244.83667    0.00000   100%   276  498s
  1563   712    0.00000   10  325  244.83667    0.00000   100%   377  553s
  1565   713    0.00000   11  397  244.83667    0.00000   100%   379  601s
  1568   712    0.00000   12  413  244.83667    0.00000   100%   385  622s
  1573   713    0.00000   13  450  244.83667    0.00000   100%   407  638s
  1578   716    0.00000   14  357  244.83667    0.00000   100%   409  672s
  1585   721    0.00000   15  357  244.83667    0.00000   100%   430  695s
  1593   723    0.00000   16  309  244.83667    0.00000   100%   450  749s
H 1595   687                     244.8366666    0.00000   100%   454  749s
  1601   693  133.01180   16  613  244.83667    0.00000   100%   483  793s
  1609   697    0.00000   17  304  244.83667    0.00000   100%   494  805s
  1622   697  110.03913   17  367  244.83667    0.00000   100%   499  819s
  1635   700    0.00000   18  309  244.83667    0.00000   100%   509  870s
  1643   709  138.41087   18  324  244.83667    0.00000   100%   520  901s
  1660   715    0.00000   19  294  244.83667    0.00000   100%   530  935s
  1676   717    0.00000   20  280  244.83667    0.00000   100%   547  961s
H 1684   681                     241.9920667    0.00000   100%   547  961s
  1687   703   58.69143   20  334  241.99207    0.00000   100%   549  977s
  1712   702    0.00000   22  314  241.99207    0.00000   100%   551  999s
H 1713   670                     241.9277000    0.00000   100%   551  999s
  1720   685  147.57088   22  655  241.92770    0.00000   100%   555 1011s
  1746   691    0.00000   23  280  241.92770    0.00000   100%   554 1032s
H 1775   654                     240.9277000    0.00000   100%   559 1058s
  1784   657   38.59273   24  417  240.92770    0.00000   100%   564 1081s
H 1787   627                     240.8196708    0.00000   100%   566 1081s
  1793   650    0.00000   25  290  240.81967    0.00000   100%   566 1104s
  1829   665    0.00000   26  273  240.81967    0.00000   100%   568 1126s
  1867   682    0.00000   28  333  240.81967    0.00000   100%   575 1143s
  1902   698    0.00000   30  220  240.81967    0.00000   100%   577 1160s
  1943   726     cutoff   32       240.81967    0.00000   100%   577 1176s
  1996   717    0.38044   35  288  240.81967    0.00000   100%   571 1197s
H 1998   688                     240.8196707    0.00000   100%   571 1197s
  2005   726   14.79260   35  305  240.81967    0.00000   100%   570 1213s
  2063   754    1.25783   38  136  240.81967    0.00000   100%   567 1231s
  2121   776   35.33922   41  246  240.81967    0.00000   100%   566 1247s
  2172   802    1.53373   43  241  240.81967    0.00000   100%   565 1268s
  2227   828    5.73533   47  114  240.81967    0.00000   100%   568 1294s
  2285   868   44.94868   47  118  240.81967    0.00000   100%   573 1321s
  2366   913   14.80895   57  107  240.81967    0.00000   100%   566 1340s
  2461   905   31.94055   67  102  240.81967    0.00000   100%   557 1380s
H 2485   871                     240.8196706    0.00000   100%   555 1380s
H 2488   845                     240.8196705    0.00000   100%   555 1380s
  2489   907   33.27658   68  103  240.81967    0.00000   100%   555 1400s
H 2513   875                     240.8196698    0.00000   100%   551 1400s
H 2560   838                     240.8192101    0.00000   100%   545 1400s
  2564   945   75.22750   80  102  240.81921    0.00000   100%   544 1418s
  2711  1002   68.36843   94  121  240.81921    0.00000   100%   526 1434s
  2871  1054   79.06247  112  109  240.81921    0.00000   100%   515 1476s
  3032  1102  135.91897   27  348  240.81921    0.00000   100%   525 1517s
  3113  1113  173.44589   29  352  240.81921    0.00000   100%   535 1549s
  3132  1161  135.75183   30  334  240.81921    0.00000   100%   543 1584s
  3201  1250  146.84841   31  335  240.81921    0.00000   100%   553 1611s
  3331  1322  146.05336   39  305  240.81921    0.00000   100%   557 1638s
  3464  1418  228.44916   43  463  240.81921    0.00000   100%   563 1670s
  3592  1500  231.03676   44  515  240.81921    0.00000   100%   565 1696s
  3692  1539  158.66173   45  343  240.81921    0.00000   100%   558 1733s
  3759  1643  189.30558   28  638  240.81921    0.00000   100%   556 1766s
  3875  1801  192.80814   32  613  240.81921    0.00000   100%   553 1792s
  4051  2070  204.92533   46  478  240.81921    0.00000   100%   539 1838s
  4363  2276   45.99386   39  289  240.81921    0.00000   100%   517 1867s
  4595  2531  191.09740   70  140  240.81921    0.00000   100%   504 1891s
  4869  2765   11.50743   39  473  240.81921    0.00000   100%   486 1959s
  5145  2945   16.72778   64  225  240.81921    0.00000   100%   487 2005s
  5350  3189   88.75203  120  123  240.81921    0.00000   100%   478 2068s
  5630  3612   93.43334  147  123  240.81921    0.00000   100%   478 2114s
  6103  3691    0.00770   56  277  240.81921    0.00000   100%   465 2156s
  6213  4030    0.05579   62  360  240.81921    0.00000   100%   460 2251s
  6552  4166    0.05579   63  371  240.81921    0.00000   100%   444 2307s
  6718  4442    5.11620   75  326  240.81921    0.00000   100%   445 2359s
  7082  4894    9.95800   82  431  240.81921    0.00000   100%   435 2421s
  7665  5097   56.64907  226  143  240.81921    0.00000   100%   432 2477s
  7956  5225   63.13550   55  292  240.81921    0.00000   100%   429 2541s
  8268  5539   63.63060   78  370  240.81921    0.00000   100%   425 2609s
  8659  6036   92.21666  115  152  240.81921    0.00000   100%   421 2673s
  9294  6324   24.03454   55  497  240.81921    0.00000   100%   411 2774s
  9726  6524  138.23581   30  354  240.81921    0.00000   100%   417 2842s
  9939  6846 infeasible   92       240.81921    0.00000   100%   420 2913s
 10324  7318  147.09057   64  181  240.81921    0.00000   100%   418 2986s
 10842  8284  113.77211   31  371  240.81921    0.00000   100%   413 3058s
 11944  8884  121.62310   75  175  240.81921    0.00108   100%   394 3148s
 12727  9036  133.27482   36  227  240.81921    0.01952   100%   394 3232s
 12896  9498  133.50740   44  403  240.81921    0.02601   100%   397 3332s
 13538  9534  188.89231   73  387  240.81921    0.02663   100%   403 3395s
 13621  9800     cutoff   74       240.81921    0.04818   100%   406 3485s
 14051 10481  150.43803   61  286  240.81921    0.05159   100%   405 3583s
 15060 11825   46.82130   42  279  240.81921    0.05168   100%   394 3928s
 16655 11827  168.26857   83  222  240.81921    0.08858   100%   379 3986s
 16676 11918  168.26857   85  181  240.81921    0.08858   100%   380 4031s
 16780 12841     cutoff   99       240.81921    0.12686   100%   380 4100s
 17796 13220   84.54809   57  269  240.81921    0.16818   100%   370 4144s
 18219 13867   12.37843   82  161  240.81921    0.16818   100%   365 4198s
 19120 13962   12.72848   68  383  240.81921    0.16818   100%   360 4246s
 19285 14153   13.55484   69  432  240.81921    0.16818   100%   359 4296s
 19544 14664  147.10394   73  337  240.81921    0.22715   100%   360 4370s
 20259 14865   38.74377  176  146  240.81921    0.28473   100%   360 4435s
 20541 15612   38.74377  184  171  240.81921    0.28473   100%   357 4519s
 21361 16514   44.33650  296  131  240.81921    0.28473   100%   352 4594s
 22324 17404   44.33650  571  127  240.81921    1.15904   100%   342 4666s
 23379 18338   58.72265   91  216  240.81921    1.74592  99.3%   333 4750s
 24485 18822   18.24741   70  266  240.81921    1.76520  99.3%   326 4829s
 25153 19310   78.06290  170  190  240.81921    1.92418  99.2%   327 4896s
 25817 19451  151.68798   53  271  240.81921    1.92627  99.2%   324 5034s
 26018 19768   53.23532   68  375  240.81921    1.92627  99.2%   326 5106s
 26437 20148   68.43608   84  156  240.81921    1.92627  99.2%   327 5191s
 26860 20935     cutoff  111       240.81921    1.97144  99.2%   326 5269s
 27875 21385  179.32300   87  254  240.81921    2.11001  99.1%   326 5338s
 28407 22248   62.51141   50  326  240.81921    2.11001  99.1%   325 5425s
 29418 22830   86.71637  160  205  240.81921    2.11001  99.1%   321 5494s
 30060 24956   95.88077  313  141  240.81921    2.11001  99.1%   319 6618s
 32766 24937     cutoff  243       240.81921    2.43011  99.0%   309 6723s
 32798 24997  175.33177   55  495  240.81921    2.45920  99.0%   314 6778s
 32896 25241  180.72031   67  447  240.81921    2.45920  99.0%   314 6844s
 33260 25327     cutoff   51       240.81921    3.17775  98.7%   314 6899s
 33412 25467  132.48760   63  400  240.81921    3.40696  98.6%   316 6998s
 33709 25589  149.78830   43  686  240.81921    3.52229  98.5%   318 7067s
 33848 26008  157.64795   53  701  240.81921    3.61107  98.5%   318 7143s
 34352 26467  210.28584   59  401  240.81921    3.62530  98.5%   318 7200s

Cutting planes:
  Gomory: 1
  Implied bound: 508
  Projected implied bound: 645
  MIR: 296
  Flow cover: 539
  Zero half: 4
  RLT: 1
  Relax-and-lift: 5354

Explored 34922 nodes (11095374 simplex iterations) in 7201.25 seconds
Thread count was 16 (of 16 available processors)

Solution count 10: 240.819 240.928 241.992 ... 257.95

Time limit reached
Best objective 2.408192100881e+02, best bound 3.625304480401e+00, gap 98.4946%

User-callback calls 665006, time in user-callback 6.42 sec
