
Gurobi 12.0.1 (win64) logging started Sat Sep 20 18:09:19 2025

Set parameter LogFile to value "log_group_6/bound_Expr113_s8_l1051_s11_e12_o60_d120_t7200_s43_1_1_1_1.log"
Gurobi Optimizer version 12.0.1 build v12.0.1rc0 (win64 - Windows Server 2022.0 (20348.2))

CPU model: Intel(R) Xeon(R) Gold 6336Y CPU @ 2.40GHz, instruction set [SSE2|AVX|AVX2|AVX512]
Thread count: 48 physical cores, 96 logical processors, using up to 32 threads

Non-default parameters:
TimeLimit  7200

Optimize a model with 1544084 rows, 1512580 columns and 20803564 nonzeros
Model fingerprint: 0x1cf67e85
Variable types: 580 continuous, 1512000 integer (1512000 binary)
Coefficient statistics:
  Matrix range     [1e+00, 9e+02]
  Objective range  [1e+00, 1e+00]
  Bounds range     [1e+00, 1e+03]
  RHS range        [1e+00, 9e+02]
Presolve removed 60 rows and 60 columns (presolve time = 5s)...
Presolve removed 1517064 rows and 1487260 columns
Presolve time: 6.78s
Presolved: 27020 rows, 25320 columns, 291376 nonzeros
Variable types: 520 continuous, 24800 integer (24800 binary)
Found heuristic solution: objective 5260.9840667
Performing another presolve...
Presolve removed 14127 rows and 13610 columns (presolve time = 34s)...
Presolve removed 14127 rows and 13610 columns
Presolve time: 34.42s
Deterministic concurrent LP optimizer: primal and dual simplex
Showing primal log only...


Root simplex log...

Iteration    Objective       Primal Inf.    Dual Inf.      Time
       0   -4.1299000e+04   1.552217e+03   6.575678e+07     45s
    1422   -4.1299000e+04   2.457396e+02   1.050295e+09     45s
    3186    4.5101000e+04   0.000000e+00   4.800000e+02     45s
    3246    2.4862303e+02   0.000000e+00   0.000000e+00     45s
Concurrent spin time: 0.00s

Solved with primal simplex

Root relaxation: objective 2.486230e+02, 3246 iterations, 0.33 seconds (0.28 work units)
Total elapsed time = 45.16s (DegenMoves)

    Nodes    |    Current Node    |     Objective Bounds      |     Work
 Expl Unexpl |  Obj  Depth IntInf | Incumbent    BestBd   Gap | It/Node Time

     0     0  248.62303    0  183 5260.98407  248.62303  95.3%     -   46s
H    0     0                    5259.6027333  248.62303  95.3%     -   46s
H    0     0                    4996.3424333  248.62303  95.0%     -   47s
H    0     0                    4909.1503333  248.62303  94.9%     -   47s
H    0     0                    4891.6000333  248.62303  94.9%     -   47s
H    0     0                    4778.5186667  248.62303  94.8%     -   47s
H    0     0                    4718.2275667  248.62303  94.7%     -   48s
H    0     0                    3672.1340333  248.62303  93.2%     -   48s
H    0     0                    3476.1068333  248.62303  92.8%     -   48s
H    0     0                    3284.4791000  248.62303  92.4%     -   48s
H    0     0                    3063.0584667  248.62303  91.9%     -   49s
H    0     0                    3062.6301333  248.62303  91.9%     -   49s
H    0     0                    3044.5810333  248.62303  91.8%     -   49s
H    0     0                    3032.9067333  248.62303  91.8%     -   49s
H    0     0                    2729.2020667  248.62303  90.9%     -   49s
     0     0  248.62303    0  321 2729.20207  248.62303  90.9%     -   50s
H    0     0                    2559.8273667  248.62303  90.3%     -   50s
H    0     0                    2510.2041000  248.62303  90.1%     -   50s
H    0     0                    2503.7141000  248.62303  90.1%     -   50s
H    0     0                    2501.4445000  248.62303  90.1%     -   51s
H    0     0                    2484.3911000  248.62303  90.0%     -   51s
     0     0  248.62303    0  313 2484.39110  248.62303  90.0%     -   51s
     0     0  248.62303    0  139 2484.39110  248.62303  90.0%     -   54s
     0     0  248.62303    0  151 2484.39110  248.62303  90.0%     -   54s
     0     0  248.62303    0  127 2484.39110  248.62303  90.0%     -   56s
H    0     0                    2464.5140667  248.62303  89.9%     -   56s
H    0     0                    2358.5582333  248.62303  89.5%     -   56s
H    0     0                    2212.8191667  248.62303  88.8%     -   57s
H    0     0                    2208.5205667  248.62303  88.7%     -   57s
H    0     0                    2154.4772667  248.62303  88.5%     -   58s
H    0     0                    2121.7176667  248.62303  88.3%     -   58s
H    0     0                    2120.7950667  248.62303  88.3%     -   58s
H    0     0                    2077.0936333  248.62303  88.0%     -   58s
H    0     0                    2017.9175333  248.62303  87.7%     -   58s
     0     0  248.62303    0  237 2017.91753  248.62303  87.7%     -   58s
     0     0  248.62303    0  134 2017.91753  248.62303  87.7%     -   61s
     0     0  248.62303    0  168 2017.91753  248.62303  87.7%     -   62s
H    0     0                    2014.9088333  248.62303  87.7%     -   65s
H    0     0                    2005.9616000  248.62303  87.6%     -   65s
H    0     0                    1985.3126333  248.62303  87.5%     -   65s
H    0     0                    1952.0977333  248.62303  87.3%     -   65s
H    0     0                    1948.8265333  248.62303  87.2%     -   65s
H    0     0                    1945.3991000  248.62303  87.2%     -   65s
H    0     0                    1927.0067000  248.62303  87.1%     -   65s
H    0     0                    1921.6728000  248.62303  87.1%     -   65s
H    0     0                    1918.6812000  248.62303  87.0%     -   65s
H    0     0                    1897.2231000  248.62303  86.9%     -   65s
H    0     0                    1896.7387000  248.62303  86.9%     -   65s
H    0     0                    1893.2748333  248.62303  86.9%     -   65s
     0     0  248.62303    0  138 1893.27483  248.62303  86.9%     -   65s
     0     0  248.62303    0  138 1893.27483  248.62303  86.9%     -   66s
H    0     0                    1891.2030000  248.62303  86.9%     -   68s
H    0     0                    1881.2827333  248.62303  86.8%     -   68s
H    0     0                    1877.0804333  248.62303  86.8%     -   68s
H    0     0                    1761.6365333  248.62303  85.9%     -   71s
H  603   372                    1757.5452667  248.98983  85.8%  88.6   74s
   604   376  248.98983    2  185 1757.54527  248.98983  85.8%  94.9   92s
   634   436  249.00551    6  503 1757.54527  248.98983  85.8%   133   98s
   666   468  250.30376    7  427 1757.54527  249.02164  85.8%   196  103s
   698   501  250.34224    8  329 1757.54527  249.02164  85.8%   241  106s
   886   667  338.04248   13  217 1757.54527  249.02164  85.8%   272  110s
  1015   723     cutoff   16      1757.54527  249.57934  85.8%   312  115s
H 1166   794                     575.6265000  249.57934  56.6%   443  117s
  1860  1151  268.56053    8  261  575.62650  253.77973  55.9%   259  121s
  1995  1154  390.71922    9  360  575.62650  254.24157  55.8%   292  125s
  2164  1242     cutoff   11       575.62650  254.24157  55.8%   318  131s
  2476  1469  396.89489   11  412  575.62650  254.24157  55.8%   304  135s
H 2692  1466                     569.3577000  254.24157  55.3%   313  135s
  3806  2309  545.98113   22  165  569.35770  296.14320  48.0%   217  140s
  4260  2586  524.24380   72  114  569.35770  296.14320  48.0%   207  146s
H 4505  2547                     561.8642000  296.14320  47.3%   219  147s
H 5845  3178                     559.9236000  296.32430  47.1%   173  148s
  5845  3380  392.44985   10  534  559.92360  314.92796  43.8%   163  152s
  6162  3609  397.47541   11  472  559.92360  323.23463  42.3%   165  155s
  6540  3932  406.04044   19  348  559.92360  323.35722  42.2%   159  160s
  8736  4628  420.54732   34  159  559.92360  332.01740  40.7%   127  168s
  8973  4889  420.59786   35  153  559.92360  334.88709  40.2%   126  174s
  9582  4309  335.15284   11  148  559.92360  335.15284  40.1%   124  217s
  9609  4235  335.15284   15  249  559.92360  335.15284  40.1%   125  222s
  9631  4133  335.15284   16  242  559.92360  335.15284  40.1%   125  225s
  9717  4110  335.15284   20  229  559.92360  335.15284  40.1%   128  243s
  9744  4106  335.15284   21  244  559.92360  335.15284  40.1%   132  248s
  9771  4017  335.15284   22  182  559.92360  335.15284  40.1%   133  254s
  9801  3953  335.15284   23  226  559.92360  335.15284  40.1%   134  258s
  9902  3985  335.15284   25  238  559.92360  335.15284  40.1%   135  262s
H10168  3954                     404.7622333  335.15284  17.2%   140  264s
 10168  4984  339.04132   25   40  404.76223  335.15284  17.2%   140  266s
 12436  5047  335.17254   31  178  404.76223  335.17254  17.2%   114  270s
 12749  5158  335.17254   35  234  404.76223  335.17254  17.2%   113  275s
 13123  5259  335.17254   40  215  404.76223  335.17254  17.2%   112  280s
 13701  5572  335.17254   44  190  404.76223  335.17254  17.2%   110  285s
 14278  5628  335.17254   12   51  404.76223  335.17254  17.2%   111  290s
H16922  5629                     404.2165000  335.17254  17.1%  97.8  293s
 16922  5955  335.17254   47  255  404.21650  335.17254  17.1%  94.1  299s
 17394  5464  335.17254   50  301  404.21650  335.17254  17.1%  92.7  300s
 18332  5439  335.17254   55  209  404.21650  335.17254  17.1%  90.5  307s
 18453  5441  335.17254   55  221  404.21650  335.17254  17.1%  90.1  310s
 19131  5891  335.17254   58  207  404.21650  335.17254  17.1%  88.2  316s
H19691  5622                     377.1658000  335.17254  11.1%  89.4  316s
H22921  5415                     376.1774000  335.94148  10.7%  79.7  317s
 22927  5419  335.94148   25  286  376.17740  335.94148  10.7%  77.7  332s
 22943  5429  335.94148   29  288  376.17740  335.94148  10.7%  78.5  335s
 23001  5440  335.94148   32  287  376.17740  335.94148  10.7%  81.6  341s
 23125  5491  335.94148   36  312  376.17740  335.94148  10.7%  83.5  347s
 23201  5523 infeasible   37       376.17740  335.94148  10.7%  84.5  350s
 23437  5559  335.94148   40  169  376.17740  335.94148  10.7%  85.9  356s
 23693  5697  335.94148   43  138  376.17740  335.94148  10.7%  86.7  360s
 24157  5770  335.94148   42  370  376.17740  335.94148  10.7%  87.0  369s
 24286  5952  335.94148   44  307  376.17740  335.94148  10.7%  87.1  372s
 24938  6290  335.94148   55  231  376.17740  335.94148  10.7%  87.0  377s
 25342  6512  335.94148   60  170  376.17740  335.94148  10.7%  86.8  380s
 30629  8624  336.13480   75  164  376.17740  336.13480  10.6%  76.3  387s
 31415  8782  336.13480  124   85  376.17740  336.13480  10.6%  76.6  392s
 32867  9432  336.13480  264   82  376.17740  336.13480  10.6%  76.4  395s
 34520 10352  336.13480   92   92  376.17740  336.13480  10.6%  76.7  400s
H42740 13361                     375.5836000  336.50558  10.4%  66.4  403s
 42740 13860  336.50558   41  277  375.58360  336.50558  10.4%  64.9  407s
 44173 14660 infeasible   51       375.58360  336.50558  10.4%  65.8  414s
 44644 15009  336.50558   55  139  375.58360  336.50558  10.4%  65.8  415s
 46706 16135  336.50558   46  189  375.58360  336.50558  10.4%  65.9  421s
 46970 16583  336.50558   53  182  375.58360  336.50558  10.4%  66.0  425s
 48033 17705  336.50558   47  150  375.58360  336.50558  10.4%  66.0  432s
 52828 16102     cutoff   61       375.58360  336.83228  10.3%  63.1  436s
H58869 17418                     373.6454000  336.83277  9.85%  58.1  437s
 58869 18890  336.83277   58  150  373.64540  336.83277  9.85%  57.0  445s
 61688 20184  336.83277   95  141  373.64540  336.83277  9.85%  57.0  450s
 64342 21829  336.83277  135  105  373.64540  336.83277  9.85%  57.0  455s
 64616 23317  336.83277  144   95  373.64540  336.83277  9.85%  57.1  467s
 66379 24830  337.66961   71   24  373.64540  336.83277  9.85%  58.1  470s
H75468 24094                     373.2296000  337.46658  9.58%  52.9  474s
 75468 25628  337.46658  177   89  373.22960  337.46658  9.58%  52.0  481s
 78225 26845  337.46658  260   89  373.22960  337.46658  9.58%  53.1  485s
 80464 28252 infeasible   50       373.22960  337.46658  9.58%  53.7  490s
 83073 30298  337.46658   44  248  373.22960  337.46658  9.58%  54.2  497s
 86375 30415     cutoff   64       373.22960  337.46918  9.58%  54.2  500s
 95042 30972  337.91753   71   32  373.22960  337.91753  9.46%  50.9  505s
 96912 32892  337.91753   69  120  373.22960  337.91753  9.46%  49.7  516s
 99499 34256  337.91753   63  125  373.22960  337.91753  9.46%  50.0  520s
 102055 36172  337.91753  115   99  373.22960  337.91753  9.46%  50.2  525s
 105237 39114  337.91753   94   96  373.22960  337.91753  9.46%  50.9  535s
 108569 40243  337.92053   72   27  373.22960  337.91753  9.46%  51.9  540s
 111086 40378  337.91753   23   37  373.22960  337.91753  9.46%  51.1  553s
 111734 40361  337.91753   34   40  373.22960  337.91753  9.46%  51.2  555s
 115775 40084  340.45803   53   34  373.22960  337.91753  9.46%  50.5  560s
 121586 39228  337.91753   62   15  373.22960  337.91753  9.46%  49.4  566s
 124249 40670  337.91753   46  211  373.22960  337.91753  9.46%  48.5  577s
 127883 42167  337.91753   79  103  373.22960  337.91753  9.46%  49.3  584s
 128156 42167  337.91753  128  109  373.22960  337.91753  9.46%  49.4  585s
 130618 43195  337.91753   38  264  373.22960  337.91753  9.46%  50.3  612s
 130632 43212  337.91753   41  278  373.22960  337.91753  9.46%  50.3  615s
 130648 43221  337.91753   42  275  373.22960  337.91753  9.46%  50.5  621s
 130705 43253  337.91753   44  279  373.22960  337.91753  9.46%  50.9  626s
 130739 43267  337.91753   45  261  373.22960  337.91753  9.46%  51.0  630s
 130844 43311  337.91753   47  197  373.22960  337.91753  9.46%  51.5  636s
 130880 41521  337.91753   47  213  373.22960  337.91753  9.46%  51.6  640s
 130948 41551  337.91753   48  184  373.22960  337.91753  9.46%  51.7  646s
 131021 41596 infeasible   49       373.22960  337.91753  9.46%  51.9  654s
 131088 41699 infeasible   50       373.22960  337.91753  9.46%  52.0  663s
 131300 41826  337.91753   52  166  373.22960  337.91753  9.46%  52.2  666s
 131629 42168  337.91753   55  131  373.22960  337.91753  9.46%  52.5  672s
 132233 42404  337.91753   61  136  373.22960  337.91753  9.46%  52.8  678s
 132812 42616 infeasible   66       373.22960  337.91753  9.46%  53.0  684s
 133381 42790  337.91753   74  108  373.22960  337.91753  9.46%  53.1  688s
 133880 43113  337.91753   80  104  373.22960  337.91753  9.46%  53.2  693s
 134484 43510  337.91753   86  101  373.22960  337.91753  9.46%  53.3  699s
 135275 43853  337.91753   99  105  373.22960  337.91753  9.46%  53.5  704s
 136068 44121  337.91753  108   95  373.22960  337.91753  9.46%  53.6  709s
 136828 44332  337.91753  116   95  373.22960  337.91753  9.46%  53.8  714s
 137491 44607  337.91753  123  102  373.22960  337.91753  9.46%  53.9  717s
 138156 44865  337.91753   50  351  373.22960  337.91753  9.46%  54.0  721s
 139360 45489  337.91753   58  312  373.22960  337.91753  9.46%  54.2  729s
H140079 45250                     373.2277915  337.91753  9.46%  54.7  729s
 140079 45545  340.00897   56   41  373.22779  337.91753  9.46%  54.7  731s
 147413 44621  339.69962   49   22  373.22779  337.91753  9.46%  53.0  735s
 152407 42706 infeasible   42       373.22779  338.22130  9.38%  52.5  740s
 157298 41083  339.29506   47    9  373.22779  338.79705  9.23%  51.7  745s
 160410 41620  339.05732   62  228  373.22779  339.05732  9.16%  50.9  753s
 161521 41851  339.05732   76  131  373.22779  339.05732  9.16%  51.0  756s
 163318 42307  339.05732   62  172  373.22779  339.05732  9.16%  51.1  760s
 164243 43078  339.05732   79   94  373.22779  339.05732  9.16%  51.3  765s
 165750 43902  339.05732   57  214  373.22779  339.05732  9.16%  51.5  771s
 166601 44271  339.05732   74  213  373.22779  339.05732  9.16%  51.6  775s
 168839 45494  339.05732  230   90  373.22779  339.05732  9.16%  51.9  783s
 169866 46049 infeasible   68       373.22779  339.05732  9.16%  52.0  787s
 171004 46271  339.05732   52  209  373.22779  339.05732  9.16%  52.1  790s
 172838 47398  339.05732   79  120  373.22779  339.05732  9.16%  52.3  797s
 173932 48094  339.05732   66  181  373.22779  339.05732  9.16%  52.4  802s
 175180 48637  339.05732   69  197  373.22779  339.05732  9.16%  52.5  805s
 177417 48759  339.05732   63  301  373.22779  339.05732  9.16%  52.9  811s
 177553 49780  339.05732   65  295  373.22779  339.05732  9.16%  52.9  821s
 178734 50456  339.05732   66  314  373.22779  339.05732  9.16%  52.9  828s
 180146 49544  339.99132   47   14  373.22779  339.05732  9.16%  53.3  831s

Cutting planes:
  Gomory: 2
  Cover: 1
  Implied bound: 168
  MIR: 65
  Zero half: 2
  RLT: 38
  Relax-and-lift: 906

Explored 185851 nodes (9865709 simplex iterations) in 977.04 seconds (762.84 work units)
Thread count was 32 (of 96 available processors)

Solution count 10: 373.228 373.645 375.584 ... 569.358

Optimal solution found (tolerance 1.00e-04)
Best objective 3.732277915475e+02, best bound 3.732277915475e+02, gap 0.0000%

User-callback calls 377959, time in user-callback 0.45 sec
