
Gurobi 10.0.1 (win64) logging started Sun Sep 21 15:50:32 2025

Set parameter LogFile to value "log_group_6/bound_Expr307_s5_l1051_s11_e12_o20_d40_t60_s12_0_0_0_0.log"
Gurobi Optimizer version 10.0.1 build v10.0.1rc0 (win64)

CPU model: Intel(R) Core(TM) i7-10700 CPU @ 2.90GHz, instruction set [SSE2|AVX|AVX2]
Thread count: 8 physical cores, 16 logical processors, using up to 16 threads

Optimize a model with 110825 rows, 110310 columns and 884870 nonzeros
Model fingerprint: 0xf8d779ff
Variable types: 310 continuous, 110000 integer (110000 binary)
Coefficient statistics:
  Matrix range     [1e+00, 9e+02]
  Objective range  [1e+00, 1e+00]
  Bounds range     [1e+00, 1e+03]
  RHS range        [1e+00, 9e+02]
Presolve removed 103810 rows and 103790 columns
Presolve time: 0.55s
Presolved: 7015 rows, 6520 columns, 44365 nonzeros
Variable types: 270 continuous, 6250 integer (6250 binary)
Found heuristic solution: objective 413.5065667

Root relaxation: objective 0.000000e+00, 1389 iterations, 0.05 seconds (0.08 work units)

    Nodes    |    Current Node    |     Objective Bounds      |     Work
 Expl Unexpl |  Obj  Depth IntInf | Incumbent    BestBd   Gap | It/Node Time

     0     0    0.00000    0   40  413.50657    0.00000   100%     -    0s
H    0     0                     410.4881333    0.00000   100%     -    0s
     0     0    0.00000    0   44  410.48813    0.00000   100%     -    0s
H    0     0                     232.0626333    0.00000   100%     -    1s
H    0     0                     138.3103333    0.00000   100%     -    1s
     0     0    0.00000    0   41  138.31033    0.00000   100%     -    1s
     0     0    0.00000    0   43  138.31033    0.00000   100%     -    1s
     0     0    0.00000    0   42  138.31033    0.00000   100%     -    1s
     0     0    0.00000    0   45  138.31033    0.00000   100%     -    1s
     0     0    0.00000    0   43  138.31033    0.00000   100%     -    1s
     0     0    0.00000    0   43  138.31033    0.00000   100%     -    1s
     0     0    0.00000    0   45  138.31033    0.00000   100%     -    1s
     0     0    0.00000    0   44  138.31033    0.00000   100%     -    1s
     0     0    0.00000    0   46  138.31033    0.00000   100%     -    1s
     0     0    0.00000    0   47  138.31033    0.00000   100%     -    1s
     0     0    0.00000    0   46  138.31033    0.00000   100%     -    1s
H    0     0                     120.8834000    0.00000   100%     -    1s
     0     0    0.00000    0   40  120.88340    0.00000   100%     -    1s
     0     0    0.00000    0   44  120.88340    0.00000   100%     -    1s
     0     0    0.00000    0   46  120.88340    0.00000   100%     -    1s
     0     0    0.00000    0   44  120.88340    0.00000   100%     -    1s
     0     0    0.00000    0   45  120.88340    0.00000   100%     -    1s
     0     0    0.00000    0   45  120.88340    0.00000   100%     -    1s
     0     0    0.00000    0   45  120.88340    0.00000   100%     -    1s
     0     0    0.00000    0   45  120.88340    0.00000   100%     -    2s
     0     0    0.00000    0   45  120.88340    0.00000   100%     -    2s
     0     0    0.00000    0   45  120.88340    0.00000   100%     -    2s
     0     0    0.00000    0   45  120.88340    0.00000   100%     -    2s
     0     0    0.00000    0   47  120.88340    0.00000   100%     -    2s
     0     0    0.00000    0   45  120.88340    0.00000   100%     -    2s
     0     0    0.00000    0   45  120.88340    0.00000   100%     -    2s
     0     0    0.00000    0   45  120.88340    0.00000   100%     -    2s
     0     0    0.00000    0   45  120.88340    0.00000   100%     -    2s
     0     0    0.00000    0   44  120.88340    0.00000   100%     -    2s
     0     0    0.00000    0   45  120.88340    0.00000   100%     -    2s
     0     0    0.00000    0   44  120.88340    0.00000   100%     -    2s
     0     0    0.00000    0   44  120.88340    0.00000   100%     -    2s
     0     0    0.00000    0   44  120.88340    0.00000   100%     -    2s
     0     0    0.00000    0   44  120.88340    0.00000   100%     -    2s
H    0     0                     120.8693333    0.00000   100%     -    2s
     0     0    0.00000    0   40  120.86933    0.00000   100%     -    2s
     0     0    0.00000    0   43  120.86933    0.00000   100%     -    2s
     0     0    0.00000    0   41  120.86933    0.00000   100%     -    2s
     0     0    0.00000    0   43  120.86933    0.00000   100%     -    2s
     0     0    0.00000    0   42  120.86933    0.00000   100%     -    2s
     0     0    0.00000    0   40  120.86933    0.00000   100%     -    2s
     0     0    0.00000    0   41  120.86933    0.00000   100%     -    2s
     0     0    0.00000    0   40  120.86933    0.00000   100%     -    2s
     0     0    0.00000    0   40  120.86933    0.00000   100%     -    2s
     0     0    0.00000    0   40  120.86933    0.00000   100%     -    2s
     0     0    0.00000    0   40  120.86933    0.00000   100%     -    2s
     0     0    0.00000    0   40  120.86933    0.00000   100%     -    2s
     0     0    0.00000    0   40  120.86933    0.00000   100%     -    2s
     0     0    0.00000    0   40  120.86933    0.00000   100%     -    3s
     0     0    0.00000    0   40  120.86933    0.00000   100%     -    3s
H    0     0                     120.8637000    0.00000   100%     -    3s
     0     0    0.00000    0   40  120.86370    0.00000   100%     -    3s
H    0     0                     120.8636997    0.00000   100%     -    3s
     0     0    0.00000    0   40  120.86370    0.00000   100%     -    4s
     0     0    0.00000    0   52  120.86370    0.00000   100%     -    4s
     0     0    0.00000    0   49  120.86370    0.00000   100%     -    4s
     0     0    0.00000    0   40  120.86370    0.00000   100%     -    4s
     0     0    0.00000    0   43  120.86370    0.00000   100%     -    4s
H    0     0                     120.8636996    0.00000   100%     -    5s
     0     0    0.00000    0   40  120.86370    0.00000   100%     -    5s
     0     0    0.00000    0   40  120.86370    0.00000   100%     -    5s
     0     2    0.00000    0   40  120.86370    0.00000   100%     -    5s
  4047  2916   24.21680  550   39  120.86370    0.00000   100%   6.9   10s
H 4481  2967                     120.8636936    0.00000   100%   7.1   21s
  4493  2975   24.21679  351   33  120.86369   24.21679  80.0%   7.1   25s
H 4495  2829                     120.8636934   24.21679  80.0%   7.9   36s
  4505  2836   99.08267  145   26  120.86369   39.37239  67.4%   7.8   40s
H 5227  2943                     120.8636915   50.81405  58.0%   8.8   44s
  5501  3054   51.66336  111   26  120.86369   51.21939  57.6%   8.6   45s
  9299  5312   57.06030  405   26  120.86369   51.21939  57.6%   6.6   50s
 14448  9553   70.35884  579   23  120.86369   51.21939  57.6%   6.2   59s
 15592  9595   70.36532  597   22  120.86369   51.21939  57.6%   6.1   60s

Cutting planes:
  Gomory: 12
  Implied bound: 46
  Projected implied bound: 37
  MIR: 17
  Flow cover: 134
  Relax-and-lift: 1181

Explored 15640 nodes (111634 simplex iterations) in 60.05 seconds (80.70 work units)
Thread count was 16 (of 16 available processors)

Solution count 10: 120.864 120.864 120.864 ... 232.063

Time limit reached
Best objective 1.208636914588e+02, best bound 5.121939018540e+01, gap 57.6222%

User-callback calls 37423, time in user-callback 0.08 sec
