
Gurobi 10.0.1 (win64) logging started Sun Sep 21 11:56:33 2025

Set parameter LogFile to value "log_group_6/bound_Expr129_s10_l1051_s11_e12_o80_d160_t7200_s59_1_1_1_1.log"
Gurobi Optimizer version 10.0.1 build v10.0.1rc0 (win64)

CPU model: Intel(R) Core(TM) i7-10700 CPU @ 2.90GHz, instruction set [SSE2|AVX|AVX2]
Thread count: 8 physical cores, 16 logical processors, using up to 16 threads

Optimize a model with 2858029 rows, 2800740 columns and 36539880 nonzeros
Model fingerprint: 0xa5b48f26
Variable types: 740 continuous, 2800000 integer (2800000 binary)
Coefficient statistics:
  Matrix range     [4e-01, 9e+02]
  Objective range  [1e+00, 1e+00]
  Bounds range     [1e+00, 1e+03]
  RHS range        [9e-01, 9e+02]
Presolve removed 80 rows and 80 columns (presolve time = 5s) ...
Presolve removed 80 rows and 2757080 columns (presolve time = 10s) ...
Presolve removed 2826519 rows and 2770710 columns (presolve time = 15s) ...
Presolve removed 2826519 rows and 2770213 columns
Presolve time: 16.48s
Presolved: 31510 rows, 30527 columns, 180238 nonzeros
Variable types: 580 continuous, 29947 integer (29947 binary)
Found heuristic solution: objective 8169.8198667
Deterministic concurrent LP optimizer: primal and dual simplex
Showing first log only...


Root simplex log...

Iteration    Objective       Primal Inf.    Dual Inf.      Time
       0   -5.5105000e+04   1.425404e+04   4.576524e+08     22s
   14946    6.0095000e+04   0.000000e+00   6.400000e+02     24s
   15400    2.6789550e+02   0.000000e+00   0.000000e+00     24s
Concurrent spin time: 0.16s

Solved with primal simplex
   15400    2.6789550e+02   0.000000e+00   0.000000e+00     24s

Root relaxation: objective 2.678955e+02, 15400 iterations, 1.94 seconds (4.60 work units)
Total elapsed time = 25.95s

    Nodes    |    Current Node    |     Objective Bounds      |     Work
 Expl Unexpl |  Obj  Depth IntInf | Incumbent    BestBd   Gap | It/Node Time

     0     0  267.89550    0  268 8169.81987  267.89550  96.7%     -   28s
H    0     0                    8124.3585000  267.89550  96.7%     -   28s
H    0     0                    7852.7861333  267.89550  96.6%     -   29s
     0     0  267.89550    0  424 7852.78613  267.89550  96.6%     -   32s
H    0     0                    3040.2960333  267.89550  91.2%     -   42s
H    0     0                    3013.3526000  267.89550  91.1%     -   44s
     0     0  267.89550    0  383 3013.35260  267.89550  91.1%     -   44s
     0     0  267.89550    0  293 3013.35260  267.89550  91.1%     -   53s
H    0     0                    2418.7210208  267.89550  88.9%     -   57s
     0     0  267.89550    0  540 2418.72102  267.89550  88.9%     -   62s
H    0     0                    2049.2166333  267.89550  86.9%     -   81s
     0     0  267.89550    0  310 2049.21663  267.89550  86.9%     -   81s
     0     0  267.89550    0  295 2049.21663  267.89550  86.9%     -   85s
H    0     0                    1893.6171333  267.89550  85.9%     -   92s
     0     2  267.89550    0  286 1893.61713  267.89550  85.9%     -   97s
     7    16  267.89550    3  372 1893.61713  267.89550  85.9%  1395  101s
    15    24  267.89550    4  310 1893.61713  267.89550  85.9%  2305  107s
H   31    40                    1720.9250000  267.89550  84.4%  1910  130s
H   31    40                    1440.2390000  267.89550  81.4%  1910  130s
H   33    40                    1248.2243861  267.89550  78.5%  1802  130s
H   36    40                    1211.8778333  267.89550  77.9%  1668  130s
    56    65  267.89550    9  304 1211.87783  267.89550  77.9%  1128  138s
    64    75  267.89550   10  317 1211.87783  267.89550  77.9%  1014  140s
   112   126  267.89550   17  314 1211.87783  267.89550  77.9%   648  146s
   138   151  267.89550   21  301 1211.87783  267.89550  77.9%   566  150s
   182   200  267.89550   28  295 1211.87783  267.89550  77.9%   476  155s
   237   270  267.89550   38  306 1211.87783  267.89550  77.9%   394  162s
   269   298  267.89550   42  307 1211.87783  267.89550  77.9%   361  165s
   326   356  267.89550   53  293 1211.87783  267.89550  77.9%   328  173s
   355   407  267.89550   58  303 1211.87783  267.89550  77.9%   321  178s
   406   452  267.89550   68  308 1211.87783  267.89550  77.9%   295  183s
   451   480  267.89550   74  301 1211.87783  267.89550  77.9%   276  194s
H  454   480                    1049.7737333  267.89550  74.5%   274  194s
H  458   480                     951.8415333  267.89550  71.9%   272  194s
H  478   480                     864.8323333  267.89550  69.0%   265  194s
   479   533  267.89550   78  300  864.83233  267.89550  69.0%   266  199s
   532   607  267.89550   85  300  864.83233  267.89550  69.0%   252  206s
   606   669  267.89550   94  298  864.83233  267.89550  69.0%   235  213s
   668   755  267.89550  102  295  864.83233  267.89550  69.0%   224  222s
   754   859  267.89550  114  290  864.83233  267.89550  69.0%   211  231s
   858   960  267.89550  128  292  864.83233  267.89550  69.0%   197  241s
H  959   966                     760.3167000  267.89550  64.8%   189  255s
H  960   966                     752.5624896  267.89550  64.4%   189  255s
H  963   945                     697.1594333  267.89550  61.6%   189  255s
   967  1035  267.89550  142  311  697.15943  267.89550  61.6%   188  274s
H  979  1032                     692.7729333  267.89550  61.3%   187  275s
  1058  1157  267.89550  155  313  692.77293  267.89550  61.3%   190  289s
  1184  1318  267.89550  174  316  692.77293  267.89550  61.3%   190  305s
H 1349  1216                     600.7643000  267.89550  55.4%   188  323s
  1384  1399  267.89550  199  307  600.76430  267.89550  55.4%   191  343s
H 1588  1608                     583.8172000  267.89550  54.1%   200  367s
  1892  1740  267.89550  305  310  583.81720  267.89550  54.1%   192  388s
H 1913  1728                     575.3564333  267.89550  53.4%   191  388s
  2058  2086  267.89550  326  364  575.35643  267.89550  53.4%   193  422s
  2434  2594  267.89550  347  610  575.35643  267.89550  53.4%   202  455s
H 2984  2996                     574.2598333  267.89550  53.3%   191  492s
H 3177  2996                     572.2427333  267.89550  53.2%   186  492s
H 3399  3531                     572.2217333  267.89550  53.2%   188  528s
H 3672  3531                     572.2214333  267.89550  53.2%   184  528s
H 3834  3531                     572.1572333  267.89550  53.2%   185  528s
  3949  4449  267.89550  449  434  572.15723  267.89550  53.2%   183  572s
H 4905  4467                     568.6597333  267.89550  52.9%   173  643s
H 4907  4466                     565.1758333  267.89550  52.6%   173  643s
  4924  5028  267.89550  501  452  565.17583  267.89550  52.6%   173  685s
  5513  5944  267.89550  532  410  565.17583  267.89550  52.6%   170  729s
H 6461  7023                     564.5380000  267.89550  52.5%   168  780s
  7589  7024  324.29170  370  295  564.53800  267.89550  52.5%   167  894s
H 7590  6673                     564.5170000  267.89550  52.5%   167  934s
H 7590  6340                     563.9408000  267.89550  52.5%   167  934s
  7591  6340  388.95450  798  545  563.94080  267.89550  52.5%   167  935s
H 7591  6023                     563.9371882  267.89550  52.5%   167 1015s
  7593  6025  388.06837  145  483  563.93719  267.89550  52.5%   167 1025s
  7594  6025  496.53077    5  582  563.93719  267.89550  52.5%   167 1064s
H 7594  5723                     563.9198000  267.89550  52.5%   167 1067s
  7595  5724  388.95450 1058  585  563.91980  267.89550  52.5%   167 1074s
H 7595  5438                     563.8883000  267.89550  52.5%   167 1114s
  7596  5439  388.95450  574  380  563.88830  267.89550  52.5%   167 1145s
  7597  5439  382.10103   23  598  563.88830  267.89550  52.5%   167 1156s
  7598  5440  324.29170  983  586  563.88830  267.97352  52.5%   167 1231s
  7599  5441  424.82183  378  634  563.88830  267.99482  52.5%   167 1240s
  7600  5441  372.21823  526  531  563.88830  271.76488  51.8%   167 1338s
  7601  5442  388.95450  872  724  563.88830  273.55821  51.5%   167 1353s
  7602  5443  382.10103  852  450  563.88830  276.26671  51.0%   167 1393s
  7603  5443  372.21823  516  565  563.88830  276.55154  51.0%   167 1404s
  7604  5444  382.10103 1339  628  563.88830  276.90002  50.9%   167 1411s
  7605  5445  276.95954  695  665  563.88830  276.95954  50.9%   167 1420s
  7606  5445  276.95954  533  646  563.88830  276.95954  50.9%   167 1430s
  7607  5446  388.95450  633  531  563.88830  280.51495  50.3%   167 1468s
  7608  5447  372.21823  234  702  563.88830  281.99422  50.0%   167 1479s
  7609  5447  388.95450  127  592  563.88830  282.15074  50.0%   167 1485s
  7611  5449  324.29170  639  556  563.88830  282.16722  50.0%   167 1497s
  7612  5449  450.98113   41  463  563.88830  283.43621  49.7%   167 1539s
H 7612  5176                     563.8880029  283.43621  49.7%   167 1548s
  7614  5178  484.92690  432  688  563.88800  285.26333  49.4%   166 1556s
  7615  5178  507.25960  210  677  563.88800  285.27341  49.4%   166 1562s
  7616  5179  324.29170  478  670  563.88800  285.27341  49.4%   166 1574s
H 7616  4920                     563.8880028  286.54512  49.2%   166 1739s
  7618  4921  286.78303  466  676  563.88800  286.78303  49.1%   166 1753s
  7619  4922  382.10103 1169  669  563.88800  286.78447  49.1%   166 1760s
  7620  4923  424.82183  378  743  563.88800  286.78447  49.1%   166 1776s
  7621  4923  424.82183  304  587  563.88800  287.54688  49.0%   166 1827s
  7622  4924  382.10103   26  711  563.88800  287.60611  49.0%   166 1846s
  7623  4925  388.95450  257  712  563.88800  287.60611  49.0%   166 1872s
  7624  4925  424.82183  619  654  563.88800  287.60611  49.0%   166 1917s
  7625  4926  287.60611  512  673  563.88800  287.60611  49.0%   166 1943s
  7626  4927  388.95450 1059  998  563.88800  287.60626  49.0%   166 1978s
  7627  4927  388.95450  375  843  563.88800  287.60778  49.0%   166 1995s
H 7627  4680                     563.8880027  287.60778  49.0%   166 2011s
  7629  4682  388.95450  241  761  563.88800  287.76107  49.0%   166 2021s
  7630  4682  383.06060  621  650  563.88800  287.78720  49.0%   166 2035s
  7631  4683  349.97290  108  636  563.88800  287.78720  49.0%   166 2059s
  7632  4684  472.27930  416  831  563.88800  287.82428  49.0%   166 2113s
  7633  4684  287.82428  470  806  563.88800  287.82428  49.0%   166 2143s
  7634  4685  324.29170 1050 1029  563.88800  288.40288  48.9%   166 2205s
H 7634  4450                     563.8818540  288.40288  48.9%   166 2226s
  7636  4451  372.21823  132 1116  563.88185  288.51678  48.8%   166 2238s
  7637  4452  382.10103  552 1204  563.88185  288.61400  48.8%   166 2250s
  7638  4453  452.92570  542 1163  563.88185  288.70281  48.8%   166 2258s
  7639  4453  382.10103   40 1162  563.88185  288.70549  48.8%   166 2262s
  7640  4454  288.70550  706 1168  563.88185  288.70550  48.8%   166 2301s
  7641  4455  382.10103  525  881  563.88185  291.58242  48.3%   166 2363s
  7642  4455  388.05787  207 1136  563.88185  292.78830  48.1%   166 2381s
  7643  4456  292.89936  179 1116  563.88185  292.89936  48.1%   166 2393s
  7644  4457  293.20404  378 1205  563.88185  293.20404  48.0%   166 2412s
  7645  4457  382.10103  936 1175  563.88185  293.20888  48.0%   166 2415s
  7647  4459  328.54013  228 1174  563.88185  293.21215  48.0%   166 2453s
  7648  4459  388.95450  647 1205  563.88185  294.60050  47.8%   166 2485s
  7649  4460  324.29170  454 1231  563.88185  294.72007  47.7%   166 2494s
  7650  4461  372.21823  599 1228  563.88185  294.78210  47.7%   166 2499s
  7651  4461  465.77043 1112 1233  563.88185  294.82337  47.7%   166 2509s
  7652  4462  424.82183 1072 1128  563.88185  297.33847  47.3%   166 2523s
  7653  4463  324.29170  619 1126  563.88185  297.41017  47.3%   166 2528s
  7654  4463  382.10103   47 1123  563.88185  297.41594  47.3%   166 2531s
  7655  4464  411.18140  280 1125  563.88185  297.41594  47.3%   166 2576s
  7656  4465  506.43843  288 1126  563.88185  299.19808  46.9%   166 2599s
  7657  4465  299.41479  652 1097  563.88185  299.41479  46.9%   166 2606s
  7658  4466  388.95450  997 1147  563.88185  302.20856  46.4%   166 2622s
  7659  4467  494.62683  288 1108  563.88185  302.80591  46.3%   165 2633s
  7660  4467  324.29170  652 1122  563.88185  302.81737  46.3%   165 2636s
  7662  4469  403.78723  566 1102  563.88185  302.82119  46.3%   165 2682s
  7663  4469  324.29170 1104 1119  563.88185  303.30628  46.2%   165 2708s
  7664  4470  324.29170  620 1179  563.88185  304.38157  46.0%   165 2719s
  7665  4471  484.11333    6 1218  563.88185  304.72692  46.0%   165 2732s
  7666  4471  382.10103  958 1224  563.88185  304.73502  46.0%   165 2737s
  7667  4472  553.35173  833 1179  563.88185  305.26714  45.9%   165 2749s
  7668  4473  520.54197  887 1179  563.88185  305.26780  45.9%   165 2820s
  7669  4473  498.69830  330 1160  563.88185  305.86063  45.8%   165 2856s
  7670  4474  424.82183  461 1150  563.88185  305.88896  45.8%   165 2863s
  7671  4475  324.29170 1118 1132  563.88185  306.26671  45.7%   165 2875s
  7672  4475  324.29170  670 1170  563.88185  307.65815  45.4%   165 2887s
  7673  4476  357.85507  720 1131  563.88185  308.84542  45.2%   165 2899s
  7674  4477  388.95450  210 1127  563.88185  308.86003  45.2%   165 2902s
  7675  4477  372.21823   77 1128  563.88185  308.86003  45.2%   165 2967s
  7676  4478  309.42955  632 1159  563.88185  309.42955  45.1%   165 2989s
  7677  4479  424.82183  502 1212  563.88185  310.23171  45.0%   165 2996s
  7678  4479  388.95450  276 1161  563.88185  310.27746  45.0%   165 3004s
  7679  4480  424.82183 1100 1180  563.88185  311.20311  44.8%   165 3016s
  7680  4481  460.11507  253  971  563.88185  312.39109  44.6%   165 3026s
  7681  4481  312.42284  138 1126  563.88185  312.42284  44.6%   165 3031s
  7683  4483  312.48866   51 1129  563.88185  312.48866  44.6%   165 3037s
  7684  4483  388.95450  245 1123  563.88185  312.49036  44.6%   165 3101s
H 7684  4257                     563.8804524  315.15988  44.1%   165 3185s
  7686  4259  315.78984   50 1173  563.88045  315.78984  44.0%   165 3193s
  7687  4259  540.61113  145 1174  563.88045  315.89845  44.0%   165 3200s
  7688  4260  424.82183  739 1169  563.88045  318.29952  43.6%   165 3211s
  7689  4261  324.29170  370 1190  563.88045  319.07800  43.4%   165 3219s
  7690  4261  388.95450  938 1191  563.88045  319.07885  43.4%   165 3282s
  7691  4262  388.95450  798 1327  563.88045  325.57782  42.3%   165 3327s
  7692  4263  325.96384  294 1327  563.88045  325.96384  42.2%   165 3336s
  7693  4263  388.06837  145 1343  563.88045  327.64084  41.9%   165 3346s
  7694  4264  496.53077    5 1331  563.88045  328.67518  41.7%   165 3351s
  7695  4265  388.95450 1058 1207  563.88045  332.71350  41.0%   165 3372s
  7696  4265  388.95450  574 1265  563.88045  333.01220  40.9%   165 3378s
  7697  4266  382.10103   23 1265  563.88045  333.05332  40.9%   165 3381s
  7699  4267  424.82183  378 1258  563.88045  333.06637  40.9%   165 3444s
  7700  4268  372.21823  526 1340  563.88045  335.57229  40.5%   165 3474s
  7701  4269  388.95450  872 1449  563.88045  337.40155  40.2%   165 3489s
  7702  4269  382.10103  852 1493  563.88045  338.34438  40.0%   165 3498s
  7703  4270  372.21823  516 1518  563.88045  339.99859  39.7%   165 3507s
  7704  4271  382.10103 1339 1508  563.88045  340.08384  39.7%   165 3511s
  7706  4272  340.09246  533 1516  563.88045  340.09246  39.7%   164 3573s
  7707  4273  388.95450  633 1597  563.88045  342.04951  39.3%   164 3602s
  7708  4273  372.21823  234 1639  563.88045  343.73940  39.0%   164 3616s
  7709  4274  388.95450  127 1730  563.88045  344.93185  38.8%   164 3628s
  7710  4275  388.95450   91 1704  563.88045  345.58416  38.7%   164 3637s
  7711  4275  345.67153  639 1696  563.88045  345.67153  38.7%   164 3641s
  7713  4277  382.10103  639 1704  563.88045  345.69119  38.7%   164 3646s
  7715  4278  507.25960  210 1716  563.88045  345.69631  38.7%   164 3708s
  7716  4279  347.55159  478 1741  563.88045  347.55159  38.4%   164 3733s
  7717  4279  388.95450  568 1830  563.88045  348.67901  38.2%   164 3747s
  7718  4280  349.23948  466 1885  563.88045  349.23948  38.1%   164 3758s
  7719  4281  382.10103 1169 1913  563.88045  349.42176  38.0%   164 3766s
  7720  4281  424.82183  378 1892  563.88045  349.48204  38.0%   164 3772s
  7721  4282  424.82183  304 1903  563.88045  349.48503  38.0%   164 3775s
  7722  4283  382.10103   26 1901  563.88045  349.48535  38.0%   164 3831s
  7723  4283  388.95450  257 1873  563.88045  351.15250  37.7%   164 3858s
  7724  4284  424.82183  619 1899  563.88045  351.81462  37.6%   164 3867s
  7725  4285  352.03126  512 1885  563.88045  352.03126  37.6%   164 3873s
  7726  4285  388.95450 1059 1968  563.88045  352.45872  37.5%   164 3881s
  7727  4286  388.95450  375 1979  563.88045  352.53634  37.5%   164 3886s
  7728  4287  352.55973  550 1987  563.88045  352.55973  37.5%   164 3890s
  7729  4287  388.95450  241 1975  563.88045  352.56148  37.5%   164 3948s
  7730  4288  383.06060  621 1994  563.88045  353.55580  37.3%   164 3970s
  7731  4289  354.69405  108 1985  563.88045  354.69405  37.1%   164 3983s
  7732  4289  472.27930  416 1992  563.88045  355.11632  37.0%   164 3996s
  7733  4290  355.18277  470 2006  563.88045  355.18277  37.0%   164 4003s
  7734  4291  355.47923 1050 2003  563.88045  355.47923  37.0%   164 4009s
  7735  4291  355.52553  432 2007  563.88045  355.52553  37.0%   164 4013s
  7736  4292  372.21823  132 2007  563.88045  355.54171  36.9%   164 4016s
  7737  4293  382.10103  552 2011  563.88045  355.54194  36.9%   164 4066s
  7738  4293  452.92570  542 1991  563.88045  356.16314  36.8%   164 4088s
  7739  4294  382.10103   40 1983  563.88045  356.69522  36.7%   164 4098s
  7740  4295  356.87024  706 1977  563.88045  356.87024  36.7%   164 4106s
  7741  4295  382.10103  525 1981  563.88045  356.90939  36.7%   164 4110s
  7742  4296  388.05787  207 1982  563.88045  356.92774  36.7%   164 4116s
  7743  4297  356.92787  179 1986  563.88045  356.92787  36.7%   164 4164s
  7744  4297  357.79270  378 1940  563.88045  357.79270  36.5%   164 4182s
  7745  4298  382.10103  936 1974  563.88045  358.12205  36.5%   164 4190s
  7747  4299  358.25104  228 1968  563.88045  358.25104  36.5%   164 4198s
  7748  4300  388.95450  647 1973  563.88045  358.25463  36.5%   164 4200s
  7749  4301  358.25463  454 1979  563.88045  358.25463  36.5%   164 4240s
  7750  4301  372.21823  599 1942  563.88045  358.87894  36.4%   164 4261s
  7751  4302  465.77043 1112 1927  563.88045  359.09231  36.3%   164 4268s
  7752  4303  424.82183 1072 1935  563.88045  359.15194  36.3%   164 4272s
  7753  4303  359.15235  619 1940  563.88045  359.15235  36.3%   163 4309s
  7754  4304  382.10103   47 1921  563.88045  359.42397  36.3%   163 4324s
  7755  4305  411.18140  280 1938  563.88045  359.60978  36.2%   163 4330s
  7757  4306  359.65141  652 1938  563.88045  359.65141  36.2%   163 4336s
  7759  4307  494.62683  288 1939  563.88045  359.65458  36.2%   163 4372s
  7760  4308  359.79308  652 1891  563.88045  359.79308  36.2%   163 4389s
  7761  4309  359.94295  578 1903  563.88045  359.94295  36.2%   163 4393s
  7762  4309  403.78723  566 1903  563.88045  359.97660  36.2%   163 4397s
  7764  4311  359.99199  620 1906  563.88045  359.99199  36.2%   163 4428s
  7765  4311  484.11333    6 1892  563.88045  360.27745  36.1%   163 4452s
  7766  4312  382.10103  958 1893  563.88045  360.32948  36.1%   163 4455s
  7767  4313  553.35173  833 1895  563.88045  360.33342  36.1%   163 4481s
  7768  4313  520.54197  887 1855  563.88045  360.58672  36.1%   163 4499s
  7769  4314  498.69830  330 1864  563.88045  360.60442  36.0%   163 4503s
  7770  4315  424.82183  461 1866  563.88045  360.60442  36.0%   163 4526s
  7771  4315  360.83622 1118 1868  563.88045  360.83622  36.0%   163 4548s
  7772  4316  360.87349  670 1865  563.88045  360.87349  36.0%   163 4551s
  7774  4317  388.95450  210 1868  563.88045  360.89466  36.0%   163 4555s
  7775  4318  372.21823   77 1868  563.88045  360.89466  36.0%   163 4578s
  7776  4319  361.24981  632 1869  563.88045  361.24981  35.9%   163 4602s
  7777  4319  424.82183  502 1869  563.88045  361.30329  35.9%   163 4605s
  7778  4320  388.95450  276 1872  563.88045  361.30370  35.9%   163 4627s
  7779  4321  424.82183 1100 1905  563.88045  361.56441  35.9%   163 4644s
  7780  4321  460.11507  253 1897  563.88045  361.73863  35.8%   163 4648s
  7781  4322  361.79499  138 1908  563.88045  361.79499  35.8%   163 4650s
  7783  4323  361.80607   51 1912  563.88045  361.80607  35.8%   163 4674s
  7784  4324  388.95450  245 1914  563.88045  362.03809  35.8%   163 4692s
  7785  4325  422.86867  134 1922  563.88045  362.11272  35.8%   163 4695s
  7786  4325  362.11393   50 1920  563.88045  362.11393  35.8%   163 4716s
  7787  4326  540.61113  145 1916  563.88045  362.20142  35.8%   163 4729s
  7788  4327  424.82183  739 1915  563.88045  362.20734  35.8%   163 4732s
  7789  4327  362.20736  370 1919  563.88045  362.20736  35.8%   163 4754s
  7790  4328  388.95450  938 1894  563.88045  362.83590  35.7%   163 4772s
  7791  4329  388.95450  798 1913  563.88045  363.06394  35.6%   163 4776s
  7792  4329  363.06544  294 1917  563.88045  363.06544  35.6%   163 4801s
  7793  4330  388.06837  145 1921  563.88045  363.44926  35.5%   163 4824s
  7794  4331  496.53077    5 1924  563.88045  363.51340  35.5%   163 4827s
  7796  4332  388.95450  574 1917  563.88045  363.74545  35.5%   163 4832s
  7798  4333  363.78838  983 1925  563.88045  363.78838  35.5%   163 4836s
  7800  4335  372.21823  526 1928  563.88045  363.83033  35.5%   163 4841s
  7801  4335  388.95450  872 1930  563.88045  363.83033  35.5%   162 4862s
  7802  4336  382.10103  852 1923  563.88045  364.27108  35.4%   162 4881s
  7804  4337  382.10103 1339 1941  563.88045  364.30266  35.4%   162 4905s
  7805  4338  364.34545  695 1932  563.88045  364.34545  35.4%   162 4920s
  7807  4339  388.95450  633 1942  563.88045  364.35224  35.4%   162 4939s
  7808  4340  372.21823  234 1933  563.88045  364.36251  35.4%   162 4957s
  7809  4341  388.95450  127 1945  563.88045  364.36251  35.4%   162 4974s
  7810  4341  388.95450   91 1935  563.88045  364.37735  35.4%   162 4988s
  7813  4345  382.10103  639  295  563.88045  364.37735  35.4%   295 5137s
H 7814  4128                     553.7516163  364.37735  34.2%   295 5197s
  7815  4128  507.25960  210  259  553.75162  364.37735  34.2%   295 5200s
H 7815  3922                     548.2862000  364.37735  33.5%   295 5306s
H 7816  3727                     548.2727000  364.37735  33.5%   295 5323s
H 7816  3540                     548.2700000  364.37735  33.5%   295 5323s
  7817  3541  388.95450  568  548  548.27000  364.37735  33.5%   295 5333s
  7818  3541  364.37735  466  798  548.27000  364.37735  33.5%   295 5364s
  7819  3542  382.10103 1169 1072  548.27000  364.37735  33.5%   295 5380s
  7820  3543  424.82183  378 1052  548.27000  364.37735  33.5%   295 5408s
  7821  3543  424.82183  304 1111  548.27000  364.37735  33.5%   295 5419s
  7822  3544  382.10103   26 1119  548.27000  364.37735  33.5%   295 5432s
  7823  3545  388.95450  257 1112  548.27000  364.37735  33.5%   295 5446s
  7824  3545  424.82183  619 1170  548.27000  364.37735  33.5%   295 5456s
  7825  3546  364.37735  512 1234  548.27000  364.37735  33.5%   294 5474s
  7826  3547  388.95450 1059 1488  548.27000  364.37735  33.5%   294 5492s
  7827  3547  388.95450  375 1552  548.27000  364.37735  33.5%   294 5506s
  7828  3548  365.23182  550 1572  548.27000  365.23182  33.4%   294 5517s
  7829  3549  388.95450  241 1726  548.27000  366.79872  33.1%   294 5525s
  7830  3549  383.06060  621 1728  548.27000  367.08646  33.0%   294 5531s
  7832  3551  472.27930  416 1745  548.27000  367.13340  33.0%   294 5552s
  7833  3551  385.50433  470 1344  548.27000  385.50433  29.7%   294 5603s
  7834  3552  387.98331 1050 1300  548.27000  387.98331  29.2%   294 5610s
  7837  3554  388.01575  552 1300  548.27000  388.01575  29.2%   294 5625s
  7838  3555  452.92570  542 1190  548.27000  397.44712  27.5%   294 5652s
  7840  3556  397.52830  706 1191  548.27000  397.52830  27.5%   294 5655s
  7841  3557  397.52830  525 1192  548.27000  397.52830  27.5%   294 5665s
  7842  3557  403.02309  207 1246  548.27000  403.02309  26.5%   294 5693s
  7843  3558  403.17892  179 1253  548.27000  403.17892  26.5%   294 5695s
  7845  3559  403.18609  936 1257  548.27000  403.18609  26.5%   294 5707s
  7846  3560  407.05497  600 1179  548.27000  407.05497  25.8%   294 5728s
  7847  3561  407.45798  228 1184  548.27000  407.45798  25.7%   294 5732s
  7849  3562  407.48691  454 1195  548.27000  407.48691  25.7%   294 5743s
  7850  3563  410.88652  599 1217  548.27000  410.88652  25.1%   294 5769s
  7851  3563  465.77043 1112 1230  548.27000  411.20849  25.0%   294 5773s
  7853  3565  411.21343  619 1238  548.27000  411.21343  25.0%   293 5785s
  7854  3565  415.48199   47 1262  548.27000  415.48199  24.2%   293 5812s
  7855  3566  415.92369  280 1275  548.27000  415.92369  24.1%   293 5816s
  7857  3567  415.96550  652 1284  548.27000  415.96550  24.1%   293 5828s
  7858  3568  421.29444  997 1232  548.27000  421.29444  23.2%   293 5853s
  7859  3569  494.62683  288 1246  548.27000  421.60283  23.1%   293 5856s
  7861  3570  421.60889  578 1247  548.27000  421.60889  23.1%   293 5869s
  7862  3571  425.54410  566 1254  548.27000  425.54410  22.4%   293 5905s
  7864  3572  425.62606  620 1271  548.27000  425.62606  22.4%   293 5910s
  7865  3573  484.11333    6 1273  548.27000  425.62606  22.4%   293 5920s
  7866  3573  428.85455  958 1249  548.27000  428.85455  21.8%   293 5949s
  7867  3574  548.27000  833 1267  548.27000  428.90044  21.8%   293 5952s
  7868  3575  520.54197  887 1269  548.27000  428.90066  21.8%   293 5963s
  7869  3575  498.69830  330 1254  548.27000  431.30180  21.3%   293 5993s
  7870  3576  431.58038  461 1266  548.27000  431.58038  21.3%   293 5996s
  7872  3577  431.58601  670 1273  548.27000  431.58601  21.3%   293 6009s
  7873  3578  433.67097  720 1252  548.27000  433.67097  20.9%   293 6037s
  7874  3579  434.16426  210 1264  548.27000  434.16426  20.8%   293 6042s
  7876  3580  434.18427  632 1279  548.27000  434.18427  20.8%   293 6055s
  7877  3581  435.69995  502 1242  548.27000  435.69995  20.5%   293 6080s
  7879  3582  435.87544 1100 1266  548.27000  435.87544  20.5%   292 6087s
  7881  3583  435.87996  138 1273  548.27000  435.87996  20.5%   292 6103s
  7882  3584  440.19333  459 1244  548.27000  440.19333  19.7%   292 6145s
  7883  3585  440.78568   51 1248  548.27000  440.78568  19.6%   292 6150s
  7885  3586  440.79150  134 1249  548.27000  440.79150  19.6%   292 6166s
  7886  3587  444.93922   50 1219  548.27000  444.93922  18.8%   292 6197s
  7887  3587  540.61113  145 1249  548.27000  445.00546  18.8%   292 6200s
  7889  3589  445.02104  370 1245  548.27000  445.02104  18.8%   292 6205s
  7890  3589  445.02104  938 1244  548.27000  445.02104  18.8%   292 6215s
  7891  3590  448.39672  798 1216  548.27000  448.39672  18.2%   292 6246s
  7892  3591  448.81311  294 1217  548.27000  448.81311  18.1%   292 6250s
  7895  3593  448.83477 1058 1228  548.27000  448.83477  18.1%   292 6263s
  7896  3593  451.32578  574 1179  548.27000  451.32578  17.7%   292 6287s
  7897  3594  451.51011   23 1191  548.27000  451.51011  17.6%   292 6291s
  7899  3595  451.52122  378 1186  548.27000  451.52122  17.6%   292 6303s
  7900  3596  452.66593  526 1176  548.27000  452.66593  17.4%   292 6322s
  7901  3597  452.71028  872 1170  548.27000  452.71028  17.4%   292 6325s
  7902  3597  452.71083  852 1172  548.27000  452.71083  17.4%   292 6336s
  7903  3598  453.17733  516 1184  548.27000  453.17733  17.3%   292 6351s
  7905  3599  453.19452  695 1192  548.27000  453.19452  17.3%   292 6363s
  7906  3600  454.15350  533 1180  548.27000  454.15350  17.2%   291 6378s
  7907  3601  454.20979  633 1191  548.27000  454.20979  17.2%   291 6382s
  7909  3602  454.21221  127 1184  548.27000  454.21221  17.2%   291 6394s
  7910  3603  455.10714   91 1144  548.27000  455.10714  17.0%   291 6408s
  7911  3603  455.61554  639 1145  548.27000  455.61554  16.9%   291 6411s
  7913  3605  455.62128  639 1162  548.27000  455.62128  16.9%   291 6422s
H 7913  3423                     548.2699998  456.31868  16.8%   291 6447s
  7915  3424  507.25960  210 1159  548.27000  456.34427  16.8%   291 6450s
  7917  3425  456.37447  568 1177  548.27000  456.37447  16.8%   291 6462s
  7918  3426  456.92844  466 1129  548.27000  456.92844  16.7%   291 6476s
  7920  3427  456.99139  378 1135  548.27000  456.99139  16.6%   291 6488s
  7921  3428  457.71556  304 1152  548.27000  457.71556  16.5%   291 6502s
  7923  3429  458.02739  257 1100  548.27000  458.02739  16.5%   291 6507s
  7924  3430  458.02739  619 1103  548.27000  458.02739  16.5%   291 6516s
  7925  3431  458.19453  512 1150  548.27000  458.19453  16.4%   291 6538s
  7926  3431  458.20276 1059 1156  548.27000  458.20276  16.4%   291 6540s
  7928  3433  458.20776  550 1163  548.27000  458.20776  16.4%   291 6550s
  7929  3433  458.35220  241 1108  548.27000  458.35220  16.4%   291 6571s
  7931  3435  458.37119  108 1113  548.27000  458.37119  16.4%   291 6583s
  7932  3435  472.27930  416 1126  548.27000  458.41971  16.4%   291 6604s
  7933  3436  458.41972  470 1136  548.27000  458.41972  16.4%   290 6614s
  7934  3437  458.51748 1050 1094  548.27000  458.51748  16.4%   290 6627s
  7936  3438  458.52185  132 1106  548.27000  458.52185  16.4%   290 6639s
  7937  3439  458.53524  552 1096  548.27000  458.53524  16.4%   290 6659s
  7938  3439  458.60608  542 1111  548.27000  458.60608  16.4%   290 6661s
  7939  3440  458.60609   40 1112  548.27000  458.60609  16.4%   290 6671s
  7940  3441  458.65047  706 1087  548.27000  458.65047  16.3%   290 6684s
  7941  3441  458.65047  525 1100  548.27000  458.65047  16.3%   290 6693s
  7942  3442  458.65742  207 1068  548.27000  458.65742  16.3%   290 6713s
  7943  3443  458.65748  179 1084  548.27000  458.65748  16.3%   290 6723s
  7944  3443  458.71172  378 1115  548.27000  458.71172  16.3%   290 6746s
  7946  3445  458.71728  600 1126  548.27000  458.71728  16.3%   290 6759s
  7947  3445  458.82403  228 1076  548.27000  458.82403  16.3%   290 6773s
  7948  3446  458.82767  647 1091  548.27000  458.82767  16.3%   290 6775s
  7949  3447  458.82804  454 1087  548.27000  458.82804  16.3%   290 6784s
  7950  3447  458.89985  599 1101  548.27000  458.89985  16.3%   290 6797s
  7952  3449  458.90161 1072 1108  548.27000  458.90161  16.3%   290 6808s
  7953  3449  458.93002  619 1141  548.27000  458.93002  16.3%   290 6822s
  7954  3450  458.93005   47 1138  548.27000  458.93005  16.3%   290 6833s
  7955  3451  458.93506  280 1145  548.27000  458.93506  16.3%   290 6847s
  7956  3451  506.43843  288 1158  548.27000  458.93538  16.3%   290 6858s
  7957  3452  458.96857  652 1136  548.27000  458.96857  16.3%   290 6874s
  7958  3453  458.96918  997 1154  548.27000  458.96918  16.3%   290 6884s
  7959  3453  494.62683  288 1156  548.27000  458.98439  16.3%   290 6898s
  7960  3454  459.01511  652 1163  548.27000  459.01511  16.3%   289 6900s
  7961  3455  459.01542  578 1167  548.27000  459.01542  16.3%   289 6911s
  7962  3455  459.11582  566 1139  548.27000  459.11582  16.3%   289 6925s
  7963  3456  459.11582 1104 1153  548.27000  459.11582  16.3%   289 6935s
  7964  3457  459.15129  620 1116  548.27000  459.15129  16.3%   289 6949s
  7965  3457  484.11333    6 1110  548.27000  459.15420  16.3%   289 6951s
  7966  3458  459.15420  958 1117  548.27000  459.15420  16.3%   289 6960s
  7967  3459  548.27000  833 1153  548.27000  459.15759  16.3%   289 6982s
  7968  3459  520.54197  887 1169  548.27000  459.15763  16.3%   289 6993s
  7969  3460  498.69830  330 1167  548.27000  459.19995  16.2%   289 7016s
  7970  3461  459.20032  461 1168  548.27000  459.20032  16.2%   289 7027s
  7971  3461  459.27071 1118 1166  548.27000  459.27071  16.2%   289 7040s
  7973  3463  459.28045  720 1200  548.27000  459.28045  16.2%   289 7052s
  7974  3463  459.38193  210 1185  548.27000  459.38193  16.2%   289 7067s
  7975  3464  459.41882   77 1206  548.27000  459.41882  16.2%   289 7070s
  7977  3465  459.42723  502 1182  548.27000  459.42723  16.2%   289 7082s
  7978  3466  459.47165  276 1148  548.27000  459.47165  16.2%   289 7096s
  7979  3467  459.47198 1100 1158  548.27000  459.47198  16.2%   289 7106s
  7980  3467  460.11507  253 1162  548.27000  459.61679  16.2%   289 7122s
  7981  3468  459.63096  138 1176  548.27000  459.63096  16.2%   289 7126s
  7983  3469  459.63563   51 1173  548.27000  459.63563  16.2%   289 7139s
  7984  3470  459.66102  245 1181  548.27000  459.66102  16.2%   289 7153s
  7985  3471  459.67269  134 1182  548.27000  459.67269  16.2%   289 7157s
  7986  3471  459.67272   50 1187  548.27000  459.67272  16.2%   289 7167s
  7987  3472  540.61113  145 1192  548.27000  459.72066  16.2%   289 7184s
  7988  3473  459.72574  739 1211  548.27000  459.72574  16.1%   288 7186s
  7991  3475  459.73416  798 1202  548.27000  459.73416  16.1%   288 7199s

Cutting planes:
  Gomory: 1
  Implied bound: 70
  Projected implied bound: 201
  MIR: 142
  Flow cover: 450
  Zero half: 297
  RLT: 5
  Relax-and-lift: 4712

Explored 7991 nodes (2866170 simplex iterations) in 7200.90 seconds (9745.49 work units)
Thread count was 16 (of 16 available processors)

Solution count 10: 548.27 548.273 548.286 ... 564.538

Time limit reached
Best objective 5.482699997857e+02, best bound 4.597341592198e+02, gap 16.1482%

User-callback calls 426370, time in user-callback 2.52 sec
