
Gurobi 10.0.1 (win64) logging started Sat Sep 20 20:27:04 2025

Set parameter LogFile to value "log_group_6/bound_Expr67_s10_l1051_s11_e12_o100_d200_t7200_s67_0_0_0_0.log"
Gurobi Optimizer version 10.0.1 build v10.0.1rc0 (win64)

CPU model: Intel(R) Core(TM) i7-10700 CPU @ 2.90GHz, instruction set [SSE2|AVX|AVX2]
Thread count: 8 physical cores, 16 logical processors, using up to 16 threads

Optimize a model with 4901890 rows, 4900800 columns and 39166380 nonzeros
Model fingerprint: 0x0ab806ed
Variable types: 800 continuous, 4900000 integer (4900000 binary)
Coefficient statistics:
  Matrix range     [4e-01, 9e+02]
  Objective range  [1e+00, 1e+00]
  Bounds range     [1e+00, 1e+03]
  RHS range        [1e+00, 9e+02]
Presolve removed 0 rows and 100 columns (presolve time = 5s) ...
Presolve removed 100 rows and 4837700 columns (presolve time = 10s) ...
Presolve removed 4837800 rows and 4837700 columns (presolve time = 15s) ...
Presolve removed 4837800 rows and 4837210 columns
Presolve time: 19.43s
Presolved: 64090 rows, 63590 columns, 377460 nonzeros
Variable types: 600 continuous, 62990 integer (62990 binary)
Found heuristic solution: objective 15925.757033
Found heuristic solution: objective 2676.1040000
Deterministic concurrent LP optimizer: primal and dual simplex
Showing first log only...


Root simplex log...

Iteration    Objective       Primal Inf.    Dual Inf.      Time
       0   -6.9045000e+04   1.836894e+04   5.782334e+08     24s
    6746    7.4955000e+04   0.000000e+00   1.072000e+03     25s
    7508    0.0000000e+00   0.000000e+00   0.000000e+00     25s
Concurrent spin time: 0.45s

Solved with primal simplex

Root relaxation: objective 0.000000e+00, 7508 iterations, 1.96 seconds (4.18 work units)
Total elapsed time = 34.69s
Total elapsed time = 35.67s

    Nodes    |    Current Node    |     Objective Bounds      |     Work
 Expl Unexpl |  Obj  Depth IntInf | Incumbent    BestBd   Gap | It/Node Time

     0     0    0.00000    0  301 2676.10400    0.00000   100%     -   38s
H    0     0                    2480.0985333    0.00000   100%     -   41s
     0     0    0.00000    0  399 2480.09853    0.00000   100%     -   45s
H    0     0                    1259.2477993    0.00000   100%     -   54s
     0     0    0.00000    0  405 1259.24780    0.00000   100%     -   54s
     0     0    0.00000    0  413 1259.24780    0.00000   100%     -   68s
H    0     0                    1139.2687000    0.00000   100%     -   73s
     0     0    0.00000    0  396 1139.26870    0.00000   100%     -   74s
     0     0    0.00000    0  494 1139.26870    0.00000   100%     -   90s
H    0     0                     955.1085000    0.00000   100%     -  100s
     0     0    0.00000    0  527  955.10850    0.00000   100%     -  101s
     0     0    0.00000    0  636  955.10850    0.00000   100%     -  116s
     0     0    0.00000    0  636  955.10850    0.00000   100%     -  125s
H    0     0                     863.5924000    0.00000   100%     -  137s
H    0     0                     768.4658333    0.00000   100%     -  153s
H    0     2                     725.9101323    0.00000   100%     -  177s
     0     2    0.00000    0  305  725.91013    0.00000   100%     -  177s
     7    16    0.00000    3  292  725.91013    0.00000   100%  2382  180s
H   31    40                     720.8687333    0.00000   100%   579  211s
H   32    40                     717.9701298    0.00000   100%   561  211s
H   34    40                     705.6817999    0.00000   100%   530  211s
H   35    40                     702.3531667    0.00000   100%   515  211s
    56    65    0.00000    9  304  702.35317    0.00000   100%   326  215s
H   64    73                     702.3531661    0.00000   100%   286  220s
H   66    73                     699.4458665    0.00000   100%   278  220s
    80    93    0.00000   12  301  699.44587    0.00000   100%   232  225s
   114   128    0.00000   16  303  699.44587    0.00000   100%   167  230s
   172   189    0.00000   23  303  699.44587    0.00000   100%   126  236s
   204   233    0.00000   27  305  699.44587    0.00000   100%   110  240s
H  258   269                     699.3984665    0.00000   100%  90.8  252s
H  262   269                     698.6369666    0.00000   100%  89.9  253s
H  267   269                     698.5031665    0.00000   100%  88.3  253s
   268   311    0.00000   34  305  698.50317    0.00000   100%  88.2  256s
   365   435    0.00000   42  304  698.50317    0.00000   100%  69.6  264s
   434   497    0.00000   55  303  698.50317    0.00000   100%  60.8  268s
   496   567    0.00000   62  310  698.50317    0.00000   100%  55.5  274s
   566   706    0.00000   68  315  698.50317    0.00000   100%  49.8  280s
   705   824    0.00000   92  304  698.50317    0.00000   100%  42.7  287s
   823   982    0.00000  124  304  698.50317    0.00000   100%  38.0  296s
H  981   990                     693.0080912    0.00000   100%  34.0  321s
H  984   990                     690.6094553    0.00000   100%  34.0  321s
   989  1127    0.00000  152  314  690.60946    0.00000   100%  34.0  332s
  1126  1369    0.00000  167  306  690.60946    0.00000   100%  30.9  342s
  1368  1614    0.00000  198  312  690.60946    0.00000   100%  27.3  352s
  1613  1992    0.00000  246  315  690.60946    0.00000   100%  25.0  366s
  1991  2284    0.00000  303  315  690.60946    0.00000   100%  21.9  383s
  2283  2691    0.00000  340  311  690.60946    0.00000   100%  20.4  399s
  2690  3092    0.00000  391  314  690.60946    0.00000   100%  18.9  416s
  3091  3590    0.00000  438  308  690.60946    0.00000   100%  17.7  436s
  3589  4198    0.00000  482  301  690.60946    0.00000   100%  16.6  457s
  4197  4894    0.00000  558  310  690.60946    0.00000   100%  15.5  482s
  4893  4945    0.00000  632  317  690.60946    0.00000   100%  14.5  509s
H 4894  4945                     689.8551667    0.00000   100%  14.5  509s
  4944  5707    0.00000  633  317  689.85517    0.00000   100%  14.4  538s
  5706  6716    0.00000  748  315  689.85517    0.00000   100%  13.4  573s
H 5826  6716                     689.8551659    0.00000   100%  13.2  573s
H 6226  6716                     689.8551567    0.00000   100%  12.8  573s
  6715  7647    0.00000  868  319  689.85516    0.00000   100%  12.4  609s
  7647  7648  130.89700  419  636  689.85516    0.00000   100%  11.8  831s
  7649  7649  434.51500  513  294  689.85516    0.00000   100%  11.8  869s
  7650  7650  153.63373  448  298  689.85516    0.00000   100%  11.8  940s
  7651  7651  130.89700  415  328  689.85516    0.00000   100%  11.8  978s
  7652  7651  245.95390  390  296  689.85516    0.00000   100%  11.8 1016s
  7653  7652    0.00000  613  303  689.85516    0.00000   100%  11.7 1032s
  7654  7653  102.80747  949  296  689.85516    0.00000   100%  11.7 1068s
  7655  7653   61.69323   17  297  689.85516    0.00000   100%  11.7 1080s
  7656  7654  408.36170  440  298  689.85516    0.00000   100%  11.7 1110s
  7657  7655  192.59023  689  297  689.85516    0.00000   100%  11.7 1116s
  7658  7655  130.89700  394  290  689.85516    0.00000   100%  11.7 1149s
  7659  7656  342.49783   50  274  689.85516    0.00000   100%  11.7 1159s
  7660  7657  124.84987  794  286  689.85516    0.00000   100%  11.7 1209s
  7661  7657  381.26577  179  286  689.85516    0.00000   100%  11.7 1217s
  7662  7658  186.54970  879  286  689.85516    0.00000   100%  11.7 1256s
  7663  7662    0.00000   16  273  689.85516    0.00000   100%  21.9 1296s
  7669  7672    0.00000   18  271  689.85516    0.00000   100%  22.0 1302s
  7685  7682   77.72503   19  268  689.85516    0.00000   100%  22.0 1306s
  7693  7688    0.00000   20  273  689.85516    0.00000   100%  22.1 1424s
  7701  7693   40.83550   20  265  689.85516    0.00000   100%  22.1 1426s
  7717  7704   64.36810   21  269  689.85516    0.00000   100%  22.1 1431s
  7725  7710    0.00000   22  276  689.85516    0.00000   100%  22.1 1439s
  7734  7718  153.34230   22  271  689.85516    0.00000   100%  22.1 1442s
  7754  7732  130.52077   23  267  689.85516    0.00000   100%  22.2 1447s
  7766  7736    0.00000   24  275  689.85516    0.00000   100%  22.2 1488s
  7774  7745  101.25963   24  270  689.85516    0.00000   100%  22.2 1491s
  7798  7764   76.67970   25  268  689.85516    0.00000   100%  22.3 1498s
  7812  7771    0.00000   26  275  689.85516    0.00000   100%  22.3 1501s
  7824  7779    8.77030   26  274  689.85516    0.00000   100%  22.4 1506s
  7836  7783  161.23927   27  273  689.85516    0.00000   100%  22.5 1524s
  7844  7796    0.00000   28  271  689.85516    0.00000   100%  22.5 1528s
  7860  7808    0.00000   29  276  689.85516    0.00000   100%  22.5 1534s
  7877  7823    0.00000   30  278  689.85516    0.00000   100%  22.5 1539s
  7898  7836    0.00000   31  273  689.85516    0.00000   100%  22.6 1544s
  7918  7845    0.00000   32  274  689.85516    0.00000   100%  22.7 1560s
  7933  7867    0.00000   33  281  689.85516    0.00000   100%  22.7 1565s
  7960  7885    0.00000   34  281  689.85516    0.00000   100%  22.7 1570s
  7987  7909   79.75440   35  278  689.85516    0.00000   100%  22.8 1575s
  8020  7935  123.95543   36  292  689.85516    0.00000   100%  22.8 1581s
  8057  7950  155.22283   37  275  689.85516    0.00000   100%  22.7 1587s
  8085  7964  160.01533   38  277  689.85516    0.00000   100%  22.8 1592s
  8108  7981   68.91640   39  282  689.85516    0.00000   100%  22.8 1598s
  8133  7998   63.97763   40  286  689.85516    0.00000   100%  22.8 1605s
  8158  8019    0.00000   41  280  689.85516    0.00000   100%  22.8 1611s
  8187  8017    0.00000   42  282  689.85516    0.00000   100%  22.8 1634s
  8195  8048  122.94340   42  283  689.85516    0.00000   100%  22.8 1641s
  8229  8076   68.67023   43  284  689.85516    0.00000   100%  22.8 1648s
  8268  8096    0.00000   45  286  689.85516    0.00000   100%  22.8 1656s
  8301  8164    0.00000   46  286  689.85516    0.00000   100%  22.8 1664s
  8380  8209    0.00000   48  289  689.85516    0.00000   100%  22.7 1672s
  8451  8275    0.00000   50  290  689.85516    0.00000   100%  22.7 1680s
  8541  8352   44.54210   51  288  689.85516    0.00000   100%  22.7 1688s
  8648  8432    0.00000   54  288  689.85516    0.00000   100%  22.5 1696s
  8764  8527  153.55693   55  289  689.85516    0.00000   100%  22.4 1705s
  8897  8617    0.00000   58  290  689.85516    0.00000   100%  22.2 1714s
  9032  8711    0.00000   60  295  689.85516    0.00000   100%  22.1 1723s
  9171  8768  125.11613   61  294  689.85516    0.00000   100%  22.0 1732s
  9274  8827    0.00000   64  296  689.85516    0.00000   100%  21.9 1742s
  9367  8927  130.41307   65  296  689.85516    0.00000   100%  21.9 1750s
  9498  9036    6.78663   66  295  689.85516    0.00000   100%  21.9 1758s
  9651  9126    0.00000   68  301  689.85516    0.00000   100%  21.7 1768s
  9792  9160  106.54297   69  295  689.85516    0.00000   100%  21.6 1783s
  9873  9292  152.05757   71  294  689.85516    0.00000   100%  21.6 1794s
 10032  9301    0.00000   74  296  689.85516    0.00000   100%  21.4 1813s
 10094  9469    0.00000   75  294  689.85516    0.00000   100%  21.4 1824s
 10283  9586  101.63160   78  292  689.85516    0.00000   100%  21.2 1835s
 10463  9683   85.48420   82  283  689.85516    0.00000   100%  21.1 1848s
 10620  9831    0.00000   84  290  689.85516    0.00000   100%  20.9 1861s
 10820  9897    0.00000   87  288  689.85516    0.00000   100%  20.7 1872s
 10953  9978  159.65553   90  286  689.85516    0.00000   100%  20.7 1888s
 11078 10161    0.00000   95  289  689.85516    0.00000   100%  20.6 1902s
 11303 10359    0.00000  101  289  689.85516    0.00000   100%  20.4 1918s
 11576 10526   88.76427  108  289  689.85516    0.00000   100%  20.2 1934s
 11834 10547    0.00000  112  292  689.85516    0.00000   100%  20.0 1963s
 11941 10686    0.00000  113  291  689.85516    0.00000   100%  19.9 1982s
 12115 10894    0.00000  118  292  689.85516    0.00000   100%  19.8 1999s
 12381 11047  121.04717  121  290  689.85516    0.00000   100%  19.6 2017s
 12623 11194  104.05680  125  293  689.85516    0.00000   100%  19.4 2035s
 12851 11358    0.00000  130  294  689.85516    0.00000   100%  19.3 2053s
 13091 11543    0.00000  135  294  689.85516    0.00000   100%  19.1 2073s
 13356 11657    0.00000  143  288  689.85516    0.00000   100%  19.0 2104s
 13558 12059   64.61100  147  285  689.85516    0.00000   100%  18.8 2126s
 14027 12252    0.00000  153  291  689.85516    0.00000   100%  18.4 2149s
 14377 12483    0.00000  157  294  689.85516    0.00000   100%  18.2 2173s
 14724 12737    0.00000  161  293  689.85516    0.00000   100%  18.1 2196s
 15094 13065  130.34767  166  294  689.85516    0.00000   100%  18.0 2455s
 15545 13480  142.51553  171  288  689.85516    0.00000   100%  17.8 2478s
 16111 13710  174.89563  179  281  689.85516    0.00000   100%  17.6 2495s
 16529 13957    0.00000  186  289  689.85516    0.00000   100%  17.3 2515s
 16916 14065    0.00000  191  290  689.85516    0.00000   100%  17.1 2536s
 17153 14171    0.00000  196  293  689.85516    0.00000   100%  17.1 2590s
 17338 14537  149.90640  196  289  689.85516    0.00000   100%  17.0 2613s
 17765 14900    0.00000  203  296  689.85516    0.00000   100%  16.8 2637s
 18271 15221    0.00000  210  299  689.85516    0.00000   100%  16.6 2661s
 18760 15630  153.55693  218  294  689.85516    0.00000   100%  16.4 2686s
 19332 15543    0.00000  227  298  689.85516    0.00000   100%  16.3 2714s
 19436 16175    0.00000  231  291  689.85516    0.00000   100%  16.3 2740s
 20103 15961    0.00000  240  293  689.85516    0.00000   100%  16.0 2834s
 20111 16159  110.00493  240  290  689.85516    0.00000   100%  16.0 2926s
 20312 16728    0.00000  248  292  689.85516    0.00000   100%  16.0 2964s
 20948 17328    0.00000  255  290  689.85516    0.00000   100%  15.9 2997s
 21760 17825    0.00000  268  291  689.85516    0.00000   100%  15.6 3050s
 22527 18520    0.00000  278  283  689.85516    0.00000   100%  15.3 3081s
 23478 19149    0.00000  286  286  689.85516    0.00000   100%  14.9 3143s
 24424 19939    0.00000  293  293  689.85516    0.00000   100%  14.6 3179s
 25529 20428    0.00000  299  287  689.85516    0.00000   100%  14.2 3249s
 26387 21249  189.48520  303  293  689.85516    0.00000   100%  14.0 3286s
 27494 21798    0.00000  318  295  689.85516    0.00000   100%  13.8 3356s
 28412 22587    0.00000  326  296  689.85516    0.00000   100%  13.6 3393s
 29507 23032    0.00000  337  293  689.85516    0.00000   100%  13.3 3453s
 30317 24167    0.00000  346  297  689.85516    0.00000   100%  13.2 4648s
 31722 24869    0.00000  362  298  689.85516    0.00000   100%  13.0 4679s
 32530 26116    0.00000  370  296  689.85516    0.00000   100%  12.9 4710s
 33777 26653    0.00000  396  296  689.85516    0.00000   100%  12.7 4798s
 34314 27527    0.00000  405  294  689.85516    0.00000   100%  12.7 4825s
 35188 28315    0.00000  416  294  689.85516    0.00000   100%  12.6 4859s
 35976 29285    0.00000  427  298  689.85516    0.00000   100%  12.5 4887s
 36946 30186    0.00000  434  297  689.85516    0.00000   100%  12.3 4913s
 37847 30194    0.00000  441  299  689.85516    0.00000   100%  12.2 5174s
 37855 30717  122.01563  441  299  689.85516    0.00000   100%  12.2 5201s
 38378 31491    0.00000  447  301  689.85516    0.00000   100%  12.2 5228s
 39152 31783    0.00000  455  303  689.85516    0.00000   100%  12.2 5334s
 39444 32545   79.76760  455  295  689.85516    0.00000   100%  12.2 5364s
 40206 33389    0.00000  466  305  689.85516    0.00000   100%  12.1 5393s
 41050 34311    0.00000  478  305  689.85516    0.00000   100%  12.0 5424s
 41972 35565    0.00000  492  304  689.85516    0.00000   100%  12.0 5451s
 43226 36574    0.00000  501  305  689.85516    0.00000   100%  11.9 5477s
 44235 37500    0.00000  510  305  689.85516    0.00000   100%  11.8 5503s
 45161 38772    0.00000  519  304  689.85516    0.00000   100%  11.7 5838s
 46433 39955    0.00000  531  304  689.85516    0.00000   100%  11.6 5867s
 47616 41263   70.61843  545  295  689.85516    0.00000   100%  11.5 5891s
 48924 42398    0.00000  553  304  689.85516    0.00000   100%  11.3 5912s
 50059 42848  103.12157  559  301  689.85516    0.00000   100%  11.2 5932s
 50509 43680    0.00000  564  301  689.85516    0.00000   100%  11.2 5950s
 51341 44186    0.00000  568  299  689.85516    0.00000   100%  11.2 5970s
 51847 44407    0.00000  574  301  689.85516    0.00000   100%  11.2 6000s
 52068 44559    0.00000  576  300  689.85516    0.00000   100%  11.2 6106s
 52220 45312    0.00000  581  299  689.85516    0.00000   100%  11.2 6126s
 52973 45935    0.00000  586  303  689.85516    0.00000   100%  11.2 6150s
 53596 47001    0.00000  593  300  689.85516    0.00000   100%  11.2 6174s
 54662 47675    0.00000  601  305  689.85516    0.00000   100%  11.1 6198s
 55336 48470    0.00000  606  307  689.85516    0.00000   100%  11.0 6222s
 56131 49277    0.00000  623  307  689.85516    0.00000   100%  11.0 6245s
 56938 49878    0.00000  651  307  689.85516    0.00000   100%  11.0 6269s
 57539 50339    0.00000  690  307  689.85516    0.00000   100%  11.0 6396s
 58000 50569    0.00000  697  307  689.85516    0.00000   100%  11.0 6414s
 58230 51162    0.00000  705  306  689.85516    0.00000   100%  11.0 6480s
 58823 52172    0.00000  752  307  689.85516    0.00000   100%  11.0 6505s
 59833 53679    0.00000  782  307  689.85516    0.00000   100%  10.9 6752s
 61340 54640  153.89040  807  304  689.85516    0.00000   100%  10.9 6771s
 62301 55449    0.00000  810  303  689.85516    0.00000   100%  10.8 6788s
 63110 56129    0.00000  815  303  689.85516    0.00000   100%  10.7 6806s
 63790 56705    0.00000  820  298  689.85516    0.00000   100%  10.7 6874s
 64366 57564    0.00000  824  296  689.85516    0.00000   100%  10.7 6892s
 65225 58480    0.00000  832  301  689.85516    0.00000   100%  10.6 6909s
 66141 58944  101.36523  838  302  689.85516    0.00000   100%  10.6 7037s
 66605 59826    0.00000  842  303  689.85516    0.00000   100%  10.5 7056s
 67487 60532    0.00000  847  302  689.85516    0.00000   100%  10.5 7073s
 68193 61305    0.00000  854  304  689.85516    0.00000   100%  10.4 7091s
 68966 62243    0.00000  864  307  689.85516    0.00000   100%  10.4 7109s
 69904 62924    0.00000  869  308  689.85516    0.00000   100%  10.4 7181s
 70585 63673    0.00000  874  308  689.85516    0.00000   100%  10.3 7199s
 71334 63694    0.00000  883  307  689.85516    0.00000   100%  10.3 7200s

Cutting planes:
  Gomory: 34
  Implied bound: 97
  Projected implied bound: 566
  MIR: 37
  Flow cover: 670
  RLT: 4
  Relax-and-lift: 3219

Explored 71355 nodes (894859 simplex iterations) in 7204.42 seconds (9292.40 work units)
Thread count was 16 (of 16 available processors)

Solution count 10: 689.855 689.855 689.855 ... 702.353

Time limit reached
Best objective 6.898551566676e+02, best bound 2.910383045673e-11, gap 100.0000%

User-callback calls 795325, time in user-callback 4.22 sec
