
Gurobi 10.0.3 (win64) logging started Sun Sep 21 06:55:21 2025

Set parameter LogFile to value "log_group_6/bound_Expr263_s5_l1051_s11_e12_o20_d42_t1200_s13_0_1_0_1.log"
Gurobi Optimizer version 10.0.3 build v10.0.3rc0 (win64)

CPU model: 11th Gen Intel(R) Core(TM) i7-11700 @ 2.50GHz, instruction set [SSE2|AVX|AVX2|AVX512]
Thread count: 8 physical cores, 16 logical processors, using up to 16 threads

Optimize a model with 158845 rows, 155310 columns and 1543990 nonzeros
Model fingerprint: 0x43a49805
Variable types: 310 continuous, 155000 integer (155000 binary)
Coefficient statistics:
  Matrix range     [1e+00, 9e+02]
  Objective range  [1e+00, 1e+00]
  Bounds range     [1e+00, 1e+03]
  RHS range        [1e+00, 9e+02]
Presolve removed 153075 rows and 150035 columns
Presolve time: 1.05s
Presolved: 5770 rows, 5275 columns, 45657 nonzeros
Variable types: 270 continuous, 5005 integer (5001 binary)
Found heuristic solution: objective 664.7174000

Root relaxation: objective 9.162117e+01, 1744 iterations, 0.04 seconds (0.07 work units)

    Nodes    |    Current Node    |     Objective Bounds      |     Work
 Expl Unexpl |  Obj  Depth IntInf | Incumbent    BestBd   Gap | It/Node Time

     0     0   91.62117    0   34  664.71740   91.62117  86.2%     -    1s
H    0     0                     515.4817000   91.62117  82.2%     -    1s
H    0     0                     427.3819667   91.62117  78.6%     -    1s
     0     0   91.62117    0   48  427.38197   91.62117  78.6%     -    1s
H    0     0                     220.4474667   91.62117  58.4%     -    2s
H    0     0                     183.9917000   91.62117  50.2%     -    2s
H    0     0                     125.4033000   91.62117  26.9%     -    2s
     0     0   91.62117    0   32  125.40330   91.62117  26.9%     -    2s
     0     0   91.62117    0   39  125.40330   91.62117  26.9%     -    2s
     0     0   91.62117    0   42  125.40330   91.62117  26.9%     -    2s
     0     0   96.16783    0   31  125.40330   96.16783  23.3%     -    3s
     0     0   96.16783    0   31  125.40330   96.16783  23.3%     -    3s
H    0     0                     121.9289000   96.16783  21.1%     -    3s
     0     0   96.16783    0   31  121.92890   96.16783  21.1%     -    3s
     0     0   96.16783    0   29  121.92890   96.16783  21.1%     -    4s
     0     0   96.16783    0   29  121.92890   96.16783  21.1%     -    4s
H    0     0                     121.8209000   96.16783  21.1%     -    4s
     0     0   96.16783    0   29  121.82090   96.16783  21.1%     -    4s
     0     0   96.16783    0   29  121.82090   96.16783  21.1%     -    4s
     0     0   96.16783    0   29  121.82090   96.16783  21.1%     -    4s
     0     2   96.16783    0   28  121.82090   96.16783  21.1%     -    4s
    63    73   96.16783   10   28  121.82090   96.16783  21.1%  21.7    5s
  2773  2465  116.51550   17    9  121.82090  116.51550  4.36%   4.2   10s
  9033  4615  116.51550   82    6  121.82090  116.51550  4.36%   3.6   15s
 21543 11157     cutoff  172       121.82090  116.51550  4.36%   3.1   20s
 29874 15829  119.41800  108   12  121.82090  116.51550  4.36%   2.9   25s
 30036 15903  116.51550   48   11  121.82090  116.51550  4.36%   3.0   30s
H33146 16171                     121.8208999  116.51550  4.36%   3.1   34s
H33147 15451                     121.8208999  116.51550  4.36%   3.1   35s
H33183 14724                     121.8208999  116.51550  4.36%   3.1   35s
H33199 14040                     121.8208998  116.51550  4.36%   3.1   35s
H37123 15001                     121.8208997  116.51550  4.36%   3.1   36s
H55502 19696                     121.8207976  116.51550  4.36%   3.0   39s
H55546 19098                     121.8205959  116.51550  4.35%   3.1   39s
 57620 20186  117.67796  118    4  121.82060  116.51550  4.35%   3.1   40s
 75540 30820  120.63880  108    4  121.82060  116.51550  4.35%   3.1   45s
 96019 43933     cutoff  128       121.82060  116.51550  4.35%   3.2   50s
 121991 59305 infeasible  121       121.82060  116.51550  4.35%   3.2   55s
 142654 71860  117.49390  150    6  121.82060  116.51550  4.35%   3.2   60s
 164359 84871  120.26500  108    6  121.82060  116.51550  4.35%   3.2   65s
 184574 95285     cutoff  139       121.82060  116.51550  4.35%   3.2   70s
 205164 107823  119.39400  118    5  121.82060  116.51550  4.35%   3.2   75s
 228463 120826  119.39400  152    9  121.82060  116.51550  4.35%   3.2   80s
 248182 132825  117.50380  109    8  121.82060  116.51550  4.35%   3.2   85s
 268991 143933  121.29650  111    4  121.82060  116.51550  4.35%   3.2   90s
 285887 153784  120.50320  194    2  121.82060  116.51550  4.35%   3.2   95s
 307985 164295  117.52720   92    6  121.82060  116.51550  4.35%   3.2  100s
 328099 175962  120.51310  123    4  121.82060  116.51550  4.35%   3.2  105s
 346587 187037  120.50960  180    2  121.82060  116.51550  4.35%   3.2  110s
 368665 198641  120.52480  143    5  121.82060  116.51550  4.35%   3.3  115s
 385832 207424     cutoff  178       121.82060  116.51550  4.35%   3.3  120s
 404281 217112     cutoff  212       121.82060  116.51550  4.35%   3.3  125s
 421671 226363  116.51550   85    8  121.82060  116.51550  4.35%   3.3  130s
 440898 237999     cutoff  102       121.82060  116.51550  4.35%   3.3  135s
 459545 247722  120.26500  156    8  121.82060  116.51550  4.35%   3.3  140s
 476552 256674  116.51550   98    8  121.82060  116.51550  4.35%   3.4  145s
 494381 266174 infeasible  142       121.82060  116.51550  4.35%   3.4  150s
 512885 275124  117.50380  110    6  121.82060  116.51550  4.35%   3.4  155s
 528739 285564  119.39400  120    9  121.82060  116.51550  4.35%   3.4  160s
 547913 294658  120.71256  223    2  121.82060  116.51550  4.35%   3.5  165s
 571041 305873  120.27125  154   11  121.82060  116.51550  4.35%   3.5  170s
 589217 315508  117.52720  159    8  121.82060  116.51550  4.35%   3.5  175s
 609348 325173  117.50560  131    9  121.82060  116.51550  4.35%   3.5  180s
 629167 335154  119.39911  147    6  121.82060  116.51550  4.35%   3.5  185s
 645331 342006  120.63880  163    7  121.82060  116.51550  4.35%   3.6  190s
 663180 350445  120.26500  138    4  121.82060  116.51550  4.35%   3.6  195s
 681327 359101  119.38919  124    6  121.82060  116.51550  4.35%   3.6  200s
 697632 366751  119.39911  140   11  121.82060  116.51550  4.35%   3.6  205s
 717596 377000  117.65680   70    7  121.82060  116.51550  4.35%   3.6  210s
 733864 385839     cutoff  119       121.82060  116.51550  4.35%   3.7  215s
 755419 396721     cutoff  182       121.82060  116.51550  4.35%   3.7  220s
 775423 407346     cutoff  111       121.82060  116.51550  4.35%   3.7  225s
 795895 420161     cutoff  140       121.82060  116.51550  4.35%   3.7  230s
 818569 430894  120.75790  189    2  121.82060  116.51550  4.35%   3.7  235s
 838613 440746  117.53710  192    6  121.82060  116.51550  4.35%   3.7  240s
 856464 449727  118.39640  131   11  121.82060  116.51550  4.35%   3.6  245s
 877149 460000  119.38937  126    6  121.82060  116.51550  4.35%   3.7  250s
 897824 469860 infeasible  150       121.82060  116.51550  4.35%   3.7  255s
 916703 476950  117.62143  167    6  121.82060  116.62530  4.26%   3.7  260s
 945675 488346     cutoff  144       121.82060  116.63460  4.26%   3.7  265s
 977343 500924  117.88930  101    9  121.82060  116.63460  4.26%   3.7  270s
 1010525 514845  120.50320   97    4  121.82060  116.63460  4.26%   3.7  275s
 1044202 530142  120.51952  111    3  121.82060  116.63460  4.26%   3.7  280s
 1075261 543736     cutoff  124       121.82060  116.63460  4.26%   3.7  285s
 1105271 556519  117.91900   99    5  121.82060  116.63460  4.26%   3.7  290s
 1137621 570210     cutoff  109       121.82060  116.63460  4.26%   3.7  295s
 1170425 584153  117.91786  104    2  121.82060  116.63460  4.26%   3.7  300s
 1200463 597029  117.90730  111    2  121.82060  116.63460  4.26%   3.7  305s
 1232599 610918  117.84250  131    8  121.82060  116.63460  4.26%   3.7  310s
 1261341 620619  117.84250  166    4  121.82060  116.63460  4.26%   3.7  315s
 1289850 629982     cutoff  190       121.82060  116.63460  4.26%   3.7  320s
 1318066 638867     cutoff  135       121.82060  116.63969  4.25%   3.6  325s
 1345653 649700  117.92314  134    4  121.82060  116.76600  4.15%   3.6  330s
 1373521 659299     cutoff  148       121.82060  117.49390  3.55%   3.6  335s
 1400989 670125  117.49390   75   10  121.82060  117.49390  3.55%   3.6  340s
 1426953 682289  119.71110  141    2  121.82060  117.49390  3.55%   3.6  345s
 1450787 689909  119.76637  171    2  121.82060  117.49390  3.55%   3.7  350s
 1481911 701749  117.49390  126    6  121.82060  117.49390  3.55%   3.7  355s
 1509353 710953  119.75790  129    2  121.82060  117.49390  3.55%   3.7  360s
 1539340 723660  119.48220  126   11  121.82060  117.49390  3.55%   3.7  365s
 1570440 736674     cutoff  161       121.82060  117.49390  3.55%   3.7  370s
 1602791 750789  117.72578  153    6  121.82060  117.49390  3.55%   3.7  375s
 1635082 765644     cutoff  154       121.82060  117.49390  3.55%   3.7  380s
 1666848 778427     cutoff  141       121.82060  117.49390  3.55%   3.7  385s
 1694638 788608  120.48220  145   12  121.82060  117.49390  3.55%   3.7  390s
 1725830 801243 infeasible  122       121.82060  117.49390  3.55%   3.7  395s
 1758531 814145  119.37629  163    2  121.82060  117.49390  3.55%   3.7  400s
 1786535 824318     cutoff  140       121.82060  117.49390  3.55%   3.7  405s
 1818777 836133  119.37629  146    2  121.82060  117.49390  3.55%   3.7  410s
 1848341 847048     cutoff  132       121.82060  117.49390  3.55%   3.7  415s
 1880275 860510     cutoff  109       121.82060  117.49390  3.55%   3.7  420s
 1912616 874595  119.71665  190    6  121.82060  117.49390  3.55%   3.7  425s
 1947188 890878     cutoff  144       121.82060  117.49390  3.55%   3.7  430s
 1982353 906279     cutoff  177       121.82060  117.49390  3.55%   3.7  435s
 2017452 921617  119.71110  182    7  121.82060  117.49390  3.55%   3.7  440s
 2050183 935904 infeasible  207       121.82060  117.49390  3.55%   3.7  445s
 2082268 951718  119.48220  119    4  121.82060  117.49390  3.55%   3.7  450s
 2113663 967016  119.71110  115    4  121.82060  117.49390  3.55%   3.7  455s
 2146930 981536 infeasible  152       121.82060  117.49390  3.55%   3.7  460s
 2179237 994106  119.71535  141    6  121.82060  117.49390  3.55%   3.7  465s
 2204437 1004381  120.59200  140    4  121.82060  117.49390  3.55%   3.7  470s
 2229408 1010851  120.75790  182    2  121.82060  117.49390  3.55%   3.7  475s
 2255807 1018487  118.72835  158    8  121.82060  117.49539  3.55%   3.7  480s
 2282182 1028171  117.72541  145    9  121.82060  117.49651  3.55%   3.7  485s
 2309201 1037401  120.37480  146    2  121.82060  117.49883  3.55%   3.7  490s
 2331924 1043531 infeasible  177       121.82060  117.50013  3.55%   3.7  495s
 2360750 1054095  119.71388  163    2  121.82060  117.50380  3.54%   3.7  500s
 2388266 1063844 infeasible  114       121.82060  117.50380  3.54%   3.7  505s
 2416627 1072354  120.71110  136    2  121.82060  117.50380  3.54%   3.7  510s
 2442731 1080192  121.25330  129    2  121.82060  117.50380  3.54%   3.8  515s
 2476775 1096346     cutoff  112       121.82060  117.50380  3.54%   3.8  520s
 2512379 1113743  119.48220  111    6  121.82060  117.50380  3.54%   3.8  525s
 2546944 1131477  119.48607  165    6  121.82060  117.50380  3.54%   3.8  530s
 2578517 1146103     cutoff  125       121.82060  117.50380  3.54%   3.8  535s
 2612048 1160452  119.48220  157    8  121.82060  117.50380  3.54%   3.8  540s
 2645879 1177904  119.48250  145    8  121.82060  117.50380  3.54%   3.7  545s
 2683808 1197707  119.48220  139    6  121.82060  117.50380  3.54%   3.7  550s
 2714520 1210162  120.48220  155    4  121.82060  117.50380  3.54%   3.7  555s
 2741250 1215154     cutoff  142       121.82060  117.50380  3.54%   3.8  560s
 2771274 1223851  121.71110  164    2  121.82060  117.50380  3.54%   3.8  565s
 2796226 1230501     cutoff  156       121.82060  117.50560  3.54%   3.8  570s
 2828497 1246844     cutoff  121       121.82060  117.50560  3.54%   3.8  575s
 2859657 1261361 infeasible   97       121.82060  117.50560  3.54%   3.8  580s
 2889649 1276681  119.86770  106    6  121.82060  117.50560  3.54%   3.8  585s
 2918014 1291138  119.51730  123    6  121.82060  117.50560  3.54%   3.8  590s
 2942347 1302561     cutoff  108       121.82060  117.50560  3.54%   3.8  595s
 2973660 1318138 infeasible  111       121.82060  117.50560  3.54%   3.8  600s
 3005318 1332151     cutoff  126       121.82060  117.50560  3.54%   3.7  605s
 3039792 1350452  117.50560   86    7  121.82060  117.50560  3.54%   3.7  610s
 3072215 1365187     cutoff  157       121.82060  117.50560  3.54%   3.7  615s
 3103580 1381473  119.38650   96    2  121.82060  117.50560  3.54%   3.7  620s
 3130538 1392792  117.62710  145    6  121.82060  117.50560  3.54%   3.7  625s
 3162748 1409541  117.62710   87    8  121.82060  117.50560  3.54%   3.7  630s
 3193001 1424065  119.51730   91    6  121.82060  117.50560  3.54%   3.7  635s
 3223495 1439929  117.86770   95    3  121.82060  117.50560  3.54%   3.7  640s
 3255044 1456204  120.63880   88    4  121.82060  117.50560  3.54%   3.7  645s
 3286405 1472407  119.76348  117    2  121.82060  117.50560  3.54%   3.7  650s
 3318404 1488787  119.76348  125    9  121.82060  117.50560  3.54%   3.7  655s
 3350274 1504502  119.76348  146    2  121.82060  117.50560  3.54%   3.7  660s
 3378726 1517023  119.71110   97    2  121.82060  117.50560  3.54%   3.7  665s
 3405224 1527811  117.50560  161    6  121.82060  117.50560  3.54%   3.7  670s
 3433649 1540993  121.75790  117    5  121.82060  117.50560  3.54%   3.7  675s
 3461555 1554435  117.87823  106    2  121.82060  117.50560  3.54%   3.7  680s
 3488963 1568671  119.75790  139    4  121.82060  117.50560  3.54%   3.7  685s
 3515605 1582425  121.27670  112    2  121.82060  117.50560  3.54%   3.7  690s
 3545007 1596919     cutoff   96       121.82060  117.50560  3.54%   3.7  695s
 3572360 1610822  119.51730  132    6  121.82060  117.50560  3.54%   3.7  700s
 3599612 1623679  120.75790  103    2  121.82060  117.50560  3.54%   3.7  705s
 3622673 1633394     cutoff  142       121.82060  117.50560  3.54%   3.7  710s
 3648778 1643469  119.71110  109    4  121.82060  117.50560  3.54%   3.8  715s
 3671219 1650871  121.27670   90    2  121.82060  117.50560  3.54%   3.8  720s
 3699794 1663946  120.71110  106   12  121.82060  117.50560  3.54%   3.8  725s
 3728002 1677424  117.50560  108    6  121.82060  117.50560  3.54%   3.8  730s
 3755240 1689764  119.52300  110    4  121.82060  117.50560  3.54%   3.8  735s
 3783415 1702580  117.86770   81    4  121.82060  117.50560  3.54%   3.8  740s
 3809274 1714536  119.51730  124    6  121.82060  117.50560  3.54%   3.8  745s
 3838105 1729350  119.71665   99    2  121.82060  117.50560  3.54%   3.8  750s
 3863029 1738752 infeasible  123       121.82060  117.50560  3.54%   3.8  755s
 3886654 1749597 infeasible   97       121.82060  117.50560  3.54%   3.8  760s
 3912113 1760133 infeasible  198       121.82060  117.50576  3.54%   3.8  765s
 3938007 1767212  120.63880  124    9  121.82060  117.50824  3.54%   3.8  770s
 3962943 1776779  117.51086  188    4  121.82060  117.50825  3.54%   3.7  775s
 3986193 1785491 infeasible  120       121.82060  117.51054  3.54%   3.7  780s
 4006444 1790092  117.51086  139    8  121.82060  117.51086  3.54%   3.8  785s
 4023783 1794872  119.54700   76   10  121.82060  117.52540  3.53%   3.8  790s
 4046231 1805903  119.90995  105    6  121.82060  117.52540  3.53%   3.8  795s
 4067929 1815967  117.90730  125    4  121.82060  117.52540  3.53%   3.8  800s
 4087889 1824179     cutoff  181       121.82060  117.52540  3.53%   3.8  805s
 4107454 1833137  120.79750  116    2  121.82060  117.52540  3.53%   3.8  810s
 4128014 1842005  119.80311  138    2  121.82060  117.52540  3.53%   3.8  815s
 4150367 1852541  119.40630  130    4  121.82060  117.52540  3.53%   3.8  820s
 4171558 1863118  120.67840  100    4  121.82060  117.52540  3.53%   3.8  825s
 4194150 1872317  119.65945  127    4  121.82060  117.52540  3.53%   3.8  830s
 4210910 1878887     cutoff  126       121.82060  117.52540  3.53%   3.8  835s
 4229264 1887901  119.54980  153    8  121.82060  117.52540  3.53%   3.8  840s
 4252814 1899157  119.48366  143   10  121.82060  117.52540  3.53%   3.8  845s
 4274635 1911250  119.54700  149    6  121.82060  117.52540  3.53%   3.8  850s
 4298505 1925434  120.54700   85    4  121.82060  117.52540  3.53%   3.8  855s
 4319392 1936195  119.71665  158    6  121.82060  117.52540  3.53%   3.8  860s
 4337854 1945877  119.71665  133    2  121.82060  117.52540  3.53%   3.8  865s
 4363142 1958145  117.53034  139    6  121.82060  117.52540  3.53%   3.8  870s
 4386249 1968872  119.54700  154    8  121.82060  117.52540  3.53%   3.8  875s
 4411415 1981488  120.67840   71    2  121.82060  117.52540  3.53%   3.8  880s
 4437419 1994327  119.71110  116    2  121.82060  117.52540  3.53%   3.8  885s
 4458759 2004587 infeasible  124       121.82060  117.52540  3.53%   3.8  890s
 4480145 2013568 infeasible  160       121.82060  117.52540  3.53%   3.8  895s
 4496777 2020870  119.71665  126    2  121.82060  117.52540  3.53%   3.8  900s
 4515252 2028504  117.65680  149    4  121.82060  117.52540  3.53%   3.8  905s
 4533024 2036959  119.54700  175    7  121.82060  117.52540  3.53%   3.8  910s
 4557790 2048728  119.71665  124    2  121.82060  117.52540  3.53%   3.8  915s
 4578808 2061276  119.54700  168    8  121.82060  117.52540  3.53%   3.8  920s
 4599326 2071328  120.67840   82    4  121.82060  117.52540  3.53%   3.8  925s
 4622504 2082758  120.54700  193    4  121.82060  117.52540  3.53%   3.8  930s
 4642528 2093549  119.55014  110    4  121.82060  117.52540  3.53%   3.7  935s
 4662702 2103523  120.67840  102    6  121.82060  117.52540  3.53%   3.7  940s
 4683750 2114000  121.54700  114   10  121.82060  117.52540  3.53%   3.7  945s
 4704070 2123885     cutoff  127       121.82060  117.52540  3.53%   3.7  950s
 4724091 2133200     cutoff  126       121.82060  117.52540  3.53%   3.7  955s
 4743782 2142390     cutoff  190       121.82060  117.52540  3.53%   3.8  960s
 4763820 2152925  119.55012  118    4  121.82060  117.52540  3.53%   3.8  965s
 4790172 2165603     cutoff  127       121.82060  117.52540  3.53%   3.7  970s
 4814168 2178592 infeasible  125       121.82060  117.52540  3.53%   3.7  975s
 4836370 2188353     cutoff  112       121.82060  117.52540  3.53%   3.7  980s
 4857538 2197232  119.54980  130    6  121.82060  117.52540  3.53%   3.7  985s
 4874824 2204180  119.54700  134    6  121.82060  117.52540  3.53%   3.7  990s
 4897987 2212952     cutoff  151       121.82060  117.52540  3.53%   3.7  995s
 4921236 2222701  117.66378  162    4  121.82060  117.52540  3.53%   3.7 1000s
 4943207 2233434  119.71110  110    9  121.82060  117.52540  3.53%   3.7 1005s
 4968345 2244269  119.80311  103    2  121.82060  117.52540  3.53%   3.7 1010s
 4989177 2253293  119.54700  103    8  121.82060  117.52540  3.53%   3.7 1015s
 5015676 2266476 infeasible  126       121.82060  117.52540  3.53%   3.7 1020s
 5040725 2277900  119.54733  106    6  121.82060  117.52540  3.53%   3.7 1025s
 5065393 2288911     cutoff  130       121.82060  117.52720  3.52%   3.7 1030s
 5088878 2298887  119.75790  157    2  121.82060  117.52720  3.52%   3.7 1035s
 5111072 2307812  119.89191  113    2  121.82060  117.52720  3.52%   3.7 1040s
 5137269 2319004  121.51730  133    4  121.82060  117.52720  3.52%   3.7 1045s
 5160702 2328757  119.75790   55    4  121.82060  117.52720  3.52%   3.7 1050s
 5186953 2341406  119.51762  126    6  121.82060  117.52720  3.52%   3.7 1055s
 5214568 2355687  119.76348  100    2  121.82060  117.52720  3.52%   3.7 1060s
 5238386 2365876     cutoff  176       121.82060  117.52720  3.52%   3.7 1065s
 5261665 2377311 infeasible  107       121.82060  117.52720  3.52%   3.7 1070s
 5289999 2390742 infeasible  187       121.82060  117.52720  3.52%   3.7 1075s
 5313683 2401130  121.27670  153    2  121.82060  117.52720  3.52%   3.7 1080s
 5336827 2413570     cutoff  143       121.82060  117.52720  3.52%   3.7 1085s
 5360045 2420625     cutoff  136       121.82060  117.52720  3.52%   3.7 1090s
 5379151 2427195  119.75790  135    4  121.82060  117.52720  3.52%   3.7 1095s
 5401839 2437381  119.51762  173    6  121.82060  117.52720  3.52%   3.7 1100s
 5426272 2448833  119.51730  101    6  121.82060  117.52720  3.52%   3.7 1105s
 5452127 2461391     cutoff  137       121.82060  117.52720  3.52%   3.7 1110s
 5477940 2473791  121.51730  154    6  121.82060  117.52720  3.52%   3.7 1115s
 5500981 2486007     cutoff  138       121.82060  117.52720  3.52%   3.7 1120s
 5526461 2498458     cutoff  156       121.82060  117.52720  3.52%   3.7 1125s
 5551165 2509808  121.75790  147    2  121.82060  117.52720  3.52%   3.7 1130s
 5577824 2522690  121.75790  169    7  121.82060  117.52720  3.52%   3.7 1135s
 5603173 2535109     cutoff  154       121.82060  117.52720  3.52%   3.7 1140s
 5625753 2547168  121.51730  194   10  121.82060  117.52720  3.52%   3.7 1145s
 5652509 2558714     cutoff  168       121.82060  117.52720  3.52%   3.7 1150s
 5674234 2567791  120.75790  111    2  121.82060  117.52720  3.52%   3.7 1155s
 5695562 2575099 infeasible  174       121.82060  117.52720  3.52%   3.7 1160s
 5715721 2581685  119.40959  150    2  121.82060  117.52720  3.52%   3.7 1165s
 5736794 2587987  121.51730  145    4  121.82060  117.52720  3.52%   3.7 1170s
 5757580 2595519  117.52720  150    8  121.82060  117.52720  3.52%   3.7 1175s
 5775435 2600870  120.51909  166    8  121.82060  117.52736  3.52%   3.7 1180s
 5794720 2606759  117.78136  158    4  121.82060  117.52805  3.52%   3.7 1185s
 5816733 2615339 infeasible  177       121.82060  117.52805  3.52%   3.7 1190s
 5836664 2621829  119.51730  226    6  121.82060  117.52981  3.52%   3.7 1195s

Cutting planes:
  Gomory: 1
  Cover: 1
  Implied bound: 2
  Clique: 1
  Flow cover: 3
  Relax-and-lift: 82

Explored 5858652 nodes (21614983 simplex iterations) in 1200.21 seconds (875.33 work units)
Thread count was 16 (of 16 available processors)

Solution count 10: 121.821 121.821 121.821 ... 183.992

Time limit reached
Best objective 1.218205959271e+02, best bound 1.175303430736e+02, gap 3.5218%

User-callback calls 11856013, time in user-callback 12.90 sec
