
Gurobi 10.0.1 (win64) logging started Sun Sep 21 03:15:37 2025

Set parameter LogFile to value "log_group_6/bound_Expr195_s5_l1051_s11_e12_o20_d40_t7200_s15_1_1_1_0.log"
Gurobi Optimizer version 10.0.1 build v10.0.1rc0 (win64)

CPU model: Intel(R) Core(TM) i7-10700 CPU @ 2.90GHz, instruction set [SSE2|AVX|AVX2]
Thread count: 8 physical cores, 16 logical processors, using up to 16 threads

Optimize a model with 82694 rows, 80310 columns and 1149920 nonzeros
Model fingerprint: 0x776a7b93
Variable types: 310 continuous, 80000 integer (80000 binary)
Coefficient statistics:
  Matrix range     [1e+00, 9e+02]
  Objective range  [1e+00, 1e+00]
  Bounds range     [1e+00, 1e+03]
  RHS range        [1e+00, 9e+02]
Presolve removed 81285 rows and 79197 columns
Presolve time: 0.69s
Presolved: 1409 rows, 1113 columns, 15191 nonzeros
Variable types: 110 continuous, 1003 integer (1002 binary)
Found heuristic solution: objective 425.3096333

Root relaxation: objective 4.972330e+01, 967 iterations, 0.02 seconds (0.04 work units)

    Nodes    |    Current Node    |     Objective Bounds      |     Work
 Expl Unexpl |  Obj  Depth IntInf | Incumbent    BestBd   Gap | It/Node Time

     0     0   49.72330    0   50  425.30963   49.72330  88.3%     -    0s
H    0     0                     388.2430333   49.72330  87.2%     -    0s
H    0     0                     378.2507333   49.72330  86.9%     -    0s
H    0     0                     336.2467333   49.72330  85.2%     -    0s
     0     0   49.72330    0  108  336.24673   49.72330  85.2%     -    0s
     0     0   49.72330    0   60  336.24673   49.72330  85.2%     -    1s
H    0     0                     288.0817333   49.72330  82.7%     -    1s
H    0     0                     251.2362333   49.72330  80.2%     -    1s
H    0     0                     250.9891333   49.72330  80.2%     -    1s
H    0     0                     201.0395667   55.22560  72.5%     -    1s
H    0     0                     188.8883333   55.22560  70.8%     -    1s
     0     0   55.22560    0   56  188.88833   55.22560  70.8%     -    1s
H    0     0                     163.1394333   55.22560  66.1%     -    1s
     0     0   55.22560    0   61  163.13943   55.22560  66.1%     -    1s
     0     0   55.22560    0   31  163.13943   55.22560  66.1%     -    1s
     0     0   55.22560    0   57  163.13943   55.22560  66.1%     -    1s
     0     0   55.22560    0   50  163.13943   55.22560  66.1%     -    1s
     0     0   55.29143    0   26  163.13943   55.29143  66.1%     -    1s
H    0     0                     151.9025333   55.29143  63.6%     -    1s
     0     0   55.29143    0   63  151.90253   55.29143  63.6%     -    1s
     0     0   55.29143    0   24  151.90253   55.29143  63.6%     -    1s
     0     0   55.29143    0   27  151.90253   55.29143  63.6%     -    1s
H    0     0                     137.2435333   55.29143  59.7%     -    1s
     0     0   55.29143    0   32  137.24353   55.29143  59.7%     -    1s
     0     0   55.29143    0   27  137.24353   55.29143  59.7%     -    1s
H    0     0                     134.6569000   55.29143  58.9%     -    1s
     0     0   55.29143    0   40  134.65690   55.29143  58.9%     -    1s
     0     0   55.29143    0   49  134.65690   55.29143  58.9%     -    1s
     0     0   55.29143    0   52  134.65690   55.29143  58.9%     -    1s
     0     0   80.54257    0   32  134.65690   80.54257  40.2%     -    1s
     0     0   81.83430    0   37  134.65690   81.83430  39.2%     -    1s
     0     0   81.88668    0   38  134.65690   81.88668  39.2%     -    1s
H    0     0                     131.2897667   81.88668  37.6%     -    1s
     0     0   97.74233    0   25  131.28977   97.74233  25.6%     -    1s
     0     0  101.09791    0   34  131.28977  101.09791  23.0%     -    1s
H    0     0                     129.0286000  101.09791  21.6%     -    1s
     0     0  101.09791    0   34  129.02860  101.09791  21.6%     -    1s
     0     0  101.09791    0   35  129.02860  101.09791  21.6%     -    1s
     0     0  101.49722    0   37  129.02860  101.49722  21.3%     -    1s
     0     0  101.49722    0   34  129.02860  101.49722  21.3%     -    1s
     0     0  101.49722    0   39  129.02860  101.49722  21.3%     -    1s
H    0     0                     128.0869667  101.49722  20.8%     -    1s
     0     0  101.70745    0   34  128.08697  101.70745  20.6%     -    1s
H    0     0                     125.2243667  101.70745  18.8%     -    1s
     0     0  101.72218    0   34  125.22437  101.72218  18.8%     -    1s
H    0     0                     121.0224667  101.72218  15.9%     -    1s
H    0     0                     120.9958000  101.72218  15.9%     -    1s
     0     0  104.40705    0   35  120.99580  104.40705  13.7%     -    1s
     0     0  104.40705    0   35  120.99580  104.40705  13.7%     -    1s
     0     0  106.15055    0   30  120.99580  106.15055  12.3%     -    1s
     0     0  106.71715    0   43  120.99580  106.71715  11.8%     -    1s
     0     0  106.71715    0   43  120.99580  106.71715  11.8%     -    1s
     0     0  109.90116    0   31  120.99580  109.90116  9.17%     -    1s
H    0     0                     120.9489333  109.90116  9.13%     -    1s
     0     0  109.96669    0   24  120.94893  109.96669  9.08%     -    1s
     0     0  109.96669    0   28  120.94893  109.96669  9.08%     -    1s
     0     0  109.96683    0   30  120.94893  109.96683  9.08%     -    1s
H    0     0                     120.8636667  109.96683  9.02%     -    1s
     0     0  109.96683    0   31  120.86367  109.96683  9.02%     -    1s
     0     0  109.96683    0   31  120.86367  109.96683  9.02%     -    1s
     0     0  109.96683    0   25  120.86367  109.96683  9.02%     -    1s
     0     0  109.96683    0   25  120.86367  109.96683  9.02%     -    2s
     0     0  109.96683    0   30  120.86367  109.96683  9.02%     -    2s
     0     0  110.96529    0   23  120.86367  110.96529  8.19%     -    2s
     0     0  110.96529    0   26  120.86367  110.96529  8.19%     -    2s
     0     0  110.96529    0   21  120.86367  110.96529  8.19%     -    2s
     0     0  110.96529    0   21  120.86367  110.96529  8.19%     -    2s
     0     0  111.50203    0   23  120.86367  111.50203  7.75%     -    2s
     0     0  111.50203    0   26  120.86367  111.50203  7.75%     -    2s
     0     0  111.50203    0   20  120.86367  111.50203  7.75%     -    2s
     0     0  111.50203    0   28  120.86367  111.50203  7.75%     -    2s
     0     0  111.50203    0   18  120.86367  111.50203  7.75%     -    2s
     0     0  111.50203    0   17  120.86367  111.50203  7.75%     -    2s
     0     0  111.50203    0   16  120.86367  111.50203  7.75%     -    2s
     0     0  111.50203    0   17  120.86367  111.50203  7.75%     -    2s
     0     0  111.50203    0   23  120.86367  111.50203  7.75%     -    2s
     0     0  111.50203    0   25  120.86367  111.50203  7.75%     -    2s
     0     0  111.50203    0   24  120.86367  111.50203  7.75%     -    2s
     0     0  111.50203    0   22  120.86367  111.50203  7.75%     -    2s
H    0     0                     117.9171333  111.50203  5.44%     -    2s
     0     1  111.50203    0   20  117.91713  111.50203  5.44%     -    2s
H   68    56                     115.2869000  113.08423  1.91%  13.0    2s
H   72    56                     115.2397333  113.08423  1.87%  12.5    2s
H   76    56                     115.0842333  113.08423  1.74%  12.6    2s
H   79    56                     115.0527333  113.08423  1.71%  12.4    2s
*  265   179              24     114.3076333  113.08423  1.07%   8.7    2s
*  439   214              25     113.2658667  113.08423  0.16%   8.3    2s
*  575   257              28     113.2343667  113.08423  0.13%   9.2    2s
*  577   257              28     113.2340667  113.08423  0.13%   9.2    2s
*  918   394              11     113.1157333  113.08423  0.03%   9.9    2s

Cutting planes:
  Gomory: 1
  Cover: 5
  Implied bound: 5
  Clique: 1
  MIR: 21
  StrongCG: 2
  GUB cover: 6
  Inf proof: 15
  Zero half: 8
  RLT: 11
  Relax-and-lift: 21

Explored 1567 nodes (24317 simplex iterations) in 2.38 seconds (3.44 work units)
Thread count was 16 (of 16 available processors)

Solution count 10: 113.116 113.234 113.234 ... 120.864

Optimal solution found (tolerance 1.00e-04)
Best objective 1.131157333333e+02, best bound 1.131050806603e+02, gap 0.0094%

User-callback calls 5014, time in user-callback 0.01 sec
