
Gurobi 10.0.1 (win64) logging started Sun Sep 21 02:50:30 2025

Set parameter LogFile to value "log_group_6/bound_Expr150_s3_l1051_s11_e12_o10_d20_t7200_s10_1_0_0_0.log"
Gurobi Optimizer version 10.0.1 build v10.0.1rc0 (win64)

CPU model: Intel(R) Core(TM) i7-10700 CPU @ 2.90GHz, instruction set [SSE2|AVX|AVX2]
Thread count: 8 physical cores, 16 logical processors, using up to 16 threads

Optimize a model with 18634 rows, 18180 columns and 180904 nonzeros
Model fingerprint: 0x5afb3521
Variable types: 180 continuous, 18000 integer (18000 binary)
Coefficient statistics:
  Matrix range     [6e-01, 8e+02]
  Objective range  [1e+00, 1e+00]
  Bounds range     [1e+00, 1e+03]
  RHS range        [1e+00, 8e+02]
Presolve removed 16528 rows and 16518 columns
Presolve time: 0.14s
Presolved: 2106 rows, 1662 columns, 18712 nonzeros
Variable types: 160 continuous, 1502 integer (1501 binary)
Found heuristic solution: objective 804.0905000

Root relaxation: objective 0.000000e+00, 1672 iterations, 0.05 seconds (0.10 work units)

    Nodes    |    Current Node    |     Objective Bounds      |     Work
 Expl Unexpl |  Obj  Depth IntInf | Incumbent    BestBd   Gap | It/Node Time

     0     0    0.00000    0   23  804.09050    0.00000   100%     -    0s
H    0     0                     525.5191000    0.00000   100%     -    0s
     0     0    0.00000    0  104  525.51910    0.00000   100%     -    0s
H    0     0                     515.8028667    0.00000   100%     -    0s
H    0     0                     427.4318667    0.00000   100%     -    0s
     0     0    4.09750    0   23  427.43187    4.09750  99.0%     -    0s
H    0     0                     344.3289667    4.09750  98.8%     -    0s
     0     0    4.82520    0   46  344.32897    4.82520  98.6%     -    0s
H    0     0                     317.2899000    4.82520  98.5%     -    0s
H    0     0                     185.3233000    4.82520  97.4%     -    0s
     0     0    5.20580    0   22  185.32330    5.20580  97.2%     -    0s
     0     0    5.20580    0   22  185.32330    5.20580  97.2%     -    0s
H    0     0                     180.6275000    5.20580  97.1%     -    0s
H    0     0                      53.9864667    5.20580  90.4%     -    0s
     0     0    7.18250    0   31   53.98647    7.18250  86.7%     -    1s
     0     0    7.18250    0  103   53.98647    7.18250  86.7%     -    1s
H    0     0                      53.6058667    8.51350  84.1%     -    1s
     0     0    8.51350    0   89   53.60587    8.51350  84.1%     -    1s
     0     0   14.00123    0   32   53.60587   14.00123  73.9%     -    1s
     0     0   14.00123    0   71   53.60587   14.00123  73.9%     -    1s
     0     0   14.00123    0   59   53.60587   14.00123  73.9%     -    1s
     0     0   18.09873    0   57   53.60587   18.09873  66.2%     -    1s
     0     0   18.09873    0   23   53.60587   18.09873  66.2%     -    1s
     0     0   18.89143    0   57   53.60587   18.89143  64.8%     -    1s
     0     0   18.89143    0   22   53.60587   18.89143  64.8%     -    1s
     0     0   18.89143    0   68   53.60587   18.89143  64.8%     -    1s
     0     0   18.89143    0   58   53.60587   18.89143  64.8%     -    1s
     0     0   18.89143    0   70   53.60587   18.89143  64.8%     -    1s
     0     0   19.59866    0   77   53.60587   19.59866  63.4%     -    1s
     0     0   19.72149    0   79   53.60587   19.72149  63.2%     -    1s
     0     0   19.73290    0   63   53.60587   19.73290  63.2%     -    1s
     0     0   29.86002    0   70   53.60587   29.86002  44.3%     -    2s
     0     0   33.53321    0   69   53.60587   33.53321  37.4%     -    2s
     0     0   33.62508    0   72   53.60587   33.62508  37.3%     -    2s
     0     0   37.30837    0   72   53.60587   37.30837  30.4%     -    2s
     0     0   42.38629    0   25   53.60587   42.38629  20.9%     -    2s
     0     0   42.38629    0   25   53.60587   42.38629  20.9%     -    2s
     0     0   42.96078    0   30   53.60587   42.96078  19.9%     -    2s
     0     0   42.97528    0   29   53.60587   42.97528  19.8%     -    2s
     0     0   46.20161    0   28   53.60587   46.20161  13.8%     -    2s
     0     0   46.20161    0   22   53.60587   46.20161  13.8%     -    2s
     0     0   46.20161    0   30   53.60587   46.20161  13.8%     -    2s
     0     0   46.20161    0   27   53.60587   46.20161  13.8%     -    2s
     0     0   48.42470    0   29   53.60587   48.42470  9.67%     -    2s
     0     0   48.42471    0   29   53.60587   48.42471  9.67%     -    2s
     0     0   48.42471    0   29   53.60587   48.42471  9.67%     -    2s
     0     0   48.42471    0   30   53.60587   48.42471  9.67%     -    2s
     0     0   48.42774    0   28   53.60587   48.42774  9.66%     -    2s
     0     0   48.51273    0   30   53.60587   48.51273  9.50%     -    2s
     0     0   48.51273    0   31   53.60587   48.51273  9.50%     -    2s
     0     0   49.76769    0   37   53.60587   49.76769  7.16%     -    2s
     0     0   49.94458    0   37   53.60587   49.94458  6.83%     -    2s
     0     0   49.96546    0   32   53.60587   49.96546  6.79%     -    2s
     0     0   50.18487    0   32   53.60587   50.18487  6.38%     -    2s
     0     0   50.18957    0   33   53.60587   50.18957  6.37%     -    2s
     0     0     cutoff    0        53.60587   53.60587  0.00%     -    2s

Cutting planes:
  Implied bound: 6
  MIR: 7
  StrongCG: 4
  Zero half: 5
  RLT: 14
  Relax-and-lift: 25

Explored 1 nodes (20264 simplex iterations) in 2.29 seconds (3.27 work units)
Thread count was 16 (of 16 available processors)

Solution count 10: 53.6059 53.9865 180.627 ... 804.09

Optimal solution found (tolerance 1.00e-04)
Best objective 5.360586666666e+01, best bound 5.360586666666e+01, gap 0.0000%

User-callback calls 1015, time in user-callback 0.00 sec
