
Gurobi 10.0.1 (win64) logging started Sun Sep 21 02:55:01 2025

Set parameter LogFile to value "log_group_6/bound_Expr159_s5_l1051_s11_e12_o20_d40_t7200_s19_1_0_0_0.log"
Gurobi Optimizer version 10.0.1 build v10.0.1rc0 (win64)

CPU model: Intel(R) Core(TM) i7-10700 CPU @ 2.90GHz, instruction set [SSE2|AVX|AVX2]
Thread count: 8 physical cores, 16 logical processors, using up to 16 threads

Optimize a model with 111070 rows, 110310 columns and 1099970 nonzeros
Model fingerprint: 0xfeb5a8a7
Variable types: 310 continuous, 110000 integer (110000 binary)
Coefficient statistics:
  Matrix range     [1e+00, 9e+02]
  Objective range  [1e+00, 1e+00]
  Bounds range     [1e+00, 1e+03]
  RHS range        [1e+00, 9e+02]
Presolve removed 104305 rows and 104045 columns
Presolve time: 0.84s
Presolved: 6765 rows, 6265 columns, 46472 nonzeros
Variable types: 270 continuous, 5995 integer (5991 binary)

Root relaxation: objective 0.000000e+00, 4868 iterations, 0.32 seconds (0.71 work units)

    Nodes    |    Current Node    |     Objective Bounds      |     Work
 Expl Unexpl |  Obj  Depth IntInf | Incumbent    BestBd   Gap | It/Node Time

     0     0    0.00000    0   64          -    0.00000      -     -    1s
H    0     0                    3059.5484000    0.00000   100%     -    1s
H    0     0                    1772.1116667    0.00000   100%     -    2s
H    0     0                     641.4477667    0.00000   100%     -    2s
     0     0    0.00000    0  269  641.44777    0.00000   100%     -    2s
H    0     0                     618.1733667    0.00000   100%     -    2s
H    0     0                     521.9504000    0.00000   100%     -    2s
     0     0    0.00000    0  279  521.95040    0.00000   100%     -    2s
H    0     0                     515.2321000    0.00000   100%     -    3s
H    0     0                     165.5267333    0.00000   100%     -    3s
     0     0    0.00000    0   65  165.52673    0.00000   100%     -    4s
     0     0    0.00000    0  173  165.52673    0.00000   100%     -    4s
     0     0    0.00000    0  266  165.52673    0.00000   100%     -    4s
H    0     0                     126.4673000    0.00000   100%     -    4s
     0     0    0.00000    0  182  126.46730    0.00000   100%     -    4s
     0     0   34.12187    0   76  126.46730   34.12187  73.0%     -    5s
     0     0   34.12187    0  303  126.46730   34.12187  73.0%     -    6s
     0     0   34.12187    0  118  126.46730   34.12187  73.0%     -    6s
     0     0   34.12187    0   82  126.46730   34.12187  73.0%     -    6s
     0     0   34.12187    0  127  126.46730   34.12187  73.0%     -    6s
     0     0   34.12187    0   81  126.46730   34.12187  73.0%     -    6s
     0     0   34.12187    0   96  126.46730   34.12187  73.0%     -    6s
     0     0   34.12187    0  115  126.46730   34.12187  73.0%     -    6s
     0     0   34.12187    0  119  126.46730   34.12187  73.0%     -    6s
     0     0   34.12187    0  168  126.46730   34.12187  73.0%     -    6s
     0     0   34.12187    0  137  126.46730   34.12187  73.0%     -    6s
     0     0   34.12187    0  290  126.46730   34.12187  73.0%     -    7s
     0     0   34.12187    0  289  126.46730   34.12187  73.0%     -    7s
     0     0   34.12187    0  274  126.46730   34.12187  73.0%     -    7s
     0     0   34.12187    0  234  126.46730   34.12187  73.0%     -    7s
     0     0   34.12187    0  221  126.46730   34.12187  73.0%     -    7s
     0     0   34.12187    0  197  126.46730   34.12187  73.0%     -    7s
     0     0   34.12187    0  205  126.46730   34.12187  73.0%     -    7s
     0     0   34.14176    0  230  126.46730   34.14176  73.0%     -    7s
     0     0   34.26146    0  210  126.46730   34.26146  72.9%     -    7s
     0     0   34.32163    0  307  126.46730   34.32163  72.9%     -    7s
     0     0   34.38496    0  211  126.46730   34.38496  72.8%     -    7s
     0     0   34.38496    0  211  126.46730   34.38496  72.8%     -    8s
     0     0   34.43732    0  197  126.46730   34.43732  72.8%     -    8s
     0     0   34.43732    0  197  126.46730   34.43732  72.8%     -    8s
     0     0   34.43732    0  249  126.46730   34.43732  72.8%     -    8s
     0     0   34.43732    0  247  126.46730   34.43732  72.8%     -    8s
     0     0   34.51897    0  196  126.46730   34.51897  72.7%     -    8s
     0     0   41.47586    0  197  126.46730   41.47586  67.2%     -    9s
     0     0   41.47586    0  138  126.46730   41.47586  67.2%     -    9s
     0     0   41.47586    0  105  126.46730   41.47586  67.2%     -    9s
     0     0   41.47586    0  165  126.46730   41.47586  67.2%     -    9s
     0     0   42.84411    0  394  126.46730   42.84411  66.1%     -    9s
     0     0   47.95632    0  181  126.46730   47.95632  62.1%     -    9s
     0     0   52.26307    0  144  126.46730   52.26307  58.7%     -    9s
     0     0   52.26307    0  130  126.46730   52.26307  58.7%     -    9s
     0     0   52.26307    0  129  126.46730   52.26307  58.7%     -    9s
     0     0   52.26307    0  214  126.46730   52.26307  58.7%     -   10s
     0     0   52.26307    0  168  126.46730   52.26307  58.7%     -   10s
     0     0   52.26307    0  136  126.46730   52.26307  58.7%     -   10s
     0     0   52.26307    0   62  126.46730   52.26307  58.7%     -   11s
     0     0   52.26307    0  138  126.46730   52.26307  58.7%     -   11s
     0     0   52.26307    0  133  126.46730   52.26307  58.7%     -   11s
     0     0   53.11268    0  160  126.46730   53.11268  58.0%     -   11s
     0     0   53.11268    0  149  126.46730   53.11268  58.0%     -   11s
     0     0   59.96289    0  124  126.46730   59.96289  52.6%     -   11s
     0     0   73.41225    0   68  126.46730   73.41225  42.0%     -   11s
     0     0   74.87687    0  168  126.46730   74.87687  40.8%     -   11s
     0     0   74.91889    0  168  126.46730   74.91889  40.8%     -   11s
     0     0   75.29025    0  170  126.46730   75.29025  40.5%     -   11s
     0     0   75.29025    0  170  126.46730   75.29025  40.5%     -   11s
     0     0   84.06537    0  165  126.46730   84.06537  33.5%     -   11s
     0     0   84.73802    0   66  126.46730   84.73802  33.0%     -   11s
     0     0   84.76579    0  161  126.46730   84.76579  33.0%     -   11s
     0     0   85.21253    0   70  126.46730   85.21253  32.6%     -   11s
     0     0   85.49869    0  168  126.46730   85.49869  32.4%     -   11s
     0     0   85.56799    0   73  126.46730   85.56799  32.3%     -   11s
     0     0   86.03123    0  169  126.46730   86.03123  32.0%     -   11s
     0     0   86.04872    0   73  126.46730   86.04872  32.0%     -   11s
     0     0   86.04872    0   73  126.46730   86.04872  32.0%     -   11s
     0     0   95.49659    0  162  126.46730   95.49659  24.5%     -   11s
     0     0   95.49659    0   50  126.46730   95.49659  24.5%     -   12s
     0     0   96.26388    0  165  126.46730   96.26388  23.9%     -   12s
     0     0   96.86335    0  163  126.46730   96.86335  23.4%     -   12s
     0     0   96.95891    0  146  126.46730   96.95891  23.3%     -   12s
     0     0  100.50665    0  146  126.46730  100.50665  20.5%     -   12s
     0     0  101.12038    0  149  126.46730  101.12038  20.0%     -   12s
     0     0  101.12038    0  149  126.46730  101.12038  20.0%     -   12s
     0     0  105.39671    0  175  126.46730  105.39671  16.7%     -   12s
     0     0  105.66990    0  175  126.46730  105.66990  16.4%     -   12s
     0     0  105.66990    0  175  126.46730  105.66990  16.4%     -   12s
     0     0  105.66990    0  174  126.46730  105.66990  16.4%     -   12s
     0     0  105.67651    0  174  126.46730  105.67651  16.4%     -   12s
     0     0  105.67651    0  174  126.46730  105.67651  16.4%     -   12s
     0     0  105.67651    0  174  126.46730  105.67651  16.4%     -   12s
     0     0  105.67651    0  174  126.46730  105.67651  16.4%     -   12s
     0     0  105.67651    0  174  126.46730  105.67651  16.4%     -   12s
     0     0  105.67651    0  175  126.46730  105.67651  16.4%     -   12s
     0     0  105.67651    0  174  126.46730  105.67651  16.4%     -   12s
     0     0  105.75838    0  176  126.46730  105.75838  16.4%     -   12s
     0     0  105.76437    0  153  126.46730  105.76437  16.4%     -   12s
     0     0  105.76834    0  154  126.46730  105.76834  16.4%     -   12s
     0     0  105.77380    0  154  126.46730  105.77380  16.4%     -   12s
     0     0  105.77469    0  153  126.46730  105.77469  16.4%     -   12s
     0     0  105.78133    0  154  126.46730  105.78133  16.4%     -   12s
     0     0  105.78708    0  154  126.46730  105.78708  16.4%     -   12s
     0     0  105.78708    0  154  126.46730  105.78708  16.4%     -   12s
     0     0  105.78708    0  154  126.46730  105.78708  16.4%     -   12s
     0     0  116.23876    0  148  126.46730  116.23876  8.09%     -   12s
     0     0  116.53707    0  147  126.46730  116.53707  7.85%     -   12s
     0     0  116.53981    0  146  126.46730  116.53981  7.85%     -   12s
     0     0  116.56303    0  142  126.46730  116.56303  7.83%     -   12s
     0     0  116.76330    0  141  126.46730  116.76330  7.67%     -   12s
     0     0  116.76330    0  140  126.46730  116.76330  7.67%     -   12s
     0     0  116.76330    0  140  126.46730  116.76330  7.67%     -   12s
     0     0  116.78532    0  141  126.46730  116.78532  7.66%     -   12s
     0     0  116.78532    0  141  126.46730  116.78532  7.66%     -   12s
     0     0  116.83864    0  137  126.46730  116.83864  7.61%     -   12s
     0     0  116.84742    0  141  126.46730  116.84742  7.61%     -   12s
     0     0  118.65053    0  144  126.46730  118.65053  6.18%     -   12s
     0     0  118.65242    0  142  126.46730  118.65242  6.18%     -   12s
     0     0  118.65242    0  143  126.46730  118.65242  6.18%     -   12s
     0     0  119.84753    0  139  126.46730  119.84753  5.23%     -   12s
     0     0  119.84753    0  139  126.46730  119.84753  5.23%     -   13s
     0     0  121.01354    0  114  126.46730  121.01354  4.31%     -   13s
     0     0  121.01354    0  114  126.46730  121.01354  4.31%     -   13s
     0     0  121.01354    0  114  126.46730  121.01354  4.31%     -   13s
     0     0  121.01354    0  114  126.46730  121.01354  4.31%     -   13s
     0     0  121.01354    0  114  126.46730  121.01354  4.31%     -   13s
     0     0  121.01354    0  114  126.46730  121.01354  4.31%     -   13s
     0     0  121.01354    0  128  126.46730  121.01354  4.31%     -   13s
     0     0  121.55548    0  135  126.46730  121.55548  3.88%     -   13s
     0     0  121.55548    0   47  126.46730  121.55548  3.88%     -   13s
     0     0  121.55548    0   54  126.46730  121.55548  3.88%     -   13s
     0     0  121.55548    0   58  126.46730  121.55548  3.88%     -   13s
     0     0  124.86193    0   60  126.46730  124.86193  1.27%     -   13s
     0     0  124.86193    0   64  126.46730  124.86193  1.27%     -   13s
     0     0  124.86193    0   58  126.46730  124.86193  1.27%     -   13s
     0     0  124.86193    0   61  126.46730  124.86193  1.27%     -   13s
     0     0  124.86193    0   58  126.46730  124.86193  1.27%     -   13s
     0     0  124.86193    0   63  126.46730  124.86193  1.27%     -   13s
     0     0  124.86193    0   52  126.46730  124.86193  1.27%     -   13s
     0     0  124.86193    0   54  126.46730  124.86193  1.27%     -   13s
     0     0  124.86193    0   49  126.46730  124.86193  1.27%     -   13s
     0     0  124.86193    0   47  126.46730  124.86193  1.27%     -   13s
     0     0  124.86193    0   32  126.46730  124.86193  1.27%     -   13s
     0     0  124.87797    0   42  126.46730  124.87797  1.26%     -   13s
     0     0  124.87797    0   40  126.46730  124.87797  1.26%     -   13s
     0     0  124.87797    0   51  126.46730  124.87797  1.26%     -   13s
     0     0  124.87919    0   46  126.46730  124.87919  1.26%     -   13s
     0     0  124.91592    0   57  126.46730  124.91592  1.23%     -   13s
     0     0  124.91592    0   51  126.46730  124.91592  1.23%     -   13s
     0     0  124.91592    0   49  126.46730  124.91592  1.23%     -   13s
     0     0  124.91592    0   38  126.46730  124.91592  1.23%     -   13s
     0     2  124.91592    0   38  126.46730  124.91592  1.23%     -   13s
H  123    55                     126.3390667  125.97607  0.29%  13.0   13s

Cutting planes:
  Cover: 11
  Implied bound: 6
  Clique: 2
  MIR: 14
  GUB cover: 3
  Inf proof: 1
  Zero half: 13
  Relax-and-lift: 13

Explored 343 nodes (62265 simplex iterations) in 13.67 seconds (19.01 work units)
Thread count was 16 (of 16 available processors)

Solution count 8: 126.339 126.467 165.527 ... 3059.55

Optimal solution found (tolerance 1.00e-04)
Best objective 1.263390666666e+02, best bound 1.263390666666e+02, gap 0.0000%

User-callback calls 3949, time in user-callback 0.01 sec
