
Gurobi 10.0.3 (win64) logging started Sun Sep 21 05:12:40 2025

Set parameter LogFile to value "log_group_6/bound_Expr256_s5_l1051_s11_e12_o20_d40_t1200_s11_0_1_1_0.log"
Gurobi Optimizer version 10.0.3 build v10.0.3rc0 (win64)

CPU model: 11th Gen Intel(R) Core(TM) i7-11700 @ 2.50GHz, instruction set [SSE2|AVX|AVX2|AVX512]
Thread count: 8 physical cores, 16 logical processors, using up to 16 threads

Optimize a model with 174246 rows, 170310 columns and 2104070 nonzeros
Model fingerprint: 0xda8e591f
Variable types: 310 continuous, 170000 integer (170000 binary)
Coefficient statistics:
  Matrix range     [1e+00, 8e+02]
  Objective range  [1e+00, 1e+00]
  Bounds range     [1e+00, 1e+03]
  RHS range        [1e+00, 8e+02]
Presolve removed 173740 rows and 169903 columns
Presolve time: 4.51s
Presolved: 506 rows, 407 columns, 2591 nonzeros
Variable types: 57 continuous, 350 integer (350 binary)
Found heuristic solution: objective 256.6417333
Found heuristic solution: objective 209.2603333

Root relaxation: objective 7.450100e+01, 164 iterations, 0.00 seconds (0.00 work units)

    Nodes    |    Current Node    |     Objective Bounds      |     Work
 Expl Unexpl |  Obj  Depth IntInf | Incumbent    BestBd   Gap | It/Node Time

     0     0   74.50100    0   14  209.26033   74.50100  64.4%     -    4s
H    0     0                     142.5727333   74.50100  47.7%     -    4s
     0     0   74.50100    0   15  142.57273   74.50100  47.7%     -    4s
H    0     0                     130.2559333   74.50100  42.8%     -    4s
     0     0   74.50100    0   15  130.25593   74.50100  42.8%     -    4s
H    0     0                     122.9010333   74.50100  39.4%     -    4s
     0     0   74.50100    0   14  122.90103   74.50100  39.4%     -    4s
     0     0   74.50100    0   14  122.90103   74.50100  39.4%     -    4s
     0     0   74.50100    0   14  122.90103   74.50100  39.4%     -    4s
H    0     0                     121.7855333   74.50100  38.8%     -    4s
     0     0   74.50100    0   14  121.78553   74.50100  38.8%     -    4s
H    0     0                     117.5851333   74.50100  36.6%     -    4s
     0     0   74.50100    0   14  117.58513   74.50100  36.6%     -    4s
H    0     0                     113.3076333   74.50100  34.2%     -    4s
     0     2   74.50100    0   14  113.30763   74.50100  34.2%     -    4s
   164   147   74.50100   23   14  113.30763   74.50100  34.2%   3.9    5s
H  376   348                     113.3076333   74.50100  34.2%   2.6    5s
H  377   348                     113.3076333   74.50100  34.2%   2.6    5s
H  571   534                     113.3076333   74.50100  34.2%   2.2    5s
 41453 29313   90.25943  110   14  113.30763   79.33983  30.0%   5.6   10s

Cutting planes:
  Cover: 2
  Implied bound: 3
  Clique: 3
  MIR: 2
  Flow cover: 3
  GUB cover: 1
  Relax-and-lift: 40

Explored 46247 nodes (251997 simplex iterations) in 13.89 seconds (16.37 work units)
Thread count was 16 (of 16 available processors)

Solution count 10: 113.308 113.308 113.308 ... 209.26

Optimal solution found (tolerance 1.00e-04)
Best objective 1.133076333333e+02, best bound 1.133076332708e+02, gap 0.0000%

User-callback calls 96022, time in user-callback 0.15 sec
