
Gurobi 10.0.1 (win64) logging started Sun Sep 21 16:49:37 2025

Set parameter LogFile to value "log_group_6/bound_Expr340_s8_l1051_s11_e12_o60_d120_t60_s45_0_0_0_0.log"
Gurobi Optimizer version 10.0.1 build v10.0.1rc0 (win64)

CPU model: Intel(R) Core(TM) i7-10700 CPU @ 2.90GHz, instruction set [SSE2|AVX|AVX2]
Thread count: 8 physical cores, 16 logical processors, using up to 16 threads

Optimize a model with 1441432 rows, 1440580 columns and 11518624 nonzeros
Model fingerprint: 0xc68dc5b6
Variable types: 580 continuous, 1440000 integer (1440000 binary)
Coefficient statistics:
  Matrix range     [1e+00, 9e+02]
  Objective range  [1e+00, 1e+00]
  Bounds range     [1e+00, 1e+03]
  RHS range        [1e+00, 9e+02]
Presolve removed 1414180 rows and 1414120 columns (presolve time = 5s) ...
Presolve removed 1414180 rows and 1413728 columns
Presolve time: 5.94s
Presolved: 27252 rows, 26852 columns, 157968 nonzeros
Variable types: 460 continuous, 26392 integer (26392 binary)
Found heuristic solution: objective 10171.858200
Found heuristic solution: objective 1879.3277667
Deterministic concurrent LP optimizer: primal and dual simplex
Showing first log only...


Root simplex log...

Iteration    Objective       Primal Inf.    Dual Inf.      Time
       0   -4.1379000e+04   1.113847e+04   3.523855e+08      7s
    2627    4.5021000e+04   0.000000e+00   7.200000e+02      8s
    3091    0.0000000e+00   0.000000e+00   0.000000e+00      8s
Concurrent spin time: 0.09s

Solved with primal simplex

Root relaxation: objective 0.000000e+00, 3091 iterations, 0.50 seconds (0.85 work units)

    Nodes    |    Current Node    |     Objective Bounds      |     Work
 Expl Unexpl |  Obj  Depth IntInf | Incumbent    BestBd   Gap | It/Node Time

     0     0    0.00000    0  189 1879.32777    0.00000   100%     -    9s
H    0     0                    1667.6094333    0.00000   100%     -    9s
H    0     0                    1632.4945667    0.00000   100%     -   11s
     0     0    0.00000    0  214 1632.49457    0.00000   100%     -   11s
H    0     0                     685.7557667    0.00000   100%     -   14s
H    0     0                     577.1453000    0.00000   100%     -   15s
     0     0    0.00000    0  219  577.14530    0.00000   100%     -   15s
H    0     0                     487.5251667    0.00000   100%     -   24s
H    0     0                     416.4846329    0.00000   100%     -   24s
H    0     0                     416.0458333    0.00000   100%     -   24s
H    0     0                     416.0458329    0.00000   100%     -   24s
H    0     0                     388.6199333    0.00000   100%     -   24s
     0     0    0.00000    0  181  388.61993    0.00000   100%     -   26s
     0     0    0.00000    0  192  388.61993    0.00000   100%     -   28s
     0     0    0.00000    0  186  388.61993    0.00000   100%     -   36s
     0     0    0.00000    0  185  388.61993    0.00000   100%     -   36s
H    0     0                     382.4336000    0.00000   100%     -   46s
     0     0    0.00000    0  184  382.43360    0.00000   100%     -   47s
H    0     0                     377.6376667    0.00000   100%     -   49s
     0     0    0.00000    0  197  377.63767    0.00000   100%     -   50s
H    0     0                     376.9089904    0.00000   100%     -   58s
     0     0    0.00000    0  190  376.90899    0.00000   100%     -   59s

Cutting planes:
  Gomory: 15
  Implied bound: 231
  MIR: 169
  RLT: 16
  Relax-and-lift: 116

Explored 1 nodes (44408 simplex iterations) in 60.20 seconds (60.22 work units)
Thread count was 16 (of 16 available processors)

Solution count 10: 376.909 377.638 382.434 ... 685.756

Time limit reached
Best objective 3.769089904137e+02, best bound 0.000000000000e+00, gap 100.0000%

User-callback calls 7574, time in user-callback 0.03 sec
