
Gurobi 10.0.3 (win64) logging started Sun Sep 21 05:04:30 2025

Set parameter LogFile to value "log_group_6/bound_Expr280_s5_l1051_s11_e12_o20_d44_t1200_s15_1_1_0_1.log"
Gurobi Optimizer version 10.0.3 build v10.0.3rc0 (win64)

CPU model: 11th Gen Intel(R) Core(TM) i7-11700 @ 2.50GHz, instruction set [SSE2|AVX|AVX2|AVX512]
Thread count: 8 physical cores, 16 logical processors, using up to 16 threads

Optimize a model with 82590 rows, 80310 columns and 951540 nonzeros
Model fingerprint: 0xc99d4550
Variable types: 310 continuous, 80000 integer (80000 binary)
Coefficient statistics:
  Matrix range     [1e+00, 9e+02]
  Objective range  [1e+00, 1e+00]
  Bounds range     [1e+00, 1e+03]
  RHS range        [1e+00, 9e+02]
Presolve removed 76580 rows and 74795 columns
Presolve time: 0.64s
Presolved: 6010 rows, 5515 columns, 39463 nonzeros
Variable types: 270 continuous, 5245 integer (5241 binary)

Root relaxation: objective 8.482873e+01, 4299 iterations, 0.24 seconds (0.62 work units)

    Nodes    |    Current Node    |     Objective Bounds      |     Work
 Expl Unexpl |  Obj  Depth IntInf | Incumbent    BestBd   Gap | It/Node Time

     0     0   84.82873    0  126          -   84.82873      -     -    1s
H    0     0                    2052.3409000   84.82873  95.9%     -    1s
     0     0   84.82873    0  272 2052.34090   84.82873  95.9%     -    1s
H    0     0                    1276.1546333   84.82873  93.4%     -    2s
H    0     0                    1275.0932667   84.82873  93.3%     -    2s
H    0     0                    1032.4363667   84.82873  91.8%     -    2s
     0     0   84.82873    0  102 1032.43637   84.82873  91.8%     -    2s
H    0     0                    1012.6644667   84.82873  91.6%     -    3s
H    0     0                     976.5973667   84.82873  91.3%     -    3s
H    0     0                     951.8593000   84.82873  91.1%     -    3s
     0     0   84.82873    0  229  951.85930   84.82873  91.1%     -    3s
H    0     0                     780.0113667   84.82873  89.1%     -    3s
H    0     0                     607.7911333   84.82873  86.0%     -    4s
H    0     0                     345.3248667   84.82873  75.4%     -    4s
H    0     0                     304.3876667   84.82873  72.1%     -    4s
H    0     0                     210.2552667   84.82873  59.7%     -    4s
     0     0   84.82873    0   71  210.25527   84.82873  59.7%     -    4s
     0     0   84.82873    0  141  210.25527   84.82873  59.7%     -    4s
     0     0   84.82873    0  133  210.25527   84.82873  59.7%     -    4s
     0     0   97.99840    0  220  210.25527   97.99840  53.4%     -    5s
     0     0   97.99840    0  179  210.25527   97.99840  53.4%     -    5s
     0     0   97.99840    0  191  210.25527   97.99840  53.4%     -    5s
     0     0   97.99840    0  145  210.25527   97.99840  53.4%     -    5s
     0     0   97.99840    0  187  210.25527   97.99840  53.4%     -    5s
     0     0   97.99840    0  157  210.25527   97.99840  53.4%     -    5s
     0     0   97.99840    0  153  210.25527   97.99840  53.4%     -    5s
     0     0   97.99840    0   83  210.25527   97.99840  53.4%     -    5s
     0     0   97.99840    0   86  210.25527   97.99840  53.4%     -    5s
     0     0   97.99840    0  147  210.25527   97.99840  53.4%     -    5s
     0     0   97.99840    0  142  210.25527   97.99840  53.4%     -    5s
     0     0   97.99840    0  174  210.25527   97.99840  53.4%     -    6s
     0     0   97.99840    0  102  210.25527   97.99840  53.4%     -    6s
     0     0   97.99840    0   88  210.25527   97.99840  53.4%     -    6s
     0     0   97.99840    0  167  210.25527   97.99840  53.4%     -    6s
     0     0   97.99840    0  190  210.25527   97.99840  53.4%     -    6s
H    0     0                     201.8202333   97.99840  51.4%     -    6s
H    0     0                     127.4089333   97.99840  23.1%     -    6s
H    0     0                     117.1858667   97.99840  16.4%     -    6s
H    0     0                     115.1183667   97.99840  14.9%     -    6s
H    0     0                     113.1685333   97.99840  13.4%     -    6s
     0     0   98.58555    0  193  113.16853   98.58555  12.9%     -    6s
     0     0   99.97875    0  130  113.16853   99.97875  11.7%     -    6s
     0     0  101.08955    0  128  113.16853  101.08955  10.7%     -    6s
     0     0  101.89054    0  212  113.16853  101.89054  10.0%     -    6s
     0     0  102.24557    0  220  113.16853  102.24557  9.65%     -    6s
     0     0  102.57950    0  228  113.16853  102.57950  9.36%     -    7s
     0     0  102.76352    0  207  113.16853  102.76352  9.19%     -    7s
     0     0  102.94896    0  270  113.16853  102.94896  9.03%     -    7s
     0     0  102.99813    0  166  113.16853  102.99813  8.99%     -    7s
     0     0  103.53051    0   87  113.16853  103.53051  8.52%     -    7s
     0     0  103.64438    0  135  113.16853  103.64438  8.42%     -    7s
     0     0  105.30607    0   64  113.16853  105.30607  6.95%     -    7s
     0     0  105.30607    0  110  113.16853  105.30607  6.95%     -    7s
     0     0  105.30607    0   86  113.16853  105.30607  6.95%     -    7s
     0     0  105.30607    0   86  113.16853  105.30607  6.95%     -    7s
     0     0  106.28318    0  139  113.16853  106.28318  6.08%     -    7s
     0     0  106.28318    0   46  113.16853  106.28318  6.08%     -    7s
     0     0  107.19254    0   46  113.16853  107.19254  5.28%     -    7s
     0     0  107.19254    0   44  113.16853  107.19254  5.28%     -    7s
     0     0  107.53217    0   52  113.16853  107.53217  4.98%     -    7s
     0     0  107.53353    0   54  113.16853  107.53353  4.98%     -    7s
     0     0  107.53365    0   54  113.16853  107.53365  4.98%     -    7s
     0     0  107.55262    0   65  113.16853  107.55262  4.96%     -    7s
     0     0  107.55269    0   56  113.16853  107.55269  4.96%     -    7s
     0     0  109.20433    0   59  113.16853  109.20433  3.50%     -    7s
     0     0  109.39042    0   50  113.16853  109.39042  3.34%     -    7s
     0     0  109.52451    0   41  113.16853  109.52451  3.22%     -    7s
     0     0  109.52451    0   43  113.16853  109.52451  3.22%     -    7s
     0     0  110.81983    0   64  113.16853  110.81983  2.08%     -    7s
     0     0  110.94176    0   54  113.16853  110.94176  1.97%     -    7s
     0     0  110.96099    0   52  113.16853  110.96099  1.95%     -    7s
     0     0  112.01971    0   57  113.16853  112.01971  1.02%     -    7s
     0     0  112.02428    0   57  113.16853  112.02428  1.01%     -    7s
     0     0  112.10442    0   52  113.16853  112.10442  0.94%     -    7s
     0     0  112.10586    0   64  113.16853  112.10586  0.94%     -    7s
     0     0  112.48606    0   35  113.16853  112.48606  0.60%     -    7s
     0     0  112.50467    0   21  113.16853  112.50467  0.59%     -    7s
     0     0  112.50467    0   23  113.16853  112.50467  0.59%     -    7s
     0     0  112.54005    0   36  113.16853  112.54005  0.56%     -    7s
     0     0  112.54005    0   34  113.16853  112.54005  0.56%     -    7s
     0     0  112.59046    0   28  113.16853  112.59046  0.51%     -    7s
     0     0  112.59046    0   27  113.16853  112.59046  0.51%     -    7s
     0     0  112.59046    0   28  113.16853  112.59046  0.51%     -    7s
     0     0  112.59046    0   30  113.16853  112.59046  0.51%     -    8s
     0     0  112.59046    0   29  113.16853  112.59046  0.51%     -    8s
     0     0  112.59046    0   33  113.16853  112.59046  0.51%     -    8s
     0     0  112.59046    0   18  113.16853  112.59046  0.51%     -    8s
     0     0  112.59053    0   42  113.16853  112.59053  0.51%     -    8s
     0     0  112.59053    0   35  113.16853  112.59053  0.51%     -    8s
     0     0  112.59053    0   23  113.16853  112.59053  0.51%     -    8s
     0     0  112.59053    0   23  113.16853  112.59053  0.51%     -    8s
     0     0  112.59053    0   26  113.16853  112.59053  0.51%     -    8s
     0     0  112.59489    0   30  113.16853  112.59489  0.51%     -    8s
     0     0  112.59917    0   29  113.16853  112.59917  0.50%     -    8s
     0     0  112.63154    0   35  113.16853  112.63154  0.47%     -    8s
     0     0  112.77250    0   34  113.16853  112.77250  0.35%     -    8s
     0     0  112.77857    0   27  113.16853  112.77857  0.34%     -    8s
     0     0  112.77869    0   35  113.16853  112.77869  0.34%     -    8s
     0     0  113.03484    0   35  113.16853  113.03484  0.12%     -    8s
     0     0  113.03484    0   35  113.16853  113.03484  0.12%     -    8s
     0     0  113.03484    0   39  113.16853  113.03484  0.12%     -    8s
H    0     0                     113.1157333  113.03484  0.07%     -    8s
     0     0  113.08423    0   16  113.11573  113.08423  0.03%     -    8s
     0     0  113.10290    0    4  113.11573  113.10290  0.01%     -    8s
     0     0  113.10290    0    4  113.11573  113.10290  0.01%     -    8s
     0     0  113.10290    0    9  113.11573  113.10290  0.01%     -    8s
     0     0     cutoff    0       113.11573  113.11573  0.00%     -    8s

Explored 1 nodes (50797 simplex iterations) in 8.26 seconds (12.85 work units)
Thread count was 16 (of 16 available processors)

Solution count 10: 113.116 113.169 115.118 ... 780.011

Optimal solution found (tolerance 1.00e-04)
Best objective 1.131157333332e+02, best bound 1.131157333332e+02, gap 0.0000%

User-callback calls 1835, time in user-callback 0.01 sec
