
Gurobi 10.0.1 (win64) logging started Sun Sep 21 11:56:45 2025

Set parameter LogFile to value "log_group_6/bound_Expr140_s10_l1051_s11_e12_o100_d200_t7200_s70_1_1_1_1.log"
Gurobi Optimizer version 10.0.1 build v10.0.1rc0 (win64)

CPU model: Intel(R) Core(TM) i7-10700 CPU @ 2.90GHz, instruction set [SSE2|AVX|AVX2]
Thread count: 8 physical cores, 16 logical processors, using up to 16 threads

Optimize a model with 4489521 rows, 4400800 columns and 52853780 nonzeros
Model fingerprint: 0xb95347d1
Variable types: 800 continuous, 4400000 integer (4400000 binary)
Coefficient statistics:
  Matrix range     [6e-01, 8e+02]
  Objective range  [1e+00, 1e+00]
  Bounds range     [1e+00, 1e+03]
  RHS range        [1e+00, 8e+02]
Presolve removed 100 rows and 100 columns (presolve time = 5s) ...
Presolve removed 100 rows and 100 columns (presolve time = 10s) ...
Presolve removed 100 rows and 4345100 columns (presolve time = 15s) ...
Presolve removed 4439041 rows and 4351800 columns (presolve time = 20s) ...
Presolve removed 4439041 rows and 4351300 columns
Presolve time: 24.18s
Presolved: 50480 rows, 49500 columns, 293850 nonzeros
Variable types: 600 continuous, 48900 integer (48900 binary)
Found heuristic solution: objective 16572.036067
Deterministic concurrent LP optimizer: primal and dual simplex
Showing first log only...


Root simplex log...

Iteration    Objective       Primal Inf.    Dual Inf.      Time
       0   -6.9105000e+04   1.853972e+04   5.887698e+08     32s
   17299   -6.9105000e+04   2.675982e-02   1.069479e+08     35s
   17478    7.4895000e+04   0.000000e+00   9.920000e+02     35s
   17842    3.2495890e+02   0.000000e+00   0.000000e+00     35s
Concurrent spin time: 0.19s

Solved with primal simplex
   17842    3.2495890e+02   0.000000e+00   0.000000e+00     36s

Root relaxation: objective 3.249589e+02, 17842 iterations, 3.48 seconds (9.69 work units)
Total elapsed time = 40.17s
Total elapsed time = 46.21s

    Nodes    |    Current Node    |     Objective Bounds      |     Work
 Expl Unexpl |  Obj  Depth IntInf | Incumbent    BestBd   Gap | It/Node Time

     0     0  324.95890    0  318 16572.0361  324.95890  98.0%     -   47s
H    0     0                    16200.892567  324.95890  98.0%     -   49s
     0     0  324.95890    0  423 16200.8926  324.95890  98.0%     -   66s
H    0     0                    5654.3007000  324.95890  94.3%     -  101s
H    0     0                    5008.9806333  324.95890  93.5%     -  102s
H    0     0                    4361.2683000  324.95890  92.5%     -  102s
     0     0  324.95890    0  404 4361.26830  324.95890  92.5%     -  102s
     0     0  324.95890    0  381 4361.26830  324.95890  92.5%     -  137s
H    0     0                    3563.0783667  324.95890  90.9%     -  147s
     0     0  324.95890    0  368 3563.07837  324.95890  90.9%     -  149s
     0     0  324.95890    0  349 3563.07837  324.95890  90.9%     -  172s
     0     0  324.95890    0  328 3563.07837  324.95890  90.9%     -  183s
H    0     0                    3233.0114000  324.95890  89.9%     -  202s
     0     2  324.95890    0  324 3233.01140  324.95890  89.9%     -  212s
     1     4  324.95890    1  354 3233.01140  324.95890  89.9% 12042  219s
     3     8  324.95890    2  342 3233.01140  324.95890  89.9%  7097  221s
     7    16  324.95890    3  534 3233.01140  324.95890  89.9%  3600  230s
    15    24  324.95890    4  408 3233.01140  324.95890  89.9%  4097  244s
    23    32  324.95890    5  389 3233.01140  324.95890  89.9%  4324  246s
H   31    40                    2270.3093735  324.95890  85.7%  3234  295s
H   32    40                    1681.2708667  324.95890  80.7%  3138  295s
H   36    40                    1444.3956000  324.95890  77.5%  2805  295s
H   38    40                    1216.2481667  324.95890  73.3%  2666  295s
    47    59  324.95890    8  402 1216.24817  324.95890  73.3%  2231  303s
    58    72  324.95890    9  398 1216.24817  324.95890  73.3%  1839  306s
H   71    80                     969.6259667  324.95890  66.5%  1541  349s
H   74    80                     956.7458000  324.95890  66.0%  1489  349s
H   75    80                     919.3596000  324.95890  64.7%  1469  349s
    79    93  324.95890   11  406  919.35960  324.95890  64.7%  1405  359s
    92   108  324.95890   13  401  919.35960  324.95890  64.7%  1246  363s
   107   126  324.95890   15  401  919.35960  324.95890  64.7%  1095  367s
   125   148  324.95890   17  384  919.35960  324.95890  64.7%   968  371s
   147   166  324.95890   20  399  919.35960  324.95890  64.7%   850  376s
   181   202  324.95890   25  396  919.35960  324.95890  64.7%   726  383s
   201   220  324.95890   29  416  919.35960  324.95890  64.7%   670  388s
   219   240  324.95890   32  414  919.35960  324.95890  64.7%   629  392s
   239   259  324.95890   34  401  919.35960  324.95890  64.7%   591  397s
   258   297  324.95890   37  404  919.35960  324.95890  64.7%   560  404s
   296   334  324.95890   42  404  919.35960  324.95890  64.7%   511  412s
   333   382  324.95890   46  397  919.35960  324.95890  64.7%   471  423s
   381   431  324.95890   53  402  919.35960  324.95890  64.7%   433  434s
   430   495  324.95890   59  416  919.35960  324.95890  64.7%   400  447s
   494   567  324.95890   67  402  919.35960  324.95890  64.7%   366  463s
   566   616  324.95890   77  405  919.35960  324.95890  64.7%   338  485s
   615   721  324.95890   82  401  919.35960  324.95890  64.7%   319  505s
   720   844  324.95890   97  404  919.35960  324.95890  64.7%   289  529s
   843   986  324.95890  113  382  919.35960  324.95890  64.7%   265  556s
   985  1147  324.95890  130  360  919.35960  324.95890  64.7%   244  586s
H 1146  1327                     817.5330000  324.95890  60.3%   227  619s
H 1171  1319                     815.0737000  324.95890  60.1%   225  619s
H 1216  1313                     813.6726000  324.95890  60.1%   220  619s
  1330  1518  324.95890  174  344  813.67260  324.95890  60.1%   211  656s
  1543  1791  324.95890  198  338  813.67260  324.95890  60.1%   200  702s
  1820  2059  324.95890  233  352  813.67260  324.95890  60.1%   187  752s
H 2093  2066                     806.1182333  324.95890  59.7%   178  792s
H 2095  2042                     777.2625667  324.95890  58.2%   178  793s
H 2101  1995                     738.7355039  324.95890  56.0%   178  793s
  2103  2278  324.95890  268  347  738.73550  324.95890  56.0%   178  849s
  2414  2525  324.95890  308  367  738.73550  324.95890  56.0%   174  914s
  2664  2941  324.95890  309  363  738.73550  324.95890  56.0%   169  982s
  3112  3494  324.95890  358  339  738.73550  324.95890  56.0%   165 1055s
  3696  4215  324.95890  410  326  738.73550  324.95890  56.0%   162 1138s
H 4403  4215                     738.3004333  324.95890  56.0%   153 1138s
  4459  5187  324.95890  516  345  738.30043  324.95890  56.0%   155 1261s
H 4571  5183                     733.5599333  324.95890  55.7%   155 1261s
H 5252  5178                     730.1304996  324.95890  55.5%   150 1261s
H 5501  5173                     722.2061667  324.95890  55.0%   150 1261s
  5502  6512  324.95890  629  342  722.20617  324.95890  55.0%   150 1359s
  5725  6512  420.64277  582  357  722.20617  324.95890  55.0%   148 1360s
H 6868  6593                     707.3579667  324.95890  54.1%   144 1473s
H 6893  6578                     694.6285333  324.95890  53.2%   144 1473s
H 6964  7665                     690.7827333  324.95890  53.0%   144 1569s
  7938  7665  565.01633  790  410  690.78273  324.95890  53.0%   139 1570s
  8128  7664  404.41540  308  328  690.78273  324.95890  53.0%   139 1700s
H 8129  7281                     688.0478964  324.95890  52.8%   139 1797s
H 8129  6917                     687.6724000  324.95890  52.7%   139 1803s
  8130  6917  324.95890  261  337  687.67240  324.95890  52.7%   139 1806s
H 8130  6571                     686.1296000  324.95890  52.6%   139 1898s
  8131  6572  537.08547  739  317  686.12960  324.95890  52.6%   139 2063s
H 8131  6244                     682.7164000  324.95890  52.4%   139 2096s
H 8131  5931                     681.1314000  324.95890  52.3%   139 2096s
H 8131  5635                     679.6249000  324.95890  52.2%   139 2101s
H 8131  5353                     678.8123000  324.95890  52.1%   139 2111s
  8132  5354  505.28850  610  849  678.81230  324.95890  52.1%   139 2120s
H 8132  5086                     677.5233000  324.95890  52.0%   139 2247s
  8133  5086  420.64277  443  355  677.52330  324.95890  52.0%   139 2303s
H 8133  4832                     673.9120667  324.95890  51.8%   139 2319s
  8134  4833  372.55123 1071  622  673.91207  324.95890  51.8%   139 2334s
H 8134  4591                     672.9744667  324.95890  51.7%   139 2436s
  8135  4592  438.70667  281  346  672.97447  324.95890  51.7%   139 2531s
H 8135  4362                     671.0654667  324.95890  51.6%   139 2537s
  8136  4362  537.08547  184  557  671.06547  324.95890  51.6%   139 2556s
H 8136  4144                     664.7505334  324.95890  51.1%   139 2616s
H 8136  3937                     663.0243333  324.95890  51.0%   139 2637s
  8138  3939  372.55123  938  652  663.02433  324.95890  51.0%   139 2668s
  8139  3939  663.02433  624  551  663.02433  324.95891  51.0%   139 2772s
  8140  3940  561.26310  131  551  663.02433  324.95891  51.0%   139 2784s
  8141  3941  505.28850 1349  551  663.02433  324.95891  51.0%   139 2877s
H 8141  3745                     661.9400333  324.95891  50.9%   201 3223s
  8142  3746  324.95891   16  539  661.94003  324.95891  50.9%   205 3232s
  8144  3750  324.95891   17  654  661.94003  324.95891  50.9%   206 3271s
  8148  3753  324.95891   18  654  661.94003  324.95891  50.9%   211 3293s
  8156  3758  324.95891   19  591  661.94003  324.95891  50.9%   214 3323s
  8164  3762  324.95891   20  590  661.94003  324.95891  50.9%   220 3342s
  8172  3766  451.48450   20  575  661.94003  324.95891  50.9%   224 3406s
  8180  3769  324.95891   21  677  661.94003  324.95891  50.9%   230 3464s
  8188  3774  412.27823   21  673  661.94003  324.95891  50.9%   242 3703s
  8197  3779  324.95891   22  602  661.94003  324.95891  50.9%   258 3840s
  8208  3784  478.36193   22  660  661.94003  324.95891  50.9%   263 3889s
  8221  3791  324.95891   23  586  661.94003  324.95891  50.9%   270 3954s
  8237  3797  324.95891   24  585  661.94003  324.95891  50.9%   281 4000s
  8254  3804  324.95891   25  547  661.94003  324.95891  50.9%   291 4095s
  8270  3815  324.95891   26  538  661.94003  324.95891  50.9%   305 4137s
  8290  3825  324.95891   27  499  661.94003  324.95891  50.9%   316 4169s
  8311  3836  418.99913   27  784  661.94003  324.95891  50.9%   321 4233s
H 8316  3647                     661.9400328  324.95891  50.9%   327 4233s
  8332  3662  324.95891   28  456  661.94003  324.95891  50.9%   335 4281s
  8357  3675  324.95891   29  456  661.94003  324.95891  50.9%   344 4318s
  8384  3691  324.95891   31  456  661.94003  324.95891  50.9%   350 4358s
  8411  3704  324.95907   32  455  661.94003  324.95907  50.9%   358 4397s
  8438  3718  324.95907   33  781  661.94003  324.95907  50.9%   366 4436s
  8468  3733  452.17853   33  599  661.94003  324.95907  50.9%   370 4485s
  8502  3750  324.95907   35  746  661.94003  324.95907  50.9%   377 4554s
  8537  3767  324.95907   36  399  661.94003  324.95907  50.9%   385 4619s
  8572  3788  324.95907   37  430  661.94003  324.95907  50.9%   396 4675s
  8609  3818  440.72423   37  644  661.94003  324.95907  50.9%   402 4744s
  8654  3841  330.55217   38  525  661.94003  324.95907  50.9%   409 4791s
  8699  3833  390.75233   39  634  661.94003  324.95907  50.9%   415 5240s
H 8704  3653                     661.9400307  324.95907  50.9%   415 5240s
  8707  3696  324.95907   40  531  661.94003  324.95907  50.9%   416 5296s
  8762  3719  324.95907   41  491  661.94003  324.95907  50.9%   421 5349s
  8817  3749  324.95907   42  491  661.94003  324.95907  50.9%   425 5399s
  8872  3780  481.62843   43  768  661.94003  324.95907  50.9%   429 5457s
  8924  3821  324.95907   45  469  661.94003  324.95907  50.9%   432 5514s
  8992  3893  447.43943   46  562  661.94003  324.95907  50.9%   434 5581s
  9113  3942  331.43927   47  695  661.94003  324.95907  50.9%   437 5659s
  9222  3964  324.95907   49  666  661.94003  324.95907  50.9%   440 5722s
  9291  4049  424.75223   50  803  661.94003  324.95907  50.9%   445 5794s
  9426  4105  324.95907   52  512  661.94003  324.95907  50.9%   446 5869s
  9554  4153  324.95907   54  462  661.94003  324.95907  50.9%   449 5941s
H 9583  3974                     661.9398431  324.95907  50.9%   453 5941s
H 9677  3768                     660.7772307  324.95907  50.8%   450 5941s
  9679  3821  324.95907   55  430  660.77723  324.95907  50.8%   452 6025s
  9751  3895  324.95907   56  650  660.77723  324.95907  50.8%   457 6103s
  9887  3955  324.95907   57  449  660.77723  324.95907  50.8%   460 6185s
 10026  3974  324.95907   59  482  660.77723  324.95907  50.8%   464 6257s
H10090  3800                     660.7769236  324.95907  50.8%   465 6257s
 10106  3918  324.95907   60  434  660.77692  324.95907  50.8%   465 6345s
 10258  3976  324.95907   62  450  660.77692  324.95907  50.8%   468 6434s
H10274  3826                     660.7768894  324.95907  50.8%   475 6434s
 10411  3892  324.95907   64  464  660.77689  324.95907  50.8%   473 6523s
H10515  3720                     660.7766449  324.95907  50.8%   474 6524s
 10568  3770  324.95907   65  481  660.77664  324.95907  50.8%   475 6614s
 10653  3873  324.95907   66  508  660.77664  324.95907  50.8%   481 6719s
 10833  3958  453.89863   67  611  660.77664  324.95907  50.8%   485 6820s
 11030  4007  332.43927   69  478  660.77664  324.95907  50.8%   485 6923s
 11164  4106  324.95907   71  451  660.77664  324.95907  50.8%   492 7038s
 11357  4117  324.95907   73  467  660.77664  324.95907  50.8%   495 7136s
 11463  4156  324.95907   74  530  660.77664  324.95907  50.8%   498 7200s

Cutting planes:
  Gomory: 13
  Implied bound: 242
  Projected implied bound: 1802
  MIR: 91
  Flow cover: 580
  RLT: 2
  Relax-and-lift: 5580

Explored 11568 nodes (5922378 simplex iterations) in 7201.00 seconds (17870.62 work units)
Thread count was 16 (of 16 available processors)

Solution count 10: 660.777 660.777 661.94 ... 677.523

Time limit reached
Best objective 6.607766449021e+02, best bound 3.249590706963e+02, gap 50.8216%

User-callback calls 405086, time in user-callback 5.01 sec
