
Gurobi 10.0.1 (win64) logging started Sun Sep 21 17:06:42 2025

Set parameter LogFile to value "log_group_6/bound_Expr427_s10_l1051_s11_e12_o100_d200_t60_s62_1_1_1_1.log"
Gurobi Optimizer version 10.0.1 build v10.0.1rc0 (win64)

CPU model: Intel(R) Core(TM) i7-10700 CPU @ 2.90GHz, instruction set [SSE2|AVX|AVX2]
Thread count: 8 physical cores, 16 logical processors, using up to 16 threads

Optimize a model with 4744720 rows, 4650800 columns and 57712480 nonzeros
Model fingerprint: 0x169f7b22
Variable types: 800 continuous, 4650000 integer (4650000 binary)
Coefficient statistics:
  Matrix range     [1e+00, 9e+02]
  Objective range  [1e+00, 1e+00]
  Bounds range     [1e+00, 1e+03]
  RHS range        [1e+00, 9e+02]
Presolve removed 100 rows and 100 columns (presolve time = 5s) ...
Presolve removed 100 rows and 100 columns (presolve time = 10s) ...
Presolve removed 100 rows and 4592600 columns (presolve time = 16s) ...
Presolve removed 4700690 rows and 4608250 columns (presolve time = 21s) ...
Presolve removed 4701289 rows and 4608350 columns (presolve time = 25s) ...
Presolve removed 4700790 rows and 4607851 columns
Presolve time: 25.46s
Presolved: 43930 rows, 42949 columns, 254577 nonzeros
Variable types: 600 continuous, 42349 integer (42349 binary)
Found heuristic solution: objective 16428.155167
Deterministic concurrent LP optimizer: primal and dual simplex
Showing first log only...


Root simplex log...

Iteration    Objective       Primal Inf.    Dual Inf.      Time
       0   -6.8868000e+04   1.854728e+04   5.932347e+08     34s
    9184   -6.8868000e+04   5.569516e+00   3.978085e+08     35s
   13399    7.5132000e+04   0.000000e+00   1.096000e+03     37s
   13570    3.6481507e+02   0.000000e+00   0.000000e+00     37s
Concurrent spin time: 0.30s

Solved with primal simplex
   13570    3.6481507e+02   0.000000e+00   0.000000e+00     37s

Root relaxation: objective 3.648151e+02, 13570 iterations, 3.00 seconds (8.70 work units)
Total elapsed time = 40.56s
Total elapsed time = 47.41s

    Nodes    |    Current Node    |     Objective Bounds      |     Work
 Expl Unexpl |  Obj  Depth IntInf | Incumbent    BestBd   Gap | It/Node Time

     0     0  364.81507    0  344 16428.1552  364.81507  97.8%     -   50s
H    0     0                    16068.034200  364.81507  97.7%     -   51s
     0     0  364.81507    0  477 16068.0342  364.81507  97.7%     -   59s

Cutting planes:
  Gomory: 2
  Implied bound: 41
  MIR: 15
  RLT: 19
  Relax-and-lift: 51

Explored 1 nodes (64205 simplex iterations) in 60.51 seconds (123.03 work units)
Thread count was 16 (of 16 available processors)

Solution count 2: 16068 16428.2 

Time limit reached
Best objective 1.606803420000e+04, best bound 3.648150666667e+02, gap 97.7296%

User-callback calls 5738, time in user-callback 0.02 sec
