
Gurobi 10.0.1 (win64) logging started Sat Sep 20 18:22:50 2025

Set parameter LogFile to value "log_group_6/bound_Expr66_s10_l1051_s11_e12_o100_d200_t7200_s66_0_0_0_0.log"
Gurobi Optimizer version 10.0.1 build v10.0.1rc0 (win64)

CPU model: Intel(R) Core(TM) i7-10700 CPU @ 2.90GHz, instruction set [SSE2|AVX|AVX2]
Thread count: 8 physical cores, 16 logical processors, using up to 16 threads

Optimize a model with 4701890 rows, 4700800 columns and 37561880 nonzeros
Model fingerprint: 0xeef9790c
Variable types: 800 continuous, 4700000 integer (4700000 binary)
Coefficient statistics:
  Matrix range     [6e-01, 8e+02]
  Objective range  [1e+00, 1e+00]
  Bounds range     [1e+00, 1e+03]
  RHS range        [1e+00, 8e+02]
Presolve removed 0 rows and 100 columns (presolve time = 5s) ...
Presolve removed 100 rows and 4646200 columns (presolve time = 10s) ...
Presolve removed 4646300 rows and 4646200 columns (presolve time = 15s) ...
Presolve removed 4646300 rows and 4645710 columns
Presolve time: 18.33s
Presolved: 55590 rows, 55090 columns, 326460 nonzeros
Variable types: 600 continuous, 54490 integer (54490 binary)
Found heuristic solution: objective 13987.477933
Found heuristic solution: objective 3808.9142000
Deterministic concurrent LP optimizer: primal and dual simplex
Showing first log only...


Root simplex log...

Iteration    Objective       Primal Inf.    Dual Inf.      Time
       0   -6.9073000e+04   1.843640e+04   5.803926e+08     22s
    5943    7.4927000e+04   0.000000e+00   8.880000e+02     23s
    6449    0.0000000e+00   0.000000e+00   0.000000e+00     23s
Concurrent spin time: 0.29s

Solved with primal simplex

Root relaxation: objective 0.000000e+00, 6449 iterations, 1.45 seconds (2.95 work units)

    Nodes    |    Current Node    |     Objective Bounds      |     Work
 Expl Unexpl |  Obj  Depth IntInf | Incumbent    BestBd   Gap | It/Node Time

     0     0    0.00000    0  409 3808.91420    0.00000   100%     -   32s
H    0     0                    3504.6946333    0.00000   100%     -   35s
     0     0    0.00000    0  346 3504.69463    0.00000   100%     -   39s
H    0     0                    1699.4308667    0.00000   100%     -   53s
H    0     0                    1392.5291667    0.00000   100%     -   54s
     0     0    0.00000    0  347 1392.52917    0.00000   100%     -   54s
H    0     0                    1210.4613995    0.00000   100%     -   88s
H    0     0                     870.6894667    0.00000   100%     -   88s
H    0     0                     831.5423000    0.00000   100%     -   89s
H    0     0                     769.1834000    0.00000   100%     -   89s
     0     0    0.00000    0  351  769.18340    0.00000   100%     -  100s
H    0     0                     769.1683991    0.00000   100%     -  106s
     0     0    0.00000    0  356  769.16840    0.00000   100%     -  121s
     0     0    0.00000    0  309  769.16840    0.00000   100%     -  146s
H    0     0                     741.9001627    0.00000   100%     -  162s
     0     0    0.00000    0  330  741.90016    0.00000   100%     -  163s
H    0     0                     720.9204333    0.00000   100%     -  188s
H    0     0                     720.8204407    0.00000   100%     -  188s
     0     0    0.00000    0  308  720.82044    0.00000   100%     -  194s
     0     0    0.00000    0  325  720.82044    0.00000   100%     -  207s
     0     0    0.00000    0  304  720.82044    0.00000   100%     -  234s
H    0     0                     720.5192534    0.00000   100%     -  255s
     0     0    0.00000    0  336  720.51925    0.00000   100%     -  255s
     0     0    0.00000    0  308  720.51925    0.00000   100%     -  276s
     0     0    0.00000    0  308  720.51925    0.00000   100%     -  281s
     0     2    0.00000    0  297  720.51925    0.00000   100%     -  317s
     3     8    0.00000    2  294  720.51925    0.00000   100%  3409  320s
    15    24    0.00000    4  326  720.51925    0.00000   100%   840  330s
H   31    40                     719.0277000    0.00000   100%  1089  364s
H   37    40                     706.0715990    0.00000   100%   926  364s
    39    48    0.00000    7  338  706.07160    0.00000   100%   886  366s
H   66    75                     706.0715962    0.00000   100%   536  401s
H   67    75                     706.0472990    0.00000   100%   529  401s
H   69    75                     705.8208333    0.00000   100%   514  401s
    87    99    0.00000   12  320  705.82083    0.00000   100%   409  406s
   111   123    0.00000   14  318  705.82083    0.00000   100%   324  411s
   136   152    0.00000   16  315  705.82083    0.00000   100%   266  416s
   164   181    0.00000   19  314  705.82083    0.00000   100%   223  421s
   196   215    0.00000   21  312  705.82083    0.00000   100%   190  427s
   214   231    0.00000   23  314  705.82083    0.00000   100%   175  430s
   250   268    0.00000   26  315  705.82083    0.00000   100%   152  437s
   267   291    0.00000   27  321  705.82083    0.00000   100%   143  440s
   316   339    0.00000   31  315  705.82083    0.00000   100%   123  447s
   338   366    0.00000   32  317  705.82083    0.00000   100%   115  450s
   392   426    0.00000   36  315  705.82083    0.00000   100%   101  468s
H  406   426                     705.8195492    0.00000   100%  97.9  468s
   425   460    0.00000   37  314  705.81955    0.00000   100%  94.0  472s
   459   501    0.00000   39  316  705.81955    0.00000   100%  87.6  477s
   500   542    0.00000   41  318  705.81955    0.00000   100%  81.0  482s
   541   587    0.00000   42  316  705.81955    0.00000   100%  75.3  486s
   586   595    0.00000   44  315  705.81955    0.00000   100%  69.9  535s
   594   603    0.00000   45  315  705.81955    0.00000   100%  69.0  547s
H  598   603                     705.8133333    0.00000   100%  68.6  547s
   602   651    0.00000   46  315  705.81333    0.00000   100%  68.2  553s
   650   712    0.00000   48  315  705.81333    0.00000   100%  63.7  559s
   711   793    0.00000   51  309  705.81333    0.00000   100%  58.5  565s
   792   900    0.00000   54  312  705.81333    0.00000   100%  53.3  572s
   899  1024    0.00000   59  313  705.81333    0.00000   100%  47.6  580s
  1023  1165    0.00000   62  311  705.81333    0.00000   100%  42.5  586s
  1164  1318    0.00000   66  310  705.81333    0.00000   100%  38.1  593s
  1317  1484    0.00000   70  309  705.81333    0.00000   100%  34.3  602s
  1483  1653    0.00000   73  314  705.81333    0.00000   100%  31.4  610s
  1652  1859    0.00000   84  313  705.81333    0.00000   100%  29.0  618s
  1858  2094    0.00000  100  318  705.81333    0.00000   100%  26.6  628s
  2093  2326    0.00000  106  384  705.81333    0.00000   100%  25.1  638s
  2325  2358    0.00000  110  378  705.81333    0.00000   100%  23.2  664s
H 2328  2358                     705.8133307    0.00000   100%  23.2  664s
H 2332  2358                     705.8133256    0.00000   100%  23.1  664s
H 2344  2358                     705.8125813    0.00000   100%  23.0  664s
H 2356  2358                     705.8123325    0.00000   100%  23.0  664s
  2357  2632    0.00000  114  358  705.81233    0.00000   100%  23.0  674s
  2631  2931    0.00000  120  353  705.81233    0.00000   100%  21.1  686s
  2930  3163    0.00000  137  357  705.81233    0.00000   100%  19.6  710s
  3162  3628    0.00000  166  345  705.81233    0.00000   100%  18.7  726s
  3627  4033    0.00000  209  335  705.81233    0.00000   100%  17.0  744s
  4032  4586    0.00000  244  333  705.81233    0.00000   100%  15.9  764s
  4585  5181    0.00000  319  340  705.81233    0.00000   100%  14.8  786s
  5180  5907    0.00000  376  332  705.81233    0.00000   100%  13.8  811s
  5906  6146    0.00000  444  340  705.81233    0.00000   100%  13.0  833s
  6145  7134    0.00000  459  339  705.81233    0.00000   100%  12.7  865s
  7133  7983    0.00000  541  338  705.81233    0.00000   100%  11.7  909s
  7983  7984  287.35360  748  308  705.81233    0.00000   100%  11.0 1096s
  7985  7985  209.49833  365  295  705.81233    0.00000   100%  11.0 1138s
  7986  7986    0.00000  200  291  705.81233    0.00000   100%  11.0 1232s
  7987  7987  121.85537  212  334  705.81233    0.00000   100%  11.0 1269s
  7988  7987   87.64297  648  287  705.81233    0.00000   100%  11.0 1307s
  7989  7988  121.85537  773  322  705.81233    0.00000   100%  11.0 1319s
  7990  7989  221.00050  767  293  705.81233    0.00000   100%  11.0 1351s
  7991  7989  190.68973  702  294  705.81233    0.00000   100%  11.0 1364s
  7992  7990  279.16513  369  302  705.81233    0.00000   100%  11.0 1408s
  7993  7991  246.76770  660  325  705.81233    0.00000   100%  11.0 1417s
  7994  7991  368.92663  873  303  705.81233    0.00000   100%  11.0 1446s
  7995  7992  176.38453  563  303  705.81233    0.00000   100%  11.0 1454s
  7996  7993  121.85537 1005  302  705.81233    0.00000   100%  11.0 1473s
  7997  7993   87.27030  599  302  705.81233    0.00000   100%  11.0 1484s
  7998  7994  242.63717  316  302  705.81233    0.00000   100%  11.0 1517s
  7999  7998    0.00000   16  261  705.81233    0.00000   100%  15.3 1537s
  8001  8001    0.00000   17  267  705.81233    0.00000   100%  15.3 1540s
  8013  8013    0.00000   19  380  705.81233    0.00000   100%  16.2 1550s
  8029  8024    0.00000   20  354  705.81233    0.00000   100%  16.4 1717s
  8037  8029  159.31590   20  322  705.81233    0.00000   100%  16.4 1720s
  8056  8043   94.78090   21  322  705.81233    0.00000   100%  16.5 1726s
  8065  8048    0.00000   22  326  705.81233    0.00000   100%  16.6 1786s
  8088  8069  180.17027   23  319  705.81233    0.00000   100%  16.6 1792s
  8102  8076  141.10050   24  320  705.81233    0.00000   100%  16.8 1795s
  8127  8097  104.99247   25  317  705.81233    0.00000   100%  16.8 1801s
  8143  8100  116.86530   26  315  705.81233    0.00000   100%  16.8 1899s
  8151  8117    0.00000   27  320  705.81233    0.00000   100%  16.8 1903s
  8171  8129    0.00000   28  321  705.81233    0.00000   100%  16.9 1907s
  8190  8149    0.00000   29  320  705.81233    0.00000   100%  17.1 1911s
  8216  8166    0.00000   30  326  705.81233    0.00000   100%  17.2 1915s
  8266  8200   72.51063   31  322  705.81233    0.00000   100%  17.4 1923s
  8292  8222   86.63223   32  324  705.81233    0.00000   100%  17.4 1927s
  8323  8251  115.45950   33  322  705.81233    0.00000   100%  17.4 1931s
  8362  8271   99.84700   34  316  705.81233    0.00000   100%  17.4 1936s
  8395  8288  160.41493   35  316  705.81233    0.00000   100%  17.4 1940s
  8423  8303  159.52367   36  322  705.81233    0.00000   100%  17.4 1945s
  8448  8320  161.38227   37  321  705.81233    0.00000   100%  17.4 1950s
  8496  8358    0.00000   40  320  705.81233    0.00000   100%  17.5 1960s
  8527  8380    0.00000   41  319  705.81233    0.00000   100%  17.5 1965s
  8559  8404    0.00000   42  323  705.81233    0.00000   100%  17.5 1970s
  8594  8431    0.00000   43  323  705.81233    0.00000   100%  17.6 1977s
  8633  8453   87.64557   44  318  705.81233    0.00000   100%  17.6 1982s
  8668  8483  159.63093   45  318  705.81233    0.00000   100%  17.7 1989s
  8709  8507   94.78090   47  325  705.81233    0.00000   100%  17.7 1996s
  8747  8537    0.00000   49  321  705.81233    0.00000   100%  17.8 2003s
  8790  8607  161.58737   51  313  705.81233    0.00000   100%  17.8 2010s
  8874  8683  111.62950   53  318  705.81233    0.00000   100%  17.8 2017s
  8978  8667    0.00000   56  317  705.81233    0.00000   100%  17.8 2026s
  8997  8756    0.00000   57  313  705.81233    0.00000   100%  17.8 2034s
  9092  8802    0.00000   59  313  705.81233    0.00000   100%  17.8 2042s
  9170  8839    0.00000   61  313  705.81233    0.00000   100%  17.9 2049s
  9233  8919    0.00000   63  311  705.81233    0.00000   100%  18.0 2058s
  9334  9001    0.00000   67  320  705.81233    0.00000   100%  18.0 2066s
  9449  9109  112.28857   70  315  705.81233    0.00000   100%  17.9 2075s
  9596  9186    0.00000   76  312  705.81233    0.00000   100%  17.9 2085s
  9722  9297    0.00000   79  327  705.81233    0.00000   100%  18.0 2094s
  9875  9409    0.00000   88  321  705.81233    0.00000   100%  18.0 2104s
 10038  9508    0.00000   91  316  705.81233    0.00000   100%  17.9 2114s
 10191  9638    0.00000   96  321  705.81233    0.00000   100%  17.9 2124s
 10372  9752    0.00000  101  314  705.81233    0.00000   100%  17.8 2135s
 10546  9876    0.00000  104  323  705.81233    0.00000   100%  17.8 2145s
 10728 10019    0.00000  107  317  705.81233    0.00000   100%  17.7 2156s
 10932 10176  160.41493  110  318  705.81233    0.00000   100%  17.7 2169s
 11157 10405    0.00000  117  321  705.81233    0.00000   100%  17.5 2182s
 11461 10579   30.79160  123  320  705.81233    0.00000   100%  17.3 2195s
 11736 10754  137.08883  128  322  705.81233    0.00000   100%  17.1 2208s
 12003 10936  179.59963  136  314  705.81233    0.00000   100%  17.0 2222s
 12274 11131    0.00000  145  320  705.81233    0.00000   100%  16.9 2237s
 12559 11334    0.00000  155  318  705.81233    0.00000   100%  16.7 2252s
 12857 11556    0.00000  163  318  705.81233    0.00000   100%  16.6 2267s
 13179 11748    0.00000  174  318  705.81233    0.00000   100%  16.5 2282s
 13478 12121    0.00000  191  316  705.81233    0.00000   100%  16.4 2299s
 13951 12097   95.55220  200  311  705.81233    0.00000   100%  16.0 2315s
 14084 12179    0.00000  205  309  705.81233    0.00000   100%  16.0 2359s
 14211 12710    0.00000  210  314  705.81233    0.00000   100%  16.0 2377s
 14784 12901    0.00000  218  311  705.81233    0.00000   100%  15.6 2395s
 15166 12853    0.00000  224  309  705.81233    0.00000   100%  15.5 2414s
 15245 13694    0.00000  228  307  705.81233    0.00000   100%  15.5 2718s
 16113 13803    0.00000  250  307  705.81233    0.00000   100%  15.2 2732s
 16511 14085    0.00000  255  304  705.81233    0.00000   100%  15.0 2745s
 16926 14149    0.00000  261  304  705.81233    0.00000   100%  14.8 2758s
 17128 14467    0.00000  273  310  705.81233    0.00000   100%  14.7 2772s
 17513 14777    0.00000  285  312  705.81233    0.00000   100%  14.6 2787s
 17952 14739  123.52400  294  304  705.81233    0.00000   100%  14.5 2799s
 18060 15088    0.00000  297  316  705.81233    0.00000   100%  14.4 2815s
 18445 15394    0.00000  314  321  705.81233    0.00000   100%  14.4 2832s
 18879 15808    0.00000  323  318  705.81233    0.00000   100%  14.3 2850s
 19438 16369  129.96943  329  315  705.81233    0.00000   100%  14.1 2869s
 20185 16797    0.00000  337  320  705.81233    0.00000   100%  13.9 2887s
 20862 17612    0.00000  343  321  705.81233    0.00000   100%  13.8 2907s
 21904 17526    0.00000  353  316  705.81233    0.00000   100%  13.4 2936s
 22165 18185    0.00000  356  319  705.81233    0.00000   100%  13.3 2956s
 22911 18088  103.45917  369  314  705.81233    0.00000   100%  13.1 2995s
 23063 19108    0.00000  379  321  705.81233    0.00000   100%  13.1 3015s
 24134 19757    0.00000  419  322  705.81233    0.00000   100%  12.8 3038s
 25140 20793    0.00000  451  321  705.81233    0.00000   100%  12.6 3062s
 26511 21615    0.00000  492  323  705.81233    0.00000   100%  12.2 3081s
 27790 21731    0.00000  500  319  705.81233    0.00000   100%  11.9 3119s
 28332 22493    0.00000  504  318  705.81233    0.00000   100%  11.7 3206s
 29275 22778  104.92347  517  311  705.81233    0.00000   100%  11.6 3271s
 29874 24264    0.00000  527  323  705.81233    0.00000   100%  11.5 4275s
 31560 23710   20.22473  555  323  705.81233    0.00000   100%  11.2 4417s
 31568 24450    0.00000  556  328  705.81233    0.00000   100%  11.2 4472s
 32311 25459    0.00000  569  328  705.81233    0.00000   100%  11.0 4499s
 33457 26067   78.67710  587  324  705.81233    0.00000   100%  10.9 4568s
 34065 27402    0.00000  604  327  705.81233    0.00000   100%  10.8 4591s
 35400 28048    0.00000  648  326  705.81233    0.00000   100%  10.6 4613s
 36046 28905    0.00000  675  325  705.81233    0.00000   100%  10.6 4634s
 36903 30035    0.00000  710  322  705.81233    0.00000   100%  10.5 4658s
 38033 30508    0.00000  748  321  705.81233    0.00000   100%  10.4 4726s
 38506 32016    0.00000  750  320  705.81233    0.00000   100%  10.3 4750s
 40014 32886    0.00000  787  323  705.81233    0.00000   100%  10.2 4770s
 40890 33615    0.00000  816  323  705.81233    0.00000   100%  10.1 4791s
 41631 34551    0.00000  847  323  705.81233    0.00000   100%  10.0 4812s
 42568 35983    0.00000  865  329  705.81233    0.00000   100%  10.0 4834s
 44000 37368  104.42473  902  319  705.81233    0.00000   100%   9.8 4857s
 45386 39097    0.00000  924  327  705.81233    0.00000   100%   9.7 5162s
 47121 40491    0.00000  989  328  705.81233    0.00000   100%   9.6 5179s
 48516 41430    0.00000 1017  329  705.81233    0.00000   100%   9.5 5191s
 49455 41505    0.00000 1033  330  705.81233    0.00000   100%   9.4 5269s
 49530 42696    0.00000 1042  330  705.81233    0.00000   100%   9.4 5283s
 50721 43495    0.00000 1062  326  705.81233    0.00000   100%   9.3 5295s
 51520 44142    0.00000 1067  323  705.81233    0.00000   100%   9.2 5307s
 52167 45111    0.00000 1080  323  705.81233    0.00000   100%   9.2 5321s
 53136 45929    0.00000 1106  323  705.81233    0.00000   100%   9.1 5335s
 53954 46713  135.59700 1134  326  705.81233    0.00000   100%   9.0 5349s
 54738 47433    0.00000 1157  325  705.81233    0.00000   100%   9.0 5362s
 55458 47894    0.00000 1178  324  705.81233    0.00000   100%   8.9 5374s
 55919 48606    0.00000 1193  326  705.81233    0.00000   100%   8.9 5387s
 56631 49510    0.00000 1222  325  705.81233    0.00000   100%   8.9 5401s
 57535 50238    0.00000 1235  325  705.81233    0.00000   100%   8.9 5413s
 58263 50827    0.00000 1245  320  705.81233    0.00000   100%   8.8 5426s
 58852 51331    0.00000 1250  321  705.81233    0.00000   100%   8.8 5439s
 59356 51652    0.00000 1273  321  705.81233    0.00000   100%   8.8 5503s
 59677 52243   98.76827 1284  321  705.81233    0.00000   100%   8.7 5517s
 60268 53764    0.00000 1301  324  705.81233    0.00000   100%   8.7 5856s
 61789 54782   87.63000 1336  316  705.81233    0.00000   100%   8.7 5876s
 62807 55661  129.96943 1345  324  705.81233    0.00000   100%   8.6 5894s
 63686 56575    0.00000 1353  331  705.81233    0.00000   100%   8.6 5911s
 64600 57498    0.00000 1368  329  705.81233    0.00000   100%   8.6 5929s
 65523 58228    0.00000 1375  328  705.81233    0.00000   100%   8.5 5946s
 66253 58497  129.96943 1382  332  705.81233    0.00000   100%   8.5 5994s
 66522 58888    0.00000 1383  328  705.81233    0.00000   100%   8.5 6064s
 66913 59635  129.96943 1389  329  705.81233    0.00000   100%   8.5 6080s
 67678 60369  129.96943 1397  331  705.81233    0.00000   100%   8.4 6097s
 68412 61045    0.00000 1405  328  705.81233    0.00000   100%   8.4 6114s
 69088 61957  129.96943 1411  325  705.81233    0.00000   100%   8.4 6134s
 70000 62931  116.27257 1417  330  705.81233    0.00000   100%   8.3 6153s
 70974 63804    0.00000 1423  327  705.81233    0.00000   100%   8.3 6172s
 71847 64270    0.00000 1428  327  705.81233    0.00000   100%   8.2 6224s
 72313 65209   87.63000 1428  334  705.81233    0.00000   100%   8.2 6242s
 73252 65577    0.00000 1435  328  705.81233    0.00000   100%   8.2 6357s
 73620 66776  116.27257 1435  330  705.81233    0.00000   100%   8.2 6374s
 74819 68311   87.79707 1441  344  705.81233    0.00000   100%   8.1 6673s
 76354 69278    0.00000 1452  329  705.81233    0.00000   100%   8.1 6688s
 77322 69295   87.63000 1456  326  705.81233    0.00000   100%   8.0 6746s
 77339 70269    0.00000 1457  329  705.81233    0.00000   100%   8.0 6758s
 78313 71162    0.00000 1462  329  705.81233    0.00000   100%   8.0 6770s
 79206 72439    0.00000 1466  329  705.81233    0.00000   100%   8.0 6783s
 80483 73248    0.00000 1474  325  705.81233    0.00000   100%   7.9 6795s
 81292 73911    0.00000 1480  328  705.81233    0.00000   100%   7.8 6807s
 81955 74872    0.00000 1485  329  705.81233    0.00000   100%   7.8 6818s
 82916 74880    0.00000 1490  328  705.81233    0.00000   100%   7.8 6875s
 82924 75450   60.25513 1490  321  705.81233    0.00000   100%   7.8 6886s
 83494 76014    0.00000 1502  332  705.81233    0.00000   100%   7.8 6897s
 84058 76733    0.00000 1513  334  705.81233    0.00000   100%   7.8 6909s
 84777 77321    0.00000 1529  333  705.81233    0.00000   100%   7.8 6921s
 85365 77924    0.00000 1542  337  705.81233    0.00000   100%   7.8 6933s
 85968 78377  159.37140 1565  337  705.81233    0.00000   100%   7.8 6945s
 86421 79239  159.37140 1585  336  705.81233    0.00000   100%   7.8 6958s
 87283 79390    0.00000 1601  338  705.81233    0.00000   100%   7.7 7073s
 87434 80165  112.18937 1601  335  705.81233    0.00000   100%   7.7 7087s
 88209 80174   78.09250 1618  330  705.81233    0.00000   100%   7.7 7146s
 88218 80823    0.00000 1619  333  705.81233    0.00000   100%   7.7 7159s
 88880 81424  104.09450 1648  329  705.81233    0.00000   100%   7.7 7173s

Cutting planes:
  Gomory: 79
  Implied bound: 362
  Projected implied bound: 772
  MIR: 55
  Flow cover: 703
  RLT: 3
  Relax-and-lift: 6161

Explored 89481 nodes (896329 simplex iterations) in 7204.49 seconds (8500.82 work units)
Thread count was 16 (of 16 available processors)

Solution count 10: 705.812 705.813 705.813 ... 719.028

Time limit reached
Best objective 7.058123325323e+02, best bound 1.455191522837e-11, gap 100.0000%

User-callback calls 831974, time in user-callback 3.98 sec
