
Gurobi 10.0.1 (win64) logging started Sun Sep 21 02:49:42 2025

Set parameter LogFile to value "log_group_6/bound_Expr148_s3_l1051_s11_e12_o10_d20_t7200_s8_1_0_0_0.log"
Gurobi Optimizer version 10.0.1 build v10.0.1rc0 (win64)

CPU model: Intel(R) Core(TM) i7-10700 CPU @ 2.90GHz, instruction set [SSE2|AVX|AVX2]
Thread count: 8 physical cores, 16 logical processors, using up to 16 threads

Optimize a model with 21634 rows, 21180 columns and 211174 nonzeros
Model fingerprint: 0xf42dfd9e
Variable types: 180 continuous, 21000 integer (21000 binary)
Coefficient statistics:
  Matrix range     [1e+00, 8e+02]
  Objective range  [1e+00, 1e+00]
  Bounds range     [1e+00, 1e+03]
  RHS range        [1e+00, 8e+02]
Presolve removed 19077 rows and 19067 columns
Presolve time: 0.18s
Presolved: 2557 rows, 2113 columns, 21847 nonzeros
Variable types: 160 continuous, 1953 integer (1950 binary)
Found heuristic solution: objective 771.3408667

Root relaxation: objective 0.000000e+00, 1718 iterations, 0.06 seconds (0.11 work units)

    Nodes    |    Current Node    |     Objective Bounds      |     Work
 Expl Unexpl |  Obj  Depth IntInf | Incumbent    BestBd   Gap | It/Node Time

     0     0    0.00000    0   24  771.34087    0.00000   100%     -    0s
H    0     0                     693.0251667    0.00000   100%     -    0s
H    0     0                     430.3349667    0.00000   100%     -    0s
     0     0    0.00000    0   70  430.33497    0.00000   100%     -    0s
H    0     0                     281.9750000    0.00000   100%     -    0s
     0     0    0.00000    0   42  281.97500    0.00000   100%     -    0s
H    0     0                     226.5591333    0.00000   100%     -    0s
H    0     0                     170.5762333    0.00000   100%     -    0s
     0     0    0.00000    0   31  170.57623    0.00000   100%     -    0s
H    0     0                     106.5368000    0.00000   100%     -    0s
     0     0    0.00000    0   54  106.53680    0.00000   100%     -    0s
     0     0    0.00000    0   66  106.53680    0.00000   100%     -    0s
     0     0    0.00000    0   53  106.53680    0.00000   100%     -    0s
     0     0    0.00000    0   53  106.53680    0.00000   100%     -    0s
     0     0    0.00000    0   36  106.53680    0.00000   100%     -    1s
     0     0    6.13897    0   24  106.53680    6.13897  94.2%     -    1s
     0     0    6.13897    0   61  106.53680    6.13897  94.2%     -    1s
     0     0    6.13897    0   61  106.53680    6.13897  94.2%     -    1s
     0     0    6.13897    0   51  106.53680    6.13897  94.2%     -    1s
     0     0    6.13897    0   36  106.53680    6.13897  94.2%     -    2s
     0     0    6.13897    0   64  106.53680    6.13897  94.2%     -    2s
     0     0    6.13897    0   56  106.53680    6.13897  94.2%     -    2s
     0     0    6.13897    0   18  106.53680    6.13897  94.2%     -    2s
H    0     0                     102.7813000    6.13897  94.0%     -    2s
     0     0    6.13897    0   53  102.78130    6.13897  94.0%     -    2s
     0     0    6.13897    0   57  102.78130    6.13897  94.0%     -    2s
     0     0   11.75753    0   71  102.78130   11.75753  88.6%     -    2s
     0     0   11.81586    0   71  102.78130   11.81586  88.5%     -    2s
     0     0   11.81586    0   73  102.78130   11.81586  88.5%     -    2s
     0     0   19.38109    0   72  102.78130   19.38109  81.1%     -    2s
     0     0   19.79303    0   71  102.78130   19.79303  80.7%     -    2s
     0     0   19.84247    0   71  102.78130   19.84247  80.7%     -    2s
     0     0   28.23720    0   77  102.78130   28.23720  72.5%     -    2s
H    0     0                      88.8652667   28.23720  68.2%     -    2s
     0     0   28.87966    0   80   88.86527   28.87966  67.5%     -    2s
     0     0   28.93549    0   80   88.86527   28.93549  67.4%     -    2s
     0     0   29.00049    0   79   88.86527   29.00049  67.4%     -    2s
     0     0   29.15357    0   74   88.86527   29.15357  67.2%     -    2s
     0     0   29.24523    0   74   88.86527   29.24523  67.1%     -    2s
     0     0   29.25239    0   74   88.86527   29.25239  67.1%     -    2s
H    0     0                      64.5398000   29.25239  54.7%     -    2s
     0     0   31.21002    0   74   64.53980   31.21002  51.6%     -    2s
     0     0   32.26204    0   25   64.53980   32.26204  50.0%     -    2s
     0     0   34.79992    0   21   64.53980   34.79992  46.1%     -    2s
     0     0   34.94286    0   22   64.53980   34.94286  45.9%     -    2s
H    0     0                      64.3624000   34.94286  45.7%     -    2s
     0     0   44.85855    0   25   64.36240   44.85855  30.3%     -    2s
     0     0   44.85855    0   20   64.36240   44.85855  30.3%     -    2s
     0     0   47.22433    0   21   64.36240   47.22433  26.6%     -    3s
     0     0   47.76173    0   20   64.36240   47.76173  25.8%     -    3s
     0     0   50.81376    0   15   64.36240   50.81376  21.1%     -    3s
     0     0   56.88245    0   13   64.36240   56.88245  11.6%     -    3s
H    0     0                      63.7746000   56.88245  10.8%     -    3s
     0     0   56.88245    0   11   63.77460   56.88245  10.8%     -    3s
     0     0   58.96550    0   15   63.77460   58.96550  7.54%     -    3s
     0     0   58.96550    0   13   63.77460   58.96550  7.54%     -    3s
     0     0   58.96550    0    7   63.77460   58.96550  7.54%     -    3s
     0     0   58.96550    0    8   63.77460   58.96550  7.54%     -    3s
     0     0   58.96550    0    8   63.77460   58.96550  7.54%     -    3s
     0     0   58.96550    0   11   63.77460   58.96550  7.54%     -    3s
     0     0   58.96550    0   11   63.77460   58.96550  7.54%     -    3s
     0     0   58.96550    0   11   63.77460   58.96550  7.54%     -    3s
     0     0   58.96550    0    7   63.77460   58.96550  7.54%     -    3s
H    0     0                      63.7156000   58.96550  7.46%     -    3s
H    0     0                      63.6999000   58.96550  7.43%     -    3s
     0     0   58.96550    0   11   63.69990   58.96550  7.43%     -    3s
     0     0   62.65280    0    6   63.69990   62.65280  1.64%     -    3s
H    0     0                      63.6528000   62.65280  1.57%     -    3s
     0     0   62.65698    0    4   63.65280   62.65698  1.56%     -    3s
     0     0   63.02997    0    6   63.65280   63.02997  0.98%     -    3s
     0     0   63.65280    0   11   63.65280   63.65280  0.00%     -    3s

Cutting planes:
  Gomory: 2
  Implied bound: 3
  MIR: 2
  RLT: 1
  Relax-and-lift: 3

Explored 1 nodes (18373 simplex iterations) in 3.08 seconds (4.08 work units)
Thread count was 16 (of 16 available processors)

Solution count 10: 63.6528 63.6999 63.7746 ... 281.975

Optimal solution found (tolerance 1.00e-04)
Best objective 6.365280000003e+01, best bound 6.365280000002e+01, gap 0.0000%

User-callback calls 1228, time in user-callback 0.00 sec
