
Gurobi 10.0.1 (win64) logging started Sun Sep 21 16:23:22 2025

Set parameter LogFile to value "log_group_6/bound_Expr366_s3_l1051_s11_e12_o10_d20_t60_s1_1_1_1_1.log"
Gurobi Optimizer version 10.0.1 build v10.0.1rc0 (win64)

CPU model: Intel(R) Core(TM) i7-10700 CPU @ 2.90GHz, instruction set [SSE2|AVX|AVX2]
Thread count: 8 physical cores, 16 logical processors, using up to 16 threads

Optimize a model with 32764 rows, 31680 columns and 417104 nonzeros
Model fingerprint: 0x60bcc8c6
Variable types: 180 continuous, 31500 integer (31500 binary)
Coefficient statistics:
  Matrix range     [1e+00, 8e+02]
  Objective range  [1e+00, 1e+00]
  Bounds range     [1e+00, 1e+03]
  RHS range        [1e+00, 8e+02]
Presolve removed 31558 rows and 30770 columns
Presolve time: 0.21s
Presolved: 1206 rows, 910 columns, 11913 nonzeros
Variable types: 108 continuous, 802 integer (801 binary)
Found heuristic solution: objective 192.8066333

Root relaxation: objective 4.399097e+01, 290 iterations, 0.01 seconds (0.01 work units)

    Nodes    |    Current Node    |     Objective Bounds      |     Work
 Expl Unexpl |  Obj  Depth IntInf | Incumbent    BestBd   Gap | It/Node Time

     0     0   43.99097    0   23  192.80663   43.99097  77.2%     -    0s
H    0     0                     113.9090667   43.99097  61.4%     -    0s
H    0     0                     102.8743333   43.99097  57.2%     -    0s
     0     0   43.99097    0   42  102.87433   43.99097  57.2%     -    0s
H    0     0                      93.3407667   43.99097  52.9%     -    0s
     0     0   45.10447    0   18   93.34077   45.10447  51.7%     -    0s
H    0     0                      77.5417667   45.10447  41.8%     -    0s
     0     0   45.10447    0   18   77.54177   45.10447  41.8%     -    0s
     0     0   45.10447    0   25   77.54177   45.10447  41.8%     -    0s
H    0     0                      61.4284333   45.10447  26.6%     -    0s
     0     0   45.10447    0   18   61.42843   45.10447  26.6%     -    0s
H    0     0                      60.6411000   45.10447  25.6%     -    0s
     0     0   45.10447    0   18   60.64110   45.10447  25.6%     -    0s
H    0     0                      60.0294667   45.10447  24.9%     -    0s
     0     0   45.10447    0   26   60.02947   45.10447  24.9%     -    0s
     0     0   45.10447    0   26   60.02947   45.10447  24.9%     -    0s
H    0     0                      59.8689333   45.10447  24.7%     -    0s
     0     0   45.10447    0   46   59.86893   45.10447  24.7%     -    0s
     0     0   45.10447    0   97   59.86893   45.10447  24.7%     -    0s
     0     0   45.10447    0   85   59.86893   45.10447  24.7%     -    0s
H    0     0                      59.5632667   45.10447  24.3%     -    0s
     0     0   45.10447    0   17   59.56327   45.10447  24.3%     -    1s
     0     0   45.10447    0   78   59.56327   45.10447  24.3%     -    1s
     0     0   45.10447    0   79   59.56327   45.10447  24.3%     -    1s
     0     0   45.10447    0   78   59.56327   45.10447  24.3%     -    1s
     0     0   45.10447    0   17   59.56327   45.10447  24.3%     -    1s
     0     0   45.10447    0   66   59.56327   45.10447  24.3%     -    1s
     0     0   45.75144    0   39   59.56327   45.75144  23.2%     -    1s
     0     0   46.56428    0   41   59.56327   46.56428  21.8%     -    1s
     0     0   48.70862    0   49   59.56327   48.70862  18.2%     -    1s
     0     0   48.70862    0   20   59.56327   48.70862  18.2%     -    1s
     0     0   48.70862    0   37   59.56327   48.70862  18.2%     -    1s
     0     0   48.70862    0   51   59.56327   48.70862  18.2%     -    1s
     0     0   48.70862    0   50   59.56327   48.70862  18.2%     -    1s
     0     0   48.70862    0   50   59.56327   48.70862  18.2%     -    1s
     0     0   51.11702    0   54   59.56327   51.11702  14.2%     -    1s
     0     0   51.31970    0   54   59.56327   51.31970  13.8%     -    1s
     0     0   57.34443    0   37   59.56327   57.34443  3.73%     -    1s
     0     0   57.97117    0   36   59.56327   57.97117  2.67%     -    1s
     0     0   57.99911    0   36   59.56327   57.99911  2.63%     -    1s
     0     0   57.99911    0   37   59.56327   57.99911  2.63%     -    1s
     0     0   58.02857    0   35   59.56327   58.02857  2.58%     -    1s
     0     0   58.02857    0   34   59.56327   58.02857  2.58%     -    1s
     0     0   58.03036    0   35   59.56327   58.03036  2.57%     -    1s
     0     0   58.04387    0   22   59.56327   58.04387  2.55%     -    1s
     0     0   58.04387    0   21   59.56327   58.04387  2.55%     -    1s
     0     0   58.04387    0   19   59.56327   58.04387  2.55%     -    1s
     0     0   58.04387    0   20   59.56327   58.04387  2.55%     -    1s
     0     0   58.04387    0   19   59.56327   58.04387  2.55%     -    1s
     0     0   58.04387    0   21   59.56327   58.04387  2.55%     -    1s
     0     0   58.04387    0   18   59.56327   58.04387  2.55%     -    1s
     0     0   58.04387    0   19   59.56327   58.04387  2.55%     -    1s
     0     0   58.04387    0   20   59.56327   58.04387  2.55%     -    1s
     0     0   58.04387    0   17   59.56327   58.04387  2.55%     -    1s
     0     0   58.04387    0   18   59.56327   58.04387  2.55%     -    1s
     0     0   58.04387    0   17   59.56327   58.04387  2.55%     -    1s
     0     0   58.04387    0   17   59.56327   58.04387  2.55%     -    1s
     0     2   58.04387    0   17   59.56327   58.04387  2.55%     -    1s
*   15     5               5      58.7043667   58.69027  0.02%  36.2    1s

Cutting planes:
  Implied bound: 19
  Clique: 1
  MIR: 14
  StrongCG: 2
  Zero half: 5
  Mod-K: 1
  RLT: 15
  Relax-and-lift: 22

Explored 46 nodes (14713 simplex iterations) in 1.89 seconds (2.68 work units)
Thread count was 16 (of 16 available processors)

Solution count 10: 58.7044 59.5633 59.8689 ... 113.909

Optimal solution found (tolerance 1.00e-04)
Best objective 5.870436666664e+01, best bound 5.870436666664e+01, gap 0.0000%

User-callback calls 1707, time in user-callback 0.00 sec
