
Gurobi 10.0.1 (win64) logging started Sun Sep 21 17:08:55 2025

Set parameter LogFile to value "log_group_6/bound_Expr347_s10_l1051_s11_e12_o80_d160_t60_s52_0_0_0_0.log"
Gurobi Optimizer version 10.0.1 build v10.0.1rc0 (win64)

CPU model: Intel(R) Core(TM) i7-10700 CPU @ 2.90GHz, instruction set [SSE2|AVX|AVX2]
Thread count: 8 physical cores, 16 logical processors, using up to 16 threads

Optimize a model with 3521810 rows, 3520740 columns and 28135400 nonzeros
Model fingerprint: 0x9fadd61e
Variable types: 740 continuous, 3520000 integer (3520000 binary)
Coefficient statistics:
  Matrix range     [1e+00, 9e+02]
  Objective range  [1e+00, 1e+00]
  Bounds range     [1e+00, 1e+03]
  RHS range        [1e+00, 9e+02]
Presolve removed 0 rows and 80 columns (presolve time = 5s) ...
Presolve removed 3476240 rows and 3476160 columns (presolve time = 10s) ...
Presolve removed 3476240 rows and 3475670 columns
Presolve time: 14.09s
Presolved: 45570 rows, 45070 columns, 266460 nonzeros
Variable types: 580 continuous, 44490 integer (44490 binary)
Found heuristic solution: objective 13849.014867
Found heuristic solution: objective 1990.1154000
Deterministic concurrent LP optimizer: primal and dual simplex
Showing first log only...


Root simplex log...

Iteration    Objective       Primal Inf.    Dual Inf.      Time
       0   -5.5094000e+04   1.518090e+04   4.788314e+08     17s
    4219    6.0106000e+04   0.000000e+00   1.000000e+03     18s
    4881    0.0000000e+00   0.000000e+00   0.000000e+00     18s
Concurrent spin time: 0.26s

Solved with primal simplex

Root relaxation: objective 0.000000e+00, 4881 iterations, 1.04 seconds (1.98 work units)
Total elapsed time = 20.08s

    Nodes    |    Current Node    |     Objective Bounds      |     Work
 Expl Unexpl |  Obj  Depth IntInf | Incumbent    BestBd   Gap | It/Node Time

     0     0    0.00000    0  251 1990.11540    0.00000   100%     -   20s
H    0     0                    1675.4553315    0.00000   100%     -   24s
     0     0    0.00000    0  287 1675.45533    0.00000   100%     -   26s
H    0     0                     691.5770333    0.00000   100%     -   34s
     0     0    0.00000    0  292  691.57703    0.00000   100%     -   34s
H    0     0                     597.0786321    0.00000   100%     -   53s
H    0     0                     579.2014000    0.00000   100%     -   55s
H    0     0                     572.6314000    0.00000   100%     -   55s
H    0     0                     553.3724667    0.00000   100%     -   55s
H    0     0                     549.1329974    0.00000   100%     -   55s
H    0     0                     549.1329972    0.00000   100%     -   55s
H    0     0                     546.5292310    0.00000   100%     -   55s
     0     0    0.00000    0  251  546.52923    0.00000   100%     -   59s
H    0     0                     544.8105643    0.00000   100%     -   60s

Cutting planes:
  Gomory: 15
  Implied bound: 124
  MIR: 70
  RLT: 4
  Relax-and-lift: 6

Explored 1 nodes (28802 simplex iterations) in 60.41 seconds (82.80 work units)
Thread count was 16 (of 16 available processors)

Solution count 10: 544.811 549.133 553.372 ... 13849

Time limit reached
Best objective 5.448105643064e+02, best bound 0.000000000000e+00, gap 100.0000%

User-callback calls 9231, time in user-callback 0.02 sec
