
Gurobi 10.0.1 (win64) logging started Sun Sep 21 16:56:55 2025

Set parameter LogFile to value "log_group_6/bound_Expr343_s8_l1051_s11_e12_o60_d120_t60_s48_0_0_0_0.log"
Gurobi Optimizer version 10.0.1 build v10.0.1rc0 (win64)

CPU model: Intel(R) Core(TM) i7-10700 CPU @ 2.90GHz, instruction set [SSE2|AVX|AVX2]
Thread count: 8 physical cores, 16 logical processors, using up to 16 threads

Optimize a model with 1441432 rows, 1440580 columns and 11519824 nonzeros
Model fingerprint: 0xc8ffd87d
Variable types: 580 continuous, 1440000 integer (1440000 binary)
Coefficient statistics:
  Matrix range     [1e+00, 8e+02]
  Objective range  [1e+00, 1e+00]
  Bounds range     [1e+00, 1e+03]
  RHS range        [1e+00, 8e+02]
Presolve removed 1412980 rows and 1412920 columns (presolve time = 5s) ...
Presolve removed 1412980 rows and 1412528 columns
Presolve time: 6.00s
Presolved: 28452 rows, 28052 columns, 165168 nonzeros
Variable types: 460 continuous, 27592 integer (27592 binary)
Found heuristic solution: objective 8298.0029333
Found heuristic solution: objective 1364.7854333
Deterministic concurrent LP optimizer: primal and dual simplex
Showing first log only...


Root simplex log...

Iteration    Objective       Primal Inf.    Dual Inf.      Time
       0   -4.1400000e+04   1.124068e+04   3.555521e+08      8s
    3298    4.5000000e+04   0.000000e+00   6.240000e+02      8s
    3607    0.0000000e+00   0.000000e+00   0.000000e+00      8s
Concurrent spin time: 0.07s

Solved with primal simplex

Root relaxation: objective 0.000000e+00, 3607 iterations, 0.44 seconds (0.68 work units)

    Nodes    |    Current Node    |     Objective Bounds      |     Work
 Expl Unexpl |  Obj  Depth IntInf | Incumbent    BestBd   Gap | It/Node Time

     0     0    0.00000    0  194 1364.78543    0.00000   100%     -    9s
H    0     0                    1252.8440333    0.00000   100%     -   10s
     0     0    0.00000    0  216 1252.84403    0.00000   100%     -   12s
H    0     0                     683.6286667    0.00000   100%     -   16s
     0     0    0.00000    0  215  683.62867    0.00000   100%     -   16s
H    0     0                     484.6077667    0.00000   100%     -   24s
H    0     0                     467.4267667    0.00000   100%     -   24s
H    0     0                     466.0228667    0.00000   100%     -   24s
     0     0    0.00000    0  178  466.02287    0.00000   100%     -   26s
H    0     0                     458.9648667    0.00000   100%     -   27s
H    0     0                     448.9851667    0.00000   100%     -   29s
H    0     0                     388.7834333    0.00000   100%     -   29s
     0     0    0.00000    0  176  388.78343    0.00000   100%     -   29s
H    0     0                     386.1038000    0.00000   100%     -   35s
H    0     0                     385.5683333    0.00000   100%     -   37s
     0     0    0.00000    0  185  385.56833    0.00000   100%     -   37s
     0     0    0.00000    0  177  385.56833    0.00000   100%     -   40s
H    0     0                     385.5683327    0.00000   100%     -   40s
H    0     0                     373.1622000    0.00000   100%     -   45s
     0     0    0.00000    0  180  373.16220    0.00000   100%     -   47s
     0     0    0.00000    0  196  373.16220    0.00000   100%     -   51s
H    0     0                     373.1622000    0.00000   100%     -   58s
     0     0    0.00000    0  194  373.16220    0.00000   100%     -   58s
     0     0    0.00000    0  194  373.16220    0.00000   100%     -   59s

Cutting planes:
  Gomory: 5
  Implied bound: 276
  MIR: 192
  RLT: 9
  Relax-and-lift: 117

Explored 1 nodes (56401 simplex iterations) in 60.13 seconds (67.14 work units)
Thread count was 16 (of 16 available processors)

Solution count 10: 373.162 373.162 385.568 ... 467.427

Time limit reached
Best objective 3.731621999625e+02, best bound 7.275957614183e-12, gap 100.0000%

User-callback calls 7535, time in user-callback 0.02 sec
