
Gurobi 11.0.0 (win64) logging started Sun Sep 21 03:23:57 2025

Set parameter LogFile to value "log_group_6/bound_Expr228_s5_l1051_s11_e12_o20_d42_t1200_s13_0_1_0_0.log"
Gurobi Optimizer version 11.0.0 build v11.0.0rc2 (win64 - Windows 11+.0 (22631.2))

CPU model: 13th Gen Intel(R) Core(TM) i7-13650HX, instruction set [SSE2|AVX|AVX2]
Thread count: 14 physical cores, 20 logical processors, using up to 20 threads

Optimize a model with 158825 rows, 155310 columns and 1543970 nonzeros
Model fingerprint: 0xd1e7d0ef
Variable types: 310 continuous, 155000 integer (155000 binary)
Coefficient statistics:
  Matrix range     [1e+00, 9e+02]
  Objective range  [1e+00, 1e+00]
  Bounds range     [1e+00, 1e+03]
  RHS range        [1e+00, 9e+02]
Presolve removed 0 rows and 20 columns (presolve time = 5s) ...
Presolve removed 151765 rows and 148790 columns
Presolve time: 6.80s
Presolved: 7060 rows, 6520 columns, 52135 nonzeros
Variable types: 270 continuous, 6250 integer (6250 binary)
Found heuristic solution: objective 623.2092000

Root simplex log...

Iteration    Objective       Primal Inf.    Dual Inf.      Time
       0    0.0000000e+00   6.400000e+02   0.000000e+00     16s
    1416    0.0000000e+00   0.000000e+00   0.000000e+00     16s

Root relaxation: objective 0.000000e+00, 1416 iterations, 0.40 seconds (0.08 work units)
Total elapsed time = 16.37s (DegenMoves)

    Nodes    |    Current Node    |     Objective Bounds      |     Work
 Expl Unexpl |  Obj  Depth IntInf | Incumbent    BestBd   Gap | It/Node Time

     0     0    0.00000    0   40  623.20920    0.00000   100%     -   16s
H    0     0                     445.4509000    0.00000   100%     -   17s
H    0     0                     405.1530000    0.00000   100%     -   17s
H    0     0                     315.0518333    0.00000   100%     -   17s
     0     0    0.00000    0   45  315.05183    0.00000   100%     -   17s
H    0     0                     219.2696667    0.00000   100%     -   22s
H    0     0                     187.9058667    0.00000   100%     -   24s
H    0     0                     131.6331000    0.00000   100%     -   24s
H    0     0                     121.8209000    0.00000   100%     -   24s
     0     0    0.00000    0   40  121.82090    0.00000   100%     -   27s
     0     0    0.00000    0   40  121.82090    0.00000   100%     -   27s
     0     0    0.00000    0   40  121.82090    0.00000   100%     -   27s
     0     0    0.00000    0   40  121.82090    0.00000   100%     -   27s
     0     0    0.00000    0   40  121.82090    0.00000   100%     -   27s
     0     0    0.00000    0   40  121.82090    0.00000   100%     -   27s
     0     0    0.00000    0   40  121.82090    0.00000   100%     -   27s
     0     0    0.00000    0   40  121.82090    0.00000   100%     -   27s
     0     0    0.00000    0   40  121.82090    0.00000   100%     -   27s
     0     0    0.00000    0   40  121.82090    0.00000   100%     -   28s
     0     0    0.00000    0   40  121.82090    0.00000   100%     -   28s
     0     0    0.00000    0   40  121.82090    0.00000   100%     -   28s
     0     0    0.00000    0   40  121.82090    0.00000   100%     -   28s
     0     0    0.00000    0   40  121.82090    0.00000   100%     -   28s
     0     0    0.00000    0   40  121.82090    0.00000   100%     -   28s
     0     0    0.00000    0   40  121.82090    0.00000   100%     -   28s
     0     0    0.00000    0   40  121.82090    0.00000   100%     -   28s
     0     0    0.00000    0   40  121.82090    0.00000   100%     -   28s
     0     0    0.00000    0   40  121.82090    0.00000   100%     -   30s
     0     0    0.00000    0   40  121.82090    0.00000   100%     -   31s
     0     0    0.00000    0   40  121.82090    0.00000   100%     -   31s
     0     0    0.00000    0   42  121.82090    0.00000   100%     -   31s
     0     0    0.00000    0   40  121.82090    0.00000   100%     -   31s
     0     0    0.00000    0   40  121.82090    0.00000   100%     -   31s
     0     0    0.00000    0   40  121.82090    0.00000   100%     -   31s
     0     0    0.00000    0   40  121.82090    0.00000   100%     -   31s
     0     0    0.00000    0   40  121.82090    0.00000   100%     -   31s
     0     0    0.00000    0   40  121.82090    0.00000   100%     -   31s
     0     0    0.00000    0   41  121.82090    0.00000   100%     -   31s
H    0     0                     121.8208994    0.00000   100%     -   31s
     0     0    0.00000    0   41  121.82090    0.00000   100%     -   33s
     0     0    0.00000    0   40  121.82090    0.00000   100%     -   33s
     0     0    0.00000    0   41  121.82090    0.00000   100%     -   33s
     0     0    0.00000    0   41  121.82090    0.00000   100%     -   33s
     0     0    0.00000    0   41  121.82090    0.00000   100%     -   33s
     0     0    0.00000    0   41  121.82090    0.00000   100%     -   33s
     0     0    0.00000    0   41  121.82090    0.00000   100%     -   33s
     0     0    0.00000    0   41  121.82090    0.00000   100%     -   33s
     0     0    0.00000    0   41  121.82090    0.00000   100%     -   33s
     0     0    0.00000    0   41  121.82090    0.00000   100%     -   33s
     0     0    0.00000    0   41  121.82090    0.00000   100%     -   33s
     0     0    0.00000    0   41  121.82090    0.00000   100%     -   34s
     0     0    0.00000    0   41  121.82090    0.00000   100%     -   34s
     0     0    0.00000    0   41  121.82090    0.00000   100%     -   34s
     0     0    0.00000    0   41  121.82090    0.00000   100%     -   34s
     0     0    0.00000    0   45  121.82090    0.00000   100%     -   34s
     0     0    0.00000    0   43  121.82090    0.00000   100%     -   34s
     0     0    0.00000    0   41  121.82090    0.00000   100%     -   34s
     0     0    0.00000    0   41  121.82090    0.00000   100%     -   34s
     0     0    0.00000    0   41  121.82090    0.00000   100%     -   35s
     0     0    0.00000    0   41  121.82090    0.00000   100%     -   35s
     0     0    0.00000    0   41  121.82090    0.00000   100%     -   35s
     0     0    0.00000    0   40  121.82090    0.00000   100%     -   37s
     0     0    0.00000    0   40  121.82090    0.00000   100%     -   38s
     0     0    0.00000    0   40  121.82090    0.00000   100%     -   38s
     0     0    0.00000    0   41  121.82090    0.00000   100%     -   38s
     0     0    0.00000    0   41  121.82090    0.00000   100%     -   38s
     0     0    0.00000    0   40  121.82090    0.00000   100%     -   38s
     0     0    0.00000    0   40  121.82090    0.00000   100%     -   38s
     0     0    0.00000    0   40  121.82090    0.00000   100%     -   38s
     0     0    0.00000    0   40  121.82090    0.00000   100%     -   38s
     0     0    0.00000    0   40  121.82090    0.00000   100%     -   38s
     0     0    0.00000    0   40  121.82090    0.00000   100%     -   38s
     0     0    0.00000    0   41  121.82090    0.00000   100%     -   39s
     0     0    0.00000    0   41  121.82090    0.00000   100%     -   39s
     0     0    0.00000    0   41  121.82090    0.00000   100%     -   39s
     0     0    0.00000    0   41  121.82090    0.00000   100%     -   39s
     0     0    0.00000    0   41  121.82090    0.00000   100%     -   39s
     0     0    0.00000    0   41  121.82090    0.00000   100%     -   39s
     0     0    0.00000    0   41  121.82090    0.00000   100%     -   39s
     0     0    0.00000    0   60  121.82090    0.00000   100%     -   43s
     0     0    0.00000    0   42  121.82090    0.00000   100%     -   53s
H    0     0                     121.8208993    0.00000   100%     -   55s
     0     0    0.00000    0   60  121.82090    0.00000   100%     -   57s
     0     0    0.00000    0   54  121.82090    0.00000   100%     -   58s
     0     0    0.00000    0   40  121.82090    0.00000   100%     -   63s
     0     0    0.00000    0   41  121.82090    0.00000   100%     -   64s
H    0     0                     121.8207191    0.00000   100%     -   65s
     0     0    0.00000    0   40  121.82072    0.00000   100%     -   66s
     0     0    0.00000    0   40  121.82072    0.00000   100%     -   68s
     0     0    0.00000    0   40  121.82072    0.00000   100%     -   70s
     0     0    0.00000    0   40  121.82072    0.00000   100%     -   71s
     0     2    0.00000    0   40  121.82072    0.00000   100%     -   72s
    36    21    0.00000    6   40  121.82072    0.00000   100%  91.6   77s
   104    37    0.00000   11   40  121.82072    0.00000   100%  52.6   80s
   121    40    0.00000   12   40  121.82072    0.00000   100%  48.2   85s
   509   227    0.00000   40   40  121.82072    0.00000   100%  20.3   90s
  1416   921    0.00000   95   40  121.82072    0.00000   100%   9.1   95s
  2176  1471    6.36603  155   40  121.82072    0.00000   100%   8.4  100s
  3427  2786   10.19560  225   36  121.82072    0.00000   100%   6.8  105s
  4698  3687   31.00850  289   41  121.82072    0.00000   100%   7.5  110s
  6173  4711  112.04820  279 1396  121.82072    0.00000   100%   7.1  140s
  6179  4715   71.88792  350   74  121.82072   28.67147  76.5%   7.1  146s
  6183  4718   78.46233  224   86  121.82072   44.85432  63.2%   7.1  150s
  6192  4724   84.37960  181   80  121.82072   48.31076  60.3%   7.1  155s
  6195  4726  113.59480   68   76  121.82072   48.58169  60.1%   7.1  161s
  6198  4728   76.94557  287   68  121.82072   48.83064  59.9%   7.1  165s
  6200  4729   49.42113  268   78  121.82072   49.42113  59.4%   7.0  170s
  6205  4732   51.21835  214   74  121.82072   51.21835  58.0%   7.0  176s
  6208  4734  103.40738   77   88  121.82072   51.21835  58.0%   7.0  180s
  6213  4738   51.21835  155   90  121.82072   51.21835  58.0%   7.0  187s
  6217  4740   51.21835  259   93  121.82072   51.21835  58.0%   7.0  191s
  6219  4742   83.08424  344   82  121.82072   51.21835  58.0%   7.0  195s
  6223  4746   74.63277  202 1167  121.82072   51.21835  58.0%   7.8  203s
  6225  4747   51.95330   45   52  121.82072   51.95330  57.4%   7.8  206s
  6231  4751   70.93033  147   71  121.82072   51.95330  57.4%   7.7  210s
  6262  4770   52.37305   31   53  121.82072   52.37305  57.0%  10.9  215s
H 6304  4535                     121.8116429   52.37305  57.0%  10.9  225s
H 6314  4306                     121.8116422   52.37305  57.0%  10.9  225s
  6482  4348  107.61547   40   54  121.81164   52.39264  57.0%  10.7  230s
  7242  4671   52.39264   67   61  121.81164   52.39264  57.0%  10.1  235s
  7701  4874   52.39264   80   60  121.81164   52.39264  57.0%   9.9  240s
  8332  5276   59.29568  100   58  121.81164   52.39264  57.0%   9.5  245s
  9271  5783   52.39941  123   60  121.81164   52.39941  57.0%   8.9  250s
 10491  6482   57.07598  161   54  121.81164   53.30762  56.2%   8.6  255s
 11632  6916   71.17850  203   59  121.81164   53.30762  56.2%   8.2  260s
 12246  7194   77.32186  219   50  121.81164   53.30762  56.2%   8.0  265s
 13976  8098   71.24506  256   50  121.81164   53.30762  56.2%   7.6  271s
 15011  8688   83.49825  280   48  121.81164   53.30762  56.2%   7.3  275s
 16923  9407   98.91358  340   41  121.81164   53.30762  56.2%   6.9  280s
 18936 10411  112.12903  399   31  121.81164   53.30762  56.2%   6.5  285s
 19806 10358   67.62532  132 1107  121.81164   53.30762  56.2%   6.4  307s
 19808 10359  120.05874   59   48  121.81164   53.30762  56.2%   6.4  311s
 19812 10362  116.54682  334   66  121.81164   55.85351  54.1%   6.4  315s
 19818 10366  112.12903  362   82  121.81164   58.43317  52.0%   6.4  320s
 19827 10372  102.72455  594   77  121.81164   60.51703  50.3%   6.4  325s
 19834 10377   85.40871  178   85  121.81164   60.71183  50.2%   6.4  331s
 19839 10380   81.81587  201   76  121.81164   60.71338  50.2%   6.4  351s
 19866 10391   61.99659   45   74  121.81164   61.99659  49.1%   6.6  356s
 19950 10400   67.45818   48   70  121.81164   63.85348  47.6%   6.6  367s
 20096 10368   64.94489   53   64  121.81164   64.94489  46.7%   6.6  370s
 20974 10587     cutoff   94       121.81164   67.45818  44.6%   6.4  375s
 21306 10728   68.09123  109   52  121.81164   67.45818  44.6%   6.4  382s
 21540 10915   74.18090  115   45  121.81164   67.45818  44.6%   6.4  385s
 22601 11477   68.11285  145   50  121.81164   67.45818  44.6%   6.3  390s
 23779 12141   78.00932  179   43  121.81164   67.45818  44.6%   6.3  395s
 25338 12796   81.64964  226   47  121.81164   67.45818  44.6%   6.2  401s
 26449 13176     cutoff  258       121.81164   67.45818  44.6%   6.1  405s
 28062 13811   75.68941  131   45  121.81164   67.45827  44.6%   6.1  411s
 29737 14733   93.85770  284   41  121.81164   67.45827  44.6%   6.1  415s
*30337 14013             643     121.8116391   67.45827  44.6%   6.0  415s
 31923 15232  100.19764  369   34  121.81164   67.45827  44.6%   5.9  420s
 34287 16589   75.30269   57   45  121.81164   67.53424  44.6%   5.8  425s
 38736 18789  117.33222  454   29  121.81164   67.53424  44.6%   5.6  430s
 39647 18487   93.72484  205  858  121.81164   67.53424  44.6%   5.6  443s
 39649 18488  115.67903  380   44  121.81164   67.53424  44.6%   5.6  445s
 39664 18498   75.30143   54   84  121.81164   67.53424  44.6%   5.6  450s
 39676 18508   68.36774   52   84  121.81164   68.36774  43.9%   5.6  455s
 39817 18505   74.98725   61   63  121.81164   68.60656  43.7%   5.6  461s
 40667 18619     cutoff  108       121.81164   69.31834  43.1%   5.6  465s
 41000 18759   75.43387  124   56  121.81164   69.31834  43.1%   5.6  470s
 41911 19136   80.94638  158   55  121.81164   69.31834  43.1%   5.6  475s
 43059 19724  105.11678  199   43  121.81164   69.31834  43.1%   5.5  480s
 48283 22547  112.94331  341   42  121.81164   69.31834  43.1%   5.5  485s
 55601 25467   98.68731  278   41  121.81164   69.47209  43.0%   5.5  490s
 60933 27620  121.27339  562    7  121.81164   69.47209  43.0%   5.3  495s
 65252 30152   86.04176  125   39  121.81164   69.83149  42.7%   5.1  500s
 69327 32316   91.44939  130   46  121.81164   70.35885  42.2%   5.0  505s
 75660 35588  119.62668  409   27  121.81164   72.03581  40.9%   4.9  510s
 78604 37158   88.60413   64   46  121.81164   72.31643  40.6%   4.8  575s
 82729 38805   72.71212   68   55  121.81164   72.69927  40.3%   4.8  580s
 86453 39752  114.34937  309   23  121.81164   72.69927  40.3%   4.7  585s
 89019 41660   90.13712  140   38  121.81164   72.74632  40.3%   4.7  590s
 93244 43821     cutoff  228       121.81164   72.78577  40.2%   4.6  595s
 99140 48435  106.32872  173   33  121.81164   72.89731  40.2%   4.5  604s
 101843 49157  119.44125  372   18  121.81164   72.90007  40.2%   4.4  606s
 104732 51822   91.24651  151   29  121.81164   72.90007  40.2%   4.4  610s
 109642 55574   85.24876  101   42  121.81164   73.83710  39.4%   4.4  615s
 113855 57859  106.76564  192   16  121.81164   73.99083  39.3%   4.4  620s
 118984 62491   87.91751   96   45  121.81164   74.32273  39.0%   4.4  637s
 122571 63449   80.57222   79   49  121.81164   74.38993  38.9%   4.3  641s
 123881 65805  105.80649  128   37  121.81164   74.38993  38.9%   4.3  646s
 127817 68777   84.50509  101   50  121.81164   74.38993  38.9%   4.3  650s
 130967 71677  102.35381  225   43  121.81164   74.38993  38.9%   4.2  656s
 135226 74008  106.13335  183   27  121.81164   74.70722  38.7%   4.2  661s
 137404 76973 infeasible  323       121.81164   74.82453  38.6%   4.2  665s
 139205 78248  120.49395  280   15  121.81164   74.82453  38.6%   4.2  677s
 141002 79167 infeasible  213       121.81164   74.84038  38.6%   4.2  680s
 143206 81218  119.21256  105   63  121.81164   74.86396  38.5%   4.2  685s
 145556 82814  120.49395  282    8  121.81164   74.98725  38.4%   4.2  690s
 149424 86407  120.96247  160   38  121.81164   75.01390  38.4%   4.1  695s
 154015 89406  104.43544  127   43  121.81164   75.05323  38.4%   4.1  701s
 156596 92315  118.06873  203   32  121.81164   75.06099  38.4%   4.1  705s
 158348 93363  102.47288  219   41  121.81164   75.07116  38.4%   4.1  710s
 159597 95050     cutoff  324       121.81164   75.07740  38.4%   4.1  717s
 161647 95411  108.43653  236   27  121.81164   75.07740  38.4%   4.1  722s
 164210 98367  105.94041  158   36  121.81164   75.21604  38.3%   4.1  726s
 167678 101564 infeasible  128       121.81164   75.41380  38.1%   4.1  730s
 172808 104687   84.38637  131   53  121.81164   75.44696  38.1%   4.0  737s
 173344 106275   91.26314  153   51  121.81164   75.44696  38.1%   4.0  740s
 176974 108579  102.40600  269   31  121.81164   75.44696  38.1%   4.0  745s
 180745 111960  121.34769  155   38  121.81164   75.57467  38.0%   4.0  750s
 191980 120992  107.92579  177   38  121.81164   75.60069  37.9%   3.9  755s
 198515 126623  115.70724  378   27  121.81164   75.80210  37.8%   3.9  760s
 210023 135207   84.73934  125   49  121.81164   75.96010  37.6%   3.9  765s
 217341 140647   88.83144  119   44  121.81164   76.11757  37.5%   3.9  770s
 223749 144329  120.43588  273   16  121.81164   76.22139  37.4%   3.9  775s
 235923 153582  120.29488  280   18  121.81164   76.63079  37.1%   3.9  780s
 243433 159371  109.14195  135   40  121.81164   76.97256  36.8%   3.9  785s
 254939 169321  108.43655  215   26  121.81164   77.65233  36.3%   3.9  790s
 261457 173963   85.46093  147   54  121.81164   77.76106  36.2%   3.8  795s
 270736 181712     cutoff   76       121.81164   77.90108  36.0%   3.8  800s
 278305 187413   98.31156  156   40  121.81164   77.94787  36.0%   3.8  806s
 286827 193782  107.45500  173   33  121.81164   78.11873  35.9%   3.8  810s
 291677 198022  115.45867  333   24  121.81164   78.11873  35.9%   3.8  815s
 294392 200205     cutoff   94       121.81164   78.19246  35.8%   3.8  820s
 297574 203234  106.96171  203   20  121.81164   78.25814  35.8%   3.8  830s
 304356 208764   96.91294  187   43  121.81164   78.31783  35.7%   3.8  835s
 307387 210573  120.97837  388   26  121.81164   78.33104  35.7%   3.8  840s
 312177 214718   84.57034   85   55  121.81164   78.37847  35.7%   3.8  846s
 316628 217751   80.83979  103   51  121.81164   78.44188  35.6%   3.8  850s
 318817 220278   89.05621   62   49  121.81164   78.44188  35.6%   3.8  856s
 321413 222122   91.34981  133   55  121.81164   78.44188  35.6%   3.8  860s
 323086 223764   84.91682   66   40  121.81164   78.44188  35.6%   3.8  865s
 328180 228289  116.51003  214   30  121.81164   78.44188  35.6%   3.8  872s
 332090 231650  113.88875  285   44  121.81164   78.44188  35.6%   3.8  876s
 334765 233748  107.53091  134   35  121.81164   78.44188  35.6%   3.8  880s
 336313 233749  120.43588  225  798  121.81164   78.44188  35.6%   3.8  888s
 336315 233750  107.63192  225   47  121.81164   78.44188  35.6%   3.8  890s
 336329 233760  109.10793  192   66  121.81164   78.44188  35.6%   3.8  895s
 336338 233766  112.33621  238  104  121.81164   78.44188  35.6%   3.8  900s
 336350 233774  115.41548  236   84  121.81164   78.44188  35.6%   3.8  905s
 336359 233780   91.52662  162  126  121.81164   78.44188  35.6%   3.8  910s
 336370 233787  121.56461  275  147  121.81164   78.44188  35.6%   3.8  915s
 336378 233792  121.44792  199  139  121.81164   78.44188  35.6%   3.8  920s
 336416 233785   78.44188   78  133  121.81164   78.44188  35.6%   3.8  925s
 336637 233881   78.44188  105  120  121.81164   78.44188  35.6%   3.8  930s
 337677 234547   78.44188  150   70  121.81164   78.44188  35.6%   3.8  935s
 338294 234894   86.26959  188   51  121.81164   78.44188  35.6%   3.8  941s
 338852 235206   94.91262  209   47  121.81164   78.44188  35.6%   3.8  945s
 340093 235522   82.04991  143   88  121.81164   78.44188  35.6%   3.8  950s
 341635 236227   95.42785  281   39  121.81164   78.44188  35.6%   3.8  955s
 342998 237069  109.85103  359   36  121.81164   78.44188  35.6%   3.8  960s
 346354 238153  112.87817  209   27  121.81164   78.44188  35.6%   3.8  965s
 349858 239748  115.61247  157   25  121.81164   78.44188  35.6%   3.8  970s
 353681 240642  108.40559  148   41  121.81164   78.44188  35.6%   3.8  975s
 355205 242333  119.99009  222   22  121.81164   79.04652  35.1%   3.8  980s
 356574 241878   93.70225  126  725  121.81164   79.04652  35.1%   3.8  986s
 356590 241889  113.40465  116  103  121.81164   79.04652  35.1%   3.8  990s
 356605 241899  117.28614  340  138  121.81164   79.04652  35.1%   3.8  997s
 356606 241899   88.62394  189  197  121.81164   79.04652  35.1%   3.8 1000s
 356611 241903  107.59616  269  184  121.81164   79.04652  35.1%   3.8 1006s
 356615 241905  102.75896  181  172  121.81164   79.04652  35.1%   3.8 1010s
 356626 241913  106.95680  170  178  121.81164   79.04652  35.1%   3.8 1015s
 356634 241918  110.96124  153  177  121.81164   79.04652  35.1%   3.8 1020s
 356645 241925  119.40030  422  188  121.81164   79.04652  35.1%   3.8 1025s
 356657 241933  120.87511  194  174  121.81164   79.04652  35.1%   3.8 1030s
 356671 241943   98.06069  133  176  121.81164   79.04652  35.1%   3.8 1035s
 356709 241978   79.46266   83  162  121.81164   79.46266  34.8%   3.8 1041s
 357043 242210   81.04875   93  149  121.81164   81.04875  33.5%   3.8 1045s
 357132 242254   87.33385   95  140  121.81164   81.18351  33.4%   3.8 1050s
 357835 242742   86.22059  123   56  121.81164   82.39920  32.4%   3.9 1055s
 358732 243223  102.65499  169   36  121.81164   82.39920  32.4%   3.9 1060s
 360275 244041  112.03721  227   32  121.81164   82.39920  32.4%   3.9 1065s
 361279 244599  112.40518  255   42  121.81164   82.39920  32.4%   3.9 1070s
 364228 246121  114.76395  191   29  121.81164   82.40258  32.4%   3.9 1075s
*366448 234515             292     121.8116372   82.46976  32.3%   3.9 1077s
 369570 236515  115.99550  355   23  121.81164   82.46976  32.3%   3.9 1080s
 377059 238695  115.97381  370  636  121.81164   83.93355  31.1%   3.9 1088s
 377068 238701  110.31775  185   85  121.81164   83.93355  31.1%   3.9 1090s
 377086 238713  120.66608  323  117  121.81164   83.93355  31.1%   3.9 1095s
 377111 238730   97.73529  109  127  121.81164   84.32680  30.8%   3.9 1100s
 377135 238746  115.57840  253  125  121.81164   84.45227  30.7%   3.9 1105s
 377161 238763  112.03721  230  115  121.81164   84.45227  30.7%   3.9 1110s
 378084 239257   97.55034  113   61  121.81164   90.25781  25.9%   3.9 1115s
 382958 241197  116.36222  310   25  121.81164   90.25781  25.9%   3.9 1120s
 390194 245367  114.36065  174   28  121.81164   90.68942  25.5%   3.9 1125s
 397836 247813  115.02383  125   22  121.81164   93.31434  23.4%   3.9 1130s
 408396 254208  114.82665  222   30  121.81164   96.33102  20.9%   3.9 1135s
 417091 258020  114.91805  131   31  121.81164   96.60349  20.7%   3.9 1140s
 423002 261071  110.48637  151   38  121.81164   96.72344  20.6%   3.8 1145s
 432366 266245  112.53494  117   31  121.81164   96.98756  20.4%   3.8 1150s
 437203 273386  114.90228  259   26  121.81164   96.98997  20.4%   3.8 1155s
 450717 273525  115.80068  154   39  121.81164   97.28520  20.1%   3.8 1160s
 456069 277281  117.06669  122   28  121.81164   97.45070  20.0%   3.8 1166s
 464054 280268     cutoff  305       121.81164   97.47484  20.0%   3.8 1171s
 472297 283313  113.59671  124   36  121.81164   97.68273  19.8%   3.8 1175s
 478455 285688  121.48847  216   33  121.81164   97.72995  19.8%   3.8 1180s
 486821 288189  115.19556  195   33  121.81164   97.81951  19.7%   3.8 1187s
 491182 291858  104.99729  127   41  121.81164   97.88807  19.6%   3.8 1190s
 499123 294637  101.35578  149   51  121.81164   98.07232  19.5%   3.8 1195s
 510830 298797  112.57253  154   34  121.81164   98.23902  19.4%   3.8 1200s

Cutting planes:
  Gomory: 8
  Implied bound: 7
  Projected implied bound: 4
  Clique: 1
  MIR: 21
  Flow cover: 28
  Zero half: 1
  RLT: 1
  Relax-and-lift: 61

Explored 511410 nodes (1933840 simplex iterations) in 1200.44 seconds (207.09 work units)
Thread count was 20 (of 20 available processors)

Solution count 10: 121.812 121.812 121.812 ... 187.906

Time limit reached
Warning: max constraint violation (3.7602e-06) exceeds tolerance
Best objective 1.218116371671e+02, best bound 9.823901767958e+01, gap 19.3517%

User-callback calls 1080425, time in user-callback 9.48 sec
