
Gurobi 10.0.1 (win64) logging started Sun Sep 21 16:15:23 2025

Set parameter LogFile to value "log_group_6/bound_Expr414_s8_l1051_s11_e12_o60_d120_t60_s49_1_1_1_1.log"
Gurobi Optimizer version 10.0.1 build v10.0.1rc0 (win64)

CPU model: Intel(R) Core(TM) i7-10700 CPU @ 2.90GHz, instruction set [SSE2|AVX|AVX2]
Thread count: 8 physical cores, 16 logical processors, using up to 16 threads

Optimize a model with 1152330 rows, 1128580 columns and 15168004 nonzeros
Model fingerprint: 0x50d389f9
Variable types: 580 continuous, 1128000 integer (1128000 binary)
Coefficient statistics:
  Matrix range     [1e+00, 9e+02]
  Objective range  [1e+00, 1e+00]
  Bounds range     [1e+00, 1e+03]
  RHS range        [1e+00, 9e+02]
Presolve removed 1137286 rows and 1114720 columns (presolve time = 5s) ...
Presolve removed 1137791 rows and 1114728 columns
Presolve time: 7.72s
Presolved: 14539 rows, 13852 columns, 101833 nonzeros
Variable types: 404 continuous, 13448 integer (13443 binary)
Deterministic concurrent LP optimizer: primal and dual simplex
Showing first log only...


Root simplex log...

Iteration    Objective       Primal Inf.    Dual Inf.      Time
       0   -3.7123533e+04   1.058641e+04   3.442522e+08     10s
    3510   -3.7123533e+04   1.600006e+01   3.038339e+08     10s
    7440    4.0636467e+04   0.000000e+00   4.560000e+02     10s
    7495    2.4775757e+02   0.000000e+00   0.000000e+00     10s
Concurrent spin time: 0.06s

Solved with primal simplex

Root relaxation: objective 2.477576e+02, 7495 iterations, 0.49 seconds (0.86 work units)

    Nodes    |    Current Node    |     Objective Bounds      |     Work
 Expl Unexpl |  Obj  Depth IntInf | Incumbent    BestBd   Gap | It/Node Time

     0     0  247.75757    0  337          -  247.75757      -     -   11s
     0     0  247.75757    0  338          -  247.75757      -     -   12s
H    0     0                    3420.7541333  247.75757  92.8%     -   16s
H    0     0                    3324.6276000  247.75757  92.5%     -   16s
H    0     0                    2779.8713000  247.75757  91.1%     -   16s
H    0     0                    1859.6187667  247.75757  86.7%     -   16s
     0     0  247.75757    0  199 1859.61877  247.75757  86.7%     -   16s
H    0     0                    1828.1390667  247.75757  86.4%     -   16s
H    0     0                    1605.4787667  247.75757  84.6%     -   17s
     0     0  247.75757    0  224 1605.47877  247.75757  84.6%     -   17s
H    0     0                    1580.8987667  247.75757  84.3%     -   25s
H    0     0                    1561.6816000  247.75757  84.1%     -   25s
H    0     0                    1425.9320333  247.75757  82.6%     -   25s
H    0     0                    1420.3184333  247.75757  82.6%     -   25s
     0     0  247.75757    0  221 1420.31843  247.75757  82.6%     -   25s
H    0     0                    1245.0624333  247.75757  80.1%     -   28s
     0     0  247.75757    0  284 1245.06243  247.75757  80.1%     -   28s
H    0     0                    1190.9489667  247.75757  79.2%     -   34s
     0     0  247.75757    0  211 1190.94897  247.75757  79.2%     -   34s
H    0     0                    1101.9850721  247.75757  77.5%     -   35s
     0     0  247.75757    0  230 1101.98507  247.75757  77.5%     -   35s
     0     0  247.75757    0  312 1101.98507  247.75757  77.5%     -   38s
     0     0  247.75757    0  210 1101.98507  247.75757  77.5%     -   39s
H    0     0                    1055.2648618  247.75757  76.5%     -   40s
     0     2  247.75757    0  210 1055.26486  247.75757  76.5%     -   45s
     7    16  247.75757    3  469 1055.26486  247.75757  76.5%  1497   50s
H   31    40                    1023.0400996  247.75757  75.8%  1879   56s
H   32    40                     929.2674333  247.75757  73.3%  1829   56s
H   37    40                     885.9932333  247.75757  72.0%  1658   56s
    72    81  247.75757   11  263  885.99323  247.75757  72.0%   956   60s
H   73    81                     849.0805000  247.75757  70.8%   943   60s

Cutting planes:
  Implied bound: 408
  MIR: 107
  Flow cover: 1
  Zero half: 3
  RLT: 32
  Relax-and-lift: 47

Explored 80 nodes (154621 simplex iterations) in 60.21 seconds (123.49 work units)
Thread count was 16 (of 16 available processors)

Solution count 10: 849.08 885.993 929.267 ... 1425.93

Time limit reached
Best objective 8.490804999995e+02, best bound 2.477575666666e+02, gap 70.8205%

User-callback calls 13046, time in user-callback 0.03 sec
