
Gurobi 12.0.1 (win64) logging started Sun Sep 21 06:17:07 2025

Set parameter LogFile to value "log_group_6/bound_Expr110_s7_l1051_s11_e12_o40_d80_t7200_s40_1_1_1_1.log"
Gurobi Optimizer version 12.0.1 build v12.0.1rc0 (win64 - Windows Server 2022.0 (20348.2))

CPU model: Intel(R) Xeon(R) Gold 6336Y CPU @ 2.40GHz, instruction set [SSE2|AVX|AVX2|AVX512]
Thread count: 48 physical cores, 96 logical processors, using up to 32 threads

Non-default parameters:
TimeLimit  7200

Optimize a model with 787022 rows, 770470 columns and 10922186 nonzeros
Model fingerprint: 0x14752d1d
Variable types: 470 continuous, 770000 integer (770000 binary)
Coefficient statistics:
  Matrix range     [1e+00, 9e+02]
  Objective range  [1e+00, 1e+00]
  Bounds range     [1e+00, 1e+03]
  RHS range        [1e+00, 9e+02]
Presolve removed 767987 rows and 752890 columns
Presolve time: 3.62s
Presolved: 19035 rows, 17580 columns, 213827 nonzeros
Variable types: 430 continuous, 17150 integer (17150 binary)
Performing another presolve...
Presolve removed 15317 rows and 14454 columns
Presolve time: 3.88s
Found heuristic solution: objective 1664.0806000

Root simplex log...

Iteration    Objective       Primal Inf.    Dual Inf.      Time
       0    1.8852533e+02   8.320000e+02   0.000000e+00     10s
    2644    1.8852533e+02   0.000000e+00   0.000000e+00     10s

Root relaxation: objective 1.885253e+02, 2644 iterations, 0.20 seconds (0.22 work units)
Total elapsed time = 9.71s (DegenMoves)

    Nodes    |    Current Node    |     Objective Bounds      |     Work
 Expl Unexpl |  Obj  Depth IntInf | Incumbent    BestBd   Gap | It/Node Time

     0     0  188.52533    0   57 1664.08060  188.52533  88.7%     -   10s
H    0     0                    1455.5206667  188.52533  87.0%     -   10s
H    0     0                    1376.7715000  188.52533  86.3%     -   10s
H    0     0                    1315.2557000  188.52533  85.7%     -   10s
     0     0  188.52533    0  166 1315.25570  188.52533  85.7%     -   10s
H    0     0                    1211.7787000  188.52533  84.4%     -   10s
H    0     0                    1090.9281000  188.52533  82.7%     -   11s
H    0     0                    1082.0997000  188.52533  82.6%     -   11s
H    0     0                    1039.9833667  188.52533  81.9%     -   11s
H    0     0                    1035.2869667  188.52533  81.8%     -   11s
H    0     0                     997.4215667  188.52533  81.1%     -   11s
H    0     0                     996.4215667  188.52533  81.1%     -   11s
H    0     0                     948.1949667  188.52533  80.1%     -   11s
     0     0  188.52533    0   55  948.19497  188.52533  80.1%     -   11s
H    0     0                     752.8300667  188.52533  75.0%     -   11s
H    0     0                     752.7114667  188.52533  75.0%     -   11s
H    0     0                     747.5614667  188.52533  74.8%     -   12s
H    0     0                     746.5206667  188.52533  74.7%     -   12s
H    0     0                     732.5468667  188.52533  74.3%     -   12s
H    0     0                     725.1057667  188.52533  74.0%     -   12s
     0     0  188.52533    0   55  725.10577  188.52533  74.0%     -   12s
H    0     0                     713.0857000  188.52533  73.6%     -   13s
H    0     0                     706.6016000  188.52533  73.3%     -   13s
H    0     0                     705.5554667  188.52533  73.3%     -   13s
     0     0  189.15033    0   96  705.55547  189.15033  73.2%     -   13s
H    0     0                     541.8909000  189.15033  65.1%     -   14s
H    0     0                     523.8747333  189.15033  63.9%     -   14s
H    0     0                     520.4709333  189.15033  63.7%     -   14s
H    0     0                     519.1451000  189.15033  63.6%     -   14s
     0     0  189.15033    0  111  519.14510  189.15033  63.6%     -   14s
H    0     0                     498.2067000  189.15033  62.0%     -   14s
H    0     0                     408.8537667  189.15033  53.7%     -   14s
H    0     0                     404.4559667  189.15033  53.2%     -   14s
     0     0  189.15033    0   71  404.45597  189.15033  53.2%     -   15s
     0     0  189.15033    0   71  404.45597  189.15033  53.2%     -   15s
H    0     0                     395.1202667  189.15033  52.1%     -   15s
H    0     0                     361.9704667  189.15033  47.7%     -   15s
     0     0  189.15033    0  100  361.97047  189.15033  47.7%     -   17s
H    0     0                     361.9227667  189.15033  47.7%     -   17s
H    0     0                     361.0556000  189.15033  47.6%     -   17s
H    0     0                     360.8888000  189.15033  47.6%     -   17s
     0     0  189.15033    0  162  360.88880  189.15033  47.6%     -   17s
     0     0  189.15033    0  161  360.88880  189.15033  47.6%     -   17s
H    0     0                     358.4195000  189.15033  47.2%     -   17s
H    0     0                     357.3412000  189.15033  47.1%     -   19s
H    0     0                     353.3604000  189.15033  46.5%     -   19s
H    0     0                     352.0112000  189.15033  46.3%     -   19s
H    0     0                     348.0514000  189.15033  45.7%     -   19s
H    0     0                     347.8246000  189.15033  45.6%     -   19s
H    0     0                     343.5876000  189.15033  44.9%     -   19s
H    0     0                     342.6764000  189.15033  44.8%     -   19s
     0     0  189.15033    0   85  342.67640  189.15033  44.8%     -   19s
H    0     0                     335.4667000  189.15033  43.6%     -   19s
H    0     0                     334.9363000  189.15033  43.5%     -   19s
H    0     0                     333.0605000  189.15033  43.2%     -   19s
H    0     0                     317.0834575  189.15033  40.3%     -   19s
H    0     0                     316.4514000  189.15033  40.2%     -   19s
     0     0  189.15033    0  113  316.45140  189.15033  40.2%     -   19s
     0     0  189.15033    0   77  316.45140  189.15033  40.2%     -   20s
     0     0  189.15033    0   73  316.45140  189.15033  40.2%     -   20s
     0     0  189.15033    0  114  316.45140  189.15033  40.2%     -   21s
H    0     0                     310.2042000  189.15033  39.0%     -   21s
H    0     0                     309.2042000  189.15033  38.8%     -   21s
H    0     0                     305.1616000  189.15033  38.0%     -   21s
H    0     0                     304.1616000  189.15033  37.8%     -   21s
H    0     0                     302.1616000  189.15033  37.4%     -   21s
H    0     0                     301.8493000  189.15033  37.3%     -   22s
     0     0  189.15033    0  142  301.84930  189.15033  37.3%     -   22s
     0     0  189.15033    0  156  301.84930  189.15033  37.3%     -   22s
     0     0  189.15033    0  111  301.84930  189.15033  37.3%     -   22s
H    0     0                     297.7563000  189.15033  36.5%     -   22s
     0     0  189.91800    0   63  297.75630  189.91800  36.2%     -   23s
H    0     0                     297.5787000  189.91800  36.2%     -   23s
     0     0  189.91800    0  150  297.57870  189.91800  36.2%     -   24s
     0     0  189.91800    0  149  297.57870  189.91800  36.2%     -   24s
     0     0  189.91800    0  111  297.57870  189.91800  36.2%     -   24s
     0     0  189.91800    0  139  297.57870  189.91800  36.2%     -   25s
     0     0  190.71857    0  174  297.57870  190.71857  35.9%     -   26s
     0     0  190.79344    0  172  297.57870  190.79344  35.9%     -   26s
     0     0  190.79344    0  174  297.57870  190.79344  35.9%     -   26s
     0     0  193.35003    0  172  297.57870  193.35003  35.0%     -   27s
H    0     0                     297.5786994  193.53059  35.0%     -   27s
     0     0  193.60049    0  168  297.57870  193.60049  34.9%     -   27s
     0     0  193.60049    0  168  297.57870  193.60049  34.9%     -   27s
     0     0  196.32362    0  175  297.57870  196.32362  34.0%     -   28s
H    0     0                     297.4596000  196.38432  34.0%     -   28s
H    0     0                     297.4595997  196.38432  34.0%     -   28s
     0     0  196.38432    0  172  297.45960  196.38432  34.0%     -   28s
H    0     0                     297.4595995  196.39369  34.0%     -   28s
     0     0  196.39369    0  170  297.45960  196.39369  34.0%     -   28s
     0     0  203.35371    0  185  297.45960  203.35371  31.6%     -   28s
     0     0  203.38031    0  184  297.45960  203.38031  31.6%     -   28s
     0     0  203.44936    0  188  297.45960  203.44936  31.6%     -   28s
     0     0  203.46443    0  188  297.45960  203.46443  31.6%     -   28s
     0     0  212.60406    0  191  297.45960  212.60406  28.5%     -   29s
H    0     0                     274.8571000  212.61333  22.6%     -   29s
     0     0  212.65661    0  192  274.85710  212.65661  22.6%     -   29s
     0     0  212.65661    0  192  274.85710  212.65661  22.6%     -   29s
     0     0  221.46570    0  186  274.85710  221.46570  19.4%     -   29s
     0     0  221.46570    0  186  274.85710  221.46570  19.4%     -   29s
     0     0  221.51453    0  188  274.85710  221.51453  19.4%     -   29s
     0     0  221.61773    0  184  274.85710  221.61773  19.4%     -   29s
     0     0  222.07799    0  182  274.85710  222.07799  19.2%     -   30s
     0     0  222.07799    0  184  274.85710  222.07799  19.2%     -   30s
     0     0  229.94215    0  178  274.85710  229.94215  16.3%     -   30s
     0     0  230.05422    0  178  274.85710  230.05422  16.3%     -   30s
     0     0  230.10964    0  177  274.85710  230.10964  16.3%     -   30s
     0     0  230.10964    0  178  274.85710  230.10964  16.3%     -   30s
     0     0  230.10964    0  177  274.85710  230.10964  16.3%     -   30s
     0     0  230.14741    0  178  274.85710  230.14741  16.3%     -   30s
     0     0  230.14741    0  178  274.85710  230.14741  16.3%     -   30s
     0     0  230.14741    0  178  274.85710  230.14741  16.3%     -   30s
     0     0  230.26542    0  177  274.85710  230.26542  16.2%     -   30s
     0     0  230.26542    0  175  274.85710  230.26542  16.2%     -   30s
     0     0  230.26542    0  175  274.85710  230.26542  16.2%     -   30s
     0     0  230.26706    0  181  274.85710  230.26706  16.2%     -   30s
     0     0  235.52445    0  156  274.85710  235.52445  14.3%     -   30s
     0     0  235.78385    0  151  274.85710  235.78385  14.2%     -   30s
     0     0  236.34899    0  171  274.85710  236.34899  14.0%     -   30s
     0     0  236.65021    0  154  274.85710  236.65021  13.9%     -   30s
     0     0  236.65291    0  153  274.85710  236.65291  13.9%     -   30s
     0     0  236.85705    0  156  274.85710  236.85705  13.8%     -   30s
     0     0  236.87718    0  156  274.85710  236.87718  13.8%     -   30s
     0     0  236.87773    0  157  274.85710  236.87773  13.8%     -   31s
     0     0  239.84307    0  141  274.85710  239.84307  12.7%     -   31s
     0     0  239.84307    0   67  274.85710  239.84307  12.7%     -   31s
     0     0  239.84307    0   65  274.85710  239.84307  12.7%     -   31s
     0     0  239.84307    0  122  274.85710  239.84307  12.7%     -   32s
     0     0  239.91247    0  104  274.85710  239.91247  12.7%     -   32s
     0     0  239.91247    0  104  274.85710  239.91247  12.7%     -   32s
     0     0  239.91247    0  105  274.85710  239.91247  12.7%     -   32s
     0     0  240.14635    0  103  274.85710  240.14635  12.6%     -   32s
     0     0  240.14635    0   66  274.85710  240.14635  12.6%     -   32s
     0     0  240.14635    0  100  274.85710  240.14635  12.6%     -   32s
     0     0  240.14635    0  100  274.85710  240.14635  12.6%     -   32s
     0     0  240.14635    0  103  274.85710  240.14635  12.6%     -   33s
     0     0  240.14635    0  100  274.85710  240.14635  12.6%     -   33s
H    0     0                     272.5676000  240.15715  11.9%     -   33s
H    0     0                     265.4527000  240.15715  9.53%     -   33s
H    0     0                     265.2931000  240.15715  9.47%     -   33s
     0     0  240.18190    0  100  265.29310  240.18190  9.47%     -   33s
     0     0  240.18190    0   99  265.29310  240.18190  9.47%     -   33s
     0     0  240.18194    0  101  265.29310  240.18194  9.47%     -   33s
     0     0  240.18219    0  102  265.29310  240.18219  9.47%     -   33s
     0     0  240.18239    0  104  265.29310  240.18239  9.47%     -   33s
     0     0  240.20650    0  100  265.29310  240.20650  9.46%     -   33s
     0     0  240.20650    0  101  265.29310  240.20650  9.46%     -   33s
     0     0  240.23503    0   97  265.29310  240.23503  9.45%     -   33s
H    0     0                     264.4941000  240.23503  9.17%     -   33s
     0     0  240.23503    0   98  264.49410  240.23503  9.17%     -   33s
     0     0  240.26451    0   97  264.49410  240.26451  9.16%     -   33s
     0     0  240.64766    0   93  264.49410  240.64766  9.02%     -   33s
     0     0  240.64766    0   93  264.49410  240.64766  9.02%     -   33s
     0     0  240.64766    0   88  264.49410  240.64766  9.02%     -   33s
     0     0  241.87600    0   89  264.49410  241.87600  8.55%     -   33s
H    0     0                     262.4158000  241.87600  7.83%     -   33s
     0     0  241.87600    0   89  262.41580  241.87600  7.83%     -   33s
     0     0  241.87600    0   99  262.41580  241.87600  7.83%     -   33s
     0     0  241.87600    0   98  262.41580  241.87600  7.83%     -   33s
H    0     0                     260.0062000  241.87600  6.97%     -   33s
     0     0  241.87600    0   86  260.00620  241.87600  6.97%     -   33s
     0     0  241.97700    0   77  260.00620  241.97700  6.93%     -   33s
     0     0  241.97700    0   77  260.00620  241.97700  6.93%     -   33s
     0     0  241.97700    0   70  260.00620  241.97700  6.93%     -   34s
     0     0  241.97700    0   58  260.00620  241.97700  6.93%     -   34s
     0     0  241.97700    0   64  260.00620  241.97700  6.93%     -   34s
     0     0  241.97700    0   54  260.00620  241.97700  6.93%     -   34s
     0     0  241.97700    0   58  260.00620  241.97700  6.93%     -   34s
     0     0  241.97700    0   41  260.00620  241.97700  6.93%     -   34s
     0     0  242.68235    0   60  260.00620  242.68235  6.66%     -   34s
     0     0  242.68520    0   37  260.00620  242.68520  6.66%     -   34s
     0     0  243.36906    0   53  260.00620  243.36906  6.40%     -   34s
     0     0  243.41089    0   35  260.00620  243.41089  6.38%     -   34s
     0     0  243.86030    0   33  260.00620  243.86030  6.21%     -   34s
     0     0  243.86030    0   33  260.00620  243.86030  6.21%     -   34s
H    0     0                     259.8226000  243.86030  6.14%     -   34s
     0     0  243.86568    0   40  259.82260  243.86568  6.14%     -   34s
     0     0  243.86568    0   57  259.82260  243.86568  6.14%     -   34s
     0     0  243.86568    0   38  259.82260  243.86568  6.14%     -   34s
     0     0  243.87062    0   37  259.82260  243.87062  6.14%     -   34s
     0     0  243.87192    0   32  259.82260  243.87192  6.14%     -   34s
H    0     0                     259.7851000  243.87192  6.13%     -   34s
H    0     0                     259.7767000  244.00160  6.07%     -   34s
     0     0  244.00160    0   32  259.77670  244.00160  6.07%     -   34s
     0     0  244.04439    0   34  259.77670  244.04439  6.06%     -   34s
     0     0  244.32830    0   33  259.77670  244.32830  5.95%     -   34s
H    0     0                     259.6423000  244.65535  5.77%     -   35s
     0     0  244.65535    0   38  259.64230  244.65535  5.77%     -   35s
     0     0  244.65535    0   39  259.64230  244.65535  5.77%     -   35s
     0     0  244.65535    0   37  259.64230  244.65535  5.77%     -   35s
     0     0  244.65535    0   38  259.64230  244.65535  5.77%     -   35s
     0     0  244.65535    0   41  259.64230  244.65535  5.77%     -   35s
     0     0  244.65535    0   43  259.64230  244.65535  5.77%     -   35s
     0     0  244.65535    0   40  259.64230  244.65535  5.77%     -   35s
     0     0  244.65535    0   40  259.64230  244.65535  5.77%     -   35s
     0     0  244.65535    0   43  259.64230  244.65535  5.77%     -   35s
     0     0  244.65535    0   43  259.64230  244.65535  5.77%     -   35s
     0     2  244.65535    0   42  259.64230  244.65535  5.77%     -   35s
H   32    53                     259.6171000  244.89494  5.67%  11.8   35s
H  216   225                     259.6170920  245.40251  5.48%   6.9   36s
H 1308   892                     259.6170618  246.24499  5.15%   7.2   38s
H 1326   892                     259.6170618  246.24499  5.15%   7.3   38s
  5048  2645  257.65677   28   49  259.61706  247.72444  4.58%   9.5   40s
  8152  3413 infeasible   32       259.61706  250.56403  3.49%   8.9   45s
 14515  5074     cutoff   39       259.61706  252.16140  2.87%   7.8   50s
 24066  7866  258.08711   32   29  259.61706  253.40526  2.39%   7.0   55s
 40105 10667  259.49274   33   15  259.61706  254.49474  1.97%   6.6   60s
 53358 11676  258.45013   29   15  259.61706  255.17962  1.71%   6.6   65s
 62102 11553  256.53498   33   37  259.61706  255.65666  1.53%   6.6   70s
 79183  9357  257.36318   28   22  259.61706  256.51503  1.19%   6.7   77s
 85325  7199  259.21192   32   18  259.61706  256.90638  1.04%   6.8   80s
 98670     0     cutoff   28       259.61706  258.73737  0.34%   6.9   85s

Cutting planes:
  Learned: 1
  Gomory: 13
  Implied bound: 12
  MIR: 18
  Flow cover: 12
  Inf proof: 23
  RLT: 3
  Relax-and-lift: 8

Explored 100450 nodes (769369 simplex iterations) in 87.81 seconds (27.44 work units)
Thread count was 32 (of 96 available processors)

Solution count 10: 259.617 259.617 259.642 ... 265.293

Optimal solution found (tolerance 1.00e-04)
Best objective 2.596170617721e+02, best bound 2.596170617721e+02, gap 0.0000%

User-callback calls 207921, time in user-callback 0.26 sec
