
Gurobi 12.0.1 (win64) logging started Sun Sep 21 19:28:22 2025

Set parameter LogFile to value "log_group_6/bound_Expr245_s5_l1051_s11_e12_o20_d44_t1200_s15_1_1_0_0.log"
Gurobi Optimizer version 12.0.1 build v12.0.1rc0 (win64 - Windows Server 2022.0 (20348.2))

CPU model: Intel(R) Xeon(R) Gold 6336Y CPU @ 2.40GHz, instruction set [SSE2|AVX|AVX2|AVX512]
Thread count: 48 physical cores, 96 logical processors, using up to 32 threads

Non-default parameters:
TimeLimit  1200

Optimize a model with 82570 rows, 80310 columns and 951520 nonzeros
Model fingerprint: 0xbaaa14b9
Variable types: 310 continuous, 80000 integer (80000 binary)
Coefficient statistics:
  Matrix range     [1e+00, 9e+02]
  Objective range  [1e+00, 1e+00]
  Bounds range     [1e+00, 1e+03]
  RHS range        [1e+00, 9e+02]
Presolve removed 76030 rows and 74540 columns
Presolve time: 0.29s
Presolved: 6540 rows, 5770 columns, 55430 nonzeros
Variable types: 270 continuous, 5500 integer (5500 binary)
Found heuristic solution: objective 4184.2446667
Performing another presolve...
Presolve removed 530 rows and 500 columns
Presolve time: 0.33s

Root relaxation: objective 0.000000e+00, 4489 iterations, 0.42 seconds (0.63 work units)

    Nodes    |    Current Node    |     Objective Bounds      |     Work
 Expl Unexpl |  Obj  Depth IntInf | Incumbent    BestBd   Gap | It/Node Time

     0     0    0.00000    0   52 4184.24467    0.00000   100%     -    1s
H    0     0                    2772.0721333    0.00000   100%     -    1s
H    0     0                    2729.4045667    0.00000   100%     -    2s
H    0     0                    2300.7623000    0.00000   100%     -    2s
H    0     0                    2029.2430000    0.00000   100%     -    2s
H    0     0                    1935.9209000    0.00000   100%     -    2s
H    0     0                    1891.3854667    0.00000   100%     -    2s
H    0     0                    1820.3227667    0.00000   100%     -    2s
H    0     0                    1781.6169000    0.00000   100%     -    2s
H    0     0                    1759.0991000    0.00000   100%     -    2s
H    0     0                    1759.0337667    0.00000   100%     -    2s
H    0     0                    1566.9556333    0.00000   100%     -    2s
H    0     0                    1535.0072333    0.00000   100%     -    2s
H    0     0                    1534.6686333    0.00000   100%     -    2s
     0     0    0.00000    0  161 1534.66863    0.00000   100%     -    2s
H    0     0                    1419.0566000    0.00000   100%     -    3s
H    0     0                    1139.2846000    0.00000   100%     -    3s
H    0     0                    1073.1680667    0.00000   100%     -    4s
H    0     0                    1068.5145667    0.00000   100%     -    4s
H    0     0                     967.6472667    0.00000   100%     -    4s
H    0     0                     866.0278000    0.00000   100%     -    4s
H    0     0                     752.1668333    0.00000   100%     -    4s
H    0     0                     723.4179333    0.00000   100%     -    4s
H    0     0                     710.2567333    0.00000   100%     -    4s
H    0     0                     710.2380667    0.00000   100%     -    4s
H    0     0                     710.1909000    0.00000   100%     -    4s
     0     0    0.00000    0   56  710.19090    0.00000   100%     -    4s
H    0     0                     549.1455000    0.00000   100%     -    4s
H    0     0                     137.2526000    0.00000   100%     -    4s
H    0     0                     129.8889000    0.00000   100%     -    4s
H    0     0                     120.7331000    0.00000   100%     -    4s
     0     0    0.00000    0  123  120.73310    0.00000   100%     -    4s
     0     0    0.00000    0  169  120.73310    0.00000   100%     -    4s
     0     0    0.00000    0  142  120.73310    0.00000   100%     -    4s
     0     0    0.00000    0   89  120.73310    0.00000   100%     -    4s
     0     0    0.00000    0  148  120.73310    0.00000   100%     -    5s
     0     0    0.00000    0  123  120.73310    0.00000   100%     -    5s
     0     0    0.00000    0  145  120.73310    0.00000   100%     -    5s
     0     0    0.00000    0  132  120.73310    0.00000   100%     -    5s
     0     0    0.00000    0  125  120.73310    0.00000   100%     -    5s
     0     0    0.00000    0  112  120.73310    0.00000   100%     -    5s
     0     0    0.00000    0   89  120.73310    0.00000   100%     -    5s
     0     0    0.00000    0   46  120.73310    0.00000   100%     -    6s
     0     0    0.62987    0  122  120.73310    0.62987  99.5%     -    6s
     0     0    0.65826    0  112  120.73310    0.65826  99.5%     -    6s
     0     0    0.65826    0  114  120.73310    0.65826  99.5%     -    6s
     0     0    4.09229    0  126  120.73310    4.09229  96.6%     -    7s
     0     0    4.09229    0  247  120.73310    4.09229  96.6%     -    7s
     0     0    4.09229    0  182  120.73310    4.09229  96.6%     -    7s
     0     0    4.09229    0  143  120.73310    4.09229  96.6%     -    7s
     0     0    4.09229    0  131  120.73310    4.09229  96.6%     -    7s
     0     0    4.09229    0  164  120.73310    4.09229  96.6%     -    7s
H    0     0                     119.1917667    4.14599  96.5%     -    7s
H    0     0                     118.8989333    4.14599  96.5%     -    7s
H    0     0                     115.1683667    4.14599  96.4%     -    7s
     0     0    4.35133    0  146  115.16837    4.35133  96.2%     -    7s
     0     0    4.35133    0  140  115.16837    4.35133  96.2%     -    7s
     0     0    4.35133    0  129  115.16837    4.35133  96.2%     -    7s
     0     0    4.35133    0  131  115.16837    4.35133  96.2%     -    7s
     0     0    4.35133    0  135  115.16837    4.35133  96.2%     -    7s
     0     0    4.35133    0  153  115.16837    4.35133  96.2%     -    7s
     0     0    4.35133    0  127  115.16837    4.35133  96.2%     -    7s
     0     0    4.35133    0  163  115.16837    4.35133  96.2%     -    7s
     0     0    4.35133    0  135  115.16837    4.35133  96.2%     -    7s
     0     0    4.35133    0  116  115.16837    4.35133  96.2%     -    7s
     0     0    4.35133    0  165  115.16837    4.35133  96.2%     -    7s
     0     0    4.35133    0  165  115.16837    4.35133  96.2%     -    8s
     0     0    4.35133    0  165  115.16837    4.35133  96.2%     -    8s
     0     0    4.35133    0  157  115.16837    4.35133  96.2%     -    8s
     0     0    4.35133    0  145  115.16837    4.35133  96.2%     -    8s
     0     0    4.35133    0  158  115.16837    4.35133  96.2%     -    8s
     0     0    4.35133    0  159  115.16837    4.35133  96.2%     -    8s
     0     0    4.35133    0  149  115.16837    4.35133  96.2%     -    8s
     0     0    4.35430    0  195  115.16837    4.35430  96.2%     -    8s
     0     0    4.35430    0  195  115.16837    4.35430  96.2%     -    8s
     0     0    4.35430    0  195  115.16837    4.35430  96.2%     -    8s
     0     0    4.35444    0  194  115.16837    4.35444  96.2%     -    8s
     0     0    4.35444    0  159  115.16837    4.35444  96.2%     -    8s
     0     0    4.35444    0  159  115.16837    4.35444  96.2%     -    8s
     0     0    4.35444    0  158  115.16837    4.35444  96.2%     -    8s
     0     0    4.35444    0  176  115.16837    4.35444  96.2%     -    8s
     0     0    4.35444    0  179  115.16837    4.35444  96.2%     -    8s
     0     0    4.35444    0  175  115.16837    4.35444  96.2%     -    8s
     0     0    4.35444    0  174  115.16837    4.35444  96.2%     -    8s
     0     0    4.35444    0  161  115.16837    4.35444  96.2%     -    8s
     0     0    4.35444    0  163  115.16837    4.35444  96.2%     -    8s
     0     0    4.35444    0  166  115.16837    4.35444  96.2%     -    8s
     0     0    4.35444    0  189  115.16837    4.35444  96.2%     -    8s
     0     0   16.08458    0  167  115.16837   16.08458  86.0%     -    8s
     0     0   16.08458    0   47  115.16837   16.08458  86.0%     -    9s
     0     0   16.08458    0   93  115.16837   16.08458  86.0%     -    9s
     0     0   23.79247    0  161  115.16837   23.79247  79.3%     -    9s
     0     0   26.12566    0  183  115.16837   26.12566  77.3%     -    9s
     0     0   26.97917    0   78  115.16837   26.97917  76.6%     -    9s
     0     0   26.97917    0  107  115.16837   26.97917  76.6%     -    9s
     0     0   26.97917    0   50  115.16837   26.97917  76.6%     -    9s
     0     0   30.58017    0   65  115.16837   30.58017  73.4%     -   10s
     0     0   30.58017    0   64  115.16837   30.58017  73.4%     -   10s
     0     0   30.58017    0  107  115.16837   30.58017  73.4%     -   10s
     0     0   30.58017    0   69  115.16837   30.58017  73.4%     -   10s
     0     0   30.58017    0   38  115.16837   30.58017  73.4%     -   10s
     0     0   30.58017    0   65  115.16837   30.58017  73.4%     -   10s
     0     0   30.58017    0  100  115.16837   30.58017  73.4%     -   10s
     0     0   30.58017    0   71  115.16837   30.58017  73.4%     -   10s
     0     0   30.58017    0   66  115.16837   30.58017  73.4%     -   10s
     0     0   30.58017    0   72  115.16837   30.58017  73.4%     -   10s
     0     0   30.58017    0  104  115.16837   30.58017  73.4%     -   10s
H    0     0                     115.1677000   30.58017  73.4%     -   10s
H    0     0                     114.1287333   30.58017  73.2%     -   10s
     0     0   30.58017    0   92  114.12873   30.58017  73.2%     -   10s
     0     0   30.58017    0  106  114.12873   30.58017  73.2%     -   10s
     0     0   30.58017    0  100  114.12873   30.58017  73.2%     -   10s
     0     0   30.58017    0   40  114.12873   30.58017  73.2%     -   10s
     0     0   30.58017    0   70  114.12873   30.58017  73.2%     -   10s
     0     0   30.58845    0  107  114.12873   30.58845  73.2%     -   10s
     0     0   30.63080    0  166  114.12873   30.63080  73.2%     -   10s
     0     0   30.63080    0  165  114.12873   30.63080  73.2%     -   10s
     0     0   30.64159    0  163  114.12873   30.64159  73.2%     -   10s
     0     0   31.01565    0  120  114.12873   31.01565  72.8%     -   10s
H    0     0                     113.2999000   31.01565  72.6%     -   10s
H    0     0                     113.2345667   31.01565  72.6%     -   10s
     0     0   45.96120    0  128  113.23457   45.96120  59.4%     -   11s
     0     0   45.96120    0   49  113.23457   45.96120  59.4%     -   11s
     0     0   45.96120    0   67  113.23457   45.96120  59.4%     -   11s
     0     0   49.42195    0  106  113.23457   49.42195  56.4%     -   12s
     0     0   49.51790    0   71  113.23457   49.51790  56.3%     -   12s
H    0     0                     113.1877000   49.51790  56.3%     -   12s
     0     0   58.88293    0  124  113.18770   58.88293  48.0%     -   12s
     0     0   58.88461    0  124  113.18770   58.88461  48.0%     -   12s
     0     0   90.89871    0   50  113.18770   90.89871  19.7%     -   12s
     0     0   90.89871    0   50  113.18770   90.89871  19.7%     -   12s
     0     0   93.60782    0   23  113.18770   93.60782  17.3%     -   12s
     0     0   93.60782    0   20  113.18770   93.60782  17.3%     -   12s
     0     0   94.12612    0   24  113.18770   94.12612  16.8%     -   12s
     0     0  102.44589    0   32  113.18770  102.44589  9.49%     -   12s
     0     0  102.44589    0   32  113.18770  102.44589  9.49%     -   12s
     0     0  113.08423    0   24  113.18770  113.08423  0.09%     -   13s
     0     0  113.08423    0   18  113.18770  113.08423  0.09%     -   13s
     0     0  113.08423    0   26  113.18770  113.08423  0.09%     -   13s
     0     0  113.08423    0   25  113.18770  113.08423  0.09%     -   13s
     0     0  113.08423    0   24  113.18770  113.08423  0.09%     -   13s
     0     0  113.08423    0   22  113.18770  113.08423  0.09%     -   13s
     0     0  113.08423    0   22  113.18770  113.08423  0.09%     -   13s
     0     0  113.08423    0   22  113.18770  113.08423  0.09%     -   13s
     0     0  113.08423    0   13  113.18770  113.08423  0.09%     -   13s
     0     0  113.08423    0    7  113.18770  113.08423  0.09%     -   13s
     0     0  113.08423    0   11  113.18770  113.08423  0.09%     -   13s
     0     0  113.08423    0   10  113.18770  113.08423  0.09%     -   13s
H    0     0                     113.1157333  113.08423  0.03%     -   13s
     0     0  113.08423    0    9  113.11573  113.08423  0.03%     -   13s
     0     0  113.08423    0   18  113.11573  113.08423  0.03%     -   13s
     0     0  113.08423    0   12  113.11573  113.08423  0.03%     -   13s
     0     0  113.08423    0    4  113.11573  113.08423  0.03%     -   13s
     0     0  113.08423    0    6  113.11573  113.08423  0.03%     -   13s
     0     0  113.08427    0   16  113.11573  113.08427  0.03%     -   13s
     0     0  113.08528    0   12  113.11573  113.08528  0.03%     -   13s
     0     0  113.09149    0   20  113.11573  113.09149  0.02%     -   13s
     0     0  113.09673    0    9  113.11573  113.09673  0.02%     -   13s
     0     0  113.11573    0   12  113.11573  113.11573  0.00%     -   13s

Cutting planes:
  Learned: 1
  Cover: 3
  Implied bound: 1
  Clique: 3
  MIR: 8
  RLT: 1
  Relax-and-lift: 5

Explored 1 nodes (52438 simplex iterations) in 13.36 seconds (13.16 work units)
Thread count was 32 (of 96 available processors)

Solution count 10: 113.116 113.188 113.235 ... 120.733

Optimal solution found (tolerance 1.00e-04)
Best objective 1.131157333333e+02, best bound 1.131157333333e+02, gap 0.0000%

User-callback calls 2480, time in user-callback 0.00 sec
