
Gurobi 10.0.1 (win64) logging started Sun Sep 21 13:59:01 2025

Set parameter LogFile to value "log_group_6/bound_Expr130_s10_l1051_s11_e12_o80_d160_t7200_s60_1_1_1_1.log"
Gurobi Optimizer version 10.0.1 build v10.0.1rc0 (win64)

CPU model: Intel(R) Core(TM) i7-10700 CPU @ 2.90GHz, instruction set [SSE2|AVX|AVX2]
Thread count: 8 physical cores, 16 logical processors, using up to 16 threads

Optimize a model with 2368377 rows, 2320740 columns and 29970280 nonzeros
Model fingerprint: 0x218371f8
Variable types: 740 continuous, 2320000 integer (2320000 binary)
Coefficient statistics:
  Matrix range     [1e+00, 9e+02]
  Objective range  [1e+00, 1e+00]
  Bounds range     [1e+00, 1e+03]
  RHS range        [1e+00, 9e+02]
Presolve removed 80 rows and 80 columns (presolve time = 5s) ...
Presolve removed 2339037 rows and 2292880 columns (presolve time = 10s) ...
Presolve removed 2339117 rows and 2292465 columns
Presolve time: 13.63s
Presolved: 29260 rows, 28275 columns, 166845 nonzeros
Variable types: 580 continuous, 27695 integer (27695 binary)
Found heuristic solution: objective 7973.8267667
Deterministic concurrent LP optimizer: primal and dual simplex
Showing first log only...


Root simplex log...

Iteration    Objective       Primal Inf.    Dual Inf.      Time
       0   -5.5381000e+04   1.431543e+04   4.383593e+09     18s
   12162    5.9819000e+04   0.000000e+00   6.400000e+02     19s
   13232    3.0378100e+02   0.000000e+00   0.000000e+00     20s
Concurrent spin time: 0.17s

Solved with primal simplex
   13232    3.0378100e+02   0.000000e+00   0.000000e+00     20s

Root relaxation: objective 3.037810e+02, 13232 iterations, 1.79 seconds (4.08 work units)
Total elapsed time = 22.35s

    Nodes    |    Current Node    |     Objective Bounds      |     Work
 Expl Unexpl |  Obj  Depth IntInf | Incumbent    BestBd   Gap | It/Node Time

     0     0  303.78100    0  308 7973.82677  303.78100  96.2%     -   23s
H    0     0                    7899.1771667  303.78100  96.2%     -   23s
H    0     0                    7796.0615667  303.78100  96.1%     -   27s
     0     0  303.78100    0  471 7796.06157  303.78100  96.1%     -   27s
H    0     0                    5123.6742000  303.78100  94.1%     -   33s
H    0     0                    3422.5859333  303.78100  91.1%     -   42s
     0     0  303.78100    0  257 3422.58593  303.78100  91.1%     -   43s
H    0     0                    2227.5074324  303.78100  86.4%     -   50s
     0     0  303.78100    0  330 2227.50743  303.78100  86.4%     -   50s
H    0     0                    2198.4583667  303.78100  86.2%     -   61s
H    0     0                    2040.4038333  303.78100  85.1%     -   61s
     0     0  303.78100    0  283 2040.40383  303.78100  85.1%     -   61s
     0     0  303.78100    0  312 2040.40383  303.78100  85.1%     -   62s
     0     0  303.78100    0  382 2040.40383  303.78100  85.1%     -   65s
     0     0  303.78100    0  315 2040.40383  303.78100  85.1%     -   69s
H    0     0                    1850.0976000  303.78100  83.6%     -   75s
     0     2  303.78100    0  260 1850.09760  303.78100  83.6%     -   80s
     7    16  303.78100    3  465 1850.09760  303.78100  83.6%  1866   85s
    15    24  303.78100    4  425 1850.09760  303.78100  83.6%  1753   92s
H   31    40                    1776.7299333  303.78100  82.9%  1861  112s
H   31    40                    1461.5514325  303.78100  79.2%  1861  112s
H   32    40                    1322.3314000  303.78100  77.0%  1817  112s
H   35    40                    1160.9050667  303.78100  73.8%  1680  112s
    47    57  303.78100    8  422 1160.90507  303.78100  73.8%  1313  116s
    56    65  303.78100    9  434 1160.90507  303.78100  73.8%  1129  122s
    78    92  303.78100   12  440 1160.90507  303.78100  73.8%   850  125s
   130   144  303.78100   18  404 1160.90507  303.78100  73.8%   573  131s
   160   176  303.78100   21  435 1160.90507  303.78100  73.8%   493  135s
   207   228  303.78100   27  418 1160.90507  303.78100  73.8%   420  142s
   246   266  303.78100   32  432 1160.90507  303.78100  73.8%   376  146s
H  265   274                    1037.3571000  303.78100  70.7%   358  154s
H  267   274                     998.0026667  303.78100  69.6%   357  154s
H  269   274                     895.9487000  303.78100  66.1%   355  154s
H  271   274                     824.7920000  303.78100  63.2%   352  154s
   273   292  303.78100   35  402  824.79200  303.78100  63.2%   352  157s
   291   324  303.78100   37  440  824.79200  303.78100  63.2%   340  160s
   323   360  303.78100   41  411  824.79200  303.78100  63.2%   320  165s
   359   407  303.78100   45  384  824.79200  303.78100  63.2%   302  170s
   406   459  303.78100   51  366  824.79200  303.78100  63.2%   284  175s
   458   524  303.78100   56  412  824.79200  303.78100  63.2%   265  182s
   523   595  303.78100   64  412  824.79200  303.78100  63.2%   246  189s
   594   681  303.78100   73  428  824.79200  303.78100  63.2%   231  197s
   680   773  303.78100   80  392  824.79200  303.78100  63.2%   216  206s
   772   880  303.78100   91  385  824.79200  303.78100  63.2%   206  216s
   879   912  303.78100  106  388  824.79200  303.78100  63.2%   197  227s
H  882   877                     699.7818000  303.78100  56.6%   197  227s
H  911   870                     667.0046333  303.78100  54.5%   196  242s
H  912   856                     628.6042000  303.78100  51.7%   196  242s
H  919   793                     607.1761333  303.78100  50.0%   203  258s
H  920   750                     579.6200667  303.78100  47.6%   203  258s
H  941   741                     571.7786333  303.78100  46.9%   202  258s
H  945   723                     561.9742667  303.78100  45.9%   202  258s
H  947   673                     534.8264667  303.78100  43.2%   202  258s
   948   740  303.78100  112  349  534.82647  303.78100  43.2%   206  272s
  1049   831  303.78100  131  346  534.82647  303.78100  43.2%   229  288s
  1194   918  303.78100  157  334  534.82647  303.78100  43.2%   244  314s
  1337  1061  303.78100  183  316  534.82647  303.78100  43.2%   281  340s
H 1476  1050                     530.5750667  303.78100  42.7%   278  340s
  1530  1365  303.78100  221  310  530.57507  303.78100  42.7%   302  368s
H 1877  1667                     518.0251667  303.78100  41.4%   294  395s
H 2283  1832                     516.9558333  303.78100  41.2%   274  437s
H 2372  1722                     508.9024667  303.78100  40.3%   266  437s
H 2469  1708                     504.5108333  303.78100  39.8%   268  437s
H 2486  2956                     503.6245333  303.78100  39.7%   275  491s
  3805  3029  303.78100  718  701  503.62453  303.78100  39.7%   231  539s
  3885  3125     cutoff  722       503.62453  303.78100  39.7%   281  593s
  4008  3213  304.61361  726  499  503.62453  303.78100  39.7%   320  648s
H 4103  3213                     503.6226674  303.78100  39.7%   347  648s
  4129  3400  306.98463  735  462  503.62267  303.78100  39.7%   350  702s
H 4312  3307                     499.5890333  303.78100  39.2%   358  702s
  4391  3504  309.22753  741  370  499.58903  303.78100  39.2%   359  767s
H 4490  3504                     499.5874987  303.78100  39.2%   358  767s
  4663  3826  310.25019  818  355  499.58750  303.78100  39.2%   377  834s
  5042  3827  303.78100  101  315  499.58750  303.78100  39.2%   384  940s
  5044  3828  431.24706  394  373  499.58750  303.78100  39.2%   384 1005s
  5045  3829  310.25019  891  501  499.58750  303.78100  39.2%   384 1138s
  5046  3830  369.97075  351  722  499.58750  303.81810  39.2%   384 1174s
  5047  3830  337.44683  472 1020  499.58750  305.95205  38.8%   384 1204s
  5048  3831  307.71482  297 1006  499.58750  306.04549  38.7%   384 1217s
  5049  3832  376.19300  163  729  499.58750  307.98211  38.4%   384 1238s
  5050  3832  313.36174  241  776  499.58750  308.16224  38.3%   384 1246s
  5051  3833  311.24732  304  649  499.58750  311.24732  37.7%   384 1261s
  5052  3834  340.11067  502  685  499.58750  311.24917  37.7%   384 1271s
  5053  3834  337.44683  389  608  499.58750  315.49126  36.8%   383 1292s
  5055  3836  403.60413   80  627  499.58750  315.49256  36.8%   383 1296s
  5056  3836  315.49268   77  629  499.58750  315.49268  36.8%   383 1306s
  5057  3837  320.48984  312 1001  499.58750  320.48984  35.8%   383 1328s
  5058  3838  320.92034  256 1006  499.58750  320.92034  35.8%   383 1330s
  5059  3838  430.65960  224 1009  499.58750  320.92034  35.8%   383 1343s
  5060  3839  401.76354  585  818  499.58750  326.02601  34.7%   383 1363s
  5061  3840  471.77360  362  979  499.58750  326.42865  34.7%   383 1367s
  5063  3841  326.44096   58  974  499.58750  326.44096  34.7%   383 1370s
  5064  3842  430.65960  356  977  499.58750  326.44096  34.7%   383 1381s
  5065  3842  331.77414  206 1103  499.58750  331.77414  33.6%   383 1404s
  5066  3843  333.35222  368  973  499.58750  333.35222  33.3%   382 1410s
  5069  3845  475.58697   52  973  499.58750  333.39427  33.3%   382 1430s
  5070  3846  339.42936  412  995  499.58750  339.42936  32.1%   382 1450s
  5071  3846  427.88437  494 1015  499.58750  342.78664  31.4%   382 1459s
  5072  3847  342.95754  318 1016  499.58750  342.95754  31.4%   382 1460s
  5074  3848  499.49597  296  912  499.58750  343.15576  31.3%   382 1478s
  5075  3849  401.93830  226 1131  499.58750  350.87228  29.8%   382 1499s
  5076  3850  403.60413  219  907  499.58750  353.42672  29.3%   382 1505s
  5079  3852  409.06651  408 1011  499.58750  353.83977  29.2%   382 1523s
  5080  3852  359.13588  245  919  499.58750  359.13588  28.1%   381 1542s
  5081  3853  418.94780  696  893  499.58750  361.53473  27.6%   381 1546s
  5083  3854  361.54060  272  892  499.58750  361.54060  27.6%   381 1562s
  5084  3855  418.83730  389 1049  499.58750  364.91500  27.0%   381 1579s
  5085  3856  366.83272  265  986  499.58750  366.83272  26.6%   381 1584s
  5086  3856  366.90196  279  984  499.58750  366.90196  26.6%   381 1586s
  5087  3857  366.90196   75  984  499.58750  366.90196  26.6%   381 1603s
  5088  3858  403.60413  227 1081  499.58750  373.70578  25.2%   381 1621s
  5089  3858  374.61455  864 1163  499.58750  374.61455  25.0%   381 1625s
  5092  3860  489.78763   78 1100  499.58750  374.66506  25.0%   381 1641s
  5093  3861  380.00946  589 1180  499.58750  380.00946  23.9%   380 1664s
  5094  3862  380.68183  351 1103  499.58750  380.68183  23.8%   380 1669s
  5095  3862  434.71910  417 1088  499.58750  380.80481  23.8%   380 1670s
  5097  3864  380.80601  483 1087  499.58750  380.80601  23.8%   380 1686s
  5098  3864  431.53370  440 1142  499.58750  385.01899  22.9%   380 1708s
  5099  3865  385.58588   71 1151  499.58750  385.58588  22.8%   380 1710s
  5101  3866  467.10865  651 1051  499.58750  385.76399  22.8%   380 1728s
  5102  3867  392.14460  842 1041  499.58750  392.14460  21.5%   380 1748s
  5103  3868  430.65960  202 1043  499.58750  393.05202  21.3%   380 1751s
  5105  3869  393.09172  224 1042  499.58750  393.09172  21.3%   380 1768s
  5106  3870  398.22467  207 1096  499.58750  396.47200  20.6%   379 1790s
  5109  3872  409.45813  333 1103  499.58750  397.11163  20.5%   379 1810s
  5110  3872  401.71782  344 1081  499.58750  401.71782  19.6%   379 1835s
  5112  3874  401.77430  375 1085  499.58750  401.77430  19.6%   379 1851s
  5113  3874  406.04351  267 1150  499.58750  406.04351  18.7%   379 1870s
  5115  3876  406.19556  800 1157  499.58750  406.19556  18.7%   379 1890s
  5116  3876  430.65960  244 1078  499.58750  408.57048  18.2%   379 1905s
  5117  3877  409.96311  400 1050  499.58750  409.96311  17.9%   379 1910s
  5119  3878  447.52688  300 1053  499.58750  410.05756  17.9%   379 1927s
  5120  3879  430.65960  337  939  499.58750  414.84414  17.0%   378 1952s
  5121  3880  433.16627  329  957  499.58750  415.11017  16.9%   378 1956s
  5123  3881  415.11785  301  960  499.58750  415.11785  16.9%   378 1972s
  5124  3882  453.42673  427 1038  499.58750  416.54382  16.6%   378 1999s
  5125  3882  417.14966  159 1071  499.58750  417.14966  16.5%   378 2002s
  5127  3885  417.14966  291  315  499.58750  417.14966  16.5%   441 2125s
  5129  3886  417.14966  707  318  499.58750  417.14966  16.5%   440 2180s
  5130  3887  417.14966  401  890  499.58750  417.14966  16.5%   440 2228s
  5131  3888  489.78763  104  985  499.58750  417.14966  16.5%   440 2247s
  5132  3888  417.14966  345  992  499.58750  417.14966  16.5%   440 2270s
  5133  3889  417.14966  647 1086  499.58750  417.14966  16.5%   440 2280s
  5134  3890  417.14966  403  918  499.58750  417.14966  16.5%   440 2290s
  5135  3890  418.27943  232  924  499.58750  418.27943  16.3%   440 2295s
  5137  3892  418.42953  477  910  499.58750  418.42953  16.2%   440 2305s
  5138  3892  420.75140  296  938  499.58750  420.75140  15.8%   440 2326s
  5140  3894  430.65960  383 1053  499.58750  420.83109  15.8%   439 2337s
  5141  3894  422.26154  254 1039  499.58750  422.26154  15.5%   439 2355s
  5144  3896  431.24706  394 1152  499.58750  422.32954  15.5%   439 2367s
  5145  3897  424.08054  891 1080  499.58750  424.08054  15.1%   439 2391s
  5147  3898  424.19352  472 1086  499.58750  424.19352  15.1%   439 2395s
  5148  3899  424.19408  297 1091  499.58750  424.19408  15.1%   439 2405s
  5149  3900  425.87593  163 1112  499.58750  425.87593  14.8%   439 2430s
  5153  3902  426.08301  389 1143  499.58750  426.08301  14.7%   438 2435s
  5154  3903  426.08316  523 1146  499.58750  426.08316  14.7%   438 2447s
  5155  3904  428.78176   80 1079  499.58750  428.78176  14.2%   438 2469s
  5156  3904  428.92397   77 1068  499.58750  428.92397  14.1%   438 2471s
  5157  3905  428.92397  312 1131  499.58750  428.92397  14.1%   438 2481s
  5158  3906  430.66154  256 1147  499.58750  430.66154  13.8%   438 2504s
  5159  3906  430.80002  224 1148  499.58750  430.80002  13.8%   438 2506s
  5161  3908  471.77360  362 1079  499.58750  430.80880  13.8%   438 2516s
  5162  3908  433.01122  305 1065  499.58750  433.01122  13.3%   438 2535s
  5165  3910  433.20261  206 1075  499.58750  433.20261  13.3%   437 2547s
  5166  3911  435.11657  368 1058  499.58750  435.11657  12.9%   437 2565s
  5168  3912  435.14342  357 1075  499.58750  435.14342  12.9%   437 2574s
  5169  3913  475.58697   52 1069  499.58750  436.05188  12.7%   437 2593s
  5171  3914  436.14107  494 1076  499.58750  436.14107  12.7%   437 2595s
  5172  3915  436.14107  318 1069  499.58750  436.14107  12.7%   437 2603s
  5173  3916  437.13707  442 1074  499.58750  437.13707  12.5%   437 2627s
  5175  3917  437.16317  226 1086  499.58750  437.16317  12.5%   437 2637s
  5176  3918  437.64407  219 1065  499.58750  437.64407  12.4%   436 2656s
  5178  3919  437.81417  275 1069  499.58750  437.81417  12.4%   436 2667s
  5179  3920  438.65326  408 1056  499.58750  438.65326  12.2%   436 2687s
  5181  3921  438.76337  696 1077  499.58750  438.76337  12.2%   436 2691s
  5182  3922  438.76349  456 1086  499.58750  438.76349  12.2%   436 2701s
  5183  3922  439.23599  272 1052  499.58750  439.23599  12.1%   436 2724s
  5184  3923  439.27730  389 1080  499.58750  439.27730  12.1%   436 2728s
  5185  3924  439.33922  265 1065  499.58750  439.33922  12.1%   436 2732s
  5186  3924  439.35068  279 1063  499.58750  439.35068  12.1%   436 2737s
  5187  3925  439.35497   75 1072  499.58750  439.35497  12.1%   436 2740s
  5188  3926  439.35497  227 1077  499.58750  439.35497  12.1%   435 2750s
  5189  3926  440.14216  864 1075  499.58750  440.14216  11.9%   435 2772s
  5191  3928  440.42919  326 1080  499.58750  440.42919  11.8%   435 2776s
  5193  3929  440.46817  589 1092  499.58750  440.46817  11.8%   435 2787s
  5194  3930  441.22978  351 1042  499.58750  441.22978  11.7%   435 2806s
  5196  3931  441.23605  774 1065  499.58750  441.23605  11.7%   435 2816s
  5199  3934  441.82976   71  315  499.58750  441.82976  11.6%   477 2933s
  5201  3935  467.10865  651  348  499.58750  441.82976  11.6%   477 2967s
  5202  3936  441.82976  842  600  499.58750  441.82976  11.6%   477 2983s
  5203  3937  441.82976  202  821  499.58750  441.82976  11.6%   477 2992s
  5204  3937  489.78763  104  955  499.58750  441.82976  11.6%   477 3004s
  5205  3938  441.82976  224 1008  499.58750  441.82976  11.6%   477 3012s
  5206  3939  441.82976  207  959  499.58750  441.82976  11.6%   477 3016s
  5208  3941  441.82976  171  315  499.58750  441.82976  11.6%   493 3033s
  5210  3942  441.82976  344  790  499.58750  441.82976  11.6%   493 3053s
  5211  3943  441.82976   11  752  499.58750  441.82976  11.6%   493 3073s
  5212  3944  441.82976  375  964  499.58750  441.82976  11.6%   492 3084s
  5213  3944  441.82976  267 1017  499.58750  441.82976  11.6%   492 3088s
  5215  3947  441.82976  800  315  499.58750  441.82976  11.6%   505 3099s
  5217  3948  441.82976  400  690  499.58750  441.82976  11.6%   505 3128s
  5218  3949  441.82976  408  673  499.58750  441.82976  11.6%   504 3160s
  5219  3950  447.52688  300  967  499.58750  441.82976  11.6%   504 3166s
  5220  3950  441.82976  337 1066  499.58750  441.82976  11.6%   504 3170s
  5222  3952  441.82976  108 1060  499.58750  441.82976  11.6%   504 3177s
  5223  3952  441.82976  301 1038  499.58750  441.82976  11.6%   504 3185s
  5225  3954  441.82976  159  961  499.58750  441.82976  11.6%   504 3198s
  5226  3954  441.82976  800  954  499.58750  441.82976  11.6%   504 3202s
  5227  3955  443.90096  291 1009  499.58750  443.90096  11.1%   504 3210s
  5228  3956  443.90096   37 1009  499.58750  443.90096  11.1%   503 3216s
  5229  3956  443.90096  707 1009  499.58750  443.90096  11.1%   503 3232s
  5230  3958  443.90096   59 1007  499.58750  443.90096  11.1%   154 3238s
  5232  3957  443.90096   60 1007  499.58750  443.90096  11.1%   156 3257s
  5234  3959  443.90096   61 1007  499.58750  443.90096  11.1%   158 3260s
  5240  3959  443.90096   63 1007  499.58750  443.90096  11.1%   159 3265s
  5252  3955  444.16329   65 1060  499.58750  443.91881  11.1%   167 3272s
  5258  3955  444.17207   66 1062  499.58750  444.17207  11.1%   168 3276s
  5264  3957  444.18176   67 1061  499.58750  444.18176  11.1%   170 3292s
  5272  3961  444.26358   68 1066  499.58750  444.26358  11.1%   179 3307s
  5283  3965  444.45610   69  956  499.58750  444.45610  11.0%   187 3325s
  5312  3979  444.57940   71  957  499.58750  444.57940  11.0%   197 3331s
  5356  4003     cutoff   73       499.58750  445.13274  10.9%   200 3339s
  5385  4013  445.13451   75  943  499.58750  445.13451  10.9%   202 3342s
  5412  4033  445.56079   76  862  499.58750  445.56079  10.8%   204 3346s
  5445  4058  446.26582   77  900  499.58750  446.12541  10.7%   206 3350s
  5528  4108  446.68583   81  888  499.58750  446.12541  10.7%   211 3373s
  5576  4135  446.68588   82  894  499.58750  446.12541  10.7%   214 3390s
  5629  4127  446.84328   83  894  499.58750  446.12541  10.7%   223 3409s
  5643  4146  446.91472   84  839  499.58750  446.12541  10.7%   228 3422s
  5679  4154  446.91510   85  840  499.58750  446.12541  10.7%   235 3436s
  5712  4223  447.58923   87  767  499.58750  446.12541  10.7%   241 3450s
  5799  4292  447.59020   88  763  499.58750  446.12541  10.7%   243 3456s
  5906  4346  447.59042   89  759  499.58750  446.12541  10.7%   241 3461s
  6019  4423  447.59042   90  759  499.58750  446.12541  10.7%   241 3466s
  6163  4460  447.63035   92  661  499.58750  446.12541  10.7%   238 3471s
  6333  4489  447.63555   93  624  499.58750  446.12541  10.7%   235 3485s
  6508  4511  447.63557   94  636  499.58750  446.12541  10.7%   233 3491s
  6658  4570  447.66305   96  679  499.58750  446.12541  10.7%   232 3496s
  6823  4673  447.68417   97  653  499.58750  446.12541  10.7%   230 3503s
  7010  4767  447.68918   98  651  499.58750  446.12541  10.7%   227 3510s
  7234  4888  447.69418   99  649  499.58750  446.12541  10.7%   223 3516s
  7449  5072  447.69706  102  653  499.58750  446.12541  10.7%   219 3521s
  7741  5239  447.71859  105  556  499.58750  446.12541  10.7%   213 3526s
  8036  5425  447.74728  107  518  499.58750  446.12541  10.7%   208 3531s
  8351  5661  447.75259  108  468  499.58750  446.12541  10.7%   203 3537s
  8721  5827  447.76294  109  452  499.58750  446.12541  10.7%   198 3552s
  9059  6015  447.76294  110  452  499.58750  446.12541  10.7%   195 3559s
  9412  6087  447.77183  112  429  499.58750  446.12541  10.7%   192 3565s
  9664  6190  448.33580  123  407  499.58750  446.12541  10.7%   191 3571s
  9961  6270     cutoff  126       499.58750  446.12541  10.7%   189 3577s
 10207  6346  468.06059  130  266  499.58750  446.12541  10.7%   189 3584s
 10419  6619  462.22250  142  347  499.58750  446.12541  10.7%   189 3590s
 10854  6747  466.21135  152  358  499.58750  446.12541  10.7%   184 3598s
 11241  7059  466.26347  158  311  499.58750  446.12541  10.7%   182 3612s
 11814  7454  466.29364  175  236  499.58750  446.12541  10.7%   177 3620s
 12540  7699  466.64101  218  191  499.58750  446.12541  10.7%   170 3628s
 13270  7969  468.86670  281  205  499.58750  446.12541  10.7%   163 3636s
 14009  8078     cutoff  349       499.58750  446.12733  10.7%   157 3643s
 14556  7897  496.35873  187  315  499.58750  446.45229  10.6%   154 3690s
 14558  7898  450.96920  224  370  499.58750  446.45229  10.6%   154 3709s
 14559  7899  474.72396  673  782  499.58750  446.45229  10.6%   154 3733s
 14560  7900  459.99794  284  950  499.58750  446.45229  10.6%   153 3746s
 14561  7900  461.97378  198 1039  499.58750  446.45229  10.6%   153 3761s
 14562  7901  458.26900  314 1037  499.58750  446.45229  10.6%   153 3771s
 14563  7902  458.86267  183 1011  499.58750  446.45229  10.6%   153 3776s
 14566  7904  490.09672  141  942  499.58750  446.45229  10.6%   153 3785s
 14567  7904  456.53946  348  935  499.58750  446.45229  10.6%   153 3795s
 14571  7907  466.03510  239  965  499.58750  446.45229  10.6%   153 3802s
 14572  7908  449.70152  265  945  499.58750  446.45229  10.6%   153 3811s
 14574  7909  488.45427  153  968  499.58750  446.45229  10.6%   153 3817s
 14575  7910  498.91998  367  960  499.58750  446.74059  10.6%   153 3826s
 14580  7913  466.19058  252  972  499.58750  446.80353  10.6%   153 3832s
 14581  7914  449.38461  146  958  499.58750  447.37058  10.5%   153 3842s
 14584  7916  447.96940  250  993  499.58750  447.39923  10.4%   153 3847s
 14585  7916  473.37736  135  981  499.58750  448.10816  10.3%   153 3856s
 14588  7918  456.09380   80  983  499.58750  448.27021  10.3%   153 3862s
 14589  7919  452.74295  115  968  499.58750  448.35472  10.3%   153 3876s
 14592  7921  454.69293  158  922  499.58750  448.38698  10.2%   153 3881s
 14593  7922  455.43633  287  883  499.58750  448.40289  10.2%   153 3891s
 14596  7924  480.03423  147  884  499.58750  448.41667  10.2%   153 3895s
 14597  7924  480.25321  345  866  499.58750  448.45324  10.2%   153 3904s
 14598  7925  498.62808  177  886  499.58750  448.46278  10.2%   153 3905s
 14600  7926  478.67453  253  891  499.58750  448.58793  10.2%   153 3921s
 14601  7927  463.33625  349  896  499.58750  448.58793  10.2%   153 3926s
 14602  7928  477.66841  302  872  499.58750  448.76146  10.2%   153 3935s
 14604  7929  478.57741  230  868  499.58750  448.77221  10.2%   153 3940s
 14605  7930  457.03591  230  874  499.58750  448.81947  10.2%   153 3949s
 14606  7930  491.78597  154  843  499.58750  448.97032  10.1%   153 3950s
 14610  7933  455.36907  183  829  499.58750  449.06283  10.1%   153 3963s
 14613  7935  482.57033  118  910  499.58750  449.08592  10.1%   153 3967s
 14614  7936  457.39503  421  874  499.58750  449.16171  10.1%   153 3979s
 14615  7936  467.30452  343  944  499.58750  449.19059  10.1%   153 3980s
 14617  7938  480.69228  301  943  499.58750  449.19304  10.1%   153 3985s
 14618  7938  461.71357   99  943  499.58750  449.73907  10.0%   153 3996s
 14622  7941  465.96094  298  955  499.58750  449.82471  10.0%   153 4003s
 14623  7942  449.99428  115  866  499.58750  449.99428  9.93%   153 4012s
 14626  7944  468.92693  315  929  499.58750  450.03108  9.92%   153 4018s
 14627  7944  450.15092  216  878  499.58750  450.15092  9.90%   153 4028s
 14629  7946  469.85842  117  890  499.58750  450.15665  9.89%   153 4032s
 14630  7946  450.18043  132  871  499.58750  450.18043  9.89%   153 4042s
 14634  7949  468.08613  177  882  499.58750  450.19264  9.89%   153 4048s
 14635  7950  470.65878  389  923  499.58750  450.21156  9.88%   153 4058s
 14637  7951  483.29178  683 1007  499.58750  450.26104  9.87%   153 4060s
 14639  7952  450.26198  111  997  499.58750  450.26198  9.87%   153 4065s
 14640  7953  466.52490  279  978  499.58750  450.29834  9.87%   153 4074s
 14641  7954  463.64872  364  994  499.58750  450.30862  9.86%   153 4075s
 14643  7955  450.31551  116 1002  499.58750  450.31551  9.86%   153 4080s
 14644  7956  469.97233  110  983  499.58750  450.32556  9.86%   153 4086s
 14647  7958  468.84390  182  998  499.58750  450.34866  9.86%   153 4092s
 14648  7958  485.31863  172  977  499.58750  450.35088  9.86%   153 4104s
 14649  7959  450.91462  244  990  499.58750  450.35088  9.86%   153 4108s
 14650  7960  467.28597  292  970  499.58750  450.35322  9.85%   153 4118s
 14652  7961  480.29948  259  949  499.58750  450.36891  9.85%   153 4123s
 14653  7962  490.46201  169  928  499.58750  450.43059  9.84%   153 4268s
 14654  7962  468.53593  501  934  499.58750  450.43059  9.84%   153 4273s
 14655  7963  476.17052  151  920  499.58750  450.43535  9.84%   153 4284s
 14657  7964  463.64872  364  948  499.58750  450.43691  9.84%   152 4289s
 14658  7965  450.96920  224  930  499.58750  450.43829  9.84%   152 4299s
 14659  7966  474.72396  673  945  499.58750  450.43830  9.84%   152 4303s
 14660  7966  459.99794  284  942  499.58750  450.44915  9.84%   152 4309s
 14661  7967  461.97378  198  960  499.58750  450.44955  9.84%   152 4314s
 14662  7968  458.26900  314  958  499.58750  450.46643  9.83%   152 4325s
 14666  7970  490.09672  141 1012  499.58750  450.49533  9.83%   152 4331s
 14667  7971  456.53946  348 1001  499.58750  450.51409  9.82%   152 4341s
 14669  7972  491.38847  293 1017  499.58750  450.51516  9.82%   152 4345s
 14670  7973  450.51884  102  998  499.58750  450.51884  9.82%   152 4356s
 14672  7974  450.52416  265  997  499.58750  450.52416  9.82%   152 4361s
 14673  7975  450.52766  237  986  499.58750  450.52766  9.82%   152 4371s
 14675  7976  498.91998  367 1018  499.58750  450.53056  9.82%   152 4376s
 14676  7977  464.17716  244  988  499.58750  450.53441  9.82%   152 4387s
 14679  7979  450.54805  272 1017  499.58750  450.54805  9.82%   152 4390s
 14681  7980  450.54837  146 1008  499.58750  450.54837  9.82%   152 4403s
 14683  7982  492.12517  182 1029  499.58750  450.55633  9.81%   152 4405s
 14685  7983  473.37736  135 1087  499.58750  450.55779  9.81%   152 4410s
 14686  7984  489.53107  246 1063  499.58750  450.55781  9.81%   152 4420s
 14688  7985  456.09380   80 1088  499.58750  450.56039  9.81%   152 4426s
 14689  7986  452.74295  115 1059  499.58750  450.56051  9.81%   152 4437s
 14691  7987  459.23833  164 1092  499.58750  450.56732  9.81%   152 4443s
 14692  7988  454.69293  158 1102  499.58750  450.56975  9.81%   152 4459s
 14693  7988  455.43633  287 1101  499.58750  450.57335  9.81%   152 4460s
 14694  7989  471.80025  656 1101  499.58750  450.57368  9.81%   152 4465s
 14695  7990  453.99892  344 1084  499.58750  450.59919  9.81%   152 4482s
 14697  7991  480.25321  345 1101  499.58750  450.60202  9.81%   152 4488s
 14698  7992  498.62808  177 1096  499.58750  450.60854  9.80%   152 4503s
 14700  7993  478.67453  253 1075  499.58750  450.60962  9.80%   152 4509s
 14701  7994  463.33625  349  995  499.58750  450.69734  9.79%   152 4525s
 14705  7996  457.03591  230 1028  499.58750  450.83395  9.76%   152 4534s
 14706  7997  491.78597  154  994  499.58750  450.83975  9.76%   152 4549s
 14707  7998  478.28532  302 1012  499.58750  450.83977  9.76%   152 4554s
 14708  7998  456.77668  208  977  499.58750  450.89057  9.75%   152 4564s
 14709  7999  481.60504  391  955  499.58750  450.91590  9.74%   152 4565s
 14711  8000  477.44417  486  970  499.58750  450.91826  9.74%   152 4570s
 14712  8001  462.57006  281  969  499.58750  450.92116  9.74%   152 4579s
 14713  8002  482.57033  118  987  499.58750  450.92138  9.74%   152 4583s
 14714  8002  457.39503  421  984  499.58750  450.92187  9.74%   152 4592s
 14715  8003  467.30452  343  982  499.58750  450.92193  9.74%   152 4596s
 14716  8004  489.53107  161  952  499.58750  451.00879  9.72%   152 4608s
 14719  8006  457.18540  482  980  499.58750  451.01208  9.72%   152 4610s
 14721  8007  483.63666  309  956  499.58750  451.01627  9.72%   152 4624s
 14722  8008  465.96094  298  955  499.58750  451.01758  9.72%   152 4625s
 14724  8009  451.02129  165  987  499.58750  451.02129  9.72%   152 4640s
 14727  8011  451.02272  216 1039  499.58750  451.02272  9.72%   152 4659s
 14729  8012  469.85842  117 1053  499.58750  451.02368  9.72%   152 4664s
 14730  8013  451.02881  132 1010  499.58750  451.02881  9.72%   152 4677s
 14732  8014  468.60275  342  960  499.58750  451.04819  9.72%   152 4682s
 14733  8015  462.47304  115  954  499.58750  451.04932  9.72%   152 4692s
 14735  8016  470.65878  389  962  499.58750  451.05072  9.72%   152 4696s
 14736  8017  466.31726  179  963  499.58750  451.05072  9.72%   152 4707s
 14737  8018  483.29178  683  953  499.58750  451.05072  9.72%   152 4711s
 14738  8018  462.82083  141  964  499.58750  451.05154  9.72%   152 4716s
 14739  8019  451.05160  111  964  499.58750  451.05160  9.72%   152 4720s
 14740  8020  466.52490  279  968  499.58750  451.05160  9.72%   152 4725s
 14742  8021  467.55013  233  968  499.58750  451.05160  9.72%   152 4730s
 14743  8023  451.05160  116  315  499.58750  451.05160  9.72%   177 4745s
 14745  8024  457.03591  232  532  499.58750  451.05160  9.72%   177 4766s
 14746  8025  451.18669  105  470  499.58750  451.05160  9.72%   177 4780s
 14747  8026  468.84390  182  683  499.58750  451.05160  9.72%   177 4794s
 14748  8026  485.31863  172  778  499.58750  451.05160  9.72%   177 4804s
 14749  8027  451.05160  244  890  499.58750  451.05160  9.72%   177 4806s
 14752  8029  480.29948  259  874  499.58750  451.05160  9.72%   177 4811s
 14757  8032  463.64872  364  914  499.58750  451.07859  9.71%   176 4822s
 14758  8033  451.11691  224  905  499.58750  451.11691  9.70%   176 4833s
 14761  8035  461.97378  198  907  499.58750  451.23744  9.68%   176 4835s
 14762  8036  458.26900  314  908  499.58750  451.23744  9.68%   176 4840s
 14763  8036  458.86267  183  937  499.58750  451.43353  9.64%   176 4850s
 14768  8040  484.97066  132  871  499.58750  451.67744  9.59%   176 4857s
 14769  8040  491.38847  293  858  499.58750  451.84788  9.56%   176 4867s
 14774  8044  488.45427  153  874  499.58750  451.87815  9.55%   176 4875s
 14775  8044  498.91998  367  886  499.58750  452.08652  9.51%   176 4886s
 14778  8046  452.11634  330  896  499.58750  452.11634  9.50%   176 4892s
 14779  8047  452.13944  272  894  499.58750  452.13944  9.50%   176 4903s
 14782  8049  462.40207  262  895  499.58750  452.15999  9.49%   176 4909s
 14783  8050  492.12517  182  883  499.58750  452.72250  9.38%   176 4918s
 14787  8052  452.79631  130  903  499.58750  452.79631  9.37%   176 4924s
 14788  8053  456.09380   80  887  499.58750  452.86586  9.35%   176 4933s
 14791  8055  459.23833  164  903  499.58750  452.89001  9.35%   176 4938s
 14792  8056  454.69293  158  876  499.58750  452.89401  9.35%   176 4947s
 14796  8058  480.03423  147  882  499.58750  452.94093  9.34%   176 4955s
 14797  8059  480.25321  345  882  499.58750  452.96362  9.33%   176 4964s
 14798  8060  498.62808  177  904  499.58750  452.96647  9.33%   176 4965s
 14800  8061  478.67453  253  899  499.58750  452.97028  9.33%   176 4971s
 14801  8062  463.33625  349  881  499.58750  453.10262  9.30%   176 4980s
 14805  8064  457.03591  230  906  499.58750  453.14774  9.30%   176 4987s
 14806  8065  491.78597  154  893  499.58750  453.30307  9.26%   176 4995s
 14810  8068  455.36907  183  910  499.58750  453.39544  9.25%   176 5000s
 14811  8068  477.44417  486  889  499.58750  453.65907  9.19%   176 5009s
 14813  8070  482.57033  118  906  499.58750  453.73790  9.18%   176 5010s
 14815  8071  467.30452  343  879  499.58750  453.85959  9.15%   176 5025s
 14818  8073  461.71357   99  900  499.58750  453.88063  9.15%   176 5032s
 14819  8074  457.18540  482  866  499.58750  454.01173  9.12%   176 5041s
 14823  8076  454.15702  115  892  499.58750  454.15702  9.09%   176 5049s
 14824  8077  454.20978  165  887  499.58750  454.20978  9.08%   176 5056s
 14830  8081  454.34190  132  991  499.58750  454.34190  9.06%   176 5064s
 14831  8082  454.41184  104  889  499.58750  454.41184  9.04%   176 5072s
 14836  8085  466.31726  179  953  499.58750  454.54948  9.02%   176 5078s
 14837  8086  483.29178  683  868  499.58750  454.55574  9.01%   176 5088s
 14842  8089  467.55013  233  920  499.58750  454.58301  9.01%   175 5094s
 14843  8090  454.61194  116  897  499.58750  454.61194  9.00%   175 5103s
 14844  8090  469.97233  110  855  499.58750  454.62037  9.00%   175 5112s
 14848  8093  485.31863  172  946  499.58750  454.64846  9.00%   175 5118s
 14849  8094  454.68495  244  949  499.58750  454.68495  8.99%   175 5127s
 14852  8096  480.29948  259  927  499.58750  454.71624  8.98%   175 5133s
 14853  8096  490.46201  169  914  499.58750  454.72101  8.98%   175 5142s
 14856  8098  496.35873  187  933  499.58750  454.74217  8.98%   175 5147s
 14857  8099  463.64872  364  909  499.58750  454.74353  8.98%   175 5155s
 14860  8101  459.99794  284  904  499.58750  454.75678  8.97%   175 5167s
 14862  8102  458.26900  314  923  499.58750  454.76533  8.97%   175 5171s
 14863  8103  458.86267  183  903  499.58750  454.80306  8.96%   175 5179s
 14865  8104  480.37518  104  934  499.58750  454.81950  8.96%   175 5180s
 14867  8106  456.53946  348  934  499.58750  454.81994  8.96%   175 5186s
 14868  8106  484.97066  132  920  499.58750  454.82441  8.96%   175 5196s
 14869  8107  491.38847  293  924  499.58750  454.82459  8.96%   175 5200s
 14870  8108  454.82591  102  918  499.58750  454.82591  8.96%   175 5209s
 14872  8109  454.82634  265  945  499.58750  454.82634  8.96%   175 5213s
 14873  8110  454.83508  237  935  499.58750  454.83508  8.96%   175 5222s
 14875  8111  498.91998  367  955  499.58750  454.83567  8.96%   175 5226s
 14876  8112  464.17716  244  948  499.58750  454.83980  8.96%   175 5235s
 14878  8113  454.83986  330  952  499.58750  454.83986  8.96%   175 5247s
 14879  8114  454.83986  272  953  499.58750  454.83986  8.96%   175 5251s
 14880  8114  466.19058  252  944  499.58750  454.84038  8.96%   175 5260s
 14882  8116  462.40207  262  950  499.58750  454.84099  8.96%   175 5272s
 14884  8117  454.84099  250  946  499.58750  454.84099  8.96%   175 5277s
 14885  8121  454.89501   88  934  499.58750  454.89501  8.95%   187 5302s
 14891  8125  454.89607   90  930  499.58750  454.89607  8.95%   187 5327s
 14907  8131  455.15796   92  928  499.58750  455.15796  8.89%   193 5335s
 14923  8131  455.18206   93  933  499.58750  455.16828  8.89%   195 5341s
 14939  8141  455.18206   94  933  499.58750  455.18206  8.89%   195 5347s
 14947  8148  468.81766   94  796  499.58750  455.18206  8.89%   196 5350s
 14970  8159  475.39054   95  848  499.58750  455.18220  8.89%   197 5359s
 14981  8165  455.18348   96  923  499.58750  455.18348  8.89%   198 5366s
 14992  8164 infeasible   96       499.58750  455.18348  8.89%   199 5374s
 15002  8171  455.28734   97  918  499.58750  455.18348  8.89%   202 5387s
 15019  8178     cutoff   97       499.58750  455.31216  8.86%   203 5395s
 15040  8184  455.72166   98  847  499.58750  455.72166  8.78%   204 5401s
 15064  8192  455.72430   99  829  499.58750  455.72430  8.78%   206 5409s
 15087  8204  455.74148  100  784  499.58750  455.74148  8.78%   207 5416s
 15116  8210  455.75507  101  680  499.58750  455.75507  8.77%   208 5427s
 15137  8231  455.76236  102  658  499.58750  455.76236  8.77%   209 5441s
 15171  8238  455.76707  103  699  499.58750  455.76707  8.77%   209 5447s
 15191  8244  455.76707  104  699  499.58750  455.76707  8.77%   210 5453s
 15207  8246  455.87896  105  677  499.58750  455.79550  8.77%   211 5461s
 15219  8261  456.49405  106  675  499.58750  455.79550  8.77%   212 5468s
 15242  8277  458.81914  108  653  499.58750  455.79550  8.77%   213 5473s
 15270  8280  458.97309  110  655  499.58750  455.79550  8.77%   214 5499s
 15284  8303  460.25627  111  659  499.58750  455.79550  8.77%   214 5506s
 15315  8314  457.82514  113  673  499.58750  455.79550  8.77%   215 5512s
 15344  8335  485.90024  114  573  499.58750  455.79550  8.77%   216 5521s
 15399  8353  459.10504  117  630  499.58750  455.79550  8.77%   217 5530s
 15465  8359  457.84156  119  618  499.58750  455.79550  8.77%   217 5539s
 15523  8382  457.84206  121  583  499.58750  455.79550  8.77%   218 5549s
 15577  8388  458.22707  123  516  499.58750  455.79550  8.77%   219 5559s
 15658  8415  462.15050  125  362  499.58750  455.79550  8.77%   220 5568s
 15757  8419  462.47044  132  335  499.58750  455.79550  8.77%   220 5577s
 15846  8438  497.44729  140  404  499.58750  455.79550  8.77%   220 5586s
 15924  8451  492.00220  145  381  499.58750  455.79550  8.77%   219 5595s
 16005  8463  491.87224  150  426  499.58750  455.79550  8.77%   219 5607s
 16109  8467  492.12870  164  404  499.58750  455.79550  8.77%   219 5616s
 16215  8455  492.28647  171  356  499.58750  455.79550  8.77%   218 5627s
 16346  8456  492.29109  189  355  499.58750  455.79550  8.77%   217 5638s
 16500  8427  492.29109  213  355  499.58750  455.79550  8.77%   215 5648s
 16625  8405  493.09051  231  336  499.58750  455.79550  8.77%   215 5661s
 16738  8397  494.01295  238  208  499.58750  455.79550  8.77%   216 5673s
 16845  8401  494.43726  251  212  499.58750  455.79550  8.77%   216 5685s
 16956  8412  495.33485  273  198  499.58750  455.79550  8.77%   215 5696s
 17064  8438  495.97272  285  193  499.58750  455.80399  8.76%   215 5708s
 17185  8461  459.18912   99  876  499.58750  455.81749  8.76%   214 5721s
 17319  8442  459.31049  103  781  499.58750  455.81749  8.76%   213 5737s
 17474  8459  459.74943  108  579  499.58750  455.81749  8.76%   213 5748s
 17594  8504  459.75138  112  531  499.58750  455.81749  8.76%   213 5761s
 17735  8584  464.90979  117  437  499.58750  455.81749  8.76%   212 5775s
 17945  8635  464.90451  133  291  499.58750  455.81749  8.76%   210 5788s
 18196  8698  467.81408  150  244  499.58750  455.81749  8.76%   209 5806s
 18422  8884  472.25693  205  250  499.58750  455.81749  8.76%   208 5820s
 18888  8826  479.02430  262  192  499.58750  455.81749  8.76%   204 5835s
 19301  8736  483.42819  354  164  499.58750  456.03832  8.72%   201 5849s
 19438  8712  457.92305   96  771  499.58750  456.03832  8.72%   201 5878s
 19482  8861  461.00723   97  762  499.58750  456.03832  8.72%   201 5893s
 19733  8873  462.98804  105  707  499.58750  456.03832  8.72%   200 5909s
 19898  8969  495.46255  115  602  499.58750  456.03832  8.72%   200 5928s
 20178  8975  497.68366  133  326  499.58750  456.04568  8.72%   198 5943s
 20391  9181  460.11784   98  717  499.58750  456.04568  8.72%   198 5961s
 20865  9407  462.95030  110  618  499.58750  456.04568  8.72%   195 5982s
 21522  9539  474.31151  198  280  499.58750  456.04568  8.72%   193 6000s
 22076  9742  495.41410  259  193  499.58750  456.04568  8.72%   191 6022s
 22606  9958  490.48579  112  633  499.58750  456.89094  8.55%   189 6041s
 23153 10255  497.06922  122  569  499.58750  456.89592  8.55%   189 6092s
 23920 10446  461.03026  120  466  499.58750  456.95919  8.53%   187 6111s
 24510 10902  486.23930  243  277  499.58750  456.95919  8.53%   185 6135s
 25466 10993  464.63493  143  385  499.58750  457.08870  8.51%   183 6157s
 26068 11371  479.07266  116  377  499.58750  457.08870  8.51%   183 6181s
 26938 11688  491.44467  207  392  499.58750  457.22061  8.48%   181 6204s
 27619 12237  459.04749  104  610  499.58750  457.22061  8.48%   182 6230s
 28576 12141  472.58406  175  353  499.58750  457.22061  8.48%   181 6263s
 28878 12604  481.27709  227  210  499.58750  457.22914  8.48%   180 6286s
 29548 12382  485.62785  246  315  499.58750  457.22914  8.48%   180 6460s
 29550 12383  491.82133  185  478  499.58750  457.22914  8.48%   180 6479s
 29551 12384  478.83581  219  316  499.58750  457.22914  8.48%   180 6497s
 29552 12385  467.06866  187  731  499.58750  457.22914  8.48%   180 6524s
 29553 12385  464.58504  142  842  499.58750  457.22914  8.48%   180 6534s
 29554 12386  457.35271  123  789  499.58750  457.22914  8.48%   180 6537s
 29555 12387  472.51668  192  804  499.58750  458.91462  8.14%   180 6540s
 29559 12389  496.08932  201  674  499.58750  459.50677  8.02%   180 6551s
 29560 12390  493.34149  169  546  499.58750  459.61800  8.00%   180 6559s
 29561 12391  480.89071  188  571  499.58750  459.61800  8.00%   180 6564s
 29562 12391  475.36503  114  601  499.58750  459.61974  8.00%   180 6571s
 29564 12393  470.31716  107  579  499.58750  459.62335  8.00%   180 6576s
 29565 12393  465.08360  131  729  499.58750  459.66568  7.99%   180 6587s
 29568 12395  493.08843  128  708  499.58750  459.68328  7.99%   180 6592s
 29569 12396  459.69189  103  747  499.58750  459.69189  7.99%   180 6603s
 29570 12397  466.83224  150  761  499.58750  459.69203  7.99%   180 6608s
 29571 12397  465.83697  123  744  499.58750  459.70557  7.98%   180 6617s
 29572 12398  482.13899  214  788  499.58750  459.70563  7.98%   180 6622s
 29573 12399  481.51209  165  757  499.58750  459.70968  7.98%   180 6631s
 29577 12401  491.64949  145  699  499.58750  459.74132  7.98%   180 6636s
 29578 12402  488.27711  156  777  499.58750  459.99620  7.92%   180 6645s
 29582 12405  474.43407  198  804  499.58750  460.14975  7.89%   180 6652s
 29583 12405  461.57761  126  803  499.58750  460.35458  7.85%   180 6659s
 29584 12406  499.18485  228  810  499.58750  460.36276  7.85%   180 6660s
 29585 12407  463.46700  154  818  499.58750  460.36306  7.85%   180 6667s
 29586 12407  496.17634  156  821  499.58750  460.43902  7.84%   180 6676s
 29588 12409  481.69703  283  820  499.58750  460.44717  7.83%   180 6680s
 29589 12409  498.86060  126  791  499.58750  460.50396  7.82%   180 6689s
 29591 12411  463.81390  116  798  499.58750  460.50480  7.82%   180 6693s
 29592 12411  475.85880  101  801  499.58750  460.62062  7.80%   180 6701s
 29594 12413  492.86363  148  822  499.58750  460.62150  7.80%   180 6705s
 29595 12413  480.86484  196  797  499.58750  460.68378  7.79%   180 6712s
 29596 12414  467.09500  163  816  499.58750  460.68385  7.79%   180 6718s
 29597 12415  483.82852  303  816  499.58750  460.70229  7.78%   180 6730s
 29598 12415  480.55147  177  822  499.58750  460.70255  7.78%   180 6738s
 29599 12416  481.52648  154  892  499.58750  461.18610  7.69%   180 6749s
 29600 12417  495.85393  176  884  499.58750  461.41003  7.64%   180 6750s
 29602 12418  461.42343  135  886  499.58750  461.42343  7.64%   180 6762s
 29603 12419  462.47599  210  816  499.58750  461.75986  7.57%   180 6771s
 29606 12421  479.77896  138  898  499.58750  461.88624  7.55%   180 6780s
 29607 12421  485.94250  238  809  499.58750  461.91442  7.54%   180 6788s
 29610 12423  495.98426  125  906  499.58750  461.91981  7.54%   180 6792s
 29611 12424  464.67712  222  886  499.58750  461.98314  7.53%   180 6801s
 29615 12427  475.36503  103  926  499.58750  462.02781  7.52%   180 6806s
 29616 12427  469.20941  200  867  499.58750  462.12764  7.50%   180 6813s
 29618 12429  493.39464  237  915  499.58750  462.16963  7.49%   180 6817s
 29619 12429  496.03168  178  908  499.58750  462.18250  7.49%   180 6826s
 29622 12431  493.87214  307  905  499.58750  462.19356  7.48%   180 6830s
 29623 12432  479.86740  212  939  499.58750  462.25390  7.47%   180 6837s
 29625 12433  480.59994  261  952  499.58750  462.25536  7.47%   180 6841s
 29626 12434  481.93724  235  888  499.58750  462.26108  7.47%   180 6849s
 29628 12435  481.32373  140  908  499.58750  462.26241  7.47%   180 6853s
 29629 12436  492.95765  250  875  499.58750  462.26540  7.47%   180 6860s
 29631 12437  463.76084  220  863  499.58750  462.28911  7.47%   180 6872s
 29633 12439  462.43358  110  879  499.58750  462.29550  7.46%   180 6877s
 29634 12439  482.62001  225  883  499.58750  462.29704  7.46%   180 6885s
 29636 12441  499.21167  166  871  499.58750  462.30255  7.46%   180 6896s
 29637 12441  497.95403  185  884  499.58750  462.30256  7.46%   180 6900s
 29638 12442  498.73201  335  866  499.58750  462.30731  7.46%   180 6907s
 29639 12443  470.44317  264  883  499.58750  462.30758  7.46%   180 6911s
 29640 12443  468.06880  219  884  499.58750  462.31049  7.46%   180 6918s
 29642 12445  492.20840  281  853  499.58750  462.31123  7.46%   180 6921s
 29643 12445  478.49372  184  844  499.58750  462.32409  7.46%   180 6929s
 29644 12446  499.05519  153  865  499.58750  462.32442  7.46%   180 6933s
 29645 12447  462.33133  123  848  499.58750  462.33133  7.46%   180 6941s
 29648 12449  485.62785  246  855  499.58750  462.33893  7.46%   180 6952s
 29649 12449  470.08407  144  869  499.58750  462.33893  7.46%   180 6955s
 29650 12450  491.82133  185  857  499.58750  462.34327  7.45%   180 6963s
 29652 12451  467.06866  187  871  499.58750  462.34406  7.45%   180 6967s
 29653 12452  464.58504  142  864  499.58750  462.34933  7.45%   180 6974s
 29654 12453  462.34935  123  878  499.58750  462.34935  7.45%   180 6978s
 29655 12453  472.51668  192  878  499.58750  462.36513  7.45%   180 6986s
 29657 12455  491.65498  154  873  499.58750  462.36730  7.45%   180 6990s
 29658 12455  489.10912  234  909  499.58750  462.39012  7.45%   180 6998s
 29661 12457  480.89071  188  912  499.58750  462.40607  7.44%   180 7002s
 29662 12458  475.36503  114  887  499.58750  462.42807  7.44%   180 7009s
 29663 12459  481.32373  140  901  499.58750  462.42815  7.44%   180 7013s
 29664 12459  470.31716  107  893  499.58750  462.43008  7.44%   180 7024s
 29665 12460  465.08360  131  919  499.58750  462.43301  7.44%   180 7025s
 29667 12461  496.58735  169  909  499.58750  462.44496  7.43%   179 7036s
 29669 12463  462.44774  103  913  499.58750  462.44774  7.43%   179 7048s
 29672 12465  482.13899  214  937  499.58750  462.45162  7.43%   179 7052s
 29673 12465  481.51209  165  935  499.58750  462.48045  7.43%   179 7061s
 29676 12467  497.90474  342  953  499.58750  462.48308  7.43%   179 7066s
 29677 12468  491.64949  145  977  499.58750  462.50266  7.42%   179 7074s
 29678 12469  488.27711  156  975  499.58750  462.50333  7.42%   179 7075s
 29680 12470  497.63629  200  938  499.58750  462.50691  7.42%   179 7086s
 29681 12471  487.92009  278  945  499.58750  462.50703  7.42%   179 7090s
 29682 12471  474.43407  198  902  499.58750  462.52528  7.42%   179 7098s
 29685 12473  463.46700  154  900  499.58750  462.53028  7.42%   179 7103s
 29686 12474  496.17634  156  892  499.58750  462.53190  7.42%   179 7110s
 29688 12475  481.69703  283  910  499.58750  462.53648  7.42%   179 7121s
 29690 12477  464.03917  150  956  499.58750  462.53725  7.42%   179 7125s
 29691 12477  463.81390  116  925  499.58750  462.54243  7.42%   179 7133s
 29693 12479  481.52080  205  925  499.58750  462.54341  7.41%   179 7136s
 29694 12479  492.86363  148  900  499.58750  462.58575  7.41%   179 7145s
 29698 12482  480.55147  177  911  499.58750  462.64853  7.39%   179 7157s
 29700 12483  495.85393  176  953  499.58750  462.64923  7.39%   179 7161s
 29701 12484  497.30600  142  919  499.58750  462.74672  7.37%   179 7171s
 29703 12485  462.74846  210  939  499.58750  462.74846  7.37%   179 7175s
 29704 12486  478.19905  231  891  499.58750  462.74971  7.37%   179 7182s
 29706 12487  479.77896  138  909  499.58750  462.75396  7.37%   179 7186s
 29707 12488  485.94250  238  899  499.58750  462.78436  7.37%   179 7194s
 29708 12489  478.79539  246  915  499.58750  462.79828  7.36%   179 7195s

Cutting planes:
  Gomory: 5
  Cover: 1
  Implied bound: 22
  Projected implied bound: 40
  Clique: 3
  MIR: 272
  StrongCG: 3
  Flow cover: 642
  Zero half: 276
  RLT: 14
  Relax-and-lift: 1124

Explored 29710 nodes (7622539 simplex iterations) in 7200.73 seconds (10236.14 work units)
Thread count was 16 (of 16 available processors)

Solution count 10: 499.587 499.589 503.623 ... 571.779

Time limit reached
Best objective 4.995874986756e+02, best bound 4.628000284108e+02, gap 7.3636%

User-callback calls 588860, time in user-callback 2.89 sec
