
Gurobi 10.0.1 (win64) logging started Sun Sep 21 17:12:41 2025

Set parameter LogFile to value "log_group_6/bound_Expr348_s10_l1051_s11_e12_o80_d160_t60_s53_0_0_0_0.log"
Gurobi Optimizer version 10.0.1 build v10.0.1rc0 (win64)

CPU model: Intel(R) Core(TM) i7-10700 CPU @ 2.90GHz, instruction set [SSE2|AVX|AVX2]
Thread count: 8 physical cores, 16 logical processors, using up to 16 threads

Optimize a model with 3401810 rows, 3400740 columns and 27178300 nonzeros
Model fingerprint: 0xf84915ba
Variable types: 740 continuous, 3400000 integer (3400000 binary)
Coefficient statistics:
  Matrix range     [1e+00, 9e+02]
  Objective range  [1e+00, 1e+00]
  Bounds range     [1e+00, 1e+03]
  RHS range        [1e+00, 9e+02]
Presolve removed 0 rows and 80 columns (presolve time = 5s) ...
Presolve removed 3355740 rows and 3355660 columns (presolve time = 10s) ...
Presolve removed 3355740 rows and 3355170 columns
Presolve time: 13.62s
Presolved: 46070 rows, 45570 columns, 269460 nonzeros
Variable types: 580 continuous, 44990 integer (44990 binary)
Found heuristic solution: objective 16051.692733
Found heuristic solution: objective 1887.6232333
Deterministic concurrent LP optimizer: primal and dual simplex
Showing first log only...


Root simplex log...

Iteration    Objective       Primal Inf.    Dual Inf.      Time
       0   -5.4886000e+04   1.480732e+04   4.671314e+08     17s
    3360    6.0314000e+04   0.000000e+00   1.240000e+03     17s
    4123    0.0000000e+00   0.000000e+00   0.000000e+00     17s
Concurrent spin time: 0.18s

Solved with primal simplex

Root relaxation: objective 0.000000e+00, 4123 iterations, 0.89 seconds (1.83 work units)

    Nodes    |    Current Node    |     Objective Bounds      |     Work
 Expl Unexpl |  Obj  Depth IntInf | Incumbent    BestBd   Gap | It/Node Time

     0     0    0.00000    0  245 1887.62323    0.00000   100%     -   20s
H    0     0                    1708.5439333    0.00000   100%     -   22s
H    0     0                    1666.8871000    0.00000   100%     -   26s
     0     0    0.00000    0  327 1666.88710    0.00000   100%     -   26s
H    0     0                     937.1648333    0.00000   100%     -   31s
     0     0    0.00000    0  284  937.16483    0.00000   100%     -   32s
H    0     0                     768.8780292    0.00000   100%     -   47s
H    0     0                     715.9856667    0.00000   100%     -   47s
H    0     0                     681.2664285    0.00000   100%     -   47s
     0     0    0.00000    0  245  681.26643    0.00000   100%     -   49s
     0     0    0.00000    0  266  681.26643    0.00000   100%     -   55s
     0     0    0.00000    0  302  681.26643    0.00000   100%     -   60s

Cutting planes:
  Gomory: 8
  Implied bound: 367
  MIR: 211
  RLT: 68
  Relax-and-lift: 60

Explored 1 nodes (37336 simplex iterations) in 60.38 seconds (83.71 work units)
Thread count was 16 (of 16 available processors)

Solution count 8: 681.266 715.986 768.878 ... 16051.7

Time limit reached
Best objective 6.812664285474e+02, best bound 0.000000000000e+00, gap 100.0000%

User-callback calls 9177, time in user-callback 0.04 sec
