
Gurobi 12.0.1 (win64) logging started Sat Sep 20 06:04:23 2025

Set parameter LogFile to value "log_group_6/bound_Expr88_s5_l1051_s11_e12_o20_d40_t7200_s18_1_1_1_1.log"
Gurobi Optimizer version 12.0.1 build v12.0.1rc0 (win64 - Windows Server 2022.0 (20348.2))

CPU model: Intel(R) Xeon(R) Gold 6336Y CPU @ 2.40GHz, instruction set [SSE2|AVX|AVX2|AVX512]
Thread count: 48 physical cores, 96 logical processors, using up to 32 threads

Non-default parameters:
TimeLimit  7200

Optimize a model with 159218 rows, 155310 columns and 2243590 nonzeros
Model fingerprint: 0xe9b07a5d
Variable types: 310 continuous, 155000 integer (155000 binary)
Coefficient statistics:
  Matrix range     [1e+00, 9e+02]
  Objective range  [1e+00, 1e+00]
  Bounds range     [1e+00, 1e+03]
  RHS range        [1e+00, 9e+02]
Presolve removed 152785 rows and 149770 columns
Presolve time: 0.64s
Presolved: 6433 rows, 5540 columns, 65685 nonzeros
Variable types: 290 continuous, 5250 integer (5250 binary)
Found heuristic solution: objective 322.3926000
Performing another presolve...
Presolve removed 5532 rows and 4935 columns
Presolve time: 0.77s
Found heuristic solution: objective 202.1611000

Root relaxation: objective 1.028944e+02, 500 iterations, 0.02 seconds (0.02 work units)

    Nodes    |    Current Node    |     Objective Bounds      |     Work
 Expl Unexpl |  Obj  Depth IntInf | Incumbent    BestBd   Gap | It/Node Time

     0     0  102.89440    0   50  202.16110  102.89440  49.1%     -    1s
H    0     0                     173.1018000  102.89440  40.6%     -    1s
H    0     0                     165.3002667  102.89440  37.8%     -    1s
     0     0  102.89440    0   64  165.30027  102.89440  37.8%     -    1s
     0     0  102.89440    0   12  165.30027  102.89440  37.8%     -    1s
H    0     0                     125.5594667  102.89440  18.1%     -    1s
H    0     0                     117.9784000  102.89440  12.8%     -    2s
     0     0  102.89440    0   14  117.97840  102.89440  12.8%     -    2s
     0     0  102.89440    0   40  117.97840  102.89440  12.8%     -    2s
     0     0  102.89440    0   12  117.97840  102.89440  12.8%     -    2s
     0     0  103.84190    0   11  117.97840  103.84190  12.0%     -    2s
     0     0  106.12957    0   51  117.97840  106.12957  10.0%     -    2s
     0     0  106.12957    0   13  117.97840  106.12957  10.0%     -    2s
     0     0  107.80870    0   11  117.97840  107.80870  8.62%     -    2s
     0     0  109.84903    0   55  117.97840  109.84903  6.89%     -    2s
     0     0  109.84903    0   11  117.97840  109.84903  6.89%     -    2s
     0     0  109.84903    0   15  117.97840  109.84903  6.89%     -    2s
     0     0  109.84903    0   15  117.97840  109.84903  6.89%     -    2s
     0     0  111.54626    0   12  117.97840  111.54626  5.45%     -    2s
     0     0  111.61236    0   12  117.97840  111.61236  5.40%     -    2s
     0     0  117.32284    0    9  117.97840  117.32284  0.56%     -    2s
     0     0  117.45387    0    6  117.97840  117.45387  0.44%     -    2s
H    0     0                     117.4538667  117.45387  0.00%     -    2s
     0     0  117.45387    0    6  117.45387  117.45387  0.00%     -    2s

Cutting planes:
  Implied bound: 2
  MIR: 2
  Relax-and-lift: 5

Explored 1 nodes (2973 simplex iterations) in 2.20 seconds (2.25 work units)
Thread count was 32 (of 96 available processors)

Solution count 7: 117.454 117.978 125.559 ... 322.393

Optimal solution found (tolerance 1.00e-04)
Best objective 1.174538666666e+02, best bound 1.174538666666e+02, gap 0.0000%

User-callback calls 475, time in user-callback 0.00 sec

Gurobi 12.0.1 (win64) logging started Sat Sep 20 08:09:04 2025

Set parameter LogFile to value "log_group_6/bound_Expr88_s5_l1051_s11_e12_o20_d40_t7200_s18_1_1_1_1.log"
Gurobi Optimizer version 12.0.1 build v12.0.1rc0 (win64 - Windows Server 2022.0 (20348.2))

CPU model: Intel(R) Xeon(R) Gold 6336Y CPU @ 2.40GHz, instruction set [SSE2|AVX|AVX2|AVX512]
Thread count: 48 physical cores, 96 logical processors, using up to 32 threads

Non-default parameters:
TimeLimit  7200

Optimize a model with 159218 rows, 155310 columns and 2243590 nonzeros
Model fingerprint: 0xe9b07a5d
Variable types: 310 continuous, 155000 integer (155000 binary)
Coefficient statistics:
  Matrix range     [1e+00, 9e+02]
  Objective range  [1e+00, 1e+00]
  Bounds range     [1e+00, 1e+03]
  RHS range        [1e+00, 9e+02]
Presolve removed 152785 rows and 149770 columns
Presolve time: 0.68s
Presolved: 6433 rows, 5540 columns, 65685 nonzeros
Variable types: 290 continuous, 5250 integer (5250 binary)
Found heuristic solution: objective 322.3926000
Performing another presolve...
Presolve removed 5532 rows and 4935 columns
Presolve time: 0.68s
Found heuristic solution: objective 202.1611000

Root relaxation: objective 1.028944e+02, 500 iterations, 0.02 seconds (0.02 work units)

    Nodes    |    Current Node    |     Objective Bounds      |     Work
 Expl Unexpl |  Obj  Depth IntInf | Incumbent    BestBd   Gap | It/Node Time

     0     0  102.89440    0   50  202.16110  102.89440  49.1%     -    1s
H    0     0                     173.1018000  102.89440  40.6%     -    1s
H    0     0                     165.3002667  102.89440  37.8%     -    1s
     0     0  102.89440    0   64  165.30027  102.89440  37.8%     -    1s
     0     0  102.89440    0   12  165.30027  102.89440  37.8%     -    1s
H    0     0                     125.5594667  102.89440  18.1%     -    1s
H    0     0                     117.9784000  102.89440  12.8%     -    1s
     0     0  102.89440    0   14  117.97840  102.89440  12.8%     -    1s
     0     0  102.89440    0   40  117.97840  102.89440  12.8%     -    2s
     0     0  102.89440    0   12  117.97840  102.89440  12.8%     -    2s
     0     0  103.84190    0   11  117.97840  103.84190  12.0%     -    2s
     0     0  106.12957    0   51  117.97840  106.12957  10.0%     -    2s
     0     0  106.12957    0   13  117.97840  106.12957  10.0%     -    2s
     0     0  107.80870    0   11  117.97840  107.80870  8.62%     -    2s
     0     0  109.84903    0   55  117.97840  109.84903  6.89%     -    2s
     0     0  109.84903    0   11  117.97840  109.84903  6.89%     -    2s
     0     0  109.84903    0   15  117.97840  109.84903  6.89%     -    2s
     0     0  109.84903    0   15  117.97840  109.84903  6.89%     -    2s
     0     0  111.54626    0   12  117.97840  111.54626  5.45%     -    2s
     0     0  111.61236    0   12  117.97840  111.61236  5.40%     -    2s
     0     0  117.32284    0    9  117.97840  117.32284  0.56%     -    2s
     0     0  117.45387    0    6  117.97840  117.45387  0.44%     -    2s
H    0     0                     117.4538667  117.45387  0.00%     -    2s
     0     0  117.45387    0    6  117.45387  117.45387  0.00%     -    2s

Cutting planes:
  Implied bound: 2
  MIR: 2
  Relax-and-lift: 5

Explored 1 nodes (2973 simplex iterations) in 2.22 seconds (2.25 work units)
Thread count was 32 (of 96 available processors)

Solution count 7: 117.454 117.978 125.559 ... 322.393

Optimal solution found (tolerance 1.00e-04)
Best objective 1.174538666666e+02, best bound 1.174538666666e+02, gap 0.0000%

User-callback calls 500, time in user-callback 0.00 sec
