
Gurobi 10.0.1 (win64) logging started Sun Sep 21 16:29:57 2025

Set parameter LogFile to value "log_group_6/bound_Expr331_s7_l1051_s11_e12_o40_d80_t60_s36_0_0_0_0.log"
Gurobi Optimizer version 10.0.1 build v10.0.1rc0 (win64)

CPU model: Intel(R) Core(TM) i7-10700 CPU @ 2.90GHz, instruction set [SSE2|AVX|AVX2]
Thread count: 8 physical cores, 16 logical processors, using up to 16 threads

Optimize a model with 603203 rows, 602470 columns and 4820206 nonzeros
Model fingerprint: 0xffd978ee
Variable types: 470 continuous, 602000 integer (602000 binary)
Coefficient statistics:
  Matrix range     [1e+00, 8e+02]
  Objective range  [1e+00, 1e+00]
  Bounds range     [1e+00, 1e+03]
  RHS range        [1e+00, 8e+02]
Presolve removed 587070 rows and 587030 columns
Presolve time: 2.31s
Presolved: 16133 rows, 15440 columns, 106085 nonzeros
Variable types: 390 continuous, 15050 integer (15050 binary)
Found heuristic solution: objective 928.8210333
Deterministic concurrent LP optimizer: primal and dual simplex
Showing first log only...

Concurrent spin time: 0.03s

Solved with primal simplex

Root relaxation: objective 0.000000e+00, 812 iterations, 0.16 seconds (0.22 work units)

    Nodes    |    Current Node    |     Objective Bounds      |     Work
 Expl Unexpl |  Obj  Depth IntInf | Incumbent    BestBd   Gap | It/Node Time

     0     0    0.00000    0   80  928.82103    0.00000   100%     -    3s
H    0     0                     923.2902333    0.00000   100%     -    3s
H    0     0                     916.2476333    0.00000   100%     -    3s
     0     0    0.00000    0  103  916.24763    0.00000   100%     -    3s
H    0     0                     394.0987000    0.00000   100%     -    5s
     0     0    0.00000    0  102  394.09870    0.00000   100%     -    5s
H    0     0                     371.9590333    0.00000   100%     -    6s
H    0     0                     365.4513333    0.00000   100%     -    6s
     0     0    0.00000    0   81  365.45133    0.00000   100%     -    6s
H    0     0                     316.6618333    0.00000   100%     -    7s
H    0     0                     296.0586667    0.00000   100%     -    7s
     0     0    0.00000    0   82  296.05867    0.00000   100%     -    7s
H    0     0                     289.9955667    0.00000   100%     -    8s
     0     0    0.00000    0   80  289.99557    0.00000   100%     -    8s
     0     0    0.00000    0   80  289.99557    0.00000   100%     -    8s
     0     2    0.00000    0   80  289.99557    0.00000   100%     -   10s
H   30    28                     287.8820667    0.00000   100%   228   13s
H   30    28                     270.5371667    0.00000   100%   228   13s
H   37    28                     263.8369667    0.00000   100%   207   13s
    90    69    0.00000   14   81  263.83697    0.00000   100%   116   15s
H  300   213                     256.7492667    0.00000   100%  59.7   18s
H  415   268                     256.7488775    0.00000   100%  51.9   20s
H  416   268                     254.8551667    0.00000   100%  51.8   20s
H  796   548                     254.8386667    0.00000   100%  37.2   23s
H  802   548                     254.8068667    0.00000   100%  37.9   23s
   971   890    0.00000  169   80  254.80687    0.00000   100%  34.1   25s
  2329  2216    0.00000  346   83  254.80687    0.00000   100%  22.8   30s
  3624  3841    0.00000  533   81  254.80687    0.00000   100%  19.8   36s
H 4601  4360                     254.8068659    0.00000   100%  17.8   39s
H 4878  4309                     254.2338667    0.00000   100%  17.2   39s
  5161  5712    0.00000  700   82  254.23387    0.00000   100%  16.9   42s
  6776  6371    0.00000  847   81  254.23387    0.00000   100%  14.5   46s
H 7277  6371                     254.0853667    0.00000   100%  14.0   46s

Cutting planes:
  Implied bound: 119
  MIR: 58
  RLT: 3
  Relax-and-lift: 1115

Explored 7622 nodes (115821 simplex iterations) in 60.12 seconds (61.73 work units)
Thread count was 16 (of 16 available processors)

Solution count 10: 254.085 254.234 254.807 ... 287.882

Time limit reached
Best objective 2.540853666666e+02, best bound 0.000000000000e+00, gap 100.0000%

User-callback calls 23363, time in user-callback 0.06 sec
