
Gurobi 10.0.1 (win64) logging started Sun Sep 21 15:49:04 2025

Set parameter LogFile to value "log_group_6/bound_Expr306_s5_l1051_s11_e12_o20_d40_t60_s11_0_0_0_0.log"
Gurobi Optimizer version 10.0.1 build v10.0.1rc0 (win64)

CPU model: Intel(R) Core(TM) i7-10700 CPU @ 2.90GHz, instruction set [SSE2|AVX|AVX2]
Thread count: 8 physical cores, 16 logical processors, using up to 16 threads

Optimize a model with 170825 rows, 170310 columns and 1362670 nonzeros
Model fingerprint: 0xf0b7df26
Variable types: 310 continuous, 170000 integer (170000 binary)
Coefficient statistics:
  Matrix range     [1e+00, 8e+02]
  Objective range  [1e+00, 1e+00]
  Bounds range     [1e+00, 1e+03]
  RHS range        [1e+00, 8e+02]
Presolve removed 164810 rows and 164790 columns
Presolve time: 0.79s
Presolved: 6015 rows, 5520 columns, 37385 nonzeros
Variable types: 270 continuous, 5250 integer (5250 binary)
Found heuristic solution: objective 369.7501333

Root relaxation: objective 0.000000e+00, 881 iterations, 0.03 seconds (0.04 work units)

    Nodes    |    Current Node    |     Objective Bounds      |     Work
 Expl Unexpl |  Obj  Depth IntInf | Incumbent    BestBd   Gap | It/Node Time

     0     0    0.00000    0   40  369.75013    0.00000   100%     -    1s
H    0     0                     289.3250333    0.00000   100%     -    1s
     0     0    0.00000    0   65  289.32503    0.00000   100%     -    1s
H    0     0                     152.8214333    0.00000   100%     -    1s
     0     0    0.00000    0   44  152.82143    0.00000   100%     -    1s
     0     0    0.00000    0   43  152.82143    0.00000   100%     -    1s
     0     0    0.00000    0   40  152.82143    0.00000   100%     -    1s
     0     0    0.00000    0   40  152.82143    0.00000   100%     -    1s
H    0     0                     149.8826333    0.00000   100%     -    1s
     0     0    0.00000    0   40  149.88263    0.00000   100%     -    1s
H    0     0                     119.6619333    0.00000   100%     -    1s
     0     0    0.00000    0   40  119.66193    0.00000   100%     -    1s
     0     0    0.00000    0   41  119.66193    0.00000   100%     -    1s
     0     0    0.00000    0   41  119.66193    0.00000   100%     -    1s
     0     0    0.00000    0   41  119.66193    0.00000   100%     -    1s
     0     0    0.00000    0   41  119.66193    0.00000   100%     -    1s
     0     0    0.00000    0   41  119.66193    0.00000   100%     -    2s
     0     0    0.00000    0   41  119.66193    0.00000   100%     -    2s
     0     0    0.00000    0   41  119.66193    0.00000   100%     -    2s
     0     0    0.00000    0   41  119.66193    0.00000   100%     -    2s
     0     0    0.00000    0   41  119.66193    0.00000   100%     -    2s
     0     0    0.00000    0   41  119.66193    0.00000   100%     -    2s
     0     0    0.00000    0   42  119.66193    0.00000   100%     -    2s
     0     0    0.00000    0   42  119.66193    0.00000   100%     -    2s
     0     0    0.00000    0   42  119.66193    0.00000   100%     -    2s
     0     0    0.00000    0   42  119.66193    0.00000   100%     -    2s
     0     0    0.00000    0   42  119.66193    0.00000   100%     -    2s
     0     0    0.00000    0   42  119.66193    0.00000   100%     -    2s
     0     0    0.00000    0   42  119.66193    0.00000   100%     -    2s
     0     0    0.00000    0   42  119.66193    0.00000   100%     -    2s
     0     0    0.00000    0   42  119.66193    0.00000   100%     -    2s
     0     0    0.00000    0   42  119.66193    0.00000   100%     -    2s
     0     0    0.00000    0   42  119.66193    0.00000   100%     -    2s
H    0     0                     113.3076333    0.00000   100%     -    2s
     0     0    0.00000    0   40  113.30763    0.00000   100%     -    2s
     0     0    0.00000    0   45  113.30763    0.00000   100%     -    2s
     0     0    0.00000    0   40  113.30763    0.00000   100%     -    3s
     0     0    0.00000    0   53  113.30763    0.00000   100%     -    3s
     0     0    0.00000    0   50  113.30763    0.00000   100%     -    3s
     0     0    0.00000    0   40  113.30763    0.00000   100%     -    4s
     0     0    0.00000    0   40  113.30763    0.00000   100%     -    4s
     0     0    0.00000    0   40  113.30763    0.00000   100%     -    4s
     0     0    0.00000    0   40  113.30763    0.00000   100%     -    4s
H    0     0                     113.3076333    0.00000   100%     -    4s
     0     0    0.00000    0   40  113.30763    0.00000   100%     -    4s
     0     0    0.00000    0   40  113.30763    0.00000   100%     -    4s
     0     2    0.00000    0   40  113.30763    0.00000   100%     -    5s
H   31    16                     113.3076333    0.00000   100%  64.3    5s
H   34    16                     113.3076332    0.00000   100%  63.2    5s
H 1096   562                     113.3076320    0.00000   100%   4.9    7s
H 2152  1298                     113.3037333    0.00000   100%   3.3    8s
  4118  2941 infeasible  672       113.30373    0.00000   100%   3.6   10s
  5001  3408    0.00000  163   47  113.30373    0.00000   100%   3.6   15s
  5013  3416   60.74490  168   34  113.30373   20.16773  82.2%   3.6   20s
  5019  3421   26.23677  173   38  113.30373   20.16773  82.2%   4.4   25s
  5033  3432   91.66267  393   47  113.30373   51.32950  54.7%   5.1   33s
  5051  3444   90.88010  253   67  113.30373   65.05690  42.6%   5.1   35s
  5100  3478   88.95811  215   58  113.30373   88.95811  21.5%   5.8   40s
  5161  3520   98.49820  277   54  113.30373   92.38609  18.5%   6.8   45s
  5202  3549   92.63779  223   40  113.30373   92.63779  18.2%   7.4   50s
  5251  3585   95.14855  253   28  113.30373   95.14855  16.0%   9.1   55s
  6487  4223  101.83598  205   23  113.30373   95.37162  15.8%   9.7   60s

Cutting planes:
  Gomory: 5
  Cover: 2
  Implied bound: 6
  Projected implied bound: 1
  Clique: 1
  MIR: 9
  Flow cover: 24
  GUB cover: 2
  Zero half: 1
  Relax-and-lift: 21

Explored 6496 nodes (70189 simplex iterations) in 60.04 seconds (78.69 work units)
Thread count was 16 (of 16 available processors)

Solution count 10: 113.304 113.308 113.308 ... 289.325

Time limit reached
Best objective 1.133037333333e+02, best bound 9.537161845798e+01, gap 15.8266%

User-callback calls 23048, time in user-callback 0.06 sec
