
Gurobi 10.0.1 (win64) logging started Sun Sep 21 05:44:44 2025

Set parameter LogFile to value "log_group_6/bound_Expr137_s10_l1051_s11_e12_o100_d200_t7200_s67_1_1_1_1.log"
Gurobi Optimizer version 10.0.1 build v10.0.1rc0 (win64)

CPU model: Intel(R) Core(TM) i7-10700 CPU @ 2.90GHz, instruction set [SSE2|AVX|AVX2]
Thread count: 8 physical cores, 16 logical processors, using up to 16 threads

Optimize a model with 4999531 rows, 4900800 columns and 58970280 nonzeros
Model fingerprint: 0x0f5089da
Variable types: 800 continuous, 4900000 integer (4900000 binary)
Coefficient statistics:
  Matrix range     [4e-01, 9e+02]
  Objective range  [1e+00, 1e+00]
  Bounds range     [1e+00, 1e+03]
  RHS range        [7e-01, 9e+02]
Presolve removed 100 rows and 100 columns (presolve time = 5s) ...
Presolve removed 100 rows and 100 columns (presolve time = 11s) ...
Presolve removed 100 rows and 100 columns (presolve time = 15s) ...
Presolve removed 4949901 rows and 4852650 columns (presolve time = 20s) ...
Presolve removed 4950501 rows and 4852750 columns (presolve time = 25s) ...
Presolve removed 4950001 rows and 4852250 columns
Presolve time: 26.99s
Presolved: 49530 rows, 48550 columns, 288150 nonzeros
Variable types: 600 continuous, 47950 integer (47950 binary)
Found heuristic solution: objective 15230.212600
Found heuristic solution: objective 13218.218367
Deterministic concurrent LP optimizer: primal and dual simplex
Showing first log only...


Root simplex log...

Iteration    Objective       Primal Inf.    Dual Inf.      Time
       0   -6.9045000e+04   1.836894e+04   5.782334e+08     36s
   18577    7.4955000e+04   0.000000e+00   1.000000e+03     39s
   19364    3.0121667e+02   0.000000e+00   0.000000e+00     39s
Concurrent spin time: 0.21s

Solved with primal simplex
   19364    3.0121667e+02   0.000000e+00   0.000000e+00     40s

Root relaxation: objective 3.012167e+02, 19364 iterations, 3.64 seconds (10.49 work units)
Total elapsed time = 44.89s
Total elapsed time = 48.38s
Total elapsed time = 51.87s

    Nodes    |    Current Node    |     Objective Bounds      |     Work
 Expl Unexpl |  Obj  Depth IntInf | Incumbent    BestBd   Gap | It/Node Time

     0     0  301.21667    0  263 13218.2184  301.21667  97.7%     -   52s
H    0     0                    12830.707533  301.21667  97.7%     -   53s
H    0     0                    12037.913733  301.21667  97.5%     -   54s
H    0     0                    11951.283700  301.21667  97.5%     -   62s
H    0     0                    10923.059233  301.21667  97.2%     -   62s
     0     0  301.21667    0  480 10923.0592  301.21667  97.2%     -   62s
H    0     0                    3955.5183000  301.21667  92.4%     -   85s
H    0     0                    3413.9963333  301.21667  91.2%     -   90s
     0     0  301.21667    0  462 3413.99633  301.21667  91.2%     -   90s
     0     0  301.21667    0  317 3413.99633  301.21667  91.2%     -  126s
H    0     0                    2603.6403333  301.21667  88.4%     -  136s
     0     0  301.21667    0  495 2603.64033  301.21667  88.4%     -  139s
     0     0  301.21667    0  292 2603.64033  301.21667  88.4%     -  164s
     0     0  301.21667    0  490 2603.64033  301.21667  88.4%     -  168s
H    0     0                    2295.2267667  301.21667  86.9%     -  218s
H    0     0                    2117.2474000  301.21667  85.8%     -  218s
H    0     0                    1673.6809779  301.21667  82.0%     -  218s
     0     0  301.21667    0  337 1673.68098  301.21667  82.0%     -  219s
     0     0  301.21667    0  337 1673.68098  301.21667  82.0%     -  221s
H    0     0                    1659.8941333  301.21667  81.9%     -  239s
H    0     0                    1402.0501000  301.21667  78.5%     -  255s
     0     2  301.21667    0  337 1402.05010  301.21667  78.5%     -  264s
     1     4  301.21667    1  521 1402.05010  301.21667  78.5% 11991  266s
     7    16  301.21667    3  435 1402.05010  301.21667  78.5%  2719  275s
    15    24  301.21667    4  410 1402.05010  301.21667  78.5%  2344  284s
    23    32  301.21667    5  410 1402.05010  301.21667  78.5%  2617  286s
H   31    40                    1389.8328000  301.21667  78.3%  1981  320s
H   32    40                    1367.4542990  301.21667  78.0%  1924  320s
H   33    40                    1346.3368667  301.21667  77.6%  1872  320s
H   34    40                    1282.2524667  301.21667  76.5%  1823  320s
    47    59  301.21667    8  433 1282.25247  301.21667  76.5%  1387  326s
H   71    80                    1278.8900667  301.21667  76.4%   967  331s
H   73    80                    1273.5865667  301.21667  76.3%   945  331s
H   74    80                    1267.5883333  301.21667  76.2%   936  331s
H   75    80                    1227.3196667  301.21667  75.5%   925  331s
    91   108  301.21667   12  414 1227.31967  301.21667  75.5%   808  337s
H  107   116                    1104.9725333  301.21667  72.7%   714  350s
   131   148  301.21667   17  412 1104.97253  301.21667  72.7%   618  356s
   163   181  301.21667   21  384 1104.97253  301.21667  72.7%   536  361s
   195   214  301.21667   26  394 1104.97253  301.21667  72.7%   477  367s
   213   230  301.21667   28  389 1104.97253  301.21667  72.7%   451  370s
   248   281  301.21667   32  396 1104.97253  301.21667  72.7%   407  380s
   280   305  301.21667   38  405 1104.97253  301.21667  72.7%   377  394s
   304   350  301.21667   41  400 1104.97253  301.21667  72.7%   359  403s
   349   394  301.21667   46  425 1104.97253  301.21667  72.7%   331  412s
   393   444  301.21667   52  407 1104.97253  301.21667  72.7%   313  421s
   443   508  301.21667   59  394 1104.97253  301.21667  72.7%   295  432s
   507   588  301.21667   69  389 1104.97253  301.21667  72.7%   276  445s
   587   683  301.21667   79  384 1104.97253  301.21667  72.7%   258  461s
   682   783  301.21667   91  406 1104.97253  301.21667  72.7%   243  478s
H  782   791                    1046.4281667  301.21667  71.2%   231  506s
H  783   791                    1023.8133000  301.21667  70.6%   231  506s
H  788   791                     919.7499333  301.21667  67.3%   231  506s
   790   894  301.21667  104  381  919.74993  301.21667  67.3%   231  525s
   893  1025  301.21667  117  384  919.74993  301.21667  67.3%   220  547s
  1024  1188  301.21667  135  380  919.74993  301.21667  67.3%   208  574s
  1187  1361  301.21667  158  371  919.74993  301.21667  67.3%   194  602s
  1360  1584  301.21667  186  372  919.74993  301.21667  67.3%   184  638s
  1583  1846  301.21667  214  375  919.74993  301.21667  67.3%   175  680s
H 1845  1854                     917.6696324  301.21667  67.2%   166  723s
H 1847  1854                     887.0122659  301.21667  66.0%   165  723s
H 1848  1854                     885.8368333  301.21667  66.0%   165  723s
  1853  2155  301.21667  246  371  885.83683  301.21667  66.0%   165  770s
  2154  2647  301.21667  285  386  885.83683  301.21667  66.0%   160  824s
  2646  3250  301.21667  357  376  885.83683  301.21667  66.0%   148  883s
  3249  3917  301.21667  439  371  885.83683  301.21667  66.0%   140  947s
H 3916  4040                     823.5749000  301.21667  63.4%   136 1021s
H 3984  4040                     821.8953667  301.21667  63.4%   136 1021s
H 4038  4040                     803.9968333  301.21667  62.5%   135 1021s
  4039  5255  301.21667  561  374  803.99683  301.21667  62.5%   136 1105s
H 5254  5441                     803.9320333  301.21667  62.5%   128 1146s
H 5255  5441                     803.9164333  301.21667  62.5%   128 1146s
H 5271  5441                     799.8609333  301.21667  62.3%   128 1146s
  5440  6947  301.21667  680  365  799.86093  301.21667  62.3%   127 1222s
  6946  7706  301.21667  827  404  799.86093  301.21667  62.3%   122 1282s
  7706  7707  423.56943  168  337  799.86093  301.21667  62.3%   120 1395s
  7708  7708  460.27180  465  341  799.86093  301.21667  62.3%   120 1484s
H 7708  7322                     799.6717928  301.21667  62.3%   120 1673s
  7710  7324  399.15720  255  515  799.67179  301.21667  62.3%   120 1690s
H 7710  6958                     767.6629333  301.21667  60.8%   120 1770s
  7712  6959  423.56943  354  592  767.66293  301.21667  60.8%   120 1789s
  7713  6960  323.42523  776  386  767.66293  301.21667  60.8%   120 1854s
  7714  6960  609.05527  126  613  767.66293  301.21667  60.8%   120 1868s
H 7714  6612                     767.6410333  301.21667  60.8%   120 2004s
  7716  6614  416.08193   43  752  767.64103  301.21667  60.8%   120 2021s
  7717  6614  476.61823  266  423  767.64103  301.21667  60.8%   120 2143s
  7718  6615  460.27180  295  378  767.64103  301.21667  60.8%   120 2172s
  7719  6616  301.21667   82  378  767.64103  301.21667  60.8%   120 2273s
  7720  6619  301.21667   10  570  767.64103  301.21667  60.8%   178 2338s
  7722  6623  301.21667   11  656  767.64103  301.21667  60.8%   179 2345s
  7726  6629  301.21667   12  536  767.64103  301.21667  60.8%   179 2354s
  7734  6635  301.21667   13  548  767.64103  301.21667  60.8%   180 2362s
  7742  6640  371.77763   13  612  767.64103  301.21667  60.8%   181 2371s
H 7750  6314                     767.6356745  301.21667  60.8%   181 2710s
H 7750  5999                     737.3747000  301.21667  59.2%   181 2710s
H 7752  5700                     725.0953333  301.21667  58.5%   183 2710s
  7758  5706  457.13537   14  621  725.09533  301.21667  58.5%   183 2720s
  7766  5714  301.21667   15  554  725.09533  301.21667  58.5%   183 2733s
  7777  5721  366.26817   15  516  725.09533  301.21667  58.5%   184 2744s
H 7788  5443                     722.0545333  301.21667  58.3%   185 2778s
H 7793  5171                     722.0545279  301.21667  58.3%   186 2778s
  7796  5182  460.62680   16  708  722.05453  301.21667  58.3%   186 2791s
  7808  5191  301.21667   17  539  722.05453  301.21667  58.3%   188 2804s
  7821  5195  449.46377   17  595  722.05453  301.21667  58.3%   188 2862s
H 7824  4938                     722.0545272  301.21667  58.3%   189 2862s
H 7827  4694                     722.0545269  301.21667  58.3%   189 2862s
  7829  4711  301.21667   18  434  722.05453  301.21667  58.3%   189 2875s
  7847  4721  380.94823   18  556  722.05453  301.21667  58.3%   189 2888s
  7863  4733  301.21667   19  485  722.05453  301.21667  58.3%   190 2904s
H 7880  4503                     717.7767279  301.21667  58.0%   191 2965s
H 7881  4284                     710.4806936  301.21667  57.6%   192 2965s
H 7884  4074                     700.3197936  301.21667  57.0%   192 2965s
  7888  4092  301.21667   20  442  700.31979  301.21667  57.0%   192 2978s
  7908  4104  380.94823   20  495  700.31979  301.21667  57.0%   193 2995s
  7926  4117  500.82833   21  541  700.31979  301.21667  57.0%   195 3009s
  7945  4132  301.21667   22  580  700.31979  301.21667  57.0%   195 3052s
  7967  4148  301.21667   23  530  700.31979  301.21667  57.0%   199 3069s
  7990  4165  491.22906   23  613  700.31979  301.21667  57.0%   202 3098s
  8015  4174  301.21667   24  523  700.31979  301.21667  57.0%   203 3135s
  8032  4200  301.21667   25  526  700.31979  301.21667  57.0%   205 3172s
  8064  4223  301.21667   26  478  700.31979  301.21667  57.0%   208 3196s
  8097  4246  301.21667   27  479  700.31979  301.21667  57.0%   208 3218s
  8131  4264  458.19013   28  452  700.31979  301.21667  57.0%   209 3242s
  8161  4288  361.11080   29  482  700.31979  301.21667  57.0%   210 3263s
  8195  4307  450.00453   30  507  700.31979  301.21667  57.0%   211 3290s
  8226  4333  301.21667   32  471  700.31979  301.21667  57.0%   213 3313s
  8262  4364  301.21667   33  528  700.31979  301.21667  57.0%   214 3339s
  8305  4390  401.57607   34  461  700.31979  301.21667  57.0%   215 3365s
  8346  4423  401.57607   35  494  700.31979  301.21667  57.0%   215 3392s
  8392  4450  301.21667   37  472  700.31979  301.21667  57.0%   216 3427s
  8435  4477  301.21667   38  482  700.31979  301.21667  57.0%   218 3454s
  8476  4507  414.17393   39  551  700.31979  301.21667  57.0%   219 3485s
  8520  4543  301.21667   40  516  700.31979  301.21667  57.0%   219 3515s
  8570  4579  301.21667   42  472  700.31979  301.21667  57.0%   220 3551s
  8623  4615  301.21667   44  486  700.31979  301.21667  57.0%   221 3585s
  8678  4650  301.21667   46  444  700.31979  301.21667  57.0%   222 3619s
  8731  4688  301.21667   48  463  700.31979  301.21667  57.0%   223 3653s
  8787  4733  301.21667   50  462  700.31979  301.21667  57.0%   223 3690s
  8850  4771  310.45163   52  445  700.31979  301.21667  57.0%   226 3742s
  8910  4820  301.21667   53  523  700.31979  301.21667  57.0%   226 3782s
  8979  4836  301.21667   56  570  700.31979  301.21667  57.0%   226 3808s
H 9018  4630                     689.9982269  301.21667  56.3%   226 3902s
H 9020  4441                     689.9978618  301.21667  56.3%   227 3902s
H 9025  4260                     689.7627667  301.21667  56.3%   227 3902s
  9026  4336  301.21667   57  564  689.76277  301.21667  56.3%   227 3946s
  9102  4381  301.21667   59  547  689.76277  301.21667  56.3%   228 3990s
  9173  4439  424.13443   60  487  689.76277  301.21667  56.3%   229 4044s
  9255  4504  301.21667   62  548  689.76277  301.21667  56.3%   230 4094s
  9347  4568  301.21667   65  524  689.76277  301.21667  56.3%   231 4147s
  9442  4614  446.19523   67  549  689.76277  301.21667  56.3%   231 4205s
  9521  4685  301.21667   69  530  689.76277  301.21667  56.3%   233 4261s
  9618  4755  453.36017   71  525  689.76277  301.21667  56.3%   234 4321s
  9721  4819  301.21667   75  506  689.76277  301.21667  56.3%   235 4380s
  9821  4890  305.62252   78  491  689.76277  301.21667  56.3%   236 4443s
  9926  4961  387.06657   81  524  689.76277  301.21667  56.3%   239 4507s
 10033  5045  401.57607   83  468  689.76277  301.21667  56.3%   240 4572s
 10153  5136  458.13463   87  469  689.76277  301.21667  56.3%   240 4651s
 10285  5251  301.21667   92  465  689.76277  301.21667  56.3%   242 4723s
 10444  5373  429.09610   96  550  689.76277  301.21667  56.3%   242 4801s
 10619  5529  301.21667  101  430  689.76277  301.21667  56.3%   242 4882s
 10833  5672  301.21667  107  437  689.76277  301.21667  56.3%   241 4967s
 11047  5817  301.21667  112  481  689.76277  301.21667  56.3%   242 5050s
 11264  6011  301.21667  118  454  689.76277  301.21667  56.3%   242 5140s
 11530  6270  301.21667  124  533  689.76277  301.21667  56.3%   242 5231s
 11878  6486  301.21667  128  523  689.76277  301.21667  56.3%   240 5329s
 12210  6384  301.21667  130  491  689.76277  301.21667  56.3%   240 5487s
H12211  6213                     689.7627661  301.21667  56.3%   240 5488s
H12213  6052                     689.7627659  301.21667  56.3%   240 5488s
H12215  5897                     689.7627627  301.21667  56.3%   240 5488s
H12217  5751                     689.7623966  301.21667  56.3%   240 5488s
 12218  6070  413.63407  130  472  689.76240  301.21667  56.3%   240 5595s
 12537  6340  301.21667  132  495  689.76240  301.21667  56.3%   241 5700s
 12913  6309  301.21667  139  444  689.76240  301.21667  56.3%   241 5767s
 13008  6593  417.98253  139  499  689.76240  301.21667  56.3%   240 5948s
 13323  6830  301.21667  145  510  689.76240  301.21667  56.3%   245 6060s
 13665  7135  301.21667  150  480  689.76240  301.21667  56.3%   246 6185s
 14084  7620  301.21667  154  476  689.76240  301.21667  56.3%   247 6315s
 14709  7734  301.21667  160  446  689.76240  301.21667  56.3%   245 6531s
H14846  7549                     689.7522409  301.21667  56.3%   247 6531s
 15031  7503  301.21667  170  472  689.75224  301.21667  56.3%   246 6824s
 15047  8829  402.42433  170  540  689.75224  301.21667  56.3%   246 7200s

Cutting planes:
  Gomory: 14
  Implied bound: 378
  Projected implied bound: 1609
  MIR: 79
  Flow cover: 895
  RLT: 4
  Relax-and-lift: 5205

Explored 16379 nodes (4365950 simplex iterations) in 7201.26 seconds (12255.40 work units)
Thread count was 16 (of 16 available processors)

Solution count 10: 689.752 689.762 689.763 ... 710.481

Time limit reached
Best objective 6.897522409084e+02, best bound 3.012166666667e+02, gap 56.3297%

User-callback calls 360465, time in user-callback 3.27 sec
