
Gurobi 11.0.0 (win64) logging started Sun Sep 21 05:16:56 2025

Set parameter LogFile to value "log_group_6/bound_Expr234_s5_l1051_s11_e12_o20_d43_t1200_s14_0_0_1_0.log"
Gurobi Optimizer version 11.0.0 build v11.0.0rc2 (win64 - Windows 11+.0 (22631.2))

CPU model: 13th Gen Intel(R) Core(TM) i7-13650HX, instruction set [SSE2|AVX|AVX2]
Thread count: 14 physical cores, 20 logical processors, using up to 20 threads

Optimize a model with 185939 rows, 185310 columns and 1905170 nonzeros
Model fingerprint: 0x34a29362
Variable types: 310 continuous, 185000 integer (185000 binary)
Coefficient statistics:
  Matrix range     [1e+00, 8e+02]
  Objective range  [1e+00, 1e+00]
  Bounds range     [1e+00, 1e+03]
  RHS range        [1e+00, 8e+02]
Presolve removed 178790 rows and 178790 columns
Presolve time: 1.14s
Presolved: 7149 rows, 6520 columns, 63535 nonzeros
Variable types: 270 continuous, 6250 integer (6250 binary)
Found heuristic solution: objective 395.0131664

Root simplex log...

Iteration    Objective       Primal Inf.    Dual Inf.      Time
       0    2.3886900e+01   5.120000e+02   0.000000e+00     11s
     487    2.3886900e+01   0.000000e+00   0.000000e+00     11s

Root relaxation: objective 2.388690e+01, 487 iterations, 0.02 seconds (0.01 work units)
Total elapsed time = 11.18s (DegenMoves)

    Nodes    |    Current Node    |     Objective Bounds      |     Work
 Expl Unexpl |  Obj  Depth IntInf | Incumbent    BestBd   Gap | It/Node Time

     0     0   23.88690    0   33  395.01317   23.88690  94.0%     -   11s
H    0     0                     240.5156998   23.88690  90.1%     -   11s
H    0     0                     240.1368664   23.88690  90.1%     -   11s
H    0     0                     217.1892664   23.88690  89.0%     -   11s
     0     0   23.88690    0   35  217.18927   23.88690  89.0%     -   11s
H    0     0                     201.1584664   23.88690  88.1%     -   11s
     0     0   23.88690    0   34  201.15847   23.88690  88.1%     -   11s
H    0     0                     166.8387664   23.88690  85.7%     -   11s
H    0     0                     123.4705331   23.88690  80.7%     -   11s
H    0     0                     119.0533998   23.88690  79.9%     -   11s
H    0     0                     118.0533998   23.88690  79.8%     -   11s
     0     0   23.88690    0   32  118.05340   23.88690  79.8%     -   11s
H    0     0                     116.6944331   23.88690  79.5%     -   11s
     0     0   23.88690    0   32  116.69443   23.88690  79.5%     -   11s
     0     0   23.88690    0   32  116.69443   23.88690  79.5%     -   12s
     0     0   23.88690    0   32  116.69443   23.88690  79.5%     -   12s
     0     0   23.88690    0   32  116.69443   23.88690  79.5%     -   12s
     0     0   23.88690    0   32  116.69443   23.88690  79.5%     -   12s
H    0     0                     116.3155998   23.88690  79.5%     -   12s
     0     2   23.88690    0   32  116.31560   23.88690  79.5%     -   12s
H   38    39                     116.3155997   23.88690  79.5%  63.1   13s
    71    71   23.88690    8   33  116.31560   23.88690  79.5%  43.0   16s
H   73    71                     116.3155993   23.88690  79.5%  41.9   16s
H   78    71                     116.3155988   23.88690  79.5%  39.5   16s
H 1245  1163                     116.3155979   23.88690  79.5%   5.1   17s
  7042  6324   77.57300  274  673  116.31560   23.88690  79.5%   4.4   37s
  7052  6331   86.68510  406   16  116.31560   86.68510  25.5%   4.4   40s
H 7053  6014                     116.3155979   87.72919  24.6%   4.4   40s
H 7058  5717                     116.3155979   92.83193  20.2%   4.4   43s
  7063  5720  103.43900  317   27  116.31560   97.43496  16.2%   4.4   46s
  7066  5723  100.50904  401  486  116.31560  100.50904  13.6%   4.7   77s
H 7076  5443                     116.3155967  108.88810  6.39%   4.7   80s
H 7076  5171                     116.3155957  108.88810  6.39%   4.7   80s
  7084  5177  108.88810  355  471  116.31560  108.88810  6.39%   5.0  111s
H 7087  4920                     116.3155937  111.10892  4.48%   5.0  112s
  7091  4923  115.10709  191   33  116.31559  115.10709  1.04%   5.0  115s
  7110  4935  115.10710  192    8  116.31559  115.10710  1.04%   5.0  120s
  7113  4939  115.10710  166  452  116.31559  115.10710  1.04%   5.4  152s
  7118  4942  115.10710   49   21  116.31559  115.10710  1.04%   5.4  155s
  7130  4952  115.10710    2    5  116.31559  115.10710  1.04%   5.8  160s
 14482  7593  115.10710   12    5  116.31559  115.10710  1.04%   4.2  166s
 15623  7524  115.10710   16    5  116.31559  115.10710  1.04%   4.3  170s
 37574 13644  115.23819   64    3  116.31559  115.10710  1.04%   4.2  175s
 50419 22813  116.09659   58    3  116.31559  115.10710  1.04%   4.2  181s
 75490 35595  115.14220   86    2  116.31559  115.10710  1.04%   4.1  185s
 96821 45273  115.65213  121    9  116.31559  115.14220  1.01%   4.1  206s
 105803 46688  115.14220   91    6  116.31559  115.14220  1.01%   4.0  214s
 113077 46532     cutoff  117       116.31559  115.14220  1.01%   3.9  215s
 143740 51351  115.14220   61    7  116.31559  115.14220  1.01%   3.6  220s
 171743 59538  115.14220   75    6  116.31559  115.14220  1.01%   3.4  225s
 204406 69822  115.65213  110    3  116.31559  115.14220  1.01%   3.3  230s
 241045 76653  116.15270   99   10  116.31559  115.14220  1.01%   3.1  235s
 260737 82540  116.15270  102    5  116.31559  115.14220  1.01%   3.1  240s
 285387 82418  115.14220   77    3  116.31559  115.14220  1.01%   3.0  245s
 313792 87248  115.14220   94    5  116.31559  115.14220  1.01%   3.0  250s
 342932 91766     cutoff   71       116.31559  115.14220  1.01%   3.0  255s
 381439 95195 infeasible  104       116.31559  115.14220  1.01%   2.9  260s
 395837 99131  116.13169   68    3  116.31559  115.14220  1.01%   2.9  265s
 431205 103619     cutoff  106       116.31559  115.27329  0.90%   2.9  270s
 473092 107077  115.65213   65    5  116.31559  115.27329  0.90%   2.9  275s
 496954 108528     cutoff   63       116.31559  115.27329  0.90%   2.9  280s
 525983 110391     cutoff  123       116.31559  115.27329  0.90%   3.0  285s
 564156 111114  115.27329   90    3  116.31559  115.27329  0.90%   2.9  290s
 595419 112037     cutoff   80       116.31559  115.27329  0.90%   2.9  295s
 630270 115308  115.27329   73    3  116.31559  115.27329  0.90%   2.9  300s
 666108 115951  115.27329   60    3  116.31559  115.27329  0.90%   2.9  305s
 702055 117344     cutoff   69       116.31559  115.27329  0.90%   2.8  310s
 733444 119392     cutoff   75       116.31559  115.27329  0.90%   2.9  315s
 763676 120249     cutoff   63       116.31559  115.27329  0.90%   2.8  320s
 798049 120704  115.27329   47    5  116.31559  115.27329  0.90%   2.8  325s
 824626 122373  115.27329  119    3  116.31559  115.27329  0.90%   2.8  330s
 852652 123372  115.27329   90    5  116.31559  115.27329  0.90%   2.8  335s
 879552 124598  115.27329   92    5  116.31559  115.27329  0.90%   2.8  340s
 898948 125437     cutoff   44       116.31559  115.27329  0.90%   2.8  345s
 924854 127982  115.65213   84    4  116.31559  115.27329  0.90%   2.8  350s
 949814 129645     cutoff   99       116.31559  115.27329  0.90%   2.8  355s
 972624 130923  115.27329   33    3  116.31559  115.27329  0.90%   2.8  360s
 1006221 132160  115.27329   81    3  116.31559  115.27329  0.90%   2.8  365s
 1037226 133239     cutoff   85       116.31559  115.27329  0.90%   2.8  370s
 1072016 132684     cutoff  116       116.31559  115.27329  0.90%   2.8  375s
 1104872 132034 infeasible   30       116.31559  115.27329  0.90%   2.8  380s
 1128212 132164  115.27329   94    5  116.31559  115.27329  0.90%   2.8  385s
 1158455 134915  115.27329   89    3  116.31559  115.27329  0.90%   2.8  390s
 1198486 133658     cutoff   69       116.31559  115.27329  0.90%   2.8  395s
 1217324 133794  115.27329   93    6  116.31559  115.27329  0.90%   2.7  400s
 1245745 137219     cutoff   81       116.31559  115.27329  0.90%   2.8  405s
 1276518 138130     cutoff   89       116.31559  115.27329  0.90%   2.8  410s
 1313806 137309     cutoff   82       116.31559  115.27329  0.90%   2.7  415s
 1337012 138871     cutoff   74       116.31559  115.27329  0.90%   2.8  420s
 1365097 141176  115.65213  107    5  116.31559  115.27329  0.90%   2.8  425s
 1393050 140550     cutoff   46       116.31559  115.27329  0.90%   2.8  430s
 1423378 140679     cutoff   94       116.31559  115.27329  0.90%   2.7  435s
 1448216 142401     cutoff  101       116.31559  115.27329  0.90%   2.8  440s
 1470820 143150     cutoff  103       116.31559  115.27329  0.90%   2.8  445s
 1506153 142310  115.27329   79    5  116.31559  115.27329  0.90%   2.7  450s
 1539873 142809     cutoff   69       116.31559  115.27329  0.90%   2.7  455s
 1567296 144498 infeasible  123       116.31559  115.27329  0.90%   2.8  460s
 1596392 143222  115.27329   73    3  116.31559  115.27329  0.90%   2.7  465s
 1629619 143401     cutoff   93       116.31559  115.27329  0.90%   2.7  470s
 1652322 144713     cutoff   90       116.31559  115.27329  0.90%   2.8  475s
 1672050 146400  115.65213   78    3  116.31559  115.27329  0.90%   2.8  480s
 1689283 146735     cutoff  107       116.31559  115.27329  0.90%   2.8  485s
 1721083 144965     cutoff   47       116.31559  115.27329  0.90%   2.7  490s
 1753010 148843  115.65213   97    6  116.31559  115.27329  0.90%   2.8  495s
 1780550 150521     cutoff   99       116.31559  115.27329  0.90%   2.8  500s
 1814908 150079  115.27329   81    3  116.31559  115.27329  0.90%   2.8  505s
 1840037 151408  115.27329   88    4  116.31559  115.27329  0.90%   2.8  510s
 1859701 152338  115.65213  134    9  116.31559  115.27329  0.90%   2.8  515s
 1879667 153960     cutoff   80       116.31559  115.27329  0.90%   2.8  520s
 1911689 153078     cutoff   96       116.31559  115.27329  0.90%   2.8  525s
 1940693 153351     cutoff   81       116.31559  115.27329  0.90%   2.8  530s
 1963905 154414     cutoff   91       116.31559  115.27329  0.90%   2.8  535s
 1985594 154675     cutoff  112       116.31559  115.27329  0.90%   2.8  540s
 2019115 153777  115.27329   93    3  116.31559  115.27329  0.90%   2.8  545s
 2045038 153502     cutoff  101       116.31559  115.27329  0.90%   2.8  550s
 2069218 152833  115.27329   96    5  116.31559  115.27329  0.90%   2.8  555s
 2089319 153381     cutoff   89       116.31559  115.27329  0.90%   2.8  560s
 2106102 152529  115.27329  104    3  116.31559  115.27329  0.90%   2.8  565s
 2134735 151938     cutoff   63       116.31559  115.27329  0.90%   2.8  570s
 2157917 152601     cutoff  102       116.31559  115.27329  0.90%   2.8  575s
 2177761 152700     cutoff   93       116.31559  115.27363  0.90%   2.8  580s
 2193972 150005  115.52103   79    7  116.31559  115.52103  0.68%   2.8  585s
 2216327 149701  115.52103   98    3  116.31559  115.52103  0.68%   2.8  590s
 2238342 149085  115.52103   30    3  116.31559  115.52103  0.68%   2.8  595s
 2255606 148093  115.52103  118   12  116.31559  115.52103  0.68%   2.8  601s
 2269934 143042  115.65213   47    9  116.31559  115.65213  0.57%   2.8  605s
 2280320 135065     cutoff   78       116.31559  115.65213  0.57%   2.8  610s
 2301138 127120     cutoff   87       116.31559  115.65213  0.57%   2.8  615s
 2311944 126720     cutoff   55       116.31559  115.65213  0.57%   2.8  620s
 2314493 126922  115.65213   52    3  116.31559  115.65213  0.57%   2.8  628s
 2318283 126591     cutoff   93       116.31559  115.65213  0.57%   2.8  630s
 2328331 126411  115.65213   67    6  116.31559  115.65213  0.57%   2.8  636s
 2336017 126131     cutoff   40       116.31559  115.65213  0.57%   2.8  643s
 2339051 126087     cutoff   98       116.31559  115.65213  0.57%   2.8  652s
 2346424 125276     cutoff   89       116.31559  115.65213  0.57%   2.8  659s
 2348729 123153     cutoff  112       116.31559  115.65213  0.57%   2.8  664s
 2354608 122093     cutoff   86       116.31559  115.65213  0.57%   2.8  669s
 2359951 120995     cutoff  107       116.31559  115.65213  0.57%   2.8  671s
 2369748 120217     cutoff   79       116.31559  115.65213  0.57%   2.8  675s
 2380829 118203  115.65213   63    5  116.31559  115.65213  0.57%   2.8  682s
 2384273 115787     cutoff   72       116.31559  115.65213  0.57%   2.8  685s
 2391111 111349     cutoff   69       116.31559  115.65213  0.57%   2.8  691s
 2400562 109631     cutoff   65       116.31559  115.65213  0.57%   2.8  696s
 2414591 109184  115.65213   65    3  116.31559  115.65213  0.57%   2.8  701s
 2421291 109173  115.65213   58    3  116.31559  115.65213  0.57%   2.8  707s
 2432227 109097     cutoff   77       116.31559  115.65213  0.57%   2.8  712s
 2439703 108728     cutoff   76       116.31559  115.65213  0.57%   2.8  715s
 2452945 107207  115.65213   47    3  116.31559  115.65213  0.57%   2.8  720s
 2460776 103401  115.65213  122    4  116.31559  115.65213  0.57%   2.8  725s
 2473818 98001     cutoff   46       116.31559  115.65213  0.57%   2.8  731s
 2483328 93140     cutoff  128       116.31559  115.65213  0.57%   2.8  736s
 2492684 87922 infeasible   62       116.31559  115.65213  0.57%   2.8  740s
 2503102 86491     cutoff   85       116.31559  115.65213  0.57%   2.8  747s
 2510003 86499  115.65213   62    5  116.31559  115.65213  0.57%   2.8  750s
 2520103 86247 infeasible   67       116.31559  115.65213  0.57%   2.8  755s
 2528027 86009  115.65213   80    3  116.31559  115.65213  0.57%   2.8  761s
 2542717 86017     cutoff  108       116.31559  115.65213  0.57%   2.8  765s
 2554131 85213     cutoff   48       116.31559  115.65213  0.57%   2.8  772s
 2557661 83680     cutoff  122       116.31559  115.65213  0.57%   2.8  776s
 2570609 81833     cutoff   96       116.31559  115.65213  0.57%   2.8  781s
 2581668 80030  115.65213   69    3  116.31559  115.65213  0.57%   2.8  785s
 2599624 77776     cutoff   47       116.31559  115.65213  0.57%   2.8  791s
 2610778 76681     cutoff   91       116.31559  115.65213  0.57%   2.8  795s
 2622186 76336     cutoff  120       116.31559  115.65213  0.57%   2.8  800s
 2629350 76191     cutoff  108       116.31559  115.65213  0.57%   2.8  805s
 2637029 76176  115.65213   64    3  116.31559  115.65213  0.57%   2.8  810s
 2643585 75976  115.65213   51    3  116.31559  115.65213  0.57%   2.8  815s
 2657916 75761     cutoff  114       116.31559  115.65213  0.57%   2.8  821s
 2664500 75060  115.65213   52    4  116.31559  115.65213  0.57%   2.8  830s
 2673988 73589     cutoff   68       116.31559  115.65213  0.57%   2.8  839s
 2682592 72792     cutoff  106       116.31559  115.65213  0.57%   2.8  842s
 2686434 72130  115.65213   70   11  116.31559  115.65213  0.57%   2.8  847s
 2693763 71551 infeasible   57       116.31559  115.65213  0.57%   2.8  852s
 2698062 70951  115.65213   59    3  116.31559  115.65213  0.57%   2.8  857s
 2705331 70351  115.65213   88    5  116.31559  115.65213  0.57%   2.8  861s
 2709569 69698     cutoff   56       116.31559  115.65213  0.57%   2.8  865s
 2720234 69881  115.65213   69    3  116.31559  115.65213  0.57%   2.8  871s
 2723911 69892     cutoff  111       116.31559  115.65213  0.57%   2.8  875s
 2734015 69598     cutoff   82       116.31559  115.65213  0.57%   2.8  881s
 2744824 69298     cutoff   78       116.31559  115.65213  0.57%   2.8  886s
 2751392 69106  115.65213   84    3  116.31559  115.65213  0.57%   2.8  890s
 2755267 69161     cutoff   53       116.31559  115.65213  0.57%   2.8  896s
 2761676 68939     cutoff   87       116.31559  115.65213  0.57%   2.8  900s
 2768248 68314 infeasible   61       116.31559  115.65213  0.57%   2.8  907s
 2772129 66592  115.65213   48   10  116.31559  115.65213  0.57%   2.8  912s
 2778689 64677     cutoff   49       116.31559  115.65213  0.57%   2.8  915s
 2786987 58691     cutoff  116       116.31559  115.65213  0.57%   2.8  921s
 2794595 54077     cutoff   66       116.31559  115.65213  0.57%   2.8  928s
 2800444 51354     cutoff   77       116.31559  115.65220  0.57%   2.8  931s
 2807856 52047 infeasible  113       116.31559  115.83203  0.42%   2.8  939s
 2809692 52101  115.96313  105    5  116.31559  115.83203  0.42%   2.8  944s
 2814893 51533 infeasible  132       116.31559  115.83203  0.42%   2.8  949s
 2819926 51518  115.83203   84    3  116.31559  115.83203  0.42%   2.8  952s
 2826930 51223     cutoff   40       116.31559  115.83203  0.42%   2.8  957s
 2837004 50745     cutoff   97       116.31559  115.83203  0.42%   2.8  961s
 2846570 50638     cutoff   67       116.31559  115.83203  0.42%   2.8  966s
 2850446 50543  115.83203   55    3  116.31559  115.83203  0.42%   2.8  970s
 2860727 50273     cutoff   59       116.31559  115.83203  0.42%   2.8  975s
 2863531 50293     cutoff   40       116.31559  115.83203  0.42%   2.8  982s
 2870589 49980 infeasible   40       116.31559  115.83203  0.42%   2.8  990s
 2877888 45938  115.96313  112    5  116.31559  115.96313  0.30%   2.8  999s
 2884053 41983 infeasible   79       116.31559  115.96313  0.30%   2.8 1001s
 2888338 37723 infeasible  104       116.31559  116.03647  0.24%   2.8 1005s
 2895912 34714     cutoff   43       116.31559  116.13169  0.16%   2.8 1010s
 2912140 29044 infeasible   95       116.31559  116.15270  0.14%   2.8 1015s
 2919792 28654     cutoff  117       116.31559  116.26279  0.05%   2.8 1022s
 2927593 28431     cutoff   78       116.31559  116.26279  0.05%   2.8 1026s
 2937207 28285     cutoff   68       116.31559  116.26279  0.05%   2.8 1031s
 2947128 27825  116.26279  114    6  116.31559  116.26279  0.05%   2.8 1038s
 2950461 27770     cutoff  118       116.31559  116.26279  0.05%   2.8 1040s
 2960456 27642  116.26279   79    3  116.31559  116.26279  0.05%   2.8 1047s
 2964330 27486  116.26279   74    3  116.31559  116.26279  0.05%   2.8 1051s
 2971428 27321     cutoff   91       116.31559  116.26279  0.05%   2.8 1056s
 2974118 27406  116.26279   32    3  116.31559  116.26279  0.05%   2.8 1062s
 2977596 27152  116.26279   44    3  116.31559  116.26279  0.05%   2.8 1065s
 2987121 26767     cutoff   83       116.31559  116.26279  0.05%   2.8 1072s
 2993622 26655     cutoff  108       116.31559  116.26279  0.05%   2.8 1076s
 2997387 26683  116.26279   38    3  116.31559  116.26279  0.05%   2.8 1081s
 3003413 26400  116.26279   91    3  116.31559  116.26279  0.05%   2.8 1085s
 3013538 26337  116.26279   49    7  116.31559  116.26279  0.05%   2.8 1091s
 3017663 26400  116.26279   69    3  116.31559  116.26279  0.05%   2.8 1096s
 3020902 26263     cutoff   57       116.31559  116.26279  0.05%   2.8 1101s
 3026816 26197     cutoff  115       116.31559  116.26279  0.05%   2.8 1105s
 3037120 25840     cutoff   88       116.31559  116.26279  0.05%   2.8 1110s
 3044245 25766     cutoff   94       116.31559  116.26279  0.05%   2.8 1115s
 3053930 25438     cutoff   66       116.31559  116.26279  0.05%   2.8 1120s
 3060806 24950     cutoff   64       116.31559  116.26279  0.05%   2.8 1125s
 3070565 24669     cutoff   62       116.31559  116.26279  0.05%   2.8 1135s
 3079443 24232 infeasible   78       116.31559  116.26279  0.05%   2.8 1140s
 3086450 24046     cutoff  120       116.31559  116.26279  0.05%   2.8 1145s
 3096591 23865     cutoff   91       116.31559  116.26279  0.05%   2.8 1152s
 3103181 23838     cutoff   42       116.31559  116.26279  0.05%   2.8 1159s
 3103236 23591  116.26279   90    5  116.31559  116.26279  0.05%   2.8 1167s
 3121735 23554     cutoff   62       116.31559  116.26279  0.05%   2.8 1174s
 3124993 23435  116.26279  106    3  116.31559  116.26279  0.05%   2.8 1176s
 3132550 23421     cutoff  137       116.31559  116.26279  0.05%   2.8 1181s
 3139477 23439  116.26279   89    3  116.31559  116.26279  0.05%   2.7 1185s
 3144444 23069  116.26279   93    3  116.31559  116.26279  0.05%   2.7 1191s
 3152453 22992     cutoff  120       116.31559  116.26279  0.05%   2.7 1199s
 3156061 22940     cutoff   90       116.31559  116.26279  0.05%   2.7 1201s

Cutting planes:
  Gomory: 3
  Cover: 7
  Implied bound: 5
  Projected implied bound: 8
  Clique: 5
  StrongCG: 1
  Flow cover: 16
  GUB cover: 3
  Zero half: 1
  Relax-and-lift: 23

Explored 3157421 nodes (8665324 simplex iterations) in 1205.89 seconds (238.32 work units)
Thread count was 20 (of 20 available processors)

Solution count 10: 116.316 116.316 116.316 ... 116.316

Time limit reached
Warning: max constraint violation (2.7261e-06) exceeds tolerance
Best objective 1.163155936833e+02, best bound 1.162627936833e+02, gap 0.0454%

User-callback calls 6320043, time in user-callback 21.22 sec
