
Gurobi 10.0.1 (win64) logging started Sun Sep 21 16:44:52 2025

Set parameter LogFile to value "log_group_6/bound_Expr338_s8_l1051_s11_e12_o60_d120_t60_s43_0_0_0_0.log"
Gurobi Optimizer version 10.0.1 build v10.0.1rc0 (win64)

CPU model: Intel(R) Core(TM) i7-10700 CPU @ 2.90GHz, instruction set [SSE2|AVX|AVX2]
Thread count: 8 physical cores, 16 logical processors, using up to 16 threads

Optimize a model with 1513432 rows, 1512580 columns and 12091984 nonzeros
Model fingerprint: 0xe57b21b7
Variable types: 580 continuous, 1512000 integer (1512000 binary)
Coefficient statistics:
  Matrix range     [1e+00, 9e+02]
  Objective range  [1e+00, 1e+00]
  Bounds range     [1e+00, 1e+03]
  RHS range        [1e+00, 9e+02]
Presolve removed 1487380 rows and 1487320 columns (presolve time = 5s) ...
Presolve removed 1487380 rows and 1486928 columns
Presolve time: 6.03s
Presolved: 26052 rows, 25652 columns, 150768 nonzeros
Variable types: 460 continuous, 25192 integer (25192 binary)
Found heuristic solution: objective 11151.628967
Found heuristic solution: objective 1707.9084333
Deterministic concurrent LP optimizer: primal and dual simplex
Showing first log only...


Root simplex log...

Iteration    Objective       Primal Inf.    Dual Inf.      Time
       0   -4.1299000e+04   1.147044e+04   3.628470e+08      7s
    2250    4.5101000e+04   0.000000e+00   8.640000e+02      8s
    2685    0.0000000e+00   0.000000e+00   0.000000e+00      8s
Concurrent spin time: 0.13s

Solved with primal simplex

Root relaxation: objective 0.000000e+00, 2685 iterations, 0.47 seconds (0.69 work units)

    Nodes    |    Current Node    |     Objective Bounds      |     Work
 Expl Unexpl |  Obj  Depth IntInf | Incumbent    BestBd   Gap | It/Node Time

     0     0    0.00000    0  190 1707.90843    0.00000   100%     -    9s
H    0     0                    1407.3059441    0.00000   100%     -   10s
H    0     0                    1295.3585000    0.00000   100%     -   11s
     0     0    0.00000    0  215 1295.35850    0.00000   100%     -   11s
H    0     0                     616.2512667    0.00000   100%     -   15s
H    0     0                     602.6289333    0.00000   100%     -   15s
     0     0    0.00000    0  218  602.62893    0.00000   100%     -   15s
H    0     0                     536.0420000    0.00000   100%     -   23s
H    0     0                     418.8082333    0.00000   100%     -   23s
H    0     0                     390.3241333    0.00000   100%     -   23s
     0     0    0.00000    0  178  390.32413    0.00000   100%     -   26s
H    0     0                     387.6706000    0.00000   100%     -   28s
H    0     0                     384.1912667    0.00000   100%     -   28s
     0     0    0.00000    0  182  384.19127    0.00000   100%     -   30s
H    0     0                     382.5733333    0.00000   100%     -   37s
H    0     0                     381.5805333    0.00000   100%     -   37s
     0     0    0.00000    0  184  381.58053    0.00000   100%     -   38s
H    0     0                     379.1724000    0.00000   100%     -   40s
     0     0    0.00000    0  179  379.17240    0.00000   100%     -   40s
     0     0    0.00000    0  187  379.17240    0.00000   100%     -   45s
     0     0    0.00000    0  188  379.17240    0.00000   100%     -   45s
H    0     0                     376.5835991    0.00000   100%     -   55s
     0     0    0.00000    0  190  376.58360    0.00000   100%     -   56s
     0     0    0.00000    0  190  376.58360    0.00000   100%     -   59s

Cutting planes:
  Gomory: 14
  Implied bound: 226
  MIR: 202
  RLT: 19
  Relax-and-lift: 146

Explored 1 nodes (44689 simplex iterations) in 60.13 seconds (58.68 work units)
Thread count was 16 (of 16 available processors)

Solution count 10: 376.584 379.172 381.581 ... 602.629

Time limit reached
Best objective 3.765835991019e+02, best bound 0.000000000000e+00, gap 100.0000%

User-callback calls 7281, time in user-callback 0.02 sec
