
Gurobi 10.0.0 (win64) logging started Sat Sep 20 14:11:46 2025

Set parameter LogFile to value "log_group_6/bound_Expr34_s7_l1051_s11_e12_o40_d80_t7200_s34_0_0_0_0.log"
Gurobi Optimizer version 10.0.0 build v10.0.0rc2 (win64)

CPU model: Intel(R) Core(TM) i7-10700 CPU @ 2.90GHz, instruction set [SSE2|AVX|AVX2]
Thread count: 8 physical cores, 16 logical processors, using up to 16 threads

Optimize a model with 673203 rows, 672470 columns and 5380906 nonzeros
Model fingerprint: 0xbd497b58
Variable types: 470 continuous, 672000 integer (672000 binary)
Coefficient statistics:
  Matrix range     [1e+00, 8e+02]
  Objective range  [1e+00, 1e+00]
  Bounds range     [1e+00, 1e+03]
  RHS range        [1e+00, 8e+02]
Presolve removed 654970 rows and 654930 columns
Presolve time: 2.60s
Presolved: 18233 rows, 17540 columns, 120743 nonzeros
Variable types: 390 continuous, 17150 integer (17150 binary)
Found heuristic solution: objective 721.3408000
Deterministic concurrent LP optimizer: primal and dual simplex
Showing first log only...

Concurrent spin time: 0.00s

Solved with primal simplex

Root relaxation: objective 0.000000e+00, 664 iterations, 0.16 seconds (0.20 work units)

    Nodes    |    Current Node    |     Objective Bounds      |     Work
 Expl Unexpl |  Obj  Depth IntInf | Incumbent    BestBd   Gap | It/Node Time

     0     0    0.00000    0   83  721.34080    0.00000   100%     -    3s
H    0     0                     681.8345000    0.00000   100%     -    3s
     0     0    0.00000    0  143  681.83450    0.00000   100%     -    4s
H    0     0                     301.5920333    0.00000   100%     -    5s
     0     0    0.00000    0  135  301.59203    0.00000   100%     -    5s
     0     0    0.00000    0   80  301.59203    0.00000   100%     -    7s
H    0     0                     288.7447333    0.00000   100%     -    8s
H    0     0                     280.9300333    0.00000   100%     -    8s
     0     0    0.00000    0   80  280.93003    0.00000   100%     -    8s
H    0     0                     278.5172333    0.00000   100%     -    8s
H    0     0                     277.7714333    0.00000   100%     -   10s
     0     0    0.00000    0   80  277.77143    0.00000   100%     -   11s
H    0     0                     277.5693000    0.00000   100%     -   13s
     0     0    0.00000    0   80  277.56930    0.00000   100%     -   13s
     0     0    0.00000    0   82  277.56930    0.00000   100%     -   14s
     0     0    0.00000    0   80  277.56930    0.00000   100%     -   14s
     0     2    0.00000    0   80  277.56930    0.00000   100%     -   16s
H   30    34                     269.5447000    0.00000   100%  72.8   20s
H   32    34                     268.4801000    0.00000   100%  68.7   20s
H   33    34                     264.5338000    0.00000   100%  66.8   20s
H   36    34                     258.9174667    0.00000   100%  61.6   20s
   642   535    0.00000   88   80  258.91747    0.00000   100%  27.1   25s
H  968   718                     257.9723667    0.00000   100%  20.1   26s
H 1398  1083                     254.4893667    0.00000   100%  16.8   30s
  1922  1838    0.00000  301   81  254.48937    0.00000   100%  15.5   35s
H 1975  1838                     254.4893666    0.00000   100%  15.3   35s
H 2308  1853                     254.3903667    0.00000   100%  14.1   37s
  2325  2361    0.00000  356   80  254.39037    0.00000   100%  14.1   40s
  3788  3238    0.00000  510   81  254.39037    0.00000   100%  11.8   47s
H 3817  3238                     254.3473000    0.00000   100%  11.8   47s
H 3927  3238                     254.3473000    0.00000   100%  11.8   47s
  3956  4065    0.00000  539   80  254.34730    0.00000   100%  11.8   51s
  4941  4841    0.00000  643   80  254.34730    0.00000   100%  11.2   55s
H 5148  4841                     254.3472999    0.00000   100%  11.2   55s
  6807  6149    0.00000  916   80  254.34730    0.00000   100%  10.9   62s
H 6980  6149                     254.3472994    0.00000   100%  10.9   62s
  7338  6150  181.18617  987   80  254.34730    0.00000   100%  10.8  160s
H 7339  5843                     254.3472994    0.00000   100%  10.8  176s
H 7340  5551                     254.3268984    0.00000   100%  10.8  203s
  7342  5553  158.19197  637   80  254.32690    0.00000   100%  10.8  210s
  7343  5553   97.28960  172   82  254.32690    0.00000   100%  10.8  225s
  7344  5554  214.54347  290   81  254.32690    0.00000   100%  10.8  235s
  7345  5555  181.18617  824   82  254.32690    0.00000   100%  10.8  249s
  7346  5555  158.19197  456   82  254.32690    0.00000   100%  10.8  255s
  7347  5556   80.34753  705   80  254.32690    0.00000   100%  10.8  267s
  7348  5557  189.85583  830   80  254.32690    0.00000   100%  10.8  271s
  7349  5557    0.00000  432   82  254.32690    0.00000   100%  10.8  282s
  7350  5558   90.25433  780   80  254.32690    0.00000   100%  10.8  285s
  7351  5559  212.43283  596   80  254.32690    0.00000   100%  10.8  313s
  7352  5562    0.00000   13   80  254.32690    0.00000   100%  12.8  318s
  7354  5566    0.00000   14   80  254.32690    0.00000   100%  12.8  333s
  7358  5572    0.00000   15   80  254.32690    0.00000   100%  12.8  355s
  7366  5578    0.00000   16   80  254.32690    0.00000   100%  13.3  365s
  7374  5583    5.03047   16   78  254.32690    0.00000   100%  13.3  376s
  7382  5586    0.00000   17   80  254.32690    0.00000   100%  13.4  409s
H 7384  5308                     254.3261642    0.00000   100%  13.4  409s
  7390  5312   56.72437   17   78  254.32616    0.00000   100%  13.4  410s
  7398  5319    0.00000   18   80  254.32616    0.00000   100%  13.4  426s
  7413  5326    0.00000   19   80  254.32616    0.00000   100%  13.4  445s
  7445  5338    0.00000   21   80  254.32616    0.00000   100%  13.4  471s
  7490  5335    0.00000   24   80  254.32616    0.00000   100%  13.9  476s
  7536  5343  115.00377   26   78  254.32616    0.00000   100%  14.2  480s
  7618  5356    0.00000   32   80  254.32616    0.00000   100%  14.4  485s
  7672  5370    0.00000   38   80  254.32616    0.00000   100%  14.5  492s
  7698  5399   28.14683   42   78  254.32616    0.00000   100%  14.5  495s
  7776  5432  115.00377   48   78  254.32616    0.00000   100%  14.6  502s
  7843  5460    0.00000   54   80  254.32616    0.00000   100%  14.7  505s
  7975  5475    7.21353   67   78  254.32616    0.00000   100%  14.7  514s
  7991  5541   45.72357   68   78  254.32616    0.00000   100%  14.7  517s
  8081  5577    0.00000   77   80  254.32616    0.00000   100%  14.6  521s
  8162  5631   96.85300   86   78  254.32616    0.00000   100%  14.5  525s
  8272  5682    0.00000   98   80  254.32616    0.00000   100%  14.4  533s
  8361  5700    0.00000  110   80  254.32616    0.00000   100%  14.3  536s
  8423  5695    0.00000  118   80  254.32616    0.00000   100%  14.3  542s
  8444  5744   22.19370  119   78  254.32616    0.00000   100%  14.3  545s
  8589  5798   58.88197  134   78  254.32616    0.00000   100%  14.2  551s
  8638  5802   57.57297  138   78  254.32616    0.00000   100%  14.4  557s
  8662  5834   57.57297  140   78  254.32616    0.00000   100%  14.4  560s
  8807  5852   57.57297  152   78  254.32616    0.00000   100%  14.5  568s
  8825  5867    0.00000  153   80  254.32616    0.00000   100%  14.5  576s
  8851  5883    0.00000  155   80  254.32616    0.00000   100%  14.5  614s
H 8899  5616                     254.3261591    0.00000   100%  14.5  632s
  8917  5624    0.00000  159   80  254.32616    0.00000   100%  14.5  653s
  8937  5623   58.88197  160   78  254.32616    0.00000   100%  14.6  663s
  8945  5649    0.00000  161   80  254.32616    0.00000   100%  14.6  674s
  8980  5736    0.00000  164   80  254.32616    0.00000   100%  14.8  680s
  9103  5781   57.57297  173   78  254.32616    0.00000   100%  15.0  686s
  9231  5815   58.88197  182   78  254.32616    0.00000   100%  15.1  691s
  9361  5798   57.57297  191   78  254.32616    0.00000   100%  15.2  700s
  9393  5858   58.88197  194   78  254.32616    0.00000   100%  15.2  706s
  9516  5997    0.00000  206   80  254.32616    0.00000   100%  15.3  715s
  9737  6003    0.00000  229   80  254.32616    0.00000   100%  15.2  721s
  9822  6074    0.00000  242   80  254.32616    0.00000   100%  15.3  744s
  9959  6054   56.69077  253   78  254.32616    0.00000   100%  15.5  770s
  9990  6157    0.00000  256   80  254.32616    0.00000   100%  15.6  779s
 10135  6282    7.18023  274   78  254.32616    0.00000   100%  15.8  790s
 10353  6320   43.59727  308   78  254.32616    0.00000   100%  16.1  799s
 10509  6318   79.69507  330   78  254.32616    0.00000   100%  16.5  812s
 10564  6491   79.69507  335   78  254.32616    0.00000   100%  16.6  821s
 10800  6595   89.65080  351   78  254.32616    0.00000   100%  16.9  829s
 11048  6669   89.65080  368   78  254.32616    0.00000   100%  16.9  837s
 11249  6607  100.94093  381   78  254.32616    0.00000   100%  17.0  859s
 11257  6667    0.00000  382   80  254.32616    0.00000   100%  17.0  870s
 11322  6787  100.94093  387   78  254.32616    0.00000   100%  17.2  879s
 11525  6746   89.65080  401   78  254.32616    0.00000   100%  17.3  901s
 11557  6886    0.00000  404   80  254.32616    0.00000   100%  17.4  912s
 11784  6940  100.94093  429   78  254.32616    0.00000   100%  17.5  924s
 12023  6915  105.96567  452   78  254.32616    0.00000   100%  17.9  941s
 12082  7080  105.96567  460   78  254.32616    0.00000   100%  18.0  953s
 12322  7165  106.40757  485   78  254.32616    0.00000   100%  18.3  965s
 12541  7223  100.94093  510   78  254.32616    0.00000   100%  18.4  976s
 12685  7463    0.00000  531   80  254.32616    0.00000   100%  18.6  988s
 13041  7551  100.94093  555   78  254.32616    0.00000   100%  18.6 1005s
 13252  8072  100.94093  565   78  254.32616    0.00000   100%  18.6 1021s
 13936  7850    0.00000  607   80  254.32616    0.00000   100%  18.2 1052s
 13944  7951    6.79197  607   78  254.32616    0.00000   100%  18.2 1078s
 14051  8494   37.39547  618   78  254.32616    0.00000   100%  18.2 1099s
 14723  9018    0.00000  698   80  254.32616    0.00000   100%  17.9 1259s
 15696  9136   81.30473  790   78  254.32616    0.00000   100%  17.9 1270s
 16144  9512    0.00000  819   80  254.32616    0.00000   100%  17.5 1285s
 16744  9959    0.00000  888   80  254.32616    0.00000   100%  17.2 1300s
 17457 10155  111.11990  962   78  254.32616    0.00000   100%  16.9 1311s
 17925 10183    0.00000 1018   80  254.32616    0.00000   100%  16.7 1319s
 18113 10466    0.00000 1046   80  254.32616    0.00000   100%  16.6 1332s
 18509 10512  126.13523 1106   78  254.32616    0.00000   100%  16.5 1342s
 18696 11310    0.00000 1153   80  254.32616    0.00000   100%  16.5 1358s
 19617 11522   77.91393 1239   78  254.32616    0.00000   100%  16.0 1369s
 20144 11652   98.03817 1288   78  254.32616    0.00000   100%  15.7 1381s
 20496 11726  105.60040 1322   78  254.32616    0.00000   100%  15.6 1392s
 20692 12052    0.00000 1370   80  254.32616    0.00000   100%  15.6 1408s
 21154 12179    0.00000 1448   80  254.32616    0.00000   100%  15.7 1422s
 21464 12385    5.92193 1515   78  254.32616    0.00000   100%  15.9 1437s
 21835 12299   80.36623 1584   78  254.32616    0.00000   100%  16.3 1468s
 21875 12668    0.00000 1588   80  254.32616    0.00000   100%  16.3 1479s
 22283 12663    0.00000 1618   80  254.32616    0.00000   100%  16.4 1494s
 22418 13456  120.48770 1638   78  254.32616    0.00000   100%  16.4 1515s
 23315 13462    0.00000 1743   80  254.32616    0.00000   100%  16.6 1546s
 23323 13560   84.48213 1743   78  254.32616    0.00000   100%  16.5 1569s
 23426 14005   81.80273 1753   78  254.32616    0.00000   100%  16.7 1587s
 23929 14223    0.00000 1826   80  254.32616    0.00000   100%  16.8 1605s
 24224 14333   77.76363 1876   78  254.32616    0.00000   100%  17.0 1623s
 24336 15319   77.76363 1887   78  254.32616    0.00000   100%  17.1 1649s
 25362 16048    0.00000 1940   80  254.32616    0.00000   100%  17.2 1667s
 26149 16536  118.31483 1999   78  254.32616    0.00000   100%  17.2 1689s
 26694 16758   81.78053 2097   78  254.32616    0.00000   100%  17.5 1714s
 26919 19069   45.27493 2127   78  254.32616    0.00000   100%  17.6 1741s
 29286 22782    0.00000 2229   80  254.32616    0.00000   100%  16.9 2135s
 33033 22855   45.45083 2616   78  254.32616    0.00000   100%  16.3 2143s
 33113 23888   68.15330 2621   78  254.32616    0.00000   100%  16.3 2170s
 34187 23968    0.00000 2696   80  254.32616    0.00000   100%  15.9 2180s
 34269 25029    0.00000 2704   80  254.32616    0.00000   100%  16.0 2197s
 35383 25412   61.36203 2797   78  254.32616    0.00000   100%  15.8 2213s
 35818 25521    0.00000 2875   80  254.32616    0.00000   100%  15.8 2221s
 35937 26105  106.18483 2883   78  254.32616    0.00000   100%  15.9 2236s
 36577 26116    0.00000 2963   80  254.32616    0.00000   100%  16.0 2266s
 36593 26247    0.00000 2964   80  254.32616    0.00000   100%  16.0 2274s
 36725 27203   89.58930 2972   78  254.32616    0.00000   100%  16.1 2292s
 37698 27733  106.18483 3063   78  254.32616    0.00000   100%  16.1 2308s
 38283 28512    0.01686 3109   81  254.32616    0.01686   100%  16.2 2323s
 39092 29201    0.01764 3150   80  254.32616    0.01764   100%  16.2 2339s
 39841 29300    0.01764 3211   80  254.32616    0.01764   100%  16.2 2362s
 39944 30052    0.01764 3219   80  254.32616    0.01764   100%  16.3 2377s
 40743 30787   58.42437 3282   78  254.32616    0.01764   100%  16.4 2395s
 41525 31871    0.01764 3348   80  254.32616    0.01764   100%  16.3 2432s
 42675 31967    0.01764 3393   80  254.32616    0.01764   100%  16.2 2454s
 42775 32591   58.42437 3402   78  254.32616    0.01764   100%  16.2 2470s
 43468 33093   58.42437 3447   78  254.32616    0.01764   100%  16.3 2487s
 44027 35410    0.01764 3521   80  254.32616    0.01764   100%  16.3 2666s
 46533 35479    0.01764 3746   80  254.32616    0.01764   100%  16.6 2676s
 46635 36117   56.74201 3751   78  254.32616    0.01764   100%  16.7 2693s
 47366 36726    0.01764 3803   80  254.32616    0.01764   100%  16.8 2706s
 48054 36751    0.01764 3841   80  254.32616    0.01764   100%  16.9 2739s
 48086 36872    0.01764 3843   80  254.32616    0.01764   100%  16.9 2750s
 48217 37851    0.01764 3850   80  254.32616    0.01764   100%  17.0 2768s
 49344 38026    0.01764 3912   80  254.32616    0.01764   100%  16.9 2782s
 49524 39134   59.62957 3921   78  254.32616    0.01764   100%  16.8 2800s
 50662 41072    0.01764 3980   80  254.32616    0.01764   100%  16.6 2821s
 52723 41478    0.01764 4066   80  254.32616    0.01764   100%  16.4 2832s
 53189 42328    0.01764 4106   80  254.32616    0.01764   100%  16.4 2845s
 54083 42465    0.02875 4152   82  254.32616    0.02875   100%  16.2 2860s
 54222 44133    0.02875 4159   82  254.32616    0.02875   100%  16.2 2876s
 55924 45405    0.02875 4193   82  254.32616    0.02875   100%  15.9 2894s
 57263 46348    0.03309 4239   81  254.32616    0.03309   100%  15.7 2907s
 58259 46756   80.75103 4292   78  254.32616    0.04300   100%  15.6 2918s
 58673 49647    0.04300 4336   80  254.32616    0.04300   100%  15.6 3090s
 61815 49737    0.04300 4495   80  254.32616    0.04300   100%  15.3 3112s
 61930 49801    0.04300 4500   80  254.32616    0.04300   100%  15.4 3191s
H61938 49801                     254.3237683    0.04300   100%  15.4 3191s
 62002 49928  123.78813 4504   78  254.32377    0.04300   100%  15.4 3198s
 62131 50026  123.78813 4510   78  254.32377    0.04300   100%  15.4 3234s
 62244 50181   80.75103 4517   78  254.32377    0.04300   100%  15.4 3243s
 62399 52682  123.78813 4525   78  254.32377    0.04300   100%  15.4 3262s
 64955 52838    4.04343 4591   78  254.32377    3.32577  98.7%  15.1 3271s
 65115 55840   72.19673 4598   76  254.32377    3.32577  98.7%  15.1 3288s
 68163 58960    4.04343 4643   78  254.32377    3.32577  98.7%  14.7 3307s
 71293 59674   17.28136 4686   76  254.32377    3.32577  98.7%  14.3 3321s
 72028 62380   44.87833 4715   76  254.32377    3.32577  98.7%  14.2 3336s
 74764 66553    4.04343 4765   78  254.32377    3.32577  98.7%  13.9 3513s
 79048 66592   22.97002 4948   78  254.32377    3.32577  98.7%  13.6 3529s
 79093 67168    4.08802 4951   80  254.32377    3.32577  98.7%  13.7 3542s
 79693 68702   22.97002 4972   78  254.32377    3.32577  98.7%  13.7 3559s
 81255 70805    4.08983 4995   80  254.32377    3.32577  98.7%  13.5 3576s
 83394 71752    4.08983 5024   80  254.32377    3.32577  98.7%  13.3 3589s
 84364 73990   22.97183 5039   78  254.32377    3.32577  98.7%  13.2 3609s
 86637 75040    4.08983 5064   80  254.32377    3.32577  98.7%  13.0 3624s
 87769 76579  119.16517 5075   78  254.32377    3.32577  98.7%  12.9 3640s
 89329 78897    4.08983 5096   80  254.32377    3.32577  98.7%  12.8 3804s
 91763 80481   11.82421 5179   77  254.32377    3.32577  98.7%  12.8 3824s
 93385 82160    4.10144 5214   79  254.32377    3.32577  98.7%  12.7 3845s
 95094 84127    4.10144 5266   79  254.32377    3.32577  98.7%  12.6 3870s
 97079 85661    4.10144 5332   79  254.32377    3.32577  98.7%  12.5 3890s
 98644 86490    4.10144 5365   79  254.32377    3.32577  98.7%  12.3 3906s
 99565 88917    4.10144 5414   79  254.32377    3.32577  98.7%  12.3 3925s
 102066 91140    4.10147 5449   79  254.32377    3.32577  98.7%  12.1 3945s
 104327 95269    4.10147 5474   79  254.32377    3.32577  98.7%  12.0 4125s
 108773 95370   17.45129 5571   78  254.32377    3.32577  98.7%  11.7 4130s
 108886 98914   10.14936 5577   80  254.32377    3.32577  98.7%  11.7 4151s
 112486 101490   10.14936 5617   80  254.32377    3.32577  98.7%  11.5 4165s
 115094 103718   10.14936 5647   80  254.32377    3.32577  98.7%  11.3 4177s
 117345 104467   57.80752 5675   78  254.32377    3.32577  98.7%  11.1 4185s
 118119 106123   57.80752 5689   78  254.32377    3.32577  98.7%  11.1 4196s
 119823 109977   57.84246 5709   77  254.32377    3.32577  98.7%  11.0 4375s
 123938 110045   55.71613 5802   77  254.32377    3.32577  98.7%  11.1 4382s
 124034 110860   10.18429 5807   79  254.32377    3.32577  98.7%  11.1 4397s
 124988 112028   10.18429 5842   79  254.32377    3.32577  98.7%  11.1 4413s
 126487 112285  123.86813 5885   77  254.32377    3.32577  98.7%  11.1 4420s
 126819 113798   10.18429 5891   79  254.32377    3.32577  98.7%  11.1 4440s
 128604 115000   17.48623 5937   77  254.32377    3.32577  98.7%  11.0 4459s
 130108 118598   10.57512 5964   79  254.32377    3.32577  98.7%  11.0 4483s
 133853 121956   15.26211 5997   87  254.32377    3.32577  98.7%  10.7 4506s
 137267 126006   15.30106 6014   79  254.32377    3.32577  98.7%  10.5 4685s
 141859 126090   52.35130 6142   74  254.32377    3.32577  98.7%  10.6 4692s
 141965 128238   37.35300 6148   74  254.32377    3.32577  98.7%  10.6 4708s
 144232 130164   22.55297 6197   76  254.32377    3.32577  98.7%  10.6 4721s
 146292 131454   22.55297 6238   76  254.32377    3.32577  98.7%  10.5 4733s
 147646 133208   22.55297 6276   76  254.32377    3.32577  98.7%  10.5 4747s
 149459 135687  102.22433 6306   74  254.32377    3.32577  98.7%  10.5 4762s
 151986 139898   22.55297 6333   76  254.32377    3.32577  98.7%  10.4 4935s
 156431 139975  123.40510 6467   74  254.32377    3.32577  98.7%  10.5 4940s
 156524 141832   22.55297 6473   76  254.32377    3.32577  98.7%  10.5 4958s
 158431 143447  128.75940 6509   74  254.32377    3.32577  98.7%  10.4 4974s
 160122 144732   22.55644 6536   87  254.32377    3.32577  98.7%  10.4 4988s
 161468 145791   22.56653 6550   76  254.32377    3.32577  98.7%  10.4 5002s
 162585 146711   60.48636 6581   74  254.32377    3.32577  98.7%  10.3 5013s
 163569 147904   60.48636 6615   74  254.32377    3.32577  98.7%  10.4 5024s
 164814 149113   22.56653 6633   76  254.32377    3.32577  98.7%  10.4 5036s
 166063 150376  176.16028 6644   74  254.32377    3.32577  98.7%  10.4 5047s
 167395 153915   36.67673 6659   74  254.32377    3.32577  98.7%  10.4 5216s
 171026 155474  134.12100 6754   74  254.32377    3.32577  98.7%  10.3 5230s
 172619 157356   22.56653 6777   76  254.32377    3.32577  98.7%  10.3 5247s
 174547 159276   36.69540 6814   74  254.32377    3.32577  98.7%  10.3 5263s
 176523 160449   22.56653 6853   76  254.32377    3.32577  98.7%  10.3 5277s
 177756 160871   22.56653 6888   76  254.32377    3.32577  98.7%  10.3 5284s
 178211 162513   22.56653 6901   76  254.32377    3.32577  98.7%  10.3 5300s
 180050 164833   22.56653 6935   76  254.32377    3.32577  98.7%  10.3 5315s
 182395 169528   22.56653 6963   76  254.32377    3.32577  98.7%  10.2 5479s
 187127 169549   22.56653 7013   76  254.32377    3.32577  98.7%  10.1 5483s
 187148 172528   52.76220 7016   74  254.32377    3.32577  98.7%  10.1 5494s
 190129 173045   22.56653 7026   76  254.32377    3.32577  98.7%  10.0 5498s
 190647 174351  167.42813 7030   74  254.32377    3.32577  98.7%   9.9 5508s
 191955 175699  169.88153 7045   72  254.32377    3.32577  98.7%   9.9 5517s
 193305 177493  169.69737 7060   72  254.32377    3.32577  98.7%   9.8 5527s
 195103 178922   25.01994 7075   74  254.32377    3.32577  98.7%   9.8 5536s
 196536 180108   39.14880 7089   72  254.32377    3.32577  98.7%   9.7 5544s
 197724 184792   25.01994 7104   74  254.32377    3.32577  98.7%   9.7 5711s
 202452 186142  146.25823 7169   76  254.32377    3.32577  98.7%   9.6 5723s
 203860 188463   25.01994 7186   74  254.32377    3.32577  98.7%   9.5 5740s
 206192 189616   25.01994 7201   74  254.32377    3.32577  98.7%   9.5 5751s
 207358 191576   25.01994 7215   74  254.32377    3.32577  98.7%   9.5 5765s
 209332 191896   77.57337 7223   72  254.32377    3.32577  98.7%   9.4 5770s
 209659 192592   25.01994 7226   74  254.32377    3.32577  98.7%   9.4 5779s
 210402 193393   25.01994 7234   74  254.32377    3.32577  98.7%   9.4 5787s
 211233 194572   25.01994 7242   74  254.32377    3.32577  98.7%   9.4 5799s
 212445 197827   25.01994 7250   74  254.32377    3.32577  98.7%   9.4 5961s
 215817 197896   25.01994 7301   74  254.32377    3.32577  98.7%   9.4 5966s
 215886 199783   47.21364 7304   72  254.32377    3.32577  98.7%   9.5 5980s
 217795 201183   25.01994 7322   74  254.32377    3.32577  98.7%   9.4 5993s
 219226 202358   25.01994 7337   74  254.32377    3.32577  98.7%   9.4 6005s
 220428 203634   25.01994 7359   74  254.32377    3.32577  98.7%   9.5 6019s
 221719 204665   25.01994 7386   74  254.32377    3.32577  98.7%   9.4 6030s
 222793 204992   25.01994 7401   74  254.32377    3.32577  98.7%   9.5 6036s
 223128 206562   25.01994 7402   74  254.32377    3.32577  98.7%   9.5 6051s
 224748 207902   68.97550 7433   72  254.32377    3.32577  98.7%   9.4 6066s
 226116 208666   68.97550 7464   72  254.32377    3.32577  98.7%   9.4 6077s
 226925 209302   25.01994 7483   74  254.32377    3.32577  98.7%   9.4 6229s
 227637 212795   25.01994 7523   74  254.32377    3.32577  98.7%   9.5 6272s
 231641 212889   25.01994 7620   74  254.32377    3.32577  98.7%   9.6 6279s
 231735 215825   65.94297 7623   72  254.32377    3.32577  98.7%   9.6 6302s
 234739 218033   25.01994 7649   74  254.32377    3.32577  98.7%   9.5 6321s
 236980 219868   25.01994 7673   74  254.32377    3.32577  98.7%   9.5 6340s
 238832 221391  137.27780 7699   72  254.32377    3.32577  98.7%   9.5 6356s
 240392 223913   25.01994 7731   74  254.32377    3.32577  98.7%   9.5 6373s
 242918 226860   25.01994 7761   74  254.32377    3.32577  98.7%   9.5 6531s
 245880 229224   25.01994 7826   74  254.32377    3.32577  98.7%   9.5 6551s
 248258 231083   65.94297 7843   77  254.32377    3.32577  98.7%   9.4 6566s
 250126 232096   25.03703 7850   76  254.32377    3.32577  98.7%   9.4 6578s
 251163 232815   25.03732 7854   76  254.32377    3.32577  98.7%   9.4 6588s
 251914 233599   25.03732 7859   76  254.32377    3.32577  98.7%   9.4 6599s
 252775 234396   25.03816 7864   74  254.32377    3.32577  98.7%   9.5 6611s
 253633 234853   32.32997 7874   72  254.32377    3.32577  98.7%   9.5 6619s
 254099 235856   25.06077 7880   75  254.32377    3.32577  98.7%   9.5 6632s
 255140 236961   78.16304 7897   72  254.32377    3.32577  98.7%   9.5 6648s
 256312 238201   25.58693 7916   74  254.32377    3.32577  98.7%   9.5 6661s
 257588 241115  111.98777 7932   70  254.32377    3.32577  98.7%   9.5 6827s
 260633 241166   39.38471 7977   70  254.32377    3.32577  98.7%   9.5 6831s
 260704 241905  161.03140 7980   68  254.32377    3.32577  98.7%   9.5 6840s
 261472 244585   63.46047 8003   66  254.32377    3.32577  98.7%   9.5 6860s
 264179 246782   50.31673 8057   68  254.32377    3.32577  98.7%   9.5 6877s
 266404 248378   50.31673 8096   68  254.32377    3.32577  98.7%   9.4 6892s
 268036 249281   88.88400 8128   66  254.32377    3.32577  98.7%   9.4 6906s
 269032 250092   50.31673 8160   68  254.32377    3.32577  98.7%   9.4 6918s
 269913 250151     cutoff 8189       254.32377    3.32577  98.7%   9.4 6924s
 270006 250202  165.45773 8199   69  254.32377    3.32577  98.7%   9.4 6928s
 270069 250825   50.31673 8206   69  254.32377    3.32577  98.7%   9.4 6940s
 270792 251024   50.31673 8234   69  254.32377    3.32577  98.7%   9.4 6949s
 271060 252018   50.31673 8253   69  254.32377    3.32577  98.7%   9.4 6961s
 272111 252978   50.31673 8283   68  254.32377    3.32577  98.7%   9.5 7124s
 273227 254886   50.31673 8336   68  254.32377    3.32577  98.7%   9.5 7154s
 275443 256228   50.34085 8407   69  254.32377    3.32577  98.7%   9.6 7174s
 276939 256575  156.66687 8419   67  254.32377    3.32577  98.7%   9.6 7183s
 277327 257661   50.34214 8425   68  254.32377    3.32577  98.7%   9.6 7200s

Cutting planes:
  Gomory: 87
  Implied bound: 162
  Projected implied bound: 293
  MIR: 9
  Flow cover: 162
  Relax-and-lift: 2031

Explored 278474 nodes (2712563 simplex iterations) in 7201.26 seconds (8808.83 work units)
Thread count was 16 (of 16 available processors)

Solution count 10: 254.324 254.326 254.327 ... 254.489

Time limit reached
Best objective 2.543237683080e+02, best bound 3.325766666658e+00, gap 98.6923%

User-callback calls 1134343, time in user-callback 5.03 sec
