
Gurobi 10.0.1 (win64) logging started Sun Sep 21 16:54:28 2025

Set parameter LogFile to value "log_group_6/bound_Expr342_s8_l1051_s11_e12_o60_d120_t60_s47_0_0_0_0.log"
Gurobi Optimizer version 10.0.1 build v10.0.1rc0 (win64)

CPU model: Intel(R) Core(TM) i7-10700 CPU @ 2.90GHz, instruction set [SSE2|AVX|AVX2]
Thread count: 8 physical cores, 16 logical processors, using up to 16 threads

Optimize a model with 1297432 rows, 1296580 columns and 10370704 nonzeros
Model fingerprint: 0xff2be0ab
Variable types: 580 continuous, 1296000 integer (1296000 binary)
Coefficient statistics:
  Matrix range     [1e+00, 9e+02]
  Objective range  [1e+00, 1e+00]
  Bounds range     [1e+00, 1e+03]
  RHS range        [1e+00, 9e+02]
Presolve removed 1269372 rows and 1268920 columns (presolve time = 5s) ...
Presolve removed 1268980 rows and 1268528 columns
Presolve time: 5.42s
Presolved: 28452 rows, 28052 columns, 165168 nonzeros
Variable types: 460 continuous, 27592 integer (27592 binary)
Found heuristic solution: objective 15638.768667
Found heuristic solution: objective 1377.3284000
Deterministic concurrent LP optimizer: primal and dual simplex
Showing first log only...


Root simplex log...

Iteration    Objective       Primal Inf.    Dual Inf.      Time
       0   -4.1516000e+04   1.108380e+04   3.507847e+08      7s
    2629    4.4884000e+04   0.000000e+00   9.360000e+02      7s
    3042    0.0000000e+00   0.000000e+00   0.000000e+00      7s
Concurrent spin time: 0.10s

Solved with primal simplex

Root relaxation: objective 0.000000e+00, 3042 iterations, 0.47 seconds (0.80 work units)

    Nodes    |    Current Node    |     Objective Bounds      |     Work
 Expl Unexpl |  Obj  Depth IntInf | Incumbent    BestBd   Gap | It/Node Time

     0     0    0.00000    0  180 1377.32840    0.00000   100%     -    9s
H    0     0                    1151.8112000    0.00000   100%     -   11s
     0     0    0.00000    0  225 1151.81120    0.00000   100%     -   12s
H    0     0                     597.1755333    0.00000   100%     -   17s
     0     0    0.00000    0  240  597.17553    0.00000   100%     -   17s
H    0     0                     571.7901999    0.00000   100%     -   18s
H    0     0                     475.7526667    0.00000   100%     -   25s
H    0     0                     455.0996667    0.00000   100%     -   25s
H    0     0                     433.7607333    0.00000   100%     -   25s
     0     0    0.00000    0  183  433.76073    0.00000   100%     -   27s
H    0     0                     433.1390667    0.00000   100%     -   28s
     0     0    0.00000    0  186  433.13907    0.00000   100%     -   32s
     0     0    0.00000    0  194  433.13907    0.00000   100%     -   39s
     0     0    0.00000    0  187  433.13907    0.00000   100%     -   39s
H    0     0                     431.0146667    0.00000   100%     -   45s
H    0     0                     430.2352667    0.00000   100%     -   45s
     0     0    0.00000    0  189  430.23527    0.00000   100%     -   47s
H    0     0                     407.4811000    0.00000   100%     -   49s
     0     0    0.00000    0  188  407.48110    0.00000   100%     -   53s
     0     0    0.00000    0  185  407.48110    0.00000   100%     -   60s

Cutting planes:
  Gomory: 21
  Implied bound: 477
  MIR: 203
  RLT: 76
  Relax-and-lift: 181

Explored 1 nodes (44630 simplex iterations) in 60.20 seconds (59.76 work units)
Thread count was 16 (of 16 available processors)

Solution count 10: 407.481 430.235 431.015 ... 1151.81

Time limit reached
Best objective 4.074810999999e+02, best bound 0.000000000000e+00, gap 100.0000%

User-callback calls 8388, time in user-callback 0.01 sec
