
Gurobi 9.1.2 (win64) logging started Sat Sep 20 05:29:26 2025

Changed value of parameter LogFile to log_group_6/bound_Expr51_s10_l1051_s11_e12_o80_d160_t7200_s51_0_0_0_0.log
   Prev:   Default: 
Gurobi Optimizer version 9.1.2 build v9.1.2rc0 (win64)
Thread count: 8 physical cores, 16 logical processors, using up to 16 threads
Optimize a model with 3281810 rows, 3280740 columns and 26219200 nonzeros
Model fingerprint: 0x2af169d6
Variable types: 740 continuous, 3280000 integer (3280000 binary)
Coefficient statistics:
  Matrix range     [1e+00, 9e+02]
  Objective range  [1e+00, 1e+00]
  Bounds range     [1e+00, 1e+03]
  RHS range        [1e+00, 9e+02]
Presolve removed 0 rows and 80 columns (presolve time = 5s) ...
Presolve removed 3237240 rows and 3237160 columns (presolve time = 10s) ...
Presolve removed 3237240 rows and 3236670 columns
Presolve time: 12.45s
Presolved: 44570 rows, 44070 columns, 260460 nonzeros
Variable types: 580 continuous, 43490 integer (43490 binary)
Found heuristic solution: objective 13060.919600
Found heuristic solution: objective 2739.0813667

Deterministic concurrent LP optimizer: primal and dual simplex
Showing first log only...


Root simplex log...

Iteration    Objective       Primal Inf.    Dual Inf.      Time
       0   -5.5228000e+04   1.482615e+04   4.676607e+08     15s
    6415    5.9972000e+04   0.000000e+00   1.032000e+03     16s
    6936    0.0000000e+00   0.000000e+00   0.000000e+00     16s
Concurrent spin time: 0.18s

Solved with primal simplex

Root relaxation: objective 0.000000e+00, 6936 iterations, 0.85 seconds
Total elapsed time = 20.40s

    Nodes    |    Current Node    |     Objective Bounds      |     Work
 Expl Unexpl |  Obj  Depth IntInf | Incumbent    BestBd   Gap | It/Node Time

     0     0    0.00000    0  246 2739.08137    0.00000   100%     -   21s
H    0     0                    2385.4927000    0.00000   100%     -   22s
H    0     0                    2353.4825333    0.00000   100%     -   23s
H    0     0                    1737.1800648    0.00000   100%     -   26s
     0     0    0.00000    0  373 1737.18006    0.00000   100%     -   26s
H    0     0                     977.6203333    0.00000   100%     -   29s
     0     0    0.00000    0  334  977.62033    0.00000   100%     -   29s
H    0     0                     973.9847333    0.00000   100%     -   30s
H    0     0                     747.2729667    0.00000   100%     -   46s
H    0     0                     706.9899301    0.00000   100%     -   46s
H    0     0                     624.3948667    0.00000   100%     -   48s
     0     0    0.00000    0  251  624.39487    0.00000   100%     -   51s
H    0     0                     617.4049667    0.00000   100%     -   54s
     0     0    0.00000    0  269  617.40497    0.00000   100%     -   57s
H    0     0                     591.2073000    0.00000   100%     -   76s
H    0     0                     587.0188000    0.00000   100%     -   76s
H    0     0                     558.1399999    0.00000   100%     -   76s
     0     0    0.00000    0  252  558.14000    0.00000   100%     -   80s
H    0     0                     557.9549000    0.00000   100%     -   87s
     0     0    0.00000    0  242  557.95490    0.00000   100%     -   90s
     0     0    0.00000    0  252  557.95490    0.00000   100%     -  104s
     0     0    0.00000    0  252  557.95490    0.00000   100%     -  108s
H    0     0                     557.9333000    0.00000   100%     -  114s
H    0     0                     557.9332980    0.00000   100%     -  120s
H    0     2                     549.4347988    0.00000   100%     -  127s
     0     2    0.00000    0  252  549.43480    0.00000   100%     -  127s
    15    24    0.00000    4  311  549.43480    0.00000   100%   875  135s
    31    40    0.00000    6  300  549.43480    0.00000   100%  1158  154s
H   32    40                     546.9032994    0.00000   100%  1121  154s
H   37    40                     546.8169000    0.00000   100%   974  154s
    39    48  177.49173    7  275  546.81690    0.00000   100%   931  156s
    62    71   36.04250    9  306  546.81690    0.00000   100%   789  161s
    78    94  124.60037   10  304  546.81690    0.00000   100%   631  165s
   265   327    0.00000   33  307  546.81690    0.00000   100%   245  170s
   495   616    0.00000   53  300  546.81690    0.00000   100%   158  177s
   615   765    0.00000   67  293  546.81690    0.00000   100%   137  180s
   766   908    0.00000   95  285  546.81690    0.00000   100%   125  187s
H  785   908                     546.8168990    0.00000   100%   123  187s
   911  1221    0.00000  115  291  546.81690    0.00000   100%   109  192s
  1228  1668    0.00000  164  283  546.81690    0.00000   100%  90.5  197s
  1675  2173    0.00000  226  270  546.81690    0.00000   100%  71.4  202s
  2180  2751    0.00000  293  283  546.81690    0.00000   100%  59.7  210s
  2762  3517    0.00000  375  276  546.81690    0.00000   100%  53.7  217s
H 3528  4040                     546.8168987    0.00000   100%  46.6  224s
H 3841  4040                     546.8168984    0.00000   100%  44.9  224s
  4053  4661    0.00000  511  275  546.81690    0.00000   100%  43.5  234s
H 4676  5457                     546.8168980    0.00000   100%  44.8  243s
H 5474  5465                     546.8161989    0.00000   100%  42.0  253s
H 5477  5465                     546.8017391    0.00000   100%  42.0  253s
H 5478  5465                     546.6710982    0.00000   100%  42.1  253s
  5482  6338    0.00000  768  271  546.67110    0.00000   100%  42.3  262s
  6359  6964    0.00000  932  264  546.67110    0.00000   100%  39.8  271s
  6985  8083    0.00000 1035  266  546.67110    0.00000   100%  38.3  281s
  8109  8084  543.46297  513  252  546.67110    0.00000   100%  35.3  426s
H 8110  7680                     546.6708752    0.00000   100%  35.3  469s
  8111  7680  543.46297  864  242  546.67088    0.00000   100%  35.3  474s
H 8111  7296                     546.6695733    0.00000   100%  35.3  501s
  8112  7297  432.73660  836  249  546.66957    0.00000   100%  35.3  562s
  8113  7298  142.49287  813  211  546.66957    0.00000   100%  35.2  568s
  8114  7298  142.49287  623  240  546.66957    0.00000   100%  35.2  608s
  8115  7299  242.12857  499  265  546.66957    0.00000   100%  35.2  621s
  8116  7300  366.80527  261  245  546.66957    0.00000   100%  35.2  686s
  8117  7300  543.46297  130  236  546.66957    0.00000   100%  35.2  697s
  8118  7301    4.77567  415  243  546.66957    4.77567  99.1%  35.2  791s
  8119  7302  242.12857  921  222  546.66957    4.77567  99.1%  35.2  809s
  8120  7302   11.34150 1125  239  546.66957    4.77567  99.1%  35.2  891s
  8121  7303   73.32500  412  239  546.66957    4.77567  99.1%  35.2  901s
  8122  7304    4.77567  975  239  546.66957    4.77567  99.1%  35.2  957s
  8123  7307    4.77567   16  205  546.66957    4.77567  99.1%  46.6 1007s
  8125  7311    4.77567   17  201  546.66957    4.77567  99.1%  46.6 1073s
  8129  7313    4.77567   18  221  546.66957    4.77567  99.1%  47.0 1087s
  8137  7316    4.77567   19  218  546.66957    4.77567  99.1%  47.4 1141s
  8145  7318    4.77567   20  218  546.66957    4.77567  99.1%  48.8 1185s
H 8153  6955                     546.6694725    4.77567  99.1%  50.4 1268s
H 8154  6608                     546.6694688    4.77567  99.1%  50.4 1268s
H 8157  6277                     546.6694684    4.77567  99.1%  50.4 1268s
  8161  6281    4.77567   21  218  546.66947    4.77567  99.1%  50.4 1315s
  8169  6289   48.65107   21  218  546.66947    4.77567  99.1%  50.8 1361s
  8184  6296   92.98760   22  226  546.66947    4.77567  99.1%  51.6 1409s
  8200  6301   75.69937   23  222  546.66947    4.77567  99.1%  52.4 1437s
  8215  6313   92.41210   24  225  546.66947    4.77567  99.1%  52.9 1445s
  8238  6319    4.77567   26  229  546.66947    4.77567  99.1%  53.0 1456s
  8256  6338    4.77567   27  230  546.66947    4.77567  99.1%  53.0 1462s
  8288  6344    4.77567   29  232  546.66947    4.77567  99.1%  52.9 1476s
  8310  6365    4.77567   30  233  546.66947    4.77567  99.1%  53.2 1488s
  8344  6381  108.65280   32  228  546.66947    4.77567  99.1%  53.5 1514s
  8378  6399    4.77567   34  231  546.66947    4.77567  99.1%  53.7 1535s
  8418  6408  102.42923   36  236  546.66947    4.77567  99.1%  53.9 1546s
  8450  6436  102.74693   37  232  546.66947    4.77567  99.1%  54.0 1594s
  8496  6463    4.77567   39  237  546.66947    4.77567  99.1%  54.1 1632s
  8541  6493    4.77567   41  239  546.66947    4.77567  99.1%  54.8 1666s
  8592  6514    4.77567   43  236  546.66947    4.77567  99.1%  54.9 1706s
  8637  6570   63.78433   44  232  546.66947    4.77567  99.1%  55.0 1716s
  8727  6619    4.77567   51  242  546.66947    4.77567  99.1%  54.9 1727s
  8831  6655    4.77567   58  245  546.66947    4.77567  99.1%  54.8 1740s
  8922  6677  188.76650   63  243  546.66947    4.77567  99.1%  54.7 1767s
  8981  6754    4.77567   67  241  546.66947    4.77567  99.1%  55.2 1782s
  9110  6806    4.77567   73  242  546.66947    4.77567  99.1%  55.0 1796s
  9237  6816    4.77567   77  242  546.66947    4.77567  99.1%  54.7 1814s
  9297  6909  188.76650   80  244  546.66947    4.77567  99.1%  54.7 1830s
  9455  6996    4.77567   86  246  546.66947    4.77567  99.1%  54.6 1845s
  9624  7002    4.77567   94  248  546.66947    4.77567  99.1%  54.3 1859s
  9688  7116  237.13523   97  252  546.66947    4.77567  99.1%  54.6 1874s
  9833  7108   72.14903  103  249  546.66947    4.77567  99.1%  54.4 1945s
  9888  7185    4.77567  107  255  546.66947    4.77567  99.1%  54.5 1993s
  9984  7221    4.77567  112  261  546.66947    4.77567  99.1%  55.0 2013s
 10056  7448  143.49027  117  250  546.66947    4.77567  99.1%  55.0 2031s
 10334  7424    4.77567  130  260  546.66947    4.77567  99.1%  54.3 2080s
 10404  7701    4.77567  134  256  546.66947    4.77567  99.1%  54.4 2095s
 10745  7595    4.77567  148  255  546.66947    4.77567  99.1%  53.7 2119s
 10753  7706  108.18330  148  254  546.66947    4.77567  99.1%  53.7 2139s
 10870  7998    4.77567  155  261  546.66947    4.77567  99.1%  53.6 2158s
 11235  8198    4.77567  176  262  546.66947    4.77567  99.1%  52.8 2178s
 11594  8363    4.77567  196  263  546.66947    4.77567  99.1%  51.8 2196s
 11899  8511    4.77567  214  267  546.66947    4.77567  99.1%  51.3 2218s
 12172  8670    4.77567  238  269  546.66947    4.77567  99.1%  50.8 2246s
 12451  8661    4.77567  261  265  546.66947    4.77567  99.1%  50.3 2267s
 12543  8903    4.77567  267  267  546.66947    4.77567  99.1%  50.2 2293s
 12866  9007    4.77567  298  260  546.66947    4.77567  99.1%  49.7 2319s
 13115  9031    4.77567  326  261  546.66947    4.77567  99.1%  49.3 2355s
 13247  9029    4.77567  335  262  546.66947    4.77567  99.1%  49.1 2441s
H13252  8714                     546.6670012    4.77567  99.1%  49.1 2441s
 13295  8850    4.77567  338  262  546.66700    4.77567  99.1%  49.1 2462s
 13472  8949    4.77567  348  267  546.66700    4.77567  99.1%  48.7 2486s
 13654  9199    4.77567  359  268  546.66700    4.77567  99.1%  48.4 2517s
 14023  9476    4.77567  402  269  546.66700    4.77567  99.1%  47.9 2551s
 14461  9770    4.77567  438  277  546.66700    4.77567  99.1%  47.5 2584s
 14974 10040    4.77567  469  269  546.66700    4.77567  99.1%  46.9 2622s
 15432 10876  153.29170  485  258  546.66700    4.77567  99.1%  46.1 2893s
 16527 10632    4.77567  577  261  546.66700    4.77567  99.1%  45.2 2906s
 16650 11457    4.77567  584  261  546.66700    4.77567  99.1%  45.2 2924s
 17523 12254    4.77567  602  261  546.66700    4.77567  99.1%  43.6 2938s
 18617 12856    4.77567  621  261  546.66700    4.77567  99.1%  41.6 2952s
 19585 13253    4.77567  628  261  546.66700    4.77567  99.1%  39.8 2964s
 20308 13229    4.77567  635  260  546.66700    4.77567  99.1%  38.8 2974s
 20527 13423    4.77567  639  260  546.66700    4.77567  99.1%  38.6 2994s
 20794 13626  194.93783  642  263  546.66700    4.77567  99.1%  38.3 3006s
 21089 14440    4.77567  647  261  546.66700    4.77567  99.1%  38.0 3020s
 22006 15069  194.93783  658  260  546.66700    4.77567  99.1%  36.8 3032s
 22944 14999    4.77567  668  261  546.66700    4.77567  99.1%  35.6 3043s
 23188 15335    4.77567  672  261  546.66700    4.77567  99.1%  35.3 3056s
 23616 15874  223.43683  680  262  546.66700    4.77567  99.1%  35.1 3071s
 24304 16187    4.77567  694  260  546.66700    4.77567  99.1%  34.5 3086s
 24847 16164    4.77567  703  261  546.66700    4.77567  99.1%  34.1 3097s
 25005 16610    4.77567  708  261  546.66700    4.77567  99.1%  34.0 3113s
 25506 17189    4.77567  720  260  546.66700    4.77567  99.1%  33.6 3129s
 26262 17477    4.77567  741  260  546.66700    4.77567  99.1%  33.0 3147s
 26708 17608    4.77567  754  261  546.66700    4.77567  99.1%  32.8 3161s
 26841 17654    4.77567  762  260  546.66700    4.77567  99.1%  32.8 3186s
 26889 18161    4.77567  765  261  546.66700    4.77567  99.1%  32.8 3208s
 27399 18670    4.77567  804  261  546.66700    4.77567  99.1%  32.6 3223s
 27909 19613    4.77567  814  260  546.66700    4.77567  99.1%  32.2 3245s
 28864 20334    4.77567  844  262  546.66700    4.77567  99.1%  31.7 3268s
 29595 20738    4.77567  868  262  546.66700    4.77567  99.1%  31.4 3288s
 30005 22391    6.17010  893  267  546.66700    4.77567  99.1%  31.5 4077s
 31663 23337   73.70580 1069  266  546.66700    4.77567  99.1%  31.1 4130s
 32630 24233    6.87423 1205  270  546.66700    4.77567  99.1%  30.9 4179s
 33536 25031    6.87423 1305  263  546.66700    4.77567  99.1%  30.6 4229s
 34354 25733   63.64813 1413  265  546.66700    4.77567  99.1%  30.4 4277s
 35080 26497    6.87423 1543  256  546.66700    4.77567  99.1%  30.3 4323s
 35854 26866    6.87423 1651  261  546.66700    4.77567  99.1%  30.1 4361s
 36270 27527    6.87423 1681  262  546.66700    4.77567  99.1%  30.2 4402s
 36943 28813    6.87423 1763  262  546.66700    4.77567  99.1%  30.0 4458s
 38254 30363    6.87423 1915  261  546.66700    4.77567  99.1%  29.7 4507s
 39844 31178   41.07660 2019  252  546.66700    4.77567  99.1%  29.2 4552s
 40671 31186  202.44173 2107  244  546.66700    4.77567  99.1%  29.0 4625s
 40679 31422   41.07660 2108  253  546.66700    4.77567  99.1%  29.0 4652s
 40918 32420   41.07660 2122  255  546.66700    4.77567  99.1%  29.1 4688s
 41926 33593   41.07660 2195  250  546.66700    4.77567  99.1%  28.7 4762s
 43116 34362   83.02393 2274  254  546.66700    4.77567  99.1%  28.4 4801s
 43934 35495   41.07660 2356  262  546.66700    4.77567  99.1%  28.3 4847s
 45084 37587  155.64237 2466  266  546.66700    4.77567  99.1%  28.1 5128s
 47197 38365   41.07660 2633  266  546.66700    4.77567  99.1%  27.4 5161s
 48017 39619   41.07660 2686  271  546.66700    4.77567  99.1%  27.2 5192s
 49312 40506   41.07660 2767  271  546.66700    4.77567  99.1%  26.9 5220s
 50217 41539   41.07660 2813  268  546.66700    4.77567  99.1%  26.6 5249s
 51302 42438   41.07660 2877  265  546.66700    4.77567  99.1%  26.3 5275s
 52241 43494   41.07660 2927  271  546.66700    4.77567  99.1%  26.0 5301s
 53316 43600  154.40153 3004  263  546.66700    4.77567  99.1%  25.7 5316s
 53427 44614   41.07660 3011  270  546.66700    4.77567  99.1%  25.7 5340s
 54475 45358  135.77050 3076  260  546.66700    4.77567  99.1%  25.5 5365s
 55255 46354   41.07660 3146  265  546.66700    4.77567  99.1%  25.3 5389s
 56287 47029  109.97083 3225  262  546.66700    4.77567  99.1%  25.1 5411s
 56970 47454   41.07660 3276  267  546.66700    4.77567  99.1%  25.1 5456s
 57428 47552  104.64597 3317  263  546.66700    4.77567  99.1%  25.1 5494s
 57530 48117  131.94377 3324  264  546.66700    4.77567  99.1%  25.1 5517s
 58122 48558   85.43463 3384  265  546.66700    4.77567  99.1%  25.1 5538s
 58606 49230  104.64597 3434  264  546.66700    4.77567  99.1%  25.1 5560s
 59313 49490   49.39293 3480  268  546.66700    4.77567  99.1%  25.0 5576s
 59584 50798   41.07660 3490  272  546.66700    4.77567  99.1%  25.0 5843s
 61094 51387   41.07660 3617  271  546.66700    4.77567  99.1%  25.1 5876s
 61766 51718   41.07660 3683  270  546.66700    4.77567  99.1%  25.2 5901s
 62154 52745   41.07660 3724  268  546.66700    4.77567  99.1%  25.3 5945s
 63333 54174  149.47347 3849  265  546.66700    4.77567  99.1%  25.2 5986s
 64857 54390  109.80630 3976  271  546.66700    4.77567  99.1%  24.9 6046s
 65081 54651   41.07660 3992  272  546.66700    4.77567  99.1%  25.0 6066s
 65353 55792   41.07660 4008  271  546.66700    4.77567  99.1%  25.1 6104s
 66579 57277  111.03313 4113  270  546.66700    4.77567  99.1%  25.0 6142s
 68102 58343   41.07660 4244  273  546.66700    4.77567  99.1%  24.8 6175s
 69194 59279   41.07660 4320  275  546.66700    4.77567  99.1%  24.7 6210s
 70190 59286  126.07593 4427  273  546.66700    4.77567  99.1%  24.6 6267s
 70198 59475   41.07660 4428  279  546.66700    4.77567  99.1%  24.6 6284s
 70404 60895   41.07660 4441  277  546.66700    4.77567  99.1%  24.6 6319s
 71901 61622   41.07660 4541  280  546.66700    4.77567  99.1%  24.3 6348s
 72667 62787   41.07660 4607  269  546.66700    4.77567  99.1%  24.3 6379s
 73881 63866  155.35900 4704  270  546.66700    4.77567  99.1%  24.2 6408s
 74990 65634   41.07660 4773  269  546.66700    4.77567  99.1%  24.0 6679s
 76810 65726   48.22140 4949  265  546.66700    4.77567  99.1%  23.9 6699s
 76915 67094  110.53670 4955  263  546.66700    4.77567  99.1%  23.9 6732s
 78340 67444   41.07660 5066  269  546.66700    4.77567  99.1%  23.8 6749s
 78697 68670  140.98943 5072  265  546.66700    4.77567  99.1%  23.7 6776s
 79943 69314  165.67697 5154  264  546.66700    4.77567  99.1%  23.5 6798s
 80607 69995   41.07660 5209  266  546.66700    4.77567  99.1%  23.5 6821s
 81319 70301  195.08087 5284  263  546.66700    4.77567  99.1%  23.4 6842s
 81651 70755   41.07660 5351  263  546.66700    4.77567  99.1%  23.4 6866s
 82121 70875   46.25910 5427  261  546.66700    4.77567  99.1%  23.5 6880s
 82246 71271   41.25489 5434  268  546.66700    4.77567  99.1%  23.4 6903s
 82691 71716   41.81096 5484  264  546.66700    4.77567  99.1%  23.5 6927s
 83235 72531   46.25910 5547  266  546.66700    4.77567  99.1%  23.5 6957s
 84134 73430  103.19170 5658  268  546.66700    4.77567  99.1%  23.5 6985s
 85105 74631   52.34450 5756  270  546.66700    4.77567  99.1%  23.4 7013s
 86346 74796  155.13027 5819  270  546.66700    4.77567  99.1%  23.2 7026s
 86519 75993  230.49713 5829  272  546.66700    4.77567  99.1%  23.2 7054s
 87793 77315  140.78767 5918  270  546.66700    4.77567  99.1%  23.1 7077s
 89175 78581   46.25910 5978  274  546.66700    4.77567  99.1%  22.9 7103s

Cutting planes:
  Gomory: 50
  Implied bound: 355
  Projected implied bound: 855
  MIR: 79
  Flow cover: 604
  RLT: 2
  Relax-and-lift: 4923

Explored 90444 nodes (2121735 simplex iterations) in 7203.42 seconds
Thread count was 16 (of 16 available processors)

Solution count 10: 546.667 546.669 546.671 ... 546.817

Time limit reached
Best objective 5.466670012405e+02, best bound 4.775666666658e+00, gap 99.1264%

User-callback calls 845430, time in user-callback 6.04 sec

Gurobi 9.1.2 (win64) logging started Sat Sep 20 08:06:46 2025

Changed value of parameter LogFile to log_group_6/bound_Expr51_s10_l1051_s11_e12_o80_d160_t7200_s51_0_0_0_0.log
   Prev:   Default: 
Gurobi Optimizer version 9.1.2 build v9.1.2rc0 (win64)
Thread count: 8 physical cores, 16 logical processors, using up to 16 threads
Optimize a model with 3281810 rows, 3280740 columns and 26219200 nonzeros
Model fingerprint: 0x2af169d6
Variable types: 740 continuous, 3280000 integer (3280000 binary)
Coefficient statistics:
  Matrix range     [1e+00, 9e+02]
  Objective range  [1e+00, 1e+00]
  Bounds range     [1e+00, 1e+03]
  RHS range        [1e+00, 9e+02]
Presolve removed 0 rows and 80 columns (presolve time = 5s) ...
Presolve removed 3237240 rows and 3237160 columns (presolve time = 10s) ...
Presolve removed 3237240 rows and 3236670 columns
Presolve time: 12.54s
Presolved: 44570 rows, 44070 columns, 260460 nonzeros
Variable types: 580 continuous, 43490 integer (43490 binary)
Found heuristic solution: objective 13060.919600
Found heuristic solution: objective 2739.0813667

Deterministic concurrent LP optimizer: primal and dual simplex
Showing first log only...


Root simplex log...

Iteration    Objective       Primal Inf.    Dual Inf.      Time
       0   -5.5228000e+04   1.482615e+04   4.676607e+08     15s
    6936    0.0000000e+00   0.000000e+00   0.000000e+00     16s
Concurrent spin time: 0.17s

Solved with primal simplex

Root relaxation: objective 0.000000e+00, 6936 iterations, 0.85 seconds
Total elapsed time = 20.48s

    Nodes    |    Current Node    |     Objective Bounds      |     Work
 Expl Unexpl |  Obj  Depth IntInf | Incumbent    BestBd   Gap | It/Node Time

     0     0    0.00000    0  246 2739.08137    0.00000   100%     -   21s
H    0     0                    2385.4927000    0.00000   100%     -   22s
H    0     0                    2353.4825333    0.00000   100%     -   23s
H    0     0                    1737.1800648    0.00000   100%     -   26s
     0     0    0.00000    0  373 1737.18006    0.00000   100%     -   26s
H    0     0                     977.6203333    0.00000   100%     -   29s
     0     0    0.00000    0  334  977.62033    0.00000   100%     -   29s
H    0     0                     973.9847333    0.00000   100%     -   30s
H    0     0                     747.2729667    0.00000   100%     -   46s
H    0     0                     706.9899301    0.00000   100%     -   46s
H    0     0                     624.3948667    0.00000   100%     -   48s
     0     0    0.00000    0  251  624.39487    0.00000   100%     -   50s
H    0     0                     617.4049667    0.00000   100%     -   53s
     0     0    0.00000    0  269  617.40497    0.00000   100%     -   56s
H    0     0                     591.2073000    0.00000   100%     -   74s
H    0     0                     587.0188000    0.00000   100%     -   74s
H    0     0                     558.1399999    0.00000   100%     -   74s
     0     0    0.00000    0  252  558.14000    0.00000   100%     -   77s
H    0     0                     557.9549000    0.00000   100%     -   84s
     0     0    0.00000    0  242  557.95490    0.00000   100%     -   88s
     0     0    0.00000    0  252  557.95490    0.00000   100%     -  101s
     0     0    0.00000    0  252  557.95490    0.00000   100%     -  105s
H    0     0                     557.9333000    0.00000   100%     -  111s
H    0     0                     557.9332980    0.00000   100%     -  117s
H    0     2                     549.4347988    0.00000   100%     -  125s
     0     2    0.00000    0  252  549.43480    0.00000   100%     -  125s
    15    24    0.00000    4  311  549.43480    0.00000   100%   875  132s
    31    40    0.00000    6  300  549.43480    0.00000   100%  1158  152s
H   32    40                     546.9032994    0.00000   100%  1121  152s
H   37    40                     546.8169000    0.00000   100%   974  152s
    47    63    0.00000    7  302  546.81690    0.00000   100%   853  157s
    70    79    0.00000    9  308  546.81690    0.00000   100%   701  160s
   115   135    0.00000   12  308  546.81690    0.00000   100%   478  165s
   407   496    0.00000   44  309  546.81690    0.00000   100%   170  172s
   495   616    0.00000   53  300  546.81690    0.00000   100%   158  175s
   766   908    0.00000   95  285  546.81690    0.00000   100%   125  185s
H  785   908                     546.8168990    0.00000   100%   123  185s
   911  1221    0.00000  115  291  546.81690    0.00000   100%   109  190s
  1228  1668    0.00000  164  283  546.81690    0.00000   100%  90.5  195s
  1675  2173    0.00000  226  270  546.81690    0.00000   100%  71.4  200s
  2180  2751    0.00000  293  283  546.81690    0.00000   100%  59.7  208s
  2762  3517    0.00000  375  276  546.81690    0.00000   100%  53.7  215s
H 3528  4040                     546.8168987    0.00000   100%  46.6  222s
H 3841  4040                     546.8168984    0.00000   100%  44.9  222s
  4053  4661    0.00000  511  275  546.81690    0.00000   100%  43.5  232s
H 4676  5457                     546.8168980    0.00000   100%  44.8  241s
H 5474  5465                     546.8161989    0.00000   100%  42.0  251s
H 5477  5465                     546.8017391    0.00000   100%  42.0  251s
H 5478  5465                     546.6710982    0.00000   100%  42.1  251s
  5482  6338    0.00000  768  271  546.67110    0.00000   100%  42.3  259s
  5646  6338  242.12857  676  270  546.67110    0.00000   100%  41.3  260s
  6359  6964    0.00000  932  264  546.67110    0.00000   100%  39.8  269s
  6985  8083    0.00000 1035  266  546.67110    0.00000   100%  38.3  278s
  8109  8084  543.46297  513  252  546.67110    0.00000   100%  35.3  422s
H 8110  7680                     546.6708752    0.00000   100%  35.3  465s
  8111  7680  543.46297  864  242  546.67088    0.00000   100%  35.3  470s
H 8111  7296                     546.6695733    0.00000   100%  35.3  496s
  8112  7297  432.73660  836  249  546.66957    0.00000   100%  35.3  559s
  8113  7298  142.49287  813  211  546.66957    0.00000   100%  35.2  565s
  8114  7298  142.49287  623  240  546.66957    0.00000   100%  35.2  603s
  8115  7299  242.12857  499  265  546.66957    0.00000   100%  35.2  616s
  8116  7300  366.80527  261  245  546.66957    0.00000   100%  35.2  680s
  8117  7300  543.46297  130  236  546.66957    0.00000   100%  35.2  691s
  8118  7301    4.77567  415  243  546.66957    4.77567  99.1%  35.2  784s
  8119  7302  242.12857  921  222  546.66957    4.77567  99.1%  35.2  803s
  8120  7302   11.34150 1125  239  546.66957    4.77567  99.1%  35.2  885s
  8121  7303   73.32500  412  239  546.66957    4.77567  99.1%  35.2  895s
  8122  7304    4.77567  975  239  546.66957    4.77567  99.1%  35.2  950s
  8123  7307    4.77567   16  205  546.66957    4.77567  99.1%  46.6 1000s
  8125  7311    4.77567   17  201  546.66957    4.77567  99.1%  46.6 1067s
  8129  7313    4.77567   18  221  546.66957    4.77567  99.1%  47.0 1081s
  8137  7316    4.77567   19  218  546.66957    4.77567  99.1%  47.4 1134s
  8145  7318    4.77567   20  218  546.66957    4.77567  99.1%  48.8 1178s
H 8153  6955                     546.6694725    4.77567  99.1%  50.4 1262s
H 8154  6608                     546.6694688    4.77567  99.1%  50.4 1262s
H 8157  6277                     546.6694684    4.77567  99.1%  50.4 1262s
  8161  6281    4.77567   21  218  546.66947    4.77567  99.1%  50.4 1308s
  8169  6289   48.65107   21  218  546.66947    4.77567  99.1%  50.8 1355s
  8184  6296   92.98760   22  226  546.66947    4.77567  99.1%  51.6 1403s
  8200  6301   75.69937   23  222  546.66947    4.77567  99.1%  52.4 1430s
  8215  6313   92.41210   24  225  546.66947    4.77567  99.1%  52.9 1439s
  8238  6319    4.77567   26  229  546.66947    4.77567  99.1%  53.0 1449s
  8256  6338    4.77567   27  230  546.66947    4.77567  99.1%  53.0 1455s
  8288  6344    4.77567   29  232  546.66947    4.77567  99.1%  52.9 1469s
  8310  6365    4.77567   30  233  546.66947    4.77567  99.1%  53.2 1481s
  8344  6381  108.65280   32  228  546.66947    4.77567  99.1%  53.5 1507s
  8378  6399    4.77567   34  231  546.66947    4.77567  99.1%  53.7 1528s
  8418  6408  102.42923   36  236  546.66947    4.77567  99.1%  53.9 1539s
  8450  6436  102.74693   37  232  546.66947    4.77567  99.1%  54.0 1586s
  8496  6463    4.77567   39  237  546.66947    4.77567  99.1%  54.1 1624s
  8541  6493    4.77567   41  239  546.66947    4.77567  99.1%  54.8 1658s
  8592  6514    4.77567   43  236  546.66947    4.77567  99.1%  54.9 1698s
  8637  6570   63.78433   44  232  546.66947    4.77567  99.1%  55.0 1708s
  8727  6619    4.77567   51  242  546.66947    4.77567  99.1%  54.9 1719s
  8831  6655    4.77567   58  245  546.66947    4.77567  99.1%  54.8 1732s
  8922  6677  188.76650   63  243  546.66947    4.77567  99.1%  54.7 1759s
  8981  6754    4.77567   67  241  546.66947    4.77567  99.1%  55.2 1773s
  9110  6806    4.77567   73  242  546.66947    4.77567  99.1%  55.0 1786s
  9237  6816    4.77567   77  242  546.66947    4.77567  99.1%  54.7 1804s
  9297  6909  188.76650   80  244  546.66947    4.77567  99.1%  54.7 1821s
  9455  6996    4.77567   86  246  546.66947    4.77567  99.1%  54.6 1836s
  9624  7002    4.77567   94  248  546.66947    4.77567  99.1%  54.3 1849s
  9688  7116  237.13523   97  252  546.66947    4.77567  99.1%  54.6 1866s
  9833  7108   72.14903  103  249  546.66947    4.77567  99.1%  54.4 1937s
  9888  7185    4.77567  107  255  546.66947    4.77567  99.1%  54.5 1985s
  9984  7221    4.77567  112  261  546.66947    4.77567  99.1%  55.0 2005s
 10056  7448  143.49027  117  250  546.66947    4.77567  99.1%  55.0 2023s
 10334  7424    4.77567  130  260  546.66947    4.77567  99.1%  54.3 2072s
 10404  7701    4.77567  134  256  546.66947    4.77567  99.1%  54.4 2087s
 10745  7595    4.77567  148  255  546.66947    4.77567  99.1%  53.7 2111s
 10753  7706  108.18330  148  254  546.66947    4.77567  99.1%  53.7 2131s
 10870  7998    4.77567  155  261  546.66947    4.77567  99.1%  53.6 2150s
 11235  8198    4.77567  176  262  546.66947    4.77567  99.1%  52.8 2170s
 11594  8363    4.77567  196  263  546.66947    4.77567  99.1%  51.8 2188s
 11899  8511    4.77567  214  267  546.66947    4.77567  99.1%  51.3 2210s
 12172  8670    4.77567  238  269  546.66947    4.77567  99.1%  50.8 2238s
 12451  8661    4.77567  261  265  546.66947    4.77567  99.1%  50.3 2259s
 12543  8903    4.77567  267  267  546.66947    4.77567  99.1%  50.2 2285s
 12866  9007    4.77567  298  260  546.66947    4.77567  99.1%  49.7 2311s
 13115  9031    4.77567  326  261  546.66947    4.77567  99.1%  49.3 2348s
 13247  9029    4.77567  335  262  546.66947    4.77567  99.1%  49.1 2432s
H13252  8714                     546.6670012    4.77567  99.1%  49.1 2433s
 13295  8850    4.77567  338  262  546.66700    4.77567  99.1%  49.1 2454s
 13472  8949    4.77567  348  267  546.66700    4.77567  99.1%  48.7 2478s
 13654  9199    4.77567  359  268  546.66700    4.77567  99.1%  48.4 2509s
 14023  9476    4.77567  402  269  546.66700    4.77567  99.1%  47.9 2543s
 14461  9770    4.77567  438  277  546.66700    4.77567  99.1%  47.5 2575s
 14974 10040    4.77567  469  269  546.66700    4.77567  99.1%  46.9 2614s
 15432 10876  153.29170  485  258  546.66700    4.77567  99.1%  46.1 2888s
 16527 10632    4.77567  577  261  546.66700    4.77567  99.1%  45.2 2901s
 16650 11457    4.77567  584  261  546.66700    4.77567  99.1%  45.2 2919s
 17523 12254    4.77567  602  261  546.66700    4.77567  99.1%  43.6 2933s
 18617 12856    4.77567  621  261  546.66700    4.77567  99.1%  41.6 2947s
 19585 13253    4.77567  628  261  546.66700    4.77567  99.1%  39.8 2959s
 20308 13229    4.77567  635  260  546.66700    4.77567  99.1%  38.8 2969s
 20527 13423    4.77567  639  260  546.66700    4.77567  99.1%  38.6 2990s
 20794 13626  194.93783  642  263  546.66700    4.77567  99.1%  38.3 3001s
 21089 14440    4.77567  647  261  546.66700    4.77567  99.1%  38.0 3015s
 22006 15069  194.93783  658  260  546.66700    4.77567  99.1%  36.8 3028s
 22944 14999    4.77567  668  261  546.66700    4.77567  99.1%  35.6 3038s
 23188 15335    4.77567  672  261  546.66700    4.77567  99.1%  35.3 3051s
 23616 15874  223.43683  680  262  546.66700    4.77567  99.1%  35.1 3066s
 24304 16187    4.77567  694  260  546.66700    4.77567  99.1%  34.5 3081s
 24847 16164    4.77567  703  261  546.66700    4.77567  99.1%  34.1 3092s
 25005 16610    4.77567  708  261  546.66700    4.77567  99.1%  34.0 3108s
 25506 17189    4.77567  720  260  546.66700    4.77567  99.1%  33.6 3124s
 26262 17477    4.77567  741  260  546.66700    4.77567  99.1%  33.0 3142s
 26708 17608    4.77567  754  261  546.66700    4.77567  99.1%  32.8 3156s
 26841 17654    4.77567  762  260  546.66700    4.77567  99.1%  32.8 3182s
 26889 18161    4.77567  765  261  546.66700    4.77567  99.1%  32.8 3203s
 27399 18670    4.77567  804  261  546.66700    4.77567  99.1%  32.6 3218s
 27909 19613    4.77567  814  260  546.66700    4.77567  99.1%  32.2 3241s
 28864 20334    4.77567  844  262  546.66700    4.77567  99.1%  31.7 3263s
 29595 20738    4.77567  868  262  546.66700    4.77567  99.1%  31.4 3283s
 30005 22391    6.17010  893  267  546.66700    4.77567  99.1%  31.5 4077s
 31663 23337   73.70580 1069  266  546.66700    4.77567  99.1%  31.1 4130s
 32630 24233    6.87423 1205  270  546.66700    4.77567  99.1%  30.9 4179s
 33536 25031    6.87423 1305  263  546.66700    4.77567  99.1%  30.6 4229s
 34354 25733   63.64813 1413  265  546.66700    4.77567  99.1%  30.4 4277s
 35080 26497    6.87423 1543  256  546.66700    4.77567  99.1%  30.3 4322s
 35854 26866    6.87423 1651  261  546.66700    4.77567  99.1%  30.1 4361s
 36270 27527    6.87423 1681  262  546.66700    4.77567  99.1%  30.2 4401s
 36943 28813    6.87423 1763  262  546.66700    4.77567  99.1%  30.0 4457s
 38254 30363    6.87423 1915  261  546.66700    4.77567  99.1%  29.7 4506s
 39844 31178   41.07660 2019  252  546.66700    4.77567  99.1%  29.2 4551s
 40671 31186  202.44173 2107  244  546.66700    4.77567  99.1%  29.0 4624s
 40679 31422   41.07660 2108  253  546.66700    4.77567  99.1%  29.0 4651s
 40918 32420   41.07660 2122  255  546.66700    4.77567  99.1%  29.1 4687s
 41926 33593   41.07660 2195  250  546.66700    4.77567  99.1%  28.7 4761s
 43116 34362   83.02393 2274  254  546.66700    4.77567  99.1%  28.4 4800s
 43934 35495   41.07660 2356  262  546.66700    4.77567  99.1%  28.3 4846s
 45084 37587  155.64237 2466  266  546.66700    4.77567  99.1%  28.1 5127s
 47197 38365   41.07660 2633  266  546.66700    4.77567  99.1%  27.4 5160s
 48017 39619   41.07660 2686  271  546.66700    4.77567  99.1%  27.2 5190s
 49312 40506   41.07660 2767  271  546.66700    4.77567  99.1%  26.9 5218s
 50217 41539   41.07660 2813  268  546.66700    4.77567  99.1%  26.6 5247s
 51302 42438   41.07660 2877  265  546.66700    4.77567  99.1%  26.3 5272s
 52241 43494   41.07660 2927  271  546.66700    4.77567  99.1%  26.0 5299s
 53316 43600  154.40153 3004  263  546.66700    4.77567  99.1%  25.7 5314s
 53427 44614   41.07660 3011  270  546.66700    4.77567  99.1%  25.7 5338s
 54475 45358  135.77050 3076  260  546.66700    4.77567  99.1%  25.5 5362s
 55255 46354   41.07660 3146  265  546.66700    4.77567  99.1%  25.3 5387s
 56287 47029  109.97083 3225  262  546.66700    4.77567  99.1%  25.1 5409s
 56970 47454   41.07660 3276  267  546.66700    4.77567  99.1%  25.1 5453s
 57428 47552  104.64597 3317  263  546.66700    4.77567  99.1%  25.1 5492s
 57530 48117  131.94377 3324  264  546.66700    4.77567  99.1%  25.1 5514s
 58122 48558   85.43463 3384  265  546.66700    4.77567  99.1%  25.1 5535s
 58606 49230  104.64597 3434  264  546.66700    4.77567  99.1%  25.1 5558s
 59313 49490   49.39293 3480  268  546.66700    4.77567  99.1%  25.0 5574s
 59584 50798   41.07660 3490  272  546.66700    4.77567  99.1%  25.0 5841s
 61094 51387   41.07660 3617  271  546.66700    4.77567  99.1%  25.1 5873s
 61766 51718   41.07660 3683  270  546.66700    4.77567  99.1%  25.2 5899s
 62154 52745   41.07660 3724  268  546.66700    4.77567  99.1%  25.3 5943s
 63333 54174  149.47347 3849  265  546.66700    4.77567  99.1%  25.2 5984s
 64857 54390  109.80630 3976  271  546.66700    4.77567  99.1%  24.9 6044s
 65081 54651   41.07660 3992  272  546.66700    4.77567  99.1%  25.0 6065s
 65353 55792   41.07660 4008  271  546.66700    4.77567  99.1%  25.1 6103s
 66579 57277  111.03313 4113  270  546.66700    4.77567  99.1%  25.0 6144s
 68102 58343   41.07660 4244  273  546.66700    4.77567  99.1%  24.8 6176s
 69194 59279   41.07660 4320  275  546.66700    4.77567  99.1%  24.7 6211s
 70190 59286  126.07593 4427  273  546.66700    4.77567  99.1%  24.6 6268s
 70198 59475   41.07660 4428  279  546.66700    4.77567  99.1%  24.6 6285s
 70404 60895   41.07660 4441  277  546.66700    4.77567  99.1%  24.6 6319s
 71901 61622   41.07660 4541  280  546.66700    4.77567  99.1%  24.3 6349s
 72667 62787   41.07660 4607  269  546.66700    4.77567  99.1%  24.3 6380s
 73881 63866  155.35900 4704  270  546.66700    4.77567  99.1%  24.2 6408s
 74990 65634   41.07660 4773  269  546.66700    4.77567  99.1%  24.0 6676s
 76810 65726   48.22140 4949  265  546.66700    4.77567  99.1%  23.9 6696s
 76915 67094  110.53670 4955  263  546.66700    4.77567  99.1%  23.9 6729s
 78340 67444   41.07660 5066  269  546.66700    4.77567  99.1%  23.8 6746s
 78697 68670  140.98943 5072  265  546.66700    4.77567  99.1%  23.7 6773s
 79943 69314  165.67697 5154  264  546.66700    4.77567  99.1%  23.5 6797s
 80607 69995   41.07660 5209  266  546.66700    4.77567  99.1%  23.5 6820s
 81319 70301  195.08087 5284  263  546.66700    4.77567  99.1%  23.4 6841s
 81651 70755   41.07660 5351  263  546.66700    4.77567  99.1%  23.4 6865s
 82121 70875   46.25910 5427  261  546.66700    4.77567  99.1%  23.5 6879s
 82246 71271   41.25489 5434  268  546.66700    4.77567  99.1%  23.4 6902s
 82691 71716   41.81096 5484  264  546.66700    4.77567  99.1%  23.5 6926s
 83235 72531   46.25910 5547  266  546.66700    4.77567  99.1%  23.5 6957s
 84134 73430  103.19170 5658  268  546.66700    4.77567  99.1%  23.5 6985s
 85105 74631   52.34450 5756  270  546.66700    4.77567  99.1%  23.4 7014s
 86346 74796  155.13027 5819  270  546.66700    4.77567  99.1%  23.2 7027s
 86519 75993  230.49713 5829  272  546.66700    4.77567  99.1%  23.2 7055s
 87793 77315  140.78767 5918  270  546.66700    4.77567  99.1%  23.1 7077s
 89175 78581   46.25910 5978  274  546.66700    4.77567  99.1%  22.9 7104s

Cutting planes:
  Gomory: 50
  Implied bound: 355
  Projected implied bound: 855
  MIR: 79
  Flow cover: 604
  RLT: 2
  Relax-and-lift: 4923

Explored 90444 nodes (2121735 simplex iterations) in 7203.28 seconds
Thread count was 16 (of 16 available processors)

Solution count 10: 546.667 546.669 546.671 ... 546.817

Time limit reached
Best objective 5.466670012405e+02, best bound 4.775666666658e+00, gap 99.1264%

User-callback calls 845788, time in user-callback 5.95 sec
