
Gurobi 10.0.1 (win64) logging started Sun Sep 21 15:41:02 2025

Set parameter LogFile to value "log_group_6/bound_Expr299_s3_l1051_s11_e12_o10_d20_t60_s4_0_0_0_0.log"
Gurobi Optimizer version 10.0.1 build v10.0.1rc0 (win64)

CPU model: Intel(R) Core(TM) i7-10700 CPU @ 2.90GHz, instruction set [SSE2|AVX|AVX2]
Thread count: 8 physical cores, 16 logical processors, using up to 16 threads

Optimize a model with 28987 rows, 28680 columns and 229414 nonzeros
Model fingerprint: 0x22dd189b
Variable types: 180 continuous, 28500 integer (28500 binary)
Coefficient statistics:
  Matrix range     [1e+00, 8e+02]
  Objective range  [1e+00, 1e+00]
  Bounds range     [1e+00, 1e+03]
  RHS range        [1e+00, 8e+02]
Presolve removed 27028 rows and 27018 columns
Presolve time: 0.18s
Presolved: 1959 rows, 1662 columns, 14729 nonzeros
Variable types: 160 continuous, 1502 integer (1501 binary)
Found heuristic solution: objective 361.8103667

Root relaxation: objective 0.000000e+00, 318 iterations, 0.01 seconds (0.01 work units)

    Nodes    |    Current Node    |     Objective Bounds      |     Work
 Expl Unexpl |  Obj  Depth IntInf | Incumbent    BestBd   Gap | It/Node Time

     0     0    0.00000    0   20  361.81037    0.00000   100%     -    0s
H    0     0                     121.7603667    0.00000   100%     -    0s
     0     0    0.00000    0   23  121.76037    0.00000   100%     -    0s
     0     0    0.00000    0   23  121.76037    0.00000   100%     -    0s
H    0     0                      79.9711333    0.00000   100%     -    0s
H    0     0                      60.2259667    0.00000   100%     -    0s
     0     0    0.00000    0   20   60.22597    0.00000   100%     -    0s
     0     0    0.00000    0   23   60.22597    0.00000   100%     -    0s
     0     0    0.00000    0   24   60.22597    0.00000   100%     -    0s
     0     0    0.00000    0   25   60.22597    0.00000   100%     -    0s
     0     0    0.00000    0   24   60.22597    0.00000   100%     -    0s
     0     0    0.00000    0   22   60.22597    0.00000   100%     -    0s
     0     0    0.00000    0   22   60.22597    0.00000   100%     -    0s
     0     0    0.00000    0   22   60.22597    0.00000   100%     -    0s
     0     0    0.00000    0   22   60.22597    0.00000   100%     -    0s
     0     0    0.00000    0   22   60.22597    0.00000   100%     -    0s
     0     0    0.00000    0   22   60.22597    0.00000   100%     -    0s
H    0     0                      60.2241667    0.00000   100%     -    0s
     0     0    0.00000    0   22   60.22417    0.00000   100%     -    0s
     0     0    0.00000    0   23   60.22417    0.00000   100%     -    0s
     0     0    0.00000    0   24   60.22417    0.00000   100%     -    0s
     0     0    0.00000    0   24   60.22417    0.00000   100%     -    0s
     0     0    0.00000    0   23   60.22417    0.00000   100%     -    0s
     0     0    0.00000    0   23   60.22417    0.00000   100%     -    0s
     0     0    0.00000    0   23   60.22417    0.00000   100%     -    0s
     0     0    0.00000    0   23   60.22417    0.00000   100%     -    0s
     0     0    0.00000    0   23   60.22417    0.00000   100%     -    0s
     0     0    0.00000    0   23   60.22417    0.00000   100%     -    0s
     0     0    0.00000    0   23   60.22417    0.00000   100%     -    0s
H    0     0                      54.1549667    0.00000   100%     -    0s
H    0     0                      54.1549667    0.00000   100%     -    0s
H    0     0                      52.7897333    0.00000   100%     -    0s
     0     0    0.00000    0   20   52.78973    0.00000   100%     -    0s
     0     0    0.00000    0   20   52.78973    0.00000   100%     -    0s
     0     0    0.00000    0   20   52.78973    0.00000   100%     -    0s
     0     0    0.00000    0   20   52.78973    0.00000   100%     -    0s
     0     0    0.00000    0   21   52.78973    0.00000   100%     -    0s
     0     0    0.00000    0   21   52.78973    0.00000   100%     -    0s
     0     0    0.00000    0   20   52.78973    0.00000   100%     -    0s
     0     0    0.00000    0   20   52.78973    0.00000   100%     -    0s
     0     0    0.00000    0   20   52.78973    0.00000   100%     -    0s
     0     0    0.00000    0   20   52.78973    0.00000   100%     -    0s
     0     0    0.00000    0   20   52.78973    0.00000   100%     -    0s
     0     0    0.00000    0   20   52.78973    0.00000   100%     -    0s
     0     0    0.00000    0   20   52.78973    0.00000   100%     -    0s
     0     0    0.00000    0   20   52.78973    0.00000   100%     -    0s
     0     0    0.00000    0   20   52.78973    0.00000   100%     -    0s
     0     0    0.00000    0   20   52.78973    0.00000   100%     -    0s
     0     0    0.00000    0   20   52.78973    0.00000   100%     -    0s
     0     0    0.00000    0   20   52.78973    0.00000   100%     -    0s
     0     0    0.00000    0   20   52.78973    0.00000   100%     -    0s
     0     0    0.00000    0   20   52.78973    0.00000   100%     -    0s
     0     0    0.00000    0   20   52.78973    0.00000   100%     -    0s
     0     0    0.00000    0   20   52.78973    0.00000   100%     -    0s
H    0     0                      51.5645000    0.00000   100%     -    0s
     0     0    0.00000    0   20   51.56450    0.00000   100%     -    0s
     0     0    0.00000    0   20   51.56450    0.00000   100%     -    0s
     0     0    0.00000    0   20   51.56450    0.00000   100%     -    0s
     0     0    0.00000    0   20   51.56450    0.00000   100%     -    0s
     0     0    0.00000    0   20   51.56450    0.00000   100%     -    0s
     0     0    0.00000    0   20   51.56450    0.00000   100%     -    0s
     0     0    0.00000    0   20   51.56450    0.00000   100%     -    0s
     0     0    0.00000    0   20   51.56450    0.00000   100%     -    0s
     0     0    0.00000    0   20   51.56450    0.00000   100%     -    0s
H    0     0                      51.5645000    0.00000   100%     -    0s
     0     0    0.00000    0   22   51.56450    0.00000   100%     -    0s
     0     0    0.00000    0   20   51.56450    0.00000   100%     -    0s
     0     0    0.00000    0   27   51.56450    0.00000   100%     -    0s
     0     0    0.00000    0   26   51.56450    0.00000   100%     -    0s
     0     0    0.00000    0   20   51.56450    0.00000   100%     -    0s
     0     0    0.00000    0   20   51.56450    0.00000   100%     -    0s
     0     0    0.00000    0   20   51.56450    0.00000   100%     -    0s
     0     0    0.00000    0   20   51.56450    0.00000   100%     -    1s
     0     0    0.00000    0   20   51.56450    0.00000   100%     -    1s
     0     2    0.00000    0   20   51.56450    0.00000   100%     -    1s
 14725 10509   30.01690  498   12   51.56450    5.99893  88.4%   5.0    5s
 52464 43449   40.99514  430    7   51.56450    5.99893  88.4%   3.4   10s
 97257 83311   10.18043  175   16   51.56450    5.99893  88.4%   3.3   15s
 129908 112642   23.15320  354   13   51.56450    5.99893  88.4%   3.7   20s
 173746 153055   16.72494   46   17   51.56450    5.99893  88.4%   3.4   25s
 215496 189297   31.28741  303   13   51.56450    5.99893  88.4%   3.4   30s
 259482 228321   29.86997  222   13   51.56450    6.01968  88.3%   3.3   35s
 300634 265361   31.15813  321   10   51.56450    6.09780  88.2%   3.3   40s
 340752 297921   42.63937  183    6   51.56450    7.15693  86.1%   3.3   45s
 377514 331253   45.36713   76    9   51.56450    7.44943  85.6%   3.3   50s
 424498 371739   24.71151  122   20   51.56450    8.82933  82.9%   3.2   55s
 465696 406061   37.72053  132    6   51.56450    9.04263  82.5%   3.2   60s

Cutting planes:
  Gomory: 22
  Implied bound: 47
  Projected implied bound: 39
  MIR: 3
  Flow cover: 116
  Relax-and-lift: 285

Explored 465732 nodes (1518188 simplex iterations) in 60.05 seconds (58.68 work units)
Thread count was 16 (of 16 available processors)

Solution count 10: 51.5645 51.5645 52.7897 ... 361.81

Time limit reached
Best objective 5.156449998999e+01, best bound 9.042633333329e+00, gap 82.4635%

User-callback calls 936895, time in user-callback 0.99 sec
