
Gurobi 12.0.1 (win64) logging started Sat Sep 20 20:29:41 2025

Set parameter LogFile to value "log_group_6/bound_Expr115_s8_l1051_s11_e12_o60_d120_t7200_s45_1_1_1_1.log"
Gurobi Optimizer version 12.0.1 build v12.0.1rc0 (win64 - Windows Server 2022.0 (20348.2))

CPU model: Intel(R) Xeon(R) Gold 6336Y CPU @ 2.40GHz, instruction set [SSE2|AVX|AVX2|AVX512]
Thread count: 48 physical cores, 96 logical processors, using up to 32 threads

Non-default parameters:
TimeLimit  7200

Optimize a model with 1470677 rows, 1440580 columns and 20011084 nonzeros
Model fingerprint: 0x7f52468d
Variable types: 580 continuous, 1440000 integer (1440000 binary)
Coefficient statistics:
  Matrix range     [1e+00, 9e+02]
  Objective range  [1e+00, 1e+00]
  Bounds range     [1e+00, 1e+03]
  RHS range        [1e+00, 9e+02]
Presolve removed 60 rows and 60 columns (presolve time = 5s)...
Presolve removed 1442400 rows and 1414060 columns
Presolve time: 6.54s
Presolved: 28277 rows, 26520 columns, 311304 nonzeros
Variable types: 520 continuous, 26000 integer (26000 binary)
Found heuristic solution: objective 5356.5262333
Performing another presolve...
Presolve removed 15530 rows and 14809 columns
Presolve time: 0.70s
Deterministic concurrent LP optimizer: primal and dual simplex
Showing primal log only...


Root simplex log...

Iteration    Objective       Primal Inf.    Dual Inf.      Time
       0   -4.1379000e+04   1.452466e+03   6.163957e+07     11s
    2034    4.5021000e+04   0.000000e+00   4.800000e+02     11s
    2240    2.2978880e+02   0.000000e+00   0.000000e+00     11s
Concurrent spin time: 0.00s

Solved with primal simplex

Root relaxation: objective 2.297888e+02, 2240 iterations, 0.26 seconds (0.20 work units)
Total elapsed time = 11.08s (DegenMoves)

    Nodes    |    Current Node    |     Objective Bounds      |     Work
 Expl Unexpl |  Obj  Depth IntInf | Incumbent    BestBd   Gap | It/Node Time

     0     0  229.78880    0  156 5356.52623  229.78880  95.7%     -   11s
H    0     0                    5300.9319667  229.78880  95.7%     -   13s
H    0     0                    5124.5796333  229.78880  95.5%     -   14s
H    0     0                    4995.6273333  229.78880  95.4%     -   14s
H    0     0                    4437.4261333  229.78880  94.8%     -   14s
H    0     0                    4382.4636333  229.78880  94.8%     -   14s
H    0     0                    4220.5287333  229.78880  94.6%     -   14s
H    0     0                    3433.1504667  229.78880  93.3%     -   14s
H    0     0                    3191.5017333  229.78880  92.8%     -   14s
H    0     0                    3156.9737667  229.78880  92.7%     -   14s
H    0     0                    3081.8570667  229.78880  92.5%     -   14s
H    0     0                    3068.5842667  229.78880  92.5%     -   14s
     0     0  229.78880    0  153 3068.58427  229.78880  92.5%     -   15s
H    0     0                    3022.6904333  229.78880  92.4%     -   15s
H    0     0                    2973.9930333  229.78880  92.3%     -   16s
H    0     0                    2754.8800667  229.78880  91.7%     -   16s
H    0     0                    2694.0878667  229.78880  91.5%     -   16s
H    0     0                    2663.3482000  229.78880  91.4%     -   16s
H    0     0                    2445.8160000  229.78880  90.6%     -   17s
H    0     0                    2395.0210333  229.78880  90.4%     -   17s
H    0     0                    2343.4469333  229.78880  90.2%     -   18s
H    0     0                    2333.6628333  229.78880  90.2%     -   18s
H    0     0                    2321.1691333  229.78880  90.1%     -   18s
H    0     0                    2318.3122333  229.78880  90.1%     -   18s
     0     0  229.78880    0  147 2318.31223  229.78880  90.1%     -   19s
     0     0  229.78880    0  155 2318.31223  229.78880  90.1%     -   21s
     0     0  229.78880    0  150 2318.31223  229.78880  90.1%     -   21s
     0     0  229.78880    0  146 2318.31223  229.78880  90.1%     -   25s
     0     0  229.78880    0  207 2318.31223  229.78880  90.1%     -   25s
     0     0  229.78880    0  153 2318.31223  229.78880  90.1%     -   28s
     0     0  229.78880    0  137 2318.31223  229.78880  90.1%     -   29s
H    0     0                    2315.4840667  229.78880  90.1%     -   30s
H    0     0                    2213.1237000  229.78880  89.6%     -   30s
     0     2  229.78880    0  137 2213.12370  229.78880  89.6%     -   32s
     7    16  229.78880    3  301 2213.12370  229.78880  89.6%   722   35s
    31    64  229.78880    5  242 2213.12370  229.78880  89.6%   969   51s
    63    96  232.90789    6  327 2213.12370  229.78880  89.6%  1314   62s
H   95   128                    2119.9776000  229.78880  89.2%  2317   69s
H   96   128                    1971.7278000  229.78880  88.3%  2293   69s
H   97   128                    1772.9167333  229.78880  87.0%  2269   69s
H  114   128                    1711.7907667  229.78880  86.6%  1937   69s
H  115   128                    1533.3265667  229.78880  85.0%  1920   69s
   127   243  232.90789    8  327 1533.32657  229.78880  85.0%  1745   75s
H  227   243                    1378.7548000  229.78880  83.3%  1032   75s
H  316   267                    1341.7902000  229.78880  82.9%   927   78s
   324   304  268.26383   13  243 1341.79020  229.78880  82.9%   968   80s
H  394   335                    1322.8914000  229.78880  82.6%   933   82s
   426   367  265.82212   14  224 1322.89140  229.78880  82.6%   937   85s
H  428   367                    1288.5334000  229.78880  82.2%   934   85s
H  431   367                    1235.3579333  229.78880  81.4%   928   85s
H  446   367                    1214.3090667  229.78880  81.1%   919   85s
H  451   367                    1171.4128667  229.78880  80.4%   916   85s
H  460   399                    1169.1449667  229.78880  80.3%   907   87s
H  475   399                    1117.8344667  229.78880  79.4%   901   87s
H  483   399                    1074.0165000  229.78880  78.6%   894   88s
   492   481  236.89043   15  208 1074.01650  229.78880  78.6%   882   91s
H  494   481                     981.5284667  229.78880  76.6%   879   91s
H  576   517                     967.2203667  229.78880  76.2%   789   93s
H  584   517                     963.3379667  229.78880  76.1%   783   93s
H  606   517                     950.6018667  229.78880  75.8%   766   93s
   612   614  241.11095   19  228  950.60187  229.78880  75.8%   761   95s
   741   684  241.11111   21  227  950.60187  229.78880  75.8%   672  102s
H  743   684                     937.2896667  229.78880  75.5%   670  102s
H  757   684                     918.9890667  229.78880  75.0%   660  102s
H  765   684                     856.3967667  229.78880  73.2%   658  102s
H  767   684                     828.1160333  229.78880  72.3%   656  102s
   779   719  241.11128   22  227  828.11603  229.78880  72.3%   649  105s
H  782   719                     770.5350000  229.78880  70.2%   650  105s
H  787   719                     764.3533000  229.78880  69.9%   647  105s
   947   880  241.11977   30  221  764.35330  229.78880  69.9%   567  110s
H  977   880                     750.3100000  229.78880  69.4%   561  110s
H 1011   943                     745.6670000  229.78880  69.2%   550  113s
  1044  1041  241.12829   33  274  745.66700  229.78880  69.2%   544  115s
H 1299  1185                     744.5713000  229.78880  69.1%   499  119s
  1302  1291  243.29935   35  257  744.57130  229.78880  69.1%   499  121s
  1540  1506  243.29935   41  244  744.57130  229.78880  69.1%   467  125s
H 1683  1537                     740.9301000  229.78880  69.0%   459  127s
  1699  1671  243.80512   43  249  740.93010  229.78880  69.0%   457  130s
  1987  1915  244.05770   46  173  740.93010  229.78880  69.0%   431  137s
  2134  1936  301.28173   47  241  740.93010  232.90789  68.6%   428  143s
  2168  1962 infeasible   47       740.93010  232.90789  68.6%   478  150s
H 2176  1949                     686.0265000  232.90789  66.0%   485  150s
H 2197  1885                     657.9232667  233.53945  64.5%   504  150s
  2217  2057  301.49452   49  232  657.92327  233.53945  64.5%   504  155s
  2454  2220  302.68530   61  210  657.92327  233.53945  64.5%   491  164s
H 2470  2195                     652.3165667  233.53945  64.2%   488  164s
H 2473  2178                     644.2763333  233.53945  63.8%   488  164s
  2637  2640  308.12185   76  238  644.27633  237.47577  63.1%   478  174s
  3113  3156  308.77332   91  222  644.27633  238.28475  63.0%   416  185s
H 3671  3616                     644.1479333  238.28475  63.0%   364  195s
H 3681  3501                     612.6635333  238.28475  61.1%   364  195s
  4198  4222  327.92421   95  302  612.66353  238.28475  61.1%   328  210s
H 4984  4667                     612.6464333  238.28475  61.1%   282  226s
H 5016  4664                     608.8783333  238.28475  60.9%   281  226s
H 5078  4661                     607.0074333  238.28475  60.7%   278  226s
H 5260  4642                     597.8277333  238.28475  60.1%   269  227s
  5513  5216  329.85623  129  300  597.82773  239.83933  59.9%   260  239s
  6265  5665  331.30988  144  299  597.82773  239.83933  59.9%   236  249s
H 6275  5528                     571.5557333  239.83933  58.0%   236  249s
H 6426  5128                     524.1878333  239.83933  54.2%   233  249s
  6826  5078  439.67272   55 4802  524.18783  239.83933  54.2%   223  261s
H 6827  4825                     516.1517000  239.83933  53.5%   223  266s
H 6827  4583                     512.3866000  239.83933  53.2%   223  267s
H 6827  4354                     509.4494000  239.83933  52.9%   223  269s
  6829  4355  509.44940  200  133  509.44940  239.83933  52.9%   222  271s
  6830  4356  406.96537  164  133  509.44940  274.22858  46.2%   222  275s
  6831  4359  274.22858   12  136  509.44940  274.22858  46.2%   226  283s
  6845  4381  274.22858   15  187  509.44940  274.22858  46.2%   226  286s
H 6891  4196                     491.1518000  274.22858  44.2%   226  292s
H 6894  3988                     481.1568000  274.22858  43.0%   225  292s
H 6914  3784                     457.6183000  274.22858  40.1%   225  292s
  7042  3802  274.22858   20  201  457.61830  274.22858  40.1%   225  296s
  7092  3808  310.14850   20  204  457.61830  274.22858  40.1%   225  300s
  7241  3852  314.98099   22  156  457.61830  274.22858  40.1%   223  305s
H 7255  3660                     435.1723000  274.22858  37.0%   224  305s
  7373  3662  311.84287   24  198  435.17230  274.22858  37.0%   224  313s
H 7382  3481                     432.0724000  274.22858  36.5%   224  313s
H 7383  3312                     431.3546000  274.22858  36.4%   224  313s
H 7399  3147                     418.1358000  274.22858  34.4%   224  313s
  7410  3158  274.22858   25  209  418.13580  274.22858  34.4%   223  318s
  7484  3167  274.22858   26  166  418.13580  274.22858  34.4%   223  322s
  7564  3182  310.03930   26  253  418.13580  274.22858  34.4%   222  327s
  7643  3197  274.22858   27  155  418.13580  274.22858  34.4%   220  332s
  7815  3239  274.22858   28  149  418.13580  274.22858  34.4%   216  336s
  8106  3265  274.22858   30  172  418.13580  274.22858  34.4%   211  342s
  8251  3246  274.22858   31  164  418.13580  274.22858  34.4%   208  345s
H 8490  3120                     401.4522000  274.22858  31.7%   204  353s
H 8514  2968                     400.4768000  274.22858  31.5%   203  353s
H 8521  2829                     399.5353000  274.22858  31.4%   203  353s
  8549  2873  274.22858   34  189  399.53530  274.22858  31.4%   203  356s
  8700  2884  274.22858   35  153  399.53530  274.22858  31.4%   201  360s
  8973  2964  314.96170   37  203  399.53530  274.22858  31.4%   199  368s
  9117  2972  274.22858   38  145  399.53530  274.22858  31.4%   198  373s
  9218  2964  274.22858   39  145  399.53530  274.22858  31.4%   198  377s
H 9262  2841                     399.5257000  274.22858  31.4%   197  379s
H 9280  2711                     388.3775000  274.22858  29.4%   197  379s
  9289  2773  274.22858   40  138  388.37750  274.22858  29.4%   197  388s
  9416  2815  274.22858   42  138  388.37750  274.22858  29.4%   197  392s
  9581  3022  274.22858   43  165  388.37750  274.22858  29.4%   195  400s
  9992  3086  274.22858   46  165  388.37750  274.22858  29.4%   190  409s
 10416  3125  274.22858   49  139  388.37750  274.22858  29.4%   185  421s
H10422  3005                     388.3481000  274.22858  29.4%   185  421s
H10640  2822                     380.0538667  274.22858  27.8%   183  421s
 10858  2620  274.22858   52  177  380.05387  274.22858  27.8%   180  427s
 11014  2875 infeasible   54       380.05387  274.22858  27.8%   179  437s
 11544  3065  274.22858   57  160  380.05387  274.22858  27.8%   173  446s
 12172  2928  300.16930   58  236  380.05387  274.22858  27.8%   167  454s
H12173  2773                     377.4870667  274.22858  27.4%   167  454s
 12322  3186  274.22858   58  155  377.48707  274.22858  27.4%   166  462s
 12950  3505 infeasible   61       377.48707  274.22858  27.4%   160  476s
 13660  3594  323.15453   63  229  377.48707  274.22858  27.4%   154  483s
 13815  4257  274.22858   64  166  377.48707  274.22858  27.4%   153  495s
 14693  5052  303.00300   66  250  377.48707  274.22858  27.4%   146  506s
 15869  6021  274.22858   71  154  377.48707  274.22858  27.4%   139  517s
 16867  6778  274.22858   78  171  377.48707  274.22858  27.4%   133  526s
 17835  7719 infeasible   87       377.48707  274.22858  27.4%   128  534s
 18885  9018  274.22858   97  171  377.48707  274.22858  27.4%   123  545s
 20533 10505  323.84900  102  215  377.48707  274.22858  27.4%   116  559s
 22035 11661  274.22858  108  187  377.48707  274.22858  27.4%   110  573s
 23422 13293  274.22858  112  199  377.48707  274.22858  27.4%   105  586s
 25248 15172  274.22858  119  175  377.48707  274.22858  27.4%   100  600s
 27338 15208  274.22858  126  156  377.48707  274.22858  27.4%  93.9  606s
 27382 16388  294.66110  126  142  377.48707  274.22858  27.4%  93.9  613s
 28625 16526  274.22858  134  200  377.48707  274.22858  27.4%  90.8  616s
 28808 18187 infeasible  138       377.48707  274.22858  27.4%  90.6  627s
H29773 18184                     377.3694667  274.22858  27.3%  88.2  627s
 30606 18185  355.03220   63 4097  377.36947  274.22858  27.3%  86.5  678s
 30608 18186  358.08210  132  200  377.36947  274.22858  27.3%  86.5  681s
 30611 18191  274.22858   21  382  377.36947  274.22858  27.3%  88.2  685s
 30641 18197  274.22858   26  314  377.36947  274.22858  27.3%  89.0  691s
 30656 18202  274.22858   27  309  377.36947  274.22858  27.3%  89.3  695s
 30676 18225  274.22858   28  285  377.36947  274.22858  27.3%  90.0  708s
 30730 18250  288.06487   29  283  377.36947  274.22858  27.3%  90.5  712s
 30868 18242  274.22858   32  292  377.36947  274.22858  27.3%  91.9  715s
 30996 18232  274.22858   34  333  377.36947  274.22858  27.3%  93.2  720s
 31186 18233  274.22858   37  343  377.36947  274.22858  27.3%  94.6  725s
 31398 18258  274.22858   39  314  377.36947  274.22858  27.3%  95.5  730s
 31703 18275  308.02003   41  307  377.36947  274.22858  27.3%  96.5  736s
 31945 18277  308.02003   44  343  377.36947  274.22858  27.3%  97.4  740s
 32223 18269  274.22858   46  459  377.36947  274.22858  27.3%  98.2  745s
 32545 18267  274.22858   48  441  377.36947  274.22858  27.3%  98.9  751s
 32782 18301  274.22858   50  390  377.36947  274.22858  27.3%   100  755s
 33166 18304  274.22858   53  324  377.36947  274.22858  27.3%   101  773s
 33233 18350  274.22858   54  328  377.36947  274.22858  27.3%   101  776s
 33402 18420  274.22858   55  315  377.36947  274.22858  27.3%   102  780s
 33960 18681  274.22858   59  295  377.36947  274.22858  27.3%   102  789s
 34297 18805  274.22858   61  298  377.36947  274.22858  27.3%   103  794s
 34656 18989  308.34313   63  383  377.36947  274.22858  27.3%   103  800s
 35097 19134  274.22858   64  384  377.36947  274.22858  27.3%   104  805s
 35495 19378  302.02270   65  377  377.36947  274.22858  27.3%   104  812s
 35992 19570  274.22858   67  386  377.36947  274.22858  27.3%   105  818s
 36464 19727  274.22858   68  405  377.36947  274.22858  27.3%   106  823s
 36893 19873  274.22858   70  356  377.36947  274.22858  27.3%   108  828s
 37308 20048  274.22858   73  333  377.36947  274.22858  27.3%   109  834s
 37797 20282  274.22858   74  307  377.36947  274.22858  27.3%   111  841s
 38336 20409  274.22858   76  346  377.36947  274.22858  27.3%   112  846s
 38769 20577  274.22858   77  316  377.36947  274.22858  27.3%   114  852s
 39264 20751  274.22858   80  306  377.36947  274.22858  27.3%   116  858s
 39787 21067  313.55887   82  327  377.36947  274.22858  27.3%   118  866s
 40681 21488  274.22858   86  277  377.36947  274.22858  27.3%   120  878s
 41465 21416  274.22858   90  309  377.36947  274.22858  27.3%   122  883s
 41858 21793  336.02150   92  311  377.36947  274.22858  27.3%   122  890s
 42542 22260  274.22858   97  242  377.36947  274.22858  27.3%   123  900s
 43422 22182  274.22858   99  383  377.36947  274.22858  27.3%   125  914s
 43795 22687  287.00870   99  324  377.36947  274.22858  27.3%   125  924s
 44625 23287  274.22858  101  449  377.36947  274.22858  27.3%   126  936s
 45680 23907  308.02003  102  376  377.36947  274.22858  27.3%   127  949s
 46856 24454  274.22858  105  378  377.36947  274.22858  27.3%   127  962s
 48040 25036  293.04750  106  405  377.36947  274.22858  27.3%   128  974s
 49152 25492  274.22858  108  392  377.36947  274.22858  27.3%   129  983s
 50077 26128  274.22858  109  347  377.36947  274.22858  27.3%   130  994s
 51152 26911  274.22858  111  418  377.36947  274.22858  27.3%   132 1006s
 52351 27654  274.22858  111  522  377.36947  274.22858  27.3%   133 1017s
 53566 28476  274.22858  112  417  377.36947  274.22858  27.3%   134 1029s
 54868 29053  274.22858  113  358  377.36947  274.22858  27.3%   135 1042s
 56046 29945  274.22858  114  400  377.36947  274.22858  27.3%   136 1054s
 57448 30282  274.22858  116  351  377.36947  274.22858  27.3%   137 1065s
 58305 31359  274.22858  121  243  377.36947  274.22858  27.3%   138 1077s
 59734 32776  351.81743  137  368  377.36947  274.22858  27.3%   140 1099s
 61703 33356  274.22858  147  309  377.36947  274.22858  27.3%   141 1110s
 63011 33135  290.93890  157  309  377.36947  274.22858  27.3%   142 1115s
 63427 34469  274.22858  161  309  377.36947  274.22858  27.3%   142 1128s
 64951 35257  274.22858  172  299  377.36947  274.22858  27.3%   144 1140s
 66394 34833  274.22858  178  316  377.36947  274.22858  27.3%   146 1159s
 66501 36241  291.07600  178  458  377.36947  274.22858  27.3%   146 1172s
 68046 36393  312.86770  180  383  377.36947  274.22858  27.3%   148 1181s
 68871 37648  274.22858  185  290  377.36947  274.22858  27.3%   147 1195s
 70481 37217  274.22858  197  353  377.36947  274.22858  27.3%   150 1200s
 70590 38472  308.34313  198  347  377.36947  274.22858  27.3%   150 1215s
 72028 39619  313.90673  207  343  377.36947  274.22858  27.3%   150 1232s
 73757 40579  274.22858  222  310  377.36947  274.22858  27.3%   153 1250s
 75484 42209  274.22858  233  242  377.36947  274.22858  27.3%   154 1272s
 77798 43547  274.22858  241  357  377.36947  274.22858  27.3%   155 1295s
 79995 44969  274.22858  250  343  377.36947  274.22858  27.3%   157 1317s
 82226 46412  291.07600  259  291  377.36947  274.22858  27.3%   159 1339s
 84493 48407  274.22858  268  285  377.36947  274.22858  27.3%   161 1367s
 87318 50573  274.22858  280  290  377.36947  274.22858  27.3%   162 1390s
 89790 50574  348.72305  207 4217  377.36947  274.22858  27.3%   163 1525s
 89794 50577  312.78219 1898  449  377.36947  274.22858  27.3%   163 1531s
 89795 50577  331.85420  288  276  377.36947  274.22858  27.3%   163 1545s
 89796 50578  329.79320 1226  407  377.36947  274.22858  27.3%   163 1554s
 89797 50579  350.06251  327  383  377.36947  274.22858  27.3%   163 1566s
 89798 50579  352.09510  476  487  377.36947  274.22858  27.3%   163 1574s
 89799 50580  282.84730 1792  540  377.36947  274.22858  27.3%   163 1576s
 89800 50581  352.87707  698  519  377.36947  274.22858  27.3%   163 1583s
 89801 50581  348.22220  626  546  377.36947  274.22858  27.3%   163 1585s
 89803 50583  347.47931 1883  474  377.36947  274.22858  27.3%   163 1592s
 89805 50584  334.98194  498  533  377.36947  274.22858  27.3%   163 1595s
 89806 50585  313.04083 1060  528  377.36947  274.22858  27.3%   163 1602s
 89808 50586  344.99975  320  519  377.36947  274.22858  27.3%   163 1612s
 89810 50587  330.80361  737  518  377.36947  274.22858  27.3%   163 1621s
 89812 50589  362.89003  742  521  377.36947  274.22858  27.3%   163 1631s
 89813 50589  334.11047  569  405  377.36947  274.22858  27.3%   163 1640s
 89814 50590  352.99109  707  478  377.36947  274.22858  27.3%   163 1647s
 89816 50591  286.01180 1815  457  377.36947  274.22858  27.3%   163 1655s
 89818 50593  352.87707  280  453  377.36947  274.22858  27.3%   163 1662s
 89819 50593  336.84102 1665  409  377.36947  274.22858  27.3%   163 1672s
 89821 50595  357.36309 1004  498  377.36947  274.22858  27.3%   163 1680s
 89823 50596  349.58024 1549  453  377.36947  274.22858  27.3%   163 1687s
 89826 50598  344.26494  329  447  377.36947  274.22858  27.3%   163 1696s
 89828 50599  324.33263  231  485  377.36947  274.22858  27.3%   163 1703s
 89829 50600  351.60081 1413  476  377.36947  274.22858  27.3%   163 1705s
 89831 50601  334.98811  226  477  377.36947  274.22858  27.3%   163 1712s
 89833 50603  334.98194  369  494  377.36947  274.22858  27.3%   163 1721s
 89835 50604  352.87707 1704  494  377.36947  274.22858  27.3%   163 1730s
 89836 50605  347.28588  456  503  377.36947  274.22858  27.3%   163 1738s
 89837 50605  352.94902  423  488  377.36947  274.22858  27.3%   163 1746s
 89838 50606  309.90514  561  390  377.36947  274.22858  27.3%   163 1755s
 89840 50607  335.48473  582  467  377.36947  274.22858  27.3%   163 1763s
 89842 50609  364.58558  597  558  377.36947  274.22858  27.3%   163 1772s
 89844 50610  362.89003  741  561  377.36947  274.22858  27.3%   163 1779s
 89845 50611  349.72829  340  395  377.36947  274.22858  27.3%   163 1789s
 89846 50611  349.70325  854  395  377.36947  274.22858  27.3%   163 1799s
 89847 50612  343.81064  406  495  377.36947  274.22858  27.3%   163 1800s
 89848 50613  345.11395 1099  467  377.36947  274.22858  27.3%   163 1807s
 89850 50614  301.32307  307  475  377.36947  274.22858  27.3%   163 1815s
 89851 50615  347.14824  544  293  377.36947  274.22858  27.3%   163 1824s
 89852 50615  356.74680  262  436  377.36947  274.22858  27.3%   163 1830s
 89853 50616  364.58558  704  344  377.36947  274.22858  27.3%   163 1838s
 89854 50617  364.19778  203  359  377.36947  274.22858  27.3%   163 1844s
 89855 50617  359.01130  267  397  377.36947  274.22858  27.3%   163 1853s
 89856 50618  336.39381  554  483  377.36947  274.22858  27.3%   163 1860s
 89858 50619  362.89003  975  533  377.36947  274.22858  27.3%   163 1867s
 89860 50621  337.80231  668  522  377.36947  274.22858  27.3%   163 1877s
 89862 50622  356.90908  455  472  377.36947  274.22858  27.3%   163 1884s
 89863 50623  352.99109 1125  393  377.36947  274.22858  27.3%   163 1893s
 89864 50623  349.72355  833  515  377.36947  274.22858  27.3%   163 1899s
 89865 50624  351.65100  118  496  377.36947  274.22858  27.3%   163 1910s
 89866 50625  352.99109  486  501  377.36947  274.22858  27.3%   163 1917s
 89868 50626  334.19723 1076  487  377.36947  274.22858  27.3%   163 1924s
 89870 50627  357.86754 1832  515  377.36947  274.22858  27.3%   163 1931s
 89872 50629  329.80758  245  543  377.36947  274.22858  27.3%   163 1937s
 89873 50629  301.27364  634  508  377.36947  274.22858  27.3%   163 1945s
 89874 50630  356.12146  444  437  377.36947  274.22858  27.3%   163 1952s
 89875 50631  348.47133 1454  401  377.36947  274.22858  27.3%   163 1960s
 89876 50631  320.91027 1235  470  377.36947  274.22858  27.3%   163 1966s
 89877 50632  347.11119 1605  481  377.36947  274.22858  27.3%   163 1972s
 89878 50633  367.50397 1070  488  377.36947  274.22858  27.3%   163 1978s
 89879 50633  373.32273  968  413  377.36947  274.22858  27.3%   163 1986s
 89880 50634  351.95237  510  557  377.36947  274.22858  27.3%   163 1992s
 89882 50635  309.90514  629  511  377.36947  274.22858  27.3%   163 2000s
 89884 50637  356.12146  510  412  377.36947  274.22858  27.3%   163 2007s
 89885 50637  367.72708  194  394  377.36947  274.22858  27.3%   163 2013s
 89886 50638  372.70740  374  391  377.36947  274.22858  27.3%   163 2019s
 89887 50639  327.35933 1581  478  377.36947  274.22858  27.3%   163 2028s
 89888 50639  320.91027 1174  461  377.36947  274.22858  27.3%   163 2034s
 89889 50640  334.98194  158  465  377.36947  274.22858  27.3%   163 2042s
 89890 50641  348.72305  207  546  377.36947  274.22858  27.3%   163 2048s
 89891 50641  305.58233  490  498  377.36947  274.22858  27.3%   163 2055s
 89892 50642  282.51987  106  498  377.36947  274.22858  27.3%   163 2061s
 89893 50643  310.38430  201  500  377.36947  274.22858  27.3%   163 2069s
 89894 50643  312.78219 1898  497  377.36947  274.22858  27.3%   163 2076s
 89896 50648  274.23604   34  473  377.36947  274.23604  27.3%   166 2081s
 89898 50649  274.23604   35  465  377.36947  274.23604  27.3%   166 2086s
 89908 50652  274.23604   37  503  377.36947  274.23604  27.3%   167 2095s
 89917 50656  274.23604   38  447  377.36947  274.23604  27.3%   167 2101s
 89929 50660  274.23604   39  464  377.36947  274.23604  27.3%   167 2106s
 89975 50689  274.23604   41  351  377.36947  274.23604  27.3%   168 2113s
 90065 50696  274.23604   42  276  377.36947  274.23604  27.3%   169 2116s
 90150 50693  291.99257   43  379  377.36947  274.23604  27.3%   170 2129s
 90203 50714  274.23604   44  383  377.36947  274.23604  27.3%   170 2131s
 90361 50743  274.23604   46  341  377.36947  274.23604  27.3%   171 2136s
 90574 50755  312.68192   48  442  377.36947  274.23604  27.3%   171 2140s
 90647 50758  274.23604   49  432  377.36947  274.23604  27.3%   171 2147s
 90748 50799  274.23604   50  423  377.36947  274.23604  27.3%   172 2150s
 90915 50855  274.23604   52  475  377.36947  274.23604  27.3%   172 2158s
 90973 50870  313.17938   52  427  377.36947  274.23604  27.3%   172 2160s
 91216 50947  274.23604   55  456  377.36947  274.23604  27.3%   173 2166s
 91416 50992  274.23604   57  443  377.36947  274.23604  27.3%   173 2173s
 91523 51014  274.23604   58  474  377.36947  274.23604  27.3%   174 2175s
 91878 51081  274.23604   61  432  377.36947  274.23604  27.3%   175 2182s
 91962 51118  274.23604   62  424  377.36947  274.23604  27.3%   175 2186s
 92104 51106  274.23604   63  416  377.36947  274.23604  27.3%   175 2202s
 92171 51164  274.23604   64  434  377.36947  274.23604  27.3%   176 2206s
 92317 51177  274.23604   65  418  377.36947  274.23604  27.3%   176 2210s
 92638 51229  274.23604   68  462  377.36947  274.23604  27.3%   177 2217s
 92811 51246  274.23604   69  400  377.36947  274.23604  27.3%   178 2221s
 92994 51273  274.23604   71  420  377.36947  274.23604  27.3%   178 2225s
 93194 51272  274.23604   73  333  377.36947  274.23604  27.3%   178 2233s
 93365 51300  274.23604   75  311  377.36947  274.23604  27.3%   179 2238s
 93570 51334  274.23604   78  283  377.36947  274.23604  27.3%   180 2242s
 93809 51351  274.23604   80  309  377.36947  274.23604  27.3%   180 2246s
 94049 51341  298.59419   82  291  377.36947  274.23604  27.3%   180 2250s
 94219 51409  332.02854   84  495  377.36947  274.23604  27.3%   181 2255s
 94764 51488  274.23604   89  335  377.36947  274.23604  27.3%   182 2264s
 95041 51562  274.23604   92  320  377.36947  274.23604  27.3%   182 2270s
 95349 51640  274.23604   95  321  377.36947  274.23604  27.3%   182 2276s
 95662 51730  274.23604   98  339  377.36947  274.23604  27.3%   183 2282s
 95986 51676  316.50374  100  325  377.36947  274.23604  27.3%   183 2304s
 96077 51788  274.23604  102  332  377.36947  274.23604  27.3%   184 2309s
 96293 51944  274.23604  103  344  377.36947  274.23604  27.3%   185 2317s
 96634 52116  274.23604  106  318  377.36947  274.23604  27.3%   186 2325s
 97050 52440  274.23604  107  321  377.36947  274.23604  27.3%   186 2336s
 97718 52708  274.23604  112  313  377.36947  274.23604  27.3%   187 2348s
 98415 53149  317.00539  115  299  377.36947  274.23604  27.3%   187 2361s
 99304 53726  274.23604  118  362  377.36947  274.23604  27.3%   188 2376s
 100459 54220  317.70711  125  301  377.36947  274.23604  27.3%   189 2390s
 101623 54730  280.20000  131  349  377.36947  274.23604  27.3%   189 2404s
 102783 55202  274.23604  136  355  377.36947  274.23604  27.3%   190 2416s
 103829 55853  274.23604  139  350  377.36947  274.23604  27.3%   191 2430s
 104961 56384  274.23604  144  341  377.36947  274.23604  27.3%   191 2440s
 105943 56435  274.23604  149  346  377.36947  274.23604  27.3%   191 2447s
 106395 57545  274.23604  153  312  377.36947  274.23604  27.3%   192 2463s
 107872 58004  274.23604  165  310  377.36947  274.23604  27.3%   193 2476s
 109062 58714  274.23604  173  294  377.36947  274.23604  27.3%   193 2490s
 110273 59039  291.39310  179  300  377.36947  274.23604  27.3%   194 2510s
 111060 60095  287.39310  182  348  377.36947  274.23604  27.3%   194 2524s
 112462 60972  274.23604  188  356  377.36947  274.23604  27.3%   195 2538s
 113953 62071  274.23604  192  339  377.36947  274.23604  27.3%   195 2555s
 115696 62980  274.23604  196  351  377.36947  274.23604  27.3%   196 2573s
 117418 63969  274.23604  202  314  377.36947  274.23604  27.3%   196 2588s
 119267 64890  274.23604  210  246  377.36947  274.23604  27.3%   196 2608s
 121163 65545  274.23604  215  336  377.36947  274.23604  27.3%   197 2621s
 122630 66778  274.23604  222  261  377.36947  274.23604  27.3%   198 2635s
 124482 66298  291.68608  232  240  377.36947  274.23604  27.3%   198 2660s
 124633 68499  274.23604  234  242  377.36947  274.23604  27.3%   198 2679s
 127105 69123  274.23604  246  268  377.36947  274.23604  27.3%   198 2692s
 128747 69945  274.23604  253  246  377.36947  274.23604  27.3%   198 2703s
 130195 70732  323.63389  255  391  377.36947  274.23604  27.3%   199 2716s
 131594 71750  274.23604  263  403  377.36947  274.23604  27.3%   200 2728s
 133226 72660  274.23604  276  400  377.36947  274.23604  27.3%   201 2742s
 134781 73836  296.83781  286  309  377.36947  274.23604  27.3%   202 2759s
 136591 74696  302.63591  299  374  377.36947  274.23604  27.3%   203 2775s
 138291 75028  299.54984  321  304  377.36947  274.23604  27.3%   204 2789s
 139391 76607  302.77001  335  255  377.36947  274.23604  27.3%   205 2807s
 141450 78929  326.31485  348  254  377.36947  274.23604  27.3%   205 2839s
 144800 80005  318.77249  374  255  377.36947  274.23604  27.3%   205 2865s
 147312 81550  322.38172  390  263  377.36947  274.23604  27.3%   205 2894s
 149967 85276  344.35282  410  256  377.36947  274.23604  27.3%   206 2954s
 154015 83927  314.17823  215  172  377.36947  274.23604  27.3%   205 2955s
 155116 84152  353.36242  451  357  377.36947  274.23604  27.3%   205 2988s
 155841 86922  358.11562  461  373  377.36947  274.23604  27.3%   205 3024s
 159252 89045  361.95201  484  375  377.36947  274.23604  27.3%   204 3058s
 162869 91304  274.23604  101  237  377.36947  274.23604  27.3%   204 3097s
 166689 92212  274.23604  162  198  377.36947  274.23604  27.3%   203 3119s
 169189 94378     cutoff  189       377.36947  274.23604  27.3%   202 3155s
 172606 96264  274.23604  104  214  377.36947  274.23604  27.3%   202 3190s
 176031 98875  274.23604  256  139  377.36947  274.23604  27.3%   201 3232s
 180064 104851  319.15980  389  133  377.36947  274.23604  27.3%   201 3328s
 188210 103598  293.43952  144  266  377.36947  274.23604  27.3%   198 3352s
 189979 105793  297.19391  172  255  377.36947  274.23604  27.3%   198 3387s
 193097 107722  334.27443  266  230  377.36947  274.23604  27.3%   198 3424s
 196413 109617  274.23604   84  318  377.36947  274.23604  27.3%   197 3463s
 199712 108671  274.23604  129  204  377.36947  274.23604  27.3%   196 3508s
 199892 111561  274.23604  133  206  377.36947  274.23604  27.3%   196 3546s
 203151 113543  274.23604  220  184  377.36947  274.23604  27.3%   196 3591s
 206762 115360  278.70012  290  170  377.36947  274.23604  27.3%   195 3629s
 210045 119650  289.22232  345  173  377.36947  274.23604  27.3%   195 3706s
 216068 120764  274.23604  111  247  377.36947  274.23604  27.3%   194 3750s
 219700 123294  294.29647  297  124  377.36947  274.23604  27.3%   193 3795s
 223929 125150  274.23604  135  278  377.36947  274.23604  27.3%   192 3834s
 227595 126990  336.50180  222  179  377.36947  274.23604  27.3%   191 3873s
 231097 129648  321.60129  178  189  377.36947  274.23604  27.3%   190 3923s
 235341 130864  274.23604   96  302  377.36947  274.23604  27.3%   189 3961s
 238444 132825  274.23604  124  243  377.36947  274.23604  27.3%   188 4003s
 241838 134934  274.23604  166  237  377.36947  274.23604  27.3%   188 4066s
 245824 139323  315.00861  239  226  377.36947  274.23604  27.3%   187 4129s
 250791 143459  319.18761  314  235  377.36947  274.23604  27.3%   186 4186s
 255403 146982  324.83450  492  195  377.36947  274.23604  27.3%   185 4234s
 259450 150264  370.86737  779  208  377.36947  274.23604  27.3%   184 4281s
 263264 152805  274.23604  159  254  377.36947  274.23604  27.3%   184 4319s
 266160 155678  274.23604  219  214  377.36947  274.23604  27.3%   184 4364s
 268703 155678  324.29031  191  196  377.36947  274.23604  27.3%   183 4365s
 269598 158229  274.23604  275  209  377.36947  274.23604  27.3%   183 4402s
 272498 159856  348.52276  354  144  377.36947  274.23604  27.3%   183 4468s
 274319 166464  357.34028  398  155  377.36947  274.23604  27.3%   183 4583s
 281880 168849  356.91299  182  199  377.36947  274.23604  27.3%   183 4620s
 284544 172242  274.23604  163  226  377.36947  274.23604  27.3%   183 4677s
 288422 176509  306.12259  308  229  377.36947  274.23604  27.3%   183 4746s
 293088 180338  363.00891  437  161  377.36947  274.23604  27.3%   183 4810s
 297541 184036     cutoff  264       377.36947  274.23604  27.3%   182 4870s
 301654 188172  310.95247  237  142  377.36947  274.23604  27.3%   182 4942s
 306322 191409  274.23604  172  217  377.36947  274.23604  27.3%   182 4990s
 309985 194715  336.35770  300  182  377.36947  274.23604  27.3%   181 5039s
 313598 197025  362.54659  415  149  377.36947  274.23604  27.3%   181 5075s
 316239 199760  274.23604   87  302  377.36947  274.23604  27.3%   181 5116s
 319272 201334  274.23604  114  250  377.36947  274.23604  27.3%   181 5148s
 321143 204667  274.23604  154  284  377.36947  274.23604  27.3%   181 5199s
 324777 205042  274.23604  176  286  377.36947  274.23604  27.3%   181 5288s
 325168 208214  274.23604  184  231  377.36947  274.23604  27.3%   181 5337s
 328783 211005  276.59122  219  245  377.36947  274.23604  27.3%   181 5383s
 331893 215115  285.14460  269  217  377.36947  274.23604  27.3%   181 5455s
 336343 217990  368.42479  353  226  377.36947  274.23604  27.3%   181 5507s
 339614 220989  274.23604  105  214  377.36947  274.23604  27.3%   181 5559s
 341835 220989  314.75925  274  232  377.36947  274.23604  27.3%   181 5560s
 342968 223821  274.23604  108  298  377.36947  274.23604  27.3%   181 5593s
 346121 226418  316.60723  216  292  377.36947  274.23604  27.3%   181 5634s
 348923 229616  349.97703  421  281  377.36947  274.23604  27.3%   181 5674s
 352480 232592  274.23604  200  193  377.36947  274.23604  27.3%   181 5727s
 355854 235592  274.23604  352  137  377.36947  274.23604  27.3%   181 5761s
 359184 238417  274.23604  120  246  377.36947  274.23604  27.3%   180 5793s
 362243 242713  276.80196  334  177  377.36947  274.23604  27.3%   181 5872s
 366983 246121  274.23604   94  287  377.36947  274.23604  27.3%   180 5913s
 370801 248807  274.23604  139  297  377.36947  274.23604  27.3%   180 5945s
 373840 251351  274.23604  225  270  377.36947  274.23604  27.3%   180 5982s
 376542 254159  322.07073  273  229  377.36947  274.23604  27.3%   180 6014s
 379603 256654  355.75167  334  201  377.36947  274.23604  27.3%   180 6055s
 382394 259692  274.23604  118  234  377.36947  274.23604  27.3%   180 6091s
 385770 262174  329.56654  251  216  377.36947  274.23604  27.3%   180 6135s
 388553 263714  274.23604   85  298  377.36947  274.23604  27.3%   180 6160s
 390322 264815  287.68577  121  180  377.36947  274.23604  27.3%   180 6179s
 391484 264951  289.20877  157  166  377.36947  274.23604  27.3%   180 6285s
 391635 293837  291.12953  161  169  377.36947  274.23604  27.3%   180 6987s
 402635 293837  274.23604  173  213  377.36947  274.23604  27.3%   180 6991s
 423635 298271  274.23604  135  228  377.36947  274.23604  27.3%   180 7085s
 428806 301148  274.23604  116  258  377.36947  274.23604  27.3%   180 7130s
 432075 304169  343.74107  207  193  377.36947  274.23604  27.3%   179 7177s
 435530 305645  274.23604  215  220  377.36947  274.23604  27.3%   179 7200s

Cutting planes:
  Gomory: 14
  Implied bound: 34
  Projected implied bound: 27
  MIR: 136
  Flow cover: 1534
  RLT: 3
  Relax-and-lift: 2694

Explored 437124 nodes (78316704 simplex iterations) in 7202.63 seconds (3157.84 work units)
Thread count was 32 (of 96 available processors)

Solution count 10: 377.369 377.487 380.054 ... 418.136

Time limit reached
Best objective 3.773694666665e+02, best bound 2.742360393506e+02, gap 27.3296%

User-callback calls 2006206, time in user-callback 1.67 sec
