
Gurobi 10.0.1 (win64) logging started Sun Sep 21 15:45:36 2025

Set parameter LogFile to value "log_group_6/bound_Expr403_s7_l1051_s11_e12_o40_d80_t60_s38_1_1_1_1.log"
Gurobi Optimizer version 10.0.1 build v10.0.1rc0 (win64)

CPU model: Intel(R) Core(TM) i7-10700 CPU @ 2.90GHz, instruction set [SSE2|AVX|AVX2]
Thread count: 8 physical cores, 16 logical processors, using up to 16 threads

Optimize a model with 672610 rows, 658470 columns and 8522306 nonzeros
Model fingerprint: 0xe40fa5fd
Variable types: 470 continuous, 658000 integer (658000 binary)
Coefficient statistics:
  Matrix range     [1e+00, 8e+02]
  Objective range  [1e+00, 1e+00]
  Bounds range     [1e+00, 1e+03]
  RHS range        [1e+00, 8e+02]
Presolve removed 661784 rows and 648381 columns
Presolve time: 4.27s
Presolved: 10826 rows, 10089 columns, 74697 nonzeros
Variable types: 390 continuous, 9699 integer (9694 binary)

Root simplex log...

Iteration    Objective       Primal Inf.    Dual Inf.      Time
       0    1.6332763e+02   1.249000e+03   0.000000e+00      6s
    7336    1.6332763e+02   0.000000e+00   0.000000e+00      6s

Root relaxation: objective 1.633276e+02, 7336 iterations, 0.70 seconds (1.54 work units)

    Nodes    |    Current Node    |     Objective Bounds      |     Work
 Expl Unexpl |  Obj  Depth IntInf | Incumbent    BestBd   Gap | It/Node Time

     0     0  163.32763    0  162          -  163.32763      -     -    7s
H    0     0                    2106.3725667  163.32763  92.2%     -    8s
H    0     0                    2105.6611667  163.32763  92.2%     -    8s
H    0     0                    2058.8360333  163.32763  92.1%     -    8s
     0     0  163.32763    0  284 2058.83603  163.32763  92.1%     -    8s
H    0     0                    1483.8745000  163.32763  89.0%     -    9s
H    0     0                     924.2811667  163.32763  82.3%     -   10s
H    0     0                     846.4519667  163.32763  80.7%     -   10s
     0     0  163.32763    0  278  846.45197  163.32763  80.7%     -   10s
H    0     0                     714.7709333  163.32763  77.1%     -   13s
H    0     0                     709.6842333  163.32763  77.0%     -   13s
     0     0  163.32763    0  176  709.68423  163.32763  77.0%     -   14s
H    0     0                     693.8323333  163.32763  76.5%     -   14s
H    0     0                     648.6802667  163.32763  74.8%     -   16s
H    0     0                     399.4166667  163.32763  59.1%     -   16s
     0     0  163.32763    0  271  399.41667  163.32763  59.1%     -   16s
H    0     0                     396.0740333  163.32763  58.8%     -   19s
H    0     0                     372.0700000  163.32763  56.1%     -   19s
H    0     0                     363.6575667  163.32763  55.1%     -   19s
H    0     0                     362.6575667  163.32763  55.0%     -   19s
     0     0  163.32763    0  155  362.65757  163.32763  55.0%     -   20s
     0     0  163.32763    0  139  362.65757  163.32763  55.0%     -   21s
H    0     0                     319.9171667  163.32763  48.9%     -   21s
     0     2  163.32763    0  118  319.91717  163.32763  48.9%     -   22s
H   28    35                     303.5052333  163.32763  46.2%   368   25s
H   29    35                     289.8971333  163.32763  43.7%   365   25s
H   33    35                     289.8919333  163.32763  43.7%   349   25s
H   61    58                     287.4594667  163.32763  43.2%   283   27s
H   62    58                     286.7341667  163.32763  43.0%   394   27s
H   64    58                     274.0554667  163.32763  40.4%   386   27s
H   69    63                     273.5308667  163.32763  40.3%   367   29s
H   70    63                     273.4846667  163.32763  40.3%   366   29s
   119   100  163.32763   16  394  273.48467  163.32763  40.3%   278   34s
H  125   100                     273.4846662  163.32763  40.3%   268   34s
   127   104  163.32763   17  391  273.48467  163.32763  40.3%   267   36s
H  128   104                     273.4846633  163.32763  40.3%   265   36s
   410   368  163.32763   46  278  273.48466  163.32763  40.3%   130   40s
H 1256  1097                     273.3024000  163.32763  40.2%  56.5   43s
  1506  1335  163.32763  152  189  273.30240  163.32763  40.2%  50.6   46s
H 1508  1334                     273.2319000  163.32763  40.2%  50.6   46s
  2686  3035  163.32763  370  227  273.23190  163.32763  40.2%  37.4   50s

Cutting planes:
  Gomory: 1
  Implied bound: 68
  MIR: 55
  Zero half: 4
  RLT: 16
  Relax-and-lift: 105

Explored 4734 nodes (232497 simplex iterations) in 60.10 seconds (117.41 work units)
Thread count was 16 (of 16 available processors)

Solution count 10: 273.232 273.302 273.485 ... 289.897

Time limit reached
Best objective 2.732318999999e+02, best bound 1.633276333333e+02, gap 40.2238%

User-callback calls 18961, time in user-callback 0.06 sec
