
Gurobi 10.0.1 (win64) logging started Sun Sep 21 16:28:13 2025

Set parameter LogFile to value "log_group_6/bound_Expr378_s5_l1051_s11_e12_o20_d40_t60_s13_1_1_1_1.log"
Gurobi Optimizer version 10.0.1 build v10.0.1rc0 (win64)

CPU model: Intel(R) Core(TM) i7-10700 CPU @ 2.90GHz, instruction set [SSE2|AVX|AVX2]
Thread count: 8 physical cores, 16 logical processors, using up to 16 threads

Optimize a model with 159215 rows, 155310 columns and 2235290 nonzeros
Model fingerprint: 0x381aae31
Variable types: 310 continuous, 155000 integer (155000 binary)
Coefficient statistics:
  Matrix range     [1e+00, 9e+02]
  Objective range  [1e+00, 1e+00]
  Bounds range     [1e+00, 1e+03]
  RHS range        [1e+00, 9e+02]
Presolve removed 158603 rows and 154844 columns
Presolve time: 1.07s
Presolved: 612 rows, 466 columns, 7891 nonzeros
Variable types: 58 continuous, 408 integer (403 binary)
Found heuristic solution: objective 323.8594000

Root relaxation: objective 1.039658e+02, 253 iterations, 0.00 seconds (0.01 work units)

    Nodes    |    Current Node    |     Objective Bounds      |     Work
 Expl Unexpl |  Obj  Depth IntInf | Incumbent    BestBd   Gap | It/Node Time

     0     0  103.96583    0   52  323.85940  103.96583  67.9%     -    1s
H    0     0                     270.3111000  103.96583  61.5%     -    1s
H    0     0                     258.2840000  103.96583  59.7%     -    1s
     0     0  103.96633    0   66  258.28400  103.96633  59.7%     -    1s
H    0     0                     215.4823000  103.96633  51.8%     -    1s
H    0     0                     205.9199000  103.96633  49.5%     -    1s
     0     0  104.15817    0   22  205.91990  104.15817  49.4%     -    1s
H    0     0                     178.7302000  104.15817  41.7%     -    1s
     0     0  105.81098    0   22  178.73020  105.81098  40.8%     -    1s
     0     0  105.81098    0   16  178.73020  105.81098  40.8%     -    1s
H    0     0                     137.5410000  105.81098  23.1%     -    1s
H    0     0                     134.4211000  105.81098  21.3%     -    1s
H    0     0                     130.8395000  105.81098  19.1%     -    1s
     0     0  107.60967    0   22  130.83950  107.60967  17.8%     -    1s
     0     0  108.48935    0   20  130.83950  108.48935  17.1%     -    1s
     0     0  108.58605    0   21  130.83950  108.58605  17.0%     -    1s
     0     0  108.66164    0   20  130.83950  108.66164  17.0%     -    1s
H    0     0                     128.5415000  108.66164  15.5%     -    1s
H    0     0                     128.4830000  108.66164  15.4%     -    1s
H    0     0                     121.8209000  108.66164  10.8%     -    1s
     0     0  109.00064    0   23  121.82090  109.00064  10.5%     -    1s
     0     0  109.03515    0   22  121.82090  109.03515  10.5%     -    1s
     0     0  111.02441    0   24  121.82090  111.02441  8.86%     -    1s
     0     0  117.28146    0   19  121.82090  117.28146  3.73%     -    1s
     0     0  118.50754    0   17  121.82090  118.50754  2.72%     -    1s
     0     0  118.51923    0   12  121.82090  118.51923  2.71%     -    1s
     0     0  118.51923    0   12  121.82090  118.51923  2.71%     -    1s
     0     0  118.73847    0   15  121.82090  118.73847  2.53%     -    1s
     0     0  118.73847    0   15  121.82090  118.73847  2.53%     -    1s
     0     0  118.73847    0   15  121.82090  118.73847  2.53%     -    1s
     0     0  118.73847    0   13  121.82090  118.73847  2.53%     -    1s
     0     0  118.73847    0   11  121.82090  118.73847  2.53%     -    1s
     0     0  118.73847    0   13  121.82090  118.73847  2.53%     -    1s
     0     0  118.78739    0   11  121.82090  118.78739  2.49%     -    1s
     0     0  118.78739    0   14  121.82090  118.78739  2.49%     -    1s
     0     0  118.86443    0   14  121.82090  118.86443  2.43%     -    1s
     0     0  118.86443    0   14  121.82090  118.86443  2.43%     -    1s
     0     0  118.90171    0   16  121.82090  118.90171  2.40%     -    1s
     0     0  118.97314    0   19  121.82090  118.97314  2.34%     -    1s
     0     0  118.98708    0   19  121.82090  118.98708  2.33%     -    1s
     0     0  119.02676    0   17  121.82090  119.02676  2.29%     -    1s
     0     0  119.02685    0   21  121.82090  119.02685  2.29%     -    1s
     0     0  119.19766    0   16  121.82090  119.19766  2.15%     -    1s
     0     0  119.19766    0   15  121.82090  119.19766  2.15%     -    1s
     0     0  119.19766    0   18  121.82090  119.19766  2.15%     -    1s
     0     0  119.19766    0   14  121.82090  119.19766  2.15%     -    1s
     0     0  121.63752    0   11  121.82090  121.63752  0.15%     -    1s
     0     0     cutoff    0       121.82090  121.82090  0.00%     -    1s

Cutting planes:
  Implied bound: 2
  MIR: 7
  Relax-and-lift: 1

Explored 1 nodes (1520 simplex iterations) in 1.52 seconds (4.39 work units)
Thread count was 16 (of 16 available processors)

Solution count 10: 121.821 128.483 128.541 ... 258.284

Optimal solution found (tolerance 1.00e-04)
Best objective 1.218209000000e+02, best bound 1.218209000000e+02, gap 0.0000%

User-callback calls 1850, time in user-callback 0.00 sec
