
Gurobi 10.0.1 (win64) logging started Sun Sep 21 02:53:03 2025

Set parameter LogFile to value "log_group_6/bound_Expr157_s5_l1051_s11_e12_o20_d40_t7200_s17_1_0_0_0.log"
Gurobi Optimizer version 10.0.1 build v10.0.1rc0 (win64)

CPU model: Intel(R) Core(TM) i7-10700 CPU @ 2.90GHz, instruction set [SSE2|AVX|AVX2]
Thread count: 8 physical cores, 16 logical processors, using up to 16 threads

Optimize a model with 171070 rows, 170310 columns and 1696620 nonzeros
Model fingerprint: 0x1ba443e3
Variable types: 310 continuous, 170000 integer (170000 binary)
Coefficient statistics:
  Matrix range     [1e+00, 8e+02]
  Objective range  [1e+00, 1e+00]
  Bounds range     [1e+00, 1e+03]
  RHS range        [1e+00, 8e+02]
Presolve removed 164053 rows and 163793 columns
Presolve time: 1.21s
Presolved: 7017 rows, 6517 columns, 47217 nonzeros
Variable types: 270 continuous, 6247 integer (6240 binary)

Root relaxation: objective 0.000000e+00, 5432 iterations, 0.34 seconds (0.68 work units)

    Nodes    |    Current Node    |     Objective Bounds      |     Work
 Expl Unexpl |  Obj  Depth IntInf | Incumbent    BestBd   Gap | It/Node Time

     0     0    0.00000    0  123          -    0.00000      -     -    2s
H    0     0                    1332.3311000    0.00000   100%     -    2s
H    0     0                    1199.6603667    0.00000   100%     -    2s
     0     0    0.00000    0  264 1199.66037    0.00000   100%     -    2s
H    0     0                    1113.8519667    0.00000   100%     -    2s
H    0     0                    1021.4637667    0.00000   100%     -    2s
     0     0    0.00000    0  191 1021.46377    0.00000   100%     -    2s
H    0     0                     641.8942667    0.00000   100%     -    3s
H    0     0                     470.9661667    0.00000   100%     -    3s
     0     0    0.00000    0   73  470.96617    0.00000   100%     -    4s
H    0     0                     419.5086333    0.00000   100%     -    4s
     0     0    0.00000    0  101  419.50863    0.00000   100%     -    4s
H    0     0                     382.3608000    0.00000   100%     -    5s
     0     0    0.00000    0   71  382.36080    0.00000   100%     -    5s
H    0     0                     381.3608000    0.00000   100%     -    5s
H    0     0                     375.0992667    0.00000   100%     -    5s
H    0     0                     297.0182667    0.00000   100%     -    5s
     0     0    0.00000    0  103  297.01827    0.00000   100%     -    5s
     0     0    0.00000    0   63  297.01827    0.00000   100%     -    6s
H    0     0                     293.6418667    0.00000   100%     -    6s
H    0     0                     232.1118667    0.00000   100%     -    6s
     0     0    0.00000    0  115  232.11187    0.00000   100%     -    6s
H    0     0                     186.5588667    0.00000   100%     -    7s
H    0     0                     186.5441667    0.00000   100%     -    7s
     0     0    0.00000    0   69  186.54417    0.00000   100%     -    7s
H    0     0                     185.7910000    0.00000   100%     -    8s
H    0     0                     185.6590000    0.00000   100%     -    8s
     0     0    0.00000    0   69  185.65900    0.00000   100%     -    8s
     0     2    0.00000    0   69  185.65900    0.00000   100%     -    9s
     6     5    0.00000    3  191  185.65900    0.00000   100%   731   10s
H   30    17                     179.1234000    0.00000   100%   398   11s
H   32    17                     162.0845000    0.00000   100%   387   11s
H   63    27                     134.4771000    0.00000   100%   469   11s
   145    33   82.86755   17  315  134.47710    7.79017  94.2%   526   15s
  1458   327  128.85190   76   21  134.47710  120.72424  10.2%   108   20s

Cutting planes:
  Gomory: 1
  Implied bound: 409
  MIR: 54
  Flow cover: 1
  Zero half: 7
  RLT: 23
  Relax-and-lift: 424

Explored 7509 nodes (239140 simplex iterations) in 24.47 seconds (48.13 work units)
Thread count was 16 (of 16 available processors)

Solution count 10: 134.477 162.084 179.123 ... 297.018

Optimal solution found (tolerance 1.00e-04)
Best objective 1.344771000000e+02, best bound 1.344771000000e+02, gap 0.0000%

User-callback calls 18684, time in user-callback 0.03 sec
