
Gurobi 10.0.1 (win64) logging started Sun Sep 21 07:32:35 2025

Set parameter LogFile to value "log_group_6/bound_Expr215_s7_l1051_s11_e12_o40_d80_t7200_s35_1_1_1_0.log"
Gurobi Optimizer version 10.0.1 build v10.0.1rc0 (win64)

CPU model: Intel(R) Core(TM) i7-10700 CPU @ 2.90GHz, instruction set [SSE2|AVX|AVX2]
Thread count: 8 physical cores, 16 logical processors, using up to 16 threads

Optimize a model with 672678 rows, 658470 columns and 9030916 nonzeros
Model fingerprint: 0x0dee068e
Variable types: 470 continuous, 658000 integer (658000 binary)
Coefficient statistics:
  Matrix range     [1e+00, 9e+02]
  Objective range  [1e+00, 1e+00]
  Bounds range     [1e+00, 1e+03]
  RHS range        [1e+00, 9e+02]
Presolve removed 667052 rows and 653239 columns (presolve time = 6s) ...
Presolve removed 666859 rows and 653046 columns
Presolve time: 6.30s
Presolved: 5819 rows, 5424 columns, 31501 nonzeros
Variable types: 231 continuous, 5193 integer (5193 binary)

Root simplex log...

Iteration    Objective       Primal Inf.    Dual Inf.      Time
       0    7.3029600e+01   9.920000e+02   0.000000e+00      7s
    5100    7.3029600e+01   0.000000e+00   0.000000e+00      8s

Root relaxation: objective 7.302960e+01, 5100 iterations, 0.33 seconds (0.69 work units)

    Nodes    |    Current Node    |     Objective Bounds      |     Work
 Expl Unexpl |  Obj  Depth IntInf | Incumbent    BestBd   Gap | It/Node Time

     0     0   73.02960    0  146          -   73.02960      -     -    8s
H    0     0                    2139.0261667   73.02960  96.6%     -    8s
     0     0   73.02960    0  298 2139.02617   73.02960  96.6%     -    8s
H    0     0                    2045.9640000   73.02960  96.4%     -    8s
H    0     0                    1797.9229000   73.02960  95.9%     -    8s
H    0     0                    1780.9603667   73.02960  95.9%     -    8s
H    0     0                    1362.8694333   73.33316  94.6%     -    9s
H    0     0                    1319.2535333   73.33316  94.4%     -    9s
H    0     0                    1030.2704000   73.33316  92.9%     -    9s
     0     0   73.33316    0  392 1030.27040   73.33316  92.9%     -   10s
H    0     0                     893.4350333   73.33316  91.8%     -   10s
     0     0   73.33316    0  392  893.43503   73.33316  91.8%     -   10s
     0     0   73.38119    0  421  893.43503   73.38119  91.8%     -   10s
     0     0   73.38119    0  418  893.43503   73.38119  91.8%     -   10s
     0     0   73.42320    0  425  893.43503   73.42320  91.8%     -   11s
H    0     0                     724.4386000   73.42320  89.9%     -   11s
     0     0   73.42320    0  418  724.43860   73.42320  89.9%     -   11s
     0     0   73.45338    0  425  724.43860   73.45338  89.9%     -   11s
H    0     0                     707.7326667   73.45338  89.6%     -   12s
     0     0   73.45338    0  410  707.73267   73.45338  89.6%     -   12s
     0     0   73.49635    0  427  707.73267   73.49635  89.6%     -   12s
H    0     0                     688.5532000   73.49635  89.3%     -   12s
H    0     0                     638.7952667   73.49635  88.5%     -   12s
     0     0   73.49635    0  419  638.79527   73.49635  88.5%     -   12s
H    0     0                     572.1105667   73.49635  87.2%     -   13s
     0     0   73.53082    0  431  572.11057   73.53082  87.1%     -   13s
H    0     0                     548.2544667   73.53082  86.6%     -   13s
     0     0   73.53082    0  430  548.25447   73.53082  86.6%     -   13s
H    0     0                     465.8812333   73.53082  84.2%     -   13s
H    0     0                     411.6794000   73.63881  82.1%     -   13s
     0     0   73.63881    0  426  411.67940   73.63881  82.1%     -   14s
     0     0   73.63881    0  417  411.67940   73.63881  82.1%     -   14s
     0     0   73.76262    0  421  411.67940   73.76262  82.1%     -   14s
     0     0   73.76262    0  413  411.67940   73.76262  82.1%     -   14s
H    0     0                     397.8108667   73.79953  81.4%     -   14s
     0     0   73.79953    0  421  397.81087   73.79953  81.4%     -   15s
     0     0   76.13578    0  412  397.81087   76.13578  80.9%     -   15s
     0     0   79.23105    0  316  397.81087   79.23105  80.1%     -   15s
     0     0   79.23105    0  302  397.81087   79.23105  80.1%     -   15s
     0     0   83.51688    0  290  397.81087   83.51688  79.0%     -   16s
H    0     0                     372.6183659   85.61010  77.0%     -   16s
     0     0   85.61010    0  314  372.61837   85.61010  77.0%     -   17s
     0     0   85.61010    0  308  372.61837   85.61010  77.0%     -   17s
     0     0   89.92760    0  237  372.61837   89.92760  75.9%     -   17s
     0     0   89.92760    0  239  372.61837   89.92760  75.9%     -   19s
     0     0  110.73344    0  221  372.61837  110.73344  70.3%     -   19s
H    0     0                     372.2461667  110.73344  70.3%     -   20s
     0     0  110.73344    0  220  372.24617  110.73344  70.3%     -   20s
     0     0  113.99335    0  289  372.24617  113.99335  69.4%     -   20s
     0     0  127.04408    0  307  372.24617  127.04408  65.9%     -   20s
     0     0  127.04408    0  307  372.24617  127.04408  65.9%     -   20s
     0     0  127.32084    0  343  372.24617  127.32084  65.8%     -   20s
     0     0  128.26433    0  256  372.24617  128.26433  65.5%     -   21s
     0     0  141.94964    0  324  372.24617  141.94964  61.9%     -   21s
     0     0  141.94964    0  325  372.24617  141.94964  61.9%     -   21s
     0     0  146.82405    0  345  372.24617  146.82405  60.6%     -   21s
     0     0  146.82405    0  338  372.24617  146.82405  60.6%     -   21s
     0     0  149.11939    0  355  372.24617  149.11939  59.9%     -   22s
     0     0  149.11939    0  357  372.24617  149.11939  59.9%     -   22s
     0     0  160.55730    0  358  372.24617  160.55730  56.9%     -   22s
     0     0  160.55984    0  356  372.24617  160.55984  56.9%     -   23s
     0     0  166.15731    0  322  372.24617  166.15731  55.4%     -   23s
     0     0  166.15731    0  322  372.24617  166.15731  55.4%     -   23s
     0     0  169.62908    0  316  372.24617  169.62908  54.4%     -   24s
     0     0  169.62908    0  313  372.24617  169.62908  54.4%     -   24s
     0     0  169.79351    0  233  372.24617  169.79351  54.4%     -   24s
     0     0  169.81671    0  233  372.24617  169.81671  54.4%     -   24s
     0     0  171.08514    0  350  372.24617  171.08514  54.0%     -   24s
H    0     0                     344.3889000  171.21476  50.3%     -   24s
     0     0  171.21476    0  381  344.38890  171.21476  50.3%     -   25s
     0     0  171.21476    0  377  344.38890  171.21476  50.3%     -   25s
     0     0  177.27319    0  248  344.38890  177.27319  48.5%     -   25s
     0     0  177.27319    0  230  344.38890  177.27319  48.5%     -   25s
     0     0  182.24834    0  313  344.38890  182.24834  47.1%     -   25s
H    0     0                     344.0004000  182.24834  47.0%     -   26s
     0     0  182.24834    0  306  344.00040  182.24834  47.0%     -   26s
     0     0  187.12732    0  411  344.00040  187.12732  45.6%     -   26s
     0     0  187.12732    0  409  344.00040  187.12732  45.6%     -   26s
     0     0  189.87790    0  240  344.00040  189.87790  44.8%     -   27s
     0     0  189.87790    0  236  344.00040  189.87790  44.8%     -   27s
     0     0  190.57265    0  240  344.00040  190.57265  44.6%     -   27s
H    0     0                     342.7150000  190.57265  44.4%     -   27s
     0     0  190.57265    0  231  342.71500  190.57265  44.4%     -   27s
H    0     0                     316.5029770  190.57265  39.8%     -   28s
     0     1  190.57265    0  215  316.50298  190.57265  39.8%     -   28s
H   31    14                     316.1769000  210.82772  33.3%   328   29s
H   31    14                     311.5414667  210.82772  32.3%   328   29s
H   32    14                     311.0649000  211.70583  31.9%   321   29s
H   34    14                     305.4729000  214.01811  29.9%   308   29s
    38    15     cutoff   10       305.47290  214.01811  29.9%   336   30s
H   63    20                     304.1959000  214.01811  29.6%   265   30s
H 1503   782                     303.7984667  259.52670  14.6%  24.1   36s
  1511   787  295.42781   62  275  303.79847  259.52670  14.6%  24.0   40s
  1523   796  303.17814   53  231  303.79847  267.51844  11.9%  35.8   46s
  1532   802  282.71970   38  121  303.79847  271.30355  10.7%  35.5   50s
  1552   817  286.55514   31  101  303.79847  275.73261  9.24%  43.3   55s
H 1553   776                     300.0920000  275.73261  8.12%  43.2   55s
H 1553   737                     299.0880000  275.73261  7.81%  43.2   55s
  1641   801  277.32616   47   85  299.08800  276.98721  7.39%  34.0   60s
H 1642   763                     299.0807495  276.98721  7.39%  34.0   60s
H 2438  1064                     299.0807494  276.98721  7.39%  30.9   61s
  5923  3354  281.70990   74   70  299.08075  277.78391  7.12%  25.5   65s
 14608  8597  293.85420  106  231  299.08075  278.41735  6.91%  20.2   72s
 14735  8684  281.07918   58   91  299.08075  279.77241  6.46%  20.6   75s
H14745  8249                     299.0597123  279.79655  6.44%  20.6   75s
H15338  8061                     299.0597122  280.01449  6.37%  20.6   76s
 23598 10127     cutoff  121       299.05971  280.47050  6.22%  19.1   80s
 29139 11175  290.61963   88   81  299.05971  282.17685  5.65%  18.7   85s
 29715 11463  282.35969  101   37  299.05971  282.21640  5.63%  19.3   90s
 37778 13299  291.16272   90   26  299.05971  282.33130  5.59%  19.5   95s
 43614 14444  291.43500   99   66  299.05971  282.85879  5.42%  19.2  100s
 47252 15365  288.33130  103   27  299.05971  282.85879  5.42%  20.2  105s
 59946 18441  287.78072  112   32  299.05971  283.44260  5.22%  20.3  110s
 74017 20792  289.17623  113  231  299.05971  284.21940  4.96%  21.2  129s
 74020 20794  297.36013  123   83  299.05971  284.21940  4.96%  21.2  130s
 74033 20803  295.19391  125  112  299.05971  284.21940  4.96%  21.2  135s
 74046 20811  294.72740  124  124  299.05971  287.42241  3.89%  21.2  140s
 74058 20819  291.51638   98   89  299.05971  291.51638  2.52%  21.2  145s
 74083 20837  295.00556  115   92  299.05971  291.70580  2.46%  21.4  150s
 74103 20850  295.36719  118   95  299.05971  291.83555  2.42%  21.4  155s
 74125 20865  292.21533   99  106  299.05971  292.21533  2.29%  21.4  160s
 74155 20886  293.56016  121   57  299.05971  292.59390  2.16%  21.5  165s

Cutting planes:
  Gomory: 8
  Cover: 2
  Implied bound: 6
  Projected implied bound: 1
  MIR: 42
  StrongCG: 2
  Flow cover: 78
  GUB cover: 1
  Zero half: 1
  RLT: 2
  Relax-and-lift: 12

Explored 74183 nodes (1679202 simplex iterations) in 171.33 seconds (210.86 work units)
Thread count was 16 (of 16 available processors)

Solution count 10: 299.06 299.081 299.088 ... 316.177

Optimal solution found (tolerance 1.00e-04)
Best objective 2.990597122115e+02, best bound 2.990597122115e+02, gap 0.0000%

User-callback calls 190419, time in user-callback 0.26 sec
