
Gurobi 12.0.1 (win64) logging started Sun Sep 21 15:21:09 2025

Set parameter LogFile to value "log_group_6/bound_Expr134_s10_l1051_s11_e12_o100_d200_t7200_s64_1_1_1_1.log"
Gurobi Optimizer version 12.0.1 build v12.0.1rc0 (win64 - Windows Server 2022.0 (20348.2))

CPU model: Intel(R) Xeon(R) Gold 6336Y CPU @ 2.40GHz, instruction set [SSE2|AVX|AVX2|AVX512]
Thread count: 48 physical cores, 96 logical processors, using up to 32 threads

Non-default parameters:
TimeLimit  7200

Optimize a model with 3316822 rows, 3250800 columns and 40988980 nonzeros
Model fingerprint: 0x00b29e9c
Variable types: 800 continuous, 3250000 integer (3250000 binary)
Coefficient statistics:
  Matrix range     [1e+00, 9e+02]
  Objective range  [1e+00, 1e+00]
  Bounds range     [1e+00, 1e+03]
  RHS range        [1e+00, 9e+02]
Presolve removed 100 rows and 100 columns (presolve time = 6s)...
Presolve removed 100 rows and 100 columns (presolve time = 10s)...
Presolve removed 3255020 rows and 3191100 columns
Presolve time: 14.32s
Presolved: 61802 rows, 59700 columns, 640440 nonzeros
Variable types: 700 continuous, 59000 integer (59000 binary)
Found heuristic solution: objective 12523.588200
Performing another presolve...
Presolve removed 19672 rows and 19050 columns
Presolve time: 1.30s
Deterministic concurrent LP optimizer: primal and dual simplex
Showing primal log only...


Root simplex log...

Iteration    Objective       Primal Inf.    Dual Inf.      Time
       0   -6.8834000e+04   2.442527e+03   1.061548e+08     23s
    6809    7.5166000e+04   0.000000e+00   9.920000e+02     24s
    8365    3.7448557e+02   0.000000e+00   0.000000e+00     25s
Concurrent spin time: 0.00s

Solved with primal simplex

Root relaxation: objective 3.744856e+02, 8365 iterations, 1.79 seconds (2.20 work units)
Total elapsed time = 24.84s (DegenMoves)
Total elapsed time = 27.94s (DegenMoves)

    Nodes    |    Current Node    |     Objective Bounds      |     Work
 Expl Unexpl |  Obj  Depth IntInf | Incumbent    BestBd   Gap | It/Node Time

     0     0  374.48557    0  286 12523.5882  374.48557  97.0%     -   28s
H    0     0                    12430.958633  374.48557  97.0%     -   35s
H    0     0                    12395.341367  374.48557  97.0%     -   38s
H    0     0                    12201.795400  374.48557  96.9%     -   41s
H    0     0                    12060.876667  374.48557  96.9%     -   42s
H    0     0                    11890.960700  374.48557  96.9%     -   42s
     0     0  374.48557    0  258 11890.9607  374.48557  96.9%     -   43s
H    0     0                    11490.381600  374.48557  96.7%     -   49s
H    0     0                    10494.166108  374.48557  96.4%     -   53s
H    0     0                    9433.3671000  374.48557  96.0%     -   53s
H    0     0                    9195.2151000  374.48557  95.9%     -   54s
H    0     0                    8493.8665667  374.48557  95.6%     -   57s
H    0     0                    8087.7059333  374.48557  95.4%     -   58s
H    0     0                    5864.3756667  374.48557  93.6%     -   60s
H    0     0                    5585.6257667  374.48557  93.3%     -   60s
H    0     0                    5495.0414667  374.48557  93.2%     -   62s
H    0     0                    5467.4687000  374.48557  93.2%     -   62s
H    0     0                    5448.1188333  374.48557  93.1%     -   62s
H    0     0                    5448.0624333  374.48557  93.1%     -   62s
H    0     0                    5325.4153667  374.48557  93.0%     -   63s
H    0     0                    5323.7705667  374.48557  93.0%     -   64s
H    0     0                    5223.5400667  374.48557  92.8%     -   64s
H    0     0                    5187.9175000  374.48557  92.8%     -   64s
H    0     0                    5108.5677333  374.48557  92.7%     -   64s
     0     0  374.48557    0  243 5108.56773  374.48557  92.7%     -   65s
     0     0  374.48557    0  250 5108.56773  374.48557  92.7%     -   76s
     0     0  374.48557    0  243 5108.56773  374.48557  92.7%     -   76s
     0     0  374.48557    0  254 5108.56773  374.48557  92.7%     -   84s
     0     0  374.48557    0  250 5108.56773  374.48557  92.7%     -   85s
     0     0  374.48557    0  221 5108.56773  374.48557  92.7%     -   94s
     0     0  374.48557    0  292 5108.56773  374.48557  92.7%     -   94s
     0     0  374.48557    0  284 5108.56773  374.48557  92.7%     -  109s
     0     0  374.48557    0  315 5108.56773  374.48557  92.7%     -  112s
     0     0  374.48557    0  390 5108.56773  374.48557  92.7%     -  127s
     0     0  374.48557    0  390 5108.56773  374.48557  92.7%     -  138s
     0     2  374.48557    0  248 5108.56773  374.48557  92.7%     -  192s
     3     8  374.48557    2  305 5108.56773  374.48557  92.7% 10930  215s
    15    30  374.48557    4  288 5108.56773  374.48557  92.7%  4603  238s
H   29    60                    4344.6431000  374.48557  91.4%  6260  256s
    59    92  374.48557    6  334 4344.64310  374.48557  91.4%  4008  292s
H   91   128                    3685.3910333  374.48557  89.8%  3998  320s
H   92   128                    3557.6059667  374.48557  89.5%  3981  320s
H   93   128                    3446.3483333  374.48557  89.1%  3955  320s
H   95   128                    3290.3685333  374.48557  88.6%  3897  320s
H  118   128                    3081.7961000  374.48557  87.8%  3368  320s
   127   288  374.48557    8  321 3081.79610  374.48557  87.8%  3240  330s
   287   441  374.48557   11  317 3081.79610  374.48557  87.8%  1564  339s
   440   555  496.10443   13  306 3081.79610  374.48557  87.8%  1095  345s
   554   662  374.48557   15  319 3081.79610  374.48557  87.8%   918  350s
   661   762  374.48557   16  321 3081.79610  374.48557  87.8%   799  355s
   843   937  374.48557   19  324 3081.79610  374.48557  87.8%   666  365s
   936  1030  374.48557   20  305 3081.79610  374.48557  87.8%   618  372s
  1029  1137  377.96823   22  295 3081.79610  374.48557  87.8%   578  377s
H 1136  1172                    2402.6613000  374.48557  84.4%   542  382s
H 1137  1172                    2363.6715000  374.48557  84.2%   542  382s
H 1138  1172                    2257.7556000  374.48557  83.4%   542  382s
H 1139  1172                    2230.3836000  374.48557  83.2%   542  382s
H 1140  1172                    2228.3797000  374.48557  83.2%   542  382s
H 1143  1172                    2201.9887667  374.48557  83.0%   541  382s
H 1146  1172                    2190.8331000  374.48557  82.9%   540  382s
H 1148  1172                    2154.4100000  374.48557  82.6%   539  382s
  1171  1286  374.48557   24  301 2154.41000  374.48557  82.6%   532  388s
  1285  1400  374.48557   27  306 2154.41000  374.48557  82.6%   501  394s
  1401  1508  374.48557   31  306 2154.41000  374.48557  82.6%   475  399s
H 1413  1508                    2150.1470667  374.48557  82.6%   472  399s
H 1494  1508                    2129.1685333  374.48557  82.4%   455  400s
  1509  1630  374.48557   32  308 2129.16853  374.48557  82.4%   451  405s
  1633  1769  374.48557   34  316 2129.16853  374.48557  82.4%   430  412s
  1773  1894  374.48557   36  310 2129.16853  374.48557  82.4%   410  417s
  1902  2015  452.99663   39  297 2129.16853  374.48557  82.4%   395  425s
  2029  2157  374.48557   41  317 2129.16853  374.48557  82.4%   383  431s
  2173  2317  374.48557   46  318 2129.16853  374.48557  82.4%   372  437s
H 2337  2343                    2049.9845333  374.48557  81.7%   358  450s
H 2338  2314                    1931.5585667  374.48557  80.6%   358  450s
  2369  2448  374.48557   53  303 1931.55857  374.48557  80.6%   356  457s
  2534  2472  374.84148   59  398 1931.55857  374.48557  80.6%   349  488s
  2565  2575  374.84148   60  396 1931.55857  374.48557  80.6%   425  511s
  2676  2700  374.84148   64  390 1931.55857  374.48557  80.6%   432  526s
  2808  2816  374.84148   66  390 1931.55857  374.48557  80.6%   430  542s
  2932  2943  375.00666   68  394 1931.55857  374.48557  80.6%   428  559s
  3070  3091  375.06019   71  400 1931.55857  374.48557  80.6%   426  575s
  3228  3104  380.74651   75  266 1931.55857  374.48557  80.6%   423  611s
  3247  3140  452.02759   75  245 1931.55857  374.48557  80.6%   487  640s
  3290  3156  381.03933   76  299 1931.55857  374.48557  80.6%   528  664s
H 3292  3155                    1898.2855667  374.48557  80.3%   531  665s
H 3307  3154                    1893.5285667  374.48557  80.2%   541  665s
  3312  3170  385.60368   76  261 1893.52857  374.48557  80.2%   544  685s
H 3314  3164                    1881.7671667  374.48557  80.1%   546  685s
H 3323  3162                    1858.8719333  374.48557  79.9%   559  685s
H 3332  3161                    1856.0916000  374.48557  79.8%   564  686s
  3334  3228  383.01065   77  278 1856.09160  374.48557  79.8%   565  705s
  3407  3246  387.60263   78  310 1856.09160  374.48557  79.8%   591  735s
  3429  3271  387.60263   79  314 1856.09160  374.48557  79.8%   638  756s
H 3436  3255                    1800.7317000  374.48557  79.2%   649  756s
H 3442  3253                    1780.8433547  374.48557  79.0%   651  757s
H 3456  3250                    1759.9408000  374.48557  78.7%   660  795s
  3457  3251  601.06768  127 20025 1759.94080  374.48557  78.7%   660 1038s
H 3458  3089                    1695.2120000  374.48557  77.9%   660 1116s
H 3458  2934                    1672.1906000  374.48557  77.6%   660 1118s
H 3458  2788                    1660.4015000  374.48557  77.4%   660 1118s
H 3458  2648                    1655.1444000  374.48557  77.4%   660 1123s
H 3458  2516                    1643.4874000  374.48557  77.2%   660 1124s
H 3458  2390                    1643.4873993  374.48557  77.2%   660 1130s
H 3458  2270                    1643.4873950  374.48557  77.2%   660 1133s
H 3458  2157                    1643.4873940  374.48557  77.2%   660 1135s
  3459  2157  713.03157   87  255 1643.48739  374.48557  77.2%   659 1156s
  3460  2158  640.02747   68  435 1643.48739  383.31959  76.7%   659 1255s
H 3460  2050                    1640.3901990  429.35507  73.8%   659 1264s
H 3460  1947                    1640.3767000  429.35507  73.8%   659 1264s
H 3460  1850                    1586.4016667  429.35507  72.9%   659 1264s
H 3460  1757                    1583.3854667  429.35507  72.9%   659 1274s
  3462  1758  509.72687   65  572 1583.38547  462.01915  70.8%   659 1284s
  3463  1759  837.57740   75  521 1583.38547  462.01915  70.8%   659 1285s
  3464  1760  616.57473   67  522 1583.38547  462.01915  70.8%   658 1293s
  3465  1760  513.59823   66  636 1583.38547  476.55481  69.9%   658 1302s
  3467  1762  646.01618   82  640 1583.38547  476.55489  69.9%   658 1305s
H 3467  1674                    1582.7127667  476.57688  69.9%   658 1315s
H 3468  1590                    1441.5353000  492.95754  65.8%   658 1324s
H 3468  1510                    1381.2585667  492.95754  64.3%   658 1325s
H 3468  1435                    1374.8586667  492.95754  64.1%   658 1328s
  3470  1437  715.66100   78  586 1374.85867  493.21210  64.1%   657 1330s
  3472  1438  695.82963   55  586 1374.85867  493.22880  64.1%   657 1339s
  3473  1439  713.03157   61  635 1374.85867  503.39416  63.4%   657 1350s
  3475  1440  632.63365  100  636 1374.85867  503.42922  63.4%   656 1360s
H 3475  1367                    1316.4261667  512.83706  61.0%   656 1370s
H 3475  1299                    1267.7465000  512.83706  59.5%   656 1372s
H 3475  1233                    1258.5201667  512.83706  59.3%   656 1373s
H 3475  1171                    1257.5039000  512.83706  59.2%   656 1373s
  3477  1172  837.57740   98  586 1257.50390  512.84447  59.2%   656 1376s
  3478  1173  512.84455   17  588 1257.50390  512.84455  59.2%   656 1384s
  3479  1174  521.06320   76  651 1257.50390  521.06320  58.6%   656 1398s
  3480  1174  619.47673   58  653 1257.50390  521.78964  58.5%   655 1401s
  3482  1176  713.03157   95  653 1257.50390  521.80520  58.5%   655 1411s
  3483  1176  585.51373   20  566 1257.50390  528.60098  58.0%   655 1424s
  3484  1177  528.60318   62  572 1257.50390  528.60318  58.0%   655 1426s
  3486  1178  929.40447   91  577 1257.50390  528.61863  58.0%   654 1437s
H 3486  1119                    1236.2749667  535.91956  56.7%   654 1458s
H 3486  1063                    1234.0386260  535.91956  56.6%   654 1460s
H 3486  1009                    1234.0313667  535.91956  56.6%   654 1462s
H 3486   958                    1213.9569667  535.91956  55.9%   654 1463s
H 3486   909                    1202.2709667  535.91956  55.4%   654 1465s
H 3486   863                    1104.0355667  535.91956  51.5%   654 1469s
H 3486   820                    1103.8723667  535.91956  51.5%   654 1484s
  3487   821  619.47673   94  639 1103.87237  535.91956  51.5%   654 1502s
  3489   822  591.91473   26  643 1103.87237  535.91956  51.5%   654 1513s
H 3489   780                    1103.5285667  543.98847  50.7%   654 1539s
H 3489   741                    1102.8173667  543.98847  50.7%   654 1546s
H 3489   703                    1092.9708667  543.98847  50.2%   654 1546s
H 3489   667                    1091.7566667  543.98847  50.2%   654 1546s
H 3489   633                    1044.2846667  543.98847  47.9%   654 1550s
H 3489   601                    1043.5722667  543.98847  47.9%   654 1558s
H 3489   570                    1041.5681333  543.98847  47.8%   654 1561s
H 3489   541                    1011.6451667  543.98847  46.2%   654 1561s
  3491   543  543.98847   81  607 1011.64517  543.98847  46.2%   653 1565s
  3493   544  616.32243   25  613 1011.64517  543.98847  46.2%   653 1577s
  3494   545  837.42147   36  643 1011.64517  551.36945  45.5%   653 1599s
  3495   545  658.14837   86  652 1011.64517  551.50902  45.5%   653 1601s
  3497   547  715.80690   24  660 1011.64517  551.59322  45.5%   652 1605s
  3498   547  591.91473   44  663 1011.64517  551.59322  45.5%   652 1616s
  3499   548  886.47007   47  653 1011.64517  556.98409  44.9%   652 1624s
  3500   549 1011.64517  119  656 1011.64517  556.98409  44.9%   652 1626s
  3501   549  591.91473   81  655 1011.64517  556.98409  44.9%   651 1637s
  3502   550 1011.64517   78  645 1011.64517  560.58839  44.6%   651 1646s
  3504   551  934.66333   16  652 1011.64517  560.84267  44.6%   651 1659s
  3505   552  564.44323   90  656 1011.64517  564.44323  44.2%   651 1673s
  3506   553  564.44323   50  644 1011.64517  564.44323  44.2%   651 1675s
  3507   553  837.42147    7  640 1011.64517  564.44323  44.2%   650 1686s
  3508   554  670.68467   10  631 1011.64517  569.07502  43.7%   650 1692s
  3509   555  929.40447   80  634 1011.64517  569.37431  43.7%   650 1695s
  3511   556  623.29897   50  650 1011.64517  569.38808  43.7%   650 1709s
  3512   557 1011.64517   20  615 1011.64517  572.35579  43.4%   649 1717s
  3514   558  699.82763   73  611 1011.64517  572.40161  43.4%   649 1731s
  3515   559  670.68467   27  665 1011.64517  575.49577  43.1%   649 1740s
  3518   561  929.40447   63  672 1011.64517  575.49818  43.1%   648 1754s
  3519   561  578.19210   75  647 1011.64517  578.19210  42.8%   648 1766s
  3521   563  635.08090   15  666 1011.64517  578.25926  42.8%   648 1771s
  3522   563  578.26024   17  666 1011.64517  578.26024  42.8%   648 1781s
  3523   564  580.83551   84  643 1011.64517  580.83551  42.6%   647 1788s
  3524   565  838.12888  104  654 1011.64517  580.87213  42.6%   647 1790s
  3525   565  695.82963   27  648 1011.64517  580.87213  42.6%   647 1801s
  3526   566  843.53223   29  651 1011.64517  584.68929  42.2%   647 1812s
  3528   567  584.68929    9  650 1011.64517  584.68929  42.2%   646 1824s
  3529   568  811.12267   83  655 1011.64517  586.96970  42.0%   646 1831s
H 3530   540                    1007.3249333  586.97933  41.7%   646 1844s
H 3531   511                    1002.9415333  588.68931  41.3%   646 1848s
  3532   512  713.03157   43  654 1002.94153  588.70672  41.3%   646 1859s
H 3532   485                     965.3045333  588.70891  39.0%   646 1861s
H 3532   460                     960.0951333  588.70891  38.7%   646 1861s
H 3533   437                     943.9531667  588.70911  37.6%   646 1880s
H 3534   413                     941.8586667  591.43252  37.2%   645 1906s
H 3534   391                     937.3852667  591.43252  36.9%   645 1912s
H 3534   371                     934.1494667  591.43252  36.7%   645 1912s
H 3534   351                     932.3245667  591.43252  36.6%   645 1912s
H 3534   332                     931.4839667  591.43252  36.5%   645 1922s
H 3534   314                     929.0887667  591.43252  36.3%   645 1922s
H 3534   297                     929.0527667  591.43252  36.3%   645 1927s
H 3534   281                     927.0734667  591.43252  36.2%   645 1927s
H 3534   265                     927.0644667  591.43252  36.2%   645 1929s
  3536   267  640.02747   33  644  927.06447  591.50208  36.2%   645 1933s
  3537   267  927.06447  124  652  927.06447  591.50208  36.2%   645 1947s
  3538   268  593.44142   58  667  927.06447  593.44142  36.0%   645 1997s
  3539   269  695.82963   83  662  927.06447  593.53139  36.0%   644 2000s
  3540   269  886.47007   33  675  927.06447  593.53211  36.0%   644 2021s
  3541   270  927.06447   22  652  927.06447  596.18490  35.7%   644 2039s
  3542   271  596.18937   79  644  927.06447  596.18937  35.7%   644 2042s
  3543   271  596.18937   70  654  927.06447  596.18937  35.7%   644 2062s
  3544   272  927.06447  125  642  927.06447  597.60879  35.5%   644 2075s
  3545   273  927.06447   80  657  927.06447  597.96500  35.5%   643 2081s
  3547   274  597.96724   15  646  927.06447  597.96724  35.5%   643 2102s
  3548   275  598.48833   61  657  927.06447  598.48833  35.4%   643 2109s
  3549   275  927.06447   20  649  927.06447  599.43461  35.3%   643 2112s
  3551   277  623.29897   77  634  927.06447  599.47808  35.3%   642 2125s
  3553   278  927.06447   50  686  927.06447  601.10752  35.2%   642 2132s
  3555   279  640.63530   12  660  927.06447  601.12201  35.2%   642 2145s
  3556   280  880.32100   15  654  927.06447  601.40403  35.1%   641 2150s
  3558   281  602.78932   69  636  927.06447  602.78932  35.0%   641 2155s
  3559   282  713.03157   87  647  927.06447  602.78939  35.0%   641 2166s
H 3559   267                     900.0866667  603.09918  33.0%   641 2174s
H 3559   251                     899.3214667  603.09918  32.9%   641 2174s
  3560   252  640.02747   68  657  899.32147  603.09918  32.9%   641 2180s
  3562   253  603.33474   65  631  899.32147  603.33474  32.9%   640 2186s
  3563   254  837.57740   75  633  899.32147  603.33582  32.9%   640 2197s
H 3563   240                     889.9419667  603.90412  32.1%   640 2247s
H 3563   226                     888.7991667  603.90412  32.1%   640 2248s
H 3563   213                     883.0743667  603.90412  31.6%   640 2252s
H 3563   201                     881.2424667  603.90412  31.5%   640 2252s
H 3563   189                     875.0295667  603.90412  31.0%   640 2252s
  3564   189  616.57473   67  671  875.02957  603.90412  31.0%   640 2255s
  3565   190  604.15292   66  668  875.02957  604.15292  31.0%   640 2263s
  3566   191  729.54717    9  679  875.02957  604.15773  31.0%   640 2267s
  3567   191  646.01618   82  675  875.02957  604.15904  31.0%   639 2292s
H 3567   179                     847.6667000  604.31417  28.7%   639 2364s
H 3567   169                     841.5089000  604.31417  28.2%   639 2364s
  3568   170  619.47673   46  653  841.50890  604.31417  28.2%   639 2368s
  3569   171  604.50208   43  646  841.50890  604.50208  28.2%   639 2371s
  3571   172  604.60013   50  650  841.50890  604.60013  28.2%   639 2386s
  3572   173  695.82963   55  661  841.50890  604.92620  28.1%   638 2391s
  3573   173  713.03157   61  655  841.50890  605.37851  28.1%   638 2395s
  3574   174  607.60430   46  673  841.50890  605.38027  28.1%   638 2408s
H 3574   163                     839.2150000  606.09761  27.8%   638 2424s
H 3574   153                     837.0722000  606.09761  27.6%   638 2432s
  3575   154  632.63365  100  666  837.07220  606.09761  27.6%   638 2455s
  3576   154  606.60890   63  678  837.07220  606.60890  27.5%   638 2460s
  3578   156  606.62931   17  686  837.07220  606.62931  27.5%   637 2475s
  3579   156  607.38077   76  670  837.07220  607.38077  27.4%   637 2482s
  3580   157  619.47673   58  661  837.07220  607.96306  27.4%   637 2486s
  3581   158  837.07220   60  671  837.07220  608.03304  27.4%   637 2490s
  3582   158  713.03157   95  672  837.07220  608.03459  27.4%   637 2503s
  3583   159  609.06799   20  674  837.07220  609.06799  27.2%   637 2511s
  3584   160  609.28414   62  647  837.07220  609.28414  27.2%   636 2516s
  3586   161  837.07220   91  672  837.07220  609.28815  27.2%   636 2529s
H 3586   151                     827.9732000  609.71464  26.4%   636 2562s
H 3586   141                     823.7365000  609.71464  26.0%   636 2578s
H 3586   132                     819.1135333  609.71464  25.6%   636 2578s
  3587   133  619.47673   94  666  819.11353  609.71464  25.6%   636 2586s
  3589   134  609.78936   26  661  819.11353  609.78936  25.6%   635 2592s
  3590   135  609.79502   76  675  819.11353  609.79502  25.6%   635 2595s
  3591   135  609.79530   81  672  819.11353  609.79530  25.6%   635 2605s
  3592   136  619.47673   53  664  819.11353  609.96524  25.5%   635 2616s
  3593   137  616.32243   25  648  819.11353  609.96551  25.5%   635 2629s
  3594   137  819.11353   36  664  819.11353  610.05856  25.5%   635 2636s
  3595   138  658.14837   86  675  819.11353  610.05921  25.5%   634 2646s
  3596   139  819.11353   28  638  819.11353  610.08833  25.5%   634 2651s
  3598   140  610.09370   44  673  819.11353  610.09370  25.5%   634 2664s
  3599   141  819.11353   47  667  819.11353  610.18087  25.5%   634 2673s
  3600   141  819.11353  119  681  819.11353  610.18154  25.5%   634 2684s
  3601   142  610.19603   81  685  819.11353  610.19603  25.5%   633 2687s
  3603   143  610.20287   11  668  819.11353  610.20287  25.5%   633 2691s
  3604   144  819.11353   16  671  819.11353  610.20287  25.5%   633 2702s
  3605   145  610.79735   90  657  819.11353  610.79735  25.4%   633 2712s
  3606   145  610.79752   50  660  819.11353  610.79752  25.4%   632 2724s
  3607   146  819.11353    7  670  819.11353  610.84875  25.4%   632 2727s
  3609   147  819.11353   80  673  819.11353  610.84965  25.4%   632 2740s
H 3609   137                     808.8590667  611.58440  24.4%   632 2788s
H 3609   127                     808.8140667  611.58440  24.4%   632 2788s
  3610   128  808.81407   72  681  808.81407  611.58440  24.4%   632 2792s
  3611   129  623.29897   50  678  808.81407  611.58440  24.4%   632 2803s
  3612   129  808.81407   20  680  808.81407  611.62295  24.4%   631 2807s
  3614   131  699.82763   73  687  808.81407  611.62665  24.4%   631 2828s
  3615   131  670.68467   27  671  808.81407  612.61419  24.3%   631 2840s
  3616   132  808.81407   44  668  808.81407  612.61652  24.3%   631 2847s
  3617   133  612.61652   30  671  808.81407  612.61652  24.3%   631 2867s
  3618   133  808.81407   63  672  808.81407  613.09493  24.2%   630 2874s
  3619   134  613.09493   75  680  808.81407  613.09493  24.2%   630 2894s
  3620   135  613.09493   48  672  808.81407  613.09493  24.2%   630 2901s
  3621   135  635.08090   15  681  808.81407  613.09662  24.2%   630 2906s
  3622   136  613.09682   17  684  808.81407  613.09682  24.2%   630 2922s
  3623   137  613.11128   84  682  808.81407  613.11128  24.2%   630 2926s
  3624   137  808.81407  104  694  808.81407  613.11155  24.2%   629 2937s
  3625   138  695.82963   27  693  808.81407  613.11750  24.2%   629 2941s
  3626   139  808.81407   29  695  808.81407  613.11761  24.2%   629 2952s
  3627   139  613.12100   46  683  808.81407  613.12100  24.2%   629 2955s
  3630   143  670.68467   58 20025  808.81407  613.12100  24.2%   676 3191s
H 3631   136                     808.8140644  613.12100  24.2%   675 3361s
H 3632   129                     803.5782667  613.12112  23.7%   675 3415s
H 3632   123                     799.3415667  613.12112  23.3%   675 3416s
H 3632   117                     797.2080667  613.12112  23.1%   675 3416s
H 3632   111                     797.0682667  613.12112  23.1%   675 3416s
H 3632   105                     796.8992333  613.12112  23.1%   675 3416s
  3633   106  796.89923  110  510  796.89923  613.12112  23.1%   675 3489s
  3634   107  613.12112   52  603  796.89923  613.12112  23.1%   675 3502s
  3635   107  686.50697   45  649  796.89923  613.12112  23.1%   675 3507s
  3637   109  796.89923  124  652  796.89923  613.12112  23.1%   674 3510s
H 3638   103                     796.8992310  613.12112  23.1%   674 3512s
  3639   104  695.82963   83  667  796.89923  613.12112  23.1%   674 3524s
  3640   105  796.89923   33  688  796.89923  613.17894  23.1%   674 3537s
  3641   105  796.89923   22  685  796.89923  613.18000  23.1%   673 3540s
  3642   106  613.18000   79  683  796.89923  613.18000  23.1%   673 3556s
  3643   107  613.41935   70  667  796.89923  613.41935  23.0%   673 3599s
  3644   107  796.89923  125  650  796.89923  613.43210  23.0%   673 3601s
  3645   108  796.89923   80  654  796.89923  613.43215  23.0%   673 3612s
  3646   109  796.89923   99  678  796.89923  613.56060  23.0%   673 3618s
  3647   109  613.56070   15  673  796.89923  613.56070  23.0%   672 3630s
  3648   110  613.65286   61  678  796.89923  613.65286  23.0%   672 3635s
  3650   111  796.89923   80  677  796.89923  613.65810  23.0%   672 3648s
  3651   112  623.29897   77  681  796.89923  613.66313  23.0%   672 3654s
  3652   113  613.69580   93  681  796.89923  613.69580  23.0%   671 3656s
  3653   113  796.89923   50  687  796.89923  613.69580  23.0%   671 3667s
  3654   114  682.75717   82  689  796.89923  613.70505  23.0%   671 3682s
  3656   115  796.89923   15  684  796.89923  613.71371  23.0%   671 3686s
  3657   116  613.71371  127  684  796.89923  613.71371  23.0%   671 3697s
  3658   117  613.79106   69  684  796.89923  613.79106  23.0%   670 3712s
  3659   117  713.03157   87  680  796.89923  613.79107  23.0%   670 3725s
  3660   118  640.02747   68  669  796.89923  613.82336  23.0%   670 3792s
  3661   119  796.89923  113  670  796.89923  613.82337  23.0%   670 3809s
  3662   119  613.82945   65  684  796.89923  613.82945  23.0%   670 3820s
  3663   120  796.89923   75  680  796.89923  613.82945  23.0%   669 3832s
  3664   121  616.57473   67  681  796.89923  613.83468  23.0%   669 3835s
  3665   121  613.83468   66  676  796.89923  613.83468  23.0%   669 3847s
  3666   122  729.54717    9  682  796.89923  613.83942  23.0%   669 3856s
  3667   123  646.01618   82  676  796.89923  613.83973  23.0%   669 3869s
  3668   123  619.47673   46  692  796.89923  613.84294  23.0%   669 3876s
  3669   124  613.84294   43  693  796.89923  613.84294  23.0%   668 3888s
  3670   125  715.66100   78  698  796.89923  613.84694  23.0%   668 3891s
  3673   128  713.03157   61 20025  796.89923  613.84694  23.0%   691 4252s
  3675   129  632.63365  100  340  796.89923  613.84694  23.0%   690 4391s
  3676   130  613.84694   63  996  796.89923  613.84694  23.0%   690 4426s
  3677   131  796.89923   98 1072  796.89923  613.84694  23.0%   690 4441s
  3678   131  613.84694   17 1076  796.89923  613.84694  23.0%   690 4480s
  3679   132  613.84694   76 1118  796.89923  613.84694  23.0%   689 4500s
  3680   133  619.47673   58 1139  796.89923  613.84694  23.0%   689 4510s
  3683   135  613.84694   20 1140  796.89923  613.84694  23.0%   689 4528s
  3684   135  614.15468   62 1167  796.89923  614.15468  22.9%   689 4534s
  3685   136  640.02747   23 1167  796.89923  614.15578  22.9%   688 4535s
  3686   137  796.89923   91 1168  796.89923  614.15582  22.9%   688 4543s
  3687   137  619.47673   94 1159  796.89923  614.24389  22.9%   688 4552s
  3688   138  682.90065   82 1170  796.89923  614.25498  22.9%   688 4555s
  3689   139  614.25517   26 1167  796.89923  614.25517  22.9%   688 4564s
  3690   139  614.36209   76 1162  796.89923  614.36209  22.9%   687 4567s
  3692   141  619.47673   53 1155  796.89923  614.36525  22.9%   687 4578s
  3693   141  616.32243   25 1153  796.89923  614.36789  22.9%   687 4582s
  3695   143  658.14837   86 1158  796.89923  614.37119  22.9%   686 4592s
  3696   143  796.89923   28 1155  796.89923  614.37734  22.9%   686 4597s
  3698   145  614.39144   44 1164  796.89923  614.39144  22.9%   686 4614s
  3699   145  796.89923   47 1164  796.89923  614.40602  22.9%   686 4622s
  3700   146  796.89923  119 1161  796.89923  614.41324  22.9%   686 4625s
  3702   147  796.89923   78 1168  796.89923  614.41661  22.9%   685 4646s
  3703   148  614.41661   11 1162  796.89923  614.41661  22.9%   685 4656s
  3704   149  796.89923   16 1157  796.89923  614.41687  22.9%   685 4666s
  3705   149  614.46242   90 1092  796.89923  614.46242  22.9%   685 4672s
  3707   151  796.89923    7 1069  796.89923  614.48075  22.9%   684 4683s
  3708   151  670.68467   10 1077  796.89923  614.48099  22.9%   684 4685s
  3709   152  796.89923   80 1074  796.89923  614.48111  22.9%   684 4695s
  3711   153  623.29897   50 1075  796.89923  614.48123  22.9%   684 4707s
  3715   157  670.68467   27 20270  796.89923  614.48123  22.9%   713 4863s
  3717   158  614.48123   30  325  796.89923  614.48123  22.9%   713 4952s
  3718   159  796.89923   63  560  796.89923  614.48123  22.9%   713 5073s
  3719   160  614.48123   75 1086  796.89923  614.48123  22.9%   713 5098s
  3720   160  614.48123   48 1018  796.89923  614.48123  22.9%   712 5123s
  3721   161  635.08090   15 1015  796.89923  614.48123  22.9%   712 5132s
  3722   162  614.48123   17 1018  796.89923  614.48123  22.9%   712 5137s
  3723   162  614.48123   84 1020  796.89923  614.48123  22.9%   712 5152s
  3724   163  796.89923  104 1032  796.89923  614.48123  22.9%   712 5188s
  3725   164  695.82963   27 1107  796.89923  614.48123  22.9%   712 5194s
  3726   164  796.89923   29 1107  796.89923  614.48123  22.9%   711 5207s
  3727   165  614.61010   46 1105  796.89923  614.61010  22.9%   711 5213s
  3728   166  614.64635    9 1115  796.89923  614.64635  22.9%   711 5215s
  3729   166  796.89923   83 1117  796.89923  614.64636  22.9%   711 5223s
  3730   167  670.68467   58 1108  796.89923  614.76090  22.9%   711 5229s
  3731   168  614.76517   13 1110  796.89923  614.76517  22.9%   710 5231s
  3732   168  713.03157   43 1114  796.89923  614.76529  22.9%   710 5240s
  3733   169  796.89923  110 1110  796.89923  614.76781  22.9%   710 5247s
  3734   170  614.76800   52 1118  796.89923  614.76800  22.9%   710 5256s
  3735   170  686.50697   45 1129  796.89923  614.77052  22.9%   710 5263s
  3736   171  640.02747   33 1117  796.89923  614.77082  22.9%   709 5272s
  3738   172  614.77686   58 1119  796.89923  614.77686  22.9%   709 5283s
  3739   173  695.82963   83 1124  796.89923  614.78916  22.9%   709 5286s
  3740   174  796.89923   33 1120  796.89923  614.78916  22.9%   709 5294s
  3741   174  796.89923   22 1128  796.89923  614.81007  22.8%   708 5299s
  3742   175  614.81011   79 1131  796.89923  614.81011  22.8%   708 5318s
  3743   176  614.81166   70 1121  796.89923  614.81166  22.8%   708 5321s
  3744   176  796.89923  125 1120  796.89923  614.81166  22.8%   708 5339s
  3745   177  796.89923   80 1118  796.89923  614.81200  22.8%   708 5344s
  3746   178  796.89923   99 1121  796.89923  614.81200  22.8%   708 5362s
  3748   179  614.81235   61 1118  796.89923  614.81235  22.8%   707 5365s
  3750   182  796.89923   80 20270  796.89923  614.81235  22.8%   743 5493s
  3752   183  614.81235   93  339  796.89923  614.81235  22.8%   742 5609s
  3753   184  796.89923   50  732  796.89923  614.81235  22.8%   742 5663s
  3754   185  682.75717   82 1058  796.89923  614.81235  22.8%   742 5693s
  3755   185  640.63530   12 1082  796.89923  614.81235  22.8%   742 5710s
  3757   187  614.81235  127 1070  796.89923  614.81235  22.8%   741 5715s
  3758   187  614.81235   69 1073  796.89923  614.81235  22.8%   741 5723s
  3759   188  713.03157   87 1105  796.89923  614.81235  22.8%   741 5728s
  3760   189  640.02747   68 1100  796.89923  614.81235  22.8%   741 5737s
  3761   189  796.89923  113 1103  796.89923  614.81235  22.8%   741 5740s
  3763   191  796.89923   75 1104  796.89923  614.81235  22.8%   740 5750s
  3764   191  616.57473   67 1115  796.89923  614.81235  22.8%   740 5764s
  3765   192  614.81235   66 1109  796.89923  614.81235  22.8%   740 5778s
  3766   193  729.54717    9 1111  796.89923  614.81235  22.8%   740 5798s
  3767   193  646.01618   82 1116  796.89923  614.81235  22.8%   739 5811s
  3769   195  614.81779   43 1115  796.89923  614.81779  22.8%   739 5826s
  3771   196  614.81779   50 1116  796.89923  614.81779  22.8%   739 5836s
  3773   197  713.03157   61 1108  796.89923  614.81779  22.8%   738 5845s
  3775   199  632.63365  100 1088  796.89923  614.81779  22.8%   738 5864s
  3776   199  614.81779   63 1088  796.89923  614.81779  22.8%   738 5877s
  3777   201  614.82925   58 1078  796.89923  614.82473  22.8%   796 5891s
  3779   201  614.82925   59 1078  796.89923  614.82925  22.8%   799 5899s
  3780   201  614.82925   60 1078  796.89923  614.82925  22.8%   798 5910s
  3782   200  614.82956   61 1077  796.89923  614.82956  22.8%   799 5928s
  3784   200  614.82956   62 1075  796.89923  614.82956  22.8%   800 5941s
  3787   199  614.82956   63 1075  796.89923  614.82956  22.8%   803 5957s
  3790   200  614.82956   64 1074  796.89923  614.82956  22.8%   805 5974s
  3793   199  614.82956   65 1074  796.89923  614.82956  22.8%   807 6015s
  3798   199  614.82956   66 1074  796.89923  614.82956  22.8%   809 6021s
  3803   198  614.82956   67 1074  796.89923  614.82956  22.8%   810 6030s
  3809   197  614.82964   68 1074  796.89923  614.82964  22.8%   811 6039s
  3816   198  614.83191   69 1075  796.89923  614.83186  22.8%   811 6044s
  3825   196  614.83200   70 1078  796.89923  614.83191  22.8%   813 6051s
  3837   200  614.83438   71 1073  796.89923  614.83438  22.8%   819 6060s
  3849   225  614.83438   72 1073  796.89923  614.83438  22.8%   820 6073s
  3910   252     cutoff   74       796.89923  614.89358  22.8%   827 6084s
  3975   230     cutoff   77       796.89923  614.92909  22.8%   841 6085s
  3990   290     cutoff   81       796.89923  614.92909  22.8%   845 6112s
  4077   364  740.00415   83  944  796.89923  614.92925  22.8%   839 6123s
  4207   424  740.00623   84  944  796.89923  614.93249  22.8%   823 6131s
  4338   493  740.02799   89  884  796.89923  614.93249  22.8%   805 6146s
  4481   607  740.02860   94  884  796.89923  614.93249  22.8%   782 6154s
  4626   762  740.02860   99  884  796.89923  614.93249  22.8%   758 6168s
  4799   919  740.02860  105  885  796.89923  614.93249  22.8%   732 6187s
  4978   956  740.26364  110  864  796.89923  614.93249  22.8%   708 6216s
  5048   983  740.26446  111  836  796.89923  614.93249  22.8%   706 6241s
  5077   998  768.80272  111  855  796.89923  614.93249  22.8%   704 6279s
  5119  1018  736.44618   88  910  796.89923  614.93249  22.8%   708 6295s
  5152  1068  740.26882  112  817  796.89923  614.93249  22.8%   713 6309s
  5240  1158  740.50513  120  717  796.89923  614.93249  22.8%   709 6323s
  5354  1208  740.52338  126  615  796.89923  614.93249  22.8%   706 6344s
  5413  1336  741.55487  125  611  796.89923  614.93249  22.8%   706 6352s
  5562  1391  740.54624  127  575  796.89923  614.93249  22.8%   697 6369s
  5649  1515  741.79179  126  572  796.89923  614.93249  22.8%   707 6383s
  5793  1746  740.55360  128  542  796.89923  614.93249  22.8%   704 6395s
  6044  2048  740.60639  135  519  796.89923  614.93249  22.8%   686 6402s
  6390  2447  740.87607  144  556  796.89923  614.93249  22.8%   656 6409s
  6830  3001  740.88526  149  543  796.89923  614.93249  22.8%   619 6417s
  7405  3630  740.89581  169  376  796.89923  614.93249  22.8%   575 6422s
  8048  4209  740.89735  189  354  796.89923  614.93249  22.8%   530 6430s
  8649  4739  741.24011  207  352  796.89923  614.93249  22.8%   496 6436s
  9212  5306  741.24011  225  353  796.89923  614.93249  22.8%   468 6441s
  9813  5866  741.38486  246  348  796.89923  614.93249  22.8%   442 6446s
 10449  6359  741.38486  267  313  796.89923  614.93249  22.8%   417 6451s
 11014  6792     cutoff  269       796.89923  614.93249  22.8%   399 6458s
 11555  7310  743.44027  273  313  796.89923  614.93249  22.8%   385 6471s
 12125  7943  744.78450  284  297  796.89923  614.93249  22.8%   370 6482s
 12839  8532  744.98267  304  288  796.89923  614.93249  22.8%   352 6496s
 13562  9338  746.72826  321  267  796.89923  614.93249  22.8%   336 6510s
 14458  9998  746.80878  348  268  796.89923  614.93249  22.8%   317 6534s
 15297 10708  746.97436  382  273  796.89923  614.93249  22.8%   303 6551s
 16201 11455  748.62020  406  273  796.89923  614.93748  22.8%   289 6579s
 17126 12136  748.68114  441  263  796.89923  614.93748  22.8%   276 6599s
 17979 12948  751.30077  485  264  796.89923  614.93748  22.8%   266 6611s
 19068 13816  757.80306  506  257  796.89923  614.94363  22.8%   255 6625s
 20183 14820  763.46973  542  247  796.89923  614.94363  22.8%   243 6638s
 21471 15698  767.64126  576  238  796.89923  614.94363  22.8%   231 6652s
 22660 16606  780.78338  583  247  796.89923  614.94363  22.8%   222 6665s
 23759 17861     cutoff  623       796.89923  614.94363  22.8%   215 6675s
 25180 18848  658.17343  106  960  796.89923  614.94363  22.8%   204 6683s
 26363 20051  658.31927  107  879  796.89923  614.94363  22.8%   197 6694s
 27785 21428  659.09434  116  555  796.89923  614.94363  22.8%   189 6709s
 29378 24099  659.22761  126  356  796.89923  614.94363  22.8%   181 6949s
 32532 25588  669.82478  172  272  796.89923  614.94675  22.8%   166 6957s
 34188 25674  664.76468  202  223  796.89923  614.94675  22.8%   160 6992s
 34286 27193  765.36583  199  212  796.89923  614.94675  22.8%   159 7005s
 35950 28967  668.26401  236  219  796.89923  614.94675  22.8%   153 7013s
 37856 30592  672.44296  270  230  796.89923  614.94675  22.8%   147 7022s
 39590 32457  683.32480  284  213  796.89923  614.94675  22.8%   141 7040s
 41615 34173  684.28868  316  230  796.89923  614.94675  22.8%   135 7064s
 42441 34173  796.64837 1206  209  796.89923  614.95254  22.8%   133 7065s
 43543 36113  696.55372  340  225  796.89923  614.95254  22.8%   130 7093s
 45621 38301  698.09299  390  229  796.89923  614.95254  22.8%   125 7125s
 47977 40409  789.32373  424  226  796.89923  614.95254  22.8%   119 7146s
 50252 42560  710.11960  457  227  796.89923  614.95254  22.8%   115 7164s
 52595 44608  723.35724  509  225  796.89923  614.95254  22.8%   110 7185s
 54849 47118  723.77222  566  225  796.89923  614.95254  22.8%   107 7200s

Cutting planes:
  Gomory: 9
  Cover: 1
  Implied bound: 149
  Projected implied bound: 19
  MIR: 140
  Flow cover: 136
  Zero half: 41
  RLT: 10
  Relax-and-lift: 5234

Explored 57522 nodes (5888524 simplex iterations) in 7204.27 seconds (6815.13 work units)
Thread count was 32 (of 96 available processors)

Solution count 10: 796.899 796.899 797.068 ... 819.114

Time limit reached
Warning: max constraint violation (2.3033e-06) exceeds tolerance
Best objective 7.968992310291e+02, best bound 6.149525448392e+02, gap 22.8318%

User-callback calls 819436, time in user-callback 2.43 sec
