
Gurobi 12.0.1 (win64) logging started Sun Sep 21 08:14:22 2025

Set parameter LogFile to value "log_group_6/bound_Expr124_s10_l1051_s11_e12_o80_d160_t7200_s54_1_1_1_1.log"
Gurobi Optimizer version 12.0.1 build v12.0.1rc0 (win64 - Windows Server 2022.0 (20348.2))

CPU model: Intel(R) Xeon(R) Gold 6336Y CPU @ 2.40GHz, instruction set [SSE2|AVX|AVX2|AVX512]
Thread count: 48 physical cores, 96 logical processors, using up to 32 threads

Non-default parameters:
TimeLimit  7200

Optimize a model with 3143662 rows, 3080740 columns and 40452480 nonzeros
Model fingerprint: 0xbabf6bf4
Variable types: 740 continuous, 3080000 integer (3080000 binary)
Coefficient statistics:
  Matrix range     [1e+00, 9e+02]
  Objective range  [1e+00, 1e+00]
  Bounds range     [1e+00, 1e+03]
  RHS range        [1e+00, 9e+02]
Presolve removed 80 rows and 80 columns (presolve time = 6s)...
Presolve removed 80 rows and 80 columns (presolve time = 10s)...
Presolve removed 3096880 rows and 3036080 columns
Presolve time: 14.25s
Presolved: 46782 rows, 44660 columns, 495380 nonzeros
Variable types: 660 continuous, 44000 integer (44000 binary)
Found heuristic solution: objective 8868.2130000
Performing another presolve...
Presolve removed 19922 rows and 19280 columns
Presolve time: 0.86s
Deterministic concurrent LP optimizer: primal and dual simplex
Showing primal log only...


Root simplex log...

Iteration    Objective       Primal Inf.    Dual Inf.      Time
       0   -5.4997000e+04   2.070428e+03   9.066506e+07     23s
    6373    6.0203000e+04   0.000000e+00   6.800000e+02     24s
    7733    2.9626100e+02   0.000000e+00   0.000000e+00     24s
Concurrent spin time: 0.00s

Solved with primal simplex

Root relaxation: objective 2.962610e+02, 7733 iterations, 1.45 seconds (1.62 work units)
Total elapsed time = 24.22s (DegenMoves)
Total elapsed time = 26.51s (DegenMoves)

    Nodes    |    Current Node    |     Objective Bounds      |     Work
 Expl Unexpl |  Obj  Depth IntInf | Incumbent    BestBd   Gap | It/Node Time

     0     0  296.26100    0  222 8868.21300  296.26100  96.7%     -   28s
H    0     0                    7430.7860333  296.26100  96.0%     -   31s
H    0     0                    7387.7618333  296.26100  96.0%     -   32s
H    0     0                    7137.0042667  296.26100  95.8%     -   34s
H    0     0                    7013.1907667  296.26100  95.8%     -   35s
H    0     0                    6903.6021000  296.26100  95.7%     -   37s
H    0     0                    6669.7177667  296.26100  95.6%     -   37s
H    0     0                    6643.2759667  296.26100  95.5%     -   37s
H    0     0                    6474.6002000  296.26100  95.4%     -   37s
H    0     0                    5804.6516000  296.26100  94.9%     -   37s
H    0     0                    5376.2453000  296.26100  94.5%     -   37s
H    0     0                    5376.2405000  296.26100  94.5%     -   37s
H    0     0                    5304.7065000  296.26100  94.4%     -   41s
H    0     0                    5176.1936000  296.26100  94.3%     -   41s
     0     0  296.26100    0  216 5176.19360  296.26100  94.3%     -   41s
H    0     0                    5101.5578000  296.26100  94.2%     -   45s
H    0     0                    4671.6122667  296.26100  93.7%     -   46s
H    0     0                    4461.5893333  296.26100  93.4%     -   47s
H    0     0                    4256.6151333  296.26100  93.0%     -   47s
H    0     0                    3951.9818333  296.26100  92.5%     -   49s
H    0     0                    3848.8899000  296.26100  92.3%     -   49s
H    0     0                    3810.0211333  296.26100  92.2%     -   50s
H    0     0                    3806.9036667  296.26100  92.2%     -   50s
H    0     0                    3798.4466667  296.26100  92.2%     -   50s
H    0     0                    3773.3666333  296.26100  92.1%     -   51s
H    0     0                    3116.8475667  296.26100  90.5%     -   51s
H    0     0                    2953.5467333  296.26100  90.0%     -   51s
     0     0  296.26100    0  219 2953.54673  296.26100  90.0%     -   51s
H    0     0                    2949.4806667  296.26100  90.0%     -   53s
H    0     0                    2941.5502667  296.26100  89.9%     -   53s
H    0     0                    2924.4802000  296.26100  89.9%     -   58s
     0     0  296.26100    0  221 2924.48020  296.26100  89.9%     -   59s
     0     0  296.26100    0  239 2924.48020  296.26100  89.9%     -   59s
     0     0  296.26100    0  209 2924.48020  296.26100  89.9%     -   66s
     0     0  296.26100    0  341 2924.48020  296.26100  89.9%     -   67s
     0     0  296.26100    0  198 2924.48020  296.26100  89.9%     -   78s
     0     0  296.26100    0  225 2924.48020  296.26100  89.9%     -   78s
H    0     0                    2923.6698449  296.26100  89.9%     -   88s
H    0     0                    2885.5881667  296.26100  89.7%     -   88s
H    0     0                    2758.7685667  296.26100  89.3%     -   88s
H    0     0                    2693.8725333  296.26100  89.0%     -   88s
     0     0  296.26100    0  209 2693.87253  296.26100  89.0%     -   88s
     0     0  296.26100    0  170 2693.87253  296.26100  89.0%     -   93s
     0     2  296.26100    0  170 2693.87253  296.26100  89.0%     -  103s
     3     8  296.26100    2  384 2693.87253  296.26100  89.0%  3516  106s
     7    16  296.26100    3  271 2693.87253  296.26100  89.0%  2452  113s
    15    32  296.26100    4  267 2693.87253  296.26100  89.0%  2571  124s
    31    64  296.26100    5  338 2693.87253  296.26100  89.0%  3371  161s
    63    96  296.56103    6  370 2693.87253  296.26100  89.0%  3178  187s
H   69    96                    2630.7894667  296.26100  88.7%  3334  187s
H   81    96                    2476.6056333  296.26100  88.0%  3710  187s
H   86    96                    2389.8786000  296.26100  87.6%  3761  187s
H   95   244                    1634.7750667  296.26100  81.9%  3929  248s
H  115   244                    1605.5079333  296.26100  81.5%  3263  248s
H  123   244                    1376.7662667  296.26100  78.5%  3054  248s
H  138   244                    1334.1312667  296.26100  77.8%  2729  248s
   251   355  296.59806   12  343 1334.13127  296.26100  77.8%  1579  258s
   387   385  297.89843   17  409 1334.13127  296.26100  77.8%  1147  266s
H  412   385                    1297.8752333  296.26100  77.2%  1240  266s
H  413   385                    1273.5132333  296.26100  76.7%  1240  266s
   419   450  297.89843   18  408 1273.51323  296.26100  76.7%  1259  275s
   516   476  305.35249   23  262 1273.51323  296.26100  76.7%  1195  285s
H  519   476                    1246.0805000  296.26100  76.2%  1198  286s
   554   506 infeasible   23      1246.08050  296.26100  76.2%  1254  297s
   588   536  334.97778   24  293 1246.08050  296.26100  76.2%  1247  303s
H  591   536                    1231.2521000  296.26100  75.9%  1256  303s
H  593   536                    1202.3051000  296.26100  75.4%  1258  303s
H  595   536                    1178.9462000  296.26100  74.9%  1254  303s
   622   638  306.36151   25  350 1178.94620  296.26100  74.9%  1254  310s
   730   669  306.36151   26  350 1178.94620  296.26100  74.9%  1153  319s
   763   712  306.36151   27  351 1178.94620  296.26100  74.9%  1124  322s
H  785   712                    1171.0043667  296.26100  74.7%  1100  322s
   808   816  312.47403   27  326 1171.00437  296.26100  74.7%  1080  332s
   914   975  307.65565   28  310 1171.00437  296.26100  74.7%   970  338s
  1079  1142  309.00737   31  390 1171.00437  296.26100  74.7%   840  345s
  1250  1274  309.09567   32  370 1171.00437  296.26100  74.7%   745  353s
  1394  1415  309.38766   34  370 1171.00437  296.26100  74.7%   699  362s
  1541  1558  309.45636   35  358 1171.00437  296.26100  74.7%   665  372s
H 1625  1558                    1133.0394667  296.26100  73.9%   652  372s
  1684  1747  310.02636   37  319 1133.03947  296.26100  73.9%   635  383s
  1879  1947  310.74645   40  263 1133.03947  296.26100  73.9%   594  392s
  2091  1962  314.73800   42  379 1133.03947  296.26100  73.9%   558  405s
  2130  1975     cutoff   42      1133.03947  299.14133  73.6%   650  426s
  2165  1999  341.00362   43  462 1133.03947  299.14133  73.6%   802  440s
H 2181  1999                    1132.8990667  299.14133  73.6%   874  440s
H 2182  1997                    1093.0583667  299.14133  72.6%   873  440s
H 2185  1902                     914.9971333  299.14133  67.3%   877  440s
  2197  1922  335.87386   43  426  914.99713  299.14133  67.3%   908  462s
H 2198  1912                     900.7873000  299.14133  66.8%   908  462s
H 2201  1863                     851.6710333  299.14133  64.9%   918  462s
H 2207  1838                     815.5216333  299.14133  63.3%   938  462s
H 2214  1789                     751.0226000  299.14133  60.2%   958  462s
  2241  1768  393.49095   44  562  751.02260  301.24619  59.9%   988  482s
  2308  1926  398.45195   44  562  751.02260  301.24619  59.9%  1077  496s
  2505  1936  428.71503   45  574  751.02260  301.24619  59.9%  1041  512s
  2561  2149  431.42700   45  564  751.02260  301.24619  59.9%  1069  528s
  2832  2476  431.43375   46  564  751.02260  301.78164  59.8%  1000  548s
H 3231  2625                     694.6313000  303.17380  56.4%   902  579s
H 3333  2596                     686.6063000  303.17380  55.8%   878  579s
H 3389  2447                     642.0234333  303.17380  52.8%   875  579s
H 3530  2422                     639.8204000  303.17380  52.6%   842  579s
  3659  2319  611.89422   51 12106  639.82040  303.91830  52.5%   815  725s
H 3660  2204                     632.2419000  303.91830  51.9%   814  800s
H 3660  2093                     623.8030000  303.91830  51.3%   814  801s
H 3660  1989                     622.7010000  303.91830  51.2%   814  801s
H 3660  1889                     606.9934000  303.91830  49.9%   814  802s
  3661  1889  441.77286   42  199  606.99340  303.91830  49.9%   814  810s
  3662  1890  604.37490  107  199  606.99340  303.91830  49.9%   814  819s
  3663  1891  463.43201   58  199  606.99340  397.53791  34.5%   814  863s
  3664  1894  397.53791   10  198  606.99340  397.53791  34.5%   828  893s
  3666  1898  397.53791   11  189  606.99340  397.53791  34.5%   828  909s
  3670  1902  397.53791   12  234  606.99340  397.53791  34.5%   827  921s
  3678  1911  397.53791   13  222  606.99340  397.53791  34.5%   827  928s
  3692  1925  397.53791   14  225  606.99340  397.53791  34.5%   826  970s
H 3694  1830                     601.8167333  397.53791  33.9%   825  970s
H 3697  1739                     599.2833000  397.53791  33.7%   825  970s
H 3700  1652                     599.1843667  397.53791  33.7%   824  970s
H 3707  1569                     585.3387333  397.53791  32.1%   823  970s
  3717  1585  397.53791   15  221  585.33873  397.53791  32.1%   824  979s
  3749  1656  397.53791   16  217  585.33873  397.53791  32.1%   823  997s
  3873  1670  397.53791   18  256  585.33873  397.53791  32.1%   805 1006s
  3950  1684  397.53791   20  213  585.33873  397.53791  32.1%   794 1013s
  4024  1705  397.53791   21  228  585.33873  397.53791  32.1%   785 1021s
  4095  1729  397.53791   22  226  585.33873  397.53791  32.1%   777 1027s
  4169  1747  397.53791   23  223  585.33873  397.53791  32.1%   766 1033s
  4241  1762  397.53791   24  223  585.33873  397.53791  32.1%   756 1039s
  4307  1775  397.53791   25  222  585.33873  397.53791  32.1%   747 1045s
  4376  1776  397.53791   26  212  585.33873  397.53791  32.1%   739 1064s
  4419  1792  409.18680   26  269  585.33873  397.53791  32.1%   739 1097s
  4464  1810  397.53791   27  226  585.33873  397.53791  32.1%   739 1107s
  4513  1826  406.35190   27  231  585.33873  397.53791  32.1%   734 1131s
  4574  1842  397.53791   28  223  585.33873  397.53791  32.1%   729 1137s
  4639  1864  397.53791   29  215  585.33873  397.53791  32.1%   723 1160s
  4701  1885  404.96393   29  220  585.33873  397.53791  32.1%   716 1190s
  4772  1884  397.53791   30  207  585.33873  397.53791  32.1%   708 1207s
H 4779  1805                     580.0120333  397.53791  31.5%   708 1207s
H 4786  1729                     579.0120333  397.53791  31.3%   707 1207s
  4806  1757  406.40653   30  219  579.01203  397.53791  31.3%   705 1241s
  4867  1781  397.53791   31  214  579.01203  397.53791  31.3%   703 1251s
  4941  1808  397.53791   32  267  579.01203  397.53791  31.3%   697 1269s
  5023  1829  400.33027   32  225  579.01203  397.53791  31.3%   689 1310s
  5108  1893  397.53791   33  317  579.01203  397.53791  31.3%   682 1320s
  5260  1894  397.53791   34  320  579.01203  397.53791  31.3%   667 1331s
H 5353  1874                     570.5064333  397.53791  30.3%   660 1373s
  5490  1888  397.53791   36  257  570.50643  397.53791  30.3%   648 1408s
  5573  1980  397.53791   37  275  570.50643  397.53791  30.3%   642 1420s
  5774  2037  401.39800   38  231  570.50643  397.53791  30.3%   623 1433s
  5993  2028  397.53791   40  277  570.50643  397.53791  30.3%   605 1471s
  6108  2013  397.53791   41  275  570.50643  397.53791  30.3%   597 1528s
  6143  2024  397.53791   41  269  570.50643  397.53791  30.3%   596 1602s
H 6150  1956                     569.5940328  397.53791  30.2%   595 1602s
H 6180  1904                     567.5295328  397.53791  30.0%   592 1620s
H 6187  1842                     565.4485333  397.53791  29.7%   592 1620s
  6217  1905  400.92100   42  309  565.44853  397.53791  29.7%   590 1661s
  6344  1938  397.53791   44  262  565.44853  397.53791  29.7%   582 1678s
  6486  1981  405.46997   45  281  565.44853  397.53791  29.7%   574 1698s
  6636  1974  397.53791   47  232  565.44853  397.53791  29.7%   564 1719s
  6792  1910  397.53791   49  244  565.44853  397.53791  29.7%   554 1748s
  6952  2061  400.33027   50  247  565.44853  397.53791  29.7%   546 1771s
  7351  2230  409.18680   53  245  565.44853  397.53791  29.7%   523 1802s
  7673  2378  397.53791   55  213  565.44853  397.53791  29.7%   506 1825s
  7879  2761  406.01687   56  235  565.44853  397.53791  29.7%   496 1852s
  8478  3181  397.53791   60  211  565.44853  397.53791  29.7%   467 1881s
  9144  3616  397.53791   63  237  565.44853  397.53791  29.7%   439 1913s
  9879  4085  397.53791   66  211  565.44853  397.53791  29.7%   411 1939s
 10675  4222  397.53791   68  209  565.44853  397.53791  29.7%   384 1962s
 10888  4858  397.53791   70  202  565.44853  397.53791  29.7%   380 1996s
 11926  5475  397.53791   75  204  565.44853  397.53791  29.7%   351 2031s
 12855  6299  397.53791   79  206  565.44853  397.53791  29.7%   330 2064s
 14017  6501  413.22393   84  222  565.44853  397.53791  29.7%   307 2094s
 14297  7691  397.53791   87  197  565.44853  397.53791  29.7%   303 2137s
 15793  9000  397.53791   93  197  565.44853  397.53791  29.7%   279 2174s
 17432 10411  397.53791   98  210  565.44853  397.53791  29.7%   257 2212s
 19181 11800  397.53791  103  206  565.44853  397.53791  29.7%   237 2248s
 20924 11821  397.53791  109  231  565.44853  397.53791  29.7%   220 2299s
 20963 11832  397.53791  109  247  565.44853  397.53791  29.7%   220 2360s
H20998 11828                     565.2979333  397.53791  29.7%   220 2360s
 21010 12006  397.53791  110  234  565.29793  397.53791  29.7%   220 2381s
 21266 12204  402.01990  112  230  565.29793  397.53791  29.7%   218 2399s
 21565 13515  397.53791  115  216  565.29793  397.53791  29.7%   216 2442s
 23318 13729  397.53791  119  218  565.29793  397.53791  29.7%   203 2470s
H23361 13729                     565.2973659  397.53791  29.7%   203 2470s
 23584 15822  397.53791  122  206  565.29737  397.53791  29.7%   202 2514s
 26007 16352  397.53791  133  219  565.29737  397.53791  29.7%   186 2543s
 26652 18563  397.53791  138  205  565.29737  397.53791  29.7%   183 2589s
 29235 19165  397.53791  143  202  565.29737  397.53791  29.7%   169 2891s
 30032 22423  397.53791  150  200  565.29737  397.53791  29.7%   167 2981s
 34113 24353  397.53791  168  200  565.29737  397.53791  29.7%   155 3026s
 36324 26854  397.53791  180  205  565.29737  397.53791  29.7%   149 3067s
 39143 27787  397.53791  187  192  565.29737  397.53791  29.7%   141 3089s
 40387 29831  397.53791  191  215  565.29737  397.53791  29.7%   139 3125s
 42711 31702  397.53791  194  214  565.29737  397.53791  29.7%   134 3158s
 45037 32731  397.53791  201  194  565.29737  397.53791  29.7%   129 3182s
 46373 34981  397.53791  204  193  565.29737  397.53791  29.7%   127 3220s
 49049 36325  397.53791  208  192  565.29737  397.53791  29.7%   123 3249s
 50722 39048  397.53791  209  197  565.29737  397.53791  29.7%   121 3291s
 53774 40166  397.53791  218  201  565.29737  397.53791  29.7%   116 3318s
 55178 42953  397.53791  225  201  565.29737  397.53791  29.7%   115 3360s
 58255 42954  502.25127 1829 12013  565.29737  397.53791  29.7%   111 4470s
 58257 42955  484.14977  530  283  565.29737  397.53791  29.7%   111 4504s
 58258 42956  467.75722  713  398  565.29737  397.53791  29.7%   111 4527s
 58259 42957  450.64844  884  335  565.29737  397.53791  29.7%   111 4542s
 58260 42957  448.24200 1080  343  565.29737  397.53791  29.7%   111 4638s
 58261 42958  495.23563 1100  378  565.29737  397.53791  29.7%   111 4667s
 58262 42959  465.43504  536  659  565.29737  397.53791  29.7%   111 4673s
 58263 42959  463.98070  332  701  565.29737  397.53791  29.7%   111 4678s
 58264 42960  484.14977 1067  641  565.29737  397.53791  29.7%   111 4685s
 58266 42961  508.26030 1856  572  565.29737  397.53791  29.7%   111 4719s
 58267 42962  449.63895  190  593  565.29737  397.53791  29.7%   111 4726s
 58268 42963  450.76644  267  653  565.29737  397.53791  29.7%   111 4762s
 58269 42963  496.65781  569  806  565.29737  397.53791  29.7%   111 4773s
 58270 42964  473.78554  991  984  565.29737  397.53791  29.7%   111 4818s
 58271 42965  503.33933 1839  707  565.29737  397.53791  29.7%   111 4833s
 58272 42965  486.99560 1990  652  565.29737  397.53791  29.7%   111 4838s
 58273 42966  453.63611  116  596  565.29737  397.53791  29.7%   111 4840s
 58274 42967  457.07946  699  597  565.29737  397.53791  29.7%   111 4879s
 58275 42967  531.14044 1248  624  565.29737  397.53791  29.7%   111 4919s
 58276 42968  489.49709  711  632  565.29737  397.53791  29.7%   111 4922s
 58277 42969  556.18657   76  533  565.29737  397.53791  29.7%   111 4952s
 58278 42969  500.52056  569  583  565.29737  397.53791  29.7%   111 4961s
 58279 42970  499.56604  162  646  565.29737  397.53791  29.7%   111 4992s
 58280 42971  487.75427  564  656  565.29737  397.53791  29.7%   111 5000s
 58281 42971  522.62957  314  593  565.29737  397.53791  29.7%   111 5032s
 58282 42972  496.65781  301  344  565.29737  397.53791  29.7%   111 5126s
 58283 42973  484.01589  644  406  565.29737  397.53791  29.7%   111 5171s
 58284 42973  498.55366  251  531  565.29737  397.53791  29.7%   111 5180s
 58285 42974  497.98209  411  629  565.29737  397.53791  29.7%   111 5195s
 58286 42975  471.26490 2674  637  565.29737  397.53791  29.7%   111 5202s
 58287 42975  485.49727 1277  648  565.29737  397.53791  29.7%   111 5235s
 58288 42976  486.99560 1735  635  565.29737  397.53791  29.7%   111 5244s
 58289 42977  465.43504  935  520  565.29737  397.53791  29.7%   111 5245s
 58290 42977  484.14977  195  537  565.29737  397.53791  29.7%   111 5272s
 58291 42978  487.75427  609  735  565.29737  397.53791  29.7%   111 5301s
 58292 42979  446.37535  246  599  565.29737  397.53791  29.7%   111 5305s
 58293 42979  486.91048  537  532  565.29737  397.53791  29.7%   111 5331s
 58294 42980  484.01589  787  859  565.29737  397.53791  29.7%   111 5340s
 58295 42981  471.26490 1702  841  565.29737  397.53791  29.7%   111 5370s
 58296 42981  465.43504 1641  914  565.29737  397.53791  29.7%   111 5376s
 58298 42983  556.92662 1244  904  565.29737  397.53791  29.7%   111 5411s
 58299 42983  476.68099 1162  876  565.29737  397.53791  29.7%   111 5421s
 58300 42984  485.49727 1432  924  565.29737  397.53791  29.7%   111 5430s
 58301 42985  486.99560 2138  961  565.29737  397.53791  29.7%   111 5439s
 58302 42985  482.53540 1154  942  565.29737  397.53791  29.7%   111 5471s
 58303 42986  495.34333  311 1008  565.29737  397.53791  29.7%   111 5483s
 58304 42987  461.07080 1309  974  565.29737  397.53791  29.7%   111 5491s
 58305 42987  493.24610 1379 1032  565.29737  397.53791  29.7%   111 5496s
 58306 42988  520.55755  264  979  565.29737  397.53791  29.7%   111 5530s
 58307 42989  494.27067 1220  779  565.29737  397.53791  29.7%   111 5545s
 58308 42989  415.21111  469  972  565.29737  397.53791  29.7%   111 5552s
 58309 42990  437.59193 1411  963  565.29737  397.53791  29.7%   111 5594s
 58310 42991  485.49727 1390 1004  565.29737  397.53791  29.7%   111 5628s
 58311 42991  486.99560 2262 1009  565.29737  397.53791  29.7%   111 5636s
 58312 42992  492.97890   79  988  565.29737  397.53791  29.7%   111 5640s
 58313 42993  490.63041  703  835  565.29737  397.53791  29.7%   111 5670s
 58314 42993  398.93456  424  941  565.29737  397.53791  29.7%   111 5704s
 58315 42994  494.91289  630  968  565.29737  397.53791  29.7%   111 5743s
 58316 42995  484.01589  375 1006  565.29737  397.53791  29.7%   111 5757s
 58317 42995  496.65781  668 1016  565.29737  397.53791  29.7%   111 5763s
 58318 42996  486.92458  987 1021  565.29737  397.53791  29.7%   111 5766s
 58319 42997  486.99560 2225 1021  565.29737  397.53791  29.7%   111 5801s
 58320 42997  498.10793  213 1062  565.29737  397.53791  29.7%   111 5811s
 58322 42999  510.91076  427 1022  565.29737  397.53791  29.7%   111 5815s
 58323 42999  524.86977 1197 1024  565.29737  397.53791  29.7%   111 5839s
 58324 43000  492.97890   79 1054  565.29737  397.53791  29.7%   111 5853s
 58327 43002  473.78554 1072 1047  565.29737  397.53791  29.7%   111 5882s
 58328 43003  526.18767  535 1121  565.29737  397.53791  29.7%   111 5897s
 58330 43004  491.59769  555 1119  565.29737  397.53791  29.7%   111 5933s
 58331 43005  490.49124  962 1104  565.29737  397.53791  29.7%   111 5945s
 58334 43007  479.28542 1470 1087  565.29737  397.53791  29.7%   111 5972s
 58335 43007  456.90172 1115 1076  565.29737  397.53791  29.7%   111 6036s
 58338 43009  522.10667  547 1048  565.29737  397.53791  29.7%   111 6066s
 58339 43010  465.72150  693 1063  565.29737  397.53791  29.7%   111 6074s
 58340 43011  487.34491 1030 1082  565.29737  397.53791  29.7%   111 6075s
 58341 43011  498.55366  112 1069  565.29737  397.53791  29.7%   111 6104s
 58342 43012  478.19429  339 1086  565.29737  397.53791  29.7%   111 6111s
 58343 43013  458.51065  995 1088  565.29737  397.53791  29.7%   111 6141s
 58344 43013  562.48953  165 1079  565.29737  397.53791  29.7%   111 6146s
 58345 43014  487.75427  649 1083  565.29737  397.53791  29.7%   111 6176s
 58346 43015  496.65781  335 1106  565.29737  397.53791  29.7%   111 6180s
 58349 43017  490.63041  456 1093  565.29737  397.53791  29.7%   111 6209s
 58350 43017  465.43504  445 1106  565.29737  397.53791  29.7%   111 6217s
 58351 43018  465.84713  394 1112  565.29737  397.53791  29.7%   111 6245s
 58352 43019  478.19429  157 1095  565.29737  397.53791  29.7%   111 6251s
 58354 43020  499.43883  421 1111  565.29737  397.53791  29.7%   111 6256s
 58355 43021  502.25127 1829 1105  565.29737  397.53791  29.7%   111 6289s
 58356 43021  458.20092  454 1103  565.29737  397.53791  29.7%   111 6301s
 58358 43023  467.75722  713 1113  565.29737  397.53791  29.7%   111 6307s
 58360 43024  448.24200 1080 1112  565.29737  397.53791  29.7%   111 6339s
 58361 43025  495.23563 1100 1131  565.29737  397.53791  29.7%   111 6346s
 58363 43026  463.98070  332 1127  565.29737  397.53791  29.7%   111 6374s
 58364 43027  484.14977 1067 1082  565.29737  397.53791  29.7%   111 6385s
 58366 43028  508.26030 1856 1109  565.29737  397.53791  29.7%   111 6413s
 58367 43029  449.63895  190 1069  565.29737  397.53791  29.7%   111 6416s
 58369 43030  496.65781  569 1103  565.29737  397.53791  29.7%   111 6421s
 58370 43031  473.78554  991 1101  565.29737  397.53791  29.7%   111 6444s
 58371 43031  503.33933 1839 1087  565.29737  397.53791  29.7%   111 6449s
 58372 43032  486.99560 1990 1097  565.29737  397.53791  29.7%   111 6450s
 58373 43033  453.63611  116 1093  565.29737  397.53791  29.7%   111 6482s
 58375 43034  531.14044 1248 1092  565.29737  397.53791  29.7%   111 6485s
 58376 43035  489.49709  711 1089  565.29737  397.53791  29.7%   111 6509s
 58377 43035  556.18657   76 1081  565.29737  397.53791  29.7%   111 6513s
 58379 43037  499.56604  162 1090  565.29737  397.53791  29.7%   111 6539s
 58380 43037  487.75427  564 1103  565.29737  397.53791  29.7%   111 6543s
 58381 43038  522.62957  314 1118  565.29737  397.53791  29.7%   111 6545s
 58382 43039  496.65781  301 1126  565.29737  397.53791  29.7%   111 6573s
 58383 43039  484.01589  644 1131  565.29737  397.53791  29.7%   111 6578s
 58385 43041  497.98209  411 1142  565.29737  397.53791  29.7%   111 6602s
 58386 43041  471.26490 2674 1090  565.29737  397.53791  29.7%   111 6666s
 58388 43043  486.99560 1735 1078  565.29737  397.53791  29.7%   111 6694s
 58389 43043  465.43504  935 1121  565.29737  397.53791  29.7%   111 6700s
 58392 43045  446.37535  246 1132  565.29737  397.53791  29.7%   111 6730s
 58395 43047  471.26490 1702 1157  565.29737  397.53791  29.7%   111 6768s
 58396 43048  465.43504 1641 1134  565.29737  397.53791  29.7%   111 6776s
 58399 43050  476.68099 1162 1126  565.29737  397.53791  29.7%   111 6804s
 58400 43051  485.49727 1432 1128  565.29737  397.53791  29.7%   111 6806s
 58401 43051  486.99560 2138 1127  565.29737  397.53791  29.7%   111 6832s
 58402 43052  482.53540 1154 1127  565.29737  397.53791  29.7%   111 6835s
 58403 43053  495.34333  311 1126  565.29737  397.53791  29.7%   111 6860s
 58405 43054  493.24610 1379 1106  565.29737  397.53791  29.7%   111 6886s
 58406 43055  520.55755  264 1148  565.29737  397.53791  29.7%   111 6890s
 58408 43056  415.21111  469 1146  565.29737  397.53791  29.7%   111 6917s
 58409 43057  437.59193 1411 1133  565.29737  397.53791  29.7%   111 6920s
 58412 43059  492.97890   79 1153  565.29737  397.53791  29.7%   111 6925s
 58413 43059  490.63041  703 1153  565.29737  397.53791  29.7%   111 6951s
 58414 43060  398.93456  424 1155  565.29737  397.53791  29.7%   111 6957s
 58415 43061  494.91289  630 1159  565.29737  397.53791  29.7%   111 6982s
 58416 43061  484.01589  375 1125  565.29737  397.53791  29.7%   111 6985s
 58418 43063  486.92458  987 1167  565.29737  397.53791  29.7%   111 7011s
 58421 43065  457.19805  318 1168  565.29737  397.53791  29.7%   111 7040s
 58423 43066  524.86977 1197 1174  565.29737  397.53791  29.7%   111 7064s
 58424 43067  492.97890   79 1176  565.29737  397.53791  29.7%   111 7072s
 58426 43068  463.21835  673 1181  565.29737  397.53791  29.7%   111 7097s
 58427 43069  473.78554 1072 1146  565.29737  397.53791  29.7%   111 7102s
 58429 43070  463.14945  505 1164  565.29737  397.53791  29.7%   111 7127s
 58430 43071  491.59769  555 1177  565.29737  397.53791  29.7%   111 7135s
 58433 43073  484.14977  557 1172  565.29737  397.53791  29.7%   111 7163s
 58434 43073  479.28542 1470 1145  565.29737  397.53791  29.7%   111 7167s
 58435 43074  456.90172 1115 1166  565.29737  397.53791  29.7%   111 7192s
 58436 43075  421.86023  447 1162  565.29737  397.53791  29.7%   111 7199s

Cutting planes:
  Gomory: 32
  Implied bound: 467
  Projected implied bound: 94
  MIR: 66
  Flow cover: 841
  Zero half: 41
  RLT: 6
  Relax-and-lift: 2489

Explored 58437 nodes (7014473 simplex iterations) in 7204.46 seconds (7179.32 work units)
Thread count was 32 (of 96 available processors)

Solution count 10: 565.297 565.298 565.449 ... 599.283

Time limit reached
Best objective 5.652973659386e+02, best bound 3.975379143951e+02, gap 29.6763%

User-callback calls 1270927, time in user-callback 1.50 sec
