
Gurobi 10.0.1 (win64) logging started Sun Sep 21 15:57:28 2025

Set parameter LogFile to value "log_group_6/bound_Expr312_s5_l1051_s11_e12_o20_d40_t60_s17_0_0_0_0.log"
Gurobi Optimizer version 10.0.1 build v10.0.1rc0 (win64)

CPU model: Intel(R) Core(TM) i7-10700 CPU @ 2.90GHz, instruction set [SSE2|AVX|AVX2]
Thread count: 8 physical cores, 16 logical processors, using up to 16 threads

Optimize a model with 170825 rows, 170310 columns and 1363420 nonzeros
Model fingerprint: 0x07e3eb1a
Variable types: 310 continuous, 170000 integer (170000 binary)
Coefficient statistics:
  Matrix range     [1e+00, 8e+02]
  Objective range  [1e+00, 1e+00]
  Bounds range     [1e+00, 1e+03]
  RHS range        [1e+00, 8e+02]
Presolve removed 164060 rows and 164040 columns
Presolve time: 0.80s
Presolved: 6765 rows, 6270 columns, 42620 nonzeros
Variable types: 270 continuous, 6000 integer (6000 binary)
Found heuristic solution: objective 534.6213333

Root relaxation: objective 0.000000e+00, 1109 iterations, 0.04 seconds (0.05 work units)

    Nodes    |    Current Node    |     Objective Bounds      |     Work
 Expl Unexpl |  Obj  Depth IntInf | Incumbent    BestBd   Gap | It/Node Time

     0     0    0.00000    0   40  534.62133    0.00000   100%     -    1s
H    0     0                     369.9462333    0.00000   100%     -    1s
H    0     0                     363.3041333    0.00000   100%     -    1s
     0     0    0.00000    0   55  363.30413    0.00000   100%     -    1s
H    0     0                     149.6047667    0.00000   100%     -    1s
H    0     0                     142.7409667    0.00000   100%     -    1s
     0     0    0.00000    0   40  142.74097    0.00000   100%     -    2s
     0     0    0.00000    0   40  142.74097    0.00000   100%     -    2s
     0     0    0.00000    0   40  142.74097    0.00000   100%     -    2s
H    0     0                     134.6751000    0.00000   100%     -    2s
     0     0    0.00000    0   41  134.67510    0.00000   100%     -    2s
     0     0    0.00000    0   40  134.67510    0.00000   100%     -    2s
     0     0    0.00000    0   40  134.67510    0.00000   100%     -    2s
     0     0    0.00000    0   40  134.67510    0.00000   100%     -    2s
     0     0    0.00000    0   40  134.67510    0.00000   100%     -    2s
     0     0    0.00000    0   40  134.67510    0.00000   100%     -    2s
     0     0    0.00000    0   42  134.67510    0.00000   100%     -    2s
     0     0    0.00000    0   41  134.67510    0.00000   100%     -    2s
     0     0    0.00000    0   41  134.67510    0.00000   100%     -    2s
     0     0    0.00000    0   41  134.67510    0.00000   100%     -    2s
     0     0    0.00000    0   41  134.67510    0.00000   100%     -    2s
     0     0    0.00000    0   42  134.67510    0.00000   100%     -    2s
     0     0    0.00000    0   40  134.67510    0.00000   100%     -    2s
     0     2    0.00000    0   40  134.67510    0.00000   100%     -    3s
H   33    12                     134.4771000    0.00000   100%  89.7    4s
    77    27    0.00000   14   42  134.47710    0.00000   100%  73.0    5s
  3939  2692    0.00000  609   43  134.47710    0.00000   100%  10.1   10s
  7462  5369   65.06477 1151   40  134.47710    0.00000   100%   8.1   24s
  7464  5370   87.86887  316   40  134.47710    0.00000   100%   8.1   26s
H 7465  5102                     134.4771000    0.00000   100%   8.1   29s
  7466  5103    0.00000   47   42  134.47710    0.00000   100%   8.1   30s
  7470  5105    5.30383  221   41  134.47710    0.00000   100%   8.1   36s
  7473  5107  134.01693  100   40  134.47710    0.00000   100%   8.1   40s
  7476  5111    0.00000   12   40  134.47710    0.00000   100%   8.9   47s
  7481  5117    0.00000   14   40  134.47710    0.00000   100%   9.4   51s
  7495  5121    0.00000   16   40  134.47710    0.00000   100%  10.5   55s
  7519  5122  108.97723   17   38  134.47710    0.00000   100%  11.2   60s

Cutting planes:
  Gomory: 47
  Implied bound: 77
  Projected implied bound: 164
  MIR: 9
  Flow cover: 116
  Relax-and-lift: 1221

Explored 7531 nodes (91562 simplex iterations) in 60.14 seconds (85.73 work units)
Thread count was 16 (of 16 available processors)

Solution count 8: 134.477 134.477 134.675 ... 534.621

Time limit reached
Best objective 1.344770999553e+02, best bound 0.000000000000e+00, gap 100.0000%

User-callback calls 23071, time in user-callback 0.06 sec
