
Gurobi 11.0.0 (win64) logging started Sun Sep 21 02:33:07 2025

Set parameter LogFile to value "log_group_6/bound_Expr223_s5_l1051_s11_e12_o20_d42_t1200_s13_1_0_0_0.log"
Gurobi Optimizer version 11.0.0 build v11.0.0rc2 (win64 - Windows 11+.0 (22631.2))

CPU model: 13th Gen Intel(R) Core(TM) i7-13650HX, instruction set [SSE2|AVX|AVX2]
Thread count: 14 physical cores, 20 logical processors, using up to 20 threads

Optimize a model with 156070 rows, 155310 columns and 1547770 nonzeros
Model fingerprint: 0xdd605f3f
Variable types: 310 continuous, 155000 integer (155000 binary)
Coefficient statistics:
  Matrix range     [1e+00, 9e+02]
  Objective range  [1e+00, 1e+00]
  Bounds range     [1e+00, 1e+03]
  RHS range        [1e+00, 9e+02]
Presolve removed 148790 rows and 148790 columns
Presolve time: 0.76s
Presolved: 7280 rows, 6520 columns, 61885 nonzeros
Variable types: 270 continuous, 6250 integer (6250 binary)
Found heuristic solution: objective 3649.1078667

Root relaxation: objective 0.000000e+00, 3821 iterations, 0.57 seconds (0.49 work units)

    Nodes    |    Current Node    |     Objective Bounds      |     Work
 Expl Unexpl |  Obj  Depth IntInf | Incumbent    BestBd   Gap | It/Node Time

     0     0    0.00000    0   51 3649.10787    0.00000   100%     -    2s
H    0     0                    2746.8665000    0.00000   100%     -    4s
H    0     0                    1396.7871667    0.00000   100%     -    4s
     0     0    0.00000    0  142 1396.78717    0.00000   100%     -    4s
H    0     0                    1301.8728667    0.00000   100%     -    5s
H    0     0                     992.7114667    0.00000   100%     -    5s
H    0     0                     338.0714333    0.00000   100%     -    5s
     0     0    0.00000    0   95  338.07143    0.00000   100%     -    5s
H    0     0                     265.0935333    0.00000   100%     -    7s
H    0     0                     231.0929667    0.00000   100%     -    7s
     0     0    0.00000    0   45  231.09297    0.00000   100%     -    8s
     0     0    0.00000    0   82  231.09297    0.00000   100%     -    9s
     0     0    0.00000    0   71  231.09297    0.00000   100%     -    9s
     0     0    0.00000    0   68  231.09297    0.00000   100%     -    9s
H    0     0                     155.5624667    0.00000   100%     -   10s
     0     0    0.00000    0   54  155.56247    0.00000   100%     -   13s
     0     0    0.00000    0   63  155.56247    0.00000   100%     -   13s
     0     0    0.00000    0  107  155.56247    0.00000   100%     -   13s
     0     0    0.00000    0  100  155.56247    0.00000   100%     -   13s
     0     0    0.00000    0   93  155.56247    0.00000   100%     -   13s
     0     0    0.00000    0  140  155.56247    0.00000   100%     -   14s
     0     0    0.00000    0  145  155.56247    0.00000   100%     -   14s
     0     0    0.00000    0  170  155.56247    0.00000   100%     -   14s
     0     0    0.00000    0  129  155.56247    0.00000   100%     -   14s
     0     0    0.00000    0  138  155.56247    0.00000   100%     -   14s
     0     0    0.00000    0  139  155.56247    0.00000   100%     -   14s
H    0     0                     154.8058000    0.00000   100%     -   15s
     0     0    0.00000    0   47  154.80580    0.00000   100%     -   16s
H    0     0                     140.2554436    0.00000   100%     -   17s
     0     0    0.00000    0   57  140.25544    0.00000   100%     -   22s
     0     0    0.00000    0   88  140.25544    0.00000   100%     -   22s
H    0     0                     127.7604612    0.00000   100%     -   22s
     0     0    7.54423    0  137  127.76046    7.54423  94.1%     -   22s
H    0     0                     125.3499000    7.56875  94.0%     -   23s
     0     0    7.56875    0  125  125.34990    7.56875  94.0%     -   23s
     0     0   11.37380    0   92  125.34990   11.37380  90.9%     -   24s
     0     0   11.37380    0   91  125.34990   11.37380  90.9%     -   24s
     0     0   11.37380    0   94  125.34990   11.37380  90.9%     -   24s
     0     0   11.37380    0   92  125.34990   11.37380  90.9%     -   24s
     0     0   11.37380    0   97  125.34990   11.37380  90.9%     -   24s
     0     0   11.37380    0   85  125.34990   11.37380  90.9%     -   24s
     0     0   11.37380    0   78  125.34990   11.37380  90.9%     -   24s
     0     0   11.37380    0  135  125.34990   11.37380  90.9%     -   25s
     0     0   11.37380    0  128  125.34990   11.37380  90.9%     -   25s
     0     0   11.37380    0  122  125.34990   11.37380  90.9%     -   25s
     0     0   11.37380    0   81  125.34990   11.37380  90.9%     -   27s
H    0     0                     121.8209000   11.37380  90.7%     -   27s
     0     0   11.37380    0   71  121.82090   11.37380  90.7%     -   27s
     0     0   11.37380    0   47  121.82090   11.37380  90.7%     -   29s
     0     0   11.37380    0   47  121.82090   11.37380  90.7%     -   29s
     0     0   11.37380    0   37  121.82090   11.37380  90.7%     -   31s
     0     0   11.37380    0   57  121.82090   11.37380  90.7%     -   32s
     0     0   11.37380    0   54  121.82090   11.37380  90.7%     -   34s
     0     0   11.37380    0  103  121.82090   11.37380  90.7%     -   35s
     0     0   11.52866    0  159  121.82090   11.52866  90.5%     -   36s
     0     0   11.56476    0  177  121.82090   11.56476  90.5%     -   36s
     0     0   14.49440    0  168  121.82090   14.49440  88.1%     -   37s
     0     0   14.49440    0  145  121.82090   14.49440  88.1%     -   37s
     0     0   14.58878    0  143  121.82090   14.58878  88.0%     -   37s
     0     0   16.90127    0  166  121.82090   16.90127  86.1%     -   38s
     0     0   16.90127    0  161  121.82090   16.90127  86.1%     -   38s
     0     0   16.90127    0  192  121.82090   16.90127  86.1%     -   38s
     0     0   16.90127    0  209  121.82090   16.90127  86.1%     -   38s
     0     0   16.90127    0  202  121.82090   16.90127  86.1%     -   38s
     0     0   16.90127    0  181  121.82090   16.90127  86.1%     -   39s
     0     0   16.90127    0  187  121.82090   16.90127  86.1%     -   39s
     0     0   16.90127    0  167  121.82090   16.90127  86.1%     -   39s
     0     0   16.90127    0  206  121.82090   16.90127  86.1%     -   39s
     0     0   16.90127    0  201  121.82090   16.90127  86.1%     -   39s
     0     0   17.25867    0  208  121.82090   17.25867  85.8%     -   39s
     0     0   17.25867    0  194  121.82090   17.25867  85.8%     -   39s
     0     0   17.70046    0  137  121.82090   17.70046  85.5%     -   40s
     0     0   17.70046    0   71  121.82090   17.70046  85.5%     -   41s
     0     0   17.70046    0  157  121.82090   17.70046  85.5%     -   43s
     0     0   17.70046    0  128  121.82090   17.70046  85.5%     -   43s
     0     0   17.70046    0  129  121.82090   17.70046  85.5%     -   43s
     0     0   17.70046    0  159  121.82090   17.70046  85.5%     -   43s
     0     0   17.70046    0  105  121.82090   17.70046  85.5%     -   43s
     0     0   22.21455    0  171  121.82090   22.21455  81.8%     -   46s
     0     0   22.25902    0  168  121.82090   22.25902  81.7%     -   46s
     0     0   22.25902    0  169  121.82090   22.25902  81.7%     -   46s
     0     0   22.25902    0  169  121.82090   22.25902  81.7%     -   46s
     0     0   22.25902    0  169  121.82090   22.25902  81.7%     -   46s
     0     0   23.45084    0  206  121.82090   23.45084  80.7%     -   46s
     0     0   23.45084    0  206  121.82090   23.45084  80.7%     -   46s
     0     0   23.45084    0  207  121.82090   23.45084  80.7%     -   46s
     0     0   32.49241    0  109  121.82090   32.49241  73.3%     -   48s
     0     0   32.49241    0  109  121.82090   32.49241  73.3%     -   48s
     0     0   32.49241    0  109  121.82090   32.49241  73.3%     -   48s
     0     0   32.80347    0  110  121.82090   32.80347  73.1%     -   48s
     0     0   32.80347    0  110  121.82090   32.80347  73.1%     -   48s
     0     0   32.80347    0  110  121.82090   32.80347  73.1%     -   49s
     0     0   42.08594    0  103  121.82090   42.08594  65.5%     -   50s
     0     0   42.11622    0  102  121.82090   42.11622  65.4%     -   50s
     0     0   43.42112    0  114  121.82090   43.42112  64.4%     -   51s
     0     0   43.45507    0  110  121.82090   43.45507  64.3%     -   51s
     0     0   43.47841    0   91  121.82090   43.47841  64.3%     -   51s
     0     0   43.47841    0   91  121.82090   43.47841  64.3%     -   51s
     0     0   43.49164    0   99  121.82090   43.49164  64.3%     -   51s
     0     0   43.49164    0   99  121.82090   43.49164  64.3%     -   51s
     0     0   48.53886    0  234  121.82090   48.53886  60.2%     -   51s
     0     0   48.94548    0  232  121.82090   48.94548  59.8%     -   51s
     0     0   48.94695    0  235  121.82090   48.94695  59.8%     -   51s
     0     0   48.94742    0  235  121.82090   48.94742  59.8%     -   51s
     0     0   48.94778    0  235  121.82090   48.94778  59.8%     -   51s
     0     0   48.96585    0  237  121.82090   48.96585  59.8%     -   52s
     0     0   55.61142    0  233  121.82090   55.61142  54.3%     -   52s
     0     0   55.76629    0  205  121.82090   55.76629  54.2%     -   52s
     0     0   55.79096    0  204  121.82090   55.79096  54.2%     -   52s
     0     0   55.83588    0  204  121.82090   55.83588  54.2%     -   52s
     0     0   55.83588    0  209  121.82090   55.83588  54.2%     -   52s
     0     0   63.72085    0  237  121.82090   63.72085  47.7%     -   53s
     0     0   64.07323    0  205  121.82090   64.07323  47.4%     -   53s
     0     0   64.28109    0  222  121.82090   64.28109  47.2%     -   53s
     0     0   64.40316    0  226  121.82090   64.40316  47.1%     -   53s
     0     0   64.52793    0  230  121.82090   64.52793  47.0%     -   53s
     0     0   64.52793    0  230  121.82090   64.52793  47.0%     -   53s
     0     0   64.52793    0  230  121.82090   64.52793  47.0%     -   53s
     0     0   64.52793    0  230  121.82090   64.52793  47.0%     -   53s
     0     0   64.52793    0  230  121.82090   64.52793  47.0%     -   53s
     0     0   64.52793    0  230  121.82090   64.52793  47.0%     -   53s
     0     0   64.52793    0  230  121.82090   64.52793  47.0%     -   53s
     0     0   64.54316    0  230  121.82090   64.54316  47.0%     -   53s
     0     0   64.54316    0  232  121.82090   64.54316  47.0%     -   53s
     0     0   64.54316    0  232  121.82090   64.54316  47.0%     -   53s
     0     0   64.54316    0  232  121.82090   64.54316  47.0%     -   53s
     0     0   64.54316    0  232  121.82090   64.54316  47.0%     -   53s
     0     0   64.54316    0  232  121.82090   64.54316  47.0%     -   53s
     0     0   64.54316    0  230  121.82090   64.54316  47.0%     -   53s
     0     0   64.54316    0  230  121.82090   64.54316  47.0%     -   53s
     0     0   64.54316    0  230  121.82090   64.54316  47.0%     -   53s
     0     0   64.54316    0  231  121.82090   64.54316  47.0%     -   53s
     0     0   64.54316    0  231  121.82090   64.54316  47.0%     -   53s
     0     0   72.83551    0  176  121.82090   72.83551  40.2%     -   54s
     0     0   72.83551    0   78  121.82090   72.83551  40.2%     -   57s
     0     0   72.83551    0   99  121.82090   72.83551  40.2%     -   57s
     0     0   72.83551    0   58  121.82090   72.83551  40.2%     -   57s
     0     0   72.83551    0   89  121.82090   72.83551  40.2%     -   57s
     0     0   72.83551    0   79  121.82090   72.83551  40.2%     -   57s
     0     0   72.83551    0  127  121.82090   72.83551  40.2%     -   57s
     0     0   72.83551    0  106  121.82090   72.83551  40.2%     -   57s
     0     0   72.83551    0  117  121.82090   72.83551  40.2%     -   57s
     0     0   72.83551    0   94  121.82090   72.83551  40.2%     -   57s
     0     0   72.83551    0  100  121.82090   72.83551  40.2%     -   57s
     0     0   72.83551    0  155  121.82090   72.83551  40.2%     -   59s
     0     0   72.83551    0  178  121.82090   72.83551  40.2%     -   59s
     0     0   72.83551    0  175  121.82090   72.83551  40.2%     -   59s
     0     0   72.83551    0  136  121.82090   72.83551  40.2%     -   59s
     0     0   76.15209    0  214  121.82090   76.15209  37.5%     -   60s
     0     0   76.58218    0  181  121.82090   76.58218  37.1%     -   60s
     0     0   76.82145    0  160  121.82090   76.82145  36.9%     -   60s
     0     0   77.18554    0  166  121.82090   77.18554  36.6%     -   60s
     0     0   77.18554    0  166  121.82090   77.18554  36.6%     -   60s
     0     0   84.86554    0  121  121.82090   84.86554  30.3%     -   61s
     0     0   84.86554    0   49  121.82090   84.86554  30.3%     -   66s
     0     0  111.76071    0   84  121.82090  111.76071  8.26%     -   67s
     0     0  111.76071    0   31  121.82090  111.76071  8.26%     -   69s
     0     0  111.76071    0   29  121.82090  111.76071  8.26%     -   69s
     0     0  111.76071    0   23  121.82090  111.76071  8.26%     -   69s
     0     0  111.76071    0   23  121.82090  111.76071  8.26%     -   69s
     0     0  111.76071    0   24  121.82090  111.76071  8.26%     -   69s
     0     0  111.76071    0   25  121.82090  111.76071  8.26%     -   69s
     0     0  111.76071    0   28  121.82090  111.76071  8.26%     -   69s
     0     0  111.76071    0   26  121.82090  111.76071  8.26%     -   69s
     0     0  111.76071    0   28  121.82090  111.76071  8.26%     -   69s
     0     0  111.76071    0   29  121.82090  111.76071  8.26%     -   69s
     0     0  111.76071    0   30  121.82090  111.76071  8.26%     -   69s
     0     0  113.18408    0   67  121.82090  113.18408  7.09%     -   69s
     0     0  113.18408    0   68  121.82090  113.18408  7.09%     -   69s
     0     0  113.57642    0   62  121.82090  113.57642  6.77%     -   69s
     0     0  113.57642    0   38  121.82090  113.57642  6.77%     -   69s
     0     0  113.57642    0   40  121.82090  113.57642  6.77%     -   69s
     0     0  115.82003    0   22  121.82090  115.82003  4.93%     -   69s
     0     0  115.82003    0   26  121.82090  115.82003  4.93%     -   69s
     0     0  115.82003    0   16  121.82090  115.82003  4.93%     -   69s
     0     0  115.82003    0   14  121.82090  115.82003  4.93%     -   69s
     0     0  115.82003    0   16  121.82090  115.82003  4.93%     -   69s
     0     0  115.82003    0   13  121.82090  115.82003  4.93%     -   69s
     0     0  118.99265    0   12  121.82090  118.99265  2.32%     -   69s
     0     0     cutoff    0       121.82090  121.82090  0.00%     -   69s

Cutting planes:
  Learned: 2
  Gomory: 3
  Implied bound: 7
  MIR: 19
  RLT: 1
  Relax-and-lift: 10

Explored 1 nodes (102264 simplex iterations) in 69.75 seconds (31.64 work units)
Thread count was 20 (of 20 available processors)

Solution count 10: 121.821 125.35 140.255 ... 1396.79

Optimal solution found (tolerance 1.00e-04)
Best objective 1.218209000000e+02, best bound 1.218209000000e+02, gap 0.0000%

User-callback calls 6654, time in user-callback 0.17 sec
