
Gurobi 11.0.0 (win64) logging started Sun Sep 21 04:34:16 2025

Set parameter LogFile to value "log_group_6/bound_Expr232_s5_l1051_s11_e12_o20_d41_t1200_s12_0_0_1_0.log"
Gurobi Optimizer version 11.0.0 build v11.0.0rc2 (win64 - Windows 11+.0 (22631.2))

CPU model: 13th Gen Intel(R) Core(TM) i7-13650HX, instruction set [SSE2|AVX|AVX2]
Thread count: 14 physical cores, 20 logical processors, using up to 20 threads

Optimize a model with 110963 rows, 110310 columns and 1188470 nonzeros
Model fingerprint: 0xbc215d5e
Variable types: 310 continuous, 110000 integer (110000 binary)
Coefficient statistics:
  Matrix range     [1e+00, 9e+02]
  Objective range  [1e+00, 1e+00]
  Bounds range     [1e+00, 1e+03]
  RHS range        [1e+00, 9e+02]
Presolve removed 103790 rows and 103790 columns
Presolve time: 1.22s
Presolved: 7173 rows, 6520 columns, 66235 nonzeros
Variable types: 270 continuous, 6250 integer (6250 binary)
Found heuristic solution: objective 415.5487000

Root simplex log...

Iteration    Objective       Primal Inf.    Dual Inf.      Time
       0    0.0000000e+00   6.400000e+02   0.000000e+00     18s
     392    0.0000000e+00   0.000000e+00   0.000000e+00     18s

Root relaxation: objective 0.000000e+00, 392 iterations, 0.02 seconds (0.01 work units)
Total elapsed time = 17.88s (DegenMoves)

    Nodes    |    Current Node    |     Objective Bounds      |     Work
 Expl Unexpl |  Obj  Depth IntInf | Incumbent    BestBd   Gap | It/Node Time

     0     0    0.00000    0   40  415.54870    0.00000   100%     -   18s
H    0     0                     154.8446000    0.00000   100%     -   18s
     0     0    0.00000    0   42  154.84460    0.00000   100%     -   18s
     0     0    0.00000    0   42  154.84460    0.00000   100%     -   19s
     0     0    0.00000    0   40  154.84460    0.00000   100%     -   19s
H    0     0                     154.2566333    0.00000   100%     -   19s
     0     0    0.00000    0   40  154.25663    0.00000   100%     -   19s
H    0     0                     121.0797667    0.00000   100%     -   19s
H    0     0                     120.9584333    0.00000   100%     -   19s
H    0     0                     120.9584333    0.00000   100%     -   19s
     0     0    0.00000    0   40  120.95843    0.00000   100%     -   20s
H    0     0                     120.9497667    0.00000   100%     -   20s
     0     0    0.00000    0   40  120.94977    0.00000   100%     -   20s
H    0     0                     120.9455667    0.00000   100%     -   20s
     0     0    0.00000    0   40  120.94557    0.00000   100%     -   20s
     0     0    0.00000    0   40  120.94557    0.00000   100%     -   20s
     0     2    0.00000    0   40  120.94557    0.00000   100%     -   20s
H   71    86                     120.8679000    0.00000   100%  46.0   26s
H   76    86                     120.8637000    0.00000   100%  43.1   26s
  2065  2321    0.00000  126   40  120.86370    0.00000   100%   4.2   30s
H 4270  4284                     120.8636999    0.00000   100%   3.3   33s
  5456  5506    6.66176  300   38  120.86370    0.00000   100%   3.2   35s
  9047  9692   16.05673  615   35  120.86370    0.00000   100%   3.3   41s
H 9752  9207                     120.8636813    0.00000   100%   3.3  194s
  9755  9209   44.87878  421   27  120.86368   44.87878  62.9%   3.3  196s
  9762  9214   72.59957  433   27  120.86368   44.87878  62.9%   3.3  201s
  9764  9215   44.87878  426   26  120.86368   44.87878  62.9%   3.3  206s
  9767  9219   44.87878    2    9  120.86368   44.87878  62.9%   3.7  221s
  9847  9261   44.87878   10   11  120.86368   44.87878  62.9%   3.8  226s
 10310  9347   44.87878    2   21  120.86368   44.87878  62.9%   3.8  240s
 10598  9619  103.28668   19   15  120.86368   44.87878  62.9%   3.8  245s
H10845  9216                     120.8635341   44.87878  62.9%   3.7  246s
 12455 10378   44.87878   98   13  120.86353   44.87878  62.9%   3.7  250s
 13414 10840   44.87878  101   26  120.86353   44.87878  62.9%   3.5  255s
 14873 11420   49.47235   17    9  120.86353   49.47235  59.1%   3.6  262s
 14975 11428   49.47235   24    9  120.86353   49.47235  59.1%   3.7  269s
 14995 11433   49.47235   25    9  120.86353   49.47235  59.1%   3.7  270s
 15404 11584   49.51745  165   26  120.86353   49.47235  59.1%   3.6  276s
 18167 11877   63.92875  242   19  120.86353   49.47235  59.1%   3.7  282s
 19462 12629   86.21995  336   16  120.86353   49.47235  59.1%   3.7  285s
 20455 12350   49.47235   55    9  120.86353   49.47235  59.1%   3.8  290s
 22159 11808   86.21995  339   16  120.86353   49.47235  59.1%   3.7  295s
 24016 13132   64.11865   39    7  120.86353   64.11865  46.9%   3.8  310s
 27001 12771   64.11865   18   19  120.86353   64.11865  46.9%   3.7  315s
 27116 12787   70.76005   25   17  120.86353   64.11865  46.9%   3.7  320s
 27563 13036   70.09088   42   17  120.86353   64.11865  46.9%   3.8  325s
 28561 13602   65.00055   70   43  120.86353   65.00055  46.2%   4.0  330s
 30720 13543 infeasible   87       120.86353   67.66347  44.0%   4.1  335s
 34747 13577   85.10773  151   17  120.86353   67.66347  44.0%   4.1  340s
 36465 13060     cutoff   75       120.86353   67.66347  44.0%   4.2  345s
 41295 13483  106.59020  218   11  120.86353   70.97005  41.3%   4.3  350s
 44498 15097   75.10970   89   49  120.86353   71.28398  41.0%   4.3  355s
 45135 14991   80.56201   77    3  120.86353   71.28398  41.0%   4.3  360s
 52441 16884   97.32196  140   17  120.86353   71.28398  41.0%   4.3  367s
 54513 17910     cutoff   87       120.86353   71.28398  41.0%   4.3  378s
 55653 17744  109.37101  164   14  120.86353   71.28398  41.0%   4.3  380s
 57878 18321   81.23118   91    3  120.86353   71.95315  40.5%   4.3  385s
 66612 18577   85.86260   36   53  120.86353   72.33165  40.2%   4.3  390s
 73246 22183   75.03702   81    5  120.86353   75.03702  37.9%   4.3  400s
 76073 21701   79.54019   53    7  120.86353   79.25209  34.4%   4.4  405s
 83267 22470  102.19322  208   14  120.86353   79.38559  34.3%   4.3  411s
 91600 28988   98.91141  104   12  120.86353   80.25648  33.6%   4.3  449s
 93631 28522   81.08661   88    3  120.86353   80.81988  33.1%   4.3  452s
 102362 25232     cutoff   91       120.86353   85.41345  29.3%   4.2  455s
 109630 29076  109.15892  109   28  120.86353   85.46721  29.3%   4.2  461s
 113183 31425  116.72176   99   32  120.86353   85.92234  28.9%   4.1  465s
 118418 35011  100.39503   83   36  120.86353   86.24480  28.6%   4.1  471s
 123613 38745  116.97859  269   13  120.86353   86.32126  28.6%   4.1  476s
 128944 42034  119.76910   64   18  120.86353   86.72691  28.2%   4.0  480s
 134960 46201  112.49895  113   25  120.86353   87.21215  27.8%   4.0  485s
 150104 55008  117.00512  238   11  120.86353   88.07541  27.1%   4.0  490s
 164271 62707  117.01879  159    9  120.86353   88.75033  26.6%   3.9  495s
 180726 72805  114.64048  120   16  120.86353   89.40993  26.0%   3.9  500s
 194978 80539  117.95640  178    9  120.86353   89.61516  25.9%   4.0  505s
 211467 90147  117.01879  251   13  120.86353   90.03428  25.5%   3.9  510s
 229628 101377  116.84479  175    9  120.86353   90.40565  25.2%   3.8  515s
 246452 112512  117.95640  190    9  120.86353   90.60010  25.0%   3.8  520s
 264533 124359   96.62509   94   47  120.86353   90.78983  24.9%   3.8  525s
 282298 135583  118.15613  162    9  120.86353   91.00658  24.7%   3.7  530s
 297179 146547  114.15102  124   16  120.86353   91.26783  24.5%   3.7  535s
 314305 158511  111.51012  108   19  120.86353   91.50405  24.3%   3.6  541s
 323839 165281  118.17470  156   11  120.86353   91.71152  24.1%   3.6  545s
 338787 175265  115.94562  142   10  120.86353   92.02092  23.9%   3.6  550s
 352337 183886  118.16103  108    9  120.86353   92.21017  23.7%   3.6  555s
 367393 193568  118.16103  160   12  120.86353   92.40946  23.5%   3.6  560s
 383813 204827  120.85421  224    7  120.86353   92.69895  23.3%   3.6  566s
 394808 212938  106.59545   92   30  120.86353   92.74290  23.3%   3.6  570s
 405437 221093  113.38136  120   22  120.86353   92.82840  23.2%   3.6  575s
 422153 231041  117.97496  117    9  120.86353   93.16528  22.9%   3.5  580s
 433370 237529  118.15276  128    7  120.86353   93.37886  22.7%   3.5  585s
 444684 245522  119.79595  113   10  120.86353   93.56590  22.6%   3.5  591s
 455728 252762  102.90179   92   38  120.86353   93.73473  22.4%   3.5  595s
 466915 259825  117.08149  123   10  120.86353   93.85912  22.3%   3.5  600s
 481987 270897  120.65874   96   10  120.86353   94.08505  22.2%   3.5  605s
 495321 278090  112.91809  125   10  120.86353   94.25394  22.0%   3.5  610s
 507141 285859  118.16103  203   13  120.86353   94.35017  21.9%   3.5  615s
 518615 293217  116.88146   97   14  120.86353   94.48194  21.8%   3.5  620s
 529890 300474  115.31709   83   13  120.86353   94.58884  21.7%   3.5  625s
 540081 307022  110.24589  122   31  120.86353   94.65367  21.7%   3.5  630s
 551512 314255  118.15613  113    7  120.86353   94.72488  21.6%   3.4  635s
 565768 323289  118.00690  139    5  120.86353   94.90846  21.5%   3.5  641s
 577341 330200  104.74693   75   41  120.86353   95.01815  21.4%   3.4  645s
 588109 337541  108.97220  137   16  120.86353   95.15212  21.3%   3.4  650s
 599753 344829  118.15613  208    7  120.86353   95.29876  21.2%   3.4  655s
 609688 350723   95.55987   98   49  120.86353   95.41266  21.1%   3.4  660s
 621132 358553  118.99943  115   26  120.86353   95.49942  21.0%   3.4  665s
 630479 364850  117.06293  173   16  120.86353   95.67081  20.8%   3.4  671s
 638943 368032     cutoff  152       120.86353   95.74121  20.8%   3.4  675s
 647692 375793  115.78609  116   19  120.86353   95.84285  20.7%   3.4  680s
 663144 385227  106.70938   67   21  120.86353   96.04752  20.5%   3.4  685s
 672452 393312  119.22081  115   22  120.86353   96.12930  20.5%   3.4  691s
 685056 398807  110.24685  125   16  120.86353   96.24096  20.4%   3.4  696s
 693724 404189  115.89023   98    8  120.86353   96.38651  20.3%   3.4  700s
 705782 412536  115.55555   90   13  120.86353   96.45844  20.2%   3.3  706s
 714679 417818  118.14246   78    9  120.86353   96.52592  20.1%   3.3  710s
 723690 423347  118.13786  136    5  120.86353   96.60589  20.1%   3.3  715s
 730485 427146  109.09020   82   31  120.86353   96.62624  20.1%   3.3  720s
 739512 432053  111.31745  133   13  120.86353   96.69753  20.0%   3.3  725s
 749110 437708   99.86799  100   38  120.86353   96.78880  19.9%   3.3  730s
 759103 443888  116.02511  115    9  120.86353   96.85592  19.9%   3.3  735s
 770576 450062  112.88827  110   15  120.86353   96.88390  19.8%   3.3  741s
 779221 456456  106.96424  113   32  120.86353   96.90559  19.8%   3.3  745s
 787982 462781  120.85421  135    9  120.86353   96.96342  19.8%   3.3  750s
 798835 468976  119.05736   98   13  120.86353   97.04769  19.7%   3.3  755s
 806469 473357  118.16103  164    7  120.86353   97.12321  19.6%   3.3  760s
 816014 478923  104.10667   70   37  120.86353   97.21302  19.6%   3.3  765s
 826987 485116  110.35603   97   20  120.86353   97.28434  19.5%   3.3  771s
 836532 491686  118.13786  111    7  120.86353   97.33553  19.5%   3.3  775s
 845664 497794  118.15613  150    7  120.86353   97.39494  19.4%   3.3  780s
 852226 501959  118.15613  141   11  120.86353   97.43916  19.4%   3.3  785s
 860820 507532  102.86412  100   35  120.86353   97.50915  19.3%   3.3  790s
 867152 511297   98.10902   42   42  120.86353   97.54901  19.3%   3.3  801s
 869053 512671  110.61767   94   35  120.86353   97.56291  19.3%   3.3  806s
 871930 515251  109.26669   61   31  120.86353   97.61270  19.2%   3.3  810s
 875386 516932  116.49137  125   16  120.86353   97.63097  19.2%   3.3  816s
 877875 518211  112.93666  130   10  120.86353   97.64189  19.2%   3.3  820s
 882277 521210  117.97006  148    9  120.86353   97.67073  19.2%   3.3  826s
 886933 524069  112.19086   94   14  120.86353   97.69788  19.2%   3.3  838s
 888968 525741  118.13786  187   11  120.86353   97.70656  19.2%   3.3  841s
 893938 529159  112.91809  116   12  120.86353   97.75729  19.1%   3.3  849s
 896570 530758  119.83510  137   14  120.86353   97.76509  19.1%   3.3  854s
 898901 532099  113.39947  115   32  120.86353   97.77137  19.1%   3.3  856s
 901121 533032  112.16872  108   29  120.86353   97.78380  19.1%   3.3  860s
 905053 535049  116.82225   83   17  120.86353   97.79919  19.1%   3.3  865s
 907005 536053  111.75052  116   18  120.86353   97.81279  19.1%   3.3  870s
 910848 538606  118.17470  138   11  120.86353   97.83135  19.1%   3.3  875s
 915925 541816  115.59001   86   17  120.86353   97.88356  19.0%   3.3  880s
 920752 544605  102.57437  121   30  120.86353   97.93076  19.0%   3.3  887s
 923134 545829  119.02686   98    7  120.86353   97.94389  19.0%   3.3  890s
 925430 547349  110.71517   63   31  120.86353   97.96387  18.9%   3.3  895s
 927817 548569  108.85333  106   32  120.86353   98.00601  18.9%   3.3  900s
 933872 552708  117.97466  120    9  120.86353   98.04425  18.9%   3.3  907s
 936320 554508  117.96670  119   15  120.86353   98.04541  18.9%   3.3  911s
 941040 556863  108.75408   64   26  120.86353   98.06281  18.9%   3.3  916s
 945166 559545  116.77428   78   22  120.86353   98.09274  18.8%   3.3  921s
 947512 560486  109.32321  112   36  120.86353   98.11655  18.8%   3.3  931s
 952376 563529  111.90334   82   19  120.86353   98.13583  18.8%   3.3  938s
 954276 564953  118.69291   81   13  120.86353   98.16389  18.8%   3.3  940s
 958465 567340  115.28990  127   12  120.86353   98.19357  18.8%   3.3  946s
 963350 570211  103.97078   82   39  120.86353   98.21705  18.7%   3.3  950s
 967778 573783  118.13786  156    5  120.86353   98.22789  18.7%   3.3  956s
 972121 575479   98.56485   79   48  120.86353   98.23361  18.7%   3.3  960s
 976409 578813  110.63710   70   30  120.86353   98.23459  18.7%   3.3  969s
 978471 580494  118.14246  142    9  120.86353   98.24057  18.7%   3.3  972s
 981113 582183   98.43316   62   34  120.86353   98.26631  18.7%   3.3  975s
 988117 586436  108.04363   84   36  120.86353   98.29724  18.7%   3.3  983s
 990433 587237  117.98863  103    5  120.86353   98.32281  18.6%   3.3  985s
 996952 592062  106.22425  108   32  120.86353   98.38082  18.6%   3.3  991s
 1001545 594272  111.72593  100   27  120.86353   98.39352  18.6%   3.3  995s
 1008404 598771   99.61684   48   38  120.86353   98.40205  18.6%   3.3 1003s
 1010139 600080  108.63112   59   30  120.86353   98.40205  18.6%   3.3 1005s
 1017528 604944  117.95640  129    9  120.86353   98.43961  18.6%   3.3 1011s
 1022027 607165  115.56441  108   12  120.86353   98.46731  18.5%   3.3 1015s
 1027004 610353  120.07219   75   14  120.86353   98.50417  18.5%   3.3 1020s
 1031027 613539     cutoff  105       120.86353   98.53383  18.5%   3.3 1026s
 1036937 617033  103.84624   71   28  120.86353   98.59218  18.4%   3.3 1031s
 1044843 622565  114.86285  151    7  120.86353   98.62846  18.4%   3.3 1036s
 1049820 625135  113.09113  165   24  120.86353   98.64095  18.4%   3.3 1042s
 1053757 627780  115.33566  101   11  120.86353   98.66237  18.4%   3.3 1046s
 1058910 631221  112.93666  131    8  120.86353   98.68967  18.3%   3.3 1050s
 1065630 635242  110.71720   78   27  120.86353   98.73795  18.3%   3.3 1057s
 1068022 636696  117.97466  154    9  120.86353   98.75716  18.3%   3.3 1060s
 1070273 638500  104.09211   75   35  120.86353   98.77188  18.3%   3.3 1066s
 1074477 641189  117.97496   89   18  120.86353   98.78828  18.3%   3.3 1071s
 1078430 643669  109.48237  108   15  120.86353   98.80126  18.3%   3.3 1077s
 1083114 646373  104.97262   84   32  120.86353   98.84237  18.2%   3.3 1081s
 1089408 650365  110.24685  114   14  120.86353   98.85777  18.2%   3.3 1088s
 1093982 653391  111.27328  103   26  120.86353   98.87397  18.2%   3.2 1091s
 1099445 656249  117.95640  104   11  120.86353   98.90646  18.2%   3.2 1096s
 1104136 659539  109.01807   95   31  120.86353   98.93617  18.1%   3.2 1100s
 1108692 662086  118.55782  101   13  120.86353   98.95358  18.1%   3.2 1106s
 1112874 664324  113.08556   93   29  120.86353   98.99492  18.1%   3.2 1110s
 1119865 668268  114.88916   84   18  120.86353   99.05016  18.0%   3.2 1116s
 1123684 670569  115.32199   99   13  120.86353   99.09005  18.0%   3.2 1120s
 1127834 673363  120.85164  114   16  120.86353   99.12353  18.0%   3.2 1127s
 1130242 674527  120.84595  188   11  120.86353   99.13846  18.0%   3.2 1130s
 1137375 678910  109.14134   90   17  120.86353   99.16906  17.9%   3.2 1136s
 1141703 681037  107.97056  114   36  120.86353   99.19721  17.9%   3.2 1141s
 1145498 683240  111.81364  103   14  120.86353   99.21639  17.9%   3.2 1146s
 1147534 684444  117.97006  164   11  120.86353   99.23390  17.9%   3.2 1151s
 1152199 687553  115.79368   97   18  120.86353   99.25254  17.9%   3.2 1156s
 1156940 690363  111.31404  129   20  120.86353   99.27177  17.9%   3.2 1160s
 1161327 692951  117.30328   90   10  120.86353   99.29143  17.8%   3.2 1165s
 1165542 694536     cutoff   72       120.86353   99.34046  17.8%   3.2 1170s
 1167871 696932  116.07459  102   13  120.86353   99.36576  17.8%   3.2 1175s
 1172453 700038  117.97006  128   10  120.86353   99.38483  17.8%   3.2 1180s
 1177987 702639  118.12420  202    9  120.86353   99.39432  17.8%   3.2 1185s
 1180950 705604  119.47144  141   10  120.86353   99.40339  17.8%   3.2 1191s
 1185631 707992   99.58473   54   40  120.86353   99.42136  17.7%   3.2 1197s

Cutting planes:
  Gomory: 15
  Implied bound: 53
  Projected implied bound: 48
  MIR: 10
  Flow cover: 191
  Relax-and-lift: 427

Explored 1187374 nodes (3852525 simplex iterations) in 1204.73 seconds (181.31 work units)
Thread count was 20 (of 20 available processors)

Solution count 10: 120.864 120.864 120.864 ... 120.958

Time limit reached
Best objective 1.208635340853e+02, best bound 9.942816682031e+01, gap 17.7352%

User-callback calls 2377431, time in user-callback 10.11 sec
