
Gurobi 10.0.1 (win64) logging started Sun Sep 21 09:52:47 2025

Set parameter LogFile to value "log_group_6/bound_Expr139_s10_l1051_s11_e12_o100_d200_t7200_s69_1_1_1_1.log"
Gurobi Optimizer version 10.0.1 build v10.0.1rc0 (win64)

CPU model: Intel(R) Core(TM) i7-10700 CPU @ 2.90GHz, instruction set [SSE2|AVX|AVX2]
Thread count: 8 physical cores, 16 logical processors, using up to 16 threads

Optimize a model with 3622541 rows, 3550800 columns and 42780580 nonzeros
Model fingerprint: 0x2f208f11
Variable types: 800 continuous, 3550000 integer (3550000 binary)
Coefficient statistics:
  Matrix range     [4e-01, 9e+02]
  Objective range  [1e+00, 1e+00]
  Bounds range     [1e+00, 1e+03]
  RHS range        [1e+00, 9e+02]
Presolve removed 100 rows and 100 columns (presolve time = 6s) ...
Presolve removed 100 rows and 100 columns (presolve time = 10s) ...
Presolve removed 3573411 rows and 3503150 columns (presolve time = 16s) ...
Presolve removed 3573511 rows and 3502750 columns
Presolve time: 19.89s
Presolved: 49030 rows, 48050 columns, 285150 nonzeros
Variable types: 600 continuous, 47450 integer (47450 binary)
Found heuristic solution: objective 13858.989400
Found heuristic solution: objective 13021.917633
Deterministic concurrent LP optimizer: primal and dual simplex
Showing first log only...


Root simplex log...

Iteration    Objective       Primal Inf.    Dual Inf.      Time
       0   -6.9183000e+04   1.817263e+04   5.721341e+08     26s
   17176    7.4817000e+04   0.000000e+00   1.048000e+03     29s
   17356    2.8261927e+02   0.000000e+00   0.000000e+00     29s
Concurrent spin time: 0.26s

Solved with primal simplex
   17356    2.8261927e+02   0.000000e+00   0.000000e+00     29s

Root relaxation: objective 2.826193e+02, 17356 iterations, 3.24 seconds (8.87 work units)
Total elapsed time = 33.15s
Total elapsed time = 35.86s
Total elapsed time = 52.00s

    Nodes    |    Current Node    |     Objective Bounds      |     Work
 Expl Unexpl |  Obj  Depth IntInf | Incumbent    BestBd   Gap | It/Node Time

     0     0  282.61927    0  337 13021.9176  282.61927  97.8%     -   55s
H    0     0                    12999.342033  282.61927  97.8%     -   56s
     0     0  282.61927    0 1591 12999.3420  282.61927  97.8%     -   75s
H    0     0                    4530.4658333  282.61927  93.8%     -   92s
     0     0  282.61927    0  567 4530.46583  282.61927  93.8%     -  101s
H    0     0                    4523.7666000  282.61927  93.8%     -  152s
     0     0  282.61927    0  336 4523.76660  282.61927  93.8%     -  155s
H    0     0                    3644.5796667  282.61927  92.2%     -  167s
     0     0  282.61927    0  429 3644.57967  282.61927  92.2%     -  168s
     0     0  282.61927    0  355 3644.57967  282.61927  92.2%     -  189s
H    0     0                    2596.3550667  282.61927  89.1%     -  217s
     0     0  282.61927    0  400 2596.35507  282.61927  89.1%     -  219s
     0     0  282.61927    0  353 2596.35507  282.61927  89.1%     -  235s
     0     0  282.61927    0  336 2596.35507  282.61927  89.1%     -  250s
H    0     0                    2167.9610333  282.61927  87.0%     -  272s
H    0     0                    1826.4967000  282.61927  84.5%     -  286s
H    0     2                    1541.7572000  282.61927  81.7%     -  306s
     0     2  282.61927    0  333 1541.75720  282.61927  81.7%     -  306s
     7    16  282.61927    3  605 1541.75720  282.61927  81.7%  2173  314s
    15    24  282.61927    4  503 1541.75720  282.61927  81.7%  1748  318s
    23    32  282.61927    5  498 1541.75720  282.61927  81.7%  1440  320s
H   31    40                    1342.3933333  282.61927  78.9%  1098  388s
H   31    40                    1300.9967000  282.61927  78.3%  1098  388s
H   32    40                    1272.7172667  282.61927  77.8%  1071  388s
H   32    40                    1125.9547000  282.61927  74.9%  1071  389s
H   33    40                    1080.2603667  282.61927  73.8%  1039  389s
H   37    40                    1045.7604000  282.61927  73.0%   935  389s
    39    48  282.61927    7  481 1045.76040  282.61927  73.0%   906  391s
    55    65  282.61927    9  495 1045.76040  282.61927  73.0%   701  397s
    74    85  282.61927   11  475 1045.76040  282.61927  73.0%   570  401s
    94   103  282.61927   13  490 1045.76040  282.61927  73.0%   485  407s
   113   124  282.61927   16  521 1045.76040  282.61927  73.0%   437  413s
   123   136  282.61927   18  519 1045.76040  282.61927  73.0%   420  416s
   143   156  282.61927   20  493 1045.76040  282.61927  73.0%   394  422s
   155   171  282.61927   21  487 1045.76040  282.61927  73.0%   376  426s
   182   198  282.61927   25  492 1045.76040  282.61927  73.0%   355  433s
   197   213  282.61927   26  496 1045.76040  282.61927  73.0%   339  436s
   212   231  282.61927   28  494 1045.76040  282.61927  73.0%   325  440s
   250   281  282.61927   33  526 1045.76040  282.61927  73.0%   294  450s
   280   301  282.61927   38  499 1045.76040  282.61927  73.0%   279  463s
   300   338  282.61927   41  494 1045.76040  282.61927  73.0%   279  470s
   337   383  282.61927   46  502 1045.76040  282.61927  73.0%   266  479s
   382   441  282.61927   52  497 1045.76040  282.61927  73.0%   252  491s
   440   504  282.61927   59  455 1045.76040  282.61927  73.0%   239  503s
   503   575  282.61927   67  430 1045.76040  282.61927  73.0%   227  518s
   574   669  282.61927   75  423 1045.76040  282.61927  73.0%   217  535s
   668   782  282.61927   90  440 1045.76040  282.61927  73.0%   205  556s
   781   911  282.61927  107  437 1045.76040  282.61927  73.0%   193  580s
   910  1073  282.61927  127  435 1045.76040  282.61927  73.0%   183  609s
H 1072  1235                    1044.3960000  282.61927  72.9%   172  641s
  1234  1443  282.61927  175  400 1044.39600  282.61927  72.9%   167  677s
H 1442  1542                     914.7715000  282.61927  69.1%   160  715s
H 1461  1542                     865.8208333  282.61927  67.4%   159  715s
H 1541  1801                     837.3903333  282.61927  66.2%   157  764s
H 1809  1813                     832.3726000  282.61927  66.0%   152  801s
H 1816  1813                     830.2497995  282.61927  66.0%   153  801s
  1823  2150  282.61927  261  396  830.24980  282.61927  66.0%   153  874s
  2164  2513  282.61927  306  483  830.24980  282.61927  66.0%   160  955s
  2531  2965  282.61927  360  438  830.24980  282.61927  66.0%   162 1049s
  2986  3355  282.61927  425  449  830.24980  282.61927  66.0%   159 1152s
H 3381  3752                     803.0570324  282.61927  64.8%   161 1238s
H 3579  3751                     802.3394328  282.61927  64.8%   157 1238s
H 3604  3750                     800.3100329  282.61927  64.7%   156 1238s
H 3636  3750                     799.9220663  282.61927  64.7%   156 1238s
H 3781  4222                     795.9756717  282.61927  64.5%   153 1332s
H 3834  4222                     795.5489995  282.61927  64.5%   153 1332s
H 3897  4221                     795.1246103  282.61927  64.5%   152 1332s
H 3955  4218                     788.3177996  282.61927  64.1%   151 1332s
H 4025  4209                     778.7384997  282.61927  63.7%   150 1332s
  4258  5290  282.61927  549  440  778.73850  282.61927  63.7%   148 1477s
H 5352  6563                     777.0784000  282.61927  63.6%   145 1613s
H 5936  6563                     775.9501333  282.61927  63.6%   139 1613s
H 6462  6563                     775.9501324  282.61927  63.6%   137 1613s
  6631  8097  282.61927  940  452  775.95013  282.61927  63.6%   137 1743s
H 6890  8093                     773.1537598  282.61927  63.4%   135 1743s
  8171  8094  377.36277  524  336  773.15376  282.61927  63.4%   130 1856s
H 8172  7690                     771.7437321  282.61927  63.4%   130 1950s
H 8172  7305                     769.2082658  282.61927  63.3%   130 1958s
  8173  7305  373.11113  502  477  769.20827  282.61927  63.3%   130 1960s
H 8173  6940                     763.8512667  282.61927  63.0%   130 2157s
H 8174  6594                     757.0698667  282.61927  62.7%   130 2160s
  8175  6595  377.36277  883  583  757.06987  282.61927  62.7%   130 2172s
H 8175  6265                     757.0665199  282.61927  62.7%   130 2236s
  8177  6266  521.43977  800  612  757.06652  282.61927  62.7%   130 2254s
  8178  6267  538.02287  314  380  757.06652  282.61927  62.7%   130 2331s
  8179  6267  377.36277  924  639  757.06652  282.61927  62.7%   130 2348s
H 8179  5953                     755.4336667  282.61927  62.6%   130 2455s
  8180  5954  646.00640 1081  344  755.43367  282.61927  62.6%   130 2535s
  8181  5955  498.21073  209  551  755.43367  282.61927  62.6%   130 2565s
H 8181  5657                     746.3746000  282.61927  62.1%   130 2691s
H 8181  5374                     745.0688667  282.61927  62.1%   130 2691s
H 8181  5106                     745.0478667  282.61927  62.1%   130 2691s
H 8181  4850                     742.9185327  282.61927  62.0%   130 2691s
H 8181  4607                     741.6086333  282.61927  61.9%   130 2737s
  8183  4608  561.38103 1200  344  741.60863  282.61927  61.9%   130 2767s
H 8183  4378                     740.8660667  282.61927  61.9%   130 2850s
  8184  4379  671.27593    9  344  740.86607  282.61927  61.9%   130 2872s
H 8184  4162                     740.7192000  282.61927  61.8%   195 2992s
  8185  4163  282.61927   12  364  740.71920  282.61927  61.8%   198 2996s
  8187  4167  282.61927   13  490  740.71920  282.61927  61.8%   199 3002s
  8191  4172  282.61927   14  479  740.71920  282.61927  61.8%   200 3027s
  8199  4178  282.61927   15  506  740.71920  282.61927  61.8%   203 3037s
  8207  4183  285.07743   15  476  740.71920  282.61927  61.8%   205 3052s
H 8215  3979                     733.0659667  282.61927  61.4%   207 3079s
H 8216  3782                     729.9848333  282.61927  61.3%   207 3079s
  8223  3787  357.45790   16  551  729.98483  282.61927  61.3%   209 3088s
H 8231  3604                     729.9527333  282.61927  61.3%   210 3330s
H 8234  3424                     729.9527330  282.61927  61.3%   210 3330s
  8239  3430  417.64550   17  518  729.95273  282.61927  61.3%   213 3339s
H 8248  3265                     729.4916667  282.61927  61.3%   214 3388s
H 8250  3104                     729.4472667  282.61927  61.3%   215 3388s
  8256  3115  358.19913   18  497  729.44727  282.61927  61.3%   216 3422s
  8269  3123  282.61927   19  503  729.44727  282.61927  61.3%   223 3433s
H 8282  2973                     723.8753667  282.61927  61.0%   224 3512s
H 8283  2828                     722.9971667  282.61927  60.9%   224 3512s
H 8285  2689                     718.9494667  282.61927  60.7%   224 3512s
  8290  2702  282.61927   20  494  718.94947  282.61927  60.7%   226 3530s
  8307  2708  425.99360   20  651  718.94947  282.61927  60.7%   228 3545s
  8325  2715  282.61927   21  470  718.94947  282.61927  60.7%   229 3561s
  8340  2724  394.97120   21  566  718.94947  282.61927  60.7%   231 3592s
  8355  2733  282.61927   22  461  718.94947  282.61927  60.7%   233 3614s
  8370  2746  282.61927   23  469  718.94947  282.61927  60.7%   235 3637s
  8388  2757  282.61927   24  451  718.94947  282.61927  60.7%   238 3655s
  8408  2766  282.61927   25  435  718.94947  282.61927  60.7%   239 3693s
  8425  2778  282.61927   26  434  718.94947  282.61927  60.7%   242 3725s
  8444  2791  282.61927   27  444  718.94947  282.61927  60.7%   245 3749s
  8463  2805  282.61927   28  483  718.94947  282.61927  60.7%   246 3783s
  8486  2819  282.61927   29  491  718.94947  282.61927  60.7%   249 3810s
  8512  2833  282.61927   30  456  718.94947  282.61927  60.7%   250 3833s
  8536  2852  282.61927   31  448  718.94947  282.61927  60.7%   252 3873s
  8565  2866  282.61927   32  518  718.94947  282.61927  60.7%   257 3899s
  8590  2884  282.61927   32  445  718.94947  282.61927  60.7%   259 3927s
  8621  2921  282.61927   34  511  718.94947  282.61927  60.7%   261 3957s
H 8677  2777                     706.9243667  282.61927  60.0%   261 4076s
  8686  2788  391.89360   35  486  706.92437  282.61927  60.0%   262 4108s
  8712  2804  406.04543   36  532  706.92437  282.61927  60.0%   265 4145s
  8748  2822  282.61927   38  365  706.92437  282.61927  60.0%   267 4174s
  8784  2871  436.37443   39  434  706.92437  282.61927  60.0%   268 4210s
  8854  2915  436.26733   41  431  706.92437  282.61927  60.0%   270 4248s
  8930  2952  282.61927   44  430  706.92437  282.61927  60.0%   271 4284s
  9000  2980  282.61927   46  431  706.92437  282.61927  60.0%   272 4321s
  9057  3012  282.61927   49  377  706.92437  282.61927  60.0%   274 4360s
  9113  3054  282.61927   51  376  706.92437  282.61927  60.0%   277 4403s
  9184  3084  282.61927   52  460  706.92437  282.61927  60.0%   280 4442s
  9242  3146  282.61927   53  476  706.92437  282.61927  60.0%   281 4491s
  9323  3204  282.61927   55  488  706.92437  282.61927  60.0%   283 4536s
  9408  3250  282.61927   57  435  706.92437  282.61927  60.0%   284 4582s
  9484  3273  407.77380   58  461  706.92437  282.61927  60.0%   287 4622s
  9536  3349  282.61927   61  379  706.92437  282.61927  60.0%   288 4673s
  9633  3411  381.28127   64  527  706.92437  282.61927  60.0%   290 4727s
H 9730  3335                     705.0816000  282.61927  59.9%   291 4779s
H 9736  3215                     705.0815984  282.61927  59.9%   292 4779s
  9813  3297  282.61927   71  399  705.08160  282.61927  59.9%   292 4836s
  9925  3328  282.61927   74  416  705.08160  282.61927  59.9%   294 4883s
  9994  3423  282.61927   76  496  705.08160  282.61927  59.9%   295 4944s
 10116  3511  368.48960   78  524  705.08160  282.61927  59.9%   296 5008s
 10249  3599  406.29383   83  377  705.08160  282.61927  59.9%   297 5076s
 10384  3693  282.61927   88  419  705.08160  282.61927  59.9%   297 5145s
 10526  3770  282.61927   95  402  705.08160  282.61927  59.9%   298 5216s
 10651  3852  282.61927  100  381  705.08160  282.61927  59.9%   299 5287s
 10777  3942  282.61927  103  370  705.08160  282.61927  59.9%   301 5361s
 10914  3905  392.66594  107  484  705.08160  282.61927  59.9%   302 5560s
 10922  3983  282.61927  108  454  705.08160  282.61927  59.9%   302 5623s
H11012  3954                     703.1652651  282.61927  59.8%   303 6008s
H11022  3843                     702.8446997  282.61927  59.8%   306 6009s
 11140  3898  282.61927  112  486  702.84470  282.61927  59.8%   306 6082s
 11239  4041  417.64550  115  366  702.84470  282.61927  59.8%   308 6179s
 11419  4161  282.61927  121  427  702.84470  282.61927  59.8%   309 6280s
 11601  4377  392.01533  126  550  702.84470  282.61927  59.8%   311 6385s
 11882  4583  436.11597  131  501  702.84470  282.61927  59.8%   311 6496s
 12184  4814  282.61927  140  394  702.84470  282.61927  59.8%   311 6609s
 12533  4928  400.72467  147  414  702.84470  282.61927  59.8%   311 6706s
 12770  4991  282.61927  153  378  702.84470  282.61927  59.8%   312 6926s
 12912  5357  368.64650  159  385  702.84470  282.61927  59.8%   314 7055s
 13327  5624  282.61927  167  410  702.84470  282.61927  59.8%   314 7185s
 13738  5495  282.61927  178  440  702.84470  282.61927  59.8%   315 7200s

Cutting planes:
  Gomory: 13
  Implied bound: 369
  Projected implied bound: 1894
  MIR: 83
  Flow cover: 857
  RLT: 2
  Relax-and-lift: 5532

Explored 13746 nodes (4598054 simplex iterations) in 7201.05 seconds (12258.21 work units)
Thread count was 16 (of 16 available processors)

Solution count 10: 702.845 703.165 705.082 ... 729.953

Time limit reached
Best objective 7.028446997090e+02, best bound 2.826192666667e+02, gap 59.7892%

User-callback calls 432511, time in user-callback 4.93 sec
