
Gurobi 10.0.1 (win64) logging started Sun Sep 21 02:53:57 2025

Set parameter LogFile to value "log_group_6/bound_Expr158_s5_l1051_s11_e12_o20_d40_t7200_s18_1_0_0_0.log"
Gurobi Optimizer version 10.0.1 build v10.0.1rc0 (win64)

CPU model: Intel(R) Core(TM) i7-10700 CPU @ 2.90GHz, instruction set [SSE2|AVX|AVX2]
Thread count: 8 physical cores, 16 logical processors, using up to 16 threads

Optimize a model with 156070 rows, 155310 columns and 1546770 nonzeros
Model fingerprint: 0x24da260d
Variable types: 310 continuous, 155000 integer (155000 binary)
Coefficient statistics:
  Matrix range     [1e+00, 9e+02]
  Objective range  [1e+00, 1e+00]
  Bounds range     [1e+00, 1e+03]
  RHS range        [1e+00, 9e+02]
Presolve removed 149806 rows and 149546 columns
Presolve time: 1.11s
Presolved: 6264 rows, 5764 columns, 40299 nonzeros
Variable types: 270 continuous, 5494 integer (5491 binary)

Root relaxation: objective 0.000000e+00, 3877 iterations, 0.25 seconds (0.56 work units)

    Nodes    |    Current Node    |     Objective Bounds      |     Work
 Expl Unexpl |  Obj  Depth IntInf | Incumbent    BestBd   Gap | It/Node Time

     0     0    0.00000    0  108          -    0.00000      -     -    2s
H    0     0                    3334.4660333    0.00000   100%     -    2s
H    0     0                    2403.2454333    0.00000   100%     -    2s
H    0     0                    2161.0356000    0.00000   100%     -    2s
H    0     0                    1639.8599333    0.00000   100%     -    2s
     0     0    0.00000    0  244 1639.85993    0.00000   100%     -    2s
H    0     0                    1394.7468667    0.00000   100%     -    2s
H    0     0                    1179.2289667    0.00000   100%     -    2s
     0     0    0.00000    0  239 1179.22897    0.00000   100%     -    2s
H    0     0                     608.0722000    0.00000   100%     -    4s
H    0     0                     272.6014333    0.00000   100%     -    4s
H    0     0                     228.9789667    0.00000   100%     -    4s
H    0     0                     193.4101000    0.00000   100%     -    4s
H    0     0                     189.6489000    0.00000   100%     -    4s
     0     0    0.00000    0  121  189.64890    0.00000   100%     -    4s
     0     0    0.00000    0  154  189.64890    0.00000   100%     -    4s
     0     0    0.00000    0  145  189.64890    0.00000   100%     -    4s
     0     0    0.00000    0  132  189.64890    0.00000   100%     -    4s
H    0     0                     160.9445000    0.00000   100%     -    4s
H    0     0                     140.6128000    0.00000   100%     -    4s
     0     0    0.00000    0  122  140.61280    0.00000   100%     -    5s
     0     0    0.00000    0  217  140.61280    0.00000   100%     -    5s
     0     0    0.00000    0   77  140.61280    0.00000   100%     -    5s
H    0     0                     139.7909667    0.00000   100%     -    5s
     0     0    0.00000    0  199  139.79097    0.00000   100%     -    5s
     0     0    0.00000    0  198  139.79097    0.00000   100%     -    6s
     0     0    0.00000    0   73  139.79097    0.00000   100%     -    6s
H    0     0                     131.4003667    0.00000   100%     -    6s
     0     0    0.00000    0  136  131.40037    0.00000   100%     -    6s
     0     0    0.00000    0  136  131.40037    0.00000   100%     -    6s
     0     0    0.00000    0  248  131.40037    0.00000   100%     -    6s
     0     0    0.00000    0   78  131.40037    0.00000   100%     -    6s
H    0     0                     117.5234667    0.00000   100%     -    6s
     0     0    0.00000    0  212  117.52347    0.00000   100%     -    7s
     0     0    0.00000    0  263  117.52347    0.00000   100%     -    7s
     0     0    0.00000    0  186  117.52347    0.00000   100%     -    7s
     0     0    0.00000    0  231  117.52347    0.00000   100%     -    7s
     0     0    0.00000    0  128  117.52347    0.00000   100%     -    7s
H    0     0                     117.4538667    0.00000   100%     -    7s
     0     0    4.03220    0  221  117.45387    4.03220  96.6%     -    7s
     0     0    4.03220    0  169  117.45387    4.03220  96.6%     -    7s
     0     0    4.66433    0  180  117.45387    4.66433  96.0%     -    7s
     0     0    4.66433    0  168  117.45387    4.66433  96.0%     -    7s
     0     0    4.66433    0  171  117.45387    4.66433  96.0%     -    7s
     0     0    4.66433    0  181  117.45387    4.66433  96.0%     -    7s
     0     0    4.66433    0  161  117.45387    4.66433  96.0%     -    8s
     0     0    4.66433    0  161  117.45387    4.66433  96.0%     -    8s
     0     0    4.66433    0  147  117.45387    4.66433  96.0%     -    8s
     0     0    4.69400    0  233  117.45387    4.69400  96.0%     -    8s
     0     0    4.69400    0  238  117.45387    4.69400  96.0%     -    8s
     0     0    4.69400    0  194  117.45387    4.69400  96.0%     -    8s
     0     0    5.11640    0  194  117.45387    5.11640  95.6%     -    8s
     0     2    6.45024    0  194  117.45387    6.45024  94.5%     -    8s
   402   264  117.11627   41   52  117.45387   14.02668  88.1%   129   10s
  3224  1362     cutoff   35       117.45387   57.76398  50.8%  44.4   15s
 11186  2681  102.77738   54   50  117.45387   91.92882  21.7%  21.2   20s
 18770  3456  102.35428   68   47  117.45387  101.12276  13.9%  16.8   25s
 28246  2935     cutoff   72       117.45387  108.60991  7.53%  14.2   30s
 37144   710 infeasible   77       117.45387  114.44125  2.56%  12.8   35s

Cutting planes:
  Gomory: 1
  Implied bound: 65
  MIR: 26
  Inf proof: 1
  Zero half: 1
  RLT: 3
  Relax-and-lift: 41

Explored 39242 nodes (538974 simplex iterations) in 36.25 seconds (56.97 work units)
Thread count was 16 (of 16 available processors)

Solution count 10: 117.454 117.454 117.523 ... 272.601

Optimal solution found (tolerance 1.00e-04)
Best objective 1.174538666667e+02, best bound 1.174538666667e+02, gap 0.0000%

User-callback calls 82887, time in user-callback 0.10 sec
