
Gurobi 10.0.3 (win64) logging started Sun Sep 21 07:36:21 2025

Set parameter LogFile to value "log_group_6/bound_Expr265_s5_l1051_s11_e12_o20_d44_t1200_s15_0_1_0_1.log"
Gurobi Optimizer version 10.0.3 build v10.0.3rc0 (win64)

CPU model: 11th Gen Intel(R) Core(TM) i7-11700 @ 2.50GHz, instruction set [SSE2|AVX|AVX2|AVX512]
Thread count: 8 physical cores, 16 logical processors, using up to 16 threads

Optimize a model with 82345 rows, 80310 columns and 794740 nonzeros
Model fingerprint: 0xe6d9a10c
Variable types: 310 continuous, 80000 integer (80000 binary)
Coefficient statistics:
  Matrix range     [1e+00, 9e+02]
  Objective range  [1e+00, 1e+00]
  Bounds range     [1e+00, 1e+03]
  RHS range        [1e+00, 9e+02]
Presolve removed 76575 rows and 75035 columns
Presolve time: 0.81s
Presolved: 5770 rows, 5275 columns, 45214 nonzeros
Variable types: 270 continuous, 5005 integer (5001 binary)
Found heuristic solution: objective 550.2283333

Root relaxation: objective 8.482873e+01, 1579 iterations, 0.04 seconds (0.07 work units)

    Nodes    |    Current Node    |     Objective Bounds      |     Work
 Expl Unexpl |  Obj  Depth IntInf | Incumbent    BestBd   Gap | It/Node Time

     0     0   84.82873    0   40  550.22833   84.82873  84.6%     -    1s
H    0     0                     464.7031333   84.82873  81.7%     -    1s
     0     0   84.82873    0   48  464.70313   84.82873  81.7%     -    1s
H    0     0                     127.1155667   84.82873  33.3%     -    1s
H    0     0                     118.8035667   84.82873  28.6%     -    1s
     0     0   84.82873    0   42  118.80357   84.82873  28.6%     -    1s
     0     0   84.82873    0   45  118.80357   84.82873  28.6%     -    2s
     0     0   84.82873    0   55  118.80357   84.82873  28.6%     -    2s
     0     0   87.61040    0   36  118.80357   87.61040  26.3%     -    8s
     0     0   87.61040    0   37  118.80357   87.61040  26.3%     -    8s
     0     0   87.61040    0   38  118.80357   87.61040  26.3%     -    9s
     0     0   87.61040    0   36  118.80357   87.61040  26.3%     -    9s
H    0     0                     117.2756333   87.61040  25.3%     -   10s
     0     0   87.61040    0   36  117.27563   87.61040  25.3%     -   10s
H    0     0                     114.4433333   87.61040  23.4%     -   10s
     0     0   87.61040    0   37  114.44333   87.61040  23.4%     -   10s
H    0     0                     114.4433311   87.61040  23.4%     -   10s
H    0     0                     113.2533333   87.61040  22.6%     -   10s
     0     0   87.61040    0   36  113.25333   87.61040  22.6%     -   10s
H    0     0                     113.2343667   87.61040  22.6%     -   11s
     0     0   87.61040    0   36  113.23437   87.61040  22.6%     -   11s
     0     0   87.61040    0   36  113.23437   87.61040  22.6%     -   11s
   648   505   89.08640   11   27  113.23437   89.08640  21.3%  10.6   15s
H 1140   977                     113.1685333   89.08640  21.3%   6.4   16s
  9787  6122   98.82106   42   17  113.16853   98.82106  12.7%   5.0   34s
  9817  6148   99.32828   46   26  113.16853   99.21108  12.3%   5.1   35s
H10503  6410                     113.1157333   99.27722  12.2%   5.5   36s
 24717 13320 infeasible   82       113.11573   99.81683  11.8%   4.4   40s
 36932 18675  100.41132  101   15  113.11573   99.84938  11.7%   4.0   45s
 45401 24034  102.49432   65   11  113.11573  101.37815  10.4%   3.9   52s
 60930 29057  102.02773   76   25  113.11573  101.56339  10.2%   4.2   55s
 64598 31948  102.86657  127   13  113.11573  101.77259  10.0%   4.3   64s
 67325 32675     cutoff  102       113.11573  101.80223  10.0%   4.4   65s
 85489 43330  103.17977   84   11  113.11573  102.11585  9.72%   4.2   70s
 90361 22472  112.02069   84   12  113.11573  112.02069  0.97%   4.2   76s
 99835 29466  113.10290   67    7  113.11573  112.03857  0.95%   4.2   80s
 106357 35031  112.03884   70   18  113.11573  112.03857  0.95%   4.3   86s
 119617 40004  112.03935   85    5  113.11573  112.03935  0.95%   4.2   90s
 126055 42882  112.58022   83   12  113.11573  112.05802  0.94%   4.2   95s
 135699 45081 infeasible   99       113.11573  112.12727  0.87%   4.3  101s
 145601 52448  113.10290  139    9  113.11573  112.14594  0.86%   4.2  105s
 155956 57442     cutoff   90       113.11573  112.17033  0.84%   4.2  110s
 162284 59870  112.41201   88   20  113.11573  112.28728  0.73%   4.2  115s
 172194 63216  112.59888   92   11  113.11573  112.41695  0.62%   4.3  120s
 181167 68175  113.08423   95   22  113.11573  112.55677  0.49%   4.3  126s
 195104 75395  113.10320   92    7  113.11573  112.56155  0.49%   4.2  130s
 202748 79130     cutoff  124       113.11573  112.56155  0.49%   4.2  135s
 211692 82490  112.65868   89    5  113.11573  112.56155  0.49%   4.2  140s
 223545 88993  112.57457   80   14  113.11573  112.57457  0.48%   4.1  145s
 232281 93844  113.08423   84    7  113.11573  112.57457  0.48%   4.1  150s
 240021 97043  112.58097   96   14  113.11573  112.57457  0.48%   4.1  155s
 250741 102511  113.10290   87    3  113.11573  112.59323  0.46%   4.1  160s
 261540 108913  113.10290  107   11  113.11573  112.59323  0.46%   4.1  165s
 274718 116097  113.10290   72    7  113.11573  112.59323  0.46%   4.1  171s
 283955 120125  113.10290   77   10  113.11573  112.59323  0.46%   4.1  175s
 292479 124033 infeasible   56       113.11573  112.59888  0.46%   4.1  180s
 299984 123537  112.62718   87   15  113.11573  112.62718  0.43%   4.1  185s
 305764 122854  112.64087   77   13  113.11573  112.64070  0.42%   4.1  190s
 312810 121883  112.72520   66    9  113.11573  112.65937  0.40%   4.2  195s
 321498 121158  112.71118   73    7  113.11573  112.69348  0.37%   4.2  200s
 328710 120786     cutoff   80       113.11573  112.74307  0.33%   4.2  206s
 337154 121230  112.85663   74   11  113.11573  112.79103  0.29%   4.2  210s
 347757 119441  113.01710   68    9  113.11573  112.95127  0.15%   4.3  215s
 359040 125707     cutoff  145       113.11573  113.08423  0.03%   4.3  220s
 371661 130602  113.08423  138    5  113.11573  113.08423  0.03%   4.2  225s
 385468 130589  113.08423   91    5  113.11573  113.08423  0.03%   4.2  230s
 396882 130885     cutoff  141       113.11573  113.08423  0.03%   4.1  235s
 412051 130968     cutoff  126       113.11573  113.08423  0.03%   4.1  241s
 422205 130870  113.08424  165    6  113.11573  113.08423  0.03%   4.1  245s
 433643 130791     cutoff  131       113.11573  113.08423  0.03%   4.1  250s
 446075 130735  113.08423  131    7  113.11573  113.08423  0.03%   4.0  256s
 457120 130736 infeasible   97       113.11573  113.08423  0.03%   4.0  260s
 467552 130594 infeasible  127       113.11573  113.08423  0.03%   4.0  265s
 478278 130775     cutoff  112       113.11573  113.08423  0.03%   4.0  270s
 490018 130823     cutoff  106       113.11573  113.08423  0.03%   3.9  275s
 500982 131010  113.08423  123    5  113.11573  113.08423  0.03%   3.9  280s
 511273 131243     cutoff   98       113.11573  113.08423  0.03%   3.9  285s
 520300 131560  113.08423   96    9  113.11573  113.08423  0.03%   3.9  290s
 532134 131382     cutoff  111       113.11573  113.08423  0.03%   3.9  295s
 540956 131647  113.08432  153    8  113.11573  113.08423  0.03%   3.9  300s
 551210 131645  113.08423  144   11  113.11573  113.08423  0.03%   3.9  305s
 567397 131898     cutoff  139       113.11573  113.08423  0.03%   3.9  310s
 582435 132344     cutoff  107       113.11573  113.08423  0.03%   3.9  315s
 596646 132298     cutoff  133       113.11573  113.08423  0.03%   3.8  320s
 610438 133365  113.08423  126    5  113.11573  113.08423  0.03%   3.8  325s
 623196 134235  113.08423  106    3  113.11573  113.08423  0.03%   3.8  330s
 634400 134909     cutoff  137       113.11573  113.08423  0.03%   3.8  335s
 649133 135893     cutoff  180       113.11573  113.08423  0.03%   3.8  340s
 661749 137812     cutoff  139       113.11573  113.08423  0.03%   3.8  345s
 672432 139004  113.08423  142    5  113.11573  113.08423  0.03%   3.8  350s
 683199 139072     cutoff  125       113.11573  113.08423  0.03%   3.8  355s
 696112 138706  113.08423   97    3  113.11573  113.08423  0.03%   3.8  360s
 708157 140100  113.08423   98   20  113.11573  113.08423  0.03%   3.8  365s
 717720 141530  113.08423  111    7  113.11573  113.08423  0.03%   3.8  370s
 727537 142011  113.10290   95    7  113.11573  113.08423  0.03%   3.8  375s
 741659 144763  113.10290   84    7  113.11573  113.08423  0.03%   3.8  380s
 753366 147114     cutoff  104       113.11573  113.08423  0.03%   3.7  385s
 762710 150197  113.08423  113    3  113.11573  113.08423  0.03%   3.7  390s
 774181 152295     cutoff   87       113.11573  113.08423  0.03%   3.7  395s
 787479 153734  113.08423   87    9  113.11573  113.08423  0.03%   3.7  400s
 795979 155005  113.08423   92    3  113.11573  113.08423  0.03%   3.7  405s
 804397 156055     cutoff  105       113.11573  113.08423  0.03%   3.7  411s
 817584 157217  113.08423  164    5  113.11573  113.08423  0.03%   3.7  415s
 823244 157881  113.08423  105    7  113.11573  113.08423  0.03%   3.7  420s
 835874 159070  113.08423  127    5  113.11573  113.08423  0.03%   3.7  426s
 842238 159872     cutoff  144       113.11573  113.08423  0.03%   3.7  430s
 852097 160228  113.08423  147   20  113.11573  113.08423  0.03%   3.7  435s
 865092 160329  113.08423  145    3  113.11573  113.08423  0.03%   3.7  441s
 874243 161321  113.08423  120    3  113.11573  113.08423  0.03%   3.7  445s
 882768 162713  113.08423  132    5  113.11573  113.08423  0.03%   3.7  450s
 894501 165195     cutoff  169       113.11573  113.08423  0.03%   3.7  455s
 907405 167202  113.08423  123    3  113.11573  113.08423  0.03%   3.7  461s
 913225 167292     cutoff  115       113.11573  113.08423  0.03%   3.7  465s
 927607 167378  113.08423  176    7  113.11573  113.08423  0.03%   3.7  470s
 936010 168137  113.08423  108    3  113.11573  113.08423  0.03%   3.7  475s
 945536 168999     cutoff  165       113.11573  113.08423  0.03%   3.7  480s
 957487 169899  113.08423   85    7  113.11573  113.08423  0.03%   3.7  485s
 968521 171596     cutoff  167       113.11573  113.08423  0.03%   3.7  490s
 979394 172776     cutoff  115       113.11573  113.08423  0.03%   3.7  495s
 990534 173876  113.08423  139    3  113.11573  113.08423  0.03%   3.6  500s
 1004514 175466  113.08423  160    3  113.11573  113.08423  0.03%   3.6  505s
 1016128 175925  113.08423  113    3  113.11573  113.08423  0.03%   3.6  510s
 1028642 176947  113.08423  149    3  113.11573  113.08423  0.03%   3.6  515s
 1036756 177674     cutoff   69       113.11573  113.08423  0.03%   3.6  520s
 1050664 178557     cutoff  138       113.11573  113.08423  0.03%   3.6  525s
 1059801 179781  113.08423  165    9  113.11573  113.08423  0.03%   3.6  530s
 1073140 180196     cutoff  137       113.11573  113.08423  0.03%   3.6  535s
 1086499 180842     cutoff  184       113.11573  113.08423  0.03%   3.6  540s
 1097828 181252     cutoff  102       113.11573  113.08423  0.03%   3.6  545s
 1111075 182128     cutoff  126       113.11573  113.08423  0.03%   3.6  550s
 1124405 182394     cutoff  140       113.11573  113.08423  0.03%   3.6  555s
 1133230 183191  113.08423  135   10  113.11573  113.08423  0.03%   3.6  560s
 1142243 183909  113.08423  123    3  113.11573  113.08423  0.03%   3.6  565s
 1151649 183965     cutoff  163       113.11573  113.08423  0.03%   3.6  570s
 1165876 184926  113.08423  120    5  113.11573  113.08423  0.03%   3.6  576s
 1174977 185913  113.08423   79    7  113.11573  113.08423  0.03%   3.6  580s
 1183758 186705     cutoff  181       113.11573  113.08423  0.03%   3.6  585s
 1196268 187426  113.08423  106    5  113.11573  113.08423  0.03%   3.6  591s
 1206514 187646     cutoff  121       113.11573  113.08423  0.03%   3.6  595s
 1216635 187985  113.08423  151    3  113.11573  113.08423  0.03%   3.6  600s
 1226578 188236  113.08423  154    7  113.11573  113.08423  0.03%   3.6  605s
 1238355 188251     cutoff  158       113.11573  113.08423  0.03%   3.6  610s
 1248918 188330  113.08426  142   11  113.11573  113.08423  0.03%   3.6  615s
 1259494 189307 infeasible  100       113.11573  113.08423  0.03%   3.6  621s
 1267539 190230     cutoff  123       113.11573  113.08423  0.03%   3.6  625s
 1279515 191112 infeasible  133       113.11573  113.08423  0.03%   3.6  630s
 1290489 191580  113.08423  109    3  113.11573  113.08423  0.03%   3.6  635s
 1305759 193167 infeasible   98       113.11573  113.08423  0.03%   3.6  641s
 1320805 193707  113.08423  119    3  113.11573  113.08423  0.03%   3.6  645s
 1332705 194809  113.08423  126    9  113.11573  113.08423  0.03%   3.6  650s
 1345087 195953  113.08423  119    3  113.11573  113.08423  0.03%   3.6  655s
 1355126 196491     cutoff  124       113.11573  113.08423  0.03%   3.6  660s
 1367212 197683     cutoff  120       113.11573  113.08423  0.03%   3.6  665s
 1377797 198801  113.08423  139    3  113.11573  113.08423  0.03%   3.6  670s
 1386616 199632  113.08423  146    3  113.11573  113.08423  0.03%   3.6  675s
 1398822 200636  113.08423   98    3  113.11573  113.08423  0.03%   3.6  680s
 1408630 201702  113.08423  130    7  113.11573  113.08423  0.03%   3.6  685s
 1417784 202358  113.08423  159   28  113.11573  113.08423  0.03%   3.6  690s
 1426017 202566  113.10102  157   14  113.11573  113.08423  0.03%   3.5  695s
 1435206 203095  113.08423  164    3  113.11573  113.08423  0.03%   3.5  700s
 1448099 204270  113.08423  103    5  113.11573  113.08423  0.03%   3.5  705s
 1457583 204721  113.08423  100    3  113.11573  113.08423  0.03%   3.5  710s
 1469263 204654  113.08423  158    7  113.11573  113.08423  0.03%   3.5  715s
 1480019 205109     cutoff  125       113.11573  113.08423  0.03%   3.5  720s
 1489376 205145  113.08423  152    7  113.11573  113.08423  0.03%   3.5  725s
 1500775 205632  113.08423  121    7  113.11573  113.08423  0.03%   3.5  730s
 1512887 205450     cutoff  137       113.11573  113.08423  0.03%   3.5  735s
 1520079 205580  113.08423  104    7  113.11573  113.08423  0.03%   3.5  740s
 1532699 205791     cutoff   99       113.11573  113.08423  0.03%   3.6  746s
 1539791 205754  113.08423  121    7  113.11573  113.08423  0.03%   3.6  750s
 1551161 206197  113.08423  150    3  113.11573  113.08423  0.03%   3.6  755s
 1563054 206342  113.08423  158    3  113.11573  113.08423  0.03%   3.6  760s
 1571295 206274  113.08426  185   12  113.11573  113.08423  0.03%   3.6  765s
 1581885 206592     cutoff  157       113.11573  113.08423  0.03%   3.6  771s
 1589382 206664  113.08423  181   18  113.11573  113.08423  0.03%   3.6  775s
 1599014 206910     cutoff  170       113.11573  113.08423  0.03%   3.6  780s
 1611946 207155  113.08423  163    3  113.11573  113.08423  0.03%   3.6  785s
 1620565 207397     cutoff  183       113.11573  113.08423  0.03%   3.6  790s
 1629781 207602     cutoff  120       113.11573  113.08423  0.03%   3.6  795s
 1641590 207687     cutoff  164       113.11573  113.08423  0.03%   3.6  800s
 1651359 207329  113.08425  197   14  113.11573  113.08423  0.03%   3.6  805s
 1662599 207728     cutoff  134       113.11573  113.08423  0.03%   3.6  810s
 1670425 207812  113.08423   88    5  113.11573  113.08423  0.03%   3.6  815s
 1679142 207617  113.08423  112    9  113.11573  113.08423  0.03%   3.6  820s
 1690631 207954     cutoff  201       113.11573  113.08423  0.03%   3.6  825s
 1697906 207800     cutoff  188       113.11573  113.08423  0.03%   3.6  830s
 1708535 208023     cutoff  190       113.11573  113.08423  0.03%   3.6  835s
 1714675 207970     cutoff  191       113.11573  113.08423  0.03%   3.6  840s
 1725525 208382  113.08423  161    3  113.11573  113.08423  0.03%   3.6  845s
 1739408 208641  113.08423  188    3  113.11573  113.08423  0.03%   3.6  850s
 1747489 208608     cutoff   94       113.11573  113.08423  0.03%   3.6  855s
 1756053 208996  113.08423  184    7  113.11573  113.08423  0.03%   3.6  860s
 1769586 210059 infeasible   94       113.11573  113.08423  0.03%   3.6  865s
 1785074 210971     cutoff  205       113.11573  113.08423  0.03%   3.6  870s
 1800825 211866     cutoff  164       113.11573  113.08423  0.03%   3.6  875s
 1816529 212844  113.08423  122    5  113.11573  113.08423  0.03%   3.6  881s
 1827160 213715  113.08423   93    9  113.11573  113.08423  0.03%   3.6  885s
 1836993 213832  113.08423  150    3  113.11573  113.08423  0.03%   3.6  890s
 1850026 214379     cutoff  131       113.11573  113.08423  0.03%   3.6  895s
 1860342 214912     cutoff  105       113.11573  113.08423  0.03%   3.6  900s
 1871022 215188     cutoff  156       113.11573  113.08423  0.03%   3.6  906s
 1880082 215274  113.08423  146    5  113.11573  113.08423  0.03%   3.6  910s
 1889488 215435  113.08423  120    5  113.11573  113.08423  0.03%   3.6  915s
 1903963 216178     cutoff   76       113.11573  113.08423  0.03%   3.6  920s
 1913714 216190     cutoff  171       113.11573  113.08423  0.03%   3.6  925s
 1923365 216381     cutoff  122       113.11573  113.08423  0.03%   3.6  930s
 1937740 217200  113.08423  160    7  113.11573  113.08423  0.03%   3.6  936s
 1948616 218269     cutoff  156       113.11573  113.08423  0.03%   3.6  940s
 1959185 218673  113.08423  116    7  113.11573  113.08423  0.03%   3.5  945s
 1968736 219553  113.08423   93    5  113.11573  113.08423  0.03%   3.5  950s
 1980689 219652     cutoff  151       113.11573  113.08423  0.03%   3.5  955s
 1991108 219961  113.08423  182    5  113.11573  113.08423  0.03%   3.5  960s
 2003675 220714  113.08423  136    3  113.11573  113.08423  0.03%   3.5  965s
 2018415 221510     cutoff  204       113.11573  113.08423  0.03%   3.5  971s
 2029645 222194  113.08423  132    3  113.11573  113.08423  0.03%   3.5  975s
 2041859 222712     cutoff  177       113.11573  113.08423  0.03%   3.5  980s
 2052798 223545  113.08423  127    3  113.11573  113.08423  0.03%   3.5  985s
 2064810 223603  113.08423  136    7  113.11573  113.08423  0.03%   3.5  990s
 2074722 224055     cutoff  175       113.11573  113.08423  0.03%   3.5  995s
 2084594 224611     cutoff  152       113.11573  113.08423  0.03%   3.5 1000s
 2097289 225522  113.08456  131    9  113.11573  113.08423  0.03%   3.5 1005s
 2106831 227036     cutoff  182       113.11573  113.08423  0.03%   3.5 1010s
 2116185 227275     cutoff  164       113.11573  113.08423  0.03%   3.5 1015s
 2128538 227497  113.08423  149    7  113.11573  113.08423  0.03%   3.5 1020s
 2137351 228259     cutoff  135       113.11573  113.08423  0.03%   3.5 1025s
 2148079 228372  113.08423  150    3  113.11573  113.08423  0.03%   3.5 1030s
 2159727 228947  113.08423  132    5  113.11573  113.08423  0.03%   3.5 1035s
 2170307 229322     cutoff  158       113.11573  113.08423  0.03%   3.5 1040s
 2180817 229632  113.08423  127    7  113.11573  113.08423  0.03%   3.5 1045s
 2192836 229905     cutoff  114       113.11573  113.08423  0.03%   3.5 1050s
 2200816 229924  113.08423  117    3  113.11573  113.08423  0.03%   3.5 1055s
 2213632 230035  113.08423  100    7  113.11573  113.08423  0.03%   3.5 1060s
 2222518 230186  113.08423  152    3  113.11573  113.08423  0.03%   3.5 1065s
 2232658 230603     cutoff  187       113.11573  113.08423  0.03%   3.5 1070s
 2244791 231162     cutoff  138       113.11573  113.08423  0.03%   3.5 1076s
 2251320 230910  113.08423  126    5  113.11573  113.08423  0.03%   3.5 1080s
 2258275 231384  113.08423  113    3  113.11573  113.08423  0.03%   3.5 1085s
 2267674 231604     cutoff  108       113.11573  113.08423  0.03%   3.5 1090s
 2276743 231667  113.08423  128    3  113.11573  113.08423  0.03%   3.5 1095s
 2288941 231878     cutoff  158       113.11573  113.08423  0.03%   3.5 1100s
 2298473 232109     cutoff  124       113.11573  113.08423  0.03%   3.5 1105s
 2310379 232073     cutoff  117       113.11573  113.08423  0.03%   3.5 1111s
 2319023 232356  113.08423  124    3  113.11573  113.08423  0.03%   3.5 1115s
 2327867 232680  113.08423  125    5  113.11573  113.08423  0.03%   3.5 1120s
 2338946 232843  113.08423  153    8  113.11573  113.08423  0.03%   3.5 1125s
 2346362 233165  113.08423  122    3  113.11573  113.08423  0.03%   3.5 1130s
 2356362 233411     cutoff  123       113.11573  113.08423  0.03%   3.5 1136s
 2365928 233390 infeasible  152       113.11573  113.08423  0.03%   3.5 1140s
 2372134 233473     cutoff  100       113.11573  113.08423  0.03%   3.5 1146s
 2381393 233814     cutoff  169       113.11573  113.08423  0.03%   3.5 1150s
 2391831 233793     cutoff  174       113.11573  113.08423  0.03%   3.5 1155s
 2404106 233758  113.08423  148    3  113.11573  113.08423  0.03%   3.5 1161s
 2414628 233833  113.08423  130    7  113.11573  113.08423  0.03%   3.5 1165s
 2425705 234160  113.08423  157    7  113.11573  113.08423  0.03%   3.5 1170s
 2436652 235345  113.08423  198    5  113.11573  113.08423  0.03%   3.5 1176s
 2442235 235703  113.08423  195   25  113.11573  113.08423  0.03%   3.5 1180s
 2451503 235985     cutoff   84       113.11573  113.08423  0.03%   3.5 1186s
 2462111 236097     cutoff  135       113.11573  113.08423  0.03%   3.5 1190s
 2472270 236100  113.08423  118   10  113.11573  113.08423  0.03%   3.5 1195s
 2483272 236000     cutoff  101       113.11573  113.08423  0.03%   3.5 1200s

Cutting planes:
  Gomory: 4
  Implied bound: 87
  MIR: 7
  Relax-and-lift: 29

Explored 2483693 nodes (8755812 simplex iterations) in 1200.46 seconds (882.92 work units)
Thread count was 16 (of 16 available processors)

Solution count 10: 113.116 113.169 113.234 ... 550.228

Time limit reached
Best objective 1.131157333333e+02, best bound 1.130842330072e+02, gap 0.0278%

User-callback calls 4969244, time in user-callback 5.79 sec
