
Gurobi 10.0.0 (win64) logging started Sun Sep 21 03:13:01 2025

Set parameter LogFile to value "log_group_6/bound_Expr190_s3_l1051_s11_e12_o10_d20_t7200_s10_1_1_1_0.log"
Gurobi Optimizer version 10.0.0 build v10.0.0rc2 (win64)

CPU model: Intel(R) Core(TM) i7-10700 CPU @ 2.90GHz, instruction set [SSE2|AVX|AVX2]
Thread count: 8 physical cores, 16 logical processors, using up to 16 threads

Optimize a model with 18984 rows, 18180 columns and 237904 nonzeros
Model fingerprint: 0x08ad93ab
Variable types: 180 continuous, 18000 integer (18000 binary)
Coefficient statistics:
  Matrix range     [6e-01, 8e+02]
  Objective range  [1e+00, 1e+00]
  Bounds range     [1e+00, 1e+03]
  RHS range        [1e+00, 8e+02]
Presolve removed 17778 rows and 17270 columns
Presolve time: 0.13s
Presolved: 1206 rows, 910 columns, 11851 nonzeros
Variable types: 108 continuous, 802 integer (801 binary)
Found heuristic solution: objective 207.9258667

Root relaxation: objective 1.400123e+01, 513 iterations, 0.01 seconds (0.02 work units)

    Nodes    |    Current Node    |     Objective Bounds      |     Work
 Expl Unexpl |  Obj  Depth IntInf | Incumbent    BestBd   Gap | It/Node Time

     0     0   14.00123    0   56  207.92587   14.00123  93.3%     -    0s
H    0     0                     159.1261667   14.00123  91.2%     -    0s
     0     0   14.00123    0   34  159.12617   14.00123  91.2%     -    0s
H    0     0                     148.5405667   14.00123  90.6%     -    0s
H    0     0                      99.8972667   14.00123  86.0%     -    0s
     0     0   14.00123    0   24   99.89727   14.00123  86.0%     -    0s
     0     0   18.09873    0   22   99.89727   18.09873  81.9%     -    0s
     0     0   18.09873    0   22   99.89727   18.09873  81.9%     -    0s
H    0     0                      75.5206667   18.09873  76.0%     -    0s
     0     0   18.09873    0   20   75.52067   18.09873  76.0%     -    0s
     0     0   18.09873    0   18   75.52067   18.09873  76.0%     -    0s
     0     0   18.09873    0   19   75.52067   18.09873  76.0%     -    0s
     0     0   18.09873    0   17   75.52067   18.09873  76.0%     -    0s
     0     0   18.34587    0   29   75.52067   18.34587  75.7%     -    0s
     0     0   18.50023    0   27   75.52067   18.50023  75.5%     -    0s
     0     0   18.56251    0   27   75.52067   18.56251  75.4%     -    0s
     0     0   32.70221    0   28   75.52067   32.70221  56.7%     -    0s
     0     0   33.89736    0   26   75.52067   33.89736  55.1%     -    0s
     0     0   33.91364    0   27   75.52067   33.91364  55.1%     -    0s
     0     0   43.68456    0   26   75.52067   43.68456  42.2%     -    0s
     0     0   43.73447    0   26   75.52067   43.73447  42.1%     -    0s
     0     0   43.73447    0   26   75.52067   43.73447  42.1%     -    0s
H    0     0                      72.2089667   43.73447  39.4%     -    0s
     0     0   50.14848    0   22   72.20897   50.14848  30.6%     -    0s
H    0     0                      67.0863667   50.14848  25.2%     -    0s
     0     0   50.14848    0   21   67.08637   50.14848  25.2%     -    0s
     0     0   50.14848    0   25   67.08637   50.14848  25.2%     -    0s
     0     0   50.14848    0   24   67.08637   50.14848  25.2%     -    0s
     0     0   50.14848    0   19   67.08637   50.14848  25.2%     -    0s
     0     0   50.14848    0   22   67.08637   50.14848  25.2%     -    0s
     0     0   51.78754    0   19   67.08637   51.78754  22.8%     -    0s
     0     0   51.78754    0   18   67.08637   51.78754  22.8%     -    0s
     0     0   51.78754    0   20   67.08637   51.78754  22.8%     -    0s
     0     0   51.78754    0   22   67.08637   51.78754  22.8%     -    0s
     0     0   51.78754    0   18   67.08637   51.78754  22.8%     -    0s
     0     0   51.78754    0   16   67.08637   51.78754  22.8%     -    0s
     0     2   51.78754    0   14   67.08637   51.78754  22.8%     -    0s
H   34    32                      59.0162667   53.60587  9.17%  13.1    0s
H   80    35                      56.0348667   53.60587  4.33%   8.0    0s
*  137    17              18      55.1090667   53.60587  2.73%   7.8    0s
H  161     4                      53.6058667   53.60587  0.00%   7.3    0s

Cutting planes:
  Gomory: 1
  Cover: 4
  Implied bound: 5
  MIR: 9
  GUB cover: 2
  Inf proof: 3
  Zero half: 8
  RLT: 4
  Relax-and-lift: 16

Explored 169 nodes (5592 simplex iterations) in 0.57 seconds (0.78 work units)
Thread count was 16 (of 16 available processors)

Solution count 10: 53.6059 55.1091 56.0349 ... 159.126

Optimal solution found (tolerance 1.00e-04)
Best objective 5.360586666664e+01, best bound 5.360586666664e+01, gap 0.0000%

User-callback calls 1538, time in user-callback 0.00 sec
