
Gurobi 10.0.3 (win64) logging started Sun Sep 21 05:28:19 2025

Set parameter LogFile to value "log_group_6/bound_Expr288_s5_l1051_s11_e12_o20_d42_t1200_s13_0_1_1_1.log"
Gurobi Optimizer version 10.0.3 build v10.0.3rc0 (win64)

CPU model: 11th Gen Intel(R) Core(TM) i7-11700 @ 2.50GHz, instruction set [SSE2|AVX|AVX2|AVX512]
Thread count: 8 physical cores, 16 logical processors, using up to 16 threads

Optimize a model with 158970 rows, 155310 columns and 1931490 nonzeros
Model fingerprint: 0x072ad1df
Variable types: 310 continuous, 155000 integer (155000 binary)
Coefficient statistics:
  Matrix range     [1e+00, 9e+02]
  Objective range  [1e+00, 1e+00]
  Bounds range     [1e+00, 1e+03]
  RHS range        [1e+00, 9e+02]
Presolve removed 158409 rows and 154848 columns
Presolve time: 1.59s
Presolved: 561 rows, 462 columns, 7487 nonzeros
Variable types: 58 continuous, 404 integer (402 binary)
Found heuristic solution: objective 404.0099999
Found heuristic solution: objective 278.5834999

Root relaxation: objective 1.039658e+02, 237 iterations, 0.00 seconds (0.00 work units)

    Nodes    |    Current Node    |     Objective Bounds      |     Work
 Expl Unexpl |  Obj  Depth IntInf | Incumbent    BestBd   Gap | It/Node Time

     0     0  103.96583    0   16  278.58350  103.96583  62.7%     -    1s
H    0     0                     198.8804999  103.96583  47.7%     -    1s
     0     0  103.96583    0   20  198.88050  103.96583  47.7%     -    1s
H    0     0                     164.2567999  103.96583  36.7%     -    1s
H    0     0                     142.1882999  103.96583  26.9%     -    1s
H    0     0                     132.6592999  103.96583  21.6%     -    1s
H    0     0                     125.3816999  103.96583  17.1%     -    1s
     0     0  103.96583    0   16  125.38170  103.96583  17.1%     -    1s
     0     0  103.96583    0   16  125.38170  103.96583  17.1%     -    1s
     0     0  103.96583    0   16  125.38170  103.96583  17.1%     -    1s
     0     0  103.96583    0   16  125.38170  103.96583  17.1%     -    1s
     0     0  103.96583    0   18  125.38170  103.96583  17.1%     -    1s
     0     0  103.96583    0   18  125.38170  103.96583  17.1%     -    1s
     0     0  103.96583    0   16  125.38170  103.96583  17.1%     -    1s
     0     0  103.96583    0   16  125.38170  103.96583  17.1%     -    1s
     0     0  103.96583    0   16  125.38170  103.96583  17.1%     -    1s
H    0     0                     124.1773999  103.96583  16.3%     -    1s
     0     0  103.96583    0   16  124.17740  103.96583  16.3%     -    1s
H    0     0                     121.9288999  103.96583  14.7%     -    1s
     0     2  103.96583    0   16  121.92890  103.96583  14.7%     -    1s
H   79    79                     121.8208999  103.96583  14.7%  13.6    2s
H  214   172                     121.8208984  103.96583  14.7%   7.7    2s
  1820  1576  116.51550   40   10  121.82090  116.51550  4.36%   4.3    5s
 41788 25295  117.91900  102    7  121.82090  116.51550  4.36%   3.2   10s
 63417 34636  117.53710   80    4  121.82090  116.51550  4.36%   3.1   15s
 151773 66898  119.39400  101    4  121.82090  116.51550  4.36%   2.9   20s
H169552 77061                     121.8208983  116.51550  4.36%   2.9   20s
 236989 111986 infeasible  126       121.82090  116.51550  4.36%   3.1   25s
H284556 137063                     121.8208966  116.51550  4.36%   3.1   29s
 304253 149244  120.59200  109    2  121.82090  116.51550  4.36%   3.2   30s
 384235 190337     cutoff  109       121.82090  116.51550  4.36%   3.2   35s
H423441 208115                     121.8208960  116.51550  4.36%   3.2   37s
H429812 212084                     121.8208952  116.51550  4.36%   3.2   38s
H434541 213684                     121.8208950  116.51550  4.36%   3.2   38s
H450070 221650                     121.8208945  116.51550  4.36%   3.2   39s
 454224 225050     cutoff  165       121.82089  116.51550  4.36%   3.2   40s
 526212 257153 infeasible  139       121.82089  116.51550  4.36%   3.3   45s
 601067 288111  116.51550  139   12  121.82089  116.51550  4.36%   3.4   50s
 679401 328060  117.52540  167    4  121.82089  116.51550  4.36%   3.4   55s
 760432 358413  117.92425  106    2  121.82089  116.63460  4.26%   3.4   60s
 870288 408445  120.52480  115    2  121.82089  116.63460  4.26%   3.5   65s
 977454 450145     cutoff  123       121.82089  116.63460  4.26%   3.5   70s
 1072178 482745  120.84250   92    2  121.82089  116.63460  4.26%   3.5   75s
 1177705 520658  120.52480  148    2  121.82089  116.63460  4.26%   3.5   80s
 1280829 559073     cutoff   86       121.82089  116.63460  4.26%   3.5   85s
 1390236 606035  121.50320  144    2  121.82089  116.63460  4.26%   3.5   90s
 1499710 652773  117.88930  123    2  121.82089  116.63460  4.26%   3.4   95s
 1597756 691645  121.50320  124    2  121.82089  116.63460  4.26%   3.4  100s
 1676783 708683     cutoff  174       121.82089  116.64690  4.25%   3.4  105s
 1763746 738417  120.52480  137    2  121.82089  116.76600  4.15%   3.4  110s
 1875552 782021  119.37480  138    2  121.82089  117.49390  3.55%   3.4  115s
 1980896 817031  118.48351  159   14  121.82089  117.49390  3.55%   3.3  120s
 2088805 865619     cutoff  166       121.82089  117.49390  3.55%   3.3  125s
 2209554 923270  117.83260  121    8  121.82089  117.49390  3.55%   3.3  130s
 2326100 978770  119.48220   83    4  121.82089  117.49390  3.55%   3.3  135s
 2435829 1031312  119.71110  123    2  121.82089  117.49390  3.55%   3.3  140s
 2548885 1078847     cutoff  139       121.82089  117.49390  3.55%   3.3  145s
H2555985 1080529                     121.8208940  117.49390  3.55%   3.3  145s
 2652740 1121024  118.83652  128    2  121.82089  117.49390  3.55%   3.3  150s
 2763113 1171859  119.71110  100    2  121.82089  117.50380  3.54%   3.3  155s
 2871433 1216944  119.71110  123    9  121.82089  117.50380  3.54%   3.3  160s
 2987594 1265646  117.50380   90   10  121.82089  117.50380  3.54%   3.3  165s
 3109327 1319393  119.48220  211    4  121.82089  117.50380  3.54%   3.3  170s
 3221432 1372709  119.48220  155    4  121.82089  117.50380  3.54%   3.3  175s
 3350323 1435506     cutoff  122       121.82089  117.50380  3.54%   3.3  180s
 3460856 1483375  119.61360  136    4  121.82089  117.50380  3.54%   3.3  185s
 3569757 1523812  120.71256  189    2  121.82089  117.50560  3.54%   3.3  190s
 3695740 1574784     cutoff  172       121.82089  117.50560  3.54%   3.3  195s
 3811262 1623848  118.63188  159    4  121.82089  117.50560  3.54%   3.3  200s
 3936385 1685552  119.71665  149    2  121.82089  117.50560  3.54%   3.3  205s
 4057766 1745428     cutoff  122       121.82089  117.50560  3.54%   3.3  210s
 4176522 1804347  119.51730  101    4  121.82089  117.50560  3.54%   3.3  215s
 4296666 1863214 infeasible  106       121.82089  117.50560  3.54%   3.3  220s
 4416883 1925520  120.75790  177    6  121.82089  117.50560  3.54%   3.3  225s
 4543061 1985174  119.76069  146    2  121.82089  117.50560  3.54%   3.3  230s
 4657611 2031288 infeasible  129       121.82089  117.50812  3.54%   3.3  235s
 4765959 2070598  120.59362  126    2  121.82089  117.51627  3.53%   3.3  240s
H4779726 2077790                     121.8208930  117.52540  3.53%   3.3  240s
H4838672 2105725                     121.8208925  117.52540  3.53%   3.3  243s
 4866626 2120664  119.40918  133    2  121.82089  117.52540  3.53%   3.3  245s
 4986800 2166262  120.71110  170    2  121.82089  117.52540  3.53%   3.3  250s
 5107762 2219221 infeasible  106       121.82089  117.52540  3.53%   3.3  255s
 5234958 2288384  120.68466   95    2  121.82089  117.52540  3.53%   3.3  260s
 5351525 2343024  120.67840  133    2  121.82089  117.52540  3.53%   3.3  265s
 5473190 2403860 infeasible  100       121.82089  117.52540  3.53%   3.3  270s
 5599836 2469773     cutoff  123       121.82089  117.52540  3.53%   3.3  275s
 5717227 2531843  119.80311  188    2  121.82089  117.52540  3.53%   3.3  280s
 5836837 2575633     cutoff  122       121.82089  117.52540  3.53%   3.3  285s
 5955408 2623027     cutoff  122       121.82089  117.52720  3.52%   3.3  290s
 6062931 2669581     cutoff  142       121.82089  117.52720  3.52%   3.3  295s
 6170956 2716782  117.52720  124    4  121.82089  117.52720  3.52%   3.3  300s
 6289038 2770977     cutoff  140       121.82089  117.52720  3.52%   3.3  305s
 6397989 2811776  117.92313  141    2  121.82089  117.53068  3.52%   3.3  310s
 6507217 2846212  117.66850  126    4  121.82089  117.53710  3.52%   3.3  315s
 6616447 2892375     cutoff  187       121.82089  117.53710  3.52%   3.3  320s
 6727269 2939424  119.92164  136    2  121.82089  117.53710  3.52%   3.3  325s
 6835253 2973222  120.48220  134    6  121.82089  117.55036  3.51%   3.3  330s
 6942444 3021959     cutoff  155       121.82089  117.60370  3.46%   3.3  335s
 7008986 3026825  117.83260  120    8  121.82089  117.60370  3.46%   3.3  340s
 7118373 3073263  120.59200  118    2  121.82089  117.60370  3.46%   3.3  345s
 7224836 3117068  117.83260  109    2  121.82089  117.60370  3.46%   3.3  350s
 7333009 3160814  117.83260  136    2  121.82089  117.60370  3.46%   3.3  355s
 7436184 3202633  117.83260  118    2  121.82089  117.60370  3.46%   3.3  360s
 7535001 3243007  119.83260  118    5  121.82089  117.60370  3.46%   3.3  365s
 7623689 3256104  119.38103  154    2  121.82089  117.60532  3.46%   3.3  370s
 7705174 3278840     cutoff  153       121.82089  117.61024  3.46%   3.4  375s
 7799350 3311665     cutoff  120       121.82089  117.61360  3.45%   3.4  380s
 7900241 3350400     cutoff  107       121.82089  117.61360  3.45%   3.4  385s
 8003113 3390337     cutoff  124       121.82089  117.61360  3.45%   3.4  390s
 8095552 3417134     cutoff  138       121.82089  117.61360  3.45%   3.4  395s
 8190800 3443081  117.88350  159    2  121.82089  117.62710  3.44%   3.4  400s
 8282980 3478220 infeasible  116       121.82089  117.62710  3.44%   3.4  405s
 8378621 3512179  117.62710  105    4  121.82089  117.62710  3.44%   3.4  410s
 8473726 3548914  117.62710  117    4  121.82089  117.62710  3.44%   3.4  415s
 8564252 3582378  117.86770   97    2  121.82089  117.62710  3.44%   3.4  420s
 8644915 3612131 infeasible   96       121.82089  117.62710  3.44%   3.4  425s
 8742749 3647812 infeasible  187       121.82089  117.62710  3.44%   3.4  430s
 8787281 3650283  119.86770  154    2  121.82089  117.63236  3.44%   3.4  435s
 8851231 3666851  121.50320  158    8  121.82089  117.63460  3.44%   3.5  440s
 8931746 3687861  121.50320  150    8  121.82089  117.64099  3.43%   3.5  445s
 9031934 3726352  117.64870   80    4  121.82089  117.64870  3.42%   3.5  450s
 9109242 3754741 infeasible   95       121.82089  117.64870  3.42%   3.5  455s
 9209068 3795176  118.88930  132    2  121.82089  117.64870  3.42%   3.5  460s
 9276019 3813944  119.40630  197    2  121.82089  117.65680  3.42%   3.5  465s
 9372225 3855657  120.67840  110    9  121.82089  117.65680  3.42%   3.5  470s
 9457797 3888061 infeasible  139       121.82089  117.65680  3.42%   3.5  475s
 9545269 3923575  117.66077  153    4  121.82089  117.65680  3.42%   3.5  480s
 9634478 3960935     cutoff  108       121.82089  117.65680  3.42%   3.5  485s
 9728954 4001329 infeasible  109       121.82089  117.65680  3.42%   3.5  490s
 9819574 4027379  117.66474  132    7  121.82089  117.66076  3.41%   3.5  495s
 9856211 4031455  117.91900  140    8  121.82089  117.66850  3.41%   3.5  500s
 9926767 4051501  118.67375  151    4  121.82089  117.66850  3.41%   3.5  505s
 10019899 4088862  117.92426  119    2  121.82089  117.66850  3.41%   3.5  510s
 10097868 4108452     cutoff  149       121.82089  117.67900  3.40%   3.5  515s
 10200198 4143658     cutoff  155       121.82089  117.73270  3.36%   3.5  520s
 10311258 4190891  119.71943  162    6  121.82089  117.73270  3.36%   3.5  525s
 10422040 4229539     cutoff  131       121.82089  117.74620  3.34%   3.5  530s
 10511706 4256031  120.75937  178    4  121.82089  117.76780  3.33%   3.5  535s
 10600347 4280867  118.91900  151    2  121.82089  117.78760  3.31%   3.5  540s
 10700456 4250532     cutoff  119       121.82089  117.83260  3.27%   3.5  545s
H10758068 4201585                     121.8185514  117.83260  3.27%   3.5  547s
 10804187 4153875     cutoff  133       121.81855  117.83260  3.27%   3.5  550s
 10918819 4051683     cutoff  109       121.81855  117.84250  3.26%   3.5  555s
 11053547 3933678     cutoff  149       121.81855  117.84772  3.26%   3.5  560s
 11202800 3804915     cutoff  127       121.81855  117.87296  3.24%   3.5  565s
 11337778 3694863     cutoff  186       121.81855  117.88930  3.23%   3.5  570s
 11479848 3581111 infeasible   97       121.81855  117.90730  3.21%   3.5  575s
 11607596 3473269     cutoff  165       121.81855  117.91900  3.20%   3.5  580s
 11699936 3454374  119.37480   88    2  121.81855  118.39640  2.81%   3.5  585s
H11805108 3467383                     121.8133046  118.39640  2.81%   3.5  590s
 11881665 3484069  119.71110  137    8  121.81330  118.49390  2.72%   3.5  595s
 11990932 3525649  119.48220  157    4  121.81330  118.50380  2.72%   3.5  600s
 12075536 3562068     cutoff  173       121.81330  118.50380  2.72%   3.5  605s
 12182383 3592581 infeasible  172       121.81330  118.50560  2.72%   3.5  610s
 12281285 3626752  119.51893  189    4  121.81330  118.50560  2.72%   3.5  615s
 12378884 3665404 infeasible  116       121.81330  118.50560  2.72%   3.6  620s
 12481782 3709673  120.75790  173    2  121.81330  118.50560  2.72%   3.6  625s
 12595642 3762228  119.52009  166    4  121.81330  118.50560  2.72%   3.6  630s
 12684917 3788355 infeasible  162       121.81330  118.51232  2.71%   3.6  635s
 12770526 3824427 infeasible  173       121.81330  118.52540  2.70%   3.6  640s
 12866889 3866810     cutoff  132       121.81330  118.52540  2.70%   3.6  645s
 12974996 3904211  120.79750  182    7  121.81330  118.52540  2.70%   3.6  650s
 13071784 3943439 infeasible  151       121.81330  118.52540  2.70%   3.6  655s
 13162249 3986265  119.80311  137    2  121.81330  118.52540  2.70%   3.6  660s
 13278946 4031993  119.75790  163    6  121.81330  118.52720  2.70%   3.6  665s
 13374085 4071584  119.75790   97    2  121.81330  118.52720  2.70%   3.7  670s
 13458546 4098131  119.79750  105    5  121.81330  118.53710  2.69%   3.7  675s
 13543814 4123992     cutoff  154       121.81330  118.60370  2.63%   3.7  680s
 13638678 4157840  119.38103  142    2  121.81330  118.60892  2.63%   3.7  685s
 13720323 4176880 infeasible  141       121.81330  118.61522  2.63%   3.7  690s
 13762235 4174152  119.89191  103    2  121.81330  118.63460  2.61%   3.7  695s
 13797499 4172159 infeasible  114       121.81330  118.65680  2.59%   3.7  700s
 13856657 4183438  120.71256  157    6  121.81330  118.72280  2.54%   3.7  705s
 13942990 4207103  120.71110  151    9  121.81330  118.73270  2.53%   3.7  710s
 14057978 4238339     cutoff  161       121.81330  118.73270  2.53%   3.7  715s
 14160372 4262631  119.71665  204    2  121.81330  118.73547  2.53%   3.7  720s
 14268144 4288317     cutoff  174       121.81330  118.74620  2.52%   3.7  725s
 14370612 4334299  120.75790  118    2  121.81330  118.74620  2.52%   3.7  730s
 14489953 4371358  120.75937   82    4  121.81330  118.74620  2.52%   3.7  735s
 14598870 4403006  121.75790  178    2  121.81330  118.75178  2.51%   3.7  740s
 14703247 4436251  120.76085  201    6  121.81330  118.77059  2.50%   3.6  745s
 14808333 4467091  119.79750  167    9  121.81330  118.77590  2.49%   3.6  750s
 14926518 4511476  120.79899  140    2  121.81330  118.77870  2.49%   3.6  755s
 15036458 4543688     cutoff  136       121.81330  118.78179  2.49%   3.6  760s
 15124938 4513301     cutoff  140       121.81330  118.83260  2.45%   3.6  765s
 15260121 4385523     cutoff  128       121.81330  118.86770  2.42%   3.6  770s
 15374118 4283735     cutoff  118       121.81330  119.06091  2.26%   3.6  775s
 15480043 4200403     cutoff  114       121.81330  119.37480  2.00%   3.6  780s
 15567545 4171651 infeasible   96       121.81330  119.38410  1.99%   3.6  785s
 15638530 4184280  120.51601  158    2  121.81330  119.38410  1.99%   3.6  790s
 15737868 4215856     cutoff  120       121.81330  119.38410  1.99%   3.6  795s
 15822497 4240480  120.50320  120    2  121.81330  119.38410  1.99%   3.6  800s
 15922533 4271959     cutoff  106       121.81330  119.38410  1.99%   3.6  805s
 16022709 4306771  120.50320   90    2  121.81330  119.38410  1.99%   3.6  810s
 16113033 4329232  121.50320  140    6  121.81330  119.38410  1.99%   3.6  815s
 16208116 4343011     cutoff  137       121.81330  119.39400  1.99%   3.6  820s
 16275275 4339081  120.52480  104    2  121.81330  119.40570  1.98%   3.6  825s
 16367013 4319304     cutoff  123       121.81330  119.41800  1.97%   3.6  830s
 16473529 4323168  120.71110  122    2  121.81330  119.48220  1.91%   3.6  835s
 16579769 4363043  120.71256   64    2  121.81330  119.48220  1.91%   3.6  840s
 16695327 4408007     cutoff   90       121.81330  119.48220  1.91%   3.6  845s
 16798260 4453118     cutoff   94       121.81330  119.48220  1.91%   3.6  850s
 16910344 4500430  119.71110  129    6  121.81330  119.48220  1.91%   3.6  855s
 17024551 4542685  119.71110  119    2  121.81330  119.48220  1.91%   3.6  860s
 17113134 4579424  119.71665  174    2  121.81330  119.48220  1.91%   3.6  865s
 17220595 4615949  119.48250  131    4  121.81330  119.48220  1.91%   3.6  870s
 17319631 4649855     cutoff  142       121.81330  119.48220  1.91%   3.5  875s
 17423501 4685393     cutoff  143       121.81330  119.48220  1.91%   3.5  880s
 17530056 4723054  119.71387  131    2  121.81330  119.48220  1.91%   3.5  885s
 17628169 4758427  119.71110  171    9  121.81330  119.48220  1.91%   3.5  890s
 17728738 4791990     cutoff  128       121.81330  119.48220  1.91%   3.5  895s
 17831405 4827316  119.48220  115   10  121.81330  119.48220  1.91%   3.5  900s
 17932501 4859244     cutoff  115       121.81330  119.48220  1.91%   3.5  905s
 18031283 4889839     cutoff  132       121.81330  119.48220  1.91%   3.5  910s
 18124566 4919140 infeasible  162       121.81330  119.48220  1.91%   3.5  915s
 18229394 4951002  120.71110  117    2  121.81330  119.48220  1.91%   3.5  920s
 18319643 4982020  120.71110  147    2  121.81330  119.48220  1.91%   3.5  925s
 18421109 5012225  120.71110  201    2  121.81330  119.48220  1.91%   3.5  930s
 18501728 5040905  119.48382  159    9  121.81330  119.48220  1.91%   3.5  935s
 18598574 5069683  120.71110  129    2  121.81330  119.48220  1.91%   3.5  940s
 18694932 5096861  120.71110  134    2  121.81330  119.48220  1.91%   3.5  945s
 18779973 5121821  119.71110  151    2  121.81330  119.48220  1.91%   3.5  950s
 18866916 5149338  120.71110  159    2  121.81330  119.48220  1.91%   3.4  955s
 18963723 5177063  120.71110  159    2  121.81330  119.48220  1.91%   3.4  960s
 19054725 5210730  119.48220  153    4  121.81330  119.48220  1.91%   3.4  965s
 19153926 5238956  120.71110  149    2  121.81330  119.48220  1.91%   3.4  970s
 19236705 5267223  120.59362  156    2  121.81330  119.48220  1.91%   3.4  975s
 19331054 5301389 infeasible  217       121.81330  119.48220  1.91%   3.4  980s
 19437451 5335662  121.59200  120    2  121.81330  119.48220  1.91%   3.4  985s
 19522020 5362752     cutoff  100       121.81330  119.48220  1.91%   3.4  990s
 19619685 5398150  120.71402  138    2  121.81330  119.48220  1.91%   3.4  995s
 19706377 5426981  120.71110  154    2  121.81330  119.48220  1.91%   3.4 1000s
 19799967 5457562  120.71110  172    2  121.81330  119.48220  1.91%   3.4 1005s
 19898070 5491773  120.71256  152    2  121.81330  119.48220  1.91%   3.4 1010s
 19983137 5521559  119.48220  154    4  121.81330  119.48220  1.91%   3.4 1015s
 20071874 5548633 infeasible  104       121.81330  119.48220  1.91%   3.4 1020s
 20163480 5576199  120.71110  151    6  121.81330  119.48220  1.91%   3.4 1025s
 20253566 5602956  120.71110  160    8  121.81330  119.48220  1.91%   3.4 1030s
 20329506 5623202  120.71110  141    7  121.81330  119.48220  1.91%   3.4 1035s
 20396111 5640136  121.71110  130    8  121.81330  119.48220  1.91%   3.4 1040s
 20469026 5655156  120.71110  154    6  121.81330  119.48220  1.91%   3.4 1045s
 20527992 5663149  119.71387  156    6  121.81330  119.48220  1.91%   3.4 1050s
 20584973 5669916     cutoff  150       121.81330  119.48220  1.91%   3.4 1055s
 20653900 5685124  119.48220  160    9  121.81330  119.48220  1.91%   3.4 1060s
 20720977 5667141 infeasible  175       121.81330  119.48250  1.91%   3.4 1065s
 20767042 5640724 infeasible  175       121.81330  119.48250  1.91%   3.4 1070s
 20831615 5591479     cutoff  130       121.81330  119.48280  1.91%   3.4 1075s
 20874641 5570941 infeasible  130       121.81330  119.48497  1.91%   3.4 1080s
 20929907 5559140  119.48528  144    5  121.81330  119.48514  1.91%   3.5 1086s
 20963431 5547369 infeasible  143       121.81330  119.48544  1.91%   3.5 1090s
 21033999 5562036     cutoff  135       121.81330  119.50789  1.89%   3.5 1095s
 21105522 5577367  120.75937  163    6  121.81330  119.51730  1.88%   3.5 1100s
 21197435 5596160     cutoff  166       121.81330  119.51730  1.88%   3.5 1105s
 21282007 5617289  120.63880  147    8  121.81330  119.51730  1.88%   3.5 1110s
 21380783 5644352 infeasible  112       121.81330  119.51730  1.88%   3.5 1115s
 21473267 5668483  120.75790  154    2  121.81330  119.51730  1.88%   3.5 1120s
 21572383 5695155  119.75790  123    2  121.81330  119.51730  1.88%   3.5 1125s
 21673108 5727072     cutoff  151       121.81330  119.51730  1.88%   3.5 1130s
 21771845 5758501 infeasible  184       121.81330  119.51730  1.88%   3.5 1135s
 21861794 5781440     cutoff  164       121.81330  119.51730  1.88%   3.5 1140s
 21956349 5807716  120.75790   59    2  121.81330  119.51730  1.88%   3.5 1145s
 22046184 5839397  119.76069  111    2  121.81330  119.51730  1.88%   3.5 1150s
 22143552 5871309  120.75790  139    2  121.81330  119.51730  1.88%   3.4 1155s
 22226187 5903153  120.75790  100    2  121.81330  119.51730  1.88%   3.4 1160s
 22317180 5930587  120.75937   95    2  121.81330  119.51730  1.88%   3.4 1165s
 22390867 5958976     cutoff   97       121.81330  119.51730  1.88%   3.4 1170s
 22482584 5991260  120.75937  139    6  121.81330  119.51730  1.88%   3.4 1175s
 22572903 6022051  120.64043   94    2  121.81330  119.51730  1.88%   3.4 1180s
 22655833 6050058     cutoff  116       121.81330  119.51730  1.88%   3.4 1185s
 22739350 6079427 infeasible  144       121.81330  119.51730  1.88%   3.4 1190s
 22816730 6106827  120.75937  126    9  121.81330  119.51730  1.88%   3.4 1195s
 22888903 6127855 infeasible  103       121.81330  119.51730  1.88%   3.4 1200s

Cutting planes:
  Implied bound: 6
  MIR: 2
  Flow cover: 4
  Relax-and-lift: 2

Explored 22902250 nodes (78225852 simplex iterations) in 1200.33 seconds (841.73 work units)
Thread count was 16 (of 16 available processors)

Solution count 10: 121.813 121.819 121.821 ... 121.821

Time limit reached
Best objective 1.218133046331e+02, best bound 1.195172989733e+02, gap 1.8849%

User-callback calls 45935285, time in user-callback 61.71 sec
