
Gurobi 10.0.3 (win64) logging started Sun Sep 21 05:49:22 2025

Set parameter LogFile to value "log_group_6/bound_Expr289_s5_l1051_s11_e12_o20_d43_t1200_s14_0_1_1_1.log"
Gurobi Optimizer version 10.0.3 build v10.0.3rc0 (win64)

CPU model: 11th Gen Intel(R) Core(TM) i7-11700 @ 2.50GHz, instruction set [SSE2|AVX|AVX2|AVX512]
Thread count: 8 physical cores, 16 logical processors, using up to 16 threads

Optimize a model with 189559 rows, 185310 columns and 2265190 nonzeros
Model fingerprint: 0xb60e7ef4
Variable types: 310 continuous, 185000 integer (185000 binary)
Coefficient statistics:
  Matrix range     [1e+00, 8e+02]
  Objective range  [1e+00, 1e+00]
  Bounds range     [1e+00, 1e+03]
  RHS range        [1e+00, 8e+02]
Presolve removed 187946 rows and 183994 columns (presolve time = 17s) ...
Presolve removed 187944 rows and 183992 columns
Presolve time: 16.77s
Presolved: 1615 rows, 1318 columns, 13150 nonzeros
Variable types: 166 continuous, 1152 integer (1151 binary)
Found heuristic solution: objective 613.7731331
Found heuristic solution: objective 585.9896331

Root simplex log...

Iteration    Objective       Primal Inf.    Dual Inf.      Time
       0    8.6182433e+01   4.880000e+02   0.000000e+00     17s
     304    8.6182433e+01   0.000000e+00   0.000000e+00     17s

Root relaxation: objective 8.618243e+01, 304 iterations, 0.00 seconds (0.00 work units)

    Nodes    |    Current Node    |     Objective Bounds      |     Work
 Expl Unexpl |  Obj  Depth IntInf | Incumbent    BestBd   Gap | It/Node Time

     0     0   86.18243    0   32  585.98963   86.18243  85.3%     -   16s
H    0     0                     344.7364331   86.18243  75.0%     -   16s
H    0     0                     129.7760998   86.18243  33.6%     -   16s
     0     0   86.18243    0   36  129.77610   86.18243  33.6%     -   17s
H    0     0                     128.0382998   86.18243  32.7%     -   17s
     0     0   86.18243    0   35  128.03830   86.18243  32.7%     -   17s
     0     0   86.18243    0   32  128.03830   86.18243  32.7%     -   17s
     0     0   86.18243    0   32  128.03830   86.18243  32.7%     -   17s
     0     0   86.18243    0   32  128.03830   86.18243  32.7%     -   17s
     0     0   86.18243    0   32  128.03830   86.18243  32.7%     -   17s
     0     0   86.18243    0   32  128.03830   86.18243  32.7%     -   17s
     0     0   86.18243    0   32  128.03830   86.18243  32.7%     -   17s
H    0     0                     116.3365998   86.18243  25.9%     -   17s
     0     0   86.18243    0   33  116.33660   86.18243  25.9%     -   17s
     0     0   86.18243    0   33  116.33660   86.18243  25.9%     -   17s
     0     0   86.18243    0   33  116.33660   86.18243  25.9%     -   17s
     0     0   86.18243    0   34  116.33660   86.18243  25.9%     -   17s
     0     0   86.18243    0   33  116.33660   86.18243  25.9%     -   17s
     0     0   86.18243    0   33  116.33660   86.18243  25.9%     -   17s
     0     0   86.18243    0   33  116.33660   86.18243  25.9%     -   17s
     0     0   86.18243    0   33  116.33660   86.18243  25.9%     -   17s
     0     0   86.18243    0   33  116.33660   86.18243  25.9%     -   17s
     0     0   86.18243    0   33  116.33660   86.18243  25.9%     -   17s
     0     0   86.18243    0   33  116.33660   86.18243  25.9%     -   17s
H    0     0                     116.3155998   86.18243  25.9%     -   17s
     0     0   86.18243    0   32  116.31560   86.18243  25.9%     -   17s
     0     2   86.18243    0   32  116.31560   86.18243  25.9%     -   17s
H   74    20                     116.3155998   86.18243  25.9%  14.4   18s
H  114    31                     116.3155998   86.18243  25.9%  17.9   18s
H  205    74                     116.3155997   86.18243  25.9%  12.5   19s
H  209    74                     116.3155984   86.18243  25.9%  12.4   19s
   259   116   86.18243   37   32  116.31560   86.18243  25.9%  12.0   20s
H  548   355                     116.3146756   86.18243  25.9%   9.5   21s
  1875  1559  110.41507   21   32  116.31468   86.18243  25.9%   4.8   31s
  1895  1572  107.77561   93   16  116.31468  107.77561  7.34%   4.8   35s
  1918  1589  115.10710  154   32  116.31468  115.10710  1.04%   8.5   49s
  1920  1590  115.10710  244   17  116.31468  115.10710  1.04%   8.5   50s
  7038  2849  115.10710   21    7  116.31468  115.10710  1.04%   5.0   55s
 64125 35356  116.09660   90    3  116.31468  115.10710  1.04%   2.8   60s
 107319 53849  115.10710   34    6  116.31468  115.10710  1.04%   2.6   70s
 200822 81593 infeasible  138       116.31468  115.10710  1.04%   2.3   75s
 305151 112299  115.10710   96    5  116.31468  115.10710  1.04%   2.3   80s
 389575 151666  115.14220   87    3  116.31468  115.10710  1.04%   2.2   85s
 487547 190523 infeasible   96       116.31468  115.23820  0.93%   2.2   90s
 599493 188186  115.27330   92    4  116.31468  115.23820  0.93%   2.2   95s
 708542 191946     cutoff   84       116.31468  115.27330  0.90%   2.2  100s
 821796 181563  115.27330  105    4  116.31468  115.27330  0.90%   2.1  105s
 932400 143207  116.13170   87    4  116.31468  116.13170  0.16%   2.2  110s
 1020143 136361  116.26280   76    4  116.31468  116.26280  0.04%   2.2  115s
 1090234 142403     cutoff  127       116.31468  116.26280  0.04%   2.1  120s
 1158489 147318     cutoff  143       116.31468  116.26280  0.04%   2.0  125s
 1225067 155371     cutoff  124       116.31468  116.26280  0.04%   2.0  130s
 1292549 162563  116.26280   99    3  116.31468  116.26280  0.04%   2.0  135s
 1354683 166865  116.26280   82    4  116.31468  116.26280  0.04%   1.9  140s
 1432984 139437     cutoff  109       116.31468  116.26280  0.04%   1.9  145s
 1545493 38074     cutoff   96       116.31468  116.26280  0.04%   1.8  150s
 1613508 29061  116.26280  101    3  116.31468  116.26280  0.04%   1.8  155s
 1664559 26964  116.26280  110    3  116.31468  116.26280  0.04%   1.8  160s
 1720769 24473     cutoff   97       116.31468  116.26280  0.04%   1.8  165s
 1780604 23015     cutoff  112       116.31468  116.26280  0.04%   1.8  170s
 1838437 21411     cutoff   88       116.31468  116.26280  0.04%   1.8  175s
 1896881  2962  116.28050  146    3  116.31468  116.28050  0.03%   1.9  180s

Cutting planes:
  Gomory: 6
  Cover: 2
  Implied bound: 8
  Projected implied bound: 3
  MIR: 9
  Flow cover: 6
  Relax-and-lift: 6

Explored 1911089 nodes (3643265 simplex iterations) in 182.36 seconds (115.15 work units)
Thread count was 16 (of 16 available processors)

Solution count 10: 116.315 116.316 116.316 ... 129.776

Optimal solution found (tolerance 1.00e-04)
Best objective 1.163146755800e+02, best bound 1.163146755800e+02, gap 0.0000%

User-callback calls 3825819, time in user-callback 5.19 sec
