
Gurobi 12.0.1 (win64) logging started Sat Sep 20 07:46:04 2025

Set parameter LogFile to value "log_group_6/bound_Expr97_s7_l1051_s11_e12_o30_d60_t7200_s27_1_1_1_1.log"
Gurobi Optimizer version 12.0.1 build v12.0.1rc0 (win64 - Windows Server 2022.0 (20348.2))

CPU model: Intel(R) Xeon(R) Gold 6336Y CPU @ 2.40GHz, instruction set [SSE2|AVX|AVX2|AVX512]
Thread count: 48 physical cores, 96 logical processors, using up to 32 threads

Non-default parameters:
TimeLimit  7200

Optimize a model with 558520 rows, 546440 columns and 7936476 nonzeros
Model fingerprint: 0xdf34ffc8
Variable types: 440 continuous, 546000 integer (546000 binary)
Coefficient statistics:
  Matrix range     [1e+00, 9e+02]
  Objective range  [1e+00, 1e+00]
  Bounds range     [1e+00, 1e+03]
  RHS range        [1e+00, 9e+02]
Presolve removed 544485 rows and 533780 columns
Presolve time: 2.57s
Presolved: 14035 rows, 12660 columns, 156891 nonzeros
Variable types: 410 continuous, 12250 integer (12250 binary)
Performing another presolve...
Presolve removed 12326 rows and 11247 columns
Presolve time: 3.98s
Found heuristic solution: objective 499.1826000

Root simplex log...

Iteration    Objective       Primal Inf.    Dual Inf.      Time
       0    1.5621277e+02   4.160000e+02   0.000000e+00      8s
    1074    1.5621277e+02   0.000000e+00   0.000000e+00      8s

Root relaxation: objective 1.562128e+02, 1074 iterations, 0.06 seconds (0.06 work units)
Total elapsed time = 8.05s (DegenMoves)

    Nodes    |    Current Node    |     Objective Bounds      |     Work
 Expl Unexpl |  Obj  Depth IntInf | Incumbent    BestBd   Gap | It/Node Time

     0     0  156.21277    0   41  499.18260  156.21277  68.7%     -    8s
H    0     0                     456.9269333  156.21277  65.8%     -    8s
     0     0  156.21277    0  105  456.92693  156.21277  65.8%     -    8s
     0     0  156.21277    0   32  456.92693  156.21277  65.8%     -    8s
H    0     0                     341.7138000  156.21277  54.3%     -    8s
H    0     0                     337.1154667  156.21277  53.7%     -    8s
H    0     0                     335.7837333  156.21277  53.5%     -    8s
H    0     0                     335.6119000  156.21277  53.5%     -    9s
H    0     0                     334.1376667  156.21277  53.2%     -    9s
H    0     0                     333.8112667  156.21277  53.2%     -    9s
H    0     0                     284.3926000  156.21277  45.1%     -    9s
H    0     0                     284.3314000  156.21277  45.1%     -    9s
H    0     0                     251.7363000  156.21277  37.9%     -    9s
H    0     0                     248.6649000  157.60077  36.6%     -    9s
H    0     0                     209.4507000  157.60077  24.8%     -    9s
     0     0  157.60077    0   37  209.45070  157.60077  24.8%     -    9s
H    0     0                     200.7992333  157.60077  21.5%     -    9s
     0     0  157.60077    0   34  200.79923  157.60077  21.5%     -    9s
     0     0  157.60077    0   63  200.79923  157.60077  21.5%     -   10s
     0     0  157.60077    0   62  200.79923  157.60077  21.5%     -   10s
     0     0  157.60077    0   62  200.79923  157.60077  21.5%     -   10s
     0     0  157.60077    0   31  200.79923  157.60077  21.5%     -   10s
H    0     2                     200.4511333  157.60077  21.4%     -   10s
     0     2  157.60077    0   31  200.45113  157.60077  21.4%     -   10s
H   52    43                     199.4678667  157.60077  21.0%   226   11s
H   89    99                     198.2755296  160.82976  18.9%   253   11s
H   95    99                     198.2038333  160.82976  18.9%   243   11s
H  108    99                     194.4263667  160.82976  17.3%   219   11s
H  137    99                     193.6043333  160.82976  16.9%   177   11s
H  138    99                     193.5179667  160.82976  16.9%   175   11s
H 1311   692                     192.6062000  166.15899  13.7%  46.2   12s
H 1323   692                     192.5774000  166.49410  13.5%  46.0   12s
H 2524  1209                     192.3174333  166.49410  13.4%  30.2   13s
H 2532  1209                     192.1577333  166.49410  13.4%  30.2   13s
H 2546  1209                     192.1228667  166.49410  13.3%  30.1   13s
H 2553  1209                     192.0559667  166.49410  13.3%  30.2   13s
  3837  1933  186.70275   39   34  192.05597  174.67251  9.05%  23.6   15s
H 4495  2024                     192.0556667  178.56082  7.03%  21.5   15s
H 4532  1936                     191.9853000  178.60181  6.97%  22.1   16s
H 4539  1837                     191.1432333  178.60181  6.56%  22.1   16s
H 4645  1729                     190.2029667  178.60181  6.10%  22.5   16s
* 5852  1555              55     190.1175000  181.78702  4.38%  22.1   17s
* 6344  1470              49     190.0131667  181.81947  4.31%  21.9   17s
* 7976  1447              46     189.8945333  183.15348  3.55%  20.6   18s
H 9519  1668                     189.8753333  183.46043  3.38%  19.8   18s
H 9547  1668                     189.8360333  183.46043  3.36%  19.9   18s
*12733  2326              77     189.6863000  184.03232  2.98%  18.6   19s
*14595  2731              64     189.6805333  184.03535  2.98%  17.9   19s
*15167  2298              66     189.4380333  184.03535  2.85%  17.8   19s
 17641  2107  187.47915   60   11  189.43803  185.16347  2.26%  17.1   20s
 32129   304  189.04844   82   21  189.43803  188.78123  0.35%  14.7   25s

Cutting planes:
  Implied bound: 29
  MIR: 1
  Inf proof: 1
  Zero half: 3
  RLT: 1
  Relax-and-lift: 1

Explored 34516 nodes (502588 simplex iterations) in 26.68 seconds (14.70 work units)
Thread count was 32 (of 96 available processors)

Solution count 10: 189.438 189.438 189.681 ... 190.203

Optimal solution found (tolerance 1.00e-04)
Best objective 1.894380333333e+02, best bound 1.894380333330e+02, gap 0.0000%

User-callback calls 71889, time in user-callback 0.11 sec

Gurobi 12.0.1 (win64) logging started Sat Sep 20 09:45:46 2025

Set parameter LogFile to value "log_group_6/bound_Expr97_s7_l1051_s11_e12_o30_d60_t7200_s27_1_1_1_1.log"
Gurobi Optimizer version 12.0.1 build v12.0.1rc0 (win64 - Windows Server 2022.0 (20348.2))

CPU model: Intel(R) Xeon(R) Gold 6336Y CPU @ 2.40GHz, instruction set [SSE2|AVX|AVX2|AVX512]
Thread count: 48 physical cores, 96 logical processors, using up to 32 threads

Non-default parameters:
TimeLimit  7200

Optimize a model with 558520 rows, 546440 columns and 7936476 nonzeros
Model fingerprint: 0xdf34ffc8
Variable types: 440 continuous, 546000 integer (546000 binary)
Coefficient statistics:
  Matrix range     [1e+00, 9e+02]
  Objective range  [1e+00, 1e+00]
  Bounds range     [1e+00, 1e+03]
  RHS range        [1e+00, 9e+02]
Presolve removed 544485 rows and 533780 columns
Presolve time: 2.50s
Presolved: 14035 rows, 12660 columns, 156891 nonzeros
Variable types: 410 continuous, 12250 integer (12250 binary)
Performing another presolve...
Presolve removed 12326 rows and 11247 columns
Presolve time: 3.74s
Found heuristic solution: objective 499.1826000

Root simplex log...

Iteration    Objective       Primal Inf.    Dual Inf.      Time
       0    1.5621277e+02   4.160000e+02   0.000000e+00      8s
    1074    1.5621277e+02   0.000000e+00   0.000000e+00      8s

Root relaxation: objective 1.562128e+02, 1074 iterations, 0.06 seconds (0.06 work units)
Total elapsed time = 7.69s (DegenMoves)

    Nodes    |    Current Node    |     Objective Bounds      |     Work
 Expl Unexpl |  Obj  Depth IntInf | Incumbent    BestBd   Gap | It/Node Time

     0     0  156.21277    0   41  499.18260  156.21277  68.7%     -    7s
H    0     0                     456.9269333  156.21277  65.8%     -    7s
     0     0  156.21277    0  105  456.92693  156.21277  65.8%     -    7s
     0     0  156.21277    0   32  456.92693  156.21277  65.8%     -    8s
H    0     0                     341.7138000  156.21277  54.3%     -    8s
H    0     0                     337.1154667  156.21277  53.7%     -    8s
H    0     0                     335.7837333  156.21277  53.5%     -    8s
H    0     0                     335.6119000  156.21277  53.5%     -    8s
H    0     0                     334.1376667  156.21277  53.2%     -    8s
H    0     0                     333.8112667  156.21277  53.2%     -    8s
H    0     0                     284.3926000  156.21277  45.1%     -    8s
H    0     0                     284.3314000  156.21277  45.1%     -    8s
H    0     0                     251.7363000  156.21277  37.9%     -    9s
H    0     0                     248.6649000  157.60077  36.6%     -    9s
H    0     0                     209.4507000  157.60077  24.8%     -    9s
     0     0  157.60077    0   37  209.45070  157.60077  24.8%     -    9s
H    0     0                     200.7992333  157.60077  21.5%     -    9s
     0     0  157.60077    0   34  200.79923  157.60077  21.5%     -    9s
     0     0  157.60077    0   63  200.79923  157.60077  21.5%     -    9s
     0     0  157.60077    0   62  200.79923  157.60077  21.5%     -    9s
     0     0  157.60077    0   62  200.79923  157.60077  21.5%     -    9s
     0     0  157.60077    0   31  200.79923  157.60077  21.5%     -   10s
H    0     2                     200.4511333  157.60077  21.4%     -   10s
     0     2  157.60077    0   31  200.45113  157.60077  21.4%     -   10s
H   52    43                     199.4678667  157.60077  21.0%   226   10s
H   89    99                     198.2755296  160.82976  18.9%   253   11s
H   95    99                     198.2038333  160.82976  18.9%   243   11s
H  108    99                     194.4263667  160.82976  17.3%   219   11s
H  137    99                     193.6043333  160.82976  16.9%   177   11s
H  138    99                     193.5179667  160.82976  16.9%   175   11s
H 1311   692                     192.6062000  166.15899  13.7%  46.2   11s
H 1323   692                     192.5774000  166.49410  13.5%  46.0   11s
H 2524  1209                     192.3174333  166.49410  13.4%  30.2   12s
H 2532  1209                     192.1577333  166.49410  13.4%  30.2   12s
H 2546  1209                     192.1228667  166.49410  13.3%  30.1   12s
H 2553  1209                     192.0559667  166.49410  13.3%  30.2   12s
H 4495  2024                     192.0556667  178.56082  7.03%  21.5   14s
  4531  2038  178.60181   18   75  192.05567  178.60181  7.01%  22.1   15s
H 4532  1936                     191.9853000  178.60181  6.97%  22.1   15s
H 4539  1837                     191.1432333  178.60181  6.56%  22.1   15s
H 4645  1729                     190.2029667  178.60181  6.10%  22.5   15s
* 5852  1555              55     190.1175000  181.78702  4.38%  22.1   16s
* 6344  1470              49     190.0131667  181.81947  4.31%  21.9   16s
* 7976  1447              46     189.8945333  183.15348  3.55%  20.6   17s
H 9519  1668                     189.8753333  183.46043  3.38%  19.8   17s
H 9547  1668                     189.8360333  183.46043  3.36%  19.9   17s
*12733  2326              77     189.6863000  184.03232  2.98%  18.6   18s
*14595  2731              64     189.6805333  184.03535  2.98%  17.9   18s
*15167  2298              66     189.4380333  184.03535  2.85%  17.8   18s
 19961  1568     cutoff   46       189.43803  186.37841  1.62%  16.9   20s

Cutting planes:
  Implied bound: 29
  MIR: 1
  Inf proof: 1
  Zero half: 3
  RLT: 1
  Relax-and-lift: 1

Explored 34516 nodes (502588 simplex iterations) in 25.42 seconds (14.70 work units)
Thread count was 32 (of 96 available processors)

Solution count 10: 189.438 189.438 189.681 ... 190.203

Optimal solution found (tolerance 1.00e-04)
Best objective 1.894380333333e+02, best bound 1.894380333330e+02, gap 0.0000%

User-callback calls 71850, time in user-callback 0.11 sec
