
Gurobi 10.0.1 (win64) logging started Sun Sep 21 07:24:09 2025

Set parameter LogFile to value "log_group_6/bound_Expr164_s7_l1051_s11_e12_o30_d60_t7200_s24_1_0_0_0.log"
Gurobi Optimizer version 10.0.1 build v10.0.1rc0 (win64)

CPU model: Intel(R) Core(TM) i7-10700 CPU @ 2.90GHz, instruction set [SSE2|AVX|AVX2]
Thread count: 8 physical cores, 16 logical processors, using up to 16 threads

Optimize a model with 463506 rows, 462440 columns and 4604636 nonzeros
Model fingerprint: 0x4ef1e049
Variable types: 440 continuous, 462000 integer (462000 binary)
Coefficient statistics:
  Matrix range     [1e+00, 8e+02]
  Objective range  [1e+00, 1e+00]
  Bounds range     [1e+00, 1e+03]
  RHS range        [1e+00, 8e+02]
Presolve removed 450883 rows and 450510 columns
Presolve time: 3.12s
Presolved: 12623 rows, 11930 columns, 85223 nonzeros
Variable types: 380 continuous, 11550 integer (11544 binary)

Root relaxation: objective 0.000000e+00, 6228 iterations, 0.62 seconds (1.42 work units)
Total elapsed time = 5.30s

    Nodes    |    Current Node    |     Objective Bounds      |     Work
 Expl Unexpl |  Obj  Depth IntInf | Incumbent    BestBd   Gap | It/Node Time

     0     0    0.00000    0   94          -    0.00000      -     -    6s
H    0     0                    2210.8050000    0.00000   100%     -    7s
H    0     0                    2146.1470333    0.00000   100%     -    7s
H    0     0                    2073.5240333    0.00000   100%     -    7s
     0     0    0.00000    0  325 2073.52403    0.00000   100%     -    7s
H    0     0                    1573.3045000    0.00000   100%     -    9s
H    0     0                    1260.0588000    0.00000   100%     -    9s
H    0     0                    1066.6494000    0.00000   100%     -    9s
     0     0    0.00000    0  406 1066.64940    0.00000   100%     -   10s
H    0     0                     738.0931000    0.00000   100%     -   14s
H    0     0                     536.3083667    0.00000   100%     -   14s
H    0     0                     530.4475667    0.00000   100%     -   14s
     0     0    0.00000    0  105  530.44757    0.00000   100%     -   15s
H    0     0                     458.2464667    0.00000   100%     -   15s
H    0     0                     334.3287333    0.00000   100%     -   17s
H    0     0                     264.1658333    0.00000   100%     -   17s
     0     0    0.00000    0  103  264.16583    0.00000   100%     -   17s
H    0     0                     238.8583333    0.00000   100%     -   20s
     0     0    0.00000    0  120  238.85833    0.00000   100%     -   20s
H    0     0                     200.4582333    0.00000   100%     -   22s
     0     0    0.00000    0  122  200.45823    0.00000   100%     -   22s
     0     0    0.00000    0  123  200.45823    0.00000   100%     -   27s
H    0     0                     198.5884333    0.00000   100%     -   27s
     0     0    0.00000    0  130  198.58843    0.00000   100%     -   30s
     0     0    0.00000    0  130  198.58843    0.00000   100%     -   31s
     0     2    0.00000    0  122  198.58843    0.00000   100%     -   35s
H   31    36                     198.5332333    0.00000   100%  1209   42s
H   32    36                     191.5612000    0.00000   100%  1183   42s
H   37    36                     186.0769076    0.00000   100%  1041   42s
H   73    65                     185.1460742    0.00000   100%   619   44s
    99    97    0.00000   13  142  185.14607    0.00000   100%   503   45s
H  104    97                     185.0071333    0.00000   100%   482   45s
H  113   104                     184.0311000    0.00000   100%   457   47s
H  114   104                     184.0299333    0.00000   100%   454   47s
H  151   137                     183.0659333    0.00000   100%   382   49s
   170   168    0.00000   19  151  183.06593    0.00000   100%   361   50s
   319   297    0.00000   31  131  183.06593    0.00000   100%   259   56s
H  330   297                     183.0638000    0.00000   100%   266   56s
   585   523    0.00000   46  115  183.06380    0.00000   100%   182   62s
H  587   523                     183.0628000    0.00000   100%   181   62s
   593   531    0.00000   47  115  183.06280    0.00000   100%   181   65s
   911   891    0.00000   59  126  183.06280    0.00000   100%   145   70s
  1257  1234    0.00000   74  112  183.06280    0.00000   100%   131   75s
  1560  1418    0.00000   88  131  183.06280    0.00000   100%   129   81s
  1742  1764    0.00000   93  126  183.06280    0.00000   100%   125   85s
  2366  2395    0.00000  115  109  183.06280    0.00000   100%   117   92s
  3077  3103    0.00000  132  120  183.06280    0.00000   100%   110   97s
  3353  3531    0.00000  138  124  183.06280    0.00000   100%   109  100s
  4372  4682    0.00000  161  220  183.06280    0.00000   100%   102  105s
  5097  5535    0.00000  179  121  183.06280    0.00000   100%   102  112s
  5918  5736    0.00000  199  116  183.06280    0.00000   100%  98.1  116s
  7088  7154    0.00000  231  113  183.06280    0.00000   100%  94.8  123s
  7889  7155   80.21317  301  130  183.06280    0.00000   100%  92.4  149s
  7891  7156  153.56783  201  117  183.06280    0.00000   100%  92.4  154s
  7892  7157   65.31980  322  172  183.06280    0.00000   100%  92.4  162s
  7894  7158   15.63170  909  228  183.06280    0.00000   100%  92.3  169s
  7895  7159   27.47603  318  131  183.06280    0.00000   100%  92.3  170s
  7896  7160   15.63170  697  129  183.06280    0.00000   100%  92.3  175s
  7898  7161    0.00605   29  679  183.06280    0.00605   100%  92.3  185s
  7900  7162   59.79040  317  698  183.06280    0.13949   100%  92.3  190s
  7902  7164   65.31980  520  594  183.06280    0.17128   100%  92.2  195s
  7905  7166   54.63823  424  597  183.06280    0.52160   100%  92.2  201s
  7907  7167   11.52777  725  598  183.06280    0.80000   100%  92.2  206s
  7909  7168    0.80151  226  596  183.06280    0.80151   100%  92.2  211s
  7911  7170   42.87457   58  596  183.06280    0.81614   100%  92.1  217s
  7912  7170   54.63823  695  595  183.06280    0.81619   100%  92.1  221s
  7914  7172   65.31980  457  735  183.06280    0.96069  99.5%  92.1  228s
  7915  7172   59.79040  386  779  183.06280    0.97199  99.5%  92.1  231s
  7916  7173  163.40470  239  827  183.06280    1.35216  99.3%  92.1  235s
  7918  7174   65.31980  667  891  183.06280    3.17633  98.3%  92.1  243s
  7919  7175   94.83390  555  901  183.06280    3.34103  98.2%  92.0  247s
  7920  7176   65.31980  977  932  183.06280    3.55190  98.1%  92.0  252s
  7921  7176   59.79040  744  822  183.06280    6.19955  96.6%  92.0  257s
  7922  7177    7.27179  112  803  183.06280    7.27179  96.0%  92.0  261s
  7926  7180  153.56783  219  714  183.06280   16.02972  91.2%  92.0  265s
  7935  7186   54.63823  112  761  183.06280   20.49233  88.8%  91.9  270s
  7937  7187   27.47603  359  793  183.06280   26.58910  85.5%  91.8  277s
  7939  7188   41.26280  865  506  183.06280   41.26280  77.5%  91.8  280s
  7948  7194  174.46057  691  842  183.06280   50.57148  72.4%  91.7  287s
  7950  7196   57.53814  677  655  183.06280   57.53814  68.6%  91.7  290s
  7957  7200   97.71570  419  694  183.06280   63.02157  65.6%  91.6  296s
  7960  7202   80.58650  190  694  183.06280   72.65817  60.3%  91.6  300s
  7964  7205   75.35889 1098  687  183.06280   75.35889  58.8%  91.5  305s
  7969  7208   77.93546  691  692  183.06280   77.93546  57.4%  91.5  310s
  7974  7212   79.78366  635  692  183.06280   79.78366  56.4%  91.4  315s
  7978  7214   80.67411  242  804  183.06280   80.67411  55.9%  91.4  321s
  7982  7217  128.81793  749  817  183.06280   82.12036  55.1%  91.3  326s
  7987  7220   83.70436  237  808  183.06280   83.70436  54.3%  91.3  331s
  7992  7224   85.21931  322  716  183.06280   85.21931  53.4%  91.2  336s
  7996  7226   87.06113  697  720  183.06280   87.06113  52.4%  91.2  341s
  8001  7230   88.22030  341  733  183.06280   88.22030  51.8%  91.1  347s
  8004  7232   88.56340  268  736  183.06280   88.56340  51.6%  91.1  350s
  8008  7234   89.28124  148  740  183.06280   89.28124  51.2%  91.0  356s
  8012  7237   89.65043  695  745  183.06280   89.65043  51.0%  91.0  361s
  8017  7240   90.44375  942  742  183.06280   90.44375  50.6%  90.9  366s
  8022  7244   91.55624  112  747  183.06280   91.55624  50.0%  90.9  372s
  8026  7246  153.56783  219  725  183.06280   93.64153  48.8%  90.8  376s
  8032  7250   95.59608  268  736  183.06280   95.59608  47.8%  90.8  381s
  8036  7253   97.55279  950  736  183.06280   97.55279  46.7%  90.7  386s
  8040  7256   99.61807  235  737  183.06280   99.61807  45.6%  90.7  390s
  8045  7259  101.50425  199  723  183.06280  101.50425  44.6%  90.6  397s
  8049  7262  102.15257  282  728  183.06280  102.15257  44.2%  90.6  401s
  8053  7264  102.92014  124  722  183.06280  102.92014  43.8%  90.5  405s
  8059  7268  104.04744 1100  650  183.06280  104.04744  43.2%  90.4  410s
  8063  7271  105.93326  545  648  183.06280  105.93326  42.1%  90.4  415s
  8068  7274  106.69776  508  684  183.06280  106.69776  41.7%  90.3  420s
  8073  7278  107.52660  276  690  183.06280  107.52660  41.3%  90.3  425s
  8080  7282  180.30737   38  686  183.06280  108.20129  40.9%  90.2  431s
  8085  7286  108.56685  888  681  183.06280  108.56685  40.7%  90.2  435s
  8088  7288  138.22707  186  673  183.06280  108.84175  40.5%  90.1  440s
  8093  7291  110.11685  843  660  183.06280  110.11685  39.8%  90.1  446s
  8101  7298  111.01930  341  130  183.06280  111.01930  39.4%   116  462s
  8103  7299  137.48097  174   90  183.06280  111.01930  39.4%   116  465s
  8105  7301  111.01930  424  214  183.06280  111.01930  39.4%   115  470s
  8110  7304  111.01930   55  550  183.06280  111.01930  39.4%   115  475s
  8123  7313  121.10760  497  629  183.06280  121.10760  33.8%   115  480s
  8132  7319  132.91802  268  561  183.06280  132.91802  27.4%   115  485s
  8144  7327  137.65739  739  625  183.06280  137.65739  24.8%   115  490s
  8151  7333  139.42249  619  289  183.06280  139.42249  23.8%   122  496s
  8156  7336  139.42249  768  493  183.06280  139.42249  23.8%   122  500s
  8162  7342  139.98883  194  213  183.06280  139.98883  23.5%   125  505s
  8171  7348  145.01441   30  449  183.06280  145.01441  20.8%   125  510s
  8183  7357  152.32493  419  130  183.06280  152.32493  16.8%   129  515s
  8189  7362  152.32493  301  130  183.06280  152.32493  16.8%   131  521s
  8192  7364  152.32493  322  345  183.06280  152.32493  16.8%   131  525s
  8198  7369  152.32493   29  373  183.06280  152.32493  16.8%   133  530s
  8206  7374  156.35377  899  401  183.06280  156.35377  14.6%   133  535s
  8225  7373  159.07604   95  286  183.06280  159.07604  13.1%  49.1  540s
H 8312  6994                     183.0627955  160.51333  12.3%  53.1  542s
  8406  7022  165.00133  117  100  183.06280  160.51333  12.3%  53.3  545s
  9799  7194     cutoff  126       183.06280  166.48193  9.06%  50.3  550s
 12062  7695  177.66894  145   33  183.06280  166.49850  9.05%  45.0  555s
 14552  7725  181.15892  185  130  183.06280  166.59573  9.00%  41.1  570s
 14557  7728  176.27279  144  321  183.06280  166.59573  9.00%  41.1  575s
 14567  7735  172.64014  120  265  183.06280  166.59573  9.00%  41.1  580s
 14578  7743  179.51465  143  191  183.06280  166.59573  9.00%  42.8  585s
 14588  7750  167.51495  135  261  183.06280  166.59573  9.00%  42.8  590s
 14603  7761  175.59265  139  130  183.06280  168.08786  8.18%  44.4  596s
 14611  7766  180.61481  139   99  183.06280  168.66196  7.87%  44.4  600s
 14629  7778  179.50129  174   50  183.06280  170.72289  6.74%  44.4  605s
 14655  7797  180.64067  156  104  183.06280  171.82782  6.14%  46.0  610s
H14664  7414                     183.0627953  171.82782  6.14%  46.4  612s
 14684  7427  176.04926  138   84  183.06280  175.36366  4.21%  46.3  615s
H14995  7075                     183.0624909  175.37184  4.20%  47.1  619s
 15023  7080  180.64084  200   28  183.06249  175.37184  4.20%  47.1  620s
 23860  6852  182.69449  222   22  183.06249  179.47916  1.96%  36.4  625s
 32703  5484  179.49422  197   26  183.06249  179.48406  1.95%  31.9  630s
 42517  5850     cutoff  220       183.06249  179.48968  1.95%  28.8  635s
 45073  6177  181.71281  217   23  183.06249  179.49160  1.95%  28.2  644s
 46631  6305  181.43569  191   29  183.06249  179.49258  1.95%  27.9  645s
 56660  7089  181.08416  212   34  183.06249  179.50209  1.94%  26.1  650s
 65935  7522 infeasible  196       183.06249  179.55224  1.92%  25.0  655s
 75171  6874  179.78304  203   26  183.06249  179.73447  1.82%  24.1  660s
 84071  7122     cutoff  202       183.06249  180.28084  1.52%  23.2  665s
 95119  6630  180.55760  221   36  183.06249  180.53899  1.38%  22.5  670s
 106723  4676 infeasible  204       183.06249  181.10257  1.07%  21.9  675s
 116778  1364  181.86340  194   36  183.06249  181.66149  0.77%  21.4  680s

Cutting planes:
  Learned: 2
  Gomory: 4
  Cover: 6
  Implied bound: 5
  Projected implied bound: 3
  Clique: 3
  MIR: 25
  StrongCG: 6
  Flow cover: 48
  GUB cover: 1
  Zero half: 7
  RLT: 2
  Relax-and-lift: 52

Explored 120801 nodes (3369494 simplex iterations) in 682.84 seconds (1026.23 work units)
Thread count was 16 (of 16 available processors)

Solution count 10: 183.062 183.063 183.063 ... 186.077

Optimal solution found (tolerance 1.00e-04)
Best objective 1.830624908589e+02, best bound 1.830624908589e+02, gap 0.0000%

User-callback calls 336843, time in user-callback 0.61 sec
