
Gurobi 10.0.1 (win64) logging started Sun Sep 21 16:28:46 2025

Set parameter LogFile to value "log_group_6/bound_Expr379_s5_l1051_s11_e12_o20_d40_t60_s14_1_1_1_1.log"
Gurobi Optimizer version 10.0.1 build v10.0.1rc0 (win64)

CPU model: Intel(R) Core(TM) i7-10700 CPU @ 2.90GHz, instruction set [SSE2|AVX|AVX2]
Thread count: 8 physical cores, 16 logical processors, using up to 16 threads

Optimize a model with 189804 rows, 185310 columns and 2627790 nonzeros
Model fingerprint: 0x2774761a
Variable types: 310 continuous, 185000 integer (185000 binary)
Coefficient statistics:
  Matrix range     [1e+00, 8e+02]
  Objective range  [1e+00, 1e+00]
  Bounds range     [1e+00, 1e+03]
  RHS range        [1e+00, 8e+02]
Presolve removed 188596 rows and 184396 columns
Presolve time: 1.50s
Presolved: 1208 rows, 914 columns, 11119 nonzeros
Variable types: 109 continuous, 805 integer (805 binary)
Found heuristic solution: objective 347.5429000

Root relaxation: objective 9.736387e+01, 482 iterations, 0.01 seconds (0.02 work units)

    Nodes    |    Current Node    |     Objective Bounds      |     Work
 Expl Unexpl |  Obj  Depth IntInf | Incumbent    BestBd   Gap | It/Node Time

     0     0   97.36387    0   70  347.54290   97.36387  72.0%     -    1s
H    0     0                     290.6938000   97.36387  66.5%     -    1s
     0     0   97.36387    0   26  290.69380   97.36387  66.5%     -    1s
     0     0   97.77154    0   76  290.69380   97.77154  66.4%     -    1s
     0     0   98.83553    0   62  290.69380   98.83553  66.0%     -    1s
     0     0   98.83553    0   25  290.69380   98.83553  66.0%     -    2s
H    0     0                     287.6938000   98.83553  65.6%     -    2s
H    0     0                     265.7090667   98.83553  62.8%     -    2s
     0     0   98.83553    0   39  265.70907   98.83553  62.8%     -    2s
     0     0  100.30720    0   41  265.70907  100.30720  62.2%     -    2s
     0     0  100.30720    0   59  265.70907  100.30720  62.2%     -    2s
H    0     0                     247.4338000  100.30720  59.5%     -    2s
H    0     0                     222.7678000  100.30720  55.0%     -    2s
     0     0  100.30720    0   50  222.76780  100.30720  55.0%     -    2s
H    0     0                     207.2655333  100.30720  51.6%     -    2s
     0     0  100.30720    0   48  207.26553  100.30720  51.6%     -    2s
H    0     0                     178.2627667  100.30720  43.7%     -    2s
H    0     0                     176.3329667  100.30720  43.1%     -    2s
     0     0  100.61564    0   54  176.33297  100.61564  42.9%     -    2s
H    0     0                     175.3680667  100.61564  42.6%     -    2s
     0     0  100.71066    0   63  175.36807  100.71066  42.6%     -    2s
     0     0  100.94814    0   61  175.36807  100.94814  42.4%     -    2s
     0     0  100.94951    0   61  175.36807  100.94951  42.4%     -    2s
     0     0  107.95233    0   32  175.36807  107.95233  38.4%     -    2s
     0     0  107.95233    0   23  175.36807  107.95233  38.4%     -    2s
     0     0  107.95233    0   28  175.36807  107.95233  38.4%     -    2s
     0     0  107.95233    0   30  175.36807  107.95233  38.4%     -    2s
     0     0  111.22651    0   30  175.36807  111.22651  36.6%     -    2s
     0     0  111.22678    0   32  175.36807  111.22678  36.6%     -    2s
     0     0  113.33520    0   17  175.36807  113.33520  35.4%     -    2s
     0     0  114.09030    0   30  175.36807  114.09030  34.9%     -    2s
     0     0  114.67612    0   27  175.36807  114.67612  34.6%     -    2s
     0     0  114.72460    0   32  175.36807  114.72460  34.6%     -    2s
     0     0  114.72626    0   28  175.36807  114.72626  34.6%     -    2s
     0     0  114.72626    0   35  175.36807  114.72626  34.6%     -    2s
     0     0  114.72626    0   27  175.36807  114.72626  34.6%     -    2s
     0     0  114.73610    0   26  175.36807  114.73610  34.6%     -    2s
     0     0  115.32483    0   21  175.36807  115.32483  34.2%     -    2s
     0     0  115.32483    0   19  175.36807  115.32483  34.2%     -    2s
H    0     0                     155.4805000  115.32483  25.8%     -    2s
H    0     1                     146.5373000  115.32483  21.3%     -    2s
     0     1  115.41082    0   14  146.53730  115.41082  21.2%     -    2s
H   11     9                     141.2082000  116.22770  17.7%   9.7    2s
H   34    28                     140.2433000  116.22770  17.1%   7.6    2s
H   34    28                     125.8362000  116.22770  7.64%   7.6    2s
H   36    28                     124.8362000  116.22770  6.90%   7.5    2s
*   67    19              10     120.1398000  116.22770  3.26%   6.0    2s
H   88     8                     118.2454000  116.22770  1.71%   5.4    2s
*   95     3              11     118.2100000  116.22770  1.68%   5.1    2s
*  100     3               9     116.3156000  116.22770  0.08%   5.0    2s

Cutting planes:
  Gomory: 1
  Cover: 2
  Implied bound: 4
  MIR: 16
  Zero half: 2
  RLT: 2
  Relax-and-lift: 11

Explored 106 nodes (5811 simplex iterations) in 2.51 seconds (6.38 work units)
Thread count was 16 (of 16 available processors)

Solution count 10: 116.316 118.21 118.245 ... 175.368

Optimal solution found (tolerance 1.00e-04)
Best objective 1.163156000000e+02, best bound 1.163156000000e+02, gap 0.0000%

User-callback calls 2472, time in user-callback 0.01 sec
