
Gurobi 10.0.1 (win64) logging started Sun Sep 21 16:17:50 2025

Set parameter LogFile to value "log_group_6/bound_Expr415_s8_l1051_s11_e12_o60_d120_t60_s50_1_1_1_1.log"
Gurobi Optimizer version 10.0.1 build v10.0.1rc0 (win64)

CPU model: Intel(R) Core(TM) i7-10700 CPU @ 2.90GHz, instruction set [SSE2|AVX|AVX2]
Thread count: 8 physical cores, 16 logical processors, using up to 16 threads

Optimize a model with 1127790 rows, 1104580 columns and 14568044 nonzeros
Model fingerprint: 0x622bb5af
Variable types: 580 continuous, 1104000 integer (1104000 binary)
Coefficient statistics:
  Matrix range     [1e+00, 8e+02]
  Objective range  [1e+00, 1e+00]
  Bounds range     [1e+00, 1e+03]
  RHS range        [1e+00, 8e+02]
Presolve removed 1111496 rows and 1089470 columns (presolve time = 5s) ...
Presolve removed 1111492 rows and 1089116 columns
Presolve time: 7.57s
Presolved: 16298 rows, 15464 columns, 119541 nonzeros
Variable types: 460 continuous, 15004 integer (14996 binary)
Deterministic concurrent LP optimizer: primal and dual simplex
Showing first log only...


Root simplex log...

Iteration    Objective       Primal Inf.    Dual Inf.      Time
       0   -4.1346000e+04   1.101425e+04   7.894496e+10     10s
    5395   -4.1346000e+04   1.115495e+00   4.314371e+07     10s
    5887    4.5054000e+04   0.000000e+00   5.120000e+02     10s
    6042    2.3188677e+02   0.000000e+00   0.000000e+00     10s
Concurrent spin time: 0.09s

Solved with primal simplex

Root relaxation: objective 2.318868e+02, 6042 iterations, 0.62 seconds (1.24 work units)

    Nodes    |    Current Node    |     Objective Bounds      |     Work
 Expl Unexpl |  Obj  Depth IntInf | Incumbent    BestBd   Gap | It/Node Time

     0     0  231.88677    0  227          -  231.88677      -     -   12s
     0     0  231.88677    0  268          -  231.88677      -     -   14s
     0     0  231.88677    0  344          -  231.88677      -     -   14s
H    0     0                    5180.1111000  231.88677  95.5%     -   15s
H    0     0                    3877.5196000  233.28877  94.0%     -   20s
H    0     0                    3288.4315333  233.28877  92.9%     -   20s
H    0     0                    2330.1830000  233.28877  90.0%     -   20s
     0     0  233.28877    0  222 2330.18300  233.28877  90.0%     -   20s
H    0     0                    2087.4784333  233.28877  88.8%     -   21s
H    0     0                    1905.1033000  233.28877  87.8%     -   22s
     0     0  233.28877    0  210 1905.10330  233.28877  87.8%     -   22s
     0     0  233.47941    0  448 1905.10330  233.47941  87.7%     -   23s
     0     0  233.47943    0  448 1905.10330  233.47943  87.7%     -   23s
     0     0  233.47943    0  448 1905.10330  233.47943  87.7%     -   23s
     0     0  233.49069    0  447 1905.10330  233.49069  87.7%     -   23s
     0     0  233.49377    0  447 1905.10330  233.49377  87.7%     -   23s
H    0     0                    1904.6342333  233.49377  87.7%     -   26s
H    0     0                    1857.3164333  233.49377  87.4%     -   26s
H    0     0                    1656.1598333  233.49377  85.9%     -   26s
H    0     0                    1566.4611333  233.49377  85.1%     -   26s
     0     0  233.49377    0  391 1566.46113  233.49377  85.1%     -   26s
     0     0  242.92269    0  388 1566.46113  242.92269  84.5%     -   28s
H    0     0                    1373.1123333  242.92269  82.3%     -   29s
     0     0  242.92269    0  462 1373.11233  242.92269  82.3%     -   30s
     0     0  244.36459    0  461 1373.11233  244.36459  82.2%     -   32s
H    0     0                    1321.0448333  244.37186  81.5%     -   34s
     0     0  244.37186    0  499 1321.04483  244.37186  81.5%     -   34s
     0     0  244.37210    0  437 1321.04483  244.37210  81.5%     -   35s
H    0     0                    1239.5391000  245.70877  80.2%     -   37s
H    0     0                    1181.0118000  245.70877  79.2%     -   37s
     0     0  245.70877    0  464 1181.01180  245.70877  79.2%     -   37s
H    0     0                    1028.9292815  245.70877  76.1%     -   38s
     0     0  245.70877    0  455 1028.92928  245.70877  76.1%     -   39s
     0     0  245.70877    0  489 1028.92928  245.70877  76.1%     -   42s
     0     0  245.70877    0  191 1028.92928  245.70877  76.1%     -   45s
     0     2  245.70877    0  191 1028.92928  245.70877  76.1%     -   52s
    15    24  245.70877    4  361 1028.92928  245.70877  76.1%  1367   58s
    31    40  245.70877    6  361 1028.92928  245.70877  76.1%  1848   60s
H   34    40                    1026.0949000  245.70877  76.1%  1685   60s
H   36    40                    1004.8466000  245.70877  75.5%  1591   60s
H   36    40                     891.4347815  245.70877  72.4%  1591   60s

Cutting planes:
  Gomory: 2
  Implied bound: 470
  MIR: 126
  Flow cover: 4
  Zero half: 3
  RLT: 35
  Relax-and-lift: 875

Explored 39 nodes (144682 simplex iterations) in 60.24 seconds (111.30 work units)
Thread count was 16 (of 16 available processors)

Solution count 10: 891.435 1004.85 1026.09 ... 1656.16

Time limit reached
Best objective 8.914347814906e+02, best bound 2.457087666666e+02, gap 72.4367%

User-callback calls 10593, time in user-callback 0.03 sec
