
Gurobi 10.0.1 (win64) logging started Sun Sep 21 15:53:31 2025

Set parameter LogFile to value "log_group_6/bound_Expr309_s5_l1051_s11_e12_o20_d40_t60_s14_0_0_0_0.log"
Gurobi Optimizer version 10.0.1 build v10.0.1rc0 (win64)

CPU model: Intel(R) Core(TM) i7-10700 CPU @ 2.90GHz, instruction set [SSE2|AVX|AVX2]
Thread count: 8 physical cores, 16 logical processors, using up to 16 threads

Optimize a model with 185825 rows, 185310 columns and 1483370 nonzeros
Model fingerprint: 0x34fe03d8
Variable types: 310 continuous, 185000 integer (185000 binary)
Coefficient statistics:
  Matrix range     [1e+00, 8e+02]
  Objective range  [1e+00, 1e+00]
  Bounds range     [1e+00, 1e+03]
  RHS range        [1e+00, 8e+02]
Presolve removed 178810 rows and 178790 columns
Presolve time: 0.86s
Presolved: 7015 rows, 6520 columns, 44365 nonzeros
Variable types: 270 continuous, 6250 integer (6250 binary)
Found heuristic solution: objective 408.1978000

Root relaxation: objective 0.000000e+00, 1118 iterations, 0.04 seconds (0.05 work units)

    Nodes    |    Current Node    |     Objective Bounds      |     Work
 Expl Unexpl |  Obj  Depth IntInf | Incumbent    BestBd   Gap | It/Node Time

     0     0    0.00000    0   40  408.19780    0.00000   100%     -    1s
     0     0    0.00000    0   50  408.19780    0.00000   100%     -    1s
H    0     0                     197.4913333    0.00000   100%     -    1s
H    0     0                     184.7437000    0.00000   100%     -    1s
H    0     0                     181.3092000    0.00000   100%     -    1s
     0     0    0.00000    0   40  181.30920    0.00000   100%     -    1s
H    0     0                     133.6525000    0.00000   100%     -    2s
H    0     0                     118.0534000    0.00000   100%     -    2s
     0     0    0.00000    0   40  118.05340    0.00000   100%     -    2s
     0     0    0.00000    0   41  118.05340    0.00000   100%     -    2s
     0     0    0.00000    0   41  118.05340    0.00000   100%     -    2s
     0     0    0.00000    0   41  118.05340    0.00000   100%     -    2s
H    0     0                     116.3156000    0.00000   100%     -    2s
     0     0    0.00000    0   40  116.31560    0.00000   100%     -    2s
     0     0    0.00000    0   49  116.31560    0.00000   100%     -    2s
     0     0    0.00000    0   40  116.31560    0.00000   100%     -    3s
     0     0    0.00000    0   51  116.31560    0.00000   100%     -    3s
     0     0    0.00000    0   48  116.31560    0.00000   100%     -    4s
     0     0    0.00000    0   42  116.31560    0.00000   100%     -    4s
     0     0    0.00000    0   46  116.31560    0.00000   100%     -    4s
     0     0    0.00000    0   40  116.31560    0.00000   100%     -    4s
     0     0    0.00000    0   40  116.31560    0.00000   100%     -    4s
     0     0    0.00000    0   40  116.31560    0.00000   100%     -    5s
     0     0    0.00000    0   40  116.31560    0.00000   100%     -    5s
     0     0    0.00000    0   40  116.31560    0.00000   100%     -    5s
     0     0    0.00000    0   40  116.31560    0.00000   100%     -    5s
     0     2    0.00000    0   40  116.31560    0.00000   100%     -    6s
  2015   807   94.87530  195   49  116.31560    0.00000   100%  11.9   19s
  2017   808  109.27343  305   41  116.31560    0.00000   100%  11.9   21s
  2021   811    9.64695   45   40  116.31560    9.64695  91.7%  11.8   26s
  2032   818  103.02890   59   37  116.31560   35.20294  69.7%  11.8   30s
  2041   826  103.02890   85   49  116.31560   51.24876  55.9%  14.8   42s
  2056   836  109.51990   96   74  116.31560   51.65036  55.6%  14.7   45s
  2072   848   56.10517  299  102  116.31560   56.10517  51.8%  16.7   50s
  2097   865   64.81257  115   93  116.31560   64.79789  44.3%  16.5   55s

Cutting planes:
  Gomory: 10
  Cover: 1
  Implied bound: 27
  Projected implied bound: 5
  MIR: 39
  Flow cover: 80
  Relax-and-lift: 2094

Explored 2122 nodes (57555 simplex iterations) in 60.03 seconds (81.99 work units)
Thread count was 16 (of 16 available processors)

Solution count 7: 116.316 118.053 133.652 ... 408.198

Time limit reached
Best objective 1.163155999999e+02, best bound 6.706335293803e+01, gap 42.3436%

User-callback calls 10612, time in user-callback 0.04 sec
