
Gurobi 10.0.3 (win64) logging started Sun Sep 21 05:55:11 2025

Set parameter LogFile to value "log_group_6/bound_Expr259_s5_l1051_s11_e12_o20_d43_t1200_s14_0_1_1_0.log"
Gurobi Optimizer version 10.0.3 build v10.0.3rc0 (win64)

CPU model: 11th Gen Intel(R) Core(TM) i7-11700 @ 2.50GHz, instruction set [SSE2|AVX|AVX2|AVX512]
Thread count: 8 physical cores, 16 logical processors, using up to 16 threads

Optimize a model with 189539 rows, 185310 columns and 2265170 nonzeros
Model fingerprint: 0x21314f48
Variable types: 310 continuous, 185000 integer (185000 binary)
Coefficient statistics:
  Matrix range     [1e+00, 8e+02]
  Objective range  [1e+00, 1e+00]
  Bounds range     [1e+00, 1e+03]
  RHS range        [1e+00, 8e+02]
Presolve removed 187926 rows and 183994 columns (presolve time = 15s) ...
Presolve removed 187924 rows and 183992 columns
Presolve time: 15.51s
Presolved: 1615 rows, 1318 columns, 13101 nonzeros
Variable types: 166 continuous, 1152 integer (1151 binary)
Found heuristic solution: objective 600.0714331
Found heuristic solution: objective 585.9896331

Root simplex log...

Iteration    Objective       Primal Inf.    Dual Inf.      Time
       0    2.3886900e+01   4.880000e+02   0.000000e+00     16s
     487    2.3886900e+01   0.000000e+00   0.000000e+00     16s

Root relaxation: objective 2.388690e+01, 487 iterations, 0.01 seconds (0.01 work units)

    Nodes    |    Current Node    |     Objective Bounds      |     Work
 Expl Unexpl |  Obj  Depth IntInf | Incumbent    BestBd   Gap | It/Node Time

     0     0   23.88690    0   32  585.98963   23.88690  95.9%     -   15s
H    0     0                     305.3619665   23.88690  92.2%     -   15s
H    0     0                     206.3432998   23.88690  88.4%     -   15s
H    0     0                     193.1508998   23.88690  87.6%     -   15s
     0     0   23.88690    0   35  193.15090   23.88690  87.6%     -   15s
     0     0   23.88690    0   33  193.15090   23.88690  87.6%     -   15s
     0     0   23.88690    0   34  193.15090   23.88690  87.6%     -   15s
     0     0   23.88690    0   33  193.15090   23.88690  87.6%     -   15s
     0     0   23.88690    0   33  193.15090   23.88690  87.6%     -   15s
     0     0   23.88690    0   33  193.15090   23.88690  87.6%     -   16s
     0     0   23.88690    0   32  193.15090   23.88690  87.6%     -   16s
     0     0   23.88690    0   32  193.15090   23.88690  87.6%     -   16s
H    0     0                     149.4992665   23.88690  84.0%     -   16s
H 1398  1104                     117.2627998   28.24110  75.9%   5.1   18s
H 3674  3041                     116.3155998   28.24110  75.7%   3.3   18s
  7301  5192   28.24110   14   19  116.31560   28.24110  75.7%   4.0   21s
 19329 12235   28.24110  159   19  116.31560   28.24110  75.7%   4.4   25s
 58835 41768   39.25017  217   15  116.31560   32.34997  72.2%   4.7   30s
 63395 41546   82.84143   37   11  116.31560   82.84143  28.8%   4.7   49s
 63817 41969   82.84143   67    5  116.31560   82.84143  28.8%   4.7   50s
H65753 42340                     116.3155954   82.84143  28.8%   4.7   50s
 74488 48186  115.10710   27    5  116.31560  115.10710  1.04%   4.7   55s
 100394 54745  115.10710   51    7  116.31560  115.10710  1.04%   4.0   62s
 124334 59657  115.15990  140    3  116.31560  115.10710  1.04%   3.7   65s
 154518 64689  115.10710   36    6  116.31560  115.10710  1.04%   3.5   70s
 181718 72387  116.11760  104    3  116.31560  115.10710  1.04%   3.3   75s
 235527 77695  116.11760  119    9  116.31560  115.10710  1.04%   3.3   80s
 285111 80785     cutoff  168       116.31560  115.10710  1.04%   3.2   85s
 345304 86077  116.11760  119    5  116.31560  115.10710  1.04%   3.1   90s
 402712 91543  115.14220  116    3  116.31560  115.14220  1.01%   3.0   95s
 470964 104420  115.14220  132    3  116.31560  115.14220  1.01%   3.2  100s
 541354 90901     cutoff  137       116.31560  115.29100  0.88%   3.2  105s
 604059 66812     cutoff   86       116.31560  115.29100  0.88%   3.3  110s
 687662 61475     cutoff  151       116.31560  115.29100  0.88%   3.4  115s
 783390 63787     cutoff  108       116.31560  115.32610  0.85%   3.5  120s
 857668 62728  115.32610   98    3  116.31560  115.32610  0.85%   3.5  125s
 941670 62792     cutoff   94       116.31560  115.32610  0.85%   3.5  130s
 1031052 61222  115.32610  116    5  116.31560  115.32610  0.85%   3.5  135s
 1120451 60423     cutoff  115       116.31560  115.32610  0.85%   3.5  140s
 1194209 57149  115.32610  114    9  116.31560  115.32610  0.85%   3.5  145s
 1271140 53566  115.32610  144    7  116.31560  115.32610  0.85%   3.5  150s
 1356996 49719     cutoff  158       116.31560  115.32610  0.85%   3.5  155s
 1426139 46577  115.32610  116    5  116.31560  115.32610  0.85%   3.5  160s
 1494867 41210  116.18450  171    3  116.31560  116.18450  0.11%   3.5  165s
 1560018 39684     cutoff  151       116.31560  116.18450  0.11%   3.4  170s
 1623589 38184  116.18450  160    3  116.31560  116.18450  0.11%   3.4  175s
 1693984 35741  116.18450  102    5  116.31560  116.18450  0.11%   3.4  180s
 1769839 29042  116.18450  153    9  116.31560  116.18450  0.11%   3.4  185s
 1833777 22315  116.20550  160    5  116.31560  116.20550  0.09%   3.4  190s
 1889114 20902  116.20550  120    3  116.31560  116.20550  0.09%   3.4  195s
 1947612 19788  116.20550  177    5  116.31560  116.20550  0.09%   3.3  200s
 2006701 18090     cutoff   92       116.31560  116.20550  0.09%   3.3  205s
 2082379  8053     cutoff  117       116.31560  116.20550  0.09%   3.4  210s

Cutting planes:
  Gomory: 5
  Implied bound: 60
  MIR: 26
  RLT: 2
  Relax-and-lift: 27

Explored 2129418 nodes (7292615 simplex iterations) in 214.24 seconds (156.61 work units)
Thread count was 16 (of 16 available processors)

Solution count 10: 116.316 116.316 116.316 ... 600.071

Optimal solution found (tolerance 1.00e-04)
Best objective 1.163156000000e+02, best bound 1.163155954344e+02, gap 0.0000%

User-callback calls 4260169, time in user-callback 5.37 sec
