
Gurobi 10.0.0 (win64) logging started Sun Sep 21 03:19:25 2025

Set parameter LogFile to value "log_group_6/bound_Expr201_s7_l1051_s11_e12_o30_d60_t7200_s21_1_1_1_0.log"
Gurobi Optimizer version 10.0.0 build v10.0.0rc2 (win64)

CPU model: Intel(R) Core(TM) i7-10700 CPU @ 2.90GHz, instruction set [SSE2|AVX|AVX2]
Thread count: 8 physical cores, 16 logical processors, using up to 16 threads

Optimize a model with 590634 rows, 577940 columns and 8472456 nonzeros
Model fingerprint: 0x730dde61
Variable types: 440 continuous, 577500 integer (577500 binary)
Coefficient statistics:
  Matrix range     [1e+00, 9e+02]
  Objective range  [1e+00, 1e+00]
  Bounds range     [1e+00, 1e+03]
  RHS range        [1e+00, 8e+02]
Presolve removed 587624 rows and 575374 columns (presolve time = 6s) ...
Presolve removed 587618 rows and 575368 columns
Presolve time: 5.59s
Presolved: 3016 rows, 2572 columns, 35133 nonzeros
Variable types: 166 continuous, 2406 integer (2402 binary)
Found heuristic solution: objective 1151.2573000

Root simplex log...

Iteration    Objective       Primal Inf.    Dual Inf.      Time
       0    9.3178300e+01   4.530000e+02   0.000000e+00      7s
    1875    9.3178300e+01   0.000000e+00   0.000000e+00      7s

Root relaxation: objective 9.317830e+01, 1875 iterations, 0.09 seconds (0.16 work units)

    Nodes    |    Current Node    |     Objective Bounds      |     Work
 Expl Unexpl |  Obj  Depth IntInf | Incumbent    BestBd   Gap | It/Node Time

     0     0   93.17830    0   61 1151.25730   93.17830  91.9%     -    6s
H    0     0                    1075.5038333   93.17830  91.3%     -    6s
     0     0   93.17830    0   64 1075.50383   93.17830  91.3%     -    7s
H    0     0                     789.3918333   93.17830  88.2%     -    7s
H    0     0                     642.4565333   93.17830  85.5%     -    7s
H    0     0                     418.3595333   93.17830  77.7%     -    7s
     0     0   93.17830    0   47  418.35953   93.17830  77.7%     -    7s
H    0     0                     333.6918000   93.17830  72.1%     -    7s
     0     0   93.17830    0   55  333.69180   93.17830  72.1%     -    7s
     0     0   93.17830    0   84  333.69180   93.17830  72.1%     -    7s
     0     0   93.17830    0   58  333.69180   93.17830  72.1%     -    7s
     0     0   93.17830    0   37  333.69180   93.17830  72.1%     -    7s
H    0     0                     323.9644000   93.17830  71.2%     -    7s
     0     0   97.12103    0   54  323.96440   97.12103  70.0%     -    7s
H    0     0                     289.5607667   97.12103  66.5%     -    8s
H    0     0                     271.6853667   97.12103  64.3%     -    8s
     0     0   97.12103    0   65  271.68537   97.12103  64.3%     -    8s
     0     0   97.12103    0   65  271.68537   97.12103  64.3%     -    8s
H    0     0                     253.8086000   97.12103  61.7%     -    8s
H    0     0                     242.9529667   97.12103  60.0%     -    8s
     0     0   97.12103    0   66  242.95297   97.12103  60.0%     -    8s
     0     0   97.12103    0   65  242.95297   97.12103  60.0%     -    8s
     0     2   97.12103    0   32  242.95297   97.12103  60.0%     -    9s
H   31    38                     240.1086667   97.12103  59.6%   237    9s
H   33    38                     237.9137667   97.12103  59.2%   227    9s
    67    67   97.12103   10   90  237.91377   97.12103  59.2%   152   10s
H   69    67                     236.1895667   97.12103  58.9%   151   10s
H   71    67                     233.7964667   97.12103  58.5%   149   10s
H   72    67                     229.3955667   97.12103  57.7%   147   10s
H   78    71                     190.2699667   97.12103  49.0%   142   10s
H  253   144                     188.5457667   97.12103  48.5%  89.8   11s
  3523   932  180.47455   44   31  188.54577  179.08729  5.02%   2.0   15s

Cutting planes:
  Implied bound: 28
  MIR: 10
  Relax-and-lift: 1

Explored 20548 nodes (339198 simplex iterations) in 17.51 seconds (29.29 work units)
Thread count was 16 (of 16 available processors)

Solution count 10: 188.546 190.27 229.396 ... 271.685

Optimal solution found (tolerance 1.00e-04)
Best objective 1.885457666666e+02, best bound 1.885457666666e+02, gap 0.0000%

User-callback calls 43671, time in user-callback 0.06 sec
