
Gurobi 10.0.0 (win64) logging started Sun Sep 21 03:10:30 2025

Set parameter LogFile to value "log_group_6/bound_Expr183_s3_l1051_s11_e12_o10_d20_t7200_s3_1_1_1_0.log"
Gurobi Optimizer version 10.0.0 build v10.0.0rc2 (win64)

CPU model: Intel(R) Core(TM) i7-10700 CPU @ 2.90GHz, instruction set [SSE2|AVX|AVX2]
Thread count: 8 physical cores, 16 logical processors, using up to 16 threads

Optimize a model with 26644 rows, 25680 columns and 354454 nonzeros
Model fingerprint: 0x94615970
Variable types: 180 continuous, 25500 integer (25500 binary)
Coefficient statistics:
  Matrix range     [1e+00, 9e+02]
  Objective range  [1e+00, 1e+00]
  Bounds range     [1e+00, 1e+03]
  RHS range        [1e+00, 9e+02]
Presolve removed 25742 rows and 25070 columns
Presolve time: 0.14s
Presolved: 902 rows, 610 columns, 4645 nonzeros
Variable types: 110 continuous, 500 integer (500 binary)
Found heuristic solution: objective 123.5337667

Root relaxation: objective 0.000000e+00, 349 iterations, 0.01 seconds (0.01 work units)

    Nodes    |    Current Node    |     Objective Bounds      |     Work
 Expl Unexpl |  Obj  Depth IntInf | Incumbent    BestBd   Gap | It/Node Time

     0     0    0.00000    0   27  123.53377    0.00000   100%     -    0s
H    0     0                      91.2667667    3.78275  95.9%     -    0s
     0     0    3.80976    0   51   91.26677    3.80976  95.8%     -    0s
     0     0    3.80976    0   51   91.26677    3.80976  95.8%     -    0s
     0     0    7.16183    0   26   91.26677    7.16183  92.2%     -    0s
     0     0    7.16183    0   26   91.26677    7.16183  92.2%     -    0s
     0     0    8.69359    0   28   91.26677    8.69359  90.5%     -    0s
     0     0   27.38036    0   60   91.26677   27.38036  70.0%     -    0s
H    0     0                      83.7014667   27.38036  67.3%     -    0s
     0     0   27.38036    0   34   83.70147   27.38036  67.3%     -    0s
H    0     0                      75.9180667   27.38036  63.9%     -    0s
H    0     0                      74.0140667   27.38036  63.0%     -    0s
     0     0   28.02047    0   51   74.01407   28.02047  62.1%     -    0s
H    0     0                      69.2231667   28.02047  59.5%     -    0s
     0     0   29.85749    0   54   69.22317   29.85749  56.9%     -    0s
     0     0   29.89248    0   56   69.22317   29.89248  56.8%     -    0s
     0     0   33.66664    0   21   69.22317   33.66664  51.4%     -    0s
     0     0   33.66664    0   21   69.22317   33.66664  51.4%     -    0s
     0     0   46.24237    0   23   69.22317   46.24237  33.2%     -    0s
     0     0   46.24237    0   15   69.22317   46.24237  33.2%     -    0s
H    0     0                      68.3248667   46.24237  32.3%     -    0s
     0     0   56.34985    0   14   68.32487   56.34985  17.5%     -    0s
     0     0   56.34985    0    9   68.32487   56.34985  17.5%     -    0s
     0     0   56.78292    0   13   68.32487   56.78292  16.9%     -    0s
     0     0   57.50972    0   14   68.32487   57.50972  15.8%     -    0s
     0     0   58.84633    0   15   68.32487   58.84633  13.9%     -    0s
     0     0   59.50707    0   10   68.32487   59.50707  12.9%     -    0s
     0     0   63.08932    0   14   68.32487   63.08932  7.66%     -    0s
     0     0   66.14757    0    9   68.32487   66.14757  3.19%     -    0s
     0     0   66.14757    0   10   68.32487   66.14757  3.19%     -    0s
     0     0   68.04367    0   10   68.32487   68.04367  0.41%     -    0s

Cutting planes:
  Gomory: 3
  MIR: 6
  GUB cover: 1
  RLT: 4
  Relax-and-lift: 3

Explored 1 nodes (2440 simplex iterations) in 0.37 seconds (0.55 work units)
Thread count was 16 (of 16 available processors)

Solution count 7: 68.3249 69.2232 74.0141 ... 123.534

Optimal solution found (tolerance 1.00e-04)
Best objective 6.832486666666e+01, best bound 6.832486666666e+01, gap 0.0000%

User-callback calls 1687, time in user-callback 0.00 sec
