
Gurobi 9.1.2 (win64) logging started Sun Sep 21 09:10:57 2025

Changed value of parameter LogFile to log_group_6/bound_Expr174_s7_l1051_s11_e12_o40_d80_t7200_s34_1_0_0_0.log
   Prev:   Default: 
Gurobi Optimizer version 9.1.2 build v9.1.2rc0 (win64)
Thread count: 8 physical cores, 16 logical processors, using up to 16 threads
Optimize a model with 673546 rows, 672470 columns and 6698026 nonzeros
Model fingerprint: 0xdd6b5c50
Variable types: 470 continuous, 672000 integer (672000 binary)
Coefficient statistics:
  Matrix range     [1e+00, 8e+02]
  Objective range  [1e+00, 1e+00]
  Bounds range     [1e+00, 1e+03]
  RHS range        [1e+00, 8e+02]
Presolve removed 654970 rows and 654587 columns
Presolve time: 2.96s
Presolved: 18576 rows, 17883 columns, 105644 nonzeros
Variable types: 390 continuous, 17493 integer (17493 binary)
Found heuristic solution: objective 3985.0933333

Deterministic concurrent LP optimizer: primal and dual simplex
Showing first log only...

Concurrent spin time: 0.00s

Solved with primal simplex

Root relaxation: objective 0.000000e+00, 8030 iterations, 0.55 seconds

    Nodes    |    Current Node    |     Objective Bounds      |     Work
 Expl Unexpl |  Obj  Depth IntInf | Incumbent    BestBd   Gap | It/Node Time

     0     0    0.00000    0  137 3985.09333    0.00000   100%     -    5s
H    0     0                    3790.3898333    0.00000   100%     -    5s
H    0     0                    3773.2265333    0.00000   100%     -    6s
     0     0    0.00000    0  224 3773.22653    0.00000   100%     -    6s
H    0     0                    1806.6961333    0.00000   100%     -    9s
     0     0    0.00000    0  217 1806.69613    0.00000   100%     -    9s
H    0     0                    1523.9596000    0.00000   100%     -   14s
     0     0    0.00000    0  134 1523.95960    0.00000   100%     -   14s
H    0     0                    1243.3431333    0.00000   100%     -   16s
     0     0    0.00000    0  146 1243.34313    0.00000   100%     -   19s
     0     0    0.00000    0  144 1243.34313    0.00000   100%     -   20s
H    0     0                    1221.9672667    0.00000   100%     -   22s
     0     2    0.00000    0  144 1221.96727    0.00000   100%     -   23s
    15    24    0.00000    4  295 1221.96727    0.00000   100%   809   25s
H   31    40                    1139.9192000    0.00000   100%   622   32s
H   32    40                    1075.0931000    0.00000   100%   611   32s
H   33    40                     919.8736333    0.00000   100%   611   32s
H   35    40                     915.1442333    0.00000   100%   589   32s
H   37    40                     664.9145000    0.00000   100%   567   32s
    87   101  106.18483    9  198  664.91450    0.00000   100%   387   35s
   278   310   80.51953   18  290  664.91450    0.00000   100%   296   40s
   575   630    0.00000   31  149  664.91450    0.00000   100%   236   45s
  1234  1343    0.00000   70  195  664.91450    0.00000   100%   174   50s
  1752  1938    0.00000  105  194  664.91450    0.00000   100%   163   55s
H 2107  2109                     390.5862333    0.00000   100%   155   59s
  2108  2278    0.00000  136  148  390.58623    0.00000   100%   155   61s
  2498  2622    6.79197  150  148  390.58623    0.00000   100%   157   65s
  2781  2910  105.60040  158  261  390.58623    0.00000   100%   168   70s
  2943  3000    0.00000  160  259  390.58623    0.00000   100%   170   75s
H 2974  3000                     375.2583000    0.00000   100%   172   75s
H 3065  3007                     357.6206000    0.00000   100%   173   82s
H 3066  2959                     333.2047333    0.00000   100%   173   82s
H 3067  2926                     312.1480000    0.00000   100%   173   82s
  3237  3295    0.00000  171  259  312.14800    0.00000   100%   176   87s
  3581  3528    0.00000  179  216  312.14800    0.00000   100%   185   93s
  3695  3712    0.00000  188  202  312.14800    0.00000   100%   191   96s
H 3881  3726                     296.1579000    0.00000   100%   194  100s
H 3886  3724                     286.0973000    0.00000   100%   195  100s
H 3889  3724                     283.5120000    0.00000   100%   195  100s
  4070  3971    0.00000  228  148  283.51200    0.00000   100%   203  106s
H 4179  3989                     283.5119997    0.00000   100%   212  112s
H 4180  3989                     283.5119979    0.00000   100%   212  112s
H 4186  3988                     271.8097000    0.00000   100%   215  112s
  4201  4168    0.00000  249  112  271.80970    0.00000   100%   218  120s
  4496  4522   45.67853  271  138  271.80970    0.00000   100%   244  129s
  4757  4549   45.67853  385  136  271.80970    0.00000   100%   249  135s
H 4758  4549                     271.8096993    0.00000   100%   249  135s
H 4768  4549                     269.7548000    0.00000   100%   250  135s
H 4787  4549                     265.8676333    0.00000   100%   251  135s
H 4788  4555                     258.0577333    0.00000   100%   252  143s
H 4790  4555                     257.4837333    0.00000   100%   252  143s
H 4793  4495                     254.5486333    0.00000   100%   252  143s
  4798  4605   45.67853  387  240  254.54863    0.00000   100%   253  148s
  4932  4682  127.45907  396  174  254.54863    0.00000   100%   263  153s
  5059  4810   45.67853  404  169  254.54863    0.00000   100%   272  158s
  5237  4895   45.67853  410  170  254.54863    0.00000   100%   280  164s
H 5240  4895                     254.5486333    0.00000   100%   281  164s
H 5345  4895                     254.5282333    0.00000   100%   282  164s
  5348  5126   45.67853  412  160  254.52823    0.00000   100%   283  169s
  5615  5584   45.67853  414  152  254.52823    0.00000   100%   285  175s
  6095  5711   45.67853  423  152  254.52823    0.00000   100%   281  181s
  6250  6058  127.57997  428  140  254.52823    0.00000   100%   283  188s
  6647  6250  127.57997  469   91  254.52823    0.00000   100%   284  195s
  6891  6796  102.84790  280  173  254.52823    0.00000   100%   292  202s
  7470  6797  114.21707   58  144  254.52823    0.00000   100%   285  355s
  7472  6798  127.57997  457  141  254.52823    0.00000   100%   285  377s
  7473  6799  142.91727  408  197  254.52823    0.00000   100%   285  417s
  7474  6800   97.18233  250  184  254.52823    0.00000   100%   285  426s
  7475  6800   86.15887  570  242  254.52823    0.00000   100%   285  456s
  7476  6801  176.51370  257  301  254.52823    0.00000   100%   285  463s
  7477  6802   86.15887   89  192  254.52823    0.00000   100%   285  495s
  7478  6802   79.45150   98  242  254.52823    0.00000   100%   285  506s
  7479  6803   79.45150  179  157  254.52823    0.00000   100%   285  559s
  7480  6804  205.58673  258  157  254.52823    0.00000   100%   285  568s
  7481  6804  176.51370   52  157  254.52823    0.00000   100%   285  599s
  7482  6808    0.00000   13  229  254.52823    0.00000   100%   302  655s
  7484  6811    0.00000   14  220  254.52823    0.00000   100%   302  696s
  7488  6815    0.00000   15  215  254.52823    0.00000   100%   303  744s
  7496  6819    0.00000   16  206  254.52823    0.00000   100%   306  791s
  7504  6820    0.00000   17  192  254.52823    0.00000   100%   309  825s
  7512  6822    0.31648   17  628  254.52823    0.00000   100%   316  878s
  7520  6824    0.00000   18  179  254.52823    0.00000   100%   318  906s
  7528  6831    0.00186   18  432  254.52823    0.00000   100%   321  927s
  7538  6837    0.00000   19  138  254.52823    0.00000   100%   322  948s
H 7552  6499                     254.5282329    0.00000   100%   323  983s
  7561  6512  115.00377   20  155  254.52823    0.00000   100%   324  998s
  7579  6518   87.15184   21  522  254.52823    0.00000   100%   325 1016s
H 7594  6198                     254.5282314    0.00000   100%   328 1050s
H 7596  5890                     254.5282309    0.00000   100%   329 1050s
H 7600  5597                     254.5282283    0.00000   100%   329 1050s
  7602  5614    6.12082   22  537  254.52823    0.00000   100%   330 1068s
  7621  5626    0.00000   23  203  254.52823    0.00000   100%   331 1096s
  7641  5637    0.00000   24  195  254.52823    0.00000   100%   334 1123s
  7662  5658    0.00000   25  193  254.52823    0.00000   100%   336 1141s
  7693  5655    0.00000   26  193  254.52823    0.00000   100%   338 1183s
  7701  5682    6.70752   26  523  254.52823    0.00000   100%   338 1200s
  7731  5687    0.00000   27  188  254.52823    0.00000   100%   339 1216s
  7748  5711   44.31333   27  637  254.52823    0.00000   100%   340 1238s
  7781  5707    0.00000   28  182  254.52823    0.00000   100%   341 1263s
  7789  5741    6.87941   28  657  254.52823    0.00000   100%   343 1287s
  7826  5750    0.00000   29  193  254.52823    0.00000   100%   345 1313s
  7861  5773    0.00000   30  200  254.52823    0.00000   100%   348 1336s
  7903  5802    0.00000   31  175  254.52823    0.00000   100%   350 1358s
  7957  5810    0.00000   33  184  254.52823    0.00000   100%   352 1382s
  7985  5851   45.45563   33  634  254.52823    0.00000   100%   353 1420s
  8040  5874    0.00000   35  190  254.52823    0.00000   100%   356 1446s
  8092  5890   41.37385   36  619  254.52823    0.00000   100%   359 1467s
  8130  5948    0.00000   37  183  254.52823    0.00000   100%   359 1492s
  8226  5987    0.00000   39  209  254.52823    0.00000   100%   363 1513s
  8323  6026    0.00000   41  202  254.52823    0.00000   100%   364 1537s
  8408  6058    0.00000   43  165  254.52823    0.00000   100%   366 1567s
  8479  6124    1.57015   43  610  254.52823    0.00000   100%   366 1587s
  8583  6186    0.00000   44  159  254.52823    0.00000   100%   364 1611s
  8690  6254    0.00000   46  161  254.52823    0.00000   100%   365 1637s
  8846  6253    0.00000   48  162  254.52823    0.00000   100%   363 1678s
  8923  6346    0.00000   50  158  254.52823    0.00000   100%   365 1701s
  9081  6427    0.00000   51  159  254.52823    0.00000   100%   363 1726s
  9246  6448    0.00000   53  157  254.52823    0.00000   100%   362 1770s
  9339  6548   84.19221   53  492  254.52823    0.00000   100%   362 1794s
  9542  6634    0.00000   55  162  254.52823    0.00000   100%   362 1820s
  9751  6748    0.00000   58  166  254.52823    0.00000   100%   361 1843s
  9995  6820    0.00000   61  161  254.52823    0.00000   100%   361 1866s
 10175  6977    0.00000   62  159  254.52823    0.00000   100%   358 1892s
 10452  6895    0.00000   64  162  254.52823    0.00000   100%   357 1925s
 10462  7067   85.07330   64  540  254.52823    0.00216   100%   358 1957s
 10654  7145    0.01226   66  350  254.52823    0.00216   100%   359 1997s
 10846  7349    1.56711   68  248  254.52823    0.00216   100%   361 2034s
 11186  7396    2.33466   76  156  254.52823    0.00216   100%   363 2064s
 11449  7663    5.03047   83  157  254.52823    0.00216   100%   365 2095s
 11886  7645    5.03047   91  157  254.52823    0.00216   100%   363 2137s
 12040  7939    5.03047   94  164  254.52823    0.00216   100%   363 2177s
 12473  8024    8.92159   99  162  254.52823    0.00216   100%   362 2210s
 12775  8022   89.11213  110  150  254.52823    0.00216   100%   359 2248s
 12888  8432   89.11213  117  159  254.52823    0.00216   100%   361 2285s
 13384  8372     cutoff  137       254.52823    0.00216   100%   359 2328s
H13385  8092                     254.3261802    0.00216   100%   359 2328s
 13497  8635   81.78962  138  138  254.32618    0.01482   100%   358 2363s
 14168  8942    0.02417   20  366  254.32618    0.02417   100%   351 2398s
 14745  9130    7.25174   26  153  254.32618    0.31648   100%   349 2672s
 15253  9320   10.78630   34  131  254.32618    0.31648   100%   350 2712s
 15722  9269   10.79753   57  102  254.32618    0.31648   100%   349 2755s
 15838  9891   10.80614   65  132  254.32618    0.31648   100%   351 2794s
 16705 10520   10.80616   71  137  254.32618    0.31648   100%   344 2824s
 17841 10144   10.81077   77  114  254.32618    0.31648   100%   331 2859s
 17854 10339  115.20582   77  117  254.32618    0.31648   100%   332 2881s
 18236 10511   10.81084   88  124  254.32618    0.31648   100%   330 2905s
 18853 10666   10.81098   97  109  254.32618    0.31648   100%   328 2931s
 19545 10782  120.23107  134   93  254.32618    0.31648   100%   324 2965s
 20244 10966    0.33920   23  369  254.32618    0.31648   100%   322 2996s
 20975 10779    4.30629   26  351  254.32618    0.31648   100%   319 3021s
 21106 10785 infeasible   30       254.32618    0.31648   100%   320 3050s
 21171 11208    4.85853   31  316  254.32618    0.31648   100%   319 3094s
 21930 11189  165.62428  113  121  254.32618    0.31648   100%   318 3141s
 22648 10960    4.17078   31  404  254.32618    0.31648   100%   314 3179s
 22664 11111    5.08235   32  400  254.32618    0.31648   100%   314 3217s
 22853 11457    7.23421   36  427  254.32618    0.31648   100%   315 3264s
 23341 11462  198.88202   66  205  254.32618    0.31648   100%   315 3299s
 23548 11674  204.34182   79  274  254.32618    0.31655   100%   316 3345s
 23884 12001    0.38750   29  415  254.32618    0.31713   100%   317 3383s
 24292 13022   11.66983   43  211  254.32618    0.31713   100%   315 3436s
 25449 13108  149.26458  334  151  254.32618    0.31713   100%   308 3526s
 25593 13165    4.58153   25  607  254.32618    0.31713   100%   308 3580s
 25664 13777    6.20237   28  560  254.32618    0.31713   100%   308 3628s
 26426 14102   40.16704   98  197  254.32618    0.31713   100%   306 3735s
 26786 14177   43.28987  218  158  254.32618    0.31713   100%   304 3777s
 26865 14823   44.94299  231  153  254.32618    0.38016   100%   304 3838s
 27788 15043   80.67455   31  490  254.32618    0.45029   100%   302 3891s
 28049 16086   84.57194   39  440  254.32618    0.45029   100%   301 3952s
 29455 16087  213.56490  108  144  254.32618    0.45029   100%   293 5072s
 29457 16088   81.48708   94  178  254.32618    0.45029   100%   293 5085s
 29458 16089   11.33180   61  170  254.32618    0.45029   100%   293 5112s
 29459 16090    7.22719   62  225  254.32618    0.45029   100%   293 5116s
 29460 16090   17.88632   70  154  254.32618    0.45029   100%   293 5149s
 29461 16091  138.23853  146  361  254.32618    0.45029   100%   293 5169s
 29462 16092   90.91958   78  282  254.32618    0.45029   100%   293 5192s
 29463 16092   69.91461   57  361  254.32618    0.45029   100%   293 5214s
 29464 16093  168.07667  132  408  254.32618    0.45029   100%   293 5254s
 29465 16094  180.87528  233  567  254.32618    2.49048  99.0%   293 5269s
 29466 16094  100.30935  111  537  254.32618    2.52227  99.0%   293 5288s
 29467 16095  111.46372   49  612  254.32618    2.56679  99.0%   293 5301s
 29468 16096  123.25626  223  615  254.32618    2.59870  99.0%   293 5316s
 29469 16096   66.25207  144  655  254.32618    4.18566  98.4%   293 5331s
 29470 16097   12.47414   70  614  254.32618    5.50767  97.8%   293 5379s
 29471 16098    6.16209   26  664  254.32618    6.16209  97.6%   293 5395s
 29472 16098   90.49666   36  655  254.32618    8.47935  96.7%   293 5433s
 29474 16100   95.32091  122  664  254.32618    9.77600  96.2%   293 5435s
 29478 16102   10.99218   35  742  254.32618   10.99218  95.7%   293 5454s
 29479 16103   11.70107  256  572  254.32618   11.70107  95.4%   293 5515s
 29482 16105   94.96872  132  583  254.32618   11.87002  95.3%   293 5534s
 29483 16106  138.80688  148  596  254.32618   12.26287  95.2%   293 5568s
 29485 16107  135.11238   27  742  254.32618   12.47513  95.1%   293 5586s
 29486 16108  190.39542  492  454  254.32618   12.89573  94.9%   293 5643s
 29489 16110   45.25006  156  558  254.32618   12.96882  94.9%   293 5659s
 29490 16110   13.28520   42  563  254.32618   13.28520  94.8%   293 5711s
 29494 16113  105.40086  132  677  254.32618   13.44141  94.7%   293 5727s
 29495 16114  100.64748  195  682  254.32618   14.20158  94.4%   293 5751s
 29499 16116  158.47348  349  658  254.32618   14.43895  94.3%   293 5770s
 29500 16117  103.68678   90  668  254.32618   14.78367  94.2%   293 5825s
 29501 16118  147.49209   35  677  254.32618   14.78387  94.2%   293 5843s
 29502 16118   45.63310  188  658  254.32618   14.87938  94.1%   293 5910s
 29505 16120  180.87528  240  744  254.32618   15.11308  94.1%   293 5927s
 29506 16121  153.51078  312  636  254.32618   15.11308  94.1%   293 5954s
 29507 16122   94.95570  324  686  254.32618   16.67765  93.4%   293 5957s
 29508 16122   76.75637  321  489  254.32618   18.93139  92.6%   293 5962s
 29510 16124  104.26427  126  768  254.32618   19.40663  92.4%   293 5965s
 29512 16125  158.83828  121  575  254.32618   19.45129  92.4%   292 5982s
 29513 16126  246.69543  147  643  254.32618   21.18478  91.7%   292 6025s
 29518 16129  116.44056  106  716  254.32618   21.83928  91.4%   292 6041s
 29519 16130  146.89230  260  770  254.32618   22.36587  91.2%   292 6069s
 29520 16130   22.61560   50  709  254.32618   22.61560  91.1%   292 6072s
 29522 16132   84.48213  208  759  254.32618   22.74017  91.1%   292 6089s
 29523 16132   38.24093  103  766  254.32618   23.46845  90.8%   292 6118s
 29526 16134  168.77911  172  789  254.32618   23.53779  90.7%   292 6120s
 29531 16138  139.46740  596  783  254.32618   23.62823  90.7%   292 6138s
 29532 16138  115.29685   43  738  254.32618   24.35046  90.4%   292 6165s
 29536 16141  213.07293   84  746  254.32618   24.55559  90.3%   292 6183s
 29537 16142  129.28922  335  723  254.32618   25.05041  90.2%   292 6208s
 29541 16144   25.20195   43  739  254.32618   25.20195  90.1%   292 6210s
 29543 16146  188.03647  182  740  254.32618   25.20718  90.1%   292 6226s
 29544 16146   98.45425   70  727  254.32618   25.83364  89.8%   292 6254s
 29545 16147  138.80688  185  734  254.32618   25.83364  89.8%   292 6271s
 29546 16148  158.83828  138  735  254.32618   26.07585  89.7%   292 6299s
 29547 16148  180.42477  235  739  254.32618   26.12068  89.7%   292 6300s
 29550 16150  213.76293  536  738  254.32618   26.13719  89.7%   292 6316s
 29551 16151   84.48213  174  783  254.32618   26.59863  89.5%   292 6340s
 29554 16153  162.52930  303  791  254.32618   26.72499  89.5%   292 6358s
 29555 16154  213.56490  108  793  254.32618   27.40962  89.2%   292 6392s
 29558 16156   27.43130   61  786  254.32618   27.43130  89.2%   292 6409s
 29559 16156   27.71834   62  745  254.32618   27.71834  89.1%   292 6439s
 29560 16157   27.78364   70  766  254.32618   27.78364  89.1%   292 6440s
 29567 16162  111.46372   49  814  254.32618   27.83763  89.1%   292 6460s
 29568 16162  123.25626  223  789  254.32618   28.07142  89.0%   292 6504s
 29569 16163   66.25207  144  790  254.32618   28.16847  88.9%   292 6505s
 29571 16164   28.19295   26  799  254.32618   28.19295  88.9%   292 6521s
 29572 16165   90.49666   36  807  254.32618   28.55845  88.8%   292 6548s
 29575 16167  191.21789  469  785  254.32618   28.61485  88.7%   292 6565s
 29576 16168  178.36900  387  732  254.32618   29.53608  88.4%   292 6592s
 29579 16170   29.74516  256  807  254.32618   29.74516  88.3%   292 6610s
 29580 16170   61.36203  128  723  254.32618   29.91837  88.2%   292 6632s
 29584 16173   96.77417  297  734  254.32618   29.96987  88.2%   292 6649s
 29585 16174  135.11238   27  730  254.32618   30.04028  88.2%   292 6671s
 29586 16174  190.39542  492  744  254.32618   30.04028  88.2%   292 6686s
 29587 16175   69.65097  455  802  254.32618   30.13374  88.2%   292 6713s
 29589 16176   45.25006  156  734  254.32618   30.15928  88.1%   292 6715s
 29592 16178  145.81623  258  734  254.32618   30.16431  88.1%   292 6729s
 29593 16179   30.20300  105  730  254.32618   30.20300  88.1%   292 6752s
 29595 16180  100.64748  195  747  254.32618   30.26975  88.1%   292 6769s
 29596 16181  142.54780  453  774  254.32618   30.30196  88.1%   292 6796s
 29599 16183  158.47348  349  779  254.32618   30.32250  88.1%   292 6813s
 29600 16184  103.68678   90  775  254.32618   30.38167  88.1%   292 6839s
 29601 16184  147.49209   35  778  254.32618   30.38167  88.1%   292 6852s
 29602 16185   45.63310  188  765  254.32618   30.38254  88.1%   292 6875s
 29603 16186   82.00190  325  781  254.32618   30.38259  88.1%   292 6890s
 29604 16186   96.62489   64  777  254.32618   30.39460  88.0%   292 6917s
 29609 16190   30.42970  101  786  254.32618   30.42970  88.0%   292 6921s
 29611 16191  148.24870  614  788  254.32618   30.43038  88.0%   292 6938s
 29612 16192  158.83828  121  785  254.32618   30.43595  88.0%   291 6966s
 29613 16192  246.69543  147  791  254.32618   30.43609  88.0%   291 6983s
 29614 16193   52.60324  179  780  254.32618   30.43609  88.0%   291 7011s
 29615 16194  196.05687  274  790  254.32618   30.43609  88.0%   291 7028s
 29616 16194   30.43609   59  778  254.32618   30.43609  88.0%   291 7055s
 29617 16195   45.48417  148  789  254.32618   30.43609  88.0%   291 7070s
 29618 16196  116.44056  106  772  254.32618   30.45875  88.0%   291 7094s
 29621 16198  205.60450  215  787  254.32618   30.46186  88.0%   291 7109s
 29622 16198   84.48213  208  776  254.32618   30.46456  88.0%   291 7135s
 29623 16199   38.24093  103  784  254.32618   30.46456  88.0%   291 7150s
 29624 16200   73.86637  156  776  254.32618   30.46914  88.0%   291 7177s
 29626 16201  168.77911  172  783  254.32618   30.47384  88.0%   291 7194s

Cutting planes:
  Gomory: 1
  Implied bound: 270
  Projected implied bound: 44
  MIR: 65
  Flow cover: 1134
  Zero half: 28
  Mod-K: 1
  Relax-and-lift: 3091

Explored 29626 nodes (9105779 simplex iterations) in 7200.40 seconds
Thread count was 16 (of 16 available processors)

Solution count 10: 254.326 254.528 254.528 ... 271.81

Time limit reached
Best objective 2.543261801620e+02, best bound 3.047494275507e+01, gap 88.0174%

User-callback calls 875620, time in user-callback 4.83 sec
