
Gurobi 11.0.0 (win64) logging started Sun Sep 21 05:47:44 2025

Set parameter LogFile to value "log_group_6/bound_Expr236_s5_l1051_s11_e12_o20_d40_t1200_s11_0_0_0_1.log"
Gurobi Optimizer version 11.0.0 build v11.0.0rc2 (win64 - Windows 11+.0 (22631.2))

CPU model: 13th Gen Intel(R) Core(TM) i7-13650HX, instruction set [SSE2|AVX|AVX2]
Thread count: 14 physical cores, 20 logical processors, using up to 20 threads

Optimize a model with 170845 rows, 170310 columns and 1362690 nonzeros
Model fingerprint: 0x0fd44796
Variable types: 310 continuous, 170000 integer (170000 binary)
Coefficient statistics:
  Matrix range     [1e+00, 8e+02]
  Objective range  [1e+00, 1e+00]
  Bounds range     [1e+00, 1e+03]
  RHS range        [1e+00, 8e+02]
Presolve removed 164790 rows and 164770 columns
Presolve time: 1.25s
Presolved: 6055 rows, 5540 columns, 41695 nonzeros
Variable types: 290 continuous, 5250 integer (5250 binary)
Found heuristic solution: objective 409.8761333

Root relaxation: objective 7.947717e+01, 1133 iterations, 0.13 seconds (0.07 work units)

    Nodes    |    Current Node    |     Objective Bounds      |     Work
 Expl Unexpl |  Obj  Depth IntInf | Incumbent    BestBd   Gap | It/Node Time

     0     0   79.47717    0   33  409.87613   79.47717  80.6%     -    2s
H    0     0                     392.8471333   79.47717  79.8%     -    3s
H    0     0                     342.2260000   79.47717  76.8%     -    3s
H    0     0                     319.2141000   79.47717  75.1%     -    3s
     0     0   79.47717    0   41  319.21410   79.47717  75.1%     -    3s
H    0     0                     149.9477333   79.47717  47.0%     -    4s
H    0     0                     147.2501333   79.47717  46.0%     -    4s
     0     0   79.47717    0   50  147.25013   79.47717  46.0%     -    4s
     0     0   79.47717    0   54  147.25013   79.47717  46.0%     -    4s
     0     0   79.47717    0   46  147.25013   79.47717  46.0%     -    4s
     0     0   79.47717    0   45  147.25013   79.47717  46.0%     -    4s
     0     0   79.47717    0   45  147.25013   79.47717  46.0%     -    4s
     0     0   79.47717    0   43  147.25013   79.47717  46.0%     -    4s
     0     0   79.47717    0   40  147.25013   79.47717  46.0%     -    4s
     0     0   79.47717    0   44  147.25013   79.47717  46.0%     -    4s
     0     0   79.47717    0   45  147.25013   79.47717  46.0%     -    4s
     0     0   79.47717    0   46  147.25013   79.47717  46.0%     -    5s
     0     0   79.47717    0   41  147.25013   79.47717  46.0%     -    5s
     0     0   79.47717    0   32  147.25013   79.47717  46.0%     -    5s
     0     0   79.47717    0   36  147.25013   79.47717  46.0%     -    5s
     0     0   79.47717    0   37  147.25013   79.47717  46.0%     -    5s
     0     0   79.47717    0   40  147.25013   79.47717  46.0%     -    5s
     0     0   79.47717    0   44  147.25013   79.47717  46.0%     -    5s
     0     0   79.47717    0   38  147.25013   79.47717  46.0%     -    5s
     0     0   79.47717    0   40  147.25013   79.47717  46.0%     -    5s
     0     0   79.47717    0   38  147.25013   79.47717  46.0%     -    5s
     0     0   79.47717    0   38  147.25013   79.47717  46.0%     -    6s
     0     0   79.47717    0   40  147.25013   79.47717  46.0%     -    6s
     0     0   79.47717    0   40  147.25013   79.47717  46.0%     -    6s
H    0     0                     137.2488333   79.47717  42.1%     -    6s
     0     0   79.47717    0   34  137.24883   79.47717  42.1%     -    6s
     0     0   79.47717    0   35  137.24883   79.47717  42.1%     -    6s
     0     0   79.47717    0   37  137.24883   79.47717  42.1%     -    6s
     0     0   79.47717    0   34  137.24883   79.47717  42.1%     -    6s
     0     0   79.47717    0   34  137.24883   79.47717  42.1%     -    6s
     0     0   79.47717    0   34  137.24883   79.47717  42.1%     -    6s
     0     0   79.47717    0   34  137.24883   79.47717  42.1%     -    6s
     0     0   79.47717    0   34  137.24883   79.47717  42.1%     -    6s
     0     0   79.47717    0   34  137.24883   79.47717  42.1%     -    6s
     0     0   79.47717    0   34  137.24883   79.47717  42.1%     -    6s
     0     0   79.47717    0   34  137.24883   79.47717  42.1%     -    6s
     0     0   79.47717    0   36  137.24883   79.47717  42.1%     -    6s
     0     0   79.47717    0   34  137.24883   79.47717  42.1%     -    6s
     0     0   79.47717    0   35  137.24883   79.47717  42.1%     -    6s
     0     0   79.47717    0   36  137.24883   79.47717  42.1%     -    6s
     0     0   79.47717    0   34  137.24883   79.47717  42.1%     -    6s
     0     0   79.47717    0   38  137.24883   79.47717  42.1%     -    6s
     0     0   79.47717    0   34  137.24883   79.47717  42.1%     -    6s
     0     0   79.47717    0   34  137.24883   79.47717  42.1%     -    6s
     0     0   79.47717    0   35  137.24883   79.47717  42.1%     -    6s
     0     0   79.47717    0   36  137.24883   79.47717  42.1%     -    6s
     0     0   79.47717    0   36  137.24883   79.47717  42.1%     -    6s
     0     0   79.47717    0   36  137.24883   79.47717  42.1%     -    6s
     0     0   79.47717    0   41  137.24883   79.47717  42.1%     -    7s
     0     0   79.47717    0   41  137.24883   79.47717  42.1%     -    7s
     0     0   79.47717    0   40  137.24883   79.47717  42.1%     -    7s
     0     0   79.47717    0   47  137.24883   79.47717  42.1%     -    7s
     0     0   79.47717    0   41  137.24883   79.47717  42.1%     -    7s
     0     0   79.47717    0   46  137.24883   79.47717  42.1%     -    7s
     0     0   79.47717    0   41  137.24883   79.47717  42.1%     -    7s
     0     0   79.47717    0   40  137.24883   79.47717  42.1%     -    7s
     0     0   79.47717    0   41  137.24883   79.47717  42.1%     -    7s
     0     0   79.47717    0   40  137.24883   79.47717  42.1%     -    7s
     0     0   79.47717    0   41  137.24883   79.47717  42.1%     -    7s
     0     0   79.47717    0   40  137.24883   79.47717  42.1%     -    7s
     0     0   79.47717    0   53  137.24883   79.47717  42.1%     -    7s
     0     0   82.81730    0   28  137.24883   82.81730  39.7%     -   31s
     0     0   82.81730    0   38  137.24883   82.81730  39.7%     -   31s
     0     0   82.81730    0   36  137.24883   82.81730  39.7%     -   32s
     0     0   82.81730    0   29  137.24883   82.81730  39.7%     -   33s
     0     0   82.81730    0   29  137.24883   82.81730  39.7%     -   33s
H    0     0                     119.6619333   82.81730  30.8%     -   33s
H    0     0                     113.3076333   82.81730  26.9%     -   33s
     0     0   82.81730    0   28  113.30763   82.81730  26.9%     -   33s
     0     0   82.81730    0   30  113.30763   82.81730  26.9%     -   33s
     0     0   82.81730    0   28  113.30763   82.81730  26.9%     -   33s
     0     0   82.81730    0   28  113.30763   82.81730  26.9%     -   33s
     0     0   82.81730    0   28  113.30763   82.81730  26.9%     -   33s
     0     0   82.81730    0   28  113.30763   82.81730  26.9%     -   33s
     0     0   82.81730    0   28  113.30763   82.81730  26.9%     -   33s
     0     0   82.81730    0   28  113.30763   82.81730  26.9%     -   33s
     0     0   82.81730    0   30  113.30763   82.81730  26.9%     -   33s
     0     0   82.81730    0   28  113.30763   82.81730  26.9%     -   33s
     0     0   82.81730    0   28  113.30763   82.81730  26.9%     -   33s
H    0     0                     113.3076333   82.81730  26.9%     -   34s
H    0     0                     113.3076331   82.81730  26.9%     -   34s
     0     0   82.81730    0   30  113.30763   82.81730  26.9%     -   34s
     0     0   82.81730    0   30  113.30763   82.81730  26.9%     -   34s
     0     0   82.81730    0   30  113.30763   82.81730  26.9%     -   34s
     0     0   82.81730    0   30  113.30763   82.81730  26.9%     -   34s
     0     0   82.81730    0   30  113.30763   82.81730  26.9%     -   34s
     0     0   82.81730    0   30  113.30763   82.81730  26.9%     -   34s
     0     0   82.81730    0   30  113.30763   82.81730  26.9%     -   34s
     0     0   82.81730    0   30  113.30763   82.81730  26.9%     -   34s
     0     0   82.81730    0   30  113.30763   82.81730  26.9%     -   34s
     0     0   82.81730    0   30  113.30763   82.81730  26.9%     -   34s
     0     0   82.81730    0   30  113.30763   82.81730  26.9%     -   34s
     0     0   82.81730    0   30  113.30763   82.81730  26.9%     -   34s
     0     0   88.61697    0   23  113.30763   88.61697  21.8%     -   74s
     0     0   88.61697    0   31  113.30763   88.61697  21.8%     -   74s
     0     0   88.61697    0   31  113.30763   88.61697  21.8%     -   74s
     0     0   88.61697    0   22  113.30763   88.61697  21.8%     -   75s
     0     0   88.61697    0   26  113.30763   88.61697  21.8%     -   75s
     0     0   88.61697    0   24  113.30763   88.61697  21.8%     -   75s
     0     0   88.61697    0   22  113.30763   88.61697  21.8%     -   75s
   711   644   88.61697   10   13  113.30763   88.61697  21.8%  26.0   80s
  6121  4724   93.43497   15   13  113.30763   93.43497  17.5%   6.7   85s
 28420 14368   99.28305   44   13  113.30763   95.56655  15.7%   5.0   90s
 72947 40483  100.71686  134   10  113.30763   96.68466  14.7%   4.3   95s
 92154 48417  108.87096   26    5  113.30763  108.85869  3.93%   4.1  130s
H93167 48076                     113.3076291  108.91296  3.88%   4.0  131s
 97446 49959  113.25363   26    6  113.30763  113.25363  0.05%   4.1  144s
 97541 49947  113.25363   35    5  113.30763  113.25363  0.05%   4.1  145s
 100474 47982     cutoff   77       113.30763  113.25363  0.05%   4.0  150s
H104690 46391                     113.3076274  113.30763  0.00%   3.9  153s

Cutting planes:
  Cover: 1
  Implied bound: 38
  MIR: 16
  RLT: 3
  Relax-and-lift: 97

Explored 104690 nodes (420639 simplex iterations) in 155.73 seconds (33.47 work units)
Thread count was 20 (of 20 available processors)

Solution count 10: 113.308 113.308 113.308 ... 119.662

Optimal solution found (tolerance 1.00e-04)
Best objective 1.133076333333e+02, best bound 1.133076274451e+02, gap 0.0000%

User-callback calls 211323, time in user-callback 0.36 sec
