
Gurobi 10.0.1 (win64) logging started Sun Sep 21 09:55:57 2025

Set parameter LogFile to value "log_group_6/bound_Expr168_s7_l1051_s11_e12_o30_d60_t7200_s28_1_0_0_0.log"
Gurobi Optimizer version 10.0.1 build v10.0.1rc0 (win64)

CPU model: Intel(R) Core(TM) i7-10700 CPU @ 2.90GHz, instruction set [SSE2|AVX|AVX2]
Thread count: 8 physical cores, 16 logical processors, using up to 16 threads

Optimize a model with 484506 rows, 483440 columns and 4814076 nonzeros
Model fingerprint: 0xe31fd033
Variable types: 440 continuous, 483000 integer (483000 binary)
Coefficient statistics:
  Matrix range     [1e+00, 8e+02]
  Objective range  [1e+00, 1e+00]
  Bounds range     [1e+00, 1e+03]
  RHS range        [1e+00, 8e+02]
Presolve removed 471183 rows and 470810 columns
Presolve time: 3.20s
Presolved: 13323 rows, 12630 columns, 89065 nonzeros
Variable types: 380 continuous, 12250 integer (12244 binary)

Root simplex log...

Iteration    Objective       Primal Inf.    Dual Inf.      Time
    8207    5.4898659e-03   3.678530e+03   0.000000e+00      5s
    8493    0.0000000e+00   0.000000e+00   0.000000e+00      5s

Root relaxation: objective 0.000000e+00, 8493 iterations, 1.09 seconds (2.81 work units)

    Nodes    |    Current Node    |     Objective Bounds      |     Work
 Expl Unexpl |  Obj  Depth IntInf | Incumbent    BestBd   Gap | It/Node Time

     0     0    0.00000    0  121          -    0.00000      -     -    5s
H    0     0                    2507.0462333    0.00000   100%     -    7s
     0     0    0.00000    0  242 2507.04623    0.00000   100%     -    7s
H    0     0                    1538.7844333    0.00000   100%     -    9s
H    0     0                    1354.5940000    0.00000   100%     -    9s
H    0     0                     485.8101000    0.00000   100%     -   14s
H    0     0                     371.4046667    0.00000   100%     -   14s
H    0     0                     369.4202667    0.00000   100%     -   14s
H    0     0                     272.0648000    0.00000   100%     -   14s
     0     0    0.00000    0   95  272.06480    0.00000   100%     -   14s
H    0     0                     267.2369333    0.00000   100%     -   16s
H    0     0                     266.4562667    0.00000   100%     -   16s
     0     0    0.00000    0  120  266.45627    0.00000   100%     -   20s
H    0     0                     183.0243333    0.00000   100%     -   21s
     0     0    0.00000    0  126  183.02433    0.00000   100%     -   21s
     0     0    0.00000    0  124  183.02433    0.00000   100%     -   24s
     0     0    0.00000    0  124  183.02433    0.00000   100%     -   25s
H    0     0                     174.9674000    0.00000   100%     -   27s
H    0     2                     170.1574000    0.00000   100%     -   29s
     0     2    0.00000    0  116  170.15740    0.00000   100%     -   29s
     3     5    0.00000    2  196  170.15740    0.00000   100%  1944   30s
    26    22    0.00000    6  143  170.15740    0.00000   100%  1416   35s
H   67    47                     170.1263000    0.00000   100%   701   38s
    74    52    0.00000   11  153  170.12630    0.00000   100%   646   44s
    82    61    0.00000   12  152  170.12630    0.00000   100%   608   45s
   316   246    0.00000   25  231  170.12630    0.00000   100%   206   50s
   341   251    0.00000   26  251  170.12630    0.00000   100%   199   58s
H  343   251                     170.1247548    0.00000   100%   200   58s
   434   347    0.00000   33  186  170.12475    0.00000   100%   173   60s
   688   574    0.00000   52  132  170.12475    0.00000   100%   148   65s
  1014   806    0.00000   64  131  170.12475    0.00000   100%   123   73s
  1127   991    0.00000   69  125  170.12475    0.00000   100%   119   75s
  1543  1387    0.00000   86  122  170.12475    0.00000   100%   105   82s
  1942  1727    0.00000   93  117  170.12475    0.00000   100%  97.6   87s
  2540  2328    0.00000  102  115  170.12475    0.00000   100%  86.1   92s
  3098  2908    0.07392  113  629  170.12475    0.00000   100%  86.9   96s
  3507  2946    0.17096  127  527  170.12475    0.00000   100%  82.4  100s
  3637  3091   48.18155  129  414  170.12475    0.00000   100%  89.7  105s
  3826  3092   95.22867  694  124  170.12475    0.00000   100%  90.0  125s
  3829  3094   10.09887   90  166  170.12475    0.00000   100%  89.9  135s
  3831  3095   57.89283   36  197  170.12475    0.00000   100%  89.8  141s
  3833  3097   53.35483  107  435  170.12475    0.11882   100%  89.8  147s
  3835  3098   78.00480  388  325  170.12475    1.83771  98.9%  89.7  151s
  3836  3099   10.09887  159  606  170.12475    3.52216  97.9%  89.7  155s
  3838  3100   62.20642  198  485  170.12475    8.56458  95.0%  89.7  160s
  3844  3104   91.30853  544  683  170.12475   20.23483  88.1%  89.5  166s
  3846  3105   91.30853  497  750  170.12475   32.12807  81.1%  89.5  170s
  3852  3109   46.08645  432  729  170.12475   46.08645  72.9%  89.3  176s
  3856  3112   51.86112  417  652  170.12475   51.86112  69.5%  89.3  180s
  3859  3114  167.44487  712  710  170.12475   66.34823  61.0%  89.2  185s
  3863  3117   74.27267  327  732  170.12475   74.27267  56.3%  89.1  193s
  3867  3119   80.36893  173  760  170.12475   80.36893  52.8%  89.0  196s
  3869  3121  155.15600  338  724  170.12475   93.71800  44.9%  89.0  200s
  3872  3123  103.05540   11  717  170.12475  103.05540  39.4%  88.9  205s
  3877  3126  116.85856  404  727  170.12475  116.85856  31.3%  88.8  212s
  3879  3127  117.87373  238  743  170.12475  117.87373  30.7%  88.7  216s
  3882  3131  124.06989   85  124  170.12475  124.06989  27.1%   113  222s
  3884  3132  124.06989   25  173  170.12475  124.06989  27.1%   113  225s
  3888  3136  124.06989  274  124  170.12475  124.06989  27.1%   120  232s
  3891  3138  148.32683  386  489  170.12475  124.06989  27.1%   120  237s
  3895  3142  128.88642  305  124  170.12475  128.88642  24.2%   125  241s
  3898  3144  128.88642  230  542  170.12475  128.88642  24.2%   125  245s
  3902  3148  138.25953  655  124  170.12475  138.25953  18.7%   129  251s
  3906  3151  138.25953  179  567  170.12475  138.25953  18.7%   129  255s
  3910  3154  138.25953  715  460  170.12475  138.25953  18.7%   133  261s
  3914  3158  142.13719   70  124  170.12475  142.13719  16.5%   136  265s
  3920  3163  147.23673  196  124  170.12475  147.23673  13.5%   139  270s
  3932  3172  155.73417  204  103  170.12475  155.73417  8.46%   140  275s

Cutting planes:
  Implied bound: 2
  Projected implied bound: 3
  Clique: 2
  MIR: 1
  Flow cover: 8
  Relax-and-lift: 8

Explored 3972 nodes (626600 simplex iterations) in 278.30 seconds (497.54 work units)
Thread count was 16 (of 16 available processors)

Solution count 10: 170.125 170.157 174.967 ... 485.81

Optimal solution found (tolerance 1.00e-04)
Best objective 1.701247547979e+02, best bound 1.701247547979e+02, gap 0.0000%

User-callback calls 41171, time in user-callback 0.15 sec
