
Gurobi 10.0.1 (win64) logging started Sat Sep 20 20:03:24 2025

Set parameter LogFile to value "log_group_6/bound_Expr27_s7_l1051_s11_e12_o30_d60_t7200_s27_0_0_0_0.log"
Gurobi Optimizer version 10.0.1 build v10.0.1rc0 (win64)

CPU model: Intel(R) Core(TM) i7-10700 CPU @ 2.90GHz, instruction set [SSE2|AVX|AVX2]
Thread count: 8 physical cores, 16 logical processors, using up to 16 threads

Optimize a model with 547163 rows, 546440 columns and 4370486 nonzeros
Model fingerprint: 0x8487bd94
Variable types: 440 continuous, 546000 integer (546000 binary)
Coefficient statistics:
  Matrix range     [1e+00, 9e+02]
  Objective range  [1e+00, 1e+00]
  Bounds range     [1e+00, 1e+03]
  RHS range        [1e+00, 9e+02]
Presolve removed 533840 rows and 533810 columns
Presolve time: 2.20s
Presolved: 13323 rows, 12630 columns, 86541 nonzeros
Variable types: 380 continuous, 12250 integer (12250 binary)
Found heuristic solution: objective 559.3797000

Root relaxation: objective 0.000000e+00, 3338 iterations, 0.20 seconds (0.33 work units)

    Nodes    |    Current Node    |     Objective Bounds      |     Work
 Expl Unexpl |  Obj  Depth IntInf | Incumbent    BestBd   Gap | It/Node Time

     0     0    0.00000    0   60  559.37970    0.00000   100%     -    3s
H    0     0                     545.0112667    0.00000   100%     -    4s
H    0     0                     530.5277000    0.00000   100%     -    4s
     0     0    0.00000    0   63  530.52770    0.00000   100%     -    4s
H    0     0                     434.1476667    0.00000   100%     -    7s
H    0     0                     433.1178333    0.00000   100%     -    8s
H    0     0                     322.0216333    0.00000   100%     -    8s
     0     0    0.00000    0   60  322.02163    0.00000   100%     -    9s
H    0     0                     313.1880667    0.00000   100%     -    9s
     0     0    0.00000    0   60  313.18807    0.00000   100%     -    9s
H    0     0                     236.1329000    0.00000   100%     -   11s
H    0     0                     235.8202000    0.00000   100%     -   11s
     0     0    0.00000    0   61  235.82020    0.00000   100%     -   12s
H    0     0                     230.0369333    0.00000   100%     -   12s
     0     0    0.00000    0   61  230.03693    0.00000   100%     -   12s
H    0     0                     201.5105000    0.00000   100%     -   13s
     0     0    0.00000    0   60  201.51050    0.00000   100%     -   14s
     0     0    0.00000    0   60  201.51050    0.00000   100%     -   15s
H    0     0                     201.4446333    0.00000   100%     -   16s
H    0     0                     197.4298000    0.00000   100%     -   17s
H    0     2                     197.3594333    0.00000   100%     -   18s
     0     2    0.00000    0   60  197.35943    0.00000   100%     -   18s
H   30    13                     196.9222990    0.00000   100%   190   26s
H   30    13                     196.8510000    0.00000   100%   190   26s
H   31    13                     195.8082666    0.00000   100%   184   26s
H   32    13                     190.8868666    0.00000   100%   181   26s
H   33    13                     190.3015333    0.00000   100%   182   26s
H   35    13                     190.0131667    0.00000   100%   184   26s
H  106    33                     189.6995000    0.00000   100%   195   40s
H  284   109                     189.4380333    0.00000   100%   137   44s
   289   146    0.00000   59   60  189.43803    0.00000   100%   141   45s
   451   271    0.00000   98   62  189.43803    0.00000   100%   111   53s
   672   623    0.00000  142   61  189.43803    0.00000   100%  85.4   55s
  1431  1179    0.00000  247   61  189.43803    0.00000   100%  51.8   60s
  2424  1933    0.00000  334   60  189.43803    0.00000   100%  35.5   65s
  3043  1934    0.00000   15   60  189.43803    0.00000   100%  30.4   89s
H 3044  1838                     189.4380333    0.00000   100%  30.4   92s
  3046  1839  116.26497  272   60  189.43803    0.00000   100%  30.4  102s
  3048  1840  109.17427  104   60  189.43803    0.00000   100%  30.4  105s
  3051  1842   19.93423  333   60  189.43803    0.00000   100%  30.3  112s
  3052  1843   19.93423  411   60  189.43803    0.00000   100%  30.3  116s
  3054  1844    0.00000  362   60  189.43803    0.00000   100%  30.3  123s
  3056  1846   77.85493  181   60  189.43803    0.00000   100%  30.3  130s
  3059  1849    0.00000   14   60  189.43803    0.00000   100%  34.6  139s
  3062  1846    0.00000   15   60  189.43803    0.00000   100%  37.6  143s
  3068  1847    0.00000   17   60  189.43803    0.00000   100%  42.5  148s
  3071  1849    0.00000   18   60  189.43803    0.00000   100%  43.0  152s
  3076  1850    0.00000   19   60  189.43803    0.00000   100%  44.1  156s
  3084  1851    0.00000   20   60  189.43803    0.00000   100%  45.0  168s
  3092  1854    0.00000   21   60  189.43803    0.00000   100%  45.0  171s
  3130  1857    0.00000   23   60  189.43803    0.00000   100%  48.3  177s
  3185  1858    0.00000   26   60  189.43803    0.00000   100%  47.9  180s
  3238  1851    0.00000   29   61  189.43803    0.00000   100%  47.7  185s
  3335  1837    0.00000   32   60  189.43803    0.00000   100%  46.8  190s
  3438  1830    0.00000   35   60  189.43803    0.00000   100%  45.8  195s
  3550  1839    0.00000   38   60  189.43803    0.00000   100%  46.0  209s
  3559  1852 infeasible   38       189.43803    0.00000   100%  46.5  212s
H 3647  1776                     189.4380333    0.00000   100%  46.4  219s
H 3656  1685                     189.4380327    0.00000   100%  46.3  219s
  3659  1698   99.13040   41   58  189.43803    0.00000   100%  46.3  221s
  3682  1705    0.00000   42   60  189.43803    0.00000   100%  46.1  227s
H 3684  1621                     189.4380325    0.00000   100%  46.2  227s
  3815  1636    0.00000   46   60  189.43803    0.00000   100%  44.8  230s
H 3866  1540                     189.4380317    0.00000   100%  44.4  230s
  3898  1571    0.00000   49   60  189.43803    0.00000   100%  44.3  235s
H 4086  1467                     189.4380310    0.00000   100%  42.6  239s
  4092  1527    0.00000   56   60  189.43803    0.00000   100%  42.6  240s
  4249  1528    0.00000   59   60  189.43803    0.00000   100%  41.5  246s
  4492  1492  187.78087   66   58  189.43803    0.00000   100%  40.1  250s
  4674  1533    0.00000   70   60  189.43803    0.00000   100%  39.1  258s
H 4681  1460                     189.4380302    0.00000   100%  39.2  258s
  4787  1616    0.00000   72   60  189.43803    0.00000   100%  39.2  260s
  5238  1733    0.00000   77   60  189.43803    0.00000   100%  37.2  265s
  5463  1877    0.00000   80   60  189.43803    0.00000   100%  36.8  270s
  5857  1944    0.00000   98   60  189.43803    0.00000   100%  36.3  286s
  5865  2000  113.36763   98   58  189.43803    0.00000   100%  36.4  290s
  6011  2172    0.00000  101   60  189.43803    0.00000   100%  35.9  295s
  6285  2487    0.00000  109   60  189.43803    0.00000   100%  35.7  300s
  6644  2726    0.00000  115   60  189.43803    0.00000   100%  34.8  305s
  7163  2920    0.00000  126   60  189.43803    0.00000   100%  33.6  312s
  7515  3067    0.00000  137   60  189.43803    0.00000   100%  32.7  316s
  7768  3263    0.00000  145   60  189.43803    0.00000   100%  32.4  320s
  8365  3618    0.00000  159   60  189.43803    0.00000   100%  31.4  327s
H 8462  3618                     189.4380302    0.00000   100%  31.6  327s
  8463  3858   99.30310  164   58  189.43803    0.00000   100%  31.6  332s
H 8762  3858                     189.4334669    0.00000   100%  31.4  332s
  8815  4032    0.00000  173   60  189.43347    0.00000   100%  31.3  338s
  9080  4097    0.00000  183   60  189.43347    0.00000   100%  31.3  345s
H 9093  4097                     189.4332016    0.00000   100%  31.5  345s
H 9098  4097                     189.4323231    0.00000   100%  31.5  345s
  9496  4848    0.00000  190   60  189.43232    0.00000   100%  30.7  350s
H10578  5295                     189.4321916    0.00000   100%  29.6  367s
H10579  5295                     189.4321915    0.00000   100%  29.6  367s
H10580  5295                     189.4321912    0.00000   100%  29.6  367s
H10583  5295                     189.4321912    0.00000   100%  29.6  367s
 10586  5401    5.37913  216   58  189.43219    0.00000   100%  29.6  371s
 10700  5604    0.00000  219   60  189.43219    0.00000   100%  29.6  376s
 10922  5994    0.00000  228   60  189.43219    0.00000   100%  29.6  382s
 11430  6595    0.00000  240   60  189.43219    0.00000   100%  29.3  386s
 12148  6722    0.00000  252   60  189.43219    0.00000   100%  28.6  392s
 12283  7394    0.00000  259   60  189.43219    0.00000   100%  28.6  396s
 13110  7889    0.00000  276   60  189.43219    0.00000   100%  28.0  401s
 13784  8055    0.00000  290   60  189.43219    0.00000   100%  27.7  406s
 13960  8761  117.32670  299   59  189.43219    0.00000   100%  27.8  412s
 14791 10093    0.00000  319   60  189.43219    0.00000   100%  27.4  450s
 16420 10099    0.00000  361   60  189.43219    0.00000   100%  26.6  461s
 16612 10460    0.00000  369   60  189.43219    0.00000   100%  26.6  467s
 16820 11507    0.00000  375   60  189.43219    0.00000   100%  26.7  473s
 17908 12207    0.00000  391   60  189.43219    0.00000   100%  25.7  478s
 18691 13706    0.00000  416   60  189.43219    0.00000   100%  25.0  483s
 20278 14487    0.00000  432   60  189.43219    0.00000   100%  23.6  486s
 21083 15810    0.00000  438   60  189.43219    0.00000   100%  23.0  490s
 22552 16172    0.00000  454   60  189.43219    0.00000   100%  22.4  497s
 22986 16312    0.00000  465   60  189.43219    0.00000   100%  22.3  501s
 23170 16387  111.78387  470   59  189.43219    0.00000   100%  22.5  506s
 23273 17357    0.00000  475   60  189.43219    0.00000   100%  22.5  511s
 24469 17771    0.00000  487   60  189.43219    0.00000   100%  21.9  516s
 25382 18427    0.00000  506   60  189.43219    0.00000   100%  21.9  522s
 25998 19840    0.00000  521   60  189.43219    0.00000   100%  22.0  527s
 27615 21355    0.00000  539   60  189.43219    0.00000   100%  21.5  533s
 29218 25137    0.00000  549   60  189.43219    0.00000   100%  20.7  631s
 33471 25549    0.00000  588   60  189.43219    0.00000   100%  19.3  636s
 33906 25652    0.00000  596   60  189.43219    0.00000   100%  19.1  642s
 34035 26573    0.00000  600   60  189.43219    0.00000   100%  19.2  645s
 36351 29123    0.00000  620   60  189.43219    0.00000   100%  18.5  653s
 37783 29224    0.00000  632   60  189.43219    0.00000   100%  18.1  656s
 38434 30296    0.00000  645   60  189.43219    0.00000   100%  18.2  662s
 39158 30576  117.83440  654   61  189.43219    0.00000   100%  18.2  666s
 39567 31265    0.00000  666   60  189.43219    0.00000   100%  18.3  671s
 40220 31995    0.00000  676   60  189.43219    0.00000   100%  18.3  675s
 40997 32002    0.00000  686   60  189.43219    0.00000   100%  18.3  687s
 41133 32431  117.83440  691   62  189.43219    0.00000   100%  18.5  692s
 41476 33151    0.00000  696   60  189.43219    0.00000   100%  18.5  695s
 42919 34142   97.03630  716   61  189.43219    0.00000   100%  18.6  702s
 43651 36230  140.17817  731   62  189.43219    0.00000   100%  18.9  742s
 46084 37722    0.00000  760   60  189.43219    0.00000   100%  18.9  747s
 47614 37791  140.17817  768   60  189.43219    0.00000   100%  18.6  751s
 48589 38969  115.50770  783   58  189.43219    0.00000   100%  18.6  756s
 48996 40076    0.00000  789   60  189.43219    0.00000   100%  18.5  760s
 50694 41401    0.00000  810   60  189.43219    0.00000   100%  18.2  767s
 52585 43164   90.76867  827   61  189.43219    0.00000   100%  17.9  773s
 53631 44483    0.00000  859   60  189.43219    0.00000   100%  17.8  778s
 55102 45380    0.00000  871   60  189.43219    0.00000   100%  17.5  781s
 56800 47687    0.00000  883   60  189.43219    0.00000   100%  17.3  788s
 58557 51328    0.00000  895   60  189.43219    0.00000   100%  17.1  825s
 62560 51752    0.00000  916   60  189.43219    0.00000   100%  16.6  830s
 63780 53629    0.00000  926   60  189.43219    0.00000   100%  16.5  835s
 65430 55399    0.00000  945   60  189.43219    0.00000   100%  16.5  842s
 66794 55498    0.00000  953   60  189.43219    0.00000   100%  16.3  845s
 68413 58051    0.00000  963   60  189.43219    0.00000   100%  16.2  851s
 70166 58768    0.00000  977   60  189.43219    0.00000   100%  16.0  855s
 71366 59619    0.00000  987   60  189.43219    0.00000   100%  16.0  867s
 71462 59943    0.00000  990   60  189.43219    0.00000   100%  16.0  871s
 72186 61000  108.94687 1004   59  189.43219    0.00000   100%  16.0  876s
 72988 62192    0.00000 1013   60  189.43219    0.00000   100%  16.0  907s
 74624 62423    0.00000 1041   60  189.43219    0.00000   100%  16.2  911s
 74940 64154   89.80770 1048   58  189.43219    0.00000   100%  16.2  917s
 76822 66036    0.00000 1078   60  189.43219    0.00000   100%  16.1  923s
 78777 66630    0.00000 1111   60  189.43219    0.00000   100%  15.8  925s
 80164 67772    0.00000 1129   60  189.43219    0.00000   100%  15.8  932s
 80946 68731  135.83290 1147   58  189.43219    0.00000   100%  15.8  937s
 81845 69115    0.00000 1156   60  189.43219    0.00000   100%  15.8  940s
 83214 70520    0.00000 1178   60  189.43219    0.00000   100%  15.9  948s
 83756 70963    0.00000 1186   60  189.43219    0.00000   100%  15.9  950s
 84618 71725    0.00000 1207   60  189.43219    0.00000   100%  16.1  956s
 85449 72128    0.00000 1221   60  189.43219    0.00000   100%  16.2  961s
 86038 73061    0.00000 1231   60  189.43219    0.00000   100%  16.4  967s
 86605 73813    0.00000 1238   60  189.43219    0.00000   100%  16.4  971s
 87410 74390    0.00000 1251   60  189.43219    0.00000   100%  16.5 1004s
 88065 77685   65.20080 1294   58  189.43219    0.00000   100%  16.7 1019s
 91578 77732  152.45800 1343   58  189.43219    0.00000   100%  16.8 1030s
 91625 80874    0.00000 1344   60  189.43219    0.00000   100%  16.8 1040s
 94926 82196    0.00000 1366   60  189.43219    0.00000   100%  16.6 1046s
 96462 83336    0.00000 1384   60  189.43219    0.00000   100%  16.5 1051s
 97658 84421    0.00000 1404   60  189.43219    0.00000   100%  16.5 1056s
 98798 85560    0.00000 1418   60  189.43219    0.00000   100%  16.4 1060s
 101085 87454  152.04530 1440   60  189.43219    0.00000   100%  16.3 1067s
 101943 89321    0.00000 1452   60  189.43219    0.00000   100%  16.3 1102s
 103876 90251    0.00000 1484   60  189.43219    0.00000   100%  16.3 1106s
 105533 91727    0.00000 1506   60  189.43219    0.00000   100%  16.2 1112s
 106495 92515    0.00000 1521   60  189.43219    0.00000   100%  16.2 1116s
 107386 93356    5.69657 1534   58  189.43219    0.00000   100%  16.2 1120s
 108837 95111    0.00000 1568   60  189.43219    0.00000   100%  16.1 1127s
 110129 96202    0.00000 1580   60  189.43219    0.00000   100%  16.0 1130s
 112210 97544   56.47010 1644   58  189.43219    0.00000   100%  15.9 1138s
 112748 98193    0.00000 1682   60  189.43219    0.00000   100%  15.9 1141s
 113529 98199    0.00000 1726   60  189.43219    0.00000   100%  15.8 1149s
 113539 98594   53.54873 1726   58  189.43219    0.00000   100%  15.8 1151s
 114002 98758    0.00000 1744   60  189.43219    0.00000   100%  15.8 1155s
 114929 99601    0.00000 1782   60  189.43219    0.00000   100%  15.8 1162s
 115294 100033    0.00000 1795   60  189.43219    0.00000   100%  15.8 1165s
 116362 100990    0.00000 1834   60  189.43219    0.00000   100%  15.8 1170s
 117116 102969    0.00000 1856   60  189.43219    0.00000   100%  15.8 1200s
 119907 103934    0.00000 1953   60  189.43219    0.00000   100%  15.7 1206s
 120347 104899    0.00000 1970   60  189.43219    0.00000   100%  15.7 1210s
 122181 106474    0.00000 2070   60  189.43219    0.00000   100%  15.7 1216s
 123998 108190    0.00000 2146   60  189.43219    0.00000   100%  15.6 1223s
 125189 108255    0.00000 2189   60  189.43219    0.00000   100%  15.6 1225s
 126628 110199    0.00000 2207   60  189.43219    0.00000   100%  15.6 1231s
 127499 111004    0.00000 2224   60  189.43219    0.00000   100%  15.6 1235s
 129308 112326    0.00000 2240   60  189.43219    0.00000   100%  15.5 1240s
 130240 112965  110.90303 2265   58  189.43219    0.00000   100%  15.6 1245s
 131219 113840  151.34313 2293   58  189.43219    0.00000   100%  15.8 1251s
 131674 115121  151.34313 2310   58  189.43219    0.00000   100%  15.8 1284s
 133406 116096 infeasible 2353       189.43219    0.00000   100%  15.8 1288s
 134657 117010    6.61630 2384   58  189.43219    0.00000   100%  15.8 1292s
 135528 117817    0.01447 2420   63  189.43219    0.01447   100%  15.7 1296s
 136440 118620  121.33253 2448   58  189.43219    0.69219   100%  15.7 1300s
 138462 120422  117.61887 2523   56  189.43219    3.44910  98.2%  15.6 1306s
 139272 121349    6.61630 2546   58  189.43219    3.44910  98.2%  15.6 1310s
 140313 123052    6.61630 2580   58  189.43219    3.44910  98.2%  15.5 1315s
 142591 124750 infeasible 2629       189.43219    3.44910  98.2%  15.4 1320s
 144989 127070    6.61630 2702   58  189.43219    3.44910  98.2%  15.2 1328s
 146359 129740    6.61630 2734   58  189.43219    3.44910  98.2%  15.1 1358s
 149196 130954    6.61630 2784   58  189.43219    3.44910  98.2%  15.0 1363s
 150338 131996    6.61630 2806   58  189.43219    3.44910  98.2%  15.0 1367s
 151440 133074   13.54757 2834   56  189.43219    3.44910  98.2%  14.9 1370s
 153432 134806    6.89905 2901   59  189.43219    3.44910  98.2%  14.8 1377s
 154495 135900    7.30027 2922   58  189.43219    3.44910  98.2%  14.7 1381s
 156031 137123   14.30420 2976   56  189.43219    3.44910  98.2%  14.7 1386s
 158470 139630   34.23843 3060   54  189.43219    3.44910  98.2%  14.6 1393s
 159640 140395   14.30420 3105   56  189.43219    3.44910  98.2%  14.5 1396s
 160602 141739   14.30420 3132   56  189.43219    3.44910  98.2%  14.5 1400s
 161877 143941  112.89083 3153   54  189.43219    3.44910  98.2%  14.5 1429s
 164301 144816  131.63090 3224   54  189.43219    3.44910  98.2%  14.5 1432s
 165505 145691  131.63090 3260   54  189.43219    3.44910  98.2%  14.5 1437s
 166409 146541   21.23547 3292   54  189.43219    3.44910  98.2%  14.4 1440s
 168438 148241   21.23547 3342   54  189.43219    3.44910  98.2%  14.4 1447s
 169438 149000   21.23547 3363   54  189.43219    3.44910  98.2%  14.4 1450s
 171240 150669   21.23547 3404   54  189.43219    3.44910  98.2%  14.3 1456s
 172315 151997  141.58507 3437   52  189.43219    3.44910  98.2%  14.3 1460s
 174747 154477   21.23547 3485   54  189.43219    3.44910  98.2%  14.2 1466s
 176339 155564   21.23547 3509   54  189.43219    3.44910  98.2%  14.2 1491s
 177483 157409   21.23547 3527   54  189.43219    3.44910  98.2%  14.1 1497s
 179506 158487   21.23547 3592   54  189.43219    3.44910  98.2%  14.2 1501s
 180668 159909   21.23547 3637   54  189.43219    3.44910  98.2%  14.2 1505s
 182962 161806   21.23547 3728   54  189.43219    3.44910  98.2%  14.1 1511s
 184514 163050  141.19180 3748   52  189.43219    3.44910  98.2%  14.0 1516s
 185515 164217  118.78043 3775   52  189.43219    3.44910  98.2%  14.0 1520s
 187934 166044   21.25299 3834   55  189.43219    3.44910  98.2%  13.9 1526s
 188764 167189   21.25374 3854   54  189.43219    3.44910  98.2%  13.9 1530s
 190947 169895   26.38367 3904   52  189.43219    3.44910  98.2%  13.8 1560s
 193155 172055   98.90893 3995   50  189.43219    3.44910  98.2%  13.8 1566s
 196087 174102  138.46443 4046   50  189.43219    3.44910  98.2%  13.7 1572s
 197278 174833   26.38367 4065   52  189.43219    3.44910  98.2%  13.7 1575s
 199111 176764   26.38367 4103   52  189.43219    3.44910  98.2%  13.6 1580s
 201268 178852   29.54167 4140   52  189.43219    3.44910  98.2%  13.5 1586s
 202335 180125   29.54167 4157   52  189.43219    3.44910  98.2%  13.5 1590s
 205187 182562   38.47893 4204   50  189.43219    3.44910  98.2%  13.4 1597s
 206363 184634   44.39957 4230   48  189.43219    3.44910  98.2%  13.4 1625s
 208962 186244   38.47893 4350   50  189.43219    3.44910  98.2%  13.5 1631s
 211191 188128   38.47893 4417   50  189.43219    3.44910  98.2%  13.4 1637s
 212474 189221   38.47893 4450   50  189.43219    3.44910  98.2%  13.4 1641s
 214603 191541   45.56963 4492   48  189.43219    3.44910  98.2%  13.4 1649s
 216283 192045   38.47893 4512   50  189.43219    3.44910  98.2%  13.3 1651s
 216804 193393   38.47893 4522   50  189.43219    3.44910  98.2%  13.3 1655s
 219167 195337   38.47893 4557   50  189.43219    3.44910  98.2%  13.3 1661s
 220413 196686   38.47893 4572   50  189.43219    3.44910  98.2%  13.3 1665s
 222058 198702   38.47893 4585   50  189.43219    3.44910  98.2%  13.2 1693s
 224744 199863   38.47893 4625   50  189.43219    3.44910  98.2%  13.2 1698s
 225846 202196   44.23670 4676   48  189.43219    3.44910  98.2%  13.2 1703s
 228345 204035   38.47893 4719   50  189.43219    3.44910  98.2%  13.1 1707s
 230259 205620   38.47893 4739   50  189.43219    3.44910  98.2%  13.1 1711s
 232858 207793   38.47893 4771   50  189.43219    3.44910  98.2%  13.0 1716s
 234753 209303   38.47893 4790   50  189.43219    3.44910  98.2%  12.9 1720s
 236853 212781  155.76869 4800   53  189.43219    3.44910  98.2%  12.9 1751s
 239787 213889  148.37810 4844   48  189.43219    3.44910  98.2%  12.8 1755s
 242518 216717   38.47893 4894   50  189.43219    3.44910  98.2%  12.8 1762s
 243895 217369   45.48080 4927   48  189.43219    3.44910  98.2%  12.7 1765s
 245056 218241   38.47893 4972   50  189.43219    3.44910  98.2%  12.8 1770s
 247193 221063   38.47893 5023   50  189.43219    3.44910  98.2%  12.8 1778s
 248852 222750  180.20880 5041   49  189.43219    3.44910  98.2%  12.7 1782s
 250605 224256   38.47893 5056   50  189.43219    3.44910  98.2%  12.6 1786s
 252196 227132   38.47893 5074   50  189.43219    3.44910  98.2%  12.6 1814s
 255250 227255   38.51041 5134   51  189.43219    3.44910  98.2%  12.5 1815s
 256251 229202  151.41817 5160   48  189.43219    3.44910  98.2%  12.5 1821s
 258417 231213   45.48080 5219   48  189.43219    3.44910  98.2%  12.5 1827s
 259670 232645   45.48080 5237   48  189.43219    3.44910  98.2%  12.5 1830s
 261904 234138   45.48080 5257   48  189.43219    3.44910  98.2%  12.4 1836s
 264546 236863   45.48080 5300   48  189.43219    3.44910  98.2%  12.4 1842s
 266786 241847   45.48080 5329   48  189.43219    3.44910  98.2%  12.3 1874s
 270896 241967   45.48080 5353   48  189.43219    3.44910  98.2%  12.2 1875s
 271896 244036  156.67393 5368   46  189.43219    3.44910  98.2%  12.2 1880s
 274348 245982   45.48080 5402   48  189.43219    3.44910  98.2%  12.1 1885s
 276277 247892  143.03237 5430   46  189.43219    3.44910  98.2%  12.1 1890s
 278691 249833   45.48080 5454   48  189.43219    3.44910  98.2%  12.0 1895s
 281362 254202  111.42840 5495   46  189.43219    3.44910  98.2%  11.9 1931s
 284755 256058  124.68807 5582   46  189.43219    3.44910  98.2%  11.8 1937s
 286475 257445   45.48080 5618   48  189.43219    3.44910  98.2%  11.8 1940s
 289088 259361   52.41690 5671   46  189.43219    3.44910  98.2%  11.7 1945s
 291506 261482   52.67717 5718   46  189.43219    3.44910  98.2%  11.7 1952s
 293370 262573   52.67717 5753   46  189.43219    3.44910  98.2%  11.6 1955s
 294795 264385   52.67717 5766   46  189.43219    3.44910  98.2%  11.6 1960s
 296576 267167   52.67717 5796   46  189.43219    3.44910  98.2%  11.6 1995s
 300156 269047   52.74773 5863   47  189.43219    3.44910  98.2%  11.5 2001s
 301587 270906   60.81883 5893   44  189.43219    3.44910  98.2%  11.5 2006s
 302658 272101   60.82673 5934   52  189.43219    3.44910  98.2%  11.5 2010s
 305397 274530   60.87604 5964   45  189.43219    3.44910  98.2%  11.4 2015s
 307410 276446   68.35597 5986   42  189.43219    3.44910  98.2%  11.4 2021s
 310304 278541   68.35597 6026   42  189.43219    3.44910  98.2%  11.3 2026s
 311587 280252   68.35597 6038   42  189.43219    3.44910  98.2%  11.3 2059s
 313714 280500   68.35597 6083   42  189.43219    3.44910  98.2%  11.3 2061s
 314833 281828   68.35597 6107   42  189.43219    3.44910  98.2%  11.3 2067s
 315930 282583   68.35597 6125   42  189.43219    3.44910  98.2%  11.3 2070s
 318259 284862  178.93159 6151   41  189.43219    3.44910  98.2%  11.3 2077s
 319778 286136   68.35597 6161   42  189.43219    3.44910  98.2%  11.3 2080s
 322840 288653   68.35597 6178   42  189.43219    3.44910  98.2%  11.2 2087s
 323961 289575     cutoff 6189       189.43219    3.44910  98.2%  11.2 2090s
 326045 291488   68.35597 6204   42  189.43219    3.44910  98.2%  11.2 2122s
 327183 293292   68.35597 6217   42  189.43219    3.44910  98.2%  11.2 2127s
 329412 293813   68.35597 6230   42  189.43219    3.44910  98.2%  11.2 2130s
 330861 294858   68.35597 6245   42  189.43219    3.44910  98.2%  11.2 2135s
 331988 296342   68.35597 6278   42  189.43219    3.44910  98.2%  11.3 2142s
 333505 297633   68.35597 6325   42  189.43219    3.44910  98.2%  11.2 2146s
 334915 298667   68.35597 6340   42  189.43219    3.44910  98.2%  11.2 2150s
 337334 300621   68.53531 6396   45  189.43219    3.44910  98.2%  11.2 2157s
 338218 301931  119.41723 6426   38  189.43219    3.44910  98.2%  11.2 2160s
 340622 304130   86.31257 6513   38  189.43219    3.44910  98.2%  11.2 2195s
 342532 306374   77.81556 6566   41  189.43219    3.44910  98.2%  11.2 2202s
 344489 307286 infeasible 6599       189.43219    3.44910  98.2%  11.2 2206s
 346672 309401   92.77154 6698   42  189.43219    3.44910  98.2%  11.2 2212s
 347974 310892   93.43831 6715   36  189.43219    3.44910  98.2%  11.2 2216s
 349772 311727   54.77670 3601   44  189.43219    3.44910  98.2%  11.2 2220s
 351338 313615  111.65140 6826   32  189.43219    3.44910  98.2%  11.1 2226s
 352763 315180  102.50273 6866   41  189.43219    3.44910  98.2%  11.1 2230s
 356085 319563  114.53979 6961   32  189.43219    3.44910  98.2%  11.0 2262s
 359226 320285  170.68610 7034   28  189.43219    3.44910  98.2%  11.0 2265s
 361224 322969  128.37666 7081   29  189.43219    3.44910  98.2%  10.9 2271s
 363994 325239  141.02017 7131   24  189.43219    3.44910  98.2%  10.9 2275s
 366359 327234  135.73433 7179   27  189.43219    3.44910  98.2%  10.8 2280s
 368927 329699  144.33488 7227   28  189.43219    3.44910  98.2%  10.8 2286s
 370503 330986  165.40937 7260   20  189.43219    3.44910  98.2%  10.7 2290s
 371277 334555  165.40937 7282   20  189.43219    3.44910  98.2%  10.7 2318s
 375187 334624  179.14497 7364   22  189.43219    3.44910  98.2%  10.6 2320s
 377754 337726   10.74937 2648   56  189.43219    3.44910  98.2%  10.6 2326s
 379946 340193   17.77012 3018   55  189.43219    3.44910  98.2%  10.5 2331s
 382581 342866   35.87463 3392   50  189.43219    3.44910  98.2%  10.5 2337s
 384430 344544   35.90695 3721   51  189.43219    3.44910  98.2%  10.4 2340s
 385793 348099   43.07100 3877   48  189.43219    3.44910  98.2%  10.4 2375s
 391171 350294   50.67157 4931   46  189.43219    3.44910  98.2%  10.3 2381s
 392842 352114   57.60283 5213   45  189.43219    3.44910  98.2%  10.3 2385s
 395995 355239   65.48042 5870   42  189.43219    3.44910  98.2%  10.2 2393s
 397403 356214   65.49778 6230   43  189.43219    3.44910  98.2%  10.2 2396s
 399265 358212  136.44423 6444   34  189.43219    3.44910  98.2%  10.2 2401s
 400612 362030  150.64546 6686   32  189.43219    3.44910  98.2%  10.1 2433s
 404574 363485   28.74573 2827   52  189.43219    3.44910  98.2%  10.1 2437s
 407114 365674   67.20507 3235   40  189.43219    3.44910  98.2%  10.0 2442s
 408962 367859   87.26000 3451   34  189.43219    3.44910  98.2%  10.0 2447s
 410609 369315   92.63913 3669   32  189.43219    3.44910  98.2%  10.0 2451s
 413237 371550  146.20520 4174   16  189.43219    3.44910  98.2%   9.9 2457s
 414446 372653  134.87260 2511   52  189.43219    3.44910  98.2%   9.9 2460s
 415642 375079     cutoff 2589       189.43219    3.44910  98.2%   9.9 2489s
 418288 376209  120.96380 2780   55  189.43219    3.44910  98.2%   9.8 2493s
 419552 377683  135.57103 2947   50  189.43219    3.44910  98.2%   9.8 2497s
 421141 378930  162.76383 3111   46  189.43219    3.44910  98.2%   9.8 2501s
 423921 380774   38.47427 2678   52  189.43219    3.44910  98.2%   9.7 2506s
 425782 383543   67.37383 3078   44  189.43219    3.44910  98.2%   9.7 2514s
 427300 384666  115.31095 3454   38  189.43219    3.44910  98.2%   9.7 2517s
 428495 385794  154.23749 3701   26  189.43219    3.44910  98.2%   9.6 2521s
 429737 387004   15.91893 2505   54  189.43219    3.44910  98.2%   9.6 2525s
 431045 389387  117.78717 2474   55  189.43219    3.44910  98.2%   9.6 2555s
 434008 391144  119.86153 2514   56  189.43219    3.44910  98.2%   9.6 2561s
 435632 392976  135.00507 2760   52  189.43219    3.44910  98.2%   9.5 2566s
 437508 394367  142.69297 3113   50  189.43219    3.44910  98.2%   9.5 2571s
 439961 396461  164.22996 3488   45  189.43219    3.44910  98.2%   9.5 2578s
 441257 397427 infeasible 3662       189.43219    3.44910  98.2%   9.4 2581s
 442324 398102  180.79134 2497   46  189.43219    3.44910  98.2%   9.4 2585s
 444306 400179  160.24332 2562   46  189.43219    3.44910  98.2%   9.4 2592s
 445867 404127  177.97907 2490   48  189.43219    3.44910  98.2%   9.4 2630s
 450268 405565   19.27867 3018   54  189.43219    3.44910  98.2%   9.3 2637s
 451211 406933   19.32280 3255   55  189.43219    3.44910  98.2%   9.3 2641s
 453373 408822   29.80452 3589   52  189.43219    3.44910  98.2%   9.3 2647s
 454622 410119   37.43851 3785   50  189.43219    3.44910  98.2%   9.3 2651s
 455985 411063   42.29193 4068   48  189.43219    3.44910  98.2%   9.2 2655s
 457360 412670   42.33132 4358   48  189.43219    3.44910  98.2%   9.2 2661s
 458671 413549   57.94360 4531   44  189.43219    3.44910  98.2%   9.2 2665s
 460415 416756   58.00821 5044   49  189.43219    3.44910  98.2%   9.2 2699s
 462976 417673  102.62931 5638   42  189.43219    3.44910  98.2%   9.1 2703s
 463931 418603  127.91928 5778   36  189.43219    3.44910  98.2%   9.1 2707s
 464947 419186  102.03573 2558   56  189.43219    3.44910  98.2%   9.1 2710s
 466399 420720  117.97324 2821   52  189.43219    3.44910  98.2%   9.1 2717s
 467281 421510  130.63827 3092   48  189.43219    3.44910  98.2%   9.1 2721s
 468192 422597  151.83013 3352   44  189.43219    3.44910  98.2%   9.1 2725s
 469624 424140  127.54943 2513   54  189.43219    3.44910  98.2%   9.1 2732s
 471022 424875  142.39482 2826   50  189.43219    3.44910  98.2%   9.1 2736s
 471830 426115  155.00583 3064   46  189.43219    3.44910  98.2%   9.1 2741s
 473198 426979  178.94443 3465   40  189.43219    3.44910  98.2%   9.1 2746s
 474147 427890   10.06540 2588   56  189.43219    3.44910  98.2%   9.1 2750s
 475109 429714   17.75330 2832   54  189.43219    3.44910  98.2%   9.1 2779s
 476586 429714  176.31073 4056   32  189.43219    3.44910  98.2%   9.1 2780s
 477153 431131   25.89497 3319   52  189.43219    3.44910  98.2%   9.1 2786s
 478489 432432   35.93684 3706   50  189.43219    3.44910  98.2%   9.1 2792s
 479883 433339   86.12570 4078   48  189.43219    3.44910  98.2%   9.0 2796s
 480883 434302   86.12570 4203   48  189.43219    3.44910  98.2%   9.0 2801s
 481992 435195  108.96897 4383   44  189.43219    3.44910  98.2%   9.0 2805s
 482976 436478  108.96897 4690   44  189.43219    3.44910  98.2%   9.0 2810s
 484342 438106  108.96897 4888   44  189.43219    3.44910  98.2%   9.0 2816s
 486078 438738  108.96897 5049   44  189.43219    3.44910  98.2%   9.0 2820s
 487841 440126  127.99550 5429   40  189.43219    3.44910  98.2%   9.0 2828s
 488490 440527  128.00352 5611   41  189.43219    3.44910  98.2%   9.0 2830s
 489641 441912  168.68471 6017   37  189.43219    3.44910  98.2%   9.0 2860s
 490791 443080   95.73303 2657   52  189.43219    3.44910  98.2%   9.0 2866s
 492143 444160  113.91658 2953   48  189.43219    3.44910  98.2%   9.0 2871s
 493912 446164  133.88431 3420   42  189.43219    3.44910  98.2%   9.0 2881s
 495604 446986  166.08462 3928   37  189.43219    3.44910  98.2%   9.0 2886s
 496695 447810  119.86153 2464   56  189.43219    3.44910  98.2%   9.0 2890s
 497668 449587  134.16573 2747   52  189.43219    3.44910  98.2%   9.0 2897s
 499558 450608  157.39139 3089   48  189.43219    3.44910  98.2%   9.0 2902s
 500727 452176   16.19700 2478   54  189.43219    3.44910  98.2%   9.0 2908s
 502354 453562   30.50120 2992   50  189.43219    3.44910  98.2%   9.0 2913s
 503789 453923   58.56773 3487   42  189.43219    3.44910  98.2%   9.0 2915s
 504180 456086   58.56773 3624   42  189.43219    3.44910  98.2%   9.0 2945s
 506992 457662  143.01607 4563   24  189.43219    3.44910  98.2%   9.0 2953s
 508315 458638    8.82823 2421   56  189.43219    3.44910  98.2%   9.0 2958s
 509428 459540   15.44453 2745   54  189.43219    3.44910  98.2%   8.9 2962s
 510434 460388   67.70750 3012   52  189.43219    3.44910  98.2%   8.9 2966s
 511707 461298  129.40321 3408   50  189.43219    3.44910  98.2%   8.9 2971s
 512488 462307  144.67345 3698   44  189.43219    3.44910  98.2%   9.0 2975s
 513580 463549  151.57524 3970   42  189.43219    3.44910  98.2%   9.0 2980s
 516011 464701   17.75330 2622   54  189.43219    3.44910  98.2%   8.9 2985s
 516218 465864   17.75330 2642   54  189.43219    3.44910  98.2%   8.9 2990s
 518661 469066   35.87463 3276   50  189.43219    3.44910  98.2%   8.9 3030s
 521846 470753   43.41177 4140   48  189.43219    3.44910  98.2%   8.9 3037s
 522880 471551   50.60813 4401   46  189.43219    3.44910  98.2%   8.9 3041s
 524380 472639   58.83033 4973   44  189.43219    3.44910  98.2%   8.9 3046s
 525329 473439    8.43653 2545   56  189.43219    3.44910  98.2%   8.9 3050s
 526728 475309   80.86448 5709   38  189.43219    3.44910  98.2%   8.8 3058s
 527809 476219  100.12797 5973   34  189.43219    3.44910  98.2%   8.8 3062s
 528767 477470  130.34973 6222   26  189.43219    3.44910  98.2%   8.8 3067s
 530101 478368  176.22422 6556   18  189.43219    3.44910  98.2%   8.8 3071s
 531047 479166  167.95040 2478   50  189.43219    3.44910  98.2%   8.8 3075s
 531910 480588  119.86153 2471   56  189.43219    3.44910  98.2%   8.8 3080s
 533356 482204  142.33485 2823   55  189.43219    3.44910  98.2%   8.8 3108s
 535091 483047  161.99131 3275   45  189.43219    3.44910  98.2%   8.8 3112s
 536049 483895     cutoff 3477       189.43219    3.44910  98.2%   8.8 3116s
 536947 484797  168.22970 2731   42  189.43219    3.44910  98.2%   8.8 3120s
 537968 486034  102.03573 2492   56  189.43219    3.44910  98.2%   8.8 3125s
 539322 487091  167.89558 2852   51  189.43219    3.44910  98.2%   8.8 3130s
 541231 488717   31.13860 2753   50  189.43219    3.44910  98.2%   8.8 3138s
 542305 490363  108.78043 3086   40  189.43219    3.44910  98.2%   8.8 3145s
 544030 491454  176.33803 3536   20  189.43219    3.44910  98.2%   8.8 3150s
 545230 492227   11.13700 2822   56  189.43219    3.44910  98.2%   8.7 3155s
 546860 493572   19.30985 3310   55  189.43219    3.44910  98.2%   8.7 3162s
 548171 496390   31.91123 3679   50  189.43219    3.44910  98.2%   8.7 3200s
 551575 497909   46.57041 4398   54  189.43219    3.44910  98.2%   8.7 3207s
 552411 498765   54.15500 4543   44  189.43219    3.44910  98.2%   8.7 3211s
 553395 499629   61.10778 4781   48  189.43219    3.44910  98.2%   8.7 3215s
 554729 501090   68.02237 5144   40  189.43219    3.44910  98.2%   8.7 3222s
 555938 502056   68.06391 5494   40  189.43219    3.44910  98.2%   8.7 3226s
 556936 502614   75.06537 5673   38  189.43219    3.44910  98.2%   8.7 3231s
 557545 503585   82.58378 5833   37  189.43219    3.44910  98.2%   8.7 3235s
 559335 505463   93.85961 6246   33  189.43219    3.44910  98.2%   8.6 3242s
 560574 506297  104.53207 6490   30  189.43219    3.44910  98.2%   8.6 3246s
 561510 507319  117.24616 6605   32  189.43219    3.44910  98.2%   8.6 3250s
 562628 508986  130.62273 6857   22  189.43219    3.44910  98.2%   8.6 3285s
 564924 510274  157.76193 7229   14  189.43219    3.44910  98.2%   8.6 3290s
 565872 511538  167.19720 7318   10  189.43219    3.44910  98.2%   8.6 3295s
 567226 512763  186.44667 7440    4  189.43219    3.44910  98.2%   8.6 3300s
 568554 513712  168.22563 2426   42  189.43219    3.44910  98.2%   8.6 3305s
 569588 514350  178.81370 2429   36  189.43219    3.44910  98.2%   8.6 3310s
 570790 515730  176.26510 2432   36  189.43219    3.44910  98.2%   8.6 3316s
 571862 516526  174.07427 2435   36  189.43219    3.44910  98.2%   8.6 3320s
 572776 517708  181.01027 2440   34  189.43219    3.44910  98.2%   8.6 3325s
 575032 518721   11.38073 2605   57  189.43219    3.44910  98.2%   8.5 3330s
 575597 520608   31.70203 2693   50  189.43219    3.44910  98.2%   8.5 3339s
 577269 523116   68.63983 3161   40  189.43219    3.44910  98.2%   8.5 3372s
 579976 523790  112.99488 3858   28  189.43219    3.44910  98.2%   8.5 3375s
 581120 525054   11.13700 2643   56  189.43219    3.44910  98.2%   8.5 3381s
 582413 526019 infeasible 2802       189.43219    3.44910  98.2%   8.5 3386s
 583152 527196  127.91986 2604   54  189.43219    3.44910  98.2%   8.5 3391s
 585304 527971     cutoff 6417       189.43219    3.44910  98.2%   8.5 3395s
 586509 529036 infeasible 2498       189.43219    3.44910  98.2%   8.5 3402s
 586925 530410  119.86153 2469   56  189.43219    3.44910  98.2%   8.5 3407s
 589008 532253  135.76563 2929   52  189.43219    3.44910  98.2%   8.4 3413s
 590333 533167  148.46407 3148   48  189.43219    3.44910  98.2%   8.4 3416s
 592240 534791  102.03573 2430   56  189.43219    3.44910  98.2%   8.4 3451s
 593089 535843  109.72363 2694   54  189.43219    3.44910  98.2%   8.4 3456s
 594276 537243  126.80430 3071   52  189.43219    3.44910  98.2%   8.4 3461s
 595916 539213  153.02500 3297   42  189.43219    3.44910  98.2%   8.4 3468s
 598038 539678  172.07344 3608   36  189.43219    3.44910  98.2%   8.4 3472s
 598957 541311  165.89420 2538   44  189.43219    3.44910  98.2%   8.4 3479s
 600447 542716  119.86153 2438   56  189.43219    3.44910  98.2%   8.4 3485s
 602047 543731  178.71218 2709   42  189.43219    3.44910  98.2%   8.4 3490s
 603193 545332  167.32687 2651   46  189.43219    3.44910  98.2%   8.4 3496s
 605318 546896  176.51862 2656   50  189.43219    3.44910  98.2%   8.3 3502s
 606610 548511   15.98603 2576   54  189.43219    3.44910  98.2%   8.3 3508s
 608269 550635   23.67393 2885   52  189.43219    3.44910  98.2%   8.3 3542s
 610481 551000   37.51361 3326   51  189.43219    3.44910  98.2%   8.3 3546s
 611695 552953   44.81179 3545   48  189.43219    3.44910  98.2%   8.3 3553s
 612893 554025   60.31723 3839   46  189.43219    3.44910  98.2%   8.3 3557s
 614353 555147   68.41404 4121   45  189.43219    3.44910  98.2%   8.3 3562s
 615312 556408   94.45370 4291   40  189.43219    3.44910  98.2%   8.3 3567s
 616663 557002  106.32251 4565   39  189.43219    3.44910  98.2%   8.3 3571s
 617284 558111  113.74224 4735   37  189.43219    3.44910  98.2%   8.3 3575s
 618700 558963  135.16425 5052   30  189.43219    3.44910  98.2%   8.3 3580s
 620104 560219  172.59742 5469   20  189.43219    3.44910  98.2%   8.3 3585s
 621591 561624  155.23040 1643   56  189.43219    3.44910  98.2%   8.3 3592s
 622544 562202  170.34800 1920   52  189.43219    3.44910  98.2%   8.3 3597s
 623214 562921  170.42831 2120   59  189.43219    3.44910  98.2%   8.3 3625s
 624068 564628  102.03573 2444   56  189.43219    3.44910  98.2%   8.3 3631s
 626428 566066  124.73922 3030   51  189.43219    3.44910  98.2%   8.3 3637s
 627532 567363  137.39022 3245   49  189.43219    3.44910  98.2%   8.3 3642s
 628927 567952  151.60322 3507   45  189.43219    3.44910  98.2%   8.3 3646s
 630487 569667 infeasible 3735       189.43219    3.44910  98.2%   8.3 3652s
 631349 570755  113.81129 2691   56  189.43219    3.44910  98.2%   8.3 3657s
 632480 571621 infeasible 2945       189.43219    3.44910  98.2%   8.3 3661s
 633457 572487  176.67489 2611   44  189.43219    3.44910  98.2%   8.3 3665s
 634569 573335   17.75330 2698   54  189.43219    3.44910  98.2%   8.3 3671s
 635348 574526   18.43592 2949   54  189.43219    3.44910  98.2%   8.3 3676s
 637083 575933   73.26018 3504   50  189.43219    3.44910  98.2%   8.3 3683s
 638222 577351   84.19853 3792   46  189.43219    3.44910  98.2%   8.3 3709s
 639759 577830   99.08260 4036   42  189.43219    3.44910  98.2%   8.3 3714s
 640306 578348  113.27237 4157   40  189.43219    3.44910  98.2%   8.3 3717s
 640871 579357  105.78178 4188   40  189.43219    3.44910  98.2%   8.3 3722s
 642009 580141  121.55029 4528   36  189.43219    3.44910  98.2%   8.3 3727s
 642886 580969  128.78029 4833   35  189.43219    3.44910  98.2%   8.3 3731s
 644175 581782  149.41018 5277   28  189.43219    3.44910  98.2%   8.3 3736s
 644690 582488 infeasible 5328       189.43219    3.44910  98.2%   8.3 3740s
 645660 583017  154.99503 2513   46  189.43219    3.44910  98.2%   8.3 3745s
 647376 584336     cutoff 3107       189.43219    3.44910  98.2%   8.3 3750s
 648525 586853   17.75330 2755   54  189.43219    3.44910  98.2%   8.3 3759s
 650485 588383   25.89497 3064   52  189.43219    3.44910  98.2%   8.3 3765s
 652071 588678   33.09133 3406   50  189.43219    3.44910  98.2%   8.3 3770s
 652386 589973   33.09133 3407   50  189.43219    3.44910  98.2%   8.3 3775s
 653821 591750   33.12171 3712   51  189.43219    3.44910  98.2%   8.3 3807s
 655903 592321   41.81623 3914   48  189.43219    3.44910  98.2%   8.2 3810s
 657650 594537   41.84478 4263   50  189.43219    3.44910  98.2%   8.2 3819s
 658728 595278   48.75223 4404   46  189.43219    3.44910  98.2%   8.2 3822s
 659590 596191   48.77133 4591   52  189.43219    3.44910  98.2%   8.2 3825s
 660978 598409  110.54120 4719   42  189.43219    3.44910  98.2%   8.2 3832s
 662788 599082   71.32748 5086   46  189.43219    3.44910  98.2%   8.2 3835s
 664016 600379   79.48643 5335   40  189.43219    3.44910  98.2%   8.2 3842s
 664864 601474   79.54559 5488   40  189.43219    3.44910  98.2%   8.2 3846s
 666046 602647   86.58859 5795   38  189.43219    3.44910  98.2%   8.2 3851s
 667308 603863   94.28469 6063   37  189.43219    3.44910  98.2%   8.2 3856s
 668597 605422   99.66178 6299   35  189.43219    3.44910  98.2%   8.2 3883s
 670280 605443  127.25950 6486   30  189.43219    3.44910  98.2%   8.2 3887s
 670307 606794  136.19676 6485   28  189.43219    3.44910  98.2%   8.2 3891s
 672164 608713  159.18473 6565   24  189.43219    3.44910  98.2%   8.2 3897s
 673646 609911  165.22043 6712   28  189.43219    3.44910  98.2%   8.2 3901s
 674869 610779  178.62297 6809   18  189.43219    3.44910  98.2%   8.1 3905s
 676585 612532   11.72967 2507   57  189.43219    3.44910  98.2%   8.1 3912s
 677557 613701   11.78492 2751   58  189.43219    3.44910  98.2%   8.1 3917s
 679279 615143   19.41757 2961   54  189.43219    3.44910  98.2%   8.1 3923s
 680224 615773   26.61393 3096   52  189.43219    3.44910  98.2%   8.1 3926s
 680929 617329   27.05701 3255   53  189.43219    3.44910  98.2%   8.1 3931s
 682507 618045   33.70532 3485   51  189.43219    3.44910  98.2%   8.1 3935s
 683232 620404   35.09283 3512   50  189.43219    3.44910  98.2%   8.1 3964s
 685685 620635   49.54463 3805   46  189.43219    3.44910  98.2%   8.1 3967s
 685922 621596   50.07234 3818   46  189.43219    3.44910  98.2%   8.1 3970s
 687898 623232   68.90817 4231   42  189.43219    3.44910  98.2%   8.0 3976s
 688666 623488   69.00411 4356   43  189.43219    3.44910  98.2%   8.0 3980s
 690151 625999   82.04531 4670   47  189.43219    3.44910  98.2%   8.0 3988s
 691513 627102   90.28212 4792   40  189.43219    3.44910  98.2%   8.0 3992s
 692662 628124   97.90697 5005   36  189.43219    3.44910  98.2%   8.0 3996s
 694134 628839  111.62539 5334   34  189.43219    3.44910  98.2%   8.0 4000s
 695365 630185  125.64782 5655   30  189.43219    3.44910  98.2%   8.0 4006s
 695938 631266  152.96688 5815   37  189.43219    3.44910  98.2%   8.0 4010s
 697889 633260  138.81143 2526   50  189.43219    3.44910  98.2%   8.0 4044s
 699268 634119   69.92180  735   56  189.43219    3.44910  98.2%   8.0 4049s
 700247 634657  180.58212  767   63  189.43219    3.44910  98.2%   7.9 4053s
 700855 635473  167.99243  817   50  189.43219    3.44910  98.2%   7.9 4057s
 701893 635940  177.06593 2637   46  189.43219    3.44910  98.2%   7.9 4060s
 703170 637504   89.57050 2534   54  189.43219    3.44910  98.2%   7.9 4068s
 704344 638384   81.42883 2568   56  189.43219    3.44910  98.2%   7.9 4073s
 705345 638974   81.42883 2604   56  189.43219    3.44910  98.2%   7.9 4077s
 706026 639417   81.42883 2624   56  189.43219    3.44910  98.2%   7.9 4081s
 707457 640863   88.46527 2672   54  189.43219    3.44910  98.2%   7.9 4089s
 708197 641712   81.46341 2701   56  189.43219    3.44910  98.2%   7.9 4092s
 709086 642186   81.46341 2735   56  189.43219    3.44910  98.2%   7.9 4095s
 709599 643304   88.65977 2750   54  189.43219    3.44910  98.2%   7.9 4100s
 710895 644010   81.49902 2783   56  189.43219    3.44910  98.2%   7.9 4105s
 711750 644967   88.65977 2813   54  189.43219    3.44910  98.2%   7.9 4110s
 712775 645876   95.71590 2836   52  189.43219    3.44910  98.2%   7.9 4136s
 714207 647117  103.74280 2889   50  189.43219    3.44910  98.2%   7.9 4144s
 715202 647960  111.43070 2926   48  189.43219    3.44910  98.2%   7.9 4150s
 716203 648744  103.74280 2952   50  189.43219    3.44910  98.2%   8.0 4155s
 717198 649292  111.43070 3000   48  189.43219    3.44910  98.2%   8.0 4160s
 717883 650943  121.48310 3032   46  189.43219    3.44910  98.2%   8.0 4168s
 719588 651698  164.46507 3070   46  189.43219    3.44910  98.2%   8.0 4172s
 720409 652887  118.43257 3094   46  189.43219    3.44910  98.2%   8.0 4177s
 721624 654413  118.43257 3131   46  189.43219    3.44910  98.2%   7.9 4183s
 723224 655593  170.62893 3164   44  189.43219    3.44910  98.2%   7.9 4188s
 724453 657141  118.43257 3181   46  189.43219    3.44910  98.2%   7.9 4194s
 726106 657951  118.46371 3215   48  189.43219    3.44910  98.2%   7.9 4198s
 726943 658865  129.55203 3220   44  189.43219    3.44910  98.2%   7.9 4202s
 727933 660656  118.52631 3232   46  189.43219    3.44910  98.2%   7.9 4235s
 730309 661720  127.52159 3312   45  189.43219    3.44910  98.2%   7.9 4242s
 731127 662830  127.52957 3328   45  189.43219    3.44910  98.2%   7.9 4246s
 732349 663780  140.77440 3343   44  189.43219    3.44910  98.2%   7.9 4250s
 733530 664827  134.13789 3366   42  189.43219    3.44910  98.2%   7.9 4257s
 735173 665441  134.19565 3397   43  189.43219    3.44910  98.2%   7.9 4262s
 735215 666372  134.23744 3400   42  189.43219    3.44910  98.2%   7.9 4265s
 736221 667552  176.95212 3414   40  189.43219    3.44910  98.2%   7.9 4270s
 738044 668994     cutoff 3453       189.43219    3.44910  98.2%   7.9 4277s
 739079 670195     cutoff 3477       189.43219    3.44910  98.2%   7.9 4281s
 740314 670609  164.43343 3502   36  189.43219    3.44910  98.2%   7.9 4285s
 741831 672636  172.74290 3550   34  189.43219    3.44910  98.2%   7.8 4292s
 743093 674057     cutoff 3576       189.43219    3.44910  98.2%   7.8 4320s
 744876 675158     cutoff 3629       189.43219    3.44910  98.2%   7.8 4325s
 746476 676592     cutoff 3682       189.43219    3.44910  98.2%   7.8 4333s
 747751 677263     cutoff 3716       189.43219    3.44910  98.2%   7.8 4336s
 748516 678200  159.13413 2529   44  189.43219    3.44910  98.2%   7.8 4341s
 749514 679106  174.61192 2658   40  189.43219    3.44910  98.2%   7.8 4345s
 750514 680413   11.13700 2725   56  189.43219    3.44910  98.2%   7.8 4350s
 752469 682221   11.57233 3037   57  189.43219    3.44910  98.2%   7.8 4358s
 753782 682965   18.22837 3263   60  189.43219    3.44910  98.2%   7.8 4361s
 755622 685135   25.34632 3594   60  189.43219    3.44910  98.2%   7.7 4368s
 756869 685904   32.00583 3739   50  189.43219    3.44910  98.2%   7.7 4371s
 757692 687094   32.00583 3892   50  189.43219    3.44910  98.2%   7.7 4406s
 758972 688371   40.14750 4102   48  189.43219    3.44910  98.2%   7.7 4410s
 760340 689442   40.24705 4357   48  189.43219    3.44910  98.2%   7.7 4415s
 761937 690830   53.30044 4759   46  189.43219    3.44910  98.2%   7.7 4420s
 763953 691968  108.08929 5085   42  189.43219    3.44910  98.2%   7.7 4427s
 764222 692831  118.79704 5158   42  189.43219    3.44910  98.2%   7.7 4430s
 765798 694035  174.02153 5493   28  189.43219    3.44910  98.2%   7.7 4435s
 767288 695545   10.06540 2691   56  189.43219    3.44910  98.2%   7.7 4442s
 768194 696542   11.10579 2834   56  189.43219    3.44910  98.2%   7.7 4447s
 769257 696982   18.40524 3025   54  189.43219    3.44910  98.2%   7.7 4450s
 769974 697645   25.92954 3157   52  189.43219    3.44910  98.2%   7.7 4455s
 771433 699255   32.86564 3464   50  189.43219    3.44910  98.2%   7.7 4462s
 772308 700454   32.90975 3699   51  189.43219    3.44910  98.2%   7.7 4488s
 773634 701202   47.89441 3978   46  189.43219    3.44910  98.2%   7.7 4491s
 774959 702111   54.97189 4227   45  189.43219    3.44910  98.2%   7.6 4498s
 775505 703083   60.64710 4413   42  189.43219    3.44910  98.2%   7.6 4503s
 776637 703885   60.66597 4765   43  189.43219    3.44910  98.2%   7.6 4508s
 777698 704451   68.11830 5058   41  189.43219    3.44910  98.2%   7.6 4511s
 779321 705503   91.58498 5351   39  189.43219    3.44910  98.2%   7.6 4516s
 780015 706783  109.88373 5444   30  189.43219    3.44910  98.2%   7.6 4523s
 780906 707688  109.88373 5708   30  189.43219    3.44910  98.2%   7.6 4528s
 781826 708796  116.45743 5877   28  189.43219    3.44910  98.2%   7.6 4532s
 783493 710139  141.67627 6232   22  189.43219    3.44910  98.2%   7.6 4538s
 784409 711037  164.70337 6385   16  189.43219    3.44910  98.2%   7.6 4542s
 785385 712072 infeasible 6513       189.43219    3.44910  98.2%   7.6 4547s
 786553 713079   81.42883 2601   56  189.43219    3.44910  98.2%   7.6 4551s
 787615 713672   81.46341 2809   56  189.43219    3.44910  98.2%   7.6 4577s
 788224 715844   81.49713 2858   56  189.43219    3.44910  98.2%   7.6 4585s
 790553 717050  118.23442 3235   47  189.43219    3.44910  98.2%   7.6 4590s
 792753 717999  150.21730 3539   38  189.43219    3.44910  98.2%   7.6 4597s
 793504 719277  157.42077 3711   36  189.43219    3.44910  98.2%   7.6 4603s
 794147 720377  166.23074 3832   35  189.43219    3.44910  98.2%   7.6 4607s
 795759 720820   32.14882 3126   50  189.43219    3.44910  98.2%   7.6 4610s
 796937 722741  170.71623 2537   34  189.43219    3.44910  98.2%   7.6 4617s
 798393 723371  180.02670 2612   30  189.43219    3.44910  98.2%   7.6 4621s
 798864 723998  112.69147 2479   56  189.43219    3.44910  98.2%   7.6 4625s
 799944 724819  119.78217 2525   54  189.43219    3.44910  98.2%   7.6 4630s
 801134 726080  119.78217 2576   54  189.43219    3.44910  98.2%   7.6 4636s
 802069 727019  126.71827 2614   52  189.43219    3.44910  98.2%   7.6 4663s
 803016 728024  119.78217 2653   54  189.43219    3.44910  98.2%   7.6 4667s
 804092 728998  126.78403 2693   52  189.43219    3.44910  98.2%   7.6 4670s
 805152 729116  119.78217 2729   54  189.43219    3.44910  98.2%   7.6 4675s
 806055 730354  128.06273 2766   52  189.43219    3.44910  98.2%   7.6 4681s
 806768 731058  127.83229 2807   58  189.43219    3.44910  98.2%   7.6 4685s
 808240 731972  142.11327 2873   48  189.43219    3.44910  98.2%   7.6 4692s
 808880 732276  149.12107 2920   46  189.43219    3.44910  98.2%   7.6 4695s
 809937 732942     cutoff 2982       189.43219    3.44910  98.2%   7.6 4702s
 810617 733028     cutoff 3037       189.43219    3.44910  98.2%   7.6 4705s
 811560 734597  156.57740 3085   44  189.43219    3.44910  98.2%   7.6 4713s
 812551 735215  166.64767 3116   43  189.43219    3.44910  98.2%   7.6 4718s
 813353 736385  172.64953 3153   40  189.43219    3.44910  98.2%   7.6 4723s
 814480 737798   23.32207 2603   56  189.43219    3.44910  98.2%   7.6 4728s
 815990 739048   30.54989 2992   54  189.43219    3.44910  98.2%   7.6 4734s
 817316 740712   30.78320 3298   55  189.43219    3.44910  98.2%   7.6 4765s
 819668 742133   97.89157 3528   48  189.43219    3.44910  98.2%   7.6 4771s
 821721 743729 infeasible 3784       189.43219    4.72100  97.5%   7.6 4777s
 822441 744553    8.82823 2404   56  189.43219    4.72100  97.5%   7.6 4781s
 823512 745682  159.68480 2415   54  189.43219    4.72100  97.5%   7.6 4787s
 824475 747001   15.91893 2430   54  189.43219    4.72100  97.5%   7.6 4792s
 825841 748067    8.82823 2462   56  189.43219    4.72100  97.5%   7.6 4796s
 827009 749430    9.25261 2477   57  189.43219    4.72100  97.5%   7.6 4801s
 828435 750062   15.91893 2490   54  189.43219    4.72100  97.5%   7.6 4806s
 829196 750979  164.31907 2504   52  189.43219    4.72100  97.5%   7.6 4813s
 830105 752212  164.31907 2521   52  189.43219    4.72100  97.5%   7.6 4817s
 831710 752522   58.26973 1587   56  189.43219    4.72100  97.5%   7.6 4820s
 831750 753587   15.91893 2578   54  189.43219    4.72100  97.5%   7.6 4848s
 832944 755480   93.89867 2615   52  189.43219    4.72100  97.5%   7.6 4855s
 834888 756714   15.95203 2670   61  189.43219    4.72100  97.5%   7.6 4861s
 836169 758544   15.97418 2685   56  189.43219    4.72100  97.5%   7.6 4867s
 838312 760022   23.60683 2713   52  189.43219    4.72100  97.5%   7.5 4873s
 839674 761094   23.60683 2761   52  189.43219    4.72100  97.5%   7.5 4878s
 840861 762344   23.60683 2775   52  189.43219    4.72100  97.5%   7.5 4883s
 842169 763646  131.80957 2800   50  189.43219    4.72100  97.5%   7.5 4888s
 843571 764735   23.60683 2826   52  189.43219    4.72100  97.5%   7.5 4893s
 844801 766522  142.42597 2843   50  189.43219    4.72100  97.5%   7.5 4899s
 846653 768094   23.60683 2860   52  189.43219    4.72100  97.5%   7.5 4928s
 848297 769006   23.60683 2876   52  189.43219    4.72100  97.5%   7.5 4933s
 849240 770427   23.73528 2896   59  189.43219    4.72100  97.5%   7.5 4938s
 850688 771583   24.11095 2910   53  189.43219    4.72100  97.5%   7.5 4942s
 851957 771774   26.98039 2924   53  189.43219    4.72100  97.5%   7.5 4947s
 852743 773598   31.92466 2939   52  189.43219    4.72100  97.5%   7.5 4953s
 854215 775516   75.86980 2979   50  189.43219    4.72100  97.5%   7.5 4960s
 856158 777291   90.13277 3009   48  189.43219    4.72100  97.5%   7.5 4965s
 857969 778935 infeasible 3040       189.43219    4.72100  97.5%   7.5 4970s
 859697 780250   82.48610 3075   48  189.43219    4.72100  97.5%   7.5 4975s
 861038 781323  130.12790 3100   46  189.43219    4.72100  97.5%   7.5 4980s
 862153 782569   82.71630 3124   50  189.43219    4.72100  97.5%   7.5 5009s
 863477 784318   82.93007 3138   49  189.43219    4.72100  97.5%   7.5 5015s
 865434 785626   83.03348 3166   49  189.43219    4.72100  97.5%   7.5 5020s
 867531 786465  152.26677 1170   54  189.43219    4.72100  97.5%   7.5 5025s
 869276 788439  143.52317 3289   44  189.43219    4.72100  97.5%   7.5 5033s
 870469 790719  155.45927 3325   42  189.43219    4.72100  97.5%   7.5 5039s
 872874 791768  150.19377 3365   42  189.43219    4.72100  97.5%   7.5 5043s
 873991 793369     cutoff 3367       189.43219    4.72100  97.5%   7.5 5049s
 875694 794576  150.19377 3393   42  189.43219    4.72100  97.5%   7.5 5053s
 877006 795965  150.19377 3409   42  189.43219    4.72100  97.5%   7.5 5080s
 879203 796818  167.86777 3477   43  189.43219    4.72100  97.5%   7.5 5088s
 879779 797346  158.67660 3523   40  189.43219    4.72100  97.5%   7.5 5092s
 880739 798065  150.28699 3565   42  189.43219    4.72100  97.5%   7.5 5096s
 881907 800438  171.33127 3585   38  189.43219    4.72100  97.5%   7.5 5104s
 884645 801706    4.72100  441   58  189.43219    4.72100  97.5%   7.5 5110s
 886007 803564    4.72100  518   58  189.43219    4.72100  97.5%   7.5 5118s
 887963 805387    4.72100  704   58  189.43219    4.72100  97.5%   7.5 5124s
 889910 807315   12.74790 1002   56  189.43219    4.72100  97.5%   7.5 5130s
 891907 808946   19.83860 1217   54  189.43219    4.72100  97.5%   7.5 5157s
 893567 810389   19.83860 1386   54  189.43219    4.72100  97.5%   7.5 5162s
 895060 811957   19.83860 1481   54  189.43219    4.72100  97.5%   7.5 5168s
 896680 812064   19.83860 1557   54  189.43219    4.72100  97.5%   7.5 5172s
 896787 814050   19.83860 1565   54  189.43219    4.72100  97.5%   7.5 5178s
 898863 815310   19.83860 1866   54  189.43219    4.72100  97.5%   7.5 5184s
 900156 816790   19.83860 2155   54  189.43219    4.72100  97.5%   7.4 5188s
 901675 818624   42.54390 2420   48  189.43219    4.72100  97.5%   7.4 5193s
 903588 820139   64.10390 2864   42  189.43219    4.72100  97.5%   7.4 5198s
 905199 820955   83.46723 3266   36  189.43219    4.72100  97.5%   7.4 5203s
 906111 822331   97.66643 3613   33  189.43219    4.72100  97.5%   7.4 5207s
 907596 823826  166.70887 3913   18  189.43219    4.72100  97.5%   7.4 5239s
 909214 825052    4.72100 1129   58  189.43219    4.72100  97.5%   7.4 5244s
 909915 825052 infeasible 1801       189.43219    4.72100  97.5%   7.4 5245s
 910529 827068    5.17559 1359   58  189.43219    4.72100  97.5%   7.4 5251s
 912713 827501    5.17559 1622   58  189.43219    4.72100  97.5%   7.4 5256s
 913210 828766    5.17559 1782   58  189.43219    4.72100  97.5%   7.4 5260s
 914634 830132    5.22374 2052   58  189.43219    4.72100  97.5%   7.4 5265s
 917151 832358   20.58503 2616   54  189.43219    4.72100  97.5%   7.4 5273s
 918604 832750   30.56469 2942   52  189.43219    4.72100  97.5%   7.4 5277s
 919077 833875   30.61814 3112   52  189.43219    4.72100  97.5%   7.4 5281s
 920955 835581   37.51898 3666   54  189.43219    4.72100  97.5%   7.4 5289s
 922076 836809   44.25145 3875   48  189.43219    4.72100  97.5%   7.4 5317s
 923376 838751   58.53856 4173   44  189.43219    4.72100  97.5%   7.4 5324s
 925390 840313   65.17467 4897   42  189.43219    4.72100  97.5%   7.4 5329s
 927000 840321   83.42913 5195   38  189.43219    4.72100  97.5%   7.4 5340s
 927095 840942   83.42913 5217   38  189.43219    4.72100  97.5%   7.4 5346s
 927682 841975   83.42913 5346   38  189.43219    4.72100  97.5%   7.4 5350s
 929593 843191   28.37694 3197   53  189.43219    4.72100  97.5%   7.4 5355s
 929995 844316  120.65462 5844   32  189.43219    4.72100  97.5%   7.4 5360s
 931136 845694  154.35381 6168   26  189.43219    4.72100  97.5%   7.4 5366s
 932635 847444  102.30054  790   56  189.43219    4.72100  97.5%   7.5 5371s
 934799 848712  102.34647 1287   56  189.43219    4.72100  97.5%   7.5 5378s
 935980 849259  117.37831 1712   52  189.43219    4.72100  97.5%   7.5 5381s
 936707 850244  131.43630 1916   48  189.43219    4.72100  97.5%   7.5 5410s
 937913 850876  165.65580 2334   40  189.43219    4.72100  97.5%   7.5 5415s
 938816 851258  176.26613 1057   47  189.43219    4.72100  97.5%   7.5 5421s
 939523 851451     cutoff 1061       189.43219    4.72100  97.5%   7.5 5425s
 940129 852893   11.81170 1059   56  189.43219    4.72100  97.5%   7.5 5432s
 941905 855278  124.38425 1157   56  189.43219    4.72100  97.5%   7.5 5442s
 944442 856158  171.42868 1616   47  189.43219    4.72100  97.5%   7.5 5446s
 945363 858078  122.26407 1240   56  189.43219    4.72100  97.5%   7.5 5454s
 947358 859428  129.55476 1714   55  189.43219    4.72100  97.5%   7.5 5460s
 948813 861077  179.00423  988   50  189.43219    4.72100  97.5%   7.5 5467s
 950762 862942  113.99794 1412   56  189.43219    4.72100  97.5%   7.5 5475s
 952690 864755  129.49668 1771   57  189.43219    4.72100  97.5%   7.5 5503s
 954583 865925  143.81486 2052   50  189.43219    4.72100  97.5%   7.5 5508s
 955786 866441  157.25357 2226   45  189.43219    4.72100  97.5%   7.5 5510s
 956324 868290  159.29587 2233   44  189.43219    4.72100  97.5%   7.5 5515s
 958233 868886  101.75730  358   57  189.43219    4.72100  97.5%   7.5 5521s
 958890 869910  101.75730  376   56  189.43219    4.72100  97.5%   7.5 5525s
 960504 871465  101.75730  414   56  189.43219    4.72100  97.5%   7.5 5533s
 961784 872705  101.75730  443   56  189.43219    4.72100  97.5%   7.5 5538s
 963051 874036  101.75730  466   56  189.43219    4.72100  97.5%   7.5 5544s
 964519 874894  101.75730  501   56  189.43219    4.72100  97.5%   7.5 5551s
 965510 875715  101.75730  535   56  189.43219    4.72100  97.5%   7.5 5555s
 966456 877180  175.57720  549   62  189.43219    4.72100  97.5%   7.5 5560s
 967983 878645  101.75730  563   56  189.43219    4.72100  97.5%   7.5 5589s
 969535 879077  108.84800  582   54  189.43219    4.72100  97.5%   7.5 5592s
 970011 880253  101.79187  591   56  189.43219    4.72100  97.5%   7.5 5597s
 971237 881408  101.79187  625   56  189.43219    4.72100  97.5%   7.5 5604s
 971512 881408  151.25964 2425   44  189.43219    4.72100  97.5%   7.5 5605s
 972506 882636  101.79187  650   56  189.43219    4.72100  97.5%   7.5 5611s
 973984 883081  101.79187  674   56  189.43219    4.72100  97.5%   7.5 5616s
 974487 884857  101.79187  683   56  189.43219    4.72100  97.5%   7.5 5622s
 976370 886419  101.79187  705   56  189.43219    4.72100  97.5%   7.5 5628s
 978069 886769  101.79187  723   56  189.43219    4.72100  97.5%   7.5 5632s
 978437 887853  101.79187  730   56  189.43219    4.72100  97.5%   7.5 5637s
 979585 888912  101.79187  753   56  189.43219    4.72100  97.5%   7.5 5642s
 980749 889608  101.79187  787   56  189.43219    4.72100  97.5%   7.5 5646s
 981760 890154  101.79187  809   56  189.43219    4.72100  97.5%   7.5 5650s
 982623 890683  101.79187  847   56  189.43219    4.72100  97.5%   7.5 5680s
 983371 892957  101.79187  863   56  189.43219    4.72100  97.5%   7.5 5689s
 985893 894271  101.79187  893   56  189.43219    4.72100  97.5%   7.6 5696s
 987381 895605  101.79187  923   56  189.43219    4.72100  97.5%   7.6 5702s
 988997 897059  101.79187  939   56  189.43219    4.72100  97.5%   7.6 5708s
 990672 897676  147.32054  957   54  189.43219    4.72100  97.5%   7.6 5713s
 991428 897959  101.79187  971   56  189.43219    4.72100  97.5%   7.6 5715s
 991786 898985  101.79187  980   56  189.43219    4.72100  97.5%   7.6 5720s
 993036 899414  101.79187  996   56  189.43219    4.72100  97.5%   7.6 5725s
 993667 899962  101.79187 1022   56  189.43219    4.72100  97.5%   7.6 5730s
 994431 900961  101.79187 1058   56  189.43219    4.72100  97.5%   7.6 5735s
 996241 902284  101.79187 1107   56  189.43219    4.72100  97.5%   7.6 5743s
 997148 903670  102.42151 1148   57  189.43219    4.72100  97.5%   7.6 5770s
 998811 904941  121.69681 1207   54  189.43219    4.72100  97.5%   7.6 5775s
 1001173 906571  121.69681 1274   54  189.43219    4.72100  97.5%   7.6 5783s
 1002217 906883  128.62807 1328   52  189.43219    4.72100  97.5%   7.6 5787s
 1002603 907639  135.50614 1348   50  189.43219    4.72100  97.5%   7.6 5791s
 1003584 907963  128.62807 1401   52  189.43219    4.72100  97.5%   7.6 5795s
 1004871 909151  128.62807 1481   52  189.43219    4.72100  97.5%   7.6 5803s
 1005719 909757  128.67800 1513   52  189.43219    4.72100  97.5%   7.6 5808s
 1006553 910245  135.89584 1566   50  189.43219    4.72100  97.5%   7.7 5814s
 1007096 911131  144.17641 1566   48  189.43219    4.72100  97.5%   7.7 5819s
 1008148 911479  144.17641 1611   48  189.43219    4.72100  97.5%   7.7 5822s
 1008528 913639     cutoff 1623       189.43219    4.72100  97.5%   7.7 5829s
 1010760 915733  144.19933 1660   49  189.43219    4.72100  97.5%   7.7 5837s
 1012956 917526  152.39261 1716   46  189.43219    4.72100  97.5%   7.7 5867s
 1014808 918715  169.05717 1778   42  189.43219    4.72100  97.5%   7.7 5874s
 1016018 919659  160.08051 1801   44  189.43219    4.72100  97.5%   7.7 5878s
 1017055 921252  160.08051 1807   44  189.43219    4.72100  97.5%   7.7 5884s
 1018741 922202  167.94047 1845   42  189.43219    4.72100  97.5%   7.7 5888s
 1019785 923197  167.27687 1880   42  189.43219    4.72100  97.5%   7.7 5892s
 1020877 923836     cutoff 1911       189.43219    4.72100  97.5%   7.7 5896s
 1022158 924958  167.27687 1981   42  189.43219    4.72100  97.5%   7.7 5903s
 1022862 925332  174.27874 2016   42  189.43219    4.72100  97.5%   7.7 5906s
 1023293 926124  181.33487 2043   38  189.43219    4.72100  97.5%   7.7 5910s
 1024801 927311  176.31403  917   38  189.43219    4.72100  97.5%   7.7 5919s
 1025744 927808  176.31403  993   38  189.43219    4.72100  97.5%   7.7 5923s
 1026436 928607  176.33062 1060   39  189.43219    4.72100  97.5%   7.7 5928s
 1027338 929155   11.98877 1008   56  189.43219    4.72100  97.5%   7.7 5931s
 1027908 930028   12.56276 1224   57  189.43219    4.72100  97.5%   7.8 5962s
 1028851 931833   12.59723 1630   56  189.43219    4.72100  97.5%   7.8 5969s
 1030748 932930   19.07947 2549   54  189.43219    4.72100  97.5%   7.8 5975s
 1032606 934308   79.73834 3182   51  189.43219    4.72100  97.5%   7.8 5984s
 1033455 935363  142.07700 3371   46  189.43219    4.72100  97.5%   7.8 5989s
 1034589 936313  169.91687 3749   40  189.43219    4.72100  97.5%   7.8 5995s
 1035759 936321  156.99440  351   57  189.43219    4.72100  97.5%   7.8 6008s
 1035767 936421  156.99440  352   57  189.43219    4.72100  97.5%   7.8 6010s
 1035936 937240  156.99440  368   56  189.43219    4.72100  97.5%   7.9 6016s
 1036855 937764  120.87643  905   52  189.43219    4.72100  97.5%   7.9 6023s
 1037513 938530 infeasible  918       189.43219    4.72100  97.5%   7.9 6030s
 1038551 939944     cutoff  957       189.43219    4.72100  97.5%   7.9 6037s
 1040173 941600  102.48923 1263   56  189.43219    4.72100  97.5%   7.9 6045s
 1042150 942935  131.83663 1846   48  189.43219    4.72100  97.5%   7.9 6055s
 1043557 943840  103.85140  973   56  189.43219    4.72100  97.5%   7.9 6089s
 1044587 945407  103.85140 1499   56  189.43219    4.72100  97.5%   7.9 6096s
 1046747 947063  136.18820 2153   51  189.43219    4.72100  97.5%   7.9 6105s
 1048091 948485  163.16577 2555   40  189.43219    4.72100  97.5%   7.9 6112s
 1049623 950091   77.01250 1268   57  189.43219    4.72100  97.5%   7.9 6120s
 1051240 951079   77.01250 1843   57  189.43219    4.72100  97.5%   7.9 6126s
 1052282 952420   92.09027 2088   53  189.43219    4.72100  97.5%   7.9 6133s
 1053705 953698  114.43333 2577   46  189.43219    4.72100  97.5%   7.9 6140s
 1055084 954993  170.95883 3030   34  189.43219    4.72100  97.5%   7.9 6146s
 1056451 955318   66.65923 1408   54  189.43219    4.72100  97.5%   7.9 6150s
 1056784 956816   66.65923 1540   55  189.43219    4.72100  97.5%   7.9 6156s
 1058403 958096   66.71809 2081   57  189.43219    4.72100  97.5%   7.9 6183s
 1059779 959058   92.10377 2415   48  189.43219    4.72100  97.5%   7.9 6189s
 1060866 960661  110.70543 2712   44  189.43219    4.72100  97.5%   7.9 6196s
 1062552 961542  143.43350 3151   36  189.43219    4.72100  97.5%   7.9 6203s
 1063490 963129 infeasible 3455       189.43219    4.72100  97.5%   7.9 6209s
 1065153 963722  169.65000 1481   49  189.43219    4.72100  97.5%   7.9 6213s
 1065898 964974  178.57567  415   50  189.43219    4.72100  97.5%   8.0 6219s
 1067440 965716  166.79900  737   46  189.43219    4.72100  97.5%   8.0 6224s
 1068400 966311  166.86662  829   46  189.43219    4.72100  97.5%   8.0 6227s
 1069082 968803  102.26597  360   57  189.43219    4.72100  97.5%   8.0 6235s
 1071608 970217  102.30054  799   56  189.43219    4.72100  97.5%   8.0 6241s
 1073087 972549  102.30054 1196   56  189.43219    4.72100  97.5%   7.9 6276s
 1075532 973338  124.48977 1563   50  189.43219    4.72100  97.5%   7.9 6281s
 1076339 974509  131.38125 1719   57  189.43219    4.72100  97.5%   7.9 6285s
 1077611 975224  143.73760 1894   44  189.43219    4.72100  97.5%   7.9 6290s
 1079692 978083  159.79953 2180   40  189.43219    4.72100  97.5%   7.9 6299s
 1080707 978083   11.81170 1281   56  189.43219    4.72100  97.5%   7.9 6300s
 1081570 979913  174.53887 2345   36  189.43219    4.72100  97.5%   7.9 6308s
 1083402 981594  122.26407 1278   56  189.43219    4.72100  97.5%   7.9 6314s
 1085090 983155  122.26407 1568   56  189.43219    4.72100  97.5%   7.9 6320s
 1086685 984235  129.26593 1831   54  189.43219    4.72100  97.5%   7.9 6326s
 1087784 986824  140.38540 2008   52  189.43219    4.72100  97.5%   7.9 6355s
 1091324 989089  176.75137 2604   42  189.43219    4.72100  97.5%   7.9 6364s
 1092807 989944   69.92180 1019   56  189.43219    4.72100  97.5%   7.9 6368s
 1093695 991190   70.37639 1203   56  189.43219    4.72100  97.5%   7.9 6373s
 1094948 992991   70.37639 1445   56  189.43219    4.72100  97.5%   7.9 6379s
 1096774 994188   70.37639 1754   56  189.43219    4.72100  97.5%   7.9 6384s
 1098023 995362   70.41910 2028   57  189.43219    4.72100  97.5%   7.9 6390s
 1099219 995974   78.52346 2102   63  189.43219    4.72100  97.5%   7.9 6395s
 1100721 997762   85.51993 2284   52  189.43219    4.72100  97.5%   7.8 6403s
 1101758 999161   85.57536 2454   52  189.43219    4.72100  97.5%   7.8 6408s
 1103245 1002083   99.73955 2626   50  189.43219    4.72100  97.5%   7.8 6445s
 1106319 1002813  130.39407 3015   40  189.43219    4.72100  97.5%   7.8 6450s
 1107085 1003504  137.32613 3053   38  189.43219    4.72100  97.5%   7.8 6455s
 1108781 1005572  151.65650 3166   34  189.43219    4.72100  97.5%   7.8 6463s
 1109920 1007145  159.62327 3303   32  189.43219    4.72100  97.5%   7.8 6468s
 1111578 1007988  155.57757 1093   56  189.43219    4.72100  97.5%   7.8 6472s
 1112537 1008751  177.65023 1219   50  189.43219    4.72100  97.5%   7.8 6477s
 1113440 1010049  177.65023 1315   50  189.43219    4.72100  97.5%   7.8 6482s
 1114889 1011590  177.65023 1471   50  189.43219    4.72100  97.5%   7.8 6488s
 1116519 1012482  123.59557  870   54  189.43219    4.72100  97.5%   7.8 6493s
 1117453 1013834   54.39873  906   56  189.43219    4.72100  97.5%   7.8 6498s
 1118821 1016391   54.83087 1141   57  189.43219    4.72100  97.5%   7.8 6530s
 1121491 1017640   54.85333 1694   56  189.43219    4.72100  97.5%   7.8 6535s
 1123781 1019871   54.85333 2179   56  189.43219    4.72100  97.5%   7.8 6544s
 1125065 1020742   61.85519 2362   54  189.43219    4.72100  97.5%   7.8 6550s
 1125983 1021432   61.88835 2455   59  189.43219    4.72100  97.5%   7.7 6556s
 1126718 1022488   69.99686 2493   54  189.43219    4.72100  97.5%   7.7 6560s
 1127800 1023582   70.07099 2643   53  189.43219    4.72100  97.5%   7.7 6565s
 1128940 1024953   81.71786 2832   50  189.43219    4.72100  97.5%   7.7 6571s
 1130418 1026264   96.04613 3012   47  189.43219    4.72100  97.5%   7.7 6577s
 1131890 1026976  109.52725 3292   50  189.43219    4.72100  97.5%   7.7 6583s
 1132688 1027970  137.07183 3402   38  189.43219    4.72100  97.5%   7.7 6587s
 1133771 1030753  171.58137 3510   33  189.43219    4.72100  97.5%   7.7 6623s
 1136840 1031500  150.72320 1136   50  189.43219    4.72100  97.5%   7.7 6627s
 1137643 1032277  157.73100 1273   48  189.43219    4.72100  97.5%   7.7 6632s
 1138501 1033535  180.58802 1444   43  189.43219    4.72100  97.5%   7.7 6637s
 1139899 1034156   11.81170 1222   56  189.43219    4.72100  97.5%   7.7 6641s
 1140899 1036201   11.81170 1416   56  189.43219    4.72100  97.5%   7.7 6649s
 1142720 1037652   11.81170 1799   56  189.43219    4.72100  97.5%   7.7 6655s
 1144275 1038081   18.81950 2158   54  189.43219    4.72100  97.5%   7.7 6661s
 1144718 1039308   25.75560 2216   52  189.43219    4.72100  97.5%   7.7 6666s
 1146023 1040948   53.70913 2451   44  189.43219    4.72100  97.5%   7.7 6673s
 1147729 1042762  101.27793 2822   34  189.43219    4.72100  97.5%   7.7 6681s
 1149610 1045648  115.07117 3209   31  189.43219    4.72100  97.5%   7.7 6715s
 1152607 1046830  121.11573  637   57  189.43219    4.72100  97.5%   7.7 6721s
 1153836 1047767  121.11573  654   56  189.43219    4.72100  97.5%   7.7 6725s
 1154794 1049240  121.11573  667   56  189.43219    4.72100  97.5%   7.7 6732s
 1156288 1050153  121.11573  680   56  189.43219    4.72100  97.5%   7.7 6736s
 1157213 1050834  121.11573  687   56  189.43219    4.72100  97.5%   7.6 6740s
 1157977 1051769  121.11573  709   56  189.43219    4.72100  97.5%   7.6 6747s
 1158935 1052571  121.11573  716   56  189.43219    4.72100  97.5%   7.6 6751s
 1159844 1053881 infeasible  736       189.43219    4.72100  97.5%   7.6 6757s
 1161278 1054607  121.11573  760   56  189.43219    4.72100  97.5%   7.6 6761s
 1162093 1055579  121.11573  774   56  189.43219    4.72100  97.5%   7.6 6765s
 1163169 1056432  121.11573  797   56  189.43219    4.72100  97.5%   7.6 6770s
 1164196 1057844  121.11573  821   56  189.43219    4.72100  97.5%   7.6 6804s
 1165698 1059742  121.11573  847   56  189.43219    4.72100  97.5%   7.6 6815s
 1167701 1061456  121.11573  862   56  189.43219    4.72100  97.5%   7.6 6823s
 1169467 1063017  121.11573  877   56  189.43219    4.72100  97.5%   7.6 6830s
 1171066 1063653  121.11573  890   56  189.43219    4.72100  97.5%   7.6 6835s
 1172597 1066316  121.11573  906   56  189.43219    4.72100  97.5%   7.6 6846s
 1174468 1067969  121.11573  920   56  189.43219    4.72100  97.5%   7.6 6855s
 1176181 1069339  121.11573  930   56  189.43219    4.72100  97.5%   7.6 6862s
 1177603 1070275  121.11573  941   56  189.43219    4.72100  97.5%   7.6 6869s
 1178566 1070594  174.66447  948   54  189.43219    4.72100  97.5%   7.6 6872s
 1178908 1072744  174.66447  951   54  189.43219    4.72100  97.5%   7.6 6903s
 1181155 1074236  121.11573  976   56  189.43219    4.72100  97.5%   7.6 6910s
 1182709 1075592  121.11573  992   56  189.43219    4.72100  97.5%   7.6 6918s
 1184164 1076271  121.11573 1004   56  189.43219    4.72100  97.5%   7.6 6924s
 1184906 1076755  121.11573 1009   56  189.43219    4.72100  97.5%   7.6 6930s
 1185427 1078262  177.58583 1016   54  189.43219    4.72100  97.5%   7.6 6937s
 1187017 1078612  121.11573 1027   56  189.43219    4.72100  97.5%   7.6 6940s
 1187399 1079738  177.58583 1030   54  189.43219    4.72100  97.5%   7.6 6945s
 1188594 1081393  121.11573 1042   56  189.43219    4.72100  97.5%   7.6 6953s
 1190311 1081988  121.11573 1057   56  189.43219    4.72100  97.5%   7.6 6959s
 1190973 1083465  121.11573 1065   56  189.43219    4.72100  97.5%   7.6 6966s
 1192583 1084509  121.11573 1078   56  189.43219    4.72100  97.5%   7.6 6972s
 1193676 1086537  175.43913 1086   54  189.43219    4.72100  97.5%   7.6 7008s
 1195815 1087770  127.85696 1136   54  189.43219    4.72100  97.5%   7.6 7016s
 1197096 1089185  127.85696 1163   54  189.43219    4.72100  97.5%   7.6 7023s
 1198632 1089942  135.05333 1192   52  189.43219    4.72100  97.5%   7.6 7027s
 1199441 1091062  135.45753 1211   52  189.43219    4.72100  97.5%   7.6 7034s
 1200680 1092415  127.85696 1244   54  189.43219    4.72100  97.5%   7.6 7042s
 1202205 1092856  127.85696 1284   54  189.43219    4.72100  97.5%   7.6 7048s
 1202737 1093770  127.85696 1294   54  189.43219    4.72100  97.5%   7.6 7054s
 1203837 1094652  127.85696 1331   54  189.43219    4.72100  97.5%   7.5 7060s
 1204851 1095421  127.85696 1360   54  189.43219    4.72100  97.5%   7.5 7067s
 1205662 1096569  135.06043 1386   52  189.43219    4.72100  97.5%   7.5 7074s
 1206886 1097025  133.23609 1426   52  189.43219    4.72100  97.5%   7.5 7077s
 1207411 1097767  127.85696 1442   54  189.43219    4.72100  97.5%   7.5 7081s
 1208247 1098982  127.85696 1474   54  189.43219    4.72100  97.5%   7.5 7113s
 1209543 1100212  127.86461 1513   59  189.43219    4.72100  97.5%   7.6 7121s
 1210904 1101104  135.99863 1550   52  189.43219    4.72100  97.5%   7.6 7129s
 1211964 1102070  135.99863 1585   52  189.43219    4.72100  97.5%   7.6 7136s
 1213085 1102692  145.97829 1635   51  189.43219    4.72100  97.5%   7.6 7141s
 1213790 1103479  143.00049 1656   50  189.43219    4.72100  97.5%   7.6 7147s
 1214748 1104024  143.00049 1719   50  189.43219    4.72100  97.5%   7.6 7154s
 1215470 1105296  148.43353 1761   48  189.43219    4.72100  97.5%   7.6 7162s
 1217036 1106289  143.00049 1825   50  189.43219    4.72100  97.5%   7.6 7173s
 1218258 1107745  143.10443 1874   50  189.43219    4.72100  97.5%   7.6 7182s
 1219858 1109335  148.59956 1928   48  189.43219    4.72100  97.5%   7.6 7192s
 1221571 1109742   72.12327  940   56  189.43219    4.72100  97.5%   7.6 7197s
 1221986 1110231   72.12327 1009   56  189.43219    4.72100  97.5%   7.6 7200s

Cutting planes:
  Gomory: 41
  Implied bound: 134
  Projected implied bound: 238
  MIR: 9
  Flow cover: 234
  Relax-and-lift: 1674

Explored 1222521 nodes (9303238 simplex iterations) in 7200.84 seconds (5069.25 work units)
Thread count was 16 (of 16 available processors)

Solution count 10: 189.432 189.438 189.438 ... 189.438

Time limit reached
Best objective 1.894321911598e+02, best bound 4.720999999994e+00, gap 97.5078%

User-callback calls 2918608, time in user-callback 7.98 sec
