
Gurobi 10.0.1 (win64) logging started Sun Sep 21 15:52:01 2025

Set parameter LogFile to value "log_group_6/bound_Expr308_s5_l1051_s11_e12_o20_d40_t60_s13_0_0_0_0.log"
Gurobi Optimizer version 10.0.1 build v10.0.1rc0 (win64)

CPU model: Intel(R) Core(TM) i7-10700 CPU @ 2.90GHz, instruction set [SSE2|AVX|AVX2]
Thread count: 8 physical cores, 16 logical processors, using up to 16 threads

Optimize a model with 155825 rows, 155310 columns and 1243970 nonzeros
Model fingerprint: 0xe37d8bfc
Variable types: 310 continuous, 155000 integer (155000 binary)
Coefficient statistics:
  Matrix range     [1e+00, 9e+02]
  Objective range  [1e+00, 1e+00]
  Bounds range     [1e+00, 1e+03]
  RHS range        [1e+00, 9e+02]
Presolve removed 148810 rows and 148790 columns
Presolve time: 0.74s
Presolved: 7015 rows, 6520 columns, 44365 nonzeros
Variable types: 270 continuous, 6250 integer (6250 binary)
Found heuristic solution: objective 718.9568667

Root relaxation: objective 0.000000e+00, 1516 iterations, 0.05 seconds (0.08 work units)

    Nodes    |    Current Node    |     Objective Bounds      |     Work
 Expl Unexpl |  Obj  Depth IntInf | Incumbent    BestBd   Gap | It/Node Time

     0     0    0.00000    0   40  718.95687    0.00000   100%     -    1s
     0     0    0.00000    0   54  718.95687    0.00000   100%     -    1s
H    0     0                     298.0799333    0.00000   100%     -    1s
     0     0    0.00000    0   54  298.07993    0.00000   100%     -    1s
H    0     0                     268.9922667    0.00000   100%     -    1s
H    0     0                     244.7315000    0.00000   100%     -    1s
H    0     0                     164.4935333    0.00000   100%     -    1s
     0     0    0.00000    0   40  164.49353    0.00000   100%     -    1s
     0     0    0.00000    0   40  164.49353    0.00000   100%     -    1s
     0     0    0.00000    0   41  164.49353    0.00000   100%     -    1s
     0     0    0.00000    0   41  164.49353    0.00000   100%     -    1s
     0     0    0.00000    0   40  164.49353    0.00000   100%     -    1s
     0     0    0.00000    0   41  164.49353    0.00000   100%     -    1s
     0     0    0.00000    0   41  164.49353    0.00000   100%     -    1s
     0     0    0.00000    0   41  164.49353    0.00000   100%     -    1s
     0     0    0.00000    0   42  164.49353    0.00000   100%     -    2s
     0     0    0.00000    0   42  164.49353    0.00000   100%     -    2s
H    0     0                     155.9645333    0.00000   100%     -    2s
H    0     0                     133.4551000    0.00000   100%     -    2s
     0     0    0.00000    0   46  133.45510    0.00000   100%     -    2s
     0     0    0.00000    0   46  133.45510    0.00000   100%     -    2s
H    0     0                     129.2981667    0.00000   100%     -    2s
H    0     0                     128.5415000    0.00000   100%     -    2s
H    0     0                     127.2154000    0.00000   100%     -    2s
H    0     0                     121.8794000    0.00000   100%     -    2s
     0     0    0.00000    0   41  121.87940    0.00000   100%     -    2s
     0     0    0.00000    0   42  121.87940    0.00000   100%     -    2s
     0     0    0.00000    0   41  121.87940    0.00000   100%     -    2s
     0     0   11.37380    0   34  121.87940   11.37380  90.7%     -    4s
     0     0   11.37380    0   48  121.87940   11.37380  90.7%     -    4s
     0     0   11.37380    0   47  121.87940   11.37380  90.7%     -    4s
     0     0   11.37380    0   45  121.87940   11.37380  90.7%     -    5s
     0     0   11.37380    0   35  121.87940   11.37380  90.7%     -    5s
     0     0   11.37380    0   34  121.87940   11.37380  90.7%     -    5s
     0     0   11.37380    0   34  121.87940   11.37380  90.7%     -    5s
     0     0   11.37380    0   35  121.87940   11.37380  90.7%     -    6s
     0     0   11.37380    0   35  121.87940   11.37380  90.7%     -    6s
H    0     2                     121.8794000   11.37380  90.7%     -    6s
     0     2   11.37380    0   34  121.87940   11.37380  90.7%     -    6s
H   27    13                     121.8794000   11.37380  90.7%  59.2    7s
H   30    13                     121.8560000   11.37380  90.7%  69.4    7s
H   34    16                     121.8209000   11.37380  90.7%  75.9    7s
  1067   634   11.37380  131   34  121.82090   11.37380  90.7%   9.3   10s
  5838  4369  113.58023  309   41  121.82090   11.37380  90.7%   5.3   18s
  5841  4371   90.40640  747   37  121.82090   17.24723  85.8%   5.3   20s
H 5849  4157                     121.8208990   35.52738  70.8%   5.3   22s
  5855  4161   77.18010  204   29  121.82090   40.63193  66.6%   5.3   25s
  5862  4166   51.29102   51   30  121.82090   51.29102  57.9%   5.3   30s
H 5866  3960                     121.8208961   56.61837  53.5%   5.3   32s
  5873  3966  113.58023  401   41  121.82090   65.44822  46.3%   6.2   36s
  5899  3984  113.58023  441   66  121.82090   83.90649  31.1%   6.7   40s
  5931  4007   90.93147  216   25  121.82090   90.93147  25.4%   7.3   45s
  5971  4034   93.56173  374   26  121.82090   93.56173  23.2%   7.3   50s
  6004  4059   96.76983  526   31  121.82090   94.56370  22.4%   8.3   55s
  8462  5088   95.03428  197   24  121.82090   94.83427  22.2%   8.7   60s

Cutting planes:
  Gomory: 4
  Implied bound: 3
  Projected implied bound: 4
  MIR: 15
  Flow cover: 17
  Relax-and-lift: 854

Explored 8551 nodes (81173 simplex iterations) in 60.03 seconds (75.77 work units)
Thread count was 16 (of 16 available processors)

Solution count 10: 121.821 121.821 121.821 ... 129.298

Time limit reached
Best objective 1.218208960644e+02, best bound 9.483426850064e+01, gap 22.1527%

User-callback calls 26362, time in user-callback 0.06 sec
