
Gurobi 12.0.1 (win64) logging started Mon Sep 22 17:14:43 2025

Set parameter LogFile to value "log_group_6/bound_Expr111_s8_l1051_s11_e12_o60_d120_t7200_s41_1_1_1_1.log"
Gurobi Optimizer version 12.0.1 build v12.0.1rc0 (win64 - Windows Server 2022.0 (20348.2))

CPU model: Intel(R) Xeon(R) Gold 6336Y CPU @ 2.40GHz, instruction set [SSE2|AVX|AVX2|AVX512]
Thread count: 48 physical cores, 96 logical processors, using up to 32 threads

Non-default parameters:
TimeLimit  7200
LazyConstraints  1

Optimize a model with 1519540 rows, 1488580 columns and 20078204 nonzeros
Model fingerprint: 0xd4aac897
Variable types: 580 continuous, 1488000 integer (1488000 binary)
Coefficient statistics:
  Matrix range     [5e-01, 9e+02]
  Objective range  [1e+00, 1e+00]
  Bounds range     [1e+00, 1e+03]
  RHS range        [5e-01, 9e+02]
Presolve removed 1490544 rows and 1461200 columns (presolve time = 5s)...
Presolve removed 1490544 rows and 1461200 columns
Presolve time: 5.20s
Presolved: 28996 rows, 27380 columns, 313516 nonzeros
Variable types: 580 continuous, 26800 integer (26800 binary)
Performing another presolve...
Presolve removed 10385 rows and 9804 columns
Presolve time: 0.35s
Found heuristic solution: objective 6881.6263667
Root relaxation presolved: 18611 rows, 17576 columns, 167346 nonzeros

Deterministic concurrent LP optimizer: primal and dual simplex
Showing primal log only...


Root simplex log...

Iteration    Objective       Primal Inf.    Dual Inf.      Time
       0    1.9928870e+02   1.353616e+03   2.325727e+09     10s
    2626    1.9928870e+02   0.000000e+00   0.000000e+00     10s
Concurrent spin time: 0.00s

Solved with primal simplex

Root relaxation: objective 1.992887e+02, 2626 iterations, 0.54 seconds (0.48 work units)
Total elapsed time = 10.00s (DegenMoves)

    Nodes    |    Current Node    |     Objective Bounds      |     Work
 Expl Unexpl |  Obj  Depth IntInf | Incumbent    BestBd   Gap | It/Node Time

     0     0  199.28870    0  152 6881.62637  199.28870  97.1%     -   11s
H    0     0                    6805.8598667  199.28870  97.1%     -   13s
H    0     0                    6780.8598667  199.28870  97.1%     -   13s
H    0     0                    6560.5896000  199.28870  97.0%     -   13s
H    0     0                    6243.1622667  199.28870  96.8%     -   14s
H    0     0                    3390.6627667  199.28870  94.1%     -   14s
H    0     0                    3274.9356667  199.28870  93.9%     -   14s
H    0     0                    3265.9534667  199.28870  93.9%     -   14s
H    0     0                    3218.3080667  199.28870  93.8%     -   14s
H    0     0                    3114.1495000  199.28870  93.6%     -   14s
H    0     0                    3101.1495000  199.28870  93.6%     -   15s
H    0     0                    3066.4952000  199.28870  93.5%     -   15s
     0     0  199.28870    0  381 3066.49520  199.28870  93.5%     -   17s
H    0     0                    3036.7228000  199.28870  93.4%     -   17s
H    0     0                    2934.3710667  199.28870  93.2%     -   18s
H    0     0                    2881.0987667  199.28870  93.1%     -   18s
H    0     0                    2772.1260000  199.28870  92.8%     -   18s
H    0     0                    2712.6957333  199.28870  92.7%     -   18s
H    0     0                    2706.2614333  199.28870  92.6%     -   18s
H    0     0                    2648.5888000  199.28870  92.5%     -   18s
H    0     0                    2617.2158000  199.28870  92.4%     -   18s
H    0     0                    2611.8282000  199.28870  92.4%     -   18s
H    0     0                    2516.9818000  199.28870  92.1%     -   18s
H    0     0                    2490.2079000  199.28870  92.0%     -   19s
H    0     0                    2464.5551333  199.28870  91.9%     -   19s
H    0     0                    2385.3968333  199.28870  91.6%     -   19s
     0     0  199.28870    0  348 2385.39683  199.28870  91.6%     -   19s
     0     0  199.28870    0  140 2385.39683  199.28870  91.6%     -   30s
     0     0  199.28870    0  189 2385.39683  199.28870  91.6%     -   34s
H    0     0                    2372.9822333  199.28870  91.6%     -   34s
H    0     0                    2182.9682333  199.28870  90.9%     -   36s
H    0     0                    2101.7307667  199.28870  90.5%     -   36s
H    0     0                    1911.5225333  199.28870  89.6%     -   37s
H    0     0                    1854.3557667  199.28870  89.3%     -   37s
H    0     0                    1813.6793667  199.28870  89.0%     -   37s
H    0     0                    1727.4959333  199.28870  88.5%     -   37s
H    0     0                    1726.2524000  199.28870  88.5%     -   37s
H    0     0                    1723.5752000  199.28870  88.4%     -   37s
H    0     0                    1693.8786000  199.28870  88.2%     -   37s
     0     0  199.63591    0  146 1693.87860  199.63591  88.2%     -   38s
     0     0  202.35859    0  194 1693.87860  202.35859  88.1%     -   42s
     0     0  202.41901    0  197 1693.87860  202.41901  88.0%     -   42s
     0     0  202.41901    0  215 1693.87860  202.41901  88.0%     -   42s
     0     0  204.13008    0  335 1693.87860  204.13008  87.9%     -   43s
     0     0  204.13008    0  359 1693.87860  204.13008  87.9%     -   44s
     0     0  204.16178    0  435 1693.87860  204.16178  87.9%     -   45s
     0     0  205.01124    0  495 1693.87860  205.01124  87.9%     -   46s
     0     0  206.11670    0  540 1693.87860  206.11670  87.8%     -   47s
     0     0  206.11670    0  528 1693.87860  206.11670  87.8%     -   48s
     0     0  206.11670    0  576 1693.87860  206.11670  87.8%     -   49s
     0     0  206.11670    0  615 1693.87860  206.11670  87.8%     -   51s
     0     0  206.11670    0  627 1693.87860  206.11670  87.8%     -   53s
     0     0  206.11670    0  657 1693.87860  206.11670  87.8%     -   55s
     0     0  206.11670    0  158 1693.87860  206.11670  87.8%     -   63s
H    0     0                    1681.1595000  206.11670  87.7%     -   65s
H    0     0                    1492.8202667  206.11670  86.2%     -   65s
H    0     0                    1471.9992000  206.11670  86.0%     -   66s
H    0     0                    1360.1646000  206.11670  84.8%     -   66s
     0     0  206.11670    0  189 1360.16460  206.11670  84.8%     -   68s
     0     0  206.11670    0  171 1360.16460  206.11670  84.8%     -   71s
     0     0  206.11670    0  164 1360.16460  206.11670  84.8%     -   73s
     0     2  206.11670    0  148 1360.16460  206.11670  84.8%     -   79s
     3     8  206.11670    2  334 1360.16460  206.11670  84.8%  2504   80s
    31    58  207.10800    5  319 1360.16460  206.11670  84.8%  1387   88s
    61    90  207.10800    6  263 1360.16460  206.65454  84.8%  1195   92s
H   66    90                    1325.5042000  206.65454  84.4%  1277   92s
H   90    90                    1298.6382667  207.10800  84.1%  1415   92s
    93   122  207.25934    7  207 1298.63827  207.10800  84.1%  1567   96s
H  120   122                    1276.1478333  207.10800  83.8%  1579   96s
H  125   154                    1181.6782333  207.10800  82.5%  1581   99s
H  126   154                    1141.3547000  207.10800  81.9%  1571   99s
H  134   154                    1090.8380000  207.10800  81.0%  1498   99s
H  152   154                    1045.4821000  207.10800  80.2%  1358   99s
   157   186  209.94367    9  197 1045.48210  207.10800  80.2%  1317  103s
H  164   186                     926.0336333  207.10800  77.6%  1269  103s
H  168   186                     823.9747667  207.10800  74.9%  1242  103s
H  184   186                     816.8419667  207.10800  74.6%  1172  103s
   189   303  209.94367   10  215  816.84197  207.10800  74.6%  1150  107s
   306   394  209.94367   12  315  816.84197  207.10800  74.6%   840  110s
H  505   501                     810.8419667  207.10800  74.5%   689  114s
   516   602  291.14543   15  228  810.84197  207.10800  74.5%   689  116s
   703   774  216.16933   17  251  810.84197  207.10800  74.5%   614  121s
   900   886  216.16933   20  249  810.84197  207.10800  74.5%   524  128s
H  901   886                     810.6231333  207.10800  74.5%   524  128s
H  911   886                     770.3417000  207.10800  73.1%   527  128s
H  920   886                     763.4378000  207.10800  72.9%   525  128s
   941   907  216.16933   21  257  763.43780  207.10800  72.9%   517  131s
H  946   907                     710.7775000  207.10800  70.9%   520  131s
  1138  1159  216.16933   25  242  710.77750  207.10800  70.9%   470  137s
H 1199  1159                     709.1411000  207.10800  70.8%   468  137s
  1264  1178  247.20462   26  335  709.14110  207.10800  70.8%   460  142s
  1301  1189  561.12875   26  238  709.14110  207.10800  70.8%   536  145s
H 1309  1189                     701.3204333  207.10800  70.5%   552  145s
H 1319  1189                     657.2998000  207.10800  68.5%   571  145s
  1401  1185     cutoff   27       657.29980  209.94367  68.1%   622  151s
H 1410  1185                     649.3565667  209.94367  67.7%   627  151s
H 1412  1185                     642.9793000  209.94367  67.3%   626  151s
H 1429  1185                     638.3344000  209.94367  67.1%   640  151s
H 1431  1185                     627.0903667  209.94367  66.5%   639  151s
  1551  1231  397.07445   38  278  627.09037  209.94367  66.5%   658  158s
H 1553  1231                     626.1776667  209.94367  66.5%   660  158s
H 1556  1231                     621.5529667  209.94367  66.2%   660  158s
H 1571  1231                     565.1709667  209.94367  62.9%   665  158s
  1590  1416  397.07445   39  277  565.17097  209.94367  62.9%   665  161s
  1813  1713  439.60821   49  254  565.17097  209.94367  62.9%   611  166s
  2146  2059  439.65119   61  241  565.17097  209.94367  62.9%   529  173s
  2531  2345  439.66340   75  242  565.17097  216.16933  61.8%   460  179s
H 2961  2735                     564.1901667  216.16933  61.7%   403  186s
H 3023  2735                     561.9072667  216.16933  61.5%   395  186s
H 3117  2599                     542.0051667  216.16933  60.1%   386  186s
H 3415  2309                     500.3970333  216.16933  56.8%   359  188s
  3416  2275  443.15383   66 8408  500.39703  216.16933  56.8%   359  217s
H 3417  2162                     498.5374333  216.16933  56.6%   359  228s
H 3417  2054                     498.4900333  216.16933  56.6%   359  228s
H 3417  1951                     497.9640000  216.16933  56.6%   359  228s
H 3417  1853                     488.3810000  216.16933  55.7%   359  228s
H 3417  1761                     483.0609240  216.16933  55.3%   359  229s
H 3417  1673                     482.9412240  216.16933  55.2%   359  229s
H 3417  1589                     482.9381379  216.16933  55.2%   359  229s
H 3417  1509                     482.9378333  216.16933  55.2%   359  229s
  3418  1509  462.92837   21  137  482.93783  216.16933  55.2%   359  231s
  3419  1510  389.68915   48  299  482.93783  228.28210  52.7%   359  248s
  3420  1511  316.07463   79  245  482.93783  249.50644  48.3%   359  250s
  3423  1513  319.35533    7  272  482.93783  255.69008  47.1%   359  257s
  3424  1513  474.41322   28  342  482.93783  256.50588  46.9%   359  260s
H 3425  1439                     472.6741333  259.86912  45.0%   358  266s
H 3425  1366                     463.7118333  259.86912  44.0%   358  267s
  3428  1368  338.04220   62  312  463.71183  260.04048  43.9%   358  270s
  3431  1370  266.26433   45  359  463.71183  266.26433  42.6%   358  276s
H 3431  1302                     461.5849333  278.53542  39.7%   358  281s
H 3431  1236                     459.7291667  278.53542  39.4%   358  281s
H 3431  1174                     459.4784667  278.53542  39.4%   358  281s
H 3431  1115                     457.5322000  278.53542  39.1%   358  281s
  3433  1116  387.98507   82  381  457.53220  278.53542  39.1%   358  285s
  3435  1118  289.98457   52  388  457.53220  289.98457  36.6%   357  290s
  3437  1119  344.57883    7  399  457.53220  300.12103  34.4%   357  295s
  3439  1120  309.26843   45  403  457.53220  309.26843  32.4%   357  301s
  3442  1122  383.90699   54  403  457.53220  322.20433  29.6%   357  306s
  3444  1124  413.95373   15  395  457.53220  332.73989  27.3%   356  311s
H 3444  1068                     457.5082000  339.40222  25.8%   356  315s
H 3444  1014                     444.7087000  339.40222  23.7%   356  315s
H 3444   963                     444.6973000  339.40222  23.7%   356  315s
H 3444   914                     444.6733000  339.40222  23.7%   356  315s
H 3444   868                     444.6721000  339.40222  23.7%   356  316s
  3447   870  345.58424   55  390  444.67210  345.58424  22.3%   356  321s
  3449   871  347.90200   33  396  444.67210  347.90200  21.8%   356  325s
  3452   873  437.18680   36  383  444.67210  351.05862  21.1%   356  330s
  3454   874  369.54613   49  380  444.67210  353.76116  20.4%   355  335s
  3456   876  355.48973   33  394  444.67210  355.48973  20.1%   355  340s
  3459   878  357.09159   37  383  444.67210  357.09159  19.7%   355  347s
H 3459   833                     444.6696991  357.92343  19.5%   355  351s
H 3459   791                     444.6684991  357.92343  19.5%   355  351s
H 3459   750                     444.6684987  357.92343  19.5%   355  351s
  3460   750  380.34530   51  388  444.66850  357.92343  19.5%   355  355s
  3463   752  403.58185   40  389  444.66850  359.08784  19.2%   354  360s
  3465   754  438.87180   50  340  444.66850  360.57794  18.9%   354  365s
  3468   756  395.05257   73  354  444.66850  362.45438  18.5%   354  372s
  3470   757  363.00052   12  332  444.66850  363.00052  18.4%   354  376s
  3472   758  363.79281   91  341  444.66850  363.79281  18.2%   354  380s
  3476   762  363.93731    9 7966  444.66850  363.93731  18.2%   369  403s
  3478   763  444.66850   67  215  444.66850  363.93731  18.2%   369  414s
  3479   764  363.93731   53  449  444.66850  363.93731  18.2%   368  420s
  3482   766  363.93731   38  572  444.66850  363.93731  18.2%   368  425s
  3486   769  444.66850  101  612  444.66850  364.04487  18.1%   368  430s
  3490   771  369.54613   68  535  444.66850  364.19382  18.1%   367  437s
  3491   772  364.19382   14  535  444.66850  364.19382  18.1%   367  459s
  3492   774  364.19382   25  535  444.66850  364.19382  18.1%   377  462s
  3496   772  364.20164   27  531  444.66850  364.20164  18.1%   378  466s
  3506   769  364.20164   32  531  444.66850  364.20164  18.1%   383  470s
H 3518   736                     419.9927000  364.20164  13.3%   386  476s
  3552   728  364.20164   41  532  419.99270  364.20164  13.3%   389  481s
H 3564   699                     404.7035000  364.20164  10.0%   389  483s
  3596   666  364.20322   43  528  404.70350  364.20322  10.0%   387  485s
H 3609   627                     404.7034973  364.20322  10.0%   387  485s
  3665   611 infeasible   49       404.70350  364.59248  9.91%   389  491s
  3731   628  364.91422   53  537  404.70350  364.64860  9.90%   387  496s
  3856   632  364.64860   33 5004  404.70350  364.64860  9.90%   382  521s
  3858   633  364.64860    7  176  404.70350  364.64860  9.90%   382  532s
  3860   635  380.34530   51  217  404.70350  364.64860  9.90%   382  537s
  3861   635  364.64860   13  567  404.70350  364.64860  9.90%   382  540s
  3865   638  404.70350   50  616  404.70350  364.64860  9.90%   381  546s
  3868   640  395.05257   73  616  404.70350  364.75361  9.87%   381  550s
  3872   643  364.75363   91  560  404.70350  364.75363  9.87%   381  557s
  3873   643  404.70350   33  560  404.70350  364.75363  9.87%   381  564s
  3874   645  364.75363   14 4350  404.70350  364.75363  9.87%   391  570s
  3876   646  364.75363    9  211  404.70350  364.75363  9.87%   391  578s
  3877   647  404.70350   81  333  404.70350  364.75363  9.87%   391  582s
  3878   648  404.70350   67  251  404.70350  364.75363  9.87%   391  586s
  3883   651  364.92617   18  484  404.70350  364.92617  9.83%   390  591s
  3887   654  365.02327   20  546  404.70350  365.02327  9.80%   390  596s
H 3887   621                     404.6554996  365.02384  9.79%   390  596s
  3892   624  365.22492   23  539  404.65550  365.22492  9.74%   389  602s
H 3892   592                     404.6554981  365.22492  9.74%   389  605s
  3894   595  365.22492   20 3780  404.65550  365.22492  9.74%   397  612s
  3896   596  365.22492   14  181  404.65550  365.22492  9.74%   397  617s
  3898   598  365.22492   40  311  404.65550  365.22492  9.74%   397  620s
  3902   600  365.22492   80  515  404.65550  365.22492  9.74%   397  625s
  3903   601  365.22492   53  546  404.65550  365.22492  9.74%   397  630s
  3908   604  404.65550   27  534  404.65550  365.22492  9.74%   396  635s
  3913   609  369.54613   66 3478  404.65550  365.22813  9.74%   403  646s
  3915   610  365.22813   17  176  404.65550  365.22813  9.74%   402  651s
  3919   613  389.68915   48  523  404.65550  365.22813  9.74%   402  655s
  3924   616  404.65550   28  549  404.65550  365.22813  9.74%   402  660s
  3929   620  365.23611   45  477  404.65550  365.23611  9.74%   401  666s
  3930   620  404.65550   10  477  404.65550  365.23611  9.74%   401  670s
  3945   635  365.23611   73  477  404.65550  365.23611  9.74%   407  677s
  3977   641  365.23611   75  477  404.65550  365.23611  9.74%   408  680s
  4238   782 infeasible   78       404.65550  365.23631  9.74%   393  685s
  4309   775  365.23641   79  356  404.65550  365.23631  9.74%   387  691s
H 4364   745                     404.1645662  365.23631  9.63%   387  692s
H 4375   711                     404.1165662  365.23631  9.62%   387  692s
  4423   738  365.30275   80  287  404.11657  365.23631  9.62%   387  696s
H 4473   719                     404.1165648  365.23631  9.62%   388  697s
  4595   782  365.30389   83  230  404.11656  365.23636  9.62%   383  700s
  4773   798  365.30389   85  197  404.11656  365.23636  9.62%   377  705s
  4917   822  366.13840   87  240  404.11656  365.23663  9.62%   373  710s
  5008   833  365.30399   89  178  404.11656  365.23663  9.62%   369  715s
  5177   848  382.24179   91  289  404.11656  365.23663  9.62%   363  720s
  5253   839  365.30399   92  180  404.11656  365.23663  9.62%   359  726s
  5410   860  365.30399   95  177  404.11656  365.23663  9.62%   352  730s
  5581   891  378.16262   99  209  404.11656  365.23797  9.62%   347  736s
  5740   914     cutoff  102       404.11656  365.23797  9.62%   341  743s
  5839   992     cutoff  105       404.11656  365.23852  9.62%   340  745s
  6260  1119  394.34263  114  215  404.11656  365.23852  9.62%   327  751s
  6353  1182  394.36502  117  215  404.11656  365.23852  9.62%   324  762s
  6483  1307  394.36502  119  199  404.11656  365.23852  9.62%   320  766s
  6930  1608  396.66482  136  132  404.11656  365.25043  9.62%   307  774s
  7343  1935  398.13626  154  113  404.11656  365.25043  9.62%   295  780s
  7821  1956  395.41091  100  295  404.11656  365.25043  9.62%   281  790s
H 7824  1955                     404.0457648  365.25043  9.60%   281  790s
  8171  2515  402.42215  208  110  404.04576  365.25043  9.60%   273  801s
  8805  2920  385.35857   98  319  404.04576  365.26433  9.60%   258  807s
  9482  3119  365.30304   87  313  404.04576  365.26446  9.60%   243  819s
  9796  3537  365.35470   90  257  404.04576  365.26446  9.60%   237  826s
 10435  3978  376.35009   96  297  404.04576  365.26508  9.60%   226  830s
 11198  4011  394.16099  106  211  404.04576  365.30275  9.59%   217  849s
 11245  4022  394.16099  107  204  404.04576  365.30275  9.59%   217  858s
 11306  4056  394.16099  108  203  404.04576  365.30275  9.59%   217  865s
 11364  4073  394.16099  109  185  404.04576  365.30278  9.59%   216  872s
 11427  4108  394.16099  110  174  404.04576  365.30280  9.59%   216  877s
 11478  4142  394.26706  111  245  404.04576  365.30280  9.59%   216  884s
 11538  4169  394.26706  112  231  404.04576  365.30280  9.59%   216  889s
 11623  4239  395.17930  113  190  404.04576  365.30280  9.59%   215  893s
 11743  4311  395.17940  114  178  404.04576  365.30291  9.59%   214  898s
 11877  4610  395.17940  115  169  404.04576  365.30291  9.59%   213  905s
 12325  4996  395.17940  116  168  404.04576  365.30291  9.59%   209  914s
 12867  5154  395.17940  117  169  404.04576  365.30291  9.59%   204  919s
 13102  5779  395.17940  119  165  404.04576  365.30291  9.59%   202  932s
 14047  6427  395.17940  168  107  404.04576  365.30305  9.59%   194  946s
 14973  6625  397.21754  230   89  404.04576  365.30305  9.59%   186  966s
 15452  7041  366.50035   91  270  404.04576  365.30305  9.59%   182  985s
 16260  7239  403.98690  108  121  404.04576  365.30305  9.59%   177  992s
 16641  8255  403.98690  115  100  404.04576  365.30305  9.59%   174 1009s
 18150  9225  403.98690  186   92  404.04576  365.30389  9.59%   164 1024s
 19449 10218  384.63111   94  293  404.04576  365.30399  9.59%   156 1042s
 20788 10223     cutoff   86       404.04576  365.41963  9.56%   149 1050s
 20843 10242  394.86233   89  266  404.04576  365.41963  9.56%   150 1064s
 20887 10261  395.23249   90  228  404.04576  365.41963  9.56%   150 1079s
 20930 10283  395.23249   91  193  404.04576  365.41963  9.56%   150 1091s
 20968 10324  395.23249   92  192  404.04576  365.41963  9.56%   150 1103s
 21041 10386  395.23259   97  151  404.04576  365.41963  9.56%   150 1115s
 21155 10530  395.23259  108  122  404.04576  365.41995  9.56%   150 1124s
 21408 10745  395.23259  128  100  404.04576  365.41995  9.56%   149 1130s
 21741 11989  395.23259  145  110  404.04576  365.41995  9.56%   148 1149s
 23491 12896  382.50847   95  140  404.04576  365.42042  9.56%   141 1166s
*25078 12894             255     404.0330436  365.54971  9.52%   137 1167s
 25162 13131  382.50847  134  129  404.03304  365.54971  9.52%   137 1170s
 25595 14324  390.55484  146  111  404.03304  366.13742  9.38%   136 1191s
 27376 16113  384.76525  183   98  404.03304  366.13742  9.38%   129 1220s
 29811 20116  367.40539  130  110  404.03304  366.13742  9.38%   122 1281s
 34800 21046  367.47535  138  115  404.03304  366.13776  9.38%   108 1295s
 36093 25235  368.34928  186  114  404.03304  366.47363  9.30%   105 1366s
 41732 29919  383.20219  138  115  404.03304  367.35740  9.08%  94.0 1462s
 49064 31829     cutoff  177       404.03304  367.35740  9.08%  82.9 1536s
 52626 35884  370.56002  191  105  404.03304  367.35740  9.08%  78.9 1627s
 58726 42597  369.50739  150  114  404.03304  367.35740  9.08%  72.6 1778s
 68851 48407  392.22805  180  111  404.03304  367.35740  9.08%  64.5 1938s
 79883 49765  377.78929  180  117  404.03304  367.35740  9.08%  58.1 1971s
 82321 57355  367.37702  156  116  404.03304  367.35740  9.08%  57.1 2148s
 93933 62649  386.37591  197  119  404.03304  367.35740  9.08%  52.3 2283s
 103252 68562  400.99287  154   79  404.03304  367.35740  9.08%  49.6 2415s
 112500 73728  371.36909  153  116  404.03304  367.35740  9.08%  47.5 2552s
 120286 79164  369.72488  177  112  404.03304  367.35740  9.08%  45.7 2677s
 128728 84434  400.80966  182  100  404.03304  367.35740  9.08%  44.3 2799s
 137068 88530  381.20517  163  115  404.03304  367.35740  9.08%  43.0 2916s
 144052 93846  401.60479  187   92  404.03304  367.35740  9.08%  41.9 3037s
 152219 97154  383.61491  174  126  404.03304  367.35740  9.08%  40.7 3134s
 157368 97264  370.82256  193  119  404.03304  367.35740  9.08%  40.1 3167s
 157539 98118  370.82256  194  119  404.03304  367.35740  9.08%  40.1 3194s
 158959 103182  390.42083  226  111  404.03304  367.35740  9.08%  39.9 3319s
 166824 107303  371.36999  185  116  404.03304  367.35740  9.08%  39.0 3460s
 173688 111056  372.17680  182  116  404.03304  367.35740  9.08%  38.3 3579s
 176545 111056  398.62602  195   94  404.03304  367.35740  9.08%  38.1 3580s
 180852 114639  396.96134  168  116  404.03304  367.35740  9.08%  37.8 3699s
 183967 114639  375.78799  187  152  404.03304  367.35740  9.08%  37.5 3700s
 187566 119038  400.06624  190   89  404.03304  367.35740  9.08%  37.3 3828s
 193934 119038  379.62605  202  131  404.03304  367.35740  9.08%  36.7 3830s
 194816 122353  391.74474  218  116  404.03304  367.35740  9.08%  36.7 3906s
 199712 126042     cutoff  197       404.03304  367.35740  9.08%  36.3 3991s
 204943 129535  369.51429  140  134  404.03304  367.35740  9.08%  35.9 4102s
 211493 130221  376.77544  176  132  404.03304  367.35740  9.08%  35.5 4125s
 212774 134207     cutoff  211       404.03304  367.35740  9.08%  35.4 4250s
 219742 137485  367.35740  146  125  404.03304  367.35740  9.08%  35.0 4371s
 226169 141076     cutoff  202       404.03304  367.35740  9.08%  34.6 4492s
 232671 144114     cutoff  191       404.03304  367.35740  9.08%  34.3 4618s
 237012 144114  395.88775  176  135  404.03304  367.35740  9.08%  34.2 4620s
 238260 147665  390.29671  161  121  404.03304  367.35740  9.08%  34.1 4721s
 243987 151193     cutoff  191       404.03304  367.35740  9.08%  33.9 4836s
 250114 154746  382.45039  201  112  404.03304  367.35740  9.08%  33.7 4957s
 256453 157962  397.24495  192  117  404.03304  367.35740  9.08%  33.4 5069s
 262192 158776  384.71372  178  113  404.03304  367.35740  9.08%  33.3 5096s
 263592 161868  370.66001  195  118  404.03304  367.35740  9.08%  33.2 5194s
 266101 161868  375.30963  222  116  404.03304  367.35740  9.08%  33.2 5195s
 268901 165604  384.49126  212   98  404.03304  367.35740  9.08%  33.2 5302s
 274827 168293  370.36910  159  120  404.03304  367.35740  9.08%  33.0 5412s
 280488 171524  371.24907  214   92  404.03304  367.35740  9.08%  32.9 5523s
 286317 174176 infeasible  243       404.03304  367.35740  9.08%  32.8 5622s
 291545 176593  369.52005  220  101  404.03304  367.35740  9.08%  32.7 5738s
 296598 179698  393.05767  189  119  404.03304  367.35740  9.08%  32.6 5858s
 302647 180219  373.48830  198   94  404.03304  367.35740  9.08%  32.3 5888s
 304114 183831  398.33450  113  123  404.03304  367.35740  9.08%  32.3 5999s
 307712 183831  378.04345  211   92  404.03304  367.35740  9.08%  32.2 6000s
 310143 187543  370.34924  218   97  404.03304  367.35740  9.08%  32.1 6108s
 316168 190992  369.36909  168  101  404.03304  367.35740  9.08%  31.9 6216s
 321994 194034  374.51970  174   95  404.03304  367.35740  9.08%  31.8 6318s
 327541 196932  403.53274  208   65  404.03304  367.35740  9.08%  31.6 6416s
 332443 198099  381.51019  216   82  404.03304  367.35740  9.08%  31.5 6451s
 334406 201136  396.03315  171  108  404.03304  367.35740  9.08%  31.4 6561s
 340200 203362  383.55424  180  127  404.03304  367.36143  9.08%  31.3 6652s
 345040 206001  373.37229  179  134  404.03304  367.36256  9.08%  31.2 6757s
 349975 208755  379.55889  187  133  404.03304  367.36909  9.07%  31.2 6860s
 355243 211523     cutoff  228       404.03304  367.37018  9.07%  31.0 6971s
 360914 214371  370.46153  173  120  404.03304  367.37183  9.07%  30.9 7070s
 365813 217904 infeasible  233       404.03304  367.37183  9.07%  30.7 7177s
 371723 218595  367.57598  168  121  404.03304  367.38862  9.07%  30.5 7200s

Cutting planes:
  Learned: 1
  Gomory: 9
  Implied bound: 40
  Projected implied bound: 2
  Clique: 5
  MIR: 23
  Flow cover: 50
  Inf proof: 3
  Zero half: 6
  RLT: 16
  Relax-and-lift: 497

Explored 372974 nodes (11480513 simplex iterations) in 7201.31 seconds (1178.35 work units)
Thread count was 32 (of 96 available processors)

Solution count 10: 404.033 404.117 404.117 ... 444.673

Time limit reached
Warning: max constraint violation (1.4562e-06) exceeds tolerance
Best objective 4.040330435544e+02, best bound 3.673927954078e+02, gap 9.0686%

User-callback calls 1015485, time in user-callback 1.58 sec
