
Gurobi 10.0.1 (win64) logging started Sun Sep 21 16:33:44 2025

Set parameter LogFile to value "log_group_6/bound_Expr333_s7_l1051_s11_e12_o40_d80_t60_s38_0_0_0_0.log"
Gurobi Optimizer version 10.0.1 build v10.0.1rc0 (win64)

CPU model: Intel(R) Core(TM) i7-10700 CPU @ 2.90GHz, instruction set [SSE2|AVX|AVX2]
Thread count: 8 physical cores, 16 logical processors, using up to 16 threads

Optimize a model with 659203 rows, 658470 columns and 5267786 nonzeros
Model fingerprint: 0x67d521da
Variable types: 470 continuous, 658000 integer (658000 binary)
Coefficient statistics:
  Matrix range     [1e+00, 8e+02]
  Objective range  [1e+00, 1e+00]
  Bounds range     [1e+00, 1e+03]
  RHS range        [1e+00, 8e+02]
Presolve removed 642370 rows and 642330 columns
Presolve time: 2.55s
Presolved: 16833 rows, 16140 columns, 110971 nonzeros
Variable types: 390 continuous, 15750 integer (15750 binary)
Found heuristic solution: objective 1091.6086000
Deterministic concurrent LP optimizer: primal and dual simplex
Showing first log only...

Concurrent spin time: 0.00s

Solved with primal simplex

Root relaxation: objective 0.000000e+00, 732 iterations, 0.13 seconds (0.18 work units)

    Nodes    |    Current Node    |     Objective Bounds      |     Work
 Expl Unexpl |  Obj  Depth IntInf | Incumbent    BestBd   Gap | It/Node Time

     0     0    0.00000    0   80 1091.60860    0.00000   100%     -    3s
H    0     0                    1050.7159667    0.00000   100%     -    3s
H    0     0                     991.1626000    0.00000   100%     -    4s
     0     0    0.00000    0   86  991.16260    0.00000   100%     -    4s
H    0     0                     430.4342000    0.00000   100%     -    5s
     0     0    0.00000    0   86  430.43420    0.00000   100%     -    5s
H    0     0                     427.0022000    0.00000   100%     -    6s
H    0     0                     309.4534333    0.00000   100%     -    7s
     0     0    0.00000    0   80  309.45343    0.00000   100%     -    7s
H    0     0                     293.5088667    0.00000   100%     -    8s
     0     0    0.00000    0   80  293.50887    0.00000   100%     -    8s
     0     0    0.00000    0   81  293.50887    0.00000   100%     -    9s
     0     0    0.00000    0   80  293.50887    0.00000   100%     -    9s
H    0     0                     291.3786667    0.00000   100%     -   10s
     0     2    0.00000    0   80  291.37867    0.00000   100%     -   11s
H   31    35                     274.0092333    0.00000   100%  77.3   14s
    66    67    0.00000   10   81  274.00923    0.00000   100%  74.2   15s
   707   823    0.00000  100   80  274.00923    0.00000   100%  27.7   20s
H  858   823                     273.8080000    0.00000   100%  24.2   20s
H  922   970                     273.2319000    0.00000   100%  23.7   22s
H  946   970                     273.2318994    0.00000   100%  23.2   22s
H 1054   970                     273.2318993    0.00000   100%  21.9   22s
H 1711  1627                     273.2311482    0.00000   100%  17.7   26s
  2901  2702  265.29577   43   92  273.23115    0.00000   100%  14.2   30s
  3288  3447    0.00000  528   81  273.23115    0.00000   100%  14.1   35s
  4872  4945    0.00000  844   80  273.23115    0.00000   100%  13.0   40s
  6493  7102    0.00000 1067   92  273.23115    0.00000   100%  12.4   47s

Cutting planes:
  Gomory: 3
  Implied bound: 92
  MIR: 58
  RLT: 3
  Relax-and-lift: 1276

Explored 7687 nodes (99225 simplex iterations) in 60.11 seconds (67.89 work units)
Thread count was 16 (of 16 available processors)

Solution count 10: 273.231 273.232 273.232 ... 427.002

Time limit reached
Best objective 2.732311481907e+02, best bound 0.000000000000e+00, gap 100.0000%

User-callback calls 23484, time in user-callback 0.08 sec
