
Gurobi 10.0.1 (win64) logging started Sun Sep 21 16:13:37 2025

Set parameter LogFile to value "log_group_6/bound_Expr322_s7_l1051_s11_e12_o30_d60_t60_s27_0_0_0_0.log"
Gurobi Optimizer version 10.0.1 build v10.0.1rc0 (win64)

CPU model: Intel(R) Core(TM) i7-10700 CPU @ 2.90GHz, instruction set [SSE2|AVX|AVX2]
Thread count: 8 physical cores, 16 logical processors, using up to 16 threads

Optimize a model with 547163 rows, 546440 columns and 4370486 nonzeros
Model fingerprint: 0x8487bd94
Variable types: 440 continuous, 546000 integer (546000 binary)
Coefficient statistics:
  Matrix range     [1e+00, 9e+02]
  Objective range  [1e+00, 1e+00]
  Bounds range     [1e+00, 1e+03]
  RHS range        [1e+00, 9e+02]
Presolve removed 533840 rows and 533810 columns
Presolve time: 2.06s
Presolved: 13323 rows, 12630 columns, 86541 nonzeros
Variable types: 380 continuous, 12250 integer (12250 binary)
Found heuristic solution: objective 559.3797000

Root relaxation: objective 0.000000e+00, 3338 iterations, 0.19 seconds (0.33 work units)

    Nodes    |    Current Node    |     Objective Bounds      |     Work
 Expl Unexpl |  Obj  Depth IntInf | Incumbent    BestBd   Gap | It/Node Time

     0     0    0.00000    0   60  559.37970    0.00000   100%     -    2s
H    0     0                     545.0112667    0.00000   100%     -    3s
H    0     0                     530.5277000    0.00000   100%     -    3s
     0     0    0.00000    0   63  530.52770    0.00000   100%     -    3s
H    0     0                     434.1476667    0.00000   100%     -    4s
H    0     0                     433.1178333    0.00000   100%     -    4s
H    0     0                     322.0216333    0.00000   100%     -    4s
     0     0    0.00000    0   60  322.02163    0.00000   100%     -    5s
H    0     0                     313.1880667    0.00000   100%     -    5s
     0     0    0.00000    0   60  313.18807    0.00000   100%     -    5s
H    0     0                     236.1329000    0.00000   100%     -    5s
H    0     0                     235.8202000    0.00000   100%     -    5s
     0     0    0.00000    0   61  235.82020    0.00000   100%     -    5s
H    0     0                     230.0369333    0.00000   100%     -    6s
     0     0    0.00000    0   61  230.03693    0.00000   100%     -    6s
H    0     0                     201.5105000    0.00000   100%     -    6s
     0     0    0.00000    0   60  201.51050    0.00000   100%     -    6s
     0     0    0.00000    0   60  201.51050    0.00000   100%     -    7s
H    0     0                     201.4446333    0.00000   100%     -    7s
H    0     0                     197.4298000    0.00000   100%     -    8s
H    0     2                     197.3594333    0.00000   100%     -    8s
     0     2    0.00000    0   60  197.35943    0.00000   100%     -    8s
H   30    13                     196.9222990    0.00000   100%   190   11s
H   30    13                     196.8510000    0.00000   100%   190   11s
H   31    13                     195.8082666    0.00000   100%   184   11s
H   32    13                     190.8868666    0.00000   100%   181   11s
H   33    13                     190.3015333    0.00000   100%   182   11s
H   35    13                     190.0131667    0.00000   100%   184   11s
H  106    33                     189.6995000    0.00000   100%   195   15s
H  284   109                     189.4380333    0.00000   100%   137   17s
   365   218    0.00000   78   61  189.43803    0.00000   100%   127   20s
  1431  1179    0.00000  247   61  189.43803    0.00000   100%  51.8   25s
  3043  1934    0.00000   15   60  189.43803    0.00000   100%  30.4   47s
H 3044  1838                     189.4380333    0.00000   100%  30.4   49s
  3046  1839  116.26497  272   60  189.43803    0.00000   100%  30.4   55s

Cutting planes:
  Gomory: 58
  Cover: 2
  Implied bound: 191
  Projected implied bound: 113
  MIR: 82
  Flow cover: 315
  Relax-and-lift: 471

Explored 3049 nodes (115055 simplex iterations) in 60.13 seconds (74.39 work units)
Thread count was 16 (of 16 available processors)

Solution count 10: 189.438 189.438 189.699 ... 197.359

Time limit reached
Best objective 1.894380333142e+02, best bound 0.000000000000e+00, gap 100.0000%

User-callback calls 13919, time in user-callback 0.04 sec
