
Gurobi 11.0.0 (win64) logging started Sun Sep 21 04:55:45 2025

Set parameter LogFile to value "log_group_6/bound_Expr233_s5_l1051_s11_e12_o20_d42_t1200_s13_0_0_1_0.log"
Gurobi Optimizer version 11.0.0 build v11.0.0rc2 (win64 - Windows 11+.0 (22631.2))

CPU model: 13th Gen Intel(R) Core(TM) i7-13650HX, instruction set [SSE2|AVX|AVX2]
Thread count: 14 physical cores, 20 logical processors, using up to 20 threads

Optimize a model with 155950 rows, 155310 columns and 1631470 nonzeros
Model fingerprint: 0xe041460b
Variable types: 310 continuous, 155000 integer (155000 binary)
Coefficient statistics:
  Matrix range     [1e+00, 9e+02]
  Objective range  [1e+00, 1e+00]
  Bounds range     [1e+00, 1e+03]
  RHS range        [1e+00, 9e+02]
Presolve removed 148790 rows and 148790 columns
Presolve time: 3.63s
Presolved: 7160 rows, 6520 columns, 65435 nonzeros
Variable types: 270 continuous, 6250 integer (6250 binary)
Found heuristic solution: objective 288.3209333

Root simplex log...

Iteration    Objective       Primal Inf.    Dual Inf.      Time
       0    1.8776867e+01   5.440000e+02   0.000000e+00     26s
     319    1.8776867e+01   0.000000e+00   0.000000e+00     26s

Root relaxation: objective 1.877687e+01, 319 iterations, 0.01 seconds (0.01 work units)
Total elapsed time = 26.26s (DegenMoves)

    Nodes    |    Current Node    |     Objective Bounds      |     Work
 Expl Unexpl |  Obj  Depth IntInf | Incumbent    BestBd   Gap | It/Node Time

     0     0   18.77687    0   34  288.32093   18.77687  93.5%     -   26s
H    0     0                     205.3413000   18.77687  90.9%     -   26s
H    0     0                     204.5846333   18.77687  90.8%     -   26s
H    0     0                     159.3088667   18.77687  88.2%     -   26s
     0     0   18.77687    0   40  159.30887   18.77687  88.2%     -   26s
     0     0   18.77687    0   38  159.30887   18.77687  88.2%     -   26s
H    0     0                     151.5509667   18.77687  87.6%     -   27s
     0     0   18.77687    0   34  151.55097   18.77687  87.6%     -   27s
H    0     0                     138.6727000   18.77687  86.5%     -   27s
H    0     0                     137.5251333   18.77687  86.3%     -   27s
     0     0   18.77687    0   34  137.52513   18.77687  86.3%     -   27s
H    0     0                     130.6173333   18.77687  85.6%     -   27s
     0     0   18.77687    0   34  130.61733   18.77687  85.6%     -   27s
     0     0   18.77687    0   34  130.61733   18.77687  85.6%     -   27s
     0     0   18.77687    0   34  130.61733   18.77687  85.6%     -   27s
H    0     0                     123.3277333   18.77687  84.8%     -   28s
     0     2   18.77687    0   34  123.32773   18.77687  84.8%     -   28s
H   71    86                     121.8209000   18.77687  84.6%  43.6   30s
  2039  2192   24.65030  142   32  121.82090   18.77687  84.6%   4.0   36s
H 2086  2192                     121.8208993   18.77687  84.6%   3.9   36s
H 3249  3277                     121.8208990   18.77687  84.6%   3.4   38s
H 3253  3277                     121.8206949   18.77687  84.6%   3.4   38s
  5898  5949   40.81355  401   26  121.82069   18.77687  84.6%   2.9   40s
H 9307  8695                     121.8199001   18.77687  84.6%   3.5   44s
  9308  8696  115.91100  215  398  121.81990   18.77687  84.6%   3.5  121s
  9320  8705  110.64207  164  266  121.81990  110.64207  9.18%   3.7  125s
H 9332  8277                     121.8138544  113.57878  6.76%   3.7  129s
  9333  8278  114.31296  276   11  121.81385  114.31296  6.16%   3.7  130s
  9348  8289  116.51550  149  258  121.81385  116.51550  4.35%   3.8  138s
  9356  8294  116.51550  131    6  121.81385  116.51550  4.35%   3.8  140s
  9366  8301  116.51550  338    8  121.81385  116.51550  4.35%   3.8  145s
  9446  8324  116.51550   43    6  121.81385  116.51550  4.35%   3.9  151s
 10576  8849  116.51550   76   10  121.81385  116.51550  4.35%   3.9  155s
 12532  9997  116.51550  132    8  121.81385  116.51550  4.35%   3.8  160s
 15583 12033  120.86770  216    2  121.81385  116.51550  4.35%   3.6  165s
 19298 14527  120.27490   78    8  121.81385  116.51550  4.35%   3.3  170s
 23295 14679 infeasible  122       121.81385  116.51550  4.35%   3.1  175s
 28441 16017  117.90730   96    2  121.81385  116.51550  4.35%   3.1  181s
 30438 19239  119.76001  104    2  121.81385  116.51550  4.35%   3.1  185s
 39424 23322  121.29650  119    2  121.81385  116.51550  4.35%   3.1  201s
H42623 24888                     121.7977119  116.51550  4.34%   3.0  202s
 47684 28489  117.50560   86    4  121.79771  116.51550  4.34%   2.9  206s
 55125 33428     cutoff  101       121.79771  116.51550  4.34%   2.8  211s
 59969 37026 infeasible   82       121.79771  116.51550  4.34%   2.7  217s
 66031 40366  121.27670   97    2  121.79771  116.51550  4.34%   2.7  220s
 67928 43192 infeasible  126       121.79771  116.51550  4.34%   2.7  225s
 74413 48932  118.39640   78    4  121.79771  116.51550  4.34%   2.6  230s
 80751 51561  117.91900  110    2  121.79771  116.51550  4.34%   2.5  237s
 92072 59749     cutoff  123       121.79771  116.51550  4.34%   2.5  242s
 98009 64541  117.49711  126    4  121.79771  116.51550  4.34%   2.5  245s
 102178 67738  117.49390   67    6  121.79771  116.51550  4.34%   2.5  250s
 110736 75537  117.92426  128    2  121.79771  116.51550  4.34%   2.4  256s
 117246 79102  117.49390  139    4  121.79771  116.51550  4.34%   2.4  260s
 121472 85197  117.53710   97    8  121.79771  116.51550  4.34%   2.4  270s
 132784 90400  119.79750   88    2  121.79771  116.51550  4.34%   2.4  276s
 141571 98584  118.39640  117    4  121.79771  116.51550  4.34%   2.4  282s
 146421 100719  121.71110  113    2  121.79771  116.51550  4.34%   2.4  285s
 157201 106645  120.47614  144    4  121.79771  116.51550  4.34%   2.4  290s
 161290 110755  120.52294  175    2  121.79771  116.51550  4.34%   2.4  300s
 171339 117345  119.75790  141    2  121.79771  116.51550  4.34%   2.4  305s
 180366 121548     cutoff  124       121.79771  116.51550  4.34%   2.4  312s
 180389 122011     cutoff  125       121.79771  116.51550  4.34%   2.4  316s
 185732 124747 infeasible  196       121.79771  116.51550  4.34%   2.4  322s
 186809 127644  117.49711  153    4  121.79771  116.51550  4.34%   2.4  325s
 194120 130273  120.51457  175    2  121.79771  116.51550  4.34%   2.4  331s
 199527 133275     cutoff  126       121.79771  116.51550  4.34%   2.4  339s
 202155 133698  121.25330  121    2  121.79771  116.51550  4.34%   2.4  341s
 207369 137974  117.54451  166    4  121.79771  116.51550  4.34%   2.4  345s
 217559 143223 infeasible  106       121.79771  116.51550  4.34%   2.3  351s
 221808 145848  120.51457  108    6  121.79771  116.51550  4.34%   2.4  356s
 224623 148353  120.60400  167    4  121.79771  116.51550  4.34%   2.4  360s
 230777 150457  120.26500  123    4  121.79771  116.51550  4.34%   2.4  365s
 234200 154197  118.28387   94    6  121.79771  116.51550  4.34%   2.4  370s
 241234 156697  120.59200  137    2  121.79771  116.51550  4.34%   2.4  376s
 246138 159736  120.55417   99    4  121.79771  116.51550  4.34%   2.4  380s
 258756 166076  117.52720  107    4  121.79771  116.51550  4.34%   2.3  390s
 269647 172474  121.27670  151    2  121.79771  116.51550  4.34%   2.3  395s
 274728 175475  117.49390  100    6  121.79771  116.51550  4.34%   2.3  400s
 277584 178736  121.29650  118    2  121.79771  116.51550  4.34%   2.3  407s
 280439 179229  121.02546  214    4  121.79771  116.51550  4.34%   2.3  415s
 289062 183936  121.25330  145    2  121.79771  116.51550  4.34%   2.3  420s
 294188 187759 infeasible  107       121.79771  116.51550  4.34%   2.3  425s
 300519 189885  121.25330  127    2  121.79771  116.51550  4.34%   2.3  431s
 306891 193380  121.02546  226    4  121.79771  116.51550  4.34%   2.3  436s
 311249 196450  117.49390  137    4  121.79771  116.51550  4.34%   2.3  441s
 317140 199182     cutoff  116       121.79771  116.51550  4.34%   2.3  446s
 320191 202235  116.51550  132    6  121.79771  116.51550  4.34%   2.3  453s
 326743 206226  120.28660  125    6  121.79771  116.51550  4.34%   2.3  456s
 332004 208977  117.49390  112    4  121.79771  116.51550  4.34%   2.3  460s
 338940 211899  120.26500  144    4  121.79771  116.51550  4.34%   2.3  465s
 339725 212828  119.75790  145    2  121.79771  116.51550  4.34%   2.3  470s
 350810 218562  120.26500  131    4  121.79771  116.51550  4.34%   2.3  475s
 353212 219619  117.53710  108    6  121.79771  116.51550  4.34%   2.3  480s
 358505 222758  117.49390  158    4  121.79771  116.51550  4.34%   2.3  485s
 359707 225095  117.49815  225    4  121.79771  116.51550  4.34%   2.3  491s
 365341 228266  117.50136  200    4  121.79771  116.51550  4.34%   2.3  495s
 373703 232539  117.53710   93    6  121.79771  116.51550  4.34%   2.3  500s
 379552 237264     cutoff  157       121.79771  116.51550  4.34%   2.3  511s
 383579 238057  119.75790  147    2  121.79771  116.51550  4.34%   2.3  515s
 385529 238973  119.40570  165    4  121.79771  116.51550  4.34%   2.3  520s
 390952 244317  121.29650  115    2  121.79771  116.51550  4.34%   2.3  527s
 396279 246860  116.51550  109    6  121.79771  116.51550  4.34%   2.3  531s
 400120 248896  121.29650  130    4  121.79771  116.51550  4.34%   2.3  537s
 411366 253431  120.26500  164    4  121.79771  116.51550  4.34%   2.3  540s
 418173 255744  118.84242  202    2  121.79771  116.51550  4.34%   2.3  546s
 419047 256636  117.52720  143    4  121.79771  116.51550  4.34%   2.3  550s
 420037 258581 infeasible  134       121.79771  116.51550  4.34%   2.3  556s
 426574 261475  119.60370  177    4  121.79771  116.51550  4.34%   2.3  560s
 436760 266142  119.38410  162    4  121.79771  116.51550  4.34%   2.3  566s
 439512 267786  120.38410  145    4  121.79771  116.51550  4.34%   2.3  571s
 450276 270839     cutoff  164       121.79771  116.51550  4.34%   2.4  577s
 454284 274804 infeasible  117       121.79771  116.51550  4.34%   2.4  580s
 461177 278964  120.52480  144    2  121.79771  116.51550  4.34%   2.4  588s
 468176 280761  121.27670  109    2  121.79771  116.51550  4.34%   2.4  591s
 469612 281086  121.27670  100    4  121.79771  116.51550  4.34%   2.4  595s
 475992 285256  121.29650  166    2  121.79771  116.51550  4.34%   2.4  601s
 481861 288972  116.63460   72    4  121.79771  116.51550  4.34%   2.4  608s
 485414 289575  119.38470  117    2  121.79771  116.51550  4.34%   2.4  610s
 515387 305952     cutoff  196       121.79771  116.51550  4.34%   2.4  615s
 520556 317024  119.40570  106    4  121.79771  116.51550  4.34%   2.4  620s
 534570 317447  119.92263  228    6  121.79771  116.51550  4.34%   2.4  625s
 540206 321942  120.51736  178    2  121.79771  116.51550  4.34%   2.4  633s
 542966 321955 infeasible   87       121.79771  116.51550  4.34%   2.4  635s
 551542 330525  120.55697  223    2  121.79771  116.51550  4.34%   2.4  640s
 561251 337322     cutoff  144       121.79771  116.51550  4.34%   2.4  647s
 566219 338280  120.26500  132    4  121.79771  116.51550  4.34%   2.4  650s
 574185 345226  117.53710  166    5  121.79771  116.51550  4.34%   2.4  655s
 580934 349542     cutoff  201       121.79771  116.51550  4.34%   2.4  663s
 587448 351259  117.49390  132    6  121.79771  116.51550  4.34%   2.4  667s
 595320 357532  120.68005  113    2  121.79771  116.51550  4.34%   2.4  670s
 600401 360570  119.83620  171    6  121.79771  116.51550  4.34%   2.4  676s
 610079 365052  119.66850  145    6  121.79771  116.51550  4.34%   2.4  681s
 618694 368352  120.26500  113    4  121.79771  116.51550  4.34%   2.4  685s
 621069 371153  121.27670   73    2  121.79771  116.51550  4.34%   2.4  690s
 627875 375144  118.28387  122   15  121.79771  116.51550  4.34%   2.4  695s
 637781 380443  121.02167  153    4  121.79771  116.51550  4.34%   2.4  700s
 640918 382031 infeasible  152       121.79771  116.51550  4.34%   2.4  705s
 652243 387489  119.62710  148    4  121.79771  116.51550  4.34%   2.4  710s
 660458 391958  120.26500  136    4  121.79771  116.51550  4.34%   2.4  717s
 669605 394944  120.83260  139    2  121.79771  116.51550  4.34%   2.4  721s
 670649 396471  120.83260  151    6  121.79771  116.51550  4.34%   2.4  725s
 679967 403221  121.25330  114    2  121.79771  116.51550  4.34%   2.4  735s
 692234 409542  116.63460  146    4  121.79771  116.51550  4.34%   2.4  740s
 700331 414192  120.26500  159    4  121.79771  116.51550  4.34%   2.4  749s
 704170 414477  120.51804  170    2  121.79771  116.51550  4.34%   2.4  751s
 706634 415396  116.63460  120    4  121.79771  116.51550  4.34%   2.4  756s
 708159 417087  116.63460  142    4  121.79771  116.51550  4.34%   2.4  760s
 718386 422865  120.26500  110    6  121.79771  116.51550  4.34%   2.4  765s
 726618 427376  121.25330  210    2  121.79771  116.51550  4.34%   2.4  770s
 735479 431478  119.38410  121    4  121.79771  116.51550  4.34%   2.4  775s
 742024 434979 infeasible  110       121.79771  116.51550  4.34%   2.4  782s
 744529 439262  121.25330  112    2  121.79771  116.51550  4.34%   2.4  786s
 757192 443468  119.51730  117    4  121.79771  116.51550  4.34%   2.4  790s
 763086 445651  120.50320  175    2  121.79771  116.51550  4.34%   2.4  796s
H768994 444882                     121.7947905  116.51550  4.33%   2.4  797s
 779119 451138  120.26786  155    4  121.79479  116.51550  4.33%   2.4  800s
 782089 452525  117.49390  145    4  121.79479  116.51550  4.33%   2.4  805s
 783434 456460  120.66710  176    4  121.79479  116.51550  4.33%   2.4  813s
 789334 456920  119.75790  107    2  121.79479  116.51550  4.33%   2.4  815s
 799129 463557  116.51550  105    6  121.79479  116.51550  4.33%   2.4  820s
 810801 468828  120.26500  160    4  121.79479  116.51550  4.33%   2.4  826s
 811474 469404     cutoff  154       121.79479  116.51550  4.33%   2.4  830s
 822751 475048  121.29650  106    2  121.79479  116.51550  4.33%   2.4  839s
 822837 482594     cutoff  105       121.79479  116.51550  4.33%   2.4  844s
 836851 484317  120.83260  162    2  121.79479  116.51550  4.33%   2.4  847s
 840794 484350  117.51112  166    6  121.79479  116.51550  4.33%   2.4  850s
 845310 489166  120.26786  129    6  121.79479  116.51550  4.33%   2.4  856s
 852693 490399  120.25057  123    6  121.79479  116.51550  4.33%   2.4  860s
 857794 493171  118.40929  141    4  121.79479  116.51550  4.33%   2.4  865s
 864885 499428  121.25330  160    2  121.79479  116.51550  4.33%   2.4  873s
 870274 500442  117.61360   98    4  121.79479  116.51550  4.33%   2.4  875s
 880559 508349  121.25330  169    2  121.79479  116.51550  4.33%   2.4  880s
 884470 511023  120.26500  160    4  121.79479  116.51550  4.33%   2.4  886s
 894933 515885  121.29650  117    2  121.79479  116.51550  4.33%   2.4  890s
 904198 521422  118.39640  189    8  121.79479  116.51550  4.33%   2.4  900s
 904351 528477  118.39640  190    6  121.79479  116.51550  4.33%   2.4  906s
 918365 528742  120.26500  120    4  121.79479  116.51550  4.33%   2.4  910s
 924259 531760  120.83260  174    2  121.79479  116.51550  4.33%   2.4  917s
 924277 540179  120.83260  175    2  121.79479  116.51550  4.33%   2.4  920s
 941102 543302  120.28660  184    4  121.79479  116.51550  4.33%   2.4  925s
 945391 547247  117.27217  129    6  121.79479  116.51550  4.33%   2.4  933s
 948636 547254  120.28660  174    4  121.79479  116.51550  4.33%   2.4  937s
 949866 550620  117.49823  253    4  121.79479  116.51550  4.33%   2.4  940s
 961975 556032  117.49390  177    4  121.79479  116.51550  4.33%   2.4  945s
 965575 559911  120.29132  200    4  121.79479  116.51550  4.33%   2.4  952s
 969745 560450  119.75790  176    2  121.79479  116.51550  4.33%   2.4  955s
 978967 566750  117.50560  145    6  121.79479  116.51550  4.33%   2.4  960s
 985235 573590  117.49944  152    6  121.79479  116.51550  4.33%   2.4  969s
 988867 573857  121.25330  214    2  121.79479  116.51550  4.33%   2.4  970s
 994533 577926  120.28660  149    4  121.79479  116.51550  4.33%   2.4  975s
 1001731 582924  121.02167  227    4  121.79479  116.51550  4.33%   2.4  981s
 1006048 587507  120.52294  247    2  121.79479  116.51550  4.33%   2.4  986s
 1011363 589713  120.26500  208    4  121.79479  116.51550  4.33%   2.4  990s
 1016695 593519  117.53710  195    4  121.79479  116.51550  4.33%   2.4  996s
 1027300 597005  117.54140  219    4  121.79479  116.51550  4.33%   2.4 1004s
 1028172 598399  120.55417  251    2  121.79479  116.51550  4.33%   2.4 1006s
 1030758 600162  119.75790  178    2  121.79479  116.51550  4.33%   2.4 1011s
 1041936 609457  120.46777  267    2  121.79479  116.51550  4.33%   2.4 1018s
 1048876 613466     cutoff  192       121.79479  116.51550  4.33%   2.4 1024s
 1052873 613480  117.53710  204    4  121.79479  116.51550  4.33%   2.4 1027s
 1057229 617557  117.53710  194    4  121.79479  116.51550  4.33%   2.4 1030s
 1063830 621125  119.75790  176    2  121.79479  116.51550  4.33%   2.4 1036s
 1067422 625011  117.50035  277    4  121.79479  116.51550  4.33%   2.4 1040s
 1075234 627442  121.51492  226    2  121.79479  116.51550  4.33%   2.4 1045s
 1077560 628747  117.53710  178    4  121.79479  116.51550  4.33%   2.4 1050s
 1082515 633759  121.22443  291    2  121.79479  116.51550  4.33%   2.4 1056s
 1087980 636726  117.49737  256    4  121.79479  116.51550  4.33%   2.4 1060s
 1090571 637455     cutoff  198       121.79479  116.51550  4.33%   2.4 1065s
 1099697 642950  117.53710  246    4  121.79479  116.51550  4.33%   2.4 1070s
 1108171 647975  120.26500  250    4  121.79479  116.51550  4.33%   2.4 1075s
 1111622 650568  121.27670  201    2  121.79479  116.51550  4.33%   2.4 1080s
 1120260 655641  118.50551  224    4  121.79479  116.51550  4.33%   2.4 1085s
 1125120 658604  119.75790  139    2  121.79479  116.51550  4.33%   2.4 1090s
 1132482 665599  117.61360  147    4  121.79479  116.51550  4.33%   2.4 1096s
 1139667 668777  121.27123  272    4  121.79479  116.51550  4.33%   2.4 1100s
 1142320 670901  119.74620  194    4  121.79479  116.51550  4.33%   2.4 1105s
 1154506 677521 infeasible  204       121.79479  116.51550  4.33%   2.4 1114s
 1155211 678444  116.51550  180    6  121.79479  116.51550  4.33%   2.4 1116s
 1157223 678541  117.49737  239    4  121.79479  116.51550  4.33%   2.4 1123s
 1157435 679276  117.50035  266    4  121.79479  116.51550  4.33%   2.4 1127s
 1158784 681003  117.49711  238    4  121.79479  116.51550  4.33%   2.4 1130s
 1165174 682986  121.46958  283    2  121.79479  116.51550  4.33%   2.4 1138s
 1166702 684340  117.49390  227    4  121.79479  116.51550  4.33%   2.4 1141s
 1171371 685876  116.63460  172    8  121.79479  116.51550  4.33%   2.4 1145s
 1172188 686357  117.49390  223    4  121.79479  116.51550  4.33%   2.4 1150s
 1175548 687785  121.71110  202    2  121.79479  116.51550  4.33%   2.4 1160s
 1177660 689718  119.76559  203    2  121.79479  116.51550  4.33%   2.4 1167s
 1183639 691407  119.75790  201    2  121.79479  116.51550  4.33%   2.4 1171s
 1186875 693533  117.49390  247    4  121.79479  116.51550  4.33%   2.4 1177s
 1188147 695339  117.53710  189    4  121.79479  116.51550  4.33%   2.4 1180s
 1191890 697760  117.49390  234    4  121.79479  116.51550  4.33%   2.4 1187s
 1194362 698908  121.27191  276    2  121.79479  116.51550  4.33%   2.4 1190s
 1197237 701519  120.51457  219    2  121.79479  116.51550  4.33%   2.4 1196s
 1201913 703961  121.51492  220    2  121.79479  116.51550  4.33%   2.4 1200s

Cutting planes:
  Implied bound: 1
  MIR: 1
  Flow cover: 1
  Relax-and-lift: 4

Explored 1203909 nodes (2914955 simplex iterations) in 1202.54 seconds (156.10 work units)
Thread count was 20 (of 20 available processors)

Solution count 10: 121.795 121.798 121.814 ... 121.821

Time limit reached
Best objective 1.217947904982e+02, best bound 1.165154996430e+02, gap 4.3346%

User-callback calls 2456166, time in user-callback 19.09 sec
