
Gurobi 12.0.1 (win64) logging started Sun Sep 21 15:21:22 2025

Set parameter LogFile to value "log_group_6/bound_Expr133_s10_l1051_s11_e12_o100_d200_t7200_s63_1_1_1_1.log"
Gurobi Optimizer version 12.0.1 build v12.0.1rc0 (win64 - Windows Server 2022.0 (20348.2))

CPU model: Intel(R) Xeon(R) Gold 6336Y CPU @ 2.40GHz, instruction set [SSE2|AVX|AVX2|AVX512]
Thread count: 48 physical cores, 96 logical processors, using up to 32 threads

Non-default parameters:
TimeLimit  7200

Optimize a model with 3928704 rows, 3850800 columns and 47653780 nonzeros
Model fingerprint: 0xe26c335a
Variable types: 800 continuous, 3850000 integer (3850000 binary)
Coefficient statistics:
  Matrix range     [6e-01, 9e+02]
  Objective range  [1e+00, 1e+00]
  Bounds range     [1e+00, 1e+03]
  RHS range        [8e-01, 9e+02]
Presolve removed 100 rows and 100 columns (presolve time = 5s)...
Presolve removed 100 rows and 100 columns (presolve time = 11s)...
Presolve removed 100 rows and 3792100 columns (presolve time = 16s)...
Presolve removed 3868040 rows and 3792100 columns
Presolve time: 16.87s
Presolved: 60664 rows, 58700 columns, 614500 nonzeros
Variable types: 700 continuous, 58000 integer (58000 binary)
Found heuristic solution: objective 13632.584867
Performing another presolve...
Presolve removed 16384 rows and 15900 columns
Presolve time: 1.65s
Deterministic concurrent LP optimizer: primal and dual simplex
Showing primal log only...


Root simplex log...

Iteration    Objective       Primal Inf.    Dual Inf.      Time
       0   -6.9166000e+04   2.363914e+03   1.035946e+08     27s
    2627    7.4834000e+04   0.000000e+00   9.760000e+02     28s
    4209    2.9432740e+02   0.000000e+00   0.000000e+00     28s
Concurrent spin time: 0.00s

Solved with primal simplex

Root relaxation: objective 2.943274e+02, 4209 iterations, 1.07 seconds (1.25 work units)
Total elapsed time = 28.24s (DegenMoves)
Total elapsed time = 32.45s (DegenMoves)

    Nodes    |    Current Node    |     Objective Bounds      |     Work
 Expl Unexpl |  Obj  Depth IntInf | Incumbent    BestBd   Gap | It/Node Time

     0     0  294.32740    0  250 13632.5849  294.32740  97.8%     -   33s
H    0     0                    13524.245600  294.32740  97.8%     -   39s
H    0     0                    13438.534433  294.32740  97.8%     -   43s
     0     0  294.32740    0  324 13438.5344  294.32740  97.8%     -   46s
H    0     0                    12009.630000  294.32740  97.5%     -   50s
H    0     0                    12008.179033  294.32740  97.5%     -   50s
H    0     0                    10941.649200  294.32740  97.3%     -   52s
H    0     0                    10241.334967  294.32740  97.1%     -   52s
H    0     0                    9708.3227000  294.32740  97.0%     -   52s
H    0     0                    9266.7919333  294.32740  96.8%     -   52s
H    0     0                    9148.4299667  294.32740  96.8%     -   53s
H    0     0                    9132.8591333  294.32740  96.8%     -   55s
H    0     0                    9124.7839667  294.32740  96.8%     -   55s
H    0     0                    7757.2218000  294.32740  96.2%     -   55s
H    0     0                    7353.1592333  294.32740  96.0%     -   56s
H    0     0                    7352.3524333  294.32740  96.0%     -   56s
H    0     0                    7306.5286333  294.32740  96.0%     -   56s
H    0     0                    7298.8868333  294.32740  96.0%     -   56s
H    0     0                    7271.3624333  294.32740  96.0%     -   56s
     0     0  294.32740    0  275 7271.36243  294.32740  96.0%     -   59s
     0     0  294.32740    0  252 7271.36243  294.32740  96.0%     -   79s
     0     0  294.32740    0  216 7271.36243  294.32740  96.0%     -   79s
     0     0  294.32740    0  224 7271.36243  294.32740  96.0%     -   94s
     0     0  294.32740    0  282 7271.36243  294.32740  96.0%     -   96s
     0     0  294.32740    0  282 7271.36243  294.32740  96.0%     -  108s
     0     0  294.32740    0  232 7271.36243  294.32740  96.0%     -  114s
H    0     0                    6238.7985000  294.32740  95.3%     -  123s
H    0     0                    6232.6590667  294.32740  95.3%     -  125s
H    0     0                    6094.4642333  294.32740  95.2%     -  125s
H    0     0                    5833.8264667  294.32740  95.0%     -  125s
H    0     0                    5752.5495333  294.32740  94.9%     -  125s
H    0     0                    5674.6024000  294.32740  94.8%     -  126s
H    0     0                    5586.9852000  294.32740  94.7%     -  126s
H    0     0                    5380.4675000  294.32740  94.5%     -  126s
H    0     0                    5355.6951667  294.32740  94.5%     -  126s
H    0     0                    4949.8992333  294.32740  94.1%     -  127s
H    0     0                    4899.2712333  294.32740  94.0%     -  128s
H    0     0                    4885.8134333  294.32740  94.0%     -  128s
     0     2  294.32740    0  232 4885.81343  294.32740  94.0%     -  136s
     7    16  294.32740    3  387 4885.81343  294.32740  94.0%  2219  152s
    15    31  294.32740    4  420 4885.81343  294.32740  94.0%  4534  166s
    30    62  294.32740    5  337 4885.81343  294.32740  94.0%  5900  178s
H   44    62                    4866.0210000  294.32740  94.0%  4683  178s
    61    93  294.32740    6  345 4866.02100  294.32740  94.0%  4004  213s
H   66    93                    4307.4120667  294.32740  93.2%  4012  213s
H   68    93                    4211.9699333  294.32740  93.0%  4065  213s
H   71    93                    3678.9830000  294.32740  92.0%  4131  213s
H   78    93                    3562.6064333  294.32740  91.7%  4225  213s
H   81    93                    3074.1666000  294.32740  90.4%  4225  213s
    92   250  294.32740    7  340 3074.16660  294.32740  90.4%  4115  242s
H  249   282                    2917.3163000  294.32740  89.9%  1689  264s
H  251   282                    2899.5154333  294.32740  89.8%  1688  264s
H  258   282                    2825.2689333  294.32740  89.6%  1676  265s
H  279   282                    2804.7114667  294.32740  89.5%  1641  265s
   281   426  404.97363   11  387 2804.71147  294.32740  89.5%  1641  278s
   425   571  294.32740   15  396 2804.71147  294.32740  89.5%  1207  285s
   570   709  362.88787   19  393 2804.71147  294.32740  89.5%   959  291s
   708   741  294.32740   22  402 2804.71147  294.32740  89.5%   809  300s
   740   777  294.32740   23  405 2804.71147  294.32740  89.5%   782  313s
H  747   777                    2758.4761667  294.32740  89.3%   778  313s
   776   916  400.32663   24  408 2758.47617  294.32740  89.3%   758  322s
   915  1061  294.32740   27  409 2758.47617  294.32740  89.3%   676  328s
  1060  1220  294.32740   30  412 2758.47617  294.32740  89.3%   608  333s
  1219  1372  294.32740   32  416 2758.47617  294.32740  89.3%   549  339s
  1371  1528  294.32740   34  417 2758.47617  294.32740  89.3%   507  344s
  1527  1560  294.32740   37  404 2758.47617  294.32740  89.3%   472  361s
H 1534  1560                    2726.4771333  294.32740  89.2%   470  361s
  1559  1736  294.32740   38  400 2726.47713  294.32740  89.2%   466  369s
  1735  1911  294.32740   42  409 2726.47713  294.32740  89.2%   436  376s
  1910  2094  294.32740   47  417 2726.47713  294.32740  89.2%   413  382s
  2093  2271  294.32740   53  418 2726.47713  294.32740  89.2%   391  388s
  2270  2483  294.32740   57  417 2726.47713  294.32740  89.2%   375  394s
  2482  2683  294.32740   59  425 2726.47713  294.32740  89.2%   356  400s
H 2682  2723                    2714.0985333  294.32740  89.2%   343  406s
H 2684  2723                    2569.6676000  294.32740  88.5%   343  406s
H 2696  2723                    2562.3721000  294.32740  88.5%   342  406s
H 2706  2723                    2559.4699667  294.32740  88.5%   342  406s
  2722  2921  294.32740   66  429 2559.46997  294.32740  88.5%   341  414s
  2920  3138  294.32740   71  379 2559.46997  294.32740  88.5%   331  421s
  3139  3377  294.32740   72  383 2559.46997  294.32740  88.5%   320  428s
  3378  3599  294.32740   80  387 2559.46997  294.32740  88.5%   309  436s
  3604  3852  294.32740   85  401 2559.46997  294.32740  88.5%   303  443s
H 3864  3810                    2193.9159000  294.32740  86.6%   293  454s
  3929  3827  365.37877   90  345 2193.91590  294.32740  86.6%   293  467s
  3974  3853  300.40049   91  248 2193.91590  294.32740  86.6%   313  501s
  4001  3927  300.40049   92  249 2193.91590  294.32740  86.6%   378  521s
  4077  4008  300.40047   93  247 2193.91590  294.32740  86.6%   414  536s
  4160  4099  302.96840   94  244 2193.91590  294.32740  86.6%   435  554s
  4251  4233  303.16177   96  248 2193.91590  294.32740  86.6%   455  578s
H 4389  4357                    2171.5283000  294.32740  86.4%   463  605s
H 4499  4357                    2165.3270667  294.32740  86.4%   475  606s
  4515  4394  541.18696   40  305 2165.32707  294.32740  86.4%   476  632s
  4558  4519  346.00677   99  307 2165.32707  294.32740  86.4%   509  646s
  4691  4549  353.93145  100  295 2165.32707  294.32740  86.4%   520  655s
  4724  4587  355.34089  101  295 2165.32707  294.32740  86.4%   522  667s
H 4730  4582                    2132.3670667  294.32740  86.2%   521  667s
H 4745  4577                    2065.2076667  294.32740  85.7%   525  667s
H 4752  4574                    2043.3863667  294.32740  85.6%   525  667s
  4762  4784  358.73385  105  281 2043.38637  294.32740  85.6%   525  691s
  4984  4894  358.73618  108  278 2043.38637  294.32740  85.6%   524  724s
  5106  5126  358.73618  110  282 2043.38637  294.32740  85.6%   526  744s
  5344  5153  371.81392  116  437 2043.38637  294.32740  85.6%   530  770s
  5373  5173  400.28306  117  542 2043.38637  294.32740  85.6%   583  794s
  5395  5199  422.34366  117  533 2043.38637  294.32740  85.6%   614  811s
H 5407  5188                    2016.4231667  294.32740  85.4%   628  811s
H 5416  5188                    2011.4759000  294.32740  85.4%   636  811s
  5423  5282  400.28306  118  542 2011.47590  294.32740  85.4%   637  828s
  5523  5304  401.75904  120  542 2011.47590  294.32740  85.4%   649  842s
H 5524  5302                    1981.6207000  294.32740  85.1%   648  842s
H 5528  5302                    1977.4703000  294.32740  85.1%   648  842s
H 5536  5240                    1923.1855000  294.32740  84.7%   653  842s
H 5543  5232                    1886.1707333  294.32740  84.4%   657  842s
  5551  5347 1006.33687  120  525 1886.17073  294.32740  84.4%   658  860s
H 5580  5344                    1879.1283333  294.32740  84.3%   657  860s
H 5626  5294                    1830.0573333  294.32740  83.9%   665  860s
  5672  5316  414.22683  121  539 1830.05733  294.32740  83.9%   665  880s
  5701  5344  436.60278  121  537 1830.05733  294.32740  83.9%   690  896s
H 5702  4939                    1370.5383663  294.32740  78.5%   690  896s
H 5731  4853                    1215.3610000  294.32740  75.8%   706  911s
H 5736  4852                    1208.1894000  294.32740  75.6%   707  911s
H 5763  4852                    1208.0955000  294.32740  75.6%   716  911s
H 5766  4853                    1186.1189333  294.32740  75.2%   716  941s
H 5768  4825                    1126.5215667  294.32740  73.9%   716  941s
H 5793  4824                    1120.4204000  294.32740  73.7%   721  941s
H 5800  4805                    1116.4204000  294.32740  73.6%   723  954s
  5801  4801  668.09480   75 20950 1116.42040  294.32740  73.6%   723 1107s
  5803  4802  521.87087  109  362 1116.42040  294.32740  73.6%   723 1151s
  5804  4803  668.09480   23  606 1116.42040  306.90559  72.5%   723 1176s
  5805  4804  598.37007    7  925 1116.42040  327.26618  70.7%   723 1186s
  5806  4804  498.15743   83  908 1116.42040  347.05212  68.9%   723 1191s
  5807  4805  365.67477   71 1019 1116.42040  365.67477  67.2%   722 1197s
  5808  4806  601.38977  118  948 1116.42040  382.37480  65.7%   722 1201s
  5810  4807  491.90120  115  955 1116.42040  385.19565  65.5%   722 1207s
  5811  4808  471.41039   87 1072 1116.42040  389.81705  65.1%   722 1211s
  5813  4809  605.19220  134 1065 1116.42040  389.81980  65.1%   722 1215s
  5817  4812  484.64544  128 1057 1116.42040  395.44522  64.6%   721 1220s
  5818  4812  423.32673   73 1057 1116.42040  395.44522  64.6%   721 1225s
  5820  4814  981.73849  202 1050 1116.42040  398.25181  64.3%   721 1233s
  5821  4814  400.86603   85 1082 1116.42040  400.86603  64.1%   721 1239s
  5822  4815  677.03360   49 1078 1116.42040  400.86629  64.1%   721 1240s
  5826  4818  593.27547  107 1083 1116.42040  400.87014  64.1%   720 1246s
  5827  4818  424.78950   20 1086 1116.42040  405.39451  63.7%   720 1250s
  5829  4820  589.86843  104 1086 1116.42040  405.51508  63.7%   720 1255s
  5833  4822  430.79123   82 1075 1116.42040  407.18852  63.5%   719 1263s
  5834  4823  500.81819  138 1066 1116.42040  408.80292  63.4%   719 1265s
  5836  4824  437.20604   91 1065 1116.42040  408.80292  63.4%   719 1270s
  5839  4826  456.24303  111 1074 1116.42040  409.56658  63.3%   719 1277s
  5840  4827  461.57573   57 1074 1116.42040  410.01650  63.3%   718 1280s
  5843  4829  449.92333  132 1076 1116.42040  411.42431  63.1%   718 1286s
  5844  4830  500.60303   46 1082 1116.42040  411.42431  63.1%   718 1292s
  5846  4831  412.11356   45 1067 1116.42040  412.11356  63.1%   718 1297s
  5848  4832  585.58627   50 1063 1116.42040  412.84399  63.0%   717 1300s
  5849  4833  668.09480   97 1067 1116.42040  412.84399  63.0%   717 1305s
  5854  4836  487.65996  128 1082 1116.42040  413.63074  63.0%   717 1310s
  5855  4837  679.45480   73 1088 1116.42040  413.63074  63.0%   717 1315s
  5860  4840  830.48843   36 1071 1116.42040  414.85572  62.8%   716 1324s
  5861  4841 1013.69667   46 1081 1116.42040  416.25271  62.7%   716 1326s
  5863  4842  601.48097  124 1070 1116.42040  416.25271  62.7%   716 1331s
  5866  4844  701.43177  164 1070 1116.42040  416.64658  62.7%   715 1338s
  5867  4845  685.99486  150 1076 1116.42040  417.67550  62.6%   715 1340s
  5870  4847  553.90980    9 1082 1116.42040  418.26514  62.5%   715 1346s
  5873  4849  545.19397   55 1093 1116.42040  418.34789  62.5%   714 1352s
  5875  4850  736.77207   47 1107 1116.42040  418.74633  62.5%   714 1357s
  5877  4852  459.34743  119 1087 1116.42040  419.76812  62.4%   714 1360s
  5879  4853  421.10509    8 1125 1116.42040  421.10509  62.3%   714 1367s
  5881  4854  421.10509   40 1111 1116.42040  421.10509  62.3%   713 1372s
  5884  4856  430.79123   36 1093 1116.42040  422.48337  62.2%   713 1378s
  5885  4857  598.37007   49 1089 1116.42040  422.82882  62.1%   713 1380s
  5887  4858  645.04327  136 1093 1116.42040  423.34989  62.1%   713 1385s
  5889  4860  840.85743  189 1100 1116.42040  423.94587  62.0%   712 1391s
  5890  4860  474.10990  120 1101 1116.42040  423.94587  62.0%   712 1395s
  5894  4863  516.48196  127 1114 1116.42040  424.18386  62.0%   712 1402s
  5896  4864  611.30817   81 1099 1116.42040  425.18836  61.9%   712 1407s
  5897  4865  425.53109   22  994 1116.42040  425.53109  61.9%   711 1410s
  5899  4866  537.07907   21 1115 1116.42040  426.29424  61.8%   711 1416s
  5901  4868  668.09480   75 1114 1116.42040  426.29556  61.8%   711 1421s
  5904  4870  668.09480   23 1101 1116.42040  426.98742  61.8%   711 1426s
  5907  4872  427.81821   71 1104 1116.42040  427.81821  61.7%   710 1433s
  5909  4873  571.35827   19 1105 1116.42040  427.98320  61.7%   710 1438s
  5910  4874  491.90120  115 1097 1116.42040  428.29507  61.6%   710 1440s
  5914  4876  448.66869  127 1097 1116.42040  428.64098  61.6%   709 1446s
  5916  4878  591.59290  139 1101 1116.42040  428.66384  61.6%   709 1450s
  5918  4879  428.85318   73 1099 1116.42040  428.85318  61.6%   709 1457s
  5921  4881  429.07425   85 1094 1116.42040  429.07425  61.6%   709 1462s
  5923  4882  429.17872   22 1094 1116.42040  429.17872  61.6%   708 1465s
  5925  4884  438.06491  101 1094 1116.42040  429.80629  61.5%   708 1470s
  5927  4885  429.80629   20 1097 1116.42040  429.80629  61.5%   708 1475s
  5930  4887  430.04160  106 1103 1116.42040  430.04160  61.5%   708 1481s
  5933  4889  430.79123   82 1107 1116.42040  430.06516  61.5%   707 1487s
  5935  4890  916.48328  187 1100 1116.42040  430.12697  61.5%   707 1492s
  5937  4892  521.87087   98 1091 1116.42040  430.20072  61.5%   707 1498s
  5938  4892  492.77793  102 1081 1116.42040  430.27396  61.5%   707 1500s
  5941  4894  449.92333  128 1105 1116.42040  430.27396  61.5%   706 1505s
  5944  4896  500.60303   46 1093 1116.42040  430.38110  61.4%   706 1511s
  5945  4897 1014.10540   53 1097 1116.42040  430.38110  61.4%   706 1515s
  5948  4899  585.58627   50 1094 1116.42040  430.56248  61.4%   705 1521s
  5952  4902  654.95887   98 1098 1116.42040  430.60249  61.4%   705 1526s
  5954  4903  487.65996  128 1108 1116.42040  431.14545  61.4%   705 1532s
  5956  4904  486.41103   35 1096 1116.42040  431.14545  61.4%   704 1538s
  5958  4906  490.08862  121 1100 1116.42040  431.14545  61.4%   704 1543s
  5962  4910  677.03360  122 21191 1116.42040  431.14545  61.4%   722 1552s
  5964  4911  653.47670   64  360 1116.42040  431.14545  61.4%   722 1599s
  5965  4912  491.90120   50  533 1116.42040  431.14545  61.4%   722 1621s
  5966  4913  701.43177  164  861 1116.42040  442.67806  60.3%   722 1627s
  5967  4913  685.99486  150 1049 1116.42040  442.67806  60.3%   722 1634s
  5968  4914  564.55637   62  980 1116.42040  442.67806  60.3%   722 1640s
  5970  4915  553.90980    9 1077 1116.42040  442.67806  60.3%   721 1645s
  5972  4917  442.67806   57 1079 1116.42040  442.67806  60.3%   721 1650s
  5974  4918  586.54730    6 1098 1116.42040  442.67806  60.3%   721 1657s
  5976  4919  442.67806   50 1093 1116.42040  442.67806  60.3%   721 1663s
  5978  4921  507.13810  124 1086 1116.42040  442.67806  60.3%   720 1668s
  5979  4921  442.67806    8 1086 1116.42040  442.67806  60.3%   720 1782s
  5980  4925  452.46535   20 1003 1116.42040  442.67806  60.3%   750 1791s
  5982  4928  456.38080   21 1013 1116.42040  445.75493  60.1%   750 1807s
  5986  4935  458.31752   22 1009 1116.42040  446.33590  60.0%   751 1816s
  5994  4948  464.82617   23 1004 1116.42040  446.34348  60.0%   753 1820s
  6010  4975  480.50682   24  992 1116.42040  447.14689  59.9%   754 1831s
  6042  4981  493.01302   25  909 1116.42040  452.93187  59.4%   759 1843s
  6070  5002  885.12134   26  691 1116.42040  452.93187  59.4%   764 1873s
  6118  5067  888.22191   27  769 1116.42040  452.93187  59.4%   778 1889s
  6215  5142  972.82316   29  762 1116.42040  452.93187  59.4%   777 1899s
  6332  5139  992.63231   31  778 1116.42040  452.93187  59.4%   777 1906s
  6376  5227  904.34553   32  766 1116.42040  452.93469  59.4%   779 1914s
  6487  5305  905.32014   33  725 1116.42040  452.93469  59.4%   777 1919s
  6606  5373  913.67199   34  714 1116.42040  452.93469  59.4%   770 1924s
  6716  5438  913.67199   35  711 1116.42040  452.93469  59.4%   764 1928s
  6822  5528  952.84964   36  733 1116.42040  452.93469  59.4%   760 1931s
  6955  5641  921.96619   37  685 1116.42040  452.93469  59.4%   751 1935s
  7262  5823  965.80802   39  708 1116.42040  452.93469  59.4%   731 1941s
  7427  5950  944.03989   41  680 1116.42040  452.93469  59.4%   720 1945s
  7622  6094  944.77792   44  664 1116.42040  452.93469  59.4%   709 1955s
  7850  6238  952.21899   47  614 1116.42040  452.93469  59.4%   693 1960s
  8087  6446  960.61489   49  610 1116.42040  452.93469  59.4%   679 1965s
  8685  6845  964.24459   52  595 1116.42040  452.93469  59.4%   642 1973s
  9013  7116  964.80532   53  598 1116.42040  454.25946  59.3%   625 1977s
  9393  7400  964.80532   55  596 1116.42040  454.25946  59.3%   604 1981s
  9807  7642  977.42203   59  580 1116.42040  454.25946  59.3%   582 1987s
 10194  7982  979.08061   62  584 1116.42040  454.25946  59.3%   565 1991s
 10667  8369  979.59286   65  555 1116.42040  454.25946  59.3%   544 1995s
 11779  9171  986.81055   71  569 1116.42040  454.25946  59.3%   500 2003s
 12391  9481  987.26520   77  549 1116.42040  454.25946  59.3%   478 2006s
 12909  9913  994.98829   80  546 1116.42040  454.25946  59.3%   463 2011s
 13518 10384  995.15391   85  492 1116.42040  454.25946  59.3%   446 2015s
 14876 11352 1010.76242   95  491 1116.42040  454.25946  59.3%   411 2024s
 15622 11988 1014.40945   98  503 1116.42040  454.25946  59.3%   395 2029s
 16511 12652 1015.12717  100  504 1116.42040  454.25946  59.3%   376 2033s
 17488 13229 1015.16662  103  495 1116.42040  454.25946  59.3%   357 2038s
 18416 13826 1091.68875  106  483 1116.42040  454.25946  59.3%   342 2045s
 19337 14501     cutoff  111      1116.42040  458.67670  58.9%   328 2050s
 20330 15188 1108.86902  117  445 1116.42040  458.67670  58.9%   314 2056s
 21397 16126     cutoff  127      1116.42040  458.67670  58.9%   301 2062s
 22493 17360     cutoff  137      1116.42040  461.69672  58.6%   289 2070s
 23759 18591 1051.65717  147  354 1116.42040  461.69672  58.6%   275 2075s
 25024 19939 1062.46645  161  328 1116.42040  461.69672  58.6%   263 2082s
 26410 21380     cutoff  171      1116.42040  461.69672  58.6%   251 2087s
 27904 22611     cutoff  181      1116.42040  461.69672  58.6%   239 2096s
 29312 25173 1074.24553  194  322 1116.42040  465.93400  58.3%   230 2196s
 31992 25239     cutoff  223      1116.42040  467.64595  58.1%   213 2226s
 32062 26446     cutoff  225      1116.42040  467.64595  58.1%   213 2233s
 33321 27668     cutoff  241      1116.42040  468.51315  58.0%   206 2240s
 34592 28989  896.28868   30  795 1116.42040  469.01347  58.0%   200 2246s
 35952 30335  916.93154   38  750 1116.42040  469.01347  58.0%   194 2254s
 37329 31563  944.43271   45  673 1116.42040  469.01347  58.0%   188 2259s
 38209 31563  660.45036   97  422 1116.42040  469.01347  58.0%   185 2260s
 38572 33246  947.12548   52  690 1116.42040  469.01347  58.0%   183 2265s
 40285 34983 1066.89133   61  654 1116.42040  469.01347  58.0%   177 2271s
 42072 36632 1023.72165   63  661 1116.42040  469.01347  58.0%   170 2278s
 43825 38311 1024.01336   66  658 1116.42040  469.01347  58.0%   165 2285s
 45535 40036 1031.69255   83  555 1116.42040  469.01347  58.0%   160 2292s
 47393 41741 1044.95995  106  410 1116.42040  469.01347  58.0%   155 2301s
 49230 43476 1077.13729  118  347 1116.42040  469.01347  58.0%   151 2309s
 51049 45422  580.62182   40  683 1116.42040  469.01347  58.0%   147 2317s
 53139 47301  594.82451   50  613 1116.42040  471.51267  57.8%   142 2326s
 55217 49213  601.52511   70  507 1116.42040  471.51267  57.8%   138 2334s
 57244 51392  606.02079   94  414 1116.42040  471.51267  57.8%   134 2343s
 59505 55482  620.44050  118  257 1116.42040  471.51267  57.8%   130 2814s
 63847 57735  633.85191  202  232 1116.42040  473.52879  57.6%   124 2826s
 66325 59950  644.89171  285  214 1116.42040  473.52879  57.6%   120 2837s
 68687 62809  645.95212  409  215 1116.42040  473.52879  57.6%   118 2848s
 71568 66100  649.25124  578  222 1116.42040  473.52879  57.6%   114 2859s
 74964 69357  667.42391  761  214 1116.42040  473.52879  57.6%   110 2870s
 78297 72952  705.87056  907  209 1116.42040  473.52879  57.6%   107 2881s
 82061 76453  761.84382 1074  209 1116.42040  473.52879  57.6%   103 2894s
 85783 80266  783.83297 1249  211 1116.42040  473.52879  57.6%   100 2906s
 89865 86736  794.59175 1401  205 1116.42040  473.52879  57.6%  96.1 3010s
 96712 89712  856.15254 1704  204 1116.42040  473.52879  57.6%  91.1 3036s
 99793 93031 1030.26257 1884  192 1116.42040  474.63340  57.5%  89.1 3047s
 103156 96689  909.38377 2098  196 1116.42040  474.63340  57.5%  87.0 3057s
 106905 100313  919.78424 2262  186 1116.42040  474.63340  57.5%  84.7 3069s
 108191 100313 1020.16870  865  219 1116.42040  474.63340  57.5%  83.9 3070s
 110651 103339  987.44861 2402  184 1116.42040  474.63340  57.5%  82.4 3080s
 113966 105905 1097.49302 2442  179 1116.42040  474.63340  57.5%  80.8 3091s
 116834 108315  626.91467   46  521 1116.42040  474.63340  57.5%  79.6 3100s
 119371 113374  666.50586   70  471 1116.42040  474.63340  57.5%  78.6 3200s
 124590 116510  702.28461  153  249 1116.42040  474.63340  57.5%  76.5 3215s
 127793 119938  703.59146  245  235 1116.42040  474.63340  57.5%  75.4 3226s
 131292 123513  705.53329  372  217 1116.42040  474.63340  57.5%  74.1 3237s
 135028 127091  724.29291  473  232 1116.42040  474.63340  57.5%  72.8 3249s
 138770 130218  775.21598  588  209 1116.42040  474.63340  57.5%  71.5 3261s
 142093 133693  792.43645  688  212 1116.42040  474.63340  57.5%  70.5 3272s
 145637 136752  832.79060  797  200 1116.42040  474.63340  57.5%  69.4 3282s
 148907 141714  838.09990  940  208 1116.42040  474.63340  57.5%  68.5 3398s
 154100 141809  904.16870 1113  199 1116.42040  474.63340  57.5%  67.1 3494s
 154196 145451  940.61798 1107  189 1116.42040  474.63340  57.5%  67.1 3512s
 157981 149237  927.40729 1223  187 1116.42040  474.63340  57.5%  66.1 3526s
 161894 152840 1077.51298 1385  176 1116.42040  474.63340  57.5%  65.0 3540s
 165597 156489  955.45108 1568  174 1116.42040  474.63340  57.5%  64.0 3552s
 169452 160203  991.97622 1732  176 1116.42040  474.63340  57.5%  63.0 3564s
 173357 163483 1039.00157 1904  169 1116.42040  474.63340  57.5%  61.9 3575s
 176815 166733 1060.70910 2066  159 1116.42040  474.63340  57.5%  61.1 3586s
 180376 171713 1092.72535 2221  159 1116.42040  474.63340  57.5%  60.3 3699s
 186008 174509  601.19402   47  713 1116.42040  474.63340  57.5%  59.0 3716s
 188994 177234  610.82505   53  587 1116.42040  478.28307  57.2%  58.4 3725s
 191809 180269  610.89425   56  579 1116.42040  478.28307  57.2%  58.0 3734s
 194952 183661  616.91732   74  482 1116.42040  478.28307  57.2%  57.4 3744s
 198434 187139  620.55809   89  461 1116.42040  478.28307  57.2%  56.8 3754s
 200211 187139  701.37616  109  337 1116.42040  478.28307  57.2%  56.5 3755s
 202026 190239  629.97083  102  438 1116.42040  478.28307  57.2%  56.2 3765s
 205277 193068  635.71408  110  444 1116.42040  478.28307  57.2%  55.7 3777s
 208288 196260  649.75406  125  375 1116.42040  478.28307  57.2%  55.3 3787s
 211653 200537  671.69227  154  318 1116.42040  479.60229  57.0%  54.8 3895s
 216131 203798  679.55416  227  246 1116.42040  479.60229  57.0%  54.3 3906s
 219561 206484  688.61918  288  280 1116.42040  479.60229  57.0%  53.9 3918s
 222370 209548  691.54289  378  213 1116.42040  480.87978  56.9%  53.7 3927s
 225441 213163  694.86355  480  229 1116.42040  480.87978  56.9%  53.5 3937s
 229061 217172  713.03777  574  210 1116.42040  480.87978  56.9%  53.1 3949s
 233119 220966  734.16793  713  187 1116.42040  480.87978  56.9%  52.5 3962s
 236988 225076  793.47829  840  175 1116.42040  480.87978  56.9%  52.0 3975s
 241234 230372  836.16647  948  168 1116.42040  480.87978  56.9%  51.4 4073s
 246882 233200  842.47248 1247  170 1116.42040  480.87978  56.9%  50.7 4089s
 249947 236055  929.62057 1342  166 1116.42040  480.87978  56.9%  50.3 4101s
 253075 239117  964.47240 1455  169 1116.42040  480.87978  56.9%  50.0 4109s
 254611 239117 1106.43157 2484  141 1116.42040  480.87978  56.9%  49.8 4110s
 256286 242022  976.33374 1708  162 1116.42040  480.87978  56.9%  49.6 4118s
 259281 245053  991.03359 1920  160 1116.42040  480.87978  56.9%  49.4 4126s
 262352 247900 1072.06397 2056  161 1116.42040  480.87978  56.9%  49.1 4135s
 265466 250924 1110.66742 2282  143 1116.42040  484.58691  56.6%  48.8 4145s
 268548 253971  620.24560   54  544 1116.42040  484.58691  56.6%  48.6 4154s
 271544 253971 1056.79535 1816  172 1116.42040  484.58691  56.6%  48.3 4155s
 271747 257962  634.89587   85  464 1116.42040  484.58691  56.6%  48.3 4258s
 276130 261055  709.64767  124  344 1116.42040  484.58691  56.6%  48.0 4270s
 279318 264037  748.29023  147  301 1116.42040  484.62255  56.6%  47.8 4281s
 282384 267293  749.73015  204  249 1116.42040  484.62255  56.6%  47.6 4291s
 285734 270213  758.33765  301  220 1116.42040  486.36552  56.4%  47.4 4302s
 288978 273297  770.17773  401  218 1116.42040  486.36552  56.4%  47.2 4312s
 292094 276958  780.67777  498  210 1116.42040  486.36552  56.4%  47.1 4323s
 295786 279989  785.37860  623  205 1116.42040  486.36552  56.4%  46.8 4336s
 299002 283523  788.47249  730  194 1116.42040  486.36552  56.4%  46.6 4347s
 302608 287993  834.01092  809  195 1116.42040  486.36552  56.4%  46.4 4463s
 307191 290897  838.49926  958  195 1116.42040  486.36552  56.4%  46.0 4476s
 310210 293992  863.35446 1072  186 1116.42040  486.36552  56.4%  45.8 4486s
 313348 297061  876.61397 1160  179 1116.42040  486.36552  56.4%  45.6 4498s
 316558 300204  900.60934 1311  172 1116.42040  486.36552  56.4%  45.5 4512s
 319822 300299 1005.45852 1434  167 1116.42040  486.36552  56.4%  45.3 4586s
 319917 303496 1016.45852 1433  168 1116.42040  486.36552  56.4%  45.3 4599s
 323155 306953 1077.28794 1551  155 1116.42040  486.36552  56.4%  45.1 4611s
 326725 307786     cutoff 1594      1116.42040  486.36552  56.4%  44.9 4619s
 327578 312407  552.41404   52  513 1116.42040  486.36552  56.4%  44.9 4631s
 332250 317344  559.49438   59  513 1116.42040  486.36552  56.4%  44.5 4733s
 337289 320611  563.42985   68  483 1116.42040  486.48697  56.4%  44.0 4747s
 340660 323588  567.28969   79  507 1116.42040  486.48697  56.4%  43.8 4757s
 343766 326213  592.56075  102  424 1116.42040  486.48697  56.4%  43.6 4766s
 346578 328957  614.95189  130  384 1116.42040  486.48697  56.4%  43.4 4774s
 349639 331642  631.31276  169  339 1116.42040  486.48697  56.4%  43.2 4783s
 352430 334566  638.48654  215  272 1116.42040  486.48697  56.4%  43.1 4791s
 355378 338087  642.63139  304  329 1116.42040  486.48697  56.4%  43.0 4800s
 358973 341577  659.20278  381  231 1116.42040  486.48697  56.4%  42.8 4810s
 362570 345439  657.64437  447  225 1116.42040  486.48697  56.4%  42.6 4909s
 365427 345439  970.06024 1555  170 1116.42040  486.48697  56.4%  42.4 4910s
 366541 348768  756.59985  500  225 1116.42040  486.48697  56.4%  42.4 4921s
 369975 351920  783.44203  595  214 1116.42040  486.48697  56.4%  42.2 4932s
 373330 355381  803.96821  700  207 1116.42040  488.51045  56.2%  42.1 4943s
 376814 359077  850.03029  765  204 1116.42040  488.51045  56.2%  41.9 4955s
 380587 362887  875.83277  864  257 1116.42040  488.51045  56.2%  41.7 4967s
 384632 366060  890.54137  990  243 1116.42040  488.51045  56.2%  41.5 4979s
 387947 369714  942.94927 1081  175 1116.42040  488.51045  56.2%  41.3 4991s
 391806 374219 1018.94434 1218  169 1116.42040  488.70732  56.2%  41.1 5101s
 396470 376988 1043.38841 1530  157 1116.42040  488.70732  56.2%  40.9 5119s
 399477 379935  624.75690   71  416 1116.42040  488.70732  56.2%  40.8 5128s
 402538 382830  648.96348  115  378 1116.42040  489.11657  56.2%  40.7 5139s
 405511 386010  683.05261  151  306 1116.42040  489.11657  56.2%  40.6 5148s
 408753 389542  826.95155  229  249 1116.42040  489.11657  56.2%  40.5 5159s
 412376 392671  795.58139  291  245 1116.42040  489.11657  56.2%  40.3 5171s
 415699 395562  829.64508  393  233 1116.42040  489.11657  56.2%  40.2 5182s
 418756 398646  851.15532  494  215 1116.42040  489.11657  56.2%  40.1 5191s
 421876 402205  856.10419  616  207 1116.42040  489.11657  56.2%  40.0 5294s
 424818 402205 1002.20997  779  212 1116.42040  489.11657  56.2%  39.9 5295s
 425591 405797  856.86956  754  208 1116.42040  489.11657  56.2%  39.9 5305s
 429241 409041  859.95519  867  208 1116.42040  489.11657  56.2%  39.7 5317s
 432618 412465  875.56624  971  203 1116.42040  489.11657  56.2%  39.6 5327s
 436186 416117  903.48949 1087  188 1116.42040  489.11657  56.2%  39.5 5338s
 439876 419894 1000.37952 1166  180 1116.42040  489.11657  56.2%  39.3 5350s
 443797 423391 1095.71373 1277  167 1116.42040  489.11657  56.2%  39.1 5360s
 447418 426729  596.23493   64  378 1116.42040  489.94631  56.1%  39.0 5371s
 450830 430338  609.87995   83  364 1116.42040  489.94631  56.1%  38.8 5465s
 454580 433353  659.72229  111  386 1116.42040  489.94631  56.1%  38.7 5477s
 457718 436820  695.97112  184  293 1116.42040  489.94631  56.1%  38.7 5488s
 461507 440416  702.70577  281  281 1116.42040  489.94631  56.1%  38.5 5502s
 465241 444015  727.41988  337  290 1116.42040  490.21533  56.1%  38.4 5516s
 468947 447397  737.82784  424  282 1116.42040  490.21533  56.1%  38.3 5527s
 472504 450771  746.64021  495  259 1116.42040  490.21533  56.1%  38.2 5539s
 475997 453895  766.17211  583  233 1116.42040  490.21533  56.1%  38.1 5552s
 479265 456509  776.24976  663  222 1116.42040  491.49382  56.0%  38.0 5565s
 481990 459936  800.06065  746  221 1116.42040  491.49382  56.0%  38.0 5679s
 485476 463119  818.81073  848  208 1116.42040  491.49382  56.0%  37.9 5690s
 488829 464245  848.39263  994  214 1116.42040  491.49382  56.0%  37.9 5738s
 489966 468488  848.39263  995  214 1116.42040  491.49382  56.0%  37.8 5752s
 494288 472994  878.98769 1124  211 1116.42040  491.49382  56.0%  37.8 5768s
 498972 477221  893.58308 1333  204 1116.42040  491.49382  56.0%  37.6 5784s
 503317 481045  909.39115 1486  206 1116.42040  491.49382  56.0%  37.5 5797s
 507156 484812  971.81713 1610  197 1116.42040  491.49382  56.0%  37.4 5811s
 511023 488564  707.82664   71  461 1116.42040  491.49382  56.0%  37.3 5913s
 514982 491636  735.65323  148  313 1116.42040  491.49382  56.0%  37.2 5924s
 518112 494804  727.96636  211  306 1116.42040  491.49382  56.0%  37.1 5935s
 521441 498172  743.92053  303  294 1116.42040  491.49382  56.0%  37.1 5947s
 524946 501554  748.00322  409  253 1116.42040  491.49382  56.0%  37.0 5957s
 528349 504760  769.25039  507  238 1116.42040  491.49382  56.0%  36.9 5970s
 531724 508214  784.57676  620  254 1116.42040  491.49382  56.0%  36.9 5981s
 535322 511149  798.56571  738  224 1116.42040  491.49382  56.0%  36.8 5991s
 538402 514469  832.06375  840  217 1116.42040  491.49382  56.0%  36.8 6001s
 541835 518480  846.92277  997  207 1116.42040  491.92001  55.9%  36.7 6137s
 546093 521474  966.40819 1192  197 1116.42040  491.92001  55.9%  36.6 6152s
 549274 524581 1020.81360 1411  164 1116.42040  491.92001  55.9%  36.6 6167s
 552454 527443 1061.50996 1539  154 1116.42040  491.92001  55.9%  36.5 6187s
 555476 530734  527.46114   74  520 1116.42040  491.92001  55.9%  36.5 6202s
 558798 533984  534.17575  110  455 1116.42040  491.92001  55.9%  36.4 6217s
 562152 537095  536.37939  128  438 1116.42040  491.92001  55.9%  36.3 6228s
 565294 540615  546.55587  149  415 1116.42040  491.92001  55.9%  36.3 6248s
 568844 544512  567.64862  203  313 1116.42040  491.92001  55.9%  36.2 6265s
 572854 549158  620.78653  261  277 1116.42040  491.92001  55.9%  36.1 6468s
 577598 552281  670.68464  393  236 1116.42040  491.92001  55.9%  35.9 6483s
 580780 555787  671.89644  481  238 1116.42040  491.92001  55.9%  35.8 6499s
 582559 555787 1093.43743 1124  230 1116.42040  491.92001  55.9%  35.7 6500s
 584351 559314  686.14177  590  222 1116.42040  491.92001  55.9%  35.7 6511s
 587960 562977  725.80967  656  211 1116.42040  491.92001  55.9%  35.6 6526s
 591714 566277  732.84447  743  200 1116.42040  491.92001  55.9%  35.4 6536s
 595058 569323  735.74001  824  194 1116.42040  491.92001  55.9%  35.3 6554s
 598305 572138  753.46555  935  191 1116.42040  491.92001  55.9%  35.3 6563s
 601239 574575  782.70525 1067  192 1116.42040  491.92001  55.9%  35.2 6579s
 603830 578299  809.09197 1154  165 1116.42040  491.92001  55.9%  35.1 6718s
 607597 581560  847.20485 1341  161 1116.42040  491.92001  55.9%  35.1 6729s
 610969 584737  873.48640 1554  164 1116.42040  491.92001  55.9%  35.0 6739s
 614218 588078 1008.72068 1763  149 1116.42040  491.92001  55.9%  35.0 6756s
 617655 591450  626.37210   62  452 1116.42040  491.92001  55.9%  35.0 6766s
 621123 594201  632.52991   76  414 1116.42040  491.92001  55.9%  34.9 6779s
 623968 597427  669.35513  122  362 1116.42040  491.92001  55.9%  34.9 6788s
 627317 597513  704.96209  195  290 1116.42040  491.92001  55.9%  34.8 6858s
 627409 601093  704.99563  198  286 1116.42040  491.92001  55.9%  34.8 6869s
 628079 601093  629.59116  215  303 1116.42040  491.92001  55.9%  34.8 6870s
 631093 604515  871.11300  275  247 1116.42040  494.26852  55.7%  34.8 6881s
 634610 608455  803.49650  369  238 1116.42040  494.26852  55.7%  34.7 7031s
 638586 611944  870.66571  397  233 1116.42040  494.26852  55.7%  34.7 7046s
 642147 615084  885.99641  504  205 1116.42040  494.26852  55.7%  34.6 7067s
 645386 618437  912.76745  602  206 1116.42040  494.26852  55.7%  34.5 7079s
 645525 618437 1087.45571 1613  142 1116.42040  494.26852  55.7%  34.5 7080s
 648858 621429  937.46423  718  184 1116.42040  494.26852  55.7%  34.5 7102s
 652035 624500  952.90928  804  180 1116.42040  494.91236  55.7%  34.4 7112s
 655237 627819  970.05486  917  179 1116.42040  494.91236  55.7%  34.4 7136s
 658691 630960  981.23249 1077  166 1116.42040  494.91236  55.7%  34.3 7159s
 661884 634522 1012.04116 1243  159 1116.42040  495.23510  55.6%  34.3 7171s

Cutting planes:
  Gomory: 12
  Implied bound: 301
  Projected implied bound: 31
  Clique: 4
  MIR: 73
  Flow cover: 73
  Zero half: 40
  RLT: 3
  Relax-and-lift: 632

Explored 665508 nodes (22777398 simplex iterations) in 7204.13 seconds (7068.97 work units)
Thread count was 32 (of 96 available processors)

Solution count 10: 1116.42 1126.52 1186.12 ... 1886.17

Time limit reached
Best objective 1.116420400000e+03, best bound 4.952351029631e+02, gap 55.6408%

User-callback calls 2007783, time in user-callback 4.16 sec
