
Gurobi 10.0.1 (win64) logging started Sun Sep 21 16:52:00 2025

Set parameter LogFile to value "log_group_6/bound_Expr399_s7_l1051_s11_e12_o40_d80_t60_s34_1_1_1_1.log"
Gurobi Optimizer version 10.0.1 build v10.0.1rc0 (win64)

CPU model: Intel(R) Core(TM) i7-10700 CPU @ 2.90GHz, instruction set [SSE2|AVX|AVX2]
Thread count: 8 physical cores, 16 logical processors, using up to 16 threads

Optimize a model with 686937 rows, 672470 columns and 8930866 nonzeros
Model fingerprint: 0xd62a283c
Variable types: 470 continuous, 672000 integer (672000 binary)
Coefficient statistics:
  Matrix range     [1e+00, 8e+02]
  Objective range  [1e+00, 1e+00]
  Bounds range     [1e+00, 1e+03]
  RHS range        [1e+00, 8e+02]
Presolve removed 678166 rows and 664189 columns
Presolve time: 4.35s
Presolved: 8771 rows, 8281 columns, 62953 nonzeros
Variable types: 281 continuous, 8000 integer (7996 binary)

Root simplex log...

Iteration    Objective       Primal Inf.    Dual Inf.      Time
       0    1.4780020e+02   9.640000e+02   0.000000e+00      6s
    5358    1.4780020e+02   0.000000e+00   0.000000e+00      6s

Root relaxation: objective 1.478002e+02, 5358 iterations, 0.46 seconds (0.99 work units)

    Nodes    |    Current Node    |     Objective Bounds      |     Work
 Expl Unexpl |  Obj  Depth IntInf | Incumbent    BestBd   Gap | It/Node Time

     0     0  147.80020    0  104          -  147.80020      -     -    6s
     0     0  147.80020    0  317          -  147.80020      -     -    7s
H    0     0                    1277.6643667  147.80020  88.4%     -    7s
     0     0  147.80020    0  283 1277.66437  147.80020  88.4%     -    7s
H    0     0                     973.9047667  147.80020  84.8%     -   10s
H    0     0                     894.4306333  147.80020  83.5%     -   10s
H    0     0                     654.2616667  147.80020  77.4%     -   10s
H    0     0                     488.5820667  147.80020  69.7%     -   10s
     0     0  147.80020    0  110  488.58207  147.80020  69.7%     -   10s
H    0     0                     466.3254000  147.80020  68.3%     -   10s
H    0     0                     417.6830000  147.80020  64.6%     -   11s
     0     0  147.80020    0  201  417.68300  147.80020  64.6%     -   11s
H    0     0                     366.5469333  147.80020  59.7%     -   12s
     0     0  147.80020    0  120  366.54693  147.80020  59.7%     -   13s
H    0     0                     360.8208667  147.80020  59.0%     -   14s
H    0     0                     355.1138333  147.80020  58.4%     -   15s
H    0     0                     322.4209667  147.80020  54.2%     -   15s
     0     0  147.80020    0  205  322.42097  147.80020  54.2%     -   15s
H    0     0                     321.3041667  147.80020  54.0%     -   17s
     0     0  147.80020    0  110  321.30417  147.80020  54.0%     -   17s
H    0     0                     319.9095667  147.80020  53.8%     -   17s
     0     0  147.80020    0  156  319.90957  147.80020  53.8%     -   18s
     0     0  147.80020    0  116  319.90957  147.80020  53.8%     -   19s
     0     0  147.80020    0  116  319.90957  147.80020  53.8%     -   20s
     0     2  147.80020    0  116  319.90957  147.80020  53.8%     -   21s
H   27    26                     304.7237000  147.80020  51.5%   587   24s
    52    47  147.80020   11  119  304.72370  147.80020  51.5%   415   25s
H   61    54                     301.6808000  147.80020  51.0%   374   28s
H   61    54                     301.4364000  147.80020  51.0%   374   28s
H   62    54                     301.3327333  147.80020  51.0%   373   28s
H   63    54                     281.0072667  147.80020  47.4%   369   28s
H   65    54                     278.0130333  147.80020  46.8%   361   28s
   174   150  147.80020   20  108  278.01303  147.80020  46.8%   198   30s
H  809   620                     274.9335333  147.80020  46.2%  92.1   36s
H  810   620                     274.9170333  147.80020  46.2%  92.4   36s
H  811   620                     272.9545333  147.80020  45.9%  92.6   36s
H  813   620                     272.7013000  147.80020  45.8%  92.6   36s
H  817   611                     254.6483667  147.80020  42.0%  92.5   40s
H  818   611                     254.5493667  147.80020  41.9%  92.6   40s
  1485  1122  205.65117   23  116  254.54937  147.80020  41.9%  73.0   54s
  1487  1123  188.12377  205  144  254.54937  147.80020  41.9%  72.9   56s

Cutting planes:
  Implied bound: 32
  Projected implied bound: 32
  Clique: 2
  MIR: 33
  Flow cover: 11
  Zero half: 8
  RLT: 1
  Relax-and-lift: 7

Explored 1487 nodes (188364 simplex iterations) in 60.21 seconds (115.55 work units)
Thread count was 16 (of 16 available processors)

Solution count 10: 254.549 254.648 272.701 ... 301.681

Time limit reached
Best objective 2.545493666663e+02, best bound 1.478002000000e+02, gap 41.9365%

User-callback calls 10707, time in user-callback 0.03 sec
