
Gurobi 10.0.0 (win64) logging started Sun Sep 21 03:11:14 2025

Set parameter LogFile to value "log_group_6/bound_Expr185_s3_l1051_s11_e12_o10_d20_t7200_s5_1_1_1_0.log"
Gurobi Optimizer version 10.0.0 build v10.0.0rc2 (win64)

CPU model: Intel(R) Core(TM) i7-10700 CPU @ 2.90GHz, instruction set [SSE2|AVX|AVX2]
Thread count: 8 physical cores, 16 logical processors, using up to 16 threads

Optimize a model with 18989 rows, 18180 columns and 244054 nonzeros
Model fingerprint: 0x971790ba
Variable types: 180 continuous, 18000 integer (18000 binary)
Coefficient statistics:
  Matrix range     [1e+00, 9e+02]
  Objective range  [1e+00, 1e+00]
  Bounds range     [1e+00, 1e+03]
  RHS range        [1e+00, 9e+02]
Presolve removed 18535 rows and 17872 columns
Presolve time: 0.11s
Presolved: 454 rows, 308 columns, 5130 nonzeros
Variable types: 55 continuous, 253 integer (252 binary)
Found heuristic solution: objective 73.3103000

Root relaxation: objective 2.413553e+01, 194 iterations, 0.00 seconds (0.00 work units)

    Nodes    |    Current Node    |     Objective Bounds      |     Work
 Expl Unexpl |  Obj  Depth IntInf | Incumbent    BestBd   Gap | It/Node Time

     0     0   24.13553    0   15   73.31030   24.13553  67.1%     -    0s
H    0     0                      51.8064000   24.13553  53.4%     -    0s
     0     0   24.13553    0   30   51.80640   24.13553  53.4%     -    0s
     0     0   24.13553    0   47   51.80640   24.13553  53.4%     -    0s
     0     0   24.13553    0   15   51.80640   24.13553  53.4%     -    0s
     0     0   34.82307    0   18   51.80640   34.82307  32.8%     -    0s
     0     0   34.90676    0   54   51.80640   34.90676  32.6%     -    0s
     0     0   34.94486    0   57   51.80640   34.94486  32.5%     -    0s
     0     0   34.94494    0   57   51.80640   34.94494  32.5%     -    0s
     0     0   34.94494    0   57   51.80640   34.94494  32.5%     -    0s
     0     0   34.94494    0   57   51.80640   34.94494  32.5%     -    0s
     0     0   34.96541    0   57   51.80640   34.96541  32.5%     -    0s
     0     0   34.97242    0   57   51.80640   34.97242  32.5%     -    0s
     0     0   46.36513    0   11   51.80640   46.36513  10.5%     -    0s
     0     0   46.36513    0   11   51.80640   46.36513  10.5%     -    0s
     0     0   46.36513    0   11   51.80640   46.36513  10.5%     -    0s
     0     0     cutoff    0        51.80640   51.80640  0.00%     -    0s

Cutting planes:
  Implied bound: 6
  MIR: 10
  Inf proof: 1
  Zero half: 9
  RLT: 27
  Relax-and-lift: 4

Explored 1 nodes (1340 simplex iterations) in 0.23 seconds (0.38 work units)
Thread count was 16 (of 16 available processors)

Solution count 2: 51.8064 73.3103 

Optimal solution found (tolerance 1.00e-04)
Best objective 5.180639999990e+01, best bound 5.180639999990e+01, gap 0.0000%

User-callback calls 1607, time in user-callback 0.00 sec
