
Gurobi 10.0.3 (win64) logging started Sun Sep 21 06:20:01 2025

Set parameter LogFile to value "log_group_6/bound_Expr261_s5_l1051_s11_e12_o20_d40_t1200_s11_0_1_0_1.log"
Gurobi Optimizer version 10.0.3 build v10.0.3rc0 (win64)

CPU model: 11th Gen Intel(R) Core(TM) i7-11700 @ 2.50GHz, instruction set [SSE2|AVX|AVX2|AVX512]
Thread count: 8 physical cores, 16 logical processors, using up to 16 threads

Optimize a model with 174145 rows, 170310 columns and 1692690 nonzeros
Model fingerprint: 0x36f6e7a1
Variable types: 310 continuous, 170000 integer (170000 binary)
Coefficient statistics:
  Matrix range     [1e+00, 8e+02]
  Objective range  [1e+00, 1e+00]
  Bounds range     [1e+00, 1e+03]
  RHS range        [1e+00, 8e+02]
Presolve removed 168376 rows and 165036 columns
Presolve time: 1.17s
Presolved: 5769 rows, 5274 columns, 44500 nonzeros
Variable types: 270 continuous, 5004 integer (5001 binary)
Found heuristic solution: objective 354.9520333

Root relaxation: objective 7.947717e+01, 1429 iterations, 0.04 seconds (0.06 work units)

    Nodes    |    Current Node    |     Objective Bounds      |     Work
 Expl Unexpl |  Obj  Depth IntInf | Incumbent    BestBd   Gap | It/Node Time

     0     0   79.47717    0   34  354.95203   79.47717  77.6%     -    1s
H    0     0                     333.8033333   79.47717  76.2%     -    1s
H    0     0                     301.0612333   79.47717  73.6%     -    1s
     0     0   79.47717    0   39  301.06123   79.47717  73.6%     -    1s
H    0     0                     186.7718333   79.47717  57.4%     -    2s
H    0     0                     123.6352333   79.47717  35.7%     -    2s
     0     0   79.47717    0   34  123.63523   79.47717  35.7%     -    2s
     0     0   79.47717    0   39  123.63523   79.47717  35.7%     -    2s
H    0     0                     113.3076333   79.47717  29.9%     -    2s
     0     0   79.47717    0   37  113.30763   79.47717  29.9%     -    2s
     0     0   81.96883    0   32  113.30763   81.96883  27.7%     -    3s
     0     0   81.96883    0   42  113.30763   81.96883  27.7%     -    3s
     0     0   81.96883    0   40  113.30763   81.96883  27.7%     -    3s
     0     0   83.42633    0   30  113.30763   83.42633  26.4%     -    3s
     0     0   83.42633    0   30  113.30763   83.42633  26.4%     -    3s
     0     0   83.42633    0   30  113.30763   83.42633  26.4%     -    3s
     0     0   83.42633    0   30  113.30763   83.42633  26.4%     -    4s
     0     0   83.42633    0   30  113.30763   83.42633  26.4%     -    4s
     0     2   83.42633    0   30  113.30763   83.42633  26.4%     -    4s
H   78    78                     113.3076333   83.42633  26.4%  17.8    4s
   119   134   83.42633   17   30  113.30763   83.42633  26.4%  12.8    5s
H  124   134                     113.3076331   83.42633  26.4%  12.3    5s
H 3322  3020                     113.3076324   83.42633  26.4%   3.5    6s
  9667  5885  106.03133  253   18  113.30763   92.53606  18.3%   4.1   10s
 30005 22288   99.31359  133   22  113.30763   96.95433  14.4%   3.2   16s
 54106 38463  107.07728   74   27  113.30763   96.95433  14.4%   2.9   20s
 82898 60609  111.83500  154   14  113.30763   96.95433  14.4%   2.7   25s
 111424 80595  113.08083  125    6  113.30763   96.97625  14.4%   2.6   30s
 139261 100008     cutoff  183       113.30763   97.70500  13.8%   2.7   35s
H163998 115685                     113.3076324   97.70500  13.8%   2.6   39s
 165133 117110  112.33017   43   10  113.30763   97.70936  13.8%   2.6   40s
H166385 117552                     113.3076323   97.70936  13.8%   2.6   40s
H167961 118328                     113.3076313   97.70979  13.8%   2.6   40s
 194382 135921  110.84872   56   24  113.30763   98.39667  13.2%   2.7   45s
 224638 156281  113.12283  180   10  113.30763   98.43164  13.1%   2.7   50s
 254029 175895  111.83500  130   20  113.30763   98.55900  13.0%   2.7   55s
 278507 193280  109.27028   65   25  113.30763   99.14733  12.5%   2.7   60s
 304982 209678  113.08083  190   14  113.30763   99.25295  12.4%   2.7   65s
 328399 225123  111.08433   82   21  113.30763   99.28067  12.4%   2.7   70s
 357525 248252     cutoff   66       113.30763   99.31778  12.3%   2.7   75s
 383106 264018  113.26563  181    4  113.30763  100.03724  11.7%   2.7   80s
 410482 281580     cutoff  128       113.30763  100.26917  11.5%   2.7   85s
 438706 299896  111.83500  161   17  113.30763  100.78200  11.1%   2.7   90s
 467057 318977     cutoff   52       113.30763  101.51567  10.4%   2.7   95s
 493485 336072     cutoff  380       113.30763  102.58978  9.46%   2.7  100s
 520153 350646  113.17683  194    6  113.30763  103.37766  8.76%   2.7  105s
 547232 364049  113.12283  189   10  113.30763  105.87012  6.56%   2.8  110s
 567742 375602  111.10551   99   24  113.30763  107.07728  5.50%   2.8  115s
 587752 388542  113.25363  179    8  113.30763  107.07772  5.50%   2.8  120s
 607226 401643  113.12283  289    8  113.30763  107.16560  5.42%   2.8  125s
 625982 414873  111.87700  239   16  113.30763  107.24439  5.35%   2.7  130s
 647604 430920     cutoff  112       113.30763  107.45261  5.17%   2.7  135s
 668176 444499  109.03106   51   24  113.30763  107.45261  5.17%   2.7  140s
 690221 460960  110.67183  124   16  113.30763  107.45261  5.17%   2.7  145s
 713340 477958  113.08083  148   12  113.30763  107.45261  5.17%   2.7  150s
 734305 492353  111.83500  103   14  113.30763  107.45261  5.17%   2.7  155s
 758464 507721  113.12283   97   12  113.30763  107.45261  5.17%   2.6  160s
 779980 522949  111.83500   93   16  113.30763  107.45261  5.17%   2.6  165s
 802164 539278  113.12283  166    6  113.30763  107.49461  5.13%   2.6  170s
 822896 553116  107.49461   74   25  113.30763  107.49461  5.13%   2.6  175s
 846204 567909  113.08083  146   11  113.30763  107.57772  5.06%   2.6  180s
 867590 583877  111.87700   65   12  113.30763  107.57772  5.06%   2.6  185s
 894142 603856  107.59964   69   26  113.30763  107.59964  5.04%   2.6  190s
 919023 618108  109.14361   75   20  113.30763  107.60511  5.03%   2.6  195s
H939297 629948                     113.3076309  107.68822  4.96%   2.6  199s
 941101 631847  113.12283  200   12  113.30763  107.68822  4.96%   2.6  200s
 969110 650150     cutoff  118       113.30763  107.79086  4.87%   2.6  205s
 990343 664397     cutoff  133       113.30763  107.82794  4.84%   2.6  210s
H1006598 674972                     113.3076307  107.82794  4.84%   2.6  213s
 1013009 679101  107.82794   56   28  113.30763  107.82794  4.84%   2.5  215s
 1032405 692306     cutoff  251       113.30763  107.82794  4.84%   2.5  220s
 1057293 708351  111.83500  136   14  113.30763  107.82794  4.84%   2.5  225s
 1080196 722215  109.27028   49   23  113.30763  107.82794  4.84%   2.5  230s
 1103568 735610  108.99111   44   21  113.30763  107.82794  4.84%   2.5  235s
 1125795 749379  110.01733   81   21  113.30763  107.82794  4.84%   2.5  240s
 1149771 763314  111.83500  131   18  113.30763  107.82794  4.84%   2.5  245s
 1170489 777260  108.99111   32   22  113.30763  107.82794  4.84%   2.5  250s
 1192284 792616  113.12283  139    4  113.30763  107.82794  4.84%   2.5  255s
 1211870 804251  112.74750   55   10  113.30763  107.82794  4.84%   2.5  260s
 1235851 819580  113.12283  189    8  113.30763  107.82794  4.84%   2.5  265s
 1257118 834687  111.83500  129   16  113.30763  107.82794  4.84%   2.5  270s
 1281459 851005     cutoff  154       113.30763  107.82794  4.84%   2.5  275s
 1298531 861066  113.08083  126    9  113.30763  107.82930  4.83%   2.5  280s
 1312787 868741  113.12283   73   14  113.30763  107.86994  4.80%   2.5  285s
 1328595 878951  113.12283   71   10  113.30763  107.86994  4.80%   2.5  290s
 1345170 888774  113.12283  162   12  113.30763  107.86994  4.80%   2.5  295s
 1360782 900477     cutoff   94       113.30763  107.88703  4.78%   2.5  300s
 1377763 911136  112.02079   60   21  113.30763  107.93844  4.74%   2.5  305s
 1392627 921540  111.83500  124   16  113.30763  107.93844  4.74%   2.5  310s
 1410650 931570  110.01733   65   18  113.30763  107.93844  4.74%   2.5  315s
 1427640 943818     cutoff   43       113.30763  107.95306  4.73%   2.5  320s
 1446245 955973  111.87700   74    8  113.30763  107.95306  4.73%   2.5  325s
 1463511 969053  110.39267   82   22  113.30763  107.95306  4.73%   2.5  330s
 1480964 981589  109.11622   61   24  113.30763  107.95306  4.73%   2.5  335s
 1498022 992683  111.83500   69   10  113.30763  107.95306  4.73%   2.5  340s
 1515423 1005250  110.39267  118   20  113.30763  107.95306  4.73%   2.5  345s
 1533068 1017062     cutoff  136       113.30763  107.95306  4.73%   2.5  350s
 1548485 1028579  111.83500   75   16  113.30763  107.95306  4.73%   2.5  355s
 1573195 1044738  113.12283  131    8  113.30763  107.98044  4.70%   2.5  360s
 1593164 1058541  111.45967   89   20  113.30763  107.99300  4.69%   2.5  365s
 1617438 1075185  111.87700   76   16  113.30763  107.99506  4.69%   2.5  370s
 1638538 1089611  113.17683   96    6  113.30763  108.06356  4.63%   2.5  375s
 1659080 1103720  111.83500   56   18  113.30763  108.08547  4.61%   2.5  380s
 1678433 1114921  111.87700   81   14  113.30763  108.08547  4.61%   2.5  385s
 1694315 1126294     cutoff  116       113.30763  108.13821  4.56%   2.5  390s
 1711118 1138251  111.87700  148   14  113.30763  108.24044  4.47%   2.5  395s
 1727859 1150114  113.12283  117    8  113.30763  108.24044  4.47%   2.5  400s
 1744175 1162767  113.12283  103   10  113.30763  108.24044  4.47%   2.5  405s
 1761261 1173785     cutoff  128       113.30763  108.24322  4.47%   2.4  410s
 1775302 1182229     cutoff   36       113.30763  108.24322  4.47%   2.4  415s
 1791536 1192785  111.45967   50   17  113.30763  108.26236  4.45%   2.4  420s
 1809167 1203970  108.66664   95   22  113.30763  108.26236  4.45%   2.4  425s
 1827811 1216679  111.87700  130   14  113.30763  108.28244  4.43%   2.4  430s
 1843687 1226845  113.17683  155    2  113.30763  108.30231  4.42%   2.4  435s
 1860314 1236655     cutoff  132       113.30763  108.31378  4.41%   2.4  440s
 1875593 1246924  111.45967  100   22  113.30763  108.31378  4.41%   2.4  445s
 1891624 1256989  112.70550   79   16  113.30763  108.31378  4.41%   2.4  450s
 1906879 1266126  111.83500  113   20  113.30763  108.31378  4.41%   2.4  455s
 1927079 1277843  112.52123   64   19  113.30763  108.31378  4.41%   2.5  460s
 1946967 1290107  111.45967   75   18  113.30763  108.31378  4.41%   2.5  465s
 1967289 1303856  110.01733   81   19  113.30763  108.31378  4.41%   2.4  470s
 1987198 1315331  113.21163  190   12  113.30763  108.32839  4.39%   2.5  475s
 2009261 1330128  109.49156  100   22  113.30763  108.32839  4.39%   2.5  480s
 2025000 1340176  113.12283  118    8  113.30763  108.32839  4.39%   2.5  485s
 2041925 1351003     cutoff   68       113.30763  108.32839  4.39%   2.5  490s
 2059868 1362164  111.83500   65   16  113.30763  108.32839  4.39%   2.5  495s
 2076945 1374785  113.08083  130    8  113.30763  108.32839  4.39%   2.4  500s
 2094075 1385922  113.08083  165   12  113.30763  108.32839  4.39%   2.4  505s
 2108982 1394827  111.87700  141   12  113.30763  108.32839  4.39%   2.4  510s
 2125036 1404729  111.83500  117   16  113.30763  108.32839  4.39%   2.4  515s
 2142675 1415564  113.08083   40    8  113.30763  108.32839  4.39%   2.4  520s
 2161002 1427209  111.83500   97   12  113.30763  108.34078  4.38%   2.4  525s
H2167154 1431376                     113.3048108  108.35372  4.37%   2.4  527s
 2176327 1436472     cutoff  129       113.30481  108.35578  4.37%   2.4  530s
 2191262 1446203     cutoff  181       113.30481  108.36833  4.36%   2.4  535s
 2205875 1455728  111.45967  107   20  113.30481  108.36833  4.36%   2.4  540s
 2222619 1464519  113.12283   94    4  113.30481  108.37039  4.35%   2.4  545s
 2240394 1476311  111.83500  147   21  113.30481  108.37286  4.35%   2.4  550s
 2258646 1490112  113.08083  151   16  113.30481  108.38747  4.34%   2.4  555s
 2275369 1501206  111.97533   47   16  113.30481  108.43889  4.29%   2.4  560s
 2290733 1512076  111.83500  113   16  113.30481  108.43889  4.29%   2.4  565s
 2305514 1521758  113.08083  109   12  113.30481  108.43889  4.29%   2.4  570s
 2320723 1529764  113.12283  167    8  113.30481  108.43889  4.29%   2.4  575s
 2338892 1540837     cutoff  134       113.30481  108.47883  4.26%   2.4  580s
 2352271 1547734  113.12283  101   12  113.30481  108.48089  4.26%   2.4  585s
 2371027 1560155  111.87700   77   10  113.30481  108.51961  4.22%   2.4  590s
 2387560 1572467  111.45967   94   16  113.30481  108.54153  4.20%   2.4  595s
 2402828 1581787  113.21163  155   10  113.30481  108.61578  4.14%   2.4  600s
 2421508 1596179  111.83500   97   20  113.30481  108.61578  4.14%   2.4  605s
 2438946 1608632  113.08083  108   12  113.30481  108.61578  4.14%   2.4  610s
 2456216 1621010  113.23146   49   27  113.30481  108.61578  4.14%   2.4  615s
 2473405 1635284  113.08083   88   12  113.30481  108.61578  4.14%   2.4  620s
 2491535 1647585  110.39267   84   18  113.30481  108.61578  4.14%   2.4  625s
 2507358 1659261  111.83500   73   14  113.30481  108.61578  4.14%   2.4  630s
 2523831 1671309  111.26317   52   16  113.30481  108.61578  4.14%   2.4  635s
 2538356 1682095  113.08083  100   10  113.30481  108.61578  4.14%   2.4  640s
 2552825 1693151  113.08083  114    6  113.30481  108.61578  4.14%   2.4  645s
 2569550 1704590  110.27689   68   24  113.30481  108.61578  4.14%   2.4  650s
 2587367 1715050     cutoff  186       113.30481  108.61578  4.14%   2.4  655s
 2603936 1728268  113.08083  110    8  113.30481  108.61578  4.14%   2.4  660s
 2619508 1740398  113.12283  147    8  113.30481  108.61578  4.14%   2.4  665s
 2636699 1752421  111.83500  104   14  113.30481  108.61578  4.14%   2.4  670s
 2654469 1765101  111.45967  118   18  113.30481  108.61578  4.14%   2.4  675s
 2673239 1777849  111.83500   81   14  113.30481  108.61578  4.14%   2.4  680s
 2693247 1792728  113.25363  226    2  113.30481  108.61578  4.14%   2.4  685s
 2716360 1809651     cutoff  118       113.30481  108.61578  4.14%   2.4  690s
 2733565 1822707  113.08083   86   12  113.30481  108.61578  4.14%   2.4  695s
 2749463 1835365  113.12283   86    6  113.30481  108.61578  4.14%   2.4  700s
 2770921 1850756  111.83500  104   14  113.30481  108.61578  4.14%   2.4  705s
 2787381 1863215  111.83500   68   16  113.30481  108.65203  4.11%   2.4  710s
 2803100 1874964     cutoff  231       113.30481  108.65778  4.10%   2.4  715s
 2819153 1885905  109.68400   49   20  113.30481  108.65778  4.10%   2.4  720s
 2836562 1897453     cutoff  186       113.30481  108.65778  4.10%   2.4  725s
 2852839 1909710  111.30517   54   14  113.30481  108.65778  4.10%   2.4  730s
 2867897 1919405  111.87700  104   10  113.30481  108.65778  4.10%   2.4  735s
 2883109 1929170  111.83500  110   16  113.30481  108.67764  4.08%   2.4  740s
 2898380 1940978  111.83500  253   16  113.30481  108.70150  4.06%   2.4  745s
 2914821 1952931  111.45967   62   19  113.30481  108.72628  4.04%   2.4  750s
 2929551 1963779 infeasible   56       113.30481  108.72628  4.04%   2.4  755s
 2944226 1972890  108.73169   89   21  113.30481  108.72906  4.04%   2.4  760s
 2960258 1983551  110.43467  121   22  113.30481  108.74089  4.03%   2.4  765s
 2975708 1994350  113.08083  130   12  113.30481  108.74089  4.03%   2.4  770s
 2991547 2005408  113.08083  193   10  113.30481  108.74089  4.03%   2.4  775s
 3007295 2015510  113.08083  103   10  113.30481  108.74089  4.03%   2.4  780s
 3028175 2030848  111.83500   57   16  113.30481  108.74089  4.03%   2.4  785s
 3047122 2044622  111.83500  114   16  113.30481  108.74367  4.03%   2.4  790s
 3066739 2058947  111.83500  178   16  113.30481  108.74367  4.03%   2.4  795s
 3089185 2073061  110.39267   65   18  113.30481  108.74367  4.03%   2.4  800s
 3106765 2084590  111.83500  124   14  113.30481  108.74367  4.03%   2.4  805s
 3121991 2094888  111.83500   91   16  113.30481  108.74367  4.03%   2.4  810s
 3135862 2103584  110.53442   43   21  113.30481  108.74819  4.02%   2.4  815s
 3151214 2112820  110.53442   46   21  113.30481  108.74819  4.02%   2.4  820s
 3163850 2121336     cutoff   32       113.30481  108.74819  4.02%   2.4  825s
 3179417 2132500  111.83500  216   16  113.30481  108.75811  4.01%   2.4  830s
 3195602 2144233  113.08083   90   12  113.30481  108.76281  4.01%   2.4  835s
 3213667 2156229  113.12283  154   12  113.30481  108.76281  4.01%   2.4  840s
 3228089 2166370  113.08083  104    8  113.30481  108.76281  4.01%   2.4  845s
 3243422 2176276  113.12283  160    8  113.30481  108.77106  4.00%   2.4  850s
 3258995 2187631  113.12283  133    8  113.30481  108.78289  3.99%   2.4  855s
 3273847 2197168  111.50167  115   20  113.30481  108.78289  3.99%   2.4  860s
 3288207 2208152  111.87700   72   10  113.30481  108.78567  3.99%   2.4  865s
 3302092 2218363  113.12283   79   10  113.30481  108.79019  3.98%   2.4  870s
 3316808 2227220  111.83500  100   12  113.30481  108.80231  3.97%   2.4  875s
 3331252 2237286  111.31812  115   19  113.30481  108.81422  3.96%   2.4  880s
 3342673 2243934  111.83500  123   18  113.30481  108.81422  3.96%   2.4  885s
 3355010 2251166     cutoff   81       113.30481  108.81422  3.96%   2.4  890s
 3367367 2258727  111.83500   74   16  113.30481  108.81422  3.96%   2.4  895s
 3379007 2265078  113.08083  126   14  113.30481  108.81422  3.96%   2.4  900s
 3392671 2273688  112.52123  104   18  113.30481  108.85139  3.93%   2.4  905s
 3406872 2281542  111.87700  101    8  113.30481  108.85417  3.93%   2.4  910s
 3419977 2290810  110.01733   61   18  113.30481  108.85417  3.93%   2.4  915s
 3434401 2300986  111.83500  111   14  113.30481  108.85417  3.93%   2.4  920s
 3447647 2309665  113.25363  224    8  113.30481  108.85417  3.93%   2.4  925s
 3461208 2317929  111.87700  107   12  113.30481  108.85622  3.93%   2.4  930s
 3474564 2327853  110.53442   42   18  113.30481  108.87331  3.91%   2.4  935s
 3489172 2338521  113.12283  100   10  113.30481  108.87331  3.91%   2.4  940s
 3503449 2348541  111.83500  145   16  113.30481  108.89494  3.89%   2.4  945s
 3516164 2358124  112.83061  113   13  113.30481  108.89494  3.89%   2.4  950s
 3528282 2367591  112.20506   57   17  113.30481  108.89494  3.89%   2.4  955s
 3542287 2378370  112.33017   62   16  113.30481  108.89494  3.89%   2.4  960s
 3555014 2387206  111.83500  113   18  113.30481  108.89494  3.89%   2.4  965s
 3567122 2396411     cutoff  253       113.30481  108.89617  3.89%   2.4  970s
 3580772 2406157  111.83500  131   10  113.30481  108.91325  3.88%   2.4  975s
 3594054 2415606  111.87700   97   12  113.30481  108.93694  3.85%   2.4  980s
 3607125 2423663  110.01733   70   23  113.30481  108.99110  3.81%   2.4  985s
 3620194 2432032  111.83500  165   18  113.30481  108.99111  3.81%   2.4  990s
 3632434 2439969     cutoff   95       113.30481  108.99111  3.81%   2.4  995s
 3646613 2449804  111.88900  166   16  113.30481  108.99111  3.81%   2.4 1000s
 3661133 2459913  113.08083  143    8  113.30481  108.99111  3.81%   2.4 1005s
 3676980 2470414  111.87700  179   14  113.30481  108.99111  3.81%   2.4 1010s
 3691255 2481521  111.83500  144   12  113.30481  108.99111  3.81%   2.4 1015s
 3707857 2491600     cutoff  272       113.30481  108.99111  3.81%   2.4 1020s
 3723733 2502590     cutoff  177       113.30481  108.99111  3.81%   2.4 1025s
 3737782 2513000  111.83500   83   14  113.30481  108.99111  3.81%   2.4 1030s
 3748416 2520848  111.45967   71   18  113.30481  108.99111  3.81%   2.4 1035s
 3761829 2529753  111.83500   99   18  113.30481  108.99111  3.81%   2.4 1040s
 3773569 2538865  112.70550   84   13  113.30481  108.99111  3.81%   2.4 1045s
 3784619 2546663  110.01733   50   23  113.30481  108.99111  3.81%   2.4 1050s
 3795601 2554818     cutoff  147       113.30481  108.99111  3.81%   2.4 1055s
 3807737 2563313  111.26317  139   22  113.30481  108.99111  3.81%   2.4 1060s
 3819999 2571837  111.83500  123   18  113.30481  108.99111  3.81%   2.4 1065s
 3833923 2581455  111.45967  105   21  113.30481  108.99111  3.81%   2.4 1070s
 3845071 2588921  113.08083   65   12  113.30481  108.99111  3.81%   2.4 1076s
 3857615 2597191  112.70550   84   19  113.30481  108.99111  3.81%   2.4 1080s
 3869548 2605190  113.17683  126    4  113.30481  108.99111  3.81%   2.4 1085s
 3882618 2614404  110.84872   73   20  113.30481  108.99111  3.81%   2.4 1090s
 3894165 2622797  113.12283  136    6  113.30481  108.99111  3.81%   2.4 1095s
 3905252 2630583  111.45967   77   17  113.30481  108.99111  3.81%   2.4 1100s
 3920661 2641253  112.70550   96   10  113.30481  108.99111  3.81%   2.4 1105s
 3935738 2652309  111.87700  137   12  113.30481  108.99111  3.81%   2.4 1110s
 3950647 2663662  112.70550   82   12  113.30481  108.99111  3.81%   2.4 1115s
 3966302 2674559  112.70550   68   17  113.30481  108.99111  3.81%   2.4 1120s
 3980025 2683960  111.45967  105   18  113.30481  108.99111  3.81%   2.4 1125s
 3994577 2692916  113.12283  146   10  113.30481  108.99111  3.81%   2.4 1130s
 4004322 2700116  113.23351   97   21  113.30481  108.99111  3.81%   2.4 1135s
 4015942 2708107  111.45967   72   14  113.30481  108.99111  3.81%   2.4 1140s
 4026385 2715496  111.45967   58   15  113.30481  108.99111  3.81%   2.4 1145s
 4039217 2723781  111.58478   84   17  113.30481  108.99111  3.81%   2.4 1150s
 4050358 2731617  113.25363  230    8  113.30481  108.99111  3.81%   2.4 1155s
 4060659 2738227  108.99111  114   30  113.30481  108.99111  3.81%   2.4 1160s
 4072279 2745514     cutoff   68       113.30481  108.99111  3.81%   2.4 1165s
 4085265 2754578  111.74019  116   17  113.30481  108.99111  3.81%   2.4 1170s
 4094667 2761428  111.26317   79   16  113.30481  108.99111  3.81%   2.4 1175s
 4105255 2768546  113.08083   94   14  113.30481  108.99111  3.81%   2.4 1180s
 4118205 2776804  113.12283  145    8  113.30481  108.99111  3.81%   2.4 1185s
 4129070 2783934  111.87700  118   10  113.30481  108.99111  3.81%   2.4 1190s
 4139087 2791623  112.70550   69   16  113.30481  108.99111  3.81%   2.4 1195s
 4149257 2798085  113.17683  138    2  113.30481  108.99111  3.81%   2.4 1200s

Cutting planes:
  Learned: 1
  Gomory: 1
  Implied bound: 58
  MIR: 3
  Flow cover: 9
  RLT: 2
  Relax-and-lift: 40

Explored 4149672 nodes (9860636 simplex iterations) in 1200.25 seconds (733.69 work units)
Thread count was 16 (of 16 available processors)

Solution count 10: 113.305 113.308 113.308 ... 113.308

Time limit reached
Best objective 1.133048107871e+02, best bound 1.089911111111e+02, gap 3.8072%

User-callback calls 8371732, time in user-callback 11.08 sec
