
Gurobi 10.0.1 (win64) logging started Sun Sep 21 07:49:14 2025

Set parameter LogFile to value "log_group_6/bound_Expr138_s10_l1051_s11_e12_o100_d200_t7200_s68_1_1_1_1.log"
Gurobi Optimizer version 10.0.1 build v10.0.1rc0 (win64)

CPU model: Intel(R) Core(TM) i7-10700 CPU @ 2.90GHz, instruction set [SSE2|AVX|AVX2]
Thread count: 8 physical cores, 16 logical processors, using up to 16 threads

Optimize a model with 5203737 rows, 5100800 columns and 63473880 nonzeros
Model fingerprint: 0xe43f1dd8
Variable types: 800 continuous, 5100000 integer (5100000 binary)
Coefficient statistics:
  Matrix range     [1e+00, 9e+02]
  Objective range  [1e+00, 1e+00]
  Bounds range     [1e+00, 1e+03]
  RHS range        [1e+00, 9e+02]
Presolve removed 100 rows and 100 columns (presolve time = 5s) ...
Presolve removed 100 rows and 100 columns (presolve time = 10s) ...
Presolve removed 100 rows and 100 columns (presolve time = 16s) ...
Presolve removed 5162307 rows and 5060850 columns (presolve time = 20s) ...
Presolve removed 5162407 rows and 5060950 columns (presolve time = 25s) ...
Presolve removed 5162407 rows and 5060451 columns
Presolve time: 27.52s
Presolved: 41330 rows, 40349 columns, 238989 nonzeros
Variable types: 600 continuous, 39749 integer (39749 binary)
Found heuristic solution: objective 16209.480433
Deterministic concurrent LP optimizer: primal and dual simplex
Showing first log only...


Root simplex log...

Iteration    Objective       Primal Inf.    Dual Inf.      Time
       0   -6.8767000e+04   1.878409e+04   5.954549e+08     37s
   14519    7.5233000e+04   0.000000e+00   1.104000e+03     40s
   14669    4.3166377e+02   0.000000e+00   0.000000e+00     40s
Concurrent spin time: 0.37s

Solved with primal simplex
   14669    4.3166377e+02   0.000000e+00   0.000000e+00     40s

Root relaxation: objective 4.316638e+02, 14669 iterations, 2.99 seconds (8.01 work units)
Total elapsed time = 46.53s

    Nodes    |    Current Node    |     Objective Bounds      |     Work
 Expl Unexpl |  Obj  Depth IntInf | Incumbent    BestBd   Gap | It/Node Time

     0     0  431.66377    0  361 16209.4804  431.66377  97.3%     -   49s
H    0     0                    16094.172533  431.66377  97.3%     -   49s
H    0     0                    15985.547200  431.66377  97.3%     -   50s
     0     0  431.66377    0  538 15985.5472  431.66377  97.3%     -   58s
H    0     0                    6781.6563000  431.66377  93.6%     -   78s
H    0     0                    3755.4338997  431.66377  88.5%     -   79s
     0     0  431.66377    0  535 3755.43390  431.66377  88.5%     -   79s
H    0     0                    3465.4519997  431.66377  87.5%     -  109s
     0     0  431.66377    0  339 3465.45200  431.66377  87.5%     -  109s
H    0     0                    2333.1299000  431.66377  81.5%     -  118s
     0     0  431.66377    0  345 2333.12990  431.66377  81.5%     -  119s
     0     0  431.66377    0  346 2333.12990  431.66377  81.5%     -  127s
     0     0  431.66377    0  346 2333.12990  431.66377  81.5%     -  128s
H    0     0                    2192.2381333  431.66377  80.3%     -  138s
     0     2  431.66377    0  342 2192.23813  431.66377  80.3%     -  144s
     3     8  431.66377    2  353 2192.23813  431.66377  80.3%  3077  145s
    15    24  431.66377    4  433 2192.23813  431.66377  80.3%  1438  157s
H   31    40                    1464.2699657  431.66377  70.5%  1867  189s
    39    48  431.66377    7  437 1464.26997  431.66377  70.5%  1545  191s
    47    60  431.66377    8  433 1464.26997  431.66377  70.5%  1311  196s
H   72    81                    1096.4127333  431.66377  60.6%   922  212s
H   79    81                    1065.6070329  431.66377  59.5%   855  212s
    94   105  431.66377   14  405 1065.60703  431.66377  59.5%   759  217s
   121   136  431.66377   18  417 1065.60703  431.66377  59.5%   642  221s
   151   169  431.66377   22  423 1065.60703  431.66377  59.5%   553  225s
   184   200  431.66377   26  420 1065.60703  431.66377  59.5%   480  230s
   210   227  431.66377   29  402 1065.60703  431.66377  59.5%   447  235s
   246   266  431.66377   33  419 1065.60703  431.66377  59.5%   403  241s
   265   300  431.66377   35  440 1065.60703  431.66377  59.5%   386  245s
   299   316  431.66377   39  440 1065.60703  431.66377  59.5%   358  264s
H  300   316                     958.0997667  431.66377  54.9%   357  264s
   315   351  431.66377   41  434  958.09977  431.66377  54.9%   350  270s
   350   388  431.66377   45  451  958.09977  431.66377  54.9%   329  276s
   387   441  431.66377   49  437  958.09977  431.66377  54.9%   312  283s
   440   492  431.66377   55  437  958.09977  431.66377  54.9%   293  291s
   491   556  431.66377   61  431  958.09977  431.66377  54.9%   277  301s
   555   628  431.66377   70  466  958.09977  431.66377  54.9%   263  313s
   627   711  431.66377   78  463  958.09977  431.66377  54.9%   250  324s
   710   726  431.66377   86  471  958.09977  431.66377  54.9%   236  371s
H  711   726                     883.4050327  431.66377  51.1%   236  371s
H  715   725                     820.2834709  431.66377  47.4%   235  371s
   725   844  431.66377   88  469  820.28347  431.66377  47.4%   234  386s
   844   966  431.66377  102  450  820.28347  431.66377  47.4%   218  401s
   966  1102  431.66377  118  453  820.28347  431.66377  47.4%   206  420s
H 1102  1222                     796.0061333  431.66377  45.8%   197  441s
H 1260  1225                     794.1076667  431.66377  45.6%   187  483s
H 1261  1225                     793.1229333  431.66377  45.6%   187  483s
  1268  1393  431.66377  157  427  793.12293  431.66377  45.6%   188  507s
  1445  1606  431.66377  180  407  793.12293  431.66377  45.6%   181  534s
  1669  1929  431.66377  205  409  793.12293  431.66377  45.6%   173  566s
  2001  2329  431.66377  247  406  793.12293  431.66377  45.6%   163  602s
  2409  2889  431.66377  295  405  793.12293  431.66377  45.6%   157  643s
  2984  3676  431.66377  373  404  793.12293  431.66377  45.6%   149  688s
  3793  4776  431.66377  490  410  793.12293  431.66377  45.6%   143  739s
  4909  5345  431.66377  616  411  793.12293  431.66377  45.6%   139  779s
  5484  5854  431.66377  704  403  793.12293  431.66377  45.6%   138  817s
H 5511  5853                     793.0239333  431.66377  45.6%   138  817s
H 5828  5852                     791.6854333  431.66377  45.5%   138  817s
  6001  7300  431.66377  731  388  791.68543  431.66377  45.5%   137  867s
  7457  7301  605.11813  798  346  791.68543  431.66377  45.5%   136  980s
  7459  7302  582.55073  207  378  791.68543  431.66377  45.5%   136 1042s
  7460  7303  564.33110  584  688  791.68543  431.66377  45.5%   136 1144s
H 7460  6937                     791.6638333  431.66377  45.5%   136 1177s
H 7460  6590                     791.5648333  431.66377  45.5%   136 1177s
H 7460  6261                     789.3717064  431.66377  45.3%   136 1178s
H 7460  5948                     787.4181000  431.66377  45.2%   136 1178s
  7461  5949  605.11813  159  693  787.41810  431.66377  45.2%   136 1188s
  7462  5949  619.43697  116  363  787.41810  431.66377  45.2%   136 1258s
  7463  5950  480.77760  506  499  787.41810  431.66377  45.2%   136 1269s
  7464  5951  564.33110  470  361  787.41810  431.66377  45.2%   136 1329s
  7465  5951  707.06283  512  524  787.41810  431.66377  45.2%   136 1345s
  7466  5952  619.43697  305  554  787.41810  431.66377  45.2%   136 1467s
  7467  5953  590.38853   32  596  787.41810  431.66377  45.2%   135 1479s
  7468  5953  663.14200  886  357  787.41810  431.66377  45.2%   135 1526s
  7469  5954  697.95933   97  357  787.41810  431.66377  45.2%   135 1541s
H 7469  5656                     786.8214000  431.66377  45.1%   135 1603s
  7470  5657  507.26643  450  357  786.82140  431.66377  45.1%   135 1633s
  7471  5660  431.66377   16  657  786.82140  431.66377  45.1%   176 1663s
  7473  5664  431.66377   17  655  786.82140  431.66377  45.1%   176 1673s
  7477  5670  431.66377   18  560  786.82140  431.66377  45.1%   177 1687s
  7485  5675  431.66377   19  551  786.82140  431.66377  45.1%   180 1696s
  7493  5677  483.36640   19  598  786.82140  431.66377  45.1%   180 1709s
H 7501  5398                     786.7521000  431.66377  45.1%   182 1954s
  7509  5403  574.24757   20  392  786.75210  431.66377  45.1%   186 2010s
  7517  5407  431.66377   21  496  786.75210  431.66377  45.1%   193 2026s
  7525  5414  497.70560   21  540  786.75210  431.66377  45.1%   197 2045s
  7535  5418  431.66377   22  494  786.75210  431.66377  45.1%   199 2067s
H 7536  5149                     784.5654000  431.66377  45.0%   199 2067s
H 7540  4891                     770.6029333  431.66377  44.0%   199 2067s
  7543  4900  581.18399   22  722  770.60293  431.66377  44.0%   200 2132s
  7554  4909  431.66377   23  520  770.60293  431.66377  44.0%   209 2172s
  7567  4915  553.39950   23  560  770.60293  431.66377  44.0%   214 2200s
  7579  4923  431.66377   24  492  770.60293  431.66377  44.0%   216 2216s
  7592  4933  431.66377   25  484  770.60293  431.66377  44.0%   218 2239s
  7606  4936  431.66377   26  553  770.60293  431.66377  44.0%   221 2294s
H 7607  4694                     767.6873333  431.66377  43.8%   221 2294s
H 7609  4462                     763.3948333  431.66377  43.5%   223 2294s
  7614  4477  496.54847   26  410  763.39483  431.66377  43.5%   224 2332s
  7631  4485  546.07303   27  582  763.39483  431.66377  43.5%   230 2363s
H 7647  4269                     758.0411403  431.66377  43.1%   235 2449s
H 7653  4059                     752.3016000  431.66377  42.6%   238 2450s
  7655  4072  431.66377   29  439  752.30160  431.66377  42.6%   238 2487s
  7670  4082  431.66377   30  443  752.30160  431.66377  42.6%   242 2516s
  7686  4096  431.66377   31  572  752.30160  431.66377  42.6%   247 2542s
  7706  4105  431.66377   32  466  752.30160  431.66377  42.6%   250 2598s
  7725  4125  431.66377   33  480  752.30160  431.66377  42.6%   258 2641s
  7752  4138  431.66377   35  449  752.30160  431.66377  42.6%   264 2677s
  7775  4155  529.58777   36  511  752.30160  431.66377  42.6%   269 2718s
  7802  4166  556.76407   37  764  752.30160  431.66377  42.6%   275 2761s
  7826  4188  431.66377   38  668  752.30160  431.66377  42.6%   279 2801s
  7858  4207  557.15844   39  697  752.30160  431.66377  42.6%   284 2889s
  7890  4227  582.55073   40  525  752.30160  431.66377  42.6%   288 2974s
  7922  4249  431.66377   42  563  752.30160  431.66377  42.6%   292 3231s
  7956  4280  552.39873   43  575  752.30160  431.66377  42.6%   301 3335s
  7999  4298  431.66377   44  528  752.30160  431.66377  42.6%   304 3383s
  8048  4336  431.66377   46  538  752.30160  431.66377  42.6%   309 3469s
  8104  4361  431.66377   48  510  752.30160  431.66377  42.6%   314 3518s
  8152  4434  580.34800   50  466  752.30160  431.66377  42.6%   318 3578s
H 8249  4164                     738.4235333  431.66377  41.5%   323 3790s
  8257  4204  431.66377   53  587  738.42353  431.66377  41.5%   323 3921s
  8305  4237  431.66377   55  575  738.42353  431.66377  41.5%   328 3978s
  8365  4319  431.66377   58  569  738.42353  431.66377  41.5%   333 4041s
H 8495  4136                     737.4235333  431.66377  41.5%   335 4101s
  8556  4230  431.66377   64  539  737.42353  431.66377  41.5%   339 4177s
  8696  4299  431.66377   67  551  737.42353  431.66377  41.5%   343 4247s
  8847  4294  431.66377   71  500  737.42353  431.66377  41.5%   344 4397s
  8906  4330  593.33890   73  464  737.42353  431.66377  41.5%   348 4580s
  8975  4313  431.66377   76  533  737.42353  431.66377  41.5%   352 4764s
H 8982  4133                     737.4149970  431.66377  41.5%   352 4764s
  8983  4191  579.96480   76  490  737.41500  431.66377  41.5%   353 4842s
  9054  4234  431.66377   80  490  737.41500  431.66377  41.5%   357 4913s
  9137  4346  431.66377   83  510  737.41500  431.66377  41.5%   360 5002s
  9317  4428  576.83027   87  488  737.41500  431.66377  41.5%   364 5091s
  9501  4472  431.66377   91  431  737.41500  431.66377  41.5%   367 5170s
  9621  4586  557.00057   93  522  737.41500  431.66377  41.5%   370 5264s
  9838  4683  431.66377   98  505  737.41500  431.66377  41.5%   371 5360s
 10053  4692  431.66377  105  442  737.41500  431.66377  41.5%   372 5454s
 10148  4784  431.66377  110  479  737.41500  431.66377  41.5%   378 5556s
 10341  4863  577.37033  113  486  737.41500  431.66377  41.5%   383 5662s
 10550  4865  581.15843  118  526  737.41500  431.66377  41.5%   388 5753s
 10660  4964  431.66377  123  484  737.41500  431.66377  41.5%   392 5869s
 10855  5040  431.66377  129  420  737.41500  431.66377  41.5%   399 5985s
 11065  5091  507.79293  131  440  737.41500  431.66377  41.5%   404 6090s
 11225  5147  431.66377  138  512  737.41500  431.66377  41.5%   407 6238s
 11370  5139  579.82973  140  427  737.41500  431.66377  41.5%   410 6486s
H11403  4959                     737.4149965  431.66377  41.5%   414 6486s
 11426  5054  431.66377  144  467  737.41500  431.66377  41.5%   414 6628s
 11563  5243  431.66377  150  480  737.41500  431.66377  41.5%   420 6773s
 11865  5290  577.95617  157  486  737.41500  431.66377  41.5%   423 6911s
 12035  5293  431.66377  161  512  737.41500  431.66377  41.5%   429 7067s
 12122  5462  556.72223  161  559  737.41500  431.66377  41.5%   430 7200s

Cutting planes:
  Gomory: 11
  Implied bound: 371
  Projected implied bound: 1476
  MIR: 100
  Flow cover: 796
  Zero half: 9
  RLT: 1
  Relax-and-lift: 4874

Explored 12379 nodes (5461263 simplex iterations) in 7201.17 seconds (12728.18 work units)
Thread count was 16 (of 16 available processors)

Solution count 10: 737.415 737.424 752.302 ... 786.821

Time limit reached
Best objective 7.374149965093e+02, best bound 4.316637666667e+02, gap 41.4626%

User-callback calls 413633, time in user-callback 5.17 sec
