
Gurobi 10.0.1 (win64) logging started Sun Sep 21 02:49:01 2025

Set parameter LogFile to value "log_group_6/bound_Expr152_s5_l1051_s11_e12_o20_d40_t7200_s12_1_0_0_0.log"
Gurobi Optimizer version 10.0.1 build v10.0.1rc0 (win64)

CPU model: Intel(R) Core(TM) i7-10700 CPU @ 2.90GHz, instruction set [SSE2|AVX|AVX2]
Thread count: 8 physical cores, 16 logical processors, using up to 16 threads

Optimize a model with 111070 rows, 110310 columns and 1100470 nonzeros
Model fingerprint: 0x71e7ec23
Variable types: 310 continuous, 110000 integer (110000 binary)
Coefficient statistics:
  Matrix range     [1e+00, 9e+02]
  Objective range  [1e+00, 1e+00]
  Bounds range     [1e+00, 1e+03]
  RHS range        [1e+00, 9e+02]
Presolve removed 103805 rows and 103545 columns
Presolve time: 0.82s
Presolved: 7265 rows, 6765 columns, 50150 nonzeros
Variable types: 270 continuous, 6495 integer (6491 binary)

Root relaxation: objective 0.000000e+00, 4848 iterations, 0.34 seconds (0.80 work units)

    Nodes    |    Current Node    |     Objective Bounds      |     Work
 Expl Unexpl |  Obj  Depth IntInf | Incumbent    BestBd   Gap | It/Node Time

     0     0    0.00000    0  122          -    0.00000      -     -    1s
H    0     0                    3347.8418333    0.00000   100%     -    2s
     0     0    0.00000    0  114 3347.84183    0.00000   100%     -    2s
H    0     0                    1085.4089667    0.00000   100%     -    2s
H    0     0                     488.0405000    0.00000   100%     -    4s
H    0     0                     354.1031000    0.00000   100%     -    4s
H    0     0                     124.8097667    0.00000   100%     -    4s
     0     0    0.00000    0   60  124.80977    0.00000   100%     -    4s
     0     0    0.00000    0  161  124.80977    0.00000   100%     -    4s
     0     0    0.00000    0  135  124.80977    0.00000   100%     -    4s
     0     0    0.00000    0  133  124.80977    0.00000   100%     -    4s
     0     0    0.00000    0  163  124.80977    0.00000   100%     -    5s
H    0     0                     120.9481333    0.00000   100%     -    5s
     0     0   10.92953    0  265  120.94813   10.92953  91.0%     -    6s
     0     0   10.92953    0  161  120.94813   10.92953  91.0%     -    6s
     0     0   10.92953    0  176  120.94813   10.92953  91.0%     -    6s
     0     0   10.92953    0  260  120.94813   10.92953  91.0%     -    6s
     0     0   10.92953    0  206  120.94813   10.92953  91.0%     -    6s
     0     0   10.92953    0  109  120.94813   10.92953  91.0%     -    6s
     0     0   10.92953    0  189  120.94813   10.92953  91.0%     -    6s
     0     0   10.92953    0  131  120.94813   10.92953  91.0%     -    6s
     0     0   10.92953    0  117  120.94813   10.92953  91.0%     -    6s
     0     0   12.41310    0  132  120.94813   12.41310  89.7%     -    6s
     0     0   12.41310    0  163  120.94813   12.41310  89.7%     -    6s
     0     0   12.41310    0  161  120.94813   12.41310  89.7%     -    6s
     0     0   12.41310    0  161  120.94813   12.41310  89.7%     -    6s
     0     0   12.44548    0  158  120.94813   12.44548  89.7%     -    6s
     0     0   12.44548    0  158  120.94813   12.44548  89.7%     -    6s
     0     0   17.01753    0  208  120.94813   17.01753  85.9%     -    6s
     0     0   17.01753    0  219  120.94813   17.01753  85.9%     -    7s
     0     0   17.01753    0  286  120.94813   17.01753  85.9%     -    7s
     0     0   17.01753    0  221  120.94813   17.01753  85.9%     -    7s
     0     0   17.01753    0  195  120.94813   17.01753  85.9%     -    7s
H    0     0                     120.9358333   17.01753  85.9%     -    7s
     0     0   17.24205    0  160  120.93583   17.24205  85.7%     -    8s
     0     0   17.24205    0  118  120.93583   17.24205  85.7%     -    8s
     0     0   19.54877    0  221  120.93583   19.54877  83.8%     -    8s
     0     0   24.41659    0  197  120.93583   24.41659  79.8%     -    8s
     0     0   24.41659    0  164  120.93583   24.41659  79.8%     -    8s
     0     0   27.44045    0  306  120.93583   27.44045  77.3%     -    8s
     0     0   27.44045    0  165  120.93583   27.44045  77.3%     -    8s
     0     0   27.44045    0  117  120.93583   27.44045  77.3%     -    9s
     0     0   32.08223    0  114  120.93583   32.08223  73.5%     -    9s
     0     0   32.08223    0  114  120.93583   32.08223  73.5%     -    9s
     0     0   32.08223    0  203  120.93583   32.08223  73.5%     -    9s
     0     0   32.08223    0  203  120.93583   32.08223  73.5%     -    9s
     0     0   32.08223    0  117  120.93583   32.08223  73.5%     -   10s
     0     0   32.08223    0  109  120.93583   32.08223  73.5%     -   10s
     0     0   32.08223    0  117  120.93583   32.08223  73.5%     -   10s
     0     0   32.08223    0  117  120.93583   32.08223  73.5%     -   10s
     0     0   32.08223    0  128  120.93583   32.08223  73.5%     -   11s
     0     0   32.12773    0  202  120.93583   32.12773  73.4%     -   11s
     0     0   32.17313    0   64  120.93583   32.17313  73.4%     -   12s
     0     0   33.00090    0  130  120.93583   33.00090  72.7%     -   12s
     0     0   33.00129    0  113  120.93583   33.00129  72.7%     -   12s
     0     0   33.94503    0  252  120.93583   33.94503  71.9%     -   12s
     0     0   34.28998    0  250  120.93583   34.28998  71.6%     -   12s
     0     0   34.40405    0  253  120.93583   34.40405  71.6%     -   12s
     0     0   34.43926    0  154  120.93583   34.43926  71.5%     -   12s
     0     0   34.53594    0  257  120.93583   34.53594  71.4%     -   12s
     0     0   34.53619    0  257  120.93583   34.53619  71.4%     -   13s
H    0     0                     120.8723667   34.53619  71.4%     -   13s
     0     0   46.89338    0  211  120.87237   46.89338  61.2%     -   13s
     0     0   46.89338    0   73  120.87237   46.89338  61.2%     -   13s
H    0     0                     120.8637000   46.89338  61.2%     -   13s
     0     0   46.92412    0  215  120.86370   46.92412  61.2%     -   13s
     0     0   46.92412    0  215  120.86370   46.92412  61.2%     -   13s
     0     0   46.92412    0  215  120.86370   46.92412  61.2%     -   13s
     0     0   47.98106    0  207  120.86370   47.98106  60.3%     -   13s
     0     0   48.83897    0  249  120.86370   48.83897  59.6%     -   13s
     0     0   50.53389    0  214  120.86370   50.53389  58.2%     -   13s
     0     0   53.25174    0  255  120.86370   53.25174  55.9%     -   14s
     0     0   53.89029    0  253  120.86370   53.89029  55.4%     -   14s
     0     0   53.91908    0  252  120.86370   53.91908  55.4%     -   14s
     0     0   55.17665    0  258  120.86370   55.17665  54.3%     -   14s
     0     0   69.14653    0  264  120.86370   69.14653  42.8%     -   14s
     0     0   69.14653    0  129  120.86370   69.14653  42.8%     -   14s
     0     0   70.41176    0  226  120.86370   70.41176  41.7%     -   15s
     0     0   70.45403    0  224  120.86370   70.45403  41.7%     -   15s
     0     0   73.45553    0  224  120.86370   73.45553  39.2%     -   15s
     0     0   74.07920    0  227  120.86370   74.07920  38.7%     -   15s
     0     0   77.21942    0  231  120.86370   77.21942  36.1%     -   15s
     0     0   77.23239    0  230  120.86370   77.23239  36.1%     -   15s
     0     0   77.23300    0  231  120.86370   77.23300  36.1%     -   15s
     0     0   77.29677    0  230  120.86370   77.29677  36.0%     -   15s
     0     0   77.33080    0  228  120.86370   77.33080  36.0%     -   15s
     0     0   77.43981    0  228  120.86370   77.43981  35.9%     -   15s
     0     0   77.44617    0  229  120.86370   77.44617  35.9%     -   15s
     0     0   77.48176    0  228  120.86370   77.48176  35.9%     -   15s
     0     0   77.49856    0  228  120.86370   77.49856  35.9%     -   15s
     0     0   77.56130    0  227  120.86370   77.56130  35.8%     -   15s
     0     0   77.59355    0  227  120.86370   77.59355  35.8%     -   15s
     0     0  101.87999    0  123  120.86370  101.87999  15.7%     -   15s
     0     0  103.32008    0  175  120.86370  103.32008  14.5%     -   15s
     0     0  104.35849    0  214  120.86370  104.35849  13.7%     -   15s
     0     0  104.35849    0  215  120.86370  104.35849  13.7%     -   15s
     0     0  104.35867    0  215  120.86370  104.35867  13.7%     -   15s
     0     0  104.36321    0  213  120.86370  104.36321  13.7%     -   15s
     0     0  104.36321    0  211  120.86370  104.36321  13.7%     -   15s
     0     0  104.36321    0  213  120.86370  104.36321  13.7%     -   15s
     0     0  108.43740    0  209  120.86370  108.43740  10.3%     -   15s
     0     0  108.44469    0  207  120.86370  108.44469  10.3%     -   15s
     0     0  108.44539    0  207  120.86370  108.44539  10.3%     -   15s
     0     0  108.44539    0  207  120.86370  108.44539  10.3%     -   15s
     0     0  111.15011    0  210  120.86370  111.15011  8.04%     -   15s
     0     0  111.15011    0  120  120.86370  111.15011  8.04%     -   16s
     0     0  111.15011    0  105  120.86370  111.15011  8.04%     -   16s
     0     0  111.15011    0   53  120.86370  111.15011  8.04%     -   16s
     0     0  111.15011    0   53  120.86370  111.15011  8.04%     -   16s
     0     0  111.15011    0   53  120.86370  111.15011  8.04%     -   16s
     0     0  116.21816    0   83  120.86370  116.21816  3.84%     -   16s
     0     0  116.21816    0   81  120.86370  116.21816  3.84%     -   16s
     0     0  116.21816    0   81  120.86370  116.21816  3.84%     -   16s
     0     0  116.21864    0   81  120.86370  116.21864  3.84%     -   16s
     0     0  116.23300    0   96  120.86370  116.23300  3.83%     -   16s
     0     0  116.23300    0   62  120.86370  116.23300  3.83%     -   16s
     0     0  116.23300    0   58  120.86370  116.23300  3.83%     -   16s
     0     0  116.23300    0   47  120.86370  116.23300  3.83%     -   16s
     0     0  116.23300    0   51  120.86370  116.23300  3.83%     -   16s
     0     0  116.23300    0   53  120.86370  116.23300  3.83%     -   16s
     0     0  116.23300    0   60  120.86370  116.23300  3.83%     -   16s
     0     0  116.23300    0   59  120.86370  116.23300  3.83%     -   16s
     0     0  116.72752    0   33  120.86370  116.72752  3.42%     -   16s
     0     0  116.72752    0   32  120.86370  116.72752  3.42%     -   16s
     0     0  116.72752    0   32  120.86370  116.72752  3.42%     -   16s
     0     0  116.72752    0   34  120.86370  116.72752  3.42%     -   16s
     0     0  120.83977    0   48  120.86370  120.83977  0.02%     -   16s
     0     0  120.83977    0   47  120.86370  120.83977  0.02%     -   16s
     0     0  120.83977    0   22  120.86370  120.83977  0.02%     -   16s
     0     0  120.83977    0   29  120.86370  120.83977  0.02%     -   16s
     0     0  120.83977    0   27  120.86370  120.83977  0.02%     -   16s
     0     0  120.83977    0   29  120.86370  120.83977  0.02%     -   16s
     0     0  120.83977    0   26  120.86370  120.83977  0.02%     -   16s
     0     0  120.83977    0   24  120.86370  120.83977  0.02%     -   16s
     0     0  120.83977    0   24  120.86370  120.83977  0.02%     -   16s
     0     0  120.83977    0   29  120.86370  120.83977  0.02%     -   16s
     0     0  120.83977    0   29  120.86370  120.83977  0.02%     -   16s
     0     0  120.83977    0   22  120.86370  120.83977  0.02%     -   16s
     0     0  120.83977    0   24  120.86370  120.83977  0.02%     -   16s
     0     0  120.83977    0   20  120.86370  120.83977  0.02%     -   16s
     0     0  120.83977    0   17  120.86370  120.83977  0.02%     -   16s
     0     0  120.83977    0   27  120.86370  120.83977  0.02%     -   16s
     0     0  120.83977    0   26  120.86370  120.83977  0.02%     -   16s
     0     0  120.83977    0   25  120.86370  120.83977  0.02%     -   16s
     0     0  120.83977    0   26  120.86370  120.83977  0.02%     -   16s
     0     0  120.83977    0   26  120.86370  120.83977  0.02%     -   16s
     0     0  120.83977    0   26  120.86370  120.83977  0.02%     -   16s
     0     0  120.83977    0   26  120.86370  120.83977  0.02%     -   16s
     0     0  120.83977    0   62  120.86370  120.83977  0.02%     -   17s
     0     0  120.83977    0   42  120.86370  120.83977  0.02%     -   17s
     0     0  120.85543    0   53  120.86370  120.85543  0.01%     -   17s

Cutting planes:
  Implied bound: 3
  MIR: 4
  Relax-and-lift: 9

Explored 1 nodes (78701 simplex iterations) in 17.10 seconds (26.42 work units)
Thread count was 16 (of 16 available processors)

Solution count 9: 120.864 120.872 120.936 ... 3347.84

Optimal solution found (tolerance 1.00e-04)
Best objective 1.208637000000e+02, best bound 1.208554333332e+02, gap 0.0068%

User-callback calls 3983, time in user-callback 0.01 sec
