
Gurobi 10.0.1 (win64) logging started Sun Sep 21 16:11:52 2025

Set parameter LogFile to value "log_group_6/bound_Expr321_s7_l1051_s11_e12_o30_d60_t60_s26_0_0_0_0.log"
Gurobi Optimizer version 10.0.1 build v10.0.1rc0 (win64)

CPU model: Intel(R) Core(TM) i7-10700 CPU @ 2.90GHz, instruction set [SSE2|AVX|AVX2]
Thread count: 8 physical cores, 16 logical processors, using up to 16 threads

Optimize a model with 463163 rows, 462440 columns and 3699816 nonzeros
Model fingerprint: 0x43766986
Variable types: 440 continuous, 462000 integer (462000 binary)
Coefficient statistics:
  Matrix range     [1e+00, 8e+02]
  Objective range  [1e+00, 1e+00]
  Bounds range     [1e+00, 1e+03]
  RHS range        [1e+00, 8e+02]
Presolve removed 450190 rows and 450160 columns
Presolve time: 2.06s
Presolved: 12973 rows, 12280 columns, 84098 nonzeros
Variable types: 380 continuous, 11900 integer (11900 binary)
Found heuristic solution: objective 975.6578333

Root relaxation: objective 0.000000e+00, 2797 iterations, 0.16 seconds (0.29 work units)

    Nodes    |    Current Node    |     Objective Bounds      |     Work
 Expl Unexpl |  Obj  Depth IntInf | Incumbent    BestBd   Gap | It/Node Time

     0     0    0.00000    0   60  975.65783    0.00000   100%     -    2s
H    0     0                     938.5604333    0.00000   100%     -    2s
H    0     0                     920.1889333    0.00000   100%     -    3s
     0     0    0.00000    0   69  920.18893    0.00000   100%     -    3s
H    0     0                     437.6784333    0.00000   100%     -    3s
H    0     0                     342.1677667    0.00000   100%     -    3s
     0     0    0.00000    0   72  342.16777    0.00000   100%     -    3s
H    0     0                     339.6142667    0.00000   100%     -    4s
H    0     0                     329.1846666    0.00000   100%     -    4s
     0     0    0.00000    0   60  329.18467    0.00000   100%     -    4s
H    0     0                     246.8764000    0.00000   100%     -    5s
H    0     0                     243.8835667    0.00000   100%     -    5s
     0     0    0.00000    0   60  243.88357    0.00000   100%     -    5s
H    0     0                     243.8446000    0.00000   100%     -    5s
     0     0    0.00000    0   60  243.84460    0.00000   100%     -    5s
H    0     0                     235.5941667    0.00000   100%     -    6s
     0     0    0.00000    0   61  235.59417    0.00000   100%     -    6s
H    0     0                     222.2484667    0.00000   100%     -    6s
H    0     0                     222.1005000    0.00000   100%     -    7s
     0     0    0.00000    0   61  222.10050    0.00000   100%     -    7s
     0     0    0.00000    0   60  222.10050    0.00000   100%     -    7s
H    0     0                     214.3336333    0.00000   100%     -    8s
H    0     0                     211.5814333    0.00000   100%     -    8s
     0     2    0.00000    0   60  211.58143    0.00000   100%     -    9s
H   28    27                     211.5424666    0.00000   100%  50.1   11s
H   29    27                     207.5310333    0.00000   100%  48.6   11s
H   31    27                     206.3826333    0.00000   100%  46.0   11s
H   31    27                     197.1362333    0.00000   100%  46.0   11s
H  618   395                     196.9488667    0.00000   100%  17.8   14s
H  622   395                     196.9488661    0.00000   100%  17.7   14s
H  624   395                     196.9176667    0.00000   100%  18.0   14s
   753   516    0.00000  121   60  196.91767    0.00000   100%  16.4   15s
H 1662  1152                     196.7664667    0.00000   100%  12.5   17s
H 1691  1152                     196.7592667    0.00000   100%  12.5   17s
H 2348  1622                     196.7592659    0.00000   100%  11.1   19s
  2474  1974    0.00000  357   60  196.75927    0.00000   100%  10.9   20s
H 2958  2082                     196.7592655    0.00000   100%  10.2   22s
H 3079  2082                     196.7592651    0.00000   100%  10.0   22s
  3268  2951    0.00000  441   60  196.75927    0.00000   100%  10.3   25s
  6226  5584    0.00000  812   60  196.75927    0.00000   100%   8.7   30s
H 7188  5589                     196.7592528    0.00000   100%   8.5   31s
H 8321  6669                     196.7592245    0.00000   100%   8.4   33s

Cutting planes:
  Gomory: 2
  Implied bound: 129
  MIR: 52
  RLT: 1
  Relax-and-lift: 885

Explored 8321 nodes (82827 simplex iterations) in 60.10 seconds (69.06 work units)
Thread count was 16 (of 16 available processors)

Solution count 10: 196.759 196.759 196.759 ... 206.383

Time limit reached
Best objective 1.967592244517e+02, best bound 0.000000000000e+00, gap 100.0000%

User-callback calls 23060, time in user-callback 0.06 sec
