
Gurobi 10.0.0 (win64) logging started Sat Sep 20 07:16:54 2025

Set parameter LogFile to value "log_group_6/bound_Expr32_s7_l1051_s11_e12_o40_d80_t7200_s32_0_0_0_0.log"
Gurobi Optimizer version 10.0.0 build v10.0.0rc2 (win64)

CPU model: Intel(R) Core(TM) i7-10700 CPU @ 2.90GHz, instruction set [SSE2|AVX|AVX2]
Thread count: 8 physical cores, 16 logical processors, using up to 16 threads

Optimize a model with 645203 rows, 644470 columns and 5156066 nonzeros
Model fingerprint: 0x94c5a088
Variable types: 470 continuous, 644000 integer (644000 binary)
Coefficient statistics:
  Matrix range     [1e+00, 9e+02]
  Objective range  [1e+00, 1e+00]
  Bounds range     [1e+00, 1e+03]
  RHS range        [1e+00, 9e+02]
Presolve removed 628370 rows and 628330 columns
Presolve time: 2.44s
Presolved: 16833 rows, 16140 columns, 110971 nonzeros
Variable types: 390 continuous, 15750 integer (15750 binary)
Found heuristic solution: objective 1441.8638667
Deterministic concurrent LP optimizer: primal and dual simplex
Showing first log only...

Concurrent spin time: 0.00s

Solved with primal simplex

Root relaxation: objective 0.000000e+00, 676 iterations, 0.12 seconds (0.18 work units)

    Nodes    |    Current Node    |     Objective Bounds      |     Work
 Expl Unexpl |  Obj  Depth IntInf | Incumbent    BestBd   Gap | It/Node Time

     0     0    0.00000    0   81 1441.86387    0.00000   100%     -    3s
H    0     0                    1300.4729000    0.00000   100%     -    3s
     0     0    0.00000    0  109 1300.47290    0.00000   100%     -    4s
H    0     0                     604.0832667    0.00000   100%     -    5s
H    0     0                     403.6878000    0.00000   100%     -    5s
H    0     0                     396.1959667    0.00000   100%     -    5s
     0     0    0.00000    0   89  396.19597    0.00000   100%     -    5s
H    0     0                     331.0298333    0.00000   100%     -    7s
H    0     0                     305.8627333    0.00000   100%     -    8s
H    0     0                     300.7345000    0.00000   100%     -    8s
H    0     0                     298.1861000    0.00000   100%     -    8s
     0     0    0.00000    0   80  298.18610    0.00000   100%     -    8s
H    0     0                     296.0240667    0.00000   100%     -    8s
     0     0    0.00000    0   80  296.02407    0.00000   100%     -    8s
     0     0    0.00000    0   80  296.02407    0.00000   100%     -    9s
     0     0    0.00000    0   80  296.02407    0.00000   100%     -    9s
H    0     0                     275.2583000    0.00000   100%     -   11s
     0     2    0.00000    0   80  275.25830    0.00000   100%     -   12s
H   29    20                     262.6602667    0.00000   100%   194   15s
H   68    38                     262.4699904    0.00000   100%   138   17s
H   70    38                     259.5829000    0.00000   100%   134   17s
   196   129    0.00000   36   80  259.58290    0.00000   100%   104   20s
   773   468    0.00000  144   81  259.58290    0.00000   100%  42.7   25s
H  775   468                     259.5253000    0.00000   100%  42.6   25s
H  776   468                     259.5252999    0.00000   100%  43.0   25s
  1307  1136    0.00000  263   81  259.52530    0.00000   100%  33.8   30s
H 1611  1225                     259.5252988    0.00000   100%  31.4   32s
  2157  2270    0.00000  362   81  259.52530    0.00000   100%  25.6   36s
H 2827  2782                     259.5252984    0.00000   100%  21.2   39s
  3258  3544    0.00000  452   80  259.52530    0.00000   100%  19.1   41s
  4977  4569    0.00000  573   80  259.52530    0.00000   100%  14.8   46s
  6412  6852    0.00000  768   80  259.52530    0.00000   100%  12.8   53s
  7542  6853   10.38423  631   80  259.52530    0.00000   100%  11.7  152s
H 7543  6511                     259.5252977    0.00000   100%  11.7  162s
  7544  6511  104.46547  504   82  259.52530    0.00000   100%  11.7  167s
H 7544  6185                     259.5252959    0.00000   100%  11.7  197s
  7546  6187   63.23173  334   80  259.52530    0.00000   100%  11.7  202s
  7547  6187    0.00000  576   82  259.52530    0.00000   100%  11.7  211s
  7548  6188  131.31613  581   80  259.52530    0.00000   100%  11.7  222s
  7549  6189   81.14917  398   80  259.52530    0.00000   100%  11.7  235s
  7550  6189    0.00000  887   80  259.52530    0.00000   100%  11.7  241s
  7551  6190  243.84767 1106   83  259.52530    0.00000   100%  11.7  250s
  7552  6191  244.85367  427   83  259.52530    0.00000   100%  11.7  255s
  7553  6191  186.65980  650   80  259.52530    0.00000   100%  11.7  265s
  7555  6193  156.82457  697   80  259.52530    0.00000   100%  11.7  292s
H 7555  5885                     259.5252959    0.00000   100%  13.2  296s
  7556  5886    0.00000   14   80  259.52530    0.00000   100%  13.2  304s
  7558  5890    0.00000   15   80  259.52530    0.00000   100%  13.3  305s
  7562  5895    0.00000   16   80  259.52530    0.00000   100%  13.3  321s
  7570  5899    0.00000   17   80  259.52530    0.00000   100%  13.5  334s
  7578  5902  134.60753   17   78  259.52530    0.00000   100%  13.5  353s
H 7586  5612                     259.5236278    0.00000   100%  13.8  382s
  7602  5626    0.00000   19   80  259.52363    0.00000   100%  13.8  398s
  7618  5635    0.00000   20   80  259.52363    0.00000   100%  13.9  406s
  7650  5657    0.00000   22   80  259.52363    0.00000   100%  13.9  427s
  7669  5667    0.00000   23   80  259.52363    0.00000   100%  14.0  432s
  7687  5687  134.60753   24   78  259.52363    0.00000   100%  14.1  440s
  7715  5685    0.00000   26   80  259.52363    0.00000   100%  14.3  445s
  7723  5714  134.60753   26   78  259.52363    0.00000   100%  14.3  452s
  7758  5745  133.78213   28   78  259.52363    0.00000   100%  14.4  455s
  7862  5805    0.00000   35   80  259.52363    0.00000   100%  14.6  460s
  7970  5862    0.00000   43   80  259.52363    0.00000   100%  14.6  466s
  8061  5895  134.60753   47   79  259.52363    0.00000   100%  14.7  472s
  8098  5955  134.60753   49   78  259.52363    0.00000   100%  14.7  475s
  8231  6021  133.68103   54   78  259.52363    0.00000   100%  14.9  480s
  8384  6038  246.72983   88   72  259.52363    0.00000   100%  14.9  485s
  8494  6102    0.00000   78   80  259.52363    0.00000   100%  14.9  492s
  8525  6159  133.68103   80   78  259.52363    0.00000   100%  14.9  495s
  8690  6256    0.00000   89   80  259.52363    0.00000   100%  15.0  502s
  8830  6311  134.60753   97   78  259.52363    0.00000   100%  15.2  507s
  8894  6302  134.60753  102   78  259.52363    0.00000   100%  15.3  512s
  8910  6332  133.68103  103   78  259.52363    0.00000   100%  15.3  518s
  8948  6396  133.68103  108   78  259.52363    0.00000   100%  15.4  521s
  9044  6450    0.00000  119   80  259.52363    0.00000   100%  15.5  526s
  9159  6496    0.00000  135   80  259.52363    0.00000   100%  15.5  530s
  9368  6536   80.01440  165   78  259.52363    0.00000   100%  15.6  543s
  9407  6570   80.01440  169   78  259.52363    0.00000   100%  15.7  547s
  9482  6602  109.24197  175   78  259.52363    0.00000   100%  15.9  552s
  9594  6613  109.24197  184   78  259.52363    0.00000   100%  16.0  557s
H 9607  6329                     259.5236244    0.00000   100%  15.9  557s
  9699  6314  109.24197  191   78  259.52362    0.00000   100%  16.0  569s
  9721  6343  109.24197  193   78  259.52362    0.00000   100%  16.1  573s
  9778  6370    0.00000  194   80  259.52362    0.00000   100%  16.2  583s
  9831  6400  109.24197  200   78  259.52362    0.00000   100%  16.3  613s
H 9839  6132                     259.5236191    0.00000   100%  16.3  613s
H 9903  5863                     259.5236174    0.00000   100%  16.4  629s
H 9910  5621                     259.5236169    0.00000   100%  16.4  629s
  9911  5668  119.93167  205   78  259.52362    0.00000   100%  16.4  636s
  9967  5718  119.93167  211   78  259.52362    0.00000   100%  16.5  642s
 10038  5762  119.93167  217   78  259.52362    0.00000   100%  16.7  647s
 10111  5812  119.93167  224   78  259.52362    0.00000   100%  16.8  653s
 10194  5892  119.93167  231   78  259.52362    0.00000   100%  16.9  659s
 10313  5951    0.00000  242   80  259.52362    0.00000   100%  16.9  667s
 10432  6064  145.44360  253   78  259.52362    0.00000   100%  17.1  675s
 10619  6103  143.62693  265   78  259.52362    0.00000   100%  17.7  682s
 10726  6198  143.62693  274   78  259.52362    0.00000   100%  17.7  691s
 10922  6163  143.62693  289   78  259.52362    0.00000   100%  18.2  716s
 10958  6232  143.62693  292   78  259.52362    0.00000   100%  18.2  735s
 11041  6338    0.00000  298   80  259.52362    0.00000   100%  18.4  745s
 11247  6330  145.44360  312   78  259.52362    0.00000   100%  18.7  752s
 11346  6365  143.62693  321   78  259.52362    0.00000   100%  18.9  768s
 11417  6503  143.62693  328   78  259.52362    0.00000   100%  19.0  777s
 11645  6528    0.00000  340   80  259.52362    0.00000   100%  19.6  786s
 11798  6552    0.00000  349   80  259.52362    0.00000   100%  19.9  806s
 11877  6782    0.00000  350   80  259.52362    0.00000   100%  20.1  817s
 12187  6939  187.34037  360   78  259.52362    0.00000   100%  20.6  826s
 12484  6894  109.24197  375   78  259.52362    0.00000   100%  21.1  840s
 12541  7327  143.62693  378   78  259.52362    0.00000   100%  21.2  851s
 13066  7251    0.00000  396   80  259.52362    0.00000   100%  21.4  874s
 13180  7575    0.00000  399   80  259.52362    0.00000   100%  21.5  887s
 13620  7433   42.58580  436   78  259.52362    0.00000   100%  21.8  915s
 13629  7547    0.00000  437   80  259.52362    0.00000   100%  21.8  935s
 13775  7965   40.13820  448   78  259.52362    0.00000   100%  21.8  952s
 14364  8075   80.71880  496   78  259.52362    0.00000   100%  21.3  964s
 14767  8346   80.71880  519   78  259.52362    0.00000   100%  21.1 1096s
 15192  8804   94.30677  564   78  259.52362    0.00000   100%  21.0 1116s
 15898  8713   95.23890  603   78  259.52362    0.00000   100%  20.9 1137s
 16056  9169   95.23890  614   78  259.52362    0.00000   100%  20.9 1152s
 16633  9430   42.58580  641   78  259.52362    0.00000   100%  21.0 1164s
 17134  9462  129.61423  662   78  259.52362    0.00000   100%  20.8 1176s
 17367  9865  129.61423  675   78  259.52362    0.00000   100%  20.6 1195s
 17927 10675  129.61423  704   78  259.52362    0.00000   100%  20.9 1219s
 19127 10980   40.30953  801   78  259.52362    0.00000   100%  20.4 1241s
 19866 10850    0.00000  841   80  259.52362    0.00000   100%  20.1 1261s
 20000 11499    0.00000  851   80  259.52362    0.00000   100%  20.0 1282s
 20813 11233    0.00000  927   80  259.52362    0.00000   100%  19.9 1310s
 20821 11354   59.20220  927   78  259.52362    0.00000   100%  20.0 1320s
 20998 12480    0.00000  940   80  259.52362    0.00000   100%  20.0 1339s
 22351 13115   59.48467 1016   78  259.52362    0.00000   100%  19.5 1355s
 23075 13303   40.30953 1061   78  259.52362    0.00000   100%  19.2 1366s
 23272 13725   59.48467 1075   78  259.52362    0.00000   100%  19.1 1379s
 23719 14358   93.41900 1097   78  259.52362    0.00000   100%  18.9 1392s
 24445 14574   93.92700 1125   78  259.52362    0.00000   100%  18.8 1404s
 24664 16102   93.92700 1142   78  259.52362    0.00000   100%  18.7 1424s
 26234 17596   74.76410 1216   78  259.52362    0.00000   100%  18.1 1442s
 27789 19885    0.00000 1255   80  259.52362    0.00000   100%  17.6 1468s
 30097 23108   89.20807 1331   78  259.52362    0.00000   100%  16.8 1793s
 33417 23205  120.70720 1571   78  259.52362    0.00000   100%  16.2 1810s
 33518 24181    5.46160 1578   78  259.52362    0.00000   100%  16.3 1824s
 34528 24331    0.00000 1636   80  259.52362    0.00000   100%  16.0 1832s
 34685 24834  108.16577 1651   78  259.52362    0.00000   100%  15.9 1845s
 35233 25173  144.28913 1720   78  259.52362    0.00000   100%  15.8 1858s
 35651 26609    0.00000 1779   80  259.52362    0.00000   100%  15.9 1874s
 37116 27383    0.00000 1823   80  259.52362    0.00000   100%  15.7 1887s
 37904 27478    0.00000 1835   80  259.52362    0.00000   100%  15.6 1916s
 38008 27637  108.16577 1841   78  259.52362    0.00000   100%  15.7 1925s
 38168 28290    0.00000 1850   80  259.52362    0.00000   100%  15.8 1942s
 38862 29171    0.82633 1882   81  259.52362    0.82633   100%  15.9 1959s
 39798 29743  145.43417 1923   78  259.52362    0.84583   100%  15.7 1973s
 40376 30874  147.28617 1968   78  259.52362    0.84583   100%  15.6 1994s
 41527 31511    0.84583 2073   80  259.52362    0.84583   100%  15.4 2008s
 42213 31591    0.84583 2112   80  259.52362    0.84583   100%  15.6 2016s
 42298 33090  189.21493 2116   78  259.52362    0.84583   100%  15.6 2035s
 43831 33456    0.84583 2169   80  259.52362    0.84583   100%  15.4 2047s
 44249 34225    0.84583 2195   80  259.52362    0.84583   100%  15.4 2063s
 45112 34817    0.84583 2286   80  259.52362    0.84583   100%  15.3 2200s
 45956 35694    0.84583 2344   80  259.52362    0.84583   100%  15.4 2227s
 46859 37231   59.04813 2369   78  259.52362    0.84583   100%  15.4 2265s
 48589 37819    0.84583 2620   80  259.52362    0.84583   100%  15.5 2289s
 49402 38685  101.27010 2746   78  259.52362    0.84583   100%  15.7 2316s
 50461 38689    0.84583 2897   80  259.52362    0.84583   100%  15.8 2343s
 50469 39075   59.03970 2897   78  259.52362    0.84583   100%  15.8 2363s
 50873 39644    0.84583 2980   80  259.52362    0.84583   100%  16.1 2385s
 51609 39863    0.84583 3100   80  259.52362    0.84583   100%  16.5 2404s
 51849 40676   93.67083 3125   78  259.52362    0.84583   100%  16.6 2434s

Gurobi 10.0.0 (win64) logging started Sat Sep 20 10:09:53 2025

Set parameter LogFile to value "log_group_6/bound_Expr32_s7_l1051_s11_e12_o40_d80_t7200_s32_0_0_0_0.log"
Gurobi Optimizer version 10.0.0 build v10.0.0rc2 (win64)

CPU model: Intel(R) Core(TM) i7-10700 CPU @ 2.90GHz, instruction set [SSE2|AVX|AVX2]
Thread count: 8 physical cores, 16 logical processors, using up to 16 threads

Optimize a model with 645203 rows, 644470 columns and 5156066 nonzeros
Model fingerprint: 0x94c5a088
Variable types: 470 continuous, 644000 integer (644000 binary)
Coefficient statistics:
  Matrix range     [1e+00, 9e+02]
  Objective range  [1e+00, 1e+00]
  Bounds range     [1e+00, 1e+03]
  RHS range        [1e+00, 9e+02]
Presolve removed 628370 rows and 628330 columns
Presolve time: 2.40s
Presolved: 16833 rows, 16140 columns, 110971 nonzeros
Variable types: 390 continuous, 15750 integer (15750 binary)
Found heuristic solution: objective 1441.8638667
Deterministic concurrent LP optimizer: primal and dual simplex
Showing first log only...

Concurrent spin time: 0.00s

Solved with primal simplex

Root relaxation: objective 0.000000e+00, 676 iterations, 0.13 seconds (0.18 work units)

    Nodes    |    Current Node    |     Objective Bounds      |     Work
 Expl Unexpl |  Obj  Depth IntInf | Incumbent    BestBd   Gap | It/Node Time

     0     0    0.00000    0   81 1441.86387    0.00000   100%     -    3s
H    0     0                    1300.4729000    0.00000   100%     -    3s
     0     0    0.00000    0  109 1300.47290    0.00000   100%     -    4s
H    0     0                     604.0832667    0.00000   100%     -    5s
H    0     0                     403.6878000    0.00000   100%     -    5s
H    0     0                     396.1959667    0.00000   100%     -    5s
     0     0    0.00000    0   89  396.19597    0.00000   100%     -    5s
H    0     0                     331.0298333    0.00000   100%     -    8s
H    0     0                     305.8627333    0.00000   100%     -    8s
H    0     0                     300.7345000    0.00000   100%     -    8s
H    0     0                     298.1861000    0.00000   100%     -    8s
     0     0    0.00000    0   80  298.18610    0.00000   100%     -    8s
H    0     0                     296.0240667    0.00000   100%     -    8s
     0     0    0.00000    0   80  296.02407    0.00000   100%     -    8s
     0     0    0.00000    0   80  296.02407    0.00000   100%     -    9s
     0     0    0.00000    0   80  296.02407    0.00000   100%     -    9s
H    0     0                     275.2583000    0.00000   100%     -   11s
     0     2    0.00000    0   80  275.25830    0.00000   100%     -   12s
H   29    20                     262.6602667    0.00000   100%   194   15s
H   68    38                     262.4699904    0.00000   100%   138   17s
H   70    38                     259.5829000    0.00000   100%   134   17s
   217   147    0.00000   41   80  259.58290    0.00000   100%  98.3   20s
   773   468    0.00000  144   81  259.58290    0.00000   100%  42.7   25s
H  775   468                     259.5253000    0.00000   100%  42.6   25s
H  776   468                     259.5252999    0.00000   100%  43.0   25s
  1307  1136    0.00000  263   81  259.52530    0.00000   100%  33.8   30s
H 1611  1225                     259.5252988    0.00000   100%  31.4   32s
  2157  2270    0.00000  362   81  259.52530    0.00000   100%  25.6   36s
H 2827  2782                     259.5252984    0.00000   100%  21.2   38s
  3258  3544    0.00000  452   80  259.52530    0.00000   100%  19.1   41s
  4977  4569    0.00000  573   80  259.52530    0.00000   100%  14.8   46s
  6412  6852    0.00000  768   80  259.52530    0.00000   100%  12.8   52s
  7542  6853   10.38423  631   80  259.52530    0.00000   100%  11.7  153s
H 7543  6511                     259.5252977    0.00000   100%  11.7  162s
  7544  6511  104.46547  504   82  259.52530    0.00000   100%  11.7  167s
H 7544  6185                     259.5252959    0.00000   100%  11.7  197s
  7546  6187   63.23173  334   80  259.52530    0.00000   100%  11.7  201s
  7547  6187    0.00000  576   82  259.52530    0.00000   100%  11.7  211s
  7548  6188  131.31613  581   80  259.52530    0.00000   100%  11.7  222s
  7549  6189   81.14917  398   80  259.52530    0.00000   100%  11.7  235s
  7550  6189    0.00000  887   80  259.52530    0.00000   100%  11.7  240s
  7551  6190  243.84767 1106   83  259.52530    0.00000   100%  11.7  250s
  7553  6191  186.65980  650   80  259.52530    0.00000   100%  11.7  265s
  7555  6193  156.82457  697   80  259.52530    0.00000   100%  11.7  291s
H 7555  5885                     259.5252959    0.00000   100%  13.2  296s
  7556  5886    0.00000   14   80  259.52530    0.00000   100%  13.2  303s
  7562  5895    0.00000   16   80  259.52530    0.00000   100%  13.3  321s
  7570  5899    0.00000   17   80  259.52530    0.00000   100%  13.5  334s
  7578  5902  134.60753   17   78  259.52530    0.00000   100%  13.5  352s
H 7586  5612                     259.5236278    0.00000   100%  13.8  381s
  7602  5626    0.00000   19   80  259.52363    0.00000   100%  13.8  397s
  7618  5635    0.00000   20   80  259.52363    0.00000   100%  13.9  405s
  7650  5657    0.00000   22   80  259.52363    0.00000   100%  13.9  427s
  7669  5667    0.00000   23   80  259.52363    0.00000   100%  14.0  431s
  7687  5687  134.60753   24   78  259.52363    0.00000   100%  14.1  439s
  7715  5685    0.00000   26   80  259.52363    0.00000   100%  14.3  444s
  7723  5714  134.60753   26   78  259.52363    0.00000   100%  14.3  451s
  7806  5777  133.68103   31   78  259.52363    0.00000   100%  14.5  456s
  7918  5834    0.00000   38   80  259.52363    0.00000   100%  14.6  461s
  7970  5862    0.00000   43   80  259.52363    0.00000   100%  14.6  465s
  8061  5895  134.60753   47   79  259.52363    0.00000   100%  14.7  471s
  8180  5970    0.00000   52   80  259.52363    0.00000   100%  14.8  476s
  8308  6025  134.60753   58   78  259.52363    0.00000   100%  14.9  481s
  8396  6110    0.00000   67   80  259.52363    0.00000   100%  14.9  487s
  8494  6102    0.00000   78   80  259.52363    0.00000   100%  14.9  491s
  8525  6159  133.68103   80   78  259.52363    0.00000   100%  14.9  495s
  8690  6256    0.00000   89   80  259.52363    0.00000   100%  15.0  501s
  8830  6311  134.60753   97   78  259.52363    0.00000   100%  15.2  506s
  8894  6302  134.60753  102   78  259.52363    0.00000   100%  15.3  511s
  8910  6332  133.68103  103   78  259.52363    0.00000   100%  15.3  517s
  8948  6396  133.68103  108   78  259.52363    0.00000   100%  15.4  520s
  9044  6450    0.00000  119   80  259.52363    0.00000   100%  15.5  525s
  9254  6543   80.01440  149   78  259.52363    0.00000   100%  15.5  534s
  9368  6536   80.01440  165   78  259.52363    0.00000   100%  15.6  543s
  9407  6570   80.01440  169   78  259.52363    0.00000   100%  15.7  546s
  9482  6602  109.24197  175   78  259.52363    0.00000   100%  15.9  551s
  9594  6613  109.24197  184   78  259.52363    0.00000   100%  16.0  556s
H 9607  6329                     259.5236244    0.00000   100%  15.9  556s
  9699  6314  109.24197  191   78  259.52362    0.00000   100%  16.0  568s
  9721  6343  109.24197  193   78  259.52362    0.00000   100%  16.1  572s
  9778  6370    0.00000  194   80  259.52362    0.00000   100%  16.2  582s
  9831  6400  109.24197  200   78  259.52362    0.00000   100%  16.3  612s
H 9839  6132                     259.5236191    0.00000   100%  16.3  612s
H 9903  5863                     259.5236174    0.00000   100%  16.4  627s
H 9910  5621                     259.5236169    0.00000   100%  16.4  628s
  9911  5668  119.93167  205   78  259.52362    0.00000   100%  16.4  634s
  9967  5718  119.93167  211   78  259.52362    0.00000   100%  16.5  640s
 10038  5762  119.93167  217   78  259.52362    0.00000   100%  16.7  646s
 10111  5812  119.93167  224   78  259.52362    0.00000   100%  16.8  651s
 10194  5892  119.93167  231   78  259.52362    0.00000   100%  16.9  658s
 10313  5951    0.00000  242   80  259.52362    0.00000   100%  16.9  665s
 10432  6064  145.44360  253   78  259.52362    0.00000   100%  17.1  674s
 10619  6103  143.62693  265   78  259.52362    0.00000   100%  17.7  681s
 10726  6198  143.62693  274   78  259.52362    0.00000   100%  17.7  690s
 10922  6163  143.62693  289   78  259.52362    0.00000   100%  18.2  715s
 10958  6232  143.62693  292   78  259.52362    0.00000   100%  18.2  734s
 11041  6338    0.00000  298   80  259.52362    0.00000   100%  18.4  744s
 11247  6330  145.44360  312   78  259.52362    0.00000   100%  18.7  751s
 11346  6365  143.62693  321   78  259.52362    0.00000   100%  18.9  766s
 11417  6503  143.62693  328   78  259.52362    0.00000   100%  19.0  776s
 11645  6528    0.00000  340   80  259.52362    0.00000   100%  19.6  784s
 11798  6552    0.00000  349   80  259.52362    0.00000   100%  19.9  805s
 11877  6782    0.00000  350   80  259.52362    0.00000   100%  20.1  815s
 12187  6939  187.34037  360   78  259.52362    0.00000   100%  20.6  825s
 12484  6894  109.24197  375   78  259.52362    0.00000   100%  21.1  839s
 12541  7327  143.62693  378   78  259.52362    0.00000   100%  21.2  850s
 13066  7251    0.00000  396   80  259.52362    0.00000   100%  21.4  872s
 13180  7575    0.00000  399   80  259.52362    0.00000   100%  21.5  886s
 13620  7433   42.58580  436   78  259.52362    0.00000   100%  21.8  913s
 13629  7547    0.00000  437   80  259.52362    0.00000   100%  21.8  934s
 13775  7965   40.13820  448   78  259.52362    0.00000   100%  21.8  951s
 14364  8075   80.71880  496   78  259.52362    0.00000   100%  21.3  963s
 14767  8346   80.71880  519   78  259.52362    0.00000   100%  21.1 1094s
 15192  8804   94.30677  564   78  259.52362    0.00000   100%  21.0 1115s
 15898  8713   95.23890  603   78  259.52362    0.00000   100%  20.9 1136s
 16056  9169   95.23890  614   78  259.52362    0.00000   100%  20.9 1151s
 16633  9430   42.58580  641   78  259.52362    0.00000   100%  21.0 1163s
 17134  9462  129.61423  662   78  259.52362    0.00000   100%  20.8 1175s
 17367  9865  129.61423  675   78  259.52362    0.00000   100%  20.6 1193s
 17927 10675  129.61423  704   78  259.52362    0.00000   100%  20.9 1217s
 19127 10980   40.30953  801   78  259.52362    0.00000   100%  20.4 1240s
 19866 10850    0.00000  841   80  259.52362    0.00000   100%  20.1 1260s
 20000 11499    0.00000  851   80  259.52362    0.00000   100%  20.0 1280s
 20813 11233    0.00000  927   80  259.52362    0.00000   100%  19.9 1308s
 20821 11354   59.20220  927   78  259.52362    0.00000   100%  20.0 1318s
 20998 12480    0.00000  940   80  259.52362    0.00000   100%  20.0 1338s
 22351 13115   59.48467 1016   78  259.52362    0.00000   100%  19.5 1353s
 23075 13303   40.30953 1061   78  259.52362    0.00000   100%  19.2 1364s
 23272 13725   59.48467 1075   78  259.52362    0.00000   100%  19.1 1377s
 23719 14358   93.41900 1097   78  259.52362    0.00000   100%  18.9 1390s
 24445 14574   93.92700 1125   78  259.52362    0.00000   100%  18.8 1402s
 24664 16102   93.92700 1142   78  259.52362    0.00000   100%  18.7 1421s
 26234 17596   74.76410 1216   78  259.52362    0.00000   100%  18.1 1440s
 27789 19885    0.00000 1255   80  259.52362    0.00000   100%  17.6 1466s
 30097 23108   89.20807 1331   78  259.52362    0.00000   100%  16.8 1790s
 33417 23205  120.70720 1571   78  259.52362    0.00000   100%  16.2 1808s
 33518 24181    5.46160 1578   78  259.52362    0.00000   100%  16.3 1821s
 34528 24331    0.00000 1636   80  259.52362    0.00000   100%  16.0 1829s
 34685 24834  108.16577 1651   78  259.52362    0.00000   100%  15.9 1842s
 35233 25173  144.28913 1720   78  259.52362    0.00000   100%  15.8 1856s
 35651 26609    0.00000 1779   80  259.52362    0.00000   100%  15.9 1871s
 37116 27383    0.00000 1823   80  259.52362    0.00000   100%  15.7 1884s
 37904 27478    0.00000 1835   80  259.52362    0.00000   100%  15.6 1912s
 38008 27637  108.16577 1841   78  259.52362    0.00000   100%  15.7 1920s
 38168 28290    0.00000 1850   80  259.52362    0.00000   100%  15.8 1937s
 38862 29171    0.82633 1882   81  259.52362    0.82633   100%  15.9 1954s
 39798 29743  145.43417 1923   78  259.52362    0.84583   100%  15.7 1968s
 40376 30874  147.28617 1968   78  259.52362    0.84583   100%  15.6 1988s
 41527 31511    0.84583 2073   80  259.52362    0.84583   100%  15.4 2002s
 42213 31591    0.84583 2112   80  259.52362    0.84583   100%  15.6 2010s
 42298 33090  189.21493 2116   78  259.52362    0.84583   100%  15.6 2028s
 43831 33456    0.84583 2169   80  259.52362    0.84583   100%  15.4 2040s
 44249 34225    0.84583 2195   80  259.52362    0.84583   100%  15.4 2056s
 45112 34817    0.84583 2286   80  259.52362    0.84583   100%  15.3 2193s
 45956 35694    0.84583 2344   80  259.52362    0.84583   100%  15.4 2219s
 46859 37231   59.04813 2369   78  259.52362    0.84583   100%  15.4 2256s
 48589 37819    0.84583 2620   80  259.52362    0.84583   100%  15.5 2280s
 49402 38685  101.27010 2746   78  259.52362    0.84583   100%  15.7 2306s
 50461 38689    0.84583 2897   80  259.52362    0.84583   100%  15.8 2331s
 50469 39075   59.03970 2897   78  259.52362    0.84583   100%  15.8 2351s
 50873 39644    0.84583 2980   80  259.52362    0.84583   100%  16.1 2372s
 51609 39863    0.84583 3100   80  259.52362    0.84583   100%  16.5 2390s
 51849 40676   93.67083 3125   78  259.52362    0.84583   100%  16.6 2418s
 52813 42317    0.84583 3221   80  259.52362    0.84583   100%  16.9 2444s
 54581 42594   40.86977 3337   78  259.52362    0.84583   100%  16.9 2460s
 54896 44380   41.85543 3352   78  259.52362    0.84583   100%  17.2 2484s
 56801 46229  140.11037 3454   76  259.52362    3.36930  98.7%  17.2 2508s
 58737 47690   40.91302 3567   78  259.52362    3.36930  98.7%  17.3 2528s
 60268 50949   52.80970 3628   74  259.52362    3.36930  98.7%  17.4 2671s
 63669 53161  155.15317 3736   72  259.52362    3.36930  98.7%  17.4 2686s
 65898 55217  155.15317 3769   72  259.52362    3.36930  98.7%  17.1 2699s
 67962 55490  190.38223 3782   74  259.52362    3.36930  98.7%  16.8 2703s
 68239 56477   52.28887 3786   74  259.52362    3.36930  98.7%  16.8 2711s
 69241 57474   52.28887 3797   74  259.52362    3.36930  98.7%  16.7 2719s
 70251 58097  190.38223 3808   72  259.52362    3.36930  98.7%  16.6 2726s
 70959 58885   52.28887 3833   74  259.52362    3.36930  98.7%  16.7 2736s
 71711 59281   52.28887 3856   74  259.52362    3.36930  98.7%  16.7 2742s
 72127 59681   52.28887 3880   76  259.52362    3.36930  98.7%  16.7 2749s
 72547 60153  148.81247 3899   74  259.52362    3.36930  98.7%  16.8 2756s
 73042 60343  148.81247 3921   74  259.52362    3.36930  98.7%  16.8 2760s
 73239 60809   52.28887 3933   76  259.52362    3.36930  98.7%  16.9 2767s
 73726 61041   52.28887 3953   76  259.52362    3.36930  98.7%  16.8 2772s
 73979 61108   52.28887 3967   76  259.52362    3.36930  98.7%  16.9 2776s
 74048 61474   52.28887 3973   76  259.52362    3.36930  98.7%  17.0 2783s
 74427 61902   52.28887 3998   76  259.52362    3.36930  98.7%  17.0 2790s
 74873 63481  191.83123 4017   76  259.52362    3.36930  98.7%  17.0 2928s
 76559 63663   52.28887 4106   76  259.52362    3.36930  98.7%  17.2 2938s
 76751 64371  151.26333 4124   74  259.52362    3.36930  98.7%  17.3 2956s
 77504 64805   52.28887 4200   76  259.52362    3.36930  98.7%  17.5 2971s
 78026 65420   52.28887 4248   76  259.52362    3.36930  98.7%  17.7 2989s
 78780 65620   52.28887 4342   76  259.52362    3.36930  98.7%  17.7 3002s
 79024 67289  111.48507 4368   74  259.52362    3.36930  98.7%  17.7 3027s
 80866 68616   52.28887 4463   76  259.52362    3.36930  98.7%  17.6 3051s
 82392 69177  145.70067 4558   74  259.52362    3.36930  98.7%  17.6 3065s
 83137 69637  151.53607 4621   74  259.52362    3.36930  98.7%  17.7 3080s
 83659 69932   52.28887 4660   76  259.52362    3.36930  98.7%  17.9 3091s
 84029 70679   52.28887 4670   76  259.52362    3.36930  98.7%  18.0 3108s
 84955 73122   52.28887 4703   76  259.52362    3.36930  98.7%  18.4 3129s
 85021 73122  198.49724 7707   18  259.52362    3.36930  98.7%  18.4 3130s
 87678 75665   52.28887 4736   76  259.52362    3.36930  98.7%  18.2 3147s
 90318 76543   52.28887 4758   76  259.52362    3.36930  98.7%  17.9 3290s
 91234 77265   52.28887 4814   76  259.52362    3.36930  98.7%  18.2 3321s
 92056 82093   52.28887 4859   76  259.52362    3.36930  98.7%  18.3 3371s
 97092 84266   52.34703 5075   74  259.52362    3.36930  98.7%  18.2 3388s
 99304 85891  151.32150 5127   74  259.52362    3.36930  98.7%  18.0 3404s
 99902 85891  132.90480 4582   50  259.52362    3.36930  98.7%  18.0 3405s
 101009 86458   95.13945 5162   76  259.52362    3.36930  98.7%  17.9 3415s
 101694 87492   52.65343 5172   79  259.52362    3.36930  98.7%  17.9 3425s
 102771 88739   52.68026 5176   78  259.52362    3.36930  98.7%  17.9 3437s
 104042 89871   52.71248 5181   77  259.52362    3.36930  98.7%  17.7 3448s
 105213 93718   52.75112 5185   76  259.52362    3.36930  98.7%  17.6 3589s
 109253 95252   52.75112 5273   76  259.52362    3.36930  98.7%  17.2 3598s
 110853 96422   52.75112 5281   76  259.52362    3.36930  98.7%  17.1 3607s
 112070 97375   52.75112 5289   76  259.52362    3.36930  98.7%  16.9 3614s
 113035 98150   52.75112 5297   76  259.52362    3.36930  98.7%  16.8 3622s
 113824 99604   52.75112 5306   76  259.52362    3.36930  98.7%  16.7 3631s
 115293 100618  133.57234 5315   74  259.52362    3.36930  98.7%  16.6 3638s
 116330 100974   52.75112 5323   76  259.52362    3.36930  98.7%  16.4 3642s
 116731 101672   52.75112 5332   76  259.52362    3.36930  98.7%  16.4 3648s
 117465 102999   52.75112 5341   76  259.52362    3.36930  98.7%  16.4 3656s
 118834 103833   52.75160 5344   76  259.52362    3.36930  98.7%  16.2 3662s
 119701 107617   52.79566 5350   74  259.52362    3.36930  98.7%  16.1 3803s
 123597 108278   57.85198 5370   76  259.52362    3.36930  98.7%  15.9 3810s
 124312 109385   57.85198 5374   74  259.52362    3.36930  98.7%  15.9 3819s
 125504 109509   58.15224 5379   74  259.52362    3.36930  98.7%  15.8 3823s
 125703 109711   96.19963 5382   75  259.52362    3.36930  98.7%  15.9 3829s
 125928 110030   96.19963 5399   74  259.52362    3.36930  98.7%  15.9 3835s
 126275 110366   96.19963 5422   74  259.52362    3.36930  98.7%  16.0 3840s
 126636 110643   96.19963 5445   74  259.52362    3.36930  98.7%  16.0 3847s
 126967 111044   96.19963 5463   74  259.52362    3.36930  98.7%  16.1 3854s
 127392 111460   96.19963 5481   74  259.52362    3.36930  98.7%  16.1 3861s
 127832 111801  177.34700 5495   70  259.52362    3.36930  98.7%  16.2 3868s
 128194 111923   96.19963 5508   74  259.52362    3.36930  98.7%  16.3 3873s
 128339 112095   96.19963 5521   74  259.52362    3.36930  98.7%  16.4 3878s
 128531 112245   96.19963 5538   74  259.52362    3.36930  98.7%  16.5 3883s
 128716 112518   96.19963 5558   74  259.52362    3.36930  98.7%  16.6 3889s
 129005 112693   96.19963 5575   74  259.52362    3.36930  98.7%  16.8 3895s
 129239 113578   96.19963 5586   72  259.52362    3.36930  98.7%  16.9 3908s
 130148 113840  134.97553 5619   70  259.52362    3.36930  98.7%  16.9 3916s
 130455 114180  151.53607 5634   70  259.52362    3.36930  98.7%  17.0 3923s
 130847 114651   96.19963 5661   72  259.52362    3.36930  98.7%  17.1 3931s
 131375 115243  174.51290 5679   70  259.52362    3.36930  98.7%  17.1 3940s
 131995 115513  191.02590 5696   70  259.52362    3.36930  98.7%  17.2 3948s
 132330 115633  191.17581 5709   71  259.52362    3.36930  98.7%  17.2 3954s
 132495 116349  191.17581 5716   71  259.52362    3.36930  98.7%  17.3 3963s
 133246 118010   96.34955 5732   72  259.52362    3.36930  98.7%  17.3 3975s
 134980 121009  207.71288 5748   72  259.52362    3.36930  98.7%  17.3 4112s
 138124 121060   97.51075 5778   72  259.52362    3.36930  98.7%  17.4 4115s
 138175 122591   97.51075 5780   72  259.52362    3.36930  98.7%  17.4 4126s
 139724 123377   97.51075 5787   72  259.52362    3.36930  98.7%  17.4 4134s
 140521 123988  219.19168 5791   86  259.52362    3.36930  98.7%  17.4 4142s
 141143 124103  228.99146 5796   74  259.52362    3.36930  98.7%  17.4 4145s
 141262 124847   97.51075 5799   72  259.52362    3.36930  98.7%  17.4 4154s
 142016 125382  152.84719 5810   70  259.52362    3.36930  98.7%  17.4 4162s
 142602 125646  195.33702 5820   70  259.52362    3.36930  98.7%  17.4 4168s
 142885 126209  208.87409 5833   72  259.52362    3.36930  98.7%  17.5 4176s
 143477 126506   97.51075 5845   72  259.52362    3.36930  98.7%  17.5 4180s
 143774 127715  196.57233 5850   72  259.52362    3.36930  98.7%  17.5 4190s
 144991 128782  108.26347 5882   68  259.52362    3.36930  98.7%  17.4 4199s
 146069 129555  103.26964 5906   76  259.52362    3.36930  98.7%  17.4 4209s
 146860 130353  236.53284 5920   82  259.52362    3.36930  98.7%  17.4 4218s
 147681 130703  110.58810 5927   70  259.52362    3.36930  98.7%  17.4 4226s
 148032 131277  110.58810 5953   70  259.52362    3.36930  98.7%  17.4 4234s
 148624 131735  118.17607 5975   68  259.52362    3.36930  98.7%  17.4 4241s
 149083 132265  159.23087 5999   68  259.52362    3.36930  98.7%  17.4 4249s
 149653 134100  110.58810 6022   70  259.52362    3.36930  98.7%  17.4 4385s
 151650 134213  110.58810 6108   70  259.52362    3.36930  98.7%  17.5 4391s
 151768 135530  201.23213 6119   68  259.52362    3.36930  98.7%  17.5 4405s
 153149 136487  110.58810 6149   70  259.52362    3.36930  98.7%  17.5 4418s
 154175 137218  110.58810 6173   70  259.52362    3.36930  98.7%  17.4 4429s
 154939 137585  117.93337 6206   68  259.52362    3.36930  98.7%  17.4 4438s
 155332 137922  188.76397 6233   68  259.52362    3.36930  98.7%  17.4 4447s
 155705 138090  110.78436 6255   70  259.52362    3.36930  98.7%  17.5 4452s
 155905 138859  111.15406 6263   70  259.52362    3.36930  98.7%  17.5 4465s
 156733 139528  117.94827 6296   72  259.52362    3.36930  98.7%  17.5 4477s
 157477 140204  128.55257 6316   64  259.52362    3.36930  98.7%  17.6 4489s
 158290 140870  122.94737 6342   66  259.52362    3.36930  98.7%  17.6 4501s
 159011 142294  131.69233 6376   64  259.52362    3.36930  98.7%  17.6 4515s
 160473 143760  129.58900 6402   64  259.52362    3.36930  98.7%  17.5 4530s
 162028 144210  124.31545 6428   66  259.52362    3.36930  98.7%  17.4 4538s
 162504 144895 infeasible 6438       259.52362    3.36930  98.7%  17.4 4550s
 163230 146171  136.10420 6477   64  259.52362    3.36930  98.7%  17.4 4562s
 164511 148197  193.17303 6520   62  259.52362    3.36930  98.7%  17.4 4693s
 166588 148326  136.10420 6582   64  259.52362    3.36930  98.7%  17.4 4697s
 166741 149046 infeasible 6591       259.52362    3.36930  98.7%  17.4 4707s
 167521 150234  136.15700 6618   62  259.52362    3.36930  98.7%  17.4 4721s
 168724 150986  136.15700 6646   62  259.52362    3.36930  98.7%  17.4 4734s
 169566 151803  136.16341 6675   62  259.52362    3.36930  98.7%  17.4 4747s
 170510 152192  136.16341 6685   62  259.52362    3.36930  98.7%  17.4 4756s
 171031 152282  144.84040 6698   60  259.52362    3.36930  98.7%  17.4 4761s
 171167 153586  136.21347 6706   63  259.52362    3.36930  98.7%  17.4 4773s
 172524 154641  136.33420 6725   62  259.52362    3.36930  98.7%  17.4 4785s
 173639 155692  144.84040 6757   60  259.52362    3.36930  98.7%  17.4 4798s
 174755 156397  151.51230 6795   58  259.52362    3.36930  98.7%  17.3 4808s
 175559 156536  144.84040 6831   60  259.52362    3.36930  98.7%  17.3 4812s
 175726 157326  176.01603 6842   58  259.52362    3.36930  98.7%  17.3 4823s
 176571 157740  144.84040 6867   60  259.52362    3.36930  98.7%  17.3 4830s
 177023 159179  151.64020 6894   58  259.52362    3.36930  98.7%  17.3 4841s
 178483 160255  144.84040 6921   60  259.52362    3.36930  98.7%  17.2 4852s
 179588 162396  144.84040 6948   60  259.52362    3.36930  98.7%  17.2 4986s
 181827 162525  150.10910 7061   58  259.52362    3.36930  98.7%  17.2 4991s
 181958 163500  151.46620 7073   58  259.52362    3.36930  98.7%  17.2 5001s
 182968 164894  176.25850 7102   58  259.52362    3.36930  98.7%  17.2 5015s
 184384 166155  144.84040 7131   60  259.52362    3.36930  98.7%  17.1 5027s
 185691 167030  144.84040 7161   60  259.52362    3.36930  98.7%  17.1 5037s
 186642 167303  144.84040 7183   60  259.52362    3.36930  98.7%  17.0 5043s
 186982 167937  144.84040 7203   60  259.52362    3.36930  98.7%  17.0 5052s
 187639 168343  152.23337 7228   58  259.52362    3.36930  98.7%  17.1 5059s
 188088 168697  144.84040 7246   60  259.52362    3.36930  98.7%  17.1 5066s
 188494 169021  144.84040 7270   60  259.52362    3.36930  98.7%  17.1 5073s
 188839 169264  144.84040 7292   60  259.52362    3.36930  98.7%  17.1 5078s
 189093 169589  144.84040 7306   60  259.52362    3.36930  98.7%  17.1 5085s
 189431 169923  144.84040 7332   60  259.52362    3.36930  98.7%  17.2 5092s
 189814 170485  144.84040 7354   60  259.52362    3.36930  98.7%  17.2 5102s
 190414 170693  144.84040 7369   60  259.52362    3.36930  98.7%  17.2 5108s
 190675 171538  191.27757 7389   58  259.52362    3.36930  98.7%  17.2 5120s
 191552 171656  144.84514 7407   60  259.52362    3.36930  98.7%  17.2 5125s
 191681 172041 infeasible 7417       259.52362    3.36930  98.7%  17.3 5132s
 192094 172630  144.85203 7438   61  259.52362    3.36930  98.7%  17.3 5142s
 192696 173083  149.99480 7459   58  259.52362    3.36930  98.7%  17.3 5151s
 193163 173426  144.87385 7481   60  259.52362    3.36930  98.7%  17.3 5159s
 193538 174219  149.99480 7503   58  259.52362    3.36930  98.7%  17.4 5170s
 194370 175471  149.99480 7546   58  259.52362    3.36930  98.7%  17.4 5296s
 195697 176550  149.99480 7588   58  259.52362    3.36930  98.7%  17.4 5310s
 196927 177512  149.99480 7624   58  259.52362    3.36930  98.7%  17.3 5322s
 197959 178800  149.99480 7650   58  259.52362    3.36930  98.7%  17.3 5334s
 199321 180421  149.99480 7678   58  259.52362    3.36930  98.7%  17.3 5349s
 201006 181090  149.99480 7705   58  259.52362    3.36930  98.7%  17.2 5359s
 201751 181665 infeasible 7723       259.52362    3.36930  98.7%  17.2 5368s
 202355 182328  149.99480 7744   58  259.52362    3.36930  98.7%  17.2 5377s
 203056 183381  196.32457 7768   56  259.52362    3.36930  98.7%  17.1 5388s
 204187 183985  149.99480 7805   58  259.52362    3.36930  98.7%  17.1 5396s
 204826 184711  196.32457 7823   56  259.52362    3.36930  98.7%  17.1 5406s
 205588 184837  149.99480 7843   58  259.52362    3.36930  98.7%  17.1 5410s
 205718 185297  155.37780 7852   56  259.52362    3.36930  98.7%  17.1 5418s
 206264 186233  149.99858 7872   58  259.52362    3.36930  98.7%  17.1 5428s
 207265 187822  150.00596 7893   61  259.52362    3.36930  98.7%  17.1 5439s
 208873 190058  180.31297 7909   56  259.52362    3.36930  98.7%  17.1 5572s
 211229 190118  155.37780 7975   56  259.52362    3.36930  98.7%  17.2 5575s
 211339 190335  220.63280 7982   55  259.52362    3.36930  98.7%  17.2 5582s
 211653 191459  155.37780 8003   56  259.52362    3.36930  98.7%  17.2 5594s
 212831 192496  201.29027 8046   54  259.52362    3.36930  98.7%  17.2 5604s
 213904 193701  162.96577 8078   54  259.52362    3.36930  98.7%  17.2 5614s
 215158 194892  155.37780 8097   56  259.52362    3.36930  98.7%  17.1 5623s
 216367 195884  204.05673 8119   54  259.52362    3.36930  98.7%  17.1 5631s
 217365 196402  155.37780 8141   56  259.52362    3.36930  98.7%  17.0 5638s
 217893 197427 infeasible 8165       259.52362    3.36930  98.7%  17.0 5648s
 218957 198843  155.37780 8185   56  259.52362    3.36930  98.7%  17.0 5660s
 220387 199681  203.06717 8211   54  259.52362    3.36930  98.7%  16.9 5671s
 221230 200191  155.37780 8230   56  259.52362    3.36930  98.7%  16.9 5678s
 221760 200640  155.37780 8245   56  259.52362    3.36930  98.7%  16.9 5686s
 222377 201218  186.02987 8283   54  259.52362    3.36930  98.7%  16.9 5696s
 222857 202115  155.37780 8302   56  259.52362    3.36930  98.7%  16.9 5705s
 223777 203634  155.37780 8312   56  259.52362    3.36930  98.7%  16.9 5836s
 225443 203800  186.02987 8359   54  259.52362    3.36930  98.7%  16.9 5842s
 225681 204114  155.37780 8383   56  259.52362    3.36930  98.7%  16.9 5850s
 226122 205182  155.37780 8409   56  259.52362    3.36930  98.7%  17.0 5864s
 227315 205654  155.38323 8451   56  259.52362    3.36930  98.7%  17.0 5876s
 227955 205925  155.38585 8474   61  259.52362    3.36930  98.7%  17.0 5882s
 228252 207405  155.39800 8486   57  259.52362    3.36930  98.7%  17.0 5897s
 229884 209394  155.40760 8515   56  259.52362    3.36930  98.7%  17.0 5912s
 231961 210650  155.41663 8535   56  259.52362    3.36930  98.7%  16.9 5923s
 233354 211471  155.44947 8562   56  259.52362    3.36930  98.7%  16.8 5932s
 234272 212078  168.29610 8576   52  259.52362    3.36930  98.7%  16.8 5942s
 234913 213067  192.23787 8593   52  259.52362    3.36930  98.7%  16.8 5951s
 235956 213480  169.16447 8615   52  259.52362    3.36930  98.7%  16.8 5958s
 236389 214124  169.16447 8625   52  259.52362    3.36930  98.7%  16.8 5966s
 237103 214488  169.29753 8639   54  259.52362    3.36930  98.7%  16.8 5974s
 237532 215044  170.16447 8657   52  259.52362    3.36930  98.7%  16.8 5982s
 238219 216668  182.43317 8685   50  259.52362    3.36930  98.7%  16.8 6108s
 240021 216738  170.23828 8736   52  259.52362    3.36930  98.7%  16.8 6113s
 240114 217287  174.87777 8748   52  259.52362    3.36930  98.7%  16.9 6122s
 240686 218893  213.71937 8777   50  259.52362    3.36930  98.7%  16.9 6135s
 242330 219753  174.94215 8796   53  259.52362    3.36930  98.7%  16.8 6144s
 243205 220596  228.63782 8808   54  259.52362    3.36930  98.7%  16.8 6155s
 244066 221385  197.95203 8824   50  259.52362    3.36930  98.7%  16.8 6164s
 244911 221542  224.06822 8841   50  259.52362    3.36930  98.7%  16.8 6169s
 245092 222161  176.98969 8849   55  259.52362    3.36930  98.7%  16.8 6178s
 245754 222801  218.50001 8861   50  259.52362    3.36930  98.7%  16.8 6187s
 246418 223985  181.99960 8876   53  259.52362    3.36930  98.7%  16.8 6203s
 247638 224361  225.03597 8913   50  259.52362    3.36930  98.7%  16.8 6211s
 248114 225127  225.03597 8934   50  259.52362    3.36930  98.7%  16.7 6223s
 249055 225923  225.03597 8967   50  259.52362    3.36930  98.7%  16.7 6235s
 249975 226664     cutoff 8996       259.52362    3.36930  98.7%  16.7 6246s
 250865 227117  225.09075 9028   54  259.52362    3.36930  98.7%  16.6 6255s
 251469 227430  248.06436 9054   51  259.52362    3.36930  98.7%  16.6 6264s
 251966 227751   51.42240  110   74  259.52362    3.36930  98.7%  16.6 6271s
 252393 227963  233.32017  171   62  259.52362    3.36930  98.7%  16.7 6283s
 252695 228212   48.67817   73   72  259.52362    3.36930  98.7%  16.7 6400s
 252991 231721  169.20537   97   66  259.52362    3.36930  98.7%  16.7 6450s
 256901 232999  144.76757   89   74  259.52362    3.36930  98.7%  16.7 6463s
 258240 234015    8.82560  138   76  259.52362    3.36930  98.7%  16.6 6477s
 259341 234550    8.82560  175   76  259.52362    3.36930  98.7%  16.6 6489s
 259935 235123    8.82560  192   76  259.52362    3.36930  98.7%  16.6 6499s
 260530 235611    8.82560  203   76  259.52362    3.36930  98.7%  16.7 6510s
 261023 237632    8.82560  216   76  259.52362    3.36930  98.7%  16.7 6525s
 263049 237910    8.82560  260   76  259.52362    3.36930  98.7%  16.6 6531s
 263338 239163    8.82560  269   76  259.52362    3.36930  98.7%  16.6 6545s
 264611 239932    8.82560  311   76  259.52362    3.36930  98.7%  16.6 6555s
 265391 240947  112.85317  343   74  259.52362    3.36930  98.7%  16.6 6565s
 266427 241443  117.39517  379   74  259.52362    3.36930  98.7%  16.6 6575s
 266969 241804    8.82560  396   76  259.52362    3.36930  98.7%  16.7 6582s
 267383 243196    8.82560  407   76  259.52362    3.36930  98.7%  16.7 6711s
 268791 243413    8.82560  435   76  259.52362    3.36930  98.7%  16.7 6719s
 269019 245151    8.82560  441   76  259.52362    3.36930  98.7%  16.7 6740s
 270827 246627    8.82560  475   76  259.52362    3.36930  98.7%  16.7 6757s
 272372 247991  151.73993  503   74  259.52362    3.36930  98.7%  16.7 6772s
 273874 248768    8.82560  528   76  259.52362    3.36930  98.7%  16.6 6783s
 274807 249311  195.45833  539   74  259.52362    3.36930  98.7%  16.6 6791s
 275428 250696  153.55843  550   74  259.52362    3.36930  98.7%  16.6 6803s
 276862 251737    8.82560  573   76  259.52362    3.36930  98.7%  16.6 6814s
 277964 253359   59.65933  605   74  259.52362    3.36930  98.7%  16.6 6826s
 279615 254356   83.58970  638   74  259.52362    3.36930  98.7%  16.5 6835s
 280675 255297    8.82560  661   76  259.52362    3.36930  98.7%  16.5 6846s
 281684 256410   51.41710  683   74  259.52362    3.36930  98.7%  16.4 6858s
 282920 257572    8.82560  715   76  259.52362    3.36930  98.7%  16.4 6986s
 284307 258011    8.82560  750   76  259.52362    3.36930  98.7%  16.3 6995s
 284880 258790    8.82560  759   76  259.52362    3.36930  98.7%  16.4 7009s
 285959 259684    8.82560  774   76  259.52362    3.36930  98.7%  16.4 7024s
 287109 260312    8.82560  799   76  259.52362    3.36930  98.7%  16.4 7038s
 287894 260448    8.82560  813   76  259.52362    3.36930  98.7%  16.4 7046s
 288037 261165    8.82560  818   76  259.52362    3.36930  98.7%  16.4 7057s
 288910 262610    8.82560  846   76  259.52362    3.36930  98.7%  16.4 7070s
 290459 263846    8.82560  876   76  259.52362    3.36930  98.7%  16.4 7081s
 291745 266010    8.82560  885   76  259.52362    3.36930  98.7%  16.4 7094s
 293912 267098  186.92217  893   74  259.52362    3.36930  98.7%  16.3 7105s
 295019 268526    8.82560  904   76  259.52362    3.36930  98.7%  16.3 7116s
 296467 268778    8.82560  916   76  259.52362    3.36930  98.7%  16.3 7121s
 296736 269347  109.84767  919   74  259.52362    3.36930  98.7%  16.3 7129s

Cutting planes:
  Gomory: 72
  Implied bound: 163
  Projected implied bound: 306
  MIR: 8
  Flow cover: 167
  Relax-and-lift: 2134

Explored 297378 nodes (4859205 simplex iterations) in 7200.80 seconds (8587.90 work units)
Thread count was 16 (of 16 available processors)

Solution count 10: 259.524 259.525 259.525 ... 262.66

Time limit reached
Best objective 2.595236168777e+02, best bound 3.369299999998e+00, gap 98.7017%

User-callback calls 1106919, time in user-callback 5.05 sec
