
Gurobi 10.0.1 (win64) logging started Sat Sep 20 18:01:33 2025

Set parameter LogFile to value "log_group_6/bound_Expr17_s5_l1051_s11_e12_o20_d40_t7200_s17_0_0_0_0.log"
Gurobi Optimizer version 10.0.1 build v10.0.1rc0 (win64)

CPU model: Intel(R) Core(TM) i7-10700 CPU @ 2.90GHz, instruction set [SSE2|AVX|AVX2]
Thread count: 8 physical cores, 16 logical processors, using up to 16 threads

Optimize a model with 170825 rows, 170310 columns and 1363420 nonzeros
Model fingerprint: 0x07e3eb1a
Variable types: 310 continuous, 170000 integer (170000 binary)
Coefficient statistics:
  Matrix range     [1e+00, 8e+02]
  Objective range  [1e+00, 1e+00]
  Bounds range     [1e+00, 1e+03]
  RHS range        [1e+00, 8e+02]
Presolve removed 164060 rows and 164040 columns
Presolve time: 1.01s
Presolved: 6765 rows, 6270 columns, 42620 nonzeros
Variable types: 270 continuous, 6000 integer (6000 binary)
Found heuristic solution: objective 534.6213333

Root relaxation: objective 0.000000e+00, 1109 iterations, 0.04 seconds (0.05 work units)

    Nodes    |    Current Node    |     Objective Bounds      |     Work
 Expl Unexpl |  Obj  Depth IntInf | Incumbent    BestBd   Gap | It/Node Time

     0     0    0.00000    0   40  534.62133    0.00000   100%     -    1s
H    0     0                     369.9462333    0.00000   100%     -    1s
H    0     0                     363.3041333    0.00000   100%     -    1s
     0     0    0.00000    0   55  363.30413    0.00000   100%     -    1s
H    0     0                     149.6047667    0.00000   100%     -    3s
H    0     0                     142.7409667    0.00000   100%     -    3s
     0     0    0.00000    0   40  142.74097    0.00000   100%     -    4s
     0     0    0.00000    0   40  142.74097    0.00000   100%     -    4s
     0     0    0.00000    0   40  142.74097    0.00000   100%     -    4s
H    0     0                     134.6751000    0.00000   100%     -    4s
     0     0    0.00000    0   41  134.67510    0.00000   100%     -    4s
     0     0    0.00000    0   40  134.67510    0.00000   100%     -    5s
     0     0    0.00000    0   40  134.67510    0.00000   100%     -    5s
     0     0    0.00000    0   40  134.67510    0.00000   100%     -    5s
     0     0    0.00000    0   40  134.67510    0.00000   100%     -    5s
     0     0    0.00000    0   40  134.67510    0.00000   100%     -    5s
     0     0    0.00000    0   42  134.67510    0.00000   100%     -    6s
     0     0    0.00000    0   41  134.67510    0.00000   100%     -    6s
     0     0    0.00000    0   41  134.67510    0.00000   100%     -    6s
     0     0    0.00000    0   41  134.67510    0.00000   100%     -    6s
     0     0    0.00000    0   41  134.67510    0.00000   100%     -    6s
     0     0    0.00000    0   42  134.67510    0.00000   100%     -    6s
     0     0    0.00000    0   40  134.67510    0.00000   100%     -    6s
     0     2    0.00000    0   40  134.67510    0.00000   100%     -    7s
    31    12    0.00000    7   40  134.67510    0.00000   100%  91.1   11s
H   33    12                     134.4771000    0.00000   100%  89.7   11s
   451   260    0.00000   84   40  134.47710    0.00000   100%  26.4   15s
  1954  1454    0.00000  269   41  134.47710    0.00000   100%  12.4   20s
  3482  2684    0.00000  588   40  134.47710    0.00000   100%  10.7   28s
  3939  2692    0.00000  609   43  134.47710    0.00000   100%  10.1   31s
  5029  3791    0.00000  822   40  134.47710    0.00000   100%   9.1   37s
  6506  5368    0.00000 1015   40  134.47710    0.00000   100%   8.7   42s
  7462  5369   65.06477 1151   40  134.47710    0.00000   100%   8.1   54s
  7464  5370   87.86887  316   40  134.47710    0.00000   100%   8.1   56s
  7465  5371   99.17727  446   42  134.47710    0.00000   100%   8.1   61s
H 7465  5102                     134.4771000    0.00000   100%   8.1   61s
  7469  5105  130.29770  731   41  134.47710    0.00000   100%   8.1   67s
  7471  5106   93.27210  858   40  134.47710    0.00000   100%   8.1   71s
  7474  5108   65.06477   62   40  134.47710    0.00000   100%   8.1   75s
  7475  5109   65.06477  907   40  134.47710    0.00000   100%   8.1   80s
  7478  5114    0.00000   13   40  134.47710    0.00000   100%   9.3   85s
  7495  5121    0.00000   16   40  134.47710    0.00000   100%  10.5   91s
  7503  5121   53.98143   16   38  134.47710    0.00000   100%  10.9   97s
  7531  5117    0.00000   18   40  134.47710    0.00000   100%  11.2  102s
H 7551  4858                     134.4770998    0.00000   100%  11.6  103s
  7631  4848    0.00000   25   40  134.47710    0.00000   100%  11.9  109s
H 7632  4604                     134.4770995    0.00000   100%  11.9  109s
H 7634  4374                     134.4770456    0.00000   100%  11.9  109s
  7640  4379    4.65823   25   38  134.47705    0.00000   100%  11.9  110s
H 7673  4164                     134.4764837    0.00000   100%  12.1  114s
  7690  4163    0.00000   28   40  134.47648    0.00000   100%  12.1  115s
  8014  4250    0.00000   46   41  134.47648    0.00000   100%  12.1  120s
  8157  4287   83.40103   52   38  134.47648    0.00000   100%  12.2  128s
  8329  4405    0.00000   61   40  134.47648    0.00000   100%  12.4  130s
  8722  4564    0.00000   73   40  134.47648    0.00000   100%  12.7  135s
  9053  4739    0.00000   90   40  134.47648    0.00000   100%  12.7  140s
  9276  4707    0.00000   99   40  134.47648    0.00000   100%  12.7  146s
  9986  5076    0.00000  119   41  134.47648    0.00000   100%  12.6  150s
 10988  5346    0.00000  158   40  134.47648    0.00000   100%  12.7  156s
 11322  5413    0.00000  178   40  134.47648    0.00000   100%  12.8  162s
 11897  5556    0.00000  205   40  134.47648    0.00000   100%  13.1  168s
 11905  5558   83.40103  205   38  134.47648    0.00000   100%  13.2  172s
 11991  5718    0.00000  209   40  134.47648    0.00000   100%  13.2  175s
 13132  6264   83.40103  275   38  134.47648    0.00000   100%  13.7  180s
 14017  6519   88.91443  321   38  134.47648    0.00000   100%  14.4  186s
 14743  7428    0.00000  342   40  134.47648    0.00000   100%  14.6  208s
 15439  7204    0.00000  356   40  134.47648    0.00000   100%  14.6  216s
 15791  7797    0.00000  374   40  134.47648    0.00000   100%  14.6  222s
 16849  8095   82.60013  425   38  134.47648    0.00000   100%  14.9  225s
 17771  8958    0.00000  460   40  134.47648    0.00000   100%  15.0  230s
 18549  9429    0.00000  482   40  134.47648    0.00000   100%  15.1  235s
 19822  9437    0.00000  531   40  134.47648    0.00000   100%  14.8  240s
 20842 10147   83.40300  553   38  134.47648    0.00000   100%  14.8  245s
 21107 10171    0.00000  563   40  134.47648    0.00000   100%  14.7  253s
 21138 11681   83.40300  564   38  134.47648    0.00000   100%  14.8  256s
 24667 15116    0.00000  601   40  134.47648    0.00000   100%  13.5  263s
 26404 16947    0.00000  642   40  134.47648    0.00000   100%  13.0  268s
 28412 20324    0.00000  657   40  134.47648    0.00000   100%  12.5  273s
 32087 24320    0.00000  677   40  134.47648    0.00000   100%  11.5  335s
 38287 25226   33.91723  840   55  134.47648    4.65823  96.5%  10.9  342s
 39262 25994   39.97573  879   48  134.47648    4.65823  96.5%  10.8  345s
 40892 27313   44.89173  936   44  134.47648    4.65823  96.5%  10.5  350s
 43711 30062   55.54747 1037   33  134.47648    4.65823  96.5%  10.3  358s
 45960 30446   87.81721 1091   30  134.47648    4.65823  96.5%   9.9  361s
 46728 33965   84.55742 1114   29  134.47648    4.65823  96.5%   9.8  391s
 52873 34691   61.53696 1307   30  134.47648    4.65823  96.5%   9.2  396s
 53846 35637  132.65307 1333   30  134.47648    4.65823  96.5%   9.1  403s
 55278 36889     cutoff 1368       134.47648    4.65823  96.5%   9.0  407s
 56773 37872   64.15804 1417   26  134.47648    4.65823  96.5%   8.9  411s
 59604 40280   68.10515 1493   25  134.47648    4.65823  96.5%   8.7  418s
 61228 43717   68.15670 1512   24  134.47648    4.65823  96.5%   8.5  444s
 64524 43717   99.42246 1631   20  134.47648    4.65823  96.5%   8.3  445s
 67694 46005   78.12703 1612   22  134.47648    4.65823  96.5%   8.2  452s
 68832 47104   78.32681 1630   23  134.47648    4.65823  96.5%   8.1  455s
 72032 49294   74.31567  903   89  134.47648    4.65823  96.5%   7.9  461s
 74811 51575  116.62930 1174   28  134.47648    4.65823  96.5%   7.7  467s
 76228 54222     cutoff  530       134.47648    4.65823  96.5%   7.7  491s
 79630 56101  128.29440 1286    6  134.47648    4.65823  96.5%   7.5  495s
 83234 58037 infeasible  605       134.47648    4.65823  96.5%   7.3  501s
 85842 59490   91.54307  385   30  134.47648    4.65823  96.5%   7.2  506s
 87877 61186   95.44111  816   28  134.47648    4.65823  96.5%   7.1  512s
 90355 62580  106.21158 1455   25  134.47648    4.65823  96.5%   7.0  528s
 91069 62995   50.02180  529   85  134.47648    4.65823  96.5%   7.0  545s
 91588 69085   71.87893  599   48  134.47648    4.65823  96.5%   7.0  565s
 99596 70447  107.55670  110   74  134.47648    4.65823  96.5%   6.7  570s
 103012 72594   96.18000 1089   26  134.47648    4.65823  96.5%   6.6  576s
 105579 76366  123.90133 1635   18  134.47648    4.65823  96.5%   6.5  603s
 109288 76482     cutoff  561       134.47648    4.65823  96.5%   6.4  605s
 110585 78221  126.68055  615   20  134.47648    4.65823  96.5%   6.4  611s
 112973 79485  122.76487  772   20  134.47648    4.65823  96.5%   6.3  617s
 114169 80274  126.29068  820   20  134.47648    4.65823  96.5%   6.3  620s
 116035 81222  115.16039  962   74  134.47648    4.65823  96.5%   6.3  625s
 118541 82992 infeasible  397       134.47648    4.65823  96.5%   6.2  632s
 119878 83658  119.62019  628   27  134.47648    4.65823  96.5%   6.2  635s
 121132 86294   86.80332  210   75  134.47648    4.65823  96.5%   6.2  656s
 124260 87805  118.96688  580   31  134.47648    4.65823  96.5%   6.1  660s
 127057 89385  127.08078 1154   27  134.47648    4.65823  96.5%   6.1  666s
 129417 90366   77.41536  543   54  134.47648    4.65823  96.5%   6.1  672s
 130409 90929   91.80367  561   35  134.47648    4.65823  96.5%   6.1  675s
 132614 92856   91.86190  631   42  134.47648    4.65823  96.5%   6.1  680s
 136103 96116   52.69067 1162   49  134.47648    4.65823  96.5%   6.0  706s
 140491 97411  108.18598 1805   26  134.47648    4.65823  96.5%   6.0  710s
 142595 99507     cutoff 2114       134.47648    4.65823  96.5%   5.9  717s
 144737 100979  115.46977  410   72  134.47648    4.65823  96.5%   5.9  722s
 145912 101980  117.81281  674   61  134.47648    4.65823  96.5%   5.9  725s
 149252 104005     cutoff  416       134.47648    4.65823  96.5%   5.9  732s
 150815 107302  103.23005  125   81  134.47648    4.65823  96.5%   5.8  756s
 156051 108719  102.46598 1234   40  134.47648    4.65823  96.5%   5.7  761s
 157918 109782  109.33178 1538   32  134.47648    4.65823  96.5%   5.7  765s
 159806 110622     cutoff 1344       134.47648    4.65823  96.5%   5.8  771s
 161100 111406   30.39083  892   88  134.47648    4.65823  96.5%   5.8  776s
 162667 112409     cutoff  919       134.47648    4.65823  96.5%   5.8  782s
 163649 113603   99.16437  940   20  134.47648    4.65823  96.5%   5.8  785s
 165320 115319  104.42786  793   84  134.47648    4.65823  96.5%   5.7  806s
 167722 115806   65.55978 1240   38  134.47648    4.65823  96.5%   5.7  810s
 169881 117338   83.92740 1794   26  134.47648    4.65823  96.5%   5.7  816s
 171551 118998  118.51885 2084   16  134.47648    4.65823  96.5%   5.7  821s
 173490 120161  124.58060 2476   12  134.47648    4.65823  96.5%   5.7  825s
 176633 122030  125.38325  461   26  134.47648    4.65823  96.5%   5.6  832s
 177953 123366  103.49461  221   44  134.47648    4.65823  96.5%   5.6  835s
 179745 125271  114.75374  357   29  134.47648    4.65823  96.5%   5.6  856s
 182592 126605   86.01148  320   69  134.47648    4.65823  96.5%   5.6  861s
 185514 128209  122.82868  170   80  134.47648    4.65823  96.5%   5.5  866s
 187852 129597  124.57780  775   81  134.47648    4.65823  96.5%   5.5  871s
 189848 130995   75.06297  112   89  134.47648    4.65823  96.5%   5.5  876s
 191911 133025  126.56822  466   22  134.47648    4.65823  96.5%   5.5  881s
 194538 135599   95.58640  723   35  134.47648    4.65823  96.5%   5.4  904s
 195786 135599  111.18217 1409   32  134.47648    4.65823  96.5%   5.4  905s
 198851 137944  105.47801  994   43  134.47648    4.65823  96.5%   5.4  912s
 201518 139018  117.18363 1210   80  134.47648    4.65823  96.5%   5.4  915s
 203221 140648   77.11142  904   81  134.47648    4.65823  96.5%   5.3  921s
 205255 141860  100.40696  578   78  134.47648    4.65823  96.5%   5.3  925s
 207466 143195  123.43183  846   56  134.47648    4.65823  96.5%   5.3  930s
 209480 145815   98.88042 1223   43  134.47648    4.65823  96.5%   5.3  952s
 211746 145818  112.52647 1611   28  134.47648    4.65823  96.5%   5.3  956s
 212876 147065  107.39046  821   88  134.47648    4.65823  96.5%   5.3  961s
 214382 148080   97.99688 1136   30  134.47648    4.65823  96.5%   5.3  967s
 216836 149528   55.04433  103   89  134.47648    4.65823  96.5%   5.3  972s
 218631 151054  124.55937  339   53  134.47648    4.65823  96.5%   5.3  977s
 219987 151976  118.70950  423   71  134.47648    4.65823  96.5%   5.3  980s
 222627 153621   37.07607  946   81  134.47648    4.65823  96.5%   5.2  986s
 225052 156142   91.79907 1232   18  134.47648    4.65823  96.5%   5.2 1007s
 226908 156513   55.52863  539   72  134.47648    4.65823  96.5%   5.2 1010s
 228808 158441   88.51566  773   34  134.47648    4.65823  96.5%   5.2 1015s
 231321 160563   90.15312 1065   28  134.47648    4.65823  96.5%   5.2 1020s
 233849 161714  117.84985 1451   20  134.47648    4.65823  96.5%   5.1 1026s
 235555 162797  111.88737  417   75  134.47648    4.65823  96.5%   5.1 1030s
 236938 163274   56.78991  495   69  134.47648    4.65823  96.5%   5.1 1036s
 237471 164519   94.90750  505   57  134.47648    4.65823  96.5%   5.1 1040s
 240212 166141  107.00388   57   80  134.47648    4.65823  96.5%   5.1 1063s
 241451 166827   52.39666  537   87  134.47648    4.65823  96.5%   5.1 1066s
 243786 167733   93.52260  755   26  134.47648    4.65823  96.5%   5.1 1070s
 245658 169401   77.09794  915   82  134.47648    4.65823  96.5%   5.1 1076s
 247861 170381  117.09538 1145   24  134.47648    4.65823  96.5%   5.1 1080s
 249343 171089  126.72092  590   36  134.47648    4.65823  96.5%   5.1 1085s
 251702 172697   64.60349  913   40  134.47648    4.65823  96.5%   5.1 1090s
 254143 174556   76.21324 1131   27  134.47648    4.65823  96.5%   5.1 1096s
 255157 175738   81.53130 1174   25  134.47648    4.65823  96.5%   5.0 1116s
 257643 176920  102.28177  773   87  134.47648    4.65823  96.5%   5.0 1120s
 260100 178379  127.95618 1383   28  134.47648    4.65823  96.5%   5.0 1126s
 262239 180084  120.27768 1453   32  134.47648    4.65823  96.5%   5.0 1131s
 264162 181362   82.06644 1279   81  134.47648    4.87560  96.4%   5.0 1136s
 266016 182253  110.09497 1285   80  134.47648    4.87560  96.4%   5.0 1140s
 268252 183050   96.46354 1361   50  134.47648    4.87560  96.4%   5.0 1145s
 269499 183945  125.37672 1534   26  134.47648    4.87560  96.4%   5.0 1150s
 270428 184719  122.58002 1355   47  134.47648    4.87560  96.4%   5.0 1169s
 272055 185020  121.81044 1507   29  134.47648    4.87560  96.4%   5.0 1171s
 273263 185650  123.30993 1408   29  134.47648    4.87560  96.4%   5.0 1175s
 275187 186532  120.72231 1498   31  134.47648    4.87560  96.4%   5.0 1180s
 277456 187836  126.60906 1380   33  134.47648    4.87560  96.4%   5.0 1186s
 278893 188762  120.66284 1400   29  134.47648    4.87560  96.4%   5.0 1191s
 280589 189639  125.37672 1483   24  134.47648    4.87560  96.4%   5.0 1196s
 282604 191046   55.80294  410   42  134.47648    4.87560  96.4%   5.0 1201s
 284390 192207   59.18262  556   34  134.47648    4.87560  96.4%   5.0 1205s
 285379 192637   59.18262  656   34  134.47648    4.87560  96.4%   5.0 1223s
 285813 196241   66.51020 1075   30  134.47648    6.56600  95.1%   5.0 1235s
H290371 196272                     134.4701760    6.69920  95.0%   4.9 1237s
 291447 197270   93.71961  281   53  134.47018    6.69920  95.0%   4.9 1241s
 292704 198865  112.22503  428   31  134.47018    6.69920  95.0%   4.9 1246s
 294843 200814   53.89616  552   39  134.47018    6.69920  95.0%   4.9 1251s
 296861 201868   66.91006  764   24  134.47018    6.69920  95.0%   4.9 1255s
 299322 203649   78.73788 1101   20  134.47018    6.69920  95.0%   4.9 1261s
 300010 204675   86.80055 1306   20  134.47018    6.69920  95.0%   4.9 1280s
 302553 206443  118.54405 1712   10  134.47018    6.69920  95.0%   4.8 1285s
 304929 208150   57.02231 1173   44  134.47018    7.79017  94.2%   4.8 1290s
 307786 210688   79.43694 1644   22  134.47018    7.79017  94.2%   4.8 1296s
 309835 212352  127.55951  349   39  134.47018    7.92797  94.1%   4.8 1301s
 311893 214204   86.87475  264   69  134.47018    8.03807  94.0%   4.8 1306s
 313689 215477  117.73994  454   29  134.47018    8.03807  94.0%   4.8 1310s
 314486 217180  118.63410  545   31  134.47018    8.09567  94.0%   4.8 1330s
 318034 219195   43.62253 1134   56  134.47018    8.09567  94.0%   4.7 1336s
 319552 220035   53.56656 1167   46  134.47018    8.09567  94.0%   4.7 1340s
 321660 221841   91.04973 1228   40  134.47018    8.09567  94.0%   4.7 1345s
 324077 223267   63.86637 1287   39  134.47018    8.09567  94.0%   4.7 1351s
 325623 224225   87.37910 1376   22  134.47018    8.09567  94.0%   4.7 1356s
 327617 225654   78.74804 1441   24  134.47018    8.09567  94.0%   4.7 1362s
 329385 227443   78.74248 1480   29  134.47018    8.09567  94.0%   4.7 1383s
 330764 228487   82.90511 1512   28  134.47018    8.09567  94.0%   4.7 1385s
 333455 230257  132.03448 1541   24  134.47018    8.09567  94.0%   4.7 1391s
 335291 231625  125.95249 1579   26  134.47018    9.37900  93.0%   4.7 1395s
 337953 233496   77.20245  625   29  134.47018    9.37900  93.0%   4.7 1400s
 339215 234405   91.86921  966   24  134.47018    9.37900  93.0%   4.7 1405s
 341360 235839   77.64544  978   32  134.47018    9.37900  93.0%   4.7 1410s
 344358 239266   94.41222 1268   18  134.47018    9.37900  93.0%   4.6 1435s
 347809 241184 infeasible  516       134.47018    9.37900  93.0%   4.6 1440s
 350547 243711  122.42967  356   25  134.47018    9.37900  93.0%   4.6 1445s
 353184 245488  114.04083  864   80  134.47018    9.37900  93.0%   4.6 1451s
 355613 246931  112.85429  226   33  134.47018    9.37900  93.0%   4.6 1456s
 356884 247729  120.05762  548   22  134.47018    9.37900  93.0%   4.6 1460s
 358627 249224   66.16626 1154   34  134.47018    9.37900  93.0%   4.6 1465s
 359566 250515   68.46639 1233   25  134.47018    9.37900  93.0%   4.6 1485s
 363249 252954  101.81409 2048   20  134.47018    9.37900  93.0%   4.6 1491s
 364681 254168  106.15856  517   35  134.47018    9.37900  93.0%   4.6 1495s
 367056 255924  117.66638  843   22  134.47018    9.37900  93.0%   4.5 1500s
 369365 257503  126.82851  907   57  134.47018    9.37900  93.0%   4.5 1506s
 371399 258769  119.58384  780   53  134.47018    9.37900  93.0%   4.5 1512s
 372938 260037  124.19684  392   32  134.47018    9.37900  93.0%   4.5 1516s
 374695 261561  108.67339  836   86  134.47018    9.37900  93.0%   4.5 1536s
 376993 262879  118.05616  974   27  134.47018    9.37900  93.0%   4.5 1541s
 378642 264139   38.29074  178   75  134.47018    9.37900  93.0%   4.5 1545s
 381635 265692   78.57071  713   27  134.47018    9.37900  93.0%   4.5 1551s
 383159 267212  115.18312  623   61  134.47018    9.37900  93.0%   4.5 1557s
 384350 268245   30.90448  769   82  134.47018    9.37900  93.0%   4.5 1560s
 387828 270467   62.17722  363   89  134.47018    9.37900  93.0%   4.5 1567s
 389741 271871   54.90669   83   83  134.47018    9.37900  93.0%   4.5 1587s
 390900 273049  109.02035  846   85  134.47018    9.37900  93.0%   4.5 1590s
 394154 274862   99.33583  668   46  134.47018    9.37900  93.0%   4.5 1596s
 396042 276679  114.43056  749   38  134.47018    9.37900  93.0%   4.5 1601s
 398913 278275  116.06589  833   35  134.47018    9.37900  93.0%   4.5 1606s
 400524 279289     cutoff  922       134.47018    9.37900  93.0%   4.5 1610s
 402967 281304     cutoff 1012       134.47018    9.37900  93.0%   4.5 1616s
 404904 282290  121.67856 1066   31  134.47018    9.37900  93.0%   4.5 1635s
 407232 284250     cutoff 1146       134.47018    9.37900  93.0%   4.5 1642s
 409584 285503  134.14130 1221   22  134.47018    9.90040  92.6%   4.5 1646s
 411357 286570   67.76131  450   41  134.47018    9.90040  92.6%   4.4 1650s
 413765 288926   71.99412  742   24  134.47018    9.90040  92.6%   4.4 1656s
 415574 290335   98.18998 1038   24  134.47018    9.90040  92.6%   4.4 1661s
 417794 291265   80.99172  726   81  134.47018   11.35743  91.6%   4.4 1665s
 419590 292332  122.77402  776   24  134.47018   11.35743  91.6%   4.4 1670s
 419920 293552   64.36197  926   39  134.47018   11.35743  91.6%   4.4 1688s
 421583 294092   67.39203 1089   27  134.47018   11.35743  91.6%   4.4 1690s
 423537 295812   46.77243  787   48  134.47018   11.52323  91.4%   4.4 1695s
 425979 297696   88.94088 1024   29  134.47018   11.52323  91.4%   4.4 1701s
 428100 299492   98.69658 1292   27  134.47018   11.52323  91.4%   4.4 1706s
 430632 301297  126.33271  999   25  134.47018   11.52323  91.4%   4.4 1711s
 432267 302524   69.06891  843   43  134.47018   11.52323  91.4%   4.4 1715s
 434555 304692   85.43264 1102   29  134.47018   11.52323  91.4%   4.4 1737s
 435973 305972  113.13470 1242   20  134.47018   11.52323  91.4%   4.4 1740s
 439401 308483   25.35600  587   86  134.47018   11.52323  91.4%   4.3 1746s
 441215 309712   64.15989  793   37  134.47018   11.52323  91.4%   4.3 1750s
 443975 311624   71.16843 1133   22  134.47018   11.52323  91.4%   4.3 1755s
 445833 313392   92.58582  735   37  134.47018   11.52323  91.4%   4.3 1760s
 448377 315213  108.39782 1017   22  134.47018   11.52323  91.4%   4.3 1765s
 450020 317365  116.31948 1252   18  134.47018   11.52323  91.4%   4.3 1785s
 452883 319513   63.06177  764   44  134.47018   11.52323  91.4%   4.3 1791s
 454085 320578   65.04520  886   31  134.47018   11.52323  91.4%   4.3 1795s
 457000 322596   74.43032 1243   22  134.47018   11.52323  91.4%   4.3 1801s
 458145 323267   92.75014 1545   18  134.47018   11.52323  91.4%   4.3 1805s
 459658 324527   95.06896  671   30  134.47018   11.70987  91.3%   4.3 1810s
 461267 325735  126.59371  172   30  134.47018   11.81520  91.2%   4.3 1815s
 463400 327309   78.38708 1228   31  134.47018   11.81520  91.2%   4.3 1821s
 464634 328529  114.82327 1456   20  134.47018   11.88237  91.2%   4.3 1840s
 466187 329840   28.86009  498   87  134.47018   11.94490  91.1%   4.3 1845s
 468845 331132   74.49748 1015   26  134.47018   11.94490  91.1%   4.3 1851s
 470786 332191   60.10101  477   88  134.47018   11.94490  91.1%   4.3 1857s
 472233 333229  100.93489  688   36  134.47018   11.94490  91.1%   4.3 1861s
 473705 334637  114.58790 1034   20  134.47018   11.94490  91.1%   4.3 1865s
 477154 336400   80.43400  650   30  134.47018   11.94490  91.1%   4.3 1871s
 479750 338797  112.71221  612   31  134.47018   11.94490  91.1%   4.2 1893s
 481449 339351  125.67067  892   22  134.47018   11.94490  91.1%   4.2 1895s
 483423 341063   65.01558  932   38  134.47018   11.94490  91.1%   4.2 1902s
 485324 342249   78.54842 1200   26  134.47018   11.94490  91.1%   4.2 1906s
 488464 344213   92.85814  147   69  134.47018   11.94490  91.1%   4.2 1912s
 490810 345781  124.19678  358   33  134.47018   11.94490  91.1%   4.2 1917s
 492145 346967     cutoff  716       134.47018   11.94490  91.1%   4.2 1921s
 495010 349755  111.69424 1042   78  134.47018   11.94490  91.1%   4.2 1944s
 497390 350466   85.47259  572   43  134.47018   11.94490  91.1%   4.2 1946s
 499365 352117  123.54383  889   18  134.47018   11.94490  91.1%   4.2 1950s
 501467 353534   76.48249 1120   37  134.47018   11.94490  91.1%   4.2 1955s
 504227 355491   94.93347 1552   22  134.47018   11.94490  91.1%   4.2 1960s
 506416 357018  111.69424 1057   78  134.47018   11.94490  91.1%   4.2 1965s
 508359 358567   96.75892  623   41  134.47018   11.94490  91.1%   4.2 1970s
 509828 360252  106.90819  803   32  134.47018   11.94490  91.1%   4.2 1990s
 513808 362211   98.09043  642   38  134.47018   11.94490  91.1%   4.2 1996s
 515713 363507  115.61587  905   26  134.47018   11.94490  91.1%   4.2 2000s
 518239 365297   83.23776  983   81  134.47018   11.94490  91.1%   4.2 2007s
 520439 366293  124.98524  397   29  134.47018   11.94490  91.1%   4.2 2011s
 522665 368288   99.40510  593   37  134.47018   11.94490  91.1%   4.2 2017s
 524977 370463  127.14403 1021   20  134.47018   11.94490  91.1%   4.2 2038s
 526815 370965   96.49708  793   38  134.47018   11.94490  91.1%   4.2 2040s
 528738 372581  114.44520 1119   22  134.47018   11.94490  91.1%   4.2 2045s
 531544 374288   36.88243  956   86  134.47018   11.94490  91.1%   4.2 2050s
 534141 375999  105.57731  712   32  134.47018   11.94490  91.1%   4.1 2056s
 536289 377302   33.21264 1991   80  134.47018   11.94490  91.1%   4.1 2060s
 538653 378883   85.11663 2304   24  134.47018   11.94490  91.1%   4.1 2066s
 539612 379707 infeasible 2400       134.47018   11.94490  91.1%   4.1 2084s
 540906 380448  119.90779  917   22  134.47018   11.94490  91.1%   4.1 2087s
 543535 382215  124.68234  605   40  134.47018   11.94490  91.1%   4.1 2091s
 545323 383331   75.54272 1105   36  134.47018   11.94490  91.1%   4.1 2095s
 548184 385705  129.84164 1463   22  134.47018   11.94490  91.1%   4.1 2102s
 550439 387193  122.70913  299   43  134.47018   11.94490  91.1%   4.1 2106s
 552162 388208  113.06498  876   73  134.47018   11.94490  91.1%   4.1 2110s
 554499 390018  116.78286  969   42  134.47018   11.94490  91.1%   4.1 2132s
 557174 391338     cutoff 1076       134.47018   11.94490  91.1%   4.1 2136s
 558886 392365 infeasible 1132       134.47018   11.94490  91.1%   4.1 2140s
 561345 394381   94.83880  527   85  134.47018   11.94490  91.1%   4.1 2146s
 563183 395418   99.62945  604   36  134.47018   11.94490  91.1%   4.1 2150s
 565783 397619  123.71153 1095   24  134.47018   11.94490  91.1%   4.1 2156s
 567806 398920   83.64738  955   26  134.47018   11.94490  91.1%   4.1 2160s
 569990 400525  103.83072 1342   12  134.47018   11.94490  91.1%   4.1 2180s
 572784 402230   97.27221  930   58  134.47018   11.94490  91.1%   4.1 2186s
 575003 403941  125.59987  978   34  134.47018   11.94490  91.1%   4.1 2192s
 576953 405279   93.08287  583   42  134.47018   11.94490  91.1%   4.1 2196s
 579213 406519  113.79565  804   22  134.47018   11.94490  91.1%   4.1 2200s
 581679 407706  113.55708 1054   40  134.47018   12.13347  91.0%   4.1 2205s
 583716 409525  114.28103  556   41  134.47018   12.57990  90.6%   4.1 2211s
 584790 410422   51.50132  828   48  134.47018   12.57990  90.6%   4.1 2229s
 585849 411013   71.93832  949   36  134.47018   12.57990  90.6%   4.1 2231s
 587966 412954   95.80500 1297   18  134.47018   12.57990  90.6%   4.1 2236s
 589987 414412  114.93119  271   79  134.47018   12.58620  90.6%   4.1 2241s
 591862 415633  127.15782 1789   34  134.47018   12.69630  90.6%   4.1 2245s
 594372 417658   82.89804 1037   32  134.47018   12.69630  90.6%   4.1 2252s
 596087 419363   92.77830 1195   24  134.47018   12.69630  90.6%   4.1 2257s
 598693 420592     cutoff 1452       134.47018   12.69630  90.6%   4.1 2262s
 599826 422010  108.45735 1674   43  134.47018   12.69630  90.6%   4.1 2282s
 601750 423245   79.18532 2175   29  134.47018   12.69630  90.6%   4.1 2285s
 605075 425354   93.38741 1505   43  134.47018   12.69630  90.6%   4.1 2292s
 606483 425942     cutoff 1706       134.47018   12.69630  90.6%   4.1 2295s
 608795 427365  122.68854 1532   21  134.47018   12.69630  90.6%   4.1 2300s
 611065 428649   35.90229 2025   77  134.47018   12.69630  90.6%   4.1 2305s
 613241 430478   35.48486 1998   78  134.47018   12.69630  90.6%   4.1 2311s
 614651 431289   77.23502 2244   37  134.47018   12.69630  90.6%   4.1 2330s
 617301 432379   81.41695 1492   47  134.47018   12.69630  90.6%   4.1 2336s
 618018 433492   96.16830 1588   38  134.47018   12.69630  90.6%   4.1 2340s
 621701 435568  100.31522 1674   58  134.47018   12.69630  90.6%   4.1 2347s
 622851 436422  124.50865 1767   35  134.47018   12.69630  90.6%   4.1 2350s
 625507 437787     cutoff 1442       134.47018   12.69630  90.6%   4.1 2356s
 627351 438553     cutoff 1451       134.47018   12.69630  90.6%   4.1 2361s
 629714 440357  124.30887 1979   25  134.47018   12.69630  90.6%   4.1 2384s
 631464 441030  128.34661 1602   34  134.47018   12.69630  90.6%   4.1 2386s
 633961 442742   86.27184 2213   34  134.47018   12.69630  90.6%   4.1 2391s
 635686 443978  105.21978 1716   33  134.47018   12.69630  90.6%   4.1 2397s
 637975 445234   71.57080 1653   38  134.47018   12.69630  90.6%   4.1 2402s
 638826 445941   90.77566 1836   30  134.47018   12.69630  90.6%   4.1 2405s
 641204 447476   72.72947 2162   35  134.47018   12.69630  90.6%   4.1 2412s
 642830 448613  128.42998 2678    8  134.47018   12.69630  90.6%   4.1 2416s
 644023 449637   61.06147 1486   40  134.47018   12.69630  90.6%   4.1 2420s
 645404 450604   86.48939 1708   28  134.47018   12.69630  90.6%   4.1 2438s
 646701 451080  111.72057 2040   15  134.47018   12.69630  90.6%   4.1 2441s
 648662 451903  116.52268 2074   41  134.47018   12.69630  90.6%   4.1 2445s
 650468 453053   88.23478 1627   37  134.47018   12.69630  90.6%   4.1 2450s
 653387 454592   42.05596 1233   87  134.47018   12.69630  90.6%   4.1 2456s
 654758 455542   79.23703 1590   55  134.47018   12.69630  90.6%   4.1 2460s
 657896 457227  128.99321 1879   18  134.47018   12.69630  90.6%   4.1 2465s
 660176 459659   82.05435 1684   32  134.47018   12.69630  90.6%   4.1 2488s
 662043 460210  100.86328 1914   16  134.47018   12.69630  90.6%   4.1 2490s
 665021 462138   80.05156 1939   69  134.47018   12.69630  90.6%   4.1 2496s
 666179 463134  100.48002 2001   41  134.47018   12.69630  90.6%   4.1 2500s
 668024 464473  126.53745 2087   30  134.47018   12.69630  90.6%   4.1 2505s
 670655 465674   56.12192 1519   42  134.47018   12.69630  90.6%   4.1 2510s
 672065 467125   83.02518 1731   35  134.47018   12.69630  90.6%   4.1 2515s
 674528 468696  125.59001 1957   33  134.47018   12.69630  90.6%   4.1 2521s
 675722 469445  105.44996 1703   35  134.47018   12.69630  90.6%   4.1 2539s
 677011 469981  106.48309 1617   47  134.47018   12.69630  90.6%   4.1 2541s
 679125 470798  126.74824 1748   32  134.47018   12.69630  90.6%   4.1 2545s
 681282 472197  104.98592 1687   35  134.47018   12.69630  90.6%   4.1 2551s
 683721 473869   75.56634 2212   39  134.47018   12.69630  90.6%   4.1 2557s
 685136 474751   93.81683 2404   22  134.47018   12.69630  90.6%   4.1 2560s
 687965 476739  100.18951 1663   41  134.47018   12.69630  90.6%   4.1 2566s
 690532 479350 infeasible 2106       134.47018   12.69630  90.6%   4.1 2588s
 693185 480661  105.21863 1750   30  134.47018   12.69630  90.6%   4.1 2591s
 694822 482005  125.50280 1951   18  134.47018   12.69630  90.6%   4.1 2595s
 697705 483955  101.62221 1541   33  134.47018   12.69630  90.6%   4.1 2601s
 700115 485418   98.99652 1655   36  134.47018   12.69630  90.6%   4.1 2605s
 702957 487626  116.53476 2098   34  134.47018   12.69630  90.6%   4.1 2612s
 705000 489658   50.25448 1429   43  134.47018   12.69630  90.6%   4.1 2631s
 707325 491094   82.65208 1460   45  134.47018   12.69630  90.6%   4.1 2635s
 709644 492786  134.08414 1727   15  134.47018   12.69630  90.6%   4.1 2641s
 711700 494050   98.31582 1620   60  134.47018   12.69630  90.6%   4.1 2645s
 714139 495599  128.00285 1814   23  134.47018   12.69630  90.6%   4.1 2650s
 716894 497683   55.20177 2009   48  134.47018   12.69630  90.6%   4.1 2656s
 719000 498835   88.26275 2263   35  134.47018   12.69630  90.6%   4.1 2661s
 719689 499272  127.85788 2299   28  134.47018   12.69630  90.6%   4.1 2678s
 720354 500327   53.04751  948   47  134.47018   12.69630  90.6%   4.1 2681s
 723138 502439   88.20648 1276   29  134.47018   12.69630  90.6%   4.1 2686s
 725389 503825  114.87336  401   74  134.47018   12.69630  90.6%   4.1 2690s
 728226 505577 infeasible 1389       134.47018   14.47330  89.2%   4.1 2696s
 729725 506330  108.19847  691   14  134.47018   14.47330  89.2%   4.1 2700s
 730661 506630   38.20019  981   95  134.47018   14.47330  89.2%   4.1 2705s
 731803 507700   50.26493 1010   76  134.47018   14.47330  89.2%   4.1 2711s
 733240 508830   63.63659 1058   49  134.47018   14.47330  89.2%   4.1 2716s
 734154 509737   73.54831 1081   44  134.47018   14.47330  89.2%   4.1 2734s
 735295 509939   73.92586 1119   47  134.47018   14.47330  89.2%   4.1 2736s
 736295 510726   90.66192 1164   39  134.47018   14.47330  89.2%   4.1 2741s
 738154 512291   98.06839 1231   37  134.47018   14.47330  89.2%   4.1 2747s
 739916 513216   97.56560 1273   32  134.47018   14.47330  89.2%   4.1 2751s
 741289 514505   97.97289 1305   33  134.47018   14.47330  89.2%   4.1 2757s
 743244 515645  105.54421 1349   25  134.47018   14.47330  89.2%   4.1 2761s
 744282 516319  115.50984 1407   21  134.47018   14.47330  89.2%   4.1 2765s
 745771 517375     cutoff 1505       134.47018   14.47330  89.2%   4.1 2770s
 748004 518798   66.78307 2378   88  134.47018   14.47330  89.2%   4.1 2776s
 748950 519332  116.54986 2540   31  134.47018   19.87287  85.2%   4.1 2794s
 749747 519884   49.18540  977   89  134.47018   19.87287  85.2%   4.1 2797s
 750681 520601  104.69002 1175   33  134.47018   19.87287  85.2%   4.1 2800s
 752970 521851   94.10212 1458   42  134.47018   19.87287  85.2%   4.1 2805s
 754650 523338 infeasible 1672       134.47018   19.87287  85.2%   4.1 2811s
 756569 524621   79.91719 1390   42  134.47018   19.87287  85.2%   4.1 2816s
 758285 525613  115.20930 1658   18  134.47018   19.87287  85.2%   4.1 2820s
 760645 527454  119.91206 1492   20  134.47018   19.87287  85.2%   4.1 2827s
 762327 528277   83.41656 1415   43  134.47018   19.87287  85.2%   4.1 2831s
 763730 529320  109.56712 1548   29  134.47018   19.87287  85.2%   4.1 2851s
 765349 530408  126.58405 1675   14  134.47018   19.87287  85.2%   4.1 2856s
 767130 531714  123.90763 1501   16  134.47018   19.92043  85.2%   4.1 2861s
 769175 532745   89.25181 1361   40  134.47018   19.92043  85.2%   4.1 2866s
 770888 534333  120.32106 1571   16  134.47018   19.92043  85.2%   4.1 2872s
 772923 535530     cutoff 2387       134.47018   19.92043  85.2%   4.1 2877s
 773942 536352   54.89506 2221   78  134.47018   19.92043  85.2%   4.1 2880s
 775767 537243  122.13163 2544   21  134.47018   19.92043  85.2%   4.1 2885s
 777715 538354  123.64482 2500   16  134.47018   19.92043  85.2%   4.1 2891s
 778389 538679   80.21626  703  103  134.47018   19.92043  85.2%   4.1 2909s
 779040 539412  103.56154 2117   75  134.47018   19.92043  85.2%   4.1 2913s
 780170 539973   80.19134  934   44  134.47018   19.92043  85.2%   4.1 2915s
 781483 540909  105.99093 1072   36  134.47018   19.92043  85.2%   4.1 2920s
 783276 541742   79.31610 2217   76  134.47018   19.92043  85.2%   4.1 2925s
 784959 542632   79.96185 2328   44  134.47018   19.92043  85.2%   4.1 2930s
 787088 544213  116.51051 2645   24  134.47018   19.92043  85.2%   4.1 2937s
 788188 544993   61.61662 2232   68  134.47018   19.92043  85.2%   4.1 2940s
 790140 546649  128.80722 2563   13  134.47018   21.05351  84.3%   4.1 2946s
 791502 547722   87.98621 2345   36  134.47018   21.05351  84.3%   4.1 2950s
 792930 548452  119.10056 2492   16  134.47018   22.08377  83.6%   4.1 2968s
 793930 548700   47.13630 1299   97  134.47018   22.08377  83.6%   4.1 2970s
 795306 549916   78.77075 1317   58  134.47018   22.08377  83.6%   4.1 2976s
 797183 551297 infeasible 1338       134.47018   22.08377  83.6%   4.1 2981s
 798857 552350  107.20625 1276   36  134.47018   22.08377  83.6%   4.1 2987s
 800152 553307   81.42884 1053   95  134.47018   22.08377  83.6%   4.1 2992s
 801122 553748  120.94825 1204   44  134.47018   22.08377  83.6%   4.1 2995s
 802816 554924  129.28634 1065   80  134.47018   22.08377  83.6%   4.1 3000s
 804139 555945   89.65750 1061   78  134.47018   23.25898  82.7%   4.1 3005s
 806374 556955   98.01966 1369   36  134.47018   23.25898  82.7%   4.1 3010s
 807917 558004  127.72223 1529   16  134.47018   23.55361  82.5%   4.1 3031s
 809134 558938   92.26465 1102   40  134.47018   23.55361  82.5%   4.1 3036s
 811508 560490   65.62074  498   49  134.47018   23.64967  82.4%   4.1 3042s
 813359 561384   85.87639 1188   72  134.47018   24.16903  82.0%   4.1 3047s
 814851 562159  112.97991 1229   39  134.47018   24.16903  82.0%   4.1 3051s
 816189 563091  122.47299 1326   38  134.47018   24.53110  81.8%   4.1 3055s
 818056 564354   47.37516 1289   95  134.47018   24.53110  81.8%   4.1 3061s
 820151 565727   66.55339 1358   63  134.47018   24.53110  81.8%   4.1 3066s
 822069 566951     cutoff 1433       134.47018   24.53110  81.8%   4.1 3071s
 822846 567540   87.71196 1456   40  134.47018   24.53110  81.8%   4.1 3089s
 823711 568045   93.77626 1491   36  134.47018   24.53110  81.8%   4.1 3092s
 824500 568439   97.56211 1532   35  134.47018   24.53110  81.8%   4.1 3095s
 825843 569410  104.71908 1598   35  134.47018   24.53110  81.8%   4.1 3100s
 827890 570804  122.45291 1751   16  134.47018   24.53110  81.8%   4.1 3107s
 828714 571395  134.02993 1476   24  134.47018   24.53110  81.8%   4.1 3110s
 830640 572676   64.26255 1487   69  134.47018   25.14681  81.3%   4.1 3115s
 832682 573752   82.48538  947   44  134.47018   25.14681  81.3%   4.1 3121s
 834111 574356  110.39909 1169   28  134.47018   25.14681  81.3%   4.1 3125s
 835828 575906  117.69580 1429   16  134.47018   25.14681  81.3%   4.1 3131s
 837669 577352  123.47811  826   28  134.47018   25.32367  81.2%   4.1 3153s
 838994 577595   81.48365 2244   48  134.47018   25.32367  81.2%   4.1 3155s
 840387 578682     cutoff 2252       134.47018   25.32367  81.2%   4.1 3160s
 842737 579956   92.78529 2388   37  134.47018   25.32367  81.2%   4.1 3166s
 843696 580616   59.02583 2278   72  134.47018   25.32367  81.2%   4.1 3170s
 845911 581750  126.38605 2637    8  134.47018   25.32367  81.2%   4.1 3175s
 848209 583115   40.15990  593   99  134.47018   25.32367  81.2%   4.1 3182s
 850039 583991   67.39504  678   49  134.47018   25.32367  81.2%   4.1 3186s
 851404 585246   98.92378  888   37  134.47018   25.32367  81.2%   4.1 3191s
 852344 585821  109.59705 1001   25  134.47018   25.32367  81.2%   4.1 3210s
 854283 587205   81.67967 2409   39  134.47018   25.32367  81.2%   4.1 3215s
 855893 588372  106.02163 2585   32  134.47018   25.35600  81.1%   4.1 3220s
 857386 589361   56.51191  642   73  134.47018   25.35600  81.1%   4.1 3225s
 859748 591125  100.86734  936   39  134.47018   25.35600  81.1%   4.1 3232s
 861015 592189  107.99777 1101   16  134.47018   25.35600  81.1%   4.1 3236s
 861920 593088  124.50087 1162   11  134.47018   25.35600  81.1%   4.1 3240s
 864019 594241  124.43179  584   88  134.47018   25.41401  81.1%   4.1 3246s
 865565 595095     cutoff  602       134.47018   25.41401  81.1%   4.1 3250s
 866915 596360  123.37514  647   22  134.47018   25.81582  80.8%   4.0 3272s
 867796 596697  116.84737   95   48  134.47018   26.15543  80.5%   4.0 3275s
 869435 597547 infeasible  728       134.47018   26.18371  80.5%   4.1 3281s
 871069 598345  102.77194  768   30  134.47018   26.18371  80.5%   4.1 3285s
 872573 599769  107.24491 2546   35  134.47018   26.24648  80.5%   4.1 3293s
 873945 600343  110.15782  766   51  134.47018   26.31227  80.4%   4.1 3296s
 874949 600992  103.41705 2512   38  134.47018   26.31227  80.4%   4.1 3300s
 877006 602069  125.79984  770   72  134.47018   26.39502  80.4%   4.1 3307s
 878777 602579   66.36462  821   51  134.47018   26.44395  80.3%   4.1 3315s
 879650 604101   81.52569  925   40  134.47018   26.44395  80.3%   4.1 3320s
 881817 605956   67.92318  823   48  134.47018   26.50092  80.3%   4.1 3343s
 883031 606578   86.51675  947   37  134.47018   26.50092  80.3%   4.1 3346s
 884411 607794  115.46617 1024   31  134.47018   26.50092  80.3%   4.0 3350s
 885898 608680     cutoff 1153       134.47018   26.59766  80.2%   4.0 3355s
 887571 610123   77.54669  428   41  134.47018   26.93600  80.0%   4.0 3361s
 888965 611099  115.38886  555   32  134.47018   26.93600  80.0%   4.0 3366s
 890512 612281   47.34735  716   75  134.47018   26.93600  80.0%   4.0 3371s
 891915 613754  114.03891  750   48  134.47018   26.93600  80.0%   4.0 3377s
 892967 614294   63.62007  773   50  134.47018   26.93600  80.0%   4.0 3380s
 894584 615473   72.63976  827   50  134.47018   26.93600  80.0%   4.0 3386s
 896307 617212  105.27608  879   40  134.47018   26.93600  80.0%   4.0 3408s
 897554 617461  106.53798  907   37  134.47018   26.93600  80.0%   4.0 3410s
 898594 618674     cutoff  936       134.47018   26.93600  80.0%   4.0 3415s
 900377 620019  120.68290 1004   34  134.47018   26.93600  80.0%   4.0 3421s
 901932 621130   42.41066  827   78  134.47018   27.93563  79.2%   4.0 3426s
 903400 622360  101.30602 1038   37  134.47018   27.93563  79.2%   4.0 3433s
 904486 623110  118.80077 1146   27  134.47018   27.93563  79.2%   4.0 3436s
 906313 624584  129.45690 1343   10  134.47018   27.93563  79.2%   4.0 3442s
 907307 625607  129.45690 1591    8  134.47018   28.21954  79.0%   4.0 3446s
 909385 626873   70.88320  784   46  134.47018   28.31084  78.9%   4.0 3451s
 911093 628138  128.93328  997   27  134.47018   28.37423  78.9%   4.0 3473s
 912108 628561   70.01233  689   47  134.47018   28.44003  78.9%   4.0 3475s
 913932 630149   95.10460  855   29  134.47018   28.44003  78.9%   4.0 3482s
 915293 630669   35.64015 1096   96  134.47018   28.44003  78.9%   4.0 3485s
 916454 631833  125.87913  298   36  134.47018   28.65175  78.7%   4.0 3490s
 918104 633197   71.72289  379   49  134.47018   28.65175  78.7%   4.0 3495s
 919871 634390  111.69037  562   40  134.47018   28.94877  78.5%   4.0 3501s
 921628 635283  113.36130 1267   82  134.47018   28.94877  78.5%   4.0 3507s
 922366 636097     cutoff 1281       134.47018   28.94877  78.5%   4.0 3511s
 924345 636838  114.93372 1278   82  134.47018   28.94877  78.5%   4.0 3517s
 925971 637897  123.15011 1674   32  134.47018   28.94877  78.5%   4.0 3539s
 927146 638452  133.24432 1635   54  134.47018   28.94877  78.5%   4.0 3542s
 928112 639054   91.24732 1305   73  134.47018   28.94877  78.5%   4.0 3545s
 930167 640285  102.26262 1233   65  134.47018   28.94877  78.5%   4.0 3552s
 931852 641012  117.44041 1278   46  134.47018   28.94877  78.5%   4.0 3556s
 933555 641690  101.96099 1587   79  134.47018   28.94877  78.5%   4.0 3561s
 934696 642496  123.97279 1605   53  134.47018   28.94877  78.5%   4.0 3566s
 936109 643096  119.55156 1389   46  134.47018   28.94877  78.5%   4.0 3570s
 937483 644123  109.46359 1874   30  134.47018   28.94877  78.5%   4.0 3575s
 939179 645447   43.29724   79   90  134.47018   28.94877  78.5%   4.0 3581s
 941129 646894   96.27331  346   39  134.47018   28.94877  78.5%   4.0 3604s
 942241 647192  103.82880  452   30  134.47018   28.94877  78.5%   4.0 3605s
 943574 648529  118.61529 1624   82  134.47018   29.00813  78.4%   4.0 3612s
 944682 649070  125.04500 1814   25  134.47018   29.00813  78.4%   4.0 3615s
 946376 650073  127.70168 1944   14  134.47018   29.32542  78.2%   4.0 3620s
 947952 650892   77.54312  478   41  134.47018   29.32542  78.2%   4.0 3625s
 949353 652353   98.54540  619   34  134.47018   29.32542  78.2%   4.0 3631s
 951231 654321  116.30547  922   14  134.47018   29.32542  78.2%   4.0 3638s
 952493 655288  120.00696 1271   13  134.47018   29.32542  78.2%   4.0 3642s
 953665 656045     cutoff 1416       134.47018   29.48664  78.1%   4.0 3645s
 955374 657156   82.23426  894   44  134.47018   29.48664  78.1%   4.0 3650s
 956025 658664   87.03959  948   40  134.47018   29.51104  78.1%   4.0 3671s
 958290 659617   82.94048 1250   42  134.47018   29.51104  78.1%   4.0 3675s
 959667 660689  108.60405 1411   31  134.47018   29.51104  78.1%   4.0 3680s
 961687 661994  129.45690 1093   12  134.47018   29.51104  78.1%   4.0 3685s
 962800 663120  108.21086  921   27  134.47018   29.51104  78.1%   4.0 3690s
 963800 663883   64.15220  892   51  134.47018   29.68950  77.9%   4.0 3695s
 965426 664910  114.95687 1180   24  134.47018   29.68950  77.9%   4.0 3702s
 966701 665925 infeasible 1446       134.47018   29.69374  77.9%   4.0 3707s
 967679 666586   86.20180  967   45  134.47018   29.69374  77.9%   4.0 3711s
 968893 667465   68.21158 1177   47  134.47018   29.77128  77.9%   4.0 3716s
 970154 668415   89.08423  871   41  134.47018   29.83951  77.8%   4.0 3721s
 970936 668988  128.83069  987   19  134.47018   29.86114  77.8%   4.0 3740s
 972367 669930   91.41243 1666   37  134.47018   29.86114  77.8%   4.0 3745s
 974175 671097   72.89716  781   44  134.47018   29.88845  77.8%   4.0 3752s
 975787 672242  111.85731  988   28  134.47018   29.93433  77.7%   4.0 3757s
 976860 673189   51.61321 1088   70  134.47018   29.93433  77.7%   4.0 3761s
 978360 674056  129.15460 1317   22  134.47018   29.93433  77.7%   4.0 3765s
 980731 675446   85.95036 1587   37  134.47018   29.93433  77.7%   4.0 3772s
 981946 675937  110.09574 1782   30  134.47018   29.93433  77.7%   4.0 3776s
 983534 676679   81.19467 1568   40  134.47018   29.93433  77.7%   4.0 3782s
 984551 677104  111.80781 1777   30  134.47018   29.93433  77.7%   4.0 3785s
 985515 677424  133.28873 1899   10  134.47018   29.93433  77.7%   4.0 3805s
 986529 678059  113.26257 1796   72  134.47018   29.93433  77.7%   4.0 3810s
 988772 678750   72.31243 1622   64  134.47018   29.93433  77.7%   4.0 3816s
 990088 679424  124.47527 1865   19  134.47018   29.93433  77.7%   4.0 3822s
 991177 679976     cutoff  939       134.47018   29.93433  77.7%   4.0 3826s
 992289 680275     cutoff  947       134.47018   29.93433  77.7%   4.0 3830s
 993960 681089  113.26257 1791   72  134.47018   29.93433  77.7%   4.0 3836s
 995623 681969     cutoff 1824       134.47018   29.93433  77.7%   4.0 3842s
 996479 682506   42.62876  707   85  134.47018   29.96060  77.7%   4.0 3846s
 997347 683155   82.94184  892   42  134.47018   29.96060  77.7%   4.0 3850s
 999084 684557 infeasible   77       134.47018   30.07224  77.6%   4.0 3856s
 1000152 685065   71.53314  511   43  134.47018   30.07224  77.6%   4.0 3876s
 1001955 686354  107.35184  775   29  134.47018   30.07224  77.6%   4.0 3882s
 1003122 687885  129.37763  931    8  134.47018   30.07224  77.6%   4.0 3888s
 1004642 688561  129.46204 1360    8  134.47018   30.15194  77.6%   4.0 3891s
 1005580 689467   59.38481  780   69  134.47018   30.15194  77.6%   4.0 3895s
 1007624 690867  127.18628 1007   16  134.47018   30.38288  77.4%   4.0 3901s
 1009351 692063   76.48432  517   45  134.47018   30.38288  77.4%   4.0 3907s
 1010449 692772  106.47332  659   34  134.47018   30.38288  77.4%   4.0 3911s
 1012081 693923  122.15743  989   18  134.47018   30.46328  77.3%   4.0 3917s
 1012809 694506   61.82729  451   50  134.47018   30.46328  77.3%   4.0 3920s
 1014376 695701  103.75754  643   35  134.47018   30.46328  77.3%   4.0 3926s
 1015295 696294  128.15009  758   12  134.47018   30.64074  77.2%   4.0 3945s
 1017102 697838   83.32789  729   46  134.47018   30.64074  77.2%   4.0 3951s
 1018499 699055   39.89422 1081   85  134.47018   30.64074  77.2%   4.0 3958s
 1019614 699810   87.04912 1242   38  134.47018   30.64074  77.2%   4.0 3961s
 1020522 700599  102.99961 1381   36  134.47018   30.65151  77.2%   4.0 3965s
 1022391 701860   82.56365 1245   40  134.47018   30.65151  77.2%   4.0 3971s
 1024368 703645   78.07553 2091   39  134.47018   30.66443  77.2%   4.0 3979s
 1025603 704416   91.71857 2203   34  134.47018   30.66443  77.2%   4.0 3982s
 1026597 705188  107.08286 2294   27  134.47018   30.66443  77.2%   4.0 3985s
 1028668 706500   74.33855  550   46  134.47018   30.68668  77.2%   4.0 3991s
 1030143 707967  112.05454  726   27  134.47018   30.68668  77.2%   4.0 4013s
 1031372 708514  124.67380  941   12  134.47018   30.68668  77.2%   4.0 4016s
 1033206 710329  129.33203 1340   10  134.47018   30.75735  77.1%   4.0 4022s
 1034824 711242   92.00881  816   66  134.47018   30.85554  77.1%   4.0 4026s
 1036026 712055   66.57249  665   47  134.47018   30.85554  77.1%   4.0 4030s
 1037486 713049   86.58294  847   38  134.47018   30.85554  77.1%   4.0 4035s
 1038906 713806  113.50456  992   21  134.47018   30.85554  77.1%   4.0 4040s
 1040148 714930  123.41288 1163   12  134.47018   30.91070  77.0%   4.0 4046s
 1040966 715423   61.76316  802   76  134.47018   30.91070  77.0%   4.0 4050s
 1042442 716044  104.60739 1060   42  134.47018   30.91070  77.0%   4.0 4055s
 1043299 716614     cutoff  822       134.47018   30.91070  77.0%   4.0 4060s
 1045537 717592   86.76179 1050   60  134.47018   30.91070  77.0%   4.0 4084s
 1046575 718465   60.10479  810   95  134.47018   30.91070  77.0%   4.0 4090s
 1049368 719395     cutoff  231       134.47018   30.91070  77.0%   4.0 4097s
 1050034 719738  125.73839  152   74  134.47018   30.91070  77.0%   4.0 4102s
 1051132 720222   65.19357  793   88  134.47018   30.91070  77.0%   4.0 4106s
 1052317 721154   84.91098  847   52  134.47018   30.91070  77.0%   4.0 4112s
 1053944 721803  103.90509  928   42  134.47018   30.91070  77.0%   4.0 4117s
 1055129 722122  107.58908  985   42  134.47018   30.91070  77.0%   4.0 4120s
 1055921 722817  115.76191 1019   37  134.47018   30.91070  77.0%   4.0 4126s
 1057485 723698  118.83076 1090   37  134.47018   30.91070  77.0%   4.0 4132s
 1059032 724069  116.64395  304   78  134.47018   30.91070  77.0%   4.0 4137s
 1060065 724536 infeasible  132       134.47018   30.91070  77.0%   4.0 4157s
 1061209 724933 infeasible  707       134.47018   30.91070  77.0%   4.1 4160s
 1062013 725516  107.31163  264   90  134.47018   30.91070  77.0%   4.1 4166s
 1063458 726202     cutoff  667       134.47018   30.91070  77.0%   4.1 4172s
 1065009 726968 infeasible  341       134.47018   30.91070  77.0%   4.1 4178s
 1066579 727295   51.75604  782   89  134.47018   30.91070  77.0%   4.1 4181s
 1067183 728015   82.80955  888   39  134.47018   30.91070  77.0%   4.1 4186s
 1068593 728537   78.82564  998   86  134.47018   30.91070  77.0%   4.1 4191s
 1069845 729316  104.67418 1011   57  134.47018   30.91070  77.0%   4.1 4196s
 1071228 730147   39.08576  733   90  134.47018   30.91070  77.0%   4.1 4201s
 1072699 730820  124.77328  230   42  134.47018   30.91070  77.0%   4.1 4206s
 1073910 731301 infeasible 1084       134.47018   30.91070  77.0%   4.1 4210s
 1075004 731607  118.54721  323   71  134.47018   30.91070  77.0%   4.1 4229s
 1075832 731787     cutoff 1116       134.47018   30.91070  77.0%   4.1 4232s
 1076390 732690  119.83186  849   45  134.47018   30.91070  77.0%   4.1 4238s
 1078101 733667 infeasible  302       134.47018   30.91070  77.0%   4.1 4243s
 1079484 733991   39.40034  732   89  134.47018   30.91070  77.0%   4.1 4247s
 1080226 734610   39.45518  736   88  134.47018   30.91070  77.0%   4.1 4251s
 1081541 735182 infeasible 1008       134.47018   30.91070  77.0%   4.1 4255s
 1082329 736062   44.46787  151   80  134.47018   30.91070  77.0%   4.1 4260s
 1084578 737457  111.97753  214   44  134.47018   30.91070  77.0%   4.1 4268s
 1085660 738442   69.93235  249   45  134.47018   30.91070  77.0%   4.1 4273s
 1086908 739093   75.72095  279   41  134.47018   30.91070  77.0%   4.1 4277s
 1087798 739995   80.19389  305   42  134.47018   30.91070  77.0%   4.1 4281s
 1088818 740852   85.24442  329   39  134.47018   30.91070  77.0%   4.1 4285s
 1089925 741249   91.16392  365   37  134.47018   30.91070  77.0%   4.1 4304s
 1090573 741609   91.16392  395   37  134.47018   30.91070  77.0%   4.1 4307s
 1091132 742375  102.03633  425   29  134.47018   30.91070  77.0%   4.1 4313s
 1092244 742589     cutoff  473       134.47018   30.91070  77.0%   4.1 4315s
 1092765 743150  122.12582  511   14  134.47018   30.91070  77.0%   4.1 4320s
 1094909 744421  117.55388  620   16  134.47018   30.91070  77.0%   4.1 4328s
 1095865 745078     cutoff  668       134.47018   30.91070  77.0%   4.1 4332s
 1096857 746017  117.55388  715   16  134.47018   30.91070  77.0%   4.1 4337s
 1098322 746476  126.81568 1481   10  134.47018   30.91070  77.0%   4.1 4340s
 1099684 747814  118.05388  832   14  134.47018   30.91070  77.0%   4.1 4347s
 1100727 749036  126.98273  871   10  134.47018   30.91070  77.0%   4.1 4352s
 1102270 749784  126.98273  909    8  134.47018   30.91070  77.0%   4.1 4356s
 1103345 750509     cutoff  947       134.47018   31.21557  76.8%   4.1 4360s
 1104757 751417  107.75450 1099   38  134.47018   31.21557  76.8%   4.1 4381s
 1106207 751761  120.02370  957   39  134.47018   31.23225  76.8%   4.1 4385s
 1107808 753576   41.72471  559   82  134.47018   31.23437  76.8%   4.1 4392s
 1108720 754230   82.86548  688   41  134.47018   31.23437  76.8%   4.1 4395s
 1110229 755111  115.02084  909   17  134.47018   31.28907  76.7%   4.1 4400s
 1111280 756212   39.64451  382   79  134.47018   31.28953  76.7%   4.1 4405s
 1113362 757749  108.95965  618   12  134.47018   31.28953  76.7%   4.1 4412s
 1114332 758364  125.25363  837    6  134.47018   31.28953  76.7%   4.1 4416s
 1116003 759546   90.41621 1201   34  134.47018   31.28953  76.7%   4.1 4422s
 1117535 761084  122.68773 1396    8  134.47018   31.28953  76.7%   4.1 4427s
 1118590 761842  122.68773 1569   10  134.47018   31.28953  76.7%   4.1 4430s
 1119501 762808  122.68773 1659   10  134.47018   31.34519  76.7%   4.1 4451s
 1121592 764009   78.82081  695   44  134.47018   31.34519  76.7%   4.1 4457s
 1122670 764781   91.22515  896   36  134.47018   31.34519  76.7%   4.1 4462s
 1123578 765364  116.25513 1038   23  134.47018   31.42126  76.6%   4.1 4466s
 1124429 765854  106.68032 1339   21  134.47018   31.42126  76.6%   4.1 4470s
 1125928 767194  111.55498 1096   28  134.47018   31.42126  76.6%   4.1 4476s
 1127523 768355   65.50699 1422   49  134.47018   31.50327  76.6%   4.1 4483s
 1128361 768802   82.13838 1528   42  134.47018   31.50327  76.6%   4.1 4485s
 1129609 769888  102.89351 1681   24  134.47018   31.50327  76.6%   4.1 4492s
 1130534 770767  114.10173 1726   11  134.47018   31.50327  76.6%   4.1 4496s
 1132259 772255  126.06843 1993    4  134.47018   31.51759  76.6%   4.1 4503s
 1133601 772880   67.43693  566   49  134.47018   31.51759  76.6%   4.1 4507s
 1134576 773519   87.24835  700   33  134.47018   31.51759  76.6%   4.1 4527s
 1135471 774211  111.57464  825   23  134.47018   31.51759  76.6%   4.1 4531s
 1137261 774910  119.50739  737   81  134.47018   31.55069  76.5%   4.1 4536s
 1138517 775550   55.63293  778   59  134.47018   31.55069  76.5%   4.1 4542s
 1139088 775841   65.68671  800   51  134.47018   31.55069  76.5%   4.1 4545s
 1140891 776737   81.69372  877   41  134.47018   31.55069  76.5%   4.1 4553s
 1141856 777435   85.80661  919   40  134.47018   31.55069  76.5%   4.1 4558s
 1142948 778098  111.17212  954   37  134.47018   31.55069  76.5%   4.1 4562s
 1144000 778764   87.05641  978   39  134.47018   31.55069  76.5%   4.1 4566s
 1144955 779454     cutoff 1012       134.47018   31.55069  76.5%   4.1 4570s
 1146808 781159     cutoff 1064       134.47018   31.60074  76.5%   4.1 4577s
 1148022 781788  117.30583  534   51  134.47018   31.60074  76.5%   4.1 4581s
 1149031 782669   65.30732  467   48  134.47018   31.66439  76.5%   4.1 4602s
 1150214 783342   88.31663  612   35  134.47018   31.66439  76.5%   4.1 4605s
 1151862 784450  111.47489  773   19  134.47018   31.66439  76.5%   4.1 4611s
 1153381 786198  119.83128  885   14  134.47018   31.66439  76.5%   4.1 4617s
 1154457 786923  119.83128  924   14  134.47018   31.66439  76.5%   4.1 4620s
 1156049 788155  119.83128  993   14  134.47018   31.66439  76.5%   4.1 4626s
 1157682 788933  119.83128 1067   14  134.47018   31.66439  76.5%   4.1 4631s
 1158895 790283  119.83128 1140   14  134.47018   31.66439  76.5%   4.1 4637s
 1159790 790902  129.58163 1327    8  134.47018   31.69885  76.4%   4.1 4640s
 1161483 792137  113.49595  915   29  134.47018   31.83218  76.3%   4.1 4646s
 1162990 793899  125.57736  810   61  134.47018   31.85878  76.3%   4.1 4653s
 1164318 794727   62.07332 1122   50  134.47018   31.85878  76.3%   4.1 4674s
 1165492 795244   98.01211 1262   33  134.47018   31.85878  76.3%   4.1 4676s
 1166910 796377  127.04723 1490   10  134.47018   31.85878  76.3%   4.1 4682s
 1167647 796807  127.04723 1581    6  134.47018   31.85878  76.3%   4.1 4685s
 1169120 798109   73.79754  785   46  134.47018   31.87477  76.3%   4.1 4692s
 1170011 798887   92.04252  936   38  134.47018   31.90067  76.3%   4.1 4695s
 1172099 800250   92.14833  724   34  134.47018   31.90067  76.3%   4.1 4703s
 1173077 801432  117.92842  817   16  134.47018   31.90067  76.3%   4.1 4707s
 1174456 801903  120.03852 1111   14  134.47018   31.95585  76.2%   4.1 4710s
 1176099 803491   65.81229  390   49  134.47018   31.98218  76.2%   4.1 4717s
 1177053 804113   84.40311  499   38  134.47018   31.98218  76.2%   4.1 4720s
 1178514 805028   65.58312  642   49  134.47018   31.98246  76.2%   4.1 4725s
 1179107 805339   84.58787  742   40  134.47018   31.98246  76.2%   4.1 4743s
 1179568 806579   92.11773  826   42  134.47018   31.98377  76.2%   4.1 4750s
 1182251 807697   92.36858  767   31  134.47018   31.98377  76.2%   4.1 4757s
 1182864 808723  112.01098  888   12  134.47018   31.98377  76.2%   4.1 4761s
 1184091 809290  122.72044 1266    5  134.47018   31.99271  76.2%   4.1 4765s
 1186054 811302   78.86637 1206   38  134.47018   32.00479  76.2%   4.1 4773s
 1187366 811833   96.03188 1338   43  134.47018   32.00479  76.2%   4.1 4776s
 1188626 812622   42.30773  736   88  134.47018   32.06838  76.2%   4.1 4781s
 1189396 813175   85.17951  896   42  134.47018   32.06838  76.2%   4.1 4785s
 1191443 814731   58.78327 1108   69  134.47018   32.14148  76.1%   4.1 4793s
 1192434 815245   87.53128 1241   45  134.47018   32.14148  76.1%   4.1 4795s
 1193918 817028  117.46394 1421   25  134.47018   32.14148  76.1%   4.1 4819s
 1195264 817561   39.24607  607   89  134.47018   32.14148  76.1%   4.1 4822s
 1195963 818031   72.96896  723   45  134.47018   32.14148  76.1%   4.1 4825s
 1197524 819307  105.40431  911   29  134.47018   32.14148  76.1%   4.1 4832s
 1198385 820260  127.28791 1016   10  134.47018   32.14148  76.1%   4.1 4836s
 1199504 821140  129.33203 1206    6  134.47018   32.14148  76.1%   4.1 4840s
 1201569 822263   78.39299  611   62  134.47018   32.14148  76.1%   4.1 4847s
 1202176 822822  107.38656  625   21  134.47018   32.14148  76.1%   4.1 4850s
 1203827 824241   79.82449  707   37  134.47018   32.14148  76.1%   4.0 4857s
 1204859 825000  103.24002  812   20  134.47018   32.14148  76.1%   4.0 4861s
 1205859 825903  122.68773  931    8  134.47018   32.14148  76.1%   4.0 4865s
 1207375 826635  113.54861  705   91  134.47018   32.16781  76.1%   4.0 4871s
 1209159 827791   95.82149  833   50  134.47018   32.16781  76.1%   4.0 4895s
 1210985 828759   40.79118 1094   87  134.47018   32.16781  76.1%   4.0 4901s
 1212779 830085   93.42695 1296   39  134.47018   32.18867  76.1%   4.0 4908s
 1213755 830667   65.64831 1168   48  134.47018   32.18867  76.1%   4.0 4912s
 1214624 831221   84.02280 1269   40  134.47018   32.18867  76.1%   4.0 4915s
 1215707 832077   66.80895 2436   88  134.47018   32.19042  76.1%   4.0 4920s
 1217580 833361  119.29611 2697   35  134.47018   32.21262  76.0%   4.0 4927s
 1218368 833824   56.07503  627   61  134.47018   32.21262  76.0%   4.0 4930s
 1219816 834960   97.08690  887   39  134.47018   32.21262  76.0%   4.0 4936s
 1220606 835526  122.84744  922   30  134.47018   32.24772  76.0%   4.0 4940s
 1221678 836114  128.80334  501   36  134.47018   32.26563  76.0%   4.0 4945s
 1223374 837322   82.57944  522   44  134.47018   32.26563  76.0%   4.0 4952s
 1224107 837858  100.98794  572   29  134.47018   32.26563  76.0%   4.0 4972s
 1224942 838595  108.09173  689   18  134.47018   32.26563  76.0%   4.0 4976s
 1225983 839404  113.49485  889   14  134.47018   32.26563  76.0%   4.0 4980s
 1227838 840264  113.92677 1026   35  134.47018   32.26563  76.0%   4.0 4985s
 1228773 840963  103.64625  790   44  134.47018   32.26563  76.0%   4.0 4990s
 1230284 841714  121.83629  932   36  134.47018   32.26563  76.0%   4.0 4996s
 1230925 842214   56.81153  718  105  134.47018   32.26563  76.0%   4.0 5000s
 1232625 843191  118.52811 1007   39  134.47018   32.26563  76.0%   4.0 5006s
 1233703 843726  113.23954  717   97  134.47018   32.26563  76.0%   4.0 5011s
 1235011 844429   63.65075  269   98  134.47018   32.26563  76.0%   4.0 5017s
 1236295 845191  110.87316  589   45  134.47018   32.26563  76.0%   4.0 5022s
 1237057 845547   46.08906  698   76  134.47018   32.26563  76.0%   4.0 5025s
 1238426 846233  121.90318 1210   18  134.47018   32.31141  76.0%   4.0 5030s
 1238876 846844   54.65841  826   70  134.47018   32.31141  76.0%   4.0 5050s
 1240559 848132 infeasible  844       134.47018   32.41632  75.9%   4.0 5056s
 1241331 849790  110.47879  783   50  134.47018   32.41632  75.9%   4.0 5061s
 1243142 850793   65.66699 1166   47  134.47018   32.41632  75.9%   4.0 5065s
 1245230 852092   93.98946 1335   31  134.47018   32.41632  75.9%   4.0 5071s
 1246561 853318  124.48952 1495    8  134.47018   32.41632  75.9%   4.0 5077s
 1247422 854044  127.01573 1725   10  134.47018   32.43219  75.9%   4.0 5080s
 1248977 855044   80.81875  887   39  134.47018   32.43219  75.9%   4.0 5085s
 1250330 855974  122.07131 1060   15  134.47018   32.43219  75.9%   4.0 5090s
 1251353 856857   94.24474  325   34  134.47018   32.47940  75.8%   4.0 5095s
 1252805 857955   52.57034 1378   74  134.47018   32.52647  75.8%   4.0 5102s
 1253704 858480   81.47587 1502   42  134.47018   32.52647  75.8%   4.0 5120s
 1254330 859556   88.86154 1579   37  134.47018   32.52647  75.8%   4.0 5125s
 1255678 860276  104.40617 1688   27  134.47018   32.52647  75.8%   4.0 5130s
 1257552 862115  127.04723 1911    8  134.47018   32.52647  75.8%   4.0 5137s
 1258783 862878  127.09248 2261   12  134.47018   32.57452  75.8%   4.0 5141s
 1260661 864262   83.83039 1534   46  134.47018   32.57452  75.8%   4.0 5147s
 1261451 864922   95.61742 1610   37  134.47018   32.57452  75.8%   4.0 5150s
 1262329 865591  129.14051 1697   33  134.47018   32.58355  75.8%   4.0 5155s
 1263895 866585   83.47814 1235   37  134.47018   32.59106  75.8%   4.0 5161s
 1264767 867152   93.10682 1320   31  134.47018   32.59106  75.8%   4.0 5165s
 1265925 868064  129.37763 1540    8  134.47018   32.59106  75.8%   4.0 5170s
 1267538 868981 infeasible 1137       134.47018   32.59863  75.8%   4.0 5177s
 1268366 869604   80.63119  857   57  134.47018   32.59863  75.8%   4.0 5197s
 1269390 869979  105.17487  989   45  134.47018   32.59863  75.8%   4.0 5200s
 1270901 871327   60.48468  793   92  134.47018   32.59863  75.8%   4.0 5208s
 1271891 872034   98.23525  935   43  134.47018   32.59863  75.8%   4.0 5213s
 1272894 872548  116.86620 1074   36  134.47018   32.59863  75.8%   4.0 5216s
 1273879 872946   54.02633  748  105  134.47018   32.59863  75.8%   4.0 5220s
 1275208 873611  117.82732  891   32  134.47018   32.59863  75.8%   4.0 5225s
 1276297 874579   92.68744  217   47  134.47018   32.59863  75.8%   4.0 5232s
 1277026 875233  109.31796  363   41  134.47018   32.59863  75.8%   4.0 5236s
 1277889 875786  131.39734  495   29  134.47018   32.64280  75.7%   4.0 5240s
 1279411 876538     cutoff  691       134.47018   32.64424  75.7%   4.0 5245s
 1280684 877776   86.62901  941   42  134.47018   32.64424  75.7%   4.0 5253s
 1281420 878257  113.92283 1059   36  134.47018   32.64424  75.7%   4.0 5256s
 1282107 878774 infeasible  250       134.47018   32.66198  75.7%   4.0 5260s
 1282870 879233   82.62447 1235   42  134.47018   32.66198  75.7%   4.0 5280s
 1283613 879828  101.09455 1337   33  134.47018   32.66198  75.7%   4.0 5285s
 1285345 881179   66.75462  773   46  134.47018   32.67197  75.7%   4.0 5293s
 1286420 881418   99.10838  890   44  134.47018   32.67197  75.7%   4.0 5295s
 1287589 882289   99.44535  374   78  134.47018   32.67197  75.7%   4.0 5302s
 1288335 882889     cutoff  398       134.47018   32.68588  75.7%   4.0 5307s
 1289293 883574  109.22844  809   84  134.47018   32.68754  75.7%   4.0 5312s
 1290201 884194   63.39443 1458   59  134.47018   32.68754  75.7%   4.0 5316s
 1291032 884995   67.69550 1462   55  134.47018   32.68754  75.7%   4.0 5320s
 1292899 886448   94.61160 1492   22  134.47018   32.68754  75.7%   4.0 5329s
 1293935 887287  124.16422 1503   14  134.47018   32.72364  75.7%   4.0 5333s
 1295012 887960   85.86881 1110   52  134.47018   32.72364  75.7%   4.0 5338s
 1295994 888739   45.46207   98   79  134.47018   32.75143  75.6%   4.0 5343s
 1297072 889776  124.05470  259   20  134.47018   32.75707  75.6%   4.0 5348s
 1298361 890544   78.72634 1190   36  134.47018   32.80069  75.6%   4.0 5369s
 1299379 891128   66.45108 1167   49  134.47018   32.80698  75.6%   4.0 5372s
 1300204 891963   87.16623 1276   37  134.47018   32.81253  75.6%   4.0 5376s
 1301134 892819   33.91584  811   92  134.47018   32.81253  75.6%   4.0 5380s
 1303017 893956   87.87111  169  106  134.47018   32.91542  75.5%   4.0 5388s
 1303903 894434  126.64626  432   28  134.47018   32.91542  75.5%   4.0 5390s
 1305457 895888   73.42917  436   50  134.47018   32.91542  75.5%   4.0 5398s
 1306280 896471   79.18155  527   45  134.47018   32.91542  75.5%   4.0 5401s
 1307089 897348   88.27779  591   39  134.47018   32.91542  75.5%   4.0 5405s
 1309236 898587  118.93595  739   20  134.47018   32.91542  75.5%   4.0 5412s
 1309776 899331  121.80125  746   18  134.47018   32.91542  75.5%   4.0 5416s
 1311536 900829   56.78375  308   73  134.47018   32.94612  75.5%   4.0 5423s
 1312501 901812   83.53450  427   48  134.47018   32.94612  75.5%   4.0 5427s
 1313552 902512   89.51141  510   41  134.47018   32.94612  75.5%   4.0 5448s
 1314498 902731  100.44255  605   30  134.47018   32.94612  75.5%   4.0 5450s
 1315795 904785  125.31985  795   16  134.47018   32.94612  75.5%   4.0 5460s
 1318299 906006   71.69726 1549   42  134.47018   33.00603  75.5%   4.0 5466s
 1319661 907090   40.57420  389  103  134.47018   33.06072  75.4%   4.0 5473s
 1320455 907671  110.45779  567   30  134.47018   33.06923  75.4%   4.0 5476s
 1321851 908661  118.89368  228   74  134.47018   33.07042  75.4%   4.0 5482s
 1322643 909137  125.79488  255   51  134.47018   33.08172  75.4%   4.0 5486s
 1324340 910639   84.66182  218   45  134.47018   33.08172  75.4%   4.0 5494s
 1325283 911185   95.00851  318   35  134.47018   33.08172  75.4%   4.0 5497s
 1326079 911487  115.50099  456   24  134.47018   33.15688  75.3%   4.0 5500s
 1327149 912295   55.63526 1123   65  134.47018   33.15688  75.3%   4.0 5506s
 1328248 913060   66.74004 1172   45  134.47018   33.15688  75.3%   4.0 5528s
 1328976 913738   75.84690 1213   41  134.47018   33.15688  75.3%   4.0 5532s
 1329930 914190   82.02771 1250   41  134.47018   33.15688  75.3%   4.0 5536s
 1331573 915466   98.05761 1307   31  134.47018   33.15688  75.3%   4.0 5543s
 1332594 915728  100.49897 1343   29  134.47018   33.15688  75.3%   4.0 5546s
 1333123 916539   93.34881 1360   31  134.47018   33.15688  75.3%   4.0 5550s
 1335310 918053  102.09824 1413   32  134.47018   33.15688  75.3%   4.0 5558s
 1336491 918563  113.35429 1459   25  134.47018   33.15688  75.3%   4.0 5561s
 1337350 919117  118.63052 1501   18  134.47018   33.15688  75.3%   4.0 5565s
 1338561 919929  124.48952 1539   14  134.47018   33.15688  75.3%   4.0 5570s
 1340607 921865   76.47114 1169   44  134.47018   33.26070  75.3%   4.0 5579s
 1341852 922468   96.68397 1299   33  134.47018   33.26070  75.3%   4.0 5583s
 1342710 923115  108.93649 1405   25  134.47018   33.26070  75.3%   4.0 5603s
 1343697 923844  117.86387 1491   16  134.47018   33.26474  75.3%   4.0 5607s
 1345168 924940   59.85102 1491   55  134.47018   33.26474  75.3%   4.0 5613s
 1346136 925535  122.60212 1523   40  134.47018   33.26474  75.3%   4.0 5617s
 1347119 925961   86.67081  603   38  134.47018   33.26474  75.3%   4.0 5620s
 1348206 927050   85.74535 1603   40  134.47018   33.26474  75.3%   4.0 5626s
 1349602 928008   88.72968 1647   36  134.47018   33.26474  75.3%   4.0 5633s
 1350432 928568   91.77274 1679   33  134.47018   33.26474  75.3%   4.0 5637s
 1351223 929254   98.99009 1711   30  134.47018   33.26474  75.3%   4.0 5641s
 1352155 929657   91.95699 1738   34  134.47018   33.26474  75.3%   4.0 5645s
 1353432 930505 infeasible 1787       134.47018   33.26474  75.3%   4.0 5651s
 1354913 931799  110.84364 1860   24  134.47018   33.26474  75.3%   4.0 5659s
 1356154 932416  115.04945 1886   23  134.47018   33.26474  75.3%   4.0 5664s
 1357107 933103  120.27979 1923   16  134.47018   33.26474  75.3%   4.0 5668s
 1358144 934320  120.27979 1957   16  134.47018   33.39509  75.2%   4.0 5689s
 1359571 934832   83.27628  855   41  134.47018   33.39509  75.2%   3.9 5692s
 1360200 935404   94.33351  914   37  134.47018   33.39509  75.2%   3.9 5695s
 1361621 936383  122.01092 1079   23  134.47018   33.41427  75.2%   3.9 5701s
 1362697 937556  115.91586 1378   65  134.47018   33.41427  75.2%   3.9 5705s
 1363545 937599   89.34391 1169   31  134.47018   33.41427  75.2%   3.9 5711s
 1364450 938653  127.04589 1130   28  134.47018   33.43630  75.1%   3.9 5717s
 1365210 938972   67.75570 1137   46  134.47018   33.43630  75.1%   3.9 5721s
 1366467 939840   91.68940 1300   34  134.47018   33.43630  75.1%   3.9 5727s
 1367165 940331  103.95887 1387   29  134.47018   33.43630  75.1%   3.9 5730s
 1368820 941728   44.86621  571   84  134.47018   33.43630  75.1%   3.9 5738s
 1369879 942102   80.05967  704   47  134.47018   33.43630  75.1%   3.9 5741s
 1371193 942944   96.33583  872   38  134.47018   33.43630  75.1%   3.9 5747s
 1371802 943494  116.40336  976   27  134.47018   33.43630  75.1%   3.9 5750s
 1372599 944146   87.78558  859   55  134.47018   33.43630  75.1%   3.9 5771s
 1373518 944718  105.89340  962   50  134.47018   33.43630  75.1%   3.9 5775s
 1374855 945573  129.60591 1095   37  134.47018   33.43630  75.1%   3.9 5781s
 1375771 946256  125.14656  893   34  134.47018   33.43630  75.1%   3.9 5785s
 1377764 947158 infeasible  349       134.47018   33.45461  75.1%   3.9 5790s
 1378875 948431  127.56695 1070   33  134.47018   33.45461  75.1%   3.9 5796s
 1379473 949381  129.49819 1111   32  134.47018   33.49944  75.1%   3.9 5801s
 1380725 950103   71.62503  865   40  134.47018   33.55220  75.0%   3.9 5805s
 1382308 950779  129.69936  942   20  134.47018   33.55220  75.0%   3.9 5810s
 1383362 952006  123.06690  810   37  134.47018   33.60102  75.0%   3.9 5817s
 1384210 952621  128.77082  341   34  134.47018   33.63198  75.0%   3.9 5820s
 1386074 954134   81.70744 1265   45  134.47018   33.63198  75.0%   3.9 5828s
 1386950 955230  126.37896 1355   39  134.47018   33.66382  75.0%   3.9 5832s
 1388148 955795   40.77644   94   86  134.47018   33.66382  75.0%   3.9 5852s
 1388885 956441  110.11989  108   69  134.47018   33.66382  75.0%   3.9 5856s
 1389764 957295   54.76905  135   62  134.47018   33.66382  75.0%   3.9 5861s
 1390811 957828   69.43549  167   48  134.47018   33.66382  75.0%   3.9 5865s
 1392196 958789   79.88549  220   41  134.47018   33.66382  75.0%   3.9 5871s
 1392939 959441   80.67731  253   43  134.47018   33.66382  75.0%   3.9 5875s
 1393814 960456   80.67731  284   42  134.47018   33.66382  75.0%   3.9 5880s
 1395869 961696   91.30487  348   36  134.47018   33.66382  75.0%   3.9 5888s
 1396607 962172   92.36399  377   34  134.47018   33.66382  75.0%   3.9 5891s
 1397689 962934  102.77662  415   32  134.47018   33.80526  74.9%   3.9 5897s
 1398475 963806   55.20466  599   67  134.47018   33.80526  74.9%   3.9 5901s
 1399605 964795  124.81857  610   54  134.47018   33.82140  74.8%   3.9 5906s
 1400848 965409   80.86098  872   46  134.47018   33.83518  74.8%   3.9 5911s
 1402490 966385  115.55850 1095   24  134.47018   33.83518  74.8%   3.9 5918s
 1403380 967082  128.62777 1203   10  134.47018   33.86657  74.8%   3.9 5938s
 1404310 967511   69.62288  584   47  134.47018   33.86657  74.8%   3.9 5941s
 1405614 968616   91.17276  780   32  134.47018   33.86657  74.8%   3.9 5948s
 1406637 969585  108.14349  851   24  134.47018   33.86657  74.8%   3.9 5953s
 1407888 970262     cutoff  926       134.47018   33.89338  74.8%   3.9 5956s
 1409557 971113  102.34989 1032   33  134.47018   33.89338  74.8%   3.9 5962s
 1410174 971750  124.48802 1120   12  134.47018   33.89338  74.8%   3.9 5966s
 1411057 972533  124.48802 1226   12  134.47018   33.89338  74.8%   3.9 5970s
 1412755 973088   96.52810  818   66  134.47018   33.90758  74.8%   3.9 5975s
 1413707 974292   71.05710  598   46  134.47018   33.90758  74.8%   3.9 5982s
 1414537 975050   88.50205  685   41  134.47018   33.90758  74.8%   3.9 5987s
 1415548 976048 infeasible  805       134.47018   33.91584  74.8%   3.9 5991s
 1416722 976954   76.46561 1487   39  134.47018   33.91584  74.8%   3.9 5997s
 1417875 977709   90.06457 1598   39  134.47018   33.91584  74.8%   3.9 6018s
 1418934 978312  110.13627 1747   25  134.47018   33.91584  74.8%   3.9 6022s
 1419710 979160  114.98432 1840   14  134.47018   33.91584  74.8%   3.9 6026s
 1420755 979737  127.04723 2118    8  134.47018   33.96401  74.7%   3.9 6030s
 1422228 981166   89.04178  170  106  134.47018   33.98909  74.7%   3.9 6037s
 1423334 981702   62.51885 1155   52  134.47018   33.98909  74.7%   3.9 6041s
 1424671 982645  103.37981 1343   37  134.47018   33.99193  74.7%   3.9 6048s
 1425396 983459   40.96698  894   82  134.47018   33.99193  74.7%   3.9 6052s
 1426390 984133   85.19916 1028   32  134.47018   33.99193  74.7%   3.9 6056s
 1427755 985244  100.55154 1184   21  134.47018   33.99193  74.7%   3.9 6062s
 1428635 985878  117.70221 1277   14  134.47018   33.99193  74.7%   3.9 6066s
 1429423 986550  127.80040 1444    4  134.47018   33.99193  74.7%   3.9 6070s
 1430980 987435   71.52621  626   44  134.47018   34.00486  74.7%   3.9 6076s
 1431519 987826   90.62928  721   40  134.47018   34.00486  74.7%   3.9 6080s
 1432765 988864  127.38565  914   10  134.47018   34.03962  74.7%   3.9 6104s
 1433666 989295   73.36269 1096   42  134.47018   34.03962  74.7%   3.9 6107s
 1434224 990191   87.79608 1176   35  134.47018   34.03962  74.7%   3.9 6112s
 1435326 990672   96.75461 1333   39  134.47018   34.03962  74.7%   3.9 6116s
 1436154 991329   64.22007  219   48  134.47018   34.03962  74.7%   3.9 6121s
 1437053 992135   87.84677  356   39  134.47018   34.03962  74.7%   3.9 6125s
 1438836 993501  105.06959  534   55  134.47018   34.06227  74.7%   3.9 6134s
 1439933 993657  117.47778  629   60  134.47018   34.06227  74.7%   3.9 6136s
 1440925 994128   51.91625  543   71  134.47018   34.06227  74.7%   3.9 6142s
 1441561 994430   57.94649  566   54  134.47018   34.06227  74.7%   3.9 6145s
 1442773 995000   70.29748  619   45  134.47018   34.06227  74.7%   3.9 6151s
 1444107 995427   84.26181  685   40  134.47018   34.06227  74.7%   3.9 6156s
 1445068 996004   88.76307  732   36  134.47018   34.06227  74.7%   3.9 6163s
 1445740 996406   93.48383  754   34  134.47018   34.06227  74.7%   3.9 6166s
 1446494 997132   89.82139  777   44  134.47018   34.06227  74.7%   3.9 6171s
 1447483 997442  101.90025  808   27  134.47018   34.06227  74.7%   3.9 6190s
 1447893 998626  107.67004  830   31  134.47018   34.06227  74.7%   3.9 6198s
 1449777 999357  116.35478  903   20  134.47018   34.06227  74.7%   3.9 6203s
 1450735 1000133  124.48802  944   12  134.47018   34.06227  74.7%   3.9 6207s
 1451819 1000854  124.48802  983   10  134.47018   34.06227  74.7%   3.9 6212s
 1452796 1001442  127.01423 1017    8  134.47018   34.06227  74.7%   3.9 6216s
 1453578 1002138  127.01423 1046    6  134.47018   34.06227  74.7%   3.9 6220s
 1454605 1002794  127.01423 1082    6  134.47018   34.06227  74.7%   3.9 6225s
 1456366 1004312     cutoff 1149       134.47018   34.06227  74.7%   3.9 6235s
 1458448 1005367  127.01423 1210    6  134.47018   34.06227  74.7%   3.9 6242s
 1459193 1005657     cutoff 1239       134.47018   34.06227  74.7%   3.9 6245s
 1460286 1006631  127.01423 1298    8  134.47018   34.23180  74.5%   3.9 6253s
 1461234 1007319   60.28924  569   52  134.47018   34.23180  74.5%   3.9 6257s
 1462170 1007896   84.51395  685   42  134.47018   34.23180  74.5%   3.9 6278s
 1462996 1008393   92.20177  804   40  134.47018   34.23180  74.5%   3.9 6282s
 1463660 1009193  105.46172  923   26  134.47018   34.23180  74.5%   3.9 6287s
 1464736 1010015  124.10393 1083   10  134.47018   34.23180  74.5%   3.9 6292s
 1465745 1010575  124.10393 1275   12  134.47018   34.23180  74.5%   3.9 6297s
 1466601 1010996 infeasible  823       134.47018   34.23180  74.5%   3.9 6300s
 1467241 1012061  126.78462  839   51  134.47018   34.31679  74.5%   3.9 6305s
 1468543 1012721   93.53319  962   38  134.47018   34.31679  74.5%   3.9 6310s
 1470031 1014013  124.15213 1137   16  134.47018   34.34124  74.5%   3.9 6319s
 1471146 1014758   94.74174 1190   32  134.47018   34.34124  74.5%   3.9 6324s
 1472159 1015369     cutoff  738       134.47018   34.34124  74.5%   3.9 6328s
 1473049 1015761  126.23299  752   34  134.47018   34.34124  74.5%   3.9 6333s
 1473770 1016135  124.44469  764   30  134.47018   34.37166  74.4%   3.9 6336s
 1474336 1016851   66.75030  821   44  134.47018   34.37166  74.4%   3.9 6340s
 1475245 1017445   85.79512  931   40  134.47018   34.37166  74.4%   3.9 6345s
 1476030 1018248  117.60344 1070   31  134.47018   34.42037  74.4%   3.9 6350s
 1477086 1019239   60.42381  552   50  134.47018   34.42037  74.4%   3.9 6372s
 1478213 1019908   84.67817  693   39  134.47018   34.42037  74.4%   3.9 6376s
 1479028 1020482  102.21314  796   30  134.47018   34.42037  74.4%   3.9 6380s
 1479758 1021093  102.21314  804   30  134.47018   34.42037  74.4%   3.9 6385s
 1481297 1021954   97.31191 2146   35  134.47018   34.42037  74.4%   3.9 6391s
 1481755 1022571  115.77989 2217   14  134.47018   34.47475  74.4%   3.9 6395s
 1482632 1023434   47.23577 1979   89  134.47018   34.48950  74.4%   3.9 6400s
 1484568 1024712   99.05060 2258   36  134.47018   34.48950  74.4%   3.9 6409s
 1485316 1025152  119.43114 2370   18  134.47018   34.48950  74.4%   3.9 6412s
 1485920 1025609  120.88934  680   76  134.47018   34.55346  74.3%   3.9 6416s
 1486538 1026031 infeasible  689       134.47018   34.55467  74.3%   3.9 6420s
 1487758 1027054   85.41306  968   41  134.47018   34.55467  74.3%   3.9 6427s
 1488562 1027502  105.47021 1086   35  134.47018   34.55467  74.3%   3.9 6430s
 1489167 1028248  105.50279 1095   35  134.47018   34.55467  74.3%   3.9 6435s
 1490984 1029383  128.54013 1410   10  134.47018   34.55467  74.3%   3.9 6443s
 1491698 1029847   34.55467  825   92  134.47018   34.55467  74.3%   3.9 6464s
 1492460 1030797   69.23498  965   46  134.47018   34.56106  74.3%   3.9 6471s
 1494291 1031960   92.45270 1152   31  134.47018   34.56106  74.3%   3.9 6478s
 1495244 1032604  126.09179 1273   21  134.47018   34.56106  74.3%   3.9 6483s
 1496032 1033404  126.93698 1338   18  134.47018   34.65939  74.2%   3.9 6487s
 1496935 1034130  120.74512  127   84  134.47018   34.73496  74.2%   3.9 6492s
 1497889 1034994   74.83022  522   44  134.47018   34.74886  74.2%   3.9 6497s
 1498919 1035583   84.78150  623   39  134.47018   34.74886  74.2%   3.9 6501s
 1499608 1036610   46.07023  622   80  134.47018   34.74886  74.2%   3.9 6506s
 1500801 1037385   77.71427  742   43  134.47018   34.74886  74.2%   3.9 6511s
 1501797 1037936   88.61278  850   34  134.47018   34.74886  74.2%   3.9 6515s
 1503369 1039432  104.71128  949   30  134.47018   34.74886  74.2%   3.9 6523s
 1504452 1040065  118.98388  999   19  134.47018   34.74886  74.2%   3.9 6528s
 1505232 1040844  127.61403 1092    8  134.47018   34.74886  74.2%   3.9 6532s
 1506179 1041505  127.61403 1335    6  134.47018   34.76234  74.1%   3.9 6552s
 1507078 1042277   69.72921  700   45  134.47018   34.76234  74.1%   3.9 6557s
 1508000 1042713   92.07894  836   34  134.47018   34.76234  74.1%   3.9 6560s
 1509120 1043250  126.66983 1400   12  134.47018   34.76234  74.1%   3.9 6565s
 1509328 1044094  121.22661 1034   22  134.47018   34.76234  74.1%   3.9 6570s
 1511233 1045623   69.65654  696   43  134.47018   34.79191  74.1%   3.9 6580s
 1512305 1046187   87.55735  818   36  134.47018   34.79191  74.1%   3.9 6585s
 1513067 1047068   95.60588  923   32  134.47018   34.80700  74.1%   3.9 6590s
 1514802 1048129   81.54728  722   42  134.47018   34.83042  74.1%   3.9 6598s
 1515539 1048681   89.22697  814   39  134.47018   34.83042  74.1%   3.9 6602s
 1516264 1049197   97.60314  912   34  134.47018   34.83042  74.1%   3.9 6607s
 1517096 1049617  123.59948 1019   25  134.47018   34.83042  74.1%   3.9 6611s
 1517745 1050006  125.08782 1168   16  134.47018   34.84403  74.1%   3.9 6615s
 1519020 1050814  114.74843  637   49  134.47018   34.87151  74.1%   3.9 6623s
 1519740 1051299   64.38375 1510   45  134.47018   34.87151  74.1%   3.9 6628s
 1520608 1051922   86.44043 1631   40  134.47018   34.87151  74.1%   3.9 6648s
 1521506 1052253  102.14430 1762   33  134.47018   34.87151  74.1%   3.9 6651s
 1521997 1052970  119.36729 1792   25  134.47018   34.90965  74.0%   3.9 6656s
 1522996 1054097   55.33797   88   69  134.47018   34.90965  74.0%   3.9 6661s
 1524326 1054990   89.60683  255   39  134.47018   34.90965  74.0%   3.8 6666s
 1525378 1055785  123.66364  337   34  134.47018   34.91408  74.0%   3.8 6671s
 1526400 1056435   64.67842  459   46  134.47018   34.92059  74.0%   3.8 6675s
 1528010 1057159   89.79791  642   36  134.47018   34.92059  74.0%   3.8 6681s
 1528328 1057697  110.01575  676   35  134.47018   34.92059  74.0%   3.8 6685s
 1529943 1058746   79.06948 2070   38  134.47018   34.92815  74.0%   3.8 6694s
 1530755 1059234   97.08953 2194   38  134.47018   34.92815  74.0%   3.8 6698s
 1531552 1059730  104.64520 2286   27  134.47018   34.92815  74.0%   3.8 6702s
 1532271 1060331  117.54209 2371   26  134.47018   34.98993  74.0%   3.8 6707s
 1533167 1060953   43.33210 1100   85  134.47018   34.98993  74.0%   3.8 6712s
 1534060 1061412   75.45960 1220   40  134.47018   34.98993  74.0%   3.8 6716s
 1534724 1062016   89.65302 1321   43  134.47018   34.98993  74.0%   3.8 6720s
 1535485 1062525  128.66974 1396   35  134.47018   34.98993  74.0%   3.8 6741s
 1536328 1063379  129.41486  348   24  134.47018   34.98993  74.0%   3.8 6748s
 1537553 1063730   99.40474  363   43  134.47018   34.98993  74.0%   3.8 6751s
 1538057 1064523  105.89762  413   37  134.47018   34.98993  74.0%   3.8 6756s
 1538990 1064974  116.60787  530   34  134.47018   34.99713  74.0%   3.8 6760s
 1539725 1065759   41.26125  884   86  134.47018   35.04111  73.9%   3.8 6765s
 1540727 1066297   50.98435  906   69  134.47018   35.04111  73.9%   3.8 6770s
 1542085 1067169   63.86755  945   49  134.47018   35.04111  73.9%   3.8 6777s
 1542797 1067605   72.95763  980   41  134.47018   35.04111  73.9%   3.8 6781s
 1543433 1067976   78.43480 1000   41  134.47018   35.04111  73.9%   3.8 6785s
 1544778 1068898   86.81160 1060   35  134.47018   35.04111  73.9%   3.8 6793s
 1545608 1069302   85.25304 1081   38  134.47018   35.04111  73.9%   3.8 6797s
 1546251 1069480   91.24878 1100   31  134.47018   35.04111  73.9%   3.8 6804s
 1546520 1070284   91.24878 1111   31  134.47018   35.04111  73.9%   3.8 6809s
 1547455 1071018   91.73209 1138   30  134.47018   35.04111  73.9%   3.8 6815s
 1548507 1071903   92.54896 1161   31  134.47018   35.04111  73.9%   3.8 6821s
 1549617 1072744  101.71718 1198   29  134.47018   35.04111  73.9%   3.8 6827s
 1550663 1073711  102.92685 1225   24  134.47018   35.04111  73.9%   3.8 6849s
 1551635 1073711   43.30964   82   86  134.47018   35.04111  73.9%   3.8 6850s
 1552338 1074439  133.11844 1281   13  134.47018   35.18321  73.8%   3.8 6856s
 1553672 1075388  122.98427  794   74  134.47018   35.18321  73.8%   3.8 6864s
 1554487 1076054   57.47789  800   63  134.47018   35.18321  73.8%   3.8 6870s
 1555451 1076781   78.06644  809   41  134.47018   35.18321  73.8%   3.8 6875s
 1556486 1077859  123.23846  830   28  134.47018   35.22205  73.8%   3.8 6881s
 1557710 1078345   51.21927 1518   81  134.47018   35.22205  73.8%   3.8 6885s
 1558386 1078898  120.22886 1602   23  134.47018   35.23402  73.8%   3.8 6890s
 1559240 1079588   41.54265  743   87  134.47018   35.25387  73.8%   3.8 6895s
 1560122 1080273   78.66082  894   42  134.47018   35.25387  73.8%   3.8 6900s
 1561003 1080847   97.51610 1010   32  134.47018   35.25387  73.8%   3.8 6905s
 1562501 1081800  107.45098  435   67  134.47018   35.25689  73.8%   3.8 6912s
 1563068 1082309 infeasible  505       134.47018   35.27935  73.8%   3.8 6917s
 1563800 1082842   78.83608  847   36  134.47018   35.27935  73.8%   3.8 6921s
 1564519 1083447  125.28005  922   18  134.47018   35.29520  73.8%   3.8 6926s
 1565411 1084182  125.15805  799   40  134.47018   35.30989  73.7%   3.8 6948s
 1566521 1084736   81.42744 1085   42  134.47018   35.32746  73.7%   3.8 6952s
 1567332 1085414   95.30924 1172   36  134.47018   35.32746  73.7%   3.8 6956s
 1568120 1086082  108.65680 1263   28  134.47018   35.32746  73.7%   3.8 6961s
 1568956 1086697  121.99139 1351   20  134.47018   35.32746  73.7%   3.8 6966s
 1569860 1087365   54.07223 2023   73  134.47018   35.32746  73.7%   3.8 6971s
 1570747 1088155   91.50842 2177   40  134.47018   35.32746  73.7%   3.8 6975s
 1571658 1089247   99.31908 2290   35  134.47018   35.32746  73.7%   3.8 6981s
 1573249 1090195  132.42574 2465   14  134.47018   35.34154  73.7%   3.8 6988s
 1574238 1090742   93.07257 2123   35  134.47018   35.34154  73.7%   3.8 6992s
 1574946 1091363  102.89328 2206   27  134.47018   35.34154  73.7%   3.8 6996s
 1575707 1092080  128.75098 2296   10  134.47018   35.36531  73.7%   3.8 7000s
 1576685 1092825   66.78627  482   47  134.47018   35.37306  73.7%   3.8 7005s
 1578345 1093887  120.02209 1131   38  134.47018   35.38704  73.7%   3.8 7013s
 1579126 1094445   71.14414  675   44  134.47018   35.40346  73.7%   3.8 7017s
 1579935 1095323   82.76093  742   42  134.47018   35.40346  73.7%   3.8 7039s
 1581017 1095927   91.78550  859   41  134.47018   35.40346  73.7%   3.8 7044s
 1581707 1096579  101.78057  931   32  134.47018   35.40346  73.7%   3.8 7049s
 1582598 1096987  115.47644  933   27  134.47018   35.40346  73.7%   3.8 7052s
 1583156 1097733  115.47644  935   27  134.47018   35.40346  73.7%   3.8 7057s
 1584106 1098301  126.30934 1001   16  134.47018   35.40346  73.7%   3.8 7062s
 1584885 1098985  129.34463 1077   10  134.47018   35.40346  73.7%   3.8 7067s
 1585718 1099718  129.34463 1403   10  134.47018   35.46047  73.6%   3.8 7072s
 1586677 1100377   74.90370 2100   44  134.47018   35.46047  73.6%   3.8 7076s
 1587512 1101013   90.50292 2196   40  134.47018   35.46047  73.6%   3.8 7081s
 1588353 1101525   99.90189 2289   27  134.47018   35.46047  73.6%   3.8 7085s
 1589504 1102182   45.94827  550   87  134.47018   35.47605  73.6%   3.8 7092s
 1590068 1102798  124.09143  180   34  134.47018   35.48758  73.6%   3.8 7096s
 1590882 1103311  127.14817  716   37  134.47018   35.49335  73.6%   3.8 7100s
 1591602 1103980   57.05443  371   51  134.47018   35.50412  73.6%   3.8 7105s
 1593037 1104615  100.00876 1729   35  134.47018   35.50412  73.6%   3.8 7110s
 1593868 1105813   46.63256  752   80  134.47018   35.50412  73.6%   3.8 7118s
 1594836 1106326   80.41235  905   43  134.47018   35.50412  73.6%   3.8 7138s
 1595540 1107039   91.95801 1023   34  134.47018   35.56088  73.6%   3.8 7144s
 1596486 1107608   95.95013  728   37  134.47018   35.56088  73.6%   3.8 7149s
 1597330 1107949  127.18628  846   14  134.47018   35.57093  73.5%   3.8 7153s
 1597922 1108476   47.44773 1390   79  134.47018   35.57567  73.5%   3.8 7158s
 1598741 1109109   56.60964 1419   60  134.47018   35.57567  73.5%   3.8 7163s
 1599701 1109959   65.42432 1456   46  134.47018   35.57567  73.5%   3.8 7169s
 1600211 1109959  126.87137 1262   12  134.47018   35.57567  73.5%   3.8 7170s
 1600785 1110812   81.46618 1489   40  134.47018   35.57567  73.5%   3.8 7175s
 1601798 1111476 infeasible 1517       134.47018   35.57567  73.5%   3.8 7181s
 1602710 1112500   85.00626 1554   39  134.47018   35.57567  73.5%   3.8 7187s
 1603982 1112988   91.58633 1585   33  134.47018   35.57567  73.5%   3.8 7191s
 1604538 1113691   91.58633 1598   33  134.47018   35.57567  73.5%   3.8 7196s
 1605417 1113990   91.59047 1623   33  134.47018   35.57567  73.5%   3.8 7200s

Cutting planes:
  Gomory: 48
  Implied bound: 92
  Projected implied bound: 164
  MIR: 10
  Flow cover: 143
  Relax-and-lift: 1329

Explored 1605887 nodes (6131144 simplex iterations) in 7200.58 seconds (4686.62 work units)
Thread count was 16 (of 16 available processors)

Solution count 10: 134.47 134.476 134.477 ... 363.304

Time limit reached
Best objective 1.344701760360e+02, best bound 3.557566587515e+01, gap 73.5438%

User-callback calls 3561823, time in user-callback 7.37 sec
