
Gurobi 10.0.3 (win64) logging started Sun Sep 21 06:14:56 2025

Set parameter LogFile to value "log_group_6/bound_Expr295_s5_l1051_s11_e12_o20_d44_t1200_s15_1_1_1_1.log"
Gurobi Optimizer version 10.0.3 build v10.0.3rc0 (win64)

CPU model: 11th Gen Intel(R) Core(TM) i7-11700 @ 2.50GHz, instruction set [SSE2|AVX|AVX2|AVX512]
Thread count: 8 physical cores, 16 logical processors, using up to 16 threads

Optimize a model with 82714 rows, 80310 columns and 1149940 nonzeros
Model fingerprint: 0xe435b32e
Variable types: 310 continuous, 80000 integer (80000 binary)
Coefficient statistics:
  Matrix range     [1e+00, 9e+02]
  Objective range  [1e+00, 1e+00]
  Bounds range     [1e+00, 1e+03]
  RHS range        [1e+00, 9e+02]
Presolve removed 81305 rows and 79197 columns
Presolve time: 0.68s
Presolved: 1409 rows, 1113 columns, 15283 nonzeros
Variable types: 110 continuous, 1003 integer (1002 binary)
Found heuristic solution: objective 425.3096333

Root relaxation: objective 1.061409e+02, 224 iterations, 0.00 seconds (0.01 work units)

    Nodes    |    Current Node    |     Objective Bounds      |     Work
 Expl Unexpl |  Obj  Depth IntInf | Incumbent    BestBd   Gap | It/Node Time

     0     0  106.14090    0   56  425.30963  106.14090  75.0%     -    0s
H    0     0                     393.2906333  106.14090  73.0%     -    0s
     0     0  106.14090    0   66  393.29063  106.14090  73.0%     -    0s
     0     0  106.14090    0   52  393.29063  106.14090  73.0%     -    0s
H    0     0                     348.8163000  106.14090  69.6%     -    1s
H    0     0                     268.0920667  106.14090  60.4%     -    1s
     0     0  106.14090    0   44  268.09207  106.14090  60.4%     -    1s
H    0     0                     236.2775333  106.14090  55.1%     -    1s
H    0     0                     215.7741000  106.14090  50.8%     -    1s
     0     0  106.14090    0   42  215.77410  106.14090  50.8%     -    1s
     0     0  106.14090    0   73  215.77410  106.14090  50.8%     -    1s
     0     0  106.14090    0   53  215.77410  106.14090  50.8%     -    1s
     0     0  106.14090    0   60  215.77410  106.14090  50.8%     -    1s
H    0     0                     172.6810333  106.14090  38.5%     -    1s
     0     0  106.14090    0   57  172.68103  106.14090  38.5%     -    1s
H    0     0                     164.2103333  106.14090  35.4%     -    1s
H    0     0                     144.9091000  106.23153  26.7%     -    1s
     0     0  106.23153    0   46  144.90910  106.23153  26.7%     -    1s
     0     0  106.23153    0   35  144.90910  106.23153  26.7%     -    1s
H    0     0                     136.4523333  106.23153  22.1%     -    1s
     0     0  106.36357    0   35  136.45233  106.36357  22.1%     -    1s
H    0     0                     134.4441333  106.36357  20.9%     -    1s
     0     0  106.36357    0   21  134.44413  106.36357  20.9%     -    1s
     0     0  106.36357    0   23  134.44413  106.36357  20.9%     -    1s
H    0     0                     129.6742333  106.36357  18.0%     -    1s
     0     0  106.36357    0   33  129.67423  106.36357  18.0%     -    1s
     0     0  106.36357    0   32  129.67423  106.36357  18.0%     -    1s
H    0     0                     119.6030333  106.36357  11.1%     -    1s
H    0     0                     113.3476667  106.36357  6.16%     -    1s
H    0     0                     113.3005000  106.36357  6.12%     -    1s
     0     0  106.36357    0   26  113.30050  106.36357  6.12%     -    1s
     0     0  106.36357    0   36  113.30050  106.36357  6.12%     -    1s
     0     0  106.68817    0   31  113.30050  106.68817  5.84%     -    1s
     0     0  107.20523    0   24  113.30050  107.20523  5.38%     -    1s
     0     0  107.20539    0   21  113.30050  107.20539  5.38%     -    1s
     0     0  107.20539    0   22  113.30050  107.20539  5.38%     -    1s
     0     0  107.81294    0   41  113.30050  107.81294  4.84%     -    1s
     0     0  107.95067    0   40  113.30050  107.95067  4.72%     -    1s
     0     0  108.00874    0   39  113.30050  108.00874  4.67%     -    1s
     0     0  108.02607    0   38  113.30050  108.02607  4.66%     -    1s
     0     0  108.03311    0   39  113.30050  108.03311  4.65%     -    1s
     0     0  108.07057    0   39  113.30050  108.07057  4.62%     -    1s
     0     0  108.07057    0   39  113.30050  108.07057  4.62%     -    1s
H    0     0                     113.2005333  108.07057  4.53%     -    1s
     0     0  110.56203    0   44  113.20053  110.56203  2.33%     -    1s
     0     0  110.61382    0   40  113.20053  110.61382  2.29%     -    1s
     0     0  110.61382    0   42  113.20053  110.61382  2.29%     -    1s
     0     0  111.39229    0   44  113.20053  111.39229  1.60%     -    1s
     0     0  111.52634    0   37  113.20053  111.52634  1.48%     -    1s
     0     0  111.52634    0   37  113.20053  111.52634  1.48%     -    1s
     0     0  112.11510    0   36  113.20053  112.11510  0.96%     -    1s
     0     0  112.11510    0   38  113.20053  112.11510  0.96%     -    1s
     0     0  112.11510    0   38  113.20053  112.11510  0.96%     -    1s
     0     0  112.64069    0   27  113.20053  112.64069  0.49%     -    2s
     0     0  112.64069    0   29  113.20053  112.64069  0.49%     -    2s
     0     0  112.76175    0   28  113.20053  112.76175  0.39%     -    2s
H    0     0                     113.2002333  112.76175  0.39%     -    2s
     0     0  112.76175    0   19  113.20023  112.76175  0.39%     -    2s
H    0     0                     113.1820333  112.76175  0.37%     -    2s
     0     0  112.76175    0   27  113.18203  112.76175  0.37%     -    2s
     0     0  112.76257    0   34  113.18203  112.76257  0.37%     -    2s
     0     0  112.76257    0   36  113.18203  112.76257  0.37%     -    2s
     0     0  112.76257    0   36  113.18203  112.76257  0.37%     -    2s
     0     0  112.76257    0   28  113.18203  112.76257  0.37%     -    2s
H    0     0                     113.1813667  112.76257  0.37%     -    2s
     0     0  112.82841    0   24  113.18137  112.82841  0.31%     -    2s
     0     0  112.82841    0   22  113.18137  112.82841  0.31%     -    2s
     0     0  112.82841    0   26  113.18137  112.82841  0.31%     -    2s
     0     0  112.82841    0   29  113.18137  112.82841  0.31%     -    2s
     0     0  112.82841    0   29  113.18137  112.82841  0.31%     -    2s
     0     0  112.87140    0   21  113.18137  112.87140  0.27%     -    2s
     0     0  112.88883    0   19  113.18137  112.88883  0.26%     -    2s
     0     0  112.88883    0   18  113.18137  112.88883  0.26%     -    2s
     0     0  112.88883    0   20  113.18137  112.88883  0.26%     -    2s
     0     0  112.88883    0   19  113.18137  112.88883  0.26%     -    2s
     0     0  112.88883    0   13  113.18137  112.88883  0.26%     -    2s
     0     0  112.88883    0   13  113.18137  112.88883  0.26%     -    2s
     0     0  112.88883    0   11  113.18137  112.88883  0.26%     -    2s
H    0     0                     113.1344000  112.88883  0.22%     -    2s
H    0     1                     113.1157333  112.88913  0.20%     -    2s
     0     1  113.08423    0    9  113.11573  113.08423  0.03%     -    2s

Cutting planes:
  Cover: 5
  Implied bound: 4
  Clique: 9
  MIR: 7
  GUB cover: 6
  Zero half: 5
  RLT: 1
  Relax-and-lift: 16

Explored 10 nodes (11256 simplex iterations) in 2.41 seconds (3.18 work units)
Thread count was 16 (of 16 available processors)

Solution count 10: 113.116 113.134 113.181 ... 129.674

Optimal solution found (tolerance 1.00e-04)
Best objective 1.131157333333e+02, best bound 1.131157333333e+02, gap 0.0000%

User-callback calls 1694, time in user-callback 0.01 sec
