
Gurobi 9.1.2 (win64) logging started Sat Sep 20 18:24:30 2025

Changed value of parameter LogFile to log_group_6/bound_Expr56_s10_l1051_s11_e12_o80_d160_t7200_s56_0_0_0_0.log
   Prev:   Default: 
Gurobi Optimizer version 9.1.2 build v9.1.2rc0 (win64)
Thread count: 8 physical cores, 16 logical processors, using up to 16 threads
Optimize a model with 2761810 rows, 2760740 columns and 22072600 nonzeros
Model fingerprint: 0x40c65d5a
Variable types: 740 continuous, 2760000 integer (2760000 binary)
Coefficient statistics:
  Matrix range     [1e+00, 9e+02]
  Objective range  [1e+00, 1e+00]
  Bounds range     [1e+00, 1e+03]
  RHS range        [1e+00, 9e+02]
Presolve removed 80 rows and 2714160 columns (presolve time = 6s) ...
Presolve removed 2714730 rows and 2714160 columns (presolve time = 11s) ...
Presolve removed 2714240 rows and 2713670 columns
Presolve time: 10.97s
Presolved: 47570 rows, 47070 columns, 278460 nonzeros
Variable types: 580 continuous, 46490 integer (46490 binary)
Found heuristic solution: objective 17330.316833
Found heuristic solution: objective 2165.2312333

Deterministic concurrent LP optimizer: primal and dual simplex
Showing first log only...


Root simplex log...

Iteration    Objective       Primal Inf.    Dual Inf.      Time
       0   -5.5154000e+04   1.468795e+04   4.633041e+08     13s
    6592    0.0000000e+00   0.000000e+00   0.000000e+00     14s
Concurrent spin time: 0.07s

Solved with primal simplex

Root relaxation: objective 0.000000e+00, 6592 iterations, 0.76 seconds
Total elapsed time = 16.50s

    Nodes    |    Current Node    |     Objective Bounds      |     Work
 Expl Unexpl |  Obj  Depth IntInf | Incumbent    BestBd   Gap | It/Node Time

     0     0    0.00000    0  248 2165.23123    0.00000   100%     -   18s
H    0     0                    2026.2178333    0.00000   100%     -   20s
H    0     0                    1827.8365667    0.00000   100%     -   22s
H    0     0                    1634.7292333    0.00000   100%     -   22s
H    0     0                    1382.2472000    0.00000   100%     -   28s
     0     0    0.00000    0  389 1382.24720    0.00000   100%     -   28s
H    0     0                     841.4816000    0.00000   100%     -   34s
     0     0    0.00000    0  406  841.48160    0.00000   100%     -   35s
H    0     0                     752.1890333    0.00000   100%     -   53s
H    0     0                     747.1386333    0.00000   100%     -   53s
H    0     0                     694.4207333    0.00000   100%     -   59s
H    0     0                     670.7101333    0.00000   100%     -   59s
H    0     0                     656.5125333    0.00000   100%     -   59s
H    0     0                     608.7004667    0.00000   100%     -   59s
H    0     0                     597.1133333    0.00000   100%     -   59s
     0     0    0.00000    0  585  597.11333    0.00000   100%     -   66s
H    0     0                     597.0173333    0.00000   100%     -   69s
H    0     0                     589.6522114    0.00000   100%     -   81s
     0     0    0.00000    0  668  589.65221    0.00000   100%     -   82s
H    0     0                     589.1826667    0.00000   100%     -  104s
     0     0    0.00000    0  692  589.18267    0.00000   100%     -  112s
H    0     0                     589.1818830    0.00000   100%     -  117s
H    0     0                     582.8322667    0.00000   100%     -  129s
H    0     0                     576.0441667    0.00000   100%     -  129s
H    0     0                     575.0355000    0.00000   100%     -  129s
     0     0    0.00000    0  775  575.03550    0.00000   100%     -  129s
H    0     0                     571.7566333    0.00000   100%     -  148s
H    0     0                     571.7556327    0.00000   100%     -  148s
     0     0    0.00000    0  944  571.75563    0.00000   100%     -  156s
H    0     0                     571.1339667    0.00000   100%     -  164s
     0     0    0.00000    0  946  571.13397    0.00000   100%     -  170s
H    0     0                     556.9985000    0.00000   100%     -  180s
H    0     0                     552.7789000    0.00000   100%     -  189s
     0     2    0.00000    0  946  552.77890    0.00000   100%     -  205s
H   31    38                     552.7713924    0.00000   100%   260  228s
H   33    38                     552.4975000    0.00000   100%   521  228s
H   35    38                     552.4974993    0.00000   100%   604  228s
    47    58    0.00000    6  563  552.49750    0.00000   100%   478  230s
H  106   108                     552.4974991    0.00000   100%   284  242s
   115   115    0.00000   14  390  552.49750    0.00000   100%   289  245s
H  116   115                     552.4974990    0.00000   100%   287  245s
H  118   115                     552.4974726    0.00000   100%   282  245s
H  120   115                     550.5013991    0.00000   100%   278  245s
   226   251    0.00000   32  376  550.50140    0.00000   100%   210  250s
   618   718    0.00000   82  275  550.50140    0.00000   100%   101  255s
H  933   909                     550.5013991    0.00000   100%  72.1  259s
   944  1128    0.00000  123  275  550.50140    0.00000   100%  72.0  260s
  1165  1135    0.00000  160  277  550.50140    0.00000   100%  61.9  268s
H 1166  1135                     550.5013971    0.00000   100%  61.9  268s
H 1168  1135                     550.5010442    0.00000   100%  61.8  268s
  1174  1419    0.00000  161  277  550.50104    0.00000   100%  62.7  270s
  1835  2176    0.00000  258  274  550.50104    0.00000   100%  43.0  275s
  2785  3356    0.00000  402  271  550.50104    0.00000   100%  31.0  282s
  3564  3372    0.00000  499  272  550.50104    0.00000   100%  25.8  288s
  3582  4207    0.00000  509  272  550.50104    0.00000   100%  25.8  292s
  4569  4987    0.00000  642  268  550.50104    0.00000   100%  21.3  297s
  5524  5764    0.00000  741  265  550.50104    0.00000   100%  18.4  301s
  6463  6704    0.00000  841  269  550.50104    0.00000   100%  16.6  306s
  7546  6705  345.29587  256  946  550.50104    0.00000   100%  15.0  451s
  7548  6706  345.29587  277  228  550.50104    0.00000   100%  15.0  491s
  7549  6707  244.87943   45  234  550.50104    0.00000   100%  15.0  585s
  7550  6708    0.00000  471  223  550.50104    0.00000   100%  15.0  592s
  7551  6708  244.87943  738  240  550.50104    0.00000   100%  15.0  631s
  7552  6709  345.29587  806  208  550.50104    0.00000   100%  15.0  637s
  7553  6710  345.29587  530  230  550.50104    0.00000   100%  15.0  682s
  7554  6710    0.00000  569  218  550.50104    0.00000   100%  15.0  695s
  7555  6711  235.66767  868  232  550.50104    5.45327  99.0%  15.0  788s
  7556  6712  345.29587  341  217  550.50104    5.45327  99.0%  15.0  800s
  7557  6712  235.66767  107  236  550.50104    7.15723  98.7%  15.0  907s
  7558  6713  158.62407  450  236  550.50104    7.15723  98.7%  15.0  921s
  7559  6714   96.36147  312  236  550.50104    7.15723  98.7%  15.0  970s
  7560  6717    7.15723   14  230  550.50104    7.15723  98.7%  28.2 1014s
  7562  6720    7.15723   15  229  550.50104    7.15723  98.7%  28.3 1115s
  7566  6723    7.15723   16  220  550.50104    7.15723  98.7%  30.0 1124s
  7573  6727    7.15723   17  220  550.50104    7.15723  98.7%  30.3 1128s
  7581  6729    7.15723   18  225  550.50104    7.15723  98.7%  30.3 1134s
  7589  6733   81.53003   18  226  550.50104    7.15723  98.7%  30.6 1142s
  7597  6735    7.15723   19  223  550.50104    7.15723  98.7%  30.6 1146s
  7605  6742   72.15480   19  216  550.50104    7.15723  98.7%  30.8 1150s
  7619  6749    7.15723   20  224  550.50104    7.15723  98.7%  30.8 1174s
  7634  6755    7.15723   21  225  550.50104    7.15723  98.7%  31.4 1233s
  7648  6766    7.15723   22  223  550.50104    7.15723  98.7%  31.7 1242s
  7667  6776    7.15723   23  226  550.50104    7.15723  98.7%  31.8 1265s
  7686  6777    7.15723   24  225  550.50104    7.15723  98.7%  32.2 1273s
  7695  6791  115.99987   24  224  550.50104    7.15723  98.7%  32.2 1307s
  7716  6803  193.08290   25  231  550.50104    7.15723  98.7%  32.8 1323s
  7738  6820    7.15723   26  226  550.50104    7.15723  98.7%  32.9 1331s
  7765  6836    7.15723   27  227  550.50104    7.15723  98.7%  33.0 1371s
  7794  6837  115.47757   28  224  550.50104    7.15723  98.7%  33.4 1388s
  7808  6862    7.15723   29  229  550.50104    7.15723  98.7%  33.5 1408s
  7841  6858    7.15723   30  227  550.50104    7.15723  98.7%  33.6 1484s
H 7842  6521                     550.4878844    7.15723  98.7%  33.6 1484s
  7849  6556  196.77980   30  235  550.48788    7.15723  98.7%  33.6 1492s
  7894  6577    7.15723   32  226  550.48788    7.15723  98.7%  33.6 1520s
  7938  6577    7.15723   35  226  550.48788    7.15723  98.7%  33.9 1531s
  7958  6608    7.15723   36  231  550.48788    7.15723  98.7%  33.9 1555s
  7998  6637    7.15723   38  231  550.48788    7.15723  98.7%  34.0 1575s
  8045  6661  194.99183   39  233  550.48788    7.15723  98.7%  34.2 1624s
  8088  6691    7.15723   41  230  550.48788    7.15723  98.7%  35.2 1660s
  8136  6730   56.91727   43  225  550.48788    7.15723  98.7%  35.4 1682s
  8195  6800    7.15723   46  242  550.48788    7.15723  98.7%  35.6 1692s
  8297  6834    7.15723   53  238  550.48788    7.15723  98.7%  35.7 1706s
  8387  6911    7.15723   55  239  550.48788    7.15723  98.7%  36.0 1720s
  8511  6922    7.15723   64  243  550.48788    7.15723  98.7%  36.0 1739s
  8574  7025    7.15723   68  241  550.48788    7.15723  98.7%  36.4 1750s
  8728  7103    7.15723   75  236  550.48788    7.15723  98.7%  36.3 1762s
  8881  7176    7.15723   81  238  550.48788    7.15723  98.7%  36.2 1777s
  9037  7166    7.15723   84  238  550.48788    7.15723  98.7%  36.2 1822s
  9082  7269    7.15723   85  237  550.48788    7.15723  98.7%  36.7 1840s
  9217  7389    7.15723   89  239  550.48788    7.15723  98.7%  37.0 1856s
  9414  7380    7.15723   93  237  550.48788    7.15723  98.7%  36.9 1875s
  9474  7523    7.15723   96  239  550.48788    7.15723  98.7%  37.1 1889s
  9671  7638    7.15723  102  242  550.48788    7.15723  98.7%  36.9 1902s
  9885  7634    7.15723  106  233  550.48788    7.15723  98.7%  36.7 1939s
  9954  7754   96.28040  109  235  550.48788    7.15723  98.7%  37.0 1959s
 10134  7879  113.55857  114  241  550.48788    7.15723  98.7%  36.9 1977s
 10350  7976    7.15723  119  245  550.48788    7.15723  98.7%  36.7 1995s
 10536  8082  157.76887  125  241  550.48788    7.15723  98.7%  36.5 2016s
 10725  8144  195.01140  137  236  550.48788    7.15723  98.7%  36.6 2040s
 10854  8383    7.15723  142  246  550.48788    7.15723  98.7%  36.8 2063s
 11180  8491    7.15723  159  240  550.48788    7.15723  98.7%  36.6 2085s
 11411  8709    7.15723  167  241  550.48788    7.15723  98.7%  36.4 2112s
 11733  8878  269.37133  175  249  550.48788    7.15723  98.7%  36.1 2159s
 12056  8857    7.15723  186  240  550.48788    7.15723  98.7%  35.8 2185s
 12146  9167    7.15723  192  242  550.48788    7.15723  98.7%  35.9 2212s
 12598  9307    7.15723  207  253  550.48788    7.15723  98.7%  35.6 2239s
 12972  9287    7.15723  225  244  550.48788    7.15723  98.7%  35.4 2261s
 13104  9781  195.99547  233  243  550.48788    7.15723  98.7%  35.5 2290s
 13718  9853    7.15723  251  247  550.48788    7.15723  98.7%  35.3 2352s
 14058  9895    7.15723  270  245  550.48788    7.15723  98.7%  35.6 2387s
 14224 10533    7.15723  281  248  550.48788    7.15723  98.7%  35.7 2424s
 14963 11090    7.15723  312  242  550.48788    7.15723  98.7%  35.0 2699s
 15902 10842    7.15723  351  244  550.48788    7.15723  98.7%  34.5 2725s
 15975 11331    7.15723  355  246  550.48788    7.15723  98.7%  34.9 2748s
 16520 11559    7.15723  374  243  550.48788    7.15723  98.7%  34.6 2770s
 16958 11498    7.15723  394  246  550.48788    7.15723  98.7%  34.5 2786s
 17051 11890    7.15723  401  249  550.48788    7.15723  98.7%  34.8 2810s
 17520 12455    7.15723  427  253  550.48788    7.15723  98.7%  34.9 2836s
 18285 12882   70.51417  450  249  550.48788    7.15723  98.7%  34.4 2861s
 18976 13672    7.15723  501  247  550.48788    7.15723  98.7%  33.8 2889s
 20042 13824  181.31893  566  239  550.48788    7.15723  98.7%  33.0 2910s
 20551 14320    7.15723  576  244  550.48788    7.15723  98.7%  32.6 2935s
 21248 14194    7.15723  634  245  550.48788    7.15723  98.7%  32.4 2980s
 21358 14651    7.15723  643  245  550.48788    7.15723  98.7%  32.6 3004s
 21864 14927    7.15723  688  245  550.48788    7.15723  98.7%  32.7 3030s
 22345 14879    7.15723  709  245  550.48788    7.15723  98.7%  32.6 3052s
 22483 15712    7.15723  717  239  550.48788    7.15723  98.7%  32.7 3082s
 23413 16247    7.15723  741  242  550.48788    7.15723  98.7%  32.4 3108s
 24327 16854    7.15723  768  236  550.48788    7.15723  98.7%  32.1 3136s
 25320 17381   96.05783  793  235  550.48788    7.15723  98.7%  31.6 3164s
 26214 17715    7.15723  819  245  550.48788    7.15723  98.7%  31.2 3193s
 26872 18109    7.15723  841  240  550.48788    7.15723  98.7%  30.9 3227s
 27490 18197    7.15723  875  236  550.48788    7.15723  98.7%  30.9 3253s
 27598 19350    7.15723  883  241  550.48788    7.15723  98.7%  31.2 3289s
 28773 20782    7.15723  914  243  550.48788    7.15723  98.7%  30.6 3324s
 30261 22090    7.15723  957  246  550.48788    7.15723  98.7%  29.9 4152s
 31627 22460    7.15723 1068  249  550.48788    7.15723  98.7%  29.6 4211s
 32028 24592  169.44197 1090  243  550.48788    7.15723  98.7%  29.8 4292s
 34231 24599    7.15723 1256  252  550.48788    7.15723  98.7%  29.5 4402s
 34239 26048  146.97207 1256  242  550.48788    7.15723  98.7%  29.5 4451s
 35696 26911    7.15723 1344  238  550.48788    7.15723  98.7%  29.2 4489s
 36565 28260  140.51373 1366  231  550.48788    7.15723  98.7%  28.8 4528s
 37928 29506    7.15723 1427  239  550.48788    7.15723  98.7%  28.5 4562s
 39188 30774    7.15723 1472  236  550.48788    7.15723  98.7%  28.1 4589s
 40420 30774   72.12390 5653  258  550.48788    7.15723  98.7%  27.7 4590s
 40470 31964    7.15723 1522  240  550.48788    7.15723  98.7%  27.7 4622s
 41667 32825    7.15723 1574  245  550.48788    7.15723  98.7%  27.3 4643s
 42532 33777    7.15723 1600  252  550.48788    7.15723  98.7%  27.1 4669s
 43494 34727    7.15723 1645  246  550.48788    7.15723  98.7%  27.0 4697s
 44455 35664    7.15723 1701  247  550.48788    7.15723  98.7%  27.0 4724s
 45399 37291  265.01370 1750  242  550.48788    7.15723  98.7%  27.0 4998s
 47047 38735    7.15723 1839  245  550.48788    7.15723  98.7%  27.0 5032s
 48498 40170    7.15723 1868  259  550.48788    7.15723  98.7%  26.6 5049s
 49939 41186    7.15723 1895  261  550.48788    7.15723  98.7%  26.2 5064s
 50961 41695    7.15723 1918  254  550.48788    7.15723  98.7%  26.0 5076s
 51472 42483    7.15723 1925  257  550.48788    7.15723  98.7%  26.0 5091s
 52263 43645    7.15723 1950  252  550.48788    7.15723  98.7%  25.8 5109s
 53429 44458  248.31910 1974  248  550.48788    7.15723  98.7%  25.6 5122s
 54248 45290    7.15723 1985  246  550.48788    7.15723  98.7%  25.4 5138s
 55120 45798    7.15723 2013  243  550.48788    7.15723  98.7%  25.3 5152s
 55651 46476  192.20233 2030  245  550.48788    7.15723  98.7%  25.2 5167s
 56336 46651    7.15723 2064  244  550.48788    7.15723  98.7%  25.0 5176s
 56511 47633  156.44527 2071  240  550.48788    7.15723  98.7%  25.0 5192s
 57495 48678    7.15723 2098  247  550.48788    7.15723  98.7%  24.7 5212s
 58542 50163  120.12500 2107  243  550.48788    7.15723  98.7%  24.4 5228s
 60030 52317    7.15723 2126  249  550.48788    7.15723  98.7%  24.0 5493s
 62205 53392   93.94523 2255  243  550.48788    7.15723  98.7%  23.6 5506s
 63285 53836    7.15723 2284  243  550.48788    7.15723  98.7%  23.4 5517s
 63730 54133    7.15723 2293  245  550.48788    7.15723  98.7%  23.3 5524s
 64027 54989    7.15723 2296  244  550.48788    7.15723  98.7%  23.2 5536s
 64885 55986    7.15723 2318  245  550.48788    7.15723  98.7%  23.1 5549s
 65883 57240    7.15723 2342  242  550.48788    7.15723  98.7%  22.9 5561s
 67140 57936  155.87287 2365  237  550.48788    7.15723  98.7%  22.6 5572s
 67868 58567    7.15723 2385  240  550.48788    7.15723  98.7%  22.5 5583s
 68529 59387    7.15723 2403  244  550.48788    7.15723  98.7%  22.5 5593s
 69375 59702    7.15723 2419  248  550.48788    7.15723  98.7%  22.3 5611s
 69702 60316    7.15723 2427  247  550.48788    7.15723  98.7%  22.3 5622s
 70345 60827    7.15723 2452  247  550.48788    7.15723  98.7%  22.3 5634s
 70895 61650  122.12767 2479  249  550.48788    7.15723  98.7%  22.3 5648s
 71770 62312    7.15723 2506  247  550.48788    7.15723  98.7%  22.1 5663s
 72468 62447    7.15723 2518  246  550.48788    7.15723  98.7%  22.0 5671s
 72646 63776    7.15723 2522  247  550.48788    7.15723  98.7%  22.0 5685s
 74020 65169    7.15723 2557  248  550.48788    7.15723  98.7%  21.8 5699s
 75456 67213    7.15723 2594  248  550.48788    7.15723  98.7%  21.5 5968s
 77828 68827    7.15723 2758  248  550.48788    7.15723  98.7%  21.3 5982s
 79542 69935    7.15723 2789  248  550.48788    7.15723  98.7%  20.9 5993s
 80674 70306    7.15723 2809  248  550.48788    7.15723  98.7%  20.7 6000s
 81075 71042  131.64750 2823  246  550.48788    7.15723  98.7%  20.7 6010s
 81827 71255    7.15723 2843  250  550.48788    7.15723  98.7%  20.6 6017s
 82047 71700   87.94930 2848  245  550.48788    7.15723  98.7%  20.6 6026s
 82554 72317    7.15723 2870  246  550.48788    7.15723  98.7%  20.6 6034s
 83204 73282  126.73043 2887  243  550.48788    7.15723  98.7%  20.5 6044s
 84224 74256    7.15723 2902  245  550.48788    7.15723  98.7%  20.4 6053s
 85282 75015    7.15723 2917  245  550.48788    7.15723  98.7%  20.2 6062s
 86098 75685    7.15723 2928  244  550.48788    7.15723  98.7%  20.1 6071s
 86830 76455    7.15723 2947  245  550.48788    7.15723  98.7%  20.0 6080s
 87677 77010    7.15723 2967  241  550.48788    7.15723  98.7%  19.9 6088s
 88250 78218    7.15723 2976  240  550.48788    7.15723  98.7%  19.9 6098s
 89466 78395    7.15723 2996  241  550.48788    7.15723  98.7%  19.7 6119s
 89644 79520    7.15723 2998  241  550.48788    7.15723  98.7%  19.7 6128s
 90773 81467    7.15723 3011  241  550.48788    7.15723  98.7%  19.5 6387s
 92918 81740    7.15723 3111  241  550.48788    7.15723  98.7%  19.4 6394s
 93196 82876    7.15723 3114  241  550.48788    7.15723  98.7%  19.4 6407s
 94359 84112    7.15723 3135  241  550.48788    7.15723  98.7%  19.3 6421s
 95650 85164    7.15723 3156  242  550.48788    7.15723  98.7%  19.1 6432s
 96730 85822    7.15723 3171  241  550.48788    7.15723  98.7%  19.0 6442s
 97409 86816  120.12500 3185  238  550.48788    7.15723  98.7%  19.0 6452s
 98408 87321   72.63940 3203  238  550.48788    7.15723  98.7%  18.9 6462s
 98917 87655    7.15723 3222  232  550.48788    7.15723  98.7%  18.9 6471s
 99320 88087    7.15723 3233  244  550.48788    7.15723  98.7%  18.9 6480s
 99786 88287    7.15723 3247  240  550.48788    7.15723  98.7%  18.9 6487s
 100008 88943    7.15723 3250  242  550.48788    7.15723  98.7%  18.8 6497s
 100692 89384  146.61723 3266  241  550.48788    7.15723  98.7%  18.8 6506s
 101147 89826    7.15723 3283  243  550.48788    7.15723  98.7%  18.8 6516s
 101599 90053    7.15723 3296  251  550.48788    7.15723  98.7%  18.9 6525s
 101849 90349    7.15723 3315  247  550.48788    7.15723  98.7%  18.9 6535s
 102190 90739    7.15723 3333  247  550.48788    7.15723  98.7%  19.0 6545s
 102623 91211  146.61723 3341  247  550.48788    7.15723  98.7%  18.9 6556s
 103206 91969    7.15723 3362  252  550.48788    7.15723  98.7%  18.9 6568s
 104015 92241    7.15723 3382  263  550.48788    7.15723  98.7%  18.9 6584s
 104303 93247    7.15723 3388  254  550.48788    7.15723  98.7%  18.9 6596s
 105381 93865  129.37040 3406  253  550.48788    7.15723  98.7%  18.9 6848s
 106123 94585    7.15723 3456  253  550.48788    7.15723  98.7%  19.1 6880s
 106958 94997    7.15723 3508  251  550.48788    7.15723  98.7%  19.4 6903s
 107395 95772  146.44553 3517  246  550.48788    7.15723  98.7%  19.4 6941s
 108411 96183    7.15723 3581  258  550.48788    7.15723  98.7%  19.6 6973s
 109001 97467    7.15723 3634  259  550.48788    7.15723  98.7%  19.9 7013s
 110516 98629  179.91267 3717  245  550.48788    7.15723  98.7%  20.0 7059s
 111757 99479  162.07063 3753  253  550.48788    7.15723  98.7%  20.0 7079s
 112633 100974    7.15723 3764  251  550.48788    7.15723  98.7%  20.1 7102s
 114196 102318    7.15723 3821  250  550.48788    7.15723  98.7%  20.1 7125s
 115634 103606  157.52017 3857  248  550.48788    7.15723  98.7%  20.1 7151s
 116997 105033    7.15723 3938  250  550.48788    7.15723  98.7%  20.1 7173s
 118534 106626    7.15723 3985  255  550.48788    7.15723  98.7%  20.1 7195s

Cutting planes:
  Gomory: 37
  Implied bound: 335
  Projected implied bound: 578
  MIR: 76
  Flow cover: 505
  Relax-and-lift: 4111

Explored 120335 nodes (2457532 simplex iterations) in 7202.91 seconds
Thread count was 16 (of 16 available processors)

Solution count 10: 550.488 550.501 550.501 ... 552.497

Time limit reached
Best objective 5.504878844015e+02, best bound 7.157233333327e+00, gap 98.6998%

User-callback calls 843392, time in user-callback 4.94 sec
