
Gurobi 10.0.1 (win64) logging started Sun Sep 21 16:36:02 2025

Set parameter LogFile to value "log_group_6/bound_Expr389_s7_l1051_s11_e12_o30_d60_t60_s24_1_1_1_1.log"
Gurobi Optimizer version 10.0.1 build v10.0.1rc0 (win64)

CPU model: Intel(R) Core(TM) i7-10700 CPU @ 2.90GHz, instruction set [SSE2|AVX|AVX2]
Thread count: 8 physical cores, 16 logical processors, using up to 16 threads

Optimize a model with 472759 rows, 462440 columns and 6356866 nonzeros
Model fingerprint: 0xc9001c3b
Variable types: 440 continuous, 462000 integer (462000 binary)
Coefficient statistics:
  Matrix range     [1e+00, 8e+02]
  Objective range  [1e+00, 1e+00]
  Bounds range     [1e+00, 1e+03]
  RHS range        [1e+00, 8e+02]
Presolve removed 466691 rows and 456920 columns
Presolve time: 3.45s
Presolved: 6068 rows, 5520 columns, 44228 nonzeros
Variable types: 274 continuous, 5246 integer (5243 binary)

Root relaxation: objective 1.241055e+02, 4893 iterations, 0.29 seconds (0.63 work units)

    Nodes    |    Current Node    |     Objective Bounds      |     Work
 Expl Unexpl |  Obj  Depth IntInf | Incumbent    BestBd   Gap | It/Node Time

     0     0  124.10553    0  168          -  124.10553      -     -    5s
     0     0  124.10553    0  347          -  124.10553      -     -    5s
H    0     0                    1019.2454667  124.10553  87.8%     -    5s
H    0     0                     897.9263000  124.10553  86.2%     -    6s
H    0     0                     729.9004000  124.10553  83.0%     -    6s
H    0     0                     680.2995333  124.10553  81.8%     -    6s
H    0     0                     471.7081333  124.10553  73.7%     -    6s
     0     0  124.10553    0  106  471.70813  124.10553  73.7%     -    6s
H    0     0                     464.1912333  124.10553  73.3%     -    6s
H    0     0                     398.7590000  124.10553  68.9%     -    6s
H    0     0                     392.1677667  124.10553  68.4%     -    6s
     0     0  124.10553    0   97  392.16777  124.10553  68.4%     -    6s
H    0     0                     316.2583667  124.10553  60.8%     -    7s
H    0     0                     316.2573667  124.10553  60.8%     -    7s
H    0     0                     305.4374667  124.10553  59.4%     -    7s
H    0     0                     285.2550333  124.10553  56.5%     -    7s
     0     0  124.10553    0  111  285.25503  124.10553  56.5%     -    7s
H    0     0                     264.2058000  124.10553  53.0%     -    7s
H    0     0                     228.5787333  124.10553  45.7%     -    7s
H    0     0                     210.6727000  124.10553  41.1%     -    7s
     0     0  124.10553    0   94  210.67270  124.10553  41.1%     -    7s
H    0     0                     206.7758333  124.10553  40.0%     -    8s
H    0     0                     197.1818333  124.10553  37.1%     -    8s
H    0     0                     192.0299000  124.10553  35.4%     -    8s
     0     0  124.10553    0   71  192.02990  124.10553  35.4%     -    8s
H    0     0                     192.0255667  124.10553  35.4%     -    9s
H    0     0                     191.6975667  124.10553  35.3%     -    9s
     0     0  124.10553    0  239  191.69757  124.10553  35.3%     -    9s
H    0     0                     183.5963333  124.95003  31.9%     -   10s
H    0     0                     183.0671333  124.95003  31.7%     -   10s
     0     0  124.95003    0   67  183.06713  124.95003  31.7%     -   10s
     0     0  125.28653    0   81  183.06713  125.28653  31.6%     -   11s
     0     0  125.28653    0   95  183.06713  125.28653  31.6%     -   11s
     0     0  125.28653    0  150  183.06713  125.28653  31.6%     -   11s
     0     0  125.28653    0  150  183.06713  125.28653  31.6%     -   12s
     0     2  125.28653    0  100  183.06713  125.28653  31.6%     -   13s
H   35    15                     183.0671326  125.28653  31.6%   381   14s
    69    38  125.28653   12  137  183.06713  125.28653  31.6%   363   15s
H  139    83                     183.0628000  125.28653  31.6%   237   16s
H  146    83                     183.0627993  125.28653  31.6%   229   16s
H  989   503                     183.0627971  125.28653  31.6%   120   21s
  2048   996  178.01975   38  150  183.06280  129.52237  29.2%   119   27s
  2055  1006  145.62778   15  105  183.06280  145.62778  20.4%   123   30s
  2753  1209  162.12069   75   99  183.06280  145.62778  20.4%   105   35s
  9756  6406  145.62778  198  105  183.06280  145.62778  20.4%  40.6   40s
 14439  8870  153.64299  143  150  183.06280  145.62778  20.4%  35.3   47s
 14842  8979  166.56384   61   70  183.06280  145.62778  20.4%  19.1   50s
 21821 11490  145.62778   87   89  183.06280  145.62778  20.4%  18.4   55s

Explored 29752 nodes (817366 simplex iterations) in 60.06 seconds (114.18 work units)
Thread count was 16 (of 16 available processors)

Solution count 10: 183.063 183.067 183.596 ... 264.206

Time limit reached
Best objective 1.830627971486e+02, best bound 1.456277790009e+02, gap 20.4493%

User-callback calls 69155, time in user-callback 0.10 sec
