
Gurobi 10.0.3 (win64) logging started Sat Sep 20 20:21:02 2025

Set parameter LogFile to value "log_group_6/bound_Expr29_s7_l1051_s11_e12_o30_d60_t7200_s29_0_0_0_0.log"
Gurobi Optimizer version 10.0.3 build v10.0.3rc0 (win64)

CPU model: 11th Gen Intel(R) Core(TM) i7-11700 @ 2.50GHz, instruction set [SSE2|AVX|AVX2|AVX512]
Thread count: 8 physical cores, 16 logical processors, using up to 16 threads

Optimize a model with 316163 rows, 315440 columns and 2527456 nonzeros
Model fingerprint: 0x601b20bf
Variable types: 440 continuous, 315000 integer (315000 binary)
Coefficient statistics:
  Matrix range     [1e+00, 9e+02]
  Objective range  [1e+00, 1e+00]
  Bounds range     [1e+00, 1e+03]
  RHS range        [1e+00, 9e+02]
Presolve removed 302490 rows and 302460 columns
Presolve time: 1.38s
Presolved: 13673 rows, 12980 columns, 88984 nonzeros
Variable types: 380 continuous, 12600 integer (12600 binary)
Found heuristic solution: objective 725.4597667

Root relaxation: objective 0.000000e+00, 1850 iterations, 0.10 seconds (0.19 work units)

    Nodes    |    Current Node    |     Objective Bounds      |     Work
 Expl Unexpl |  Obj  Depth IntInf | Incumbent    BestBd   Gap | It/Node Time

     0     0    0.00000    0   61  725.45977    0.00000   100%     -    1s
H    0     0                     684.7887000    0.00000   100%     -    2s
     0     0    0.00000    0   65  684.78870    0.00000   100%     -    2s
H    0     0                     369.0970000    0.00000   100%     -    3s
H    0     0                     303.4995000    0.00000   100%     -    3s
H    0     0                     244.6416000    0.00000   100%     -    3s
     0     0    0.00000    0   60  244.64160    0.00000   100%     -    4s
H    0     0                     237.3120000    0.00000   100%     -    4s
     0     0    0.00000    0   60  237.31200    0.00000   100%     -    4s
     0     0    0.00000    0   61  237.31200    0.00000   100%     -    5s
     0     0    0.00000    0   60  237.31200    0.00000   100%     -    5s
H    0     0                     219.2940667    0.00000   100%     -    5s
H    0     0                     219.0864667    0.00000   100%     -    5s
     0     0    0.00000    0   60  219.08647    0.00000   100%     -    5s
     0     0    0.00000    0   61  219.08647    0.00000   100%     -    6s
H    0     0                     210.8433667    0.00000   100%     -    7s
H    0     0                     208.9556667    0.00000   100%     -    7s
     0     0    0.00000    0   61  208.95567    0.00000   100%     -    7s
     0     0    0.00000    0   60  208.95567    0.00000   100%     -    7s
     0     2    0.00000    0   60  208.95567    0.00000   100%     -    9s
H   27    21                     208.5575333    0.00000   100%  89.1   12s
H   28    21                     206.8953667    0.00000   100%  86.0   12s
H   32    21                     204.2142667    0.00000   100%  80.8   12s
H   69    51                     203.1181000    0.00000   100%  66.6   14s
H   70    51                     202.1539667    0.00000   100%  65.7   14s
H   74    51                     202.0493000    0.00000   100%  64.5   14s
   163   141    0.00000   25   60  202.04930    0.00000   100%  52.2   15s
  1857  1706    0.00000  246   62  202.04930    0.00000   100%  14.5   20s
  4179  3364    0.00000  590   65  202.04930    0.00000   100%  11.6   27s
H 4180  3364                     202.0492983    0.00000   100%  11.6   27s
H 4181  3345                     199.5900000    0.00000   100%  11.6   27s
  4855  4287    0.00000  688   64  199.59000    0.00000   100%  11.7   31s
  6451  5605    0.00000  950   71  199.59000    0.00000   100%  11.9   36s
H 7035  5611                     198.8720667    0.00000   100%  11.7   38s
  7038  6189    0.00000 1015   67  198.87207    0.00000   100%  11.8   40s
H 7777  6188                     198.8048667    0.00000   100%  11.4   40s
  7778  6189  183.59960  155   60  198.80487    0.00000   100%  11.4  110s
  7780  6190   67.32633  662   60  198.80487    0.00000   100%  11.4  121s
H 7780  5880                     198.8048665    0.00000   100%  11.4  130s
  7781  5881   47.66597  579   60  198.80487    0.00000   100%  11.4  143s
  7782  5882  196.00097   78   60  198.80487    0.00000   100%  11.4  146s
  7783  5882   50.39167   56   61  198.80487    0.00000   100%  11.4  153s
  7784  5883   14.74560 1044   60  198.80487    0.00000   100%  11.4  155s
  7786  5884   50.38987  475   66  198.80487    0.00000   100%  11.4  161s
  7787  5885   75.03883 1223   61  198.80487    0.00000   100%  11.4  169s
  7788  5886   50.39167  492   60  198.80487    0.00000   100%  11.4  171s
  7789  5886    0.00000  140   62  198.80487    0.00000   100%  11.4  175s
  7791  5888   50.39167  947   61  198.80487    0.00000   100%  11.4  190s
  7792  5891    0.00000   16   60  198.80487    0.00000   100%  12.7  197s
  7794  5894    0.00000   17   60  198.80487    0.00000   100%  12.7  201s
  7798  5898    0.00000   18   60  198.80487    0.00000   100%  13.5  214s
  7805  5901    0.00000   19   60  198.80487    0.00000   100%  13.6  226s
  7821  5908  145.84010   20   58  198.80487    0.00000   100%  13.7  250s
  7852  5924  141.24400   22   58  198.80487    0.00000   100%  13.8  265s
H 7866  5631                     198.8048660    0.00000   100%  13.8  272s
H 7867  5350                     198.8039962    0.00000   100%  13.8  272s
H 7869  5085                     198.8032134    0.00000   100%  13.8  272s
  7874  5099   96.04050   23   58  198.80321    0.00000   100%  13.8  276s
  7918  5113    0.00000   26   60  198.80321    0.00000   100%  14.4  282s
  7930  5129    0.00000   27   60  198.80321    0.00000   100%  14.9  290s
  7953  5140    0.00000   28   60  198.80321    0.00000   100%  15.0  296s
  8009  5162  130.91693   30   58  198.80321    0.00000   100%  15.4  308s
  8040  5173    0.00000   32   60  198.80321    0.00000   100%  15.3  312s
  8074  5179    0.00000   34   60  198.80321    0.00000   100%  15.3  322s
  8111  5173    0.00000   36   60  198.80321    0.00000   100%  15.4  328s
  8119  5197  130.91693   36   58  198.80321    0.00000   100%  15.4  330s
  8239  5225    5.57637   43   58  198.80321    0.00000   100%  15.3  336s
  8356  5273    0.00000   50   60  198.80321    0.00000   100%  15.2  340s
  8462  5306  145.84010   55   58  198.80321    0.00000   100%  15.4  347s
  8628  5332    0.00000   63   60  198.80321    0.00000   100%  15.3  356s
  8761  5374    0.00000   70   60  198.80321    0.00000   100%  15.2  363s
  8802  5396  145.84010   72   58  198.80321    0.00000   100%  15.2  365s
  8939  5409    0.00000   82   60  198.80321    0.00000   100%  15.2  375s
  8967  5426    0.00000   84   60  198.80321    0.00000   100%  15.4  380s
  9190  5395    0.00000   93   60  198.80321    0.00000   100%  15.4  389s
  9217  5438  143.52397   94   58  198.80321    0.00000   100%  15.4  392s
  9327  5438    0.00000  101   60  198.80321    0.00000   100%  15.5  397s
  9371  5428    0.00000  104   60  198.80321    0.00000   100%  15.5  422s
  9380  5454  143.52397  104   58  198.80321    0.00000   100%  15.5  430s
  9474  5498  143.52397  109   58  198.80321    0.00000   100%  15.6  437s
  9519  5591    0.00000  112   60  198.80321    0.00000   100%  15.6  441s
  9647  5692  103.90247  121   58  198.80321    0.00000   100%  15.5  447s
  9823  5711   96.04050  141   58  198.80321    0.00000   100%  15.3  461s
  9934  5709    0.00000  150   60  198.80321    0.00000   100%  15.2  477s
  9986  5834   80.82393  154   58  198.80321    0.00000   100%  15.2  484s
 10196  5924    0.00000  182   60  198.80321    0.00000   100%  15.1  491s
 10424  5871    0.00000  205   60  198.80321    0.00000   100%  15.0  501s
 10454  6045    0.00000  206   60  198.80321    0.00000   100%  15.0  506s
 10711  6167    0.00000  219   60  198.80321    0.00000   100%  15.0  512s
 10984  6146    0.00000  256   60  198.80321    0.00000   100%  14.8  522s
 11060  6410   81.89227  268   58  198.80321    0.00000   100%  14.8  530s
 11403  6513   82.96557  309   58  198.80321    0.00000   100%  14.6  538s
 11656  6724    0.00000  344   60  198.80321    0.00000   100%  14.6  547s
 12022  6671   88.16997  392   58  198.80321    0.00000   100%  14.7  558s
 12095  6945   88.16997  404   58  198.80321    0.00000   100%  14.8  567s
 12451  6876    0.00000  453   60  198.80321    0.00000   100%  14.8  591s
 12539  6924   89.25597  458   58  198.80321    0.00000   100%  15.0  603s
 12650  7318   89.25597  474   58  198.80321    0.00000   100%  14.9  611s
 13214  7230    0.00000  533   60  198.80321    0.00000   100%  14.6  621s
 13343  7714   91.90470  548   58  198.80321    0.00000   100%  14.5  632s
 14013  7960    0.00000  606   60  198.80321    0.00000   100%  14.0  643s
 14618  8100    0.00000  632   60  198.80321    0.00000   100%  13.9  658s
 15013  8227    0.00000  646   60  198.80321    0.00000   100%  14.5  789s
 15327  8739    0.00000  666   60  198.80321    0.00000   100%  14.7  811s
H16086  8233                     198.8016331    0.00000   100%  14.8  811s
 16115  8633    0.00000  693   60  198.80163    0.00000   100%  14.8  825s
 16772  8456 infeasible  751       198.80163    0.00000   100%  14.7  839s
H16773  8216                     198.7896333    0.00000   100%  14.7  839s
H16810  7975                     198.7896333    0.00000   100%  14.8  839s
 16863  8671     cutoff  765       198.78963    0.00000   100%  14.8  853s
 17655  8412 infeasible  783       198.78963    0.00000   100%  15.5  876s
H17656  8194                     198.7896333    0.00000   100%  15.5  876s
 17664  8252 infeasible  784       198.78963    0.00000   100%  15.5  892s
 17746  8371 infeasible  793       198.78963    0.00000   100%  15.5  902s
 17902  8961    0.00000  807   60  198.78963    0.00000   100%  15.4  917s
 18592  9061    0.00000  865   60  198.78963    0.00000   100%  15.2  930s
 19035  9057   93.97850  912   58  198.78963    0.00000   100%  15.4  940s
 19188  9361   93.97850  945   58  198.78963    0.00000   100%  15.3  954s
 19670  9584    0.00750 1048   70  198.78963    0.00750   100%  15.7  970s
 20382  9586    0.31442 1096   60  198.78963    0.31442   100%  15.5  983s
 20566  9917   11.20327 1115   56  198.78963    4.12460  97.9%  15.6  998s
 21057 10275   13.34947 1168   56  198.78963    4.12460  97.9%  15.3 1013s
 21593 10378  149.10033 1238   56  198.78963    4.12460  97.9%  15.3 1026s
H21635 10378                     198.7896333    4.12460  97.9%  15.2 1026s
 21725 10750    5.57637 1260   58  198.78963    4.12460  97.9%  15.2 1042s
 22330 10985  131.22140 1316   58  198.78963    4.12460  97.9%  14.8 1060s
 22619 12238   53.25733 1340   56  198.78963    4.12460  97.9%  14.7 1081s
 24110 12957   92.58203 1385   56  198.78963    4.12460  97.9%  14.1 1098s
 25046 13121  110.64290 1425   56  198.78963    4.12460  97.9%  14.3 1114s
 25298 13669  110.64290 1444   56  198.78963    4.12460  97.9%  14.2 1128s
 26052 14780    5.57637 1468   58  198.78963    4.12460  97.9%  14.7 1146s
 27329 15210    5.57637 1491   58  198.78963    4.12460  97.9%  14.4 1157s
 27773 17273  147.08937 1511   56  198.78963    4.12460  97.9%  14.3 1183s
 30094 20993    5.57637 1664   58  198.78963    4.12460  97.9%  14.4 1450s
 34291 21192    5.57637 1821   58  198.78963    4.12460  97.9%  14.3 1458s
 34533 21229   13.30746 1837   74  198.78963    4.12460  97.9%  14.3 1465s
 34585 21233  145.77268 1841   67  198.78963    4.12460  97.9%  14.3 1488s
H34591 21233                     198.7896305    4.12460  97.9%  14.4 1488s
 34594 21317   13.49030 1842   70  198.78963    4.12460  97.9%  14.4 1496s
 34704 21426   13.49030 1843   70  198.78963    4.12460  97.9%  14.4 1502s
 34835 21747   17.88212 1850   60  198.78963    4.12460  97.9%  14.3 1513s
 35220 22310  145.13807 1882   68  198.78963    4.12460  97.9%  14.3 1527s
 35873 22937   17.92806 1911   59  198.78963    4.12460  97.9%  14.5 1538s
 36589 23511   18.01618 1942   58  198.78963    4.12460  97.9%  14.3 1549s
 37232 23909  147.24636 1972   64  198.78963    4.12460  97.9%  14.4 1565s
 37671 24451   18.01618 1983   58  198.78963    4.12460  97.9%  14.6 1578s
 38338 25074   18.01618 2003   58  198.78963    4.12460  97.9%  14.8 1587s
 39030 25304   18.11453 2045   60  198.78963    4.12460  97.9%  14.7 1595s
 39273 26175   68.50440 2064   58  198.78963    4.12460  97.9%  14.7 1611s
 40221 27427   18.33213 2123   59  198.78963    4.12460  97.9%  14.7 1629s
 41561 28250   18.33213 2175   59  198.78963    4.12460  97.9%  14.6 1643s
 42460 28923   19.45837 2198   58  198.78963    4.12460  97.9%  14.7 1654s
 43253 29425  168.61479 2216   56  198.78963    4.12460  97.9%  14.8 1674s
 43772 30407   24.60482 2231   58  198.78963    4.12460  97.9%  15.0 1690s
 44800 31954  117.72363 2270   60  198.78963    4.12460  97.9%  15.0 1824s
 46459 34088   24.65976 2315   60  198.78963    4.12460  97.9%  15.2 1845s
 48760 34216   78.32842 2341   78  198.78963    4.12460  97.9%  15.1 1853s
 48976 34559   29.29958 2347   76  198.78963    4.12460  97.9%  15.1 1861s
 49473 35602   31.03599 2362   64  198.78963    4.12460  97.9%  15.2 1874s
 50648 36534   31.90175 2384   62  198.78963    4.12460  97.9%  15.0 1887s
 51724 37104   31.91953 2397   62  198.78963    4.12460  97.9%  15.0 1899s
 52352 38110   34.64267 2411   62  198.78963    4.12460  97.9%  15.0 1910s
 53478 38404  176.79018 2425   59  198.78963    4.12460  97.9%  14.9 1920s
 53792 38870   34.72850 2429   60  198.78963    4.12460  97.9%  15.0 1931s
 54418 39702   34.72850 2445   60  198.78963    4.12460  97.9%  15.2 1945s
 55319 40435   35.17287 2468   61  198.78963    4.12460  97.9%  15.2 1957s
 56096 40708   35.20042 2487   61  198.78963    4.12460  97.9%  15.3 1964s
 56412 41790   40.94100 2495   58  198.78963    4.12460  97.9%  15.2 1979s
 56837 41790  106.79476 6293   47  198.78963    4.12460  97.9%  15.2 1980s
 57545 42681   35.20042 2525   61  198.78963    4.12460  97.9%  15.1 1993s
 58491 43511  179.21341 2551   67  198.78963    4.12460  97.9%  15.0 2006s
 59354 45695   35.39640 2598   63  198.78963    4.12460  97.9%  14.9 2148s
 61834 46265   35.42791 2684   65  198.78963    4.12460  97.9%  14.8 2178s
H61993 46265                     198.7896270    4.12460  97.9%  14.8 2178s
 62479 46697  139.14961 2711   63  198.78963    4.12460  97.9%  14.8 2188s
 62999 48624  182.98048 2717   63  198.78963    4.12460  97.9%  14.8 2211s
 65347 50311   40.44017 2761   64  198.78963    4.12460  97.9%  14.7 2229s
 67180 53135   43.75548 2795   66  198.78963    4.12460  97.9%  14.5 2244s
 70110 54543   63.42262 2818   60  198.78963    4.12460  97.9%  14.1 2254s
 70967 54543   35.42168  932   65  198.78963    4.12460  97.9%  14.0 2255s
 71567 55762  127.48456 2832   59  198.78963    4.12460  97.9%  13.9 2266s
 72862 56507  178.61409 2846   59  198.78963    4.12460  97.9%  13.7 2276s
 73681 57146   48.62649 2862   62  198.78963    4.12460  97.9%  13.7 2285s
 74365 62077     cutoff 2875       198.78963    4.12460  97.9%  13.6 2441s
 79577 62122  190.93890 2976   57  198.78963    4.12460  97.9%  13.0 2446s
 79622 63419   56.49889 2979   60  198.78963    4.12460  97.9%  13.0 2453s
 80937 64645  152.66325 2993   59  198.78963    4.12460  97.9%  12.9 2460s
 82350 65843   64.17192 3011   59  198.78963    4.12460  97.9%  12.8 2468s
 83418 66749   53.24243 3025   61  198.78963    4.12460  97.9%  12.7 2475s
 84382 67552   57.53379 3044   69  198.78963    4.12460  97.9%  12.6 2482s
 85229 67564   64.17328 3056   56  198.78963    4.12460  97.9%  12.5 2486s
 85241 67976   57.54793 3057   62  198.78963    4.12460  97.9%  12.5 2492s
 85681 68264   57.54952 3068   61  198.78963    4.12460  97.9%  12.4 2496s
 85980 69144   57.55415 3072   62  198.78963    4.12460  97.9%  12.4 2503s
 86926 70108   73.31822 3087   58  198.78963    4.12460  97.9%  12.3 2511s
 87965 70914  105.18304 3110   58  198.78963    4.12460  97.9%  12.2 2518s
 88822 75459   57.55697 3127   60  198.78963    4.12460  97.9%  12.1 2667s
 93581 75491   57.56835 3207   56  198.78963    4.12460  97.9%  11.8 2672s
 93621 76024   76.18997 3209   52  198.78963    4.12460  97.9%  11.8 2676s
 94188 77286   57.57340 3220   55  198.78963    4.12460  97.9%  11.7 2685s
 96029 78286   57.57340 3249   55  198.78963    4.12460  97.9%  11.5 2694s
 96501 79532  135.08553 3249   55  198.78963    4.12460  97.9%  11.5 2702s
 97775 80296   57.57340 3265   55  198.78963    4.12460  97.9%  11.4 2710s
 98597 80777  172.29353 3278   53  198.78963    4.12460  97.9%  11.3 2716s
 99138 81191   57.57340 3290   55  198.78963    4.12460  97.9%  11.3 2722s
 99607 81958     cutoff 3302       198.78963    4.12460  97.9%  11.3 2730s
 100459 82527   57.57340 3331   55  198.78963    4.12460  97.9%  11.2 2737s
 101068 83372   57.57340 3342   55  198.78963    4.12460  97.9%  11.2 2744s
 101963 84043   57.57340 3351   55  198.78963    4.12460  97.9%  11.1 2750s
 102667 84654   57.57340 3359   55  198.78963    4.12460  97.9%  11.0 2757s
 103318 87916  145.71810 3374   53  198.78963    4.12460  97.9%  11.0 2892s
 106698 88165  161.46910 3418   53  198.78963    4.12460  97.9%  10.8 2896s
 106967 88434  161.46910 3422   53  198.78963    4.12460  97.9%  10.8 2901s
 107265 89500   57.57340 3426   55  198.78963    4.12460  97.9%  10.8 2911s
 108393 90038   57.60754 3448   57  198.78963    4.12460  97.9%  10.7 2919s
 108974 91354   57.61523 3466   56  198.78963    4.12460  97.9%  10.7 2930s
 110362 92017   57.68158 3490   59  198.78963    4.12460  97.9%  10.6 2937s
 111070 92879   57.71381 3504   57  198.78963    4.12460  97.9%  10.6 2946s
 111984 93800   57.74867 3528   62  198.78963    4.12460  97.9%  10.6 2956s
 113228 95224  135.22594 3552   57  198.78963    4.12460  97.9%  10.5 2969s
 114514 96325     cutoff 3577       198.78963    4.12460  97.9%  10.5 2978s
 115653 97404   57.82544 3595   57  198.78963    4.12460  97.9%  10.4 2988s
 116745 97967     cutoff 3614       198.78963    4.12460  97.9%  10.4 2995s
 117344 98637   57.82551 3619   57  198.78963    4.12460  97.9%  10.4 3002s
 118051 100467   57.82551 3627   57  198.78963    4.12460  97.9%  10.4 3132s
 120095 101361   57.82551 3652   57  198.78963    4.12460  97.9%  10.4 3144s
 121134 102302   61.35256 3668   56  198.78963    4.12460  97.9%  10.5 3154s
 122166 102980   61.35256 3677   56  198.78963    4.12460  97.9%  10.5 3161s
 122923 104361   61.41512 3691   59  198.78963    4.12460  97.9%  10.5 3174s
 124358 104903   65.69453 3712   56  198.78963    4.12460  97.9%  10.4 3179s
 124907 106731   65.69453 3718   56  198.78963    4.12460  97.9%  10.4 3191s
 126824 106738     cutoff 3743       198.78963    4.12460  97.9%  10.3 3208s
 126833 106752     cutoff 3744       198.78963    4.12460  97.9%  10.3 3212s
 126942 107495   66.13041 3758   56  198.78963    4.12460  97.9%  10.3 3218s
 127630 107798   70.07404 3776   57  198.78963    4.12460  97.9%  10.3 3222s
 127937 109297   73.69302 3783   55  198.78963    4.12460  97.9%  10.3 3233s
 129452 110357   73.72557 3806   55  198.78963    4.12460  97.9%  10.2 3243s
 130545 111254   76.14629 3832   52  198.78963    4.12460  97.9%  10.2 3253s
 131459 112163   87.51276 3851   50  198.78963    4.12460  97.9%  10.1 3262s
 132394 113024   87.51742 3868   49  198.78963    4.12460  97.9%  10.1 3271s
 133276 114274   96.30769 3884   49  198.78963    4.12460  97.9%  10.1 3403s
 134740 115494     cutoff 3942       198.78963    4.12460  97.9%  10.0 3418s
 136090 116471   96.49962 3989   49  198.78963    4.12460  97.9%  10.0 3428s
 137152 117063   99.85943 4026   48  198.78963    4.12460  97.9%  10.0 3435s
 137956 117926   99.86132 4054   48  198.78963    4.12460  97.9%  10.0 3444s
 138631 117926  187.83070 4395   28  198.78963    4.12460  97.9%  10.0 3445s
 138986 118426  108.49782 4079   45  198.78963    4.12460  97.9%   9.9 3452s
 139530 119265  112.37905 4097   45  198.78963    4.12460  97.9%   9.9 3462s
 140525 119920  100.49742 4122   46  198.78963    4.12460  97.9%   9.9 3471s
 141282 120214  106.77292 4143   46  198.78963    4.12460  97.9%   9.9 3476s
 141617 121156  106.78371 4160   43  198.78963    4.12460  97.9%  10.0 3488s
 142719 122201  113.08663 4184   41  198.78963    4.12460  97.9%   9.9 3499s
 143878 123190  164.19883 4211   41  198.78963    4.12460  97.9%   9.9 3510s
 144918 123428  111.11256 4235   43  198.78963    4.12460  97.9%   9.9 3517s
 145225 123726  124.90710 4251   41  198.78963    4.12460  97.9%  10.0 3521s
 145533 124348  124.90710 4268   41  198.78963    4.12460  97.9%  10.0 3530s
 146279 125007  124.93531 4298   44  198.78963    4.12460  97.9%  10.0 3538s
 147028 125032  141.35647 4318   40  198.78963    4.12460  97.9%  10.1 3542s
 147058 125520  138.19580 4322   41  198.78963    4.12460  97.9%  10.1 3549s
 147618 126369  128.35561 4349   42  198.78963    4.12460  97.9%  10.1 3559s
 148521 127479  128.43148 4370   41  198.78963    4.12460  97.9%  10.1 3690s
 149829 128042  128.48359 4414   42  198.78963    4.12460  97.9%  10.2 3700s
 150471 128475  129.25924 4444   40  198.78963    4.12460  97.9%  10.3 3710s
 151014 130064  135.70858 4459   38  198.78963    4.12460  97.9%  10.3 3729s
 152776 131570  144.98818 4496   38  198.78963    4.12460  97.9%  10.3 3744s
 154351 132654  164.06495 4522   40  198.78963    4.12460  97.9%  10.3 3754s
 155483 133417  129.31869 4546   42  198.78963    4.12460  97.9%  10.3 3763s
 156267 133773  129.32015 4566   41  198.78963    4.12460  97.9%  10.3 3800s
H156340 133773                     198.7832993    4.12460  97.9%  10.3 3800s
 156769 134710  129.38303 4591   41  198.78330    4.12460  97.9%  10.3 3814s
 157623 136104  154.38415 4617   36  198.78330    4.12460  97.9%  10.3 3827s
 159087 137090  136.24919 4648   38  198.78330    4.12460  97.9%  10.3 3839s
 160155 137911  163.98677 4673   34  198.78330    4.12460  97.9%  10.3 3849s
 161045 138688  154.40179 4701   36  198.78330    4.12460  97.9%  10.3 3857s
 161928 138867  159.52942 4730   34  198.78330    4.12460  97.9%  10.3 3862s
 162119 139754     cutoff 4737       198.78330    4.12460  97.9%  10.3 3871s
 163103 141910  155.06681 4765   37  198.78330    4.12460  97.9%  10.3 4007s
 165480 141982  169.57664 4811   34  198.78330    4.12460  97.9%  10.3 4010s
 165570 143031  169.57664 4820   34  198.78330    4.12460  97.9%  10.4 4020s
 166713 144090  172.86250 4858   33  198.78330    4.12460  97.9%  10.4 4030s
 167819 144836  194.83479 4880   31  198.78330    4.12460  97.9%  10.4 4038s
 168606 145864  183.11699 4896   29  198.78330    4.12460  97.9%  10.3 4048s
 169655 146351  179.26609 4914   31  198.78330    4.12460  97.9%  10.3 4054s
 170161 147261  179.26609 4924   31  198.78330    4.12460  97.9%  10.3 4062s
 171099 148281  179.26614 4941   31  198.78330    4.12460  97.9%  10.3 4071s
 172173 149052  187.18244 4958   29  198.78330    4.12460  97.9%  10.2 4078s
 173044 149784     cutoff 4984       198.78330    5.57637  97.2%  10.2 4085s
 173916 150133   16.99025  236  105  198.78330    5.57637  97.2%  10.2 4090s
 174288 150895  110.17729  237   99  198.78330    5.57637  97.2%  10.2 4103s
 175083 151362   19.14369  250   93  198.78330    5.57637  97.2%  10.2 4109s
 175587 151875   20.78820  258   89  198.78330    5.57637  97.2%  10.2 4116s
 176121 152500   22.07578  267   81  198.78330    5.57637  97.2%  10.2 4124s
 176813 152960   22.35617  274   75  198.78330    5.57637  97.2%  10.3 4130s
 177297 153620   22.35617  279   75  198.78330    5.57637  97.2%  10.3 4138s
 178059 155824   22.35617  288   75  198.78330    5.57637  97.2%  10.3 4271s
 180414 155896   27.19539  309   82  198.78330    5.57637  97.2%  10.3 4275s
 180490 156796   42.42388  311   74  198.78330    5.57637  97.2%  10.3 4285s
 181452 157668   27.97549  326   78  198.78330    5.57637  97.2%  10.3 4295s
 182380 158949  131.13896  342   83  198.78330    5.57637  97.2%  10.3 4305s
 183690 159657   33.99384  361   81  198.78330    5.57637  97.2%  10.3 4314s
 184471 160461   38.08277  372   72  198.78330    5.57637  97.2%  10.3 4322s
 185351 161447  108.42277  380   73  198.78330    5.57637  97.2%  10.3 4331s
 186421 162373   40.80062  390   77  198.78330    5.57637  97.2%  10.3 4340s
 187364 162916   43.22311  400   75  198.78330    5.57637  97.2%  10.2 4348s
 187950 163297   45.13172  409   74  198.78330    5.57637  97.2%  10.3 4353s
 188354 163828  146.51037  412   72  198.78330    5.57637  97.2%  10.3 4360s
 188908 164504   45.13460  420   74  198.78330    5.57637  97.2%  10.3 4369s
 189645 165085   48.03481  430   69  198.78330    5.57637  97.2%  10.3 4377s
 190274 165770   48.23125  442   74  198.78330    5.57637  97.2%  10.3 4386s
 191048 166012   48.23125  452   74  198.78330    5.57637  97.2%  10.3 4390s
 191309 166634   48.23125  455   74  198.78330    5.57637  97.2%  10.3 4398s
 192001 167510   57.82345  463   74  198.78330    5.57637  97.2%  10.3 4407s
 192920 169394   51.42785  474   74  198.78330    5.57637  97.2%  10.3 4532s
 194949 170365   55.53355  510   75  198.78330    5.57637  97.2%  10.3 4543s
 195962 170931   56.26641  523   75  198.78330    5.57637  97.2%  10.3 4550s
 196548 171982   56.30760  534   74  198.78330    5.57637  97.2%  10.3 4560s
 197636 172786   59.50779  547   72  198.78330    5.57637  97.2%  10.2 4570s
 198568 173475   66.30372  559   72  198.78330    5.57637  97.2%  10.2 4578s
 199339 174601   58.47558  566   74  198.78330    5.57637  97.2%  10.2 4589s
 200537 175117   58.48669  582   80  198.78330    5.57637  97.2%  10.2 4595s
 201055 175878   61.49306  590   76  198.78330    5.57637  97.2%  10.1 4604s
 201873 176862   62.00040  605   73  198.78330    5.57637  97.2%  10.1 4614s
 202945 177341   62.34207  620   72  198.78330    5.57637  97.2%  10.1 4622s
 203488 177630   62.44554  625   69  198.78330    5.57637  97.2%  10.1 4627s
 203803 178429   62.45326  627   69  198.78330    5.57637  97.2%  10.1 4637s
 204632 178838   63.16190  644   65  198.78330    5.57637  97.2%  10.1 4645s
 205152 179360   63.61315  653   62  198.78330    5.57637  97.2%  10.1 4653s
 205702 179531   63.65892  668   61  198.78330    5.57637  97.2%  10.1 4657s
 205892 179538     cutoff  671       198.78330    5.57637  97.2%  10.1 4676s
 205901 179641 infeasible  672       198.78330    5.57637  97.2%  10.1 4680s
 206023 180067   63.94484  680   59  198.78330    5.57637  97.2%  10.1 4687s
 206498 180708   64.36315  697   58  198.78330    5.57637  97.2%  10.1 4697s
 207234 181141   64.50377  710   57  198.78330    5.57637  97.2%  10.1 4705s
 207713 181956   64.50699  722   57  198.78330    5.57637  97.2%  10.2 4828s
 208725 182488   64.81321  752   59  198.78330    5.57637  97.2%  10.2 4836s
 209319 183683   65.48091  766   57  198.78330    5.57637  97.2%  10.2 4854s
 210629 184894   66.97055  792   54  198.78330    5.57637  97.2%  10.2 4868s
 211916 185905   67.38959  813   53  198.78330    5.57637  97.2%  10.3 4884s
 213029 186552   67.40776  838   55  198.78330    5.57637  97.2%  10.3 4892s
 213694 187864   67.40776  850   55  198.78330    5.57637  97.2%  10.3 4906s
 215043 189519   68.14339  873   53  198.78330    5.57637  97.2%  10.3 4921s
 216725 190382  159.23451  899   59  198.78330    5.57637  97.2%  10.2 4933s
 217643 190929   68.14339  914   53  198.78330    5.57637  97.2%  10.2 4943s
 218272 190936   68.14339  929   55  198.78330    5.57637  97.2%  10.2 4949s
 218281 191043  159.23451  929   55  198.78330    5.57637  97.2%  10.2 4954s
 218394 191399   68.14339  936   55  198.78330    5.57637  97.2%  10.2 4962s
 218760 191979   68.14339  951   55  198.78330    5.57637  97.2%  10.3 4973s
 219382 192554   68.27061  973   57  198.78330    5.57637  97.2%  10.3 4983s
 220046 193139   68.27061  991   55  198.78330    5.57637  97.2%  10.3 4993s
 220697 193738  156.59656 1011   54  198.78330    5.57637  97.2%  10.4 5003s
 221389 194131   68.29972 1025   56  198.78330    5.57637  97.2%  10.4 5012s
 221868 194419  138.56267 1038   50  198.78330    5.57637  97.2%  10.4 5018s
 222217 196117  116.23206 1050   52  198.78330    5.57637  97.2%  10.4 5149s
 224058 196401   74.99010 1094   54  198.78330    5.57637  97.2%  10.4 5184s
 224405 196510   69.79987 1108   56  198.78330    5.57637  97.2%  10.4 5190s
 224560 197413   69.79987 1117   55  198.78330    5.57637  97.2%  10.4 5202s
 225657 198399   69.79987 1143   55  198.78330    5.57637  97.2%  10.4 5217s
 226806 199281   69.79987 1170   55  198.78330    5.57637  97.2%  10.4 5230s
 227834 199798   69.79987 1192   53  198.78330    5.57637  97.2%  10.4 5242s
 228416 200433   69.79987 1212   53  198.78330    5.57637  97.2%  10.4 5255s
 229198 200968   69.83325 1254   56  198.78330    5.57637  97.2%  10.4 5267s
 229820 201437  168.65818 1284   49  198.78330    5.57637  97.2%  10.4 5279s
 230406 201655   69.84555 1298   53  198.78330    5.57637  97.2%  10.5 5286s
 230670 202269   85.81222 1310   55  198.78330    5.57637  97.2%  10.5 5298s
 231413 202915   71.35746 1341   55  198.78330    5.57637  97.2%  10.5 5309s
 232144 203493   71.35746 1366   55  198.78330    5.57637  97.2%  10.5 5320s
 232814 204343   71.35746 1387   55  198.78330    5.57637  97.2%  10.5 5330s
 233727 205076   71.35746 1409   55  198.78330    5.57637  97.2%  10.5 5341s
 234508 206675   76.09886 1425   55  198.78330    5.57637  97.2%  10.5 5359s
 236195 207907   71.36610 1451   54  198.78330    5.57637  97.2%  10.5 5373s
 237522 210029   71.36610 1472   54  198.78330    5.57637  97.2%  10.5 5497s
 239806 210695   71.36610 1511   56  198.78330    5.57637  97.2%  10.4 5506s
 240489 210816   71.38808 1528   60  198.78330    5.57637  97.2%  10.4 5510s
 240617 211462   71.38866 1534   60  198.78330    5.57637  97.2%  10.4 5519s
 241295 212169  168.14723 1550   57  198.78330    5.57637  97.2%  10.4 5528s
 242047 212682   71.40140 1566   57  198.78330    5.57637  97.2%  10.4 5537s
 242599 213522   71.54541 1584   60  198.78330    5.57637  97.2%  10.4 5547s
 243492 214213   71.62424 1602   59  198.78330    5.57637  97.2%  10.3 5556s
 244333 214821     cutoff 1631       198.78330    5.57637  97.2%  10.3 5566s
 245081 215007   71.86391 1660   56  198.78330    5.57637  97.2%  10.3 5571s
 245306 215760  168.28006 1667   53  198.78330    5.57637  97.2%  10.3 5581s
 246244 216641   72.03851 1689   57  198.78330    5.57637  97.2%  10.3 5591s
 247271 217135  165.81481 1708   54  198.78330    5.57637  97.2%  10.3 5599s
 247313 217135   90.00823 3032   51  198.78330    5.57637  97.2%  10.3 5600s
 247899 218005   72.10546 1731   58  198.78330    5.57637  97.2%  10.3 5610s
 248908 218747   72.13933 1749   57  198.78330    5.57637  97.2%  10.3 5620s
 249768 218754   72.92327 1766   54  198.78330    5.57637  97.2%  10.2 5627s
 249776 218865   81.45070 1766   52  198.78330    5.57637  97.2%  10.2 5631s
 249887 219542   91.02510 1775   49  198.78330    5.57637  97.2%  10.2 5639s
 250622 220845   73.06959 1799   53  198.78330    5.57637  97.2%  10.2 5651s
 252024 222967   73.06959 1827   53  198.78330    5.57637  97.2%  10.2 5778s
 254262 223388   75.94749 1868   52  198.78330    5.57637  97.2%  10.1 5785s
 254732 223836   75.94749 1877   52  198.78330    5.57637  97.2%  10.1 5790s
 255185 224624   75.94749 1885   52  198.78330    5.57637  97.2%  10.1 5799s
 256046 225153  167.93735 1920   51  198.78330    5.57637  97.2%  10.1 5807s
 256668 225825   76.11830 1940   54  198.78330    5.57637  97.2%  10.1 5815s
 257465 226859   92.02234 1966   48  198.78330    5.57637  97.2%  10.1 5824s
 258600 227150   76.29341 1992   50  198.78330    5.57637  97.2%  10.1 5830s
 258942 227650   76.29341 2008   50  198.78330    5.57637  97.2%  10.1 5839s
 259595 228378   76.29341 2023   50  198.78330    5.57637  97.2%  10.0 5848s
 260417 228737   76.29341 2044   50  198.78330    5.57637  97.2%  10.1 5854s
 260824 229423   76.29341 2055   50  198.78330    5.57637  97.2%  10.1 5864s
 261655 230160   76.29341 2080   51  198.78330    5.57637  97.2%  10.1 5873s
 262518 230756  168.57490 2111   49  198.78330    5.57637  97.2%  10.1 5883s
 263273 231019   83.52281 2133   47  198.78330    5.57637  97.2%  10.1 5890s
 263687 231993   83.52281 2164   47  198.78330    5.57637  97.2%  10.1 5902s
 264839 231993     cutoff 2200       198.78330    5.57637  97.2%  10.1 5920s
 264971 232524   93.11330 2213   49  198.78330    5.57637  97.2%  10.1 5930s
 265447 233365  105.30847 2231   47  198.78330    5.57637  97.2%  10.1 5940s
 266379 233913   96.70723 2252   47  198.78330    5.57637  97.2%  10.0 5948s
 267034 235761   96.70744 2271   47  198.78330    5.57637  97.2%  10.0 6067s
 269094 236116  106.60831 2310   44  198.78330    5.57637  97.2%  10.0 6072s
 269462 236921   96.74935 2321   47  198.78330    5.57637  97.2%  10.0 6081s
 270339 237430   96.74935 2338   47  198.78330    5.57637  97.2%  10.0 6088s
 270878 237588   96.75612 2351   47  198.78330    5.57637  97.2%  10.0 6093s
 271052 238672   96.75612 2360   47  198.78330    5.57637  97.2%  10.0 6103s
 272180 239419   96.80646 2385   47  198.78330    5.57637  97.2%  10.0 6113s
 273022 240119   96.80646 2404   47  198.78330    5.57637  97.2%  10.0 6122s
 273781 240652  105.69934 2419   44  198.78330    5.57637  97.2%  10.0 6129s
 274343 241335  144.44446 2435   45  198.78330    5.57637  97.2%  10.0 6138s
 275095 241782   97.27310 2454   47  198.78330    5.57637  97.2%  10.0 6143s
 275603 242632   97.27310 2466   47  198.78330    5.57637  97.2%  10.0 6154s
 276557 243206  105.91231 2494   45  198.78330    5.57637  97.2%  10.0 6163s
 277202 243845  105.93086 2513   45  198.78330    5.57637  97.2%  10.0 6172s
 277889 244343  110.92768 2533   45  198.78330    5.57637  97.2%  10.0 6179s
 278439 244795  117.99176 2546   45  198.78330    5.57637  97.2%  10.0 6186s
 278944 245384  117.99176 2562   45  198.78330    5.57637  97.2%  10.0 6195s
 279640 246045  117.99176 2583   43  198.78330    5.57637  97.2%  10.0 6206s
 280379 246582  118.34443 2610   43  198.78330    5.57637  97.2%  10.0 6216s
 281040 247028  119.39275 2636   43  198.78330    5.57637  97.2%  10.0 6224s
 281589 248831  174.42202 2654   38  198.78330    5.57637  97.2%   9.9 6354s
 283640 249420  178.42702 2692   36  198.78330    5.57637  97.2%   9.9 6360s
 284370 249903  178.42702 2708   36  198.78330    5.57637  97.2%   9.9 6366s
 285114 250397     cutoff 2731       198.78330    5.57637  97.2%   9.9 6375s
 285569 251188  184.68947 2748   34  198.78330    5.57637  97.2%   9.9 6385s
 286531 251784  178.60662 2773   36  198.78330    5.57637  97.2%   9.9 6398s
 287229 252016     cutoff 2798       198.78330    5.57637  97.2%   9.9 6403s
 287523 252621     cutoff 2817       198.78330    5.57637  97.2%   9.9 6413s
 288280 252997  178.69890 2847   36  198.78330    5.78093  97.1%  10.0 6420s
 288735 254029   24.20083 1081   98  198.78330    5.78093  97.1%  10.0 6434s
 289418 254029   70.87815  616   51  198.78330    5.78093  97.1%  10.0 6435s
 289970 254458   76.02620 1484   51  198.78330    5.78093  97.1%  10.1 6444s
 290492 255738   78.14789 1753   50  198.78330    5.78093  97.1%  10.1 6456s
 291952 256875  100.75630 2304   43  198.78330    5.78093  97.1%  10.1 6470s
 293315 257627  113.82159 2616   36  198.78330    5.78093  97.1%  10.1 6481s
 294130 258383  124.18217 2724   36  198.78330    5.78093  97.1%  10.1 6493s
 295073 259819  181.00427 2813   34  198.78330    5.78093  97.1%  10.2 6511s
 296636 261472   86.20798  821   63  198.78330    5.78093  97.1%  10.2 6646s
 298563 263050  115.47014 1223   45  198.78330    5.78093  97.1%  10.1 6663s
 300370 264012  129.11489 1697   40  198.78330    5.78093  97.1%  10.1 6675s
 301531 264496  150.79585 1867   32  198.78330    5.78093  97.1%  10.1 6682s
 302088 265404  165.49041 1984   32  198.78330    5.78093  97.1%  10.1 6692s
 303105 266449  179.17365 2111   28  198.78330    5.78093  97.1%  10.1 6705s
 304359 267425   86.52306  816   65  198.78330    5.78093  97.1%  10.1 6718s
 305496 268640  106.28813 1009   64  198.78330    5.78093  97.1%  10.1 6732s
 306896 269348  116.80915 1252   58  198.78330    5.78093  97.1%  10.1 6742s
 307741 269839  120.07343 1405   51  198.78330    5.78093  97.1%  10.1 6751s
 308264 270947  121.42370 1625   54  198.78330    5.78093  97.1%  10.1 6765s
 309577 272102  126.57139 1921   57  198.78330    5.78093  97.1%  10.1 6778s
 310862 272639  136.15051 2081   50  198.78330    5.78093  97.1%  10.1 6787s
 311475 273264  139.24069 2192   50  198.78330    5.78093  97.1%  10.1 6950s
 312327 276232  191.52261 2301   49  198.78330    5.78093  97.1%  10.2 7005s
 315731 279071   69.19142  502   67  198.78330    5.78093  97.1%  10.2 7045s
 319055 281068   76.99356 1503   54  198.78330    5.78093  97.1%  10.2 7075s
 321432 282218   89.45123 2136   48  198.78330    5.78093  97.1%  10.2 7097s
 322888 282223  105.22015 2373   44  198.78330    5.78093  97.1%  10.3 7112s
 322898 282957  105.22015 2374   44  198.78330    5.78093  97.1%  10.3 7128s
 324024 284048  181.44935 2604   39  198.78330    5.78093  97.1%  10.3 7147s
 325355 286141  104.50518  880   62  198.78330    5.78093  97.1%  10.3 7175s

Cutting planes:
  Gomory: 73
  Implied bound: 239
  Projected implied bound: 239
  MIR: 41
  Flow cover: 362
  Relax-and-lift: 3305

Explored 327985 nodes (3387402 simplex iterations) in 7200.55 seconds (8341.68 work units)
Thread count was 16 (of 16 available processors)

Solution count 10: 198.783 198.79 198.79 ... 198.805

Time limit reached
Best objective 1.987832993043e+02, best bound 5.780933333332e+00, gap 97.0918%

User-callback calls 1173205, time in user-callback 7.48 sec
