
Gurobi 10.0.1 (win64) logging started Sun Sep 21 16:24:20 2025

Set parameter LogFile to value "log_group_6/bound_Expr328_s7_l1051_s11_e12_o40_d80_t60_s33_0_0_0_0.log"
Gurobi Optimizer version 10.0.1 build v10.0.1rc0 (win64)

CPU model: Intel(R) Core(TM) i7-10700 CPU @ 2.90GHz, instruction set [SSE2|AVX|AVX2]
Thread count: 8 physical cores, 16 logical processors, using up to 16 threads

Optimize a model with 575203 rows, 574470 columns and 4598166 nonzeros
Model fingerprint: 0xb10302c6
Variable types: 470 continuous, 574000 integer (574000 binary)
Coefficient statistics:
  Matrix range     [6e-01, 9e+02]
  Objective range  [1e+00, 1e+00]
  Bounds range     [1e+00, 1e+03]
  RHS range        [1e+00, 9e+02]
Presolve removed 557670 rows and 557630 columns
Presolve time: 2.27s
Presolved: 17533 rows, 16840 columns, 115857 nonzeros
Variable types: 390 continuous, 16450 integer (16450 binary)
Found heuristic solution: objective 916.2373667
Deterministic concurrent LP optimizer: primal and dual simplex
Showing first log only...

Concurrent spin time: 0.03s

Solved with primal simplex

Root relaxation: objective 0.000000e+00, 862 iterations, 0.16 seconds (0.24 work units)

    Nodes    |    Current Node    |     Objective Bounds      |     Work
 Expl Unexpl |  Obj  Depth IntInf | Incumbent    BestBd   Gap | It/Node Time

     0     0    0.00000    0   80  916.23737    0.00000   100%     -    3s
H    0     0                     688.5612000    0.00000   100%     -    3s
     0     0    0.00000    0  104  688.56120    0.00000   100%     -    4s
H    0     0                     288.8046000    0.00000   100%     -    5s
     0     0    0.00000    0   99  288.80460    0.00000   100%     -    5s
H    0     0                     263.3716000    0.00000   100%     -    7s
     0     0    0.00000    0   80  263.37160    0.00000   100%     -    7s
H    0     0                     263.1898000    0.00000   100%     -    8s
H    0     0                     256.8386000    0.00000   100%     -    8s
     0     0    0.00000    0   80  256.83860    0.00000   100%     -    8s
H    0     0                     256.5542000    0.00000   100%     -    9s
     0     0    0.00000    0   81  256.55420    0.00000   100%     -    9s
     0     0    0.00000    0   82  256.55420    0.00000   100%     -   10s
     0     0    0.00000    0   81  256.55420    0.00000   100%     -   11s
     0     0    0.00000    0   81  256.55420    0.00000   100%     -   11s
     0     2    0.00000    0   81  256.55420    0.00000   100%     -   13s
H   29    15                     256.4354000    0.00000   100%   148   14s
H   31    15                     253.0147000    0.00000   100%   148   14s
H   33    15                     249.7111000    0.00000   100%   143   14s
H   34    18                     249.3208000    0.00000   100%   139   16s
H   37    18                     248.8215000    0.00000   100%   133   16s
   294   136    0.00000   38   89  248.82150    0.00000   100%  45.5   20s
H  307   136                     247.9834000    0.00000   100%  44.4   20s
H  327   139                     247.9833998    0.00000   100%  42.6   21s
H  330   139                     245.8622000    0.00000   100%  43.1   21s
H  331   139                     244.9840000    0.00000   100%  43.3   21s
   863   460    0.00000   87   83  244.98400    0.00000   100%  25.5   25s
  1771   818    0.00000  166   81  244.98400    0.00000   100%  15.9   30s
H 2078   947                     244.9839998    0.00000   100%  14.4   32s
H 2081   947                     244.9839962    0.00000   100%  14.6   32s
H 2082   947                     244.7608000    0.00000   100%  14.5   32s
  2416  1383    0.00000  233   82  244.76080    0.00000   100%  13.2   35s
H 3639  2112                     244.6492000    0.00000   100%  10.9   38s
  3864  2469    0.00000  437   82  244.64920    0.00000   100%  10.7   42s
H 3992  2469                     244.5937000    0.00000   100%  10.7   42s
  5242  3005    0.00000  534   80  244.59370    0.00000   100%   9.6   46s
H 5243  3005                     244.5502000    0.00000   100%   9.6   46s
  6309  4601    0.00000  642   80  244.55020    0.00000   100%   8.9   52s

Cutting planes:
  Gomory: 4
  Implied bound: 150
  MIR: 25
  RLT: 7
  Relax-and-lift: 1013

Explored 7438 nodes (80146 simplex iterations) in 60.13 seconds (60.80 work units)
Thread count was 16 (of 16 available processors)

Solution count 10: 244.55 244.594 244.649 ... 248.821

Time limit reached
Best objective 2.445502000000e+02, best bound 0.000000000000e+00, gap 100.0000%

User-callback calls 22350, time in user-callback 0.06 sec
