
Gurobi 10.0.1 (win64) logging started Sat Sep 20 16:18:59 2025

Set parameter LogFile to value "log_group_6/bound_Expr65_s10_l1051_s11_e12_o100_d200_t7200_s65_0_0_0_0.log"
Gurobi Optimizer version 10.0.1 build v10.0.1rc0 (win64)

CPU model: Intel(R) Core(TM) i7-10700 CPU @ 2.90GHz, instruction set [SSE2|AVX|AVX2]
Thread count: 8 physical cores, 16 logical processors, using up to 16 threads

Optimize a model with 4051890 rows, 4050800 columns and 32374880 nonzeros
Model fingerprint: 0x64d0c963
Variable types: 800 continuous, 4050000 integer (4050000 binary)
Coefficient statistics:
  Matrix range     [1e+00, 9e+02]
  Objective range  [1e+00, 1e+00]
  Bounds range     [1e+00, 1e+03]
  RHS range        [1e+00, 9e+02]
Presolve removed 0 rows and 100 columns (presolve time = 5s) ...
Presolve removed 3996300 rows and 3996200 columns (presolve time = 10s) ...
Presolve removed 3996790 rows and 3996200 columns (presolve time = 15s) ...
Presolve removed 3996300 rows and 3995710 columns
Presolve time: 16.10s
Presolved: 55590 rows, 55090 columns, 326460 nonzeros
Variable types: 600 continuous, 54490 integer (54490 binary)
Found heuristic solution: objective 17326.497067
Found heuristic solution: objective 3015.5716333
Deterministic concurrent LP optimizer: primal and dual simplex
Showing first log only...


Root simplex log...

Iteration    Objective       Primal Inf.    Dual Inf.      Time
       0   -6.9156000e+04   1.869734e+04   5.885682e+08     20s
    5200   -6.9156000e+04   8.850944e+01   1.738734e+09     20s
    8367    7.4844000e+04   0.000000e+00   1.448000e+03     21s
    8838    0.0000000e+00   0.000000e+00   0.000000e+00     21s
Concurrent spin time: 0.23s

Solved with primal simplex

Root relaxation: objective 0.000000e+00, 8838 iterations, 1.50 seconds (3.16 work units)
Total elapsed time = 26.46s

    Nodes    |    Current Node    |     Objective Bounds      |     Work
 Expl Unexpl |  Obj  Depth IntInf | Incumbent    BestBd   Gap | It/Node Time

     0     0    0.00000    0  313 3015.57163    0.00000   100%     -   29s
H    0     0                    2527.6727934    0.00000   100%     -   33s
     0     0    0.00000    0  420 2527.67279    0.00000   100%     -   38s
H    0     0                    1221.7900000    0.00000   100%     -   47s
H    0     0                    1081.7520667    0.00000   100%     -   52s
     0     0    0.00000    0  375 1081.75207    0.00000   100%     -   52s
H    0     0                     989.8110667    0.00000   100%     -   85s
H    0     0                     844.4860724    0.00000   100%     -   85s
H    0     0                     826.3609674    0.00000   100%     -   85s
     0     0    0.00000    0  308  826.36097    0.00000   100%     -   86s
     0     0    0.00000    0  339  826.36097    0.00000   100%     -   91s
H    0     0                     823.3508402    0.00000   100%     -  120s
H    0     0                     822.8217667    0.00000   100%     -  121s
H    0     0                     821.2003663    0.00000   100%     -  121s
     0     0    0.00000    0  313  821.20037    0.00000   100%     -  121s
H    0     0                     760.7221658    0.00000   100%     -  143s
     0     0    0.00000    0  342  760.72217    0.00000   100%     -  144s
     0     0    0.00000    0  306  760.72217    0.00000   100%     -  164s
     0     0    0.00000    0  336  760.72217    0.00000   100%     -  169s
H    0     0                     757.6231667    0.00000   100%     -  196s
     0     0    0.00000    0  311  757.62317    0.00000   100%     -  202s
H    0     0                     757.6231660    0.00000   100%     -  209s
     0     0    0.00000    0  305  757.62317    0.00000   100%     -  215s
H    0     0                     755.5386264    0.00000   100%     -  226s
H    0     0                     745.6923667    0.00000   100%     -  241s
     0     2    0.00000    0  305  745.69237    0.00000   100%     -  251s
     7    16    0.00000    3  286  745.69237    0.00000   100%  2027  257s
    15    24    0.00000    4  349  745.69237    0.00000   100%  1398  267s
H   31    40                     739.6322651    0.00000   100%  1359  305s
H   36    40                     739.3517657    0.00000   100%  1186  305s
    47    59    0.00000    8  347  739.35177    0.00000   100%   931  310s
    77    90    0.00000   11  345  739.35177    0.00000   100%   586  318s
    89   102    0.00000   13  344  739.35177    0.00000   100%   511  321s
   101   111    0.00000   15  342  739.35177    0.00000   100%   454  330s
   126   142    0.00000   18  326  739.35177    0.00000   100%   369  336s
H  141   150                     739.3517642    0.00000   100%   332  344s
H  143   150                     739.3415355    0.00000   100%   328  344s
H  145   150                     739.2803662    0.00000   100%   324  344s
   149   167    0.00000   20  329  739.28037    0.00000   100%   317  348s
   166   181    0.00000   21  328  739.28037    0.00000   100%   286  351s
H  180   189                     739.2700237    0.00000   100%   265  366s
H  182   189                     739.2496969    0.00000   100%   262  366s
   188   209    0.00000   23  330  739.24970    0.00000   100%   255  370s
   225   247    0.00000   27  326  739.24970    0.00000   100%   216  377s
   246   267    0.00000   28  327  739.24970    0.00000   100%   199  381s
   266   286    0.00000   29  324  739.24970    0.00000   100%   187  385s
   285   308    0.00000   31  329  739.24970    0.00000   100%   175  390s
   331   360    0.00000   34  329  739.24970    0.00000   100%   152  398s
   359   385    0.00000   36  329  739.24970    0.00000   100%   141  403s
   384   417    0.00000   39  328  739.24970    0.00000   100%   132  407s
   416   448    0.00000   42  329  739.24970    0.00000   100%   122  412s
   447   488    0.00000   44  329  739.24970    0.00000   100%   115  417s
   487   529    0.00000   46  330  739.24970    0.00000   100%   106  432s
H  519   529                     739.2395657    0.00000   100%   100  432s
   528   579    0.00000   48  331  739.23957    0.00000   100%  98.8  437s
   578   620    0.00000   50  331  739.23957    0.00000   100%  90.7  443s
   619   671    0.00000   52  331  739.23957    0.00000   100%  85.2  449s
   670   718    0.00000   56  331  739.23957    0.00000   100%  79.2  455s
H  717   726                     739.2395639    0.00000   100%  74.5  475s
H  718   726                     739.0736561    0.00000   100%  74.4  475s
H  725   734                     739.0736551    0.00000   100%  73.7  499s
H  726   734                     739.0721867    0.00000   100%  73.6  499s
   733   798    0.00000   62  332  739.07219    0.00000   100%  73.1  506s
   797   874    0.00000   65  329  739.07219    0.00000   100%  68.1  513s
   873   946    0.00000   68  325  739.07219    0.00000   100%  62.9  532s
H  884   946                     739.0712258    0.00000   100%  62.1  532s
   945  1098    0.00000   70  326  739.07123    0.00000   100%  58.6  540s
  1097  1262    0.00000   74  326  739.07123    0.00000   100%  51.3  548s
  1261  1383    0.00000   78  324  739.07123    0.00000   100%  45.4  555s
  1382  1535    0.00000   90  327  739.07123    0.00000   100%  42.1  564s
  1534  1716    0.00000  106  328  739.07123    0.00000   100%  38.7  572s
  1715  1911    0.00000  128  331  739.07123    0.00000   100%  35.5  582s
  1910  2064    0.00000  148  333  739.07123    0.00000   100%  32.6  595s
  2063  2343    0.00000  171  330  739.07123    0.00000   100%  30.7  608s
  2342  2642    0.00000  202  332  739.07123    0.00000   100%  27.9  623s
  2641  2957    0.00000  238  332  739.07123    0.00000   100%  25.9  639s
  2956  3345    0.00000  279  335  739.07123    0.00000   100%  24.1  658s
  3344  3504    0.00000  309  330  739.07123    0.00000   100%  22.1  675s
  3503  4137    0.00000  389  337  739.07123    0.00000   100%  21.3  702s
  4136  4145    0.00000  470  332  739.07123    0.00000   100%  19.1  735s
  4144  4727    0.00000  471  330  739.07123    0.00000   100%  19.1  764s
  4726  5457    0.00000  544  331  739.07123    0.00000   100%  18.3  796s
  5456  6386    0.00000  615  338  739.07123    0.00000   100%  16.8  833s
  6385  7504    0.00000  709  336  739.07123    0.00000   100%  15.3  872s
  7504  7505  310.63067  299  305  739.07123    0.00000   100%  13.9  985s
  7506  7506  168.84233  506  298  739.07123    0.00000   100%  13.9 1026s
  7507  7507  270.34323  372  283  739.07123    0.00000   100%  13.9 1147s
  7508  7508  297.34273  162  325  739.07123    0.00000   100%  13.9 1160s
  7509  7508    0.00000  431  283  739.07123    0.00000   100%  13.9 1198s
  7510  7509  126.66417  427  303  739.07123    0.00000   100%  13.9 1209s
  7511  7510   86.14163   11  279  739.07123    0.00000   100%  13.9 1277s
  7512  7510  126.66417  414  308  739.07123    0.00000   100%  13.9 1288s
  7513  7511  278.30367  224  291  739.07123    0.00000   100%  13.9 1391s
  7514  7512   86.14163   84  300  739.07123    0.00000   100%  13.9 1404s
  7515  7512  181.43393  495  283  739.07123    0.00000   100%  13.9 1463s
  7516  7513  148.88037  509  283  739.07123    0.00000   100%  13.9 1476s
  7517  7514  181.43393 1239  283  739.07123    0.00000   100%  13.8 1532s
  7518  7517    0.00000   14  268  739.07123    0.00000   100%  31.2 1614s
  7520  7521    0.00000   15  268  739.07123    0.00000   100%  31.3 1618s
  7524  7527    0.00000   16  261  739.07123    0.00000   100%  31.5 1623s
  7532  7533    0.00000   17  262  739.07123    0.00000   100%  31.5 1625s
  7548  7543    0.00000   18  296  739.07123    0.00000   100%  31.8 1635s
  7564  7554    0.00000   19  294  739.07123    0.00000   100%  31.9 1641s
  7572  7559   81.45933   19  325  739.07123    0.00000   100%  32.1 1645s
  7588  7571   79.77437   20  291  739.07123    0.00000   100%  32.1 1650s
  7613  7589    0.00000   22  291  739.07123    0.00000   100%  32.2 1657s
  7623  7593  146.14503   22  292  739.07123    0.00000   100%  32.2 1664s
  7631  7600    0.00000   23  291  739.07123    0.00000   100%  32.2 1667s
  7640  7610   92.37333   23  289  739.07123    0.00000   100%  32.2 1670s
  7667  7623  253.25787   24  288  739.07123    0.00000   100%  32.2 1824s
  7675  7631    0.00000   25  288  739.07123    0.00000   100%  32.2 1827s
  7686  7644  243.13287   25  298  739.07123    0.00000   100%  32.2 1832s
  7703  7647    0.00000   26  289  739.07123    0.00000   100%  32.2 1840s
  7711  7663  245.63547   26  285  739.07123    0.00000   100%  32.2 1845s
  7748  7686  121.50227   28  288  739.07123    0.00000   100%  32.2 1855s
  7765  7701   75.28320   29  293  739.07123    0.00000   100%  32.3 1860s
  7786  7713  141.41863   30  285  739.07123    0.00000   100%  32.3 1867s
  7805  7734    0.00000   31  296  739.07123    0.00000   100%  32.4 1872s
  7832  7743    0.00000   32  297  739.07123    0.00000   100%  32.3 1878s
  7850  7765  142.47907   32  294  739.07123    0.00000   100%  32.4 1883s
  7878  7764  254.90457   33  293  739.07123    0.00000   100%  32.5 1897s
  7887  7792    0.00000   34  295  739.07123    0.00000   100%  32.4 1903s
  7918  7812  202.97973   35  298  739.07123    0.00000   100%  32.4 1909s
  7948  7829    0.00000   37  294  739.07123    0.00000   100%  32.4 1915s
  7975  7830  252.76547   38  291  739.07123    0.00000   100%  32.4 1924s
  7985  7863    0.00000   39  290  739.07123    0.00000   100%  32.4 1932s
  8021  7882    0.00000   41  290  739.07123    0.00000   100%  32.4 1939s
  8052  7901  193.43210   42  300  739.07123    0.00000   100%  32.4 1948s
  8082  7907    0.00000   44  290  739.07123    0.00000   100%  32.5 1956s
  8098  7934    0.00000   45  287  739.07123    0.00000   100%  32.5 1964s
  8130  7956    0.00000   47  287  739.07123    0.00000   100%  32.5 1973s
  8163  7982  172.48293   48  291  739.07123    0.00000   100%  32.6 1982s
  8200  7990    0.00000   50  291  739.07123    0.00000   100%  32.6 1991s
  8220  8058    0.00000   51  292  739.07123    0.00000   100%  32.7 2001s
  8295  8128    0.00000   53  291  739.07123    0.00000   100%  32.7 2011s
  8390  8183  157.83190   55  294  739.07123    0.00000   100%  32.6 2022s
  8476  8241  191.58200   57  293  739.07123    0.00000   100%  32.7 2033s
  8563  8277    0.00000   60  293  739.07123    0.00000   100%  32.7 2045s
  8628  8327    0.00000   62  292  739.07123    0.00000   100%  32.6 2056s
  8700  8362   39.56833   64  298  739.07123    0.00000   100%  32.8 2068s
  8759  8438    0.00000   66  292  739.07123    0.00000   100%  32.8 2080s
  8854  8430  147.73983   68  299  739.07123    0.00000   100%  32.7 2212s
  8878  8515    0.00000   70  297  739.07123    0.00000   100%  32.7 2225s
  8971  8574    0.00000   71  297  739.07123    0.00000   100%  32.8 2240s
  9061  8663    0.00000   76  300  739.07123    0.00000   100%  32.9 2256s
  9180  8768    0.00000   81  301  739.07123    0.00000   100%  32.9 2272s
  9325  8891    0.00000   89  299  739.07123    0.00000   100%  32.6 2287s
  9496  8980  193.43210   94  302  739.07123    0.00000   100%  32.4 2303s
  9642  9083  243.84827   98  301  739.07123    0.00000   100%  32.2 2318s
  9794  9205    0.00000  105  302  739.07123    0.00000   100%  32.1 2335s
  9966  9276    0.00000  110  301  739.07123    0.00000   100%  31.9 2352s
 10095  9403    0.00000  114  305  739.07123    0.00000   100%  31.8 2369s
 10265  9470    0.00000  117  309  739.07123    0.00000   100%  31.6 2387s
 10388  9626  145.48703  122  310  739.07123    0.00000   100%  31.6 2406s
 10585  9792    0.00000  130  313  739.07123    0.00000   100%  31.5 2426s
 10817  9942   91.18157  138  299  739.07123    0.00000   100%  31.2 2446s
 11044 10130    0.00000  145  306  739.07123    0.00000   100%  31.0 2468s
 11308 10311    0.00000  155  307  739.07123    0.00000   100%  30.6 2490s
 11577 10519    0.00000  161  304  739.07123    0.00000   100%  30.3 2516s
 11875 10768    0.00000  169  297  739.07123    0.00000   100%  29.9 2542s
 12223 10660    0.00000  176  298  739.07123    0.00000   100%  29.6 2679s
 12231 10985  199.12150  176  299  739.07123    0.00000   100%  29.6 2704s
 12559 11155   87.54437  182  303  739.07123    0.00000   100%  29.2 2731s
 12838 11382  197.57647  187  303  739.07123    0.00000   100%  29.0 2758s
 13158 11597  138.71757  193  311  739.07123    0.00000   100%  28.7 2788s
 13480 11894    0.00000  199  298  739.07123    0.00000   100%  28.4 2817s
 13884 11900   68.71823  204  313  739.07123    0.00000   100%  28.0 2880s
 14025 12313    0.00000  210  300  739.07123    0.00000   100%  28.0 2912s
 14485 12651    0.00000  215  316  739.07123    0.00000   100%  27.6 2948s
 14976 13629    0.00000  232  310  739.07123    0.00000   100%  27.2 3161s
 16118 13525    0.00000  254  299  739.07123    0.00000   100%  26.1 3183s
 16394 13725    0.00000  259  298  739.07123    0.00000   100%  25.9 3202s
 16686 13913   53.27770  263  301  739.07123    0.00000   100%  25.7 3224s
 16972 14212    0.00000  269  300  739.07123    0.00000   100%  25.5 3246s
 17366 14516    0.00000  275  299  739.07123    0.00000   100%  25.2 3274s
 17801 14830    0.00000  284  310  739.07123    0.00000   100%  24.8 3298s
 18260 15024    0.00000  290  313  739.07123    0.00000   100%  24.4 3327s
 18607 15305    0.00000  299  307  739.07123    0.00000   100%  24.2 3354s
 19004 15563    0.00000  309  309  739.07123    0.00000   100%  24.0 3385s
 19394 16025  173.18627  316  305  739.07123    0.00000   100%  23.8 3416s
 19997 16313   81.43087  341  299  739.07123    0.00000   100%  23.4 3451s
 20536 16615    0.00000  355  305  739.07123    0.00000   100%  23.1 3481s
 21112 16908   40.19470  372  310  739.07123    0.00000   100%  22.8 3520s
 21652 17417    0.00000  412  305  739.07123    0.00000   100%  22.5 3555s
 22400 17742    0.00000  455  319  739.07123    0.00000   100%  22.2 3599s
 22978 17559    0.00000  500  317  739.07123    0.00000   100%  21.9 3738s
 22988 18250  103.22853  500  312  739.07123    0.00000   100%  21.9 3777s
 23698 18881    0.00000  543  323  739.07123    0.00000   100%  21.6 3828s
 24566 18600    0.00000  593  318  739.07123    0.00000   100%  21.2 4021s
H24567 18223                     739.0613780    0.00000   100%  21.2 4022s
 24574 19076   76.48887  593  312  739.06138    0.00000   100%  21.2 4064s
 25441 19977    0.00000  657  313  739.06138    0.00000   100%  20.8 4113s
 26631 20688    0.00000  720  316  739.06138    0.00000   100%  20.1 4181s
 27745 21346    0.00000  788  326  739.06138    0.00000   100%  19.7 4231s
 28806 22289    0.00000  896  324  739.06138    0.00000   100%  19.3 4301s
 30103 24512    0.00000  985  323  739.06138    0.00000   100%  18.8 6097s
 32367 25333  192.18503 1126  324  739.06138    0.00000   100%  18.0 6145s
 33188 26002  209.89407 1166  323  739.06138    0.00000   100%  17.8 6169s
 33857 26628    0.00000 1226  325  739.06138    0.00000   100%  17.6 6213s
 34483 27576    0.01032 1256  368  739.06138    0.01032   100%  17.4 6237s
 35432 28218    0.01555 1267  350  739.06138    0.01555   100%  17.2 6276s
 36074 28881    7.13530 1279  324  739.06138    0.02895   100%  17.0 6300s
 36737 29854    0.07204 1301  329  739.06138    0.07204   100%  16.9 6349s
 37710 30737    0.11052 1345  327  739.06138    0.11052   100%  16.6 6378s
 38593 31533  129.03129 1432  327  739.06138    0.11052   100%  16.4 6430s
 39389 32442    0.11052 1481  329  739.06138    0.11052   100%  16.2 6453s
 40299 33096    0.14880 1491  330  739.06138    0.14880   100%  16.0 6500s
 40953 33948    0.15303 1498  330  739.06138    0.15303   100%  15.9 6525s
 41805 34678   40.21733 1525  326  739.06138    0.32159   100%  15.8 6583s
 42535 35744  250.62580 1553  323  739.06138    4.53157  99.4%  15.6 6611s
 43606 36475    7.13530 1603  325  739.06138    4.53157  99.4%  15.4 6665s
 44337 37152    7.13530 1619  327  739.06138    4.53157  99.4%  15.3 6692s
 45017 38696    7.13530 1681  329  739.06138    4.53157  99.4%  15.2 6952s
 46577 38848  139.34030 1789  319  739.06138    4.53157  99.4%  15.3 6979s
 46734 39010    7.13530 1802  324  739.06138    4.53157  99.4%  15.3 7016s
 46898 39567  155.78740 1815  317  739.06138    4.53157  99.4%  15.3 7052s
 47460 40872    7.13530 1845  321  739.06138    4.53157  99.4%  15.3 7132s
 48872 42051  187.14890 1975  321  739.06138    4.53157  99.4%  15.1 7184s
 50114 42058    7.13530 2117  325  739.06138    4.53157  99.4%  15.0 7200s

Cutting planes:
  Gomory: 22
  Implied bound: 563
  Projected implied bound: 829
  MIR: 61
  Flow cover: 696
  RLT: 1
  Relax-and-lift: 9818

Explored 50123 nodes (843046 simplex iterations) in 7204.15 seconds (7891.31 work units)
Thread count was 16 (of 16 available processors)

Solution count 10: 739.061 739.071 739.072 ... 739.342

Time limit reached
Best objective 7.390613779754e+02, best bound 4.531566666672e+00, gap 99.3868%

User-callback calls 724348, time in user-callback 4.83 sec
