
Gurobi 10.0.0 (win64) logging started Sun Sep 21 03:10:07 2025

Set parameter LogFile to value "log_group_6/bound_Expr182_s3_l1051_s11_e12_o10_d20_t7200_s2_1_1_1_0.log"
Gurobi Optimizer version 10.0.0 build v10.0.0rc2 (win64)

CPU model: Intel(R) Core(TM) i7-10700 CPU @ 2.90GHz, instruction set [SSE2|AVX|AVX2]
Thread count: 8 physical cores, 16 logical processors, using up to 16 threads

Optimize a model with 12864 rows, 12180 columns and 158714 nonzeros
Model fingerprint: 0xe3c328b6
Variable types: 180 continuous, 12000 integer (12000 binary)
Coefficient statistics:
  Matrix range     [1e+00, 8e+02]
  Objective range  [1e+00, 1e+00]
  Bounds range     [1e+00, 1e+03]
  RHS range        [1e+00, 8e+02]
Presolve removed 11860 rows and 11472 columns
Presolve time: 0.12s
Presolved: 1004 rows, 708 columns, 9642 nonzeros
Variable types: 106 continuous, 602 integer (601 binary)
Found heuristic solution: objective 239.9919333

Root relaxation: objective 2.456713e+01, 574 iterations, 0.01 seconds (0.02 work units)

    Nodes    |    Current Node    |     Objective Bounds      |     Work
 Expl Unexpl |  Obj  Depth IntInf | Incumbent    BestBd   Gap | It/Node Time

     0     0   24.56713    0   46  239.99193   24.56713  89.8%     -    0s
H    0     0                     145.9477333   24.56713  83.2%     -    0s
H    0     0                     145.9434000   24.56713  83.2%     -    0s
H    0     0                      73.6158000   24.56713  66.6%     -    0s
     0     0   24.56713    0   44   73.61580   24.56713  66.6%     -    0s
H    0     0                      60.0281333   24.56713  59.1%     -    0s
     0     0   24.56713    0   47   60.02813   24.56713  59.1%     -    0s
     0     0   28.08163    0   12   60.02813   28.08163  53.2%     -    0s
     0     0   29.71023    0   18   60.02813   29.71023  50.5%     -    0s
     0     0   30.88413    0   68   60.02813   30.88413  48.6%     -    0s
     0     0   30.89987    0  106   60.02813   30.89987  48.5%     -    0s
     0     0   31.40653    0  105   60.02813   31.40653  47.7%     -    0s
     0     0   31.41913    0  104   60.02813   31.41913  47.7%     -    0s
     0     0   33.22473    0   48   60.02813   33.22473  44.7%     -    0s
     0     0   33.22473    0   48   60.02813   33.22473  44.7%     -    0s
     0     0   33.22473    0   48   60.02813   33.22473  44.7%     -    0s
     0     0   33.22473    0   70   60.02813   33.22473  44.7%     -    0s
     0     0   33.22473    0   51   60.02813   33.22473  44.7%     -    0s
     0     0   33.22473    0   51   60.02813   33.22473  44.7%     -    0s
H    0     0                      59.7610000   33.49619  43.9%     -    0s
     0     0   33.49619    0   19   59.76100   33.49619  43.9%     -    0s
     0     0   33.49619    0   54   59.76100   33.49619  43.9%     -    0s
     0     0   33.49619    0   54   59.76100   33.49619  43.9%     -    0s
     0     0   33.49619    0   54   59.76100   33.49619  43.9%     -    0s
     0     0   33.49619    0   53   59.76100   33.49619  43.9%     -    0s
     0     0   34.93080    0   38   59.76100   34.93080  41.5%     -    0s
     0     0   35.85670    0   54   59.76100   35.85670  40.0%     -    0s
     0     0   36.56376    0   55   59.76100   36.56376  38.8%     -    0s
     0     0   36.65535    0   55   59.76100   36.65535  38.7%     -    0s
     0     0   45.50690    0   40   59.76100   45.50690  23.9%     -    0s
     0     0   45.50690    0   40   59.76100   45.50690  23.9%     -    0s
     0     0   45.84768    0   40   59.76100   45.84768  23.3%     -    0s
     0     0   52.03693    0   26   59.76100   52.03693  12.9%     -    0s
     0     0   52.03693    0   26   59.76100   52.03693  12.9%     -    0s
     0     0   56.28929    0   15   59.76100   56.28929  5.81%     -    0s
     0     0   56.28929    0   14   59.76100   56.28929  5.81%     -    0s
     0     0   56.28929    0   27   59.76100   56.28929  5.81%     -    0s
     0     0   56.28929    0   24   59.76100   56.28929  5.81%     -    0s
     0     0   56.28929    0   22   59.76100   56.28929  5.81%     -    0s
     0     0   56.28929    0   16   59.76100   56.28929  5.81%     -    0s
     0     0   56.28929    0   20   59.76100   56.28929  5.81%     -    0s
     0     0   56.28929    0   18   59.76100   56.28929  5.81%     -    0s
     0     0   56.28929    0   28   59.76100   56.28929  5.81%     -    0s
     0     0   59.68080    0    6   59.76100   59.68080  0.13%     -    0s
     0     0   59.68080    0    2   59.76100   59.68080  0.13%     -    0s
H    0     0                      59.7217667   59.68080  0.07%     -    0s
H    0     0                      59.7208667   59.68080  0.07%     -    0s
     0     0   59.68080    0    8   59.72087   59.68080  0.07%     -    0s
     0     0   59.68080    0    7   59.72087   59.68080  0.07%     -    0s
     0     0   59.68080    0    9   59.72087   59.68080  0.07%     -    0s
     0     0   59.68080    0    6   59.72087   59.68080  0.07%     -    0s
     0     0   59.68080    0   12   59.72087   59.68080  0.07%     -    0s
     0     0   59.68080    0    6   59.72087   59.68080  0.07%     -    0s
     0     0   59.68080    0   10   59.72087   59.68080  0.07%     -    0s
     0     0     cutoff    0        59.72087   59.72087  0.00%     -    0s

Cutting planes:
  Learned: 1
  Gomory: 3
  Implied bound: 8
  MIR: 9
  RLT: 1
  Relax-and-lift: 6

Explored 1 nodes (6919 simplex iterations) in 0.88 seconds (1.06 work units)
Thread count was 16 (of 16 available processors)

Solution count 8: 59.7209 59.7218 59.761 ... 239.992

Optimal solution found (tolerance 1.00e-04)
Best objective 5.972086666664e+01, best bound 5.972086666664e+01, gap 0.0000%

User-callback calls 1048, time in user-callback 0.00 sec
