
Gurobi 10.0.1 (win64) logging started Sun Sep 21 07:43:38 2025

Set parameter LogFile to value "log_group_6/bound_Expr217_s7_l1051_s11_e12_o40_d80_t7200_s37_1_1_1_0.log"
Gurobi Optimizer version 10.0.1 build v10.0.1rc0 (win64)

CPU model: Intel(R) Core(TM) i7-10700 CPU @ 2.90GHz, instruction set [SSE2|AVX|AVX2]
Thread count: 8 physical cores, 16 logical processors, using up to 16 threads

Optimize a model with 744106 rows, 728470 columns and 10137966 nonzeros
Model fingerprint: 0x54f524e4
Variable types: 470 continuous, 728000 integer (728000 binary)
Coefficient statistics:
  Matrix range     [4e-01, 8e+02]
  Objective range  [1e+00, 1e+00]
  Bounds range     [1e+00, 1e+03]
  RHS range        [1e+00, 8e+02]
Presolve removed 739497 rows and 724257 columns (presolve time = 24s) ...
Presolve removed 739294 rows and 724054 columns
Presolve time: 23.78s
Presolved: 4812 rows, 4416 columns, 39028 nonzeros
Variable types: 220 continuous, 4196 integer (4193 binary)

Root simplex log...

Iteration    Objective       Primal Inf.    Dual Inf.      Time
       0    1.1577617e+02   6.090000e+02   0.000000e+00     25s
    3142    1.1577617e+02   0.000000e+00   0.000000e+00     25s

Root relaxation: objective 1.157762e+02, 3142 iterations, 0.29 seconds (0.35 work units)

    Nodes    |    Current Node    |     Objective Bounds      |     Work
 Expl Unexpl |  Obj  Depth IntInf | Incumbent    BestBd   Gap | It/Node Time

     0     0  115.77617    0  124          -  115.77617      -     -   26s
H    0     0                     991.0164000  115.77617  88.3%     -   26s
H    0     0                     914.5361333  115.77617  87.3%     -   26s
H    0     0                     903.4919667  115.77617  87.2%     -   26s
H    0     0                     605.8305667  115.77617  80.9%     -   26s
     0     0  115.77617    0  130  605.83057  115.77617  80.9%     -   26s
H    0     0                     605.0587333  115.77617  80.9%     -   26s
H    0     0                     589.7648333  115.77617  80.4%     -   26s
     0     0  115.77617    0  227  589.76483  115.77617  80.4%     -   26s
H    0     0                     559.1001333  115.77617  79.3%     -   26s
H    0     0                     521.4533333  115.77617  77.8%     -   28s
H    0     0                     507.6976667  115.77617  77.2%     -   28s
H    0     0                     448.6326333  115.77617  74.2%     -   28s
     0     0  115.77617    0   61  448.63263  115.77617  74.2%     -   28s
H    0     0                     446.5612333  115.77617  74.1%     -   28s
H    0     0                     385.0622333  115.77617  69.9%     -   28s
     0     0  115.77617    0   68  385.06223  115.77617  69.9%     -   29s
H    0     0                     333.0989333  115.77617  65.2%     -   29s
H    0     0                     285.3568667  115.77617  59.4%     -   29s
     0     0  115.77617    0  105  285.35687  115.77617  59.4%     -   29s
H    0     0                     254.8303000  115.77617  54.6%     -   30s
     0     0  115.77617    0  119  254.83030  115.77617  54.6%     -   30s
H    0     0                     248.4241000  115.77617  53.4%     -   30s
     0     0  115.77617    0  120  248.42410  115.77617  53.4%     -   30s
     0     0  115.77617    0  198  248.42410  115.77617  53.4%     -   31s
H    0     0                     242.2501000  115.77617  52.2%     -   31s
     0     0  115.77617    0  105  242.25010  115.77617  52.2%     -   31s
     0     2  115.77617    0  105  242.25010  115.77617  52.2%     -   32s
H   33    40                     241.9059000  115.77617  52.1%   427   33s
H   67    73                     241.6622667  115.77617  52.1%   267   34s
    98   107  115.94871   13  100  241.66227  115.77617  52.1%   212   36s
H   99   107                     241.6277667  115.77617  52.1%   210   36s
H  105   107                     241.5974333  115.77617  52.1%   203   36s
H  111   107                     241.5740000  115.77617  52.1%   196   36s
   929   789  157.90782   22  191  241.57400  115.77617  52.1%  78.6   40s
  1445  1067  199.18240   87  105  241.57400  120.85730  50.0%  72.1   47s
  1452  1072  194.17232   85  419  241.57400  140.77642  41.7%  71.8   50s
  3098   898  232.46553   45   63  241.57400  214.36204  11.3%  17.3   55s
  7208  1482  241.07467   64   37  241.57400  233.58470  3.31%  13.5   60s
 11156  1519     cutoff   68       241.57400  240.01233  0.65%  12.2   65s
 14578  1934  240.81750   62  105  241.57400  240.46969  0.46%  11.0   73s
 14586  1941  240.46969   23  292  241.57400  240.46969  0.46%  11.4   75s
 18989  1437  240.96694   84   30  241.57400  240.46969  0.46%  11.0   80s
 27307  2005  241.29895  101   30  241.57400  240.57057  0.42%   9.2   85s
 34235  2750     cutoff   86       241.57400  240.73610  0.35%   8.3   90s
 44461  3415     cutoff  120       241.57400  240.90564  0.28%   7.3   97s
 49714  3364  241.03451   86   21  241.57400  240.99596  0.24%   7.1  100s
 57723  2656  241.18971   91   47  241.57400  241.17341  0.17%   7.0  105s
 63918  1867     cutoff  105       241.57400  241.32118  0.10%   7.1  110s
 69313  1576  241.56664   92    4  241.57400  241.41273  0.07%   7.0  115s
 76902   858     cutoff  110       241.57400  241.49340  0.03%   7.0  120s

Cutting planes:
  Implied bound: 32
  MIR: 14
  Flow cover: 1
  RLT: 1
  Relax-and-lift: 3

Explored 80759 nodes (707350 simplex iterations) in 123.65 seconds (133.20 work units)
Thread count was 16 (of 16 available processors)

Solution count 10: 241.574 241.574 241.597 ... 285.357

Optimal solution found (tolerance 1.00e-04)
Best objective 2.415740000000e+02, best bound 2.415604980706e+02, gap 0.0056%

User-callback calls 170149, time in user-callback 0.27 sec
