
Gurobi 10.0.3 (win64) logging started Sun Sep 21 03:47:08 2025

Set parameter LogFile to value "log_group_6/bound_Expr267_s5_l1051_s11_e12_o20_d41_t1200_s12_0_0_1_1.log"
Gurobi Optimizer version 10.0.3 build v10.0.3rc0 (win64)

CPU model: 11th Gen Intel(R) Core(TM) i7-11700 @ 2.50GHz, instruction set [SSE2|AVX|AVX2|AVX512]
Thread count: 8 physical cores, 16 logical processors, using up to 16 threads

Optimize a model with 110983 rows, 110310 columns and 1188490 nonzeros
Model fingerprint: 0x13a017c1
Variable types: 310 continuous, 110000 integer (110000 binary)
Coefficient statistics:
  Matrix range     [1e+00, 9e+02]
  Objective range  [1e+00, 1e+00]
  Bounds range     [1e+00, 1e+03]
  RHS range        [1e+00, 9e+02]
Presolve removed 108415 rows and 108237 columns
Presolve time: 4.06s
Presolved: 2568 rows, 2073 columns, 22494 nonzeros
Variable types: 270 continuous, 1803 integer (1801 binary)
Found heuristic solution: objective 527.3932667
Found heuristic solution: objective 451.3827667

Root relaxation: objective 8.643070e+01, 344 iterations, 0.01 seconds (0.01 work units)

    Nodes    |    Current Node    |     Objective Bounds      |     Work
 Expl Unexpl |  Obj  Depth IntInf | Incumbent    BestBd   Gap | It/Node Time

     0     0   86.43070    0   38  451.38277   86.43070  80.9%     -    4s
H    0     0                     174.6466000   86.43070  50.5%     -    4s
H    0     0                     170.1887667   86.43070  49.2%     -    4s
     0     0   86.43070    0   42  170.18877   86.43070  49.2%     -    4s
H    0     0                     131.0393000   86.43070  34.0%     -    4s
     0     0   86.43070    0   38  131.03930   86.43070  34.0%     -    4s
     0     0   86.43070    0   36  131.03930   86.43070  34.0%     -    4s
     0     0   86.43070    0   39  131.03930   86.43070  34.0%     -    4s
     0     0   86.43070    0   36  131.03930   86.43070  34.0%     -    4s
     0     0   86.43070    0   37  131.03930   86.43070  34.0%     -    4s
     0     0   86.43070    0   37  131.03930   86.43070  34.0%     -    4s
     0     0   86.43070    0   37  131.03930   86.43070  34.0%     -    4s
H    0     0                     121.5809000   86.43070  28.9%     -    4s
H    0     0                     121.4981000   86.43070  28.9%     -    4s
     0     2   86.43070    0   36  121.49810   86.43070  28.9%     -    4s
    63    72   86.43070   10   44  121.49810   86.43070  28.9%  28.5    5s
H   65    72                     121.4795333   86.43070  28.9%  27.7    5s
H   73    80                     120.8637000   86.43070  28.5%  25.5    5s
H  159   161                     120.8636997   86.43070  28.5%  14.1    5s
H  202   209                     120.8575001   86.43070  28.5%  12.0    5s
H  205   209                     120.8575000   86.43070  28.5%  11.8    5s
H 6794  6117                     120.8574708   86.43070  28.5%   2.4   13s
  6811  6130  114.16332  268   14  120.85747  114.16332  5.54%   2.7   15s
  7242  6356  117.31457   79   16  120.85747  115.86497  4.13%   3.8   20s
* 8203  6381             138     120.8556374  115.86710  4.13%   4.3   20s
*16832  8700             209     120.8480041  116.29310  3.77%   4.9   23s
 20966  9371  117.76818  119    8  120.84800  116.30280  3.76%   5.0   25s
 29126 15232  117.74709  151   12  120.84800  117.30630  2.93%   4.8   31s
 46090 24613  119.55994  184    8  120.84800  117.30633  2.93%   4.3   35s
 71865 40523  117.58041  137   13  120.84800  117.31663  2.92%   4.2   40s
 91056 51146  119.48338   88   12  120.84800  117.50320  2.77%   4.3   45s
 113721 61978  117.57490   91   14  120.84800  117.57284  2.71%   4.4   50s
 139635 73830  117.57490  125   21  120.84800  117.57490  2.71%   4.2   55s
 165891 83902  120.13432  136   14  120.84800  117.57610  2.71%   3.9   60s
 192848 97873 infeasible  278       120.84800  117.57634  2.71%   3.9   65s
 216190 105517  119.59197  140    9  120.84800  117.57865  2.71%   3.9   70s
 239564 111628 infeasible  142       120.84800  117.58607  2.70%   3.8   75s
 260087 118434  117.60528  195   14  120.84800  117.59460  2.69%   3.9   80s
 283947 124843  120.45672   93    9  120.84800  117.69227  2.61%   4.0   85s
 302865 126359  120.12877  118   10  120.84800  117.69257  2.61%   4.0   90s
 323110 127715  119.54406  154    9  120.84800  117.69624  2.61%   3.9   95s
 349617 130493  119.69462  235    8  120.84800  117.69741  2.61%   3.8  100s
 376802 132034 infeasible   77       120.84800  117.71114  2.60%   3.8  105s
 397068 137753  120.34977  173    8  120.84800  117.71510  2.59%   3.8  110s
 421467 139684  118.12096  245   12  120.84800  117.72077  2.59%   3.8  115s
 441497 142754  120.38246  114    6  120.84800  117.74408  2.57%   3.8  120s
 464145 147008  117.74830   87    8  120.84800  117.74830  2.56%   3.8  125s
 482420 149096  119.60857   97    6  120.84800  117.76097  2.55%   3.9  130s
 504033 153055     cutoff   89       120.84800  117.76644  2.55%   4.0  135s
 522447 154107  119.59827  245   12  120.84800  117.83485  2.49%   4.2  140s
 543928 156423  120.11129  157    8  120.84800  117.95260  2.40%   4.2  145s
 566302 160447  119.02040  187   12  120.84800  117.98059  2.37%   4.2  150s
 586748 161724  120.12930  165   11  120.84800  118.01472  2.34%   4.3  155s
 607439 168693 infeasible  170       120.84800  118.05367  2.31%   4.4  160s
 627652 168875     cutoff  142       120.84800  118.13010  2.25%   4.5  165s
 646887 169316 infeasible  159       120.84800  118.13876  2.24%   4.7  170s
 666004 169565  120.34094  169   13  120.84800  118.15343  2.23%   4.8  175s
 683062 173685     cutoff  189       120.84800  118.20068  2.19%   4.8  180s
 698102 175487 infeasible  196       120.84800  118.28939  2.12%   4.8  185s
 719902 182340     cutoff  238       120.84800  118.30216  2.11%   4.8  190s
 739820 185738     cutoff  204       120.84800  118.37736  2.04%   4.8  195s
 757418 188717  120.83979  240    4  120.84800  118.42845  2.00%   4.8  200s
 773417 190131 infeasible  157       120.84800  118.49117  1.95%   4.9  205s
 792223 191553  120.74610  179    7  120.84800  118.61146  1.85%   4.9  210s
 810757 192322  119.01214  163   10  120.84800  118.74716  1.74%   4.9  215s
 818450 194243  120.59801  136   13  120.84800  118.75183  1.73%   4.9  220s
 828887 197399  120.83974  147    6  120.84800  118.75183  1.73%   5.0  225s
 839573 200048 infeasible  158       120.84800  118.75183  1.73%   5.1  230s
 849323 202342 infeasible  119       120.84800  118.75183  1.73%   5.2  235s
 866157 209949  120.83974  177    8  120.84800  118.75186  1.73%   5.2  240s
 881811 214966  120.71784   84   10  120.84800  118.76007  1.73%   5.2  245s
 899355 218892  120.58774  173    5  120.84800  118.76243  1.73%   5.3  250s
 915107 221714  120.61613  191   11  120.84800  118.76997  1.72%   5.4  255s
 929770 222514  119.30070  147   19  120.84800  118.77820  1.71%   5.4  260s
 941359 222058  120.62451  235   12  120.84800  118.78237  1.71%   5.5  265s
 957214 226341  120.79144  137   10  120.84800  118.88197  1.63%   5.5  270s
 975242 231676  120.83974  250   10  120.84800  118.88197  1.63%   5.6  275s
 993839 236931     cutoff  230       120.84800  118.89262  1.62%   5.5  280s
 1008291 237242     cutoff   99       120.84800  118.91963  1.60%   5.6  285s
 1023125 236849  118.95967  141    6  120.84800  118.95817  1.56%   5.6  290s
 1040937 243824  120.83974  211    6  120.84800  119.01214  1.52%   5.6  295s
 1059936 251980 infeasible  187       120.84800  119.01214  1.52%   5.6  300s
 1078411 260546  120.84594  152    8  120.84800  119.01214  1.52%   5.6  305s
 1098412 268148  120.83974  170    4  120.84800  119.01214  1.52%   5.6  310s
 1114394 274118 infeasible  178       120.84800  119.01214  1.52%   5.6  315s
 1129775 280355 infeasible  187       120.84800  119.01214  1.52%   5.6  320s
 1145755 287319     cutoff  221       120.84800  119.01214  1.52%   5.6  325s
 1166480 295750  120.83974  178    6  120.84800  119.01214  1.52%   5.7  330s
 1176675 302019  119.01214  211   14  120.84800  119.01214  1.52%   5.7  335s
 1194053 308868  120.83974  146   10  120.84800  119.01214  1.52%   5.7  340s
 1214160 315220     cutoff  191       120.84800  119.01214  1.52%   5.7  345s
 1232434 322560 infeasible  204       120.84800  119.01214  1.52%   5.7  350s
 1248687 328286 infeasible  223       120.84800  119.01214  1.52%   5.7  355s
 1260064 331770  120.83974  200    8  120.84800  119.01214  1.52%   5.8  360s
 1275326 337308  120.83974  212   10  120.84800  119.01214  1.52%   5.8  365s
 1293525 343914 infeasible  223       120.84800  119.01214  1.52%   5.8  370s
 1303208 346577 infeasible  215       120.84800  119.01214  1.52%   5.9  375s
 1312834 348018  120.83974  208    6  120.84800  119.01214  1.52%   6.0  380s
 1333594 355423 infeasible  203       120.84800  119.01214  1.52%   6.0  385s
 1346137 358919  120.83974  149    4  120.84800  119.01214  1.52%   6.0  390s
 1359607 362601 infeasible  189       120.84800  119.01214  1.52%   6.0  395s
 1378209 368672 infeasible  191       120.84800  119.01214  1.52%   6.1  400s
 1395635 377779 infeasible  182       120.84800  119.01214  1.52%   6.1  405s
 1410979 381878 infeasible  217       120.84800  119.01214  1.52%   6.1  410s
 1417328 382445  120.83974  145    6  120.84800  119.01214  1.52%   6.1  415s
 1421321 382363 infeasible  223       120.84800  119.01214  1.52%   6.2  420s
 1430441 386060     cutoff  206       120.84800  119.01214  1.52%   6.3  425s
 1445610 388806     cutoff  207       120.84800  119.01214  1.52%   6.3  430s
 1461262 391134  119.01214  203   13  120.84800  119.01214  1.52%   6.3  435s
 1478386 396541     cutoff  183       120.84800  119.01214  1.52%   6.4  440s
 1495221 402481  120.83974  239   12  120.84800  119.01214  1.52%   6.4  445s
 1511838 407470 infeasible  294       120.84800  119.01214  1.52%   6.4  450s
 1527769 413492     cutoff  195       120.84800  119.01214  1.52%   6.4  455s
 1539558 417967  120.83974  204    8  120.84800  119.01214  1.52%   6.4  460s
 1554631 422173  120.83974  174   10  120.84800  119.01214  1.52%   6.4  465s
 1568336 425081  120.83974  261   10  120.84800  119.01214  1.52%   6.4  470s
 1580252 428602  120.83974  199    8  120.84800  119.01214  1.52%   6.4  475s
 1597200 433907  120.83974  141    8  120.84800  119.01214  1.52%   6.4  480s
 1613645 439422     cutoff  219       120.84800  119.01214  1.52%   6.4  485s
 1627176 443183  119.01214  200   16  120.84800  119.01214  1.52%   6.5  490s
 1632617 444357  120.83974  136   10  120.84800  119.01214  1.52%   6.5  495s
 1649047 448784  120.83974  158    6  120.84800  119.01214  1.52%   6.5  501s
 1659473 451602     cutoff  190       120.84800  119.01214  1.52%   6.5  505s
 1674153 456883  120.83974  216   10  120.84800  119.01606  1.52%   6.5  510s
 1690195 462421  120.83974  215   10  120.84800  119.01606  1.52%   6.5  515s
 1704217 467687 infeasible  113       120.84800  119.01834  1.51%   6.5  520s
 1714531 466954     cutoff  222       120.84800  119.02040  1.51%   6.5  525s
 1737479 465375     cutoff  139       120.84800  119.02040  1.51%   6.5  530s
 1756288 462039     cutoff  204       120.84800  119.02040  1.51%   6.5  535s
 1769990 457591     cutoff  231       120.84800  119.02040  1.51%   6.5  540s
 1787727 454517     cutoff  186       120.84800  119.02040  1.51%   6.5  545s
 1802352 452490     cutoff  174       120.84800  119.02040  1.51%   6.5  550s
 1823284 448942     cutoff  177       120.84800  119.02040  1.51%   6.4  555s
 1840738 448428  119.02040  158   12  120.84800  119.02040  1.51%   6.4  560s
 1864127 438808     cutoff  155       120.84800  119.02040  1.51%   6.4  565s
 1887366 430053     cutoff  160       120.84800  119.02269  1.51%   6.4  571s
 1898567 423345  119.96162   95   12  120.84800  119.03854  1.50%   6.4  575s
 1909813 414195 infeasible  183       120.84800  119.04824  1.49%   6.5  580s
 1918890 409794  119.44553  116    6  120.84800  119.13275  1.42%   6.5  585s
 1929078 406851 infeasible  198       120.84800  119.16310  1.39%   6.5  590s
 1939081 397772 infeasible  173       120.84800  119.18964  1.37%   6.5  595s
 1952108 388114 infeasible  208       120.84800  119.21604  1.35%   6.6  600s
 1963080 386342     cutoff  193       120.84800  119.36034  1.23%   6.6  605s
 1971872 379130 infeasible  144       120.84800  119.40220  1.20%   6.6  611s
 1982913 376419  119.41374  191   17  120.84800  119.40391  1.19%   6.6  617s
 1994710 374018  120.16229  145   14  120.84800  119.41304  1.19%   6.6  621s
 2004774 374011  120.15432  216   14  120.84800  119.41436  1.19%   6.6  625s
 2018960 368479  120.13555   97   14  120.84800  119.42107  1.18%   6.6  630s
 2029009 367395  120.23179  139   10  120.84800  119.42225  1.18%   6.6  635s
 2045764 364542  119.42500  234   12  120.84800  119.42348  1.18%   6.6  641s
 2063535 366118     cutoff  232       120.84800  119.42399  1.18%   6.5  647s
 2075886 366494     cutoff  235       120.84800  119.43077  1.17%   6.5  651s
 2083865 366096  119.91555  126   11  120.84800  119.43316  1.17%   6.5  655s
 2102058 366906  119.45420  136   10  120.84800  119.43934  1.17%   6.5  661s
 2113011 365210 infeasible  102       120.84800  119.44077  1.16%   6.5  665s
 2125943 362477  120.26966  174   10  120.84800  119.49099  1.12%   6.5  670s
 2138724 361253  120.26966  206   12  120.84800  119.53502  1.09%   6.5  675s
 2151016 358319  119.56904  161    7  120.84800  119.54270  1.08%   6.5  680s
 2168597 357841  120.26515  153   11  120.84800  119.54375  1.08%   6.5  685s
 2185538 356243  119.56550   80   14  120.84800  119.56067  1.07%   6.4  690s
 2204529 350601 infeasible  193       120.84800  119.56885  1.06%   6.4  695s
 2218476 346603 infeasible  150       120.84800  119.58219  1.05%   6.4  700s
 2237363 344016  120.54176  141   12  120.84800  119.59800  1.03%   6.4  705s
 2246079 342426  120.08915  208   12  120.84800  119.62141  1.01%   6.4  710s
 2258011 342169     cutoff  138       120.84800  119.68731  0.96%   6.4  715s
 2273319 339790     cutoff  107       120.84800  119.72028  0.93%   6.4  720s
 2289076 336954     cutoff  123       120.84800  119.79877  0.87%   6.4  725s
 2305161 333935     cutoff  204       120.84800  119.82319  0.85%   6.4  730s
*2314733 331910             191     120.8480039  119.87853  0.80%   6.4  734s
 2317023 331825     cutoff  125       120.84800  119.88808  0.79%   6.4  735s
 2328160 333093 infeasible  205       120.84800  119.92594  0.76%   6.4  740s
 2342900 330337  120.27422   58    8  120.84800  119.98106  0.72%   6.4  745s
 2353868 328356  120.77424  231   11  120.84800  120.04179  0.67%   6.4  750s
 2367367 326774  120.62855  146    8  120.84800  120.11052  0.61%   6.4  755s
 2378034 327001  120.14600  173   11  120.84800  120.12669  0.60%   6.3  760s
 2390272 326199     cutoff  138       120.84800  120.14833  0.58%   6.3  765s
 2404149 324988  120.23890  260   10  120.84800  120.15382  0.57%   6.3  770s
 2415938 321812     cutoff  117       120.84800  120.22738  0.51%   6.3  775s
 2433050 316506  120.36259  179    8  120.84800  120.26515  0.48%   6.3  780s
 2449736 315540  120.28342  146   13  120.84800  120.28342  0.47%   6.3  785s
 2467645 313622     cutoff   85       120.84800  120.31305  0.44%   6.2  790s
 2483267 310877  120.35313  171   10  120.84800  120.34955  0.41%   6.2  795s
 2501129 302785     cutoff  131       120.84800  120.42965  0.35%   6.2  800s
 2514899 295850  120.54176  150    7  120.84800  120.53128  0.26%   6.2  805s
 2522196 293651  120.71784  132   10  120.84800  120.58774  0.22%   6.2  811s
 2535216 291005     cutoff  235       120.84800  120.62392  0.19%   6.2  815s
 2545542 289390  120.82910  138    9  120.84800  120.70957  0.11%   6.2  820s
 2554198 286246  120.76312  216   10  120.84800  120.75454  0.08%   6.2  825s
 2561905 283006     cutoff  191       120.84800  120.83145  0.01%   6.2  830s

Cutting planes:
  Gomory: 3
  Implied bound: 6
  Projected implied bound: 3
  Flow cover: 44
  Relax-and-lift: 781

Explored 2566330 nodes (16006801 simplex iterations) in 830.96 seconds (1005.76 work units)
Thread count was 16 (of 16 available processors)

Solution count 10: 120.848 120.848 120.856 ... 121.498

Optimal solution found (tolerance 1.00e-04)
Best objective 1.208480038947e+02, best bound 1.208397372280e+02, gap 0.0068%

User-callback calls 5251741, time in user-callback 6.41 sec
