
Gurobi 10.0.1 (win64) logging started Sun Sep 21 16:42:24 2025

Set parameter LogFile to value "log_group_6/bound_Expr337_s8_l1051_s11_e12_o60_d120_t60_s42_0_0_0_0.log"
Gurobi Optimizer version 10.0.1 build v10.0.1rc0 (win64)

CPU model: Intel(R) Core(TM) i7-10700 CPU @ 2.90GHz, instruction set [SSE2|AVX|AVX2]
Thread count: 8 physical cores, 16 logical processors, using up to 16 threads

Optimize a model with 1153432 rows, 1152580 columns and 9219584 nonzeros
Model fingerprint: 0x63cd38db
Variable types: 580 continuous, 1152000 integer (1152000 binary)
Coefficient statistics:
  Matrix range     [1e+00, 9e+02]
  Objective range  [1e+00, 1e+00]
  Bounds range     [1e+00, 1e+03]
  RHS range        [1e+00, 9e+02]
Presolve removed 1126980 rows and 1126528 columns
Presolve time: 4.88s
Presolved: 26452 rows, 26052 columns, 153168 nonzeros
Variable types: 460 continuous, 25592 integer (25592 binary)
Found heuristic solution: objective 12526.113533
Found heuristic solution: objective 2086.9441333
Deterministic concurrent LP optimizer: primal and dual simplex
Showing first log only...


Root simplex log...

Iteration    Objective       Primal Inf.    Dual Inf.      Time
       0   -4.1251000e+04   1.090625e+04   3.451061e+08      6s
    4657    4.5149000e+04   0.000000e+00   8.640000e+02      6s
    5042    0.0000000e+00   0.000000e+00   0.000000e+00      6s
Concurrent spin time: 0.00s

Solved with primal simplex

Root relaxation: objective 0.000000e+00, 5042 iterations, 0.39 seconds (0.70 work units)

    Nodes    |    Current Node    |     Objective Bounds      |     Work
 Expl Unexpl |  Obj  Depth IntInf | Incumbent    BestBd   Gap | It/Node Time

     0     0    0.00000    0  183 2086.94413    0.00000   100%     -    8s
H    0     0                    2027.2007667    0.00000   100%     -    9s
H    0     0                    1800.9073000    0.00000   100%     -    9s
     0     0    0.00000    0  223 1800.90730    0.00000   100%     -   10s
H    0     0                     780.0522667    0.00000   100%     -   13s
H    0     0                     645.3054333    0.00000   100%     -   14s
     0     0    0.00000    0  219  645.30543    0.00000   100%     -   14s
H    0     0                     624.7458333    0.00000   100%     -   22s
H    0     0                     589.5245333    0.00000   100%     -   22s
H    0     0                     467.2111333    0.00000   100%     -   22s
H    0     0                     463.8819333    0.00000   100%     -   22s
     0     0    0.00000    0  182  463.88193    0.00000   100%     -   24s
H    0     0                     461.9011313    0.00000   100%     -   25s
H    0     0                     434.5485000    0.00000   100%     -   27s
     0     0    0.00000    0  183  434.54850    0.00000   100%     -   27s
     0     0    0.00000    0  192  434.54850    0.00000   100%     -   35s
     0     0    0.00000    0  192  434.54850    0.00000   100%     -   35s
H    0     0                     429.6919000    0.00000   100%     -   41s
     0     0    0.00000    0  185  429.69190    0.00000   100%     -   42s
H    0     0                     422.6596000    0.00000   100%     -   44s
     0     0    0.00000    0  198  422.65960    0.00000   100%     -   45s
     0     0    0.00000    0  188  422.65960    0.00000   100%     -   50s
     0     0    0.00000    0  181  422.65960    0.00000   100%     -   51s
H    0     0                     420.8336000    0.00000   100%     -   57s
     0     2    0.00000    0  181  420.83360    0.00000   100%     -   59s
     1     3    0.00000    1  191  420.83360    0.00000   100%  4776   60s

Cutting planes:
  Gomory: 9
  Lift-and-project: 2
  Implied bound: 274
  MIR: 137
  RLT: 13
  Relax-and-lift: 98

Explored 2 nodes (55223 simplex iterations) in 60.12 seconds (73.90 work units)
Thread count was 16 (of 16 available processors)

Solution count 10: 420.834 422.66 429.692 ... 645.305

Time limit reached
Best objective 4.208335999998e+02, best bound 1.455191522837e-11, gap 100.0000%

User-callback calls 9821, time in user-callback 0.02 sec
