
Gurobi 10.0.1 (win64) logging started Sun Sep 21 16:32:46 2025

Set parameter LogFile to value "log_group_6/bound_Expr386_s7_l1051_s11_e12_o30_d60_t60_s21_1_1_1_1.log"
Gurobi Optimizer version 10.0.1 build v10.0.1rc0 (win64)

CPU model: Intel(R) Core(TM) i7-10700 CPU @ 2.90GHz, instruction set [SSE2|AVX|AVX2]
Thread count: 8 physical cores, 16 logical processors, using up to 16 threads

Optimize a model with 590664 rows, 577940 columns and 8472486 nonzeros
Model fingerprint: 0x2a864591
Variable types: 440 continuous, 577500 integer (577500 binary)
Coefficient statistics:
  Matrix range     [1e+00, 9e+02]
  Objective range  [1e+00, 1e+00]
  Bounds range     [1e+00, 1e+03]
  RHS range        [1e+00, 8e+02]
Presolve removed 587648 rows and 575368 columns
Presolve time: 4.50s
Presolved: 3016 rows, 2572 columns, 35213 nonzeros
Variable types: 166 continuous, 2406 integer (2402 binary)
Found heuristic solution: objective 1151.2573000

Root simplex log...

Iteration    Objective       Primal Inf.    Dual Inf.      Time
       0    1.5261900e+02   4.600000e+02   0.000000e+00      6s
    1462    1.5261900e+02   0.000000e+00   0.000000e+00      6s

Root relaxation: objective 1.526190e+02, 1462 iterations, 0.07 seconds (0.11 work units)

    Nodes    |    Current Node    |     Objective Bounds      |     Work
 Expl Unexpl |  Obj  Depth IntInf | Incumbent    BestBd   Gap | It/Node Time

     0     0  152.61900    0   65 1151.25730  152.61900  86.7%     -    5s
H    0     0                    1013.5355000  152.61900  84.9%     -    5s
H    0     0                     926.2199000  152.61900  83.5%     -    5s
     0     0  152.61900    0   79  926.21990  152.61900  83.5%     -    5s
H    0     0                     495.1329333  152.61900  69.2%     -    6s
H    0     0                     490.9634333  152.61900  68.9%     -    6s
     0     0  152.61900    0   36  490.96343  152.61900  68.9%     -    6s
H    0     0                     445.7812000  152.61900  65.8%     -    6s
H    0     0                     423.6365333  152.61900  64.0%     -    6s
     0     0  152.61900    0   75  423.63653  152.61900  64.0%     -    6s
H    0     0                     419.1110667  152.61900  63.6%     -    6s
H    0     0                     374.1937000  152.61900  59.2%     -    6s
H    0     0                     363.2659000  152.61900  58.0%     -    6s
     0     0  152.61900    0   43  363.26590  152.61900  58.0%     -    6s
H    0     0                     356.8878333  152.61900  57.2%     -    6s
     0     0  152.61900    0   50  356.88783  152.61900  57.2%     -    6s
H    0     0                     322.6485333  152.61900  52.7%     -    7s
     0     0  152.61900    0   34  322.64853  152.61900  52.7%     -    7s
H    0     0                     316.0127333  152.61900  51.7%     -    7s
     0     0  152.61900    0   34  316.01273  152.61900  51.7%     -    7s
H    0     0                     315.9096000  153.24517  51.5%     -    7s
H    0     0                     314.9588000  153.24517  51.3%     -    7s
H    0     0                     252.7182667  153.24517  39.4%     -    7s
     0     0  153.24517    0   69  252.71827  153.24517  39.4%     -    7s
     0     0  153.24517    0   69  252.71827  153.24517  39.4%     -    7s
H    0     2                     231.7159333  153.24517  33.9%     -    7s
     0     2  153.24517    0   58  231.71593  153.24517  33.9%     -    7s
H   32    30                     216.8042333  153.24517  29.3%   140    8s
H   35    30                     212.5512667  153.24517  27.9%   133    8s
H   37    30                     209.5512667  153.24517  26.9%   127    8s
H   38    30                     199.0596667  153.24517  23.0%   125    8s
H   64    36                     193.8052667  153.24517  20.9%   169    8s
H  102    42                     188.5457667  153.24517  18.7%   218    9s
H  221    35                     188.5457658  153.24517  18.7%   200    9s
   271    54  171.62853   28   80  188.54577  153.24517  18.7%   168   10s

Cutting planes:
  Gomory: 4
  Cover: 51
  Implied bound: 137
  MIR: 24
  StrongCG: 2
  Inf proof: 3
  Zero half: 1
  RLT: 23
  Relax-and-lift: 11

Explored 11021 nodes (159125 simplex iterations) in 12.97 seconds (20.91 work units)
Thread count was 16 (of 16 available processors)

Solution count 10: 188.546 188.546 193.805 ... 314.959

Optimal solution found (tolerance 1.00e-04)
Best objective 1.885457658174e+02, best bound 1.885457658173e+02, gap 0.0000%

User-callback calls 23932, time in user-callback 0.03 sec
