
Gurobi 10.0.1 (win64) logging started Sun Sep 21 02:52:08 2025

Set parameter LogFile to value "log_group_6/bound_Expr156_s5_l1051_s11_e12_o20_d40_t7200_s16_1_0_0_0.log"
Gurobi Optimizer version 10.0.1 build v10.0.1rc0 (win64)

CPU model: Intel(R) Core(TM) i7-10700 CPU @ 2.90GHz, instruction set [SSE2|AVX|AVX2]
Thread count: 8 physical cores, 16 logical processors, using up to 16 threads

Optimize a model with 156070 rows, 155310 columns and 1547270 nonzeros
Model fingerprint: 0xb01c9b9e
Variable types: 310 continuous, 155000 integer (155000 binary)
Coefficient statistics:
  Matrix range     [1e+00, 9e+02]
  Objective range  [1e+00, 1e+00]
  Bounds range     [1e+00, 1e+03]
  RHS range        [1e+00, 9e+02]
Presolve removed 149306 rows and 149046 columns
Presolve time: 1.09s
Presolved: 6764 rows, 6264 columns, 44107 nonzeros
Variable types: 270 continuous, 5994 integer (5991 binary)

Root relaxation: objective 0.000000e+00, 3607 iterations, 0.20 seconds (0.40 work units)

    Nodes    |    Current Node    |     Objective Bounds      |     Work
 Expl Unexpl |  Obj  Depth IntInf | Incumbent    BestBd   Gap | It/Node Time

     0     0    0.00000    0  122          -    0.00000      -     -    2s
H    0     0                    2086.3178667    0.00000   100%     -    2s
H    0     0                    2064.2973667    0.00000   100%     -    2s
H    0     0                    1649.2502667    0.00000   100%     -    2s
H    0     0                    1626.0582667    0.00000   100%     -    2s
     0     0    0.00000    0  146 1626.05827    0.00000   100%     -    2s
H    0     0                     848.7860333    0.00000   100%     -    2s
     0     0    0.00000    0  148  848.78603    0.00000   100%     -    2s
H    0     0                     431.3070000    0.00000   100%     -    3s
     0     0    0.00000    0  138  431.30700    0.00000   100%     -    3s
H    0     0                     323.0214667    0.00000   100%     -    3s
H    0     0                     306.7131000    0.00000   100%     -    4s
H    0     0                     228.3523000    0.00000   100%     -    4s
     0     0    0.00000    0  133  228.35230    0.00000   100%     -    4s
     0     0    0.00000    0  149  228.35230    0.00000   100%     -    4s
     0     0    0.00000    0  165  228.35230    0.00000   100%     -    4s
     0     0    0.00000    0  124  228.35230    0.00000   100%     -    4s
H    0     0                     225.8412000    0.00000   100%     -    4s
     0     0    0.00000    0  151  225.84120    0.00000   100%     -    5s
     0     0    0.00000    0  209  225.84120    0.00000   100%     -    5s
     0     0    0.00000    0  180  225.84120    0.00000   100%     -    5s
     0     0    0.00000    0  180  225.84120    0.00000   100%     -    5s
H    0     0                     130.1055000    0.00000   100%     -    5s
H    0     0                     130.0785000    0.00000   100%     -    5s
     0     0    0.00000    0  169  130.07850    0.00000   100%     -    5s
     0     0    0.00000    0  178  130.07850    0.00000   100%     -    6s
     0     0    0.00000    0  199  130.07850    0.00000   100%     -    6s
     0     0    7.97747    0  156  130.07850    7.97747  93.9%     -    6s
     0     0   16.13186    0  163  130.07850   16.13186  87.6%     -    7s
     0     0   16.41222    0  130  130.07850   16.41222  87.4%     -    7s
     0     0   16.41222    0  116  130.07850   16.41222  87.4%     -    7s
     0     0   17.90173    0  140  130.07850   17.90173  86.2%     -    7s
     0     0   17.90173    0  106  130.07850   17.90173  86.2%     -    7s
     0     0   17.90173    0  151  130.07850   17.90173  86.2%     -    8s
     0     0   17.90173    0  147  130.07850   17.90173  86.2%     -    8s
     0     0   17.90173    0   85  130.07850   17.90173  86.2%     -    8s
     0     0   17.90173    0  149  130.07850   17.90173  86.2%     -    8s
     0     0   17.90173    0  118  130.07850   17.90173  86.2%     -    9s
     0     0   17.90173    0  127  130.07850   17.90173  86.2%     -    9s
     0     0   17.90173    0  138  130.07850   17.90173  86.2%     -   10s
     0     0   17.90173    0  138  130.07850   17.90173  86.2%     -   10s
H    0     0                     125.8880000   17.90173  85.8%     -   10s
     0     2   17.90173    0   94  125.88800   17.90173  85.8%     -   10s
   564   291  120.17324   29   88  125.88800   21.27603  83.1%   127   15s
  4526  1567  115.32552   30  199  125.88800   82.56639  34.4%  50.1   22s

Cutting planes:
  Cover: 2
  Implied bound: 57
  MIR: 19
  Zero half: 1
  RLT: 2
  Relax-and-lift: 23

Explored 6853 nodes (298070 simplex iterations) in 24.91 seconds (45.04 work units)
Thread count was 16 (of 16 available processors)

Solution count 10: 125.888 130.078 130.105 ... 1626.06

Optimal solution found (tolerance 1.00e-04)
Best objective 1.258880000000e+02, best bound 1.258880000000e+02, gap 0.0000%

User-callback calls 17232, time in user-callback 0.03 sec
