
Gurobi 12.0.1 (win64) logging started Sat Sep 20 19:14:24 2025

Set parameter LogFile to value "log_group_6/bound_Expr104_s7_l1051_s11_e12_o40_d80_t7200_s34_1_1_1_1.log"
Gurobi Optimizer version 12.0.1 build v12.0.1rc0 (win64 - Windows Server 2022.0 (20348.2))

CPU model: Intel(R) Xeon(R) Gold 6336Y CPU @ 2.40GHz, instruction set [SSE2|AVX|AVX2|AVX512]
Thread count: 48 physical cores, 96 logical processors, using up to 32 threads

Non-default parameters:
TimeLimit  7200

Optimize a model with 686937 rows, 672470 columns and 8930866 nonzeros
Model fingerprint: 0xd62a283c
Variable types: 470 continuous, 672000 integer (672000 binary)
Coefficient statistics:
  Matrix range     [1e+00, 8e+02]
  Objective range  [1e+00, 1e+00]
  Bounds range     [1e+00, 1e+03]
  RHS range        [1e+00, 8e+02]
Presolve removed 668027 rows and 654890 columns
Presolve time: 2.93s
Presolved: 18910 rows, 17580 columns, 199027 nonzeros
Variable types: 430 continuous, 17150 integer (17150 binary)
Performing another presolve...
Presolve removed 10139 rows and 9549 columns
Presolve time: 0.75s
Found heuristic solution: objective 2791.9146000

Root simplex log...

Iteration    Objective       Primal Inf.    Dual Inf.      Time
       0    1.4780020e+02   9.920000e+02   0.000000e+00      5s
    4539    1.4780020e+02   0.000000e+00   0.000000e+00      6s

Root relaxation: objective 1.478002e+02, 4539 iterations, 0.46 seconds (0.64 work units)
Total elapsed time = 5.88s (DegenMoves)

    Nodes    |    Current Node    |     Objective Bounds      |     Work
 Expl Unexpl |  Obj  Depth IntInf | Incumbent    BestBd   Gap | It/Node Time

     0     0  147.80020    0   81 2791.91460  147.80020  94.7%     -    6s
H    0     0                    1349.7607000  147.80020  89.0%     -    6s
H    0     0                    1254.1580000  147.80020  88.2%     -    7s
H    0     0                    1208.3723667  147.80020  87.8%     -    7s
H    0     0                    1170.2196667  147.80020  87.4%     -    7s
H    0     0                    1116.5299000  147.80020  86.8%     -    8s
H    0     0                    1093.6507000  147.80020  86.5%     -    8s
H    0     0                    1092.3310333  147.80020  86.5%     -    8s
H    0     0                     991.4716667  147.80020  85.1%     -    8s
H    0     0                     983.0345333  147.80020  85.0%     -    8s
H    0     0                     876.4789667  147.80020  83.1%     -    8s
     0     0  147.80020    0  129  876.47897  147.80020  83.1%     -    9s
H    0     0                     866.9376667  147.80020  83.0%     -   10s
H    0     0                     842.3238000  147.80020  82.5%     -   10s
H    0     0                     832.7541333  147.80020  82.3%     -   10s
H    0     0                     807.9681667  147.80020  81.7%     -   10s
H    0     0                     784.4360333  147.80020  81.2%     -   10s
H    0     0                     761.9582333  147.80020  80.6%     -   10s
H    0     0                     759.0162667  147.80020  80.5%     -   11s
H    0     0                     755.3481333  147.80020  80.4%     -   11s
H    0     0                     754.3328333  147.80020  80.4%     -   11s
H    0     0                     721.4262333  147.80020  79.5%     -   11s
H    0     0                     714.7107667  147.80020  79.3%     -   11s
     0     0  147.80020    0  127  714.71077  147.80020  79.3%     -   11s
H    0     0                     706.9870667  147.80020  79.1%     -   14s
H    0     0                     690.1011667  147.80020  78.6%     -   14s
H    0     0                     561.8970333  147.80020  73.7%     -   14s
H    0     0                     561.7375333  147.80020  73.7%     -   14s
H    0     0                     552.7935667  147.80020  73.3%     -   14s
H    0     0                     465.2059333  147.80020  68.2%     -   14s
H    0     0                     465.0391333  147.80020  68.2%     -   14s
H    0     0                     458.2364333  147.80020  67.7%     -   14s
H    0     0                     458.0696333  147.80020  67.7%     -   14s
     0     0  147.80020    0   67  458.06963  147.80020  67.7%     -   15s
     0     0  147.80020    0   67  458.06963  147.80020  67.7%     -   15s
     0     0  147.80020    0   94  458.06963  147.80020  67.7%     -   17s
     0     0  147.80020    0   84  458.06963  147.80020  67.7%     -   17s
     0     0  147.80020    0   82  458.06963  147.80020  67.7%     -   19s
     0     0  147.80020    0   82  458.06963  147.80020  67.7%     -   19s
     0     2  147.80020    0   67  458.06963  147.80020  67.7%     -   21s
    31    64  147.80020    5  176  458.06963  147.80020  67.7%   749   27s
    63    96  147.80020    6  215  458.06963  147.80020  67.7%   944   31s
H   94    96                     449.2314333  147.80020  67.1%   984   31s
H   95   128                     437.0661333  147.80020  66.2%   988   34s
H  110   128                     424.3553657  147.80020  65.2%   881   34s
   127   251  147.80020    8  193  424.35537  147.80020  65.2%   791   36s
H  253   327                     418.0613657  147.80020  64.6%   541   38s
H  256   327                     409.4336990  147.80020  63.9%   540   38s
H  261   327                     380.6102324  147.80020  61.2%   531   38s
H  336   356                     350.7840657  147.80020  57.9%   468   40s
H  377   383                     350.5546667  147.80020  57.8%   448   41s
H  389   383                     347.3283333  147.80020  57.4%   446   41s
H  541   509                     318.9015333  147.80020  53.7%   389   43s
   640   650  222.57479   19  131  318.90153  147.80020  53.7%   366   45s
H  741   675                     314.7605333  147.80020  53.0%   344   46s
  1046   934  223.48128   30  130  314.76053  147.80020  53.0%   297   50s
H 1082   962                     276.3220000  147.80020  46.5%   296   51s
H 1084   962                     266.8084000  147.80020  44.6%   296   51s
H 1245   971                     264.5116667  147.80020  44.1%   359   55s
  1463  1045  252.36824   26  245  264.51167  147.80020  44.1%   372   60s
H 1482  1045                     262.3772667  147.80020  43.7%   375   60s
  1805  1454  197.59937   11  214  262.37727  152.23137  42.0%   325   68s
  2150  1671  212.51156   23  199  262.37727  152.23137  42.0%   285   72s
  2506  1928  217.83707   36  201  262.37727  152.23137  42.0%   259   76s
H 2522  1928                     262.3294333  152.23137  42.0%   258   76s
H 2693  1928                     261.5437333  156.79787  40.0%   245   76s
  2908  2152  222.83096   51  194  261.54373  156.79787  40.0%   232   82s
  3423  2543  227.93675   68  190  261.54373  159.42137  39.0%   204   88s
  4020  2544  177.30480    9 2287  261.54373  159.42137  39.0%   180   94s
  4022  2545  186.24107   10   82  261.54373  159.42137  39.0%   180   95s
  4039  2569  171.56483   13   74  261.54373  171.56483  34.4%   182  100s
H 4055  2452                     261.5233333  171.56483  34.4%   181  103s
H 4056  2331                     260.9125333  171.56483  34.2%   181  103s
  4198  2407  173.64663   17   71  260.91253  171.56483  34.2%   179  105s
H 4594  2421                     260.8921333  171.56483  34.2%   168  109s
  4612  2484  171.56483   23   69  260.89213  171.56483  34.2%   167  111s
  4786  2501  171.56483   25   67  260.89213  171.56483  34.2%   163  115s
  5177  2716  176.07717   27   85  260.89213  171.56483  34.2%   153  120s
  6021  3233  171.56483   38   68  260.89213  171.56483  34.2%   136  126s
  6970  3733  171.56483   45   72  260.89213  171.56483  34.2%   120  132s
  7768  4238  171.56483   51   73  260.89213  171.56483  34.2%   110  136s
  8988  4887  171.56483   58   76  260.89213  171.56483  34.2%  98.0  141s
 10177  5648  171.56483   68   66  260.89213  171.56483  34.2%  89.0  145s
 12186  7682  171.56483   82   70  260.89213  171.56483  34.2%  77.0  151s
 14517  9865  171.56483   90   72  260.89213  171.56483  34.2%  66.6  156s
 16889 11165  171.56483   99   72  260.89213  171.56483  34.2%  59.0  160s
 18584 12864  171.56483  108   63  260.89213  171.56483  34.2%  55.1  165s
 19632 14178  179.03793  119   64  260.89213  171.56483  34.2%  53.2  170s
 22414 17484  171.56483  147   65  260.89213  171.56483  34.2%  48.8  179s
 24078 18681  171.56483  152   68  260.89213  171.56483  34.2%  46.4  183s
 25766 20409  171.56483  162   64  260.89213  171.56483  34.2%  44.5  188s
 27368 21829  171.56483  179   63  260.89213  171.56483  34.2%  42.9  192s
 28910 24225  171.56483  197   63  260.89213  171.56483  34.2%  41.6  203s
 31579 25329  171.56483  219   68  260.89213  171.56483  34.2%  39.6  206s
 34287 26957  171.56483  247   74  260.89213  171.56483  34.2%  38.0  210s
 36090 29837  171.56483  261   71  260.89213  171.56483  34.2%  37.2  218s
 37759 31566  171.56483  278   69  260.89213  171.56483  34.2%  36.5  222s
 39665 33716  171.56483  287   69  260.89213  171.56483  34.2%  35.7  227s
 42000 35643  171.56483  299   67  260.89213  171.56483  34.2%  34.5  231s
 44092 37232  171.56483  319   71  260.89213  171.56483  34.2%  33.7  235s
 47394 38742  171.56483  346   70  260.89213  171.56483  34.2%  32.8  240s
 49331 40576  171.56483  365   69  260.89213  171.56483  34.2%  32.7  247s
 50207 41898  180.17210  377   71  260.89213  171.56483  34.2%  32.7  251s
 52406 43521  192.04990  395   62  260.89213  171.56483  34.2%  32.5  257s
 54552 44425  249.43953  418   59  260.89213  171.56483  34.2%  32.3  260s
 56160 46479  177.03010  274   84  260.89213  171.56483  34.2%  32.3  268s
 58618 49700  171.56483  400   79  260.89213  171.56483  34.2%  32.0  296s
 62771 49857  221.68757  316  194  260.89213  171.56483  34.2%  33.5  300s
 63262 51943  223.66633  322  178  260.89213  171.56483  34.2%  33.8  309s
 66060 52928  214.22597  322  196  260.89213  171.56483  34.2%  33.8  315s
 68625 56144  211.85986  304  202  260.89213  171.56483  34.2%  34.5  329s
 72059 58055     cutoff  428       260.89213  171.56483  34.2%  34.2  338s
 74909 60068  228.46477  170  187  260.89213  171.56483  34.2%  34.4  347s
 78221 62423  225.17784  339  179  260.89213  171.56483  34.2%  34.6  357s
 82317 64819  225.84117  321  175  260.89213  171.56483  34.2%  35.1  368s
 85916 67038  255.58867  390  131  260.89213  171.56483  34.2%  35.4  379s
 89799 67402  222.51986   57  150  260.89213  171.56483  34.2%  35.5  386s
 91039 72132  232.39713   99  166  260.89213  171.56483  34.2%  35.5  414s
 95677 72132  223.62812  156  200  260.89213  171.56483  34.2%  35.8  415s
H100868 70164                     257.5226667  171.56483  33.4%  36.1  418s
 101535 73325  218.04180  218  158  257.52267  171.56483  33.4%  36.2  433s
 106034 77123     cutoff  458       257.52267  171.56483  33.4%  36.1  447s
 111176 79416  240.37597  277  161  257.52267  171.56483  33.4%  35.8  457s
 115941 81671  224.50995   70  195  257.52267  171.56483  33.4%  36.0  465s
H116003 81583                     257.4128667  171.56483  33.4%  36.0  465s
 118207 83850  251.13510  129  159  257.41287  171.56483  33.4%  36.1  477s
 121922 85776  236.23019  194  138  257.41287  171.56483  33.4%  36.7  491s
 125006 88873  230.69429  110  187  257.41287  171.56483  33.4%  37.3  505s
 129640 89567  250.45403  277  155  257.41287  171.56483  33.4%  37.5  512s
 131675 89864     cutoff  542       257.41287  171.56483  33.4%  37.9  515s
 132735 93333  238.46716  258  164  257.41287  171.56483  33.4%  38.1  531s
 137929 96444  244.43184  379  115  257.41287  171.56483  33.4%  38.1  547s
 142543 97869  222.46915  353  168  257.41287  171.56483  33.4%  38.0  557s
 146286 100609  224.41081  178  184  257.41287  171.56483  33.4%  38.6  572s
 150632 102837  225.35086  179  183  257.41287  171.56483  33.4%  38.8  584s
 154635 102838  234.21580  102 2124  257.41287  171.56483  33.4%  39.0  593s
 154638 102840  241.60373  418  199  257.41287  198.71266  22.8%  39.0  595s
 154700 102824  218.62588   62  166  257.41287  218.62588  15.1%  39.0  600s
 154985 102742  231.61970  107   94  257.41287  231.61970  10.0%  39.0  605s
H155463 97534                     254.3699667  234.72152  7.72%  39.0  608s
 155758 97574  237.98283  116  102  254.36997  237.41430  6.67%  39.0  610s
 156304 97647  243.44236  126   72  254.36997  237.41430  6.67%  38.9  615s
 157708 97955  245.89496  158   81  254.36997  237.41430  6.67%  38.6  620s
 159882 98235  249.43983  160   41  254.36997  240.48203  5.46%  38.3  626s
 161456 98275     cutoff  169       254.36997  240.48203  5.46%  38.0  630s
 163397 98265  253.45961  208   59  254.36997  240.48203  5.46%  37.7  635s
 164690 98432 infeasible  129       254.36997  240.48203  5.46%  37.5  640s
 165853 98549     cutoff  188       254.36997  240.48203  5.46%  37.3  645s
 167776 98333     cutoff  149       254.36997  240.48203  5.46%  37.0  650s
 169835 98390     cutoff  149       254.36997  240.48203  5.46%  36.8  658s
 171104 98386     cutoff  157       254.36997  240.49493  5.45%  36.6  662s
 172381 98352  249.70125  186   39  254.36997  240.49493  5.45%  36.4  665s
 174222 98220  250.17266  171   53  254.36997  241.47627  5.07%  36.1  671s
 175655 98165     cutoff  177       254.36997  241.47627  5.07%  35.9  676s
 178076 97874  248.82157  190   47  254.36997  242.46193  4.68%  35.6  683s
 179532 97552  243.72843  163   51  254.36997  242.46193  4.68%  35.4  685s
 180263 97925  243.81815  175   64  254.36997  242.46193  4.68%  35.3  690s
 182123 97648  250.89013  147   50  254.36997  242.49853  4.67%  35.0  695s
 183567 97774  253.74043  152   37  254.36997  242.57173  4.64%  34.8  706s
 186358 97601  254.27700  183   56  254.36997  242.57173  4.64%  34.5  714s
 188322 97377  245.40521  175   38  254.36997  242.62094  4.62%  34.2  719s
 189982 97510     cutoff  196       254.36997  242.80613  4.55%  34.0  725s
 193062 97342  248.64493  152   51  254.36997  242.80613  4.55%  33.7  734s
 195101 97160     cutoff  177       254.36997  242.80613  4.55%  33.5  739s
 197024 96669  249.49396  179   56  254.36997  242.88407  4.52%  33.2  742s
 197998 96907  248.69773  165   47  254.36997  243.36478  4.33%  33.1  748s
 200150 96821  247.64106  184   46  254.36997  243.36478  4.33%  32.9  754s
 202581 96243  243.48722  173   57  254.36997  243.44873  4.29%  32.6  758s
 203734 96443  250.87210  185   46  254.36997  243.44873  4.29%  32.5  765s
 206287 96084     cutoff  173       254.36997  243.44873  4.29%  32.3  772s
 209115 95154  253.96027  170   30  254.36997  243.46576  4.29%  32.0  775s
H209134 90224                     254.3269000  243.49156  4.26%  32.0  775s
 209178 90450 infeasible  171       254.32690  243.49156  4.26%  32.0  780s
 210779 90048  253.88287  181   27  254.32690  243.49865  4.26%  31.9  787s
 211327 89976     cutoff  182       254.32690  243.49865  4.26%  31.8  792s
 212173 90096  245.59333  156   41  254.32690  243.51536  4.25%  31.7  800s
 213919 90023  248.87472  166   46  254.32690  243.54625  4.24%  31.6  813s
 216130 90618  253.96650  191   16  254.32690  243.57635  4.23%  31.3  841s
 221894 89681  244.68927  171   50  254.32690  243.68693  4.18%  30.8  857s
 225892 88646     cutoff  177       254.32690  243.79413  4.14%  30.5  863s
 227508 89150     cutoff  169       254.32690  244.30643  3.94%  30.4  879s
 231641 88525  252.26903  199   15  254.32690  244.30643  3.94%  30.0  895s
 235564 87578 infeasible  169       254.32690  244.30643  3.94%  29.7  902s
 237539 87957     cutoff  155       254.32690  244.39927  3.90%  29.6  921s
 241993 87512     cutoff  182       254.32690  244.46523  3.88%  29.2  939s
 246673 86334  253.87533  180   28  254.32690  244.46523  3.88%  28.9  953s
 249080 87397     cutoff  210       254.32690  244.54853  3.84%  28.8  995s
 256927 85972  252.43643  182   16  254.32690  244.55973  3.84%  28.2 1016s
 261923 84870     cutoff  175       254.32690  244.55973  3.84%  27.9 1033s
 265809 84285     cutoff  151       254.32690  244.83088  3.73%  27.7 1045s
 269212 83879     cutoff  167       254.32690  245.09404  3.63%  27.4 1062s
 273288 82716     cutoff  192       254.32690  245.09404  3.63%  27.2 1069s
 274913 83226  247.74726  174   50  254.32690  245.19874  3.59%  27.1 1084s
 277716 82292  253.20150  169   65  254.32690  245.22146  3.58%  27.0 1085s
 279064 83342  245.48653  148   48  254.32690  245.36970  3.52%  26.9 1112s
 285025 81586     cutoff  170       254.32690  245.43500  3.50%  26.6 1119s
 286476 81905  252.44221  175   38  254.32690  245.48660  3.48%  26.5 1134s
 290372 81168  252.42983  166   51  254.32690  245.56580  3.44%  26.3 1151s
 294970 79875 infeasible  181       254.32690  245.57121  3.44%  26.1 1158s
 296581 80087  251.30644  182   38  254.32690  245.58253  3.44%  26.0 1173s
 300520 79569     cutoff  160       254.32690  245.58828  3.44%  25.8 1188s
 304690 78378  254.32223  164   18  254.32690  245.63053  3.42%  25.6 1196s
 306391 78588  251.99653  163   40  254.32690  245.63053  3.42%  25.6 1212s
 310518 77455  251.88289  162   43  254.32690  245.76433  3.37%  25.4 1224s
 312564 77570  253.90693  171   31  254.32690  245.76433  3.37%  25.3 1247s
 317781 77027     cutoff  196       254.32690  245.76433  3.37%  25.1 1273s
 323633 75439  250.34013  197   61  254.32690  245.81911  3.35%  24.9 1281s
 325572 76003  246.11993  200   61  254.32690  246.10965  3.23%  24.9 1300s
 330665 75261  250.19154  206   63  254.32690  246.11993  3.23%  24.7 1317s
 335021 74393  246.11993  212   57  254.32690  246.11993  3.23%  24.5 1325s
 337487 74620  252.39682  219   59  254.32690  246.11993  3.23%  24.4 1341s
 342015 73881     cutoff  166       254.32690  246.11993  3.23%  24.3 1361s
 346047 73204  251.56390  190   55  254.32690  246.11993  3.23%  24.2 1373s
 349338 72280  253.17797  244   42  254.32690  246.11993  3.23%  24.1 1379s
 351011 72538  252.47399  179   25  254.32690  246.14380  3.22%  24.0 1397s
 355800 71848  251.62808  208   55  254.32690  246.14774  3.22%  23.8 1418s
 361334 70298  246.67557  161   41  254.32690  246.37665  3.13%  23.6 1427s
 363271 70412  253.77573  164   35  254.32690  246.37665  3.13%  23.6 1443s
 367958 69633     cutoff  164       254.32690  246.37665  3.13%  23.4 1462s
 373143 68131  252.28828  166   62  254.32690  246.44818  3.10%  23.3 1476s
 375493 68372  249.70756  169   49  254.32690  246.50483  3.08%  23.2 1510s
 382880 66220  253.93397  174   42  254.32690  246.57279  3.05%  23.0 1518s
 385005 66341  250.49103  146   47  254.32690  246.57630  3.05%  22.9 1538s
 390175 65113     cutoff  176       254.32690  246.62623  3.03%  22.7 1554s
 394219 64625  251.98763  149   39  254.32690  246.71163  2.99%  22.6 1571s
 398807 63180     cutoff  176       254.32690  246.74133  2.98%  22.5 1578s
 400727 63192  252.89509  160   72  254.32690  246.77240  2.97%  22.5 1593s
 404813 61953  251.95663  164   58  254.32690  246.80583  2.96%  22.4 1605s
 406974 62329  251.90773  168   37  254.32690  246.83793  2.94%  22.3 1636s
 413736 60555  254.25688  154   40  254.32690  246.90005  2.92%  22.2 1644s
 416022 60489  251.17023  167   39  254.32690  246.90005  2.92%  22.1 1663s
 421102 59541     cutoff  215       254.32690  246.99919  2.88%  22.0 1678s
 425337 58385     cutoff  217       254.32690  246.99919  2.88%  21.9 1684s
 427094 58483     cutoff  234       254.32690  247.03975  2.87%  21.9 1701s
 431770 57709  252.17822  220   60  254.32690  247.10343  2.84%  21.7 1717s
 435955 58095     cutoff  165       254.32690  247.12126  2.83%  21.7 1741s
 441377 58276  250.50263  157   50  254.32690  247.21330  2.80%  21.5 1747s
 442920 58692  250.47773  178   40  254.32690  247.29953  2.76%  21.5 1760s
 446712 59404  253.38633  175   29  254.32690  247.31815  2.76%  21.4 1775s
 451332 59571  253.34893  207   56  254.32690  247.36679  2.74%  21.3 1782s
 453100 59926  251.88763  180   36  254.32690  247.38183  2.73%  21.3 1792s
 456061 60173  253.56793  163   30  254.32690  247.41483  2.72%  21.2 1802s
 458512 60424  252.04553  183   22  254.32690  247.45723  2.70%  21.1 1809s
 460833 61130  252.79153  168   39  254.32690  247.50539  2.68%  21.1 1829s
 466575 61320  253.10735  141   57  254.32690  247.54800  2.67%  21.0 1844s
 469529 61884     cutoff  167       254.32690  247.56576  2.66%  20.9 1865s
 475143 62063  249.77733  156   48  254.32690  247.63893  2.63%  20.8 1872s
 477213 62625  248.65463  150   51  254.32690  247.64979  2.63%  20.8 1888s
 481875 63371  253.53973  160   29  254.32690  247.69703  2.61%  20.7 1905s
 486956 63619     cutoff  171       254.32690  247.69703  2.61%  20.6 1911s
 488516 64275  252.73593  153   38  254.32690  247.69703  2.61%  20.6 1926s
 493027 64833     cutoff  156       254.32690  247.70514  2.60%  20.5 1942s
 498099 65015     cutoff  175       254.32690  247.83775  2.55%  20.4 1954s
 500133 65833     cutoff  234       254.32690  247.89000  2.53%  20.4 1984s
 505223 65833  247.95778  171   50  254.32690  247.89000  2.53%  20.3 1985s
 507281 66101     cutoff  208       254.32690  247.96863  2.50%  20.3 1990s
 508982 66704 infeasible  153       254.32690  247.98269  2.49%  20.3 2007s
 514048 67288  253.39892  201   50  254.32690  248.02113  2.48%  20.2 2023s
 518892 67897  251.24000  206   76  254.32690  248.05398  2.47%  20.1 2036s
 523051 68063  253.39054  209   44  254.32690  248.07690  2.46%  20.1 2042s
 524867 68849  248.12975  240   62  254.32690  248.07690  2.46%  20.0 2055s
 529103 69374  248.27266  244   82  254.32690  248.07690  2.46%  20.0 2072s
 533129 69453     cutoff  217       254.32690  248.12730  2.44%  19.9 2076s
 534630 69812     cutoff  201       254.32690  248.12730  2.44%  19.9 2082s
 536426 69822  248.18447  193   60  254.32690  248.13133  2.44%  19.9 2086s
 536475 69794  248.18447  194   61  254.32690  248.13133  2.44%  19.9 2092s
H536478 69794                     254.3268927  248.13133  2.44%  19.9 2092s
 536600 69992  248.18447  195   61  254.32689  248.13133  2.44%  19.9 2107s
 539244 70008     cutoff  209       254.32689  248.13643  2.43%  19.9 2110s
 539406 70128     cutoff  246       254.32689  248.13643  2.43%  19.9 2122s
 540419 70466  248.13643  230   68  254.32689  248.13643  2.43%  19.9 2140s
 543283 71459  248.16032  200   51  254.32689  248.14909  2.43%  19.8 2194s
 547072 71459  253.68357  226   58  254.32689  248.16030  2.42%  19.8 2195s
 551288 71863 infeasible  166       254.32689  248.18253  2.42%  19.7 2210s
 554094 72590  251.99863  155   38  254.32689  248.20259  2.41%  19.7 2249s
 560415 73100     cutoff  161       254.32689  248.29573  2.37%  19.6 2276s
 564794 73534  251.49663  161   40  254.32689  248.33923  2.35%  19.5 2298s
 568962 73710  253.38300  158   45  254.32689  248.38413  2.34%  19.5 2307s
 570746 74459  250.50277  174   45  254.32689  248.43693  2.32%  19.5 2326s
 574834 75311     cutoff  170       254.32689  248.46790  2.30%  19.4 2347s
 579026 75924  253.45144  182   52  254.32689  248.46790  2.30%  19.3 2366s
 583184 76106  252.38801  187   55  254.32689  248.46790  2.30%  19.3 2376s
 585203 76578     cutoff  174       254.32689  248.54323  2.27%  19.3 2394s
 588827 76964 infeasible  169       254.32689  248.57700  2.26%  19.2 2416s
 593147 77154     cutoff  166       254.32689  248.57866  2.26%  19.2 2431s
 595421 77730  250.78990  161   41  254.32689  248.62178  2.24%  19.1 2474s
 596027 77730  248.66048  192   44  254.32689  248.62623  2.24%  19.1 2475s
 602188 78321  252.88010  191   58  254.32689  248.63032  2.24%  19.1 2498s
 606464 78397     cutoff  159       254.32689  248.69643  2.21%  19.0 2509s
 608557 78757  254.24763  161   29  254.32689  248.69643  2.21%  19.0 2535s
 613384 78936  253.04463  149   39  254.32689  248.72837  2.20%  18.9 2546s
 615911 79043  252.42212  158   48  254.32689  248.74694  2.19%  18.9 2559s
 618366 79471     cutoff  157       254.32689  248.76873  2.19%  18.9 2586s
 623484 79756     cutoff  221       254.32689  248.83123  2.16%  18.8 2616s
 628374 79679     cutoff  181       254.32689  248.84473  2.16%  18.8 2625s
 630090 80222  248.96633  145   35  254.32689  248.89007  2.14%  18.8 2646s
 634422 80311 infeasible  207       254.32689  248.95693  2.11%  18.7 2655s
 636347 80476  249.90380  196   47  254.32689  248.96633  2.11%  18.7 2678s
 640920 80913  251.49605  202   66  254.32689  248.99350  2.10%  18.7 2703s
 645716 81218 infeasible  181       254.32689  249.03687  2.08%  18.6 2723s
 649823 81290  254.12203  153   44  254.32689  249.08186  2.06%  18.6 2731s
 651518 81684  253.08368  209   43  254.32689  249.08843  2.06%  18.6 2753s
 655936 81773 infeasible  224       254.32689  249.09794  2.06%  18.6 2768s
 658179 82534  253.05986  232   56  254.32689  249.09794  2.06%  18.5 2809s
 664871 82656     cutoff  205       254.32689  249.13215  2.04%  18.5 2818s
 666700 83002  249.15397  204   60  254.32689  249.13643  2.04%  18.5 2844s
 671827 83231     cutoff  185       254.32689  249.16288  2.03%  18.4 2873s
 677334 83462     cutoff  209       254.32689  249.17003  2.03%  18.4 2894s
 681512 83531     cutoff  143       254.32689  249.24965  2.00%  18.3 2904s
 683581 84060     cutoff  207       254.32689  249.27697  1.99%  18.3 2931s
 689070 84120  250.40286  175   44  254.32689  249.35118  1.96%  18.3 2947s
 691164 84785  253.40773  175   46  254.32689  249.38333  1.94%  18.3 2989s
 696863 84785     cutoff  154       254.32689  249.38333  1.94%  18.2 2990s
 698216 84792  253.47601  194   46  254.32689  249.41532  1.93%  18.2 2999s
 700145 85324  253.31883  191   44  254.32689  249.41813  1.93%  18.2 3025s
 705819 85635     cutoff  178       254.32689  249.41813  1.93%  18.2 3048s
 710199 85636  253.51054  229   43  254.32689  249.41813  1.93%  18.1 3063s
 712976 86092 infeasible  194       254.32689  249.41813  1.93%  18.1 3086s
 717492 86261  250.57392  166   52  254.32689  249.41813  1.93%  18.1 3096s
 719592 86437     cutoff  176       254.32689  249.59723  1.86%  18.0 3122s
 723893 86767  250.10507  153   56  254.32689  249.59753  1.86%  18.0 3142s
 728040 86940  253.64878  149   40  254.32689  249.63320  1.85%  18.0 3164s
 732585 86784 infeasible  220       254.32689  249.67062  1.83%  17.9 3173s
 734385 86834  249.76107  243   57  254.32689  249.68023  1.83%  17.9 3190s
 737990 86755     cutoff  171       254.32689  249.71593  1.81%  17.9 3201s
 740130 86908     cutoff  203       254.32689  249.71593  1.81%  17.9 3223s
 744502 87022     cutoff  167       254.32689  249.78073  1.79%  17.9 3238s
 747580 87257     cutoff  178       254.32689  249.79823  1.78%  17.8 3258s
 751571 87448  252.73613  186   22  254.32689  249.81473  1.77%  17.8 3272s
 753836 87663     cutoff  189       254.32689  249.83153  1.77%  17.8 3301s
 758789 88004  251.01507  204   63  254.32689  249.85249  1.76%  17.8 3330s
 763989 88332  252.89127  165   36  254.32689  249.88103  1.75%  17.7 3354s
 768660 88317     cutoff  181       254.32689  249.94433  1.72%  17.7 3362s
 770604 88307  250.00503  161   36  254.32689  249.94433  1.72%  17.7 3387s
 775279 88173 infeasible  223       254.32689  249.94433  1.72%  17.7 3409s
 775830 88173     cutoff  167       254.32689  249.94433  1.72%  17.7 3410s
 779758 88235     cutoff  198       254.32689  250.04063  1.69%  17.7 3432s
 784112 88174  254.00233  210   50  254.32689  250.06953  1.67%  17.6 3446s
 786085 88745  253.65270  213   47  254.32689  250.06967  1.67%  17.6 3494s
 789553 88745  253.23687  216   38  254.32689  250.06967  1.67%  17.6 3495s
 793995 88750     cutoff  220       254.32689  250.08608  1.67%  17.6 3504s
 795791 89136     cutoff  218       254.32689  250.10313  1.66%  17.6 3528s
 800549 89341  253.97283  189   52  254.32689  250.10313  1.66%  17.5 3553s
 805606 89363  253.65716  218   52  254.32689  250.13190  1.65%  17.5 3573s
 809528 89231     cutoff  227       254.32689  250.18104  1.63%  17.5 3582s
 811497 89259  250.22616  232   47  254.32689  250.18207  1.63%  17.5 3604s
 815889 89075     cutoff  164       254.32689  250.24193  1.61%  17.5 3615s
 818071 89038  250.30001  229   65  254.32689  250.29723  1.58%  17.5 3638s
 822731 88860     cutoff  191       254.32689  250.34043  1.57%  17.4 3659s
 825933 88704  252.32878  154   50  254.32689  250.34043  1.57%  17.4 3672s
 828426 89113 infeasible  229       254.32689  250.38595  1.55%  17.4 3705s
 834433 89125 infeasible  211       254.32689  250.43463  1.53%  17.4 3714s
 836404 89019  253.36503  158   16  254.32689  250.43463  1.53%  17.4 3743s
 841997 88976     cutoff  144       254.32689  250.45493  1.52%  17.3 3765s
 846207 88791     cutoff  151       254.32689  250.53645  1.49%  17.3 3787s
 850518 88789     cutoff  187       254.32689  250.57868  1.47%  17.3 3797s
 852717 88703     cutoff  191       254.32689  250.61573  1.46%  17.3 3818s
 856997 88495     cutoff  165       254.32689  250.65635  1.44%  17.2 3846s
 861728 88207  254.21653  158   32  254.32689  250.70235  1.43%  17.2 3862s
 865070 88262  253.02276  206   56  254.32689  250.74848  1.41%  17.2 3872s
 867162 88145     cutoff  214       254.32689  250.77413  1.40%  17.2 3894s
 871893 87976     cutoff  164       254.32689  250.81478  1.38%  17.2 3913s
 875738 87792  253.54038  199   52  254.32689  250.85548  1.36%  17.1 3923s
 877748 87898  254.00143  179   14  254.32689  250.87462  1.36%  17.1 3938s
 880859 87865  254.03643  176   27  254.32689  250.89550  1.35%  17.1 3947s
 882512 88003     cutoff  168       254.32689  250.90757  1.34%  17.1 3972s
 887301 88052  253.00001  207   55  254.32689  250.94923  1.33%  17.1 3999s
 892170 88056     cutoff  232       254.32689  250.96083  1.32%  17.1 4008s
 893890 88225  252.33705  227   44  254.32689  250.96374  1.32%  17.1 4029s
 898575 88374  251.99174  185   23  254.32689  250.99963  1.31%  17.0 4038s
 900348 88937  251.13614  180   32  254.32689  250.99963  1.31%  17.0 4062s
 905665 89346     cutoff  143       254.32689  251.03653  1.29%  17.0 4079s
 909128 89763  251.11152  185   58  254.32689  251.04403  1.29%  17.0 4088s
 911147 90363  252.42872  212   25  254.32689  251.04403  1.29%  17.0 4111s
 916525 90610  253.05424  207   23  254.32689  251.05603  1.29%  16.9 4134s
 920305 91199     cutoff  218       254.32689  251.07013  1.28%  16.9 4158s
 925538 91170     cutoff  224       254.32689  251.07013  1.28%  16.9 4166s
 927233 91223     cutoff  196       254.32689  251.07013  1.28%  16.9 4183s
 931078 91419  252.14892  213   54  254.32689  251.10357  1.27%  16.8 4203s
 935345 91479  251.13673  166   46  254.32689  251.11963  1.26%  16.8 4212s
 937087 91857  251.11963  217   51  254.32689  251.11963  1.26%  16.8 4231s
 941331 91983     cutoff  230       254.32689  251.11963  1.26%  16.8 4241s
 943408 92465     cutoff  172       254.32689  251.13643  1.25%  16.8 4260s
 947460 93323  252.52197  161   33  254.32689  251.15294  1.25%  16.8 4291s
 953069 93814  253.25353  212   53  254.32689  251.15503  1.25%  16.7 4306s
H956017 93814                     254.3268893  251.15503  1.25%  16.7 4307s
 956611 94085 infeasible  181       254.32689  251.15503  1.25%  16.7 4322s
H960399 94079                     254.3268891  251.17003  1.24%  16.7 4328s
 961241 94076  251.24413  151   46  254.32689  251.17003  1.24%  16.7 4336s
 962895 94354  253.44080  209   46  254.32689  251.17003  1.24%  16.7 4349s
 965835 94466  252.23477  189   39  254.32689  251.17583  1.24%  16.7 4357s
 967541 94660  254.21693  235   33  254.32689  251.17583  1.24%  16.7 4376s
 971856 95157  252.22760  172   46  254.32689  251.20393  1.23%  16.6 4400s
 976691 95546  251.46370  199   20  254.32689  251.20407  1.23%  16.6 4422s
 980532 95782     cutoff  191       254.32689  251.21563  1.22%  16.6 4432s
 982783 96240  251.35057  188   30  254.32689  251.21563  1.22%  16.6 4453s
 987375 97077     cutoff  220       254.32689  251.24824  1.21%  16.6 4479s
 992902 97593  253.32470  179   12  254.32689  251.24824  1.21%  16.5 4499s
 997229 97997     cutoff  155       254.32689  251.26843  1.20%  16.5 4520s
 1001924 98066     cutoff  202       254.32689  251.26843  1.20%  16.5 4528s
 1003659 98315     cutoff  157       254.32689  251.26843  1.20%  16.5 4546s
 1007873 98283  253.38903  181   29  254.32689  251.26843  1.20%  16.5 4561s
 1010078 98569  252.64948  163   39  254.32689  251.26843  1.20%  16.5 4604s
 1018010 98548  251.41379  177   48  254.32689  251.37100  1.16%  16.4 4614s
 1019759 98663  251.66942  201   58  254.32689  251.38103  1.16%  16.4 4633s
 1023628 98681  251.41468  216   55  254.32689  251.39043  1.15%  16.4 4641s
 1025604 98782     cutoff  208       254.32689  251.39370  1.15%  16.4 4661s
 1029859 98832     cutoff  211       254.32689  251.40163  1.15%  16.4 4685s
 1034681 98934     cutoff  151       254.32689  251.43463  1.14%  16.4 4695s
 1036724 99220     cutoff  197       254.32689  251.43463  1.14%  16.4 4718s
 1041235 99264     cutoff  190       254.32689  251.44368  1.13%  16.3 4733s
 1044513 99439 infeasible  193       254.32689  251.48032  1.12%  16.3 4742s
 1046428 99709     cutoff  153       254.32689  251.48953  1.12%  16.3 4759s
 1047883 99709     cutoff  175       254.32689  251.48953  1.12%  16.3 4760s
 1049990 100195     cutoff  167       254.32689  251.48998  1.12%  16.3 4786s
 1055779 100474     cutoff  166       254.32689  251.49883  1.11%  16.3 4806s
 1060425 100534     cutoff  182       254.32689  251.52000  1.10%  16.2 4821s
 1063546 100588  254.06758  171   18  254.32689  251.53183  1.10%  16.2 4830s
 1065600 100765  253.41941  189   35  254.32689  251.56183  1.09%  16.2 4846s
 1069079 101248  251.64903  169   45  254.32689  251.56183  1.09%  16.2 4874s
 1074237 101571  253.61575  150   39  254.32689  251.59668  1.07%  16.2 4889s
 1077978 101612     cutoff  189       254.32689  251.59783  1.07%  16.2 4897s
 1079572 101856  253.71564  187   26  254.32689  251.59809  1.07%  16.2 4915s
 1083834 101842     cutoff  203       254.32689  251.63307  1.06%  16.1 4923s
 1085464 102156  253.71993  188   23  254.32689  251.64903  1.05%  16.1 4943s
 1090072 102167     cutoff  158       254.32689  251.66503  1.05%  16.1 4952s
 1091781 102386  252.98472  189   27  254.32689  251.66503  1.05%  16.1 4968s
 1095443 102700  253.57249  194   25  254.32689  251.67876  1.04%  16.1 4991s
 1100401 102777  251.72393  188   31  254.32689  251.68393  1.04%  16.1 5004s
 1102394 103147 infeasible  179       254.32689  251.68393  1.04%  16.1 5043s
 1109222 103531  252.82238  191   27  254.32689  251.70808  1.03%  16.1 5071s
 1114543 103805     cutoff  184       254.32689  251.73112  1.02%  16.0 5079s
 1116482 104571  252.87923  139   45  254.32689  251.73193  1.02%  16.0 5105s
 1121848 104875  253.84473  172   54  254.32689  251.74123  1.02%  16.0 5122s
 1125421 105362  251.76583  200   31  254.32689  251.74223  1.02%  16.0 5145s
 1130565 105497  253.07655  215   17  254.32689  251.74223  1.02%  16.0 5172s
 1135344 105424     cutoff  194       254.32689  251.74223  1.02%  16.0 5186s
 1138407 105354     cutoff  202       254.32689  251.78043  1.00%  16.0 5194s
 1140416 105682  252.50223  170   21  254.32689  251.78613  1.00%  16.0 5211s
 1144058 106774     cutoff  170       254.32689  251.79309  1.00%  15.9 5235s
 1149399 107981     cutoff  193       254.32689  251.80002  0.99%  15.9 5258s
 1154319 108419  252.63096  172   25  254.32689  251.80843  0.99%  15.9 5266s
 1156062 109275  253.76510  168   16  254.32689  251.81873  0.99%  15.9 5287s
 1161009 109495  251.86513  180   47  254.32689  251.81876  0.99%  15.9 5304s
 1161066 109495  253.89280  170   14  254.32689  251.81876  0.99%  15.9 5305s
 1163720 110636  253.32723  213   62  254.32689  251.82043  0.99%  15.8 5333s
 1169664 110802     cutoff  199       254.32689  251.82043  0.99%  15.8 5344s
 1170975 111164  253.98349  188   17  254.32689  251.82043  0.99%  15.8 5354s
 1173227 112407  252.48449  188   18  254.32689  251.85473  0.97%  15.8 5386s
 1180027 113211  252.94993  203   19  254.32689  251.85473  0.97%  15.8 5408s
 1185241 113276  252.45192  189   16  254.32689  251.85500  0.97%  15.7 5417s
 1187305 113619  253.21573  175   33  254.32689  251.86513  0.97%  15.7 5431s
 1190995 114024  252.68517  165   42  254.32689  251.86513  0.97%  15.7 5459s
 1196190 114052  253.65094  187   23  254.32689  251.88121  0.96%  15.7 5467s
 1198256 114257  251.99774  171   30  254.32689  251.88257  0.96%  15.7 5480s
 1201659 115063  254.01542  187   17  254.32689  251.89393  0.96%  15.7 5500s
 1206548 115543     cutoff  192       254.32689  251.90126  0.95%  15.6 5508s
 1208542 116950  251.96987  178   20  254.32689  251.90508  0.95%  15.6 5531s
 1213983 117822  251.93035  185   23  254.32689  251.91053  0.95%  15.6 5542s
 1216866 118948     cutoff  202       254.32689  251.91053  0.95%  15.6 5562s
 1221969 120165     cutoff  130       254.32689  251.91773  0.95%  15.6 5591s
 1227818 120389     cutoff  198       254.32689  251.91773  0.95%  15.5 5597s
 1229252 121138  251.92163  165   42  254.32689  251.91773  0.95%  15.5 5614s
 1230228 121138     cutoff  179       254.32689  251.91773  0.95%  15.5 5615s
 1233814 121616     cutoff  164       254.32689  251.91773  0.95%  15.5 5630s
 1237620 121998  253.12916  217   21  254.32689  251.92813  0.94%  15.5 5644s
 1241427 122230  253.64241  190   21  254.32689  251.93197  0.94%  15.5 5655s
 1244278 122337  252.08816  192   29  254.32689  251.93197  0.94%  15.5 5663s
 1245933 123142  251.95350  177   26  254.32689  251.93287  0.94%  15.5 5682s
 1250843 123977  252.08076  189   27  254.32689  251.94497  0.94%  15.4 5702s
 1254455 124504  254.18141  192    6  254.32689  251.94648  0.94%  15.4 5711s
 1256831 125658  254.17462  198   12  254.32689  251.94653  0.94%  15.4 5741s
 1263453 126732  252.04684  188   19  254.32689  251.94653  0.94%  15.4 5763s
 1268360 127724  253.63538  195   22  254.32689  251.94653  0.94%  15.4 5782s
 1273251 128482  252.07557  192   24  254.32689  251.95373  0.93%  15.3 5798s
 1277543 128641  254.06275  176   13  254.32689  251.95408  0.93%  15.3 5808s
 1280257 128776     cutoff  190       254.32689  251.95723  0.93%  15.3 5821s
 1282592 129621     cutoff  229       254.32689  251.95927  0.93%  15.3 5863s
 1290401 129997  254.10513  175   33  254.32689  251.96533  0.93%  15.3 5878s
 1293829 130414  253.28288  203    8  254.32689  251.96590  0.93%  15.3 5898s
 1298797 130727     cutoff  195       254.32689  251.96590  0.93%  15.2 5916s
 1303173 130636 infeasible  184       254.32689  251.96590  0.93%  15.2 5924s
 1304930 130636     cutoff  185       254.32689  251.96590  0.93%  15.2 5925s
 1305108 130779     cutoff  197       254.32689  251.97813  0.92%  15.2 5937s
 1308340 130685     cutoff  192       254.32689  251.98213  0.92%  15.2 5945s
 1310156 131181  253.88593  149   29  254.32689  251.98213  0.92%  15.2 5967s
 1315181 132026  252.62580  194   13  254.32689  251.99383  0.92%  15.2 5986s
 1318816 132499  252.83259  212   36  254.32689  251.99813  0.92%  15.2 5996s
 1321409 132963  252.09420  185   28  254.32689  251.99813  0.92%  15.2 6023s
 1327417 133718  252.01369  190   24  254.32689  251.99863  0.92%  15.1 6043s
 1332128 134999     cutoff  190       254.32689  252.00317  0.91%  15.1 6062s
 1336705 136093  253.08497  186   13  254.32689  252.00953  0.91%  15.1 6081s
 1341218 136781  252.26937  178   15  254.32689  252.00953  0.91%  15.1 6090s
 1343738 137234 infeasible  208       254.32689  252.00953  0.91%  15.1 6097s
 1345496 137778  252.86294  213   26  254.32689  252.01013  0.91%  15.1 6123s
 1350936 138179     cutoff  204       254.32689  252.01013  0.91%  15.0 6138s
 1354480 138916  254.25971  192   16  254.32689  252.01303  0.91%  15.0 6152s
 1358269 139796  253.61703  202   10  254.32689  252.01845  0.91%  15.0 6168s
 1362514 139954  254.13037  210   34  254.32689  252.01853  0.91%  15.0 6174s
 1363927 140578  252.03623  197   49  254.32689  252.01853  0.91%  15.0 6192s
 1368133 140674  252.57420  174   19  254.32689  252.02007  0.91%  15.0 6199s
 1369978 140841  252.17474  196   18  254.32689  252.02007  0.91%  15.0 6211s
 1372852 141019     cutoff  177       254.32689  252.02640  0.90%  15.0 6227s
 1376914 141202     cutoff  192       254.32689  252.03155  0.90%  14.9 6255s
 1381979 141231  252.96729  232    9  254.32689  252.03850  0.90%  14.9 6264s
 1383774 141936  252.04553  189   23  254.32689  252.04043  0.90%  14.9 6276s
 1386792 143336  252.09682  187   20  254.32689  252.04464  0.90%  14.9 6301s
 1392545 143631  252.10403  181   17  254.32689  252.04553  0.90%  14.9 6310s
 1394497 143806  252.05104  204   20  254.32689  252.04553  0.90%  14.9 6330s
 1399250 144934     cutoff  181       254.32689  252.04740  0.90%  14.9 6349s
 1403893 145683  252.11045  198   19  254.32689  252.05397  0.89%  14.8 6360s
 1406673 146502  252.95230  229   30  254.32689  252.05397  0.89%  14.8 6384s
 1411424 146494  252.95703  158   32  254.32689  252.05397  0.89%  14.8 6392s
 1413074 146807     cutoff  182       254.32689  252.05483  0.89%  14.8 6412s
 1417799 147170     cutoff  193       254.32689  252.05483  0.89%  14.8 6432s
 1422622 147217  253.37999  208   54  254.32689  252.06172  0.89%  14.8 6440s
 1424426 147521  253.48863  180   10  254.32689  252.06404  0.89%  14.8 6459s
 1424746 147521     cutoff  211       254.32689  252.06404  0.89%  14.8 6460s
 1429117 147606  254.31883  216   31  254.32689  252.06914  0.89%  14.8 6469s
 1431161 147738  254.24130  164   30  254.32689  252.06943  0.89%  14.8 6481s
 1434332 147950  252.08700  196   21  254.32689  252.07493  0.89%  14.8 6499s
 1438416 147920     cutoff  208       254.32689  252.07599  0.89%  14.7 6514s
 1440504 147920     cutoff  209       254.32689  252.07599  0.89%  14.7 6515s
 1441017 148682     cutoff  181       254.32689  252.07993  0.88%  14.7 6547s
 1447860 149285  252.09713  175   22  254.32689  252.08603  0.88%  14.7 6560s
 1450652 149632     cutoff  197       254.32689  252.08603  0.88%  14.7 6569s
 1452689 150350     cutoff  191       254.32689  252.08603  0.88%  14.7 6593s
 1458351 150851  254.13862  190   12  254.32689  252.08608  0.88%  14.7 6606s
 1461373 151888  252.10734  197   18  254.32689  252.08993  0.88%  14.7 6629s
 1466482 152570     cutoff  213       254.32689  252.09600  0.88%  14.7 6649s
 1471276 153060     cutoff  241       254.32689  252.09713  0.88%  14.6 6663s
 1473535 154290  252.24404  194   13  254.32689  252.09713  0.88%  14.6 6691s
 1479014 155158  253.38693  206   11  254.32689  252.09713  0.88%  14.6 6722s
 1485303 155982     cutoff  192       254.32689  252.10193  0.87%  14.6 6746s
 1490274 156953  252.10913  178   22  254.32689  252.10193  0.87%  14.6 6764s
 1494655 157354  252.21557  190   15  254.32689  252.10913  0.87%  14.6 6773s
 1496613 158524  252.11160  183   77  254.32689  252.10913  0.87%  14.6 6795s
 1501906 159267     cutoff  191       254.32689  252.11033  0.87%  14.5 6821s
 1506892 159682  254.00773  205   16  254.32689  252.11033  0.87%  14.5 6838s
 1510973 159664  254.30235  204   14  254.32689  252.11033  0.87%  14.5 6844s
 1512337 159916  252.26646  199   15  254.32689  252.11288  0.87%  14.5 6860s
 1516323 159912     cutoff  210       254.32689  252.11387  0.87%  14.5 6873s
 1519186 159871     cutoff  204       254.32689  252.11929  0.87%  14.5 6880s
 1520898 160375     cutoff  162       254.32689  252.12041  0.87%  14.5 6901s
 1525858 160782  252.12832  208   52  254.32689  252.12233  0.87%  14.5 6918s
 1529699 160657     cutoff  189       254.32689  252.12233  0.87%  14.5 6927s
 1531489 160941  252.13116  199   59  254.32689  252.12233  0.87%  14.5 6945s
 1535968 160927 infeasible  186       254.32689  252.12832  0.86%  14.4 6959s
 1537900 161110     cutoff  208       254.32689  252.12832  0.86%  14.4 6995s
 1544356 161247     cutoff  201       254.32689  252.13883  0.86%  14.4 7014s
 1548069 161595  254.24533  171   21  254.32689  252.14087  0.86%  14.4 7024s
 1550500 162228     cutoff  194       254.32689  252.14180  0.86%  14.4 7044s
 1551657 162228     cutoff  191       254.32689  252.14180  0.86%  14.4 7045s
 1555031 162921     cutoff  184       254.32689  252.14633  0.86%  14.4 7072s
 1560794 163316     cutoff  193       254.32689  252.14633  0.86%  14.4 7097s
 1565784 164175  253.86387  182   16  254.32689  252.15147  0.86%  14.4 7125s
 1571182 164234  252.32318  211   19  254.32689  252.15323  0.85%  14.4 7132s
 1572844 164593     cutoff  181       254.32689  252.15323  0.85%  14.4 7148s
 1576884 164947     cutoff  181       254.32689  252.15503  0.85%  14.4 7164s
 1580744 164983     cutoff  207       254.32689  252.15563  0.85%  14.3 7172s
 1582320 165323  253.05584  199   22  254.32689  252.15563  0.85%  14.3 7192s
 1587091 165194  252.56341  182   30  254.32689  252.16157  0.85%  14.3 7200s

Cutting planes:
  Implied bound: 32
  MIR: 4
  Flow cover: 36
  Relax-and-lift: 43

Explored 1588486 nodes (22797418 simplex iterations) in 7201.09 seconds (1017.62 work units)
Thread count was 32 (of 96 available processors)

Solution count 10: 254.327 254.327 254.327 ... 261.544

Time limit reached
Best objective 2.543268890741e+02, best bound 2.521635737962e+02, gap 0.8506%

User-callback calls 3433373, time in user-callback 4.00 sec
