
Gurobi 11.0.0 (win64) logging started Sun Sep 21 02:27:28 2025

Set parameter LogFile to value "log_group_6/bound_Expr221_s5_l1051_s11_e12_o20_d40_t1200_s11_1_0_0_0.log"
Gurobi Optimizer version 11.0.0 build v11.0.0rc2 (win64 - Windows 11+.0 (22631.2))

CPU model: 13th Gen Intel(R) Core(TM) i7-13650HX, instruction set [SSE2|AVX|AVX2]
Thread count: 14 physical cores, 20 logical processors, using up to 20 threads

Optimize a model with 171070 rows, 170310 columns and 1695870 nonzeros
Model fingerprint: 0x4fe09669
Variable types: 310 continuous, 170000 integer (170000 binary)
Coefficient statistics:
  Matrix range     [1e+00, 8e+02]
  Objective range  [1e+00, 1e+00]
  Bounds range     [1e+00, 1e+03]
  RHS range        [1e+00, 8e+02]
Presolve removed 164790 rows and 164790 columns
Presolve time: 1.02s
Presolved: 6280 rows, 5520 columns, 51945 nonzeros
Variable types: 270 continuous, 5250 integer (5250 binary)
Found heuristic solution: objective 4070.2241667

Root relaxation: objective 0.000000e+00, 4614 iterations, 0.83 seconds (0.62 work units)

    Nodes    |    Current Node    |     Objective Bounds      |     Work
 Expl Unexpl |  Obj  Depth IntInf | Incumbent    BestBd   Gap | It/Node Time

     0     0    0.00000    0   45 4070.22417    0.00000   100%     -    3s
H    0     0                    2486.7417000    0.00000   100%     -    3s
H    0     0                    2125.8210000    0.00000   100%     -    4s
     0     0    0.00000    0  156 2125.82100    0.00000   100%     -    4s
H    0     0                     881.9411667    0.00000   100%     -    5s
     0     0    0.00000    0  145  881.94117    0.00000   100%     -    5s
     0     0    0.00000    0   52  881.94117    0.00000   100%     -    7s
H    0     0                     576.4091000    0.00000   100%     -    7s
     0     0    0.00000    0   56  576.40910    0.00000   100%     -    7s
H    0     0                     504.4509000    0.00000   100%     -   11s
     0     0    0.00000    0   50  504.45090    0.00000   100%     -   14s
H    0     0                     456.3165667    0.00000   100%     -   15s
     0     0    0.00000    0   50  456.31657    0.00000   100%     -   17s
H    0     2                     316.1343667    0.00000   100%     -   20s
     0     2    0.00000    0   42  316.13437    0.00000   100%     -   20s
H   26    24                     314.3959667    0.00000   100%   367   26s
H   27    24                     216.4689667    0.00000   100%   359   26s
H   33    24                     188.1372667    0.00000   100%   318   26s
    40    18    0.00000    6   93  188.13727    0.00000   100%   313   30s
H   43    18                     164.2072667    0.00000   100%   334   30s
H   52    18                     153.4561333    0.00000   100%   356   30s
H   77    13                     146.1933333    0.00000   100%   462   36s
H   80    13                     113.3076333    0.00000   100%   505   36s
   106     3    6.99155   12  109  113.30763    0.70663  99.4%   610   40s
   139     4   35.29754   20  234  113.30763    1.87160  98.3%   533   46s
   177     3   82.47968   34   89  113.30763   82.47968  27.2%   473   50s
  1088    66     cutoff  117       113.30763  113.08083  0.20%  84.4   55s

Cutting planes:
  Gomory: 2
  Cover: 8
  Implied bound: 205
  MIR: 22
  Zero half: 3
  RLT: 25
  Relax-and-lift: 476

Explored 1481 nodes (119613 simplex iterations) in 55.53 seconds (19.57 work units)
Thread count was 20 (of 20 available processors)

Solution count 10: 113.308 153.456 164.207 ... 576.409

Optimal solution found (tolerance 1.00e-04)
Best objective 1.133076333333e+02, best bound 1.133076333333e+02, gap 0.0000%

User-callback calls 5031, time in user-callback 0.20 sec
