
Gurobi 10.0.3 (win64) logging started Sun Sep 21 05:06:29 2025

Set parameter LogFile to value "log_group_6/bound_Expr285_s5_l1051_s11_e12_o20_d44_t1200_s15_1_0_1_1.log"
Gurobi Optimizer version 10.0.3 build v10.0.3rc0 (win64)

CPU model: 11th Gen Intel(R) Core(TM) i7-11700 @ 2.50GHz, instruction set [SSE2|AVX|AVX2|AVX512]
Thread count: 8 physical cores, 16 logical processors, using up to 16 threads

Optimize a model with 81214 rows, 80310 columns and 999940 nonzeros
Model fingerprint: 0x71622170
Variable types: 310 continuous, 80000 integer (80000 binary)
Coefficient statistics:
  Matrix range     [1e+00, 9e+02]
  Objective range  [1e+00, 1e+00]
  Bounds range     [1e+00, 1e+03]
  RHS range        [1e+00, 9e+02]
Presolve removed 79805 rows and 79197 columns
Presolve time: 0.54s
Presolved: 1409 rows, 1113 columns, 15778 nonzeros
Variable types: 110 continuous, 1003 integer (1002 binary)
Found heuristic solution: objective 425.3096333

Root relaxation: objective 1.061409e+02, 226 iterations, 0.00 seconds (0.01 work units)

    Nodes    |    Current Node    |     Objective Bounds      |     Work
 Expl Unexpl |  Obj  Depth IntInf | Incumbent    BestBd   Gap | It/Node Time

     0     0  106.14090    0   20  425.30963  106.14090  75.0%     -    0s
H    0     0                     160.6314333  106.14090  33.9%     -    0s
H    0     0                     122.4197667  106.14090  13.3%     -    0s
H    0     0                     117.6845000  106.14090  9.81%     -    0s
     0     0  106.14090    0   76  117.68450  106.14090  9.81%     -    0s
H    0     0                     113.4826000  106.14090  6.47%     -    0s
     0     0  106.14090    0   75  113.48260  106.14090  6.47%     -    0s
     0     0  106.14090    0   51  113.48260  106.14090  6.47%     -    0s
     0     0  106.14090    0  107  113.48260  106.14090  6.47%     -    0s
     0     0  106.14090    0  100  113.48260  106.14090  6.47%     -    0s
     0     0  106.14090    0   60  113.48260  106.14090  6.47%     -    0s
     0     0  106.14090    0   65  113.48260  106.14090  6.47%     -    1s
     0     0  106.14379    0   70  113.48260  106.14379  6.47%     -    1s
     0     0  106.14379    0   59  113.48260  106.14379  6.47%     -    1s
     0     0  106.14424    0   52  113.48260  106.14424  6.47%     -    1s
     0     0  107.42790    0   61  113.48260  107.42790  5.34%     -    1s
     0     0  107.42790    0   57  113.48260  107.42790  5.34%     -    1s
     0     0  107.44687    0   62  113.48260  107.44687  5.32%     -    1s
     0     0  107.44687    0   57  113.48260  107.44687  5.32%     -    1s
     0     0  107.44687    0   57  113.48260  107.44687  5.32%     -    1s
H    0     0                     113.3978000  107.44687  5.25%     -    1s
H    0     0                     113.3506667  107.44687  5.21%     -    1s
H    0     0                     113.3506333  107.44687  5.21%     -    1s
H    0     0                     113.3481333  107.44687  5.21%     -    1s
H    0     0                     113.2475000  107.44687  5.12%     -    1s
     0     0  107.50614    0   60  113.24750  107.50614  5.07%     -    1s
     0     0  107.50995    0   63  113.24750  107.50995  5.07%     -    1s
     0     0  107.50995    0   64  113.24750  107.50995  5.07%     -    1s
     0     0  107.51005    0   61  113.24750  107.51005  5.07%     -    1s
     0     0  107.52066    0   68  113.24750  107.52066  5.06%     -    1s
     0     0  107.52074    0   68  113.24750  107.52074  5.06%     -    1s
     0     0  107.52893    0   34  113.24750  107.52893  5.05%     -    1s
     0     0  107.52913    0   32  113.24750  107.52913  5.05%     -    1s
     0     0  107.96049    0   18  113.24750  107.96049  4.67%     -    1s
     0     0  107.96049    0   23  113.24750  107.96049  4.67%     -    1s
H    0     0                     113.1818667  107.96049  4.61%     -    1s
     0     0  108.71490    0   27  113.18187  108.71490  3.95%     -    1s
     0     0  108.90622    0   28  113.18187  108.90622  3.78%     -    1s
     0     0  108.91274    0   25  113.18187  108.91274  3.77%     -    1s
     0     0  108.91661    0   24  113.18187  108.91661  3.77%     -    1s
     0     0  110.29591    0   33  113.18187  110.29591  2.55%     -    1s
     0     0  110.32459    0   36  113.18187  110.32459  2.52%     -    1s
     0     0  110.32459    0   37  113.18187  110.32459  2.52%     -    1s
     0     0  111.73041    0   28  113.18187  111.73041  1.28%     -    1s
     0     0  111.88438    0   25  113.18187  111.88438  1.15%     -    1s
     0     0  111.88438    0   27  113.18187  111.88438  1.15%     -    1s
     0     0  112.56240    0   15  113.18187  112.56240  0.55%     -    1s
     0     0  112.56240    0   16  113.18187  112.56240  0.55%     -    1s
H    0     0                     113.1344000  112.56240  0.51%     -    1s
     0     0  112.56440    0   24  113.13440  112.56440  0.50%     -    1s
     0     0  112.56440    0   21  113.13440  112.56440  0.50%     -    1s
     0     0  112.56441    0   27  113.13440  112.56441  0.50%     -    1s
     0     0  112.57304    0   34  113.13440  112.57304  0.50%     -    1s
     0     0  112.57304    0   33  113.13440  112.57304  0.50%     -    1s
     0     0  112.57304    0   29  113.13440  112.57304  0.50%     -    1s
     0     0  112.57304    0   29  113.13440  112.57304  0.50%     -    1s
H    0     0                     113.1157333  112.57304  0.48%     -    1s
     0     2  112.58390    0   28  113.11573  112.58390  0.47%     -    1s

Cutting planes:
  Gomory: 2
  Cover: 2
  Implied bound: 6
  Clique: 3
  MIR: 7
  StrongCG: 1
  GUB cover: 3
  Zero half: 1
  RLT: 10
  Relax-and-lift: 21

Explored 54 nodes (8591 simplex iterations) in 1.81 seconds (3.23 work units)
Thread count was 16 (of 16 available processors)

Solution count 10: 113.116 113.134 113.182 ... 122.42

Optimal solution found (tolerance 1.00e-04)
Best objective 1.131157333333e+02, best bound 1.131157333333e+02, gap 0.0000%

User-callback calls 1625, time in user-callback 0.01 sec
