
Gurobi 10.0.0 (win64) logging started Sat Sep 20 16:12:47 2025

Set parameter LogFile to value "log_group_6/bound_Expr35_s7_l1051_s11_e12_o40_d80_t7200_s35_0_0_0_0.log"
Gurobi Optimizer version 10.0.0 build v10.0.0rc2 (win64)

CPU model: Intel(R) Core(TM) i7-10700 CPU @ 2.90GHz, instruction set [SSE2|AVX|AVX2]
Thread count: 8 physical cores, 16 logical processors, using up to 16 threads

Optimize a model with 659203 rows, 658470 columns and 5268836 nonzeros
Model fingerprint: 0xf97ddd24
Variable types: 470 continuous, 658000 integer (658000 binary)
Coefficient statistics:
  Matrix range     [1e+00, 9e+02]
  Objective range  [1e+00, 1e+00]
  Bounds range     [1e+00, 1e+03]
  RHS range        [1e+00, 9e+02]
Presolve removed 641320 rows and 641280 columns
Presolve time: 2.50s
Presolved: 17883 rows, 17190 columns, 118300 nonzeros
Variable types: 390 continuous, 16800 integer (16800 binary)
Found heuristic solution: objective 1341.9799333
Deterministic concurrent LP optimizer: primal and dual simplex
Showing first log only...

Concurrent spin time: 0.00s

Solved with primal simplex

Root relaxation: objective 0.000000e+00, 725 iterations, 0.14 seconds (0.18 work units)

    Nodes    |    Current Node    |     Objective Bounds      |     Work
 Expl Unexpl |  Obj  Depth IntInf | Incumbent    BestBd   Gap | It/Node Time

     0     0    0.00000    0   80 1341.97993    0.00000   100%     -    3s
H    0     0                    1217.5222333    0.00000   100%     -    3s
     0     0    0.00000    0   88 1217.52223    0.00000   100%     -    4s
H    0     0                     436.3517333    0.00000   100%     -    5s
     0     0    0.00000    0   88  436.35173    0.00000   100%     -    5s
     0     0    0.00000    0   81  436.35173    0.00000   100%     -    7s
H    0     0                     426.3159000    0.00000   100%     -    8s
H    0     0                     358.3354667    0.00000   100%     -    8s
     0     0    0.00000    0   82  358.33547    0.00000   100%     -    8s
H    0     0                     344.5351667    0.00000   100%     -   10s
H    0     0                     337.3085667    0.00000   100%     -   10s
H    0     0                     331.7157333    0.00000   100%     -   10s
     0     0    0.00000    0   80  331.71573    0.00000   100%     -   10s
     0     0    0.00000    0   80  331.71573    0.00000   100%     -   10s
     0     0    0.00000    0   81  331.71573    0.00000   100%     -   11s
     0     0    0.00000    0   80  331.71573    0.00000   100%     -   12s
H    0     0                     327.1656948    0.00000   100%     -   13s
     0     2    0.00000    0   80  327.16569    0.00000   100%     -   14s
    18    17    0.00000    5   80  327.16569    0.00000   100%   154   15s
H   26    21                     319.2827000    0.00000   100%   147   17s
H   27    21                     312.5615991    0.00000   100%   142   17s
H   31    21                     307.0182000    0.00000   100%   125   17s
H   34    24                     307.0181992    0.00000   100%   160   19s
H   35    24                     302.4528000    0.00000   100%   158   19s
H   38    24                     302.0223000    0.00000   100%   157   19s
    42    30    0.00000    8   81  302.02230    0.00000   100%   225   20s
   303   241    0.00000   45   81  302.02230    0.00000   100%   116   25s
   522   387    0.00000   90   81  302.02230    0.00000   100%  82.0   31s
H  526   387                     302.0222995    0.00000   100%  81.4   31s
H  527   387                     302.0222990    0.00000   100%  81.2   31s
H  529   387                     301.0621997    0.00000   100%  82.1   31s
H  710   613                     299.1420000    0.00000   100%  66.2   34s
   792   782    0.00000  141   82  299.14200    0.00000   100%  62.9   36s
H 1208   989                     299.1385302    0.00000   100%  46.1   37s
  1563  1503    0.00000  232   80  299.13853    0.00000   100%  40.5   41s
  2023  1957    0.00000  274   81  299.13853    0.00000   100%  35.9   45s
  3155  3276    0.00000  408   81  299.13853    0.00000   100%  28.5   52s
  4125  4134    0.00000  543   80  299.13853    0.00000   100%  24.5   56s
  5514  4982    0.00000  786   82  299.13853    0.00000   100%  21.5   62s
  6028  5935    0.00000  904   80  299.13853    0.00000   100%  20.9   66s
  8209  7083  134.24380  766   80  299.13853    0.00000   100%  18.4  172s
  8211  7084    0.00000 1123   83  299.13853    0.00000   100%  18.4  188s
  8212  7085    0.00000  520   81  299.13853    0.00000   100%  18.4  208s
H 8212  6730                     299.1330000    0.00000   100%  18.4  212s
H 8213  6395                     299.0880000    0.00000   100%  18.4  227s
  8215  6396  195.79943  762   81  299.08800    0.00000   100%  18.4  232s
  8216  6397  255.43787  829   81  299.08800    0.00000   100%  18.4  253s
  8217  6397    0.00000  237   80  299.08800    0.00000   100%  18.4  264s
  8218  6398  132.91160  366   81  299.08800    0.00000   100%  18.4  278s
  8219  6399  121.19407  326   81  299.08800    0.00000   100%  18.4  283s
  8220  6399  121.19407  509   80  299.08800    0.00000   100%  18.4  296s
  8221  6400  195.79943  870   80  299.08800    0.00000   100%  18.4  300s
  8222  6401    0.00000  503   80  299.08800    0.00000   100%  18.4  325s
  8223  6404    0.00000   11   80  299.08800    0.00000   100%  20.1  331s
  8225  6408    0.00000   12   80  299.08800    0.00000   100%  20.1  341s
  8229  6413    0.00000   13   80  299.08800    0.00000   100%  20.1  364s
  8237  6416    0.00000   14   80  299.08800    0.00000   100%  21.0  384s
  8245  6416   82.32413   14   78  299.08800    0.00000   100%  21.4  404s
  8253  6419    0.00000   15   82  299.08800    0.00000   100%  22.1  440s
H 8255  6098                     299.0879996    0.00000   100%  22.1  440s
H 8256  5793                     299.0862390    0.00000   100%  22.1  440s
H 8260  5503                     299.0845208    0.00000   100%  22.1  440s
  8261  5508   69.85257   15   78  299.08452    0.00000   100%  22.1  460s
  8269  5515    0.00000   16   81  299.08452    0.00000   100%  22.5  482s
  8299  5521    0.00000   18   81  299.08452    0.00000   100%  23.2  485s
  8349  5534    0.00000   22   80  299.08452    0.00000   100%  23.3  492s
  8400  5547    0.00000   26   80  299.08452    0.00000   100%  23.6  497s
  8417  5566    0.00000   27   80  299.08452    0.00000   100%  23.8  500s
  8476  5579    0.00000   32   80  299.08452    0.00000   100%  23.8  507s
  8540  5616    0.00000   37   80  299.08452    0.00000   100%  23.9  512s
  8583  5612    0.00000   41   80  299.08452    0.00000   100%  23.9  515s
  8655  5654  130.23333   47   78  299.08452    0.00000   100%  24.0  520s
  8724  5701  130.23333   55   78  299.08452    0.00000   100%  24.1  525s
  8772  5705  130.23333   61   78  299.08452    0.00000   100%  24.2  536s
  8838  5749  130.29767   68   78  299.08452    0.00000   100%  24.7  542s
  8910  5772  130.29767   76   78  299.08452    0.00000   100%  24.7  546s
  8982  5772  130.29767   85   78  299.08452    0.00000   100%  24.7  553s
  9010  5797    0.00000   90   80  299.08452    0.00000   100%  25.1  557s
  9052  5848    0.00000   93   80  299.08452    0.00000   100%  25.1  562s
  9152  5845   71.36483  103   78  299.08452    0.00000   100%  24.9  565s
  9287  5898  121.01077  112   78  299.08452    0.00000   100%  24.7  573s
  9344  5933  121.01077  117   78  299.08452    0.00000   100%  24.6  577s
  9412  5946   17.56953  125   78  299.08452    0.00000   100%  24.5  582s
  9455  6003  121.01077  129   78  299.08452    0.00000   100%  24.4  587s
  9555  6046  121.01077  136   78  299.08452    0.00000   100%  24.3  591s
  9662  6036   89.58273  145   78  299.08452    0.00000   100%  24.1  595s
  9697  6054    6.63150  147   78  299.08452    0.00000   100%  24.0  603s
  9732  6145    0.00000  150   80  299.08452    0.00000   100%  24.0  609s
  9865  6183    0.00000  168   80  299.08452    0.00000   100%  23.7  614s
  9983  6205    0.00000  178   80  299.08452    0.00000   100%  23.5  619s
 10073  6207   81.16217  185   78  299.08452    0.00000   100%  23.3  631s
 10109  6353   81.37197  188   78  299.08452    0.00000   100%  23.3  638s
H10290  6074                     299.0845204    0.00000   100%  23.0  644s
 10371  6062    0.00000  201   80  299.08452    0.00000   100%  22.9  649s
 10393  6189   79.47693  202   78  299.08452    0.00000   100%  22.9  656s
 10561  6161    0.00000  215   80  299.08452    0.00000   100%  22.6  669s
 10592  6283    0.00000  217   80  299.08452    0.00000   100%  22.6  680s
 10762  6270    0.00000  229   80  299.08452    0.00000   100%  22.3  699s
 10811  6327   79.38483  233   78  299.08452    0.00000   100%  22.3  737s
 10907  6302   89.49873  239   78  299.08452    0.00000   100%  22.2  773s
 10915  6360    0.00000  240   80  299.08452    0.00000   100%  22.1  789s
 10983  6403   81.37197  244   78  299.08452    0.00000   100%  22.3  804s
 11054  6447    0.00000  250   80  299.08452    0.00000   100%  22.2  823s
 11125  6498   81.37197  254   78  299.08452    0.00000   100%  22.3  842s
 11202  6648    0.00000  261   80  299.08452    0.00000   100%  22.3  852s
 11400  6779    0.00000  276   80  299.08452    0.00000   100%  22.2  863s
 11656  6756  134.79857  296   78  299.08452    0.00000   100%  21.9  874s
 11732  7020  134.79857  303   78  299.08452    0.00000   100%  22.0  886s
 12043  7070  134.79857  323   78  299.08452    0.00000   100%  21.9  898s
 12209  7245  136.51073  334   78  299.08452    0.00000   100%  21.7  910s
 12465  7418  136.51073  347   78  299.08452    0.00000   100%  21.4  923s
 12781  7436    0.00000  374   80  299.08452    0.00000   100%  21.0  934s
 12932  7760    0.00000  384   80  299.08452    0.00000   100%  20.8  949s
 13380  7926    0.00000  402   80  299.08452    0.00000   100%  20.3  965s
 13794  7882    0.00000  414   80  299.08452    0.00000   100%  20.1  977s
 13898  8000    0.00000  421   80  299.08452    0.00000   100%  20.1 1017s
 14082  8071  134.79857  432   78  299.08452    0.00000   100%  20.3 1034s
 14224  8453  194.67710  443   78  299.08452    0.00000   100%  20.4 1052s
 14704  8423    0.00000  489   80  299.08452    0.00000   100%  20.4 1075s
 14844  8821    0.00000  500   80  299.08452    0.00000   100%  20.4 1097s
 15376  9014    0.00000  571   80  299.08452    0.00000   100%  20.4 1117s
 15849  9474   51.10397  635   79  299.08452    0.00000   100%  20.5 1278s
 16489  9909    0.00000  725   80  299.08452    0.00000   100%  20.2 1300s
 17232  9931  110.68197  820   78  299.08452    0.00000   100%  20.0 1312s
 17554  9929    0.00000  855   80  299.08452    0.00000   100%  20.1 1330s
 17662 10857  130.65203  871   78  299.08452    0.00000   100%  20.1 1350s
 18663 11184    0.00000  955   80  299.08452    0.00000   100%  19.7 1367s
 19361 11023    0.00000 1034   80  299.08452    0.00000   100%  19.7 1377s
 19438 11244  144.67870 1046   78  299.08452    0.00000   100%  19.7 1388s
 19726 11239   63.78027 1067   78  299.08452    0.00000   100%  19.9 1406s
 19838 11600   63.78027 1074   78  299.08452    0.00000   100%  19.9 1421s
 20346 11656    0.00000 1099   80  299.08452    0.00000   100%  19.8 1434s
 20693 11546   99.32337 1123   78  299.08452    0.00000   100%  20.1 1465s
 20701 11680    0.00000 1124   80  299.08452    0.00000   100%  20.1 1484s
 20870 12550  109.45553 1135   78  299.08452    0.00000   100%  20.0 1503s
 21926 12389    0.00000 1160   80  299.08452    0.00000   100%  19.3 1517s
 22142 12915  109.45553 1172   78  299.08452    0.00000   100%  19.2 1532s
 22786 13103  128.35907 1194   78  299.08452    0.00000   100%  19.1 1549s
 23341 13035    0.00000 1216   80  299.08452    0.00000   100%  18.9 1565s
 23477 13264    0.00000 1225   80  299.08452    0.00000   100%  18.9 1579s
 23817 13855    0.00000 1242   80  299.08452    0.00000   100%  18.8 1601s
 24571 14033    0.00000 1301   80  299.08452    0.00000   100%  18.9 1616s
 24780 15465   81.41247 1314   78  299.08452    0.00000   100%  18.9 1641s
 26251 16740    0.00000 1441   80  299.08452    0.00000   100%  18.7 1665s
 27556 17930    0.00000 1549   80  299.08452    0.00000   100%  18.7 1692s
 28770 18415  135.13850 1626   78  299.08452    0.00000   100%  18.6 1707s
 29259 18438   19.90110 1641   78  299.08452    0.00000   100%  18.6 1737s
 29283 19017    0.00000 1643   80  299.08452    0.00000   100%  18.6 1762s
 29896 19783    0.00000 1692   80  299.08452    0.00000   100%  18.6 1784s
 30835 22230   62.20530 1770   78  299.08452    0.00000   100%  18.6 2149s
 33299 22230  227.41776 2355   76  299.08452    0.00000   100%  18.1 2150s
 33351 22667   76.61323 1989   78  299.08452    0.00000   100%  18.1 2175s
 33800 23267    0.00000 2030   80  299.08452    0.00000   100%  18.4 2199s
 34461 23710    0.00000 2144   80  299.08452    0.00000   100%  18.8 2220s
 34989 23893    0.00000 2223   80  299.08452    0.00000   100%  19.2 2236s
 35203 26216  113.65047 2262   78  299.08452    0.00000   100%  19.4 2262s
 37612 26553    0.00000 2360   80  299.08452    0.00000   100%  19.3 2280s
 38022 27204    0.00000 2401   80  299.08452    0.00000   100%  19.8 2297s
 38767 27329    0.00000 2456   80  299.08452    0.00000   100%  20.2 2312s
 38912 27970  138.32233 2469   78  299.08452    0.00000   100%  20.5 2333s
 39742 28923    0.00000 2536   80  299.08452    0.00000   100%  20.4 2354s
 40788 28929  186.18490 2603   79  299.08452    0.00000   100%  20.4 2383s
 40796 29082    0.00000 2604   81  299.08452    0.00000   100%  20.4 2395s
 40985 31856  139.58500 2617   78  299.08452    0.00000   100%  20.5 2422s
 43788 32301  136.61273 2703   78  299.08452    0.00000   100%  19.7 2439s
 44271 32430    0.00000 2755   80  299.08452    0.00000   100%  19.8 2451s
 44401 33308  194.76380 2768   78  299.08452    0.00000   100%  19.7 2468s
 45286 35992   60.92460 2832   78  299.08452    0.00000   100%  19.6 2650s
 48027 36139    0.00000 3069   80  299.08452    0.00000   100%  19.2 2659s
 48174 36163   95.74123 3077   78  299.08452    0.00000   100%  19.2 2697s
 48198 36344    0.00000 3079   80  299.08452    0.00000   100%  19.2 2707s
 48379 37186   95.74123 3094   78  299.08452    0.00000   100%  19.2 2722s
 49221 39062   96.50890 3119   78  299.08452    0.00000   100%  19.0 2745s
 51171 40271    0.00000 3193   80  299.08452    0.00000   100%  18.5 2763s
 52438 40970    0.00000 3246   80  299.08452    0.00000   100%  18.3 2776s
 53181 41263    0.00000 3298   80  299.08452    0.00000   100%  18.2 2787s
 53511 41657  138.28690 3356   78  299.08452    0.00000   100%  18.2 2799s
 53965 41726    0.00000 3409   80  299.08452    0.00000   100%  18.3 2806s
 54059 42082   82.99357 3420   78  299.08452    0.00000   100%  18.3 2818s
 54454 42090    0.00000 3476   80  299.08452    0.00000   100%  18.3 2845s
 54462 42193   87.67943 3476   78  299.08452    0.00000   100%  18.3 2858s
 54565 43121   70.29590 3484   78  299.08452    0.00000   100%  18.4 2873s
 55493 43288    0.00000 3536   80  299.08452    0.00000   100%  18.2 2881s
 55660 43915   70.29590 3544   78  299.08452    0.00000   100%  18.3 2897s
 56339 44436    0.00000 3622   80  299.08452    0.00000   100%  18.3 2911s
 56882 45516    0.00000 3691   80  299.08452    0.00000   100%  18.5 2927s
 57983 45977    0.00000 3753   80  299.08452    0.00000   100%  18.4 2941s
 58459 46197   94.01150 3821   78  299.08452    0.00000   100%  18.6 2952s
 58749 46306  131.34770 3846   78  299.08452    0.00000   100%  18.6 2961s
 58890 47354  138.73223 3862   78  299.08452    0.00000   100%  18.6 2977s
 59959 49981   81.16217 3935   78  299.08452    0.00000   100%  18.5 3157s
 62974 50101   95.66593 4149   78  299.08452    0.00000   100%  18.3 3164s
 63118 52013   71.34230 4155   78  299.08452    0.00000   100%  18.4 3185s
 65170 52192   94.01150 4214   78  299.08452    0.00000   100%  18.1 3194s
 65417 52850    0.00000 4241   80  299.08452    0.00000   100%  18.1 3207s
 66171 53144    0.00000 4289   80  299.08452    0.00000   100%  18.1 3217s
 66515 53776    0.00000 4323   80  299.08452    0.00000   100%  18.1 3229s
 67165 53851   71.34230 4359   78  299.08452    0.00000   100%  18.1 3237s
 67250 54859  186.13900 4364   78  299.08452    0.00000   100%  18.1 3251s
 68287 55424    0.00000 4387   80  299.08452    0.00000   100%  18.1 3263s
 68902 55536  186.13900 4405   78  299.08452    0.00000   100%  18.1 3271s
 69076 56490    7.38440 4413   78  299.08452    0.00000   100%  18.1 3283s
 70092 57491    0.00000 4444   80  299.08452    0.00000   100%  18.0 3297s
 71202 57498   51.59350 4495   78  299.08452    0.00000   100%  17.9 3323s
 71210 57593    0.00000 4496   80  299.08452    0.00000   100%  17.9 3330s
 71339 58228    0.00000 4502   80  299.08452    0.00000   100%  17.9 3340s
 72024 59398    0.00000 4538   80  299.08452    0.00000   100%  17.9 3355s
 73227 59685    0.00000 4577   80  299.08452    0.00000   100%  17.8 3363s
 73539 62005   79.41843 4585   78  299.08452    0.00000   100%  17.7 3381s
 75873 65451    0.00000 4611   80  299.08452    0.00000   100%  17.3 3555s
 79425 65560   89.52933 4742   78  299.08452    0.00000   100%  16.9 3560s
 79546 67288   82.32083 4746   78  299.08452    0.00000   100%  16.8 3577s
 81290 68384    0.00000 4785   80  299.08452    0.00000   100%  16.6 3589s
 82395 68972    0.00000 4807   80  299.08452    0.00000   100%  16.4 3599s
 82991 69750    0.00000 4835   80  299.08452    0.00000   100%  16.3 3610s
 83778 70536    0.00000 4853   80  299.08452    0.00000   100%  16.2 3620s
 84571 70845  135.12853 4867   78  299.08452    0.00000   100%  16.1 3625s
 84883 71551  135.12853 4872   78  299.08452    0.00000   100%  16.0 3635s
 85600 72158    0.00000 4903   80  299.08452    0.00000   100%  15.9 3644s
 86214 72961    0.00000 4927   80  299.08452    0.00000   100%  15.9 3655s
 87035 74145  136.54793 4945   78  299.08452    0.00000   100%  15.8 3668s
 88236 74213  136.54793 4967   78  299.08452    0.00000   100%  15.6 3673s
 88350 74593    0.00000 4974   80  299.08452    0.00000   100%  15.6 3680s
 88760 74850    0.00000 4995   80  299.08452    0.00000   100%  15.6 3687s
 89089 75469    0.00000 5024   80  299.08452    0.00000   100%  15.6 3696s
 89748 75932  194.70860 5039   78  299.08452    0.00000   100%  15.5 3706s
 90229 75998  194.70860 5056   78  299.08452    0.00000   100%  15.5 3710s
 90300 79782  194.70860 5060   78  299.08452    0.00000   100%  15.5 3885s
 94320 79810    0.00000 5155   80  299.08452    0.00000   100%  15.2 3891s
 94369 79882   51.59350 5156   78  299.08452    0.00000   100%  15.2 3895s
 94455 80387    0.00000 5161   80  299.08452    0.00000   100%  15.2 3903s
 94995 80994    0.00000 5196   80  299.08452    0.00000   100%  15.1 3911s
 95608 81664    0.00000 5217   80  299.08452    0.00000   100%  15.1 3919s
 96278 83341   94.14037 5238   78  299.08452    0.00000   100%  15.0 3933s
 97969 84532    0.00000 5275   80  299.08452    0.00000   100%  14.8 3945s
 99172 85668   82.99657 5302   78  299.08452    0.00000   100%  14.7 3957s
 100313 86582    0.00000 5328   80  299.08452    0.00000   100%  14.6 3968s
 101258 86629    0.00000 5352   80  299.08452    0.00000   100%  14.5 3972s
 101307 88503   94.13977 5354   78  299.08452    0.00000   100%  14.5 3987s
 103185 89474    0.00000 5382   80  299.08452    0.00000   100%  14.3 3996s
 104161 90866    0.00000 5390   80  299.08452    0.00000   100%  14.2 4008s
 105562 94208    0.00000 5416   80  299.08452    0.00000   100%  14.1 4179s
 107862 94208  188.92097 12219   56  299.08452    0.00000   100%  13.9 4180s
 109031 96009    0.00000 5509   80  299.08452    0.00000   100%  13.8 4197s
 110843 96302    0.00000 5536   80  299.08452    0.00000   100%  13.6 4203s
 111139 96349  138.54040 5539   78  299.08452    0.00000   100%  13.6 4231s
 111187 96427  138.54040 5542   78  299.08452    0.00000   100%  13.6 4235s
 111267 96713    0.00000 5546   80  299.08452    0.00000   100%  13.6 4240s
 111555 97429    0.00000 5555   80  299.08452    0.00000   100%  13.6 4248s
 112271 97987    0.00000 5570   80  299.08452    0.00000   100%  13.6 4256s
 112840 98425    0.00853 5586   88  299.08452    0.00853   100%  13.6 4264s
 113319 98975    0.02229 5598   84  299.08452    0.02229   100%  13.6 4272s
 113870 99582    0.03855 5606   81  299.08452    0.03855   100%  13.5 4279s
 114483 100811    0.04005 5611   81  299.08452    0.04005   100%  13.5 4292s
 115724 101358    0.04277 5628   80  299.08452    0.04277   100%  13.4 4301s
 116344 101973    0.04277 5660   80  299.08452    0.04277   100%  13.4 4310s
 116986 102434   19.94387 5673   78  299.08452    0.04277   100%  13.4 4319s
 117503 102557    0.04277 5707   80  299.08452    0.04277   100%  13.4 4324s
 117656 102723    0.04277 5713   80  299.08452    0.04277   100%  13.4 4329s
 117833 103200   50.47433 5737   78  299.08452    0.04277   100%  13.5 4338s
 118326 103572    0.04277 5782   80  299.08452    0.04277   100%  13.5 4347s
 118744 103724    0.04277 5827   80  299.08452    0.04277   100%  13.6 4352s
 118924 104298    6.31393 5846   78  299.08452    0.04277   100%  13.6 4364s
 119506 104445    0.04277 5877   80  299.08452    0.04277   100%  13.6 4370s
 119678 105212    7.81040 5891   78  299.08452    0.04277   100%  13.6 4383s
 120522 108622    0.04277 5940   80  299.08452    0.04277   100%  13.6 4558s
 124048 108716    0.04277 6074   81  299.08452    0.04277   100%  13.5 4563s
 124165 109479    6.31393 6077   78  299.08452    0.05738   100%  13.5 4573s
 124988 110207    6.40000 6095   79  299.08452    0.06734   100%  13.5 4583s
 125766 110427    0.06734 6115   81  299.08452    0.06734   100%  13.5 4589s
 126044 111479  134.57179 6124   81  299.08452    0.06734   100%  13.5 4601s
 127179 112497    0.06734 6144   81  299.08452    0.06734   100%  13.5 4612s
 128265 113151  128.50380 6176   79  299.08452    0.06734   100%  13.4 4623s
 129061 113544    0.06734 6206   81  299.08452    0.06734   100%  13.4 4629s
 129463 114066    7.62856 6209   78  299.08452    0.07166   100%  13.4 4638s
 130028 114819   90.69086 6237   78  299.08452    0.07166   100%  13.4 4648s
 130809 115736   19.90203 6257   78  299.08452    0.07166   100%  13.3 4660s
 131771 116165    0.07166 6283   80  299.08452    0.07166   100%  13.3 4668s
 132215 116722    0.08832 6301   81  299.08452    0.08832   100%  13.3 4677s
 132803 117358    0.08975 6312   81  299.08452    0.08975   100%  13.3 4687s
 133479 117948    0.09191 6320   80  299.08452    0.09191   100%  13.2 4697s
 134123 118442    0.10895 6340   87  299.08452    0.10895   100%  13.2 4706s
 134689 118911    0.11124 6345   83  299.08452    0.11124   100%  13.2 4714s
 135220 119750    0.12691 6355   82  299.08452    0.12691   100%  13.2 4869s
 136339 120395  136.60264 6373   79  299.08452    0.13202   100%  13.3 4888s
 137128 121063   91.03902 6458   79  299.08452    0.13202   100%  13.4 4909s
 137941 121243    0.13202 6554   80  299.08452    0.13202   100%  13.4 4920s
 138239 122039    7.50759 6575   78  299.08452    0.13202   100%  13.5 4942s
 139406 122612   90.92612 6650   78  299.08452    0.18764   100%  13.5 4960s
 140450 124638   15.78415 6707   76  299.08452    4.24160  98.6%  13.5 4991s
 142937 128485   15.80389 6758   78  299.08452    4.24160  98.6%  13.5 5022s
 146932 129463   33.54995 6816   74  299.08452    4.24160  98.6%  13.4 5034s
 147941 133230   15.92335 6831   77  299.08452    4.24160  98.6%  13.4 5062s
 151727 138228   15.92335 6906   77  299.08452    4.24160  98.6%  13.2 5238s
 156763 139569  105.45539 7086   74  299.08452    4.24160  98.6%  13.2 5250s
 158111 140919   15.92335 7116   76  299.08452    4.24160  98.6%  13.1 5262s
 159468 142823   15.92335 7141   76  299.08452    4.24160  98.6%  13.1 5276s
 161376 144783   15.92335 7165   76  299.08452    4.24160  98.6%  13.0 5291s
 163341 146227  152.47459 7184   74  299.08452    4.24160  98.6%  12.8 5303s
 164804 147342   15.92335 7204   76  299.08452    4.24160  98.6%  12.8 5314s
 165974 148320  153.42759 7219   74  299.08452    4.24160  98.6%  12.7 5324s
 166984 152454   15.92335 7239   76  299.08452    4.24160  98.6%  12.7 5502s
 171346 152570   15.92335 7375   76  299.08452    4.24160  98.6%  12.8 5507s
 171464 154361   24.19602 7380   74  299.08452    4.24160  98.6%  12.8 5526s
 173265 156042   15.92335 7418   76  299.08452    4.24160  98.6%  12.7 5544s
 174955 157354   15.92335 7454   76  299.08452    4.24160  98.6%  12.7 5560s
 176287 158392   15.92335 7484   76  299.08452    4.24160  98.6%  12.6 5574s
 177342 158969  150.16715 7516   74  299.08452    4.24160  98.6%  12.6 5585s
 177932 160220   15.92335 7546   76  299.08452    4.24160  98.6%  12.6 5600s
 179214 161059   22.57049 7578   74  299.08452    4.24160  98.6%  12.6 5612s
 180098 161574   15.94829 7602   78  299.08452    4.24160  98.6%  12.6 5621s
 180636 162873   84.91249 7607   74  299.08452    4.24160  98.6%  12.7 5638s
 182030 166100   15.95390 7632   76  299.08452    4.24160  98.6%  12.7 5810s
 185407 168589   15.95390 7765   76  299.08452    4.24160  98.6%  12.8 5831s
 187935 169527   22.41775 7802   76  299.08452    4.24160  98.6%  12.8 5840s
 188886 171960   22.41775 7808   76  299.08452    4.24160  98.6%  12.7 5859s
 191331 171960  123.69298 4790   74  299.08452    4.24160  98.6%  12.6 5860s
 191345 173793   22.41775 7838   76  299.08452    4.24160  98.6%  12.7 5875s
 193187 175158   22.41775 7861   76  299.08452    4.24160  98.6%  12.6 5891s
 194566 176363   22.58694 7879   77  299.08452    4.24160  98.6%  12.6 5904s
 195781 177334  170.36512 7891   93  299.08452    4.24160  98.6%  12.6 5917s
 196759 181063   23.14709 7902   76  299.08452    4.24160  98.6%  12.6 6092s
 200575 181218   25.36965 8035   74  299.08452    4.24160  98.6%  12.6 6100s
 200748 182202   61.93688 8041   72  299.08452    4.24160  98.6%  12.6 6114s
 201761 183729   25.36965 8068   74  299.08452    4.24160  98.6%  12.6 6131s
 203340 185843   78.39242 8119   72  299.08452    4.24160  98.6%  12.6 6151s
 205502 187847  119.46005 8168   72  299.08452    4.24160  98.6%  12.5 6169s
 206106 187847     cutoff 9232       299.08452    4.24160  98.6%  12.5 6170s
 207521 189120   25.36965 8208   74  299.08452    4.24160  98.6%  12.5 6184s
 208806 189966  119.46005 8241   72  299.08452    4.24160  98.6%  12.5 6194s
 209658 191997   25.36965 8257   74  299.08452    4.24160  98.6%  12.4 6213s
 211706 195548   25.36965 8293   74  299.08452    4.24160  98.6%  12.4 6385s
 215346 196818   25.36965 8422   74  299.08452    4.24160  98.6%  12.4 6398s
 216664 198086   25.36965 8434   74  299.08452    4.24160  98.6%  12.3 6412s
 217986 199174   25.38307 8461   75  299.08452    4.24160  98.6%  12.3 6426s
 219156 200202   25.38398 8481   74  299.08452    4.24160  98.6%  12.3 6442s
 220227 201087   25.39110 8503   75  299.08452    4.24160  98.6%  12.3 6456s
 221161 202278   25.39122 8522   75  299.08452    4.24160  98.6%  12.3 6472s
 222387 202870   25.43054 8544   77  299.08452    4.24160  98.6%  12.3 6484s
 223003 204459   25.43766 8560   75  299.08452    4.24160  98.6%  12.3 6500s
 224629 205829  127.81018 8585   73  299.08452    4.24160  98.6%  12.3 6516s
 226022 207186   37.34058 8614   73  299.08452    4.24160  98.6%  12.2 6531s
 227401 209617   98.48208 8651   71  299.08452    4.24160  98.6%  12.2 6694s
 229890 210748   37.34058 8758   73  299.08452    4.24160  98.6%  12.3 6713s
 231092 212477   48.12489 8786   68  299.08452    4.24160  98.6%  12.3 6734s
 232888 213565   48.13118 8833   68  299.08452    4.24160  98.6%  12.3 6751s
 234038 215692  139.77431 8861   66  299.08452    4.24160  98.6%  12.3 6772s
 236221 215953   57.44038 8914   67  299.08452    4.24160  98.6%  12.3 6782s
 236536 216794   48.13118 8920   68  299.08452    4.24160  98.6%  12.4 6797s
 237384 217802   63.63088 8948   64  299.08452    4.24160  98.6%  12.4 6812s
 238394 218009   54.36972 8981   66  299.08452    4.24160  98.6%  12.4 6820s
 238602 218781   54.36972 8987   66  299.08452    4.24160  98.6%  12.4 6836s
 239380 220050   54.36976 8997   67  299.08452    4.24160  98.6%  12.5 6854s
 240660 221621   54.36976 9007   67  299.08452    4.24160  98.6%  12.5 6875s
 242282 224276   54.38205 9019   74  299.08452    4.24160  98.6%  12.5 7045s
 244969 224668  176.92797 9088   64  299.08452    4.24160  98.6%  12.5 7055s
 245370 225750   54.40927 9105   66  299.08452    4.24160  98.6%  12.5 7073s
 246470 227282   61.29327 9161   64  299.08452    4.24160  98.6%  12.5 7096s
 248053 228130   54.94772 9204   66  299.08452    4.24160  98.6%  12.6 7112s
 248958 229253   69.06912 9243   67  299.08452    4.24160  98.6%  12.7 7131s
 250135 231300   81.97612 9290   62  299.08452    4.24160  98.6%  12.7 7156s
 252252 233109  118.17492 9355   60  299.08452    4.24160  98.6%  12.7 7178s
 254097 233849  153.96375 9383   60  299.08452    4.24160  98.6%  12.6 7191s
 254845 234285  153.96375 9404   60  299.08452    4.24160  98.6%  12.6 7200s

Cutting planes:
  Gomory: 108
  Implied bound: 149
  Projected implied bound: 304
  MIR: 7
  Flow cover: 157
  Relax-and-lift: 2021

Explored 255287 nodes (3243464 simplex iterations) in 7201.01 seconds (8601.64 work units)
Thread count was 16 (of 16 available processors)

Solution count 10: 299.085 299.086 299.088 ... 302.022

Time limit reached
Best objective 2.990845204362e+02, best bound 4.241600000001e+00, gap 98.5818%

User-callback calls 1067101, time in user-callback 5.23 sec
