
Gurobi 10.0.1 (win64) logging started Sun Sep 21 02:49:48 2025

Set parameter LogFile to value "log_group_6/bound_Expr153_s5_l1051_s11_e12_o20_d40_t7200_s13_1_0_0_0.log"
Gurobi Optimizer version 10.0.1 build v10.0.1rc0 (win64)

CPU model: Intel(R) Core(TM) i7-10700 CPU @ 2.90GHz, instruction set [SSE2|AVX|AVX2]
Thread count: 8 physical cores, 16 logical processors, using up to 16 threads

Optimize a model with 156070 rows, 155310 columns and 1547770 nonzeros
Model fingerprint: 0xdd605f3f
Variable types: 310 continuous, 155000 integer (155000 binary)
Coefficient statistics:
  Matrix range     [1e+00, 9e+02]
  Objective range  [1e+00, 1e+00]
  Bounds range     [1e+00, 1e+03]
  RHS range        [1e+00, 9e+02]
Presolve removed 148805 rows and 148545 columns
Presolve time: 1.10s
Presolved: 7265 rows, 6765 columns, 50084 nonzeros
Variable types: 270 continuous, 6495 integer (6491 binary)

Root relaxation: objective 0.000000e+00, 4750 iterations, 0.31 seconds (0.67 work units)

    Nodes    |    Current Node    |     Objective Bounds      |     Work
 Expl Unexpl |  Obj  Depth IntInf | Incumbent    BestBd   Gap | It/Node Time

     0     0    0.00000    0   66          -    0.00000      -     -    2s
H    0     0                    2764.7913667    0.00000   100%     -    2s
     0     0    0.00000    0  148 2764.79137    0.00000   100%     -    2s
     0     0    0.00000    0   76 2764.79137    0.00000   100%     -    3s
H    0     0                    2317.7624333    0.00000   100%     -    3s
H    0     0                    1770.8693858    0.00000   100%     -    3s
     0     0    0.00000    0  149 1770.86939    0.00000   100%     -    3s
H    0     0                    1273.7224333    0.00000   100%     -    3s
H    0     0                    1069.3594333    0.00000   100%     -    4s
     0     0    0.00000    0   73 1069.35943    0.00000   100%     -    4s
H    0     0                    1012.3275333    0.00000   100%     -    4s
     0     0    0.00000    0  120 1012.32753    0.00000   100%     -    4s
H    0     0                     634.3334000    0.00000   100%     -    5s
H    0     0                     629.2492667    0.00000   100%     -    5s
H    0     0                     574.0454000    0.00000   100%     -    5s
     0     0    0.00000    0   78  574.04540    0.00000   100%     -    5s
H    0     0                     265.1139333    0.00000   100%     -    5s
     0     0    0.00000    0   97  265.11393    0.00000   100%     -    5s
     0     0    0.00000    0  176  265.11393    0.00000   100%     -    5s
     0     0    0.00000    0  168  265.11393    0.00000   100%     -    6s
     0     0    0.00000    0  175  265.11393    0.00000   100%     -    6s
     0     0    0.00000    0  146  265.11393    0.00000   100%     -    6s
     0     0    0.00000    0   63  265.11393    0.00000   100%     -    6s
H    0     0                     256.3560333    0.00000   100%     -    6s
H    0     0                     248.8073333    0.00000   100%     -    6s
H    0     1                     245.0578333    0.00000   100%     -    7s
     0     1    0.00000    0   63  245.05783    0.00000   100%     -    7s
H   32    21                     243.3083333    0.00000   100%   415    8s
H   32    21                     165.4660000    0.00000   100%   415    8s
H   36    21                     133.5776000    0.00000   100%   388    8s
H   67    17                     126.9155000    0.00000   100%   397    9s
H  109     6                     121.8794000    4.58099  96.2%   516    9s
   130     5     cutoff   20       121.87940   42.18576  65.4%   482   10s
H  176     4                     121.8209000   96.50929  20.8%   375   10s

Cutting planes:
  Implied bound: 209
  MIR: 49
  Zero half: 2
  RLT: 17
  Relax-and-lift: 9

Explored 8227 nodes (156457 simplex iterations) in 14.24 seconds (25.70 work units)
Thread count was 16 (of 16 available processors)

Solution count 10: 121.821 121.879 126.915 ... 265.114

Optimal solution found (tolerance 1.00e-04)
Best objective 1.218208999999e+02, best bound 1.218208999999e+02, gap 0.0000%

User-callback calls 18866, time in user-callback 0.01 sec
