
Gurobi 10.0.1 (win64) logging started Sun Sep 21 02:51:26 2025

Set parameter LogFile to value "log_group_6/bound_Expr155_s5_l1051_s11_e12_o20_d40_t7200_s15_1_0_0_0.log"
Gurobi Optimizer version 10.0.1 build v10.0.1rc0 (win64)

CPU model: Intel(R) Core(TM) i7-10700 CPU @ 2.90GHz, instruction set [SSE2|AVX|AVX2]
Thread count: 8 physical cores, 16 logical processors, using up to 16 threads

Optimize a model with 81070 rows, 80310 columns and 801520 nonzeros
Model fingerprint: 0xf17f42cb
Variable types: 310 continuous, 80000 integer (80000 binary)
Coefficient statistics:
  Matrix range     [1e+00, 9e+02]
  Objective range  [1e+00, 1e+00]
  Bounds range     [1e+00, 1e+03]
  RHS range        [1e+00, 9e+02]
Presolve removed 74560 rows and 74295 columns
Presolve time: 0.74s
Presolved: 6510 rows, 6015 columns, 44433 nonzeros
Variable types: 270 continuous, 5745 integer (5741 binary)

Root relaxation: objective 0.000000e+00, 3970 iterations, 0.27 seconds (0.61 work units)

    Nodes    |    Current Node    |     Objective Bounds      |     Work
 Expl Unexpl |  Obj  Depth IntInf | Incumbent    BestBd   Gap | It/Node Time

     0     0    0.00000    0   68          -    0.00000      -     -    1s
H    0     0                    2496.1486000    0.00000   100%     -    1s
H    0     0                    2202.9848333    0.00000   100%     -    1s
     0     0    0.00000    0  211 2202.98483    0.00000   100%     -    2s
H    0     0                    1427.7133000    0.00000   100%     -    2s
     0     0    0.00000    0  165 1427.71330    0.00000   100%     -    2s
H    0     0                    1158.4336667    0.00000   100%     -    2s
H    0     0                    1017.9657667    0.00000   100%     -    3s
H    0     0                     359.7899000    0.00000   100%     -    3s
     0     0    0.00000    0   96  359.78990    0.00000   100%     -    3s
H    0     0                     228.9596333    0.00000   100%     -    3s
     0     0    0.00000    0  101  228.95963    0.00000   100%     -    3s
     0     0    0.00000    0  214  228.95963    0.00000   100%     -    4s
     0     0    0.00000    0  145  228.95963    0.00000   100%     -    4s
     0     0    0.00000    0  167  228.95963    0.00000   100%     -    5s
     0     0    0.00000    0  213  228.95963    0.00000   100%     -    5s
H    0     0                     227.0383000    0.00000   100%     -    5s
H    0     0                     227.0380000    0.00000   100%     -    6s
     0     0    0.00000    0  265  227.03800    0.00000   100%     -    6s
H    0     0                     113.6525333    0.00000   100%     -    6s
     0     0    0.00000    0  312  113.65253    0.00000   100%     -    6s
     0     0    0.00000    0  215  113.65253    0.00000   100%     -    6s
     0     0    0.00000    0  184  113.65253    0.00000   100%     -    6s
     0     0    0.00000    0  176  113.65253    0.00000   100%     -    6s
     0     0    0.00000    0  142  113.65253    0.00000   100%     -    6s
     0     0    0.00000    0  250  113.65253    0.00000   100%     -    6s
     0     0    0.00000    0  154  113.65253    0.00000   100%     -    6s
     0     0    0.00000    0  266  113.65253    0.00000   100%     -    6s
     0     0    0.00000    0  142  113.65253    0.00000   100%     -    6s
     0     0    0.00000    0  171  113.65253    0.00000   100%     -    6s
     0     0    0.00000    0  142  113.65253    0.00000   100%     -    6s
H    0     0                     113.6056667    0.00000   100%     -    6s
     0     0    0.00000    0  318  113.60567    0.00000   100%     -    7s
     0     0    0.00000    0  256  113.60567    0.00000   100%     -    8s
     0     0    0.05574    0  177  113.60567    0.05574   100%     -    8s
H    0     0                     113.5713333    0.05574   100%     -    8s
     0     0   10.15001    0  308  113.57133   10.15001  91.1%     -    8s
     0     0   10.20374    0  201  113.57133   10.20374  91.0%     -    8s
H    0     0                     113.2195000   10.20374  91.0%     -    8s
     0     0   10.20374    0  209  113.21950   10.20374  91.0%     -    8s
     0     0   37.40182    0  167  113.21950   37.40182  67.0%     -    8s
     0     0   37.40182    0  163  113.21950   37.40182  67.0%     -    8s
     0     0   37.40182    0   85  113.21950   37.40182  67.0%     -    8s
     0     0   37.40182    0  166  113.21950   37.40182  67.0%     -    8s
     0     0   37.40182    0   88  113.21950   37.40182  67.0%     -    8s
     0     0   37.40182    0  172  113.21950   37.40182  67.0%     -    8s
     0     0   37.40182    0  221  113.21950   37.40182  67.0%     -    8s
     0     0   37.40182    0  136  113.21950   37.40182  67.0%     -    8s
     0     0   37.40182    0  178  113.21950   37.40182  67.0%     -    8s
     0     0   37.40182    0  242  113.21950   37.40182  67.0%     -    8s
     0     0   37.40182    0  203  113.21950   37.40182  67.0%     -    8s
     0     0   37.40182    0  218  113.21950   37.40182  67.0%     -    9s
     0     0   37.40182    0  138  113.21950   37.40182  67.0%     -    9s
     0     0   37.40182    0  187  113.21950   37.40182  67.0%     -    9s
     0     0   37.40182    0  145  113.21950   37.40182  67.0%     -    9s
     0     0   37.40182    0  131  113.21950   37.40182  67.0%     -    9s
     0     0   37.46814    0  217  113.21950   37.46814  66.9%     -    9s
     0     0   37.59410    0  187  113.21950   37.59410  66.8%     -    9s
     0     0   38.49052    0  119  113.21950   38.49052  66.0%     -    9s
     0     0   38.49052    0   90  113.21950   38.49052  66.0%     -    9s
     0     0   45.01663    0  230  113.21950   45.01663  60.2%     -    9s
     0     0   45.01663    0   36  113.21950   45.01663  60.2%     -   10s
     0     0   45.01663    0   36  113.21950   45.01663  60.2%     -   10s
     0     0   45.05731    0  226  113.21950   45.05731  60.2%     -   10s
     0     0   45.05731    0  226  113.21950   45.05731  60.2%     -   10s
     0     0   46.84948    0  121  113.21950   46.84948  58.6%     -   10s
     0     0   46.84948    0  121  113.21950   46.84948  58.6%     -   10s
     0     0   48.77437    0  117  113.21950   48.77437  56.9%     -   10s
     0     0   48.77437    0  117  113.21950   48.77437  56.9%     -   10s
     0     0   48.77437    0  117  113.21950   48.77437  56.9%     -   10s
     0     0   50.27044    0  210  113.21950   50.27044  55.6%     -   10s
     0     0   50.27044    0  210  113.21950   50.27044  55.6%     -   10s
     0     0   50.54743    0  211  113.21950   50.54743  55.4%     -   10s
     0     0   50.54743    0  211  113.21950   50.54743  55.4%     -   10s
     0     0   50.54743    0  211  113.21950   50.54743  55.4%     -   10s
     0     0   63.37844    0  215  113.21950   63.37844  44.0%     -   10s
     0     0   63.37844    0  215  113.21950   63.37844  44.0%     -   10s
     0     0   64.49080    0  215  113.21950   64.49080  43.0%     -   10s
     0     0   64.49080    0  215  113.21950   64.49080  43.0%     -   10s
     0     0   64.72927    0  213  113.21950   64.72927  42.8%     -   10s
     0     0   64.72927    0  213  113.21950   64.72927  42.8%     -   10s
     0     0   85.64854    0  113  113.21950   85.64854  24.4%     -   10s
     0     0   86.10436    0  209  113.21950   86.10436  23.9%     -   10s
     0     0   86.15073    0  209  113.21950   86.15073  23.9%     -   10s
     0     0   86.17627    0  211  113.21950   86.17627  23.9%     -   10s
     0     0   87.80009    0  208  113.21950   87.80009  22.5%     -   10s
     0     0   89.93743    0  105  113.21950   89.93743  20.6%     -   11s
     0     0   89.93743    0  105  113.21950   89.93743  20.6%     -   11s
     0     0   92.84982    0  146  113.21950   92.84982  18.0%     -   11s
     0     0   92.84982    0   79  113.21950   92.84982  18.0%     -   11s
     0     0   92.84982    0   38  113.21950   92.84982  18.0%     -   11s
     0     0   92.84982    0   48  113.21950   92.84982  18.0%     -   11s
     0     0   92.84982    0   93  113.21950   92.84982  18.0%     -   11s
     0     0   92.84982    0   37  113.21950   92.84982  18.0%     -   11s
     0     0   92.84982    0   38  113.21950   92.84982  18.0%     -   11s
     0     0   92.84982    0   95  113.21950   92.84982  18.0%     -   11s
     0     0   92.84982    0  100  113.21950   92.84982  18.0%     -   11s
     0     0   97.93948    0   68  113.21950   97.93948  13.5%     -   11s
     0     0   99.46839    0   86  113.21950   99.46839  12.1%     -   11s
     0     0   99.46839    0   88  113.21950   99.46839  12.1%     -   11s
     0     0  105.64019    0   67  113.21950  105.64019  6.69%     -   11s
     0     0  105.64019    0   66  113.21950  105.64019  6.69%     -   11s
     0     0  105.74281    0   63  113.21950  105.74281  6.60%     -   11s
     0     0  105.87688    0   92  113.21950  105.87688  6.49%     -   11s
     0     0  105.87688    0   94  113.21950  105.87688  6.49%     -   11s
     0     0  107.97612    0   74  113.21950  107.97612  4.63%     -   11s
     0     0  108.90562    0   87  113.21950  108.90562  3.81%     -   11s
     0     0  108.90562    0   86  113.21950  108.90562  3.81%     -   11s
     0     0  108.90562    0   83  113.21950  108.90562  3.81%     -   11s
     0     0  108.91355    0   83  113.21950  108.91355  3.80%     -   11s
     0     0  108.91355    0   84  113.21950  108.91355  3.80%     -   11s
     0     0  112.07113    0   87  113.21950  112.07113  1.01%     -   12s
     0     0  112.08234    0   85  113.21950  112.08234  1.00%     -   12s
     0     0  112.08234    0   84  113.21950  112.08234  1.00%     -   12s
     0     0  112.08234    0   84  113.21950  112.08234  1.00%     -   12s
     0     0  112.08238    0   86  113.21950  112.08238  1.00%     -   12s
     0     0  112.08238    0   86  113.21950  112.08238  1.00%     -   12s
     0     0  112.08239    0   87  113.21950  112.08239  1.00%     -   12s
H    0     0                     113.1533667  112.08239  0.95%     -   12s
     0     0  112.15293    0  103  113.15337  112.15293  0.88%     -   12s
     0     0  112.16493    0  101  113.15337  112.16493  0.87%     -   12s
     0     0  112.17048    0  104  113.15337  112.17048  0.87%     -   12s
     0     0  112.17048    0  101  113.15337  112.17048  0.87%     -   12s
     0     0  112.17048    0  104  113.15337  112.17048  0.87%     -   12s
     0     0  112.17048    0  103  113.15337  112.17048  0.87%     -   12s
     0     0  112.17048    0  103  113.15337  112.17048  0.87%     -   12s
     0     0  112.50075    0   97  113.15337  112.50075  0.58%     -   12s
     0     0  112.83774    0   94  113.15337  112.83774  0.28%     -   12s
     0     0  113.08423    0   48  113.15337  113.08423  0.06%     -   12s
     0     0  113.08423    0    4  113.15337  113.08423  0.06%     -   12s
H    0     0                     113.1157333  113.08423  0.03%     -   12s
     0     0  113.08423    0    4  113.11573  113.08423  0.03%     -   12s
     0     0  113.08423    0   39  113.11573  113.08423  0.03%     -   12s
     0     0  113.08423    0   13  113.11573  113.08423  0.03%     -   12s
     0     0  113.08423    0   12  113.11573  113.08423  0.03%     -   12s
     0     0  113.08423    0   23  113.11573  113.08423  0.03%     -   12s
     0     0  113.08423    0   18  113.11573  113.08423  0.03%     -   12s
     0     0  113.08423    0    8  113.11573  113.08423  0.03%     -   12s
     0     0  113.08423    0    6  113.11573  113.08423  0.03%     -   12s
     0     0  113.10290    0   13  113.11573  113.10290  0.01%     -   12s
     0     0  113.10290    0   12  113.11573  113.10290  0.01%     -   12s
     0     0  113.10290    0    4  113.11573  113.10290  0.01%     -   12s
     0     0  113.10290    0    7  113.11573  113.10290  0.01%     -   12s

Explored 1 nodes (60241 simplex iterations) in 12.29 seconds (17.71 work units)
Thread count was 16 (of 16 available processors)

Solution count 10: 113.116 113.153 113.219 ... 1017.97

Optimal solution found (tolerance 1.00e-04)
Best objective 1.131157333332e+02, best bound 1.131157333332e+02, gap 0.0000%

User-callback calls 3089, time in user-callback 0.00 sec
