
Gurobi 11.0.0 (win64) logging started Sun Sep 21 05:38:54 2025

Set parameter LogFile to value "log_group_6/bound_Expr235_s5_l1051_s11_e12_o20_d44_t1200_s15_0_0_1_0.log"
Gurobi Optimizer version 11.0.0 build v11.0.0rc2 (win64 - Windows 11+.0 (22631.2))

CPU model: 13th Gen Intel(R) Core(TM) i7-13650HX, instruction set [SSE2|AVX|AVX2]
Thread count: 14 physical cores, 20 logical processors, using up to 20 threads

Optimize a model with 80949 rows, 80310 columns and 843120 nonzeros
Model fingerprint: 0x62776361
Variable types: 310 continuous, 80000 integer (80000 binary)
Coefficient statistics:
  Matrix range     [1e+00, 9e+02]
  Objective range  [1e+00, 1e+00]
  Bounds range     [1e+00, 1e+03]
  RHS range        [1e+00, 9e+02]
Presolve removed 74540 rows and 74540 columns
Presolve time: 1.77s
Presolved: 6409 rows, 5770 columns, 56850 nonzeros
Variable types: 270 continuous, 5500 integer (5500 binary)
Found heuristic solution: objective 458.6037000

Root simplex log...

Iteration    Objective       Primal Inf.    Dual Inf.      Time
       0    0.0000000e+00   6.400000e+02   0.000000e+00     25s
     538    0.0000000e+00   0.000000e+00   0.000000e+00     25s

Root relaxation: objective 0.000000e+00, 538 iterations, 0.08 seconds (0.01 work units)
Total elapsed time = 24.77s (DegenMoves)
Total elapsed time = 25.02s (DegenMoves)

    Nodes    |    Current Node    |     Objective Bounds      |     Work
 Expl Unexpl |  Obj  Depth IntInf | Incumbent    BestBd   Gap | It/Node Time

     0     0    0.00000    0   40  458.60370    0.00000   100%     -   25s
H    0     0                     312.9552667    0.00000   100%     -   25s
H    0     0                     310.8877667    0.00000   100%     -   25s
H    0     0                     251.3932667    0.00000   100%     -   25s
H    0     0                     147.2524667    0.00000   100%     -   25s
H    0     0                     145.3106333    0.00000   100%     -   25s
     0     0    0.00000    0   43  145.31063    0.00000   100%     -   25s
     0     0    0.00000    0   40  145.31063    0.00000   100%     -   25s
     0     0    0.00000    0   41  145.31063    0.00000   100%     -   26s
     0     0    0.00000    0   40  145.31063    0.00000   100%     -   26s
H    0     0                     144.8992000    0.00000   100%     -   26s
H    0     0                     132.7031667    0.00000   100%     -   26s
H    0     0                     120.6659667    0.00000   100%     -   26s
H    0     0                     120.6659665    0.00000   100%     -   26s
H    0     0                     118.5984667    0.00000   100%     -   26s
     0     0    0.00000    0   40  118.59847    0.00000   100%     -   26s
H    0     0                     114.6445667    0.00000   100%     -   26s
     0     0    0.00000    0   40  114.64457    0.00000   100%     -   26s
H    0     0                     114.5787333    0.00000   100%     -   27s
H    0     0                     113.9789000    0.00000   100%     -   27s
H    0     0                     113.1344000    0.00000   100%     -   27s
     0     0    0.00000    0   40  113.13440    0.00000   100%     -   27s
     0     0    0.00000    0   40  113.13440    0.00000   100%     -   27s
     0     2    0.00000    0   40  113.13440    0.00000   100%     -   28s
     7    16    0.00000    3   42  113.13440    0.00000   100%  46.0   30s
H   31    44                     113.1157333    0.00000   100%  68.5   30s
    71    86    0.00000    8   44  113.11573    0.00000   100%  53.4   36s
H   73    86                     113.1157332    0.00000   100%  51.9   36s
  1325  1478    0.00000  102   40  113.11573    0.00000   100%   5.7   40s
  6030  6549   17.48450  431   34  113.11573    0.00000   100%   3.2   45s
 10186 10132   23.74977  436  749  113.11573    0.00000   100%   2.9  143s
H10187  9626                     113.1157330    8.77710  92.2%   2.9  144s
 10188  9626   17.48450  409   36  113.11573    8.77710  92.2%   2.9  145s
 10199  9634   83.80883  685   14  113.11573   83.80883  25.9%   2.9  151s
 10202  9637   83.80883  131  500  113.11573   83.80883  25.9%   3.1  158s
 10204  9638   83.80883  589   18  113.11573   83.80883  25.9%   3.1  161s
 10210  9642   94.41728  430   19  113.11573   94.41728  16.5%   3.1  165s
 10216  9646  100.14968   89    8  113.11573  100.14968  11.5%   3.1  170s
 10219  9650  100.14968   79  500  113.11573  100.14968  11.5%   3.3  175s
 10228  9656  100.14968   62    6  113.11573  100.14968  11.5%   3.3  182s
 10232  9659  100.16015   52   10  113.11573  100.16015  11.5%   3.3  185s
 10239  9663  100.16015   40    9  113.11573  100.16015  11.5%   3.5  190s
 10863  9633  106.58564   71    8  113.11573  100.16389  11.5%   3.6  195s
 11335  9659  100.16815   65   22  113.11573  100.16389  11.5%   3.6  202s
 12087  9931  100.20920  103   22  113.11573  100.16389  11.5%   3.6  206s
 12404  9987  100.25901  128   19  113.11573  100.16389  11.5%   3.6  210s
 13338 10046  100.29022  175   19  113.11573  100.16389  11.5%   3.6  215s
 13929 10116  100.31132  195   19  113.11573  100.16389  11.5%   3.6  220s
 15450 10464  113.08423   87    6  113.11573  100.19176  11.4%   3.6  226s
 16563 10715     cutoff  101       113.11573  100.31173  11.3%   3.6  230s
 18868 11551     cutoff   79       113.11573  106.50508  5.84%   3.6  235s
 19558 12282  113.08423  106   12  113.11573  106.50508  5.84%   3.6  240s
 21955 12631  113.08423  155    8  113.11573  106.50508  5.84%   3.5  246s
 23283 12595  113.06329  115   10  113.11573  106.50508  5.84%   3.5  250s
 27732 13989     cutoff   96       113.11573  106.53650  5.82%   3.4  255s
 32977 15262  113.06329  132    7  113.11573  106.53650  5.82%   3.3  260s
 35022 16129  113.05631  137   10  113.11573  106.53650  5.82%   3.3  265s
 37128 16633     cutoff  273       113.11573  106.53650  5.82%   3.3  270s
 39412 16612  113.10290  212  499  113.11573  106.55656  5.80%   3.3  299s
 39414 16613  113.06329   79   12  113.11573  106.55656  5.80%   3.3  300s
 39419 16617  113.08196  240    8  113.11573  106.55656  5.80%   3.3  306s
 39421 16618  113.06332  291   14  113.11573  106.55656  5.80%   3.3  311s
 39424 16620  113.08423  126   26  113.11573  106.55656  5.80%   3.3  315s
 39426 16621  113.10290  206   20  113.11573  106.55656  5.80%   3.3  320s
 39427 16622  113.08423  139   20  113.11573  106.55656  5.80%   3.3  326s
 39430 16624  113.08423  147   19  113.11573  106.55656  5.80%   3.3  334s
 39431 16625  113.08423  130   22  113.11573  106.55656  5.80%   3.3  335s
 39433 16626  113.08423  213   27  113.11573  106.55656  5.80%   3.3  341s
 39436 16628  113.10290  151   24  113.11573  106.55656  5.80%   3.3  346s
 39439 16630  113.08423  170   20  113.11573  107.42536  5.03%   3.3  352s
 39443 16633  113.08423  157   23  113.11573  109.37646  3.31%   3.3  356s
 39447 16635  113.08423   85   25  113.11573  110.99924  1.87%   3.3  362s
 39450 16637  113.08423   96    9  113.11573  112.02136  0.97%   3.3  366s
 39453 16639  113.08423  122    7  113.11573  112.03575  0.95%   3.3  371s
 39454 16640  113.08423  149    6  113.11573  113.08423  0.03%   3.3  375s
 39458 16643  113.08423   64    6  113.11573  113.08423  0.03%   3.3  381s
 39460 16644  113.08423  147   10  113.11573  113.08423  0.03%   3.3  386s
H39460 15811                     113.1157329  113.08423  0.03%   3.3  389s
 39462 15812  113.10290  165    5  113.11573  113.08423  0.03%   3.3  391s
 39463 15813  113.10290  177    2  113.11573  113.08423  0.03%   3.3  397s
 39464 15814  113.08423   89    8  113.11573  113.08423  0.03%   3.3  401s
 39466 15815  113.10290  137    4  113.11573  113.08423  0.03%   3.3  407s
 39469 15817  113.08423   87    4  113.11573  113.08423  0.03%   3.3  410s
 39479 15825  113.08423  155    6  113.11573  113.08423  0.03%   3.4  415s
 41229 15543     cutoff  103       113.11573  113.08423  0.03%   3.4  421s
H41255 14742                     113.1157326  113.08423  0.03%   3.4  421s
 45733 15050     cutoff  115       113.11573  113.08423  0.03%   3.3  425s
 52479 14414 infeasible  141       113.11573  113.08423  0.03%   3.1  430s
H55784 13244                     113.1147985  113.08423  0.03%   3.0  432s
 56949 13675  113.08428  164    8  113.11480  113.08423  0.03%   3.0  436s
 58337 15180  113.10290  181    8  113.11480  113.08423  0.03%   3.0  441s
 68076 14911     cutoff  130       113.11480  113.08423  0.03%   2.9  445s
 82472 15525  113.10290  179  305  113.11480  113.08423  0.03%   2.8  451s
 82481 15531  113.08428  164    9  113.11480  113.08423  0.03%   2.8  455s
 82484 15533  113.10290  122    4  113.11480  113.08423  0.03%   2.8  460s
 82487 15535  113.10290  147    5  113.11480  113.08423  0.03%   2.8  465s

Cutting planes:
  Gomory: 1
  Cover: 27
  Implied bound: 8
  Clique: 9
  MIR: 6
  StrongCG: 2
  Flow cover: 47
  GUB cover: 1
  Zero half: 1
  Relax-and-lift: 10

Explored 82562 nodes (235219 simplex iterations) in 470.26 seconds (70.36 work units)
Thread count was 20 (of 20 available processors)

Solution count 10: 113.115 113.116 113.116 ... 113.134

Optimal solution found (tolerance 1.00e-04)
Best objective 1.131147985402e+02, best bound 1.131147985402e+02, gap 0.0000%

User-callback calls 185932, time in user-callback 3.75 sec
