
Gurobi 12.0.1 (win64) logging started Sat Sep 20 07:47:29 2025

Set parameter LogFile to value "log_group_6/bound_Expr98_s7_l1051_s11_e12_o30_d60_t7200_s28_1_1_1_1.log"
Gurobi Optimizer version 12.0.1 build v12.0.1rc0 (win64 - Windows Server 2022.0 (20348.2))

CPU model: Intel(R) Xeon(R) Gold 6336Y CPU @ 2.40GHz, instruction set [SSE2|AVX|AVX2|AVX512]
Thread count: 48 physical cores, 96 logical processors, using up to 32 threads

Non-default parameters:
TimeLimit  7200

Optimize a model with 494231 rows, 483440 columns and 6886106 nonzeros
Model fingerprint: 0x0ef33645
Variable types: 440 continuous, 483000 integer (483000 binary)
Coefficient statistics:
  Matrix range     [1e+00, 8e+02]
  Objective range  [1e+00, 1e+00]
  Bounds range     [1e+00, 1e+03]
  RHS range        [1e+00, 8e+02]
Presolve removed 480582 rows and 471130 columns
Presolve time: 2.22s
Presolved: 13649 rows, 12310 columns, 149412 nonzeros
Variable types: 410 continuous, 11900 integer (11900 binary)
Found heuristic solution: objective 1617.7920000
Performing another presolve...
Presolve removed 8483 rows and 8180 columns
Presolve time: 0.45s

Root relaxation: objective 1.079063e+02, 4004 iterations, 0.27 seconds (0.37 work units)

    Nodes    |    Current Node    |     Objective Bounds      |     Work
 Expl Unexpl |  Obj  Depth IntInf | Incumbent    BestBd   Gap | It/Node Time

     0     0  107.90630    0  105 1617.79200  107.90630  93.3%     -    4s
H    0     0                    1606.2503667  107.90630  93.3%     -    4s
H    0     0                    1597.3144882  107.90630  93.2%     -    4s
H    0     0                    1597.0519000  107.90630  93.2%     -    4s
H    0     0                    1370.0218000  107.90630  92.1%     -    4s
     0     0  107.90630    0  210 1370.02180  107.90630  92.1%     -    5s
H    0     0                    1171.3481333  107.90630  90.8%     -    5s
H    0     0                    1171.3016333  107.90630  90.8%     -    5s
H    0     0                    1170.4429333  107.90630  90.8%     -    5s
     0     0  107.90630    0  198 1170.44293  107.90630  90.8%     -    5s
H    0     0                    1127.9061000  107.90630  90.4%     -    5s
H    0     0                     892.5981667  107.90630  87.9%     -    6s
H    0     0                     835.4030333  107.90630  87.1%     -    6s
H    0     0                     791.8646333  107.90630  86.4%     -    6s
H    0     0                     772.4828333  107.90630  86.0%     -    6s
H    0     0                     707.7573333  107.90630  84.8%     -    6s
H    0     0                     686.5894333  107.90630  84.3%     -    6s
H    0     0                     683.4640333  107.90630  84.2%     -    6s
H    0     0                     677.1001333  107.90630  84.1%     -    6s
H    0     0                     638.1179000  107.90630  83.1%     -    6s
H    0     0                     637.7392000  107.90630  83.1%     -    6s
H    0     0                     597.7236667  107.90630  81.9%     -    6s
H    0     0                     592.8955667  107.90630  81.8%     -    6s
H    0     0                     549.4781000  107.90630  80.4%     -    6s
H    0     0                     549.2109667  107.90630  80.4%     -    6s
H    0     0                     382.0796333  107.90630  71.8%     -    6s
     0     0  107.90630    0   89  382.07963  107.90630  71.8%     -    7s
H    0     0                     382.0085333  107.90630  71.8%     -    7s
     0     0  108.10947    0  200  382.00853  108.10947  71.7%     -    7s
     0     0  108.10947    0  113  382.00853  108.10947  71.7%     -    8s
     0     0  108.10947    0  104  382.00853  108.10947  71.7%     -    8s
H    0     0                     355.8557000  109.65507  69.2%     -    9s
H    0     0                     348.0523667  109.65507  68.5%     -    9s
H    0     0                     344.8085000  109.65507  68.2%     -    9s
H    0     0                     342.8043000  109.65507  68.0%     -    9s
H    0     0                     326.3216333  109.65507  66.4%     -    9s
H    0     0                     320.9608333  109.65507  65.8%     -    9s
H    0     0                     292.7655667  109.65507  62.5%     -    9s
H    0     0                     291.8838667  109.65507  62.4%     -    9s
     0     0  109.65507    0  152  291.88387  109.65507  62.4%     -    9s
H    0     0                     257.0248667  109.65955  57.3%     -    9s
H    0     0                     256.2099667  109.65955  57.2%     -    9s
H    0     0                     253.2327667  109.65955  56.7%     -    9s
     0     0  109.65955    0  152  253.23277  109.65955  56.7%     -    9s
H    0     0                     212.4554667  109.65955  48.4%     -    9s
H    0     0                     207.7144667  109.65955  47.2%     -    9s
H    0     0                     206.8148667  110.85701  46.4%     -    9s
     0     0  110.85701    0  198  206.81487  110.85701  46.4%     -   10s
     0     0  111.23475    0  198  206.81487  111.23475  46.2%     -   10s
H    0     0                     206.8049667  111.46641  46.1%     -   10s
     0     0  111.46641    0  241  206.80497  111.46641  46.1%     -   10s
H    0     0                     204.5033667  111.46641  45.5%     -   10s
     0     0  111.47916    0  254  204.50337  111.47916  45.5%     -   11s
     0     0  111.47916    0  251  204.50337  111.47916  45.5%     -   11s
     0     0  112.33251    0  223  204.50337  112.33251  45.1%     -   11s
H    0     0                     196.9491667  112.50109  42.9%     -   11s
     0     0  113.19676    0  188  196.94917  113.19676  42.5%     -   11s
     0     0  113.19781    0  185  196.94917  113.19781  42.5%     -   11s
     0     0  116.36383    0  238  196.94917  116.36383  40.9%     -   12s
H    0     0                     196.7936667  116.62625  40.7%     -   12s
     0     0  117.66578    0  276  196.79367  117.66578  40.2%     -   12s
     0     0  117.66578    0  277  196.79367  117.66578  40.2%     -   12s
     0     0  122.66361    0  326  196.79367  122.66361  37.7%     -   12s
     0     0  122.95456    0  327  196.79367  122.95456  37.5%     -   13s
     0     0  124.01677    0  277  196.79367  124.01677  37.0%     -   13s
     0     0  124.02008    0  268  196.79367  124.02008  37.0%     -   13s
H    0     0                     184.1521000  128.07431  30.5%     -   13s
     0     0  128.07431    0  273  184.15210  128.07431  30.5%     -   14s
H    0     0                     182.9374000  128.31652  29.9%     -   14s
H    0     0                     182.9014000  128.31652  29.8%     -   14s
     0     0  128.31652    0  274  182.90140  128.31652  29.8%     -   14s
     0     0  128.31652    0  275  182.90140  128.31652  29.8%     -   14s
H    0     0                     181.8505000  130.60935  28.2%     -   14s
     0     0  130.60935    0  282  181.85050  130.60935  28.2%     -   14s
     0     0  132.41928    0  284  181.85050  132.41928  27.2%     -   14s
     0     0  132.41928    0  273  181.85050  132.41928  27.2%     -   14s
H    0     0                     170.3998000  132.41928  22.3%     -   14s
     0     0  133.03393    0  280  170.39980  133.03393  21.9%     -   14s
     0     0  133.03393    0  255  170.39980  133.03393  21.9%     -   14s
     0     0  133.03393    0  258  170.39980  133.03393  21.9%     -   14s
     0     0  133.03393    0  273  170.39980  133.03393  21.9%     -   14s
     0     0  133.03393    0  274  170.39980  133.03393  21.9%     -   15s
     0     0  133.03393    0  238  170.39980  133.03393  21.9%     -   15s
     0     0  133.03393    0  236  170.39980  133.03393  21.9%     -   15s
     0     0  133.49366    0  269  170.39980  133.49366  21.7%     -   15s
     0     0  133.49366    0  255  170.39980  133.49366  21.7%     -   15s
     0     0  133.49366    0  266  170.39980  133.49366  21.7%     -   15s
     0     0  133.49366    0  264  170.39980  133.49366  21.7%     -   15s
     0     0  133.49366    0  247  170.39980  133.49366  21.7%     -   15s
     0     0  133.59575    0  268  170.39980  133.59575  21.6%     -   15s
     0     0  133.61827    0  317  170.39980  133.61827  21.6%     -   15s
     0     0  133.61827    0  305  170.39980  133.61827  21.6%     -   15s
     0     0  133.61827    0  306  170.39980  133.61827  21.6%     -   15s
     0     0  136.11550    0  323  170.39980  136.11550  20.1%     -   16s
H    0     0                     170.1263000  136.11550  20.0%     -   19s
     0     0  143.71343    0   54  170.12630  143.71343  15.5%     -   20s
     0     0  143.71343    0  116  170.12630  143.71343  15.5%     -   20s
     0     0  143.71343    0  158  170.12630  143.71343  15.5%     -   20s
     0     0  143.71343    0  116  170.12630  143.71343  15.5%     -   20s
     0     0  143.71343    0  137  170.12630  143.71343  15.5%     -   20s
     0     0  143.71343    0  148  170.12630  143.71343  15.5%     -   20s
     0     0  143.71343    0  113  170.12630  143.71343  15.5%     -   20s
     0     0  143.71343    0  156  170.12630  143.71343  15.5%     -   20s
     0     0  143.71343    0  168  170.12630  143.71343  15.5%     -   20s
     0     0  143.71343    0  153  170.12630  143.71343  15.5%     -   20s
     0     0  155.64534    0  217  170.12630  155.64534  8.51%     -   20s
     0     0  155.64534    0   80  170.12630  155.64534  8.51%     -   21s
     0     0  158.38941    0  179  170.12630  158.38941  6.90%     -   21s
     0     0  158.38941    0  184  170.12630  158.38941  6.90%     -   21s
     0     0  158.38941    0  177  170.12630  158.38941  6.90%     -   21s
     0     0  164.41015    0  165  170.12630  164.41015  3.36%     -   21s
     0     0  164.41043    0  165  170.12630  164.41043  3.36%     -   21s
     0     0  166.55567    0   69  170.12630  166.55567  2.10%     -   21s
     0     0  168.49570    0   14  170.12630  168.49570  0.96%     -   21s
     0     0  168.49570    0    8  170.12630  168.49570  0.96%     -   21s
     0     0     cutoff    0       170.12630  170.12630  0.00%     -   21s

Explored 1 nodes (57792 simplex iterations) in 21.96 seconds (18.49 work units)
Thread count was 32 (of 96 available processors)

Solution count 10: 170.126 170.4 181.577 ... 196.949

Optimal solution found (tolerance 1.00e-04)
Best objective 1.701262999999e+02, best bound 1.701262999999e+02, gap 0.0000%

User-callback calls 3017, time in user-callback 0.01 sec

Gurobi 12.0.1 (win64) logging started Sat Sep 20 09:47:07 2025

Set parameter LogFile to value "log_group_6/bound_Expr98_s7_l1051_s11_e12_o30_d60_t7200_s28_1_1_1_1.log"
Gurobi Optimizer version 12.0.1 build v12.0.1rc0 (win64 - Windows Server 2022.0 (20348.2))

CPU model: Intel(R) Xeon(R) Gold 6336Y CPU @ 2.40GHz, instruction set [SSE2|AVX|AVX2|AVX512]
Thread count: 48 physical cores, 96 logical processors, using up to 32 threads

Non-default parameters:
TimeLimit  7200

Optimize a model with 494231 rows, 483440 columns and 6886106 nonzeros
Model fingerprint: 0x0ef33645
Variable types: 440 continuous, 483000 integer (483000 binary)
Coefficient statistics:
  Matrix range     [1e+00, 8e+02]
  Objective range  [1e+00, 1e+00]
  Bounds range     [1e+00, 1e+03]
  RHS range        [1e+00, 8e+02]
Presolve removed 480582 rows and 471130 columns
Presolve time: 2.18s
Presolved: 13649 rows, 12310 columns, 149412 nonzeros
Variable types: 410 continuous, 11900 integer (11900 binary)
Found heuristic solution: objective 1617.7920000
Performing another presolve...
Presolve removed 8483 rows and 8180 columns
Presolve time: 0.32s

Root relaxation: objective 1.079063e+02, 4004 iterations, 0.29 seconds (0.37 work units)

    Nodes    |    Current Node    |     Objective Bounds      |     Work
 Expl Unexpl |  Obj  Depth IntInf | Incumbent    BestBd   Gap | It/Node Time

     0     0  107.90630    0  105 1617.79200  107.90630  93.3%     -    4s
H    0     0                    1606.2503667  107.90630  93.3%     -    4s
H    0     0                    1597.3144882  107.90630  93.2%     -    4s
H    0     0                    1597.0519000  107.90630  93.2%     -    4s
H    0     0                    1370.0218000  107.90630  92.1%     -    4s
     0     0  107.90630    0  210 1370.02180  107.90630  92.1%     -    4s
H    0     0                    1171.3481333  107.90630  90.8%     -    4s
H    0     0                    1171.3016333  107.90630  90.8%     -    4s
H    0     0                    1170.4429333  107.90630  90.8%     -    4s
     0     0  107.90630    0  198 1170.44293  107.90630  90.8%     -    4s
H    0     0                    1127.9061000  107.90630  90.4%     -    5s
H    0     0                     892.5981667  107.90630  87.9%     -    6s
H    0     0                     835.4030333  107.90630  87.1%     -    6s
H    0     0                     791.8646333  107.90630  86.4%     -    6s
H    0     0                     772.4828333  107.90630  86.0%     -    6s
H    0     0                     707.7573333  107.90630  84.8%     -    6s
H    0     0                     686.5894333  107.90630  84.3%     -    6s
H    0     0                     683.4640333  107.90630  84.2%     -    6s
H    0     0                     677.1001333  107.90630  84.1%     -    6s
H    0     0                     638.1179000  107.90630  83.1%     -    6s
H    0     0                     637.7392000  107.90630  83.1%     -    6s
H    0     0                     597.7236667  107.90630  81.9%     -    6s
H    0     0                     592.8955667  107.90630  81.8%     -    6s
H    0     0                     549.4781000  107.90630  80.4%     -    6s
H    0     0                     549.2109667  107.90630  80.4%     -    6s
H    0     0                     382.0796333  107.90630  71.8%     -    6s
     0     0  107.90630    0   89  382.07963  107.90630  71.8%     -    6s
H    0     0                     382.0085333  107.90630  71.8%     -    6s
     0     0  108.10947    0  200  382.00853  108.10947  71.7%     -    6s
     0     0  108.10947    0  113  382.00853  108.10947  71.7%     -    7s
     0     0  108.10947    0  104  382.00853  108.10947  71.7%     -    7s
H    0     0                     355.8557000  109.65507  69.2%     -    8s
H    0     0                     348.0523667  109.65507  68.5%     -    8s
H    0     0                     344.8085000  109.65507  68.2%     -    8s
H    0     0                     342.8043000  109.65507  68.0%     -    8s
H    0     0                     326.3216333  109.65507  66.4%     -    8s
H    0     0                     320.9608333  109.65507  65.8%     -    8s
H    0     0                     292.7655667  109.65507  62.5%     -    8s
H    0     0                     291.8838667  109.65507  62.4%     -    8s
     0     0  109.65507    0  152  291.88387  109.65507  62.4%     -    8s
H    0     0                     257.0248667  109.65955  57.3%     -    8s
H    0     0                     256.2099667  109.65955  57.2%     -    8s
H    0     0                     253.2327667  109.65955  56.7%     -    8s
     0     0  109.65955    0  152  253.23277  109.65955  56.7%     -    8s
H    0     0                     212.4554667  109.65955  48.4%     -    9s
H    0     0                     207.7144667  109.65955  47.2%     -    9s
H    0     0                     206.8148667  110.85701  46.4%     -    9s
     0     0  110.85701    0  198  206.81487  110.85701  46.4%     -    9s
     0     0  111.23475    0  198  206.81487  111.23475  46.2%     -    9s
H    0     0                     206.8049667  111.46641  46.1%     -   10s
     0     0  111.46641    0  241  206.80497  111.46641  46.1%     -   10s
H    0     0                     204.5033667  111.46641  45.5%     -   10s
     0     0  111.47916    0  254  204.50337  111.47916  45.5%     -   10s
     0     0  111.47916    0  251  204.50337  111.47916  45.5%     -   10s
     0     0  112.33251    0  223  204.50337  112.33251  45.1%     -   10s
H    0     0                     196.9491667  112.50109  42.9%     -   10s
     0     0  113.19676    0  188  196.94917  113.19676  42.5%     -   11s
     0     0  113.19781    0  185  196.94917  113.19781  42.5%     -   11s
     0     0  116.36383    0  238  196.94917  116.36383  40.9%     -   11s
H    0     0                     196.7936667  116.62625  40.7%     -   11s
     0     0  117.66578    0  276  196.79367  117.66578  40.2%     -   11s
     0     0  117.66578    0  277  196.79367  117.66578  40.2%     -   11s
     0     0  122.66361    0  326  196.79367  122.66361  37.7%     -   12s
     0     0  122.95456    0  327  196.79367  122.95456  37.5%     -   12s
     0     0  124.01677    0  277  196.79367  124.01677  37.0%     -   12s
     0     0  124.02008    0  268  196.79367  124.02008  37.0%     -   12s
H    0     0                     184.1521000  128.07431  30.5%     -   13s
     0     0  128.07431    0  273  184.15210  128.07431  30.5%     -   13s
H    0     0                     182.9374000  128.31652  29.9%     -   13s
H    0     0                     182.9014000  128.31652  29.8%     -   13s
     0     0  128.31652    0  274  182.90140  128.31652  29.8%     -   13s
     0     0  128.31652    0  275  182.90140  128.31652  29.8%     -   13s
H    0     0                     181.8505000  130.60935  28.2%     -   13s
     0     0  130.60935    0  282  181.85050  130.60935  28.2%     -   13s
     0     0  132.41928    0  284  181.85050  132.41928  27.2%     -   13s
     0     0  132.41928    0  273  181.85050  132.41928  27.2%     -   13s
H    0     0                     170.3998000  132.41928  22.3%     -   13s
     0     0  133.03393    0  280  170.39980  133.03393  21.9%     -   13s
     0     0  133.03393    0  255  170.39980  133.03393  21.9%     -   13s
     0     0  133.03393    0  258  170.39980  133.03393  21.9%     -   13s
     0     0  133.03393    0  273  170.39980  133.03393  21.9%     -   13s
     0     0  133.03393    0  274  170.39980  133.03393  21.9%     -   14s
     0     0  133.03393    0  238  170.39980  133.03393  21.9%     -   14s
     0     0  133.03393    0  236  170.39980  133.03393  21.9%     -   14s
     0     0  133.49366    0  269  170.39980  133.49366  21.7%     -   14s
     0     0  133.49366    0  255  170.39980  133.49366  21.7%     -   14s
     0     0  133.49366    0  266  170.39980  133.49366  21.7%     -   14s
     0     0  133.49366    0  264  170.39980  133.49366  21.7%     -   14s
     0     0  133.49366    0  247  170.39980  133.49366  21.7%     -   14s
     0     0  133.59575    0  268  170.39980  133.59575  21.6%     -   14s
     0     0  133.61827    0  317  170.39980  133.61827  21.6%     -   14s
     0     0  133.61827    0  305  170.39980  133.61827  21.6%     -   14s
     0     0  133.61827    0  306  170.39980  133.61827  21.6%     -   14s
     0     0  136.11550    0  323  170.39980  136.11550  20.1%     -   14s
H    0     0                     170.1263000  136.11550  20.0%     -   18s
     0     0  143.71343    0   54  170.12630  143.71343  15.5%     -   19s
     0     0  143.71343    0  116  170.12630  143.71343  15.5%     -   19s
     0     0  143.71343    0  158  170.12630  143.71343  15.5%     -   19s
     0     0  143.71343    0  116  170.12630  143.71343  15.5%     -   19s
     0     0  143.71343    0  137  170.12630  143.71343  15.5%     -   19s
     0     0  143.71343    0  148  170.12630  143.71343  15.5%     -   19s
     0     0  143.71343    0  113  170.12630  143.71343  15.5%     -   19s
     0     0  143.71343    0  156  170.12630  143.71343  15.5%     -   19s
     0     0  143.71343    0  168  170.12630  143.71343  15.5%     -   19s
     0     0  143.71343    0  153  170.12630  143.71343  15.5%     -   19s
     0     0  155.64534    0  217  170.12630  155.64534  8.51%     -   19s
     0     0  155.64534    0   80  170.12630  155.64534  8.51%     -   20s
     0     0  158.38941    0  179  170.12630  158.38941  6.90%     -   20s
     0     0  158.38941    0  184  170.12630  158.38941  6.90%     -   20s
     0     0  158.38941    0  177  170.12630  158.38941  6.90%     -   20s
     0     0  164.41015    0  165  170.12630  164.41015  3.36%     -   20s
     0     0  164.41043    0  165  170.12630  164.41043  3.36%     -   20s
     0     0  166.55567    0   69  170.12630  166.55567  2.10%     -   20s
     0     0  168.49570    0   14  170.12630  168.49570  0.96%     -   20s
     0     0  168.49570    0    8  170.12630  168.49570  0.96%     -   20s
     0     0     cutoff    0       170.12630  170.12630  0.00%     -   20s

Explored 1 nodes (57792 simplex iterations) in 20.59 seconds (18.49 work units)
Thread count was 32 (of 96 available processors)

Solution count 10: 170.126 170.4 181.577 ... 196.949

Optimal solution found (tolerance 1.00e-04)
Best objective 1.701262999999e+02, best bound 1.701262999999e+02, gap 0.0000%

User-callback calls 2787, time in user-callback 0.01 sec
