
Gurobi 10.0.1 (win64) logging started Sun Sep 21 02:55:45 2025

Set parameter LogFile to value "log_group_6/bound_Expr160_s5_l1051_s11_e12_o20_d40_t7200_s20_1_0_0_0.log"
Gurobi Optimizer version 10.0.1 build v10.0.1rc0 (win64)

CPU model: Intel(R) Core(TM) i7-10700 CPU @ 2.90GHz, instruction set [SSE2|AVX|AVX2]
Thread count: 8 physical cores, 16 logical processors, using up to 16 threads

Optimize a model with 151070 rows, 150310 columns and 1497070 nonzeros
Model fingerprint: 0x58d4567e
Variable types: 310 continuous, 150000 integer (150000 binary)
Coefficient statistics:
  Matrix range     [1e+00, 9e+02]
  Objective range  [1e+00, 1e+00]
  Bounds range     [1e+00, 1e+03]
  RHS range        [1e+00, 9e+02]
Presolve removed 144806 rows and 144546 columns
Presolve time: 1.07s
Presolved: 6264 rows, 5764 columns, 40509 nonzeros
Variable types: 270 continuous, 5494 integer (5491 binary)

Root relaxation: objective 0.000000e+00, 4308 iterations, 0.30 seconds (0.71 work units)

    Nodes    |    Current Node    |     Objective Bounds      |     Work
 Expl Unexpl |  Obj  Depth IntInf | Incumbent    BestBd   Gap | It/Node Time

     0     0    0.00000    0   72          -    0.00000      -     -    2s
H    0     0                    3526.2612359    0.00000   100%     -    2s
H    0     0                    3505.6608667    0.00000   100%     -    2s
H    0     0                    3343.2146667    0.00000   100%     -    2s
H    0     0                    2477.1549000    0.00000   100%     -    2s
     0     0    0.00000    0  334 2477.15490    0.00000   100%     -    2s
H    0     0                    2402.6989333    0.00000   100%     -    2s
H    0     0                    2041.6298000    0.00000   100%     -    2s
     0     0    0.00000    0  332 2041.62980    0.00000   100%     -    2s
H    0     0                    1736.8677000    0.00000   100%     -    2s
H    0     0                    1081.0951333    0.00000   100%     -    2s
H    0     0                     911.5461333    0.00000   100%     -    3s
H    0     0                     628.7866767    0.00000   100%     -    3s
H    0     0                     399.4469000    0.00000   100%     -    3s
     0     0    0.00000    0   65  399.44690    0.00000   100%     -    3s
H    0     0                     309.9134667    0.00000   100%     -    3s
H    0     0                     147.3963000    0.00000   100%     -    4s
     0     0    0.00000    0  140  147.39630    0.00000   100%     -    4s
     0     0    0.00000    0  197  147.39630    0.00000   100%     -    4s
     0     0    0.00000    0  183  147.39630    0.00000   100%     -    4s
     0     0    0.00000    0  175  147.39630    0.00000   100%     -    5s
     0     0    0.00000    0  119  147.39630    0.00000   100%     -    5s
     0     0    1.55310    0  228  147.39630    1.55310  98.9%     -    5s
     0     0    1.55310    0  198  147.39630    1.55310  98.9%     -    5s
     0     0    1.55310    0  192  147.39630    1.55310  98.9%     -    5s
     0     0    1.55310    0  229  147.39630    1.55310  98.9%     -    5s
     0     0    1.55310    0  155  147.39630    1.55310  98.9%     -    5s
H    0     0                     145.9075000    1.55310  98.9%     -    5s
     0     0    1.55310    0  171  145.90750    1.55310  98.9%     -    5s
     0     0    1.55310    0  149  145.90750    1.55310  98.9%     -    5s
     0     0   12.04253    0  289  145.90750   12.04253  91.7%     -    6s
     0     0   16.96423    0  294  145.90750   16.96423  88.4%     -    6s
     0     0   17.01118    0  295  145.90750   17.01118  88.3%     -    6s
     0     0   17.01782    0  296  145.90750   17.01782  88.3%     -    6s
     0     0   17.01844    0  293  145.90750   17.01844  88.3%     -    6s
     0     0   17.01865    0  293  145.90750   17.01865  88.3%     -    6s
     0     0   20.50497    0  315  145.90750   20.50497  85.9%     -    6s
H    0     0                     145.2148000   20.50497  85.9%     -    6s
     0     0   20.50497    0  308  145.21480   20.50497  85.9%     -    6s
H    0     0                     143.7260000   20.50497  85.7%     -    6s
H    0     0                     121.2848667   20.50497  83.1%     -    6s
     0     0   43.58643    0  226  121.28487   43.58643  64.1%     -    6s
     0     0   43.58643    0  141  121.28487   43.58643  64.1%     -    7s
     0     0   43.58643    0  143  121.28487   43.58643  64.1%     -    7s
     0     0   43.58643    0  173  121.28487   43.58643  64.1%     -    7s
     0     0   43.58643    0  103  121.28487   43.58643  64.1%     -    7s
H    0     0                     119.7960667   43.58643  63.6%     -    7s
     0     0   43.58643    0  236  119.79607   43.58643  63.6%     -    7s
     0     0   43.58643    0  351  119.79607   43.58643  63.6%     -    7s
     0     0   43.58643    0  348  119.79607   43.58643  63.6%     -    7s
     0     0   43.58643    0  245  119.79607   43.58643  63.6%     -    7s
     0     0   43.58643    0  336  119.79607   43.58643  63.6%     -    7s
     0     0   43.58643    0  301  119.79607   43.58643  63.6%     -    7s
     0     0   43.58643    0  264  119.79607   43.58643  63.6%     -    7s
     0     0   43.58643    0  171  119.79607   43.58643  63.6%     -    7s
     0     0   43.58643    0  269  119.79607   43.58643  63.6%     -    7s
     0     0   43.58643    0  254  119.79607   43.58643  63.6%     -    8s
     0     0   43.58643    0  302  119.79607   43.58643  63.6%     -    8s
H    0     0                     118.0708667   43.58643  63.1%     -    8s
     0     0   43.58643    0  204  118.07087   43.58643  63.1%     -    8s
     0     0   43.58643    0  320  118.07087   43.58643  63.1%     -   10s
     0     0   43.58643    0  212  118.07087   43.58643  63.1%     -   10s
     0     0   43.58643    0  204  118.07087   43.58643  63.1%     -   10s
     0     0   44.16145    0  206  118.07087   44.16145  62.6%     -   10s
     0     0   44.17619    0  204  118.07087   44.17619  62.6%     -   11s
     0     0   47.05720    0  424  118.07087   47.05720  60.1%     -   11s
     0     0   47.05720    0  424  118.07087   47.05720  60.1%     -   11s
     0     0   47.14367    0  423  118.07087   47.14367  60.1%     -   11s
     0     0   47.14367    0  424  118.07087   47.14367  60.1%     -   11s
     0     0   64.51038    0  429  118.07087   64.51038  45.4%     -   12s
     0     0   64.56252    0  429  118.07087   64.56252  45.3%     -   12s
     0     0   64.66284    0  430  118.07087   64.66284  45.2%     -   12s
     0     0   64.68802    0  431  118.07087   64.68802  45.2%     -   12s
     0     0   90.69356    0  389  118.07087   90.69356  23.2%     -   12s
     0     0   91.23083    0  383  118.07087   91.23083  22.7%     -   12s
     0     0   91.29777    0  381  118.07087   91.29777  22.7%     -   12s
     0     0   92.13104    0  381  118.07087   92.13104  22.0%     -   12s
     0     0   92.47059    0  382  118.07087   92.47059  21.7%     -   12s
     0     0   92.66042    0  382  118.07087   92.66042  21.5%     -   12s
     0     0   92.98086    0  384  118.07087   92.98086  21.2%     -   12s
     0     0   93.10551    0  382  118.07087   93.10551  21.1%     -   12s
     0     0   93.10782    0  383  118.07087   93.10782  21.1%     -   12s
     0     0   94.02500    0  382  118.07087   94.02500  20.4%     -   12s
     0     0   94.18017    0  382  118.07087   94.18017  20.2%     -   12s
     0     0   94.29646    0  383  118.07087   94.29646  20.1%     -   12s
     0     0   94.66911    0  385  118.07087   94.66911  19.8%     -   12s
     0     0   94.66911    0  385  118.07087   94.66911  19.8%     -   12s
     0     0   94.68743    0  383  118.07087   94.68743  19.8%     -   12s
     0     0   94.68743    0  383  118.07087   94.68743  19.8%     -   12s
     0     0  102.36089    0  388  118.07087  102.36089  13.3%     -   13s
     0     0  102.36089    0  210  118.07087  102.36089  13.3%     -   13s
     0     0  102.36089    0   65  118.07087  102.36089  13.3%     -   13s
     0     0  102.77621    0   53  118.07087  102.77621  13.0%     -   13s
     0     0  105.24646    0   32  118.07087  105.24646  10.9%     -   13s
     0     0  106.69830    0   24  118.07087  106.69830  9.63%     -   13s
     0     0  106.69830    0   28  118.07087  106.69830  9.63%     -   13s
     0     0  106.69830    0   27  118.07087  106.69830  9.63%     -   13s
     0     0  108.47921    0   22  118.07087  108.47921  8.12%     -   13s
     0     0  108.47921    0   24  118.07087  108.47921  8.12%     -   13s
     0     0  108.66103    0   29  118.07087  108.66103  7.97%     -   13s
     0     0  109.18209    0   26  118.07087  109.18209  7.53%     -   13s
     0     0  114.22132    0   18  118.07087  114.22132  3.26%     -   13s
     0     0  115.55744    0   22  118.07087  115.55744  2.13%     -   13s
     0     0  115.80007    0   17  118.07087  115.80007  1.92%     -   13s
     0     0  115.80007    0   17  118.07087  115.80007  1.92%     -   14s
     0     0  115.87609    0   18  118.07087  115.87609  1.86%     -   14s
     0     0  116.15877    0    6  118.07087  116.15877  1.62%     -   14s
     0     0  117.55827    0    4  118.07087  117.55827  0.43%     -   14s
     0     0 infeasible    0       118.07087  118.07087  0.00%     -   14s

Explored 1 nodes (51659 simplex iterations) in 14.03 seconds (21.93 work units)
Thread count was 16 (of 16 available processors)

Solution count 10: 118.071 119.796 121.285 ... 628.787

Optimal solution found (tolerance 1.00e-04)
Best objective 1.180708666666e+02, best bound 1.180708666666e+02, gap 0.0000%

User-callback calls 2989, time in user-callback 0.00 sec
