
Gurobi 10.0.1 (win64) logging started Sun Sep 21 17:23:24 2025

Set parameter LogFile to value "log_group_6/bound_Expr351_s10_l1051_s11_e12_o80_d160_t60_s56_0_0_0_0.log"
Gurobi Optimizer version 10.0.1 build v10.0.1rc0 (win64)

CPU model: Intel(R) Core(TM) i7-10700 CPU @ 2.90GHz, instruction set [SSE2|AVX|AVX2]
Thread count: 8 physical cores, 16 logical processors, using up to 16 threads

Optimize a model with 2761810 rows, 2760740 columns and 22072600 nonzeros
Model fingerprint: 0x40c65d5a
Variable types: 740 continuous, 2760000 integer (2760000 binary)
Coefficient statistics:
  Matrix range     [1e+00, 9e+02]
  Objective range  [1e+00, 1e+00]
  Bounds range     [1e+00, 1e+03]
  RHS range        [1e+00, 9e+02]
Presolve removed 80 rows and 160 columns (presolve time = 5s) ...
Presolve removed 2714730 rows and 2714160 columns (presolve time = 10s) ...
Presolve removed 2714240 rows and 2713670 columns
Presolve time: 11.65s
Presolved: 47570 rows, 47070 columns, 278460 nonzeros
Variable types: 580 continuous, 46490 integer (46490 binary)
Found heuristic solution: objective 17330.316833
Found heuristic solution: objective 2165.2312333
Deterministic concurrent LP optimizer: primal and dual simplex
Showing first log only...


Root simplex log...

Iteration    Objective       Primal Inf.    Dual Inf.      Time
       0   -5.5154000e+04   1.468795e+04   4.633041e+08     14s
    4849    6.0046000e+04   0.000000e+00   1.200000e+03     15s
    5422    0.0000000e+00   0.000000e+00   0.000000e+00     15s
Concurrent spin time: 0.24s

Solved with primal simplex

Root relaxation: objective 0.000000e+00, 5422 iterations, 1.02 seconds (2.00 work units)
Total elapsed time = 20.06s

    Nodes    |    Current Node    |     Objective Bounds      |     Work
 Expl Unexpl |  Obj  Depth IntInf | Incumbent    BestBd   Gap | It/Node Time

     0     0    0.00000    0  246 2165.23123    0.00000   100%     -   21s
H    0     0                    1981.2754333    0.00000   100%     -   23s
H    0     0                    1925.2893667    0.00000   100%     -   24s
     0     0    0.00000    0  290 1925.28937    0.00000   100%     -   26s
H    0     0                     828.2213667    0.00000   100%     -   35s
H    0     0                     702.5261000    0.00000   100%     -   35s
     0     0    0.00000    0  297  702.52610    0.00000   100%     -   35s
H    0     0                     660.5943992    0.00000   100%     -   60s
H    0     0                     601.6485333    0.00000   100%     -   60s
H    0     0                     592.1756333    0.00000   100%     -   60s
H    0     0                     572.8747667    0.00000   100%     -   60s
     0     0    0.00000    0  239  572.87477    0.00000   100%     -   60s

Cutting planes:
  Gomory: 23
  Lift-and-project: 15
  Implied bound: 205
  MIR: 246
  RLT: 36
  Relax-and-lift: 160

Explored 1 nodes (31984 simplex iterations) in 60.58 seconds (84.25 work units)
Thread count was 16 (of 16 available processors)

Solution count 10: 572.875 592.176 601.649 ... 17330.3

Time limit reached
Best objective 5.728747666666e+02, best bound 0.000000000000e+00, gap 100.0000%

User-callback calls 9174, time in user-callback 0.03 sec
