
Gurobi 10.0.1 (win64) logging started Sun Sep 21 01:11:58 2025

Set parameter LogFile to value "log_group_6/bound_Expr50_s8_l1051_s11_e12_o60_d120_t7200_s50_0_0_0_0.log"
Gurobi Optimizer version 10.0.1 build v10.0.1rc0 (win64)

CPU model: Intel(R) Core(TM) i7-10700 CPU @ 2.90GHz, instruction set [SSE2|AVX|AVX2]
Thread count: 8 physical cores, 16 logical processors, using up to 16 threads

Optimize a model with 1105432 rows, 1104580 columns and 8836544 nonzeros
Model fingerprint: 0x3a6cb003
Variable types: 580 continuous, 1104000 integer (1104000 binary)
Coefficient statistics:
  Matrix range     [1e+00, 8e+02]
  Objective range  [1e+00, 1e+00]
  Bounds range     [1e+00, 1e+03]
  RHS range        [1e+00, 8e+02]
Presolve removed 1078980 rows and 1078528 columns
Presolve time: 4.59s
Presolved: 26452 rows, 26052 columns, 153168 nonzeros
Variable types: 460 continuous, 25592 integer (25592 binary)
Found heuristic solution: objective 9446.8516667
Found heuristic solution: objective 1725.4742667
Deterministic concurrent LP optimizer: primal and dual simplex
Showing first log only...


Root simplex log...

Iteration    Objective       Primal Inf.    Dual Inf.      Time
       0   -4.1346000e+04   1.119367e+04   3.540474e+08      6s
    3036    4.5054000e+04   0.000000e+00   7.040000e+02      6s
    3386    0.0000000e+00   0.000000e+00   0.000000e+00      6s
Concurrent spin time: 0.12s

Solved with primal simplex

Root relaxation: objective 0.000000e+00, 3386 iterations, 0.54 seconds (0.84 work units)

    Nodes    |    Current Node    |     Objective Bounds      |     Work
 Expl Unexpl |  Obj  Depth IntInf | Incumbent    BestBd   Gap | It/Node Time

     0     0    0.00000    0  191 1725.47427    0.00000   100%     -    7s
H    0     0                    1548.1480212    0.00000   100%     -    8s
H    0     0                    1438.0421000    0.00000   100%     -    8s
     0     0    0.00000    0  215 1438.04210    0.00000   100%     -    9s
H    0     0                     714.4865333    0.00000   100%     -   12s
H    0     0                     569.1596000    0.00000   100%     -   12s
     0     0    0.00000    0  209  569.15960    0.00000   100%     -   12s
H    0     0                     566.4021333    0.00000   100%     -   19s
H    0     0                     550.8709667    0.00000   100%     -   19s
H    0     0                     416.0653667    0.00000   100%     -   19s
H    0     0                     411.4832667    0.00000   100%     -   19s
H    0     0                     408.9658000    0.00000   100%     -   19s
     0     0    0.00000    0  184  408.96580    0.00000   100%     -   21s
H    0     0                     396.9150333    0.00000   100%     -   22s
H    0     0                     384.1584993    0.00000   100%     -   23s
     0     0    0.00000    0  184  384.15850    0.00000   100%     -   23s
     0     0    0.00000    0  186  384.15850    0.00000   100%     -   27s
H    0     0                     382.5747667    0.00000   100%     -   28s
     0     0    0.00000    0  192  382.57477    0.00000   100%     -   28s
H    0     0                     378.9121667    0.00000   100%     -   32s
     0     0    0.00000    0  186  378.91217    0.00000   100%     -   33s
H    0     0                     378.8173667    0.00000   100%     -   34s
H    0     0                     359.1258667    0.00000   100%     -   35s
     0     0    0.00000    0  193  359.12587    0.00000   100%     -   35s
H    0     0                     353.8477667    0.00000   100%     -   39s
     0     0    0.00000    0  194  353.84777    0.00000   100%     -   40s
     0     0    0.00000    0  186  353.84777    0.00000   100%     -   42s
H    0     0                     353.8475406    0.00000   100%     -   47s
     0     2    0.00000    0  186  353.84754    0.00000   100%     -   49s
     3     6    0.00000    2  173  353.84754    0.00000   100%  1186   50s
H   29    24                     353.8225667    0.00000   100%   220   56s
H   30    24                     353.7793662    0.00000   100%   214   56s
H   31    24                     353.7541667    0.00000   100%   209   56s
H   36    24                     353.5816667    0.00000   100%   196   56s
    62    44    0.00000   11  182  353.58167    0.00000   100%   150   61s
H   64    44                     353.5777008    0.00000   100%   145   61s
   104    79    0.00000   16  181  353.57770    0.00000   100%   116   65s
   372   273    0.00000   46  185  353.57770    0.00000   100%  52.1   71s
   713   555    0.00000   75  187  353.57770    0.00000   100%  33.6   76s
  1040   888    0.00000  107  185  353.57770    0.00000   100%  25.7   80s
  1310  1100    0.00000  161  190  353.57770    0.00000   100%  23.5   85s
H 1990  1409                     353.5736146    0.00000   100%  18.0   93s
  1998  1744    0.00000  265  189  353.57361    0.00000   100%  18.0   97s
  2421  2154    0.00000  317  188  353.57361    0.00000   100%  16.3  100s
  2910  2471    0.00000  389  189  353.57361    0.00000   100%  14.8  105s
  3302  3079    0.00000  438  186  353.57361    0.00000   100%  13.7  110s
  4056  4090    0.00000  539  191  353.57361    0.00000   100%  12.0  116s
  5183  4863    0.00000  687  192  353.57361    0.00000   100%  10.5  121s
  6048  6107    0.00000  782  189  353.57361    0.00000   100%   9.7  127s
  7384  6108  229.37710 1217  186  353.57361    0.00000   100%   8.8  253s
  7386  6109   92.13130  340  180  353.57361    0.00000   100%   8.8  281s
  7387  6110    0.00000  720  185  353.57361    0.00000   100%   8.8  333s
  7388  6111   95.09223  147  173  353.57361    0.00000   100%   8.8  339s
  7389  6111  190.55867  361  184  353.57361    0.00000   100%   8.8  369s
  7390  6112   96.01153  475  183  353.57361    0.00000   100%   8.8  379s
  7391  6113  134.50580  723  182  353.57361    0.00000   100%   8.8  415s
  7392  6113  229.37710  403  166  353.57361    0.00000   100%   8.8  426s
  7393  6114  190.86333  371  180  353.57361    0.00000   100%   8.8  466s
  7394  6115  190.86333  538  160  353.57361    0.00000   100%   8.8  481s
  7395  6115    0.00000  834  185  353.57361    0.00000   100%   8.8  522s
  7396  6116  130.15313  379  185  353.57361    0.00000   100%   8.8  528s
  7397  6117   66.22177  433  185  353.57361    0.00000   100%   8.8  561s
  7398  6120    0.00000   10  166  353.57361    0.00000   100%  16.0  571s
  7400  6124    0.00000   11  173  353.57361    0.00000   100%  16.0  575s
  7404  6128    0.00000   12  175  353.57361    0.00000   100%  16.2  598s
  7412  6133    0.00000   13  176  353.57361    0.00000   100%  16.5  625s
  7420  6137    0.00000   14  180  353.57361    0.00000   100%  17.0  654s
  7428  6142   56.13847   14  178  353.57361    0.00000   100%  17.9  717s
  7436  6145    0.00000   15  180  353.57361    0.00000   100%  17.9  741s
  7444  6156  147.11447   15  174  353.57361    0.00000   100%  19.1  764s
  7459  6164  175.83310   16  177  353.57361    0.00000   100%  19.3  787s
  7473  6173    6.44903   17  184  353.57361    0.00000   100%  19.4  816s
  7488  6188  148.25717   18  198  353.57361    0.00000   100%  19.7  825s
  7509  6198    0.00000   20  186  353.57361    0.00000   100%  19.8  849s
  7528  6212   34.79610   21  186  353.57361    0.00000   100%  20.2  861s
  7584  6229  114.60867   25  196  353.57361    0.00000   100%  20.9  867s
  7604  6250    0.00000   26  191  353.57361    0.00000   100%  21.0  871s
  7652  6254    0.00000   29  192  353.57361    0.00000   100%  21.1  880s
  7728  6270  163.57173   33  199  353.57361    0.00000   100%  21.7  890s
  7736  6287    0.00000   34  205  353.57361    0.00000   100%  21.8  908s
  7759  6322    0.00000   36  203  353.57361    0.00000   100%  22.0  913s
  7814  6359  148.25717   39  200  353.57361    0.00000   100%  22.3  918s
  7887  6341    0.00000   45  202  353.57361    0.00000   100%  22.4  923s
  7896  6363  160.08673   45  206  353.57361    0.00000   100%  22.4  936s
  7926  6408  160.08673   47  198  353.57361    0.00000   100%  22.5  942s
  8007  6439  160.08673   53  198  353.57361    0.00000   100%  22.9  949s
  8088  6428  160.08673   60  198  353.57361    0.00000   100%  23.4  965s
  8108  6483    0.00000   62  202  353.57361    0.00000   100%  23.4  970s
  8204  6505    0.00000   71  202  353.57361    0.00000   100%  24.0  976s
  8288  6504  160.08673   79  198  353.57361    0.00000   100%  24.4  986s
  8326  6514  160.08673   82  198  353.57361    0.00000   100%  24.7  990s
  8357  6602    0.00000   85  202  353.57361    0.00000   100%  24.8  996s
  8479  6588  150.29227   92  195  353.57361    0.00000   100%  25.4 1008s
  8512  6667  150.29227   94  197  353.57361    0.00000   100%  25.9 1015s
  8632  6698    0.00000  107  202  353.57361    0.00000   100%  26.3 1022s
  8729  6695    0.00000  118  201  353.57361    0.00000   100%  26.5 1034s
  8761  6734    0.00000  121  201  353.57361    0.00000   100%  26.8 1039s
  8821  6827  129.70573  125  203  353.57361    0.00000   100%  27.1 1047s
  8959  6816  129.70573  134  205  353.57361    0.00000   100%  27.6 1057s
  9008  6875    0.00000  140  207  353.57361    0.00000   100%  28.1 1067s
  9122  6904    0.00000  147  207  353.57361    0.00000   100%  28.6 1077s
  9224  6921    0.00000  154  207  353.57361    0.00000   100%  29.0 1096s
  9282  6907  148.25717  159  203  353.57361    0.00000   100%  29.2 1136s
  9290  6945    0.00000  160  207  353.57361    0.00000   100%  29.2 1149s
  9340  6975  148.25717  165  203  353.57361    0.00000   100%  29.7 1160s
  9397  7009  148.25717  171  203  353.57361    0.00000   100%  29.7 1170s
  9474  7105    0.00000  180  208  353.57361    0.00000   100%  29.9 1180s
  9629  7264    0.00000  190  207  353.57361    0.00000   100%  30.7 1193s
  9879  7239    7.27310  209  205  353.57361    0.00000   100%  31.5 1215s
  9949  7357    0.00000  216  205  353.57361    0.00000   100%  31.5 1231s
 10141  7467    0.00000  230  206  353.57361    0.00000   100%  31.7 1243s
 10370  7503  107.07613  245  205  353.57361    0.00000   100%  31.6 1257s
 10503  7658   86.47683  274  203  353.57361    0.00000   100%  31.6 1273s
 10763  7654    0.00000  312  205  353.57361    0.00000   100%  32.3 1293s
 10849  7955  178.36230  322  201  353.57361    0.00000   100%  32.6 1312s
 11217  8198    0.00000  366  206  353.57361    0.00000   100%  33.3 1330s
 11616  8411  161.48400  392  200  353.57361    0.00000   100%  33.6 1348s
 11966  8381    0.00000  414  203  353.57361    0.00000   100%  33.4 1364s
 12071  8572   95.73767  416  202  353.57361    0.00000   100%  34.0 1382s
 12298  9066   95.73767  425  200  353.57361    0.00000   100%  33.7 1399s
 12892  9266   95.09223  446  200  353.57361    0.00000   100%  34.0 1419s
 13303  9422    0.00000  481  202  353.57361    0.00000   100%  34.1 1434s
 13596 10160  129.05617  488  200  353.57361    0.00000   100%  33.6 1462s
 14458 10629    0.00000  566  199  353.57361    0.00000   100%  33.1 1490s
 15238 10924    0.00000  629  198  353.57361    0.00000   100%  32.8 1670s
 15864 10841    0.00000  677  201  353.57361    0.00000   100%  33.4 1696s
 15994 10977    0.00000  687  199  353.57361    0.00000   100%  33.7 1746s
 16179 11152  162.75003  699  198  353.57361    0.00000   100%  33.9 1788s
 16416 12074   66.72517  719  200  353.57361    0.00000   100%  34.0 1834s
 17460 12596   59.61827  793  195  353.57361    0.00000   100%  35.5 1878s
 18360 12988    0.00000  891  204  353.57361    0.00000   100%  36.1 1910s
 19060 13574  162.75003  935  203  353.57361    0.00000   100%  35.8 1951s
 19916 13407   91.25860 1040  203  353.57361    0.00000   100%  35.7 1979s
 20036 14732    0.00000 1050  205  353.57361    0.00000   100%  35.6 2015s
 21485 15053    0.00000 1170  201  353.57361    0.00000   100%  34.2 2054s
 22341 15390  175.68617 1245  199  353.57361    0.00000   100%  33.8 2075s
 22978 16342    0.00000 1275  202  353.57361    0.00000   100%  33.5 2104s
 24170 16468    0.00000 1350  202  353.57361    0.00000   100%  33.3 2135s
 24743 17484    0.00000 1422  202  353.57361    0.00000   100%  33.7 2172s
 26002 17311   56.13847 1566  198  353.57361    0.00000   100%  33.6 2193s
 26169 18238  109.07017 1578  196  353.57361    0.00000   100%  33.8 2234s
 27132 18878    0.00000 1679  199  353.57361    0.00000   100%  34.0 2267s
 27839 19445    0.00000 1758  199  353.57361    0.00000   100%  33.6 2300s
 28473 19560    0.00000 1846  199  353.57361    0.00000   100%  33.5 2323s
 28592 19662    0.00000 1856  199  353.57361    0.00000   100%  33.7 2368s
 28704 19835    0.00000 1863  199  353.57361    0.00000   100%  34.0 2393s
 28877 20484   66.22177 1876  195  353.57361    0.00000   100%  34.2 2429s
 29547 23042   85.57397 1954  203  353.57361    0.00000   100%  34.7 2492s
 32148 25839    0.00000 2140  209  353.57361    0.00000   100%  33.5 3167s
 34987 26611    0.00000 2378  205  353.57361    0.00000   100%  32.7 3190s
 35791 27075    0.00000 2460  200  353.57361    0.00000   100%  32.6 3208s
 36256 27627    0.00000 2518  201  353.57361    0.00000   100%  32.6 3230s
 36817 27901   96.25347 2590  189  353.57361    0.00000   100%  32.5 3246s
 37097 28384    0.00000 2615  192  353.57361    0.00000   100%  32.5 3269s
 37603 28489   86.58250 2695  193  353.57361    0.00000   100%  32.8 3283s
 37717 28792    0.00000 2704  194  353.57361    0.00000   100%  32.9 3301s
 38039 29166  175.83310 2750  191  353.57361    0.00000   100%  33.3 3325s
 38466 29807    0.00000 2827  196  353.57361    0.00000   100%  33.7 3351s
 39168 29930   76.70510 2915  194  353.57361    0.00000   100%  34.0 3366s
 39302 30141    0.00000 2926  196  353.57361    0.00000   100%  34.0 3393s
 39526 31602    0.00000 2940  197  353.57361    0.00000   100%  34.3 3431s
 41040 31699   95.08743 3023  194  353.57361    0.00000   100%  33.9 3451s
 41142 32618    0.00000 3030  197  353.57361    0.00000   100%  34.0 3486s
 42371 33150    0.00000 3090  196  353.57361    0.00000   100%  33.8 3511s
 42975 33481    0.00000 3183  192  353.57361    0.00000   100%  34.3 3545s
 43314 34044    0.00000 3226  191  353.57361    0.00000   100%  34.2 3571s
 43962 34052    0.00000 3306  189  353.57361    0.00000   100%  34.3 3622s
 43970 34189   92.14690 3306  192  353.57361    0.00000   100%  34.3 3638s
 44107 34381    0.00000 3317  189  353.57361    0.00000   100%  34.3 3654s
 44300 35696   92.14690 3327  192  353.57361    0.00000   100%  34.4 3686s
 45629 36218    0.00000 3402  190  353.57361    0.00000   100%  33.9 3715s
 46201 37111   79.99960 3474  196  353.57361    0.00000   100%  34.1 3741s
 47134 40079   65.86047 3579  193  353.57361    0.00000   100%  33.9 3953s
 50137 40154    0.00000 3826  193  353.57361    0.00000   100%  33.2 3962s
 50216 40753    0.00000 3831  192  353.57361    0.00000   100%  33.3 3976s
 50820 41139  108.71753 3874  192  353.57361    0.00000   100%  33.3 3995s
 51218 41305   55.98067 3956  193  353.57361    0.00000   100%  33.5 4008s
 51388 42081    0.00000 3987  197  353.57361    0.00000   100%  33.6 4028s
 52176 42900   51.48193 4049  193  353.57361    0.00000   100%  33.6 4047s
 53037 43668    0.00000 4089  197  353.57361    0.00000   100%  33.6 4064s
 53819 43879   67.01950 4107  194  353.57361    0.00000   100%  33.5 4079s
 54037 44033   67.64027 4119  194  353.57361    0.00000   100%  33.8 4091s
 54201 44725   87.24883 4126  195  353.57361    0.00000   100%  33.9 4115s
 54916 45287   87.24883 4176  195  353.57361    0.00000   100%  34.1 4137s
 55498 45944   67.64027 4218  194  353.57361    0.00000   100%  34.3 4160s
 56175 46578  187.33697 4240  197  353.57361    0.00000   100%  34.5 4180s
 56853 46903    0.00000 4258  197  353.57361    0.00000   100%  34.6 4197s
 57214 47795    0.00000 4270  198  353.57361    0.00000   100%  34.7 4222s
 58139 48503   51.65657 4346  197  353.57361    0.00000   100%  34.8 4247s
 58893 48714   66.87910 4448  194  353.57361    0.00000   100%  35.0 4274s
 59110 49895    0.00000 4480  197  353.57361    0.00000   100%  35.0 4301s
 60323 50533   88.64323 4593  194  353.57361    0.00000   100%  35.1 4319s
 60962 51668  187.20707 4613  193  353.57361    0.00000   100%  34.9 4347s
 62137 54634   67.93777 4698  193  353.57361    0.00000   100%  34.9 4559s
 65229 55128    0.00000 4940  197  353.57361    0.00000   100%  34.8 4569s
 65726 55216    0.00000 4952  190  353.57361    0.00000   100%  34.7 4613s
 65827 55315   90.79093 4958  190  353.57361    0.00000   100%  34.9 4623s
 65928 55395   90.79093 4964  192  353.57361    0.00000   100%  35.0 4633s
 66009 56362    0.00000 4970  192  353.57361    0.00000   100%  35.1 4653s
 67010 57374    0.00000 5009  193  353.57361    0.00000   100%  35.1 4671s
 68041 58328    0.00000 5061  191  353.57361    0.00000   100%  35.0 4689s
 69022 59055   42.51980 5111  191  353.57361    0.00000   100%  35.0 4704s
 69767 59966    0.00000 5154  195  353.57361    0.00000   100%  34.8 4718s
 70690 60405    0.00000 5186  193  353.57361    0.00000   100%  34.6 4756s
 71168 60491    0.00000 5234  192  353.57361    0.00000   100%  34.7 4776s
 71275 62154    0.00000 5241  192  353.57361    0.00000   100%  34.8 4800s
 72981 62935  187.92197 5310  196  353.57361    0.00000   100%  34.4 4812s
 73773 64052  187.92197 5325  196  353.57361    0.00000   100%  34.2 4831s
 74910 65041   85.73013 5381  196  353.57361    0.00000   100%  34.1 4846s
 75907 66416    0.00000 5436  199  353.57361    0.00000   100%  33.8 4865s
 77289 69350   42.67120 5497  196  353.57361    0.00000   100%  33.6 5069s
 80327 69422    0.00000 5732  201  353.57361    0.00000   100%  33.1 5076s
 80409 70577    0.00000 5736  201  353.57361    0.00000   100%  33.1 5088s
 81571 71832    0.00000 5752  201  353.57361    0.00000   100%  32.7 5107s
 82841 72495    0.00000 5803  203  353.57361    0.00000   100%  32.4 5122s
 83526 73438    0.00000 5845  203  353.57361    0.00000   100%  32.2 5137s
 84474 73809  154.27213 5891  200  353.57361    0.00000   100%  32.0 5146s
 84848 74591  154.27213 5895  200  353.57361    0.00000   100%  31.9 5161s
 85639 75116    3.75027 5946  199  353.57361    0.00000   100%  31.7 5175s
 86179 75766    0.00000 5999  197  353.57361    0.00000   100%  31.7 5189s
 86846 76773   52.07650 6042  195  353.57361    0.00000   100%  31.6 5205s
 87931 77755   76.85297 6079  195  353.57361    0.00000   100%  31.3 5220s
 88959 77824  108.55747 6110  194  353.57361    0.00000   100%  31.1 5228s
 89035 78336    0.00000 6117  198  353.57361    0.00000   100%  31.1 5242s
 89587 79270  108.55747 6158  194  353.57361    0.00000   100%  31.0 5259s
 90556 79683  181.80470 6204  190  353.57361    0.00000   100%  30.8 5271s
 91008 79805    0.00000 6249  198  353.57361    0.00000   100%  30.7 5279s
 91159 79861    3.75627 6268  204  353.57361    0.00000   100%  30.7 5297s
 91228 80200    3.75627 6272  205  353.57361    0.00000   100%  30.7 5309s
 91603 80271    0.00000 6330  204  353.57361    0.00000   100%  30.7 5327s
 91690 80691   46.71143 6338  201  353.57361    0.00000   100%  30.7 5340s
 92167 82371   86.59417 6399  201  353.57361    0.00000   100%  30.7 5531s
 93930 83779    0.00000 6539  203  353.57361    0.00000   100%  30.6 5554s
 95355 84392    0.00000 6566  206  353.57361    0.00000   100%  30.2 5569s
 95977 84399    0.00000 6595  205  353.57361    0.00000   100%  30.1 5605s
 95985 84537   31.01257 6595  204  353.57361    0.00000   100%  30.1 5619s
 96124 85658   46.76363 6602  203  353.57361    0.00000   100%  30.1 5641s
 97267 86676   86.57737 6667  203  353.57361    0.00000   100%  29.9 5663s
 98357 87738  154.25413 6756  202  353.57361    0.00000   100%  29.8 5685s
 99468 88725    0.00000 6834  202  353.57361    0.00000   100%  29.6 5708s
 100495 88926    0.00000 6911  196  353.57361    0.00000   100%  29.5 5718s
 100705 89275    0.00000 6925  195  353.57361    0.00000   100%  29.5 5733s
 101095 90014    0.00000 6986  196  353.57361    0.00000   100%  29.6 5752s
 101885 90260    0.00000 7061  198  353.57361    0.00000   100%  29.6 5767s
 102313 90441  102.85173 7128  197  353.57361    0.00000   100%  29.8 5780s
 102553 90448   94.78107 7169  200  353.57361    0.00000   100%  29.9 5819s
 102562 90534    0.00000 7170  201  353.57361    0.00000   100%  29.9 5829s
 102660 90642    0.00000 7177  198  353.57361    0.00000   100%  30.0 5848s
 102783 91721   40.80190 7184  200  353.57361    0.00000   100%  30.0 5867s
 103962 91845    0.00000 7253  202  353.57361    0.00000   100%  29.9 5877s
 104117 92360  191.95500 7260  200  353.57361    0.00000   100%  30.0 5935s
 104765 92443    0.00000 7306  205  353.57361    0.00000   100%  30.0 5946s
 104859 92932    0.00000 7311  205  353.57361    0.00000   100%  30.0 5960s
 105389 94360   39.78787 7329  204  353.57361    0.00000   100%  29.9 5985s
 106924 97282    0.00000 7411  204  353.57361    0.00000   100%  29.6 6174s
 109968 98975  179.12210 7572  204  353.57361    0.00000   100%  29.3 6190s
 111681 98983    6.17767 7609  204  353.57361    0.00000   100%  29.0 6237s
 111689 99031    0.00000 7610  207  353.57361    0.00000   100%  29.0 6240s
 111783 99238    0.00000 7615  207  353.57361    0.00000   100%  29.0 6251s
 111945 101452    0.00000 7626  206  353.57361    0.00000   100%  29.1 6270s
 114159 102557    6.46253 7645  202  353.57361    0.00000   100%  28.6 6282s
 115297 103670    0.05628 7655  210  353.57361    0.00000   100%  28.3 6295s
 116457 104591    0.06285 7666  210  353.57361    0.00000   100%  28.1 6303s
 117404 105794   30.99457 7672  202  353.57361    0.00000   100%  27.9 6314s
 117665 105794  215.87530 12344  192  353.57361    0.00000   100%  27.8 6315s
 118649 107268  130.09673 7685  204  353.57361    0.00000   100%  27.6 6327s
 120136 108302    0.34482 7698  205  353.57361    0.00000   100%  27.3 6337s
 121201 108596    6.46253 7711  202  353.57361    0.00000   100%  27.1 6342s
 121505 111955   13.03997 7712  205  353.57361    0.00000   100%  27.0 6543s
 124973 111990   19.33253 7831  198  353.57361    0.00000   100%  26.5 6549s
 125012 113793   99.57087 7833  200  353.57361    0.00000   100%  26.5 6565s
 126919 114735   13.22717 7849  204  353.57361    0.00000   100%  26.2 6576s
 127891 115509   19.71476 7869  198  353.57361    0.00000   100%  26.0 6586s
 128666 116675   44.04710 7892  198  353.57361    0.00000   100%  25.9 6599s
 129866 117535   45.99213 7915  199  353.57361    0.00000   100%  25.7 6609s
 130767 118314  106.00796 7937  195  353.57361    0.00000   100%  25.5 6618s
 131556 118855  106.00796 7953  198  353.57361    0.00000   100%  25.4 6628s
 132099 119264   13.23583 7976  199  353.57361    0.00000   100%  25.3 6636s
 132517 119339   13.23583 7999  200  353.57361    0.00000   100%  25.3 6640s
 132594 120150   13.23583 8001  200  353.57361    0.00000   100%  25.2 6651s
 133435 120840   52.43856 8025  197  353.57361    0.00000   100%  25.1 6662s
 134145 121833   13.23583 8047  199  353.57361    0.00000   100%  25.0 6673s
 135142 121862   13.51517 8065  200  353.57361    0.00000   100%  24.9 6676s
 135171 122732   64.71600 8065  197  353.57361    0.00000   100%  24.9 6687s
 136049 125607   14.46306 8080  200  353.57361    0.00000   100%  24.8 6883s
 139072 125695   25.66950 8208  195  353.57361    0.00000   100%  24.5 6888s
 139169 127445   29.44167 8211  191  353.57361    0.00000   100%  24.5 6909s
 140966 128550   83.65350 8258  189  353.57361    0.00000   100%  24.2 6924s
 142159 129722  102.29780 8290  190  353.57361    0.00000   100%  24.0 6938s
 143375 130835   25.66950 8323  194  353.57361    0.00000   100%  23.9 6954s
 144537 132559  109.70443 8363  192  353.57361    0.00000   100%  23.7 6971s
 146309 132631  109.70443 8399  191  353.57361    0.00000   100%  23.5 6976s
 146385 134097   25.66950 8400  194  353.57361    0.00000   100%  23.5 6993s
 147895 134340  120.76053 8433  194  353.57361    0.00000   100%  23.3 7002s
 148210 136034   25.66950 8446  194  353.57361    0.00000   100%  23.3 7020s
 149950 137472   25.66950 8484  194  353.57361    0.00000   100%  23.1 7035s
 151434 138812   25.66950 8513  193  353.57361    0.00000   100%  23.0 7200s

Cutting planes:
  Gomory: 105
  Implied bound: 268
  Projected implied bound: 520
  MIR: 88
  Flow cover: 385
  Relax-and-lift: 4179

Explored 152884 nodes (3564641 simplex iterations) in 7201.54 seconds (8927.70 work units)
Thread count was 16 (of 16 available processors)

Solution count 10: 353.574 353.582 353.754 ... 378.912

Time limit reached
Best objective 3.535736146130e+02, best bound 0.000000000000e+00, gap 100.0000%

User-callback calls 866247, time in user-callback 5.48 sec
