
Gurobi 10.0.1 (win64) logging started Sun Sep 21 15:43:27 2025

Set parameter LogFile to value "log_group_6/bound_Expr302_s3_l1051_s11_e12_o10_d20_t60_s7_0_0_0_0.log"
Gurobi Optimizer version 10.0.1 build v10.0.1rc0 (win64)

CPU model: Intel(R) Core(TM) i7-10700 CPU @ 2.90GHz, instruction set [SSE2|AVX|AVX2]
Thread count: 8 physical cores, 16 logical processors, using up to 16 threads

Optimize a model with 16987 rows, 16680 columns and 133654 nonzeros
Model fingerprint: 0x80310fa9
Variable types: 180 continuous, 16500 integer (16500 binary)
Coefficient statistics:
  Matrix range     [1e+00, 9e+02]
  Objective range  [1e+00, 1e+00]
  Bounds range     [1e+00, 1e+03]
  RHS range        [1e+00, 9e+02]
Presolve removed 15027 rows and 15017 columns
Presolve time: 0.14s
Presolved: 1960 rows, 1663 columns, 15151 nonzeros
Variable types: 160 continuous, 1503 integer (1501 binary)
Found heuristic solution: objective 1429.9157333

Root relaxation: objective 0.000000e+00, 440 iterations, 0.01 seconds (0.01 work units)

    Nodes    |    Current Node    |     Objective Bounds      |     Work
 Expl Unexpl |  Obj  Depth IntInf | Incumbent    BestBd   Gap | It/Node Time

     0     0    0.00000    0   21 1429.91573    0.00000   100%     -    0s
H    0     0                      74.5335000    0.00000   100%     -    0s
H    0     0                      70.8242000    0.00000   100%     -    0s
     0     0    0.00000    0   24   70.82420    0.00000   100%     -    0s
     0     0    0.00000    0   21   70.82420    0.00000   100%     -    0s
     0     0    0.00000    0   21   70.82420    0.00000   100%     -    0s
     0     0    0.00000    0   20   70.82420    0.00000   100%     -    0s
     0     0    0.00000    0   20   70.82420    0.00000   100%     -    0s
     0     0    0.00000    0   20   70.82420    0.00000   100%     -    0s
     0     0    5.38037    0   20   70.82420    5.38037  92.4%     -    0s
H    0     0                      66.1003000    5.38037  91.9%     -    0s
     0     0    6.15347    0   20   66.10030    6.15347  90.7%     -    0s
     0     0    6.15347    0   20   66.10030    6.15347  90.7%     -    0s
     0     0    6.15347    0   20   66.10030    6.15347  90.7%     -    0s
H    0     0                      64.2212000    6.15347  90.4%     -    0s
     0     2    6.15347    0   20   64.22120    6.15347  90.4%     -    0s
H   89    96                      62.3910000    6.15347  90.1%   9.7    1s
H  591   647                      62.3580000    6.15347  90.1%   2.7    1s
H29025 20981                      62.3517532    6.15347  90.1%   2.9    3s
 35530 25411   52.78993   70    6   62.35175    6.15347  90.1%   3.2    5s
 102067 65159   56.09977   94   10   62.35175   11.00750  82.3%   3.2   10s
 155991 95132     cutoff  130        62.35175   12.38447  80.1%   3.5   15s
 214317 132714   49.08738  170   10   62.35175   12.47460  80.0%   3.4   20s
 269145 168742   47.63307  158   11   62.35175   16.86723  72.9%   3.5   25s
 324214 198878   48.61657  128    9   62.35175   19.18563  69.2%   3.5   30s
 373693 225792   49.14957  213   10   62.35175   24.15200  61.3%   3.6   35s
 432031 251428   56.85037  125   12   62.35175   30.41753  51.2%   3.6   40s
 488544 276223   60.37230   83    8   62.35175   39.14853  37.2%   3.6   45s
 544465 312646   49.23425   59   10   62.35175   42.12932  32.4%   3.5   50s
 601925 350140   53.77722   97    9   62.35175   43.30742  30.5%   3.4   55s
 658547 388294   59.15787  103    8   62.35175   44.73047  28.3%   3.3   60s

Cutting planes:
  Gomory: 13
  Implied bound: 69
  MIR: 2
  Flow cover: 30
  Relax-and-lift: 20

Explored 658579 nodes (2192249 simplex iterations) in 60.02 seconds (66.78 work units)
Thread count was 16 (of 16 available processors)

Solution count 7: 62.3518 62.391 64.2212 ... 1429.92

Time limit reached
Best objective 6.235175315659e+01, best bound 4.473046666666e+01, gap 28.2611%

User-callback calls 1324752, time in user-callback 1.62 sec
