
Gurobi 10.0.0 (win64) logging started Sun Sep 21 03:10:53 2025

Set parameter LogFile to value "log_group_6/bound_Expr184_s3_l1051_s11_e12_o10_d20_t7200_s4_1_1_1_0.log"
Gurobi Optimizer version 10.0.0 build v10.0.0rc2 (win64)

CPU model: Intel(R) Core(TM) i7-10700 CPU @ 2.90GHz, instruction set [SSE2|AVX|AVX2]
Thread count: 8 physical cores, 16 logical processors, using up to 16 threads

Optimize a model with 29694 rows, 28680 columns and 377274 nonzeros
Model fingerprint: 0x9afe75cd
Variable types: 180 continuous, 28500 integer (28500 binary)
Coefficient statistics:
  Matrix range     [1e+00, 8e+02]
  Objective range  [1e+00, 1e+00]
  Bounds range     [1e+00, 1e+03]
  RHS range        [1e+00, 8e+02]
Presolve removed 28691 rows and 27973 columns
Presolve time: 0.17s
Presolved: 1003 rows, 707 columns, 8155 nonzeros
Variable types: 106 continuous, 601 integer (601 binary)
Found heuristic solution: objective 220.0383000

Root relaxation: objective 2.334757e+01, 638 iterations, 0.01 seconds (0.02 work units)

    Nodes    |    Current Node    |     Objective Bounds      |     Work
 Expl Unexpl |  Obj  Depth IntInf | Incumbent    BestBd   Gap | It/Node Time

     0     0   23.34757    0   17  220.03830   23.34757  89.4%     -    0s
H    0     0                     154.2107000   23.34757  84.9%     -    0s
H    0     0                     137.5984000   23.34757  83.0%     -    0s
     0     0   23.34757    0   55  137.59840   23.34757  83.0%     -    0s
H    0     0                     107.0392333   23.34757  78.2%     -    0s
     0     0   23.34757    0   14  107.03923   23.34757  78.2%     -    0s
H    0     0                      85.4079000   23.34757  72.7%     -    0s
H    0     0                      79.1163667   23.34757  70.5%     -    0s
H    0     0                      78.1169667   23.34757  70.1%     -    0s
H    0     0                      66.7680000   26.72830  60.0%     -    0s
     0     0   26.72830    0   54   66.76800   26.72830  60.0%     -    0s
H    0     0                      58.4065000   26.72830  54.2%     -    0s
     0     0   26.94160    0   71   58.40650   26.94160  53.9%     -    0s
H    0     0                      55.9262000   27.30310  51.2%     -    0s
     0     0   27.30310    0   40   55.92620   27.30310  51.2%     -    0s
H    0     0                      55.3690000   27.30310  50.7%     -    0s
     0     0   28.26727    0   51   55.36900   28.26727  48.9%     -    0s
     0     0   28.26727    0   16   55.36900   28.26727  48.9%     -    0s
H    0     0                      53.0025667   28.26727  46.7%     -    0s
     0     0   28.26727    0   29   53.00257   28.26727  46.7%     -    0s
     0     0   28.26727    0   46   53.00257   28.26727  46.7%     -    0s
     0     0   28.26727    0   57   53.00257   28.26727  46.7%     -    0s
     0     0   28.26727    0   30   53.00257   28.26727  46.7%     -    0s
     0     0   34.58970    0   30   53.00257   34.58970  34.7%     -    0s
     0     0   34.58970    0   14   53.00257   34.58970  34.7%     -    0s
     0     0   34.58970    0   25   53.00257   34.58970  34.7%     -    0s
     0     0   34.58970    0   28   53.00257   34.58970  34.7%     -    0s
     0     0   34.61122    0   31   53.00257   34.61122  34.7%     -    0s
     0     0   40.73582    0   31   53.00257   40.73582  23.1%     -    0s
     0     0   40.76026    0   33   53.00257   40.76026  23.1%     -    0s
     0     0   41.41578    0   31   53.00257   41.41578  21.9%     -    0s
     0     0   41.45371    0   33   53.00257   41.45371  21.8%     -    0s
     0     0   41.47084    0   34   53.00257   41.47084  21.8%     -    0s
     0     0   49.44231    0   14   53.00257   49.44231  6.72%     -    0s
     0     0   50.90773    0   28   53.00257   50.90773  3.95%     -    0s
     0     0   50.92092    0   28   53.00257   50.92092  3.93%     -    0s
     0     0   50.92092    0   28   53.00257   50.92092  3.93%     -    0s
H    0     0                      51.5645000   50.92092  1.25%     -    0s
     0     0     cutoff    0        51.56450   51.56450  0.00%     -    0s

Cutting planes:
  Implied bound: 3
  Clique: 1
  MIR: 7
  Zero half: 1
  Relax-and-lift: 12

Explored 1 nodes (6716 simplex iterations) in 0.77 seconds (1.13 work units)
Thread count was 16 (of 16 available processors)

Solution count 10: 51.5645 53.0026 55.369 ... 137.598

Optimal solution found (tolerance 1.00e-04)
Best objective 5.156449999998e+01, best bound 5.156449999998e+01, gap 0.0000%

User-callback calls 833, time in user-callback 0.00 sec
