
Gurobi 10.0.1 (win64) logging started Sun Sep 21 16:42:52 2025

Set parameter LogFile to value "log_group_6/bound_Expr394_s7_l1051_s11_e12_o30_d60_t60_s29_1_1_1_1.log"
Gurobi Optimizer version 10.0.1 build v10.0.1rc0 (win64)

CPU model: Intel(R) Core(TM) i7-10700 CPU @ 2.90GHz, instruction set [SSE2|AVX|AVX2]
Thread count: 8 physical cores, 16 logical processors, using up to 16 threads

Optimize a model with 322902 rows, 315440 columns and 4581886 nonzeros
Model fingerprint: 0x519c2aea
Variable types: 440 continuous, 315000 integer (315000 binary)
Coefficient statistics:
  Matrix range     [1e+00, 9e+02]
  Objective range  [1e+00, 1e+00]
  Bounds range     [1e+00, 1e+03]
  RHS range        [1e+00, 9e+02]
Presolve removed 318287 rows and 311417 columns
Presolve time: 2.57s
Presolved: 4615 rows, 4023 columns, 46563 nonzeros
Variable types: 219 continuous, 3804 integer (3801 binary)
Found heuristic solution: objective 960.3122667

Root relaxation: objective 1.537141e+02, 2534 iterations, 0.12 seconds (0.22 work units)

    Nodes    |    Current Node    |     Objective Bounds      |     Work
 Expl Unexpl |  Obj  Depth IntInf | Incumbent    BestBd   Gap | It/Node Time

     0     0  153.71407    0   81  960.31227  153.71407  84.0%     -    3s
H    0     0                     850.2244664  153.71407  81.9%     -    3s
     0     0  153.71407    0  113  850.22447  153.71407  81.9%     -    3s
H    0     0                     557.3772667  153.71407  72.4%     -    3s
H    0     0                     553.1972667  153.71407  72.2%     -    3s
     0     0  153.71407    0  112  553.19727  153.71407  72.2%     -    3s
H    0     0                     440.5384667  153.71407  65.1%     -    3s
     0     0  153.71407    0   42  440.53847  153.71407  65.1%     -    4s
H    0     0                     344.0546667  153.71407  55.3%     -    4s
H    0     0                     264.8763000  153.71407  42.0%     -    5s
H    0     0                     248.4308667  153.71407  38.1%     -    5s
     0     0  153.71407    0   40  248.43087  153.71407  38.1%     -    5s
H    0     0                     240.6662000  153.71407  36.1%     -    5s
H    0     0                     231.3866000  153.71407  33.6%     -    5s
     0     0  153.71407    0   40  231.38660  153.71407  33.6%     -    5s
H    0     0                     225.8071000  153.71407  31.9%     -    5s
H    0     0                     218.0279333  153.71407  29.5%     -    5s
     0     0  153.71407    0   47  218.02793  153.71407  29.5%     -    6s
H    0     0                     216.5168333  153.71407  29.0%     -    6s
H    0     0                     213.2487667  153.71407  27.9%     -    6s
H    0     0                     206.4777000  153.71407  25.6%     -    6s
     0     0  153.71407    0   67  206.47770  153.71407  25.6%     -    6s
     0     0  153.71407    0   42  206.47770  153.71407  25.6%     -    7s
H    0     0                     204.2791667  153.71407  24.8%     -    7s
     0     2  153.71407    0   42  204.27917  153.71407  24.8%     -    7s
H   66    26                     202.8197667  153.71407  24.2%   272    9s
H   68    26                     202.5551000  153.71407  24.1%   269    9s
H   69    26                     199.2227667  153.71407  22.8%   268    9s
    83    31  153.71407   12  179  199.22277  153.71407  22.8%   342   10s
H  186    65                     199.2125000  153.71407  22.8%   230   13s
H  188    65                     199.1891667  153.71407  22.8%   228   13s
H  191    65                     199.0521333  153.71407  22.8%   225   13s
   436   282  153.71407   37  110  199.05213  153.71407  22.8%   147   15s
  1583  1210  162.93130  102   42  199.05213  153.71407  22.8%  67.7   20s
H 1584  1150                     199.0185333  153.71407  22.8%  67.7   21s
H 1585  1092                     199.0017333  153.71407  22.8%  67.6   21s
  1590  1096  163.06620  144  202  199.00173  153.77614  22.7%  67.4   25s
  1597  1100  190.63375  153  241  199.00173  171.11151  14.0%  67.1   30s
  1613  1111  186.16112  169  183  199.00173  186.16112  6.45%  66.4   35s
  1624  1120  188.62592  108  133  199.00173  188.62592  5.21%  88.2   40s
H 1629  1068                     198.9985000  189.07877  4.98%  92.5   42s
H 1630  1015                     198.9865000  189.07877  4.98%  92.4   43s
  1635  1019  189.86018   80  142  198.98650  189.86018  4.59%  92.1   45s
  1664  1041  191.85540  126   52  198.98650  191.85540  3.58%   101   50s
H 1789  1043                     198.9864865  191.85540  3.58%  39.2   51s
H 2627  1119                     198.9864864  191.85540  3.58%  35.3   52s
H 2632  1069                     198.9864863  191.85540  3.58%  35.3   52s
H 7365  2901                     198.9864764  191.87424  3.57%  24.6   54s
H 7370  2901                     198.9864760  191.87424  3.57%  24.6   54s
H 7373  2901                     198.9864759  191.87424  3.57%  24.6   54s
H 7381  2901                     198.9864755  191.87424  3.57%  24.7   54s
  7404  2933  192.90946   90   37  198.98648  191.87424  3.57%  24.7   55s
H 7477  2933                     198.9845579  191.87424  3.57%  24.7   55s
 16547  6504  194.81947  110   22  198.98456  192.32362  3.35%  22.4   60s

Cutting planes:
  Cover: 1
  Implied bound: 4
  Projected implied bound: 3
  MIR: 7
  StrongCG: 2
  Flow cover: 23
  GUB cover: 1
  Zero half: 5
  Relax-and-lift: 16

Explored 16595 nodes (502246 simplex iterations) in 60.04 seconds (115.52 work units)
Thread count was 16 (of 16 available processors)

Solution count 10: 198.985 198.986 199.002 ... 204.279

Time limit reached
Best objective 1.989845579035e+02, best bound 1.923236166165e+02, gap 3.3475%

User-callback calls 45013, time in user-callback 0.05 sec
