
Gurobi 10.0.3 (win64) logging started Sun Sep 21 06:40:34 2025

Set parameter LogFile to value "log_group_6/bound_Expr262_s5_l1051_s11_e12_o20_d41_t1200_s12_0_1_0_1.log"
Gurobi Optimizer version 10.0.3 build v10.0.3rc0 (win64)

CPU model: 11th Gen Intel(R) Core(TM) i7-11700 @ 2.50GHz, instruction set [SSE2|AVX|AVX2|AVX512]
Thread count: 8 physical cores, 16 logical processors, using up to 16 threads

Optimize a model with 112945 rows, 110310 columns and 1094890 nonzeros
Model fingerprint: 0x3f18fc18
Variable types: 310 continuous, 110000 integer (110000 binary)
Coefficient statistics:
  Matrix range     [1e+00, 9e+02]
  Objective range  [1e+00, 1e+00]
  Bounds range     [1e+00, 1e+03]
  RHS range        [1e+00, 9e+02]
Presolve removed 107175 rows and 105035 columns
Presolve time: 0.91s
Presolved: 5770 rows, 5275 columns, 44295 nonzeros
Variable types: 270 continuous, 5005 integer (5001 binary)
Found heuristic solution: objective 528.7769000

Root relaxation: objective 8.643070e+01, 1379 iterations, 0.03 seconds (0.06 work units)

    Nodes    |    Current Node    |     Objective Bounds      |     Work
 Expl Unexpl |  Obj  Depth IntInf | Incumbent    BestBd   Gap | It/Node Time

     0     0   86.43070    0   40  528.77690   86.43070  83.7%     -    1s
H    0     0                     469.6536667   86.43070  81.6%     -    1s
H    0     0                     467.6967000   86.43070  81.5%     -    1s
     0     0   86.43070    0   46  467.69670   86.43070  81.5%     -    1s
H    0     0                     120.9348000   86.43070  28.5%     -    1s
     0     0   86.43070    0   48  120.93480   86.43070  28.5%     -    1s
     0     0   86.43070    0   51  120.93480   86.43070  28.5%     -    1s
     0     0   86.43070    0   44  120.93480   86.43070  28.5%     -    2s
     0     0   86.43070    0   38  120.93480   86.43070  28.5%     -    2s
     0     0   86.43070    0   43  120.93480   86.43070  28.5%     -    2s
     0     0   86.43070    0   43  120.93480   86.43070  28.5%     -    2s
H    0     0                     120.8962667   86.43070  28.5%     -    3s
     0     0   86.43070    0   38  120.89627   86.43070  28.5%     -    3s
     0     0   86.43070    0   40  120.89627   86.43070  28.5%     -    3s
     0     0   86.43070    0   38  120.89627   86.43070  28.5%     -    3s
H    0     0                     120.8920667   86.43070  28.5%     -    4s
     0     0   86.43070    0   36  120.89207   86.43070  28.5%     -    4s
H    0     0                     120.8738000   86.43070  28.5%     -    4s
     0     0   86.43070    0   36  120.87380   86.43070  28.5%     -    4s
     0     0   86.43070    0   38  120.87380   86.43070  28.5%     -    4s
     0     0   86.43070    0   36  120.87380   86.43070  28.5%     -    4s
H    0     0                     120.8737992   86.43070  28.5%     -    5s
     0     2   86.43070    0   36  120.87380   86.43070  28.5%     -    5s
H   64    80                     120.8651333   86.43070  28.5%  22.6    5s
H   80    88                     120.8589333   86.43070  28.5%  18.6    6s
  7178  6760  107.68130  531   44  120.85893   86.43070  28.5%   2.9   10s
  7205  6778  117.92853  312   29  120.85893  117.92853  2.42%   2.9   15s
  7219  6787  120.74887  177    8  120.85893  120.74887  0.09%   2.9   20s
H 7313  6500                     120.8574991  120.74887  0.09%   4.1   22s
H 8109  6704                     120.8542324  120.74887  0.09%   3.9   23s
  9488  7688  120.81933  138    6  120.85423  120.74887  0.09%   4.1   25s
H10242  7478                     120.8397658  120.74887  0.08%   4.1   25s
 16619 12063 infeasible  174       120.83977  120.74887  0.08%   3.3   30s
 30072 13865  120.74887  107    6  120.83977  120.74887  0.08%   2.6   35s
 31204 13994  120.74887  142   10  120.83977  120.74887  0.08%   2.5   40s
 32895 14801  120.75833  149   10  120.83977  120.74887  0.08%   2.8   45s
 42704 20972  120.80107  186   14  120.83977  120.74887  0.08%   2.8   50s
 45764 20475  120.75507   84   44  120.83977  120.74887  0.08%   2.9   60s
 45775 20482  120.80107  190    6  120.83977  120.74887  0.08%   2.9   65s
 45778 20484  120.75857  177    6  120.83977  120.74887  0.08%   2.9   70s
 46343 20864  120.74887   87    4  120.83977  120.74887  0.08%   3.0   75s
 53623 20656 infeasible  339       120.83977  120.74887  0.08%   2.9   80s
 59545 19939  120.80107  128    4  120.83977  120.74887  0.08%   2.7   85s
 67683 22380  120.81593  123    8  120.83977  120.74887  0.08%   2.7   90s
 72726 22882     cutoff  135       120.83977  120.75713  0.07%   3.0   95s
 76634 21812  120.75834  154    4  120.83977  120.75713  0.07%   3.1  100s
 80611 20430  120.75833  122    2  120.83977  120.75833  0.07%   3.0  108s
 82699 19676     cutoff  123       120.83977  120.75833  0.07%   3.0  110s
 87126 18038  120.76253  242    4  120.83977  120.75833  0.07%   3.0  116s
 97509 15430     cutoff  116       120.83977  120.76253  0.06%   2.9  122s
 106522 14236  120.76253   55    8  120.83977  120.76253  0.06%   2.8  125s
 116877 14338  120.76253   76    4  120.83977  120.76253  0.06%   2.6  131s
 128715 14914  120.76253   93    4  120.83977  120.76253  0.06%   2.5  135s
 136551 15263  120.76253  127    4  120.83977  120.76253  0.06%   2.5  140s
 147281 15197     cutoff   92       120.83977  120.76253  0.06%   2.4  146s
 157832 15652  120.76253   75    4  120.83977  120.76253  0.06%   2.3  150s
 165774 15904  120.76253  119    8  120.83977  120.76253  0.06%   2.3  155s
 177163 17094     cutoff   88       120.83977  120.76253  0.06%   2.2  160s
 185584 17248     cutoff  126       120.83977  120.76253  0.06%   2.2  165s
 196527 18121  120.76253   74    4  120.83977  120.76253  0.06%   2.1  170s
 204487 18690  120.76254   83    8  120.83977  120.76253  0.06%   2.1  175s
 214504 19017  120.76253  137    4  120.83977  120.76253  0.06%   2.1  180s
 222096 20133     cutoff   84       120.83977  120.76253  0.06%   2.0  185s
 233385 21857  120.76253  101    4  120.83977  120.76253  0.06%   2.0  191s
 243933 23993     cutoff  107       120.83977  120.76253  0.06%   2.0  195s
 249162 26459     cutoff  134       120.83977  120.76253  0.06%   2.0  201s
 259722 30584  120.77223   99    6  120.83977  120.76253  0.06%   2.0  205s
 265400 33434  120.77223  107   12  120.83977  120.76253  0.06%   2.0  211s
 277030 34396     cutoff   93       120.83977  120.76253  0.06%   2.0  215s
 283197 34573     cutoff  143       120.83977  120.76253  0.06%   2.0  220s
 293207 35216     cutoff   97       120.83977  120.76253  0.06%   1.9  225s
 301258 35062  120.76253   92    4  120.83977  120.76253  0.06%   1.9  230s
 309003 35070     cutoff   83       120.83977  120.76253  0.06%   1.9  235s
 319800 34784     cutoff  114       120.83977  120.76253  0.06%   1.9  240s
 329965 33669 infeasible   85       120.83977  120.76253  0.06%   1.9  245s
 336117 33880     cutoff   97       120.83977  120.76253  0.06%   1.9  250s
 347537 33500  120.76253  145    4  120.83977  120.76253  0.06%   1.8  255s
 354251 33320 infeasible  113       120.83977  120.76253  0.06%   1.8  260s
 368190 33073     cutoff   94       120.83977  120.76253  0.06%   1.8  267s
 375540 32769     cutoff   82       120.83977  120.76253  0.06%   1.8  270s
 386860 31917     cutoff  135       120.83977  120.76253  0.06%   1.8  276s
 396172 31894 infeasible  111       120.83977  120.76253  0.06%   1.8  280s
 403689 32055  120.76254  125    6  120.83977  120.76253  0.06%   1.8  285s
 413169 32122     cutoff  128       120.83977  120.76253  0.06%   1.8  290s
 420363 32175     cutoff  105       120.83977  120.76253  0.06%   1.8  296s
 427923 31860  120.76253  122    6  120.83977  120.76253  0.06%   1.7  300s
 436516 31572 infeasible  104       120.83977  120.76253  0.06%   1.7  306s
 444048 31501     cutoff  102       120.83977  120.76253  0.06%   1.7  310s
 451774 32053  120.76253   80    2  120.83977  120.76253  0.06%   1.7  316s
 458733 32560     cutoff   97       120.83977  120.76253  0.06%   1.7  320s
 464430 32825     cutoff  109       120.83977  120.76253  0.06%   1.7  325s
 469451 32811     cutoff  142       120.83977  120.76253  0.06%   1.7  330s
 479862 33088  120.76253   81    4  120.83977  120.76253  0.06%   1.7  335s
 485961 33152  120.76253  116    6  120.83977  120.76253  0.06%   1.7  340s
 495647 33136  120.76253  150   14  120.83977  120.76253  0.06%   1.7  345s
 501381 33095     cutoff   81       120.83977  120.76253  0.06%   1.7  350s
 510255 32934     cutoff   77       120.83977  120.76253  0.06%   1.7  355s
 517954 32796     cutoff   69       120.83977  120.76253  0.06%   1.7  360s
 527577 33377  120.76253   99    8  120.83977  120.76253  0.06%   1.7  365s
 536794 33683  120.76253  115    2  120.83977  120.76253  0.06%   1.7  370s
 547483 33860  120.76253  114    6  120.83977  120.76253  0.06%   1.7  375s
 553618 34035  120.76253  108    4  120.83977  120.76253  0.06%   1.7  380s
 561710 34163     cutoff  115       120.83977  120.76253  0.06%   1.7  385s
 571152 34479     cutoff  137       120.83977  120.76253  0.06%   1.6  392s
 576955 34869     cutoff  109       120.83977  120.76253  0.06%   1.6  395s
 587192 34372     cutoff   99       120.83977  120.76253  0.06%   1.6  400s
 596023 33842     cutoff  132       120.83977  120.76253  0.06%   1.6  405s
 603032 35394  120.76253  112    4  120.83977  120.76253  0.06%   1.6  410s
 609711 35545  120.77740   70    6  120.83977  120.76373  0.06%   1.7  415s
 615028 35543     cutoff  127       120.83977  120.76373  0.06%   1.7  420s
 616297 36537  120.76373  171    8  120.83977  120.76373  0.06%   1.7  427s
 618484 36778     cutoff  169       120.83977  120.76373  0.06%   1.7  431s
 621992 37754     cutoff  172       120.83977  120.76700  0.06%   1.8  436s
 624011 39900 infeasible  132       120.83977  120.76713  0.06%   1.8  442s
 628420 41449  120.78200  147    8  120.83977  120.76713  0.06%   1.8  445s
 634725 44425  120.78200  139    6  120.83977  120.76713  0.06%   1.8  451s
 642247 46567  120.78200  146    6  120.83977  120.76713  0.06%   1.9  455s
 647944 48132  120.77570  140    8  120.83977  120.76743  0.06%   1.9  461s
 657545 48333  120.76873   75    4  120.83977  120.76873  0.06%   1.9  465s
 666012 48316     cutoff  101       120.83977  120.76873  0.06%   1.9  471s
 674530 48423     cutoff  113       120.83977  120.76873  0.06%   1.9  475s
 684426 48556  120.76873  133    4  120.83977  120.76873  0.06%   1.8  482s
 689166 48449     cutoff  117       120.83977  120.76873  0.06%   1.8  485s
 696868 48206  120.76873   99    6  120.83977  120.76873  0.06%   1.8  490s
 700816 48369     cutoff   92       120.83977  120.76873  0.06%   1.8  495s
 705968 48333     cutoff   88       120.83977  120.76873  0.06%   1.8  500s
 713674 48590     cutoff   96       120.83977  120.76873  0.06%   1.8  505s
 718253 48757  120.76873  140    6  120.83977  120.76873  0.06%   1.8  510s
 723941 48839  120.76873   94    6  120.83977  120.76873  0.06%   1.8  515s
 730586 48553     cutoff  106       120.83977  120.76873  0.06%   1.8  521s
 735496 48506     cutoff  125       120.83977  120.76873  0.06%   1.8  525s
 742366 48163  120.76873  138    6  120.83977  120.76873  0.06%   1.8  530s
 747402 48365  120.77700   66    3  120.83977  120.76873  0.06%   1.8  536s
 753610 48122     cutoff   88       120.83977  120.76873  0.06%   1.8  540s
 760228 48125  120.76873   79    2  120.83977  120.76873  0.06%   1.8  545s
 767244 48606  120.77843  130    7  120.83977  120.76873  0.06%   1.8  552s
 772240 48623  120.76874  166    2  120.83977  120.76873  0.06%   1.8  555s
 780558 49905  120.76873  116    4  120.83977  120.76873  0.06%   1.8  560s
 783443 49914  120.76873  140    6  120.83977  120.76873  0.06%   1.8  565s
 792763 50308  120.77843  118    4  120.83977  120.76873  0.06%   1.8  570s
 798442 50711     cutoff  171       120.83977  120.76873  0.06%   1.8  576s
 801823 51236  120.77843  171   12  120.83977  120.76873  0.06%   1.8  580s
 805642 51250     cutoff  135       120.83977  120.76873  0.06%   1.8  585s
 813870 51387     cutoff  111       120.83977  120.77080  0.06%   1.8  591s
 821490 51250     cutoff  101       120.83977  120.77080  0.06%   1.8  597s
 828081 50417     cutoff   95       120.83977  120.77080  0.06%   1.8  600s
 834468 49746     cutoff  112       120.83977  120.77080  0.06%   1.8  606s
 839154 49550  120.77080  145    4  120.83977  120.77080  0.06%   1.8  610s
 846699 49212  120.77080  153    2  120.83977  120.77080  0.06%   1.8  615s
 854740 49528  120.77080   85    4  120.83977  120.77080  0.06%   1.8  622s
 860873 50019     cutoff  121       120.83977  120.77080  0.06%   1.8  625s
 868007 51006  120.77080   98    4  120.83977  120.77080  0.06%   1.8  630s
 874760 51859     cutoff  100       120.83977  120.77080  0.06%   1.8  635s
 882303 52501     cutoff  110       120.83977  120.77080  0.06%   1.8  640s
 888794 53602     cutoff  143       120.83977  120.77080  0.06%   1.8  645s
 896679 54312     cutoff  130       120.83977  120.77080  0.06%   1.8  650s
 902413 54410  120.77080  119    2  120.83977  120.77080  0.06%   1.8  656s
 909244 55174  120.80980  104    4  120.83977  120.77080  0.06%   1.8  660s
 915789 56433  120.77080  135    4  120.83977  120.77080  0.06%   1.8  666s
 923532 57025     cutoff  118       120.83977  120.77080  0.06%   1.8  670s
 930921 57554     cutoff   65       120.83977  120.77080  0.06%   1.8  675s
 937315 58297  120.77080  159    2  120.83977  120.77080  0.06%   1.8  680s
 945503 59295     cutoff  112       120.83977  120.77080  0.06%   1.8  685s
 954978 59792  120.77080  109    2  120.83977  120.77080  0.06%   1.8  690s
 962221 60176     cutoff  130       120.83977  120.77080  0.06%   1.8  695s
 972682 59968     cutoff  105       120.83977  120.77080  0.06%   1.7  700s
 978550 60989  120.77615  122    4  120.83977  120.77080  0.06%   1.7  705s
 987172 60653  120.77080  144    2  120.83977  120.77080  0.06%   1.7  710s
 994212 61004  120.77080   95    4  120.83977  120.77080  0.06%   1.7  715s
 1005221 61907     cutoff   69       120.83977  120.77080  0.06%   1.7  720s
 1013310 62556 infeasible  122       120.83977  120.77080  0.06%   1.7  725s
 1024188 63398     cutoff  121       120.83977  120.77080  0.06%   1.7  730s
 1032834 62222     cutoff  119       120.83977  120.77080  0.06%   1.7  735s
 1041974 60779     cutoff  103       120.83977  120.77080  0.06%   1.7  740s
 1049779 60582     cutoff   92       120.83977  120.77080  0.06%   1.7  745s
 1059349 60250     cutoff  105       120.83977  120.77080  0.06%   1.7  750s
 1070356 59331     cutoff   93       120.83977  120.77080  0.06%   1.7  757s
 1077515 59122     cutoff   98       120.83977  120.77080  0.06%   1.7  760s
 1087247 59084     cutoff  100       120.83977  120.77080  0.06%   1.7  766s
 1095098 58892  120.77080  116    2  120.83977  120.77080  0.06%   1.7  770s
 1104055 58739     cutoff  105       120.83977  120.77080  0.06%   1.7  776s
 1113250 58548     cutoff  110       120.83977  120.77080  0.06%   1.7  780s
 1118830 58240  120.77080  103    4  120.83977  120.77080  0.06%   1.7  785s
 1129126 57109     cutoff  100       120.83977  120.77080  0.06%   1.7  790s
 1138134 56590     cutoff   89       120.83977  120.77080  0.06%   1.7  795s
 1149131 56412     cutoff  141       120.83977  120.77080  0.06%   1.7  800s
 1156329 56600     cutoff   71       120.83977  120.77080  0.06%   1.7  805s
 1168253 57158     cutoff  137       120.83977  120.77080  0.06%   1.7  810s
 1175645 57265     cutoff  131       120.83977  120.77080  0.06%   1.7  815s
 1186373 57691  120.77080   84    2  120.83977  120.77080  0.06%   1.7  820s
 1193991 58124  120.77080  117    5  120.83977  120.77080  0.06%   1.7  825s
 1206252 58233  120.77080  126    4  120.83977  120.77080  0.06%   1.7  830s
 1213601 58300     cutoff  154       120.83977  120.77080  0.06%   1.7  835s
 1224240 59104  120.77080  108    4  120.83977  120.77080  0.06%   1.7  841s
 1232897 59334     cutoff   92       120.83977  120.77080  0.06%   1.7  845s
H1241658 59317                     120.8397553  120.77080  0.06%   1.7  850s
 1250793 59767  120.77080   84    4  120.83976  120.77080  0.06%   1.7  855s

Cutting planes:
  Cover: 34
  Implied bound: 9
  Projected implied bound: 1
  Clique: 3
  MIR: 35
  Flow cover: 63
  GUB cover: 1
  Relax-and-lift: 42

Explored 1258057 nodes (2084673 simplex iterations) in 861.65 seconds (569.09 work units)
Thread count was 16 (of 16 available processors)

Solution count 10: 120.84 120.84 120.854 ... 120.896

Optimal solution found (tolerance 1.00e-04)
Best objective 1.208397553480e+02, best bound 1.208397553480e+02, gap 0.0000%

User-callback calls 2582986, time in user-callback 3.80 sec
