
Gurobi 10.0.3 (win64) logging started Sun Sep 21 05:52:52 2025

Set parameter LogFile to value "log_group_6/bound_Expr290_s5_l1051_s11_e12_o20_d44_t1200_s15_0_1_1_1.log"
Gurobi Optimizer version 10.0.3 build v10.0.3rc0 (win64)

CPU model: 11th Gen Intel(R) Core(TM) i7-11700 @ 2.50GHz, instruction set [SSE2|AVX|AVX2|AVX512]
Thread count: 8 physical cores, 16 logical processors, using up to 16 threads

Optimize a model with 82469 rows, 80310 columns and 993140 nonzeros
Model fingerprint: 0xf7a89f70
Variable types: 310 continuous, 80000 integer (80000 binary)
Coefficient statistics:
  Matrix range     [1e+00, 9e+02]
  Objective range  [1e+00, 1e+00]
  Bounds range     [1e+00, 1e+03]
  RHS range        [1e+00, 9e+02]
Presolve removed 81159 rows and 79198 columns
Presolve time: 4.65s
Presolved: 1310 rows, 1112 columns, 12378 nonzeros
Variable types: 110 continuous, 1002 integer (1001 binary)
Found heuristic solution: objective 410.5445331

Root relaxation: objective 1.061409e+02, 220 iterations, 0.00 seconds (0.00 work units)

    Nodes    |    Current Node    |     Objective Bounds      |     Work
 Expl Unexpl |  Obj  Depth IntInf | Incumbent    BestBd   Gap | It/Node Time

     0     0  106.14090    0   20  410.54453  106.14090  74.1%     -    4s
H    0     0                     392.8756331  106.14090  73.0%     -    4s
H    0     0                     336.4839331  106.14090  68.5%     -    4s
H    0     0                     165.8740331  106.14090  36.0%     -    4s
     0     0  106.14090    0   26  165.87403  106.14090  36.0%     -    4s
H    0     0                     140.3654665  106.14090  24.4%     -    4s
H    0     0                     125.1785331  106.14090  15.2%     -    4s
H    0     0                     118.6545665  106.14090  10.5%     -    4s
H    0     0                     114.3870331  106.14090  7.21%     -    4s
     0     0  106.14090    0   20  114.38703  106.14090  7.21%     -    4s
     0     0  106.14090    0   20  114.38703  106.14090  7.21%     -    4s
     0     0  106.14090    0   20  114.38703  106.14090  7.21%     -    5s
     0     0  106.14090    0   20  114.38703  106.14090  7.21%     -    5s
H    0     0                     113.3001665  106.14090  6.32%     -    5s
     0     0  106.14090    0   20  113.30017  106.14090  6.32%     -    5s
H    0     0                     113.2663331  106.14090  6.29%     -    5s
H    0     0                     113.2338665  106.14090  6.26%     -    5s
     0     0  106.14090    0   20  113.23387  106.14090  6.26%     -    5s
     0     0  106.14090    0   20  113.23387  106.14090  6.26%     -    5s
H    0     0                     113.1685331  106.14090  6.21%     -    5s
     0     2  106.14090    0   20  113.16853  106.14090  6.21%     -    5s
H   32    33                     113.1685331  106.14090  6.21%  22.8    5s
H   33    33                     113.1157331  106.14090  6.17%  22.2    5s
  3590  3150  110.20335  277   20  113.11573  107.20523  5.23%   4.5   10s
 21432 15466  112.54160  464   10  113.11573  108.22457  4.32%   3.7   15s
 44824 39980  113.07167  532    6  113.11573  108.29039  4.27%   3.1   20s
 100356 85848  110.57618   61   17  113.11573  108.44751  4.13%   2.9   25s
 146537 125200  113.00633  313    4  113.11573  108.52039  4.06%   2.9   30s
 193217 164157 infeasible  115       113.11573  108.74104  3.87%   2.9   35s
 238659 205305  112.39195  274   13  113.11573  109.24390  3.42%   2.8   40s
 283107 246033  112.39201  264   12  113.11573  109.24390  3.42%   2.8   45s
 316978 276911  111.39123   69   12  113.11573  109.24390  3.42%   2.7   50s
 353644 310913  112.90307  356    4  113.11573  109.24411  3.42%   2.7   55s
 388478 342710  112.77078  301    8  113.11573  109.26823  3.40%   2.6   60s
 420501 370998  112.65757  221    6  113.11573  109.26823  3.40%   2.6   65s
 452951 398947  112.64282  225    8  113.11573  109.26823  3.40%   2.6   70s
 485038 428668  112.65787  267    6  113.11573  109.26844  3.40%   2.6   75s
 517880 454185  112.80805  361    4  113.11573  109.26928  3.40%   2.6   80s
 553578 486580  110.30823   89   14  113.11573  109.28918  3.38%   2.6   85s
H564029 494936                     113.1157331  109.28997  3.38%   2.6   86s
 583606 511331  110.39399   61   13  113.11573  109.30787  3.37%   2.6   90s
 614310 534983  109.31235  104   16  113.11573  109.30923  3.37%   2.7   95s
 642677 562287  112.47620  170   12  113.11573  109.30923  3.37%   2.7  100s
 672831 582390 infeasible  146       113.11573  109.30923  3.37%   2.7  105s
 703094 607923  112.90257  246    8  113.11573  109.30923  3.37%   2.8  110s
 734065 631155  112.45723  124   13  113.11573  109.30938  3.37%   2.8  115s
 763244 654227  109.31011  134   16  113.11573  109.30953  3.36%   2.8  120s
 790671 677506  110.39283  163   18  113.11573  109.30953  3.36%   2.8  125s
 822014 704456  111.45721  134   13  113.11573  109.30953  3.36%   2.9  130s
 850324 726028  110.39283  121   15  113.11573  109.30953  3.36%   2.9  135s
 879205 749808  109.30953  109   19  113.11573  109.30953  3.36%   2.9  140s
 905137 769870  112.47629  236    8  113.11573  109.30953  3.36%   2.9  145s
 931705 792717  113.00676  215    4  113.11573  109.30953  3.36%   3.0  150s
H950008 804455                     113.1157330  109.30953  3.36%   3.0  153s
 961722 814780  112.69917  248   11  113.11573  109.30953  3.36%   3.0  155s
 989564 837343  113.07783  360    2  113.11573  109.30962  3.36%   3.0  160s
 1017861 857926  109.30997  140   15  113.11573  109.30991  3.36%   3.0  165s
 1044242 877602  111.97627  165   16  113.11573  109.30997  3.36%   3.0  170s
H1044303 877602                     113.1157328  109.30997  3.36%   3.0  170s
 1067724 896786  112.50628  211   13  113.11573  109.31032  3.36%   3.0  175s
 1089656 915752  112.95949  152    6  113.11573  109.31032  3.36%   3.0  180s
 1118307 939129  112.54153  210   13  113.11573  109.31032  3.36%   3.0  185s
 1143299 958624 infeasible  155       113.11573  109.31032  3.36%   3.0  190s
 1170470 979382  112.90257  233    4  113.11573  109.31032  3.36%   3.1  195s
 1189372 997929  112.45723  232   14  113.11573  109.31032  3.36%   3.1  200s
 1219042 1019346  112.96870  340    6  113.11573  109.31037  3.36%   3.1  205s
 1245288 1038483  111.45717  195   12  113.11573  109.31157  3.36%   3.1  210s
 1266390 1055509  113.05320  246    4  113.11573  109.31389  3.36%   3.1  215s
 1292559 1073691  112.78367  177    8  113.11573  109.31461  3.36%   3.1  220s
 1317917 1093526  112.48157  156   10  113.11573  109.33357  3.34%   3.1  225s
 1343054 1114164  112.78939  165    6  113.11573  109.33357  3.34%   3.1  230s
 1369400 1134284  112.50053  238    8  113.11573  109.33378  3.34%   3.1  235s
 1392828 1152943  111.48150  149   12  113.11573  109.33387  3.34%   3.1  240s
 1417653 1171529  112.77043  182    6  113.11573  109.33387  3.34%   3.1  245s
 1442731 1192780  111.48150  197   10  113.11573  109.33387  3.34%   3.2  250s
 1469083 1210550  110.95396  113   10  113.11573  109.33425  3.34%   3.2  255s
 1493263 1230754  113.01212  349    5  113.11573  109.33465  3.34%   3.2  260s
 1519763 1250323  112.87483  266    8  113.11573  109.33465  3.34%   3.2  265s
 1543701 1268365 infeasible  140       113.11573  109.33465  3.34%   3.2  270s
 1569611 1287607  112.78906  199    7  113.11573  109.33465  3.34%   3.2  275s
H1579863 1293589                     113.1156796  109.33465  3.34%   3.2  277s
 1592457 1304405  112.50023  164   13  113.11568  109.33465  3.34%   3.2  280s
 1614488 1322389  111.48398  183   11  113.11568  109.33490  3.34%   3.2  285s
 1639349 1339019  112.85502  282    9  113.11568  109.33495  3.34%   3.2  290s
 1665162 1356857  111.46253  226   11  113.11568  109.33495  3.34%   3.2  295s
 1691801 1377602  111.46223  181   10  113.11568  109.33588  3.34%   3.2  300s
 1719074 1396775  110.45803   45   15  113.11568  109.35423  3.33%   3.2  305s
 1745024 1417981  111.43889  126   16  113.11568  109.36159  3.32%   3.2  310s
 1772245 1439471  111.54369  222   10  113.11568  109.37487  3.31%   3.2  315s
 1795932 1457748 infeasible  178       113.11568  109.37487  3.31%   3.2  320s
 1824728 1479820  112.56057  240   12  113.11568  109.37487  3.31%   3.3  325s
 1847965 1497181  110.68746   52   17  113.11568  109.37487  3.31%   3.3  330s
 1874448 1516785  112.03367  121   12  113.11568  109.37533  3.31%   3.3  335s
 1898873 1534013  112.60717  176   11  113.11568  109.37600  3.31%   3.3  340s
 1926578 1556332  112.87708  383    8  113.11568  109.37600  3.31%   3.3  345s
 1951948 1576519  112.06487  192    8  113.11568  109.37600  3.31%   3.3  350s
 1978934 1598256 infeasible  189       113.11568  109.38072  3.30%   3.3  355s
 2008340 1618835  112.85437   70   10  113.11568  109.39723  3.29%   3.3  360s
 2032800 1636158  111.54683   88   10  113.11568  109.39920  3.29%   3.3  365s
 2057151 1653489  111.52793  129   17  113.11568  109.39920  3.29%   3.3  370s
 2085112 1672346  111.54653  162    9  113.11568  109.40028  3.28%   3.3  375s
 2111598 1691838  113.09604  172    5  113.11568  109.40028  3.28%   3.3  380s
 2140866 1710094  111.52679  275   16  113.11568  109.40255  3.28%   3.3  385s
 2165878 1726407  112.23820   88   11  113.11568  109.46614  3.23%   3.3  390s
 2190275 1745934  112.71789  315    8  113.11568  109.46657  3.23%   3.3  395s
 2216803 1768218  111.59398  159   10  113.11568  109.49090  3.20%   3.3  400s
 2246079 1790921  112.94599  313    9  113.11568  109.49090  3.20%   3.3  405s
 2275105 1812303  111.65720   98    6  113.11568  109.49160  3.20%   3.4  410s
 2306259 1833386  112.94587  236    6  113.11568  109.49198  3.20%   3.3  415s
 2333836 1853489  112.70053  131   10  113.11568  109.53081  3.17%   3.3  420s
 2363526 1877267 infeasible   90       113.11568  109.53190  3.17%   3.4  425s
 2392627 1900983  110.96998  104   13  113.11568  109.53190  3.17%   3.4  430s
 2423963 1924166  111.69987   88   10  113.11568  109.53190  3.17%   3.4  435s
 2449481 1943366     cutoff  288       113.11568  109.53211  3.17%   3.4  440s
 2481257 1967723 infeasible  190       113.11568  109.53220  3.17%   3.4  445s
 2504396 1986744  110.59665  173   19  113.11568  109.53231  3.17%   3.4  450s
 2531714 2006390  113.00633  222    6  113.11568  109.53240  3.17%   3.4  455s
 2558315 2027074  111.69820  166   10  113.11568  109.53266  3.17%   3.4  460s
 2588987 2049639  112.99082  279   12  113.11568  109.53304  3.17%   3.4  465s
 2607593 2069227  110.59737  124   13  113.11568  109.53304  3.17%   3.4  470s
 2636192 2085213  111.66107   71   12  113.11568  109.53315  3.17%   3.4  475s
 2665165 2105979  112.48207  283    8  113.11568  109.54907  3.15%   3.4  480s
 2696171 2126697  113.07793  265    4  113.11568  109.55653  3.15%   3.4  485s
 2723180 2147858  110.64150  138   11  113.11568  109.55665  3.15%   3.4  490s
 2749717 2167614     cutoff  149       113.11568  109.55674  3.15%   3.4  495s
 2778784 2189323  110.90937  154    9  113.11568  109.55732  3.15%   3.4  500s
 2808980 2211790  110.88553   82   14  113.11568  109.57810  3.13%   3.4  505s
 2836613 2232701  112.84898  387    8  113.11568  109.59753  3.11%   3.4  510s
 2866635 2254743  112.87553  278   13  113.11568  109.59753  3.11%   3.4  515s
 2892040 2274131  110.25128  126   11  113.11568  109.59753  3.11%   3.4  520s
 2919422 2295296  111.76403  119   10  113.11568  109.59773  3.11%   3.4  525s
 2943041 2311114     cutoff  192       113.11568  109.59799  3.11%   3.4  530s
 2975505 2334939  112.76684  301   12  113.11568  109.59803  3.11%   3.4  535s
 3003637 2355511  112.99991  153    8  113.11568  109.59803  3.11%   3.4  540s
 3028350 2373148  112.83051  116   13  113.11568  109.59811  3.11%   3.4  545s
 3055086 2392927  113.07197  127    6  113.11568  109.59824  3.11%   3.4  550s
 3080830 2411503  111.74487  216   12  113.11568  109.59855  3.11%   3.4  555s
 3110504 2433041     cutoff  187       113.11568  109.59867  3.11%   3.4  560s
 3134453 2451470  111.74567  169    8  113.11568  109.59878  3.11%   3.4  565s
 3162399 2471015  111.22349  117    8  113.11568  109.60287  3.11%   3.4  570s
 3191697 2491596  112.85453  126    9  113.11568  109.62134  3.09%   3.4  575s
 3219668 2510668  111.77051  206   11  113.11568  109.62237  3.09%   3.4  580s
 3246538 2527533 infeasible  102       113.11568  109.62295  3.09%   3.4  585s
 3274829 2545719  111.72362  149    9  113.11568  109.62747  3.08%   3.4  590s
 3301258 2564220  111.74567   97   13  113.11568  109.64301  3.07%   3.4  595s
 3326915 2588214 infeasible  139       113.11568  109.64770  3.07%   3.5  600s
 3354293 2602913 infeasible  179       113.11568  109.66350  3.05%   3.5  605s
 3380344 2621762  112.36873  126   10  113.11568  109.66367  3.05%   3.5  610s
 3403305 2636553  113.03433  312    4  113.11568  109.66471  3.05%   3.5  615s
 3435591 2659732     cutoff  132       113.11568  109.66813  3.05%   3.5  620s
 3465763 2681901  112.84900  190    8  113.11568  109.67013  3.05%   3.5  625s
 3495610 2704045  113.05030  164    6  113.11568  109.68794  3.03%   3.5  630s
 3524172 2722735 infeasible  198       113.11568  109.69447  3.02%   3.5  635s
 3553463 2744248  112.87380  134    6  113.11568  109.71303  3.01%   3.5  640s
H3567811 2753550                     113.1154811  109.71303  3.01%   3.5  642s
 3579695 2764589  110.95396  146   10  113.11548  109.71333  3.01%   3.5  645s
 3611847 2787638  112.71753  221    8  113.11548  109.71776  3.00%   3.5  650s
 3640399 2809405 infeasible   73       113.11548  109.73423  2.99%   3.5  655s
 3667804 2831325  113.01170  166    5  113.11548  109.73737  2.99%   3.5  660s
 3697987 2854924  110.81904  164   13  113.11548  109.75457  2.97%   3.5  665s
 3725384 2873585  111.54117  153   10  113.11548  109.77867  2.95%   3.5  670s
 3750969 2892389  112.71837  207    8  113.11548  109.78540  2.94%   3.5  675s
 3781673 2913400  110.48300  149   13  113.11548  109.80300  2.93%   3.5  680s
 3808950 2933330  111.88600   74    9  113.11548  109.82440  2.91%   3.5  685s
 3837978 2954304  109.84603  133   17  113.11548  109.84170  2.89%   3.5  690s
 3867809 2974729  110.92933   83   13  113.11548  109.84603  2.89%   3.5  695s
 3893118 2991003  110.91537  172   15  113.11548  109.84633  2.89%   3.5  700s
 3918232 3008998  111.67953  194    8  113.11548  109.84633  2.89%   3.5  705s
 3943610 3025839  111.70387  184   15  113.11548  109.84927  2.89%   3.5  710s
 3975045 3047171  109.85088   85   17  113.11548  109.85083  2.89%   3.5  715s
 4002022 3064395  112.87438  218    4  113.11548  109.85103  2.89%   3.5  720s
 4027160 3082269 infeasible  270       113.11548  109.85103  2.89%   3.5  725s
 4054747 3100914  111.69850  133    8  113.11548  109.85107  2.89%   3.5  730s
 4081669 3118220 infeasible  234       113.11548  109.85127  2.89%   3.5  736s
 4101347 3132927  112.00003  164   10  113.11548  109.86603  2.87%   3.5  740s
 4130126 3153017  110.55018  134   13  113.11548  109.87037  2.87%   3.5  745s
 4157438 3173102  111.24717  163   11  113.11548  109.87066  2.87%   3.5  750s
 4184026 3190764  112.80800  154    6  113.11548  109.87537  2.86%   3.5  755s
 4211483 3207336 infeasible  205       113.11548  109.88624  2.85%   3.5  760s
 4232946 3221142  113.07167  193    6  113.11548  109.88687  2.85%   3.5  765s
 4256742 3237015  111.88703  110    8  113.11548  109.89470  2.85%   3.5  770s
 4279407 3252819  112.69894  181   10  113.11548  109.89651  2.85%   3.5  775s
 4303622 3269579  113.03117  208    2  113.11548  109.91361  2.83%   3.5  780s
 4331982 3290059  113.07167  239    6  113.11548  109.91644  2.83%   3.5  785s
 4357286 3308148  111.28376   89   10  113.11548  109.93262  2.81%   3.5  790s
 4384416 3329679  111.23851  168   14  113.11548  109.93570  2.81%   3.5  795s
 4412337 3351515  112.87333  182    4  113.11548  109.93599  2.81%   3.5  800s
 4435174 3366550     cutoff  197       113.11548  109.93600  2.81%   3.5  805s
 4461146 3387427  111.15700  198   14  113.11548  109.93600  2.81%   3.5  810s
 4485840 3405545  111.15233  159   10  113.11548  109.93620  2.81%   3.5  815s
 4509373 3423094  109.94070  154   12  113.11548  109.94070  2.81%   3.5  820s
 4534725 3438588  111.15670  145   12  113.11548  109.94122  2.81%   3.5  825s
 4555819 3452570  112.78317  133    6  113.11548  109.95437  2.79%   3.5  830s
 4579885 3468760  112.74303  210    4  113.11548  109.96003  2.79%   3.5  835s
 4606147 3487786  112.94617  188    2  113.11548  109.96033  2.79%   3.5  840s
 4629987 3505800  110.64003   90   10  113.11548  109.96053  2.79%   3.5  845s
 4651544 3521144  112.83063  151    8  113.11548  109.98242  2.77%   3.5  850s
 4672820 3535161  111.61390   81   11  113.11548  109.99873  2.76%   3.5  855s
 4697832 3554035  110.68083  137   12  113.11548  110.00133  2.75%   3.5  860s
 4720858 3571262  112.78337  204    6  113.11548  110.00153  2.75%   3.5  865s
 4746484 3590048     cutoff  274       113.11548  110.00183  2.75%   3.5  870s
 4772462 3609282  111.21813  100   10  113.11548  110.00183  2.75%   3.5  875s
 4799878 3627008  113.00633  243    4  113.11548  110.00241  2.75%   3.5  880s
 4820499 3642056  111.10587  144   14  113.11548  110.02257  2.73%   3.5  885s
 4847329 3661415  113.08118  231    6  113.11548  110.02567  2.73%   3.5  890s
 4871226 3677986  113.09630  170    4  113.11548  110.02617  2.73%   3.5  895s
 4892994 3692043  112.76503  207   11  113.11548  110.04625  2.71%   3.5  900s
 4916698 3709531  112.99303  221    8  113.11548  110.06417  2.70%   3.5  905s
 4939300 3730994  112.99014  362   10  113.11548  110.06437  2.70%   3.5  910s
 4962890 3745875  113.07169  256    8  113.11548  110.06717  2.69%   3.5  915s
 4983607 3761140  112.91463  124    6  113.11548  110.06747  2.69%   3.5  920s
 5007295 3776680 infeasible   74       113.11548  110.07115  2.69%   3.5  925s
 5025680 3789870  111.69850  161    8  113.11548  110.07370  2.69%   3.5  930s
 5046903 3804894  111.69820  174   12  113.11548  110.08840  2.68%   3.5  935s
 5071984 3821869  112.99303  144    4  113.11548  110.08890  2.68%   3.5  940s
 5086341 3832933  112.85497  227    6  113.11548  110.09198  2.67%   3.5  945s
 5110458 3847344  111.72283  142    6  113.11548  110.09803  2.67%   3.5  950s
 5130371 3860582     cutoff  140       113.11548  110.10490  2.66%   3.5  955s
 5150074 3873514  112.89580  235    6  113.11548  110.12990  2.64%   3.5  960s
 5174900 3890216 infeasible  151       113.11548  110.13020  2.64%   3.5  965s
 5195865 3903144  113.00641  236    4  113.11548  110.13376  2.64%   3.5  970s
 5217821 3917664 infeasible  183       113.11548  110.13483  2.64%   3.5  975s
 5239933 3931958  111.76383  164   10  113.11548  110.13903  2.63%   3.5  980s
 5259953 3945807  113.07217  205    4  113.11548  110.13953  2.63%   3.5  985s
 5281078 3958421  110.36999  204   15  113.11548  110.13953  2.63%   3.5  990s
 5301609 3969559  110.42816  103   16  113.11548  110.13966  2.63%   3.5  995s
 5323264 3982321  112.76449  171   13  113.11548  110.14351  2.63%   3.5 1000s
 5343084 3996581     cutoff  192       113.11548  110.15453  2.62%   3.5 1005s
 5363637 4012220  111.76950  149    8  113.11548  110.15866  2.61%   3.5 1010s
 5384885 4023361     cutoff  179       113.11548  110.16001  2.61%   3.5 1015s
 5405543 4036122  112.34113  187    7  113.11548  110.17483  2.60%   3.5 1020s
 5424019 4048763  110.55357  141   13  113.11548  110.19487  2.58%   3.5 1025s
 5438017 4058654  111.28817  154   10  113.11548  110.19934  2.58%   3.5 1030s
 5458418 4070863  111.28376  182   12  113.11548  110.20056  2.58%   3.5 1035s
 5478676 4083529     cutoff  234       113.11548  110.20517  2.57%   3.5 1040s
 5494957 4093327  113.10320  184    2  113.11548  110.21980  2.56%   3.5 1045s
 5515404 4105789  112.12468  185    7  113.11548  110.22535  2.56%   3.5 1050s
 5527205 4117329  111.57667  107    8  113.11548  110.23436  2.55%   3.5 1055s
 5553795 4129857  113.03753  141    4  113.11548  110.25453  2.53%   3.5 1060s
 5573351 4142616  113.07247  226   10  113.11548  110.25483  2.53%   3.5 1065s
 5592411 4157298  113.07746  232    7  113.11548  110.25483  2.53%   3.5 1070s
 5614198 4171923  110.95867  204   10  113.11548  110.25483  2.53%   3.5 1075s
 5634767 4184490  113.00633  152    6  113.11548  110.25804  2.53%   3.5 1080s
 5653267 4196943     cutoff  218       113.11548  110.27917  2.51%   3.5 1085s
 5672809 4210252  110.53545  215   12  113.11548  110.28861  2.50%   3.5 1090s
 5690703 4221963  112.63890  234    6  113.11548  110.28861  2.50%   3.5 1095s
 5711558 4236859  113.07167  225    6  113.11548  110.28983  2.50%   3.5 1100s
 5733273 4251273  112.74237  229    7  113.11548  110.29259  2.50%   3.5 1105s
 5748093 4262490  112.96870  203    6  113.11548  110.30823  2.48%   3.5 1110s
 5765156 4276586  111.90386  172    8  113.11548  110.30823  2.48%   3.5 1115s
 5785035 4290515  112.83723  140    6  113.11548  110.30823  2.48%   3.5 1120s
 5803606 4304140  112.94607  147    4  113.11548  110.30823  2.48%   3.5 1125s
 5823708 4317932  113.05407  172    8  113.11548  110.30823  2.48%   3.5 1130s
 5842627 4331608  113.05380  173    6  113.11548  110.30823  2.48%   3.5 1135s
 5862839 4346462  112.45757  273   11  113.11548  110.30823  2.48%   3.5 1140s
 5883632 4361821  113.03483  139    6  113.11548  110.30823  2.48%   3.5 1145s
 5901533 4375947  113.07800  172    4  113.11548  110.30823  2.48%   3.5 1150s
 5918647 4390667  112.89326  281    8  113.11548  110.30823  2.48%   3.5 1155s
 5938912 4406554     cutoff  152       113.11548  110.30823  2.48%   3.5 1160s
 5956108 4419348  112.47650  117   10  113.11548  110.30823  2.48%   3.5 1165s
 5976177 4434798     cutoff  222       113.11548  110.30823  2.48%   3.5 1170s
 5995810 4450437  111.37313  129   19  113.11548  110.30823  2.48%   3.5 1175s
 6010613 4461665  112.68020  176   11  113.11548  110.30823  2.48%   3.5 1180s
 6030542 4477124  111.62510   97   13  113.11548  110.30823  2.48%   3.5 1185s
 6050565 4492616  112.83723  291    8  113.11548  110.30823  2.48%   3.5 1190s
 6066282 4503790  113.00668  201    5  113.11548  110.30823  2.48%   3.5 1195s
 6086932 4518728  112.90307  181   13  113.11548  110.30823  2.48%   3.5 1200s

Cutting planes:
  Learned: 1
  Gomory: 12
  Cover: 40
  Implied bound: 36
  Projected implied bound: 5
  MIR: 11
  Flow cover: 40
  GUB cover: 1
  Inf proof: 1
  Relax-and-lift: 7

Explored 6087366 nodes (21458774 simplex iterations) in 1200.13 seconds (729.57 work units)
Thread count was 16 (of 16 available processors)

Solution count 10: 113.115 113.116 113.116 ... 113.266

Time limit reached
Best objective 1.131154811464e+02, best bound 1.103082331253e+02, gap 2.4818%

User-callback calls 12272869, time in user-callback 13.41 sec
