
Gurobi 10.0.1 (win64) logging started Sun Sep 21 00:34:48 2025

Set parameter LogFile to value "log_group_6/bound_Expr69_s10_l1051_s11_e12_o100_d200_t7200_s69_0_0_0_0.log"
Gurobi Optimizer version 10.0.1 build v10.0.1rc0 (win64)

CPU model: Intel(R) Core(TM) i7-10700 CPU @ 2.90GHz, instruction set [SSE2|AVX|AVX2]
Thread count: 8 physical cores, 16 logical processors, using up to 16 threads

Optimize a model with 3551890 rows, 3550800 columns and 28389380 nonzeros
Model fingerprint: 0xd087fd27
Variable types: 800 continuous, 3550000 integer (3550000 binary)
Coefficient statistics:
  Matrix range     [4e-01, 9e+02]
  Objective range  [1e+00, 1e+00]
  Bounds range     [1e+00, 1e+03]
  RHS range        [1e+00, 9e+02]
Presolve removed 0 rows and 100 columns (presolve time = 5s) ...
Presolve removed 3491800 rows and 3491700 columns (presolve time = 10s) ...
Presolve removed 3492290 rows and 3491700 columns (presolve time = 15s) ...
Presolve removed 3491800 rows and 3491210 columns
Presolve time: 15.17s
Presolved: 60090 rows, 59590 columns, 353460 nonzeros
Variable types: 600 continuous, 58990 integer (58990 binary)
Found heuristic solution: objective 14202.564500
Found heuristic solution: objective 3814.6740667
Deterministic concurrent LP optimizer: primal and dual simplex
Showing first log only...


Root simplex log...

Iteration    Objective       Primal Inf.    Dual Inf.      Time
       0   -6.9183000e+04   1.817263e+04   5.721341e+08     19s
    5080    7.4817000e+04   0.000000e+00   1.200000e+03     19s
    5612    0.0000000e+00   0.000000e+00   0.000000e+00     20s
Concurrent spin time: 0.40s

Solved with primal simplex

Root relaxation: objective 0.000000e+00, 5612 iterations, 1.67 seconds (3.31 work units)
Total elapsed time = 27.87s

    Nodes    |    Current Node    |     Objective Bounds      |     Work
 Expl Unexpl |  Obj  Depth IntInf | Incumbent    BestBd   Gap | It/Node Time

     0     0    0.00000    0  305 3814.67407    0.00000   100%     -   30s
H    0     0                    3297.5629667    0.00000   100%     -   35s
H    0     0                    3271.4880333    0.00000   100%     -   37s
     0     0    0.00000    0  450 3271.48803    0.00000   100%     -   41s
H    0     0                    1337.1582333    0.00000   100%     -   50s
     0     0    0.00000    0  436 1337.15823    0.00000   100%     -   55s
H    0     0                    1022.8584000    0.00000   100%     -   88s
H    0     0                     974.7695333    0.00000   100%     -   88s
H    0     0                     776.3980000    0.00000   100%     -   88s
H    0     0                     770.4231333    0.00000   100%     -   88s
     0     0    0.00000    0  607  770.42313    0.00000   100%     -   99s
H    0     0                     770.2360333    0.00000   100%     -  103s
     0     0    0.00000    0  385  770.23603    0.00000   100%     -  124s
H    0     0                     761.6730642    0.00000   100%     -  153s
H    0     0                     741.9010958    0.00000   100%     -  153s
H    0     0                     731.5770333    0.00000   100%     -  157s
     0     0    0.00000    0  544  731.57703    0.00000   100%     -  169s
H    0     0                     716.1750000    0.00000   100%     -  180s
     0     0    0.00000    0  520  716.17500    0.00000   100%     -  196s
     0     0    0.00000    0  562  716.17500    0.00000   100%     -  227s
     0     0    0.00000    0  316  716.17500    0.00000   100%     -  236s
H    0     0                     715.8758937    0.00000   100%     -  254s
H    0     0                     715.8758932    0.00000   100%     -  256s
H    0     0                     713.5957667    0.00000   100%     -  263s
H    0     2                     711.9725667    0.00000   100%     -  281s
     0     2    0.00000    0  302  711.97257    0.00000   100%     -  281s
     7    16    0.00000    3  296  711.97257    0.00000   100%  2230  285s
H   31    40                     705.0954314    0.00000   100%   565  352s
H   32    40                     704.1540983    0.00000   100%   556  352s
    56    66    0.00000    9  292  704.15410    0.00000   100%   344  356s
    83    93    0.00000   12  283  704.15410    0.00000   100%   249  361s
   103   115    0.00000   14  290  704.15410    0.00000   100%   207  365s
H  128   137                     704.0878650    0.00000   100%   170  372s
H  132   137                     704.0878641    0.00000   100%   165  372s
H  135   137                     703.3244765    0.00000   100%   163  372s
   148   163    0.00000   20  292  703.32448    0.00000   100%   151  375s
   192   208    0.00000   25  293  703.32448    0.00000   100%   122  382s
   207   240    0.00000   27  297  703.32448    0.00000   100%   116  385s
   267   305    0.00000   33  298  703.32448    0.00000   100%  93.9  392s
   304   316    0.00000   36  303  703.32448    0.00000   100%  83.8  396s
   315   367    0.00000   37  296  703.32448    0.00000   100%  81.8  401s
   366   419    0.00000   43  296  703.32448    0.00000   100%  72.4  406s
   418   489    0.00000   48  301  703.32448    0.00000   100%  65.3  411s
   488   545    0.00000   56  289  703.32448    0.00000   100%  58.3  430s
H  494   545                     702.2129121    0.00000   100%  58.0  430s
   544   709    0.00000   63  297  702.21291    0.00000   100%  54.4  437s
   708   804    0.00000   73  302  702.21291    0.00000   100%  45.2  444s
   803   990    0.00000   76  303  702.21291    0.00000   100%  41.8  452s
   989  1182    0.00000   85  304  702.21291    0.00000   100%  35.9  460s
  1181  1380    0.00000  112  304  702.21291    0.00000   100%  32.5  468s
  1379  1669    0.00000  148  308  702.21291    0.00000   100%  29.9  479s
  1668  1942    0.00000  190  304  702.21291    0.00000   100%  26.3  492s
  1941  2249    0.00000  217  305  702.21291    0.00000   100%  24.2  505s
  2248  2257    0.00000  291  307  702.21291    0.00000   100%  23.0  543s
H 2249  2257                     702.1986985    0.00000   100%  23.0  544s
H 2250  2257                     702.1373260    0.00000   100%  23.0  544s
H 2255  2257                     702.0773333    0.00000   100%  23.0  544s
  2256  2721    0.00000  292  306  702.07733    0.00000   100%  23.0  560s
  2720  3234    0.00000  364  311  702.07733    0.00000   100%  20.8  581s
H 2763  3234                     702.0551333    0.00000   100%  20.7  581s
  3233  3796    0.00000  407  313  702.05513    0.00000   100%  19.0  604s
H 3361  3796                     702.0545854    0.00000   100%  18.6  604s
  3795  4669    0.00000  467  316  702.05459    0.00000   100%  17.6  628s
  4668  5480    0.00000  572  312  702.05459    0.00000   100%  15.9  655s
  5479  6487    0.00000  652  312  702.05459    0.00000   100%  14.9  681s
  6486  7468    0.00000  743  308  702.05459    0.00000   100%  13.9  713s
H 7467  7468                     702.0545725    0.00000   100%  13.0  713s
  7468  7469  533.41573 1424  316  702.05457    0.00000   100%  13.0  830s
  7470  7470  104.28467  422  291  702.05457    0.00000   100%  13.0  877s
  7471  7471  590.91690  137  284  702.05457    0.00000   100%  13.0 1063s
  7472  7472  457.68490  530  260  702.05457    0.00000   100%  13.0 1075s
  7473  7472  444.49520  298  295  702.05457    0.00000   100%  13.0 1104s
  7474  7473  647.04660  547  284  702.05457    0.00000   100%  13.0 1114s
  7475  7474  171.71420  497  290  702.05457    0.00000   100%  13.0 1167s
  7476  7474  331.07350  721  285  702.05457    0.00000   100%  13.0 1178s
  7477  7475  571.46960   34  295  702.05457    0.00000   100%  13.0 1246s
  7478  7476  104.28467  286  262  702.05457    0.00000   100%  13.0 1258s
  7479  7476  159.35930  239  301  702.05457    0.00000   100%  13.0 1317s
  7480  7477  359.82510  271  298  702.05457    0.00000   100%  13.0 1327s
  7481  7478  444.49520 1558  293  702.05457    0.00000   100%  13.0 1373s
  7482  7478  171.71420  400  293  702.05457    0.00000   100%  13.0 1387s
  7483  7479  104.31977   46  293  702.05457    0.00000   100%  13.0 1487s
  7484  7483    0.00000   14  285  702.05457    0.00000   100%  31.7 1511s
  7490  7493    0.00000   16  283  702.05457    0.00000   100%  31.9 1519s
  7498  7498    0.00000   17  288  702.05457    0.00000   100%  31.9 1522s
  7506  7503   87.34973   17  293  702.05457    0.00000   100%  32.0 1526s
  7514  7509    0.00000   18  286  702.05457    0.00000   100%  32.1 1754s
H 7518  7132                     702.0541381    0.00000   100%  32.0 1754s
H 7520  6777                     702.0349159    0.00000   100%  32.0 1754s
  7522  6784  127.19667   18  293  702.03492    0.00000   100%  32.1 1758s
  7530  6792    0.00000   19  289  702.03492    0.00000   100%  32.1 1762s
  7541  6799  165.93937   19  291  702.03492    0.00000   100%  32.1 1765s
  7561  6810  128.21240   20  291  702.03492    0.00000   100%  32.2 1771s
  7569  6821    0.00000   21  288  702.03492    0.00000   100%  32.2 1775s
  7597  6835    0.00000   22  293  702.03492    0.00000   100%  32.2 1782s
  7606  6845  112.29887   22  288  702.03492    0.00000   100%  32.2 1785s
  7635  6859   61.74927   23  289  702.03492    0.00000   100%  32.3 1796s
  7660  6887    0.00000   25  288  702.03492    0.00000   100%  32.3 1804s
  7679  6901    0.00000   26  286  702.03492    0.00000   100%  32.3 1809s
  7699  6915    0.00000   27  285  702.03492    0.00000   100%  32.3 1814s
  7720  6926   38.34463   27  303  702.03492    0.00000   100%  32.4 1823s
  7738  6940    0.00000   28  282  702.03492    0.00000   100%  32.4 1828s
  7758  6955    0.00000   29  282  702.03492    0.00000   100%  32.4 1834s
  7780  6961    0.00000   30  282  702.03492    0.00000   100%  32.7 1839s
  7793  6984    6.05490   30  293  702.03492    0.00000   100%  32.7 1845s
  7820  6999  130.56523   31  295  702.03492    0.00000   100%  32.7 1851s
  7844  7019    0.00000   32  288  702.03492    0.00000   100%  32.7 1857s
  7872  7024    0.00000   33  289  702.03492    0.00000   100%  32.7 1864s
  7887  7048    0.00000   34  288  702.03492    0.00000   100%  32.7 1870s
  7916  7064    0.00000   35  289  702.03492    0.00000   100%  32.7 1877s
  7941  7085    0.00000   36  286  702.03492    0.00000   100%  32.7 1884s
  7971  7096  149.49783   37  294  702.03492    0.00000   100%  32.7 1892s
  7992  7126  115.62927   38  297  702.03492    0.00000   100%  32.7 1900s
  8029  7144  170.76443   39  294  702.03492    0.00000   100%  32.6 1908s
  8059  7166  195.74970   40  297  702.03492    0.00000   100%  32.5 1916s
  8091  7175    0.00000   42  303  702.03492    0.00000   100%  32.5 1925s
  8111  7202    0.00000   43  299  702.03492    0.00000   100%  32.5 1933s
  8144  7224  104.33743   44  291  702.03492    0.00000   100%  32.5 1942s
  8177  7260  103.91777   45  292  702.03492    0.00000   100%  32.5 1952s
  8224  7272    0.00000   47  297  702.03492    0.00000   100%  32.4 1962s
  8252  7342    0.00000   48  297  702.03492    0.00000   100%  32.4 1973s
  8331  7405    0.00000   50  297  702.03492    0.00000   100%  32.3 1984s
  8421  7446    0.00000   52  295  702.03492    0.00000   100%  32.2 1995s
  8492  7510    0.00000   54  295  702.03492    0.00000   100%  32.1 2007s
  8579  7553    0.00000   56  295  702.03492    0.00000   100%  32.0 2019s
  8651  7632  170.20073   57  292  702.03492    0.00000   100%  31.9 2031s
  8754  7715    0.00000   59  296  702.03492    0.00000   100%  31.7 2044s
  8872  7764  173.20670   61  291  702.03492    0.00000   100%  31.5 2057s
  8960  7839  159.35930   63  297  702.03492    0.00000   100%  31.4 2074s
  9064  7943  158.89330   65  291  702.03492    0.00000   100%  31.4 2090s
  9203  8010  104.28947   70  295  702.03492    0.00000   100%  31.2 2104s
  9316  8065    0.00000   73  288  702.03492    0.00000   100%  31.0 2119s
  9409  8190    0.00000   75  286  702.03492    0.00000   100%  30.9 2134s
  9565  8272   35.00473   76  299  702.03492    0.00000   100%  30.6 2149s
  9699  8342    0.00000   79  289  702.03492    0.00000   100%  30.5 2170s
  9814  8458    0.00000   82  290  702.03492    0.00000   100%  30.4 2233s
  9968  8612    0.00000   86  294  702.03492    0.00000   100%  30.3 2252s
 10173  8697    0.00000   91  290  702.03492    0.00000   100%  30.0 2270s
 10327  8865    0.00000   94  293  702.03492    0.00000   100%  29.8 2291s
 10546  8955  159.69033   97  293  702.03492    0.00000   100%  29.6 2314s
 10709  9121    0.00000  100  297  702.03492    0.00000   100%  29.3 2335s
 10929  9265    0.00000  107  294  702.03492    0.00000   100%  29.1 2360s
 11147  9450    0.00000  111  294  702.03492    0.00000   100%  28.7 2382s
 11404  9616    0.00000  116  299  702.03492    0.00000   100%  28.4 2410s
 11656  9786    0.00000  120  294  702.03492    0.00000   100%  28.1 2435s
 11910  9972  101.95137  124  296  702.03492    0.00000   100%  27.8 2464s
 12181 10191    0.00000  129  304  702.03492    0.00000   100%  27.5 2492s
 12490 10339    0.00000  137  303  702.03492    0.00000   100%  27.2 2525s
 12741 10643   70.75090  142  303  702.03492    0.00000   100%  27.1 2555s
 13129 10875   70.75090  149  300  702.03492    0.00000   100%  26.8 2590s
 13490 11301    0.00000  154  303  702.03492    0.00000   100%  26.5 2621s
 14036 11492    0.00000  164  302  702.03492    0.00000   100%  26.0 2658s
 14409 11941    0.00000  175  300  702.03492    0.00000   100%  25.7 2692s
 14983 12428    0.00000  182  300  702.03492    0.00000   100%  25.1 2905s
 15661 12554    0.00000  194  302  702.03492    0.00000   100%  24.4 2930s
 16013 12824    0.00000  201  302  702.03492    0.00000   100%  24.1 2961s
 16403 13157   70.75090  207  298  702.03492    0.00000   100%  23.8 2987s
 16867 13307   70.75090  216  298  702.03492    0.00000   100%  23.4 3020s
 17172 13583    0.00000  224  300  702.03492    0.00000   100%  23.1 3049s
 17550 14062    0.00000  232  302  702.03492    0.00000   100%  22.9 3085s
 18155 14714    0.00000  237  298  702.03492    0.00000   100%  22.3 3119s
 19008 14697    0.00000  246  301  702.03492    0.00000   100%  21.6 3155s
 19276 15404  115.62927  253  295  702.03492    0.00000   100%  21.5 3188s
 20072 15690    0.00000  262  308  702.03492    0.00000   100%  20.9 3218s
 20623 15514    0.00000  275  308  702.03492    0.00000   100%  20.6 3330s
 20631 15677  121.17897  275  297  702.03492    0.00000   100%  20.6 3491s
 20797 16238    0.00000  283  308  702.03492    0.00000   100%  20.6 3526s
 21413 16549   88.71930  298  306  702.03492    0.00000   100%  20.2 3572s
 21929 17257    0.00000  308  314  702.03492    0.00000   100%  19.9 3607s
 22809 16971   55.96357  323  305  702.03492    0.00000   100%  19.4 3907s
 22817 17974    0.00000  324  313  702.03492    0.00000   100%  19.4 3948s
 23822 18660    0.00000  336  317  702.03492    0.00000   100%  18.9 4005s
 24843 19379    0.00000  350  320  702.03492    0.00000   100%  18.4 4046s
 25904 19893    0.00000  368  317  702.03492    0.00000   100%  17.9 4108s
 26771 20614    0.00000  386  317  702.03492    0.00000   100%  17.6 4152s
 27781 21159    0.00000  398  311  702.03492    0.00000   100%  17.2 4220s
 28646 21955    0.00000  411  308  702.03492    0.00000   100%  16.9 4265s
 29442 23880  158.96900  447  306  702.03492    0.00000   100%  16.7 5609s
 31367 24540    0.00000  533  314  702.03492    0.00000   100%  16.2 5640s
 32027 25208    0.00000  544  312  702.03492    0.00000   100%  16.1 5695s
 32695 25216   55.87857  552  305  702.03492    0.00000   100%  15.9 5828s
 32703 25723    0.00000  553  314  702.03492    0.00000   100%  15.9 5863s
 33210 26312    0.00000  565  313  702.03492    0.00000   100%  15.8 5901s
 33799 26755    0.00000  590  320  702.03492    0.00000   100%  15.7 5956s
 34242 27475    0.00000  608  319  702.03492    0.00000   100%  15.6 5995s
 34962 28602    0.00000  632  310  702.03492    0.00000   100%  15.5 6060s
 36089 29595    0.00000  671  312  702.03492    0.00000   100%  15.2 6099s
 37082 30340    0.00000  689  314  702.03492    0.00000   100%  15.0 6163s
 37827 30872    0.00000  706  314  702.03492    0.00000   100%  14.9 6198s
 38359 31699    0.00000  724  315  702.03492    0.00000   100%  14.8 6261s
 39186 33025    0.00000  750  314  702.03492    0.00000   100%  14.7 6299s
 40512 33855    0.00000  801  313  702.03492    0.00000   100%  14.5 6359s
 41342 34699    0.00000  826  308  702.03492    0.00000   100%  14.4 6396s
 42186 35338    0.00000  859  309  702.03492    0.00000   100%  14.3 6461s
 42825 35946    0.00000  878  311  702.03492    0.00000   100%  14.2 6496s
 43433 36523    0.00000  908  311  702.03492    0.00000   100%  14.2 6559s
 44010 38217  147.36070  942  305  702.03492    0.00000   100%  14.2 6806s
 45704 39687    0.00000 1001  312  702.03492    0.00000   100%  14.2 6872s
 47175 40558    0.00000 1026  311  702.03492    0.00000   100%  13.9 6900s
 48046 41358    0.00000 1048  313  702.03492    0.00000   100%  13.8 6964s
 48848 42159    0.00000 1069  315  702.03492    0.00000   100%  13.7 6990s
 49673 42805    0.00000 1084  317  702.03492    0.00000   100%  13.6 7049s
 50326 43630    0.00000 1099  317  702.03492    0.00000   100%  13.6 7079s
 51155 44205    0.00000 1118  311  702.03492    0.00000   100%  13.5 7136s
 51734 45051    0.00000 1129  312  702.03492    0.00000   100%  13.4 7163s
 52583 45070    0.00000 1156  309  702.03492    0.00000   100%  13.4 7200s

Cutting planes:
  Gomory: 74
  Implied bound: 495
  Projected implied bound: 1225
  MIR: 54
  Flow cover: 635
  RLT: 2
  Relax-and-lift: 7672

Explored 52602 nodes (783833 simplex iterations) in 7203.78 seconds (7576.74 work units)
Thread count was 16 (of 16 available processors)

Solution count 10: 702.035 702.054 702.055 ... 704.088

Time limit reached
Best objective 7.020349158870e+02, best bound 1.455191522837e-11, gap 100.0000%

User-callback calls 761288, time in user-callback 5.02 sec
