
Gurobi 10.0.3 (win64) logging started Sun Sep 21 07:15:53 2025

Set parameter LogFile to value "log_group_6/bound_Expr264_s5_l1051_s11_e12_o20_d43_t1200_s14_0_1_0_1.log"
Gurobi Optimizer version 10.0.3 build v10.0.3rc0 (win64)

CPU model: 11th Gen Intel(R) Core(TM) i7-11700 @ 2.50GHz, instruction set [SSE2|AVX|AVX2|AVX512]
Thread count: 8 physical cores, 16 logical processors, using up to 16 threads

Optimize a model with 189445 rows, 185310 columns and 1843390 nonzeros
Model fingerprint: 0x7586b3a0
Variable types: 310 continuous, 185000 integer (185000 binary)
Coefficient statistics:
  Matrix range     [1e+00, 8e+02]
  Objective range  [1e+00, 1e+00]
  Bounds range     [1e+00, 1e+03]
  RHS range        [1e+00, 8e+02]
Presolve removed 183675 rows and 180035 columns
Presolve time: 1.22s
Presolved: 5770 rows, 5275 columns, 45657 nonzeros
Variable types: 270 continuous, 5005 integer (5001 binary)
Found heuristic solution: objective 423.9858333

Root relaxation: objective 8.111527e+01, 1642 iterations, 0.04 seconds (0.08 work units)

    Nodes    |    Current Node    |     Objective Bounds      |     Work
 Expl Unexpl |  Obj  Depth IntInf | Incumbent    BestBd   Gap | It/Node Time

     0     0   81.11527    0   40  423.98583   81.11527  80.9%     -    1s
H    0     0                     373.5268333   81.11527  78.3%     -    1s
     0     0   81.11527    0   46  373.52683   81.11527  78.3%     -    1s
H    0     0                     193.3535333   81.11527  58.0%     -    2s
H    0     0                     162.0654333   81.11527  49.9%     -    2s
H    0     0                     158.7011333   81.11527  48.9%     -    2s
     0     0   81.11527    0   44  158.70113   81.11527  48.9%     -    2s
     0     0   81.11527    0   52  158.70113   81.11527  48.9%     -    2s
     0     0   81.11527    0   50  158.70113   81.11527  48.9%     -    2s
     0     0   81.11527    0   40  158.70113   81.11527  48.9%     -    3s
     0     0   81.11527    0   45  158.70113   81.11527  48.9%     -    3s
H    0     0                     158.6696333   81.11527  48.9%     -    3s
     0     0   81.11527    0   44  158.66963   81.11527  48.9%     -    3s
H    0     0                     127.8803000   81.11527  36.6%     -    3s
     0     0   81.11527    0   41  127.88030   81.11527  36.6%     -    4s
     0     0   81.11527    0   43  127.88030   81.11527  36.6%     -    4s
     0     0   81.11527    0   42  127.88030   81.11527  36.6%     -    4s
     0     0   81.11527    0   42  127.88030   81.11527  36.6%     -    4s
     0     0   81.11527    0   42  127.88030   81.11527  36.6%     -    4s
     0     0   81.11527    0   43  127.88030   81.11527  36.6%     -    4s
     0     0   81.11527    0   42  127.88030   81.11527  36.6%     -    4s
     0     0   81.11527    0   42  127.88030   81.11527  36.6%     -    4s
     0     0   81.11527    0   42  127.88030   81.11527  36.6%     -    4s
     0     0   81.11527    0   42  127.88030   81.11527  36.6%     -    4s
     0     0   81.11527    0   42  127.88030   81.11527  36.6%     -    4s
H    0     0                     124.6751000   81.11527  34.9%     -    4s
H    0     0                     119.9688000   81.11527  32.4%     -    4s
H    0     0                     118.0744000   81.11527  31.3%     -    4s
     0     0   81.11527    0   42  118.07440   81.11527  31.3%     -    4s
     0     0   81.11527    0   42  118.07440   81.11527  31.3%     -    4s
     0     0   81.11527    0   42  118.07440   81.11527  31.3%     -    4s
     0     0   81.11527    0   42  118.07440   81.11527  31.3%     -    4s
     0     0   81.11527    0   42  118.07440   81.11527  31.3%     -    4s
     0     0   81.11527    0   42  118.07440   81.11527  31.3%     -    4s
     0     0   81.11527    0   42  118.07440   81.11527  31.3%     -    4s
     0     0   81.11527    0   42  118.07440   81.11527  31.3%     -    4s
     0     0   81.11527    0   42  118.07440   81.11527  31.3%     -    4s
     0     0   81.11527    0   42  118.07440   81.11527  31.3%     -    4s
     0     0   81.11527    0   42  118.07440   81.11527  31.3%     -    4s
H    0     0                     118.0534000   81.11527  31.3%     -    4s
     0     0   81.11527    0   40  118.05340   81.11527  31.3%     -    4s
     0     0   81.11527    0   40  118.05340   81.11527  31.3%     -    4s
     0     0   81.11527    0   40  118.05340   81.11527  31.3%     -    4s
     0     0   81.11527    0   40  118.05340   81.11527  31.3%     -    4s
     0     0   81.11527    0   40  118.05340   81.11527  31.3%     -    4s
     0     0   81.11527    0   43  118.05340   81.11527  31.3%     -    4s
     0     0   81.11527    0   43  118.05340   81.11527  31.3%     -    4s
     0     0   81.11527    0   43  118.05340   81.11527  31.3%     -    4s
     0     0   81.11527    0   45  118.05340   81.11527  31.3%     -    4s
     0     0   81.11527    0   43  118.05340   81.11527  31.3%     -    4s
     0     0   81.11527    0   46  118.05340   81.11527  31.3%     -    4s
H    0     0                     116.3366000   81.11527  30.3%     -    5s
     0     0   81.11527    0   40  116.33660   81.11527  30.3%     -    5s
     0     0   81.11527    0   40  116.33660   81.11527  30.3%     -    5s
     0     0   81.11527    0   40  116.33660   81.11527  30.3%     -    5s
     0     0   81.11527    0   40  116.33660   81.11527  30.3%     -    5s
     0     0   81.11527    0   40  116.33660   81.11527  30.3%     -    5s
     0     0   81.11527    0   47  116.33660   81.11527  30.3%     -    5s
     0     0   81.11527    0   40  116.33660   81.11527  30.3%     -    5s
     0     0   81.11527    0   40  116.33660   81.11527  30.3%     -    5s
     0     0   81.11527    0   40  116.33660   81.11527  30.3%     -    5s
     0     0   81.11527    0   40  116.33660   81.11527  30.3%     -    5s
     0     0   81.11527    0   40  116.33660   81.11527  30.3%     -    5s
H    0     0                     116.3155999   81.11527  30.3%     -    5s
     0     0   81.11527    0   40  116.31560   81.11527  30.3%     -    5s
     0     0   81.11527    0   40  116.31560   81.11527  30.3%     -    5s
     0     0   81.11527    0   40  116.31560   81.11527  30.3%     -    5s
     0     0   81.11527    0   40  116.31560   81.11527  30.3%     -    5s
     0     0   81.11527    0   40  116.31560   81.11527  30.3%     -    5s
     0     0   81.11527    0   40  116.31560   81.11527  30.3%     -    5s
     0     0   81.11527    0   40  116.31560   81.11527  30.3%     -    5s
     0     0   81.11527    0   40  116.31560   81.11527  30.3%     -    5s
     0     0   81.11527    0   40  116.31560   81.11527  30.3%     -    5s
     0     0   81.11527    0   40  116.31560   81.11527  30.3%     -    5s
     0     0   81.11527    0   40  116.31560   81.11527  30.3%     -    5s
     0     0   81.11527    0   48  116.31560   81.11527  30.3%     -    5s
     0     0   81.96610    0   38  116.31560   81.96610  29.5%     -    6s
     0     0   81.96610    0   41  116.31560   81.96610  29.5%     -    6s
     0     0   81.96610    0   41  116.31560   81.96610  29.5%     -    6s
     0     0   81.96610    0   38  116.31560   81.96610  29.5%     -    7s
     0     0   81.96610    0   38  116.31560   81.96610  29.5%     -    7s
     0     0   81.96610    0   38  116.31560   81.96610  29.5%     -    7s
     0     0   81.96610    0   39  116.31560   81.96610  29.5%     -    7s
     0     0   83.52560    0   38  116.31560   83.52560  28.2%     -    8s
     0     0   83.52560    0   38  116.31560   83.52560  28.2%     -    8s
     0     2   83.52560    0   38  116.31560   83.52560  28.2%     -    8s
H   72    62                     116.3155999   83.52560  28.2%  22.5    9s
   119   104   83.52560   17   38  116.31560   83.52560  28.2%  14.2   10s
H  838   795                     116.3155994   83.52560  28.2%   3.7   10s
H 1942  1888                     116.3155994   83.52560  28.2%   2.7   11s
  4306  3530   96.99393   37   37  116.31560   94.42693  18.8%   4.2   15s
H 4307  3358                     116.3155988   94.42693  18.8%   4.2   15s
H 4949  3558                     116.3155984   94.42693  18.8%   4.3   16s
 13332  8446  103.90260   82   24  116.31560   95.36102  18.0%   3.4   20s
 26111 18251   97.98260  149   22  116.31560   95.36102  18.0%   3.8   25s
 29494 20468  105.91733   96   50  116.31560   95.36102  18.0%   3.9   30s
H29511 19454                     116.3155980  107.58467  7.51%   3.9   33s
 29522 19462  116.30150  447   49  116.31560  108.31511  6.88%   3.9   35s
 29534 19470  111.14406  140   40  116.31560  111.14406  4.45%   3.9   40s
H29571 18519                     116.3155972  115.10710  1.04%   4.0   43s
H29601 17614                     116.3155971  115.10710  1.04%   4.0   43s
H29621 16737                     116.3155971  115.10710  1.04%   4.0   44s
 30031 16991  115.10710   73   12  116.31560  115.10710  1.04%   4.0   45s
 40343 22230  116.30150  167    6  116.31560  115.10710  1.04%   3.7   50s
H44464 22622                     116.3155963  115.10710  1.04%   3.5   54s
H44515 21811                     116.3149430  115.10710  1.04%   3.5   54s
 44734 25664  116.24870  123    8  116.31494  115.10710  1.04%   3.5   55s
 55859 25557  115.10710  115   14  116.31494  115.10710  1.04%   3.4   60s
 59102 25121  116.30150  141   25  116.31494  115.10710  1.04%   3.5   65s
H59105 23866                     116.3149423  115.10710  1.04%   3.4   67s
 59108 23868  116.11760   71   19  116.31494  115.10710  1.04%   3.4   71s
H59109 22675                     116.3142705  115.10710  1.04%   3.4   75s
 62455 22997  116.28380  174    2  116.31427  115.10710  1.04%   3.5   80s
 73569 26471  116.24870  120    6  116.31427  115.10710  1.04%   3.3   86s
 82471 28674  115.23820  135    6  116.31427  115.10710  1.04%   3.3   90s
 92513 32889  115.23820   69    8  116.31427  115.10710  1.04%   3.1   95s
 104740 38954  116.22770  165    4  116.31427  115.10710  1.04%   2.9  100s
 116276 44216     cutoff   94       116.31427  115.10710  1.04%   2.8  105s
 124912 46284     cutoff  162       116.31427  115.10710  1.04%   2.8  110s
 136656 49227  116.28380  141    4  116.31427  115.10710  1.04%   2.7  115s
 147155 55172  116.26280  243    2  116.31427  115.10710  1.04%   2.7  120s
 160200 63945     cutoff  263       116.31427  115.10710  1.04%   2.6  125s
 169103 71567  116.24870   94    8  116.31427  115.10710  1.04%   2.6  130s
 179417 78756  116.26280  160    4  116.31427  115.10710  1.04%   2.6  135s
 191851 88826  116.22770  138   10  116.31427  115.10710  1.04%   2.6  140s
 206543 100300  116.24870  172    4  116.31427  115.10710  1.04%   2.5  145s
 221268 111112  115.10710   96   10  116.31427  115.10710  1.04%   2.5  150s
 236167 121698  116.28380  202    4  116.31427  115.10710  1.04%   2.4  155s
 250968 132283  116.26280  167    4  116.31427  115.10710  1.04%   2.4  161s
 261523 139894  115.23820   67   16  116.31427  115.10710  1.04%   2.4  165s
 273309 147897     cutoff  143       116.31427  115.10710  1.04%   2.4  171s
 282177 154817  115.23820   92   10  116.31427  115.10710  1.04%   2.4  176s
 292098 161144  116.09660   88   17  116.31427  115.10710  1.04%   2.4  180s
 301420 167262  115.23820   83   15  116.31427  115.10710  1.04%   2.4  185s
 312417 174223  116.26280  209    4  116.31427  115.10710  1.04%   2.4  190s
 323783 182030  116.28380  178    2  116.31427  115.10710  1.04%   2.4  195s
 334643 190076  115.23820   78   11  116.31427  115.10710  1.04%   2.4  200s
 343065 197128  116.22770  145    4  116.31427  115.10710  1.04%   2.4  205s
 355590 204751  115.10710  139   10  116.31427  115.10710  1.04%   2.4  210s
 364896 210915  116.26280  185    2  116.31427  115.10710  1.04%   2.4  215s
 376511 219478  116.26280  233    4  116.31427  115.10710  1.04%   2.4  220s
 387291 226088  115.23820  164    8  116.31427  115.10710  1.04%   2.4  225s
 396747 232873     cutoff  274       116.31427  115.10710  1.04%   2.5  230s
 404934 237459  116.11760   77    8  116.31427  115.10710  1.04%   2.5  235s
 414758 242824  116.28380  217    2  116.31427  115.10710  1.04%   2.5  240s
 423262 247143  116.26280   86    2  116.31427  115.10710  1.04%   2.5  245s
 432827 253005  116.26280  118    2  116.31427  115.10710  1.04%   2.5  250s
 445036 260991  115.10710  145   12  116.31427  115.10710  1.04%   2.6  255s
 453911 265967  116.28380  322    6  116.31427  115.10710  1.04%   2.6  260s
 461997 271195  115.23820  167   10  116.31427  115.10710  1.04%   2.6  265s
 470457 277420  116.26280  121    4  116.31427  115.10710  1.04%   2.6  270s
 480300 284730  115.27330  183    6  116.31427  115.10710  1.04%   2.6  275s
 491387 293481  116.24870  164    6  116.31427  115.10710  1.04%   2.6  281s
 500100 300081  116.26280  148    2  116.31427  115.10710  1.04%   2.5  285s
 509856 307555  116.26280  192    4  116.31427  115.10710  1.04%   2.5  290s
 519966 314102  116.28380  205    4  116.31427  115.10710  1.04%   2.5  295s
 529349 320043  116.22770  219    6  116.31427  115.10710  1.04%   2.5  300s
 538865 327257  116.26280  214    2  116.31427  115.10710  1.04%   2.5  305s
 550499 335992  116.26280  189    2  116.31427  115.10710  1.04%   2.5  310s
 558841 342130  116.26280  154   10  116.31427  115.10710  1.04%   2.5  315s
 569030 349512  115.23820  139    8  116.31427  115.10710  1.04%   2.5  320s
 580087 357900  116.28380  182    2  116.31427  115.10710  1.04%   2.5  325s
 590325 365176     cutoff  140       116.31427  115.10710  1.04%   2.5  330s
 598584 371090  116.28380  200    4  116.31427  115.10710  1.04%   2.5  335s
 610151 378704  116.28380  253    2  116.31427  115.10710  1.04%   2.5  340s
 620234 385774  116.28380  252    4  116.31427  115.10710  1.04%   2.5  345s
 626391 395114  116.24870  163    6  116.31427  115.10710  1.04%   2.4  352s
 638798 399635  116.28380  217    2  116.31427  115.10710  1.04%   2.4  355s
 647803 406793  116.26280  320    4  116.31427  115.10710  1.04%   2.4  360s
 659245 414999  116.11760  159    8  116.31427  115.10710  1.04%   2.4  365s
 671308 423019  116.28380  140    2  116.31427  115.10710  1.04%   2.4  371s
 681632 430712  116.24870  163    4  116.31427  115.10710  1.04%   2.4  375s
 689389 436562     cutoff  159       116.31427  115.10710  1.04%   2.4  380s
 700799 444747  115.10710  113   12  116.31427  115.10710  1.04%   2.4  385s
 713293 454174  116.26280  128    2  116.31427  115.10710  1.04%   2.4  390s
 723481 461626     cutoff  215       116.31427  115.10710  1.04%   2.4  395s
 733611 469249  115.10710  152    8  116.31427  115.10710  1.04%   2.4  400s
 744538 477312  115.23820  115   10  116.31427  115.10710  1.04%   2.4  405s
 754295 484451     cutoff  176       116.31427  115.10710  1.04%   2.4  410s
 765225 492763  116.28380  188    4  116.31427  115.10710  1.04%   2.4  415s
 776147 499484  115.23820  103    8  116.31427  115.10710  1.04%   2.4  420s
 785646 505769  116.28380  197    4  116.31427  115.10710  1.04%   2.4  425s
 795815 512407  116.28380  265    2  116.31427  115.10710  1.04%   2.4  430s
 806696 520407  116.22770  199    6  116.31427  115.10710  1.04%   2.4  435s
 816450 527773  116.11760  163    8  116.31427  115.10710  1.04%   2.4  440s
 826430 535740  116.24870  241   10  116.31427  115.10710  1.04%   2.4  445s
 837503 544530  116.24870  211   10  116.31427  115.10710  1.04%   2.4  450s
 851429 554901  116.28380  285    2  116.31427  115.10710  1.04%   2.4  455s
 863058 564776  116.24870  192    6  116.31427  115.10710  1.04%   2.4  460s
 877396 575810  116.28380  279    4  116.31427  115.10710  1.04%   2.3  465s
 891110 586766  116.28380  288    2  116.31427  115.10710  1.04%   2.3  470s
 904413 596460  116.24870  211    8  116.31427  115.10710  1.04%   2.3  475s
 917743 607333  116.28380  229    6  116.31427  115.10710  1.04%   2.3  480s
 930135 615944  115.10710   88   14  116.31427  115.10710  1.04%   2.3  485s
H940213 623654                     116.3114515  115.10710  1.04%   2.3  488s
 941189 625359  116.28380  262    2  116.31145  115.10710  1.04%   2.3  490s
 953211 634406  116.11760  168    8  116.31145  115.10710  1.04%   2.3  495s
 963192 642863  116.28380  217    6  116.31145  115.10710  1.04%   2.3  500s
 974580 650757  116.22770  184    6  116.31145  115.10710  1.04%   2.3  505s
 987445 660435  116.26280  203    4  116.31145  115.10710  1.04%   2.3  511s
 999386 669294  116.11760  149    8  116.31145  115.10710  1.04%   2.3  515s
 1009064 675201     cutoff  143       116.31145  115.10710  1.04%   2.3  520s
 1019118 682186  116.24870  211    4  116.31145  115.10710  1.04%   2.3  525s
 1030089 690701  116.26280  197    6  116.31145  115.10710  1.04%   2.3  530s
 1041417 698897  116.26280  187    6  116.31145  115.10710  1.04%   2.3  535s
 1051129 705910  116.28380  205    2  116.31145  115.10710  1.04%   2.3  540s
 1062520 713975  116.28380  247    2  116.31145  115.10710  1.04%   2.3  545s
 1074047 721586     cutoff  130       116.31145  115.10710  1.04%   2.3  550s
 1084308 728740  116.24870  152    8  116.31145  115.10710  1.04%   2.3  555s
 1095373 737360  116.22770  146    8  116.31145  115.10710  1.04%   2.3  560s
 1108725 747188  115.10710   88   15  116.31145  115.10710  1.04%   2.3  565s
 1122849 756741 infeasible  297       116.31145  115.10710  1.04%   2.3  571s
 1136011 765527  116.28380  217    2  116.31145  115.10710  1.04%   2.3  575s
 1147835 773686  116.26280  152    2  116.31145  115.10710  1.04%   2.3  580s
 1160352 783094  116.26280  216    2  116.31145  115.10710  1.04%   2.3  585s
 1172332 791353  116.22770  154    8  116.31145  115.10710  1.04%   2.3  590s
 1182445 798157  116.22770  131    4  116.31145  115.10710  1.04%   2.3  595s
 1196567 808338  116.11760  117   11  116.31145  115.10710  1.04%   2.3  600s
 1206557 816099  116.26280  169    6  116.31145  115.10710  1.04%   2.3  605s
 1217736 824235  116.26280  271    2  116.31145  115.10710  1.04%   2.3  610s
 1228200 830816  116.11760  102   12  116.31145  115.10710  1.04%   2.3  615s
 1238650 837904  116.24870  193    6  116.31145  115.10710  1.04%   2.4  620s
 1251278 846319  116.26280  208    2  116.31145  115.10710  1.04%   2.4  625s
 1263858 857721  116.24870  146   10  116.31145  115.10710  1.04%   2.3  630s
 1274213 865639  116.28380  230    4  116.31145  115.10710  1.04%   2.3  635s
 1287699 876526  116.26280  130    2  116.31145  115.10710  1.04%   2.3  640s
 1296681 883063  116.28380  163    4  116.31145  115.10710  1.04%   2.3  645s
 1308476 893218  116.28380  279    2  116.31145  115.10710  1.04%   2.3  650s
 1318902 900731  116.26280  221    2  116.31145  115.10710  1.04%   2.4  655s
 1327424 905821  116.28380  182    2  116.31145  115.10710  1.04%   2.4  660s
 1337469 912954     cutoff  304       116.31145  115.10710  1.04%   2.4  665s
 1349887 922137  116.28380  251    2  116.31145  115.10710  1.04%   2.4  670s
 1364122 933369  116.26280  158    2  116.31145  115.10710  1.04%   2.4  675s
 1375059 941493  116.24870  190   10  116.31145  115.10710  1.04%   2.4  680s
 1386492 950123  116.22770  161    4  116.31145  115.10710  1.04%   2.4  685s
 1398279 959231  116.28380  178    6  116.31145  115.10710  1.04%   2.4  690s
 1409909 967841  115.10710  158   14  116.31145  115.10710  1.04%   2.4  695s
 1422855 976132     cutoff  222       116.31145  115.10710  1.04%   2.4  700s
 1433528 984060  116.24870  162    6  116.31145  115.10710  1.04%   2.4  705s
 1442316 989730  116.28380  259    2  116.31145  115.10710  1.04%   2.4  710s
 1453338 997693     cutoff  129       116.31145  115.10710  1.04%   2.4  715s
 1462882 1004256  116.26280  308    2  116.31145  115.10710  1.04%   2.4  720s
 1470807 1010565  116.22770  126    6  116.31145  115.10710  1.04%   2.4  725s
 1484898 1019767  116.28380  155    2  116.31145  115.10710  1.04%   2.4  731s
 1495098 1028166  116.26280  249    2  116.31145  115.10710  1.04%   2.4  735s
 1505631 1037244  116.28380  256    2  116.31145  115.10710  1.04%   2.4  740s
 1516008 1044543  116.22770  177    8  116.31145  115.10710  1.04%   2.4  745s
 1527356 1053143  116.28380  151    2  116.31145  115.10710  1.04%   2.4  750s
 1538285 1062054  116.28380  110    2  116.31145  115.10710  1.04%   2.4  755s
 1548131 1069794  116.24870  169    8  116.31145  115.10710  1.04%   2.4  760s
 1560482 1079894     cutoff  233       116.31145  115.10710  1.04%   2.4  765s
 1571394 1087996  116.28380  138    2  116.31145  115.10710  1.04%   2.4  770s
 1581480 1095927     cutoff  153       116.31145  115.10710  1.04%   2.4  775s
 1591941 1104127  116.28380  214    2  116.31145  115.10710  1.04%   2.4  780s
 1603340 1112483  116.28380  151    2  116.31145  115.10710  1.04%   2.4  785s
 1616294 1122656  116.26280  259    2  116.31145  115.10710  1.04%   2.4  790s
 1627792 1131168  116.22770  153    8  116.31145  115.10710  1.04%   2.4  795s
 1641593 1141210  116.26280   73    2  116.31145  115.10710  1.04%   2.4  800s
 1653315 1150631  116.24870  171    8  116.31145  115.10710  1.04%   2.4  805s
 1666187 1160608  116.24870  242    6  116.31145  115.10710  1.04%   2.3  810s
 1677515 1168944  116.26280  227    6  116.31145  115.10710  1.04%   2.3  815s
 1687193 1176599     cutoff  280       116.31145  115.10710  1.04%   2.3  820s
 1696382 1182874     cutoff   82       116.31145  115.10710  1.04%   2.3  825s
 1706739 1190596  116.28380  149    6  116.31145  115.10710  1.04%   2.4  830s
 1715693 1197517  116.24870  133    6  116.31145  115.10710  1.04%   2.4  835s
 1726620 1205968  116.28380  240    2  116.31145  115.10710  1.04%   2.4  840s
 1737155 1213030  115.10710  102   12  116.31145  115.10710  1.04%   2.4  845s
 1747424 1220086  116.24870  134    8  116.31145  115.10710  1.04%   2.4  850s
 1756489 1226609  116.26280  201    2  116.31145  115.10710  1.04%   2.4  855s
 1767230 1233869  116.28380  265    2  116.31145  115.10710  1.04%   2.4  860s
 1777466 1242062  116.26280   91    4  116.31145  115.10710  1.04%   2.4  865s
 1786230 1247170     cutoff  113       116.31145  115.10710  1.04%   2.4  870s
 1797277 1254961  116.26280  218    2  116.31145  115.10710  1.04%   2.4  875s
 1806167 1261551  116.26280  181    8  116.31145  115.10710  1.04%   2.4  880s
 1816470 1269136  116.28380  249    6  116.31145  115.10710  1.04%   2.4  885s
 1828873 1276492     cutoff   96       116.31145  115.10710  1.04%   2.4  890s
 1840848 1284924  116.26280  192    2  116.31145  115.10710  1.04%   2.4  895s
 1851378 1292361  116.11760  140   10  116.31145  115.10710  1.04%   2.4  900s
 1862477 1301807  116.28380  235    2  116.31145  115.10710  1.04%   2.4  905s
 1876319 1311677  116.26280  288    4  116.31145  115.10710  1.04%   2.4  910s
 1877827 1317086  115.10710  141    8  116.31145  115.10710  1.04%   2.4  915s
 1893453 1323798  116.11760  135   17  116.31145  115.10710  1.04%   2.4  921s
 1902788 1330881  116.11760  127    8  116.31145  115.10710  1.04%   2.4  925s
 1912107 1338125  116.28380  188    2  116.31145  115.10710  1.04%   2.4  930s
 1923685 1347217  116.26280  238    2  116.31145  115.10710  1.04%   2.4  936s
 1931892 1351831  116.26280  184    2  116.31145  115.10710  1.04%   2.4  940s
 1939776 1357736  116.22770  131    8  116.31145  115.10710  1.04%   2.4  945s
 1950147 1366085  116.28380  200    4  116.31145  115.10710  1.04%   2.4  950s
 1959915 1373624     cutoff  133       116.31145  115.10710  1.04%   2.4  955s
 1969637 1380327  116.22770  113    6  116.31145  115.10710  1.04%   2.4  960s
 1978963 1387537  116.26280  209    6  116.31145  115.10710  1.04%   2.4  965s
 1988853 1395459  116.26280  191    2  116.31145  115.10710  1.04%   2.4  970s
 1998791 1401842     cutoff  115       116.31145  115.10710  1.04%   2.4  975s
 2008451 1408853  115.23820  115   10  116.31145  115.10710  1.04%   2.4  980s
 2016107 1415379  116.28380  156    4  116.31145  115.10710  1.04%   2.4  985s
 2028805 1424510  116.24870  198    6  116.31145  115.10710  1.04%   2.4  991s
 2037570 1431657  116.24870  202   10  116.31145  115.10710  1.04%   2.4  995s
 2046471 1438757  116.28380  255    2  116.31145  115.10710  1.04%   2.4 1000s
 2056298 1446059  116.28380  223    2  116.31145  115.10710  1.04%   2.4 1005s
 2065303 1452942  116.24870  124    6  116.31145  115.10710  1.04%   2.4 1010s
 2074262 1459297  116.24870  190   10  116.31145  115.10710  1.04%   2.4 1015s
 2084844 1468265  116.24870  162   10  116.31145  115.10710  1.04%   2.4 1020s
 2094092 1475117  116.28380  212    2  116.31145  115.10710  1.04%   2.4 1025s
 2104169 1482312  116.24870  106    6  116.31145  115.10710  1.04%   2.4 1031s
 2112822 1488150  116.26280  245    4  116.31145  115.10710  1.04%   2.4 1035s
 2120462 1493702  116.26280  328    2  116.31145  115.10710  1.04%   2.4 1040s
 2130930 1501408     cutoff  363       116.31145  115.10710  1.04%   2.4 1045s
 2139663 1508495  116.22770  183    4  116.31145  115.10710  1.04%   2.4 1050s
 2149244 1516149  116.26280  262    4  116.31145  115.10710  1.04%   2.4 1055s
 2159075 1523917  116.26280  257    2  116.31145  115.10710  1.04%   2.4 1060s
 2167252 1529771  116.22770  232    6  116.31145  115.10710  1.04%   2.4 1065s
 2176474 1537055  116.24870  242   12  116.31145  115.10710  1.04%   2.4 1070s
 2185798 1543699  116.24870  209    6  116.31145  115.10710  1.04%   2.4 1075s
 2194858 1551228  115.23820  149    8  116.31145  115.10710  1.04%   2.4 1081s
 2203593 1558044  116.28380  238    6  116.31145  115.10710  1.04%   2.4 1085s
 2212148 1564608  116.22770  213    6  116.31145  115.10710  1.04%   2.4 1090s
 2220589 1570629  116.11760  136   10  116.31145  115.10710  1.04%   2.4 1095s
 2229195 1576336  116.26280  283    2  116.31145  115.10710  1.04%   2.4 1100s
 2238679 1584130     cutoff   70       116.31145  115.10710  1.04%   2.4 1106s
 2245183 1587924     cutoff  112       116.31145  115.10710  1.04%   2.4 1110s
 2253703 1593279  116.09660  130    8  116.31145  115.10710  1.04%   2.4 1115s
 2264807 1600182  116.22770  103    6  116.31145  115.10710  1.04%   2.4 1120s
 2275401 1607196  116.26280  324    2  116.31145  115.10710  1.04%   2.4 1125s
 2284650 1613292  116.26280  304    2  116.31145  115.10710  1.04%   2.4 1130s
 2294383 1620473  116.24870  160    4  116.31145  115.10710  1.04%   2.4 1135s
 2301012 1625319  115.10710  101   18  116.31145  115.10710  1.04%   2.4 1140s
 2306814 1627945  116.11760  125   10  116.31145  115.10710  1.04%   2.4 1145s
 2315140 1633114     cutoff  162       116.31145  115.10710  1.04%   2.4 1151s
 2321174 1636872  115.10710  108   14  116.31145  115.10710  1.04%   2.4 1155s
 2329196 1641713     cutoff  326       116.31145  115.10710  1.04%   2.4 1160s
 2336923 1646687  116.22770  136    6  116.31145  115.10710  1.04%   2.4 1165s
 2345602 1652776  116.26280  149    4  116.31145  115.10710  1.04%   2.4 1171s
 2353943 1658556  116.28380  114    2  116.31145  115.10710  1.04%   2.4 1175s
 2362182 1664920     cutoff  102       116.31145  115.10710  1.04%   2.4 1180s
 2368417 1669815  116.22770  124    8  116.31145  115.10710  1.04%   2.4 1185s
 2376184 1675157  116.09660  146   13  116.31145  115.10710  1.04%   2.4 1190s
 2382918 1679862  116.26280  157    2  116.31145  115.10710  1.04%   2.4 1195s
 2391077 1684880  116.22770  194    6  116.31145  115.10710  1.04%   2.4 1200s

Cutting planes:
  Learned: 1
  Gomory: 26
  Implied bound: 3
  Projected implied bound: 5
  Clique: 3
  MIR: 6
  Flow cover: 1
  Zero half: 2
  Relax-and-lift: 3

Explored 2392258 nodes (5740326 simplex iterations) in 1200.29 seconds (746.72 work units)
Thread count was 16 (of 16 available processors)

Solution count 10: 116.311 116.314 116.316 ... 116.316

Time limit reached
Best objective 1.163114515161e+02, best bound 1.151070984233e+02, gap 1.0355%

User-callback calls 4872995, time in user-callback 7.46 sec
