
Gurobi 11.0.0 (win64) logging started Sun Sep 21 02:35:21 2025

Set parameter LogFile to value "log_group_6/bound_Expr224_s5_l1051_s11_e12_o20_d43_t1200_s14_1_0_0_0.log"
Gurobi Optimizer version 11.0.0 build v11.0.0rc2 (win64 - Windows 11+.0 (22631.2))

CPU model: 13th Gen Intel(R) Core(TM) i7-13650HX, instruction set [SSE2|AVX|AVX2]
Thread count: 14 physical cores, 20 logical processors, using up to 20 threads

Optimize a model with 186070 rows, 185310 columns and 1845970 nonzeros
Model fingerprint: 0x631d1aec
Variable types: 310 continuous, 185000 integer (185000 binary)
Coefficient statistics:
  Matrix range     [1e+00, 8e+02]
  Objective range  [1e+00, 1e+00]
  Bounds range     [1e+00, 1e+03]
  RHS range        [1e+00, 8e+02]
Presolve removed 178790 rows and 178790 columns
Presolve time: 1.26s
Presolved: 7280 rows, 6520 columns, 61885 nonzeros
Variable types: 270 continuous, 6250 integer (6250 binary)
Found heuristic solution: objective 2881.3731000

Root relaxation: objective 0.000000e+00, 3024 iterations, 0.41 seconds (0.35 work units)

    Nodes    |    Current Node    |     Objective Bounds      |     Work
 Expl Unexpl |  Obj  Depth IntInf | Incumbent    BestBd   Gap | It/Node Time

     0     0    0.00000    0   65 2881.37310    0.00000   100%     -    3s
H    0     0                    2242.5151000    0.00000   100%     -    5s
H    0     0                    1700.0377333    0.00000   100%     -    5s
     0     0    0.00000    0   87 1700.03773    0.00000   100%     -    6s
H    0     0                     901.7804667    0.00000   100%     -    7s
H    0     0                     633.4302667    0.00000   100%     -    9s
     0     0    0.00000    0   44  633.43027    0.00000   100%     -    9s
H    0     0                     409.3801667    0.00000   100%     -    9s
     0     0    0.00000    0   41  409.38017    0.00000   100%     -    9s
H    0     0                     364.6484667    0.00000   100%     -   11s
     0     0    0.00000    0   46  364.64847    0.00000   100%     -   11s
H    0     0                     325.9827667    0.00000   100%     -   12s
     0     0    0.00000    0   88  325.98277    0.00000   100%     -   12s
H    0     0                     230.5401333    0.00000   100%     -   13s
H    0     0                     174.1469333    0.00000   100%     -   13s
     0     0    0.00000    0   42  174.14693    0.00000   100%     -   13s
     0     0    0.00000    0   87  174.14693    0.00000   100%     -   14s
     0     0    4.10887    0   55  174.14693    4.10887  97.6%     -   15s
     0     0    4.10887    0   42  174.14693    4.10887  97.6%     -   16s
     0     2    4.10887    0   42  174.14693    4.10887  97.6%     -   17s
H   31    16                     173.2886000    4.10887  97.6%   448   19s
    44    21    4.10887    8  195  173.28860    4.10887  97.6%   481   20s
H   72    29                     171.1719667    4.10887  97.6%   433   23s
H   78    29                     116.6944333    4.10887  96.5%   505   24s
H   87    18                     116.3156000    4.10887  96.5%   487   24s
   102     3     cutoff    9       116.31560   12.42678  89.3%   559   25s
   173     2   75.25355   38  204  116.31560   75.25355  35.3%   413   30s
   690   223     cutoff  122       116.31560  115.10710  1.04%   115   35s
  3003    41  115.17170  183   41  116.31560  115.17168  0.98%  36.8   40s

Cutting planes:
  Cover: 6
  Implied bound: 224
  MIR: 19
  Zero half: 1
  RLT: 18
  Relax-and-lift: 489

Explored 3445 nodes (148817 simplex iterations) in 42.00 seconds (23.82 work units)
Thread count was 20 (of 20 available processors)

Solution count 10: 116.316 116.694 171.172 ... 633.43

Optimal solution found (tolerance 1.00e-04)
Best objective 1.163156000000e+02, best bound 1.163156000000e+02, gap 0.0000%

User-callback calls 10594, time in user-callback 0.06 sec
