
Gurobi 10.0.1 (win64) logging started Sun Sep 21 07:46:40 2025

Set parameter LogFile to value "log_group_6/bound_Expr218_s7_l1051_s11_e12_o40_d80_t7200_s38_1_1_1_0.log"
Gurobi Optimizer version 10.0.1 build v10.0.1rc0 (win64)

CPU model: Intel(R) Core(TM) i7-10700 CPU @ 2.90GHz, instruction set [SSE2|AVX|AVX2]
Thread count: 8 physical cores, 16 logical processors, using up to 16 threads

Optimize a model with 672570 rows, 658470 columns and 8522266 nonzeros
Model fingerprint: 0x148a11f5
Variable types: 470 continuous, 658000 integer (658000 binary)
Coefficient statistics:
  Matrix range     [1e+00, 8e+02]
  Objective range  [1e+00, 1e+00]
  Bounds range     [1e+00, 1e+03]
  RHS range        [1e+00, 8e+02]
Presolve removed 661744 rows and 648381 columns
Presolve time: 4.12s
Presolved: 10826 rows, 10089 columns, 74766 nonzeros
Variable types: 390 continuous, 9699 integer (9694 binary)

Root simplex log...

Iteration    Objective       Primal Inf.    Dual Inf.      Time
       0    0.0000000e+00   1.252000e+03   0.000000e+00      5s
    6111    0.0000000e+00   0.000000e+00   0.000000e+00      6s

Root relaxation: objective 0.000000e+00, 6111 iterations, 0.47 seconds (0.96 work units)

    Nodes    |    Current Node    |     Objective Bounds      |     Work
 Expl Unexpl |  Obj  Depth IntInf | Incumbent    BestBd   Gap | It/Node Time

     0     0    0.00000    0  236          -    0.00000      -     -    6s
     0     0    0.00000    0  158          -    0.00000      -     -    7s
     0     0    0.00000    0  151          -    0.00000      -     -    7s
H    0     0                    1717.5482000    0.00000   100%     -   10s
H    0     0                    1486.6725000    0.00000   100%     -   10s
H    0     0                    1373.2434000    0.00000   100%     -   10s
     0     0    0.00000    0  128 1373.24340    0.00000   100%     -   10s
H    0     0                    1346.9147000    0.00000   100%     -   10s
H    0     0                     850.9195000    0.00000   100%     -   11s
     0     0    0.00000    0  127  850.91950    0.00000   100%     -   11s
H    0     0                     794.5571333    0.00000   100%     -   14s
H    0     0                     518.5081333    0.00000   100%     -   14s
     0     0    0.00000    0  183  518.50813    0.00000   100%     -   15s
H    0     0                     484.8600000    0.00000   100%     -   16s
H    0     0                     465.4489333    0.00000   100%     -   17s
     0     0    0.00000    0  260  465.44893    0.00000   100%     -   17s
H    0     0                     465.4432333    0.00000   100%     -   21s
H    0     0                     451.5705333    0.00000   100%     -   21s
     0     0    0.00000    0  194  451.57053    0.00000   100%     -   23s
H    0     0                     390.2714667    0.00000   100%     -   24s
     0     0    0.00000    0  303  390.27147    0.00000   100%     -   24s
     0     0    0.00000    0  175  390.27147    0.00000   100%     -   27s
     0     0    1.13657    0  173  390.27147    1.13657   100%     -   27s
     0     2    1.13657    0  153  390.27147    1.13657   100%     -   29s
     1     4    1.13657    1  202  390.27147    1.13657   100%  3232   30s
H   31    40                     386.8677333    1.13657   100%   668   34s
H   32    40                     368.7963333    1.13657   100%   663   34s
H   33    40                     359.1585000    1.13657   100%   645   34s
H   34    40                     318.6915667    1.13657   100%   629   34s
    39    48    1.13657    7  275  318.69157    1.13657   100%   587   35s
H   66    77                     314.6116667    1.13657   100%   436   38s
H   68    77                     313.4723667    1.13657   100%   425   38s
H   76    85                     287.0613000    1.13657   100%   398   40s
H  182   190                     286.1282333    1.13657   100%   212   44s
   236   265    1.13657   25  248  286.12823    1.13657   100%   178   45s
   647   694    5.75895   54  387  286.12823    1.13657   100%   104   50s
H  702   702                     284.3211000    1.13657   100%   101   54s
H  703   702                     273.9058000    1.13657   100%   101   54s
H  705   702                     273.5327333    1.13657   100%   101   54s
H  706   702                     273.4846667    1.13657   100%   101   54s
   763   814    7.12144   63  338  273.48467    1.13657   100%  98.8   55s
  1138  1216   11.69444   91  361  273.48467    1.13657   100%  86.2   60s
  1949  2041  204.67738  253  170  273.48467    1.13657   100%  76.9   65s
  2679  2757  185.57633   38  206  273.48467    1.13657   100%  77.4   70s
  3153  2988   42.94920   12  483  273.48467    1.13657   100%  90.2   75s
H 3167  2988                     273.4789704    1.13657   100%  89.9   75s
  3573  3424  104.38795   56  481  273.47897    1.13657   100%  85.9   80s
  3875  3615 infeasible   70       273.47897    1.13657   100%  83.7   85s
  4318  4001   59.91185  100  334  273.47897    1.13657   100%  86.8   90s
  4580  4147   62.24680  181  173  273.47897    1.13657   100%  92.2  102s
  4583  4149  202.54172  647  552  273.47897   25.14350  90.8%  92.2  106s
  4588  4154  216.29764  420  173  273.47897   37.15590  86.4%  95.4  113s
  4590  4155   56.19220  143  139  273.47897   37.15590  86.4%  95.3  115s
  4596  4160   39.15728   24  453  273.47897   39.15728  85.7%   100  120s
  4640  4174     cutoff   32       273.47897   46.96532  82.8%   104  125s
  4891  4304  121.17356   59  139  273.47897   46.96532  82.8%   109  130s
  5234  4443  221.09722  102  116  273.47897   46.96532  82.8%   107  135s
  5873  4705 infeasible   55       273.47897   48.88079  82.1%   102  140s
  6511  4866   62.46853   48  199  273.47897   53.41132  80.5%  98.6  145s
  7399  5370  170.15813  203   89  273.47897   53.41132  80.5%  94.3  150s
  8352  5584   90.52456   63  169  273.47897   60.79621  77.8%  90.1  156s
  9158  5966  157.52142  144  118  273.47897   60.79621  77.8%  85.5  160s
  9849  6661  136.05084   74  159  273.47897   62.94918  77.0%  83.5  165s
 11149  7226  141.51553   48  273  273.47897   66.56183  75.7%  79.3  171s
 12053  7676  143.98591   72  127  273.47897   69.80365  74.5%  77.3  175s
 13205  8120 infeasible  134       273.47897   71.08950  74.0%  73.9  180s
 14297  8157  253.74869  130  151  273.47897   77.23026  71.8%  71.8  185s
 14860  9028 infeasible   49       273.47897   79.60069  70.9%  72.5  204s
 15752  9138  159.36938  162   84  273.47897   79.60069  70.9%  71.5  206s
 16468  9386  134.54560   88  152  273.47897   79.64002  70.9%  69.5  210s
 18322 10290  129.38941   61  245  273.47897   81.28159  70.3%  65.4  216s
 19614 11282  155.58250  100  139  273.47897   83.95778  69.3%  63.5  221s
 20269 12459  162.13894  122  126  273.47897   85.20888  68.8%  62.3  225s
 22360 14085  208.05612  104  116  273.47897   86.27418  68.5%  58.9  231s
 24608 15979  132.60531   66  126  273.47897   86.72368  68.3%  55.7  237s
 25601 16745  134.21050  111  126  273.47897   86.72368  68.3%  54.7  240s
 27261 17637  178.85354  107  138  273.47897   86.72368  68.3%  53.3  246s
 29232 19693  165.95713  119   95  273.47897   86.72368  68.3%  51.5  253s
 30529 19694  193.75104   63  173  273.47897   87.17513  68.1%  50.0  331s
 30533 19697  191.02663  166  363  273.47897   87.17513  68.1%  50.0  336s
 30535 19698  202.80651  107  626  273.47897   87.17513  68.1%  50.0  340s
 30539 19701  192.02878   71  455  273.47897   87.17513  68.1%  50.0  346s
 30542 19703  156.80899   90  657  273.47897   87.17513  68.1%  50.0  352s
 30546 19705  201.46560  105  731  273.47897   87.17513  68.1%  50.0  358s
 30552 19709  227.87830   97  769  273.47897   87.17513  68.1%  50.0  364s
 30553 19710  204.71296   81  765  273.47897   87.17513  68.1%  50.0  365s
 30555 19711  196.55176  128  784  273.47897   87.17513  68.1%  50.0  370s
 30560 19715  172.18195   75  738  273.47897   89.04831  67.4%  50.0  376s
 30565 19718  212.41621   95  783  273.47897   90.80802  66.8%  49.9  383s
 30569 19721  162.59962  101  824  273.47897   94.55131  65.4%  49.9  388s
 30573 19723   95.37717   63  843  273.47897   95.37717  65.1%  49.9  394s
 30574 19724  163.10062   77  741  273.47897   96.38991  64.8%  49.9  395s
 30577 19726  160.51865  101  758  273.47897   96.41978  64.7%  49.9  400s
 30580 19728  268.77341  166  852  273.47897   98.37698  64.0%  49.9  406s
 30584 19731  179.31708   86  848  273.47897   98.60375  63.9%  49.9  411s
 30586 19732  180.25813  151  844  273.47897   98.71959  63.9%  49.9  417s
 30589 19734  124.95119  131  845  273.47897   99.00958  63.8%  49.9  423s
 30592 19736  159.58714  136  673  273.47897  111.08035  59.4%  49.9  425s
 30594 19737  213.32447   50  671  273.47897  111.08790  59.4%  49.9  430s
 30599 19741  175.26439   87  718  273.47897  116.72684  57.3%  49.9  436s
 30603 19743  226.58224  231  731  273.47897  117.45526  57.1%  49.9  441s
 30606 19745  137.41244  154  746  273.47897  118.26637  56.8%  49.9  446s
 30610 19748  124.09682   51  760  273.47897  119.30148  56.4%  49.9  452s
 30614 19751  192.49179   89  758  273.47897  119.63892  56.3%  49.9  457s
 30617 19753  138.78607   47  774  273.47897  119.89466  56.2%  49.9  462s
 30619 19754  199.65179  128  770  273.47897  119.93295  56.1%  49.9  467s
 30622 19756  207.00812  108  774  273.47897  120.13920  56.1%  49.8  472s
 30625 19758  205.74215  100  759  273.47897  120.86434  55.8%  49.8  478s
 30629 19761  193.75104   63  786  273.47897  121.07989  55.7%  49.8  483s
 30632 19763  166.23023   66  774  273.47897  122.67610  55.1%  49.8  485s
 30634 19764  122.92898   80  757  273.47897  122.92898  55.0%  49.8  490s
 30637 19766  218.88109  245  753  273.47897  123.35669  54.9%  49.8  495s
 30639 19767  192.02878   71  795  273.47897  123.41822  54.9%  49.8  500s
 30641 19769  212.33190  141  785  273.47897  123.61037  54.8%  49.8  506s
 30644 19771  135.19575  152  782  273.47897  123.66451  54.8%  49.8  511s
 30647 19773  182.96725  163  790  273.47897  123.81605  54.7%  49.8  516s
 30649 19774  217.66860  207  795  273.47897  123.85050  54.7%  49.8  521s
 30651 19775  252.09810   90  794  273.47897  123.86064  54.7%  49.8  526s
 30656 19779  142.09935   84  800  273.47897  123.99344  54.7%  49.8  532s
 30658 19780  179.41105  158  801  273.47897  124.01736  54.7%  49.8  537s
 30660 19781  172.18195   75  809  273.47897  124.01771  54.7%  49.8  542s
 30663 19783  147.07788   70  808  273.47897  124.10647  54.6%  49.8  548s
 30667 19786  193.82876   52  820  273.47897  124.35433  54.5%  49.8  553s
 30669 19787  162.59962  101  816  273.47897  124.60765  54.4%  49.8  559s
 30672 19789  151.57518   85  821  273.47897  124.62630  54.4%  49.8  560s
 30676 19793  130.26327   35  672  273.47897  124.76100  54.4%  38.0  567s
 30678 19792  135.68184   36  615  273.47897  130.34602  52.3%  38.5  570s
 30686 19790  150.13464   40  502  273.47897  145.82503  46.7%  39.2  575s
 30704 19804  161.89507   45  368  273.47897  161.54033  40.9%  39.6  580s
 30775 19824  164.08834   50  377  273.47897  163.17738  40.3%  40.0  586s
 30885 19852  188.96484   55  183  273.47897  163.17738  40.3%  40.4  590s
 31086 19882  225.16383   64  182  273.47897  163.17738  40.3%  40.6  595s
 31288 19891  233.85539   74  163  273.47897  163.17738  40.3%  40.7  600s
 31662 19963  244.58288   90  141  273.47897  163.17738  40.3%  40.7  605s
 32237 20028  230.53150   51  295  273.47897  173.77103  36.5%  40.6  610s
 32546 20096  245.55730   60  266  273.47897  173.77103  36.5%  40.5  615s
 33086 20114  264.03894  102  126  273.47897  176.62660  35.4%  40.4  620s
 33747 20392  257.41327  142   95  273.47897  178.61897  34.7%  40.6  626s
 34304 20757  215.97910   60  260  273.47897  179.38074  34.4%  40.5  630s
 35150 20852  233.27408   56  267  273.47897  182.64874  33.2%  40.3  635s
 36470 21309  239.42238   61  278  273.47897  183.25818  33.0%  40.5  641s
 37456 21601  239.90275   53  176  273.47897  184.14927  32.7%  40.6  646s
 38060 21508  262.68309   72  143  273.47897  185.65686  32.1%  40.6  650s
 38392 21867  241.74957   60  261  273.47897  185.96375  32.0%  40.8  655s
 39593 22278  254.41165   58  296  273.47897  189.86919  30.6%  41.0  661s
 40997 22746  243.18138   48  318  273.47897  191.79661  29.9%  41.1  668s
 41770 23012  265.43026   55  346  273.47897  192.50104  29.6%  41.1  671s
 42578 23314  253.61167   59  277  273.47897  194.12403  29.0%  41.2  675s
 44091 23617  259.41171   72  231  273.47897  196.13532  28.3%  41.5  682s
 44738 23713  262.68619   63  285  273.47897  196.98973  28.0%  41.8  685s
 45301 23832  238.39351   57  364  273.47897  197.53321  27.8%  42.1  694s
 45837 24603     cutoff   97       273.47897  199.27195  27.1%  42.5  701s
 47443 24914  267.03542   94  123  273.47897  200.78390  26.6%  42.3  706s
 49349 24874  210.07913   63  305  273.47897  202.14273  26.1%  42.0  712s
 49898 25270  211.31739   68  283  273.47897  202.57137  25.9%  42.2  715s
 51695 25416  213.52235   66  201  273.47897  204.46633  25.2%  41.9  720s
 52631 26040     cutoff   57       273.47897  205.41453  24.9%  42.0  726s
 54304 26345  258.20189   74  237  273.47897  207.33468  24.2%  42.2  733s
 54875 26763  267.66613   95  145  273.47897  207.98401  23.9%  42.2  738s
 56023 26519  263.47904   76  148  273.47897  209.04570  23.6%  42.0  740s
 56244 27282  249.73507   67  137  273.47897  209.09878  23.5%  42.0  745s
 58237 27669  230.74697   67  277  273.47897  210.41448  23.1%  42.0  752s
 59162 28334  239.49454  127  154  273.47897  211.24712  22.8%  42.0  756s
 60661 28981  248.70894  103  133  273.47897  211.74882  22.6%  41.6  768s
 62404 29179  223.07345  103  114  273.47897  212.99175  22.1%  41.5  772s
 64281 29483  218.75890   66  130  273.47897  213.85411  21.8%  41.2  777s
 65542 30158  267.23898  145  105  273.47897  214.23586  21.7%  41.1  783s
 66666 30300  272.96235  131  108  273.47897  214.51983  21.6%  40.9  785s
 68198 30666  262.12608   84  137  273.47897  215.27924  21.3%  40.9  790s
 69570 31180  228.15562  105  153  273.47897  215.73736  21.1%  41.0  796s
 71146 31751  267.47090   86  154  273.47897  216.24186  20.9%  41.0  802s
 72027 31757  242.40792  105  132  273.47897  216.57223  20.8%  41.0  805s
 73627 32088  270.31347  179   52  273.47897  216.89315  20.7%  40.8  810s
 74750 32635  243.01523  102  209  273.47897  217.10268  20.6%  40.9  816s
 75421 33874  229.21879   94  162  273.47897  217.22773  20.6%  40.8  828s
 77523 33447  258.43711  134   97  273.47897  217.51868  20.5%  40.5  830s
 79071 33951  259.70243   95  197  273.47897  217.97666  20.3%  40.4  837s
 79832 34139  270.66555   55  240  273.47897  218.20330  20.2%  40.3  840s
 81426 34742  259.70757  110  181  273.47897  218.48485  20.1%  40.2  846s
 83194 35288  254.44550   87  262  273.47897  218.76865  20.0%  40.1  852s
 84011 35474  266.40599  116  101  273.47897  218.93672  19.9%  40.1  855s
 85624 36452  269.22191   77  255  273.47897  219.24038  19.8%  39.9  862s
 86789 36653  272.56299  286   46  273.47897  219.31534  19.8%  39.7  865s
 88431 37204  250.30463   87  211  273.47897  219.57063  19.7%  39.7  870s
 90201 38413  265.00655   73  139  273.47897  220.00850  19.6%  39.6  884s
 91881 38606  235.17555   76  149  273.47897  220.19370  19.5%  39.4  887s
 92161 39260  267.98537   57  283  273.47897  220.20369  19.5%  39.3  890s
 94116 40629  226.74210   88  147  273.47897  220.39371  19.4%  39.2  896s
 95939 41868  268.72314  187   96  273.47897  220.56875  19.3%  39.0  902s
 96818 42478     cutoff   76       273.47897  220.73830  19.3%  38.9  905s
 98563 43783  262.15905  144  114  273.47897  220.87981  19.2%  38.8  911s
 100404 44902  260.84852  118  113  273.47897  221.16624  19.1%  38.6  917s
 101355 45417  269.55128  150  108  273.47897  221.25753  19.1%  38.5  920s
 102865 46498  240.75810  101  127  273.47897  221.38206  19.0%  38.5  926s
 103867 47208  270.36070  176   49  273.47897  221.46834  19.0%  38.4  932s
 104670 48560  230.23298  117  112  273.47897  221.57885  19.0%  38.4  942s
 106462 49105     cutoff  135       273.47897  221.65020  19.0%  38.2  945s
 108473 50434  242.41612   60  184  273.47897  221.78675  18.9%  38.0  952s
 109376 50997     cutoff  136       273.47897  221.87546  18.9%  37.9  955s
 110961 52083  272.65994   75  139  273.47897  222.00404  18.8%  37.8  960s
 112216 52955  265.04902  112  133  273.47897  222.09062  18.8%  37.8  965s
 113958 54021  241.98082  115   97  273.47897  222.23380  18.7%  37.7  971s
 115479 54921  258.48210  110  148  273.47897  222.32100  18.7%  37.6  976s
 116106 55468  253.22525  130  131  273.47897  222.34200  18.7%  37.5  980s
 117754 56771  242.64450  105   80  273.47897  222.38977  18.7%  37.4  986s
 119160 57927  229.82040  114  143  273.47897  222.47524  18.6%  37.2  999s
 120681 58556  268.96290  187  138  273.47897  222.54740  18.6%  37.1 1002s
 121573 59231  241.14388  102  128  273.47897  222.60181  18.6%  37.0 1005s
 123596 60448  247.15928   77  167  273.47897  222.68819  18.6%  36.8 1011s
 125104 61470  269.40833  161   83  273.47897  222.74475  18.6%  36.7 1017s
 126670 62623  245.32773   92  133  273.47897  222.81050  18.5%  36.6 1022s
 127515 63361  265.96434  156   66  273.47897  222.88022  18.5%  36.6 1026s
 129379 64542  267.04375  139   78  273.47897  222.94606  18.5%  36.4 1031s
 131140 65679  266.20613  107   73  273.47897  223.06230  18.4%  36.3 1037s
 131899 66297  237.28627  125  126  273.47897  223.11771  18.4%  36.3 1040s
 133635 67944  242.25698   91  128  273.47897  223.22544  18.4%  36.1 1053s
 135239 68390  259.49432   95  201  273.47897  223.31897  18.3%  36.0 1056s
 136118 69597  270.41877  111  216  273.47897  223.37669  18.3%  36.0 1063s
 137507 70238  233.79991   96  141  273.47897  223.42003  18.3%  35.8 1065s
 139325 71342  247.06963  105  116  273.47897  223.52339  18.3%  35.7 1071s
 140719 72275  260.08548  128  122  273.47897  223.64387  18.2%  35.7 1076s
 142177 73401  255.56038  109  161  273.47897  223.72687  18.2%  35.6 1082s
 143071 74154  245.65118   65  189  273.47897  223.77757  18.2%  35.5 1086s
 145188 75491  257.20805  114  119  273.47897  223.87805  18.1%  35.3 1092s
 146576 76459  249.70443  103  121  273.47897  223.96504  18.1%  35.3 1097s
 147321 77110  263.38042  125  118  273.47897  223.99597  18.1%  35.3 1100s
 148208 78131  226.01170   89  103  273.47897  224.04013  18.1%  35.2 1110s
 150478 79290  232.92810  109  124  273.47897  224.14300  18.0%  35.1 1116s
 152230 80499     cutoff   67       273.47897  224.23480  18.0%  35.0 1122s
 153146 80542  233.71970   99  122  273.47897  224.26983  18.0%  34.9 1128s
 153217 81079  255.72810   60  299  273.47897  224.27338  18.0%  34.9 1130s
 154853 82310  251.92870  122  109  273.47897  224.35347  18.0%  34.9 1136s
 156488 83028  247.56728  113  113  273.47897  224.45000  17.9%  34.8 1141s
 157683 84187  268.14244  126  109  273.47897  224.50637  17.9%  34.8 1146s
 159247 85240  270.43137   54  268  273.47897  224.55926  17.9%  34.7 1152s
 159990 85751  270.45364  163   78  273.47897  224.62112  17.9%  34.7 1155s
 161315 86759  268.44884  161  146  273.47897  224.69518  17.8%  34.7 1161s
 163107 88234     cutoff   70       273.47897  224.79442  17.8%  34.6 1174s
 164397 88538  271.85143  145  114  273.47897  224.90838  17.8%  34.5 1176s
 165892 89835  269.32274  117  105  273.47897  224.97548  17.7%  34.5 1183s
 166858 90639  247.10231  156  148  273.47897  224.99042  17.7%  34.4 1187s
 168019 91001  271.81904  227   52  273.47897  225.03137  17.7%  34.3 1190s
 169371 92002  254.54222  120  114  273.47897  225.09868  17.7%  34.3 1196s
 170189 92608  257.79459  108  138  273.47897  225.12362  17.7%  34.3 1200s
 171960 93806  254.07830  101  136  273.47897  225.17478  17.7%  34.2 1206s
 173672 94494  240.36803  100  140  273.47897  225.20926  17.7%  34.1 1212s
 173908 95127  245.87693  102  125  273.47897  225.24240  17.6%  34.1 1216s
 175641 96274  239.80187   84  166  273.47897  225.31373  17.6%  34.1 1222s
 176533 96917  244.42313   84  130  273.47897  225.36555  17.6%  34.0 1225s
 178288 98373  265.41703  193   73  273.47897  225.42758  17.6%  34.0 1239s
 179574 98966  265.94311   72  172  273.47897  225.48517  17.5%  33.9 1242s
 180384 99549  262.98133  184   72  273.47897  225.51242  17.5%  33.9 1245s
 182078 100698  243.80860  113  129  273.47897  225.58797  17.5%  33.9 1251s
 183657 101986  262.68710  112  117  273.47897  225.64908  17.5%  33.8 1258s
 184759 102588  249.07894  117   99  273.47897  225.68008  17.5%  33.8 1261s
 186475 103677  255.35163  109  108  273.47897  225.73100  17.5%  33.7 1267s
 187249 104379  255.09385   88  174  273.47897  225.76454  17.4%  33.7 1271s
 188931 105562  264.67703  144   69  273.47897  225.80573  17.4%  33.6 1277s
 189894 106060  245.74074  108  125  273.47897  225.86912  17.4%  33.6 1280s
 190720 106684  232.23665   91  130  273.47897  225.90580  17.4%  33.6 1287s
 192310 107824  267.91365  147  107  273.47897  225.97350  17.4%  33.6 1293s
 193199 108783  255.19747  137  121  273.47897  226.00679  17.4%  33.5 1303s
 194570 109371     cutoff  163       273.47897  226.05390  17.3%  33.5 1306s
 196173 110587  251.90775   78  116  273.47897  226.10320  17.3%  33.4 1313s
 197191 111136  241.28463   90  153  273.47897  226.13200  17.3%  33.4 1316s
 198943 112290  247.82198  118  172  273.47897  226.16530  17.3%  33.3 1322s
 200453 113530  273.45246  135  114  273.47897  226.21497  17.3%  33.2 1328s
 201360 114167  247.63854   99  137  273.47897  226.23004  17.3%  33.2 1331s
 203221 115281  272.97516  213   40  273.47897  226.24437  17.3%  33.1 1336s
 203971 115886  266.88296  117  108  273.47897  226.29019  17.3%  33.1 1340s
 205544 116904  258.06650  147  107  273.47897  226.36002  17.2%  33.0 1345s
 207111 117985  271.70585  214  106  273.47897  226.41516  17.2%  33.0 1351s
 207879 119015  265.35528  118  137  273.47897  226.43427  17.2%  33.0 1361s
 210028 120221  269.57883  113  110  273.47897  226.49948  17.2%  32.9 1368s
 210955 120712  253.86260  143  166  273.47897  226.53936  17.2%  32.8 1370s
 212435 121614     cutoff  122       273.47897  226.57946  17.1%  32.8 1375s
 213801 122890  251.58505  113  143  273.47897  226.62560  17.1%  32.8 1382s
 214691 123140  260.51446  110  137  273.47897  226.63601  17.1%  32.8 1385s
 216035 123825  262.85476  162  128  273.47897  226.65406  17.1%  32.7 1391s
 216997 125267  271.13607  192  109  273.47897  226.68344  17.1%  32.7 1398s
 218072 126113     cutoff  133       273.47897  226.70347  17.1%  32.6 1402s
 219229 126579  260.54426  147  116  273.47897  226.72981  17.1%  32.6 1406s
 220974 127621  245.43093   89  139  273.47897  226.77682  17.1%  32.5 1412s
 221698 127957  251.66587  114  131  273.47897  226.79787  17.1%  32.4 1415s
 223070 129383  237.35451  118  123  273.47897  226.84706  17.1%  32.4 1428s
 224240 129887  262.55261  113  133  273.47897  226.87852  17.0%  32.4 1431s
 224966 130514  259.50510  132  108  273.47897  226.92412  17.0%  32.4 1435s
 226669 131565  242.12204   54  177  273.47897  226.97972  17.0%  32.4 1441s
 227433 132240  251.77026  134  163  273.47897  226.99385  17.0%  32.3 1445s
 229179 133098  243.81098  103  128  273.47897  227.04460  17.0%  32.3 1451s
 229762 133665  273.12956  198   76  273.47897  227.05441  17.0%  32.3 1455s
 231709 134907  252.08004  133  110  273.47897  227.14838  16.9%  32.2 1462s
 232504 135491  267.65353   51  335  273.47897  227.16942  16.9%  32.2 1466s
 233322 136068     cutoff   81       273.47897  227.18483  16.9%  32.2 1470s
 234923 136717  248.09241  122  131  273.47897  227.21928  16.9%  32.2 1477s
 235090 137235  244.28939  119  132  273.47897  227.22112  16.9%  32.2 1480s
 236740 138510  247.97503   99   99  273.47897  227.28247  16.9%  32.2 1488s
 237713 139312  266.76237  156  103  273.47897  227.29530  16.9%  32.2 1498s
 238890 139853  231.75730  103  162  273.47897  227.31362  16.9%  32.2 1502s
 239708 140426  233.70865   96  156  273.47897  227.34132  16.9%  32.2 1505s
 241298 141445  254.66072  110  117  273.47897  227.38657  16.9%  32.2 1512s
 241973 142102  258.03426   82  190  273.47897  227.42842  16.8%  32.2 1515s
 242863 142803  271.30160  127   84  273.47897  227.44059  16.8%  32.2 1520s
 244816 143921  265.97675  159  118  273.47897  227.48205  16.8%  32.1 1527s
 245589 144544  262.64995  107  105  273.47897  227.50894  16.8%  32.1 1530s
 247243 145689  239.13409   93   81  273.47897  227.55524  16.8%  32.1 1537s
 248090 146313  272.76469  128  153  273.47897  227.57150  16.8%  32.1 1541s
 248984 146978  257.38393  144  145  273.47897  227.60148  16.8%  32.1 1545s
 250766 148264  252.66340  160  118  273.47897  227.63105  16.8%  32.0 1553s
 251692 149009  266.88013  155  105  273.47897  227.66324  16.8%  32.0 1557s
 252732 149921  264.24610  201   48  273.47897  227.68211  16.7%  32.0 1568s
 254129 150405  268.36284  160  145  273.47897  227.72370  16.7%  31.9 1571s
 255491 151307     cutoff   71       273.47897  227.76569  16.7%  31.9 1577s
 256192 151983  237.26460   90  135  273.47897  227.77833  16.7%  31.9 1581s
 257874 152506  267.64644  129  140  273.47897  227.81457  16.7%  31.9 1590s
 258771 153675  244.79437  122  111  273.47897  227.85259  16.7%  31.9 1597s
 259539 154192  263.23275  112  140  273.47897  227.86767  16.7%  31.9 1600s
 261128 155402  240.02765   72  138  273.47897  227.90128  16.7%  31.9 1607s
 262006 155918  269.01445  140   72  273.47897  227.91115  16.7%  31.9 1611s
 263465 157069  238.63954  127   97  273.47897  227.94439  16.7%  31.9 1618s
 264314 157766  233.88727  121  130  273.47897  227.95199  16.6%  31.9 1622s
 265353 158510  257.69021  132  145  273.47897  227.98039  16.6%  31.8 1627s
 266403 159133  260.23861  184   77  273.47897  227.98762  16.6%  31.8 1631s
 267282 160070  266.14259  160  130  273.47897  228.02030  16.6%  31.8 1642s
 268690 160523  233.23633  113  198  273.47897  228.08675  16.6%  31.7 1645s
 270137 161411  229.74198   99  132  273.47897  228.10860  16.6%  31.7 1651s
 270674 161965  273.03929  193   50  273.47897  228.13198  16.6%  31.7 1655s
 272081 162648     cutoff   86       273.47897  228.18488  16.6%  31.7 1661s
 272683 163346  255.19125  105  170  273.47897  228.21063  16.6%  31.7 1665s
 273637 163967  263.83851  124  104  273.47897  228.22017  16.5%  31.7 1670s
 275487 165166  272.99755  179  142  273.47897  228.26211  16.5%  31.6 1677s
 276270 165418  269.74096  128  152  273.47897  228.28696  16.5%  31.6 1680s
 277543 166604  244.15590   82  152  273.47897  228.34335  16.5%  31.6 1687s
 278411 167092  242.34646  113  113  273.47897  228.36014  16.5%  31.6 1691s
 279106 167611  257.31714  130  113  273.47897  228.38405  16.5%  31.6 1695s
 280822 168678  270.44772  134  110  273.47897  228.41644  16.5%  31.6 1702s
 281422 169247  265.15725  121  129  273.47897  228.42376  16.5%  31.6 1706s
 282256 170136  246.74208  119  130  273.47897  228.44154  16.5%  31.6 1717s
 283510 170618  254.03804  118   92  273.47897  228.46825  16.5%  31.6 1720s
 284959 171619  255.82179  109  133  273.47897  228.49202  16.4%  31.5 1727s
 285752 172139  262.75545  137  119  273.47897  228.51469  16.4%  31.5 1731s
 287104 172737  270.40434  139   89  273.47897  228.53124  16.4%  31.5 1735s
 287381 173458  248.32139  110  120  273.47897  228.53130  16.4%  31.5 1743s
 288367 174188  266.98892  159  119  273.47897  228.54541  16.4%  31.5 1748s
 289416 174773  260.50153  110  153  273.47897  228.56118  16.4%  31.4 1752s
 290298 175434  250.54851  100  151  273.47897  228.58546  16.4%  31.4 1757s
 291264 176160  239.23354  126  127  273.47897  228.59899  16.4%  31.4 1761s
 292328 176795  250.41507  141   94  273.47897  228.61432  16.4%  31.4 1766s
 294049 177835  234.30926   62  285  273.47897  228.63192  16.4%  31.3 1773s
 294823 178394  263.39371   86  221  273.47897  228.64418  16.4%  31.3 1777s
 295679 178912  249.54492   95  124  273.47897  228.65854  16.4%  31.3 1781s
 297027 179471  238.60175  129  127  273.47897  228.69749  16.4%  31.3 1785s
 297235 180158  257.30248  142  111  273.47897  228.70143  16.4%  31.3 1795s
 299132 181193  242.92974   99  125  273.47897  228.74481  16.4%  31.3 1802s
 299783 181823  240.94788  105  145  273.47897  228.75973  16.4%  31.3 1807s
 300898 182770  233.69852  112  113  273.47897  228.77403  16.3%  31.3 1814s
 301991 183340     cutoff  170       273.47897  228.79876  16.3%  31.3 1818s
 302848 183949  236.71281  116  142  273.47897  228.81414  16.3%  31.3 1822s
 303751 184610  273.40786  131  155  273.47897  228.83350  16.3%  31.3 1827s
 304809 185182  251.05505  122  102  273.47897  228.85529  16.3%  31.3 1832s
 305759 185780  255.57777  123  110  273.47897  228.87720  16.3%  31.3 1836s
 306660 186423  244.48134   95  142  273.47897  228.89954  16.3%  31.3 1841s
 307608 186930  243.10868  106  125  273.47897  228.92282  16.3%  31.3 1845s
 309152 187943  240.43921  105  126  273.47897  228.95558  16.3%  31.3 1853s
 309973 188457  234.12000  133  169  273.47897  228.98322  16.3%  31.3 1856s
 310734 188504     cutoff  217       273.47897  229.00540  16.3%  31.3 1860s
 311398 189168  237.22199   95  186  273.47897  229.02260  16.3%  31.3 1865s
 311701 189857  240.77574  139  117  273.47897  229.02473  16.3%  31.3 1875s
 313432 191114  262.72185  145   79  273.47897  229.07295  16.2%  31.3 1884s
 314553 191767  233.72563   99  143  273.47897  229.09548  16.2%  31.2 1889s
 315490 192264  249.25492  148  118  273.47897  229.12594  16.2%  31.2 1893s
 316249 192825     cutoff   99       273.47897  229.15048  16.2%  31.2 1897s
 317128 193414  261.82262  130  118  273.47897  229.18397  16.2%  31.2 1902s
 317940 193984  236.96105   60  160  273.47897  229.21010  16.2%  31.2 1906s
 318788 194547  242.05568  131  130  273.47897  229.22480  16.2%  31.2 1910s
 320374 195495  233.09486   64  169  273.47897  229.27642  16.2%  31.2 1918s
 321083 196172  239.19869  119  109  273.47897  229.29299  16.2%  31.2 1923s
 322078 196752  257.87569  122  132  273.47897  229.31019  16.2%  31.2 1928s
 322982 197283  268.83044  139  111  273.47897  229.33607  16.1%  31.2 1933s
 323772 197833  239.56003   91  150  273.47897  229.37152  16.1%  31.2 1937s
 324602 198360  250.44968  110  168  273.47897  229.39636  16.1%  31.2 1941s
 325378 198966  269.68131  190   68  273.47897  229.40789  16.1%  31.2 1945s
 326234 199765  250.79442  107  122  273.47897  229.42916  16.1%  31.2 1956s
 327336 200282  263.06375  118  120  273.47897  229.46275  16.1%  31.2 1960s
 328147 200914  240.76603  119  126  273.47897  229.48236  16.1%  31.2 1965s
 329099 200919  258.85915  122  126  273.47897  229.49359  16.1%  31.2 1971s
 329110 201485  257.12302  123  107  273.47897  229.49943  16.1%  31.2 1975s
 330659 202592  252.64891  102  108  273.47897  229.52620  16.1%  31.2 1984s
 331543 203215     cutoff  127       273.47897  229.53062  16.1%  31.2 1989s
 332417 203826  257.56091  120   98  273.47897  229.54897  16.1%  31.2 1993s
 333311 204308  261.59789  134  103  273.47897  229.56399  16.1%  31.1 1997s
 334037 204957  244.19204  130   98  273.47897  229.57040  16.1%  31.1 2002s
 335004 205423  266.59853  122   90  273.47897  229.59269  16.0%  31.1 2006s
 335715 206015  233.29097  110  143  273.47897  229.60817  16.0%  31.1 2011s
 336559 206546  241.79807   90   75  273.47897  229.62355  16.0%  31.1 2015s
 337323 207080  247.42796  117  117  273.47897  229.63718  16.0%  31.1 2020s
 338760 208085  248.30701  123  114  273.47897  229.67044  16.0%  31.1 2028s
 339605 208652  254.62447  171  110  273.47897  229.67815  16.0%  31.1 2033s
 340428 209315  261.45026  125  129  273.47897  229.70606  16.0%  31.1 2038s
 341341 209866  248.66407  134  117  273.47897  229.71701  16.0%  31.1 2049s
 342278 210571  267.99741  168   90  273.47897  229.72723  16.0%  31.1 2055s
 343328 211147  249.53118   63  140  273.47897  229.74102  16.0%  31.1 2060s
 344979 211676  260.27098  133  119  273.47897  229.77157  16.0%  31.1 2065s
 345969 212718  270.50197  103   96  273.47897  229.79357  16.0%  31.0 2073s
 346612 213290  246.82917  120  141  273.47897  229.80791  16.0%  31.0 2078s
 347514 213826  233.51929   99  175  273.47897  229.82922  16.0%  31.0 2082s
 348301 214311  243.61830  161  135  273.47897  229.84982  16.0%  31.0 2086s
 348988 214899  251.98576  100  200  273.47897  229.86205  15.9%  31.0 2091s
 349836 215490  242.33855  125  137  273.47897  229.87910  15.9%  31.0 2096s
 350707 216127  249.98855  142  121  273.47897  229.89288  15.9%  31.0 2101s
 351635 216720  250.56933  112  135  273.47897  229.92136  15.9%  31.0 2106s
 352503 217320  265.64303  123   92  273.47897  229.93286  15.9%  31.0 2111s
 353427 217877  257.76604  105  131  273.47897  229.93825  15.9%  31.0 2116s
 354240 218525  230.71016   90  181  273.47897  229.95447  15.9%  31.0 2121s
 355147 219155  264.21663  128   95  273.47897  229.97077  15.9%  31.0 2126s
 356038 219927  259.10641  154  146  273.47897  229.99234  15.9%  31.0 2137s
 357138 220636  261.60213   99  110  273.47897  230.00142  15.9%  31.0 2143s
 358248 220644  259.51994  101  119  273.47897  230.00389  15.9%  30.9 2146s
 358264 221158  246.03655  104  119  273.47897  230.00389  15.9%  30.9 2150s
 359766 222146  235.49639  100  137  273.47897  230.03397  15.9%  30.9 2159s
 360569 222672  245.01308  116  101  273.47897  230.04583  15.9%  30.9 2164s
 361386 223154  260.20635  116   88  273.47897  230.06152  15.9%  30.9 2168s
 362120 223758  266.58604  115  117  273.47897  230.08390  15.9%  30.9 2172s
 362971 224313  252.00695  125  112  273.47897  230.09579  15.9%  30.9 2177s
 363776 224889  249.40564  114  122  273.47897  230.10131  15.9%  30.9 2181s
 364521 225570  252.71280  145  119  273.47897  230.10206  15.9%  30.9 2186s
 365441 226208  245.98982  116  126  273.47897  230.10893  15.9%  30.9 2191s
 366361 226733  246.21199   95  117  273.47897  230.12706  15.9%  30.9 2196s
 367199 227350  244.73449  139  111  273.47897  230.14034  15.8%  30.9 2201s
 368095 227950     cutoff  145       273.47897  230.16627  15.8%  30.9 2206s
 368957 228545  269.52074  174  108  273.47897  230.18594  15.8%  30.9 2210s
 370518 229624     cutoff  126       273.47897  230.21847  15.8%  30.9 2225s
 371456 230185  258.48679  144  118  273.47897  230.23836  15.8%  30.9 2230s
 372334 230768  262.68457  152   86  273.47897  230.25029  15.8%  30.9 2235s
 373156 231385  262.45125  147  138  273.47897  230.25949  15.8%  30.9 2240s
 374043 231988  241.58946  101  134  273.47897  230.28053  15.8%  30.9 2245s
 374909 232589  260.54002   85  146  273.47897  230.29337  15.8%  30.9 2250s
 375821 233107  271.54953   76  194  273.47897  230.29893  15.8%  30.9 2255s
 376622 233774  266.29506  130  134  273.47897  230.32296  15.8%  30.9 2260s
 377562 234402  253.29141  116  129  273.47897  230.34586  15.8%  30.9 2265s
 378474 234948  263.88328  115  142  273.47897  230.35414  15.8%  30.9 2270s
 379300 235486  270.29235  141  105  273.47897  230.37187  15.8%  30.9 2275s
 380129 235487  254.42197  136   93  273.47897  230.38446  15.8%  30.9 2283s
 380145 236043  254.42197  137   93  273.47897  230.39758  15.8%  30.9 2287s
 380948 236547     cutoff  204       273.47897  230.40548  15.8%  30.9 2292s
 381673 237131  244.16008  107  135  273.47897  230.41802  15.7%  30.9 2296s
 382490 237744  241.54391   94  157  273.47897  230.44059  15.7%  30.9 2302s
 383402 238255     cutoff  130       273.47897  230.46768  15.7%  30.9 2306s
 384181 239038  251.48189  128  177  273.47897  230.48907  15.7%  30.9 2313s
 385295 239869  240.92315  126  145  273.47897  230.49911  15.7%  30.9 2324s
 386447 240372  273.43644  158   67  273.47897  230.50571  15.7%  30.9 2329s
 387213 240964  249.78625   98  105  273.47897  230.51225  15.7%  30.9 2334s
 388035 241480  271.55637  176   56  273.47897  230.52172  15.7%  30.9 2338s
 388827 242093  242.10730   95  161  273.47897  230.53873  15.7%  30.9 2343s
 389714 242650  241.90649  129  136  273.47897  230.54094  15.7%  30.9 2349s
 390557 243265     cutoff  103       273.47897  230.55765  15.7%  30.9 2354s
 391437 243883  260.80000  122  113  273.47897  230.57466  15.7%  30.8 2359s
 392359 244430  267.31359  188   91  273.47897  230.59023  15.7%  30.8 2364s
 393164 245002  254.77833  130  103  273.47897  230.60383  15.7%  30.8 2369s
 394012 245720  261.35226  100  134  273.47897  230.62266  15.7%  30.8 2375s
 395017 246345     cutoff  157       273.47897  230.62915  15.7%  30.8 2380s
 396635 247413  260.16817  174  113  273.47897  230.65465  15.7%  30.8 2389s
 397388 247982  270.63281  154   93  273.47897  230.65966  15.7%  30.8 2394s
 398236 248674     cutoff   77       273.47897  230.67198  15.7%  30.8 2400s
 399193 249229  256.92851   93  105  273.47897  230.68599  15.6%  30.8 2405s
 400046 249952  251.21649  119  127  273.47897  230.70339  15.6%  30.8 2416s
 401110 250607  257.11585  123  164  273.47897  230.71242  15.6%  30.8 2422s
 402021 251229  247.77528  110  110  273.47897  230.72484  15.6%  30.8 2427s
 402868 251753     cutoff  150       273.47897  230.73103  15.6%  30.8 2432s
 403641 252362  248.30380  130  220  273.47897  230.74315  15.6%  30.8 2437s
 404489 252984  271.07718  181   68  273.47897  230.75213  15.6%  30.8 2442s
 405418 253481  272.52851  177   60  273.47897  230.75691  15.6%  30.7 2447s
 406202 254046     cutoff  166       273.47897  230.77251  15.6%  30.8 2452s
 406996 254753  250.58405  103   91  273.47897  230.78330  15.6%  30.7 2458s
 408019 255313  252.10806  142  111  273.47897  230.79392  15.6%  30.7 2463s
 408847 255897  240.35483  107  121  273.47897  230.80342  15.6%  30.7 2468s
 409643 256423  266.87259  126  121  273.47897  230.81087  15.6%  30.7 2473s
 410413 257012     cutoff  147       273.47897  230.81868  15.6%  30.7 2478s
 411258 257624  259.68948  124  119  273.47897  230.83288  15.6%  30.7 2484s
 412139 258187  243.45328  115  103  273.47897  230.84387  15.6%  30.7 2489s
 412983 258732     cutoff  161       273.47897  230.85566  15.6%  30.7 2494s
 413799 259255     cutoff  106       273.47897  230.86517  15.6%  30.7 2499s
 414568 259874  239.78807   99  126  273.47897  230.87705  15.6%  30.7 2509s
 414828 259874  259.78404  128   95  273.47897  230.88039  15.6%  30.7 2510s
 415458 260546  265.60326  153   76  273.47897  230.90003  15.6%  30.7 2515s
 416383 261208  272.84750  177  136  273.47897  230.91370  15.6%  30.7 2521s
 417338 261878  272.90211  153  103  273.47897  230.93489  15.6%  30.7 2527s
 418303 262454  259.01214  110  107  273.47897  230.94662  15.6%  30.7 2533s
 419159 263172  264.07326  165  101  273.47897  230.96478  15.5%  30.7 2538s
 420116 264020  262.67405  184   61  273.47897  230.96545  15.5%  30.7 2545s
 421224 264702  269.89742  155  135  273.47897  230.96896  15.5%  30.7 2550s
 422170 265180  253.40207   99  132  273.47897  230.98982  15.5%  30.6 2555s
 423169 265925  269.43698  138   76  273.47897  230.99985  15.5%  30.6 2564s
 423375 265925  270.07693  114  118  273.47897  231.00125  15.5%  30.6 2565s
 424668 266884  249.07544   99  107  273.47897  231.02453  15.5%  30.6 2574s
 425485 267374     cutoff  125       273.47897  231.03999  15.5%  30.6 2579s
 426265 268059  251.21736  118  126  273.47897  231.05804  15.5%  30.6 2585s
 427242 268640  237.63364  109  143  273.47897  231.07149  15.5%  30.6 2590s
 428055 269277     cutoff  109       273.47897  231.08194  15.5%  30.6 2595s
 428961 269811  243.98787  122  123  273.47897  231.09685  15.5%  30.6 2601s
 429771 270506  260.42303  101  158  273.47897  231.11305  15.5%  30.6 2612s
 430740 271276  261.73021  116  109  273.47897  231.12960  15.5%  30.6 2619s
 431851 271971  273.01664  167   70  273.47897  231.13474  15.5%  30.6 2625s
 432824 272533  247.19708   94  138  273.47897  231.14154  15.5%  30.6 2630s
 433608 272972  246.16244  120  115  273.47897  231.15245  15.5%  30.6 2635s
 434979 274052     cutoff  166       273.47897  231.17014  15.5%  30.6 2645s
 435842 274686  240.36737   99  125  273.47897  231.19159  15.5%  30.6 2651s
 436766 275321  273.33445   83  123  273.47897  231.19838  15.5%  30.6 2656s
 437707 275778  262.18799   91  212  273.47897  231.21108  15.5%  30.6 2661s
 438393 276309  254.98730   96  160  273.47897  231.22061  15.5%  30.6 2666s
 439241 276844  237.21580  108  132  273.47897  231.22359  15.5%  30.6 2671s
 440040 277369  260.98347  115  116  273.47897  231.22964  15.4%  30.6 2677s
 440832 277480  251.23415  114  114  273.47897  231.24208  15.4%  30.6 2683s
 440991 277964  251.23415  115  113  273.47897  231.24208  15.4%  30.6 2687s
 441705 278556     cutoff  202       273.47897  231.25317  15.4%  30.6 2693s
 442571 279225  272.75589   91   99  273.47897  231.26721  15.4%  30.6 2699s
 443551 279726  263.82424   86  123  273.47897  231.27989  15.4%  30.6 2704s
 444333 280408  246.39953  132  115  273.47897  231.29218  15.4%  30.6 2716s
 445304 281072  262.26347  151   89  273.47897  231.29878  15.4%  30.6 2723s
 446362 281655  249.52784  138  152  273.47897  231.32001  15.4%  30.6 2729s
 447240 282117  249.49204  126  127  273.47897  231.32842  15.4%  30.6 2733s
 447955 282674  255.35661   88  132  273.47897  231.34107  15.4%  30.6 2739s
 448748 283259  253.19270  118  115  273.47897  231.34961  15.4%  30.6 2744s
 449599 283831  251.84403  106  127  273.47897  231.36411  15.4%  30.6 2750s
 450426 284283  273.00248  109  110  273.47897  231.37809  15.4%  30.6 2755s
 451150 284969  253.74249  107  107  273.47897  231.38598  15.4%  30.6 2761s
 452173 285481  250.08896  109  137  273.47897  231.39181  15.4%  30.6 2767s
 453001 286014  242.65990  127  179  273.47897  231.40635  15.4%  30.6 2772s
 453805 286520  268.48697  138   86  273.47897  231.41740  15.4%  30.6 2778s
 454570 287110  249.08752   76  115  273.47897  231.43275  15.4%  30.6 2784s
 455437 287748  235.25955   93  149  273.47897  231.45528  15.4%  30.6 2790s
 456343 288338  269.11224  164   70  273.47897  231.46751  15.4%  30.5 2795s
 457197 288829     cutoff  123       273.47897  231.47784  15.4%  30.5 2801s
 457968 289539  252.87004  119  161  273.47897  231.49308  15.4%  30.5 2807s
 458932 290302  237.02666  102  106  273.47897  231.50899  15.3%  30.5 2820s
 460073 290890  245.77584   98  118  273.47897  231.52578  15.3%  30.5 2825s
 460878 291434  267.21725  153   61  273.47897  231.53412  15.3%  30.5 2831s
 461772 291935  271.92690   95  134  273.47897  231.54427  15.3%  30.5 2836s
 462561 292635  239.93848  109  137  273.47897  231.55011  15.3%  30.5 2843s
 463507 293256  266.67659  116  126  273.47897  231.55979  15.3%  30.5 2849s
 464441 293682  236.61632   92  125  273.47897  231.57355  15.3%  30.5 2853s
 465100 293755  238.69473  142  150  273.47897  231.58077  15.3%  30.5 2859s
 465211 294245  238.74224  143  129  273.47897  231.58387  15.3%  30.5 2864s
 465928 294748  245.94285  156  146  273.47897  231.59052  15.3%  30.5 2869s
 466707 295259  261.43993  124  107  273.47897  231.60562  15.3%  30.5 2875s
 467496 295904  260.19227  158   96  273.47897  231.61684  15.3%  30.5 2881s
 468445 296540  243.55161  101  136  273.47897  231.62453  15.3%  30.5 2887s
 469407 297201  268.87149  185   86  273.47897  231.62718  15.3%  30.5 2894s
 470384 297795     cutoff  106       273.47897  231.64017  15.3%  30.5 2900s
 471437 298506  251.49213  121  137  273.47897  231.64707  15.3%  30.5 2908s
 472262 299121  258.30692  128  152  273.47897  231.66284  15.3%  30.5 2914s
 473154 299777  241.75890  104  160  273.47897  231.67028  15.3%  30.5 2921s
 474114 300479  269.82120  144  108  273.47897  231.67773  15.3%  30.5 2934s
 475225 301064  238.91324  102  125  273.47897  231.69173  15.3%  30.5 2940s
 476118 301636  242.31878   99  140  273.47897  231.71269  15.3%  30.5 2946s
 476975 302201  257.99441  130  124  273.47897  231.72163  15.3%  30.5 2951s
 477754 302772  268.27635  182   72  273.47897  231.73762  15.3%  30.5 2957s
 478575 303219  260.82326  122  141  273.47897  231.74351  15.3%  30.5 2962s
 479251 303720  258.69667  130  186  273.47897  231.75771  15.3%  30.5 2967s
 479952 304306  265.32859  138  121  273.47897  231.76497  15.3%  30.5 2973s
 480824 304929  273.04160  165  104  273.47897  231.77070  15.3%  30.5 2979s
 481734 305469  265.97913  141  112  273.47897  231.78338  15.2%  30.5 2985s
 482552 306083  252.96211  119  120  273.47897  231.79745  15.2%  30.5 2992s
 483501 306792  234.73495   99  154  273.47897  231.80411  15.2%  30.5 2998s
 484472 307645  270.19955  215   46  273.47897  231.81221  15.2%  30.4 3007s
 485750 308170  256.02907  137  108  273.47897  231.81990  15.2%  30.4 3012s
 486512 308801  267.58740  133   92  273.47897  231.82726  15.2%  30.4 3019s
 487424 308857  239.34411  117  112  273.47897  231.83341  15.2%  30.4 3024s
 487490 309534  240.83312  118  113  273.47897  231.83341  15.2%  30.4 3031s
 488480 310123  240.08247  117  142  273.47897  231.83717  15.2%  30.4 3037s
 489384 310868  263.11689  133  107  273.47897  231.84327  15.2%  30.4 3050s
 490440 311442  256.43874   86  157  273.47897  231.84968  15.2%  30.4 3057s
 491265 311946  256.44536  125  107  273.47897  231.85543  15.2%  30.4 3063s
 492044 312529  267.83423  128  100  273.47897  231.86389  15.2%  30.4 3069s
 492932 313083  249.04249  101  131  273.47897  231.87791  15.2%  30.4 3075s
 493740 313691  257.69066   77   86  273.47897  231.88835  15.2%  30.4 3082s
 494641 314310  256.48609  136  127  273.47897  231.89729  15.2%  30.4 3088s
 495553 314847  235.37839  115  114  273.47897  231.89914  15.2%  30.4 3095s
 496377 315469  253.53152  133  103  273.47897  231.91252  15.2%  30.4 3101s
 497271 316017  272.56359  148   67  273.47897  231.92507  15.2%  30.4 3107s
 498065 316565  252.78582  102  142  273.47897  231.94269  15.2%  30.4 3114s
 498936 317090  255.00115  125  144  273.47897  231.95677  15.2%  30.4 3120s
 499715 317654  270.76206  155  167  273.47897  231.96495  15.2%  30.4 3126s
 500603 318275  267.82243  133  127  273.47897  231.98330  15.2%  30.4 3133s
 501553 318891  254.14172  102  140  273.47897  231.99792  15.2%  30.4 3140s
 502393 319468  270.00139  128  124  273.47897  232.00284  15.2%  30.4 3146s
 503244 319847  261.90632  146  148  273.47897  232.01024  15.2%  30.4 3151s
 503879 320488  252.74640   98  122  273.47897  232.01557  15.2%  30.4 3164s
 504862 321120  242.03332  111  161  273.47897  232.02464  15.2%  30.4 3171s
 505763 321754  247.69610  118  114  273.47897  232.04028  15.2%  30.4 3178s
 506680 322345  272.37285  185   53  273.47897  232.04422  15.2%  30.4 3184s
 507571 322943     cutoff  141       273.47897  232.05274  15.1%  30.4 3191s
 508470 323531  264.17391  128  127  273.47897  232.07155  15.1%  30.4 3197s
 509296 324066  270.49737  175  100  273.47897  232.08172  15.1%  30.4 3204s
 510108 324692  252.74977   95  137  273.47897  232.09555  15.1%  30.4 3210s
 511020 325250  239.46221  149  152  273.47897  232.10157  15.1%  30.4 3216s
 511811 325865  258.96306  184   83  273.47897  232.11240  15.1%  30.4 3223s
 512656 326480  265.40078  152  134  273.47897  232.12139  15.1%  30.4 3230s
 513584 327102  248.64780  121  122  273.47897  232.13492  15.1%  30.4 3236s
 514414 327770  266.20855  131  132  273.47897  232.13840  15.1%  30.4 3244s
 515503 328305  254.52457  125  145  273.47897  232.14690  15.1%  30.3 3250s
 516343 328719  268.46221  125  133  273.47897  232.15737  15.1%  30.3 3256s
 517015 329365  263.21649  122  154  273.47897  232.16810  15.1%  30.4 3262s
 517941 330099  260.05021  131   97  273.47897  232.17556  15.1%  30.3 3270s
 518942 330104  262.59611  159  156  273.47897  232.17885  15.1%  30.3 3296s
 518951 335498  262.74541  160  155  273.47897  232.17885  15.1%  30.3 3357s
 526959 336023  243.16828  105  113  273.47897  232.25073  15.1%  30.3 3365s
 527733 336651  251.64739  155  122  273.47897  232.27300  15.1%  30.3 3371s
 528692 337178     cutoff  168       273.47897  232.28224  15.1%  30.3 3377s
 529449 337712  262.48239  129  107  273.47897  232.28942  15.1%  30.3 3382s
 530264 338215  243.63021  122  125  273.47897  232.29286  15.1%  30.3 3388s
 531059 338760  271.87955  138  104  273.47897  232.30059  15.1%  30.3 3393s
 531835 339277  259.42127  103  100  273.47897  232.30648  15.1%  30.3 3399s
 532621 339926     cutoff  150       273.47897  232.32471  15.0%  30.3 3405s
 533605 340625  249.41417   98  116  273.47897  232.32966  15.0%  30.3 3418s
 534625 341195  271.35338  178   95  273.47897  232.34105  15.0%  30.3 3424s
 535467 341776  250.34986  134  167  273.47897  232.34448  15.0%  30.3 3430s
 536305 342336  243.20128   75  149  273.47897  232.35380  15.0%  30.3 3436s
 537153 342980  265.50785  112  110  273.47897  232.36884  15.0%  30.3 3443s
 538127 343585  264.92505  120   93  273.47897  232.37784  15.0%  30.3 3450s
 539065 344244  246.11194   94  154  273.47897  232.38209  15.0%  30.3 3456s
 540027 344879  241.84783   97  141  273.47897  232.38887  15.0%  30.3 3463s
 540892 345435  262.77695  119   88  273.47897  232.39326  15.0%  30.3 3468s
 541721 346042     cutoff  130       273.47897  232.40734  15.0%  30.3 3475s
 542619 346658  266.85397  162   77  273.47897  232.41321  15.0%  30.3 3482s
 543583 347186  261.37285   87  118  273.47897  232.42198  15.0%  30.3 3488s
 544401 347753  255.55223  129   92  273.47897  232.42797  15.0%  30.3 3494s
 545257 348381  256.49866   83  142  273.47897  232.44040  15.0%  30.3 3500s
 546125 348965  257.75642  135  101  273.47897  232.44473  15.0%  30.3 3507s
 547007 349529  271.88720  127   97  273.47897  232.45093  15.0%  30.2 3513s
 547851 350153  242.67582  101  218  273.47897  232.46894  15.0%  30.2 3519s
 548730 350702  247.73163  114  121  273.47897  232.47783  15.0%  30.2 3531s
 549538 351451  258.38876   70  167  273.47897  232.48427  15.0%  30.2 3538s
 550553 352081  260.51961  103  123  273.47897  232.49259  15.0%  30.2 3546s
 551572 352682  251.51204  139  147  273.47897  232.50299  15.0%  30.2 3553s
 552469 353282  250.82260   91  151  273.47897  232.51539  15.0%  30.2 3559s
 553329 353859     cutoff  141       273.47897  232.52218  15.0%  30.3 3566s
 554235 354585  257.49280  126  199  273.47897  232.53111  15.0%  30.3 3574s
 555337 355276  267.63802  183   71  273.47897  232.53260  15.0%  30.2 3581s
 556269 355836     cutoff  152       273.47897  232.54773  15.0%  30.2 3588s
 557112 356496  245.40509  111  135  273.47897  232.55368  15.0%  30.2 3595s
 558059 357229  249.46720  113  114  273.47897  232.56056  15.0%  30.2 3603s
 559090 357827     cutoff  141       273.47897  232.57244  15.0%  30.2 3609s
 559959 358365  273.16502  179  128  273.47897  232.58266  15.0%  30.2 3616s
 560800 358970  253.50738   94  144  273.47897  232.58720  15.0%  30.2 3623s
 561724 359786  256.56999  109  110  273.47897  232.59166  15.0%  30.2 3631s
 562888 360392  252.54850  133  145  273.47897  232.59500  14.9%  30.2 3638s
 563767 361132  268.48459  116   96  273.47897  232.59925  14.9%  30.2 3652s
 564871 361631  249.76092  103  123  273.47897  232.61046  14.9%  30.2 3658s
 565680 362134  267.01654  131  126  273.47897  232.61807  14.9%  30.2 3664s
 566412 362742  250.84652  100  119  273.47897  232.62876  14.9%  30.2 3671s
 567337 363355  262.11808  109  105  273.47897  232.63631  14.9%  30.2 3678s
 568292 363856  258.47129  100  139  273.47897  232.63860  14.9%  30.2 3684s
 569090 364471  256.95429   93  108  273.47897  232.64394  14.9%  30.2 3691s
 570004 365095  247.13070  106  142  273.47897  232.65397  14.9%  30.2 3698s
 570866 365757  248.91713  102  163  273.47897  232.67011  14.9%  30.2 3705s
 571797 366344  261.96345   99  148  273.47897  232.67959  14.9%  30.2 3712s
 572637 366862     cutoff   96       273.47897  232.68178  14.9%  30.2 3718s
 573407 367463     cutoff  181       273.47897  232.68360  14.9%  30.2 3724s
 573576 367463  260.57227  112  120  273.47897  232.68906  14.9%  30.2 3725s
 574263 367493     cutoff  145       273.47897  232.69503  14.9%  30.2 3739s
 574314 368087  240.48805  121  121  273.47897  232.69681  14.9%  30.2 3746s
 575165 368649  263.77562  152  101  273.47897  232.70253  14.9%  30.2 3753s
 576009 369392  255.91659  151  139  273.47897  232.70570  14.9%  30.2 3761s
 577053 369989  261.75471  146   90  273.47897  232.71539  14.9%  30.2 3768s
 577888 370595  263.77299  146  128  273.47897  232.72041  14.9%  30.2 3774s
 578761 371386  250.74783  142  128  273.47897  232.72447  14.9%  30.2 3788s
 579868 372004  269.87100   87  168  273.47897  232.72997  14.9%  30.2 3795s
 580760 372535  260.62893  125  104  273.47897  232.73562  14.9%  30.2 3802s
 581520 373077  239.53551  104  181  273.47897  232.74084  14.9%  30.2 3808s
 582301 373692  245.57152  122  150  273.47897  232.74462  14.9%  30.2 3815s
 583221 374301  251.46295  119  167  273.47897  232.75196  14.9%  30.2 3823s
 584175 374969  261.65955  109  132  273.47897  232.75828  14.9%  30.2 3830s
 585164 375474  269.87987  152   85  273.47897  232.76402  14.9%  30.2 3837s
 585933 376000  273.23647  196   33  273.47897  232.76918  14.9%  30.2 3843s
 586728 376606  239.85756  125  124  273.47897  232.77637  14.9%  30.2 3850s
 587588 377249  265.63623  112  113  273.47897  232.78061  14.9%  30.2 3858s
 588532 377788  269.60766  137   97  273.47897  232.78305  14.9%  30.2 3864s
 589313 378311     cutoff  151       273.47897  232.78931  14.9%  30.2 3871s
 590083 378828     cutoff  125       273.47897  232.79965  14.9%  30.2 3877s
 590868 379444  265.56462  132  118  273.47897  232.81169  14.9%  30.2 3884s
 591762 379881  272.03056  149  116  273.47897  232.82273  14.9%  30.2 3890s
 592496 380462  246.10048   98  131  273.47897  232.83063  14.9%  30.2 3897s
 593346 381161  261.46581  141   81  273.47897  232.84321  14.9%  30.2 3911s
 594419 381717  248.35829  148  112  273.47897  232.86049  14.9%  30.2 3918s
 595260 382334  246.71188  149  122  273.47897  232.87129  14.8%  30.2 3925s
 596133 382898  256.16454  118  131  273.47897  232.87816  14.8%  30.2 3933s
 597013 383304  254.68512  114  112  273.47897  232.88867  14.8%  30.2 3938s
 597614 383780  256.74302  132  163  273.47897  232.89200  14.8%  30.2 3945s
 598386 384218  268.87234  147  132  273.47897  232.89848  14.8%  30.2 3951s
 599074 384780  248.16999  120  113  273.47897  232.90571  14.8%  30.2 3958s
 599935 385205  245.59997  116  131  273.47897  232.91733  14.8%  30.2 3965s
 600619 385779  251.08970  110  102  273.47897  232.92705  14.8%  30.2 3972s
 601443 386426  249.78860  139  114  273.47897  232.93461  14.8%  30.2 3980s
 602370 387299  254.48310  130  114  273.47897  232.93981  14.8%  30.2 3990s
 603627 387967  239.92421  112  110  273.47897  232.94516  14.8%  30.2 3999s
 604591 388715  259.92272  129  132  273.47897  232.94950  14.8%  30.2 4008s
 605616 389456  265.41405  175   90  273.47897  232.95024  14.8%  30.2 4017s
 606795 390164  273.45907  182   33  273.47897  232.95237  14.8%  30.1 4026s
 607864 391014  253.46453  118  130  273.47897  232.95737  14.8%  30.1 4042s
 609079 391023     cutoff  166       273.47897  232.95858  14.8%  30.1 4047s
 609096 391788     cutoff  166       273.47897  232.95968  14.8%  30.1 4056s
 610228 392432  255.61714  167   99  273.47897  232.96172  14.8%  30.1 4064s
 611150 393036  245.35442  107  118  273.47897  232.97081  14.8%  30.1 4072s
 612022 393513  241.60660   89  150  273.47897  232.97476  14.8%  30.1 4079s
 612778 393885  248.58798  100  130  273.47897  232.97899  14.8%  30.1 4084s
 613367 394392  243.56187  117  121  273.47897  232.98678  14.8%  30.1 4090s
 614048 394747  261.20120  128  129  273.47897  232.98685  14.8%  30.1 4095s
 614595 395170  270.50623  144  157  273.47897  232.99741  14.8%  30.1 4101s
 615249 395741  246.69622  102  181  273.47897  233.00026  14.8%  30.1 4108s
 616066 396366  266.46501  137  103  273.47897  233.00789  14.8%  30.1 4117s
 616974 396872     cutoff  138       273.47897  233.01370  14.8%  30.1 4124s
 617725 397325  261.70245  146  129  273.47897  233.02231  14.8%  30.1 4130s
 618443 397892  237.22418  100  132  273.47897  233.03005  14.8%  30.1 4138s
 619303 398500  259.71317  116  114  273.47897  233.03595  14.8%  30.1 4146s
 620198 399059  248.09521  137  144  273.47897  233.04420  14.8%  30.1 4154s
 621020 399662  249.67933  121  127  273.47897  233.05146  14.8%  30.1 4162s
 621912 400147  234.34216  115  148  273.47897  233.05481  14.8%  30.1 4169s
 622625 400673  260.08347  106  133  273.47897  233.06650  14.8%  30.1 4182s
 623424 401240  264.19276  152  101  273.47897  233.07459  14.8%  30.1 4190s
 624280 402008  241.59016  127  123  273.47897  233.08671  14.8%  30.1 4201s
 625447 402761  262.34290  155  104  273.47897  233.09679  14.8%  30.1 4211s
 626588 403465  243.64126  110   99  273.47897  233.10905  14.8%  30.1 4220s
 627532 404214  240.93425  107  124  273.47897  233.11259  14.8%  30.1 4230s
 628649 404653  262.49929  117  120  273.47897  233.12185  14.8%  30.1 4237s
 629378 405180  261.15209  112  175  273.47897  233.12927  14.8%  30.1 4244s
 630124 405800  262.99418  150  168  273.47897  233.13692  14.8%  30.1 4253s
 631114 406338     cutoff  143       273.47897  233.14542  14.7%  30.1 4261s
 631936 406793  261.75761  114  117  273.47897  233.15354  14.7%  30.1 4267s
 632594 407425  268.43821  147  100  273.47897  233.15892  14.7%  30.1 4276s
 633516 407972  268.53370  155   85  273.47897  233.16319  14.7%  30.1 4284s
 634406 408497  267.46491  128   92  273.47897  233.17215  14.7%  30.1 4292s
 635210 409049     cutoff   97       273.47897  233.18123  14.7%  30.1 4299s
 635616 409049     cutoff  131       273.47897  233.18541  14.7%  30.1 4300s
 636028 409513  250.53938  146  133  273.47897  233.18574  14.7%  30.1 4306s
 636730 409564  261.20886  160   76  273.47897  233.18574  14.7%  30.1 4321s
 636807 410014  261.51461  161   92  273.47897  233.18593  14.7%  30.1 4328s
 637484 410847  253.26401  136  114  273.47897  233.19589  14.7%  30.1 4345s
 638764 411395  269.08674  140   85  273.47897  233.20481  14.7%  30.1 4352s
 639552 411875  243.01681   90  193  273.47897  233.21194  14.7%  30.1 4359s
 640250 412428     cutoff  131       273.47897  233.21348  14.7%  30.1 4366s
 641067 412992  267.72530  168   79  273.47897  233.21689  14.7%  30.1 4374s
 641204 412992  265.96950  111  130  273.47897  233.21994  14.7%  30.1 4375s
 641908 413728  248.51540   99  124  273.47897  233.22845  14.7%  30.1 4384s
 642949 414353     cutoff  130       273.47897  233.23298  14.7%  30.1 4393s
 643860 414976  247.80613  129  127  273.47897  233.23969  14.7%  30.1 4401s
 644730 415578  270.96310  164   70  273.47897  233.24338  14.7%  30.1 4409s
 645618 416030  236.19472  109  127  273.47897  233.24874  14.7%  30.1 4415s
 646310 416621  262.13449  128  111  273.47897  233.25509  14.7%  30.1 4424s
 647149 417158  269.44020  192   55  273.47897  233.25808  14.7%  30.1 4431s
 647932 417688  252.71403  131   97  273.47897  233.26427  14.7%  30.1 4439s
 648708 418183  257.20032   96  114  273.47897  233.27399  14.7%  30.1 4446s
 649436 418865  264.82717  130  110  273.47897  233.28037  14.7%  30.1 4455s
 650426 419382  273.02513  111  101  273.47897  233.28537  14.7%  30.1 4463s
 651246 419922     cutoff  101       273.47897  233.29110  14.7%  30.1 4471s
 652096 420584  239.11911  109  119  273.47897  233.29387  14.7%  30.1 4486s
 653085 421133  252.30501  124  104  273.47897  233.30133  14.7%  30.1 4494s
 653890 421670  269.02325  208   89  273.47897  233.30716  14.7%  30.1 4502s
 654682 421799  245.51967   96  120  273.47897  233.31407  14.7%  30.1 4505s
 654876 422511  265.25539  113  120  273.47897  233.31543  14.7%  30.1 4516s
 655983 423264  266.19196  109  117  273.47897  233.33250  14.7%  30.1 4527s
 657082 424006  240.94664  113  162  273.47897  233.33823  14.7%  30.1 4537s
 658146 424528  256.40360  146   87  273.47897  233.34482  14.7%  30.0 4545s
 658934 425175  245.26195  108  134  273.47897  233.35046  14.7%  30.1 4555s
 659974 425694  273.04400  125  111  273.47897  233.35475  14.7%  30.1 4563s
 660724 426337  240.36173  115  159  273.47897  233.36227  14.7%  30.1 4572s
 661640 426890  263.15929  153  104  273.47897  233.36551  14.7%  30.1 4581s
 662476 427482  270.38921   95   96  273.47897  233.36839  14.7%  30.1 4590s
 663460 428154  244.56606  124  136  273.47897  233.37747  14.7%  30.1 4601s
 664544 428803     cutoff  165       273.47897  233.38495  14.7%  30.1 4611s
 665576 429468  236.90974  139  123  273.47897  233.39153  14.7%  30.0 4620s
 666512 430131  270.49970  141  117  273.47897  233.39623  14.7%  30.0 4630s
 667520 430676  242.65900  114  117  273.47897  233.40685  14.7%  30.0 4645s
 668358 431558  263.71647  107  127  273.47897  233.41231  14.7%  30.0 4656s
 669497 432162  262.48276  165  132  273.47897  233.41954  14.6%  30.0 4666s
 670456 432690  248.40585  115  119  273.47897  233.42946  14.6%  30.0 4674s
 671270 433266  267.05393  140  113  273.47897  233.43785  14.6%  30.0 4684s
 672248 433897  256.72549  123  153  273.47897  233.43969  14.6%  30.0 4693s
 673190 434597  247.85195  110  124  273.47897  233.44602  14.6%  30.0 4703s
 674220 435116  238.67551   98  135  273.47897  233.45125  14.6%  30.0 4711s
 674986 435585  269.35367  179   47  273.47897  233.45459  14.6%  30.0 4719s
 675757 436230  265.30314  139  104  273.47897  233.46174  14.6%  30.0 4729s
 676699 436334  270.43993  186   43  273.47897  233.46626  14.6%  30.0 4735s
 676869 437004  270.44056  187   47  273.47897  233.46979  14.6%  30.0 4744s
 677857 437800  261.18546  151  142  273.47897  233.47802  14.6%  30.0 4755s
 679058 438584     cutoff  163       273.47897  233.47991  14.6%  30.0 4766s
 680205 439257  252.57991  135  133  273.47897  233.48883  14.6%  30.0 4776s
 681240 439699  256.10980  144  111  273.47897  233.49656  14.6%  30.0 4784s
 681996 440268  238.90143   81  164  273.47897  233.50354  14.6%  30.0 4798s
 682885 440948  259.23373   92  105  273.47897  233.51111  14.6%  30.0 4809s
 683924 441547  239.79695  136  133  273.47897  233.51923  14.6%  30.0 4818s
 684802 442138  239.21416  133  134  273.47897  233.52708  14.6%  30.0 4827s
 685733 442777  238.81921  114  170  273.47897  233.53218  14.6%  30.0 4836s
 686628 443421     cutoff  127       273.47897  233.53689  14.6%  30.0 4845s
 687539 444164     cutoff  139       273.47897  233.54631  14.6%  30.0 4856s
 688614 444794  255.73913  105  124  273.47897  233.55296  14.6%  30.0 4865s
 689568 445280  265.91404  136   97  273.47897  233.55848  14.6%  30.0 4873s
 690356 445923  267.98411  104  122  273.47897  233.56531  14.6%  30.0 4883s
 691277 446550  272.27777  142   80  273.47897  233.56828  14.6%  30.0 4892s
 692193 447111  247.36299  133  115  273.47897  233.57201  14.6%  30.0 4900s
 693040 447677  249.30238  125  125  273.47897  233.57907  14.6%  30.0 4909s
 693893 448280  240.27838  119  175  273.47897  233.58481  14.6%  30.0 4918s
 694780 448903  251.66081  104  130  273.47897  233.59401  14.6%  30.0 4927s
 695695 449350  262.52132  145  102  273.47897  233.59857  14.6%  30.0 4935s
 696418 449917     cutoff   98       273.47897  233.60432  14.6%  30.0 4949s
 697237 450527  263.23366  110  145  273.47897  233.61582  14.6%  30.0 4958s
 698204 451122     cutoff  136       273.47897  233.61872  14.6%  30.0 4968s
 699143 451780  250.82521  110  133  273.47897  233.62766  14.6%  30.0 4977s
 700049 452498  250.90975  123  140  273.47897  233.63156  14.6%  30.0 4988s
 701122 453022  265.05404  197   52  273.47897  233.63955  14.6%  30.0 4996s
 701967 453582  264.33066  134  160  273.47897  233.64755  14.6%  30.0 5005s
 702821 453629  267.62361  106  144  273.47897  233.65712  14.6%  30.0 5016s
 702903 454355  267.62361  107  144  273.47897  233.65733  14.6%  30.0 5026s
 703936 455217  265.77380  132  139  273.47897  233.66321  14.6%  30.0 5039s
 705218 456003  259.90972  127   87  273.47897  233.67151  14.6%  30.0 5051s
 706372 456687     cutoff  147       273.47897  233.67709  14.6%  30.0 5061s
 707329 457289  256.24948  129  123  273.47897  233.68353  14.6%  30.0 5070s
 708185 457992  236.52801  105  159  273.47897  233.68733  14.6%  30.0 5080s
 709155 458678  265.06604  118   76  273.47897  233.68989  14.5%  30.0 5090s
 710223 459229  266.27528  132  119  273.47897  233.69567  14.5%  30.0 5099s
 711075 459952  241.39954  103  104  273.47897  233.69912  14.5%  30.0 5116s
 712112 460458  239.29972  144  144  273.47897  233.70604  14.5%  30.0 5124s
 712884 461127  247.04905  107  119  273.47897  233.71206  14.5%  30.0 5134s
 713827 461778  240.39343  110  122  273.47897  233.72426  14.5%  30.0 5144s
 714740 462306  259.13532  128  111  273.47897  233.72753  14.5%  30.0 5152s
 715562 462858  260.53480  125  127  273.47897  233.73859  14.5%  30.0 5161s
 716423 463406  254.23255  165  123  273.47897  233.74825  14.5%  30.0 5169s
 716924 463406  252.48643  121  145  273.47897  233.75088  14.5%  30.0 5170s
 717202 464063  257.31948  160  133  273.47897  233.75777  14.5%  30.0 5179s
 718132 464578  271.24932  144  109  273.47897  233.75995  14.5%  30.0 5187s
 718907 465228  236.82804  107  141  273.47897  233.76702  14.5%  30.0 5197s
 719828 465641  253.13526  116  180  273.47897  233.77049  14.5%  30.0 5204s
 720490 466197  241.99430  106  195  273.47897  233.77624  14.5%  30.0 5212s
 721314 466718  266.66705  136  138  273.47897  233.78049  14.5%  30.0 5221s
 722105 467241  256.09013  100  134  273.47897  233.79402  14.5%  30.0 5230s
 722991 467917  271.41407  104  103  273.47897  233.80105  14.5%  30.0 5240s
 723954 468532  261.07370  103  116  273.47897  233.80601  14.5%  30.0 5250s
 724874 469109  242.49040  128  122  273.47897  233.81197  14.5%  30.0 5259s
 725704 469742  267.88838  137  156  273.47897  233.81595  14.5%  30.0 5275s
 726675 470291  272.87606  167   62  273.47897  233.81933  14.5%  30.0 5284s
 727502 470838  265.10778  145  118  273.47897  233.83064  14.5%  30.0 5293s
 728385 471423  247.54762  103  169  273.47897  233.83627  14.5%  30.0 5303s
 729282 472151  259.22177  145  102  273.47897  233.84541  14.5%  30.0 5314s
 730306 472669     cutoff  110       273.47897  233.85359  14.5%  30.0 5322s
 731104 473310  272.76787  183  123  273.47897  233.85717  14.5%  30.0 5333s
 732066 473975  262.49509  196  128  273.47897  233.86273  14.5%  30.0 5343s
 733018 474623     cutoff  151       273.47897  233.86666  14.5%  30.0 5353s
 734014 475142  272.72809  153  108  273.47897  233.87027  14.5%  30.0 5362s
 734846 475653  257.37655  105  125  273.47897  233.87514  14.5%  30.0 5370s
 735614 476243  249.63746  106  139  273.47897  233.88596  14.5%  30.0 5380s
 736467 476790  239.86610  112  187  273.47897  233.89134  14.5%  30.0 5389s
 737328 477466  265.14124  109  113  273.47897  233.89978  14.5%  30.0 5399s
 738256 478181  260.94782  135  111  273.47897  233.90777  14.5%  30.0 5409s
 739298 478993  253.90303  150  139  273.47897  233.90777  14.5%  30.0 5422s
 740481 479707  267.67801  154   91  273.47897  233.90777  14.5%  30.0 5439s
 741635 480316  262.01010  139  122  273.47897  233.90920  14.5%  30.0 5448s
 742496 480911  243.42126  113  179  273.47897  233.91423  14.5%  30.0 5458s
 743354 480951  265.04456  125  104  273.47897  233.92035  14.5%  30.0 5467s
 743411 481397  265.05524  126  107  273.47897  233.92055  14.5%  30.0 5475s
 744076 482048  246.73886  125  124  273.47897  233.92416  14.5%  30.0 5485s
 745022 482759  254.22878  110  136  273.47897  233.92575  14.5%  30.0 5496s
 746037 483370  252.63690  135   96  273.47897  233.93340  14.5%  30.0 5506s
 746975 484014  244.54720  116  132  273.47897  233.93711  14.5%  30.0 5516s
 747859 484478  267.93205  127  126  273.47897  233.94097  14.5%  30.0 5523s
 748517 485215  259.36830  131  126  273.47897  233.94288  14.5%  30.0 5534s
 749503 485858  271.14511  160   85  273.47897  233.94541  14.5%  30.0 5544s
 750472 486380     cutoff  122       273.47897  233.95371  14.5%  30.0 5553s
 751255 487024  272.86827  114  114  273.47897  233.95882  14.5%  30.0 5563s
 752124 487690  272.33395  153  108  273.47897  233.96323  14.4%  30.0 5574s
 753096 488434  257.91886  126  111  273.47897  233.97129  14.4%  30.0 5585s
 754160 489108  239.52259  111  131  273.47897  233.97816  14.4%  30.0 5596s
 755114 489925  258.31261  154   82  273.47897  233.97923  14.4%  30.0 5615s
 756317 490483  243.95525  121  111  273.47897  233.98466  14.4%  30.0 5625s
 757210 491108  238.99927  107  143  273.47897  233.99008  14.4%  30.0 5635s
 758123 491754  250.28355  133  149  273.47897  233.99385  14.4%  30.0 5645s
 759043 492367  249.00283  133  160  273.47897  233.99750  14.4%  30.0 5655s
 759930 492948  269.71660  179   60  273.47897  234.00107  14.4%  30.0 5664s
 760759 493386  257.12782  129  146  273.47897  234.00708  14.4%  30.0 5672s
 761418 493863  244.59488  112  119  273.47897  234.00885  14.4%  30.0 5681s
 762152 494415  245.37493  123  135  273.47897  234.01311  14.4%  30.0 5690s
 762961 494942  273.09310  157  129  273.47897  234.01831  14.4%  30.0 5700s
 763756 495583  249.29954  130  158  273.47897  234.02673  14.4%  30.0 5710s
 764660 496184  271.12505  111  131  273.47897  234.03032  14.4%  30.0 5720s
 765469 496803  269.59962  173  124  273.47897  234.03346  14.4%  30.0 5731s
 766361 497337  242.71384  102  131  273.47897  234.03700  14.4%  30.0 5741s
 767209 497923  242.64690   97  171  273.47897  234.04397  14.4%  30.0 5751s
 768034 498608  263.65687  107  109  273.47897  234.04854  14.4%  30.0 5763s
 769053 499141  270.45571  159   87  273.47897  234.05242  14.4%  30.0 5773s
 769833 499784  239.89681   87  260  273.47897  234.05535  14.4%  30.0 5790s
 770804 500407  267.72010  131  238  273.47897  234.05733  14.4%  30.0 5802s
 771806 501189     cutoff  146       273.47897  234.06125  14.4%  30.0 5815s
 772874 501799  237.77042  105  133  273.47897  234.07037  14.4%  30.0 5827s
 773788 501804  267.10352  124   92  273.47897  234.07578  14.4%  30.0 5847s
 773796 502300  267.54388  125   77  273.47897  234.07632  14.4%  30.0 5856s
 774513 502906  244.88899  105  121  273.47897  234.07727  14.4%  30.0 5867s
 775362 503458  261.80647  134   97  273.47897  234.07964  14.4%  30.0 5877s
 776163 503958  269.26113  144  109  273.47897  234.08473  14.4%  30.0 5886s
 776879 504526  271.37610  159   97  273.47897  234.09314  14.4%  30.0 5897s
 777734 505111  247.51598  142  146  273.47897  234.10115  14.4%  30.0 5908s
 778605 505907  258.84315  131  209  273.47897  234.11443  14.4%  30.0 5922s
 779681 506544  249.31551  145  110  273.47897  234.11617  14.4%  30.0 5933s
 780606 507164  272.70333  167  103  273.47897  234.12018  14.4%  30.0 5945s
 781536 507660  258.45211  131  101  273.47897  234.12308  14.4%  30.0 5955s
 782294 508203  252.01462  151  101  273.47897  234.12890  14.4%  30.0 5966s
 783116 508930  264.36139  135   91  273.47897  234.13303  14.4%  30.0 5978s
 784125 509744  253.45527  181  123  273.47897  234.13688  14.4%  30.0 5992s
 785262 510402  258.07365  150  117  273.47897  234.14075  14.4%  30.0 6012s
 786356 510948  271.73901  126  103  273.47897  234.15027  14.4%  30.0 6022s
 787177 511626  259.13098  116  141  273.47897  234.15379  14.4%  30.0 6034s
 788131 512125     cutoff  153       273.47897  234.16061  14.4%  30.0 6045s
 788912 512691  248.32714   87  155  273.47897  234.16849  14.4%  30.0 6055s
 789729 513217  246.27802  117  143  273.47897  234.17240  14.4%  30.0 6066s
 790553 513804  243.93738  107  147  273.47897  234.17713  14.4%  30.0 6078s
 791419 514391  269.96144  151   87  273.47897  234.18197  14.4%  30.0 6090s
 792354 514615  273.24988  124  117  273.47897  234.18644  14.4%  30.0 6095s
 792698 515339  245.49617   91  132  273.47897  234.18657  14.4%  30.0 6108s
 793761 516067     cutoff   97       273.47897  234.19129  14.4%  30.0 6122s
 794787 516702  267.72167  205   51  273.47897  234.19624  14.4%  30.0 6135s
 795789 517410  248.87292   83  174  273.47897  234.20049  14.4%  30.0 6149s
 796831 518147  252.96996  114  100  273.47897  234.20390  14.4%  30.0 6163s
 797881 518658  244.39653  151  131  273.47897  234.20735  14.4%  30.0 6173s
 798664 519220  270.45041  156   82  273.47897  234.21022  14.4%  30.0 6184s
 799500 519854  248.13097   92  153  273.47897  234.21979  14.4%  30.0 6196s
 800418 520626  250.36451  161  131  273.47897  234.22140  14.4%  30.0 6217s
 801612 521129  262.31375  117   88  273.47897  234.23061  14.4%  30.0 6227s
 802380 521676  237.79987   70  126  273.47897  234.23695  14.3%  30.0 6238s
 803187 522279  254.87307   95  129  273.47897  234.24146  14.3%  30.0 6249s
 804032 522863  273.44083  146  125  273.47897  234.24335  14.3%  30.0 6261s
 804951 523469  238.27204   95  195  273.47897  234.25103  14.3%  30.0 6273s
 805830 523997  271.43475  131  100  273.47897  234.25289  14.3%  30.0 6284s
 806611 524675     cutoff  138       273.47897  234.26277  14.3%  30.0 6295s
 807521 525465     cutoff  200       273.47897  234.26444  14.3%  30.0 6309s
 808610 526070  246.99882  118  121  273.47897  234.26700  14.3%  30.0 6321s
 809473 526647  271.36288  119  120  273.47897  234.27239  14.3%  30.0 6332s
 810340 527235  252.96557  159  157  273.47897  234.27554  14.3%  29.9 6344s
 811225 528010  262.46215  167  118  273.47897  234.27674  14.3%  29.9 6358s
 812327 528529  265.72805  163   60  273.47897  234.28356  14.3%  29.9 6369s
 813064 529035  263.58954  185   87  273.47897  234.28835  14.3%  29.9 6380s
 813849 529582     cutoff  128       273.47897  234.29721  14.3%  29.9 6391s
 814628 530101  255.95867  119  128  273.47897  234.30108  14.3%  29.9 6402s
 815446 530821  270.01911  152  116  273.47897  234.31011  14.3%  29.9 6422s
 816516 531373  258.57006  120  155  273.47897  234.31792  14.3%  29.9 6434s
 817328 532047  258.09821  170   75  273.47897  234.32453  14.3%  29.9 6448s
 818402 532589  271.54587  140  127  273.47897  234.33349  14.3%  29.9 6459s
 819190 533149  238.68669  112  132  273.47897  234.33779  14.3%  29.9 6470s
 819982 533562  248.41155  126  106  273.47897  234.34153  14.3%  29.9 6479s
 820648 533569  238.37115  125  188  273.47897  234.34577  14.3%  29.9 6487s
 820656 534092  238.37458  126  189  273.47897  234.34616  14.3%  29.9 6497s
 821458 534657  243.62920  112  140  273.47897  234.34871  14.3%  29.9 6509s
 822326 535262  265.01725  124  106  273.47897  234.35457  14.3%  29.9 6522s
 823234 535859  267.23426  121  126  273.47897  234.36052  14.3%  29.9 6536s
 824151 536457  263.10497  133   91  273.47897  234.36652  14.3%  29.9 6549s
 825018 537118  255.39016  132  106  273.47897  234.37235  14.3%  29.9 6563s
 826012 537792  260.88367  120  126  273.47897  234.37449  14.3%  29.9 6577s
 827005 538560  263.18594  142   83  273.47897  234.37806  14.3%  29.9 6594s
 828222 539255  246.57611  114  105  273.47897  234.38224  14.3%  29.9 6608s
 829206 539866  261.18910  130  144  273.47897  234.38518  14.3%  29.9 6620s
 830029 540536     cutoff  192       273.47897  234.39042  14.3%  29.9 6639s
 830582 540536  271.19283  197   49  273.47897  234.39256  14.3%  29.9 6640s
 831008 541099  246.78537  108  126  273.47897  234.39809  14.3%  29.9 6652s
 831855 541687  238.66167  101  140  273.47897  234.40194  14.3%  29.9 6664s
 832174 541687  262.41914  148  123  273.47897  234.40636  14.3%  29.9 6665s
 832718 542379  270.51523  127  106  273.47897  234.40805  14.3%  29.9 6679s
 833737 542935  238.76329  102  119  273.47897  234.41750  14.3%  29.9 6691s
 834535 543648  237.63933  124  162  273.47897  234.42178  14.3%  29.9 6705s
 835521 544238  271.66963  191   39  273.47897  234.42481  14.3%  29.9 6719s
 836486 544870  263.57457  116  161  273.47897  234.43261  14.3%  29.9 6733s
 837402 545572  236.86469  113  121  273.47897  234.43878  14.3%  29.9 6747s
 838433 546377  259.43813  124  126  273.47897  234.44311  14.3%  29.9 6763s
 839542 547049  267.55477  109   99  273.47897  234.44729  14.3%  29.9 6778s
 840567 547609  264.06686  152  118  273.47897  234.44894  14.3%  29.9 6790s
 841433 548188  240.00179  105  132  273.47897  234.45132  14.3%  29.9 6803s
 842314 548782  270.22071  136   77  273.47897  234.45486  14.3%  29.9 6816s
 843172 549277  262.44318  135  117  273.47897  234.46000  14.3%  29.9 6827s
 843921 549945  250.11816  108  102  273.47897  234.46447  14.3%  29.9 6841s
 844924 550699  263.65925  117  174  273.47897  234.47007  14.3%  29.9 6863s
 846021 551202  272.00102  136   80  273.47897  234.47481  14.3%  29.9 6874s
 846761 551954  244.93823  130  119  273.47897  234.47802  14.3%  29.9 6889s
 847141 551954  239.59145  101  140  273.47897  234.47884  14.3%  29.9 6890s
 847832 552730  273.27992  176  124  273.47897  234.47889  14.3%  29.9 6905s
 848910 553348  268.88375  125  173  273.47897  234.48411  14.3%  29.9 6919s
 849870 553951  259.08324  146  119  273.47897  234.48846  14.3%  29.9 6933s
 850842 554521  255.61796  130  107  273.47897  234.49270  14.3%  29.9 6946s
 851727 555003  257.40658  141  116  273.47897  234.49885  14.3%  29.9 6958s
 852543 555528  252.01420  111  153  273.47897  234.50267  14.3%  29.9 6970s
 853356 556167  266.52188  127  121  273.47897  234.50651  14.3%  29.9 6983s
 854224 556677  238.89824  107  151  273.47897  234.51054  14.2%  29.9 6994s
 855009 557238  262.36488  105  120  273.47897  234.51674  14.2%  29.9 7007s
 855885 557245  255.21288  140  103  273.47897  234.52071  14.2%  29.9 7030s
 855893 557823  255.29348  141  101  273.47897  234.52128  14.2%  29.9 7042s
 856713 558364  254.34062   87  159  273.47897  234.52380  14.2%  29.9 7054s
 857534 558935  259.92604  119  110  273.47897  234.53181  14.2%  29.9 7066s
 858344 559590  267.09647   95  170  273.47897  234.53478  14.2%  29.9 7080s
 859262 560106  259.36569  121  129  273.47897  234.53783  14.2%  29.9 7092s
 860037 560857  264.62299  191   75  273.47897  234.54298  14.2%  29.9 7113s
 861133 561413  272.39148  204   42  273.47897  234.54984  14.2%  29.9 7126s
 862002 562033     cutoff   72       273.47897  234.55528  14.2%  29.9 7140s
 862924 562620  266.13130  135  115  273.47897  234.55884  14.2%  29.9 7153s
 863832 563302  243.19888   79  142  273.47897  234.56420  14.2%  29.9 7166s
 864746 563770  267.48056  125  119  273.47897  234.56807  14.2%  29.9 7178s
 865570 564325  262.26349  131  124  273.47897  234.57471  14.2%  29.9 7190s
 866363 564716  265.11593  142  110  273.47897  234.57858  14.2%  29.9 7200s

Cutting planes:
  Gomory: 21
  Cover: 1
  Implied bound: 86
  Projected implied bound: 32
  Clique: 7
  MIR: 32
  Flow cover: 222
  GUB cover: 2
  Zero half: 94
  RLT: 6
  Relax-and-lift: 224

Explored 866965 nodes (26412023 simplex iterations) in 7201.38 seconds (4411.53 work units)
Thread count was 16 (of 16 available processors)

Solution count 10: 273.479 273.485 273.533 ... 318.692

Time limit reached
Best objective 2.734789703981e+02, best bound 2.345823959125e+02, gap 14.2229%

User-callback calls 1927335, time in user-callback 3.98 sec
