
Gurobi 10.0.3 (win64) logging started Sun Sep 21 05:06:55 2025

Set parameter LogFile to value "log_group_6/bound_Expr286_s5_l1051_s11_e12_o20_d40_t1200_s11_0_1_1_1.log"
Gurobi Optimizer version 10.0.3 build v10.0.3rc0 (win64)

CPU model: 11th Gen Intel(R) Core(TM) i7-11700 @ 2.50GHz, instruction set [SSE2|AVX|AVX2|AVX512]
Thread count: 8 physical cores, 16 logical processors, using up to 16 threads

Optimize a model with 174266 rows, 170310 columns and 2104090 nonzeros
Model fingerprint: 0xc237b576
Variable types: 310 continuous, 170000 integer (170000 binary)
Coefficient statistics:
  Matrix range     [1e+00, 8e+02]
  Objective range  [1e+00, 1e+00]
  Bounds range     [1e+00, 1e+03]
  RHS range        [1e+00, 8e+02]
Presolve removed 173758 rows and 169901 columns
Presolve time: 2.61s
Presolved: 508 rows, 409 columns, 4772 nonzeros
Variable types: 57 continuous, 352 integer (351 binary)
Found heuristic solution: objective 256.6336717
Found heuristic solution: objective 174.4543717

Root relaxation: objective 9.734424e+01, 155 iterations, 0.00 seconds (0.00 work units)

    Nodes    |    Current Node    |     Objective Bounds      |     Work
 Expl Unexpl |  Obj  Depth IntInf | Incumbent    BestBd   Gap | It/Node Time

     0     0   97.34424    0   14  174.45437   97.34424  44.2%     -    2s
H    0     0                     161.8531717   97.34424  39.9%     -    2s
     0     0   97.34424    0   14  161.85317   97.34424  39.9%     -    2s
H    0     0                     160.8990717   97.34424  39.5%     -    2s
H    0     0                     138.6027717   97.34424  29.8%     -    2s
     0     0   97.34424    0   14  138.60277   97.34424  29.8%     -    2s
H    0     0                     130.3285717   97.34424  25.3%     -    2s
     0     0   97.34424    0   14  130.32857   97.34424  25.3%     -    2s
H    0     0                     121.8122717   97.34424  20.1%     -    2s
     0     0   97.34424    0   14  121.81227   97.34424  20.1%     -    2s
     0     0   97.34424    0   16  121.81227   97.34424  20.1%     -    2s
H    0     0                     118.5347717   97.34424  17.9%     -    2s
H    0     0                     117.4999717   97.34424  17.2%     -    2s
     0     0   97.34424    0   14  117.49997   97.34424  17.2%     -    2s
     0     0   97.34424    0   14  117.49997   97.34424  17.2%     -    2s
     0     2   97.34424    0   14  117.49997   97.34424  17.2%     -    2s
H   65    50                     117.4999717   97.34424  17.2%   4.7    3s
H   67    50                     113.2995717   97.34424  14.1%   4.6    3s
  1606  1202  101.81141   43   14  113.29957   97.34424  14.1%   2.7    5s
H 1828  1254                     113.2995715   97.36284  14.1%   4.0    5s
 43332 28676  103.39497   77   16  113.29957  101.06383  10.8%   5.6   10s
 149451 80365  112.75713  142    6  113.29957  102.75251  9.31%   5.5   15s
H211875 113899                     113.2995714  103.38707  8.75%   5.4   18s
 246665 130743  105.84231   93    9  113.29957  103.39501  8.74%   5.3   20s
 340412 171224  111.55482   62    4  113.29957  104.13774  8.09%   5.2   25s
H355677 177414                     113.2992125  104.13774  8.09%   5.2   26s
 422072 202614  111.63596   48    4  113.29921  104.17974  8.05%   5.2   30s
 511990 242404  112.50691  128    4  113.29921  104.77724  7.52%   5.2   35s
 601007 287300  110.93124   91    2  113.29921  104.88841  7.42%   5.2   40s
 688512 315536  105.99599  153    8  113.29921  105.36856  7.00%   5.1   45s
 778263 350809  113.25757  137    2  113.29921  105.52961  6.86%   5.1   50s
 875030 391252  107.85424  129    8  113.29921  105.60976  6.79%   5.0   55s
 974471 437082     cutoff   63       113.29921  105.73862  6.67%   4.9   60s
 1065791 469539  113.25757   96    2  113.29921  105.99599  6.45%   5.0   65s
 1156851 503703  113.25757  120    4  113.29921  106.28402  6.19%   4.9   70s
 1242626 534392  110.93124   73    4  113.29921  106.46407  6.03%   4.8   75s
 1337142 564968  112.14340   85    5  113.29921  106.69107  5.83%   4.8   80s
 1433034 595928  113.25757  103    2  113.29921  107.05706  5.51%   4.7   85s
 1538234 640924 infeasible   85       113.29921  107.10357  5.47%   4.7   90s
 1639569 685637  113.25757  137    2  113.29921  107.10357  5.47%   4.7   95s
 1743434 730916     cutoff  124       113.29921  107.10357  5.47%   4.7  100s
 1847098 777258  112.54948   75    4  113.29921  107.10714  5.47%   4.6  105s
 1954600 819786  110.01149  123   10  113.29921  107.12226  5.45%   4.6  110s
 2041504 854233 infeasible  111       113.29921  107.14557  5.43%   4.6  115s
 2142405 884281 infeasible   75       113.29921  107.29467  5.30%   4.6  120s
 2251514 925298  113.25757  134    4  113.29921  107.64342  4.99%   4.5  125s
 2352094 959900     cutoff  112       113.29921  107.85424  4.81%   4.5  130s
 2457706 997392  110.18057   91    6  113.29921  107.85424  4.81%   4.5  135s
 2562110 1037651  108.43582   89   10  113.29921  107.85424  4.81%   4.4  140s
 2669627 1082020     cutoff   99       113.29921  107.85424  4.81%   4.4  145s
 2780273 1123517 infeasible   97       113.29921  107.85424  4.81%   4.4  150s
 2885321 1163173  112.88924  121    2  113.29921  107.85424  4.81%   4.4  155s
 2993179 1203594  108.60659   42    8  113.29921  107.85559  4.80%   4.3  160s
 3096397 1240216  110.18057   48    4  113.29921  107.85711  4.80%   4.3  165s
 3192059 1271831  111.51282  161    8  113.29921  107.85866  4.80%   4.3  170s
 3297547 1304992     cutoff  123       113.29921  107.86746  4.79%   4.2  175s
 3400844 1344119  111.70668  139    5  113.29921  107.88443  4.78%   4.2  180s
 3488065 1367583  110.99802   63    5  113.29921  107.89624  4.77%   4.2  185s
 3568471 1382632  108.57431  137    9  113.29921  107.95362  4.72%   4.3  190s
 3666070 1412402  110.93124   71    2  113.29921  108.26674  4.44%   4.2  195s
 3776996 1460165  110.59562  159   12  113.29921  108.27157  4.44%   4.2  200s
 3873634 1487244  113.25757   94    2  113.29921  108.43582  4.29%   4.2  205s
 3966987 1520294  110.80416   72    6  113.29921  108.47782  4.26%   4.2  210s
 4066931 1544772  112.09441  124    4  113.29921  108.60491  4.14%   4.2  215s
 4171736 1571330  108.60491   84    4  113.29921  108.60491  4.14%   4.2  220s
 4271409 1595064     cutoff  126       113.29921  108.60624  4.14%   4.1  225s
 4365679 1612017  112.09441  154    4  113.29921  108.60933  4.14%   4.1  230s
 4453153 1633318  113.25757   72    2  113.29921  108.62968  4.12%   4.1  235s
 4559360 1665669 infeasible   40       113.29921  108.64691  4.11%   4.1  240s
 4644467 1671581 infeasible  140       113.29921  108.83241  3.94%   4.1  245s
 4747242 1703564     cutoff   76       113.29921  109.01741  3.78%   4.1  250s
 4850110 1740168  112.09441  121    4  113.29921  109.01741  3.78%   4.0  255s
 4952562 1775243  112.50691  119    4  113.29921  109.01999  3.78%   4.0  260s
 5042741 1796440  112.92424   94    4  113.29921  109.05941  3.74%   4.0  265s
 5128529 1814269     cutoff   80       113.29921  109.06474  3.74%   4.0  270s
 5205136 1833856  113.25757   95    4  113.29921  109.18649  3.63%   4.0  275s
 5291328 1853200 infeasible   82       113.29921  109.38035  3.46%   4.0  280s
 5380177 1876835  113.25757  101    2  113.29921  109.42991  3.42%   4.0  285s
 5467635 1909834  112.50691   77    4  113.29921  109.42991  3.42%   4.0  290s
 5568666 1946677     cutoff   95       113.29921  109.42991  3.42%   4.0  295s
 5673335 1986284     cutoff   79       113.29921  109.42991  3.42%   4.0  300s
 5773978 2023009  110.59307  153   12  113.29921  109.42991  3.42%   4.0  305s
 5876246 2061264  110.18057   88    6  113.29921  109.42991  3.42%   3.9  310s
 5977109 2100606  109.42991  105    8  113.29921  109.42991  3.42%   3.9  315s
 6066609 2136183 infeasible   79       113.29921  109.42991  3.42%   3.9  320s
 6150459 2158896     cutoff   89       113.29921  109.43063  3.41%   3.9  325s
 6243075 2193066  111.34433   61    4  113.29921  109.43215  3.41%   3.9  330s
 6321748 2220081  113.25757  164    2  113.29921  109.43432  3.41%   3.9  335s
 6425302 2256942  110.56032  116    6  113.29921  109.43596  3.41%   3.9  340s
 6511135 2279551     cutoff   94       113.29921  109.47191  3.38%   3.9  345s
 6593007 2298311  110.24735   76    7  113.29921  109.47191  3.38%   3.9  350s
 6671668 2313588  112.54950   48    4  113.29921  109.47245  3.38%   3.9  355s
 6736131 2326152  109.48267  146    6  113.29921  109.48267  3.37%   3.9  360s
 6813790 2336319  112.09441  148    2  113.29921  109.61170  3.25%   3.9  365s
 6896214 2356887  112.98110  141    4  113.29921  109.72213  3.16%   3.9  370s
 6985883 2378317  112.09441   91    4  113.29921  109.76807  3.12%   3.9  375s
 7078931 2398250  111.51282   78    6  113.29921  109.77414  3.11%   3.9  380s
 7171090 2428354  112.50691  135    6  113.29921  109.80589  3.08%   3.9  385s
 7233869 2431037 infeasible   77       113.29921  109.81224  3.08%   3.9  390s
 7309375 2433380  112.72016   89    6  113.29921  109.81377  3.08%   3.9  395s
 7352851 2425912  112.88224  156    6  113.29921  109.85469  3.04%   3.9  400s
 7419494 2433898  112.79913  167    5  113.29921  110.05349  2.86%   3.9  405s
 7504233 2455397  112.88224   99    4  113.29921  110.18057  2.75%   3.9  410s
 7604326 2484321  111.70668   89    3  113.29921  110.18057  2.75%   3.9  415s
 7700613 2511621  113.25757   87    2  113.29921  110.18057  2.75%   3.9  420s
 7795656 2540119     cutoff  107       113.29921  110.18057  2.75%   3.9  425s
 7880487 2562129  113.25757  142    4  113.29921  110.18057  2.75%   3.9  430s
 7977515 2591204  110.93124   63    2  113.29921  110.18057  2.75%   3.9  435s
 8063006 2615584  112.13857  108    4  113.29921  110.18057  2.75%   3.9  440s
 8163553 2644160     cutoff   75       113.29921  110.18057  2.75%   3.8  445s
 8237690 2663368  110.18057   79    4  113.29921  110.18057  2.75%   3.8  450s
 8324523 2689153  110.93124   79    2  113.29921  110.18057  2.75%   3.8  455s
 8411280 2714016  111.34374  125    8  113.29921  110.18057  2.75%   3.8  460s
 8492792 2735734     cutoff   96       113.29921  110.18057  2.75%   3.8  465s
 8575391 2761145     cutoff  102       113.29921  110.18057  2.75%   3.8  470s
 8659786 2784724  113.25757   98    2  113.29921  110.18057  2.75%   3.8  475s
 8736679 2808610 infeasible  161       113.29921  110.18057  2.75%   3.8  480s
 8826189 2832811  112.50691   84    4  113.29921  110.18057  2.75%   3.8  485s
 8913025 2857405     cutoff  107       113.29921  110.18057  2.75%   3.8  490s
 8994698 2880316     cutoff  133       113.29921  110.18057  2.75%   3.8  495s
 9082254 2905227     cutoff  137       113.29921  110.18057  2.75%   3.8  500s
 9171810 2930014 infeasible  101       113.29921  110.18057  2.75%   3.8  505s
 9254479 2950937  113.25757  148    2  113.29921  110.18057  2.75%   3.8  510s
 9333549 2973425  110.93124  132    4  113.29921  110.18057  2.75%   3.7  515s
 9417198 2997571  113.25757   95    2  113.29921  110.18057  2.75%   3.7  520s
 9496885 3020009  110.93565  107    4  113.29921  110.18057  2.75%   3.7  525s
 9570659 3042967  110.93124  123    2  113.29921  110.18057  2.75%   3.7  530s
 9649594 3063546  111.70668   97    5  113.29921  110.18057  2.75%   3.7  535s
 9723164 3084169  110.93124   82    2  113.29921  110.18057  2.75%   3.7  540s
 9806046 3109011  112.13857  148    4  113.29921  110.18057  2.75%   3.7  545s
 9886162 3129752  112.50691  126    4  113.29921  110.18057  2.75%   3.7  550s
 9971019 3154335  113.25757  151    2  113.29921  110.18057  2.75%   3.7  555s
 10047442 3175926  112.50691  119    4  113.29921  110.18057  2.75%   3.7  560s
 10128139 3199817  110.93124   75    2  113.29921  110.18057  2.75%   3.7  565s
 10203073 3220954     cutoff  137       113.29921  110.18057  2.75%   3.7  570s
 10278241 3243314  112.50756  142    4  113.29921  110.18057  2.75%   3.7  575s
 10355489 3263484  113.25757   66    2  113.29921  110.18057  2.75%   3.7  580s
 10428215 3283174  113.25757   78    2  113.29921  110.18057  2.75%   3.7  585s
 10496469 3301050  111.35533  162    6  113.29921  110.18077  2.75%   3.7  590s
 10540734 3302541  113.25757  158    2  113.29921  110.18089  2.75%   3.7  595s
 10580678 3302550  113.25757  101    4  113.29921  110.18115  2.75%   3.7  600s
 10616423 3299967  110.18131   89    4  113.29921  110.18130  2.75%   3.7  605s
 10697505 3325713  113.25757  186    2  113.29921  110.18185  2.75%   3.7  610s
 10771487 3346341  111.34405   85    5  113.29921  110.18230  2.75%   3.6  615s
 10841482 3368281  110.93298   82    4  113.29921  110.18231  2.75%   3.6  620s
 10921832 3396555  113.25757  147    2  113.29921  110.18234  2.75%   3.6  625s
 10998713 3419195  112.92424   55    2  113.29921  110.18301  2.75%   3.6  630s
 11069300 3439950  113.25757   85    2  113.29921  110.18341  2.75%   3.6  635s
 11136503 3455410  112.09441  138    4  113.29921  110.18361  2.75%   3.6  640s
 11198375 3470099  113.25757  163    2  113.29921  110.18361  2.75%   3.6  645s
 11264494 3486538  112.09441   77    2  113.29921  110.18499  2.75%   3.6  650s
 11342903 3509712  110.93565   90    4  113.29921  110.18499  2.75%   3.6  655s
 11420827 3534825     cutoff  150       113.29921  110.18499  2.75%   3.6  660s
 11490437 3542494  110.18655   86    9  113.29921  110.18652  2.75%   3.6  665s
 11555528 3558842  111.70668  124    5  113.29921  110.18788  2.75%   3.6  670s
 11618771 3572764  113.25757  121    2  113.29921  110.19249  2.74%   3.6  675s
 11680158 3586398     cutoff  129       113.29921  110.19826  2.74%   3.6  680s
 11747084 3603601  110.95632  162    8  113.29921  110.20535  2.73%   3.6  685s
 11803146 3616070 infeasible  152       113.29921  110.21573  2.72%   3.6  690s
 11854383 3617805 infeasible  101       113.29921  110.22257  2.72%   3.6  695s
 11908129 3616296     cutoff   88       113.29921  110.22257  2.72%   3.6  700s
 11957248 3612636  110.22542  113    7  113.29921  110.22257  2.72%   3.6  705s
 12005341 3610231 infeasible   42       113.29921  110.22257  2.72%   3.6  710s
 12058070 3605959  110.22257   69    4  113.29921  110.22257  2.72%   3.6  715s
 12101119 3598684  110.22289  101    5  113.29921  110.22289  2.72%   3.6  720s
 12148539 3599604  110.23438   77   11  113.29921  110.22474  2.71%   3.6  725s
 12181308 3597182  112.13641  120    2  113.29921  110.22561  2.71%   3.6  730s
 12218789 3591343  112.13641   93    4  113.29921  110.23907  2.70%   3.6  735s
 12253520 3592146     cutoff   53       113.29921  110.31829  2.63%   3.6  740s
 12304383 3598979  112.09441   91    2  113.29921  110.43079  2.53%   3.6  745s
 12350917 3605337  113.25757  121    2  113.29921  110.43079  2.53%   3.6  750s
 12412301 3618918  112.13641   73    2  113.29921  110.47279  2.49%   3.6  755s
 12471313 3635241     cutoff  199       113.29921  110.55591  2.42%   3.6  760s
 12536943 3657415  113.25757  120    2  113.29921  110.55591  2.42%   3.6  765s
 12601914 3669284     cutoff   53       113.29921  110.56291  2.42%   3.6  770s
 12641595 3670753  111.81389  130    4  113.29921  110.59307  2.39%   3.6  775s
 12711500 3694824  111.75624  110    8  113.29921  110.59307  2.39%   3.6  780s
 12772814 3712097     cutoff  105       113.29921  110.59730  2.38%   3.6  785s
 12815951 3715169  111.79824   77    4  113.29921  110.63507  2.35%   3.6  790s
 12865071 3723724  110.64866   96    4  113.29921  110.64866  2.34%   3.6  795s
 12902860 3723874  111.67818   92    6  113.29921  110.74841  2.25%   3.6  800s
 12964636 3743876  113.25757  105    2  113.29921  110.76216  2.24%   3.6  805s
 13020652 3759282 infeasible  157       113.29921  110.77991  2.22%   3.6  810s
 13059530 3760051  112.13641  115    2  113.29921  110.80416  2.20%   3.6  815s
 13091816 3761495     cutoff  115       113.29921  110.88529  2.13%   3.6  820s
 13154435 3769545  113.25757   78    2  113.29921  110.93124  2.09%   3.6  825s
 13218880 3773781     cutoff  136       113.29921  110.93124  2.09%   3.6  830s
 13285712 3780713     cutoff  100       113.29921  110.93124  2.09%   3.6  835s
 13330711 3773923  110.93124   95    2  113.29921  110.93124  2.09%   3.6  840s
 13393457 3781347  110.93124  143    2  113.29921  110.93124  2.09%   3.6  845s
 13462670 3781910     cutoff   94       113.29921  110.93124  2.09%   3.6  850s
 13526066 3780643  110.93124  114    2  113.29921  110.93124  2.09%   3.6  855s
 13590064 3782802  113.25757  168    2  113.29921  110.93124  2.09%   3.6  860s
 13640496 3781972     cutoff  147       113.29921  110.93124  2.09%   3.6  865s
 13704501 3783701     cutoff   86       113.29921  110.93124  2.09%   3.6  870s
 13764705 3783104  113.25757  152    2  113.29921  110.93124  2.09%   3.6  875s
 13830061 3784639  110.97324  154    4  113.29921  110.93124  2.09%   3.6  880s
 13887774 3791396     cutoff   74       113.29921  110.93124  2.09%   3.6  885s
 13942738 3785002  113.25757  121    2  113.29921  110.93124  2.09%   3.6  890s
 14004884 3786021     cutoff  164       113.29921  110.93124  2.09%   3.6  895s
 14060691 3783406     cutoff   58       113.29921  110.93124  2.09%   3.6  900s
 14112153 3786433  113.25757  141    2  113.29921  110.93124  2.09%   3.6  905s
 14173688 3785463  111.70668  141    5  113.29921  110.93124  2.09%   3.6  910s
 14237587 3779569  110.93124  118    4  113.29921  110.93124  2.09%   3.6  915s
 14288369 3783037     cutoff  119       113.29921  110.93124  2.09%   3.6  920s
 14347845 3781977     cutoff   80       113.29921  110.93124  2.09%   3.6  925s
 14410151 3784813  111.70668   81    3  113.29921  110.93124  2.09%   3.6  930s
 14470537 3783278  113.25757   73    2  113.29921  110.93124  2.09%   3.6  935s
 14524799 3783384     cutoff   91       113.29921  110.93124  2.09%   3.5  940s
 14575763 3788169     cutoff  153       113.29921  110.93124  2.09%   3.5  945s
 14637161 3784873  113.25757  135    4  113.29921  110.93124  2.09%   3.5  950s
 14693776 3790751  113.25757   62    4  113.29921  110.93124  2.09%   3.5  955s
 14751603 3790763  113.25757  133    2  113.29921  110.93124  2.09%   3.5  960s
 14802626 3795539     cutoff   89       113.29921  110.93124  2.09%   3.5  965s
 14854550 3790138     cutoff   68       113.29921  110.93124  2.09%   3.5  970s
 14913445 3797077     cutoff   96       113.29921  110.93124  2.09%   3.5  975s
 14962229 3795183     cutoff   80       113.29921  110.93124  2.09%   3.5  980s
 15018663 3799613  111.70668  153    3  113.29921  110.93124  2.09%   3.5  985s
 15059047 3792536  113.25757   66    2  113.29921  110.93124  2.09%   3.5  990s
 15108170 3796523  110.97873   82    2  113.29921  110.93124  2.09%   3.5  995s
 15170022 3796142  110.93124  135    4  113.29921  110.93124  2.09%   3.5 1000s
 15214979 3796509 infeasible   90       113.29921  110.93124  2.09%   3.5 1006s
 15269178 3801120     cutoff   95       113.29921  110.93124  2.09%   3.5 1010s
 15316037 3801932  113.25757  131    4  113.29921  110.93124  2.09%   3.5 1015s
 15369752 3795592     cutoff  171       113.29921  110.93124  2.09%   3.5 1020s
 15430434 3794234  111.70668  121    5  113.29921  110.93245  2.09%   3.5 1025s
 15475256 3807951  113.25757  176    2  113.29921  110.93251  2.09%   3.5 1030s
 15528010 3817187  112.09441   95    2  113.29921  110.93294  2.09%   3.5 1035s
 15583094 3830301  113.25757   74    2  113.29921  110.93298  2.09%   3.5 1041s
 15634312 3846373  112.09441  164    2  113.29921  110.93299  2.09%   3.5 1046s
 15687936 3863787  111.70668  148    3  113.29921  110.93300  2.09%   3.5 1051s
 15739661 3878855  113.25757  132    2  113.29921  110.93300  2.09%   3.5 1055s
 15794501 3896997  113.25757  140    2  113.29921  110.93304  2.09%   3.5 1060s
 15842382 3915757  113.25757  179    2  113.29921  110.93310  2.09%   3.5 1065s
 15891033 3905833     cutoff  151       113.29921  110.93397  2.09%   3.5 1070s
 15931861 3906081  110.93565   68    4  113.29921  110.93469  2.09%   3.5 1075s
 15980184 3916420     cutoff  138       113.29921  110.93565  2.09%   3.5 1080s
 16032567 3929158  111.70668   73    3  113.29921  110.93566  2.09%   3.5 1085s
 16086440 3896567     cutoff  166       113.29921  110.93574  2.09%   3.5 1090s
 16129239 3888057  112.09441  185    4  113.29921  110.93806  2.08%   3.5 1095s
 16182924 3892888  112.09441  121    4  113.29921  110.95191  2.07%   3.5 1100s
 16234110 3910758     cutoff  110       113.29921  110.95602  2.07%   3.5 1106s
 16282739 3924893     cutoff   79       113.29921  110.95602  2.07%   3.5 1110s
 16325186 3936768  110.95602  104    9  113.29921  110.95602  2.07%   3.5 1116s
 16370107 3951589  110.95667   72    4  113.29921  110.95602  2.07%   3.5 1121s
 16417650 3964400  113.25757  156    4  113.29921  110.95602  2.07%   3.5 1125s
 16467316 3979762  110.95602  120    8  113.29921  110.95602  2.07%   3.5 1130s
 16510743 3991432  110.95632  196    6  113.29921  110.95632  2.07%   3.5 1135s
 16559838 3995413     cutoff   68       113.29921  110.97026  2.06%   3.5 1140s
 16596905 3966280  110.97445   74    6  113.29921  110.97445  2.05%   3.5 1145s
 16623203 3955577  112.13641  109    2  113.29921  110.97829  2.05%   3.5 1150s
 16647223 3947818     cutoff   57       113.29921  110.99802  2.03%   3.5 1155s
 16675848 3946011  112.54923   48    5  113.29921  111.18540  1.87%   3.5 1160s
 16709511 3951000  112.09441   63    4  113.29921  111.33135  1.74%   3.5 1165s
 16749336 3961692  113.25757  150    2  113.29921  111.34374  1.73%   3.5 1170s
 16793011 3972244  112.50691  157    6  113.29921  111.34374  1.73%   3.5 1175s
 16837989 3983589     cutoff   98       113.29921  111.34374  1.73%   3.5 1180s
 16883988 3993467     cutoff  142       113.29921  111.34374  1.73%   3.5 1185s
 16925962 4003195 infeasible  100       113.29921  111.34374  1.73%   3.5 1190s
 16978859 4016407  113.25757  131    2  113.29921  111.34374  1.73%   3.5 1195s
 17023121 4028420  113.25757   91    2  113.29921  111.34374  1.73%   3.5 1200s

Cutting planes:
  Gomory: 9
  Cover: 1
  Implied bound: 17
  Projected implied bound: 18
  Flow cover: 68
  Relax-and-lift: 62

Explored 17028887 nodes (58826639 simplex iterations) in 1200.42 seconds (542.74 work units)
Thread count was 16 (of 16 available processors)

Solution count 10: 113.299 113.3 113.3 ... 160.899

Time limit reached
Best objective 1.132992125462e+02, best bound 1.113437383880e+02, gap 1.7259%

User-callback calls 34191163, time in user-callback 48.31 sec
