
Gurobi 12.0.1 (win64) logging started Sat Sep 20 06:10:28 2025

Set parameter LogFile to value "log_group_6/bound_Expr92_s7_l1051_s11_e12_o30_d60_t7200_s22_1_1_1_1.log"
Gurobi Optimizer version 12.0.1 build v12.0.1rc0 (win64 - Windows Server 2022.0 (20348.2))

CPU model: Intel(R) Xeon(R) Gold 6336Y CPU @ 2.40GHz, instruction set [SSE2|AVX|AVX2|AVX512]
Thread count: 48 physical cores, 96 logical processors, using up to 32 threads

Non-default parameters:
TimeLimit  7200

Optimize a model with 537054 rows, 525440 columns and 7400236 nonzeros
Model fingerprint: 0xd1b67b9a
Variable types: 440 continuous, 525000 integer (525000 binary)
Coefficient statistics:
  Matrix range     [1e+00, 8e+02]
  Objective range  [1e+00, 1e+00]
  Bounds range     [1e+00, 1e+03]
  RHS range        [1e+00, 8e+02]
Presolve removed 523779 rows and 513480 columns
Presolve time: 2.48s
Presolved: 13275 rows, 11960 columns, 141833 nonzeros
Variable types: 410 continuous, 11550 integer (11550 binary)
Performing another presolve...
Presolve removed 8511 rows and 8084 columns (presolve time = 11s)...
Presolve removed 8511 rows and 8084 columns
Presolve time: 11.22s
Found heuristic solution: objective 1141.9280000

Root simplex log...

Iteration    Objective       Primal Inf.    Dual Inf.      Time
       0    1.2507400e+02   8.320000e+02   0.000000e+00     22s
    3102    1.2507400e+02   0.000000e+00   0.000000e+00     22s

Root relaxation: objective 1.250740e+02, 3102 iterations, 0.24 seconds (0.21 work units)
Total elapsed time = 22.28s (DegenMoves)

    Nodes    |    Current Node    |     Objective Bounds      |     Work
 Expl Unexpl |  Obj  Depth IntInf | Incumbent    BestBd   Gap | It/Node Time

     0     0  125.07400    0  105 1141.92800  125.07400  89.0%     -   22s
H    0     0                    1119.7635000  125.07400  88.8%     -   22s
H    0     0                    1021.3328000  125.07400  87.8%     -   22s
     0     0  125.07400    0   93 1021.33280  125.07400  87.8%     -   22s
H    0     0                     986.8477000  125.07400  87.3%     -   22s
H    0     0                     960.6830000  125.07400  87.0%     -   23s
H    0     0                     958.2135000  125.07400  86.9%     -   23s
H    0     0                     957.0992000  125.07400  86.9%     -   23s
H    0     0                     943.7864333  125.07400  86.7%     -   23s
H    0     0                     932.4576000  125.07400  86.6%     -   24s
H    0     0                     927.5044667  125.07400  86.5%     -   24s
H    0     0                     923.3870667  125.07400  86.5%     -   24s
H    0     0                     901.5671667  125.07400  86.1%     -   24s
H    0     0                     897.4497667  125.07400  86.1%     -   24s
H    0     0                     897.0084667  125.07400  86.1%     -   24s
H    0     0                     767.7276000  125.07400  83.7%     -   24s
H    0     0                     664.1536000  125.07400  81.2%     -   24s
H    0     0                     430.1653000  125.07400  70.9%     -   24s
H    0     0                     429.9937000  125.07400  70.9%     -   24s
H    0     0                     374.1563667  125.07400  66.6%     -   24s
     0     0  125.07400    0   76  374.15637  125.07400  66.6%     -   24s
H    0     0                     354.0867667  125.07400  64.7%     -   24s
H    0     0                     338.0237000  125.07400  63.0%     -   24s
H    0     0                     323.6758000  125.07400  61.4%     -   24s
H    0     0                     321.7972000  125.07400  61.1%     -   24s
H    0     0                     321.3712000  125.07400  61.1%     -   24s
H    0     0                     314.2443667  125.07400  60.2%     -   24s
H    0     0                     311.5552667  125.07400  59.9%     -   24s
H    0     0                     311.5148667  125.07400  59.8%     -   24s
H    0     0                     310.5148667  125.07400  59.7%     -   24s
H    0     0                     309.3965667  125.07400  59.6%     -   24s
H    0     0                     309.3358667  125.07400  59.6%     -   24s
H    0     0                     287.2375667  125.07400  56.5%     -   24s
H    0     0                     258.2424667  125.07400  51.6%     -   25s
     0     0  125.07400    0   55  258.24247  125.07400  51.6%     -   25s
H    0     0                     238.1728667  125.07400  47.5%     -   25s
     0     0  125.07400    0   92  238.17287  125.07400  47.5%     -   25s
H    0     0                     236.8708667  125.07400  47.2%     -   26s
H    0     0                     223.4577667  125.07400  44.0%     -   26s
H    0     0                     218.8442667  125.07400  42.8%     -   26s
     0     0  125.07400    0   73  218.84427  125.07400  42.8%     -   27s
H    0     0                     215.7857667  125.07400  42.0%     -   27s
H    0     0                     213.9920667  125.07400  41.6%     -   27s
H    0     0                     209.0605667  125.07400  40.2%     -   27s
H    0     0                     205.6536667  126.47967  38.5%     -   28s
H    0     0                     202.5951667  126.47967  37.6%     -   28s
H    0     0                     201.0239667  126.47967  37.1%     -   28s
     0     0  126.47967    0   59  201.02397  126.47967  37.1%     -   28s
H    0     0                     200.9297667  126.47967  37.1%     -   28s
     0     0  126.47967    0   61  200.92977  126.47967  37.1%     -   28s
     0     0  126.47967    0  115  200.92977  126.47967  37.1%     -   29s
     0     0  126.47967    0  115  200.92977  126.47967  37.1%     -   29s
H    0     0                     200.8930333  126.47967  37.0%     -   32s
     0     0  150.03303    0   66  200.89303  150.03303  25.3%     -   32s
     0     0  150.03303    0   99  200.89303  150.03303  25.3%     -   33s
     0     0  150.03303    0   93  200.89303  150.03303  25.3%     -   33s
     0     0  150.03303    0   97  200.89303  150.03303  25.3%     -   33s
     0     0  150.03303    0   49  200.89303  150.03303  25.3%     -   33s
     0     0  150.03303    0   59  200.89303  150.03303  25.3%     -   33s
H    0     0                     196.5894667  150.03303  23.7%     -   33s
     0     0  150.03303    0   64  196.58947  150.03303  23.7%     -   34s
     0     0  150.03303    0   50  196.58947  150.03303  23.7%     -   34s
     0     0  150.03303    0   67  196.58947  150.03303  23.7%     -   34s
H    0     0                     195.8898667  150.03303  23.4%     -   34s
H    0     0                     193.4007667  150.03303  22.4%     -   34s
H    0     0                     192.4487667  150.03303  22.0%     -   34s
H    0     0                     190.3422667  150.03303  21.2%     -   34s
H    0     0                     189.3662667  150.03303  20.8%     -   34s
H    0     0                     188.4487667  150.03303  20.4%     -   34s
H    0     0                     188.4007667  150.03303  20.4%     -   34s
     0     0  150.03303    0  104  188.40077  150.03303  20.4%     -   34s
     0     0  150.03303    0   92  188.40077  150.03303  20.4%     -   34s
     0     0  150.03303    0   98  188.40077  150.03303  20.4%     -   34s
     0     0  150.03303    0  104  188.40077  150.03303  20.4%     -   34s
     0     0  150.03303    0   82  188.40077  150.03303  20.4%     -   34s
H    0     0                     187.4225667  150.03303  19.9%     -   34s
     0     0  150.04792    0  165  187.42257  150.04792  19.9%     -   34s
     0     0  150.04792    0   58  187.42257  150.04792  19.9%     -   35s
     0     0  150.04792    0  137  187.42257  150.04792  19.9%     -   35s
     0     0  150.04792    0   69  187.42257  150.04792  19.9%     -   35s
     0     0  151.43870    0  120  187.42257  151.43870  19.2%     -   35s
     0     0  151.43870    0  119  187.42257  151.43870  19.2%     -   35s
     0     0  151.43870    0  128  187.42257  151.43870  19.2%     -   36s
     0     0  151.43870    0  128  187.42257  151.43870  19.2%     -   36s
     0     0  153.97173    0   79  187.42257  153.97173  17.8%     -   36s
     0     0  154.03607    0   75  187.42257  154.03607  17.8%     -   36s
H    0     0                     187.4225666  154.03607  17.8%     -   36s
     0     0  156.88404    0   82  187.42257  156.88404  16.3%     -   36s
     0     0  156.88404    0   30  187.42257  156.88404  16.3%     -   37s
     0     0  156.88404    0  117  187.42257  156.88404  16.3%     -   37s
     0     0  156.96779    0   81  187.42257  156.96779  16.2%     -   37s
     0     0  156.96779    0   81  187.42257  156.96779  16.2%     -   37s
     0     0  157.00052    0   82  187.42257  157.00052  16.2%     -   37s
     0     0  157.00052    0   82  187.42257  157.00052  16.2%     -   37s
     0     0  161.31236    0   76  187.42257  161.31236  13.9%     -   37s
     0     0  161.33637    0   80  187.42257  161.33637  13.9%     -   37s
     0     0  166.36095    0   68  187.42257  166.36095  11.2%     -   37s
     0     0  166.76076    0   69  187.42257  166.76076  11.0%     -   37s
     0     0  174.62944    0   39  187.42257  174.62944  6.83%     -   37s
     0     0  174.62944    0   28  187.42257  174.62944  6.83%     -   37s
     0     0  174.62944    0   35  187.42257  174.62944  6.83%     -   37s
     0     0  174.62944    0   31  187.42257  174.62944  6.83%     -   37s
     0     0  174.62944    0   29  187.42257  174.62944  6.83%     -   37s
     0     0  174.62944    0   28  187.42257  174.62944  6.83%     -   37s
     0     0  174.62944    0   40  187.42257  174.62944  6.83%     -   37s
     0     0  174.62944    0   38  187.42257  174.62944  6.83%     -   37s
     0     0  174.62944    0   40  187.42257  174.62944  6.83%     -   37s
     0     0  174.62944    0   40  187.42257  174.62944  6.83%     -   37s
     0     0  174.62944    0   31  187.42257  174.62944  6.83%     -   37s
     0     0  174.62944    0   34  187.42257  174.62944  6.83%     -   37s
     0     0  174.62944    0   34  187.42257  174.62944  6.83%     -   37s
     0     0  174.62944    0   35  187.42257  174.62944  6.83%     -   37s
     0     0  174.62944    0   36  187.42257  174.62944  6.83%     -   37s
     0     0  176.50283    0   29  187.42257  176.50283  5.83%     -   38s
     0     0  177.38604    0   33  187.42257  177.38604  5.36%     -   38s
     0     0  177.69603    0   41  187.42257  177.69603  5.19%     -   38s
     0     0  177.72667    0   37  187.42257  177.72667  5.17%     -   38s
     0     0  177.80500    0   40  187.42257  177.80500  5.13%     -   38s
     0     0  177.80500    0   40  187.42257  177.80500  5.13%     -   38s
     0     0  180.07449    0   33  187.42257  180.07449  3.92%     -   38s
     0     0  180.17774    0   30  187.42257  180.17774  3.87%     -   38s
     0     0  180.61803    0   31  187.42257  180.61803  3.63%     -   38s
     0     0  180.64338    0   24  187.42257  180.64338  3.62%     -   38s
     0     0  180.64338    0   26  187.42257  180.64338  3.62%     -   38s
     0     0  181.55467    0   27  187.42257  181.55467  3.13%     -   38s
     0     0  181.55467    0   39  187.42257  181.55467  3.13%     -   38s
     0     0  181.55467    0   32  187.42257  181.55467  3.13%     -   38s
     0     0  181.55467    0   28  187.42257  181.55467  3.13%     -   38s
     0     0  181.55467    0   27  187.42257  181.55467  3.13%     -   38s
     0     0  181.55467    0   28  187.42257  181.55467  3.13%     -   38s
H    0     0                     187.4225666  181.55467  3.13%     -   38s
     0     0  181.55467    0   17  187.42257  181.55467  3.13%     -   38s
     0     0  181.55467    0   17  187.42257  181.55467  3.13%     -   38s
     0     0  181.55467    0   14  187.42257  181.55467  3.13%     -   38s
     0     0  181.55467    0   14  187.42257  181.55467  3.13%     -   38s
H    0     0                     187.4225666  181.55467  3.13%     -   38s
     0     0  181.55467    0   23  187.42257  181.55467  3.13%     -   38s
     0     0  181.55467    0   21  187.42257  181.55467  3.13%     -   38s
     0     0  181.55467    0   15  187.42257  181.55467  3.13%     -   38s
     0     0  181.55467    0   12  187.42257  181.55467  3.13%     -   38s
     0     0  181.55467    0   18  187.42257  181.55467  3.13%     -   38s
     0     0  181.55467    0   13  187.42257  181.55467  3.13%     -   38s
     0     0  181.55467    0   13  187.42257  181.55467  3.13%     -   38s
     0     2  181.55467    0   12  187.42257  181.55467  3.13%     -   38s

Cutting planes:
  Gomory: 1
  Cover: 11
  Implied bound: 2
  MIR: 58
  Inf proof: 3
  Zero half: 5
  RLT: 8
  Relax-and-lift: 38

Explored 2421 nodes (81559 simplex iterations) in 39.37 seconds (22.99 work units)
Thread count was 32 (of 96 available processors)

Solution count 10: 187.423 187.423 188.401 ... 200.893

Optimal solution found (tolerance 1.00e-04)
Best objective 1.874225665832e+02, best bound 1.874225665832e+02, gap 0.0000%

User-callback calls 8023, time in user-callback 0.01 sec

Gurobi 12.0.1 (win64) logging started Sat Sep 20 08:07:40 2025

Set parameter LogFile to value "log_group_6/bound_Expr92_s7_l1051_s11_e12_o30_d60_t7200_s22_1_1_1_1.log"
Gurobi Optimizer version 12.0.1 build v12.0.1rc0 (win64 - Windows Server 2022.0 (20348.2))

CPU model: Intel(R) Xeon(R) Gold 6336Y CPU @ 2.40GHz, instruction set [SSE2|AVX|AVX2|AVX512]
Thread count: 48 physical cores, 96 logical processors, using up to 32 threads

Non-default parameters:
TimeLimit  7200

Optimize a model with 537054 rows, 525440 columns and 7400236 nonzeros
Model fingerprint: 0xd1b67b9a
Variable types: 440 continuous, 525000 integer (525000 binary)
Coefficient statistics:
  Matrix range     [1e+00, 8e+02]
  Objective range  [1e+00, 1e+00]
  Bounds range     [1e+00, 1e+03]
  RHS range        [1e+00, 8e+02]
Presolve removed 523779 rows and 513480 columns
Presolve time: 2.31s
Presolved: 13275 rows, 11960 columns, 141833 nonzeros
Variable types: 410 continuous, 11550 integer (11550 binary)
Performing another presolve...
Presolve removed 8511 rows and 8084 columns (presolve time = 13s)...
Presolve removed 8511 rows and 8084 columns
Presolve time: 12.79s
Found heuristic solution: objective 1141.9280000

Root simplex log...

Iteration    Objective       Primal Inf.    Dual Inf.      Time
       0    1.2507400e+02   8.320000e+02   0.000000e+00     16s
    3102    1.2507400e+02   0.000000e+00   0.000000e+00     17s

Root relaxation: objective 1.250740e+02, 3102 iterations, 0.21 seconds (0.21 work units)
Total elapsed time = 16.61s (DegenMoves)

    Nodes    |    Current Node    |     Objective Bounds      |     Work
 Expl Unexpl |  Obj  Depth IntInf | Incumbent    BestBd   Gap | It/Node Time

     0     0  125.07400    0  105 1141.92800  125.07400  89.0%     -   16s
H    0     0                    1119.7635000  125.07400  88.8%     -   16s
H    0     0                    1021.3328000  125.07400  87.8%     -   17s
     0     0  125.07400    0   93 1021.33280  125.07400  87.8%     -   17s
H    0     0                     986.8477000  125.07400  87.3%     -   17s
H    0     0                     960.6830000  125.07400  87.0%     -   18s
H    0     0                     958.2135000  125.07400  86.9%     -   18s
H    0     0                     957.0992000  125.07400  86.9%     -   18s
H    0     0                     943.7864333  125.07400  86.7%     -   18s
H    0     0                     932.4576000  125.07400  86.6%     -   18s
H    0     0                     927.5044667  125.07400  86.5%     -   18s
H    0     0                     923.3870667  125.07400  86.5%     -   18s
H    0     0                     901.5671667  125.07400  86.1%     -   18s
H    0     0                     897.4497667  125.07400  86.1%     -   18s
H    0     0                     897.0084667  125.07400  86.1%     -   18s
H    0     0                     767.7276000  125.07400  83.7%     -   18s
H    0     0                     664.1536000  125.07400  81.2%     -   18s
H    0     0                     430.1653000  125.07400  70.9%     -   18s
H    0     0                     429.9937000  125.07400  70.9%     -   18s
H    0     0                     374.1563667  125.07400  66.6%     -   18s
     0     0  125.07400    0   76  374.15637  125.07400  66.6%     -   18s
H    0     0                     354.0867667  125.07400  64.7%     -   18s
H    0     0                     338.0237000  125.07400  63.0%     -   18s
H    0     0                     323.6758000  125.07400  61.4%     -   18s
H    0     0                     321.7972000  125.07400  61.1%     -   18s
H    0     0                     321.3712000  125.07400  61.1%     -   18s
H    0     0                     314.2443667  125.07400  60.2%     -   18s
H    0     0                     311.5552667  125.07400  59.9%     -   18s
H    0     0                     311.5148667  125.07400  59.8%     -   18s
H    0     0                     310.5148667  125.07400  59.7%     -   18s
H    0     0                     309.3965667  125.07400  59.6%     -   18s
H    0     0                     309.3358667  125.07400  59.6%     -   18s
H    0     0                     287.2375667  125.07400  56.5%     -   18s
H    0     0                     258.2424667  125.07400  51.6%     -   19s
     0     0  125.07400    0   55  258.24247  125.07400  51.6%     -   19s
H    0     0                     238.1728667  125.07400  47.5%     -   19s
     0     0  125.07400    0   92  238.17287  125.07400  47.5%     -   19s
H    0     0                     236.8708667  125.07400  47.2%     -   20s
H    0     0                     223.4577667  125.07400  44.0%     -   20s
H    0     0                     218.8442667  125.07400  42.8%     -   20s
     0     0  125.07400    0   73  218.84427  125.07400  42.8%     -   20s
H    0     0                     215.7857667  125.07400  42.0%     -   21s
H    0     0                     213.9920667  125.07400  41.6%     -   21s
H    0     0                     209.0605667  125.07400  40.2%     -   21s
H    0     0                     205.6536667  126.47967  38.5%     -   21s
H    0     0                     202.5951667  126.47967  37.6%     -   21s
H    0     0                     201.0239667  126.47967  37.1%     -   21s
     0     0  126.47967    0   59  201.02397  126.47967  37.1%     -   22s
H    0     0                     200.9297667  126.47967  37.1%     -   22s
     0     0  126.47967    0   61  200.92977  126.47967  37.1%     -   22s
     0     0  126.47967    0  115  200.92977  126.47967  37.1%     -   23s
     0     0  126.47967    0  115  200.92977  126.47967  37.1%     -   23s
H    0     0                     200.8930333  126.47967  37.0%     -   25s
     0     0  150.03303    0   66  200.89303  150.03303  25.3%     -   26s
     0     0  150.03303    0   99  200.89303  150.03303  25.3%     -   26s
     0     0  150.03303    0   93  200.89303  150.03303  25.3%     -   26s
     0     0  150.03303    0   97  200.89303  150.03303  25.3%     -   26s
     0     0  150.03303    0   49  200.89303  150.03303  25.3%     -   26s
     0     0  150.03303    0   59  200.89303  150.03303  25.3%     -   27s
H    0     0                     196.5894667  150.03303  23.7%     -   27s
     0     0  150.03303    0   64  196.58947  150.03303  23.7%     -   27s
     0     0  150.03303    0   50  196.58947  150.03303  23.7%     -   27s
     0     0  150.03303    0   67  196.58947  150.03303  23.7%     -   27s
H    0     0                     195.8898667  150.03303  23.4%     -   27s
H    0     0                     193.4007667  150.03303  22.4%     -   27s
H    0     0                     192.4487667  150.03303  22.0%     -   27s
H    0     0                     190.3422667  150.03303  21.2%     -   27s
H    0     0                     189.3662667  150.03303  20.8%     -   27s
H    0     0                     188.4487667  150.03303  20.4%     -   27s
H    0     0                     188.4007667  150.03303  20.4%     -   27s
     0     0  150.03303    0  104  188.40077  150.03303  20.4%     -   27s
     0     0  150.03303    0   92  188.40077  150.03303  20.4%     -   27s
     0     0  150.03303    0   98  188.40077  150.03303  20.4%     -   27s
     0     0  150.03303    0  104  188.40077  150.03303  20.4%     -   27s
     0     0  150.03303    0   82  188.40077  150.03303  20.4%     -   27s
H    0     0                     187.4225667  150.03303  19.9%     -   27s
     0     0  150.04792    0  165  187.42257  150.04792  19.9%     -   28s
     0     0  150.04792    0   58  187.42257  150.04792  19.9%     -   28s
     0     0  150.04792    0  137  187.42257  150.04792  19.9%     -   28s
     0     0  150.04792    0   69  187.42257  150.04792  19.9%     -   28s
     0     0  151.43870    0  120  187.42257  151.43870  19.2%     -   29s
     0     0  151.43870    0  119  187.42257  151.43870  19.2%     -   29s
     0     0  151.43870    0  128  187.42257  151.43870  19.2%     -   29s
     0     0  151.43870    0  128  187.42257  151.43870  19.2%     -   29s
     0     0  153.97173    0   79  187.42257  153.97173  17.8%     -   29s
     0     0  154.03607    0   75  187.42257  154.03607  17.8%     -   29s
H    0     0                     187.4225666  154.03607  17.8%     -   29s
     0     0  156.88404    0   82  187.42257  156.88404  16.3%     -   29s
     0     0  156.88404    0   30  187.42257  156.88404  16.3%     -   30s
     0     0  156.88404    0  117  187.42257  156.88404  16.3%     -   30s
     0     0  156.96779    0   81  187.42257  156.96779  16.2%     -   30s
     0     0  156.96779    0   81  187.42257  156.96779  16.2%     -   30s
     0     0  157.00052    0   82  187.42257  157.00052  16.2%     -   30s
     0     0  157.00052    0   82  187.42257  157.00052  16.2%     -   30s
     0     0  161.31236    0   76  187.42257  161.31236  13.9%     -   30s
     0     0  161.33637    0   80  187.42257  161.33637  13.9%     -   30s
     0     0  166.36095    0   68  187.42257  166.36095  11.2%     -   30s
     0     0  166.76076    0   69  187.42257  166.76076  11.0%     -   30s
     0     0  174.62944    0   39  187.42257  174.62944  6.83%     -   30s
     0     0  174.62944    0   28  187.42257  174.62944  6.83%     -   31s
     0     0  174.62944    0   35  187.42257  174.62944  6.83%     -   31s
     0     0  174.62944    0   31  187.42257  174.62944  6.83%     -   31s
     0     0  174.62944    0   29  187.42257  174.62944  6.83%     -   31s
     0     0  174.62944    0   28  187.42257  174.62944  6.83%     -   31s
     0     0  174.62944    0   40  187.42257  174.62944  6.83%     -   31s
     0     0  174.62944    0   38  187.42257  174.62944  6.83%     -   31s
     0     0  174.62944    0   40  187.42257  174.62944  6.83%     -   31s
     0     0  174.62944    0   40  187.42257  174.62944  6.83%     -   31s
     0     0  174.62944    0   31  187.42257  174.62944  6.83%     -   31s
     0     0  174.62944    0   34  187.42257  174.62944  6.83%     -   31s
     0     0  174.62944    0   34  187.42257  174.62944  6.83%     -   31s
     0     0  174.62944    0   35  187.42257  174.62944  6.83%     -   31s
     0     0  174.62944    0   36  187.42257  174.62944  6.83%     -   31s
     0     0  176.50283    0   29  187.42257  176.50283  5.83%     -   31s
     0     0  177.38604    0   33  187.42257  177.38604  5.36%     -   31s
     0     0  177.69603    0   41  187.42257  177.69603  5.19%     -   31s
     0     0  177.72667    0   37  187.42257  177.72667  5.17%     -   31s
     0     0  177.80500    0   40  187.42257  177.80500  5.13%     -   31s
     0     0  177.80500    0   40  187.42257  177.80500  5.13%     -   31s
     0     0  180.07449    0   33  187.42257  180.07449  3.92%     -   31s
     0     0  180.17774    0   30  187.42257  180.17774  3.87%     -   31s
     0     0  180.61803    0   31  187.42257  180.61803  3.63%     -   31s
     0     0  180.64338    0   24  187.42257  180.64338  3.62%     -   31s
     0     0  180.64338    0   26  187.42257  180.64338  3.62%     -   31s
     0     0  181.55467    0   27  187.42257  181.55467  3.13%     -   31s
     0     0  181.55467    0   39  187.42257  181.55467  3.13%     -   31s
     0     0  181.55467    0   32  187.42257  181.55467  3.13%     -   31s
     0     0  181.55467    0   28  187.42257  181.55467  3.13%     -   31s
     0     0  181.55467    0   27  187.42257  181.55467  3.13%     -   31s
     0     0  181.55467    0   28  187.42257  181.55467  3.13%     -   31s
H    0     0                     187.4225666  181.55467  3.13%     -   31s
     0     0  181.55467    0   17  187.42257  181.55467  3.13%     -   31s
     0     0  181.55467    0   17  187.42257  181.55467  3.13%     -   31s
     0     0  181.55467    0   14  187.42257  181.55467  3.13%     -   31s
     0     0  181.55467    0   14  187.42257  181.55467  3.13%     -   31s
H    0     0                     187.4225666  181.55467  3.13%     -   31s
     0     0  181.55467    0   23  187.42257  181.55467  3.13%     -   31s
     0     0  181.55467    0   21  187.42257  181.55467  3.13%     -   31s
     0     0  181.55467    0   15  187.42257  181.55467  3.13%     -   31s
     0     0  181.55467    0   12  187.42257  181.55467  3.13%     -   31s
     0     0  181.55467    0   18  187.42257  181.55467  3.13%     -   31s
     0     0  181.55467    0   13  187.42257  181.55467  3.13%     -   31s
     0     0  181.55467    0   13  187.42257  181.55467  3.13%     -   31s
     0     2  181.55467    0   12  187.42257  181.55467  3.13%     -   31s

Cutting planes:
  Gomory: 1
  Cover: 11
  Implied bound: 2
  MIR: 58
  Inf proof: 3
  Zero half: 5
  RLT: 8
  Relax-and-lift: 38

Explored 2421 nodes (81559 simplex iterations) in 32.67 seconds (22.99 work units)
Thread count was 32 (of 96 available processors)

Solution count 10: 187.423 187.423 188.401 ... 200.893

Optimal solution found (tolerance 1.00e-04)
Best objective 1.874225665832e+02, best bound 1.874225665832e+02, gap 0.0000%

User-callback calls 8000, time in user-callback 0.01 sec
