
Gurobi 11.0.0 (win64) logging started Sun Sep 21 03:46:39 2025

Set parameter LogFile to value "log_group_6/bound_Expr229_s5_l1051_s11_e12_o20_d43_t1200_s14_0_1_0_0.log"
Gurobi Optimizer version 11.0.0 build v11.0.0rc2 (win64 - Windows 11+.0 (22631.2))

CPU model: 13th Gen Intel(R) Core(TM) i7-13650HX, instruction set [SSE2|AVX|AVX2]
Thread count: 14 physical cores, 20 logical processors, using up to 20 threads

Optimize a model with 189425 rows, 185310 columns and 1843370 nonzeros
Model fingerprint: 0x5582debe
Variable types: 310 continuous, 185000 integer (185000 binary)
Coefficient statistics:
  Matrix range     [1e+00, 8e+02]
  Objective range  [1e+00, 1e+00]
  Bounds range     [1e+00, 1e+03]
  RHS range        [1e+00, 8e+02]
Presolve removed 182365 rows and 178790 columns
Presolve time: 3.31s
Presolved: 7060 rows, 6520 columns, 52135 nonzeros
Variable types: 270 continuous, 6250 integer (6250 binary)
Found heuristic solution: objective 575.6370333

Root simplex log...

Iteration    Objective       Primal Inf.    Dual Inf.      Time
       0    0.0000000e+00   6.400000e+02   0.000000e+00      7s
    1303    0.0000000e+00   0.000000e+00   0.000000e+00      7s

Root relaxation: objective 0.000000e+00, 1303 iterations, 0.09 seconds (0.08 work units)
Total elapsed time = 6.65s (DegenMoves)

    Nodes    |    Current Node    |     Objective Bounds      |     Work
 Expl Unexpl |  Obj  Depth IntInf | Incumbent    BestBd   Gap | It/Node Time

     0     0    0.00000    0   40  575.63703    0.00000   100%     -    6s
H    0     0                     480.1892000    0.00000   100%     -    6s
H    0     0                     430.0266333    0.00000   100%     -    7s
H    0     0                     359.9299000    0.00000   100%     -    7s
H    0     0                     326.4235000    0.00000   100%     -    7s
     0     0    0.00000    0   49  326.42350    0.00000   100%     -    7s
H    0     0                     151.8199000    0.00000   100%     -   11s
H    0     0                     151.4759000    0.00000   100%     -   11s
     0     0    0.00000    0   48  151.47590    0.00000   100%     -   11s
     0     0    0.00000    0   46  151.47590    0.00000   100%     -   11s
H    0     0                     116.3156000    0.00000   100%     -   11s
     0     0    0.00000    0   40  116.31560    0.00000   100%     -   12s
     0     0    0.00000    0   41  116.31560    0.00000   100%     -   12s
     0     0    0.00000    0   42  116.31560    0.00000   100%     -   12s
     0     0    0.00000    0   42  116.31560    0.00000   100%     -   12s
     0     0    0.00000    0   42  116.31560    0.00000   100%     -   12s
     0     0    0.00000    0   42  116.31560    0.00000   100%     -   12s
     0     0    0.00000    0   42  116.31560    0.00000   100%     -   12s
     0     0    0.00000    0   42  116.31560    0.00000   100%     -   12s
     0     0    0.00000    0   42  116.31560    0.00000   100%     -   12s
     0     0    0.00000    0   42  116.31560    0.00000   100%     -   12s
     0     0    0.00000    0   42  116.31560    0.00000   100%     -   12s
     0     0    0.00000    0   42  116.31560    0.00000   100%     -   12s
     0     0    0.00000    0   42  116.31560    0.00000   100%     -   12s
     0     0    0.00000    0   40  116.31560    0.00000   100%     -   14s
     0     0    0.00000    0   42  116.31560    0.00000   100%     -   14s
     0     0    0.00000    0   42  116.31560    0.00000   100%     -   14s
     0     0    0.00000    0   42  116.31560    0.00000   100%     -   14s
     0     0    0.00000    0   42  116.31560    0.00000   100%     -   14s
     0     0    0.00000    0   42  116.31560    0.00000   100%     -   14s
     0     0    0.00000    0   42  116.31560    0.00000   100%     -   14s
     0     0    0.00000    0   42  116.31560    0.00000   100%     -   14s
     0     0    0.00000    0   42  116.31560    0.00000   100%     -   14s
     0     0    0.00000    0   43  116.31560    0.00000   100%     -   14s
     0     0    0.00000    0   45  116.31560    0.00000   100%     -   15s
     0     0    0.00000    0   45  116.31560    0.00000   100%     -   15s
     0     0    0.00000    0   40  116.31560    0.00000   100%     -   17s
     0     0    0.00000    0   40  116.31560    0.00000   100%     -   17s
     0     0    0.00000    0   40  116.31560    0.00000   100%     -   17s
     0     0    0.00000    0   40  116.31560    0.00000   100%     -   17s
H    0     0                     116.3155999    0.00000   100%     -   18s
     0     0    0.00000    0   40  116.31560    0.00000   100%     -   18s
     0     0    0.00000    0   40  116.31560    0.00000   100%     -   20s
     0     0    0.00000    0   40  116.31560    0.00000   100%     -   20s
     0     0    0.00000    0   40  116.31560    0.00000   100%     -   21s
     0     0    0.00000    0   40  116.31560    0.00000   100%     -   28s
H    0     0                     116.3155997    0.00000   100%     -   30s
     0     0    0.00000    0   50  116.31560    0.00000   100%     -   30s
     0     0    0.00000    0   50  116.31560    0.00000   100%     -   32s
H    0     0                     116.3155996    0.00000   100%     -   34s
     0     0    0.00000    0   40  116.31560    0.00000   100%     -   35s
     0     0    0.00000    0   41  116.31560    0.00000   100%     -   35s
     0     0    0.00000    0   40  116.31560    0.00000   100%     -   36s
     0     0    0.00000    0   40  116.31560    0.00000   100%     -   36s
     0     0    0.00000    0   40  116.31560    0.00000   100%     -   37s
     0     0    0.00000    0   40  116.31560    0.00000   100%     -   38s
     0     2    0.00000    0   40  116.31560    0.00000   100%     -   40s
H   28    13                     116.3155996    0.00000   100%  75.1   44s
H   30    13                     116.3155994    0.00000   100%  70.9   44s
    38    17    0.00000    7   41  116.31560    0.00000   100%  77.0   45s
   240   117    0.00000   25   40  116.31560    0.00000   100%  52.1   53s
   514   340    0.00000   46   40  116.31560    0.00000   100%  36.5   55s
  2063  1447    0.00000  210   41  116.31560    0.00000   100%  12.8   60s
  3431  3265    0.06110  336   42  116.31560    0.00000   100%  10.6   66s
  4188  3300   14.80522  374   41  116.31560    0.00000   100%   9.8   70s
  5294  4559   30.07114  474   34  116.31560    0.00000   100%  10.1   75s
H 6764  5564                     116.3155991    0.00000   100%   8.9   79s
  7020  6182   41.19480  619   28  116.31560    0.00000   100%   9.0   81s
  7844  6183   97.48984  168 1772  116.31560    0.00000   100%   8.5  114s
  7846  6184  110.23057  110   40  116.31560    0.00000   100%   8.5  119s
  7847  6185   65.06292  586   40  116.31560    3.97013  96.6%   8.5  120s
  7850  6187   21.80710  217   42  116.31560   17.01542  85.4%   8.5  125s
H 7855  5880                     116.3155990   31.50830  72.9%   8.5  130s
  7858  5882   52.45230   89   43  116.31560   36.04904  69.0%   8.5  138s
  7859  5883   44.93180  586   40  116.31560   36.11221  69.0%   8.5  140s
  7861  5884   74.64642  377   45  116.31560   36.11454  69.0%   8.5  145s
  7863  5886   41.01093  188   41  116.31560   41.01093  64.7%   8.5  152s
  7865  5887   54.75090  495   45  116.31560   54.75090  52.9%   8.5  161s
  7866  5888   94.18074  374   45  116.31560   54.75090  52.9%   8.5  172s
  7869  5891   68.63426  508 1075  116.31560   68.63426  41.0%   9.3  182s
  7875  5895   75.68529  263   29  116.31560   75.68529  34.9%   9.3  186s
  7885  5902   86.53394  273   29  116.31560   86.53394  25.6%   9.2  190s
  7902  5913   91.06008  459   54  116.31560   91.06008  21.7%   9.2  196s
  7912  5921   93.27820  538  717  116.31560   93.27820  19.8%   9.9  201s
  7922  5928  100.03321  418   73  116.31560  100.03321  14.0%   9.9  205s
  7932  5934  100.80229  144   72  116.31560  100.80229  13.3%   9.8  210s
  7940  5940  101.21200   79   74  116.31560  101.21200  13.0%   9.8  215s
  7948  5945  103.22861  332   69  116.31560  103.22861  11.3%   9.8  220s
  7955  5950  103.31083  542   81  116.31560  103.31083  11.2%   9.8  225s
  7962  5954  103.36487  447   87  116.31560  103.36487  11.1%   9.8  230s
  7974  5962  103.40610  220   70  116.31560  103.40610  11.1%   9.8  235s
  7990  5974  103.58934  110  578  116.31560  103.58934  10.9%  10.3  242s
  7995  5977  107.61313  215   46  116.31560  103.58934  10.9%  10.3  245s
  8010  5989  105.50399  580   45  116.31560  105.50399  9.30%  10.5  250s
  8376  6153  109.81462   72   23  116.31560  106.78265  8.20%  12.2  255s
 10067  6855  110.46921  121   24  116.31560  108.07173  7.09%  10.7  260s
 11862  7532  114.53432  175   16  116.31560  108.58816  6.64%   9.6  265s
 13366  8191  115.06340  219   14  116.31560  108.58816  6.64%   8.9  272s
H13369  7890                     116.3155989  108.58816  6.64%   8.9  272s
 13380  7898  114.92017  220   16  116.31560  108.58816  6.64%   8.9  276s
H13391  7609                     116.3155986  108.58816  6.64%   8.9  276s
 14803  8365  114.92018  249   16  116.31560  108.58816  6.64%   8.4  280s
 17638  9687  116.11620  318   12  116.31560  108.58816  6.64%   7.5  286s
 19470 11058  112.54581  142   20  116.31560  109.09295  6.21%   7.0  292s
 21781 11400  109.09295  124   26  116.31560  109.09295  6.21%   6.5  295s
 26991 14834  114.97298  326   18  116.31560  109.34940  5.99%   5.7  300s
 30818 19097  112.92082  231   22  116.31560  109.36223  5.98%   5.2  305s
 35423 22487  115.11620  264   14  116.31560  109.36223  5.98%   4.9  310s
 38461 25302  115.11620  339   12  116.31560  109.36223  5.98%   4.8  315s
 39552 25303  115.06340  268  513  116.31560  109.36223  5.98%   4.8  366s
 39558 25307  116.29100  302   39  116.31560  109.36223  5.98%   4.8  371s
 39564 25311  114.28993  237   47  116.31560  109.36223  5.98%   4.8  380s
 39566 25312  110.65141  154   50  116.31560  109.36223  5.98%   4.8  385s
H39567 24047                     116.3155980  109.36223  5.98%   4.8  389s
 39569 24048  115.11620  316   42  116.31560  109.45350  5.90%   4.8  393s
 39571 24050  114.92017   96   47  116.31560  109.58415  5.79%   4.8  396s
 39572 24050  114.08627  251   42  116.31560  109.73054  5.66%   4.8  400s
 39576 24053  112.31863  126   42  116.31560  110.58596  4.93%   4.8  405s
 39580 24056  115.11620  333   30  116.31560  111.47823  4.16%   4.8  410s
 39586 24060  116.30150  403   35  116.31560  111.89191  3.80%   4.8  416s
 39591 24063  114.97297  319   38  116.31560  111.94650  3.76%   4.8  420s
 39595 24066  115.11620  350   39  116.31560  111.94650  3.76%   4.8  426s
 39597 24067  114.03347  265   39  116.31560  111.94650  3.76%   4.8  430s
H39668 22901                     116.3155977  112.03093  3.68%   4.8  433s
H39679 21754                     116.3155975  112.03093  3.68%   4.8  433s
 39680 21763  112.27212   71   26  116.31560  112.03093  3.68%   4.8  443s
 39722 21780  112.27212   73   27  116.31560  112.03093  3.68%   4.8  446s
H39724 20694                     116.3155966  112.03093  3.68%   4.8  446s
 39918 20761  114.66372   81   18  116.31560  112.03093  3.68%   4.9  450s
 40505 21008  114.66372  102   18  116.31560  112.27212  3.48%   4.9  455s
 42002 21431  114.92017  145   20  116.31560  112.27212  3.48%   4.9  460s
 45731 23282 infeasible  202       116.31560  112.27212  3.48%   4.9  465s
 52573 25927  115.29100  116   12  116.31560  112.31581  3.44%   4.7  471s
 56528 28250  114.76021   92   16  116.31560  112.36861  3.39%   4.6  476s
 58643 29663  114.13025  130   19  116.31560  112.36861  3.39%   4.6  480s
 64497 31218     cutoff  186       116.31560  112.92082  2.92%   4.6  485s
 71868 35150  115.06340  144   18  116.31560  112.92082  2.92%   4.5  490s
 78264 39318  114.66372   88   16  116.31560  112.92082  2.92%   4.4  500s
 81339 38301  116.28050  274    4  116.31560  112.92082  2.92%   4.3  507s
 81846 39056  114.66372  145   20  116.31560  112.92082  2.92%   4.3  510s
 86625 42104  114.92017  199   16  116.31560  112.96452  2.88%   4.2  516s
 89736 44371  112.96452  129   18  116.31560  112.96452  2.88%   4.2  520s
 95892 46633  115.01667  153   10  116.31560  112.96452  2.88%   4.1  525s
 100713 49257  115.23820   98   12  116.31560  112.96452  2.88%   4.0  531s
 106574 54059  115.27433  169   10  116.31560  112.96452  2.88%   4.0  536s
 111630 58496  115.05177  147    8  116.31560  112.96452  2.88%   3.9  540s
 116739 61246  115.29100  156  494  116.31560  112.96452  2.88%   3.9  550s
 116747 61251  115.23820  170   37  116.31560  112.96452  2.88%   3.9  556s
 116750 61253  114.92017  126   21  116.31560  112.96452  2.88%   3.9  562s
 116752 61255  114.97299  263   20  116.31560  112.96452  2.88%   3.9  566s
 116753 61255  114.70741  139   25  116.31560  112.96452  2.88%   3.9  572s
 116755 61257  116.28050  137   30  116.31560  112.96452  2.88%   3.9  577s
 116756 61257  116.30150  308   19  116.31560  112.96452  2.88%   3.9  582s
 116758 61259  114.96387  135   21  116.31560  112.96452  2.88%   3.9  588s
 116759 61259  115.15990  336   20  116.31560  112.96452  2.88%   3.9  591s
H116759 58195                     116.3155030  112.96452  2.88%   3.9  592s
 116761 58197  116.28050  222   24  116.31550  112.96452  2.88%   3.9  596s
 116765 58199  115.23820  153   32  116.31550  112.96452  2.88%   3.9  603s
 116767 58201  114.97297  187   30  116.31550  112.96452  2.88%   3.9  606s
 116771 58203  115.06340   80   30  116.31550  112.96452  2.88%   3.9  611s
 116775 58206  116.29100  297   31  116.31550  112.96452  2.88%   3.9  615s
 116777 58207  114.96387  110   19  116.31550  112.96452  2.88%   3.9  621s
 116779 58209  115.23820   98   20  116.31550  112.96452  2.88%   3.9  627s
 116780 58209  114.70741  109   20  116.31550  113.02978  2.82%   3.9  630s
 116784 58212  114.70741  119   23  116.31550  113.40665  2.50%   3.9  635s
 116787 58214  114.96387  118   19  116.31550  113.40665  2.50%   3.9  640s
 116789 58215  115.06599  249   19  116.31550  113.40665  2.50%   3.9  646s
 116790 58216  113.50596   81   24  116.31550  113.50596  2.42%   3.9  650s
 116793 58218  114.70741  158   27  116.31550  113.58784  2.35%   3.9  655s
 116796 58220  114.70741  170   17  116.31550  113.58784  2.35%   3.9  661s
 116797 58221  115.01672  233   19  116.31550  113.58784  2.35%   3.9  665s
 116799 58222  114.96387  229   16  116.31550  113.58784  2.35%   3.9  671s
 116802 58224  115.06340  118   23  116.31550  113.59644  2.34%   3.9  676s
 116807 58227  114.97297  167   25  116.31550  113.60249  2.33%   3.9  681s
 116808 58228  114.92017  215   21  116.31550  113.60249  2.33%   3.9  685s
 116811 58230  114.96387  143   22  116.31550  113.60468  2.33%   3.9  690s
 116814 58232  113.60468   93   21  116.31550  113.60468  2.33%   3.9  696s
 116816 58233  116.28050  302   23  116.31550  113.60766  2.33%   3.9  703s
 116817 58234  115.29100  322   26  116.31550  113.60820  2.33%   3.9  706s
 116821 58237  114.96387  123   27  116.31550  113.61190  2.32%   3.9  711s
 116823 58238  115.15990  253   24  116.31550  113.61190  2.32%   3.9  715s
 116826 58240  114.70741  204   24  116.31550  113.61190  2.32%   3.9  722s
 116827 58241  115.01667  147   29  116.31550  113.61190  2.32%   3.9  725s
 116829 58242  114.97297  172   21  116.31550  113.61971  2.32%   3.9  731s
 116833 58245  114.96387   95   31  116.31550  113.71428  2.24%   3.9  735s
 116839 58249  115.29100  156   26  116.31550  113.75715  2.20%   3.9  741s
 116843 58251  115.11620  175   32  116.31550  113.78593  2.17%   3.9  745s
 116849 58255  116.22770  124   60  116.31550  113.84143  2.13%   3.9  751s
 116852 58257  114.97299  263   57  116.31550  113.84143  2.13%   3.9  755s
 116855 58259  116.28050  137   57  116.31550  113.84143  2.13%   3.9  761s
 116858 58261  114.96387  135   55  116.31550  113.84143  2.13%   3.9  765s
 116939 58299  114.38309   81   50  116.31550  113.97247  2.01%   4.0  770s
 118894 59200  114.26259  133   31  116.31550  114.26105  1.77%   4.0  775s
 122949 60855  114.30292  139   20  116.31550  114.26105  1.77%   4.0  780s
 129609 64191  114.46663  145   18  116.31550  114.30292  1.73%   3.9  785s
 136677 68448  115.47713  140   16  116.31550  114.30292  1.73%   3.8  791s
 144845 73631  115.23820  207   14  116.31550  114.38313  1.66%   3.7  795s
 153931 77893  116.24870  146   12  116.31550  114.38389  1.66%   3.6  800s
 160868 81512  116.24870  223    4  116.31550  114.38805  1.66%   3.6  805s
 169389 86170  114.96387  137   14  116.31550  114.39273  1.65%   3.5  810s
 176335 88743 infeasible  151       116.31550  114.39855  1.65%   3.4  815s
 184632 93732  116.24870  206    8  116.31550  114.40610  1.64%   3.4  821s
 191671 97414  115.56710  144   12  116.31550  114.42454  1.63%   3.3  826s
 196048 100280  114.55660  139   15  116.31550  114.42550  1.62%   3.3  832s
 203676 102677  116.24870  177   10  116.31550  114.42550  1.62%   3.3  836s
 211164 105490  116.24870  168    6  116.31550  114.42550  1.62%   3.3  840s
 217835 109892  116.28050  187    2  116.31550  114.42550  1.62%   3.2  849s
 221177 110537  116.22770  210    4  116.31550  114.42550  1.62%   3.2  851s
 225726 112684  116.29440   88   13  116.31550  114.42550  1.62%   3.2  855s
 231728 115189  116.24870  184    4  116.31550  114.42550  1.62%   3.2  861s
 235835 116775  116.28380  189    2  116.31550  114.42550  1.62%   3.1  865s
 237200 118273  115.54610  121   11  116.31550  114.42550  1.62%   3.1  875s
 242603 120761  114.55660  143   14  116.31550  114.42550  1.62%   3.1  881s
 247328 123831  114.55792  123   13  116.31550  114.42550  1.62%   3.1  885s
 254348 126768  115.56710  146   10  116.31550  114.42550  1.62%   3.1  890s
 256439 129131  116.24870  176    4  116.31550  114.42550  1.62%   3.1  896s
 263457 131344  116.22770  210    4  116.31550  114.42550  1.62%   3.0  901s
 268111 133181  115.54610  116   11  116.31550  114.42550  1.62%   3.0  905s
 274022 137370 infeasible  307       116.31550  114.42550  1.62%   3.0  911s
 276904 139411  116.22770  248    4  116.31550  114.42550  1.62%   3.0  917s
 282286 140914  115.56710  163   10  116.31550  114.42550  1.62%   3.0  920s
 287543 142717  116.30150  185    4  116.31550  114.42550  1.62%   3.0  925s
 292918 145580  115.23820  149    9  116.31550  114.42550  1.62%   2.9  930s
 295871 148475  116.29440  126   12  116.31550  114.42550  1.62%   2.9  936s
 297640 150105  116.22770  136    8  116.31550  114.42550  1.62%   2.9  945s
 302535 154756  115.56710  127   10  116.31550  114.42550  1.62%   2.9  951s
 306605 157691     cutoff  152       116.31550  114.42550  1.62%   2.9  955s
 313589 163357  115.54610  142   10  116.31550  114.42550  1.62%   2.9  961s
 318351 167840  114.55660  107   14  116.31550  114.42550  1.62%   2.9  968s
 321065 168935  116.24870  224    4  116.31550  114.42550  1.62%   2.9  970s
 327977 175079  114.55660  131   21  116.31550  114.42550  1.62%   2.9  976s
 332926 179177  116.24870  245    6  116.31550  114.42550  1.62%   2.9  981s
 336606 182394  116.22770  175    8  116.31550  114.42550  1.62%   2.8  986s
 338348 184382  114.55660  160   15  116.31550  114.42550  1.62%   2.8  991s
 341990 188467  116.28050  243    4  116.31550  114.42550  1.62%   2.8  996s
 348308 192280  114.55660  162   16  116.31550  114.42550  1.62%   2.8 1001s
 352335 196054  114.55660  148   11  116.31550  114.42550  1.62%   2.8 1006s
 356174 199176  115.54610  138   12  116.31550  114.42550  1.62%   2.8 1011s
 358430 201774  115.56710  166    8  116.31550  114.42550  1.62%   2.8 1017s
 361398 201984  115.54610  130   13  116.31550  114.42550  1.62%   2.8 1020s
 366147 207292  116.24870  280    6  116.31550  114.42550  1.62%   2.8 1025s
 370410 211243  115.54610  187   12  116.31550  114.42550  1.62%   2.8 1031s
 374081 214067  116.24870  240    8  116.31550  114.42550  1.62%   2.8 1035s
 378052 218396     cutoff  140       116.31550  114.42550  1.62%   2.8 1043s
 383124 221806  116.30150  249    4  116.31550  114.42550  1.62%   2.8 1046s
 389099 227507  115.54610  155   14  116.31550  114.42550  1.62%   2.7 1051s
 393972 231707  116.24870  209    4  116.31550  114.42550  1.62%   2.7 1055s
 397808 235057  116.24870  185    4  116.31550  114.42550  1.62%   2.7 1063s
 400057 237329  114.42550  166   15  116.31550  114.42550  1.62%   2.7 1067s
 404128 241165  115.59745  197   14  116.31550  114.42550  1.62%   2.7 1072s
 408846 244854  116.28050  173    2  116.31550  114.42550  1.62%   2.7 1076s
 411625 247563  116.24870  194    8  116.31550  114.42550  1.62%   2.7 1081s
 417471 253088  115.23966  225   14  116.31550  114.42550  1.62%   2.7 1092s
 422275 255093     cutoff  271       116.31550  114.42550  1.62%   2.7 1095s
 425255 258371  115.59745  182   10  116.31550  114.42550  1.62%   2.7 1100s
 431307 264067  116.22770  244    6  116.31550  114.42550  1.62%   2.7 1106s
 435283 267624  114.42550  152   17  116.31550  114.42550  1.62%   2.7 1110s
 441042 272322  116.24870  231    4  116.31550  114.42550  1.62%   2.7 1117s
 445108 275882  114.55660   93   10  116.31550  114.42550  1.62%   2.7 1120s
 449832 279842 infeasible  154       116.31550  114.42550  1.62%   2.6 1127s
 452125 281870  116.26280  340    2  116.31550  114.42550  1.62%   2.6 1130s
 455689 284919 infeasible  287       116.31550  114.42550  1.62%   2.6 1135s
 457784 287675  116.24870  233    4  116.31550  114.42550  1.62%   2.6 1141s
 462956 291100  115.56710  159   10  116.31550  114.42550  1.62%   2.6 1145s
 467314 295121  116.30150  173    4  116.31550  114.42550  1.62%   2.6 1150s
 472085 298487 infeasible  305       116.31550  114.42550  1.62%   2.6 1155s
 478791 305354  116.28380  237    2  116.31550  114.42550  1.62%   2.6 1165s
 486604 311753 infeasible  321       116.31550  114.42550  1.62%   2.6 1171s
 491764 316090  115.56710  177   14  116.31550  114.42550  1.62%   2.6 1176s
 495488 318171  116.28050  175    2  116.31550  114.42550  1.62%   2.6 1180s
 498076 321640  115.61845  178   10  116.31550  114.42550  1.62%   2.6 1189s
 501138 323355  116.28380  221    2  116.31550  114.42550  1.62%   2.6 1192s
 505251 326253  116.24870  155    8  116.31550  114.42550  1.62%   2.6 1196s

Cutting planes:
  Gomory: 4
  Cover: 1
  MIR: 7
  Flow cover: 52
  GUB cover: 1
  Relax-and-lift: 216

Explored 510505 nodes (1312542 simplex iterations) in 1201.18 seconds (228.20 work units)
Thread count was 20 (of 20 available processors)

Solution count 10: 116.316 116.316 116.316 ... 116.316

Time limit reached
Best objective 1.163155029645e+02, best bound 1.144255018823e+02, gap 1.6249%

User-callback calls 1122268, time in user-callback 8.66 sec
