
Gurobi 10.0.1 (win64) logging started Sun Sep 21 15:41:24 2025

Set parameter LogFile to value "log_group_6/bound_Expr401_s7_l1051_s11_e12_o40_d80_t60_s36_1_1_1_1.log"
Gurobi Optimizer version 10.0.1 build v10.0.1rc0 (win64)

CPU model: Intel(R) Core(TM) i7-10700 CPU @ 2.90GHz, instruction set [SSE2|AVX|AVX2]
Thread count: 8 physical cores, 16 logical processors, using up to 16 threads

Optimize a model with 615642 rows, 602470 columns and 8448966 nonzeros
Model fingerprint: 0x54dacdc6
Variable types: 470 continuous, 602000 integer (602000 binary)
Coefficient statistics:
  Matrix range     [1e+00, 8e+02]
  Objective range  [1e+00, 1e+00]
  Bounds range     [1e+00, 1e+03]
  RHS range        [1e+00, 8e+02]
Presolve removed 609116 rows and 596783 columns
Presolve time: 4.20s
Presolved: 6526 rows, 5687 columns, 59972 nonzeros
Variable types: 331 continuous, 5356 integer (5350 binary)
Found heuristic solution: objective 2131.2314667

Root simplex log...

Iteration    Objective       Primal Inf.    Dual Inf.      Time
       0    1.8602440e+02   9.400000e+02   0.000000e+00      5s
    5017    1.8602440e+02   0.000000e+00   0.000000e+00      6s

Root relaxation: objective 1.860244e+02, 5017 iterations, 0.40 seconds (0.74 work units)

    Nodes    |    Current Node    |     Objective Bounds      |     Work
 Expl Unexpl |  Obj  Depth IntInf | Incumbent    BestBd   Gap | It/Node Time

     0     0  186.02440    0   82 2131.23147  186.02440  91.3%     -    6s
H    0     0                    1631.6269667  186.02440  88.6%     -    6s
H    0     0                     827.5021667  186.02440  77.5%     -    6s
     0     0  186.02440    0  249  827.50217  186.02440  77.5%     -    6s
H    0     0                     778.8606000  186.02440  76.1%     -    6s
     0     0  186.02440    0  229  778.86060  186.02440  76.1%     -    6s
H    0     0                     735.7878000  186.02440  74.7%     -    7s
H    0     0                     534.8633333  186.02440  65.2%     -    7s
H    0     0                     437.4152000  186.02440  57.5%     -    7s
H    0     0                     427.0805333  186.02440  56.4%     -    7s
     0     0  186.02440    0   97  427.08053  186.02440  56.4%     -    7s
H    0     0                     384.2006333  186.02440  51.6%     -    8s
     0     0  186.02440    0  112  384.20063  186.02440  51.6%     -    8s
H    0     0                     304.5495000  186.02440  38.9%     -    9s
     0     0  186.02440    0  109  304.54950  186.02440  38.9%     -    9s
H    0     0                     299.9021000  186.02440  38.0%     -    9s
H    0     0                     298.7184333  186.02440  37.7%     -   10s
     0     0  186.02440    0   65  298.71843  186.02440  37.7%     -   10s
H    0     0                     296.4582333  186.02440  37.3%     -   11s
     0     0  186.02440    0   65  296.45823  186.02440  37.3%     -   11s
     0     0  186.02440    0  101  296.45823  186.02440  37.3%     -   12s
     0     0  186.02440    0   85  296.45823  186.02440  37.3%     -   12s
H    0     0                     295.7958333  186.02440  37.1%     -   12s
H    0     2                     282.0516333  186.02440  34.0%     -   13s
     0     2  186.02440    0   85  282.05163  186.02440  34.0%     -   13s
H   31    34                     279.3598333  186.02440  33.4%   568   14s
H   31    34                     261.8181333  186.02440  28.9%   568   14s
    47    43  186.02440    8  266  261.81813  186.02440  28.9%   540   15s
H   71    59                     257.0659333  186.02440  27.6%   521   17s
H   71    59                     256.7635691  186.02440  27.6%   521   17s
H   73    59                     254.9345333  186.02440  27.0%   508   17s
H   76    59                     254.6069333  186.02440  26.9%   496   17s
H  107    91                     254.5130333  186.02440  26.9%   386   18s
   175   141  186.02440   23  193  254.51303  186.02440  26.9%   260   20s
H  502   342                     254.3898667  186.02440  26.9%   151   24s
H  508   342                     254.3645333  186.02440  26.9%   149   24s
   555   446  186.02440   56  107  254.36453  186.02440  26.9%   148   25s
  1445  1069  218.26000   13   85  254.36453  186.02440  26.9%   132   31s
  1451  1074  218.26000    4   85  254.36453  216.98535  14.7%   140   36s
  1459  1080  218.13767   57  129  254.36453  218.13767  14.2%   146   40s
  1468  1088  231.21627   42  133  254.36453  231.21627  9.10%   156   45s

Cutting planes:
  Gomory: 18
  Cover: 10
  Implied bound: 13
  Projected implied bound: 23
  Clique: 9
  MIR: 26
  StrongCG: 4
  Flow cover: 50
  GUB cover: 11
  Zero half: 3
  RLT: 8
  Relax-and-lift: 39

Explored 1484 nodes (284738 simplex iterations) in 47.30 seconds (85.21 work units)
Thread count was 16 (of 16 available processors)

Solution count 10: 254.365 254.39 254.513 ... 282.052

Optimal solution found (tolerance 1.00e-04)
Best objective 2.543645333333e+02, best bound 2.543645333333e+02, gap 0.0000%

User-callback calls 9714, time in user-callback 0.03 sec
