
Gurobi 12.0.1 (win64) logging started Sun Sep 21 19:30:11 2025

Set parameter LogFile to value "log_group_6/bound_Expr248_s5_l1051_s11_e12_o20_d42_t1200_s13_1_0_1_0.log"
Gurobi Optimizer version 12.0.1 build v12.0.1rc0 (win64 - Windows Server 2022.0 (20348.2))

CPU model: Intel(R) Xeon(R) Gold 6336Y CPU @ 2.40GHz, instruction set [SSE2|AVX|AVX2|AVX512]
Thread count: 48 physical cores, 96 logical processors, using up to 32 threads

Non-default parameters:
TimeLimit  1200

Optimize a model with 156195 rows, 155310 columns and 1935270 nonzeros
Model fingerprint: 0x852f5d79
Variable types: 310 continuous, 155000 integer (155000 binary)
Coefficient statistics:
  Matrix range     [1e+00, 9e+02]
  Objective range  [1e+00, 1e+00]
  Bounds range     [1e+00, 1e+03]
  RHS range        [1e+00, 9e+02]
Presolve removed 148790 rows and 148790 columns
Presolve time: 0.55s
Presolved: 7405 rows, 6520 columns, 77685 nonzeros
Variable types: 270 continuous, 6250 integer (6250 binary)
Found heuristic solution: objective 383.5869333
Performing another presolve...
Presolve removed 6651 rows and 5912 columns
Presolve time: 0.24s
Found heuristic solution: objective 323.8594000

Root relaxation: objective 6.641953e+01, 246 iterations, 0.01 seconds (0.01 work units)

    Nodes    |    Current Node    |     Objective Bounds      |     Work
 Expl Unexpl |  Obj  Depth IntInf | Incumbent    BestBd   Gap | It/Node Time

     0     0   66.41953    0   55  323.85940   66.41953  79.5%     -    1s
H    0     0                     202.6907000   66.41953  67.2%     -    1s
H    0     0                     176.7493333   66.41953  62.4%     -    1s
H    0     0                     175.9926667   66.41953  62.3%     -    1s
     0     0   66.41953    0   18  175.99267   66.41953  62.3%     -    1s
     0     0   66.41953    0   20  175.99267   66.41953  62.3%     -    1s
H    0     0                     124.0909000   66.41953  46.5%     -    1s
     0     0   75.61182    0   22  124.09090   75.61182  39.1%     -    1s
     0     0   75.61182    0   21  124.09090   75.61182  39.1%     -    1s
H    0     0                     123.3927333   75.61182  38.7%     -    1s
     0     0  108.36425    0   19  123.39273  108.36425  12.2%     -    1s
H    0     0                     122.5775667  108.36425  11.6%     -    1s
H    0     0                     121.8209000  108.36425  11.0%     -    1s
     0     0  108.42479    0   18  121.82090  108.42479  11.0%     -    1s
     0     0  115.27897    0   18  121.82090  115.27897  5.37%     -    1s
     0     0  115.27897    0   21  121.82090  115.27897  5.37%     -    1s
     0     0  115.27897    0   21  121.82090  115.27897  5.37%     -    1s
     0     0  115.27897    0   22  121.82090  115.27897  5.37%     -    1s
     0     0  115.27897    0   19  121.82090  115.27897  5.37%     -    1s
     0     0  120.82090    0   12  121.82090  120.82090  0.82%     -    1s
     0     0  120.82090    0   11  121.82090  120.82090  0.82%     -    1s
     0     0  120.82090    0   11  121.82090  120.82090  0.82%     -    1s
     0     0  120.82090    0    7  121.82090  120.82090  0.82%     -    1s
     0     0  120.82090    0    4  121.82090  120.82090  0.82%     -    1s
     0     0  120.82090    0    7  121.82090  120.82090  0.82%     -    1s
     0     0  120.82090    0    7  121.82090  120.82090  0.82%     -    1s
     0     0  120.82090    0   11  121.82090  120.82090  0.82%     -    1s
     0     0          -    0       121.82090  121.82090  0.00%     -    1s

Cutting planes:
  Learned: 1
  Gomory: 4
  MIR: 8
  RLT: 1
  Relax-and-lift: 2

Explored 1 nodes (1458 simplex iterations) in 1.51 seconds (1.63 work units)
Thread count was 32 (of 96 available processors)

Solution count 9: 121.821 122.578 123.393 ... 383.587

Optimal solution found (tolerance 1.00e-04)
Best objective 1.218209000000e+02, best bound 1.218208998520e+02, gap 0.0000%

User-callback calls 501, time in user-callback 0.00 sec
