
Gurobi 10.0.1 (win64) logging started Sun Sep 21 07:50:52 2025

Set parameter LogFile to value "log_group_6/bound_Expr127_s10_l1051_s11_e12_o80_d160_t7200_s57_1_1_1_1.log"
Gurobi Optimizer version 10.0.1 build v10.0.1rc0 (win64)

CPU model: Intel(R) Core(TM) i7-10700 CPU @ 2.90GHz, instruction set [SSE2|AVX|AVX2]
Thread count: 8 physical cores, 16 logical processors, using up to 16 threads

Optimize a model with 2776538 rows, 2720740 columns and 36240080 nonzeros
Model fingerprint: 0xa6248937
Variable types: 740 continuous, 2720000 integer (2720000 binary)
Coefficient statistics:
  Matrix range     [6e-01, 9e+02]
  Objective range  [1e+00, 1e+00]
  Bounds range     [1e+00, 1e+03]
  RHS range        [9e-01, 9e+02]
Presolve removed 80 rows and 80 columns (presolve time = 5s) ...
Presolve removed 80 rows and 2673080 columns (presolve time = 10s) ...
Presolve removed 2750377 rows and 2695660 columns (presolve time = 15s) ...
Presolve removed 2749979 rows and 2695262 columns
Presolve time: 15.88s
Presolved: 26559 rows, 25478 columns, 153955 nonzeros
Variable types: 580 continuous, 24898 integer (24898 binary)
Found heuristic solution: objective 7935.7279000
Deterministic concurrent LP optimizer: primal and dual simplex
Showing first log only...


Root simplex log...

Iteration    Objective       Primal Inf.    Dual Inf.      Time
       0   -5.5465000e+04   1.254674e+04   4.002104e+08     22s
   10238    5.9735000e+04   0.000000e+00   6.400000e+02     23s
   10384    3.0178293e+02   0.000000e+00   0.000000e+00     23s
Concurrent spin time: 0.17s

Solved with primal simplex
   10384    3.0178293e+02   0.000000e+00   0.000000e+00     23s

Root relaxation: objective 3.017829e+02, 10384 iterations, 1.28 seconds (2.67 work units)
Total elapsed time = 25.10s

    Nodes    |    Current Node    |     Objective Bounds      |     Work
 Expl Unexpl |  Obj  Depth IntInf | Incumbent    BestBd   Gap | It/Node Time

     0     0  301.78293    0  266 7935.72790  301.78293  96.2%     -   26s
H    0     0                    6033.5640667  301.78293  95.0%     -   26s
H    0     0                    5529.9826667  301.78293  94.5%     -   26s
     0     0  301.78293    0  335 5529.98267  301.78293  94.5%     -   29s
H    0     0                    3699.8485333  301.78293  91.8%     -   34s
     0     0  301.78293    0  340 3699.84853  301.78293  91.8%     -   34s
H    0     0                    3492.3265667  301.78293  91.4%     -   42s
     0     0  301.78293    0  295 3492.32657  301.78293  91.4%     -   42s
H    0     0                    2645.9924667  301.78293  88.6%     -   45s
     0     0  301.78293    0  297 2645.99247  301.78293  88.6%     -   46s
H    0     0                    2108.8662323  301.78293  85.7%     -   59s
H    0     0                    1900.6393667  301.78293  84.1%     -   59s
     0     0  301.78293    0  224 1900.63937  301.78293  84.1%     -   59s
H    0     0                    1195.9778333  301.78293  74.8%     -   66s
     0     0  301.78293    0  287 1195.97783  301.78293  74.8%     -   66s
     0     0  301.78293    0  293 1195.97783  301.78293  74.8%     -   69s
     0     0  301.78293    0  292 1195.97783  301.78293  74.8%     -   71s
H    0     0                    1029.0094000  301.78293  70.7%     -   76s
H    0     0                     855.0774667  301.78293  64.7%     -   79s
     0     2  301.78293    0  249  855.07747  301.78293  64.7%     -   84s
     1     4  301.78293    1  315  855.07747  301.78293  64.7% 14740   85s
H   31    37                     829.6669333  301.78293  63.6%   686  102s
H   31    37                     822.7257000  301.78293  63.3%   686  102s
H   32    37                     761.2500667  301.78293  60.4%   668  102s
    56    62  301.78293    9  368  761.25007  301.78293  60.4%   466  106s
H   64    70                     616.5760667  301.78293  51.1%   413  117s
H   65    70                     607.2953333  301.78293  50.3%   409  117s
H   66    70                     600.5608333  301.78293  49.7%   405  118s
    80    82  301.78293   12  421  600.56083  301.78293  49.7%   425  120s
   142   131  301.78293   18  356  600.56083  301.78293  49.7%   375  125s
   226   191  301.78293   29  358  600.56083  301.78293  49.7%   317  131s
   285   231  301.78293   35  339  600.56083  301.78293  49.7%   300  136s
   321   290  301.78293   39  331  600.56083  301.78293  49.7%   292  140s
   485   405  301.78293   50  343  600.56083  301.78293  49.7%   227  147s
   546   440  301.78293   56  340  600.56083  301.78293  49.7%   218  151s
   593   484  301.78293   64  341  600.56083  301.78293  49.7%   213  155s
   722   614  301.78293   86  348  600.56083  301.78293  49.7%   212  164s
   815   700  301.78293   98  344  600.56083  301.78293  49.7%   203  169s
   924   778  301.78293  111  323  600.56083  301.78293  49.7%   195  175s
  1027   874  301.78293  126  338  600.56083  301.78293  49.7%   195  181s
  1146  1010  301.78293  143  326  600.56083  301.78293  49.7%   190  189s
  1331  1189  301.78293  163  399  600.56083  301.78293  49.7%   177  200s
  1537  1233  301.78293  173  513  600.56083  301.78293  49.7%   183  206s
  1589  1382  301.78293  175  462  600.56083  301.78293  49.7%   184  216s
  1767  1575  301.78293  187  481  600.56083  301.78293  49.7%   182  228s
  1991  1844  301.78293  210  461  600.56083  301.78293  49.7%   180  243s
H 2270  1787                     576.7734333  301.78293  47.7%   174  274s
H 2271  1757                     551.1887903  301.78293  45.2%   174  274s
  2280  1946  301.78293  221  367  551.18879  301.78293  45.2%   174  288s
  2512  2254  301.78293  246  341  551.18879  301.78293  45.2%   170  316s
H 2538  2254                     551.0446333  301.78293  45.2%   170  316s
  2854  2819  303.64327  273  362  551.04463  301.78293  45.2%   161  334s
  3441  3267  307.14710  312  378  551.04463  301.78293  45.2%   151  350s
  3969  3579  307.14710  345  412  551.04463  301.78293  45.2%   143  366s
H 4068  3573                     549.7493667  301.78293  45.1%   141  366s
H 4092  3520                     544.4489667  301.78293  44.6%   141  366s
  4304  3892  307.14710  444  305  544.44897  301.78293  44.6%   144  381s
  4683  4543  307.14710  530  376  544.44897  301.78293  44.6%   145  399s
H 5339  4800                     544.4479361  301.78293  44.6%   146  415s
H 5588  4800                     544.3499667  301.78293  44.6%   151  415s
  5596  5127  307.14710  663  269  544.34997  301.78293  44.6%   152  433s
  5929  5475  307.14710  687  344  544.34997  301.78293  44.6%   166  451s
  6279  6233  307.14710  735  273  544.34997  301.78293  44.6%   181  470s
  7039  6567  307.14710  880  295  544.34997  301.78293  44.6%   184  491s
H 7223  6563                     542.2641667  301.78293  44.3%   185  491s
  7377  6564  512.99850  217  292  542.26417  301.78293  44.3%   196  567s
  7379  6565  396.89617  606  358  542.26417  301.78293  44.3%   196  614s
  7380  6566  534.64793 1038  307  542.26417  301.78293  44.3%   196  666s
  7381  6567  511.26127   63  467  542.26417  301.78293  44.3%   196  673s
  7382  6567  307.14710  756  613  542.26417  301.78293  44.3%   196  699s
  7383  6568  397.43319  333  515  542.26417  301.78293  44.3%   196  705s
  7384  6569  435.45467  867  799  542.26417  301.78293  44.3%   196  744s
  7385  6569  498.69220  646  674  542.26417  301.78293  44.3%   196  753s
  7386  6570  301.78293  119  327  542.26417  301.78293  44.3%   196  828s
  7387  6571  435.45467  680  513  542.26417  301.78293  44.3%   196  840s
  7388  6571  396.89617  756  579  542.26417  301.97517  44.3%   196  893s
  7389  6572  323.11473  673  784  542.26417  302.00301  44.3%   195  897s
  7390  6573  417.88527  371  687  542.26417  302.00349  44.3%   195  900s
  7391  6573  307.14710  505  708  542.26417  302.00349  44.3%   195  907s
  7392  6574  524.75173  476  519  542.26417  303.36795  44.1%   195  951s
  7393  6575  307.14710  377  797  542.26417  304.12964  43.9%   195  957s
  7394  6575  304.89310  137  917  542.26417  304.27126  43.9%   195  973s
  7395  6576  527.99640  799  663  542.26417  304.27179  43.9%   195  976s
  7396  6577  396.89617  523  678  542.26417  304.27185  43.9%   195  984s
  7397  6577  396.89617  653  623  542.26417  305.98403  43.6%   195 1062s
  7398  6578  393.20287  432 1038  542.26417  307.10211  43.4%   195 1077s
  7399  6579  435.45467  398 1026  542.26417  307.13203  43.4%   195 1081s
  7400  6579  384.40283  159 1028  542.26417  307.13206  43.4%   195 1092s
H 7400  6249                     542.2641659  309.34766  43.0%   195 1122s
  7402  6251  534.64793  974 1019  542.26417  310.66947  42.7%   195 1137s
  7403  6251  396.89617  164  999  542.26417  310.81600  42.7%   195 1143s
  7404  6252  393.20287  704 1012  542.26417  310.81609  42.7%   195 1155s
  7405  6253  435.45467  488  781  542.26417  313.52787  42.2%   195 1185s
  7406  6253  316.19042  250  959  542.26417  316.19042  41.7%   195 1203s
  7407  6254  420.95090  206  947  542.26417  316.84493  41.6%   195 1209s
  7408  6255  512.99850  212  928  542.26417  316.86734  41.6%   195 1211s
  7410  6256  396.89617  779  922  542.26417  316.87545  41.6%   195 1215s
  7411  6257  323.11473  602  916  542.26417  316.87545  41.6%   195 1227s
  7412  6257  424.00013  530  820  542.26417  320.74473  40.9%   195 1267s
  7413  6258  417.88527  478  981  542.26417  322.71569  40.5%   195 1275s
  7414  6259  435.45467  427  993  542.26417  322.83666  40.5%   195 1280s
  7416  6260  396.89617  516  980  542.26417  322.93162  40.4%   195 1285s
  7417  6261  435.45467  390  977  542.26417  322.93162  40.4%   195 1299s
  7418  6261  383.71043  697  832  542.26417  324.36715  40.2%   195 1325s
  7419  6262  417.88527  566  845  542.26417  324.94645  40.1%   195 1332s
  7420  6263  383.71043  454  850  542.26417  324.94769  40.1%   195 1336s
  7421  6263  524.75173  507  830  542.26417  324.94769  40.1%   195 1352s
  7422  6264  519.95133  213  744  542.26417  327.65928  39.6%   195 1387s
  7423  6265  329.13729  245  969  542.26417  329.13729  39.3%   195 1400s
  7424  6265  417.88527  405  962  542.26417  329.25688  39.3%   195 1405s
  7426  6267  329.28675  345  843  542.26417  329.28675  39.3%   195 1412s
  7428  6268  396.89617  203  864  542.26417  329.32111  39.3%   194 1416s
  7430  6269  329.32600  364  854  542.26417  329.32600  39.3%   194 1438s
  7431  6270  396.89617  332  844  542.26417  330.71647  39.0%   194 1471s
  7432  6271  417.88527  446  829  542.26417  331.54849  38.9%   194 1480s
  7433  6271  507.44487  119  828  542.26417  333.60565  38.5%   194 1492s
  7434  6272  391.34253   59  645  542.26417  334.57715  38.3%   194 1506s
  7435  6273  417.88527  548  762  542.26417  334.63712  38.3%   194 1511s
  7436  6273  334.65776  673  545  542.26417  334.65776  38.3%   194 1515s
  7439  6275  510.41887  171  749  542.26417  334.66224  38.3%   194 1543s
  7440  6276  435.45467  574  759  542.26417  334.89164  38.2%   194 1559s
  7441  6277  527.99640  811  778  542.26417  336.99888  37.9%   194 1576s
  7442  6277  396.89617  735  728  542.26417  337.53834  37.8%   194 1582s
  7443  6278  519.95133  238  780  542.26417  337.81315  37.7%   194 1590s
  7445  6279  391.34253  148  766  542.26417  337.85363  37.7%   194 1596s
  7446  6280  396.89617  640  762  542.26417  337.85363  37.7%   194 1626s
  7447  6281  383.71043  813  917  542.26417  338.89078  37.5%   194 1646s
  7448  6281  341.20502  410  719  542.26417  341.20502  37.1%   194 1654s
  7449  6282  435.45467  473  698  542.26417  341.66729  37.0%   194 1661s
  7450  6283  396.89617  788  943  542.26417  343.01852  36.7%   194 1673s
  7451  6283  396.89617  625  944  542.26417  343.21974  36.7%   194 1679s
  7452  6284  417.88527  504  945  542.26417  343.23239  36.7%   194 1684s
  7453  6285  527.99640  706  932  542.26417  343.28207  36.7%   194 1688s
  7454  6285  507.44487   55  945  542.26417  343.28246  36.7%   194 1725s
  7455  6286  393.20287  668 1098  542.26417  344.07672  36.5%   194 1750s
  7456  6287  435.45467  490 1195  542.26417  348.00828  35.8%   194 1777s
  7457  6287  417.88527  210 1146  542.26417  349.64680  35.5%   194 1787s
  7458  6288  396.89617  472 1239  542.26417  350.53680  35.4%   194 1794s
  7459  6289  350.62736   42 1204  542.26417  350.62736  35.3%   194 1799s
  7460  6289  435.28093  426 1220  542.26417  350.66489  35.3%   194 1801s
  7461  6290  534.64793 1076 1220  542.26417  350.66551  35.3%   194 1843s
  7462  6291  397.55675  304 1207  542.26417  354.61030  34.6%   194 1868s
  7463  6291  435.45467  461 1065  542.26417  361.76530  33.3%   194 1886s
  7464  6292  365.41380  746 1147  542.26417  365.41380  32.6%   194 1896s
  7465  6293  366.12398  185 1147  542.26417  366.12398  32.5%   193 1900s
  7468  6295  366.28888  451 1164  542.26417  366.28888  32.5%   193 1905s
  7469  6295  417.88527  563 1165  542.26417  366.28888  32.5%   193 1942s
  7470  6296  393.20287  613 1048  542.26417  373.65400  31.1%   193 1966s
  7471  6297  417.88527  249 1101  542.26417  379.44698  30.0%   193 1975s
  7472  6297  384.10134  504 1274  542.26417  384.10134  29.2%   193 1984s
  7473  6298  396.89617  667 1271  542.26417  384.60742  29.1%   193 1986s
  7476  6300  435.45467  596 1283  542.26417  384.78076  29.0%   193 1990s
  7477  6301  512.99850  217 1285  542.26417  384.78076  29.0%   193 2019s
  7478  6301  393.26650  635 1224  542.26417  393.26650  27.5%   193 2038s
  7479  6302  396.89617  606 1256  542.26417  395.16571  27.1%   193 2043s
  7481  6303  511.26127   63 1267  542.26417  395.27694  27.1%   193 2045s
  7482  6304  395.27749  756 1267  542.26417  395.27749  27.1%   193 2066s
  7483  6305  398.61420  333 1245  542.26417  398.61420  26.5%   193 2081s
  7484  6305  435.45467  867 1244  542.26417  400.86927  26.1%   193 2089s
  7485  6306  498.69220  646 1258  542.26417  401.04284  26.0%   193 2091s
  7487  6307  435.45467  680 1261  542.26417  401.06197  26.0%   193 2112s
  7488  6308  405.80835  756 1216  542.26417  405.80835  25.2%   193 2127s
  7489  6309  406.52608  673 1251  542.26417  406.52608  25.0%   193 2130s
  7493  6311  406.62592  377 1258  542.26417  406.62592  25.0%   193 2151s
  7494  6312  409.12540  137 1225  542.26417  409.12540  24.6%   193 2166s
  7496  6313  410.31677  523 1244  542.26417  410.31677  24.3%   193 2172s
  7499  6315  435.45467  398 1247  542.26417  410.41086  24.3%   193 2189s
  7500  6316  412.36924  159 1203  542.26417  412.36924  24.0%   193 2202s
  7502  6317  534.64793  974 1212  542.26417  412.80927  23.9%   193 2206s
  7506  6320  412.82595  250 1218  542.26417  412.82595  23.9%   192 2224s
  7507  6321  420.95090  206 1196  542.26417  414.91786  23.5%   192 2236s
  7511  6323  415.20821  602 1213  542.26417  415.20821  23.4%   192 2240s
  7512  6324  424.00013  530 1214  542.26417  415.20821  23.4%   192 2254s
  7513  6325  417.88527  478 1191  542.26417  417.54584  23.0%   192 2264s
  7514  6325  435.45467  427 1210  542.26417  417.74872  23.0%   192 2266s
  7516  6327  417.75157  516 1212  542.26417  417.75157  23.0%   192 2280s
  7517  6327  435.45467  390 1187  542.26417  419.05850  22.7%   192 2293s
  7519  6329  419.15891  566 1198  542.26417  419.15891  22.7%   192 2295s
  7520  6329  419.15954  454 1198  542.26417  419.15954  22.7%   192 2308s
  7521  6330  524.75173  507 1188  542.26417  420.42248  22.5%   192 2319s
  7522  6331  519.95133  213 1199  542.26417  420.71968  22.4%   192 2321s
  7525  6333  420.80861  455 1208  542.26417  420.80861  22.4%   192 2337s
  7526  6333  421.86183  345 1178  542.26417  421.86183  22.2%   192 2349s
  7527  6334  422.12276  261 1197  542.26417  422.12276  22.2%   192 2351s
  7529  6335  422.12580  593 1205  542.26417  422.12580  22.2%   192 2365s
  7530  6336  423.02634  364 1208  542.26417  423.02634  22.0%   192 2376s
  7533  6338  507.44487  119 1222  542.26417  423.47845  21.9%   192 2392s
  7534  6339  425.11100   59 1201  542.26417  425.11100  21.6%   192 2402s
  7536  6340  425.35229  673 1195  542.26417  425.35229  21.6%   192 2405s
  7537  6341  425.35317  713 1205  542.26417  425.35317  21.6%   192 2418s
  7538  6341  426.28438  179 1204  542.26417  426.28438  21.4%   192 2427s
  7540  6343  435.45467  574 1221  542.26417  426.33665  21.4%   192 2439s
  7541  6343  527.99640  811 1206  542.26417  426.56487  21.3%   192 2449s
  7542  6344  426.65480  735 1194  542.26417  426.65480  21.3%   192 2451s
H 7544  6025                     542.2641648  426.69114  21.3%   191 2459s
  7545  6026  426.69114  148 1215  542.26416  426.69114  21.3%   191 2463s
  7546  6027  426.94643  640 1198  542.26416  426.94643  21.3%   191 2472s
  7548  6028  427.20300  410 1212  542.26416  427.20300  21.2%   191 2475s
  7551  6030  427.39185  625 1167  542.26416  427.39185  21.2%   191 2487s
  7552  6031  429.36019  504 1079  542.26416  429.36019  20.8%   191 2498s
  7553  6031  527.99640  706 1125  542.26416  429.53311  20.8%   191 2501s
  7554  6032  507.44487   55 1138  542.26416  429.53378  20.8%   191 2514s
  7555  6033  429.86048  668 1112  542.26416  429.86048  20.7%   191 2523s
  7557  6034  430.07739  210 1118  542.26416  430.07739  20.7%   191 2533s
  7558  6035  430.45245  472 1099  542.26416  430.45245  20.6%   191 2543s
  7559  6035  430.53742   42 1107  542.26416  430.53742  20.6%   191 2546s
  7561  6037  534.64793 1076 1119  542.26416  430.53953  20.6%   191 2556s
  7562  6037  430.84438  304 1182  542.26416  430.84438  20.5%   191 2566s
  7564  6039  430.90125  746 1183  542.26416  430.90125  20.5%   191 2577s
  7565  6039  431.14688  185 1161  542.26416  431.14688  20.5%   191 2588s
  7566  6040  431.21725  356 1166  542.26416  431.21725  20.5%   191 2590s
  7568  6041  431.21968  451 1177  542.26416  431.21968  20.5%   191 2600s
  7569  6042  431.33767  563 1164  542.26416  431.33767  20.5%   191 2609s
  7570  6043  431.35134  613 1111  542.26416  431.35134  20.5%   191 2611s
  7572  6044  431.38871  504 1113  542.26416  431.38871  20.4%   191 2622s
  7573  6045  431.57637  667 1109  542.26416  431.57637  20.4%   191 2632s
  7575  6046  527.02820  264 1123  542.26416  431.64426  20.4%   191 2645s
  7576  6047  435.45467  596 1100  542.26416  431.93885  20.3%   191 2655s
  7578  6048  432.36598  635 1117  542.26416  432.36598  20.3%   191 2667s
  7579  6049  433.16336  606 1110  542.26416  433.16336  20.1%   191 2679s
  7580  6049  534.64793 1038 1102  542.26416  433.26901  20.1%   191 2681s
  7583  6051  433.27783  333 1117  542.26416  433.27783  20.1%   190 2693s
  7584  6052  435.45467  867 1104  542.26416  433.71579  20.0%   190 2702s
  7586  6053  433.79828  119 1124  542.26416  433.79828  20.0%   190 2705s
  7587  6054  435.45467  680 1128  542.26416  433.79905  20.0%   190 2715s
  7588  6055  434.38810  756 1099  542.26416  434.38810  19.9%   190 2724s
  7589  6055  434.48095  673 1127  542.26416  434.48095  19.9%   190 2726s
  7591  6057  434.48807  505 1125  542.26416  434.48807  19.9%   190 2736s
  7592  6057  524.75173  476 1110  542.26416  434.69315  19.8%   190 2744s
  7593  6058  434.76613  377 1108  542.26416  434.76613  19.8%   190 2746s
  7595  6059  527.99640  799 1125  542.26416  434.77377  19.8%   190 2757s
  7596  6060  435.25608  523 1131  542.26416  435.25608  19.7%   190 2767s
  7598  6061  435.34558  432 1171  542.26416  435.34558  19.7%   190 2770s
  7599  6062  435.45467  398 1175  542.26416  435.34558  19.7%   190 2780s
  7600  6063  435.53196  159 1178  542.26416  435.53196  19.7%   190 2788s
  7601  6063  435.57766  190 1178  542.26416  435.57766  19.7%   190 2790s
  7603  6065  435.59156  164 1180  542.26416  435.59156  19.7%   190 2800s
  7604  6065  435.88080  704 1150  542.26416  435.88080  19.6%   190 2811s
  7607  6067  435.93232  206 1184  542.26416  435.93232  19.6%   190 2822s
  7608  6068  512.99850  212 1160  542.26416  436.20723  19.6%   190 2831s
  7611  6070  436.29323  602 1176  542.26416  436.29323  19.5%   190 2843s
  7612  6071  436.56697  530 1082  542.26416  436.56697  19.5%   190 2853s
  7613  6071  436.62775  478 1103  542.26416  436.62775  19.5%   190 2855s
  7615  6073  436.62936  589 1113  542.26416  436.62936  19.5%   190 2864s
  7616  6073  436.87391  516 1077  542.26416  436.87391  19.4%   190 2873s
  7617  6074  436.90706  390 1086  542.26416  436.90706  19.4%   190 2875s
  7619  6075  436.90980  566 1100  542.26416  436.90980  19.4%   190 2885s
  7620  6076  437.51856  454 1076  542.26416  437.51856  19.3%   190 2894s
  7621  6077  524.75173  507 1087  542.26416  437.54991  19.3%   190 2895s
  7622  6077  519.95133  213 1087  542.26416  437.55015  19.3%   190 2904s
  7623  6078  437.99478  245 1085  542.26416  437.99478  19.2%   189 2913s
  7624  6079  438.08016  405 1117  542.26416  438.08016  19.2%   189 2915s
  7627  6081  438.09604  261 1116  542.26416  438.09604  19.2%   189 2926s
  7628  6081  439.84384  203 1131  542.26416  439.84384  18.9%   189 2938s
  7630  6083  440.02563  364 1143  542.26416  440.02563  18.9%   189 2941s
  7632  6084  440.03184  446 1161  542.26416  440.03184  18.9%   189 2951s
  7633  6085  507.44487  119 1137  542.26416  440.32989  18.8%   189 2961s
  7635  6086  440.49171  548 1150  542.26416  440.49171  18.8%   189 2965s
  7638  6088  440.51876  179 1146  542.26416  440.51876  18.8%   189 2975s
  7639  6089  510.41887  171 1110  542.26416  440.61046  18.7%   189 2986s
  7641  6090  527.99640  811 1143  542.26416  440.61319  18.7%   189 2995s
  7642  6091  440.64334  735 1136  542.26416  440.64334  18.7%   189 3004s
  7643  6091  519.95133  238 1136  542.26416  440.64347  18.7%   189 3013s
  7644  6092  440.70080  597 1131  542.26416  440.70080  18.7%   189 3021s
  7647  6094  440.70797  813 1141  542.26416  440.70797  18.7%   189 3032s
  7648  6095  441.06220  410 1107  542.26416  441.06220  18.7%   189 3041s
  7650  6096  441.08490  788 1126  542.26416  441.08490  18.7%   189 3052s
  7651  6097  441.71436  625 1104  542.26416  441.71436  18.5%   189 3062s
  7653  6098  527.99640  706 1131  542.26416  441.73953  18.5%   189 3073s
  7654  6099  507.44487   55 1030  542.26416  441.90856  18.5%   189 3082s
  7656  6100  441.95360  490 1050  542.26416  441.95360  18.5%   189 3092s
  7657  6101  442.08356  210 1028  542.26416  442.08356  18.5%   189 3101s
  7659  6102  442.09958   42 1044  542.26416  442.09958  18.5%   189 3111s
  7660  6103  443.14009  426 1115  542.26416  443.14009  18.3%   189 3122s
  7662  6104  443.20197  304 1139  542.26416  443.20197  18.3%   189 3131s
  7663  6105  443.36377  461 1120  542.26416  443.36377  18.2%   188 3141s
  7665  6106  443.61952  185 1142  542.26416  443.61952  18.2%   188 3151s
  7666  6107  443.73159  356 1120  542.26416  443.73159  18.2%   188 3160s
  7667  6107  443.73159  137 1130  542.26416  443.73159  18.2%   188 3167s
  7668  6108  443.76080  451 1121  542.26416  443.76080  18.2%   188 3176s
  7672  6111  443.82864  504 1142  542.26416  443.82864  18.2%   188 3180s
  7673  6111  443.82864  667 1141  542.26416  443.82864  18.2%   188 3187s
  7674  6112  519.95133  169 1094  542.26416  443.88265  18.1%   188 3202s
  7676  6113  443.92762  596 1100  542.26416  443.92762  18.1%   188 3205s
  7677  6114  512.99850  217 1108  542.26416  443.92881  18.1%   188 3212s
  7678  6115  443.93976  635 1110  542.26416  443.93976  18.1%   188 3219s
  7679  6115  443.94632  606 1124  542.26416  443.94632  18.1%   188 3220s
  7680  6116  534.64793 1038 1124  542.26416  443.94632  18.1%   188 3226s
  7681  6117  511.26127   63 1110  542.26416  443.97039  18.1%   188 3235s
  7682  6117  443.97039  756 1122  542.26416  443.97039  18.1%   188 3241s
  7683  6118  444.00602  333 1111  542.26416  444.00602  18.1%   188 3250s
  7684  6119  444.00610  867 1113  542.26416  444.00610  18.1%   188 3256s
  7685  6119  498.69220  646 1112  542.26416  444.00610  18.1%   188 3265s
  7686  6120  444.00610  119 1119  542.26416  444.00610  18.1%   188 3271s
  7687  6121  444.01967  680 1108  542.26416  444.01967  18.1%   188 3279s
  7688  6121  444.02023  756 1135  542.26416  444.02023  18.1%   188 3286s
  7689  6122  444.02266  673 1121  542.26416  444.02266  18.1%   188 3294s
  7690  6123  444.02266  371 1143  542.26416  444.02266  18.1%   188 3301s
  7691  6123  444.02266  505 1119  542.26416  444.02266  18.1%   188 3308s
  7694  6127  444.02266  137  292  542.26416  444.02266  18.1%   293 3473s
  7696  6128  444.02266  523  487  542.26416  444.02266  18.1%   293 3504s
  7697  6129  444.02266  653  615  542.26416  444.02266  18.1%   293 3524s
  7698  6130  444.02266  432  617  542.26416  444.02266  18.1%   293 3541s
  7699  6130  444.02266  398  768  542.26416  444.02266  18.1%   293 3550s
  7700  6131  444.02266  159  821  542.26416  444.02266  18.1%   293 3557s
  7701  6132  444.02266  190  890  542.26416  444.02266  18.1%   293 3572s
  7702  6132  534.64793  974  929  542.26416  444.02266  18.1%   293 3577s
  7703  6133  444.02266  164 1098  542.26416  444.02266  18.1%   293 3584s
  7704  6134  444.02266  704 1089  542.26416  444.02266  18.1%   293 3588s
  7705  6134  444.10133  488 1064  542.26416  444.10133  18.1%   293 3590s
  7708  6136  512.99850  212 1068  542.26416  444.16318  18.1%   292 3597s
  7709  6137  449.17546  218 1024  542.26416  449.17546  17.2%   292 3610s
  7713  6140  449.84228  478 1065  542.26416  449.84228  17.0%   292 3617s
  7714  6140  453.63701  427  988  542.26416  453.63701  16.3%   292 3629s
  7715  6141  453.80772  589  905  542.26416  453.80772  16.3%   292 3630s
  7717  6142  455.85760  390 1009  542.26416  455.85760  15.9%   292 3646s
  7720  6144  456.27441  454  999  542.26416  456.27441  15.9%   292 3652s
  7721  6145  524.75173  507  902  542.26416  457.36854  15.7%   292 3662s
  7725  6148  457.48004  455  852  542.26416  457.48004  15.6%   292 3668s
  7726  6148  458.20966  345  853  542.26416  458.20966  15.5%   292 3678s
  7729  6150  458.50136  593  858  542.26416  458.50136  15.4%   292 3680s
  7731  6152  459.42545  332  976  542.26416  459.42545  15.3%   292 3695s
  7734  6154  459.75621   59  876  542.26416  459.75621  15.2%   291 3700s
  7735  6154  462.07830  548  796  542.26416  462.07830  14.8%   291 3709s
  7736  6155  462.14954  673  800  542.26416  462.14954  14.8%   291 3710s
  7738  6156  463.65652  179  871  542.26416  463.65652  14.5%   291 3725s
  7742  6159  463.88416  735  870  542.26416  463.88416  14.5%   291 3732s
  7743  6160  519.95133  238  815  542.26416  465.41636  14.2%   291 3742s
  7746  6162  465.61360  640  815  542.26416  465.61360  14.1%   291 3747s
  7747  6162  466.67482  813  808  542.26416  466.67482  13.9%   291 3758s
  7749  6164  466.72911  473  803  542.26416  466.72911  13.9%   291 3763s
  7750  6164  466.97543  788  847  542.26416  466.97543  13.9%   291 3772s
  7752  6166  466.99738  504  872  542.26416  466.99738  13.9%   291 3777s
  7753  6166  527.99640  706  779  542.26416  467.35143  13.8%   291 3788s
  7755  6168  467.42382  668  816  542.26416  467.42382  13.8%   291 3794s
  7756  6168  469.09594  490  741  542.26416  469.09594  13.5%   291 3805s
  7758  6170  469.16723  472  751  542.26416  469.16723  13.5%   291 3811s
  7759  6170  469.28695   42  770  542.26416  469.28695  13.5%   290 3817s
  7762  6172  469.41119  304  777  542.26416  469.41119  13.4%   290 3822s
  7763  6173  469.95765  461  776  542.26416  469.95765  13.3%   290 3831s
  7766  6175  469.96563  356  785  542.26416  469.96563  13.3%   290 3836s
  7767  6176  470.25083  137  785  542.26416  470.25083  13.3%   290 3846s
  7769  6177  470.28507  563  774  542.26416  470.28507  13.3%   290 3851s
  7770  6178  470.28983  613  770  542.26416  470.28983  13.3%   290 3861s
  7771  6178  470.28983  249  774  542.26416  470.28983  13.3%   290 3865s
  7772  6179  470.29406  504  768  542.26416  470.29406  13.3%   290 3874s
  7773  6180  470.29406  667  760  542.26416  470.29406  13.3%   290 3878s
  7774  6180  519.95133  169  757  542.26416  470.54741  13.2%   290 3888s
  7775  6181  527.02820  264  766  542.26416  470.54741  13.2%   290 3892s
  7776  6182  470.75489  596  754  542.26416  470.75489  13.2%   290 3902s
  7777  6182  512.99850  217  724  542.26416  470.75489  13.2%   290 3906s
  7778  6183  470.84341  635  749  542.26416  470.84341  13.2%   290 3915s
  7780  6184  534.64793 1038  737  542.26416  470.84341  13.2%   290 3928s
  7781  6185  511.26127   63  763  542.26416  470.84361  13.2%   290 3933s
  7782  6186  470.84371  756  753  542.26416  470.84371  13.2%   290 3942s
  7785  6189  498.69220  646  292  542.26416  470.84371  13.2%   319 3990s
  7787  6190  470.84371  680  458  542.26416  470.84371  13.2%   319 4031s
  7788  6191  470.84371  756  467  542.26416  470.84371  13.2%   319 4049s
  7789  6192  470.84371  673  516  542.26416  470.84371  13.2%   319 4057s
  7790  6192  470.84371  371  680  542.26416  470.84371  13.2%   319 4067s
  7791  6193  470.84371  505  929  542.26416  470.84371  13.2%   319 4080s
  7792  6194  524.75173  476  828  542.26416  470.84371  13.2%   319 4091s
  7793  6194  470.84371  377  791  542.26416  470.84371  13.2%   319 4096s
  7796  6196  471.05582  523  781  542.26416  471.05582  13.1%   319 4104s
  7797  6197  471.05582  653  786  542.26416  471.05582  13.1%   318 4114s
  7799  6198  471.08454  398  780  542.26416  471.08454  13.1%   318 4118s
  7800  6199  471.15682  159  765  542.26416  471.15682  13.1%   318 4127s
  7804  6202  471.22679  704  775  542.26416  471.22679  13.1%   318 4133s
  7805  6202  471.75488  488  762  542.26416  471.75488  13.0%   318 4142s
  7808  6204  512.99850  212  776  542.26416  471.93513  13.0%   318 4148s
  7809  6205  472.75371  218  807  542.26416  472.75371  12.8%   318 4158s
  7813  6208  473.10401  478  819  542.26416  473.10401  12.8%   318 4165s
  7814  6208  473.58545  427  819  542.26416  473.58545  12.7%   318 4175s
  7818  6211  473.68620  697  829  542.26416  473.68620  12.6%   318 4183s
  7819  6212  474.01086  566  828  542.26416  474.01086  12.6%   318 4193s
  7820  6212  474.12013  454  832  542.26416  474.12013  12.6%   318 4195s
  7823  6214  474.23059  245  846  542.26416  474.23059  12.5%   317 4202s
  7824  6215  474.56692  405  828  542.26416  474.56692  12.5%   317 4212s
  7826  6216  474.70939  345  836  542.26416  474.70939  12.5%   317 4218s
  7827  6217  474.94539  261  860  542.26416  474.94539  12.4%   317 4228s
  7830  6219  475.05951  364  855  542.26416  475.05951  12.4%   317 4230s
  7831  6220  475.05952  332  860  542.26416  475.05952  12.4%   317 4236s
  7832  6220  475.40245  446  835  542.26416  475.40245  12.3%   317 4247s
  7836  6223  475.44348  673  851  542.26416  475.44348  12.3%   317 4255s
  7837  6224  475.52125  713  835  542.26416  475.52125  12.3%   317 4265s
  7839  6225  510.41887  171  840  542.26416  475.54959  12.3%   317 4272s
  7840  6226  475.77336  574  843  542.26416  475.77336  12.3%   317 4284s
  7841  6226  527.99640  811  857  542.26416  475.77480  12.3%   317 4288s
  7842  6227  475.79489  735  884  542.26416  475.79489  12.3%   317 4300s
  7844  6228  475.79944  597  903  542.26416  475.79944  12.3%   317 4308s
  7845  6229  476.01686  148  877  542.26416  476.01686  12.2%   317 4321s
  7849  6232  476.06943  473  878  542.26416  476.06943  12.2%   316 4331s
  7850  6232  476.18199  788  863  542.26416  476.18199  12.2%   316 4342s
  7852  6234  476.23137  504  877  542.26416  476.23137  12.2%   316 4345s
  7853  6234  527.99640  706  885  542.26416  476.23137  12.2%   316 4350s
  7854  6235  507.44487   55  881  542.26416  476.29562  12.2%   316 4359s
  7855  6236  476.31233  668  890  542.26416  476.31233  12.2%   316 4362s
  7857  6237  476.34259  210  889  542.26416  476.34259  12.2%   316 4368s
  7858  6238  476.44683  472  868  542.26416  476.44683  12.1%   316 4381s
  7860  6239  476.46279  426  887  542.26416  476.46279  12.1%   316 4388s
  7861  6240  534.64793 1076  879  542.26416  476.54041  12.1%   316 4398s
  7863  6241  476.56055  461  886  542.26416  476.56055  12.1%   316 4400s
  7865  6242  476.56624  185  880  542.26416  476.56624  12.1%   316 4406s
  7866  6243  476.62902  356  871  542.26416  476.62902  12.1%   316 4417s
  7869  6245  476.64536  563  890  542.26416  476.64536  12.1%   316 4425s
  7870  6246  476.78258  613  823  542.26416  476.78258  12.1%   316 4435s
  7872  6247  476.82105  504  880  542.26416  476.82105  12.1%   315 4440s
  7873  6248  476.97168  667  857  542.26416  476.97168  12.0%   315 4450s
  7875  6249  527.02820  264  880  542.26416  476.99748  12.0%   315 4457s
  7876  6250  477.00696  596  880  542.26416  477.00696  12.0%   315 4467s
  7877  6250  512.99850  217  889  542.26416  477.00704  12.0%   315 4473s
  7878  6251  477.03702  635  853  542.26416  477.03702  12.0%   315 4483s
  7879  6252  477.03818  606  867  542.26416  477.03818  12.0%   315 4490s
  7880  6252  534.64793 1038  867  542.26416  477.03827  12.0%   315 4500s
  7881  6253  511.26127   63  874  542.26416  477.03827  12.0%   315 4505s
  7882  6254  477.03837  756  861  542.26416  477.03837  12.0%   315 4515s
  7885  6257  498.69220  646  292  542.26416  477.03837  12.0%   339 4556s
  7887  6258  477.03837  680  333  542.26416  477.03837  12.0%   339 4579s
  7888  6259  477.03837  756  392  542.26416  477.03837  12.0%   339 4588s
  7889  6260  477.03837  673  626  542.26416  477.03837  12.0%   339 4596s
  7890  6260  477.03837  371  812  542.26416  477.03837  12.0%   339 4606s
  7892  6262  524.75173  476  796  542.26416  477.03837  12.0%   339 4615s
  7895  6265  527.99640  799  292  542.26416  477.03837  12.0%   347 4623s
  7897  6266  477.03837  653  455  542.26416  477.03837  12.0%   347 4646s
  7898  6267  477.03837  432  522  542.26416  477.03837  12.0%   347 4661s
  7899  6268  477.03837  398  766  542.26416  477.03837  12.0%   347 4666s
  7900  6268  477.03837  159  781  542.26416  477.03837  12.0%   347 4671s
  7903  6270  477.03837  164  805  542.26416  477.03837  12.0%   347 4680s
  7904  6271  477.03837  704  756  542.26416  477.03837  12.0%   347 4686s
  7906  6272  477.03837  250  731  542.26416  477.03837  12.0%   346 4696s
  7908  6274  512.99850  212  803  542.26416  477.03837  12.0%   346 4705s
  7909  6274  477.03837  218  797  542.26416  477.03837  12.0%   346 4710s
  7911  6279  477.03837   56  789  542.26416  477.03837  12.0%   173 4720s
  7913  6280  477.03837   57  790  542.26416  477.03837  12.0%   174 4729s
  7917  6280  477.03837   58  690  542.26416  477.03837  12.0%   175 4733s
  7923  6279  477.03837   59  641  542.26416  477.03837  12.0%   177 4737s
  7930  6277  477.03837   60  638  542.26416  477.03837  12.0%   179 4740s
  7946  6276  477.03837   62  595  542.26416  477.03837  12.0%   181 4750s
  7977  6283  477.03837   65  679  542.26416  477.03837  12.0%   184 4756s
  8001  6284  477.03837   66  556  542.26416  477.03837  12.0%   185 4761s
  8026  6279  477.03837   67  556  542.26416  477.03837  12.0%   186 4768s
  8041  6279  477.03837   68  541  542.26416  477.03837  12.0%   188 4770s
  8051  6278  478.70203   68  538  542.26416  477.03837  12.0%   188 4778s
  8061  6278     cutoff   69       542.26416  477.03837  12.0%   191 4788s
  8072  6272  477.03837   69  499  542.26416  477.03837  12.0%   192 4791s
  8083  6273  477.03837   70  486  542.26416  477.03837  12.0%   194 4808s
  8094  6271  513.50966   70  517  542.26416  477.03837  12.0%   194 4812s
  8106  6276  477.03837   71  477  542.26416  477.03837  12.0%   196 4816s
  8125  6277  503.44626   72  473  542.26416  477.03837  12.0%   197 4822s
  8144  6273  477.03837   73  476  542.26416  477.03837  12.0%   197 4826s
  8161  6277  477.03837   74  467  542.26416  477.03837  12.0%   198 4831s
  8185  6281  477.03837   74  479  542.26416  477.03837  12.0%   198 4848s
  8213  6289  491.09267   75  329  542.26416  477.03837  12.0%   201 4855s
  8249  6279  477.03837   76  452  542.26416  477.03837  12.0%   202 4860s
  8273  6281  477.03837   77  451  542.26416  477.03837  12.0%   203 4867s
  8320  6292  477.03837   81  449  542.26416  477.03837  12.0%   203 4872s
  8374  6288  501.45546   83  525  542.26416  477.03837  12.0%   202 4878s
  8410  6289  477.03837   84  517  542.26416  477.03837  12.0%   203 4884s
  8454  6289  477.03837   85  355  542.26416  477.03837  12.0%   203 4889s
  8490  6292  477.03837   86  354  542.26416  477.03837  12.0%   204 4895s
  8529  6307  477.49843   88  424  542.26416  477.03837  12.0%   204 4900s
  8573  6303  477.77114   91  409  542.26416  477.03837  12.0%   205 4906s
  8610  6303     cutoff   92       542.26416  477.03837  12.0%   206 4911s
  8647  6317  477.79505   94  380  542.26416  477.03837  12.0%   206 4917s
  8702  6320  478.12755   96  451  542.26416  477.03837  12.0%   206 4923s
  8752  6330  479.79364   98  382  542.26416  477.03837  12.0%   206 4929s
  8806  6324  481.88445  100  451  542.26416  477.03837  12.0%   207 4943s
  8829  6339     cutoff  100       542.26416  477.03837  12.0%   207 4949s
  8888  6332  482.41241  102  438  542.26416  477.03837  12.0%   207 4956s
  8954  6337  485.21560  104  442  542.26416  477.03837  12.0%   207 4964s
  9025  6335  485.46876  106  436  542.26416  477.03837  12.0%   208 4972s
  9115  6341  485.74414  109  443  542.26416  477.03837  12.0%   208 4980s
  9208  6330  486.21079  112  394  542.26416  477.03837  12.0%   207 4988s
  9295  6331  489.45274  115  432  542.26416  477.03837  12.0%   207 4998s
  9374  6346  489.83636  119  426  542.26416  477.03837  12.0%   208 5008s
  9441  6395  489.84049  120  424  542.26416  477.03837  12.0%   210 5018s
  9554  6405  490.65497  125  449  542.26416  477.03837  12.0%   209 5028s
  9670  6429  491.03689  129  345  542.26416  477.03837  12.0%   208 5039s
  9806  6448     cutoff  133       542.26416  477.03837  12.0%   208 5049s
  9931  6467  499.55769  139  278  542.26416  477.03837  12.0%   207 5060s
 10066  6486  501.10356  144  287  542.26416  477.03837  12.0%   207 5072s
 10252  6505     cutoff  154       542.26416  477.03837  12.0%   206 5083s
 10436  6510     cutoff  166       542.26416  477.03837  12.0%   205 5096s
 10597  6533  514.09730  198  211  542.26416  477.03837  12.0%   206 5108s
 10776  6643  539.06160  236  202  542.26416  477.03837  12.0%   206 5120s
 11075  6695     cutoff  256       542.26416  477.03837  12.0%   205 5132s
 11425  6727  540.10418  315  185  542.26416  477.03837  12.0%   203 5144s
 11726  6887  477.03837   71  481  542.26416  477.03837  12.0%   201 5158s
 12126  7144  477.03837   80  456  542.26416  477.03837  12.0%   199 5173s
 12740  7166  477.03837   87  385  542.26416  477.03837  12.0%   194 5187s
 13087  7358  479.63761  106  382  542.26416  477.03837  12.0%   193 5200s
 13483  7521  482.04138  145  234  542.26416  477.03837  12.0%   190 5213s
 13879  7447  482.49555  240  173  542.26416  477.03837  12.0%   189 5230s
 13939  7832  482.50162  245  174  542.26416  477.03837  12.0%   188 5241s
 14403  8280  484.97354  396  172  542.26416  477.03837  12.0%   185 5255s
 15161  8987  512.30323  115  455  542.26416  477.03837  12.0%   181 5283s
 16332  8973  478.35826   95  351  542.26416  477.03837  12.0%   173 5290s
 16733  9336  481.14871  137  222  542.26416  477.03837  12.0%   171 5297s
 17290  9443  485.86167  208  196  542.26416  477.03837  12.0%   167 5303s
 17714  9716  493.17424  320  198  542.26416  477.03837  12.0%   165 5310s
 18187  9920  497.43005  388  202  542.26416  477.03837  12.0%   162 5318s
 18651 10111  498.68441  479  187  542.26416  477.03837  12.0%   159 5326s
 19111 10365  511.20984  672  182  542.26416  477.03837  12.0%   157 5334s
 19660 10628  477.57059   92  423  542.26416  477.03837  12.0%   155 5342s
 20140 11235  480.22867  109  374  542.26416  477.03837  12.0%   153 5350s
 21028 11717  480.87045  121  364  542.26416  477.03837  12.0%   148 5360s
 21935 12161  483.69520  169  263  542.26416  477.03837  12.0%   144 5369s
 22782 12526  486.07811  225  218  542.26416  477.03837  12.0%   140 5379s
 23544 13091  497.28539  257  224  542.26416  477.03837  12.0%   137 5389s
 24520 13523  497.35946  256  225  542.26416  477.03837  12.0%   133 5399s
 24927 13388  511.51545  767  162  542.26416  477.03837  12.0%   132 5400s
 25618 13816  491.25954  284  227  542.26416  477.03837  12.0%   129 5409s
 26394 13999  509.67088  515  180  542.26416  477.03837  12.0%   126 5419s
 26992 14508  479.52711  125  398  542.26416  477.20883  12.0%   125 5429s
 27690 15386  493.15575  289  196  542.26416  477.49041  11.9%   124 5440s
 28737 15665  481.66372  141  261  542.26416  477.49041  11.9%   122 5450s
 29108 16352  482.88376  188  231  542.26416  477.49041  11.9%   121 5459s
 29654 16352  515.93468  142  270  542.26416  477.49041  11.9%   120 5460s
 29881 16353  507.65152  334  292  542.26416  477.49041  11.9%   120 6400s
 29883 16354  500.75081  256  507  542.26416  477.49041  11.9%   120 6425s
 29884 16355  483.09230  166  667  542.26416  477.49041  11.9%   120 6441s
 29885 16356  485.77186  329  770  542.26416  477.49041  11.9%   120 6448s
 29886 16356  515.95557  132  831  542.26416  477.49041  11.9%   120 6502s
 29888 16358  491.58762  322  780  542.26416  477.49041  11.9%   120 6506s
 29892 16360  530.49505  193  832  542.26416  477.49041  11.9%   120 6534s
 29893 16361  480.05821   80  806  542.26416  477.49041  11.9%   120 6601s
 29896 16363  510.31651  603  834  542.26416  477.49041  11.9%   120 6626s
 29897 16364  509.22287  308  749  542.26416  477.49041  11.9%   120 6709s
 29900 16366  502.08797  671  812  542.26416  477.49041  11.9%   120 6710s
 29902 16367  503.31748  264  817  542.26416  477.49041  11.9%   120 6732s
 29903 16368  519.92191  438  742  542.26416  477.49041  11.9%   120 6810s
 29904 16368  511.53186  116  724  542.26416  477.49041  11.9%   120 6819s
 29905 16369  515.41340  194  724  542.26416  477.49041  11.9%   120 6820s
 29909 16372  479.75533  139  746  542.26416  477.49041  11.9%   120 6841s
 29910 16372  532.46475  185  725  542.26416  477.49041  11.9%   120 6952s
 29911 16373  498.32801  262  729  542.26416  477.49041  11.9%   120 6968s
 29913 16374  480.01327   77  734  542.26416  477.49041  11.9%   120 6991s
 29914 16375  488.70567  194  814  542.26416  477.49041  11.9%   120 7089s
 29915 16376  492.58569  234  754  542.26416  477.49041  11.9%   120 7103s
 29918 16378  523.27797  145  750  542.26416  477.49041  11.9%   120 7126s
 29919 16378  517.37648  280  814  542.26416  477.49041  11.9%   120 7170s
 29923 16381  494.38784  298  823  542.26416  477.49041  11.9%   120 7196s

Cutting planes:
  Gomory: 14
  Implied bound: 31
  Projected implied bound: 43
  Clique: 5
  MIR: 217
  Flow cover: 355
  Zero half: 148
  RLT: 4
  Relax-and-lift: 966

Explored 29923 nodes (5235031 simplex iterations) in 7200.87 seconds (10584.65 work units)
Thread count was 16 (of 16 available processors)

Solution count 10: 542.264 542.264 542.264 ... 600.561

Time limit reached
Best objective 5.422641648142e+02, best bound 4.774904109285e+02, gap 11.9451%

User-callback calls 584154, time in user-callback 2.68 sec
