
Gurobi 9.1.2 (win64) logging started Sat Sep 20 07:32:20 2025

Changed value of parameter LogFile to log_group_6/bound_Expr52_s10_l1051_s11_e12_o80_d160_t7200_s52_0_0_0_0.log
   Prev:   Default: 
Gurobi Optimizer version 9.1.2 build v9.1.2rc0 (win64)
Thread count: 8 physical cores, 16 logical processors, using up to 16 threads
Optimize a model with 3521810 rows, 3520740 columns and 28135400 nonzeros
Model fingerprint: 0x9fadd61e
Variable types: 740 continuous, 3520000 integer (3520000 binary)
Coefficient statistics:
  Matrix range     [1e+00, 9e+02]
  Objective range  [1e+00, 1e+00]
  Bounds range     [1e+00, 1e+03]
  RHS range        [1e+00, 9e+02]
Presolve removed 0 rows and 80 columns (presolve time = 5s) ...
Presolve removed 3476240 rows and 3476160 columns (presolve time = 10s) ...
Presolve removed 3476240 rows and 3475670 columns
Presolve time: 13.32s
Presolved: 45570 rows, 45070 columns, 266460 nonzeros
Variable types: 580 continuous, 44490 integer (44490 binary)
Found heuristic solution: objective 13849.014867
Found heuristic solution: objective 1990.1154000

Deterministic concurrent LP optimizer: primal and dual simplex
Showing first log only...


Root simplex log...

Iteration    Objective       Primal Inf.    Dual Inf.      Time
       0   -5.5094000e+04   1.518090e+04   4.788314e+08     16s
    6813    0.0000000e+00   0.000000e+00   0.000000e+00     17s
Concurrent spin time: 0.14s

Solved with primal simplex

Root relaxation: objective 0.000000e+00, 6813 iterations, 0.92 seconds
Total elapsed time = 20.22s

    Nodes    |    Current Node    |     Objective Bounds      |     Work
 Expl Unexpl |  Obj  Depth IntInf | Incumbent    BestBd   Gap | It/Node Time

     0     0    0.00000    0  241 1990.11540    0.00000   100%     -   21s
H    0     0                    1607.7005935    0.00000   100%     -   24s
H    0     0                    1579.6672000    0.00000   100%     -   25s
     0     0    0.00000    0  335 1579.66720    0.00000   100%     -   27s
H    0     0                     823.0838333    0.00000   100%     -   32s
     0     0    0.00000    0  359  823.08383    0.00000   100%     -   33s
H    0     0                     717.1803000    0.00000   100%     -   48s
H    0     0                     681.3531333    0.00000   100%     -   49s
H    0     0                     665.9136633    0.00000   100%     -   49s
     0     0    0.00000    0  250  665.91366    0.00000   100%     -   52s
H    0     0                     662.7105637    0.00000   100%     -   57s
H    0     0                     563.4742207    0.00000   100%     -   59s
     0     0    0.00000    0  242  563.47422    0.00000   100%     -   64s
     0     0    0.00000    0  249  563.47422    0.00000   100%     -   82s
H    0     0                     549.0405333    0.00000   100%     -   92s
     0     0    0.00000    0  243  549.04053    0.00000   100%     -   92s
     0     0    0.00000    0  249  549.04053    0.00000   100%     -  107s
     0     0    0.00000    0  249  549.04053    0.00000   100%     -  109s
H    0     0                     546.5202304    0.00000   100%     -  118s
     0     2    0.00000    0  249  546.52023    0.00000   100%     -  130s
     7    16    0.00000    3  275  546.52023    0.00000   100%  1467  137s
H   31    40                     540.0005328    0.00000   100%   741  153s
H   36    40                     539.9618320    0.00000   100%   640  154s
    62    71    0.00000   10  269  539.96183    0.00000   100%   376  156s
   438   535    0.00000   53  272  539.96183    0.00000   100%  68.7  160s
  1188  1399    0.00000  121  271  539.96183    0.00000   100%  28.5  165s
  1971  2012    0.00000  239  268  539.96183    0.00000   100%  19.2  176s
H 1975  2012                     539.9614652    0.00000   100%  19.1  176s
  2378  2788    0.00000  293  268  539.96147    0.00000   100%  16.7  180s
  2795  3446    0.00000  319  268  539.96147    0.00000   100%  15.0  186s
  3445  4128    0.00000  418  270  539.96147    0.00000   100%  13.1  190s
  4869  5671    0.00000  602  271  539.96147    0.00000   100%  10.7  197s
  5672  6522    0.00000  698  269  539.96147    0.00000   100%   9.8  200s
  7307  7306   64.64797  634  249  539.96147    0.00000   100%   8.7  388s
  7309  7307    4.94473  703  242  539.96147    0.00000   100%   8.7  411s
  7310  7308    4.94473  101  240  539.96147    0.00000   100%   8.7  465s
  7311  7309    4.94473  570  231  539.96147    0.00000   100%   8.7  480s
  7312  7309  406.35427  940  238  539.96147    0.00000   100%   8.7  511s
  7313  7310  296.57810   86  252  539.96147    0.00000   100%   8.7  518s
  7314  7311    4.94473  147  241  539.96147    0.00000   100%   8.7  547s
  7315  7311   69.59270  395  229  539.96147    0.00000   100%   8.7  555s
  7316  7312  231.93013  306  238  539.96147    0.00000   100%   8.7  590s
  7318  7313  296.57810  543  231  539.96147    0.00000   100%   8.7  630s
  7319  7314  296.57810  312  231  539.96147    0.00000   100%   8.7  635s
  7320  7315   69.59270   67  231  539.96147    0.00000   100%   8.7  686s
  7321  7317    0.00000   11  228  539.96147    0.00000   100%  14.2  709s
  7323  7320    0.00000   12  210  539.96147    0.00000   100%  14.3  714s
  7326  7324    0.00000   13  220  539.96147    0.00000   100%  14.3  719s
  7332  7329    0.00000   14  227  539.96147    0.00000   100%  14.4  723s
  7340  7332    0.00000   15  226  539.96147    0.00000   100%  14.4  727s
  7348  7336   57.19050   15  219  539.96147    0.00000   100%  14.5  744s
  7356  7340    0.00000   16  225  539.96147    0.00000   100%  14.6  748s
  7364  7345  173.95497   16  223  539.96147    0.00000   100%  14.7  752s
  7373  7350    5.67540   17  226  539.96147    0.00000   100%  14.8  756s
  7383  7356    0.00000   18  230  539.96147    0.00000   100%  14.9  760s
  7408  7368  125.10677   19  230  539.96147    0.00000   100%  15.1  766s
  7420  7371    0.00000   20  234  539.96147    0.00000   100%  15.3  773s
  7428  7386   81.84480   20  224  539.96147    0.00000   100%  15.3  775s
  7458  7405   60.09643   22  227  539.96147    0.00000   100%  15.6  781s
  7507  7420  150.71467   23  230  539.96147    0.00000   100%  15.8  791s
  7539  7439  107.29870   24  233  539.96147    0.00000   100%  16.0  837s
  7547  7466    0.00000   25  245  539.96147    0.00000   100%  16.0  841s
  7622  7486  121.35043   28  239  539.96147    0.00000   100%  16.2  851s
  7630  7533    0.00000   29  245  539.96147    0.00000   100%  16.3  855s
  7741  7603    0.00000   38  249  539.96147    0.00000   100%  16.4  861s
  7856  7666    5.19550   43  246  539.96147    0.00000   100%  16.4  868s
  7908  7701  123.45363   46  240  539.96147    0.00000   100%  16.5  872s
  7972  7718    4.52500   50  244  539.96147    0.00000   100%  16.5  877s
  8025  7760    6.85810   54  238  539.96147    0.00000   100%  16.5  881s
  8106  7798  147.77020   58  241  539.96147    0.00000   100%  16.5  885s
  8191  7779    0.00000   61  244  539.96147    0.00000   100%  16.5  892s
  8205  7840    8.71803   61  240  539.96147    0.00000   100%  16.5  897s
  8291  7881    0.00000   69  241  539.96147    0.00000   100%  16.5  901s
  8382  7910    0.00000   71  244  539.96147    0.00000   100%  16.5  905s
  8462  7969    5.19550   71  238  539.96147    0.00000   100%  16.5  910s
  8559  8012    0.00000   74  246  539.96147    0.00000   100%  16.6  915s
  8637  8057    0.00000   76  247  539.96147    0.00000   100%  16.6  920s
  8715  8116    0.00000   81  243  539.96147    0.00000   100%  16.6  925s
  8803  8194    0.00000   87  244  539.96147    0.00000   100%  16.6  931s
  8916  8289    0.00000   90  245  539.96147    0.00000   100%  16.6  936s
  9060  8370   25.04627   94  241  539.96147    0.00000   100%  16.5  942s
  9200  8446    0.00000  101  245  539.96147    0.00000   100%  16.5  948s
  9337  8516    5.19550  103  243  539.96147    0.00000   100%  16.4  957s
  9468  8612    0.00000  111  251  539.96147    0.00000   100%  16.8  963s
  9631  8647    0.00000  118  255  539.96147    0.00000   100%  16.7  973s
  9732  8793   56.29597  123  255  539.96147    0.00000   100%  16.7  980s
  9938  8865    6.85810  138  250  539.96147    0.00000   100%  16.6  989s
 10099  8985    0.00000  144  249  539.96147    0.00000   100%  16.6  997s
 10300  9114    0.00000  158  252  539.96147    0.00000   100%  16.5 1005s
 10526  9231    0.00000  172  251  539.96147    0.00000   100%  16.4 1013s
 10743  9412    0.00000  181  251  539.96147    0.00000   100%  16.3 1022s
 11014  9541    0.00000  191  251  539.96147    0.00000   100%  16.2 1031s
 11262  9686    0.00000  199  252  539.96147    0.00000   100%  16.0 1040s
 11525  9804    5.19550  212  247  539.96147    0.00000   100%  15.9 1049s
 11764 10014    0.00000  221  253  539.96147    0.00000   100%  15.8 1058s
 12076 10135    0.00000  232  254  539.96147    0.00000   100%  15.7 1068s
 12301 10607    0.00000  239  250  539.96147    0.00000   100%  15.6 1078s
 12849 10836    0.00000  256  249  539.96147    0.00000   100%  15.3 1088s
 13289 11081  149.62013  274  247  539.96147    0.00000   100%  15.1 1098s
 13707 11256    5.22007  289  245  539.96147    0.00000   100%  15.0 1112s
 14061 11378  279.96340  304  247  539.96147    0.00000   100%  14.9 1123s
 14347 11565    0.00000  315  250  539.96147    0.00000   100%  14.8 1135s
 14705 11510    6.86893  328  248  539.96147    0.00000   100%  14.8 1226s
 14790 12765  124.96967  333  247  539.96147    0.00000   100%  14.7 1276s
 16271 13082    0.00000  427  253  539.96147    0.00000   100%  14.3 1293s
 17131 13713    0.00000  433  257  539.96147    0.00000   100%  14.1 1306s
 18075 14050    0.00000  458  255  539.96147    0.00000   100%  13.7 1317s
 18752 14462    0.00000  468  255  539.96147    0.00000   100%  13.5 1328s
 19407 15207    0.00000  478  255  539.96147    0.00000   100%  13.3 1343s
 20398 15851    0.00000  512  255  539.96147    0.00000   100%  13.1 1360s
 21390 16483    0.00000  540  255  539.96147    0.00000   100%  12.9 1372s
 22352 16998    0.00000  550  255  539.96147    0.00000   100%  12.6 1385s
 23267 17170    5.22007  585  247  539.96147    0.00000   100%  12.4 1397s
 23784 17766    6.85810  586  246  539.96147    0.00000   100%  12.3 1410s
 24574 18657    0.00000  617  252  539.96147    0.00000   100%  12.1 1424s
 25775 19010   51.01337  695  250  539.96147    0.00000   100%  11.9 1438s
 26558 19401    0.00000  766  253  539.96147    0.00000   100%  11.8 1450s
H27251 19279                     539.9498037    0.00000   100%  11.8 1467s
 27745 19984    0.00000  853  252  539.94980    0.00000   100%  11.7 1482s
 28626 20511    0.00000  897  251  539.94980    0.00000   100%  11.7 1497s
 29337 22140    0.00000  919  252  539.94980    0.00000   100%  11.6 1769s
 29639 22140  191.83810 1001  257  539.94980    0.00000   100%  11.7 1770s
 30994 22644    0.00000 1070  252  539.94980    0.00000   100%  11.6 1806s
 31503 22775    8.71803 1104  244  539.94980    0.00000   100%  11.8 1844s
 31639 22940    0.00000 1117  252  539.94980    0.00000   100%  12.1 1874s
 31808 23174   70.30697 1129  246  539.94980    0.00000   100%  12.3 1896s

Gurobi 9.1.2 (win64) logging started Sat Sep 20 10:09:40 2025

Changed value of parameter LogFile to log_group_6/bound_Expr52_s10_l1051_s11_e12_o80_d160_t7200_s52_0_0_0_0.log
   Prev:   Default: 
Gurobi Optimizer version 9.1.2 build v9.1.2rc0 (win64)
Thread count: 8 physical cores, 16 logical processors, using up to 16 threads
Optimize a model with 3521810 rows, 3520740 columns and 28135400 nonzeros
Model fingerprint: 0x9fadd61e
Variable types: 740 continuous, 3520000 integer (3520000 binary)
Coefficient statistics:
  Matrix range     [1e+00, 9e+02]
  Objective range  [1e+00, 1e+00]
  Bounds range     [1e+00, 1e+03]
  RHS range        [1e+00, 9e+02]
Presolve removed 0 rows and 80 columns (presolve time = 5s) ...
Presolve removed 3476240 rows and 3476160 columns (presolve time = 10s) ...
Presolve removed 3476240 rows and 3475670 columns
Presolve time: 13.33s
Presolved: 45570 rows, 45070 columns, 266460 nonzeros
Variable types: 580 continuous, 44490 integer (44490 binary)
Found heuristic solution: objective 13849.014867
Found heuristic solution: objective 1990.1154000

Deterministic concurrent LP optimizer: primal and dual simplex
Showing first log only...


Root simplex log...

Iteration    Objective       Primal Inf.    Dual Inf.      Time
       0   -5.5094000e+04   1.518090e+04   4.788314e+08     16s
    6813    0.0000000e+00   0.000000e+00   0.000000e+00     17s
Concurrent spin time: 0.13s

Solved with primal simplex

Root relaxation: objective 0.000000e+00, 6813 iterations, 0.86 seconds
Total elapsed time = 20.16s

    Nodes    |    Current Node    |     Objective Bounds      |     Work
 Expl Unexpl |  Obj  Depth IntInf | Incumbent    BestBd   Gap | It/Node Time

     0     0    0.00000    0  241 1990.11540    0.00000   100%     -   21s
H    0     0                    1607.7005935    0.00000   100%     -   24s
H    0     0                    1579.6672000    0.00000   100%     -   25s
     0     0    0.00000    0  335 1579.66720    0.00000   100%     -   27s
H    0     0                     823.0838333    0.00000   100%     -   31s
     0     0    0.00000    0  359  823.08383    0.00000   100%     -   32s
H    0     0                     717.1803000    0.00000   100%     -   47s
H    0     0                     681.3531333    0.00000   100%     -   47s
H    0     0                     665.9136633    0.00000   100%     -   47s
     0     0    0.00000    0  250  665.91366    0.00000   100%     -   50s
H    0     0                     662.7105637    0.00000   100%     -   54s
H    0     0                     563.4742207    0.00000   100%     -   57s
     0     0    0.00000    0  242  563.47422    0.00000   100%     -   61s
     0     0    0.00000    0  249  563.47422    0.00000   100%     -   78s
H    0     0                     549.0405333    0.00000   100%     -   88s
     0     0    0.00000    0  243  549.04053    0.00000   100%     -   89s
     0     0    0.00000    0  249  549.04053    0.00000   100%     -  103s
     0     0    0.00000    0  249  549.04053    0.00000   100%     -  106s
H    0     0                     546.5202304    0.00000   100%     -  114s
     0     2    0.00000    0  249  546.52023    0.00000   100%     -  126s
     7    16    0.00000    3  275  546.52023    0.00000   100%  1467  133s
H   31    40                     540.0005328    0.00000   100%   741  148s
H   36    40                     539.9618320    0.00000   100%   640  149s
    62    71    0.00000   10  269  539.96183    0.00000   100%   376  151s
   438   535    0.00000   53  272  539.96183    0.00000   100%  68.7  155s
  1188  1399    0.00000  121  271  539.96183    0.00000   100%  28.5  160s
  1971  2012    0.00000  239  268  539.96183    0.00000   100%  19.2  170s
H 1975  2012                     539.9614652    0.00000   100%  19.1  170s
  2378  2788    0.00000  293  268  539.96147    0.00000   100%  16.7  175s
  2795  3446    0.00000  319  268  539.96147    0.00000   100%  15.0  181s
  4128  4869    0.00000  510  272  539.96147    0.00000   100%  11.8  188s
  4869  5671    0.00000  602  271  539.96147    0.00000   100%  10.7  191s
  5672  6522    0.00000  698  269  539.96147    0.00000   100%   9.8  195s
  7307  7306   64.64797  634  249  539.96147    0.00000   100%   8.7  387s
  7309  7307    4.94473  703  242  539.96147    0.00000   100%   8.7  410s
  7310  7308    4.94473  101  240  539.96147    0.00000   100%   8.7  462s
  7311  7309    4.94473  570  231  539.96147    0.00000   100%   8.7  477s
  7312  7309  406.35427  940  238  539.96147    0.00000   100%   8.7  505s
  7313  7310  296.57810   86  252  539.96147    0.00000   100%   8.7  512s
  7314  7311    4.94473  147  241  539.96147    0.00000   100%   8.7  540s
  7315  7311   69.59270  395  229  539.96147    0.00000   100%   8.7  547s
  7316  7312  231.93013  306  238  539.96147    0.00000   100%   8.7  582s
  7317  7313    0.00000  830  246  539.96147    0.00000   100%   8.7  587s
  7318  7313  296.57810  543  231  539.96147    0.00000   100%   8.7  622s
  7319  7314  296.57810  312  231  539.96147    0.00000   100%   8.7  627s
  7320  7315   69.59270   67  231  539.96147    0.00000   100%   8.7  676s
  7321  7317    0.00000   11  228  539.96147    0.00000   100%  14.2  699s
  7323  7320    0.00000   12  210  539.96147    0.00000   100%  14.3  703s
  7326  7324    0.00000   13  220  539.96147    0.00000   100%  14.3  709s
  7332  7329    0.00000   14  227  539.96147    0.00000   100%  14.4  713s
  7340  7332    0.00000   15  226  539.96147    0.00000   100%  14.4  717s
  7348  7336   57.19050   15  219  539.96147    0.00000   100%  14.5  732s
  7356  7340    0.00000   16  225  539.96147    0.00000   100%  14.6  736s
  7364  7345  173.95497   16  223  539.96147    0.00000   100%  14.7  740s
  7383  7356    0.00000   18  230  539.96147    0.00000   100%  14.9  748s
  7394  7364   69.61547   18  222  539.96147    0.00000   100%  15.0  750s
  7420  7371    0.00000   20  234  539.96147    0.00000   100%  15.3  760s
  7446  7389    0.00000   22  235  539.96147    0.00000   100%  15.4  766s
  7481  7422    0.00000   23  233  539.96147    0.00000   100%  15.7  772s
  7507  7420  150.71467   23  230  539.96147    0.00000   100%  15.8  777s
  7515  7441    0.00000   24  241  539.96147    0.00000   100%  15.8  781s
  7539  7439  107.29870   24  233  539.96147    0.00000   100%  16.0  821s
  7547  7466    0.00000   25  245  539.96147    0.00000   100%  16.0  825s
  7622  7486  121.35043   28  239  539.96147    0.00000   100%  16.2  836s
  7683  7570    0.00000   33  241  539.96147    0.00000   100%  16.3  842s
  7741  7603    0.00000   38  249  539.96147    0.00000   100%  16.4  845s
  7856  7666    5.19550   43  246  539.96147    0.00000   100%  16.4  852s
  7908  7701  123.45363   46  240  539.96147    0.00000   100%  16.5  856s
  7972  7718    4.52500   50  244  539.96147    0.00000   100%  16.5  861s
  8025  7760    6.85810   54  238  539.96147    0.00000   100%  16.5  865s
  8191  7779    0.00000   61  244  539.96147    0.00000   100%  16.5  876s
  8205  7840    8.71803   61  240  539.96147    0.00000   100%  16.5  881s
  8291  7881    0.00000   69  241  539.96147    0.00000   100%  16.5  885s
  8462  7969    5.19550   71  238  539.96147    0.00000   100%  16.5  894s
  8559  8012    0.00000   74  246  539.96147    0.00000   100%  16.6  899s
  8637  8057    0.00000   76  247  539.96147    0.00000   100%  16.6  904s
  8715  8116    0.00000   81  243  539.96147    0.00000   100%  16.6  909s
  8803  8194    0.00000   87  244  539.96147    0.00000   100%  16.6  915s
  8916  8289    0.00000   90  245  539.96147    0.00000   100%  16.6  921s
  9060  8370   25.04627   94  241  539.96147    0.00000   100%  16.5  927s
  9200  8446    0.00000  101  245  539.96147    0.00000   100%  16.5  933s
  9337  8516    5.19550  103  243  539.96147    0.00000   100%  16.4  942s
  9468  8612    0.00000  111  251  539.96147    0.00000   100%  16.8  948s
  9631  8647    0.00000  118  255  539.96147    0.00000   100%  16.7  957s
  9732  8793   56.29597  123  255  539.96147    0.00000   100%  16.7  965s
  9938  8865    6.85810  138  250  539.96147    0.00000   100%  16.6  974s
 10099  8985    0.00000  144  249  539.96147    0.00000   100%  16.6  981s
 10300  9114    0.00000  158  252  539.96147    0.00000   100%  16.5  990s
 10526  9231    0.00000  172  251  539.96147    0.00000   100%  16.4  998s
 10743  9412    0.00000  181  251  539.96147    0.00000   100%  16.3 1007s
 11014  9541    0.00000  191  251  539.96147    0.00000   100%  16.2 1016s
 11262  9686    0.00000  199  252  539.96147    0.00000   100%  16.0 1025s
 11525  9804    5.19550  212  247  539.96147    0.00000   100%  15.9 1034s
 11764 10014    0.00000  221  253  539.96147    0.00000   100%  15.8 1043s
 12076 10135    0.00000  232  254  539.96147    0.00000   100%  15.7 1053s
 12301 10607    0.00000  239  250  539.96147    0.00000   100%  15.6 1063s
 12849 10836    0.00000  256  249  539.96147    0.00000   100%  15.3 1073s
 13289 11081  149.62013  274  247  539.96147    0.00000   100%  15.1 1084s
 13707 11256    5.22007  289  245  539.96147    0.00000   100%  15.0 1097s
 14061 11378  279.96340  304  247  539.96147    0.00000   100%  14.9 1108s
 14347 11565    0.00000  315  250  539.96147    0.00000   100%  14.8 1120s
 14705 11510    6.86893  328  248  539.96147    0.00000   100%  14.8 1212s
 14790 12765  124.96967  333  247  539.96147    0.00000   100%  14.7 1262s
 16271 13082    0.00000  427  253  539.96147    0.00000   100%  14.3 1279s
 17131 13713    0.00000  433  257  539.96147    0.00000   100%  14.1 1291s
 18075 14050    0.00000  458  255  539.96147    0.00000   100%  13.7 1303s
 18752 14462    0.00000  468  255  539.96147    0.00000   100%  13.5 1314s
 19407 15207    0.00000  478  255  539.96147    0.00000   100%  13.3 1329s
 20398 15851    0.00000  512  255  539.96147    0.00000   100%  13.1 1346s
 21390 16483    0.00000  540  255  539.96147    0.00000   100%  12.9 1358s
 22352 16998    0.00000  550  255  539.96147    0.00000   100%  12.6 1371s
 23267 17170    5.22007  585  247  539.96147    0.00000   100%  12.4 1383s
 23784 17766    6.85810  586  246  539.96147    0.00000   100%  12.3 1395s
 24574 18657    0.00000  617  252  539.96147    0.00000   100%  12.1 1409s
 25775 19010   51.01337  695  250  539.96147    0.00000   100%  11.9 1423s
 26558 19401    0.00000  766  253  539.96147    0.00000   100%  11.8 1436s
H27251 19279                     539.9498037    0.00000   100%  11.8 1452s
 27745 19984    0.00000  853  252  539.94980    0.00000   100%  11.7 1467s
 28626 20511    0.00000  897  251  539.94980    0.00000   100%  11.7 1482s
 29337 22140    0.00000  919  252  539.94980    0.00000   100%  11.6 1758s
 30994 22644    0.00000 1070  252  539.94980    0.00000   100%  11.6 1794s
 31503 22775    8.71803 1104  244  539.94980    0.00000   100%  11.8 1833s
 31639 22940    0.00000 1117  252  539.94980    0.00000   100%  12.1 1862s
 31808 23174   70.30697 1129  246  539.94980    0.00000   100%  12.3 1884s
 32045 23254    0.00746 1141  299  539.94980    0.00746   100%  12.7 1912s
 32127 23462    0.00979 1143  298  539.94980    0.00979   100%  13.1 1948s
 32337 23774    0.01610 1148  289  539.94980    0.01610   100%  13.7 1968s
 32650 24057    0.02405 1155  280  539.94980    0.02405   100%  13.7 2002s
 32934 24327    0.03243 1165  268  539.94980    0.03243   100%  13.8 2042s
 33208 24334  172.25250 1178  248  539.94980    0.07144   100%  14.4 2097s
 33216 24718    0.07144 1179  259  539.94980    0.07144   100%  14.4 2135s
 33601 25876   13.91353 1204  242  539.94980    3.26227  99.4%  14.6 2182s
 34786 26492    8.71803 1310  249  539.94980    3.26227  99.4%  14.7 2233s
 35436 28527    8.71803 1381  249  539.94980    3.26227  99.4%  14.9 2286s
 37810 29807  125.40127 1551  244  539.94980    3.26227  99.4%  14.9 2327s
 39106 31083    8.71803 1643  248  539.94980    3.26227  99.4%  14.9 2416s
 40420 31798    8.71803 1755  247  539.94980    3.26227  99.4%  15.0 2458s
 41144 33796    8.71803 1803  247  539.94980    3.26227  99.4%  15.0 2505s
 43227 35646  130.10507 1973  241  539.94980    3.26227  99.4%  15.2 2543s
 45217 37459    8.71803 2054  247  539.94980    3.26227  99.4%  15.2 2661s
 47120 38792    8.71803 2071  239  539.94980    3.26227  99.4%  15.3 2690s
 48544 38799    8.78691 2089  244  539.94980    3.26227  99.4%  15.2 2752s
 48552 40017  134.47160 2089  241  539.94980    3.26227  99.4%  15.3 2775s
 49844 40280    8.81044 2103  239  539.94980    3.26227  99.4%  15.3 2802s
 50144 41678   33.76550 2108  237  539.94980    3.26227  99.4%  15.3 2825s
 51667 41974   19.44749 2157  264  539.94980    3.26227  99.4%  15.3 2861s
 51975 43405   25.10923 2171  230  539.94980    3.26227  99.4%  15.5 2885s
 53563 44168   25.10923 2284  233  539.94980    3.26227  99.4%  15.4 2913s
 54351 45809   25.10923 2315  233  539.94980    3.26227  99.4%  15.4 2936s
 56131 47111   25.10923 2402  236  539.94980    3.26227  99.4%  15.3 2961s
 57600 48772   25.10923 2475  235  539.94980    3.26227  99.4%  15.1 2981s
 59361 49697   25.10923 2496  235  539.94980    3.26227  99.4%  15.0 3015s
 60302 51935   25.10923 2506  234  539.94980    3.26227  99.4%  15.0 3126s
 62770 52105   25.10923 2672  240  539.94980    3.26227  99.4%  15.0 3160s
 62944 53615   25.10923 2684  240  539.94980    3.26227  99.4%  15.0 3181s
 64532 53902   25.10923 2798  241  539.94980    3.26227  99.4%  14.9 3204s
 64854 54960   25.10923 2815  240  539.94980    3.26227  99.4%  14.9 3224s
 66071 56543   25.10923 2857  241  539.94980    3.26227  99.4%  14.9 3245s
 67953 56599   25.10923 2923  240  539.94980    3.26227  99.4%  14.8 3280s
 68021 56828   25.11618 2929  241  539.94980    3.26227  99.4%  15.0 3312s
 68276 58345   25.11618 2934  241  539.94980    3.26227  99.4%  15.1 3331s
 69988 59738   25.27408 2970  242  539.94980    3.26227  99.4%  15.1 3347s
 71553 60825   26.66504 3006  241  539.94980    3.26227  99.4%  15.0 3368s
 72709 62215   31.12483 3037  237  539.94980    3.26227  99.4%  15.0 3391s
 74189 62395   31.12483 3107  237  539.94980    3.26227  99.4%  14.9 3420s
 74389 63720  147.52743 3117  229  539.94980    3.26227  99.4%  14.9 3436s
 75821 65101   31.12483 3163  238  539.94980    3.26227  99.4%  14.9 3543s
 77346 66725   31.12483 3269  237  539.94980    3.26227  99.4%  14.9 3569s
 79185 66732   31.12483 3361  238  539.94980    3.26227  99.4%  14.9 3633s
 79193 67116  171.18653 3361  234  539.94980    3.26227  99.4%  14.9 3654s
 79588 67452   31.12483 3383  228  539.94980    3.26227  99.4%  14.9 3716s
 79948 68794  103.12491 3405  244  539.94980    3.26227  99.4%  15.0 3751s
 81374 69788   31.12483 3473  224  539.94980    3.26227  99.4%  14.9 3778s
 82388 71700   31.12483 3521  224  539.94980    3.26227  99.4%  14.8 3807s
 84663 73360   31.12483 3630  224  539.94980    3.26227  99.4%  14.9 3840s
 86440 75068   31.12483 3703  224  539.94980    3.26227  99.4%  14.9 3862s
 88491 75774   31.12483 3810  226  539.94980    3.26227  99.4%  14.8 3889s
 89203 77325   31.12483 3834  226  539.94980    3.26227  99.4%  14.8 3908s
 90979 78605   31.12483 3898  225  539.94980    3.26227  99.4%  14.8 4017s
 92286 79791   31.12483 3983  226  539.94980    3.26227  99.4%  14.8 4050s
 93474 80393   35.88357 4047  234  539.94980    3.26227  99.4%  14.8 4079s
 94077 82224  190.27147 4084  232  539.94980    3.26227  99.4%  14.8 4107s
 96067 83680   31.24262 4195  264  539.94980    3.26227  99.4%  14.9 4133s
 97705 84454   37.98293 4262  239  539.94980    3.26227  99.4%  14.9 4163s
 98491 84869   37.98293 4280  232  539.94980    3.26227  99.4%  15.1 4194s
 98919 86352  320.48177 4288  232  539.94980    3.26227  99.4%  15.1 4213s
 100445 87831   37.99524 4308  254  539.94980    3.26227  99.4%  15.3 4235s
 101991 88927   44.66791 4359  234  539.94980    3.26227  99.4%  15.4 4264s
 103099 89523   44.85217 4392  238  539.94980    3.26227  99.4%  15.5 4294s
 103698 89689  278.44850 4415  226  539.94980    3.26227  99.4%  15.6 4339s
 103892 89948  278.44850 4428  230  539.94980    3.26227  99.4%  15.7 4386s
 104159 91121   44.86210 4453  254  539.94980    3.26227  99.4%  15.9 4407s
 105789 92080   49.61090 4507  240  539.94980    3.26227  99.4%  16.0 4525s
 106761 93186   49.61090 4515  237  539.94980    3.26227  99.4%  16.1 4571s
 107967 95285  291.14640 4531  229  539.94980    3.26227  99.4%  16.2 4608s
 110199 97196   49.61090 4702  241  539.94980    3.26227  99.4%  16.5 4636s
 112246 99146   49.61090 4821  240  539.94980    3.26227  99.4%  16.5 4656s
 114326 99982  333.18597 4991  240  539.94980    3.26227  99.4%  16.4 4686s
 115168 101512   49.61701 4999  263  539.94980    3.26227  99.4%  16.4 4702s
 116729 102947   49.61893 5003  241  539.94980    3.26227  99.4%  16.4 4717s
 118188 104498   49.61893 5005  241  539.94980    3.26227  99.4%  16.5 4742s
 119765 106300   49.61893 5007  241  539.94980    3.26227  99.4%  16.4 4755s
 121592 108191   49.62228 5009  257  539.94980    3.26227  99.4%  16.4 4847s
 123491 108228   49.64492 5028  243  539.94980    3.26227  99.4%  16.4 4882s
 123528 109692  210.18607 5031  237  539.94980    3.26227  99.4%  16.4 4915s
 125003 111369   49.64525 5037  243  539.94980    3.26227  99.4%  16.4 4928s
 126755 113024   54.91557 5042  259  539.94980    3.26227  99.4%  16.4 4943s
 128476 114318   54.81613 5078  254  539.94980    3.26227  99.4%  16.3 4959s
 129779 114326   54.81613 5079  254  539.94980    3.26227  99.4%  16.2 5010s
 129787 114513  157.66560 5079  299  539.94980    3.26227  99.4%  16.3 5022s
 129975 114617   54.81691 5080  253  539.94980    3.26227  99.4%  16.3 5037s
 130081 115706   54.81992 5081  254  539.94980    3.26227  99.4%  16.3 5070s
 131172 117341   54.81992 5083  254  539.94980    3.26227  99.4%  16.3 5083s
 132871 118731   54.82093 5085  253  539.94980    3.26227  99.4%  16.3 5107s
 134268 120265   54.82226 5086  253  539.94980    3.26227  99.4%  16.2 5119s
 135863 120777   54.82226 5088  254  539.94980    3.26227  99.4%  16.2 5140s
 136383 122228   54.82226 5089  254  539.94980    3.26227  99.4%  16.2 5235s
 137855 123609   54.87990 5092  245  539.94980    3.26227  99.4%  16.3 5256s
 139290 125092   54.88553 5115  233  539.94980    3.26227  99.4%  16.2 5284s
 140904 126858   54.90262 5140  237  539.94980    3.26227  99.4%  16.2 5296s
 142715 128547   59.40490 5158  229  539.94980    3.26227  99.4%  16.1 5315s
 144476 129446   59.40490 5171  228  539.94980    3.26227  99.4%  16.0 5343s
 145396 130695   59.40490 5177  236  539.94980    3.26227  99.4%  16.1 5360s
 146684 131533  443.29623 5190  237  539.94980    3.26227  99.4%  16.0 5380s
 147532 131725   59.40490 5191  233  539.94980    3.26227  99.4%  16.0 5413s
 147749 132810   59.40490 5192  234  539.94980    3.26227  99.4%  16.0 5428s
 148862 134070   59.40490 5196  236  539.94980    3.26227  99.4%  16.0 5441s
 150181 135209  215.74550 5237  236  539.94980    3.26227  99.4%  16.1 5459s
 151364 136549   59.40490 5265  235  539.94980    3.26227  99.4%  16.1 5560s
 152712 137519   59.40490 5297  239  539.94980    3.26227  99.4%  16.1 5590s
 153701 139337   59.40490 5298  239  539.94980    3.26227  99.4%  16.2 5612s
 155662 140325   59.40490 5417  234  539.94980    3.26227  99.4%  16.2 5642s
 156730 141806   59.40490 5422  237  539.94980    3.26227  99.4%  16.3 5663s
 158286 143372   59.40490 5456  238  539.94980    3.26227  99.4%  16.3 5677s
 159880 144962   59.40490 5542  234  539.94980    3.26227  99.4%  16.4 5691s
 161473 146304  136.80687 5643  236  539.94980    3.26227  99.4%  16.4 5704s
 161851 146304   52.20536 1389  250  539.94980    3.26227  99.4%  16.4 5705s
 162818 147830   59.40490 5658  234  539.94980    3.26227  99.4%  16.3 5719s
 164360 149336   59.42380 5725  240  539.94980    3.26227  99.4%  16.4 5732s
 165881 150713  172.71170 5784  234  539.94980    3.26227  99.4%  16.4 5951s
 167273 152577  222.91003 5912  224  539.94980    3.26227  99.4%  16.5 6057s
 169236 152912   66.45033 6083  237  539.94980    3.26227  99.4%  17.1 6198s
 169584 155224  151.36447 6083  226  539.94980    3.26227  99.4%  17.0 6246s
 171978 157368   67.45033 6254  233  539.94980    3.26227  99.4%  17.7 6301s
 174318 159216  215.85013 6424  227  539.94980    3.26227  99.4%  17.9 6337s
 176270 161146   71.26237 6595  231  539.94980    3.26227  99.4%  18.0 6380s
 178291 163031  219.03257 6765  224  539.94980    3.26227  99.4%  18.0 6405s
 180242 163989   77.12650 6883  223  539.94980    3.26227  99.4%  18.1 6457s
 181457 164951   77.12650 6925  227  539.94980    3.26227  99.4%  18.0 6564s
 182423 167134   77.12650 6926  227  539.94980    3.26227  99.4%  18.0 6604s
 182831 167134  208.31410 3265  243  539.94980    3.26227  99.4%  18.1 6605s
 184668 168988   77.12650 7095  224  539.94980    3.26227  99.4%  18.0 6621s
 186566 169022  114.04877 7185  221  539.94980    3.26227  99.4%  18.0 6677s
 186676 170745   77.12650 7186  225  539.94980    3.26227  99.4%  18.0 6690s
 188433 170765  238.57557 7269  212  539.94980    3.26227  99.4%  18.0 6734s
 188458 170930   77.12650 7270  214  539.94980    3.26227  99.4%  18.0 6752s
 188667 172250   77.12650 7278  211  539.94980    3.26227  99.4%  18.0 6768s
 190034 173289  386.39867 7345  221  539.94980    3.26227  99.4%  18.0 6783s
 191174 174660  248.41337 7386  214  539.94980    3.26227  99.4%  18.0 6799s
 192596 174762   77.12650 7431  218  539.94980    3.26227  99.4%  18.0 6831s
 192706 174805  184.67487 7441  217  539.94980    3.26227  99.4%  18.0 6892s
 192754 175044  200.59333 7444  217  539.94980    3.26227  99.4%  18.0 6914s
 192997 176450  184.67487 7468  216  539.94980    3.26227  99.4%  18.0 6931s
 194404 176782   77.12650 7544  216  539.94980    3.26227  99.4%  18.0 6952s
 194745 178579  234.00363 7556  214  539.94980    3.26227  99.4%  18.0 6973s
 196547 180294  233.57937 7647  216  539.94980    3.26227  99.4%  17.9 7074s
 198349 180491   77.12650 7739  224  539.94980    3.26227  99.4%  17.9 7120s
 198547 182411   77.12650 7746  230  539.94980    3.26227  99.4%  17.9 7134s
 200486 183644  226.15513 7875  221  539.94980    3.26227  99.4%  17.9 7170s
 201722 185228   77.12650 7910  223  539.94980    3.26227  99.4%  17.9 7185s
 203323 186933  203.67970 7982  214  539.94980    3.26227  99.4%  17.8 7197s
 205037 186954   77.12650 8077  219  539.94980    3.26227  99.4%  17.7 7200s

Cutting planes:
  Gomory: 53
  Implied bound: 170
  Projected implied bound: 395
  MIR: 54
  Flow cover: 600
  RLT: 2
  Relax-and-lift: 2116

Explored 205060 nodes (3761543 simplex iterations) in 7203.42 seconds
Thread count was 16 (of 16 available processors)

Solution count 10: 539.95 539.961 539.962 ... 681.353

Time limit reached
Best objective 5.399498036987e+02, best bound 3.262266666665e+00, gap 99.3958%

User-callback calls 1333848, time in user-callback 9.60 sec
