
Gurobi 10.0.1 (win64) logging started Sat Sep 20 20:10:35 2025

Set parameter LogFile to value "log_group_6/bound_Expr47_s8_l1051_s11_e12_o60_d120_t7200_s47_0_0_0_0.log"
Gurobi Optimizer version 10.0.1 build v10.0.1rc0 (win64)

CPU model: Intel(R) Core(TM) i7-10700 CPU @ 2.90GHz, instruction set [SSE2|AVX|AVX2]
Thread count: 8 physical cores, 16 logical processors, using up to 16 threads

Optimize a model with 1297432 rows, 1296580 columns and 10370704 nonzeros
Model fingerprint: 0xff2be0ab
Variable types: 580 continuous, 1296000 integer (1296000 binary)
Coefficient statistics:
  Matrix range     [1e+00, 9e+02]
  Objective range  [1e+00, 1e+00]
  Bounds range     [1e+00, 1e+03]
  RHS range        [1e+00, 9e+02]
Presolve removed 1268980 rows and 1268920 columns (presolve time = 5s) ...
Presolve removed 1268980 rows and 1268528 columns
Presolve time: 5.89s
Presolved: 28452 rows, 28052 columns, 165168 nonzeros
Variable types: 460 continuous, 27592 integer (27592 binary)
Found heuristic solution: objective 15638.768667
Found heuristic solution: objective 1377.3284000
Deterministic concurrent LP optimizer: primal and dual simplex
Showing first log only...


Root simplex log...

Iteration    Objective       Primal Inf.    Dual Inf.      Time
       0   -4.1516000e+04   1.108380e+04   3.507847e+08      7s
    2629    4.4884000e+04   0.000000e+00   9.360000e+02      8s
    3042    0.0000000e+00   0.000000e+00   0.000000e+00      8s
Concurrent spin time: 0.09s

Solved with primal simplex

Root relaxation: objective 0.000000e+00, 3042 iterations, 0.52 seconds (0.80 work units)

    Nodes    |    Current Node    |     Objective Bounds      |     Work
 Expl Unexpl |  Obj  Depth IntInf | Incumbent    BestBd   Gap | It/Node Time

     0     0    0.00000    0  180 1377.32840    0.00000   100%     -    9s
H    0     0                    1151.8112000    0.00000   100%     -   11s
     0     0    0.00000    0  225 1151.81120    0.00000   100%     -   13s
H    0     0                     597.1755333    0.00000   100%     -   18s
     0     0    0.00000    0  240  597.17553    0.00000   100%     -   18s
H    0     0                     571.7901999    0.00000   100%     -   19s
H    0     0                     475.7526667    0.00000   100%     -   26s
H    0     0                     455.0996667    0.00000   100%     -   26s
H    0     0                     433.7607333    0.00000   100%     -   27s
     0     0    0.00000    0  183  433.76073    0.00000   100%     -   28s
H    0     0                     433.1390667    0.00000   100%     -   29s
     0     0    0.00000    0  186  433.13907    0.00000   100%     -   34s
     0     0    0.00000    0  194  433.13907    0.00000   100%     -   41s
     0     0    0.00000    0  187  433.13907    0.00000   100%     -   41s
H    0     0                     431.0146667    0.00000   100%     -   48s
H    0     0                     430.2352667    0.00000   100%     -   48s
     0     0    0.00000    0  189  430.23527    0.00000   100%     -   50s
H    0     0                     407.4811000    0.00000   100%     -   51s
     0     0    0.00000    0  188  407.48110    0.00000   100%     -   56s
     0     0    0.00000    0  185  407.48110    0.00000   100%     -   64s
     0     0    0.00000    0  185  407.48110    0.00000   100%     -   65s
H    0     0                     406.2180000    0.00000   100%     -   68s
H    0     0                     400.8147667    0.00000   100%     -   73s
     0     2    0.00000    0  185  400.81477    0.00000   100%     -   75s
    21    20    0.00000    5  194  400.81477    0.00000   100%   707   80s
    29    25    0.00000    6  206  400.81477    0.00000   100%   589   88s
H   33    25                     397.5389000    0.00000   100%   539   88s
H   35    25                     396.6314000    0.00000   100%   509   88s
    45    35    0.00000    8  201  396.63140    0.00000   100%   423   90s
    91    67    0.00000   13  200  396.63140    0.00000   100%   250   95s
H  116    80                     396.6314000    0.00000   100%   245   97s
   150   114    0.00000   21  222  396.63140    0.00000   100%   211  100s
   207   154    0.00000   27  210  396.63140    0.00000   100%   167  105s
   257   188    0.00000   32  211  396.63140    0.00000   100%   143  110s
   354   257    0.00000   41  206  396.63140    0.00000   100%   114  116s
   413   279    0.00000   44  205  396.63140    0.00000   100%   102  121s
H  416   279                     396.6313999    0.00000   100%   101  121s
H  418   279                     396.6313995    0.00000   100%   101  121s
   459   322    0.00000   47  205  396.63140    0.00000   100%  94.1  125s
   636   458    0.00000   56  204  396.63140    0.00000   100%  72.9  135s
H  675   458                     396.6313985    0.00000   100%  70.7  135s
H  715   531                     396.6313978    0.00000   100%  67.7  137s
   782   555    0.00000   72  207  396.63140    0.00000   100%  62.8  141s
H  785   555                     396.6303015    0.00000   100%  62.6  141s
   813   583    0.00000   76  208  396.63030    0.00000   100%  61.3  145s
  1018   706    0.00000  106  210  396.63030    0.00000   100%  50.9  152s
  1026   844    0.00000  107  210  396.63030    0.00000   100%  50.7  155s
  1414  1239    0.00000  160  208  396.63030    0.00000   100%  39.0  162s
  1689  1484    0.00000  195  206  396.63030    0.00000   100%  33.7  167s
  2022  1754    0.00000  219  209  396.63030    0.00000   100%  29.1  172s
  2431  1959    0.00000  241  201  396.63030    0.00000   100%  25.0  177s
  2684  2320    0.00000  261  215  396.63030    0.00000   100%  23.4  182s
  3092  2690    0.00000  304  204  396.63030    0.00000   100%  21.3  187s
  3531  3216    0.00000  353  208  396.63030    0.00000   100%  19.7  193s
  4068  3868    0.00000  411  206  396.63030    0.00000   100%  17.7  199s
  4794  3882    0.00000  480  207  396.63030    0.00000   100%  15.9  204s
  4808  4427    0.00000  481  207  396.63030    0.00000   100%  15.8  211s
  5377  5183    0.00000  526  209  396.63030    0.00000   100%  14.8  218s
  6177  5998    0.00000  621  203  396.63030    0.00000   100%  13.6  227s
  7144  6778    0.00000  735  203  396.63030    0.00000   100%  12.4  236s
  7993  6779    0.00000   97  185  396.63030    0.00000   100%  11.7  386s
  7995  6780    0.00000  395  178  396.63030    0.00000   100%  11.7  417s
  7996  6781  113.06530  322  185  396.63030    0.00000   100%  11.7  482s
  7997  6782  254.85253   33  193  396.63030    0.00000   100%  11.7  489s
  7998  6782  113.06530   47  180  396.63030    0.00000   100%  11.7  514s
  7999  6783  231.53607  762  182  396.63030    0.00000   100%  11.7  527s
  8000  6784  231.53607  790  181  396.63030    0.00000   100%  11.7  552s
  8001  6784    0.00000  655  166  396.63030    0.00000   100%  11.7  564s
  8002  6785  231.53607  537  182  396.63030    0.00000   100%  11.7  596s
  8003  6786  191.87337   79  166  396.63030    0.00000   100%  11.7  609s
  8004  6786    0.00000  415  185  396.63030    0.00000   100%  11.7  652s
  8005  6787  219.33680  262  179  396.63030    0.00000   100%  11.7  661s
  8006  6788  320.29073  615  179  396.63030    0.00000   100%  11.7  709s
  8007  6791    0.00000   12  167  396.63030    0.00000   100%  18.2  718s
  8009  6794    0.00000   13  164  396.63030    0.00000   100%  18.2  723s
  8013  6796    0.00000   14  163  396.63030    0.00000   100%  18.7  758s
  8020  6800    0.00000   15  163  396.63030    0.00000   100%  20.6  791s
  8028  6801    0.00000   16  165  396.63030    0.00000   100%  21.4  851s
  8036  6805  168.74777   16  160  396.63030    0.00000   100%  24.2  920s
  8044  6808    0.00000   17  162  396.63030    0.00000   100%  24.5  958s
  8052  6815    5.50833   17  162  396.63030    0.00000   100%  25.5 1005s
  8066  6826  145.20580   18  160  396.63030    0.00000   100%  26.8 1024s
  8082  6831    0.00000   20  164  396.63030    0.00000   100%  26.9 1026s
  8122  6842  231.36657   22  177  396.63030    0.00000   100%  27.1 1036s
  8136  6854    0.00000   23  171  396.63030    0.00000   100%  27.3 1040s
  8203  6853    0.00000   27  173  396.63030    0.00000   100%  27.6 1054s
  8223  6859  104.40327   28  171  396.63030    0.00000   100%  27.8 1058s
  8252  6862    0.00000   30  178  396.63030    0.00000   100%  27.8 1062s
  8293  6858   46.93263   32  179  396.63030    0.00000   100%  28.0 1068s
  8314  6862    0.00000   34  192  396.63030    0.00000   100%  28.0 1072s
  8354  6856    0.00000   36  188  396.63030    0.00000   100%  28.1 1076s
  8386  6854    0.00000   38  191  396.63030    0.00000   100%  28.1 1091s
  8408  6859    0.00000   39  191  396.63030    0.00000   100%  28.4 1095s
  8453  6855    0.00000   41  191  396.63030    0.00000   100%  28.5 1100s
  8508  6847    0.00000   44  190  396.63030    0.00000   100%  28.5 1105s
  8551  6842    0.00000   46  191  396.63030    0.00000   100%  28.5 1113s
  8572  6857    0.00000   47  190  396.63030    0.00000   100%  28.6 1119s
  8631  6856  149.76313   49  181  396.63030    0.00000   100%  28.7 1124s
  8686  6855    0.00000   52  193  396.63030    0.00000   100%  28.9 1137s
  8708  6889    0.00000   53  191  396.63030    0.00000   100%  29.1 1143s
  8793  6891    0.00000   57  190  396.63030    0.00000   100%  29.1 1149s
  8857  6891  231.36657   59  203  396.63030    0.00000   100%  29.2 1157s
  8886  6923    0.00000   60  190  396.63030    0.00000   100%  29.3 1164s
  8962  6930  231.36657   63  194  396.63030    0.00000   100%  29.4 1171s
  9042  6919  231.36657   67  197  396.63030    0.00000   100%  29.5 1188s
  9065  6941    0.00000   68  190  396.63030    0.00000   100%  29.7 1194s
  9104  6993  223.21337   70  193  396.63030    0.00000   100%  29.7 1203s
  9214  7007    0.00000   77  191  396.63030    0.00000   100%  29.9 1212s
  9305  7001    0.00000   82  191  396.63030    0.00000   100%  29.9 1229s
  9334  7063    0.00000   84  191  396.63030    0.00000   100%  30.0 1238s
  9456  7051    0.00000   90  191  396.63030    0.00000   100%  30.6 1248s
  9567  7036    0.00000   96  191  396.63030    0.00000   100%  31.0 1299s
  9672  7025    0.00000  102  191  396.63030    0.00000   100%  31.3 1333s
  9708  7038    0.00000  103  191  396.63030    0.00000   100%  31.7 1379s
  9751  7140  118.08670  105  190  396.63030    0.00000   100%  33.2 1393s
  9954  7137  223.21337  115  196  396.63030    0.00000   100%  33.1 1409s
 10104  7129    0.00000  124  194  396.63030    0.00000   100%  33.2 1425s
 10160  7250    0.00000  125  193  396.63030    0.00000   100%  33.4 1440s
 10377  7308    0.00000  132  195  396.63030    0.00000   100%  33.6 1455s
 10589  7272    0.00000  139  195  396.63030    0.00000   100%  33.9 1473s
 10637  7332    0.00000  140  194  396.63030    0.00000   100%  34.2 1487s
 10810  7321    0.00000  146  195  396.63030    0.00000   100%  35.1 1547s
 10911  7337  249.47097  152  194  396.63030    0.00000   100%  36.5 1595s
 10965  7326    0.00000  154  195  396.63030    0.00000   100%  36.9 1620s
 10974  7516  249.47097  154  199  396.63030    0.00000   100%  36.9 1638s
 11221  7637  249.47097  161  199  396.63030    0.00000   100%  37.2 1659s
 11506  7606  170.37107  171  188  396.63030    0.00000   100%  37.3 1687s
 11573  7843    0.00000  179  193  396.63030    0.00000   100%  37.6 1713s
 12002  7934    0.00000  211  193  396.63030    0.00000   100%  38.2 1735s
 12364  8056    0.00000  222  193  396.63030    0.00000   100%  38.6 1758s
 12687  7956  253.69920  232  193  396.63030    0.00000   100%  38.9 1819s
 12695  8053    0.00000  233  193  396.63030    0.00000   100%  38.9 1865s
 12795  8104    0.00000  239  193  396.63030    0.00000   100%  38.9 1910s
 12881  8428    0.00000  242  193  396.63030    0.00000   100%  39.1 1937s
 13279  8801  171.47500  264  187  396.63030    0.00000   100%  39.2 1968s
 13815  8697    0.00000  296  192  396.63030    0.00000   100%  38.8 2008s
 13894  9187    0.00000  300  193  396.63030    0.00000   100%  38.8 2040s
 14474  9087  231.69543  314  192  396.63030    0.00000   100%  38.4 2074s
 14576  9381  231.69543  321  188  396.63030    0.00000   100%  38.6 2102s
 14953  9603  185.02833  341  199  396.63030    0.00000   100%  39.3 2138s
 15368 10313  185.02833  357  193  396.63030    0.00000   100%  39.6 2404s
 16232 10561    0.00000  418  202  396.63030    0.00000   100%  40.0 2438s
 16799 10431    0.00000  454  203  396.63030    0.00000   100%  39.8 2466s
 16876 10791    0.00000  461  194  396.63030    0.00000   100%  40.2 2492s
 17293 11224    0.00000  485  195  396.63030    0.00000   100%  40.4 2519s
 17893 11392    0.00000  510  196  396.63030    0.00000   100%  40.5 2539s
 18284 11618  171.81953  532  189  396.63030    0.00000   100%  40.0 2568s
 18751 11745    0.00000  567  194  396.63030    0.00000   100%  40.3 2597s
 19186 11677    0.00000  597  200  396.63030    0.00000   100%  40.9 2634s
 19272 12170    0.00000  602  200  396.63030    0.00000   100%  41.0 2663s
 19851 11985    0.00000  632  198  396.63030    0.00000   100%  41.6 2716s
 19859 12086  238.26983  632  191  396.63030    0.00000   100%  41.6 2755s
 19965 12859    0.00000  633  197  396.63030    0.00000   100%  41.8 2788s
 20799 13126    0.00000  669  204  396.63030    0.00000   100%  41.7 2820s
 21380 13648    0.00000  682  205  396.63030    0.00000   100%  41.6 2874s
 22152 13749    0.00000  703  205  396.63030    0.00000   100%  41.2 2902s
 22520 14082    0.00000  712  205  396.63030    0.00000   100%  41.1 2955s
 23074 15325  247.20387  761  193  396.63030    0.00000   100%  41.3 2994s
 24619 15847    0.00000  811  199  396.63030    0.00000   100%  40.5 3029s
 25794 16589    0.00000  832  199  396.63030    0.00000   100%  39.2 3070s
 27423 18651   72.29943  866  194  396.63030    0.00000   100%  38.0 3114s
 30083 20662  138.44663  964  204  396.63030    0.00000   100%  35.9 3911s
 32476 22298    0.00000 1052  209  396.63030    0.00000   100%  35.6 3958s
 34149 23559  142.17007 1136  202  396.63030    0.00000   100%  34.9 3990s
 35434 24436  169.15630 1197  200  396.63030    0.00000   100%  34.4 4012s
 36321 25846    0.00000 1231  204  396.63030    0.00000   100%  34.1 4038s
 37753 26388    0.00000 1263  204  396.63030    0.00000   100%  33.5 4057s
 38308 27592  182.71683 1284  200  396.63030    0.00000   100%  33.3 4078s
 39520 28300    0.00000 1354  204  396.63030    0.00000   100%  32.8 4097s
 40238 28364    0.00000 1411  203  396.63030    0.00000   100%  32.8 4128s
 40304 29072    0.00000 1416  203  396.63030    0.00000   100%  32.9 4145s
 41053 29821    0.00000 1436  203  396.63030    0.00000   100%  32.8 4163s
 41823 30125    0.00000 1455  204  396.63030    0.00000   100%  32.8 4182s
 42148 30133    0.00000 1480  204  396.63030    0.00000   100%  33.1 4283s
 42156 30206  231.53607 1480  200  396.63030    0.00000   100%  33.1 4317s
 42230 30280    0.00000 1486  204  396.63030    0.00000   100%  33.3 4351s
 42305 30358    0.00000 1491  203  396.63030    0.00000   100%  33.4 4386s
 42387 30691  260.95697 1495  197  396.63030    0.00000   100%  33.6 4405s
 42735 30807    0.00000 1504  204  396.63030    0.00000   100%  33.8 4422s
 42851 31136    0.00000 1509  204  396.63030    0.00000   100%  34.0 4446s
 43189 31448  257.81570 1522  204  396.63030    0.00000   100%  34.2 4467s
 43536 31900    0.00000 1545  203  396.63030    0.00000   100%  34.5 4488s
 44036 31969    0.00000 1570  202  396.63030    0.00000   100%  34.9 4501s
 44106 32518  260.95697 1575  196  396.63030    0.00000   100%  35.1 4524s
 44287 32518   22.54182 7559  196  396.63030    0.00000   100%  35.6 4525s
 44683 34596    0.00000 1637  202  396.63030    0.00000   100%  35.3 4815s
 46880 34719    0.00000 1829  208  396.63030    0.00000   100%  35.4 4832s
 47039 35224  149.75953 1843  207  396.63030    0.00000   100%  35.5 4872s
 47790 36679    0.00000 1921  213  396.63030    0.00000   100%  35.4 4911s
 49398 36928    0.00000 1974  208  396.63030    0.00000   100%  35.1 4950s
 49654 38284    0.00000 1978  208  396.63030    0.00000   100%  35.1 4983s
 51041 39153    0.00000 2020  206  396.63030    0.00000   100%  34.9 5008s
 51931 39584    0.00926 2071  243  396.63030    0.00000   100%  34.9 5032s
 52384 39592    0.01173 2086  217  396.63030    0.00000   100%  35.2 5082s
 52392 39711  169.14460 2086  203  396.63030    0.00000   100%  35.2 5098s
 52512 39836    5.33013 2093  203  396.63030    0.00000   100%  35.2 5114s
 52639 40417    0.01944 2101  212  396.63030    0.00000   100%  35.2 5139s
 53240 41163    0.03075 2122  210  396.63030    0.00000   100%  35.6 5166s
 54004 41534    0.03148 2180  207  396.63030    0.00000   100%  35.7 5196s
 54395 42420  260.83905 2208  199  396.63030    0.00000   100%  36.2 5225s
 55334 43227  236.86558 2251  199  396.63030    0.00000   100%  36.1 5255s
 56170 43361    0.03148 2313  210  396.63030    0.00000   100%  36.2 5272s
 56308 43929  193.45961 2328  205  396.63030    0.00000   100%  36.4 5307s
 56939 44268    0.03148 2431  206  396.63030    0.00000   100%  36.5 5339s
 57372 45344  132.77231 2473  203  396.63030    0.00000   100%  36.6 5373s
 58577 45474    0.03148 2567  206  396.63030    0.00000   100%  36.6 5397s
 58749 46504    0.03148 2583  206  396.63030    0.00000   100%  37.0 5428s
 59812 48859    0.03148 2655  205  396.63030    0.00000   100%  37.2 5716s
 62367 48934    0.03148 2840  213  396.63030    0.00000   100%  37.2 5740s
 62451 49694    5.60914 2846  210  396.63030    0.00000   100%  37.3 5763s
 63280 50421   78.92901 2903  209  396.63030    0.00000   100%  37.2 5796s
 64055 51364  133.12601 2950  207  396.63030    0.00000   100%  37.2 5822s
 65020 51489  149.95061 3012  208  396.63030    0.00000   100%  37.3 5836s
 65148 52382  149.95061 3024  208  396.63030    0.00000   100%  37.4 5861s
 66073 53232    0.03148 3090  212  396.63030    0.00000   100%  37.5 5884s
 66983 54793    0.03148 3115  214  396.63030    0.00000   100%  37.7 5913s
 68634 55586   67.28301 3197  209  396.63030    0.00000   100%  37.4 5939s
 69469 56750   78.42261 3257  209  396.63030    0.00000   100%  37.1 5968s
 70674 56842    0.03148 3334  216  396.63030    0.00000   100%  36.9 5979s
 70774 56938  103.14745 3339  210  396.63030    0.00000   100%  37.0 6038s
 70870 57042   87.40848 3345  210  396.63030    0.00000   100%  37.1 6072s
 70974 58247    0.03148 3352  214  396.63030    0.00000   100%  37.1 6099s
 72246 59833   68.76291 3426  210  396.63030    0.00000   100%  36.8 6129s
 73877 59841   73.60128 3520  208  396.63030    0.00000   100%  36.3 6167s
 73885 59947    0.03148 3521  211  396.63030    0.00000   100%  36.3 6178s
 74004 61560    0.03148 3527  212  396.63030    0.00000   100%  36.4 6207s
 75678 63983    0.03148 3586  212  396.63030    0.00000   100%  36.0 6468s
 78233 64071    0.03148 3700  213  396.63030    0.00000   100%  36.0 6477s
 78323 65573    0.03148 3704  213  396.63030    0.00000   100%  36.0 6500s
 79846 66943  117.89838 3731  209  396.63030    0.00000   100%  35.7 6518s
 81257 67603  262.30488 3755  202  396.63030    0.00000   100%  35.3 6533s
 81989 68829    0.03148 3763  212  396.63030    0.00000   100%  35.1 6552s
 83231 69497    0.03148 3766  213  396.63030    0.00000   100%  34.8 6566s
 83911 69920    0.03148 3768  213  396.63030    0.00000   100%  34.5 6583s
 84346 70149    0.03148 3777  213  396.63030    0.00000   100%  34.5 6592s
 84589 71063    0.03148 3780  212  396.63030    0.00000   100%  34.4 6611s
 85527 71849    0.03148 3793  215  396.63030    0.00000   100%  34.2 6628s
 86337 73125  191.85521 3824  207  396.63030    0.00000   100%  34.0 6645s
 87647 74079  191.85761 3861  207  396.63030    0.00000   100%  33.8 6660s
 88659 74872    0.03148 3884  211  396.63030    0.00000   100%  33.6 6673s
 89480 75756    0.03148 3903  210  396.63030    0.00000   100%  33.4 6691s
 90467 78007    0.03148 3938  207  396.63030    0.00000   100%  33.2 6946s
 93083 78084  117.95405 4094  201  396.63030    0.00000   100%  33.3 6954s
 93167 79695  117.95405 4098  201  396.63030    0.00000   100%  33.3 6978s
 94901 80556    0.03148 4155  205  396.63030    0.00000   100%  33.0 6994s
 95832 81403    0.03148 4179  205  396.63030    0.00000   100%  32.9 7010s
 96748 82078    0.03148 4201  203  396.63030    0.00000   100%  32.9 7023s
 97468 82136    0.03148 4226  206  396.63030    0.00000   100%  32.9 7030s
 97537 82306    0.03148 4229  206  396.63030    0.00000   100%  33.0 7040s
 97722 82564    0.03148 4261  206  396.63030    0.00000   100%  33.2 7052s
 98025 83180  152.80685 4304  203  396.63030    0.00000   100%  33.4 7066s
 98694 84068   72.32701 4353  201  396.63030    0.00000   100%  33.4 7082s
 99602 84602  235.38968 4360  199  396.63030    0.00000   100%  33.3 7095s
 100220 85689  105.90308 4393  196  396.63030    0.00000   100%  33.3 7115s
 101354 86560    0.03148 4446  200  396.63030    0.00000   100%  33.2 7127s
 102244 87500    0.03148 4468  203  396.63030    0.00000   100%  33.1 7142s
 103246 87556    0.03148 4492  203  396.63030    0.00000   100%  33.1 7149s
 103337 87645  149.79461 4497  202  396.63030    0.00000   100%  33.1 7179s
 103476 87839    0.03148 4506  203  396.63030    0.00000   100%  33.3 7188s
 103678 88321  149.79461 4514  202  396.63030    0.00000   100%  33.3 7200s

Cutting planes:
  Gomory: 98
  Implied bound: 316
  Projected implied bound: 522
  MIR: 82
  Flow cover: 414
  RLT: 2
  Relax-and-lift: 4650

Explored 104200 nodes (3510915 simplex iterations) in 7201.66 seconds (8155.14 work units)
Thread count was 16 (of 16 available processors)

Solution count 10: 396.63 396.631 396.631 ... 406.218

Time limit reached
Best objective 3.966303014601e+02, best bound 0.000000000000e+00, gap 100.0000%

User-callback calls 762234, time in user-callback 5.82 sec
