
Gurobi 11.0.0 (win64) logging started Sun Sep 21 06:44:49 2025

Set parameter LogFile to value "log_group_6/bound_Expr242_s5_l1051_s11_e12_o20_d41_t1200_s12_1_1_0_0.log"
Gurobi Optimizer version 11.0.0 build v11.0.0rc2 (win64 - Windows 11+.0 (22631.2))

CPU model: 13th Gen Intel(R) Core(TM) i7-13650HX, instruction set [SSE2|AVX|AVX2]
Thread count: 14 physical cores, 20 logical processors, using up to 20 threads

Optimize a model with 113170 rows, 110310 columns and 1310470 nonzeros
Model fingerprint: 0xed713c69
Variable types: 310 continuous, 110000 integer (110000 binary)
Coefficient statistics:
  Matrix range     [1e+00, 9e+02]
  Objective range  [1e+00, 1e+00]
  Bounds range     [1e+00, 1e+03]
  RHS range        [1e+00, 9e+02]
Presolve removed 105865 rows and 103790 columns
Presolve time: 1.11s
Presolved: 7305 rows, 6520 columns, 64385 nonzeros
Variable types: 270 continuous, 6250 integer (6250 binary)
Found heuristic solution: objective 3429.0474333

Root relaxation: objective 0.000000e+00, 4298 iterations, 0.56 seconds (0.56 work units)

    Nodes    |    Current Node    |     Objective Bounds      |     Work
 Expl Unexpl |  Obj  Depth IntInf | Incumbent    BestBd   Gap | It/Node Time

     0     0    0.00000    0   65 3429.04743    0.00000   100%     -    3s
H    0     0                    3391.9808333    0.00000   100%     -    4s
H    0     0                    1414.1940667    0.00000   100%     -    5s
     0     0    0.00000    0  168 1414.19407    0.00000   100%     -    5s
H    0     0                    1367.5031000    0.00000   100%     -    6s
H    0     0                    1363.6930000    0.00000   100%     -    7s
     0     0    0.00000    0   50 1363.69300    0.00000   100%     -    7s
     0     0    0.00000    0   48 1363.69300    0.00000   100%     -    7s
H    0     0                    1202.0851333    0.00000   100%     -   10s
H    0     0                    1113.8415667    0.00000   100%     -   10s
     0     0    0.00000    0   95 1113.84157    0.00000   100%     -   10s
H    0     0                    1113.3415333    0.00000   100%     -   12s
H    0     0                     956.1753667    0.00000   100%     -   12s
H    0     0                     312.8825667    0.00000   100%     -   12s
     0     0    0.00000    0   95  312.88257    0.00000   100%     -   12s
H    0     0                     154.2457000    0.00000   100%     -   15s
     0     0    0.00000    0   52  154.24570    0.00000   100%     -   16s
     0     0    0.00000    0  103  154.24570    0.00000   100%     -   16s
     0     0    0.00000    0  100  154.24570    0.00000   100%     -   17s
     0     0    0.00000    0  106  154.24570    0.00000   100%     -   17s
     0     0    0.00000    0   97  154.24570    0.00000   100%     -   17s
     0     0    0.00000    0   68  154.24570    0.00000   100%     -   17s
     0     0    0.00000    0  110  154.24570    0.00000   100%     -   17s
     0     0    0.00000    0   73  154.24570    0.00000   100%     -   17s
     0     0    0.00000    0   68  154.24570    0.00000   100%     -   18s
     0     0    0.00000    0   68  154.24570    0.00000   100%     -   20s
     0     0    0.00000    0   63  154.24570    0.00000   100%     -   27s
     0     0    0.00000    0  125  154.24570    0.00000   100%     -   28s
     0     0    0.00000    0  144  154.24570    0.00000   100%     -   28s
H    0     0                     151.4659000    0.00000   100%     -   29s
     0     0    4.77282    0   48  151.46590    4.77282  96.8%     -   30s
     0     0    5.27781    0   82  151.46590    5.27781  96.5%     -   30s
     0     0    5.42433    0  105  151.46590    5.42433  96.4%     -   30s
     0     0    5.42433    0   91  151.46590    5.42433  96.4%     -   30s
     0     0    5.42433    0   80  151.46590    5.42433  96.4%     -   30s
     0     0    5.42433    0   68  151.46590    5.42433  96.4%     -   30s
     0     0    5.42433    0   64  151.46590    5.42433  96.4%     -   30s
     0     0    5.42433    0   64  151.46590    5.42433  96.4%     -   30s
     0     0    5.42433    0   64  151.46590    5.42433  96.4%     -   30s
     0     0    5.42433    0   64  151.46590    5.42433  96.4%     -   30s
     0     0    5.42433    0   64  151.46590    5.42433  96.4%     -   30s
     0     0    5.42433    0   64  151.46590    5.42433  96.4%     -   30s
     0     0    5.42433    0   64  151.46590    5.42433  96.4%     -   31s
     0     0    5.42433    0   64  151.46590    5.42433  96.4%     -   31s
     0     0    5.42433    0   64  151.46590    5.42433  96.4%     -   31s
     0     0    5.60529    0  182  151.46590    5.60529  96.3%     -   32s
     0     0    7.54778    0  183  151.46590    7.54778  95.0%     -   33s
     0     0    7.62217    0  181  151.46590    7.62217  95.0%     -   33s
     0     0    8.19420    0  137  151.46590    8.19420  94.6%     -   33s
     0     0    8.38658    0  166  151.46590    8.38658  94.5%     -   33s
     0     0    8.39612    0  155  151.46590    8.39612  94.5%     -   33s
     0     0    8.39612    0  168  151.46590    8.39612  94.5%     -   34s
     0     0   12.50317    0   94  151.46590   12.50317  91.7%     -   35s
     0     0   13.19084    0  102  151.46590   13.19084  91.3%     -   35s
     0     0   13.45233    0   95  151.46590   13.45233  91.1%     -   35s
     0     0   13.69703    0   97  151.46590   13.69703  91.0%     -   35s
     0     0   13.69703    0  100  151.46590   13.69703  91.0%     -   35s
     0     0   14.78377    0  151  151.46590   14.78377  90.2%     -   36s
     0     0   14.81568    0  150  151.46590   14.81568  90.2%     -   36s
     0     0   14.87684    0  148  151.46590   14.87684  90.2%     -   36s
     0     0   14.97066    0  105  151.46590   14.97066  90.1%     -   37s
     0     0   14.97066    0  118  151.46590   14.97066  90.1%     -   37s
     0     0   15.63214    0  146  151.46590   15.63214  89.7%     -   38s
     0     0   15.63214    0  145  151.46590   15.63214  89.7%     -   38s
     0     0   15.74542    0   94  151.46590   15.74542  89.6%     -   39s
     0     0   15.74542    0  120  151.46590   15.74542  89.6%     -   39s
     0     0   15.74542    0  144  151.46590   15.74542  89.6%     -   41s
     0     0   15.74542    0  143  151.46590   15.74542  89.6%     -   41s
     0     0   15.81927    0  120  151.46590   15.81927  89.6%     -   42s
     0     0   15.81927    0  123  151.46590   15.81927  89.6%     -   43s
     0     0   15.81927    0  123  151.46590   15.81927  89.6%     -   43s
     0     0   15.81927    0  151  151.46590   15.81927  89.6%     -   45s
H    0     0                     120.8637000   15.84560  86.9%     -   46s
     0     0   17.01753    0   46  120.86370   17.01753  85.9%     -   47s
     0     0   17.01753    0   48  120.86370   17.01753  85.9%     -   47s
     0     0   17.19326    0   98  120.86370   17.19326  85.8%     -   47s
     0     0   17.35214    0   83  120.86370   17.35214  85.6%     -   47s
     0     0   17.35214    0   85  120.86370   17.35214  85.6%     -   47s
     0     0   17.35214    0   85  120.86370   17.35214  85.6%     -   47s
     0     0   17.35214    0   84  120.86370   17.35214  85.6%     -   47s
     0     0   17.35214    0   84  120.86370   17.35214  85.6%     -   47s
     0     0   17.68025    0   90  120.86370   17.68025  85.4%     -   47s
     0     0   18.59583    0  174  120.86370   18.59583  84.6%     -   48s
     0     0   19.12362    0  176  120.86370   19.12362  84.2%     -   48s
     0     0   19.12810    0  168  120.86370   19.12810  84.2%     -   48s
     0     0   19.31432    0   64  120.86370   19.31432  84.0%     -   48s
     0     0   25.48518    0   72  120.86370   25.48518  78.9%     -   48s
     0     0   25.48518    0   55  120.86370   25.48518  78.9%     -   51s
     0     0   25.48518    0   78  120.86370   25.48518  78.9%     -   51s
     0     0   26.84021    0   80  120.86370   26.84021  77.8%     -   52s
     0     0   26.84021    0   80  120.86370   26.84021  77.8%     -   52s
     0     0   27.87037    0   81  120.86370   27.87037  76.9%     -   52s
     0     0   27.87037    0   81  120.86370   27.87037  76.9%     -   52s
     0     0   34.00674    0  156  120.86370   34.00674  71.9%     -   53s
     0     0   35.44753    0  153  120.86370   35.44753  70.7%     -   53s
     0     0   35.44753    0  152  120.86370   35.44753  70.7%     -   53s
     0     0   43.51207    0  118  120.86370   43.51207  64.0%     -   54s
     0     0   44.18453    0  122  120.86370   44.18453  63.4%     -   54s
     0     0   44.18453    0  123  120.86370   44.18453  63.4%     -   54s
     0     0   57.87236    0  165  120.86370   57.87236  52.1%     -   55s
     0     0   57.88788    0  162  120.86370   57.88788  52.1%     -   55s
     0     0   57.88790    0  162  120.86370   57.88790  52.1%     -   55s
     0     0   67.70044    0  167  120.86370   67.70044  44.0%     -   55s
     0     0   67.77254    0  172  120.86370   67.77254  43.9%     -   56s
     0     0   67.77254    0  168  120.86370   67.77254  43.9%     -   56s
     0     0   74.24138    0  163  120.86370   74.24138  38.6%     -   56s
     0     0   74.24138    0   56  120.86370   74.24138  38.6%     -   58s
     0     0   74.24138    0   93  120.86370   74.24138  38.6%     -   58s
     0     0   74.24138    0  151  120.86370   74.24138  38.6%     -   59s
     0     0   74.24138    0  148  120.86370   74.24138  38.6%     -   59s
     0     0   75.81403    0  153  120.86370   75.81403  37.3%     -   59s
     0     0   75.82069    0  153  120.86370   75.82069  37.3%     -   59s
     0     0   75.82069    0  154  120.86370   75.82069  37.3%     -   59s
     0     0   87.50098    0  110  120.86370   87.50098  27.6%     -   60s
     0     0   87.50098    0   35  120.86370   87.50098  27.6%     -   62s
     0     0   87.50098    0   37  120.86370   87.50098  27.6%     -   62s
     0     0   87.50098    0   35  120.86370   87.50098  27.6%     -   62s
     0     0   87.50098    0   35  120.86370   87.50098  27.6%     -   62s
     0     0   87.50098    0   35  120.86370   87.50098  27.6%     -   62s
     0     0   87.50098    0   35  120.86370   87.50098  27.6%     -   62s
     0     0   87.50098    0   35  120.86370   87.50098  27.6%     -   62s
     0     0   87.50098    0   35  120.86370   87.50098  27.6%     -   62s
     0     0   87.50098    0   35  120.86370   87.50098  27.6%     -   62s
     0     0   87.50098    0   35  120.86370   87.50098  27.6%     -   62s
     0     0   87.50098    0   36  120.86370   87.50098  27.6%     -   62s
     0     0   87.50098    0  101  120.86370   87.50098  27.6%     -   62s
     0     0   87.50098    0   91  120.86370   87.50098  27.6%     -   62s
     0     0   87.50098    0   88  120.86370   87.50098  27.6%     -   62s
     0     0   91.03096    0   88  120.86370   91.03096  24.7%     -   62s
     0     0   91.03096    0   88  120.86370   91.03096  24.7%     -   62s
     0     0   94.58337    0   72  120.86370   94.58337  21.7%     -   62s
     0     0   94.76183    0   73  120.86370   94.76183  21.6%     -   62s
     0     0   94.78192    0   80  120.86370   94.78192  21.6%     -   62s
     0     0  116.88511    0   60  120.86370  116.88511  3.29%     -   63s
     0     0  118.46426    0   69  120.86370  118.46426  1.99%     -   63s
     0     0  118.46592    0   67  120.86370  118.46592  1.98%     -   63s
     0     0  118.46596    0   68  120.86370  118.46596  1.98%     -   63s
     0     0  118.49211    0   66  120.86370  118.49211  1.96%     -   63s
     0     0  119.29076    0   40  120.86370  119.29076  1.30%     -   63s
     0     0  119.29076    0   40  120.86370  119.29076  1.30%     -   63s
     0     0  120.83977    0   22  120.86370  120.83977  0.02%     -   63s
     0     0  120.83977    0   22  120.86370  120.83977  0.02%     -   64s
     0     0  120.83977    0   19  120.86370  120.83977  0.02%     -   64s
     0     0  120.83977    0   20  120.86370  120.83977  0.02%     -   64s
     0     0  120.83977    0   16  120.86370  120.83977  0.02%     -   64s
     0     0  120.83977    0   22  120.86370  120.83977  0.02%     -   64s
     0     0  120.83977    0   22  120.86370  120.83977  0.02%     -   64s
     0     0  120.83977    0   18  120.86370  120.83977  0.02%     -   64s
     0     0  120.83977    0   22  120.86370  120.83977  0.02%     -   64s
     0     0  120.83977    0   21  120.86370  120.83977  0.02%     -   64s
     0     0  120.83977    0   22  120.86370  120.83977  0.02%     -   64s
     0     0  120.83977    0   22  120.86370  120.83977  0.02%     -   64s
     0     0  120.83977    0   24  120.86370  120.83977  0.02%     -   64s
     0     0  120.83977    0   22  120.86370  120.83977  0.02%     -   64s
     0     0  120.83977    0   19  120.86370  120.83977  0.02%     -   64s
     0     1  120.84002    0   13  120.86370  120.84002  0.02%     -   64s
   192    51  120.84107   35   34  120.86370  120.84002  0.02%  18.6   65s

Cutting planes:
  Cover: 54
  Implied bound: 8
  Clique: 4
  MIR: 31
  StrongCG: 9
  GUB cover: 1
  Zero half: 1
  RLT: 14
  Relax-and-lift: 8

Explored 452 nodes (84218 simplex iterations) in 65.54 seconds (22.21 work units)
Thread count was 20 (of 20 available processors)

Solution count 10: 120.864 151.466 154.246 ... 1367.5

Optimal solution found (tolerance 1.00e-04)
Best objective 1.208637000000e+02, best bound 1.208637000000e+02, gap 0.0000%

User-callback calls 7023, time in user-callback 0.19 sec
