
Gurobi 11.0.0 (win64) logging started Sun Sep 21 05:57:29 2025

Set parameter LogFile to value "log_group_6/bound_Expr238_s5_l1051_s11_e12_o20_d42_t1200_s13_0_0_0_1.log"
Gurobi Optimizer version 11.0.0 build v11.0.0rc2 (win64 - Windows 11+.0 (22631.2))

CPU model: 13th Gen Intel(R) Core(TM) i7-13650HX, instruction set [SSE2|AVX|AVX2]
Thread count: 14 physical cores, 20 logical processors, using up to 20 threads

Optimize a model with 155845 rows, 155310 columns and 1243990 nonzeros
Model fingerprint: 0x35248216
Variable types: 310 continuous, 155000 integer (155000 binary)
Coefficient statistics:
  Matrix range     [1e+00, 9e+02]
  Objective range  [1e+00, 1e+00]
  Bounds range     [1e+00, 1e+03]
  RHS range        [1e+00, 9e+02]
Presolve removed 148790 rows and 148770 columns
Presolve time: 2.21s
Presolved: 7055 rows, 6540 columns, 49675 nonzeros
Variable types: 290 continuous, 6250 integer (6250 binary)
Found heuristic solution: objective 636.2861333

Root simplex log...

Iteration    Objective       Primal Inf.    Dual Inf.      Time
       0    9.1621167e+01   6.400000e+02   0.000000e+00      8s
    1548    9.1621167e+01   0.000000e+00   0.000000e+00      9s

Root relaxation: objective 9.162117e+01, 1548 iterations, 0.59 seconds (0.10 work units)
Total elapsed time = 9.07s (DegenMoves)

    Nodes    |    Current Node    |     Objective Bounds      |     Work
 Expl Unexpl |  Obj  Depth IntInf | Incumbent    BestBd   Gap | It/Node Time

     0     0   91.62117    0   37  636.28613   91.62117  85.6%     -    9s
H    0     0                     465.9182333   91.62117  80.3%     -    9s
H    0     0                     409.0133667   91.62117  77.6%     -   10s
H    0     0                     405.8738666   91.62117  77.4%     -   10s
     0     0   91.62117    0   47  405.87387   91.62117  77.4%     -   10s
H    0     0                     132.6703000   91.62117  30.9%     -   11s
     0     0   91.62117    0   56  132.67030   91.62117  30.9%     -   12s
     0     0   91.62117    0   78  132.67030   91.62117  30.9%     -   12s
     0     0   91.62117    0   54  132.67030   91.62117  30.9%     -   12s
     0     0   91.62117    0   53  132.67030   91.62117  30.9%     -   12s
     0     0   91.62117    0   57  132.67030   91.62117  30.9%     -   12s
     0     0   91.62117    0   82  132.67030   91.62117  30.9%     -   12s
     0     0   91.62117    0   52  132.67030   91.62117  30.9%     -   12s
     0     0   91.62117    0   54  132.67030   91.62117  30.9%     -   12s
     0     0   91.62117    0   52  132.67030   91.62117  30.9%     -   12s
     0     0   91.62117    0   57  132.67030   91.62117  30.9%     -   12s
     0     0   91.62117    0   56  132.67030   91.62117  30.9%     -   12s
     0     0   91.62117    0   82  132.67030   91.62117  30.9%     -   13s
H    0     0                     127.4437962   91.62117  28.1%     -   58s
     0     0   98.94616    0   20  127.44380   98.94616  22.4%     -   59s
     0     0   98.94616    0   20  127.44380   98.94616  22.4%     -   59s
H    0     0                     122.6855628   98.94616  19.3%     -   59s
H    0     0                     122.6360628   98.94616  19.3%     -   59s
H    0     0                     121.8208962   98.94616  18.8%     -   59s
     0     0   98.94616    0   21  121.82090   98.94616  18.8%     -   59s
     0     0   98.94616    0   22  121.82090   98.94616  18.8%     -   59s
     0     0   98.94616    0   24  121.82090   98.94616  18.8%     -   59s
     0     0  100.71150    0   22  121.82090  100.71150  17.3%     -   61s
     0     0  100.71150    0   20  121.82090  100.71150  17.3%     -   61s
     0     2  100.71150    0   20  121.82090  100.71150  17.3%     -   63s
    29    44  100.71150    5   23  121.82090  100.71150  17.3%  41.3   65s
   547   561  100.71150   42   21  121.82090  100.71150  17.3%   5.2   71s
H  548   561                     121.8208960  100.71150  17.3%   5.2   71s
  4598  4621  112.65008   36   15  121.82090  100.71150  17.3%   3.8   75s
  5024  4622  103.94633   31  263  121.82090  100.71150  17.3%   3.8   88s
  5031  4628  116.51550   48  263  121.82090  112.98483  7.25%   3.9   94s
  5033  4629  118.82856  104   16  121.82090  112.98483  7.25%   3.9   95s
  5079  4657  118.28206   26    6  121.82090  112.98483  7.25%   4.0  100s
H 5131  4443                     121.8208953  112.98483  7.25%   4.0  102s
H 5137  4228                     121.8208945  112.98483  7.25%   4.0  104s
H 5141  4017                     121.8208928  112.98483  7.25%   4.0  104s
  5148  4031  112.98483   30   10  121.82089  112.98483  7.25%   4.0  105s
  5823  4257  116.51550   49    8  121.82089  112.98483  7.25%   4.1  110s
H 5826  4057                     121.8202505  112.98483  7.25%   4.1  110s
  7562  4908     cutoff  103       121.82025  112.98483  7.25%   4.1  115s
 10158  5744     cutoff  177       121.82025  112.98483  7.25%   4.4  120s
 15775  8029  120.27503  171   10  121.82025  113.86750  6.53%   4.1  125s
 19157 12126  119.15306   76    6  121.82025  114.75016  5.80%   4.0  135s
H21902 12139                     121.8202318  114.75016  5.80%   3.9  137s
H21907 12139                     121.8196065  114.75016  5.80%   3.9  137s
H21908 12139                     121.8189825  114.75016  5.80%   3.9  137s
 30242 19890  117.27216   59    8  121.81898  114.75016  5.80%   3.7  140s
 39021 26524  120.52480   99    4  121.81898  114.75016  5.80%   3.7  159s
 41931 28185  120.53117  131    2  121.81898  114.75016  5.80%   3.7  160s
 51959 34920  117.50380  146    4  121.81898  114.75016  5.80%   3.6  166s
 56033 37634  119.40570   81    6  121.81898  114.75016  5.80%   3.6  171s
 58240 39035     cutoff  145       121.81898  114.75016  5.80%   3.6  176s
 64930 44416  119.51730  174    4  121.81898  114.75016  5.80%   3.6  180s
 74737 51551  120.28378  129    8  121.81898  114.75016  5.80%   3.6  185s
 78722 54716  116.63570  169    6  121.81898  114.75171  5.80%   3.6  190s
 87211 60505  118.40386  219    5  121.81898  114.75232  5.80%   3.6  195s
 94421 64723  118.39640  121   13  121.81898  114.75721  5.80%   3.7  200s
 98574 67805  118.39640  111    8  121.81898  114.86926  5.70%   3.7  207s
 103717 70528  116.64306  154    6  121.81898  114.86926  5.70%   3.7  210s
 113880 77671  120.15066  101    6  121.81898  115.13287  5.49%   3.8  216s
 117872 79915     cutoff  153       121.81898  115.33861  5.32%   3.8  221s
 127404 87387  119.39400  104   10  121.81898  115.33861  5.32%   3.8  225s
 133870 91344  121.31083  229    8  121.81898  115.39859  5.27%   3.8  231s
 137349 93388  120.55416  190    4  121.81898  115.40400  5.27%   3.8  239s
 138633 94561     cutoff  188       121.81898  115.40400  5.27%   3.8  240s
 143700 98658     cutoff  227       121.81898  115.40400  5.27%   3.8  245s
 153981 106080     cutoff  108       121.81898  115.45771  5.22%   3.8  250s
 157208 108180  119.44807  215    2  121.81898  115.47128  5.21%   3.8  255s
 163348 111319  121.03156  186    9  121.81898  115.50941  5.18%   3.8  260s
 170758 115918  119.63043   54    8  121.81898  115.52310  5.17%   3.9  265s
 176515 118755  121.28146  121   10  121.81898  115.52310  5.17%   3.9  273s
 179662 121048     cutoff  182       121.81898  115.58576  5.12%   3.9  275s
 189492 128213     cutoff   84       121.81898  115.62747  5.08%   3.9  280s
 197014 133666  118.37808  211    4  121.81898  115.63283  5.08%   3.8  289s
 198554 134432  119.48220  112    6  121.81898  115.63283  5.08%   3.8  291s
 203565 138744  119.62053   52    6  121.81898  115.63283  5.08%   3.8  296s
 211754 142936     cutoff  186       121.81898  115.63290  5.08%   3.8  300s
 220233 149140  118.26355   72    7  121.81898  115.73489  4.99%   3.8  305s
 234685 159762  120.16296   51    2  121.81898  115.75843  4.98%   3.8  310s
 237537 162014  120.53758  135    2  121.81898  115.76150  4.97%   3.8  315s
 243458 165926  121.03063  191    6  121.81898  115.78234  4.96%   3.7  320s
 251650 172291  119.80241  166    2  121.81898  115.78861  4.95%   3.7  325s
 259500 176879  120.51310   71    6  121.81898  115.90169  4.86%   3.7  330s
 275983 187072     cutoff  216       121.81898  116.07124  4.72%   3.7  335s
 279252 188977     cutoff  157       121.81898  116.10017  4.69%   3.7  341s
 283990 191247  120.14461  198    7  121.81898  116.13026  4.67%   3.7  346s
 289171 195291     cutoff  142       121.81898  116.20364  4.61%   3.8  350s
 297003 200663  118.27320  124    7  121.81898  116.32691  4.51%   3.8  355s
 301924 204209  121.29650   99    6  121.81898  116.34851  4.49%   3.8  360s
 317662 214041     cutoff   92       121.81898  116.39230  4.45%   3.7  368s
 319446 215409  119.71319  115    4  121.81898  116.39230  4.45%   3.7  370s
 325525 218864  119.71319  113    2  121.81898  116.39230  4.45%   3.7  375s
 329338 221508  116.51550   67    6  121.81898  116.39230  4.45%   3.7  380s
 334572 225322  120.55416   93    4  121.81898  116.41570  4.44%   3.7  385s
 337712 227103  120.18213   83    2  121.81898  116.42560  4.43%   3.7  393s
 339098 227968     cutoff  101       121.81898  116.42745  4.43%   3.7  395s
 345091 230418  120.52480  113    6  121.81898  116.44698  4.41%   3.7  401s
 347704 233545  120.40039  136    6  121.81898  116.46661  4.39%   3.7  405s
 357032 240448  118.39282  149    4  121.81898  116.47891  4.38%   3.7  413s
 360117 242322  120.67840   89    7  121.81898  116.47991  4.38%   3.7  415s
 369572 248281     cutoff   88       121.81898  116.49040  4.37%   3.7  421s
 372945 251228     cutoff  122       121.81898  116.51550  4.35%   3.7  425s
 377315 254040  119.71596  171    2  121.81898  116.51550  4.35%   3.7  432s
 382924 258634  121.25330  141    2  121.81898  116.51550  4.35%   3.7  436s
 392945 265635  117.39253  149    6  121.81898  116.51550  4.35%   3.7  440s
 406455 273053  119.39400  101    6  121.81898  116.51550  4.35%   3.6  445s
 417545 279944  118.39640  128    4  121.81898  116.51550  4.35%   3.6  452s
 424872 285675  120.28770  165    4  121.81898  116.51550  4.35%   3.6  456s
 429387 287439  120.59200  102    4  121.81898  116.51550  4.35%   3.6  460s
 434306 290629  117.61360  120    4  121.81898  116.51550  4.35%   3.6  467s
 437598 292406  120.40570  132    6  121.81898  116.51550  4.35%   3.6  473s
 442645 295992  116.63844  154    4  121.81898  116.51550  4.35%   3.6  476s
 450826 302450  121.20476  159    6  121.81898  116.51550  4.35%   3.6  480s
 459582 308079  120.16476  170    4  121.81898  116.51550  4.35%   3.6  485s
 472481 316339  119.39400  126    4  121.81898  116.51550  4.35%   3.5  490s
 479971 321388  117.39126  183    6  121.81898  116.51550  4.35%   3.5  495s
 488966 325983  120.27490  125    6  121.81898  116.51550  4.35%   3.5  501s
 492898 329661  118.52707  177    6  121.81898  116.51550  4.35%   3.5  505s
 497717 332315  120.28660  128    8  121.81898  116.51550  4.35%   3.5  514s
 499835 333100  116.51550  133    8  121.81898  116.51550  4.35%   3.5  516s
 506222 335838  120.63880  156    4  121.81898  116.51550  4.35%   3.5  520s
 512372 340358  121.63880  155    6  121.81898  116.51550  4.35%   3.5  525s
 517213 342611     cutoff  141       121.81898  116.51550  4.35%   3.5  531s
 524421 347421     cutoff  156       121.81898  116.51550  4.35%   3.5  537s
H526426 347421                     121.8189824  116.51550  4.35%   3.5  537s
 529573 351078  117.66850  139    6  121.81898  116.51550  4.35%   3.5  541s
 535749 354756  117.63328  129    4  121.81898  116.51550  4.35%   3.5  546s
 538001 356056  117.50380   98    4  121.81898  116.51550  4.35%   3.5  551s
 545505 361031  119.39400   81    7  121.81898  116.51550  4.35%   3.5  555s
 555300 367422  120.27875  150    6  121.81898  116.51550  4.35%   3.5  560s
 562647 371821  119.39907  140    9  121.81898  116.51550  4.35%   3.4  566s
 570485 376636  116.63844  167    5  121.81898  116.51550  4.35%   3.4  570s
 572745 378890  119.61360  111    4  121.81898  116.51550  4.35%   3.4  575s
 575217 378901  117.27216  172    6  121.81898  116.51550  4.35%   3.4  580s
 579084 383193  121.59200  166    4  121.81898  116.51550  4.35%   3.4  594s
 581993 383968  117.86770   85    2  121.81898  116.51550  4.35%   3.4  597s
 585925 387183  119.39400  122    4  121.81898  116.51550  4.35%   3.4  600s
 595619 393851  121.51310  120    4  121.81898  116.51550  4.35%   3.4  606s
 599170 396095  119.39400  118    4  121.81898  116.51550  4.35%   3.4  612s
 606713 401598  116.51550  111    8  121.81898  116.51550  4.35%   3.4  615s
 617243 407660  119.38410  161    6  121.81898  116.51550  4.35%   3.4  620s
 622217 410703  118.67566  117    2  121.81898  116.51550  4.35%   3.4  625s
 629995 416556  120.27490  125    6  121.81898  116.51550  4.35%   3.4  630s
 639363 421922     cutoff  162       121.81898  116.51550  4.35%   3.4  638s
 646443 426334     cutoff  148       121.81898  116.51550  4.35%   3.4  641s
 654467 430424     cutoff  119       121.81898  116.51550  4.35%   3.3  645s
 660397 434066  118.39640  126    6  121.81898  116.51550  4.35%   3.3  653s
 666538 436438  121.51941  168    4  121.81898  116.51550  4.35%   3.3  656s
 670781 439907     cutoff  134       121.81898  116.51550  4.35%   3.3  660s
 680010 445934  120.28113  132    6  121.81898  116.51550  4.35%   3.3  668s
 695728 455786  117.50639  121    6  121.81898  116.51550  4.35%   3.3  670s
 731582 478265  120.26500  101    4  121.81898  116.51550  4.35%   3.3  675s
 759283 495356  120.50320  181    2  121.81898  116.51550  4.35%   3.3  680s
 782345 510310  120.50433  105    2  121.81898  116.51550  4.35%   3.2  691s
 788919 514401  120.28660   93    4  121.81898  116.51550  4.35%   3.2  695s
 796906 517870  119.40570  154    6  121.81898  116.51550  4.35%   3.2  700s
 803156 520378  116.63460  147    4  121.81898  116.51550  4.35%   3.2  705s
 810704 524965  121.26976  138    2  121.81898  116.51550  4.35%   3.2  710s
 822909 533357  120.51803  126    4  121.81898  116.51550  4.35%   3.2  717s
 829411 536280  120.26500  123    6  121.81898  116.51550  4.35%   3.2  720s
 835627 539741     cutoff  109       121.81898  116.51550  4.35%   3.2  726s
 840165 542872  121.27340  132    4  121.81898  116.51550  4.35%   3.2  730s
 842355 544146  118.29376  179    4  121.81898  116.51550  4.35%   3.2  741s
 846475 546620  117.50380  116    4  121.81898  116.51550  4.35%   3.2  745s
 850836 549458     cutoff   90       121.81898  116.51550  4.35%   3.2  750s
 860581 553443  119.66207  161    4  121.81898  116.51550  4.35%   3.2  755s
 867589 558770  121.51310  146    6  121.81898  116.51550  4.35%   3.2  761s
 874063 562317  117.60666  131    6  121.81898  116.51550  4.35%   3.2  765s
 882377 568244  119.40570  150   12  121.81898  116.51550  4.35%   3.2  773s
 886573 570554  119.40570  153    6  121.81898  116.51550  4.35%   3.2  776s
 892118 573206  116.51550  116    8  121.81898  116.51550  4.35%   3.2  780s
 898799 576644  119.71110   95    4  121.81898  116.51550  4.35%   3.2  788s
 902835 579006  118.25056  167    8  121.81898  116.51550  4.35%   3.2  794s
 904903 580285  119.00723  197    8  121.81898  116.51550  4.35%   3.2  795s
 919462 588858  120.67840   84    2  121.81898  116.51550  4.35%   3.2  800s
 925892 593277     cutoff  129       121.81898  116.51550  4.35%   3.2  805s
 932761 597719  120.50803  134    2  121.81898  116.51550  4.35%   3.2  811s
 937287 599841     cutoff  203       121.81898  116.51550  4.35%   3.2  816s
 941333 601694  119.16113  203    6  121.81898  116.51550  4.35%   3.2  829s
 943316 603203     cutoff  126       121.81898  116.51550  4.35%   3.2  830s
 947135 605003  121.02166  140    6  121.81898  116.51550  4.35%   3.2  835s
 954691 610054  117.88930  106    4  121.81898  116.51550  4.35%   3.2  841s
 962617 614302  117.52720  115    6  121.81898  116.51550  4.35%   3.2  848s
 965299 615532  120.28660  129    7  121.81898  116.51550  4.35%   3.2  850s
 972880 619393  120.51456  136    4  121.81898  116.51550  4.35%   3.2  855s
 978375 623147  120.26500   99    6  121.81898  116.51550  4.35%   3.2  861s
 983375 625777  119.38410  134    6  121.81898  116.51550  4.35%   3.2  870s
 989151 628911  120.28660  132    6  121.81898  116.51550  4.35%   3.2  875s
 995886 632896     cutoff  117       121.81898  116.51550  4.35%   3.2  881s
 1000804 636026  120.55416  141    4  121.81898  116.51550  4.35%   3.2  885s
 1003362 641059  120.55416  143    4  121.81898  116.51550  4.35%   3.2  892s
 1014468 645552  121.02350  146    6  121.81898  116.51550  4.35%   3.2  895s
 1023326 650938  120.63880  137    4  121.81898  116.51550  4.35%   3.2  902s
 1027311 653667  120.55416  182    8  121.81898  116.51550  4.35%   3.2  908s
 1032120 657143  120.55416  164    6  121.81898  116.51550  4.35%   3.2  912s
 1036441 659069  120.29283  129    8  121.81898  116.51550  4.35%   3.2  915s
 1041145 663191  120.51310  155    6  121.81898  116.51550  4.35%   3.2  920s
 1043946 664905  120.62290  200    4  121.81898  116.51550  4.35%   3.2  928s
 1046531 666184  117.50560  126    6  121.81898  116.51550  4.35%   3.2  930s
 1051680 669855  117.52540  135    8  121.81898  116.51550  4.35%   3.2  935s
 1056129 671629     cutoff  116       121.81898  116.51550  4.35%   3.2  940s
 1061077 675079  120.53758  141    4  121.81898  116.51550  4.35%   3.2  946s
 1066517 678173  120.52378  171    2  121.81898  116.51550  4.35%   3.2  951s
 1077695 683249  118.39640   81    4  121.81898  116.51550  4.35%   3.2  956s
 1087712 689896     cutoff  113       121.81898  116.51550  4.35%   3.2  960s
 1117384 704871  120.28660   95    8  121.81898  116.51550  4.35%   3.1  965s
 1148798 723515  120.28660  149    8  121.81898  116.51550  4.35%   3.1  970s
 1177210 741336     cutoff  178       121.81898  116.51550  4.35%   3.1  975s
 1203695 757224  119.15306  235   10  121.81898  116.51550  4.35%   3.2  980s
 1228927 773283  118.43076  206    6  121.81898  116.51550  4.35%   3.2  985s
 1255938 789972  120.28660  112    8  121.81898  116.51550  4.35%   3.2  990s
 1277722 802516  120.26500  149    6  121.81898  116.51550  4.35%   3.2  995s
 1307370 817534  120.67840   91    2  121.81898  116.51550  4.35%   3.1 1000s
 1331390 832356  117.62710   92    4  121.81898  116.51550  4.35%   3.1 1005s
 1352193 844753  116.51550   70    8  121.81898  116.51550  4.35%   3.1 1010s
 1380974 861126  121.28660  141    6  121.81898  116.51550  4.35%   3.1 1015s
 1406654 874936 infeasible  163       121.81898  116.51550  4.35%   3.1 1020s
 1432968 890947  117.50669  167   11  121.81898  116.51550  4.35%   3.1 1025s
 1455430 903690  116.63845  170    4  121.81898  116.51550  4.35%   3.1 1030s
 1481617 918388  119.75790  119    4  121.81898  116.51550  4.35%   3.1 1035s
 1499063 930378  117.53710  116    8  121.81898  116.51550  4.35%   3.1 1040s
 1524142 948324  116.51550  130    8  121.81898  116.51550  4.35%   3.1 1045s
 1550251 963219     cutoff   92       121.81898  116.51550  4.35%   3.1 1050s
 1575047 977630  116.51550  134    6  121.81898  116.51550  4.35%   3.1 1055s
 1596532 990350  117.52540   98    6  121.81898  116.51550  4.35%   3.1 1060s
 1620445 1003297  121.27340  130    4  121.81898  116.51550  4.35%   3.1 1065s
 1652392 1020592  117.52540   60    8  121.81898  116.51550  4.35%   3.1 1070s
 1681504 1035381  117.50380  170    6  121.81898  116.51550  4.35%   3.1 1075s
 1706924 1051575  119.39640  182    8  121.81898  116.51550  4.35%   3.1 1080s
 1729244 1065528  118.69140  181    2  121.81898  116.51550  4.35%   3.1 1085s
 1753152 1077176     cutoff  206       121.81898  116.51550  4.35%   3.1 1090s
 1771811 1088896  117.52720  122    8  121.81898  116.51550  4.35%   3.1 1095s
 1787194 1097942  116.51550  124   10  121.81898  116.51550  4.35%   3.2 1100s
 1798096 1104022  120.26500  156    6  121.81898  116.51550  4.35%   3.2 1105s
 1818464 1115304  120.16236  193   11  121.81898  116.51550  4.35%   3.2 1110s
 1840553 1129286  120.26500  170    6  121.81898  116.51550  4.35%   3.2 1115s
 1869317 1145712  117.63942  165    6  121.81898  116.51550  4.35%   3.2 1120s
 1889748 1156424  120.53119  100    4  121.81898  116.51550  4.35%   3.2 1125s
 1907775 1166198  120.28660   77    6  121.81898  116.51550  4.35%   3.2 1130s
 1935294 1181832  121.02166  173    6  121.81898  116.51550  4.35%   3.2 1135s
 1955443 1194738  121.52480  143    8  121.81898  116.51550  4.35%   3.2 1140s
 1980608 1207496  116.51550  124    8  121.81898  116.51550  4.35%   3.2 1145s
 2005224 1222914  120.62290  109    2  121.81898  116.51550  4.35%   3.2 1150s
 2034255 1239443  120.66076  211    6  121.81898  116.51550  4.35%   3.2 1155s
 2057972 1252455  121.50469   63    4  121.81898  116.51550  4.35%   3.2 1160s
 2086087 1269679  116.51550   89    8  121.81898  116.51550  4.35%   3.2 1165s
 2114636 1284932  120.51310   94    6  121.81898  116.51550  4.35%   3.2 1170s
 2138660 1303100  116.51550  141    8  121.81898  116.51550  4.35%   3.2 1175s
 2165403 1318115  117.83655  144    4  121.81898  116.51550  4.35%   3.2 1180s
 2196488 1336342     cutoff   69       121.81898  116.51550  4.35%   3.2 1185s
 2222828 1350924  119.38470  201    4  121.81898  116.51550  4.35%   3.2 1190s
 2256148 1369775  119.39400  120    6  121.81898  116.51550  4.35%   3.2 1195s
 2283580 1384776  120.52480   67    2  121.81898  116.51550  4.35%   3.2 1200s

Cutting planes:
  Cover: 1
  Implied bound: 21
  MIR: 2
  Flow cover: 11
  RLT: 1
  Relax-and-lift: 43

Explored 2284381 nodes (7230637 simplex iterations) in 1200.35 seconds (186.23 work units)
Thread count was 20 (of 20 available processors)

Solution count 10: 121.819 121.821 121.821 ... 127.444

Time limit reached
Warning: max constraint violation (6.2333e-04) exceeds tolerance
Best objective 1.218189823564e+02, best bound 1.165154961739e+02, gap 4.3536%

User-callback calls 4600331, time in user-callback 20.78 sec
