
Gurobi 12.0.1 (win64) logging started Sun Sep 21 04:05:51 2025

Set parameter LogFile to value "log_group_6/bound_Expr122_s10_l1051_s11_e12_o80_d160_t7200_s52_1_1_1_1.log"
Gurobi Optimizer version 12.0.1 build v12.0.1rc0 (win64 - Windows Server 2022.0 (20348.2))

CPU model: Intel(R) Xeon(R) Gold 6336Y CPU @ 2.40GHz, instruction set [SSE2|AVX|AVX2|AVX512]
Thread count: 48 physical cores, 96 logical processors, using up to 32 threads

Non-default parameters:
TimeLimit  7200

Optimize a model with 3592375 rows, 3520740 columns and 45470680 nonzeros
Model fingerprint: 0x6dbc1c72
Variable types: 740 continuous, 3520000 integer (3520000 binary)
Coefficient statistics:
  Matrix range     [1e+00, 9e+02]
  Objective range  [1e+00, 1e+00]
  Bounds range     [1e+00, 1e+03]
  RHS range        [1e+00, 9e+02]
Presolve removed 80 rows and 80 columns (presolve time = 5s)...
Presolve removed 80 rows and 80 columns (presolve time = 11s)...
Presolve removed 80 rows and 3476080 columns (presolve time = 16s)...
Presolve removed 3545680 rows and 3476080 columns
Presolve time: 16.95s
Presolved: 46695 rows, 44660 columns, 485580 nonzeros
Variable types: 660 continuous, 44000 integer (44000 binary)
Performing another presolve...
Presolve removed 17685 rows and 17130 columns
Presolve time: 1.03s
Found heuristic solution: objective 10385.671200
Deterministic concurrent LP optimizer: primal and dual simplex
Showing primal log only...


Root simplex log...

Iteration    Objective       Primal Inf.    Dual Inf.      Time
       0   -5.5094000e+04   2.052391e+03   9.064168e+07     27s
    2584    6.0106000e+04   0.000000e+00   7.120000e+02     27s
    4213    2.9398263e+02   0.000000e+00   0.000000e+00     27s
Concurrent spin time: 0.00s

Solved with primal simplex

Root relaxation: objective 2.939826e+02, 4213 iterations, 0.85 seconds (0.87 work units)
Total elapsed time = 27.48s (DegenMoves)
Total elapsed time = 31.56s (DegenMoves)

    Nodes    |    Current Node    |     Objective Bounds      |     Work
 Expl Unexpl |  Obj  Depth IntInf | Incumbent    BestBd   Gap | It/Node Time

     0     0  293.98263    0  196 10385.6712  293.98263  97.2%     -   32s
H    0     0                    8600.3239667  293.98263  96.6%     -   34s
H    0     0                    6702.3557000  293.98263  95.6%     -   38s
H    0     0                    6481.6015667  293.98263  95.5%     -   40s
H    0     0                    6065.4865667  293.98263  95.2%     -   40s
H    0     0                    4970.3991667  293.98263  94.1%     -   41s
     0     0  293.98263    0  289 4970.39917  293.98263  94.1%     -   45s
H    0     0                    4620.7723000  293.98263  93.6%     -   48s
H    0     0                    4482.0180000  293.98263  93.4%     -   49s
H    0     0                    4332.0884000  293.98263  93.2%     -   49s
H    0     0                    4320.0819333  293.98263  93.2%     -   49s
H    0     0                    4292.6761333  293.98263  93.2%     -   49s
H    0     0                    4273.3365000  293.98263  93.1%     -   49s
H    0     0                    4272.3893000  293.98263  93.1%     -   49s
H    0     0                    4257.1197000  293.98263  93.1%     -   50s
H    0     0                    4205.3725000  293.98263  93.0%     -   50s
H    0     0                    4197.9841667  293.98263  93.0%     -   50s
H    0     0                    4121.2947000  293.98263  92.9%     -   51s
H    0     0                    4080.9963333  293.98263  92.8%     -   51s
H    0     0                    4078.5787667  293.98263  92.8%     -   51s
H    0     0                    4070.7630667  293.98263  92.8%     -   51s
H    0     0                    4028.3500667  293.98263  92.7%     -   51s
H    0     0                    4025.3697333  293.98263  92.7%     -   51s
H    0     0                    4024.3697333  293.98263  92.7%     -   52s
     0     0  293.98263    0  283 4024.36973  293.98263  92.7%     -   52s
     0     0  293.98263    0  211 4024.36973  293.98263  92.7%     -   63s
     0     0  293.98263    0  211 4024.36973  293.98263  92.7%     -   63s
     0     0  293.98263    0  205 4024.36973  293.98263  92.7%     -   72s
     0     0  293.98263    0  240 4024.36973  293.98263  92.7%     -   73s
     0     0  293.98263    0  210 4024.36973  293.98263  92.7%     -   80s
     0     0  293.98263    0  210 4024.36973  293.98263  92.7%     -   84s
     0     2  293.98263    0  210 4024.36973  293.98263  92.7%     -   95s
     3     8  293.98263    2  256 4024.36973  293.98263  92.7%  4971  100s
     7    16  293.98263    3  471 4024.36973  293.98263  92.7%  2839  107s
    15    32  293.98263    4  333 4024.36973  293.98263  92.7%  2607  120s
    31    64  293.98263    5  278 4024.36973  293.98263  92.7%  3268  157s
    63    96  300.85092    6  354 4024.36973  293.98263  92.7%  2870  174s
H   77    96                    4010.1605333  293.98263  92.7%  2935  174s
H   89    96                    3952.7563333  293.98263  92.6%  3106  174s
H   95   233                    3184.1241333  293.98263  90.8%  3091  207s
H  104   233                    2812.6648667  293.98263  89.5%  2857  207s
H  132   233                    2795.4489333  293.98263  89.5%  2314  207s
H  140   233                    2773.4997000  293.98263  89.4%  2198  207s
H  170   233                    2400.9113667  293.98263  87.8%  1865  207s
   242   375  300.87827   12  359 2400.91137  293.98263  87.8%  1419  215s
   392   458  302.42424   17  377 2400.91137  293.98263  87.8%   993  221s
H  477   490                    2231.5619333  293.98263  86.8%   898  227s
H  479   490                    1861.1447333  293.98263  84.2%   896  227s
H  505   490                    1586.4492333  293.98263  81.5%   866  228s
   509   623  302.42659   19  382 1586.44923  293.98263  81.5%   861  233s
   642   745  302.49218   20  367 1586.44923  293.98263  81.5%   714  240s
   766   840  302.62363   25  341 1586.44923  293.98263  81.5%   639  245s
   861   934  302.62363   27  398 1586.44923  293.98263  81.5%   607  250s
   957  1029  302.62363   28  345 1586.44923  293.98263  81.5%   581  255s
  1057  1146  302.62363   32  322 1586.44923  293.98263  81.5%   560  261s
  1178  1295  302.81383   34  261 1586.44923  293.98263  81.5%   536  268s
  1333  1436  302.83619   42  281 1586.44923  293.98263  81.5%   493  277s
  1490  1470  303.89120   45  302 1586.44923  302.62363  80.9%   467  282s
  1527  1536  303.89120   46  302 1586.44923  302.62363  80.9%   496  292s
H 1528  1536                    1582.9170000  302.62363  80.9%   496  292s
H 1541  1536                    1501.8184333  302.62363  79.8%   495  293s
  1598  1646  304.35307   47  321 1501.81843  302.62363  79.8%   485  298s
  1730  1670  305.76030   48  268 1501.81843  302.62363  79.8%   477  322s
  1760  1684  308.96466   49  226 1501.81843  302.62363  79.8%   602  336s
  1792  1709  309.00951   50  220 1501.81843  302.62363  79.8%   685  348s
  1827  1739  342.33593   51  423 1501.81843  302.62363  79.8%   727  363s
H 1850  1739                    1501.7839333  302.62363  79.8%   821  363s
H 1854  1739                    1452.0471333  302.62363  79.2%   839  363s
  1859  1763  411.33433   51  456 1452.04713  302.62363  79.2%   857  376s
  1891  1790  377.85004   52  442 1452.04713  302.62363  79.2%   908  385s
H 1897  1790                    1380.0656000  302.62363  78.1%   910  385s
H 1915  1790                    1282.1825333  302.62363  76.4%   927  385s
  1922  1793  429.81770   52  321 1282.18253  302.62363  76.4%   929  393s
  1954  1794  811.38967   53  375 1282.18253  302.62363  76.4%   943  401s
H 1957  1794                    1280.1224333  302.62363  76.4%   943  401s
H 1960  1794                    1279.4981667  302.62363  76.3%   943  401s
H 1967  1794                    1236.5387333  302.62363  75.5%   945  401s
H 1968  1794                    1152.9024667  302.62363  73.8%   944  401s
  1987  1845  377.88000   53  442 1152.90247  302.62363  73.8%   955  410s
  2097  1864  378.35406   56  443 1152.90247  302.62363  73.8%   942  417s
  2175  1883  411.47498   57  499 1152.90247  302.62363  73.8%   952  432s
  2207  1951     cutoff   57      1152.90247  302.62363  73.8%   989  442s
  2295  2055  411.56983   58  500 1152.90247  302.62363  73.8%   997  448s
  2412  2109  414.45403   62  497 1152.90247  302.62363  73.8%   981  456s
  2505  2125  811.12177   63  411 1152.90247  302.62363  73.8%   987  480s
H 2507  2025                    1012.2039000  302.62363  70.1%   988  480s
H 2511  1949                     947.2780667  302.62363  68.1%   988  480s
H 2519  1923                     919.0541000  302.62363  67.1%   991  480s
  2540  1935  414.54152   63  497  919.05410  302.62363  67.1%   995  491s
  2669  1924  446.14092   67  505  919.05410  302.62363  67.1%   981  503s
H 2686  1870                     874.4470000  302.62363  65.4%   998  504s
  2701  1852     cutoff   67       874.44700  302.62363  65.4%  1019  523s
H 2708  1691                     668.9812333  302.62363  54.8%  1020  523s
H 2728  1691                     655.6843333  302.62363  53.8%  1028  523s
  2737  1653     cutoff   68       655.68433  302.62363  53.8%  1027  554s
H 2743  1653                     556.9807333  302.62363  45.7%  1026  554s
H 2760  1653                     554.5789000  302.62363  45.4%  1025  554s
  2796  1622     cutoff   66       554.57890  302.62363  45.4%  1031  567s
  2848  1620  445.43479   36  516  554.57890  302.62363  45.4%  1048  588s
H 2851  1620                     542.9128995  302.62363  44.3%  1047  588s
H 2866  1620                     542.1593000  302.62363  44.2%  1053  588s
  2881  1628  446.63954   37  517  542.15930  302.62363  44.2%  1061  608s
H 2906  1628                     542.1592994  302.62363  44.2%  1069  609s
  2921  1786 infeasible   38       542.15930  302.62363  44.2%  1071  632s
H 2968  1786                     542.1574928  302.62363  44.2%  1060  632s
  3153  1874 infeasible   77       542.15749  302.62363  44.2%  1027  651s
  3500  1837 infeasible   63       542.15749  302.81383  44.1%   961  668s
  3923  1703  448.10954   33  527  542.15749  302.81383  44.1%   887  701s
H 3928  1703                     542.0369325  302.81383  44.1%   887  701s
  3958  1991  448.10954   34  531  542.03693  302.81383  44.1%   888  718s
  4477  1523  359.80661    8 9097  542.03693  302.81383  44.1%   814  759s
  4479  1524  375.97225   46  222  542.03693  302.81383  44.1%   814  780s
  4480  1525  476.78153  104  213  542.03693  302.81383  44.1%   814  785s
  4481  1526  408.81345   39  213  542.03693  342.16413  36.9%   814  795s
  4482  1529  342.16413   14  324  542.03693  342.16413  36.9%   820  810s
  4484  1533  342.16413   15  324  542.03693  342.16413  36.9%   820  817s
  4488  1537  342.16413   16  332  542.03693  342.16413  36.9%   819  822s
  4496  1546  342.16413   17  323  542.03693  342.16413  36.9%   818  826s
  4510  1556  342.16413   18  287  542.03693  342.16413  36.9%   816  830s
  4567  1615  342.16413   20  288  542.03693  342.16413  36.9%   808  838s
  4639  1615  342.16413   21  289  542.03693  342.16413  36.9%   797  842s
  4672  1632  342.16413   21  287  542.03693  342.16413  36.9%   792  847s
H 4676  1554                     542.0369321  342.16413  36.9%   792  847s
H 4689  1477                     542.0369283  342.16413  36.9%   789  847s
  4704  1537  342.16413   22  288  542.03693  342.16413  36.9%   787  853s
  4800  1546  342.16413   23  288  542.03693  342.16413  36.9%   775  856s
  4861  1583 infeasible   24       542.03693  342.16413  36.9%   768  860s
  5019  1653  342.16413   28  283  542.03693  342.16413  36.9%   748  867s
  5102  1683  342.16413   30  281  542.03693  342.16413  36.9%   738  871s
  5172  1704  342.16413   31  279  542.03693  342.16413  36.9%   732  878s
  5240  1736  432.22420   31  264  542.03693  342.16413  36.9%   727  882s
  5309  1751  342.16413   32  278  542.03693  342.16413  36.9%   720  895s
  5441  1834  342.16413   33  319  542.03693  342.16413  36.9%   711  902s
  5527  1853  378.44173   33  273  542.03693  342.16413  36.9%   702  905s
  5590  1903  342.16413   34  325  542.03693  342.16413  36.9%   696  910s
  5684  1946  342.16413   35  298  542.03693  342.16413  36.9%   687  915s
  5781  1939  342.16413   36  320  542.03693  342.16413  36.9%   677  930s
H 5794  1866                     542.0369273  342.16413  36.9%   676  930s
  5824  1926  361.90997   36  273  542.03693  342.16413  36.9%   673  936s
  5918  1957  342.16413   37  293  542.03693  342.16413  36.9%   664  944s
  6003  2011  344.14013   37  305  542.03693  342.16413  36.9%   657  949s
  6134  2055  379.10050   38  258  542.03693  342.16413  36.9%   645  953s
  6275  2109  342.16413   39  289  542.03693  342.16413  36.9%   633  958s
  6429  2124  342.16413   40  243  542.03693  342.16413  36.9%   620  962s
  6529  2209  342.16413   41  243  542.03693  342.16413  36.9%   612  968s
  6689  2262  342.16413   42  277  542.03693  342.16413  36.9%   600  974s
  6843  2260  342.16413   43  271  542.03693  342.16413  36.9%   589 1001s
  6913  2368  379.15093   43  247  542.03693  342.16413  36.9%   584 1007s
  7089  2444  342.16413   45  267  542.03693  342.16413  36.9%   572 1014s
  7282  2461  407.93537   46  215  542.03693  342.16413  36.9%   559 1018s
  7417  2572  342.16413   47  263  542.03693  342.16413  36.9%   551 1025s
  7632  2528  342.16413   48  260  542.03693  342.16413  36.9%   539 1058s
  7665  2543  342.16413   48  251  542.03693  342.16413  36.9%   536 1096s
  7699  2561  342.16413   49  254  542.03693  342.16413  36.9%   535 1118s
  7733  2578  399.38384   49  254  542.03693  342.16413  36.9%   534 1131s
  7766  2591  342.16413   50  251  542.03693  342.16413  36.9%   532 1147s
  7804  2605  396.20831   50  250  542.03693  342.16413  36.9%   531 1162s
H 7816  2535                     542.0369269  342.16413  36.9%   530 1162s
  7840  2553  342.16413   51  247  542.03693  342.16413  36.9%   529 1177s
  7880  2573  378.49933   51  227  542.03693  342.16413  36.9%   526 1190s
  7918  2589  342.16413   52  249  542.03693  342.16413  36.9%   524 1208s
  7958  2607  376.21410   52  217  542.03693  342.16413  36.9%   522 1225s
H 8001  2563                     542.0369268  342.16413  36.9%   520 1244s
  8043  2600  413.52577   53  279  542.03693  342.16413  36.9%   518 1260s
  8096  2648  342.16413   55  206  542.03693  342.16413  36.9%   515 1286s
  8161  2702  342.16413   56  197  542.03693  342.16413  36.9%   511 1298s
  8236  2812  342.16413   58  215  542.03693  342.16413  36.9%   507 1315s
  8355  2967  342.16413   61  190  542.03693  342.16413  36.9%   501 1331s
  8538  2996  342.16413   67  185  542.03693  342.16413  36.9%   492 1340s
  8573  3028  342.16413   67  182  542.03693  342.16413  36.9%   490 1348s
H 8591  3028                     542.0340563  342.16413  36.9%   489 1348s
  8619  3273  342.16413   68  185  542.03406  342.16413  36.9%   488 1360s
  8966  3784  342.16413   71  182  542.03406  342.16413  36.9%   473 1383s
  9636  4425  342.16413   75  183  542.03406  342.16413  36.9%   445 1400s
 10454  5083  342.16413   81  174  542.03406  342.16413  36.9%   414 1419s
 10572  5083  342.16413   69  214  542.03406  342.16413  36.9%   410 1420s
 11326  5818  342.16413   90  176  542.03406  342.16413  36.9%   386 1440s
 12264  6658  342.16413   94  174  542.03406  342.16413  36.9%   360 1461s
 13307  7590  342.16413  100  176  542.03406  342.16413  36.9%   337 1484s
 14509  8559  342.16413  101  174  542.03406  342.16413  36.9%   313 1507s
 15726  9698  342.16413  107  214  542.03406  342.16413  36.9%   292 1527s
 17128 10871  342.16413  110  208  542.03406  342.16413  36.9%   272 1549s
 18551 11929  342.16413  111  203  542.03406  342.16413  36.9%   254 1569s
 19834 13082  342.16413  112  200  542.03406  342.16413  36.9%   241 1593s
 21172 14641  342.16413  113  200  542.03406  342.16413  36.9%   228 1618s
 22873 14863  342.16413  118  200  542.03406  342.16413  36.9%   213 1669s
 23151 16224  342.16413  122  199  542.03406  342.16413  36.9%   211 1690s
 24698 17777  342.16413  138  199  542.03406  342.16413  36.9%   200 1712s
 26354 19664  342.16413  142  199  542.03406  342.16413  36.9%   190 1736s
 28287 20488  342.16413  148  206  542.03406  342.16413  36.9%   179 1748s
 29142 23580  342.16413  152  202  542.03406  342.16413  36.9%   175 1842s
 32467 24712  342.16413  172  205  542.03406  342.16413  36.9%   162 1860s
 33642 25591  342.16413  178  206  542.03406  342.16413  36.9%   158 1871s
 34569 27593  342.16413  184  205  542.03406  342.16413  36.9%   155 1893s
 36623 29875  342.16413  186  203  542.03406  342.16413  36.9%   148 1918s
 39056 31765  342.16413  205  200  542.03406  342.16413  36.9%   141 1940s
 41063 33428  401.24740  210  199  542.03406  342.16413  36.9%   135 1960s
 42852 35007  342.16413  225  197  542.03406  342.16413  36.9%   131 1977s
 44565 37189  342.16413  229  195  542.03406  342.16413  36.9%   128 1999s
 46819 38484  342.16413  239  202  542.03406  342.16413  36.9%   123 2015s
 48218 40360  342.16413  241  199  542.03406  342.16413  36.9%   120 2037s
 50249 42648  342.16413  261  180  542.03406  342.16413  36.9%   117 2064s
 52722 44886  342.16413  287  177  542.03406  342.16413  36.9%   113 2088s
 55039 45473  342.16413  302  175  542.03406  342.16413  36.9%   110 2096s
 55639 48377  342.16413  304  175  542.03406  342.16413  36.9%   109 2125s
 58695 48378  531.35438 1300 9073  542.03406  342.16413  36.9%   105 2540s
 58697 48379  474.82245  982  167  542.03406  342.16413  36.9%   105 2555s
 58698 48380  342.16413  851  224  542.03406  342.16413  36.9%   105 2573s
 58699 48381  512.90564 1840  283  542.03406  342.16413  36.9%   105 2578s
 58700 48381  463.52329 1090  269  542.03406  342.16413  36.9%   105 2582s
 58701 48382  485.94789  123  224  542.03406  342.16413  36.9%   105 2606s
 58702 48383  522.25600  259  224  542.03406  342.16413  36.9%   105 2664s
 58703 48383  486.14072 1402  201  542.03406  342.16413  36.9%   105 2687s
 58704 48384  459.34824  661  310  542.03406  342.16413  36.9%   105 2700s
 58705 48385  516.80683  896  269  542.03406  342.16413  36.9%   105 2720s
 58706 48385  487.28584  949  328  542.03406  342.16413  36.9%   105 2813s
 58707 48386  479.91384 1954  325  542.03406  342.16413  36.9%   105 2838s
 58708 48387  500.69863 1645  305  542.03406  342.16413  36.9%   105 2852s
 58709 48387  471.34915  143  332  542.03406  342.16413  36.9%   105 2855s
 58710 48388  463.52329  863  324  542.03406  342.16413  36.9%   105 2873s
 58711 48389  462.50121  725  399  542.03406  342.16413  36.9%   105 2880s
H58712 45969                     539.9796667  342.16413  36.6%   105 2885s
H58714 43672                     539.9778667  342.16413  36.6%   105 2916s
 58716 43673  539.97787  332  505  539.97787  342.16413  36.6%   105 2941s
 58717 43674  477.32472  413  417  539.97787  342.16413  36.6%   105 2948s
 58719 43675  492.51874 1703  440  539.97787  342.16413  36.6%   105 2984s
 58720 43676  512.98645  176  548  539.97787  342.16413  36.6%   105 3000s
 58723 43678  512.98645  344  477  539.97787  342.16413  36.6%   105 3028s
 58724 43678  493.22765 1754  389  539.97787  342.16413  36.6%   105 3035s
 58727 43680  520.86100  278  406  539.97787  342.16413  36.6%   105 3057s
 58728 43681  522.72683 2012  381  539.97787  342.16413  36.6%   105 3074s
 58729 43682  470.65805 1075  381  539.97787  342.16413  36.6%   105 3076s
 58730 43682  485.95526  396  381  539.97787  342.16413  36.6%   105 3115s
 58731 43683  524.32838   51  374  539.97787  342.16413  36.6%   105 3123s
H58733 41499                     539.9778663  342.16413  36.6%   105 3162s
 58735 41501  522.25600  138  365  539.97787  342.16413  36.6%   105 3169s
 58736 41501  502.50682  137  359  539.97787  342.16413  36.6%   105 3170s
 58737 41502  488.67965 1443  359  539.97787  342.16413  36.6%   105 3191s
 58738 41503  484.48584  995  374  539.97787  342.16413  36.6%   105 3195s
 58739 41503  483.98401 1190  362  539.97787  342.16413  36.6%   105 3218s
 58740 41504  500.29391 1804  414  539.97787  342.16413  36.6%   105 3233s
 58742 41505  486.88790 1339  409  539.97787  342.16413  36.6%   105 3263s
 58743 41506  501.69956   81  529  539.97787  342.16413  36.6%   105 3273s
 58744 41507  458.32570  760  530  539.97787  342.16413  36.6%   105 3275s
 58745 41507  500.88457  639  527  539.97787  342.16413  36.6%   105 3313s
 58746 41508  482.65418 1105  424  539.97787  342.16413  36.6%   105 3320s
 58748 41509  501.69956  277  410  539.97787  342.16413  36.6%   105 3342s
 58749 41510  492.05364   96  445  539.97787  342.16413  36.6%   105 3347s
 58751 41511  489.72237 1471  451  539.97787  342.16413  36.6%   105 3372s
 58752 41512  500.52365  495  537  539.97787  342.16413  36.6%   105 3383s
 58754 41513  497.19678  582  518  539.97787  342.16413  36.6%   105 3385s
 58755 41514  501.56337   39  521  539.97787  342.16413  36.6%   105 3404s
 58756 41515  471.96395  267  561  539.97787  342.16413  36.6%   105 3409s
 58757 41515  492.51874  678  552  539.97787  342.16413  36.6%   105 3410s
 58760 41517  533.42527  100  546  539.97787  342.16413  36.6%   105 3428s
 58761 41518  462.50121  335  564  539.97787  343.20310  36.4%   105 3440s
 58763 41519  504.85376 1417  573  539.97787  343.20310  36.4%   105 3456s
H58763 39442                     539.9778635  344.55379  36.2%   105 3471s
 58767 39445  502.50682  171  564  539.97786  344.58757  36.2%   105 3492s
 58768 39446  482.27530 2195  582  539.97786  346.13008  35.9%   105 3501s
 58770 39447  531.63515   27  588  539.97786  346.13008  35.9%   105 3523s
 58771 39448  501.65399  606  531  539.97786  348.14533  35.5%   105 3528s
 58772 39448  522.25600  291  596  539.97786  348.14533  35.5%   105 3532s
 58774 39450  483.53139 1153  594  539.97786  348.14533  35.5%   105 3549s
 58775 39450  471.96395  919  530  539.97786  352.09492  34.8%   105 3557s
 58777 39452  482.88524  360  582  539.97786  352.18900  34.8%   105 3578s
 58778 39452  478.16385  149  588  539.97786  353.80937  34.5%   105 3583s
 58779 39453  514.43917   84  648  539.97786  354.00775  34.4%   105 3585s
 58780 39454  522.25600  233  645  539.97786  354.00775  34.4%   105 3602s
 58781 39454  492.05364  138  706  539.97786  358.51516  33.6%   105 3611s
 58784 39456  499.83467  900  719  539.97786  358.77295  33.6%   105 3633s
H58784 37482                     539.9778631  364.84586  32.4%   105 3659s
H58784 35606                     539.9778620  364.84586  32.4%   105 3661s
 58787 35608  478.16385 2457  722  539.97786  364.90967  32.4%   105 3665s
 58788 35609  441.58967 1169  723  539.97786  364.90967  32.4%   105 3684s
 58789 35610  485.94789  385  750  539.97786  370.85425  31.3%   105 3695s
 58792 35612  522.25600  413  772  539.97786  371.20585  31.3%   105 3717s
 58793 35612  462.50121 1271  777  539.97786  379.10144  29.8%   105 3727s
 58795 35614  531.35438 1300  786  539.97786  379.10144  29.8%   104 3746s
 58796 35614  522.25600  501  809  539.97786  386.84260  28.4%   104 3757s
 58799 35616  512.90564 1840  814  539.97786  386.94401  28.3%   104 3777s
 58800 35617  463.52329 1090  794  539.97786  393.01646  27.2%   104 3786s
 58803 35619  486.14072 1402  855  539.97786  393.10211  27.2%   104 3806s
 58804 35620  459.34824  661  786  539.97786  400.62436  25.8%   104 3815s
 58809 35623  471.34915  143  797  539.97786  400.86227  25.8%   104 3836s
H58809 33840                     539.9778616  408.83420  24.3%   104 3870s
H58809 32146                     539.9778611  408.83420  24.3%   104 3879s
H58809 30537                     539.9778608  408.83420  24.3%   104 3880s
 58813 30540  489.87496 1450  815  539.97786  408.83515  24.3%   104 3903s
 58814 30540  482.88524 1782  766  539.97786  414.16487  23.3%   104 3910s
 58817 30542  477.32472  413  779  539.97786  414.41091  23.3%   104 3930s
 58818 30543  484.84921   25  741  539.97786  422.97530  21.7%   104 3937s
 58821 30545  538.45463  537  770  539.97786  423.25804  21.6%   104 3957s
 58822 30546  482.27530 1894  716  539.97786  427.69807  20.8%   104 3963s
 58824 30547  493.22765 1754  737  539.97786  427.95849  20.7%   104 3982s
 58825 30548  488.67965  733  715  539.97786  431.22944  20.1%   104 3986s
 58827 30549  520.86100  278  731  539.97786  431.30928  20.1%   104 4006s
 58828 30550  522.72683 2012  703  539.97786  434.64643  19.5%   104 4011s
 58831 30552  524.32838   51  720  539.97786  434.68278  19.5%   104 4030s
 58832 30552  478.16385 1251  720  539.97786  439.50922  18.6%   104 4035s
 58835 30554  522.25600  138  736  539.97786  439.50922  18.6%   104 4054s
 58836 30555  502.50682  137  694  539.97786  442.08416  18.1%   104 4058s
 58838 30556  484.48584  995  712  539.97786  442.09584  18.1%   104 4076s
 58839 30557  483.98401 1190  715  539.97786  443.88104  17.8%   104 4081s
 58842 30559  486.88790 1339  727  539.97786  444.07691  17.8%   104 4102s
 58843 30560  501.69956   81  703  539.97786  445.84452  17.4%   104 4106s
 58845 30561  500.88457  639  710  539.97786  445.84935  17.4%   104 4126s
 58846 30562  482.65418 1105  705  539.97786  446.68563  17.3%   104 4130s
 58847 30562  446.68781   48  712  539.97786  446.68781  17.3%   104 4150s
 58848 30563  501.69956  277  691  539.97786  448.24506  17.0%   104 4155s
 58851 30565  489.72237 1471  709  539.97786  448.30504  17.0%   104 4176s
 58852 30566  500.52365  495  691  539.97786  449.80349  16.7%   104 4180s
 58855 30568  501.56337   39  664  539.97786  449.80616  16.7%   104 4201s
 58856 30568  471.96395  267  669  539.97786  450.75666  16.5%   104 4205s
 58858 30570  482.88666  306  686  539.97786  450.87605  16.5%   104 4225s
 58859 30570  489.61669  356  711  539.97786  452.22162  16.3%   104 4231s
 58862 30572  507.32407 1591  734  539.97786  452.39670  16.2%   104 4251s
 58863 30573  504.85376 1417  696  539.97786  453.04378  16.1%   104 4256s
 58866 30575  485.95526  366  709  539.97786  453.10091  16.1%   104 4276s
 58869 30577  522.44050  118  699  539.97786  454.74195  15.8%   104 4299s
 58870 30578  531.63515   27  692  539.97786  455.26679  15.7%   104 4303s
 58873 30580  455.27612   60  714  539.97786  455.27612  15.7%   104 4323s
 58874 30580  483.53139 1153  700  539.97786  455.58655  15.6%   104 4326s
 58876 30582  511.17143 1454  715  539.97786  455.59253  15.6%   104 4348s
 58877 30582  482.88524  360  701  539.97786  455.84673  15.6%   104 4352s
 58879 30584  514.43917   84  716  539.97786  455.84673  15.6%   104 4373s
 58880 30584  522.25600  233  717  539.97786  455.89602  15.6%   104 4375s
 58882 30586  513.31729 1351  719  539.97786  455.89602  15.6%   104 4395s
 58883 30586  482.88524 1010  718  539.97786  455.97604  15.6%   104 4402s
 58885 30588  504.00821 1572  729  539.97786  455.97604  15.6%   104 4421s
 58886 30588  470.02935 1325  716  539.97786  456.26483  15.5%   104 4425s
 58888 30590  456.26562 1169  743  539.97786  456.26562  15.5%   104 4446s
 58889 30590  485.94789  385  735  539.97786  456.39505  15.5%   104 4450s
 58890 30591  470.65805 1067  739  539.97786  456.39555  15.5%   104 4470s
H58890 29058                     539.9774646  456.57858  15.4%   104 4487s
H58890 27602                     539.9774635  456.57858  15.4%   104 4488s
 58893 27604  462.50121 1271  741  539.97746  456.59769  15.4%   104 4509s
 58894 27605  456.60579  581  738  539.97746  456.60579  15.4%   104 4512s
 58895 27605  531.35438 1300  743  539.97746  456.60579  15.4%   104 4532s
 58896 27606  522.25600  501  741  539.97746  456.73068  15.4%   104 4537s
 58897 27607  474.82245  982  745  539.97746  456.73068  15.4%   104 4557s
 58898 27607  456.86893  851  738  539.97746  456.86893  15.4%   104 4563s
 58901 27609  485.94789  123  756  539.97746  456.86893  15.4%   104 4585s
 58903 27611  486.14072 1402  746  539.97746  456.86893  15.4%   104 4610s
 58904 27611  459.34824  661  739  539.97746  456.92132  15.4%   104 4625s
 58906 27613  487.28584  949  748  539.97746  456.92132  15.4%   104 4645s
 58908 27614  500.69863 1645  753  539.97746  457.02673  15.4%   104 4668s
 58909 27615  471.34915  143  732  539.97746  457.16240  15.3%   104 4672s
 58911 27616  462.50121  725  743  539.97746  457.16240  15.3%   104 4691s
 58912 27617  522.25600  318  743  539.97746  457.31064  15.3%   104 4697s
 58913 27617  489.87496 1450  752  539.97746  457.31112  15.3%   104 4715s
 58914 27618  482.88524 1782  754  539.97746  457.41521  15.3%   104 4722s
 58915 27619  469.30799  618  760  539.97746  457.41535  15.3%   104 4742s
 58916 27619  539.97746  332  754  539.97746  457.45915  15.3%   104 4746s
 58917 27620  477.32472  413  757  539.97746  457.45923  15.3%   104 4764s
 58918 27621  484.84921   25  757  539.97746  457.50421  15.3%   104 4767s
 58919 27621  492.51874 1703  761  539.97746  457.50421  15.3%   104 4785s
 58921 27623  538.45463  537  759  539.97746  457.57969  15.3%   104 4806s
 58922 27623  482.27530 1894  763  539.97746  457.62915  15.3%   104 4811s
 58923 27624  512.98645  344  762  539.97746  457.62915  15.3%   104 4832s
 58924 27625  493.22765 1754  751  539.97746  458.07890  15.2%   104 4850s
 58925 27625  488.67965  733  755  539.97746  458.07890  15.2%   104 4871s
 58928 27627  522.72683 2012  770  539.97746  458.07890  15.2%   104 4896s
 58929 27628  470.65805 1075  768  539.97746  458.27450  15.1%   104 4901s
 58931 27629  524.32838   51  775  539.97746  458.27599  15.1%   104 4920s
 58932 27630  478.16385 1251  756  539.97746  459.05823  15.0%   104 4926s
 58934 27631  459.07275  619  758  539.97746  459.07275  15.0%   104 4948s
 58935 27632  522.25600  138  763  539.97746  459.08622  15.0%   104 4951s
 58936 27633  502.50682  137  767  539.97746  459.08622  15.0%   104 4971s
 58937 27633  488.67965 1443  754  539.97746  459.15612  15.0%   104 4977s
 58939 27635  483.98401 1190  772  539.97746  459.15612  15.0%   104 4998s
 58940 27635  500.29391 1804  766  539.97746  459.29206  14.9%   104 5008s
 58941 27636  531.63515  716  766  539.97746  459.29206  14.9%   104 5029s
 58942 27637  486.88790 1339  767  539.97746  459.35632  14.9%   104 5032s
 58944 27638  459.35720  760  781  539.97746  459.35720  14.9%   104 5052s
 58945 27639  500.88457  639  756  539.97746  459.75215  14.9%   104 5077s
 58947 27640  459.75980   48  763  539.97746  459.75980  14.9%   104 5099s
 58948 27641  501.69956  277  770  539.97746  459.80382  14.8%   104 5103s
 58949 27641  492.05364   96  774  539.97746  459.80382  14.8%   104 5123s
 58950 27642  481.45176  668  770  539.97746  459.86647  14.8%   104 5125s
 58951 27643  489.72237 1471  769  539.97746  459.86670  14.8%   104 5146s
 58954 27645  497.19678  582  768  539.97746  459.99783  14.8%   104 5173s
 58956 27646  471.96395  267  725  539.97746  460.07514  14.8%   104 5175s
 58957 27647  492.51874  678  732  539.97746  460.07524  14.8%   104 5197s
 58959 27648  489.61669  356  744  539.97746  460.08884  14.8%   104 5200s
 58960 27649  533.42527  100  746  539.97746  460.08889  14.8%   104 5221s
 58962 27650  507.32407 1591  746  539.97746  460.10992  14.8%   104 5243s
 58963 27651  504.85376 1417  739  539.97746  460.12076  14.8%   104 5246s
 58965 27652  501.62822 1966  740  539.97746  460.12076  14.8%   104 5266s
 58967 27653  502.50682  171  748  539.97746  460.17572  14.8%   104 5270s
 58968 27654  482.27530 2195  750  539.97746  460.17573  14.8%   104 5290s
 58971 27656  501.65399  606  746  539.97746  460.25742  14.8%   104 5314s
 58972 27657  522.25600  291  740  539.97746  460.28170  14.8%   104 5315s
 58973 27657  460.28170   60  741  539.97746  460.28170  14.8%   104 5336s
 58975 27659  471.96395  919  748  539.97746  460.39148  14.7%   104 5358s
 58977 27660  482.88524  360  754  539.97746  460.41368  14.7%   104 5381s
 58979 27661  514.43917   84  754  539.97746  460.57668  14.7%   104 5403s
 58980 27662  522.25600  233  738  539.97746  460.57815  14.7%   104 5406s
 58981 27663  492.05364  138  744  539.97746  460.57815  14.7%   104 5425s
 58983 27664  482.88524 1010  743  539.97746  460.61069  14.7%   104 5449s
 58984 27665  499.83467  900  728  539.97746  460.62484  14.7%   104 5451s
 58985 27665  504.00821 1572  737  539.97746  460.62484  14.7%   104 5472s
 58986 27666  470.02935 1325  736  539.97746  460.73558  14.7%   104 5476s
 58987 27667  478.16385 2457  742  539.97746  460.73558  14.7%   104 5495s
 58989 27668  485.94789  385  749  539.97746  460.74443  14.7%   104 5516s
 58991 27669  484.84921  166  753  539.97746  460.74443  14.7%   104 5539s
 58992 27670  522.25600  413  746  539.97746  460.74456  14.7%   104 5542s
 58993 27671  462.50121 1271  746  539.97746  460.74471  14.7%   104 5573s
 58994 27674  461.01925   28  738  539.97746  460.92538  14.6%   109 5580s
 59000 27684  461.11034   30  746  539.97746  461.02741  14.6%   109 5585s
 59008 27698  461.12294   31  736  539.97746  461.11129  14.6%   109 5590s
 59024 27716  461.12364   32  741  539.97746  461.12294  14.6%   109 5613s
 59056 27738  461.12372   33  742  539.97746  461.12372  14.6%   110 5630s
H59076 26342                     539.9694667  461.12446  14.6%   110 5630s
 59088 26466  461.13029   34  740  539.96947  461.12481  14.6%   110 5652s
 59218 26500  461.16770   36  735  539.96947  461.12481  14.6%   110 5666s
 59299 26542  461.16905   37  731  539.96947  461.12481  14.6%   110 5696s
 59372 26591  461.17032   38  734  539.96947  461.12481  14.6%   110 5708s
 59450 26603  461.18709   39  738  539.96947  461.12481  14.6%   110 5721s
 59521 26643  461.27271   40  738  539.96947  461.12481  14.6%   111 5734s
 59596 26676  461.27637   41  726  539.96947  461.12481  14.6%   111 5743s
 59671 26723  461.27637   42  724  539.96947  461.12481  14.6%   111 5754s
 59751 26720     cutoff   43       539.96947  461.12481  14.6%   111 5765s
 59784 26731     cutoff   44       539.96947  461.12481  14.6%   111 5812s
 59819 26747  461.43306   45  725  539.96947  461.12481  14.6%   111 5864s
H59835 25423                     539.9689058  461.12481  14.6%   111 5864s
 59852 25443  461.59973   45  719  539.96891  461.12481  14.6%   112 5877s
 59883 25461  461.55998   46  716  539.96891  461.12481  14.6%   112 5904s
 59915 25468  462.82445   46  717  539.96891  461.12481  14.6%   112 5926s
 59949 25477  461.56055   47  716  539.96891  461.12481  14.6%   112 5950s
 59981 25491 infeasible   47       539.96891  461.12481  14.6%   113 5977s
 60012 25506  461.60949   48  695  539.96891  461.12481  14.6%   113 6003s
H60031 24247                     539.9689045  461.12481  14.6%   113 6003s
H60043 23053                     539.9661832  461.12481  14.6%   113 6003s
 60044 23073  462.88504   48  697  539.96618  461.12481  14.6%   114 6053s
 60076 23112  461.69356   49  694  539.96618  461.12481  14.6%   114 6113s
 60132 23120  468.53397   52  689  539.96618  461.12481  14.6%   114 6169s
 60175 23124  468.59851   54  693  539.96618  461.12481  14.6%   114 6230s
 60217 23137  468.67152   55  686  539.96618  461.12481  14.6%   114 6291s
 60256 23148  468.85938   57  672  539.96618  461.12481  14.6%   115 6342s
 60305 23168  468.89720   60  669  539.96618  461.12481  14.6%   115 6390s
 60365 23202  468.90327   61  667  539.96618  461.12481  14.6%   116 6438s
 60453 23281  468.90956   62  667  539.96618  461.12481  14.6%   116 6470s
 60596 23378  468.94067   64  668  539.96618  461.12481  14.6%   117 6491s
 60785 23449  468.95451   66  668  539.96618  461.12481  14.6%   118 6512s
 60954 23438  469.00167   69  667  539.96618  461.12481  14.6%   119 6559s
 61013 23460  469.00470   70  666  539.96618  461.12481  14.6%   119 6619s
 61075 23513  469.04507   72  665  539.96618  461.12481  14.6%   120 6666s
 61175 23698  469.04507   73  664  539.96618  461.12481  14.6%   120 6696s
 61436 23858  469.06943   75  659  539.96618  461.12481  14.6%   120 6720s
 61726 23997  469.09409   77  656  539.96618  461.12481  14.6%   121 6747s
 62037 24163  469.14875   78  660  539.96618  461.12481  14.6%   122 6776s
 62359 24348  469.22855   80  655  539.96618  461.27637  14.6%   122 6807s
 62702 24542     cutoff   81       539.96618  461.31211  14.6%   123 6836s
 63056 24712  469.24540   85  663  539.96618  461.31211  14.6%   123 6865s
 63404 24879  469.25855   87  665  539.96618  461.31211  14.6%   124 6893s
 63737 25120  469.28915   89  648  539.96618  461.31211  14.6%   125 6922s
 64152 25228  469.28916   90  648  539.96618  461.31211  14.6%   126 6954s
 64486 25256  469.30864   92  646  539.96618  461.31211  14.6%   128 6986s
 64760 25355  469.39412   93  619  539.96618  461.31211  14.6%   130 7017s
 65227 25524  469.36608   98  646  539.96618  461.31211  14.6%   132 7053s
 65962 25815  469.41750  102  645  539.96618  461.31211  14.6%   133 7086s
 66846 25660  469.45030  104  644  539.96618  461.31211  14.6%   134 7186s
 67058 25642  469.48629  108  633  539.96618  461.31845  14.6%   135 7200s

Cutting planes:
  Gomory: 49
  Implied bound: 646
  Projected implied bound: 60
  MIR: 23
  Flow cover: 181
  Zero half: 119
  RLT: 96
  Relax-and-lift: 189

Explored 67125 nodes (9152711 simplex iterations) in 7205.17 seconds (5827.11 work units)
Thread count was 32 (of 96 available processors)

Solution count 10: 539.966 539.969 539.969 ... 542.034

Time limit reached
Best objective 5.399661831685e+02, best bound 4.613269225066e+02, gap 14.5637%

User-callback calls 1433357, time in user-callback 2.44 sec
