
Gurobi 12.0.1 (win64) logging started Sun Sep 21 06:10:19 2025

Set parameter LogFile to value "log_group_6/bound_Expr123_s10_l1051_s11_e12_o80_d160_t7200_s53_1_1_1_1.log"
Gurobi Optimizer version 12.0.1 build v12.0.1rc0 (win64 - Windows Server 2022.0 (20348.2))

CPU model: Intel(R) Xeon(R) Gold 6336Y CPU @ 2.40GHz, instruction set [SSE2|AVX|AVX2|AVX512]
Thread count: 48 physical cores, 96 logical processors, using up to 32 threads

Non-default parameters:
TimeLimit  7200

Optimize a model with 3469946 rows, 3400740 columns and 43673380 nonzeros
Model fingerprint: 0xce6c4902
Variable types: 740 continuous, 3400000 integer (3400000 binary)
Coefficient statistics:
  Matrix range     [1e+00, 9e+02]
  Objective range  [1e+00, 1e+00]
  Bounds range     [1e+00, 1e+03]
  RHS range        [1e+00, 9e+02]
Presolve removed 80 rows and 80 columns (presolve time = 5s)...
Presolve removed 80 rows and 80 columns (presolve time = 10s)...
Presolve removed 80 rows and 3355580 columns (presolve time = 15s)...
Presolve removed 3422770 rows and 3355580 columns
Presolve time: 16.01s
Presolved: 47176 rows, 45160 columns, 489750 nonzeros
Variable types: 660 continuous, 44500 integer (44500 binary)
Performing another presolve...
Presolve removed 16716 rows and 16180 columns
Presolve time: 1.02s
Found heuristic solution: objective 9596.8352000
Deterministic concurrent LP optimizer: primal and dual simplex
Showing primal log only...


Root simplex log...

Iteration    Objective       Primal Inf.    Dual Inf.      Time
       0   -5.4886000e+04   2.127568e+03   9.329018e+07     26s
    4886    6.0314000e+04   0.000000e+00   7.680000e+02     26s
    6515    3.1844387e+02   0.000000e+00   0.000000e+00     27s
Concurrent spin time: 0.00s

Solved with primal simplex

Root relaxation: objective 3.184439e+02, 6515 iterations, 1.42 seconds (1.54 work units)
Total elapsed time = 26.96s (DegenMoves)

    Nodes    |    Current Node    |     Objective Bounds      |     Work
 Expl Unexpl |  Obj  Depth IntInf | Incumbent    BestBd   Gap | It/Node Time

     0     0  318.44387    0  217 9596.83520  318.44387  96.7%     -   30s
H    0     0                    8999.3594000  318.44387  96.5%     -   32s
H    0     0                    7992.3876667  318.44387  96.0%     -   34s
H    0     0                    7610.7119000  318.44387  95.8%     -   35s
H    0     0                    7119.7845667  318.44387  95.5%     -   37s
H    0     0                    6736.4961000  318.44387  95.3%     -   38s
H    0     0                    6602.8981667  318.44387  95.2%     -   40s
     0     0  318.44387    0  236 6602.89817  318.44387  95.2%     -   40s
H    0     0                    6598.8411667  318.44387  95.2%     -   43s
H    0     0                    6426.4249667  318.44387  95.0%     -   46s
H    0     0                    6083.8158333  318.44387  94.8%     -   47s
H    0     0                    5902.4244333  318.44387  94.6%     -   48s
H    0     0                    5555.6163333  318.44387  94.3%     -   52s
H    0     0                    5366.4625333  318.44387  94.1%     -   53s
H    0     0                    5360.2732333  318.44387  94.1%     -   53s
H    0     0                    5302.0082333  318.44387  94.0%     -   53s
H    0     0                    5222.5119667  318.44387  93.9%     -   53s
H    0     0                    5222.5090333  318.44387  93.9%     -   53s
H    0     0                    5176.3399000  318.44387  93.8%     -   53s
     0     0  318.44387    0  253 5176.33990  318.44387  93.8%     -   55s
     0     0  318.44387    0  205 5176.33990  318.44387  93.8%     -   75s
     0     0  318.44387    0  205 5176.33990  318.44387  93.8%     -   75s
     0     0  318.44387    0  177 5176.33990  318.44387  93.8%     -   84s
     0     0  318.44387    0  190 5176.33990  318.44387  93.8%     -   85s
     0     0  318.44387    0  179 5176.33990  318.44387  93.8%     -   91s
     0     0  318.44387    0  253 5176.33990  318.44387  93.8%     -   92s
     0     0  318.44387    0  217 5176.33990  318.44387  93.8%     -  101s
     0     0  318.44387    0  212 5176.33990  318.44387  93.8%     -  102s
     0     0  318.44387    0  207 5176.33990  318.44387  93.8%     -  108s
     0     0  318.44387    0  180 5176.33990  318.44387  93.8%     -  110s
H    0     0                    4829.7401667  318.44387  93.4%     -  116s
H    0     0                    4817.4569000  318.44387  93.4%     -  117s
     0     2  318.44387    0  180 4817.45690  318.44387  93.4%     -  128s
     3     8  318.44387    2  395 4817.45690  318.44387  93.4%  3520  131s
     7    16  318.44387    3  289 4817.45690  318.44387  93.4%  2972  137s
    15    32  318.44399    4  340 4817.45690  318.44387  93.4%  3120  151s
    31    60  380.56333    5  387 4817.45690  318.44399  93.4%  4201  190s
    59    92  426.57786    6  311 4817.45690  318.44399  93.4%  3516  211s
H   62    92                    4801.2301000  318.44399  93.4%  3445  211s
H   64    92                    4635.6756333  318.44399  93.1%  3507  211s
H   65    92                    4204.3630000  318.44399  92.4%  3567  211s
H   81    92                    3802.6758000  318.44399  91.6%  3779  211s
H   91   124                    3786.3470000  318.44399  91.6%  3738  230s
H  108   124                    3732.1965000  318.44399  91.5%  3582  230s
H  115   124                    3709.7231667  318.44399  91.4%  3514  231s
H  123   160                    3118.5213000  318.44399  89.8%  3449  283s
H  124   160                    2974.5452333  318.44399  89.3%  3422  283s
H  125   160                    2953.0346000  318.44399  89.2%  3396  283s
H  129   160                    2776.3942333  318.44399  88.5%  3306  283s
H  131   160                    2368.0398667  318.44399  86.6%  3260  283s
H  150   160                    2355.1641333  318.44399  86.5%  2881  283s
   159   320  429.31469    8  245 2355.16413  318.44399  86.5%  2739  298s
   319   471  432.06290   12  231 2355.16413  318.44399  86.5%  1560  309s
   470   591  432.06290   16  229 2355.16413  318.44399  86.5%  1162  318s
   592   723  432.06290   21  236 2355.16413  318.44399  86.5%   980  327s
   724   846  432.06290   26  233 2355.16413  318.44399  86.5%   838  334s
   849   977  470.51267   27  241 2355.16413  318.44399  86.5%   743  343s
   982  1087  432.06290   25  230 2355.16413  318.44399  86.5%   665  350s
H 1092  1202                    2082.8428667  318.44399  84.7%   624  361s
H 1110  1202                    2082.2356667  318.44399  84.7%   620  361s
H 1131  1202                    2064.0464667  318.44399  84.6%   613  361s
  1213  1343  432.06290   31  222 2064.04647  318.44399  84.6%   583  369s
  1362  1373 infeasible   34      2064.04647  318.44399  84.6%   542  379s
  1394  1458  498.88843   36  208 2064.04647  318.44399  84.6%   549  384s
H 1465  1458                    1979.5595333  318.44399  83.9%   532  384s
  1485  1623  460.15480   36  231 1979.55953  318.44399  83.9%   527  394s
  1656  1795  460.15480   37  231 1979.55953  318.44399  83.9%   494  403s
  1830  1985  462.36293   46  231 1979.55953  318.44399  83.9%   465  411s
  2025  2185  485.28908   58  220 1979.55953  318.44399  83.9%   434  418s
  2226  2355  506.91500   68  209 1979.55953  318.44399  83.9%   411  428s
H 2303  2355                    1979.4584333  318.44399  83.9%   403  428s
H 2306  2355                    1977.4158333  318.44399  83.9%   403  428s
  2400  2560  506.91500   70  200 1977.41583  318.44399  83.9%   394  440s
  2623  2743  506.91500   78  213 1977.41583  318.44399  83.9%   377  447s
  2820  2770  584.97026   83  236 1977.41583  318.44399  83.9%   367  471s
  2851  2794  403.56784   75  281 1977.41583  318.44399  83.9%   450  480s
  2879  2826  597.19940   81  240 1977.41583  318.44399  83.9%   473  489s
H 2886  2826                    1972.3744333  318.44399  83.9%   476  489s
H 2888  2826                    1946.0680333  318.44399  83.6%   476  489s
  2911  2857  581.39110   80  367 1946.06803  318.44399  83.6%   501  501s
  2942  2887  582.78560   81  355 1946.06803  318.44399  83.6%   548  509s
H 2950  2887                    1944.9669333  318.44399  83.6%   554  509s
  2974  2992  589.27578   84  324 1944.96693  318.44399  83.6%   573  517s
  3079  3023  599.54445   83  323 1944.96693  318.44399  83.6%   584  527s
H 3081  3023                    1940.5491333  318.44399  83.6%   583  527s
H 3083  3023                    1939.7134333  318.44399  83.6%   583  527s
H 3100  3022                    1935.5272333  318.44399  83.5%   584  527s
  3110  3122  656.10489   84  262 1935.52723  318.44399  83.5%   586  534s
  3210  3147  590.67034   85  326 1935.52723  318.44399  83.5%   584  542s
H 3219  3147                    1935.3382333  318.44399  83.5%   584  542s
H 3229  3144                    1891.4819333  318.44399  83.2%   587  542s
  3243  3256  647.49140   83  326 1891.48193  318.44399  83.2%   591  550s
  3365  3284  591.96015   86  322 1891.48193  318.44399  83.2%   591  559s
H 3370  3284                    1891.3217333  318.44399  83.2%   590  559s
  3397  3381  592.47034   87  327 1891.32173  318.44399  83.2%   597  570s
H 3436  3379                    1849.2764333  318.44399  82.8%   598  570s
  3498  3406  593.08985   89  332 1849.27643  318.44399  82.8%   601  579s
H 3501  3406                    1849.2476333  318.44399  82.8%   600  579s
H 3514  3406                    1849.0448333  318.44399  82.8%   600  579s
  3533  3433  605.26977   90  425 1849.04483  318.44399  82.8%   606  592s
H 3564  3452                    1832.4441000  318.44399  82.6%   649  604s
H 3577  3405                    1814.3828667  318.44399  82.4%   662  604s
H 3585  3384                    1779.2462667  318.44399  82.1%   670  604s
H 3593  3335                    1708.6503000  318.44399  81.4%   675  604s
  3596  3344  654.91613   92  478 1708.65030  318.44399  81.4%   677  619s
  3639  3375 1006.20802   92  435 1708.65030  318.44399  81.4%   714  637s
H 3643  3317                    1574.2004000  318.44399  79.8%   719  637s
H 3656  3252                    1494.5847667  318.44399  78.7%   736  637s
H 3662  3249                    1485.7413667  318.44399  78.6%   742  638s
  3671  3255     cutoff   89      1485.74137  318.44399  78.6%   751  651s
  3707  3266 1194.11034   91  496 1485.74137  318.44399  78.6%   785  670s
H 3726  2885                     926.0578333  318.44399  65.6%   801  670s
  3742  2952     cutoff   90       926.05783  318.44399  65.6%   809  681s
  3872  2953  702.23657   93  541  926.05783  318.44399  65.6%   815  706s
H 3873  2883                     867.5447333  318.44399  63.3%   815  706s
H 3874  2787                     816.6839333  318.44399  61.0%   815  706s
H 3877  2560                     749.2473333  318.44399  57.5%   814  706s
H 3879  2515                     739.7405333  318.44399  57.0%   814  706s
H 3881  2434                     710.6993333  318.44399  55.2%   816  706s
  3903  2420  704.69134   94  486  710.69933  318.44399  55.2%   825  718s
H 4020  2387                     710.0738333  318.44399  55.2%   827  743s
H 4021  2291                     688.3585333  318.44399  53.7%   827  743s
H 4025  2190                     672.3244333  318.44399  52.6%   827  743s
H 4044  2143                     661.2000333  318.44399  51.8%   837  743s
H 4045  2115                     650.7983327  318.44399  51.1%   837  743s
  4058  2121     cutoff   98       650.79833  318.44399  51.1%   845  757s
  4167  2107     cutoff   38       650.79833  318.44399  51.1%   862  783s
H 4168  2101                     648.6828327  318.44399  50.9%   862  783s
H 4169  2091                     645.8391333  318.44399  50.7%   862  783s
H 4187  1919                     613.4515333  318.44399  48.1%   873  783s
  4200  1933     cutoff   53       613.45153  318.44399  48.1%   889  797s
  4288  1914 infeasible   49       613.45153  318.44399  48.1%   918  810s
H 4293  1914                     612.9460333  318.44399  48.0%   920  810s
  4321  1932     cutoff   41       612.94603  318.44399  48.0%   951  820s
H 4369  1928                     611.9460333  318.44399  48.0%   950  820s
H 4386  1928                     611.8452333  318.44399  48.0%   959  820s
  4401  1917     cutoff   32       611.84523  318.44399  48.0%   982  839s
H 4402  1898                     606.9370327  318.44399  47.5%   982  839s
  4433  1888     cutoff   29       606.93703  318.44399  47.5%  1011  876s
H 4437  1888                     606.8362327  318.44399  47.5%  1013  876s
H 4441  1888                     606.8362321  318.44399  47.5%  1016  876s
  4464  1876     cutoff   41       606.83623  318.44399  47.5%  1044  905s
H 4465  1876                     606.8362275  318.44399  47.5%  1044  905s
H 4488  1876                     606.8339017  318.44399  47.5%  1058  906s
  4498  1868  563.29410   91  559  606.83390  318.44399  47.5%  1065  933s
  4533  1863  563.29410   92  559  606.83390  318.44399  47.5%  1088  957s
  4564  1859  564.28491   93  556  606.83390  318.44399  47.5%  1109  982s
  4597  1922  564.28491   94  556  606.83390  318.44399  47.5%  1123 1015s
  4721  2097  565.21975   95  552  606.83390  330.67787  45.5%  1123 1056s
  4970  2098  462.99371   39 13956  606.83390  330.67787  45.5%  1086 1200s
  4972  2099  439.42313   32  206  606.83390  330.67787  45.5%  1086 1269s
  4973  2100  545.92642   66  206  606.83390  330.67787  45.5%  1086 1281s
  4974  2101  437.63867   67  206  606.83390  348.33003  42.6%  1086 1343s
  4975  2104  348.33003   11  271  606.83390  348.33003  42.6%  1093 1381s
  4977  2108  348.33003   12  277  606.83390  348.33003  42.6%  1093 1403s
  4981  2114  348.33003   13  257  606.83390  348.33003  42.6%  1092 1418s
  4989  2122  348.33003   14  227  606.83390  348.33003  42.6%  1091 1427s
  5005  2132  348.33003   15  257  606.83390  348.33003  42.6%  1090 1477s
  5031  2149  348.33003   16  251  606.83390  348.33003  42.6%  1093 1502s
  5063  2229  348.33003   17  246  606.83390  348.33003  42.6%  1094 1557s
  5180  2251  348.33003   18  235  606.83390  348.33003  42.6%  1083 1576s
  5265  2288  445.52260   18  284  606.83390  348.33003  42.6%  1073 1592s
  5372  2295  348.33003   19  260  606.83390  348.33003  42.6%  1057 1630s
  5435  2332  407.99967   19  252  606.83390  348.33003  42.6%  1050 1647s
  5531  2344  348.33003   20  255  606.83390  348.33003  42.6%  1037 1697s
  5595  2383  401.78667   20  252  606.83390  348.33003  42.6%  1031 1706s
  5692  2408  348.33003   21  245  606.83390  348.33003  42.6%  1017 1715s
  5788  2417  389.00217   21  217  606.83390  348.33003  42.6%  1005 1759s
  5848  2469  348.33003   22  261  606.83390  348.33003  42.6%   998 1767s
  5950  2470  427.48277   22  262  606.83390  348.33003  42.6%   984 1796s
  6017  2524  348.33003   23  259  606.83390  348.33003  42.6%   979 1806s
  6131  2540  432.09557   23  232  606.83390  348.33003  42.6%   964 1859s
  6224  2569  348.33003   24  259  606.83390  348.33003  42.6%   959 1881s
  6312  2602  348.33003   25  253  606.83390  348.33003  42.6%   949 1891s
  6416  2668  401.18157   26  234  606.83390  348.33003  42.6%   936 1903s
  6558  2684  348.33003   28  284  606.83390  348.33003  42.6%   920 1952s
  6651  2747  348.33003   29  278  606.83390  348.33003  42.6%   912 1966s
  6817  2748  348.33003   31  248  606.83390  348.33003  42.6%   894 2016s
  6919  2824  391.68743   32  254  606.83390  348.33003  42.6%   889 2030s
  7118  2780  348.33003   34  253  606.83390  348.33003  42.6%   869 2044s
  7154  2820  427.57887   34  270  606.83390  348.33003  42.6%   866 2072s
  7243  2874  348.33003   36  250  606.83390  348.33003  42.6%   859 2088s
  7378  2955  348.33003   37  231  606.83390  348.33003  42.6%   846 2102s
  7600  3031  348.33003   38  274  606.83390  348.33003  42.6%   825 2121s
  7861  3041  348.33003   40  210  606.83390  348.33003  42.6%   801 2173s
  8018  3148  445.29760   41  274  606.83390  348.33003  42.6%   788 2192s
  8308  3215  348.33003   44  239  606.83390  348.33003  42.6%   765 2212s
  8618  3204  402.23070   46  263  606.83390  348.33003  42.6%   741 2248s
  8778  3329  348.33003   48  253  606.83390  348.33003  42.6%   730 2267s
  9102  3392  348.33003   50  247  606.83390  348.33003  42.6%   708 2316s
  9404  3401  348.33003   52  243  606.83390  348.33003  42.6%   690 2334s
  9588  3528  384.69067   54  256  606.83390  348.33003  42.6%   680 2357s
  9948  3624  445.29760   57  248  606.83390  348.33003  42.6%   660 2380s
 10332  3620  348.33003   61  235  606.83390  348.33003  42.6%   641 2413s
 10541  3569  348.33003   63  230  606.83390  348.33003  42.6%   632 2478s
 10577  3574  407.74647   63  228  606.83390  348.33003  42.6%   630 2561s
 10618  3578  348.33003   64  229  606.83390  348.33003  42.6%   629 2596s
 10654  3584  397.89353   64  335  606.83390  348.33003  42.6%   628 2623s
 10692  3592  348.33003   65  225  606.83390  348.33003  42.6%   626 2651s
 10727  3602  401.12607   65  246  606.83390  348.33003  42.6%   625 2675s
 10763  3608  348.33003   66  225  606.83390  348.33003  42.6%   623 2702s
 10810  3612  406.61510   66  285  606.83390  348.33003  42.6%   622 2733s
 10856  3613  348.33003   67  255  606.83390  348.33003  42.6%   620 2765s
 10902  3620  445.73590   67  265  606.83390  348.33003  42.6%   618 2794s
 10950  3619  348.33003   68  234  606.83390  348.33003  42.6%   616 2826s
 11002  3619  348.33003   68  250  606.83390  348.33003  42.6%   614 2856s
 11056  3623  348.33003   69  219  606.83390  348.33003  42.6%   612 2891s
 11102  3631  409.45950   69  371  606.83390  348.33003  42.6%   610 2933s
 11165  3652  348.33003   70  219  606.83390  348.33003  42.6%   607 2960s
 11260  3674  350.40022   70  252  606.83390  348.33003  42.6%   604 3003s
 11352  3690  348.33003   71  219  606.83390  348.33003  42.6%   601 3033s
 11390  3713  431.80337   71  293  606.83390  348.33003  42.6%   599 3067s
 11449  3745  348.33003   72  202  606.83390  348.33003  42.6%   597 3087s
 11537  3811  390.45263   72  222  606.83390  348.33003  42.6%   594 3106s
 11655  3891  348.33003   73  199  606.83390  348.33003  42.6%   589 3128s
 11799  3964  407.79510   73  207  606.83390  348.33003  42.6%   584 3151s
 11957  4039  348.33003   74  236  606.83390  348.33003  42.6%   578 3179s
 12129  4127  403.15217   74  204  606.83390  348.33003  42.6%   571 3200s
 12349  4278  348.33003   75  207  606.83390  348.33003  42.6%   563 3224s
 12641  4473  348.33003   78  211  606.83390  348.33003  42.6%   553 3253s
 13009  4758  381.65917   82  204  606.83390  348.33003  42.6%   541 3292s
 13470  5091  348.33003   88  239  606.83390  348.33003  42.6%   527 3330s
 13998  6096  348.33003   94  203  606.83390  348.33003  42.6%   513 3395s
 15458  7041  348.33003  107  231  606.83390  348.33003  42.6%   474 3456s
 16851  7449  431.97077  118  229  606.83390  348.33003  42.6%   443 3494s
 17467  8380  348.33003  124  227  606.83390  348.33003  42.6%   432 3562s
 18872  9915  348.33003  133  224  606.83390  348.33003  42.6%   408 3615s
 20904 11631  348.33003  141  216  606.83390  348.33003  42.6%   377 3666s
 23097 13373  348.33003  142  216  606.83390  348.33003  42.6%   350 3711s
 25222 15247  348.33003  151  231  606.83390  348.33003  42.6%   327 3755s
 27452 16357  348.33003  156  234  606.83390  348.33003  42.6%   307 3793s
 28857 16975  348.33003  160  235  606.83390  348.33003  42.6%   296 3997s
 29712 20233  348.33003  167  207  606.83390  348.33003  42.6%   292 4085s
 33747 22229  348.33003  168  273  606.83390  348.33003  42.6%   268 4134s
 35424 22229  573.48133  943  254  606.83390  348.33003  42.6%   258 4135s
 36043 23987  348.33003  179  236  606.83390  348.33003  42.6%   255 4171s
 38100 25312  348.33003  186  225  606.83390  348.33003  42.6%   245 4204s
 39667 27083  348.33003  188  260  606.83390  348.33003  42.6%   239 4239s
 41641 28975  348.33003  195  227  606.83390  348.33003  42.6%   232 4279s
 43767 30879  348.33003  205  250  606.83390  348.33003  42.6%   224 4321s
 45986 33009  348.33003  214  262  606.83390  348.33003  42.6%   217 4366s
 48411 33034  348.33003  219  225  606.83390  348.33003  42.6%   209 4440s
 48448 33061  420.37666  219  296  606.83390  348.33003  42.6%   209 4568s
 48484 33089  348.33003  220  224  606.83390  348.33003  42.6%   209 4625s
 48520 33130  389.61127  220  209  606.83390  348.33003  42.6%   209 4666s
 48586 33186  348.33003  221  243  606.83390  348.33003  42.6%   209 4686s
 48676 33261  437.61090  221  216  606.83390  348.33003  42.6%   209 4715s
 48768 33390  348.33003  222  246  606.83390  348.33003  42.6%   209 4735s
 48931 33537  437.61270  225  244  606.83390  348.33003  42.6%   208 4759s
 49177 33774  348.33003  229  242  606.83390  348.33003  42.6%   208 4786s
 49487 35550  383.77470  234  240  606.83390  348.33003  42.6%   207 4851s
 51412 35954  348.33003  245  233  606.83390  348.33003  42.6%   202 4877s
 51890 39704  348.33003  248  195  606.83390  348.33003  42.6%   201 4952s
 55959 42979  348.33003  262  247  606.83390  348.33003  42.6%   191 5015s
 59472 42980  545.85111  398 13956  606.83390  348.33003  42.6%   183 6177s
 59474 42981  348.33003  421  193  606.83390  348.33003  42.6%   183 6262s
 59475 42982  451.87198 1163  334  606.83390  348.33003  42.6%   183 6313s
 59476 42983  541.94640 1216  338  606.83390  348.33003  42.6%   183 6327s
 59477 42983  527.16568  276  191  606.83390  348.33003  42.6%   183 6440s
 59478 42984  532.10223 1177  239  606.83390  348.33003  42.6%   183 6498s
 59479 42985  533.81302  374  264  606.83390  348.33003  42.6%   183 6626s
 59480 42985  554.96966 1873  351  606.83390  348.33003  42.6%   183 6675s
 59481 42986  556.46752 1298  420  606.83390  348.33003  42.6%   183 6736s
 59482 42987  578.03867 1755  482  606.83390  348.33003  42.6%   183 6747s
 59483 42987  567.29525  747  398  606.83390  348.33003  42.6%   183 6755s
 59484 42988  560.39103  827  404  606.83390  348.33003  42.6%   183 6803s
 59485 42989  549.79610  807  417  606.83390  348.33003  42.6%   183 6869s
 59486 42989  348.33003 1755  395  606.83390  348.33003  42.6%   183 6914s
 59487 42990  529.09320 1015  340  606.83390  348.33003  42.6%   183 6973s
 59488 42991  560.84685   70  369  606.83390  348.33003  42.6%   183 7067s
 59489 42991  534.41480  803  495  606.83390  348.33003  42.6%   183 7080s
 59490 42992  578.03867 1246  408  606.83390  348.33003  42.6%   183 7122s
 59491 42993  545.71634 1014  446  606.83390  348.33003  42.6%   183 7167s

Cutting planes:
  Gomory: 16
  Implied bound: 398
  Projected implied bound: 642
  MIR: 27
  Flow cover: 733
  Relax-and-lift: 6970

Explored 59491 nodes (11158821 simplex iterations) in 7204.85 seconds (7515.83 work units)
Thread count was 32 (of 96 available processors)

Solution count 10: 606.834 606.836 606.836 ... 645.839

Time limit reached
Best objective 6.068339017469e+02, best bound 3.483300323333e+02, gap 42.5988%

User-callback calls 1342992, time in user-callback 2.20 sec
