
Gurobi 10.0.3 (win64) logging started Sun Sep 21 11:59:00 2025

Set parameter LogFile to value "log_group_6/bound_Expr180_s7_l1051_s11_e12_o40_d80_t7200_s40_1_0_0_0.log"
Gurobi Optimizer version 10.0.3 build v10.0.3rc0 (win64)

CPU model: 11th Gen Intel(R) Core(TM) i7-11700 @ 2.50GHz, instruction set [SSE2|AVX|AVX2|AVX512]
Thread count: 8 physical cores, 16 logical processors, using up to 16 threads

Optimize a model with 771546 rows, 770470 columns and 7672146 nonzeros
Model fingerprint: 0xfef9787d
Variable types: 470 continuous, 770000 integer (770000 binary)
Coefficient statistics:
  Matrix range     [1e+00, 9e+02]
  Objective range  [1e+00, 1e+00]
  Bounds range     [1e+00, 1e+03]
  RHS range        [1e+00, 9e+02]
Presolve removed 752970 rows and 752587 columns
Presolve time: 3.38s
Presolved: 18576 rows, 17883 columns, 105644 nonzeros
Variable types: 390 continuous, 17493 integer (17493 binary)
Found heuristic solution: objective 8043.4156667
Deterministic concurrent LP optimizer: primal and dual simplex
Showing first log only...


Root simplex log...

Iteration    Objective       Primal Inf.    Dual Inf.      Time
    7216   -2.7757000e+04   1.115737e+00   5.835746e+06      5s
    8136    2.9843000e+04   0.000000e+00   4.560000e+02      5s
    8176    0.0000000e+00   0.000000e+00   0.000000e+00      5s
Concurrent spin time: 0.05s

Solved with primal simplex

Root relaxation: objective 0.000000e+00, 8176 iterations, 0.67 seconds (1.34 work units)

    Nodes    |    Current Node    |     Objective Bounds      |     Work
 Expl Unexpl |  Obj  Depth IntInf | Incumbent    BestBd   Gap | It/Node Time

     0     0    0.00000    0  135 8043.41567    0.00000   100%     -    5s
H    0     0                    7240.3568667    0.00000   100%     -    8s
     0     0    0.00000    0  165 7240.35687    0.00000   100%     -   10s
H    0     0                    2308.0654000    0.00000   100%     -   18s
H    0     0                    2281.1914667    0.00000   100%     -   22s
     0     0    0.00000    0  140 2281.19147    0.00000   100%     -   22s
     0     0    0.00000    0  146 2281.19147    0.00000   100%     -   24s
H    0     0                    1587.2690667    0.00000   100%     -   29s
     0     0    0.00000    0  133 1587.26907    0.00000   100%     -   31s
     0     0    0.00000    0  133 1587.26907    0.00000   100%     -   32s
H    0     0                    1391.6862333    0.00000   100%     -   34s
H    0     0                    1244.3193333    0.00000   100%     -   37s
     0     2    0.00000    0  133 1244.31933    0.00000   100%     -   39s
     3     8    0.00000    2  211 1244.31933    0.00000   100%  1968   40s
H   31    40                     469.5292000    0.00000   100%   626   54s
    39    46    0.00000    7  187  469.52920    0.00000   100%   523   55s
   105   105    0.00000   15  180  469.52920    0.00000   100%   328   60s
   208   199    0.00000   27  200  469.52920    0.00000   100%   244   65s
H  272   245                     400.6569000    0.00000   100%   227   70s
H  274   245                     395.7490000    0.00000   100%   228   70s
H  277   245                     394.0923000    0.00000   100%   228   70s
H  278   245                     381.0570000    0.00000   100%   228   70s
   340   311    0.00000   42  189  381.05700    0.00000   100%   230   75s
   445   399    0.00000   55  174  381.05700    0.00000   100%   214   81s
H  490   404                     333.4496000    0.00000   100%   209   90s
H  492   404                     270.6910000    0.00000   100%   209   90s
H  498   407                     259.7280667    0.00000   100%   210   94s
   508   441    0.00000   64  201  259.72807    0.00000   100%   219   96s
   619   470    0.00000   78  204  259.72807    0.00000   100%   222  101s
   778   491    0.00000   98  174  259.72807    0.00000   100%   214  111s
   820   610    0.00000  102  178  259.72807    0.00000   100%   211  115s
   956   740    0.00000  115  165  259.72807    0.00000   100%   204  127s
  1107   836    0.00000  137  216  259.72807    0.00000   100%   198  135s
  1216   850    0.16300  146  351  259.72807    0.00000   100%   198  145s
  1230   899 infeasible  148       259.72807    0.00000   100%   248  154s
  1315   931   13.26340  152  559  259.72807    0.00000   100%   283  162s
  1359  1044   14.76001  155  535  259.72807    0.00000   100%   315  170s
H 1484  1044                     259.7272537    0.00000   100%   295  170s
  1534  1147   24.01571  178  419  259.72725    0.00000   100%   299  182s
H 1580  1147                     259.6836333    0.00000   100%   292  182s
  1734  1441   31.15736  199  518  259.68363    0.00000   100%   277  193s
H 1839  1441                     259.6831333    0.00000   100%   263  193s
H 2047  1441                     259.6816000    0.00000   100%   247  193s
H 2131  1547                     259.6683000    0.00000   100%   245  207s
H 2233  1547                     259.6235000    0.00000   100%   235  207s
H 2234  1547                     259.6171000    0.00000   100%   237  207s
  2291  1548    0.00000   75  133  259.61710    0.00000   100%   239  357s
  2293  1549  101.16919  157  160  259.61710    0.00000   100%   239  399s
  2294  1550  147.00368  217  444  259.61710    0.00721   100%   239  422s
  2295  1551  114.16106  237  436  259.61710    4.52344  98.3%   239  428s
  2296  1551   29.25251  126  538  259.61710   19.44717  92.5%   238  438s
  2297  1552  206.46001  210  541  259.61710   22.71760  91.2%   238  445s
  2298  1553   51.96153  269  644  259.61710   40.05104  84.6%   238  460s
  2299  1553   62.44421  233  644  259.61710   40.12838  84.5%   238  466s
  2300  1554  163.95514   61  652  259.61710   60.49399  76.7%   238  478s
  2301  1555   69.78723  372  659  259.61710   62.32585  76.0%   238  480s
  2302  1555  196.48290   53  660  259.61710   62.38478  76.0%   238  487s
  2303  1556  164.16116  287  550  259.61710   76.07391  70.7%   238  501s
  2305  1557  159.24725  264  551  259.61710   76.14303  70.7%   237  508s
  2306  1558  159.18938  233  666  259.61710   85.99234  66.9%   237  522s
  2309  1560  259.14989  369  765  259.61710   86.31135  66.8%   237  530s
  2310  1561   97.06610  176  662  259.61710   97.06610  62.6%   237  540s
  2312  1562   97.35985  275  675  259.61710   97.35985  62.5%   237  549s
  2313  1563  106.09295  177  766  259.61710  106.09295  59.1%   237  562s
  2315  1564  106.87992  128  770  259.61710  106.87992  58.8%   236  572s
  2316  1565  169.91402  306  780  259.61710  115.88115  55.4%   236  587s
  2318  1566  115.97148  377  783  259.61710  115.97148  55.3%   236  595s
  2319  1567  124.68712   74  807  259.61710  124.68712  52.0%   236  612s
  2321  1568  142.25896   38  807  259.61710  124.91388  51.9%   236  622s
  2322  1569  137.88635  317  769  259.61710  137.88635  46.9%   236  640s
  2324  1570  137.89272  107  767  259.61710  137.89272  46.9%   236  649s
  2325  1571  175.04646  279  772  259.61710  147.09164  43.3%   235  665s
  2328  1573  147.48750   55  780  259.61710  147.48750  43.2%   235  677s
  2329  1573  154.78801  342  760  259.61710  154.78801  40.4%   235  692s
  2331  1575  172.42902  283  683  259.61710  155.73831  40.0%   235  695s
  2332  1575  155.76357  344  684  259.61710  155.76357  40.0%   235  704s
  2333  1576  164.07303   48  769  259.61710  164.07303  36.8%   235  719s
  2334  1577  164.78430   54  783  259.61710  164.78430  36.5%   235  721s
  2336  1578  175.20624  305  792  259.61710  164.80303  36.5%   234  732s
  2337  1579  174.12449   74  786  259.61710  174.12449  32.9%   234  746s
  2340  1581  174.80864   67  820  259.61710  174.80864  32.7%   234  750s
  2341  1581  174.80864   31  820  259.61710  174.80864  32.7%   234  759s
  2342  1582  185.74642  334  723  259.61710  185.74642  28.5%   234  780s
  2345  1584  256.99670  127  729  259.61710  186.77780  28.1%   233  795s
  2348  1587  192.16938  191  133  259.61710  192.16938  26.0%   269 1071s
  2350  1588  192.16938  120  151  259.61710  192.16938  26.0%   269 1081s
  2351  1589  192.16938  372  631  259.61710  192.16938  26.0%   268 1091s
  2352  1590  192.16938  320  748  259.61710  192.16938  26.0%   268 1100s
  2353  1590  192.16938  299  685  259.61710  192.16938  26.0%   268 1110s
  2357  1593  196.97196  216  720  259.61710  196.97196  24.1%   268 1121s
  2358  1594  196.97222   40  723  259.61710  196.97222  24.1%   268 1125s
  2359  1594  198.27943  123  610  259.61710  198.27943  23.6%   268 1132s
  2361  1596  198.31358  376  624  259.61710  198.31358  23.6%   267 1135s
  2362  1596  199.56141  350  729  259.61710  199.56141  23.1%   267 1143s
  2364  1598  199.63440   39  727  259.61710  199.63440  23.1%   267 1146s
  2365  1598  200.28171   64  718  259.61710  200.28171  22.9%   267 1154s
  2367  1600  200.43209  351  729  259.61710  200.43209  22.8%   267 1157s
  2368  1600  201.09116   38  729  259.61710  201.09116  22.5%   267 1166s
  2371  1602  201.53308  273  681  259.61710  201.53308  22.4%   266 1176s
  2373  1604  202.49389   89  787  259.61710  202.49389  22.0%   266 1186s
  2376  1606  202.91359  128  738  259.61710  202.91359  21.8%   266 1190s
  2377  1606  203.55808   40  786  259.61710  203.55808  21.6%   265 1198s
  2379  1608  203.72370   27  795  259.61710  203.72370  21.5%   265 1202s
  2380  1608  204.29284   15  728  259.61710  204.29284  21.3%   265 1210s
  2383  1610  217.39799  211  793  259.61710  204.80324  21.1%   265 1222s
  2385  1612  204.81361  310  805  259.61710  204.81361  21.1%   265 1226s
  2386  1612  205.65321  146  731  259.61710  205.65321  20.8%   264 1234s
  2387  1613  205.67660  310  735  259.61710  205.67660  20.8%   264 1235s
  2390  1615  206.76117  196  727  259.61710  206.76117  20.4%   264 1248s
  2392  1616  206.76209   82  727  259.61710  206.76209  20.4%   264 1252s
  2393  1617  207.09653  157  771  259.61710  207.09653  20.2%   264 1261s
  2395  1618  207.10526  237  795  259.61710  207.10526  20.2%   263 1266s
  2396  1619  208.45219  126  708  259.61710  208.45219  19.7%   263 1280s
  2400  1622  209.64183   61  742  259.61710  209.64183  19.2%   263 1286s
  2401  1622  210.00603  372  741  259.61710  210.00603  19.1%   263 1293s
  2404  1624  210.03718   51  637  259.61710  210.03718  19.1%   263 1297s
  2405  1625  210.23969  264  738  259.61710  210.23969  19.0%   262 1304s
  2407  1626  210.24716  272  746  259.61710  210.24716  19.0%   262 1305s
  2411  1630  210.44957   51  133  259.61710  210.44957  18.9%   296 1357s
  2413  1631  210.44957  177  311  259.61710  210.44957  18.9%   296 1365s
  2414  1632  210.44957  170  730  259.61710  210.44957  18.9%   295 1374s
  2415  1633  210.44957  128  739  259.61710  210.44957  18.9%   295 1378s
  2416  1633  210.44957  306  644  259.61710  210.44957  18.9%   295 1384s
  2417  1634  210.44957   85  679  259.61710  210.44957  18.9%   295 1386s
  2421  1637  210.94801   38  790  259.61710  210.94801  18.7%   295 1390s
  2422  1637  211.13343  317  780  259.61710  211.13343  18.7%   294 1395s
  2426  1640  211.21517  141  687  259.61710  211.21517  18.6%   294 1401s
  2428  1641  211.29413   55  691  259.61710  211.29413  18.6%   294 1407s
  2430  1643  211.84517  108  693  259.61710  211.37032  18.6%   293 1413s
  2432  1644  211.38106  344  695  259.61710  211.38106  18.6%   293 1415s
  2436  1647  211.55333  305  701  259.61710  211.55333  18.5%   293 1421s
  2437  1647  211.66259   74  697  259.61710  211.66259  18.5%   293 1426s
  2439  1649  211.72199  114  701  259.61710  211.72199  18.4%   292 1431s
  2442  1651  211.75317  334  703  259.61710  211.75317  18.4%   292 1439s
  2444  1652  211.79203  134  816  259.61710  211.79203  18.4%   292 1441s
  2445  1653  256.99670  127  810  259.61710  211.80700  18.4%   292 1447s
  2447  1654  211.80961   21  814  259.61710  211.80961  18.4%   291 1450s
  2448  1655  211.84951  191  812  259.61710  211.84951  18.4%   291 1456s
  2451  1657  211.90810  372  821  259.61710  211.90810  18.4%   291 1461s
  2454  1659  211.92198  197  805  259.61710  211.92198  18.4%   291 1467s
  2459  1662  211.95098  123  838  259.61710  211.95098  18.4%   290 1470s
  2461  1663  211.99535  376  829  259.61710  211.99535  18.3%   290 1475s
  2463  1665  212.11751   25  826  259.61710  212.11751  18.3%   290 1481s
  2465  1666  212.13766   64  825  259.61710  212.13766  18.3%   289 1485s
  2466  1667  212.19971   69  820  259.61710  212.19971  18.3%   289 1490s
  2470  1669  212.34658  276  755  259.61710  212.34658  18.2%   289 1497s
  2473  1671  212.37706   89  816  259.61710  212.37706  18.2%   288 1503s
  2476  1673  212.40726  128  789  259.61710  212.40726  18.2%   288 1505s
  2478  1675  212.48000   77  828  259.61710  212.48000  18.2%   288 1510s
  2480  1676  212.49307   15  770  259.61710  212.49307  18.2%   288 1516s
  2481  1677  212.53666  124  733  259.61710  212.53666  18.1%   287 1521s
  2483  1678  217.39799  211  805  259.61710  212.54611  18.1%   287 1526s
  2485  1679  212.68850  310  731  259.61710  212.68850  18.1%   287 1534s
  2487  1681  212.70741  310  755  259.61710  212.70741  18.1%   287 1537s
  2488  1681  212.71367  271  751  259.61710  212.71367  18.1%   287 1543s
  2489  1682  237.05477   21  765  259.61710  212.71470  18.1%   287 1545s
  2493  1686  212.72404  157  133  259.61710  212.72404  18.1%   315 1555s
  2495  1687  212.72404  237  342  259.61710  212.72404  18.1%   315 1565s
  2496  1688  212.72404  126  633  259.61710  212.72404  18.1%   315 1575s
  2497  1689  212.72404  210  736  259.61710  212.72404  18.1%   315 1581s
  2498  1689  212.72404  269  596  259.61710  212.72404  18.1%   315 1587s
  2500  1691  212.72404   61  730  259.61710  212.72404  18.1%   315 1591s
  2503  1693  212.97543  287  729  259.61710  212.97543  18.0%   314 1595s
  2504  1693  213.23095   51  798  259.61710  213.23095  17.9%   314 1600s
  2508  1696  213.46741   48  801  259.61710  213.46741  17.8%   314 1608s
  2511  1698  213.50320   51  806  259.61710  213.50320  17.8%   313 1611s
  2512  1699  213.62714  275  789  259.61710  213.62714  17.7%   313 1615s
  2515  1701  213.71793  128  790  259.61710  213.71793  17.7%   313 1622s
  2517  1702  213.72843   85  802  259.61710  213.72843  17.7%   312 1625s
  2519  1703  218.81227   74  640  259.61710  218.81227  15.7%   312 1631s
  2521  1705  218.94933   38  613  259.61710  218.94933  15.7%   312 1638s
  2523  1706  218.96427  156  644  259.61710  218.96427  15.7%   312 1640s
  2524  1707  219.05061  107  636  259.61710  219.05061  15.6%   312 1645s
  2527  1709  219.33056  154  640  259.61710  219.33056  15.5%   311 1650s
  2530  1711  219.42688  108  664  259.61710  219.42688  15.5%   311 1657s
  2533  1713  219.52708   48  656  259.61710  219.52708  15.4%   310 1664s
  2535  1714  219.53078  228  655  259.61710  219.53078  15.4%   310 1666s
  2536  1715  219.58927  305  657  259.61710  219.58927  15.4%   310 1671s
  2539  1717  219.64086  114  674  259.61710  219.64086  15.4%   310 1677s
  2543  1719  219.79104   36  658  259.61710  219.79104  15.3%   309 1685s
  2545  1721  256.99670  127  654  259.61710  219.93327  15.3%   309 1692s
  2548  1723  220.11929  191  661  259.61710  220.11929  15.2%   309 1702s
  2550  1724  220.12343  120  670  259.61710  220.12343  15.2%   308 1706s
  2553  1726  220.13867  299  670  259.61710  220.13867  15.2%   308 1712s
  2556  1729  220.13867  233  133  259.61710  220.13867  15.2%   339 1719s
  2558  1730  220.13867   40  227  259.61710  220.13867  15.2%   338 1727s
  2559  1731  220.13867  123  633  259.61710  220.13867  15.2%   338 1732s
  2562  1733  220.13867  350  516  259.61710  220.13867  15.2%   338 1735s
  2569  1738  220.47794   70  642  259.61710  220.47794  15.1%   337 1741s
  2572  1740  220.72763   94  620  259.61710  220.72763  15.0%   337 1748s
  2575  1742  220.73249   65  626  259.61710  220.73249  15.0%   336 1750s
  2576  1742  220.76347  128  599  259.61710  220.76347  15.0%   336 1755s
  2579  1744  220.78597   27  604  259.61710  220.78597  15.0%   336 1761s
  2582  1746  220.97868   34  538  259.61710  220.97868  14.9%   335 1767s
  2585  1748  221.03042  310  476  259.61710  221.03042  14.9%   335 1772s
  2587  1750  221.07873  310  547  259.61710  221.07873  14.8%   335 1777s
  2589  1751  237.05477   21  484  259.61710  221.09753  14.8%   334 1782s
  2591  1752  221.13777   75  477  259.61710  221.13777  14.8%   334 1787s
  2594  1754  221.18425  217  488  259.61710  221.18425  14.8%   334 1792s
  2597  1756  221.20077  210  558  259.61710  221.20077  14.8%   333 1797s
  2600  1758  221.20635   61  506  259.61710  221.20635  14.8%   333 1802s
  2603  1762  221.20635  287  133  259.61710  221.20635  14.8%   351 1807s
  2605  1763  221.20635  264  130  259.61710  221.20635  14.8%   351 1813s
  2606  1764  221.20635  233  431  259.61710  221.20635  14.8%   350 1818s
  2608  1765  221.20635   48  566  259.61710  221.20635  14.8%   350 1820s
  2614  1769  222.36082  170  543  259.61710  222.36082  14.4%   349 1827s
  2617  1771  222.91206   85  552  259.61710  222.91206  14.1%   349 1832s
  2621  1774  223.35133   38  568  259.61710  223.35133  14.0%   348 1837s
  2625  1777  223.88591  279  607  259.61710  223.88591  13.8%   348 1843s
  2628  1779  223.95303   55  598  259.61710  223.95303  13.7%   347 1846s
  2630  1780  224.16132  108  598  259.61710  224.16132  13.7%   347 1850s
  2632  1781  224.16667  344  595  259.61710  224.16667  13.7%   347 1855s
  2635  1783  224.51440  228  492  259.61710  224.51440  13.5%   347 1861s
  2638  1785  224.55643  188  638  259.61710  224.55643  13.5%   346 1866s
  2643  1789  224.57450   36  626  259.61710  224.57450  13.5%   346 1873s
  2645  1790  256.99670  127  645  259.61710  224.57721  13.5%   345 1875s
  2649  1793  224.71995   80  645  259.61710  224.71995  13.4%   345 1880s
  2653  1795  224.74793  299  589  259.61710  224.74793  13.4%   344 1885s
  2656  1797  224.76355  233  598  259.61710  224.76355  13.4%   344 1891s
  2658  1799  225.39882   40  567  259.61710  225.39882  13.2%   344 1897s
  2662  1801  225.45068  350  579  259.61710  225.45068  13.2%   343 1900s
  2664  1803  225.48871   39  556  259.61710  225.48871  13.1%   343 1906s
  2665  1803  226.84012   64  566  259.61710  226.84012  12.6%   343 1912s
  2669  1806  227.75984   70  546  259.61710  227.75984  12.3%   342 1918s
  2673  1809  227.85998   89  459  259.61710  227.85998  12.2%   342 1920s
  2676  1811  227.94606  128  467  259.61710  227.94606  12.2%   341 1925s
  2678  1812  228.57416   77  501  259.61710  228.57416  12.0%   341 1930s
  2681  1814  228.75835  124  493  259.61710  228.75835  11.9%   341 1936s
  2682  1815  228.79867   34  459  259.61710  228.79867  11.9%   340 1940s
  2684  1816  228.80397    7  471  259.61710  228.80397  11.9%   340 1945s
  2686  1817  228.85665  146  464  259.61710  228.85665  11.8%   340 1950s
  2691  1821  228.93994   75  453  259.61710  228.93994  11.8%   339 1956s
  2693  1822  228.94285  157  465  259.61710  228.94285  11.8%   339 1961s
  2695  1823  228.96160  237  471  259.61710  228.96160  11.8%   339 1967s
  2697  1825  228.96294  210  483  259.61710  228.96294  11.8%   339 1972s
  2699  1826  228.96362  233  499  259.61710  228.96362  11.8%   338 1977s
  2702  1829  228.96362   53  133  259.61710  228.96362  11.8%   364 1981s
  2704  1830  228.96362   51  300  259.61710  228.96362  11.8%   364 1989s
  2705  1831  228.96362  264  427  259.61710  228.96362  11.8%   364 1997s
  2708  1833  228.96362   48  524  259.61710  228.96362  11.8%   363 2000s
  2711  1835  229.01786   51  433  259.61710  229.01786  11.8%   363 2006s
  2713  1836  229.03586  177  467  259.61710  229.03586  11.8%   363 2013s
  2714  1837  229.03586  170  466  259.61710  229.03586  11.8%   362 2015s
  2717  1839  229.03834   85  469  259.61710  229.03834  11.8%   362 2021s
  2719  1840  229.04084   74  467  259.61710  229.04084  11.8%   362 2025s
  2722  1842  229.08071  317  475  259.61710  229.08071  11.8%   361 2030s
  2724  1844  229.08071  107  478  259.61710  229.08071  11.8%   361 2035s
  2727  1846  229.11164  154  518  259.61710  229.11164  11.8%   361 2041s
  2729  1847  229.66141  342  509  259.61710  229.66141  11.5%   360 2046s
  2731  1848  230.01727  283  492  259.61710  230.01727  11.4%   360 2050s
  2734  1850  230.03628   54  515  259.61710  230.03628  11.4%   360 2058s
  2737  1852  230.05417   74  518  259.61710  230.05417  11.4%   359 2060s
  2740  1854  230.12345   67  522  259.61710  230.12345  11.4%   359 2065s
  2742  1856  230.15886  334  533  259.61710  230.15886  11.3%   359 2073s
  2743  1856  230.19372   36  518  259.61710  230.19372  11.3%   359 2078s
  2746  1858  230.20105   50  517  259.61710  230.20105  11.3%   358 2081s
  2750  1861  230.34498  120  517  259.61710  230.34498  11.3%   358 2086s
  2751  1862  230.41562  372  509  259.61710  230.41562  11.2%   358 2090s
  2756  1865  230.44312  233  520  259.61710  230.44312  11.2%   357 2098s
  2759  1867  230.48749  123  535  259.61710  230.48749  11.2%   357 2100s
  2762  1869  230.50874  350  523  259.61710  230.50874  11.2%   356 2107s
  2768  1873  230.54063   38  514  259.61710  230.54063  11.2%   355 2112s
  2771  1875  230.54556  273  524  259.61710  230.54556  11.2%   355 2116s
  2774  1877  231.07506  137  429  259.61710  231.07506  11.0%   355 2121s
  2778  1880  231.27166   77  461  259.61710  231.27166  10.9%   354 2126s
  2781  1882  231.29005  124  475  259.61710  231.29005  10.9%   354 2130s
  2784  1884  231.48331    7  447  259.61710  231.48331  10.8%   353 2135s
  2790  1888  231.77484  196  457  259.61710  231.77484  10.7%   353 2140s
  2794  1890  231.86036  217  467  259.61710  231.86036  10.7%   352 2145s
  2800  1894  232.08121   61  407  259.61710  232.08121  10.6%   351 2151s
  2804  1897  232.13799   51  434  259.61710  232.13799  10.6%   351 2155s
  2807  1899  232.14532  272  421  259.61710  232.14532  10.6%   350 2161s
  2813  1904  232.15329  177  133  259.61710  232.15329  10.6%   372 2167s
  2815  1905  232.15329  128  274  259.61710  232.15329  10.6%   372 2173s
  2816  1906  232.15329  306  492  259.61710  232.15329  10.6%   372 2180s
  2820  1909  232.15329  106  506  259.61710  232.15329  10.6%   371 2187s
  2823  1912  232.39405  156  133  259.61710  232.39405  10.5%   379 2190s
  2825  1913  232.39405  279  233  259.61710  232.39405  10.5%   379 2195s
  2826  1914  232.39405  141  472  259.61710  232.39405  10.5%   379 2201s
  2827  1915  232.39405  154  446  259.61710  232.39405  10.5%   379 2205s
  2831  1919  234.78821  283  133  259.61710  234.78821  9.56%   385 2210s
  2834  1921  234.78821   54  479  259.61710  234.78821  9.56%   385 2221s
  2838  1924  235.23953  188  345  259.61710  235.23953  9.39%   384 2226s
  2840  1925  235.27661   67  250  259.61710  235.27661  9.38%   384 2230s
  2846  1929  235.96166   50  330  259.61710  235.96166  9.11%   383 2236s
  2849  1931  235.97361   80  269  259.61710  235.97361  9.11%   383 2241s
  2854  1936  236.00953  197  133  259.61710  236.00953  9.09%   391 2245s
  2857  1938  236.00953  216  282  259.61710  236.00953  9.09%   391 2252s
  2860  1940  236.05725  388  284  259.61710  236.05725  9.07%   391 2255s
  2865  1943  237.03431   64  250  259.61710  237.03431  8.70%   390 2261s
  2872  1948  237.44706   94  259  259.61710  237.44706  8.54%   389 2265s
  2878  1952  237.93026   77  182  259.61710  237.93026  8.35%   388 2270s
  2884  1956  237.93392    7  187  259.61710  237.93392  8.35%   387 2275s
  2891  1962  237.93393   75  240  259.61710  237.93393  8.35%   395 2281s
  2897  1966  238.13837  210  144  259.61710  238.13837  8.27%   394 2286s
  2901  1969  238.13837  372  171  259.61710  238.13837  8.27%   394 2290s
  2907  1973  238.13837  272  158  259.61710  238.13837  8.27%   393 2295s
  2913  1978  238.13837  177  222  259.61710  238.13837  8.27%   399 2302s
  2918  1981  238.24000  377  161  259.61710  238.24000  8.23%   398 2306s
  2924  1985  238.24132  107  194  259.61710  238.24132  8.23%   397 2310s
  2929  1989  238.24156  342  167  259.61710  238.24156  8.23%   396 2315s
  2937  1995  238.24227   74  190  259.61710  238.24227  8.23%   401 2321s
  2943  1999  238.24227   36  164  259.61710  238.24227  8.23%   401 2325s
  2948  2002  238.24227  191  171  259.61710  238.24227  8.23%   400 2330s
  2954  2006  238.24227  197  204  259.61710  238.24227  8.23%   399 2335s
  2986  2027  258.72399  171  129  259.61710  238.98202  7.95%   218 2340s
  3342  2123  248.09644  196   72  259.61710  239.67302  7.68%   199 2347s
  3651  2222  250.52119  220   65  259.61710  239.67302  7.68%   185 2350s
  4805  2591  254.47641  224   94  259.61710  239.91869  7.59%   147 2355s
  6156  3141  245.99387  196   91  259.61710  241.72907  6.89%   121 2360s
  7530  3620  257.83238  230  107  259.61710  242.31743  6.66%   104 2365s
  9052  4043  256.00802  196   83  259.61710  242.78532  6.48%  89.7 2370s
 10109  4919  243.96247  197  103  259.61710  242.99989  6.40%  82.7 2376s
 11877  5929  246.22737  197   96  259.61710  243.28164  6.29%  73.9 2381s
 13161  6806     cutoff  202       259.61710  243.42632  6.24%  69.3 2385s
 15036  7529  258.01148  228  133  259.61710  243.64284  6.15%  63.9 2390s
 15043  7534  259.41418  191   83  259.61710  243.64284  6.15%  63.9 2395s
 15056  7542  248.55712  201   61  259.61710  243.64284  6.15%  63.8 2400s
 15072  7553  252.44473  215   70  259.61710  243.64284  6.15%  63.8 2405s
 15084  7561  246.05782  183   67  259.61710  243.64284  6.15%  63.7 2410s
 15100  7572  258.46512  198   59  259.61710  243.64284  6.15%  63.6 2415s
 15108  7577  244.28645  191   58  259.61710  243.64284  6.15%  63.6 2420s
 15353  7692  249.81332  197   64  259.61710  243.64284  6.15%  63.5 2425s
 16327  8095     cutoff  209       259.61710  243.64284  6.15%  60.3 2430s
 18373  8936  248.25821  233   28  259.61710  243.97681  6.02%  54.6 2435s
 20805  9783  258.20530  222   44  259.61710  244.63413  5.77%  49.3 2440s
 22933 10651  257.05153  227   39  259.61710  244.91107  5.66%  45.6 2445s
 24409 11268  258.14376  237   31  259.61710  244.94745  5.65%  43.4 2450s
 26745 12138  256.81126  227   40  259.61710  245.33982  5.50%  40.4 2455s
 28931 12684  255.45240  207   29  259.61710  245.54186  5.42%  38.1 2460s
 30074 12784  253.78571  237   86  259.61710  245.62791  5.39%  37.0 2465s
 30088 12794  246.21558  205   71  259.61710  245.62791  5.39%  37.0 2470s
 30105 12805  251.33752  212   91  259.61710  245.62791  5.39%  37.0 2475s
 30116 12812  247.34751  203   75  259.61710  245.62791  5.39%  37.0 2480s
 30321 12963  246.74001  201   81  259.61710  245.62791  5.39%  37.0 2485s
 31601 13482  255.32216  215   35  259.61710  246.25626  5.15%  35.9 2490s
 34129 14356  253.08929  208   51  259.61710  247.78719  4.56%  33.7 2495s
 36637 15308  259.49379  229   20  259.61710  248.30063  4.36%  31.8 2500s
 39087 16062  253.33696  208   70  259.61710  248.50513  4.28%  30.3 2505s
 41439 16767  256.84761  228   57  259.61710  248.90636  4.13%  29.0 2510s
 43820 17198  257.32004  230   60  259.61710  249.44885  3.92%  27.9 2516s
 44651 17825  258.60771  202   56  259.61710  249.56524  3.87%  27.5 2520s
 47050 18376  255.91332  233   50  259.61710  249.82876  3.77%  26.4 2525s
 49459 19050  255.64429  208   38  259.61710  250.05244  3.68%  25.5 2530s
 52035 19664  258.94858  214   54  259.61710  250.29760  3.59%  24.6 2536s
 53879 20063  256.47577  219   69  259.61710  250.45915  3.53%  24.0 2540s
 56317 20584  251.44811  219   59  259.61710  250.65136  3.45%  23.3 2545s
 58121 21140  258.09203  208   54  259.61710  250.82450  3.39%  22.8 2550s
 59170 20792  257.99765  224  133  259.61710  250.87642  3.37%  22.5 2597s
 59173 20794  254.52529  212   69  259.61710  250.87642  3.37%  22.5 2600s
 59175 20795  259.09880  221   81  259.61710  250.87642  3.37%  22.5 2605s
 59183 20801  259.15761  230   80  259.61710  250.87642  3.37%  22.5 2613s
 59185 20802  258.31050  207   93  259.61710  250.87642  3.37%  22.5 2615s
 59189 20805  258.47154  218   87  259.61710  250.87642  3.37%  22.5 2621s
 59190 20805  256.20408  215   81  259.61710  250.87642  3.37%  22.5 2626s
 59194 20808  251.92310  207   98  259.61710  250.87642  3.37%  22.5 2630s
 59195 20809  253.87157  209   78  259.61710  251.88316  2.98%  22.5 2635s
 59201 20813  255.03765  209   44  259.61710  252.04185  2.92%  22.5 2644s
 59202 20813  255.83065  211   56  259.61710  252.09950  2.90%  22.5 2645s
 59208 20817  254.97948  217   70  259.61710  252.29931  2.82%  22.5 2653s
 59211 20819  253.28959  224   78  259.61710  252.31495  2.81%  22.5 2657s
 59212 20820  259.60561  204   61  259.61710  252.40686  2.78%  22.5 2661s
 59216 20823  259.25960  229   78  259.61710  252.47447  2.75%  22.5 2665s
 59218 20824  257.06284  208   74  259.61710  252.52696  2.73%  22.5 2670s
 59221 20826  258.50533  211   57  259.61710  252.53568  2.73%  22.5 2678s
 59224 20828  256.35341  225   75  259.61710  252.56926  2.71%  22.5 2681s
 59225 20829  256.42821  215   98  259.61710  252.58290  2.71%  22.5 2686s
 59229 20831  258.58935  218  114  259.61710  252.61544  2.70%  22.5 2690s
 59230 20832  252.64515  205   94  259.61710  252.64515  2.69%  22.5 2695s
 59234 20835  255.34438  211  100  259.61710  252.67140  2.68%  22.5 2702s
 59237 20837  259.20777  223   95  259.61710  252.68778  2.67%  22.5 2705s
 59238 20837  257.16582  212   83  259.61710  252.70781  2.66%  22.5 2710s
 59242 20840  253.48835  213   76  259.61710  252.80337  2.62%  22.5 2718s
 59245 20842  254.35044  211   81  259.61710  252.85674  2.60%  22.5 2721s
 59246 20843  253.16573  206   77  259.61710  252.89310  2.59%  22.5 2726s
 59247 20843  254.78866  206   75  259.61710  252.90263  2.59%  22.5 2731s
 59249 20845  257.96738  217   82  259.61710  252.92787  2.58%  22.5 2735s
 59251 20846  254.23725  209   82  259.61710  252.98569  2.55%  22.5 2740s
 59254 20848  255.98296  218   71  259.61710  253.01184  2.54%  22.5 2747s
 59256 20849  257.36429  209   83  259.61710  253.03138  2.54%  22.5 2751s
 59257 20850  259.51187  218   88  259.61710  253.04720  2.53%  22.4 2755s
 59263 20854  253.07422  204   84  259.61710  253.07422  2.52%  22.4 2764s
 59264 20855  254.33724  203   85  259.61710  253.08465  2.52%  22.4 2765s
 59266 20856  256.67719  221   80  259.61710  253.08972  2.51%  22.4 2773s
 59267 20857  256.25205  225   86  259.61710  253.08997  2.51%  22.4 2776s
 59268 20857  258.60618  222   84  259.61710  253.09049  2.51%  22.4 2780s
 59271 20859  259.04712  205   85  259.61710  253.09315  2.51%  22.4 2787s
 59273 20861  254.52529  212   83  259.61710  253.09584  2.51%  22.4 2791s
 59274 20861  255.14030  220   77  259.61710  253.10075  2.51%  22.4 2795s
 59279 20865  259.11719  218   82  259.61710  253.10935  2.51%  22.4 2802s
 59281 20866  256.89409  216   82  259.61710  253.11127  2.51%  22.4 2808s
 59282 20867  256.93925  220   84  259.61710  253.11185  2.51%  22.4 2811s
 59283 20867  259.15761  230   84  259.61710  253.11215  2.51%  22.4 2816s
 59285 20869  258.31050  207   82  259.61710  253.11283  2.51%  22.4 2823s
 59286 20869  256.98723  210   82  259.61710  253.11283  2.51%  22.4 2827s
 59287 20870  259.17432  229   84  259.61710  253.11311  2.51%  22.4 2832s
 59289 20871  258.47154  218   85  259.61710  253.11327  2.51%  22.4 2835s
 59290 20872  256.20408  215   85  259.61710  253.11361  2.51%  22.4 2844s
 59291 20873  256.41916  205   85  259.61710  253.11362  2.51%  22.4 2849s
 59293 20874  255.62068  227   87  259.61710  253.11578  2.50%  22.4 2850s
 59297 20877  257.52172  205   85  259.61710  253.12337  2.50%  22.4 2857s
 59299 20878  258.62875  210   85  259.61710  253.12612  2.50%  22.4 2860s
 59301 20879  255.03765  209   85  259.61710  253.12904  2.50%  22.4 2868s
 59302 20880  255.83065  211   84  259.61710  253.12905  2.50%  22.4 2877s
 59303 20881  253.26686  205   83  259.61710  253.12905  2.50%  22.4 2881s
 59304 20881  255.88522  208   84  259.61710  253.12905  2.50%  22.4 2885s
 59306 20883  259.14777  203   84  259.61710  253.12905  2.50%  22.4 2893s
 59307 20883  257.58259  216   81  259.61710  253.15884  2.49%  22.4 2898s
 59310 20885  253.24738  214   84  259.61710  253.16117  2.49%  22.4 2902s
 59311 20886  253.28959  224   81  259.61710  253.18159  2.48%  22.4 2906s
 59313 20887  259.48572  211   82  259.61710  253.18622  2.48%  22.4 2910s
 59314 20888  256.34531  207   82  259.61710  253.18676  2.48%  22.4 2915s
 59316 20889  259.25960  229   82  259.61710  253.19776  2.47%  22.4 2923s
 59317 20890  259.61554  225   85  259.61710  253.19788  2.47%  22.4 2927s
 59318 20891  257.06284  208   83  259.61710  253.20214  2.47%  22.4 2931s
 59319 20891  255.01877  211   84  259.61710  253.20214  2.47%  22.4 2935s
 59320 20892  257.39340  208   82  259.61710  253.20214  2.47%  22.4 2940s
 59322 20893  257.01036  210   83  259.61710  253.20968  2.47%  22.4 2948s
 59323 20894  257.94406  212   84  259.61710  253.20968  2.47%  22.4 2952s
 59324 20895  256.35341  225   83  259.61710  253.20968  2.47%  22.4 2957s
 59325 20895  256.42821  215   84  259.61710  253.20968  2.47%  22.4 2961s
 59326 20896  258.07329  218   82  259.61710  253.20968  2.47%  22.4 2966s
 59327 20897  259.21258  223   83  259.61710  253.20968  2.47%  22.4 2970s
 59328 20897  253.52802  218   81  259.61710  253.20968  2.47%  22.4 2975s
 59330 20899  253.21025  205   82  259.61710  253.21025  2.47%  22.4 2983s
 59331 20899  253.32852  208   83  259.61710  253.21025  2.47%  22.4 2985s
 59332 20900  255.94688  211   83  259.61710  253.21114  2.47%  22.4 2990s
 59334 20901  255.34438  211   81  259.61710  253.21117  2.47%  22.4 2999s
 59335 20902  254.49153  226   83  259.61710  253.21117  2.47%  22.4 3003s
 59336 20903  257.23983  219   84  259.61710  253.21121  2.47%  22.4 3008s
 59337 20903  259.20777  223   83  259.61710  253.21121  2.47%  22.4 3013s
 59338 20904  257.16582  212   83  259.61710  253.21121  2.47%  22.4 3017s
 59340 20905  253.25254  210   84  259.61710  253.21121  2.47%  22.4 3022s
 59341 20906  258.38788  227   83  259.61710  253.21121  2.47%  22.4 3026s
 59343 20907  255.33548  213   83  259.61710  253.21121  2.47%  22.4 3034s
 59344 20908  253.30592  202   84  259.61710  253.21121  2.47%  22.4 3038s
 59349 20916  253.24306  199   76  259.61710  253.24306  2.46%  22.6 3040s
 59481 20974  254.87176  207   44  259.61710  254.16649  2.10%  22.6 3045s
*61052 20109             236     259.6118750  254.61871  1.92%  22.3 3049s
 61135 20080  258.21578  218   41  259.61188  254.62950  1.92%  22.2 3054s
 61234 20112  257.82461  216   39  259.61188  254.87204  1.83%  22.2 3055s
 62561 20219  257.60828  217   31  259.61188  255.16029  1.71%  22.0 3060s
 62874 20189  257.21795  214   29  259.61188  255.21572  1.69%  21.9 3073s
 63331 20173  256.60802  218   51  259.61188  255.26148  1.68%  21.8 3075s
 65203 20128     cutoff  217       259.61188  255.48195  1.59%  21.5 3080s
*66451 19126             226     259.6118690  255.57186  1.56%  21.3 3084s
 66908 19109  259.31669  228    9  259.61187  255.57875  1.55%  21.2 3085s
 68839 18853  259.54940  220   24  259.61187  255.77486  1.48%  20.9 3091s
 70321 18650  257.65932  216   23  259.61187  255.84858  1.45%  20.6 3095s
 72312 18328     cutoff  224       259.61187  256.02877  1.38%  20.3 3101s
 73720 18185  258.63862  217   45  259.61187  256.09538  1.35%  20.1 3107s
 75473 17776  257.12159  226   31  259.61187  256.24911  1.30%  19.9 3111s
 76827 17522     cutoff  223       259.61187  256.35487  1.25%  19.8 3115s
 78232 17361  256.47862  227   35  259.61187  256.45971  1.21%  19.6 3121s
 80033 16918  259.54671  219   57  259.61187  256.54121  1.18%  19.5 3126s
 81070 16807     cutoff  214       259.61187  256.61273  1.16%  19.3 3131s
 83023 16303  257.60071  215   40  259.61187  256.77819  1.09%  19.1 3137s
 84023 15993     cutoff  212       259.61187  256.85666  1.06%  19.1 3140s
 86007 15309  259.02566  220   28  259.61187  256.98879  1.01%  18.9 3147s
 86961 15018  257.34433  218   45  259.61187  257.06602  0.98%  18.8 3150s
 88493 14448  259.01703  215   28  259.61187  257.22718  0.92%  18.7 3156s
 90090 13937     cutoff  223       259.61187  257.36153  0.87%  18.6 3163s
 91185 13550     cutoff  217       259.61187  257.48098  0.82%  18.5 3166s
 92734 13005     cutoff  232       259.61187  257.64371  0.76%  18.4 3173s
 93724 12633     cutoff  221       259.61187  257.75513  0.72%  18.3 3176s
 94620 12284  259.36659  214   42  259.61187  257.87364  0.67%  18.3 3180s
 96662 11347     cutoff  223       259.61187  258.07393  0.59%  18.1 3187s
 97575 11038     cutoff  213       259.61187  258.18584  0.55%  18.1 3190s
 98486 10602  258.66796  219   24  259.61187  258.32295  0.50%  18.0 3196s
 100089 10211  259.20663  215   25  259.61187  258.54022  0.41%  18.0 3201s
 101407  9782  258.92472  208   45  259.61187  258.65591  0.37%  18.0 3205s
 102658  9372  259.23601  222   66  259.61187  258.72956  0.34%  18.0 3210s
 104241  8823  258.84449  216   31  259.61187  258.77918  0.32%  18.1 3216s
 105151  8462  259.11856  222   26  259.61187  258.83745  0.30%  18.1 3220s
 107160  7679     cutoff  212       259.61187  258.89798  0.27%  18.1 3226s
 107977  7258  259.40642  220   14  259.61187  258.93781  0.26%  18.1 3230s
 109887  6290     cutoff  218       259.61187  259.00225  0.23%  18.1 3237s
 111000  5705  259.41398  219   10  259.61187  259.03425  0.22%  18.1 3240s
 113249  4446     cutoff  213       259.61187  259.09669  0.20%  18.1 3248s
 114310  3769  259.38682  217   31  259.61187  259.12990  0.19%  18.1 3252s
 115274  3110  259.58579  222   52  259.61187  259.13900  0.18%  18.1 3255s
 117336  1954  259.29747  223   38  259.61187  259.24710  0.14%  18.1 3261s
 118343  1359     cutoff  221       259.61187  259.29362  0.12%  18.1 3265s
 120536     5     cutoff  223       259.61187  259.43722  0.07%  18.0 3272s

Cutting planes:
  Gomory: 12
  Implied bound: 4
  Projected implied bound: 1
  MIR: 38
  StrongCG: 1
  Flow cover: 86
  Zero half: 6
  RLT: 2
  Relax-and-lift: 18

Explored 121612 nodes (2789633 simplex iterations) in 3274.47 seconds (2970.30 work units)
Thread count was 16 (of 16 available processors)

Solution count 10: 259.612 259.612 259.617 ... 333.45

Optimal solution found (tolerance 1.00e-04)
Best objective 2.596118690481e+02, best bound 2.596104494524e+02, gap 0.0005%

User-callback calls 580187, time in user-callback 2.81 sec
