
Gurobi 10.0.1 (win64) logging started Sat Sep 20 12:04:45 2025

Set parameter LogFile to value "log_group_6/bound_Expr43_s8_l1051_s11_e12_o60_d120_t7200_s43_0_0_0_0.log"
Gurobi Optimizer version 10.0.1 build v10.0.1rc0 (win64)

CPU model: Intel(R) Core(TM) i7-10700 CPU @ 2.90GHz, instruction set [SSE2|AVX|AVX2]
Thread count: 8 physical cores, 16 logical processors, using up to 16 threads

Optimize a model with 1513432 rows, 1512580 columns and 12091984 nonzeros
Model fingerprint: 0xe57b21b7
Variable types: 580 continuous, 1512000 integer (1512000 binary)
Coefficient statistics:
  Matrix range     [1e+00, 9e+02]
  Objective range  [1e+00, 1e+00]
  Bounds range     [1e+00, 1e+03]
  RHS range        [1e+00, 9e+02]
Presolve removed 1487380 rows and 1487320 columns (presolve time = 5s) ...
Presolve removed 1487380 rows and 1486928 columns
Presolve time: 6.51s
Presolved: 26052 rows, 25652 columns, 150768 nonzeros
Variable types: 460 continuous, 25192 integer (25192 binary)
Found heuristic solution: objective 11151.628967
Found heuristic solution: objective 1707.9084333
Deterministic concurrent LP optimizer: primal and dual simplex
Showing first log only...


Root simplex log...

Iteration    Objective       Primal Inf.    Dual Inf.      Time
       0   -4.1299000e+04   1.147044e+04   3.628470e+08      8s
    2250    4.5101000e+04   0.000000e+00   8.640000e+02      8s
    2685    0.0000000e+00   0.000000e+00   0.000000e+00      8s
Concurrent spin time: 0.13s

Solved with primal simplex

Root relaxation: objective 0.000000e+00, 2685 iterations, 0.49 seconds (0.69 work units)

    Nodes    |    Current Node    |     Objective Bounds      |     Work
 Expl Unexpl |  Obj  Depth IntInf | Incumbent    BestBd   Gap | It/Node Time

     0     0    0.00000    0  190 1707.90843    0.00000   100%     -    9s
H    0     0                    1407.3059441    0.00000   100%     -   11s
H    0     0                    1295.3585000    0.00000   100%     -   11s
     0     0    0.00000    0  215 1295.35850    0.00000   100%     -   12s
H    0     0                     616.2512667    0.00000   100%     -   15s
H    0     0                     602.6289333    0.00000   100%     -   15s
     0     0    0.00000    0  218  602.62893    0.00000   100%     -   15s
H    0     0                     536.0420000    0.00000   100%     -   22s
H    0     0                     418.8082333    0.00000   100%     -   22s
H    0     0                     390.3241333    0.00000   100%     -   22s
     0     0    0.00000    0  178  390.32413    0.00000   100%     -   26s
H    0     0                     387.6706000    0.00000   100%     -   27s
H    0     0                     384.1912667    0.00000   100%     -   27s
     0     0    0.00000    0  182  384.19127    0.00000   100%     -   29s
H    0     0                     382.5733333    0.00000   100%     -   35s
H    0     0                     381.5805333    0.00000   100%     -   35s
     0     0    0.00000    0  184  381.58053    0.00000   100%     -   36s
H    0     0                     379.1724000    0.00000   100%     -   37s
     0     0    0.00000    0  179  379.17240    0.00000   100%     -   37s
     0     0    0.00000    0  187  379.17240    0.00000   100%     -   43s
     0     0    0.00000    0  188  379.17240    0.00000   100%     -   43s
H    0     0                     376.5835991    0.00000   100%     -   51s
     0     0    0.00000    0  190  376.58360    0.00000   100%     -   52s
     0     0    0.00000    0  190  376.58360    0.00000   100%     -   55s
H    0     0                     376.1558000    0.00000   100%     -   61s
     0     2    0.00000    0  184  376.15580    0.00000   100%     -   63s
     7     9    0.00000    3  172  376.15580    0.00000   100%   960   65s
H   29    20                     373.2295997    0.00000   100%   383   72s
    63    35    0.00000   11  182  373.22960    0.00000   100%   324   77s
H   67    35                     373.2295991    0.00000   100%   322   77s
   102    48    0.00000   17  193  373.22960    0.00000   100%   242   80s
   213    93    0.00000   35  193  373.22960    0.00000   100%   152   85s
H  247    98                     373.2295990    0.00000   100%   137   86s
   345   193    0.00000   56  196  373.22960    0.00000   100%   109   90s
   639   353    0.00000  111  195  373.22960    0.00000   100%  68.2   97s
   827   468    0.00000  136  194  373.22960    0.00000   100%  55.1  102s
H  974   468                     373.2295980    0.00000   100%  47.2  102s
  1077   557    0.00000  172  197  373.22960    0.00000   100%  44.6  105s
  1339   654    0.00000  194  199  373.22960    0.00000   100%  41.3  110s
H 1534   702                     373.2295971    0.00000   100%  38.1  113s
  1590   853    0.00000  206  197  373.22960    0.00000   100%  37.6  116s
  1893   858    0.00000  221  193  373.22960    0.00000   100%  32.6  120s
H 1896   858                     373.2295925    0.00000   100%  32.5  120s
  1901  1135    0.00000  222  193  373.22959    0.00000   100%  32.4  127s
  2356  1541    0.00000  272  198  373.22959    0.00000   100%  27.0  132s
H 2955  2120                     373.2295899    0.00000   100%  22.8  137s
  3627  2629    0.00000  392  202  373.22959    0.00000   100%  19.6  142s
  4257  3437    0.00000  466  199  373.22959    0.00000   100%  17.5  148s
  5295  4283    0.00000  553  205  373.22959    0.00000   100%  14.9  155s
  6436  5156    0.00000  624  205  373.22959    0.00000   100%  12.9  162s
H 6773  5156                     373.2295890    0.00000   100%  12.4  162s
  7445  5157    0.00000   72  190  373.22959    0.00000   100%  12.2  307s
H 7446  4900                     373.2295881    0.00000   100%  12.2  339s
  7447  4900    0.00000   88  178  373.22959    0.00000   100%  12.2  340s
H 7447  4655                     373.2295870    0.00000   100%  12.2  360s
  7448  4656  362.86777 1036  182  373.22959    0.00000   100%  12.2  395s
  7449  4657  225.47693  539  195  373.22959    0.00000   100%  12.2  407s
H 7449  4424                     373.2295864    0.00000   100%  12.2  425s
  7451  4425  225.47693 1243  188  373.22959    0.00000   100%  12.2  440s
  7452  4426  322.27250 1574  181  373.22959    0.00000   100%  12.2  475s
  7453  4426  233.41237  692  172  373.22959    0.00000   100%  12.2  490s
  7454  4427  224.66880  120  178  373.22959    0.00000   100%  12.2  534s
  7455  4428  354.97030  897  175  373.22959    0.00000   100%  12.2  550s
  7456  4428  225.47693 1771  181  373.22959    0.00000   100%  12.2  588s
  7457  4429  225.47693 1602  181  373.22959    0.00000   100%  12.2  596s
  7458  4430  231.21427  966  181  373.22959    0.00000   100%  12.2  634s
  7459  4433    0.00000   14  166  373.22959    0.00000   100%  20.3  654s
  7461  4437    0.00000   15  166  373.22959    0.00000   100%  20.4  692s
  7465  4441    0.00000   16  165  373.22959    0.00000   100%  20.7  714s
  7473  4446    0.00000   17  166  373.22959    0.00000   100%  21.2  716s
  7481  4450    0.00000   18  167  373.22959    0.00000   100%  21.2  761s
  7489  4454  100.08747   18  164  373.22959    0.00000   100%  21.7  829s
H 7492  4231                     373.2292864    0.00000   100%  21.7  829s
  7497  4236    0.00000   19  173  373.22929    0.00000   100%  21.9  872s
  7505  4246   96.27543   19  176  373.22929    0.00000   100%  22.5  884s
  7521  4253  152.07507   20  173  373.22929    0.00000   100%  22.5  889s
  7537  4260  130.30540   21  173  373.22929    0.00000   100%  22.5  932s
  7552  4272    9.03720   22  170  373.22929    0.00000   100%  22.9  942s
  7572  4283    0.00000   24  185  373.22929    0.00000   100%  22.9  945s
  7628  4285   49.94960   27  184  373.22929    0.00000   100%  22.9  951s
  7648  4296    0.00000   29  190  373.22929    0.00000   100%  22.9  964s
  7672  4320    0.00000   30  192  373.22929    0.00000   100%  23.2  968s
  7717  4334    0.00000   33  195  373.22929    0.00000   100%  23.2  971s
  7764  4343    0.00000   36  195  373.22929    0.00000   100%  23.2  975s
  7845  4366    0.00000   41  196  373.22929    0.00000   100%  23.4  986s
  7865  4401    0.00000   42  196  373.22929    0.00000   100%  23.6 1020s
  7922  4408    0.00000   45  197  373.22929    0.00000   100%  23.6 1063s
  7951  4448    0.00000   46  196  373.22929    0.00000   100%  23.9 1069s
  8037  4453  220.97233   50  195  373.22929    0.00000   100%  23.9 1075s
  8104  4490    0.00000   54  197  373.22929    0.00000   100%  23.8 1082s
  8200  4485    0.00000   60  195  373.22929    0.00000   100%  23.9 1092s
  8234  4554    0.00000   62  197  373.22929    0.00000   100%  24.1 1099s
  8340  4582    0.00000   68  196  373.22929    0.00000   100%  24.1 1105s
  8426  4624    0.00000   73  197  373.22929    0.00000   100%  24.3 1112s
  8524  4604    0.00000   80  195  373.22929    0.00000   100%  24.3 1126s
  8540  4678  198.79450   81  193  373.22929    0.00000   100%  24.4 1134s
  8663  4651    0.00000   87  194  373.22929    0.00000   100%  24.4 1145s
  8686  4712  187.41350   88  197  373.22929    0.00000   100%  24.4 1153s
  8801  4696  129.11813   93  197  373.22929    0.00000   100%  24.5 1159s
  8835  4805    7.48131   96  199  373.22929    0.00000   100%  24.6 1194s
  8986  4801    0.00000  104  197  373.22929    0.00000   100%  24.6 1206s
  9038  4948    0.00000  105  196  373.22929    0.00000   100%  24.5 1216s
  9224  4947  224.05323  110  201  373.22929    0.00000   100%  24.4 1226s
  9292  5101    0.00000  113  197  373.22929    0.00000   100%  24.4 1237s
  9494  5219  224.05323  120  202  373.22929    0.00000   100%  24.5 1248s
  9717  5236  187.41350  127  205  373.22929    0.00000   100%  24.4 1257s
  9815  5399  187.41350  130  204  373.22929    0.00000   100%  24.4 1269s
 10059  5394  187.41350  136  204  373.22929    0.00000   100%  24.3 1284s
 10137  5597  187.41350  139  204  373.22929    0.00000   100%  24.3 1298s
 10394  5632  187.41350  148  201  373.22929    0.00000   100%  24.2 1309s
 10561  5633  213.30697  156  200  373.22929    0.00000   100%  24.3 1324s
 10622  5799    0.00000  159  197  373.22929    0.00000   100%  24.4 1338s
 10865  5724    0.00000  166  197  373.22929    0.00000   100%  24.4 1380s
 10873  5780  213.30697  166  201  373.22929    0.00000   100%  24.4 1390s
 10951  5837    0.00000  170  197  373.22929    0.00000   100%  24.4 1412s
 11048  6015  213.30697  173  203  373.22929    0.00000   100%  24.4 1426s
 11337  6011   96.18093  186  198  373.22929    0.00000   100%  24.4 1439s
 11475  6276    0.00000  198  200  373.22929    0.00000   100%  24.6 1457s
 11829  6222    0.00000  224  194  373.22929    0.00000   100%  24.4 1482s
 11901  6375    0.00000  228  197  373.22929    0.00000   100%  24.7 1499s
 12135  6555    0.00000  236  197  373.22929    0.00000   100%  25.2 1517s
 12476  6736  223.58713  245  202  373.22929    0.00000   100%  25.2 1537s
 12815  6688    0.00000  265  208  373.22929    0.00000   100%  25.4 1557s
 12888  7047    0.00000  269  204  373.22929    0.00000   100%  25.5 1582s
 13320  7425  226.04540  297  205  373.22929    0.00000   100%  25.6 1606s
 13909  7392    0.00000  314  207  373.22929    0.00000   100%  25.3 1629s
 14078  7897    0.00000  319  207  373.22929    0.00000   100%  25.3 1653s
 14687  8098  223.58713  333  194  373.22929    0.00000   100%  25.1 1887s
 15190  8122    0.00000  365  204  373.22929    0.00000   100%  25.9 1932s
 15389  9245  142.04697  381  196  373.22929    0.00000   100%  26.3 1977s
 16745  9426    0.00000  451  207  373.22929    0.00000   100%  26.3 2001s
 17405  9282   76.37023  540  201  373.22929    0.00000   100%  25.8 2052s
 17501  9348   76.37023  546  203  373.22929    0.00000   100%  25.7 2093s
 17601  9721    0.00000  556  206  373.22929    0.00000   100%  25.6 2116s
 18032 10251    0.00000  651  212  373.22929    0.00000   100%  25.3 2145s
 18766 10528  121.09640  761  205  373.22929    0.00000   100%  25.1 2169s
 19370 10411    0.00000  827  213  373.22929    0.00000   100%  25.1 2205s
 19458 10931  153.32063  837  213  373.22929    0.00000   100%  25.3 2229s
 20099 11059    6.94530  878  209  373.22929    0.00000   100%  25.3 2253s
 20522 11104  204.21430  895  207  373.22929    0.00000   100%  25.5 2286s
 20574 11800    6.94530  900  211  373.22929    0.00000   100%  25.7 2310s
 21321 11890  157.85733  911  207  373.22929    0.00000   100%  25.7 2343s
 21421 12727    6.94530  921  211  373.22929    0.00000   100%  25.8 2366s
 22385 14144  238.73927  936  203  373.22929    0.00000   100%  25.8 2405s
 23910 14974    6.94530 1050  209  373.22929    0.00000   100%  25.0 2434s
 24785 15216   88.59643 1165  202  373.22929    0.00000   100%  24.4 2455s
 25031 16130    6.94530 1208  206  373.22929    0.00000   100%  24.4 2490s
 25989 16685    6.94530 1304  204  373.22929    0.00000   100%  24.2 2522s
 26666 17273  126.33687 1367  203  373.22929    0.00000   100%  24.4 2566s
 27322 17953  107.03277 1450  205  373.22929    0.00000   100%  24.4 2606s
 28013 18146    6.94530 1497  206  373.22929    0.00000   100%  24.0 2662s
 28221 18535    6.94530 1510  205  373.22929    0.00000   100%  24.3 2688s
 28636 19964    6.94530 1562  205  373.22929    0.00000   100%  24.5 2733s
 30132 23011    6.94530 1670  204  373.22929    0.00000   100%  24.4 3481s
 33266 23114    6.94530 1962  202  373.22929    0.00000   100%  23.6 3526s
 33371 23424    6.94530 1969  204  373.22929    0.00000   100%  23.6 3545s
 33720 24562  232.42223 1999  202  373.22929    0.00000   100%  23.8 3573s
 34903 24913   76.56617 2079  199  373.22929    0.00000   100%  23.5 3595s
 35287 25218    6.94530 2172  196  373.22929    0.00000   100%  23.6 3617s
 35644 25322    6.94530 2224  205  373.22929    0.00000   100%  23.7 3632s
 35757 26072   59.03143 2236  204  373.22929    0.00000   100%  23.8 3662s
 36533 27566   56.07360 2304  204  373.22929    0.00000   100%  23.5 3696s
 38033 28523   59.08430 2384  206  373.22929    0.00000   100%  23.0 3719s
 39002 29005   15.94987 2451  210  373.22929    0.00000   100%  22.8 3735s
 39492 29523    6.94530 2491  215  373.22929    0.00000   100%  22.7 3760s
 40016 29880  137.25070 2573  211  373.22929    0.00000   100%  22.7 3780s
 40379 30733   56.89490 2626  213  373.22929    0.00000   100%  22.6 3805s
 41248 30903    6.94530 2715  210  373.22929    0.00000   100%  22.6 3837s
 41423 31522    6.94530 2739  210  373.22929    0.00000   100%  22.6 3857s
 42057 32419    6.94530 2778  210  373.22929    0.00000   100%  22.5 3887s
 42994 32426    6.94530 2874  210  373.22929    0.00000   100%  22.4 3925s
 43002 32545   55.97603 2874  207  373.22929    0.00000   100%  22.4 3961s
 43127 33184    6.94530 2884  210  373.22929    0.00000   100%  22.5 3992s
 43773 34825   83.19263 2951  206  373.22929    0.00000   100%  22.4 4028s
 45448 36537    6.94530 3043  209  373.22929    0.00000   100%  22.0 4259s
 47175 37567    6.94530 3159  210  373.22929    0.00000   100%  21.6 4298s
 48236 38804    6.94530 3277  211  373.22929    0.00000   100%  21.4 4335s
 49506 39315    6.94530 3365  211  373.22929    0.00000   100%  21.2 4361s
 50037 40100    6.94530 3414  211  373.22929    0.00000   100%  21.3 4386s
 50842 40366    6.94530 3489  214  373.22929    0.00000   100%  21.3 4407s
 51109 41184  239.80487 3506  209  373.22929    0.00000   100%  21.4 4439s
 51938 42402  221.17507 3540  207  373.22929    0.00000   100%  21.5 4473s
 53166 42913   13.34620 3617  212  373.22929    0.00000   100%  21.2 4499s
 53695 43304  100.22660 3687  210  373.22929    0.00000   100%  21.3 4520s
 54091 44201  159.98387 3736  210  373.22929    0.00000   100%  21.4 4551s
 55010 45253    6.94530 3806  214  373.22929    0.00000   100%  21.4 4579s
 56083 45262    6.94530 3884  214  373.22929    0.00000   100%  21.3 4618s
 56092 45408   15.57073 3884  208  373.22929    0.00000   100%  21.3 4651s
 56249 45872    6.94530 3895  215  373.22929    0.00000   100%  21.3 4672s
 56763 46748    6.94530 3924  216  373.22929    0.00000   100%  21.3 4705s
 57703 46949   85.23250 4029  212  373.22929    0.00000   100%  21.3 4733s
 57940 47450    6.94530 4038  216  373.22929    0.00000   100%  21.3 4798s
 58456 47613  117.58003 4071  212  373.22929    0.00000   100%  21.3 4817s
 58633 48952  117.58003 4077  212  373.22929    0.00000   100%  21.3 4851s
 60096 50436    6.94530 4194  216  373.22929    0.00000   100%  21.2 5088s
 61750 51181  160.26593 4419  212  373.22929    0.00000   100%  21.3 5115s
 62523 52698    6.94530 4477  216  373.22929    0.00000   100%  21.2 5150s
 64087 54077  168.44157 4570  212  373.22929    0.00000   100%  20.9 5183s
 65547 54734  169.40390 4643  211  373.22929    0.00000   100%  20.8 5201s
 66278 55000    6.94530 4682  217  373.22929    0.00000   100%  20.8 5217s
 66567 55054   81.06360 4708  213  373.22929    0.00000   100%  20.8 5253s
 66628 55883   81.06360 4711  213  373.22929    0.00000   100%  20.8 5282s
 67525 56326    6.94530 4803  218  373.22929    0.00000   100%  20.6 5299s
 67982 57438  126.00703 4815  212  373.22929    0.00000   100%  20.5 5329s
 69184 58524  227.79653 4884  213  373.22929    0.00000   100%  20.4 5356s
 70374 59267    6.94530 4944  217  373.22929    0.00000   100%  20.4 5380s
 71212 59499    6.94530 5033  218  373.22929    0.00000   100%  20.6 5392s
 71469 60402    6.94530 5039  218  373.22929    0.00000   100%  20.6 5420s
 72463 60813  231.19033 5114  214  373.22929    0.00000   100%  20.4 5439s
 72984 61264    6.94530 5159  218  373.22929    0.00000   100%  20.6 5461s
 73547 62304    6.94530 5196  219  373.22929    0.00000   100%  20.7 5483s
 74661 64662    6.94530 5252  219  373.22929    0.00000   100%  20.6 5710s
 77097 65561    7.31334 5338  215  373.22929    0.00000   100%  20.5 5729s
 78036 66327    7.31334 5380  216  373.22929    0.00000   100%  20.5 5745s
 78806 68306   45.91700 5384  210  373.22929    0.00000   100%  20.3 5772s
 80803 69608    7.65679 5430  213  373.22929    0.00000   100%  20.0 5791s
 82110 70919   82.28540 5451  210  373.22929    0.00000   100%  19.7 5810s
 83437 71248  127.32110 5477  206  373.22929    0.00000   100%  19.6 5822s
 83779 71733    9.04516 5484  212  373.22929    0.00000   100%  19.5 5838s
 84277 72182  229.30043 5502  208  373.22929    0.00000   100%  19.6 5853s
 84772 72549    9.04516 5516  212  373.22929    0.00000   100%  19.6 5866s
 85154 72637    9.06301 5532  211  373.22929    0.00000   100%  19.6 5874s
 85254 72847  135.59733 5537  205  373.22929    0.00000   100%  19.6 5883s
 85478 73431  100.02930 5547  202  373.22929    0.00000   100%  19.7 5902s
 86101 74779   15.61733 5572  208  373.22929    0.00000   100%  19.7 5923s
 87471 75876   19.14030 5608  209  373.22929    0.00000   100%  19.6 5942s
 88591 77261   19.19158 5632  211  373.22929    0.00000   100%  19.5 5964s
 90104 79633  149.76139 5670  205  373.22929    0.00000   100%  19.3 6195s
 92551 79640   19.19349 5798  209  373.22929    0.00000   100%  19.0 6240s
 92559 79721 infeasible 5798       373.22929    0.00000   100%  19.0 6250s
 92665 80079  232.55385 5808  205  373.22929    0.00000   100%  19.0 6265s
 93036 81311   19.19349 5839  209  373.22929    0.00000   100%  19.0 6289s
 94284 82067   76.29552 5887  199  373.22929    0.00000   100%  18.9 6311s
 95053 82435  103.74655 5946  202  373.22929    0.00000   100%  18.9 6328s
 95444 84182   19.19349 5967  207  373.22929    0.00000   100%  18.8 6361s
 97208 85221   19.19349 6026  207  373.22929    0.00000   100%  18.6 6384s
 98280 85851  216.64009 6051  203  373.22929    0.00000   100%  18.6 6404s
 98941 86033   19.19390 6097  206  373.22929    0.00000   100%  18.6 6414s
 99128 87072   19.23857 6127  208  373.22929    0.00000   100%  18.6 6437s
 100240 88220   19.23857 6187  208  373.22929    0.00000   100%  18.5 6456s
 101449 89326   85.54457 6221  204  373.22929    0.00000   100%  18.3 6478s
 102626 89711   19.23857 6276  208  373.22929    0.00000   100%  18.2 6493s
 103079 90121   19.23857 6319  208  373.22929    0.00000   100%  18.3 6509s
 103580 90380   19.23857 6354  208  373.22929    0.00000   100%  18.3 6523s
 103893 90825   19.23857 6385  208  373.22929    0.00000   100%  18.3 6540s
 104355 91209   24.81170 6431  204  373.22929    0.00000   100%  18.4 6556s
 104748 93148   59.93270 6469  201  373.22929    0.00000   100%  18.4 6789s
 106838 94218   19.23857 6574  205  373.22929    0.00000   100%  18.3 6809s
 107967 95877  158.40980 6611  203  373.22929    0.00000   100%  18.2 6834s
 109706 96224   19.36835 6654  209  373.22929    0.00000   100%  18.1 6843s
 110053 97149  172.17887 6658  202  373.22929    0.00000   100%  18.1 6863s
 111016 98342   19.79466 6675  207  373.22929    0.00000   100%  18.1 6884s
 112228 99983   26.05813 6691  204  373.22929    0.00000   100%  18.0 6907s
 113876 100460   26.05813 6732  204  373.22929    0.00000   100%  17.8 6917s
 114365 101899   33.36537 6732  202  373.22929    0.00000   100%  17.8 6940s
 115892 103077   26.12269 6762  211  373.22929    0.00000   100%  17.7 6959s
 117097 103346   66.75227 6783  199  373.22929    0.00000   100%  17.6 6969s
 117367 104041   26.17353 6791  207  373.22929    0.00000   100%  17.6 6987s
 118101 105237   26.18258 6803  207  373.22929    0.00000   100%  17.6 7003s
 119336 106022   26.18258 6816  207  373.22929    0.00000   100%  17.5 7200s

Cutting planes:
  Gomory: 91
  Implied bound: 265
  Projected implied bound: 671
  MIR: 87
  Flow cover: 469
  RLT: 4
  Relax-and-lift: 4357

Explored 120274 nodes (2160941 simplex iterations) in 7202.12 seconds (8098.44 work units)
Thread count was 16 (of 16 available processors)

Solution count 10: 373.229 373.23 373.23 ... 373.23

Time limit reached
Best objective 3.732292863712e+02, best bound 0.000000000000e+00, gap 100.0000%

User-callback calls 764832, time in user-callback 5.53 sec
