
Gurobi 10.0.1 (win64) logging started Sun Sep 21 07:21:04 2025

Set parameter LogFile to value "log_group_6/bound_Expr214_s7_l1051_s11_e12_o40_d80_t7200_s34_1_1_1_0.log"
Gurobi Optimizer version 10.0.1 build v10.0.1rc0 (win64)

CPU model: Intel(R) Core(TM) i7-10700 CPU @ 2.90GHz, instruction set [SSE2|AVX|AVX2]
Thread count: 8 physical cores, 16 logical processors, using up to 16 threads

Optimize a model with 686897 rows, 672470 columns and 8930826 nonzeros
Model fingerprint: 0x85ae9b1d
Variable types: 470 continuous, 672000 integer (672000 binary)
Coefficient statistics:
  Matrix range     [1e+00, 8e+02]
  Objective range  [1e+00, 1e+00]
  Bounds range     [1e+00, 1e+03]
  RHS range        [1e+00, 8e+02]
Presolve removed 678126 rows and 664189 columns
Presolve time: 4.51s
Presolved: 8771 rows, 8281 columns, 61685 nonzeros
Variable types: 281 continuous, 8000 integer (7996 binary)

Root simplex log...

Iteration    Objective       Primal Inf.    Dual Inf.      Time
       0    5.0492900e+01   9.640000e+02   0.000000e+00      6s
    4721    5.0492900e+01   0.000000e+00   0.000000e+00      6s

Root relaxation: objective 5.049290e+01, 4721 iterations, 0.45 seconds (0.85 work units)

    Nodes    |    Current Node    |     Objective Bounds      |     Work
 Expl Unexpl |  Obj  Depth IntInf | Incumbent    BestBd   Gap | It/Node Time

     0     0   50.49290    0  136          -   50.49290      -     -    7s
H    0     0                    1921.0190667   50.49290  97.4%     -    7s
     0     0   50.49290    0  366 1921.01907   50.49290  97.4%     -    8s
H    0     0                    1032.2945667   50.49290  95.1%     -    8s
H    0     0                    1004.5149000   50.49290  95.0%     -    9s
     0     0   50.49290    0  357 1004.51490   50.49290  95.0%     -    9s
H    0     0                     870.9246333   50.49290  94.2%     -   11s
     0     0   50.49290    0  120  870.92463   50.49290  94.2%     -   12s
H    0     0                     815.1643667   50.49290  93.8%     -   12s
H    0     0                     791.6592333   50.49290  93.6%     -   14s
     0     0   50.49290    0  171  791.65923   50.49290  93.6%     -   14s
H    0     0                     574.7761667   50.49290  91.2%     -   14s
H    0     0                     529.9734000   50.49290  90.5%     -   15s
     0     0   50.49290    0  122  529.97340   50.49290  90.5%     -   16s
H    0     0                     448.6123333   50.49290  88.7%     -   17s
H    0     0                     385.8699333   50.49290  86.9%     -   18s
H    0     0                     373.1382000   50.49290  86.5%     -   18s
H    0     0                     349.0754333   50.49290  85.5%     -   18s
H    0     0                     348.9881333   50.49290  85.5%     -   18s
     0     0   50.49290    0  128  348.98813   50.49290  85.5%     -   18s
H    0     0                     330.4753000   50.49290  84.7%     -   21s
     0     0   50.49290    0  119  330.47530   50.49290  84.7%     -   22s
H    0     0                     323.8573000   50.49290  84.4%     -   22s
     0     0   50.49290    0  119  323.85730   50.49290  84.4%     -   22s
H    0     0                     321.0361000   50.49290  84.3%     -   23s
H    0     0                     300.1830333   50.49290  83.2%     -   24s
H    0     2                     293.1783333   50.49290  82.8%     -   25s
     0     2   50.49290    0  119  293.17833   50.49290  82.8%     -   25s
H   31    40                     279.9072000   50.49290  82.0%   431   28s
H   33    40                     279.8820000   50.49290  82.0%   410   28s
H   34    40                     277.5597000   50.49290  81.8%   401   28s
H   64    73                     264.9426667   50.49290  80.9%   291   31s
H   66    73                     261.4632000   50.49290  80.7%   286   31s
H   70    73                     257.5730333   50.49290  80.4%   275   31s
   132   150   50.49290   19  208  257.57303   50.49290  80.4%   207   35s
   432   441   50.49290   45  198  257.57303   50.49290  80.4%   103   40s
H  433   441                     257.3414333   50.49290  80.4%   102   40s
   928  1085   50.49290   74  186  257.34143   50.49290  80.4%  73.8   45s
  1964  2047   50.49290  125  198  257.34143   50.49290  80.4%  68.7   50s
H 2388  2382                     254.3699667   50.49290  80.1%  74.8   56s
H 2398  2382                     254.3269000   50.49290  80.1%  75.3   56s
  2602  2719   50.49290  146  115  254.32690   50.49290  80.1%  76.9   60s
  2949  3007   50.49290  175  117  254.32690   50.49290  80.1%  92.2   65s
  3586  3776   50.49290  213  118  254.32690   50.49290  80.1%  93.7   72s
  3868  4039   50.49290  232  117  254.32690   50.49290  80.1%  92.7   75s
  4221  4391   77.92991  253  446  254.32690   50.49290  80.1%   106   81s
  4658  4392   95.60467  438  119  254.32690   50.49290  80.1%   101   88s
  4660  4393  130.91397  448  107  254.32690   50.49290  80.1%   101   91s
  4662  4395  149.20597  105  448  254.32690   88.58085  65.2%   101   95s
  4667  4398  178.64943  236  500  254.32690  163.69211  35.6%   101  100s
  4673  4402  192.01881  235  498  254.32690  192.01881  24.5%   101  106s
  4678  4405  217.23606  318  499  254.32690  198.33677  22.0%   101  110s
  4682  4408  206.86996   93  447  254.32690  206.86996  18.7%   101  115s
  4690  4413  214.27751  270  496  254.32690  214.27751  15.7%   101  120s
  4695  4417  217.19423   72  405  254.32690  217.19423  14.6%   100  127s
  4699  4419  224.50604  103  463  254.32690  224.50604  11.7%   100  131s
  4702  4421  230.08439   92  482  254.32690  230.08439  9.53%   100  135s
  4709  4427  233.97299  372  119  254.32690  233.97299  8.00%   110  143s
  4711  4428  233.97299  268  211  254.32690  233.97299  8.00%   110  146s
  4715  4432  233.97299  230  119  254.32690  233.97299  8.00%   114  151s
  4718  4434  233.97299   56  298  254.32690  233.97299  8.00%   114  155s
  4726  4439  235.27554   91  246  254.32690  235.27554  7.49%   114  160s
  4737  4448  235.29568   22  243  254.32690  235.29568  7.48%   119  165s
  4743  4452  235.32368  349  266  254.32690  235.32368  7.47%   119  170s
  4930  4520  235.79644   84  163  254.32690  235.79644  7.29%  26.0  175s
  5608  4678  237.87193  121  116  254.32690  235.79644  7.29%  26.9  180s
  7641  5393  244.40063  102   97  254.32690  235.79644  7.29%  28.4  185s
 10855  6329  247.33033  167   83  254.32690  235.79644  7.29%  27.8  190s
 13401  6940  241.25546  131   93  254.32690  236.14570  7.15%  27.6  195s
 14947  7437  240.65554  117  119  254.32690  236.31719  7.08%  26.9  204s
 14949  7438  242.52133  232  174  254.32690  236.31719  7.08%  26.9  205s
 14954  7442  244.74250  129  233  254.32690  236.31719  7.08%  26.9  210s
 14961  7446  240.79135   95  168  254.32690  236.31719  7.08%  26.9  215s
 14968  7451  249.64954  159  324  254.32690  236.48768  7.01%  26.9  220s
 14974  7455  237.60097   88  297  254.32690  236.66244  6.95%  26.9  226s
 14978  7458  247.38489   95  328  254.32690  236.67550  6.94%  26.9  230s
 14985  7462  247.44822  153  229  254.32690  237.17477  6.74%  26.9  235s
 14992  7467  239.13440  159  328  254.32690  238.91323  6.06%  26.9  241s
 14998  7471  249.32357  104  338  254.32690  239.97250  5.64%  26.8  246s
 15006  7476  240.48685  101  237  254.32690  240.48685  5.44%  26.8  250s
 15013  7481  248.97646  297  234  254.32690  240.49551  5.44%  26.8  255s
 15020  7486  253.24203  241  191  254.32690  240.50918  5.43%  26.8  260s
 15026  7490  240.51630  119  221  254.32690  240.51630  5.43%  26.8  265s
 15034  7495  248.73612  176  232  254.32690  240.52146  5.43%  26.8  270s
 15043  7501  242.21412  159   70  254.32690  240.53603  5.42%  26.8  275s
 15049  7505  242.52133  232   55  254.32690  240.53603  5.42%  26.8  280s
 15058  7513  246.39047  118  167  254.32690  240.55295  5.42%  35.9  285s
 15068  7519  249.64954  159  101  254.32690  240.55295  5.42%  35.9  290s
 15079  7528  251.16640  109  119  254.32690  240.58961  5.40%  37.8  295s
 15093  7537  245.03861   92   58  254.32690  242.45266  4.67%  37.8  300s
 15113  7551  248.97646  297   50  254.32690  242.96114  4.47%  37.8  305s
 15131  7564  252.85333  187   59  254.32690  243.43896  4.28%  39.3  310s
 15156  7580  249.29957  113   62  254.32690  244.34692  3.92%  39.2  315s
 15178  7595  247.38489   95  114  254.32690  245.10294  3.63%  39.2  320s
 15201  7611  245.67673  104   48  254.32690  245.20123  3.59%  41.2  325s
 16337  7814  249.77153  146   22  254.32690  246.30318  3.15%  41.3  330s
 22063  9076  249.71349  155   40  254.32690  247.43616  2.71%  37.4  335s
 29851  9474  254.32155  147  119  254.32690  247.96235  2.50%  33.1  341s
 29874  9489  250.59591  158   51  254.32690  247.96235  2.50%  33.1  345s
 31478  9964  253.66260  201   17  254.32690  247.96235  2.50%  33.3  350s
 38513 11450     cutoff  172       254.32690  249.04026  2.08%  32.3  355s
 44870 12298  254.02688  171   37  254.32690  249.08172  2.06%  31.5  360s
 52086 12651     cutoff  173       254.32690  249.11784  2.05%  30.6  365s
 58818 13581  253.51267  192   60  254.32690  249.16975  2.03%  30.5  370s
 60155 13582  249.18413  153  119  254.32690  249.17291  2.03%  30.5  386s
 60162 13587  252.02565  153   62  254.32690  249.17291  2.03%  30.5  390s
 60170 13592  252.72699  163   67  254.32690  249.17291  2.03%  30.5  395s
 60178 13597  251.33729  144   72  254.32690  249.17291  2.03%  30.5  400s
 60188 13604  252.26317  164  109  254.32690  249.17291  2.03%  30.5  405s
 60199 13611  251.00348  156  194  254.32690  249.17291  2.03%  30.5  410s
 60209 13618  252.32843  160  144  254.32690  249.17291  2.03%  30.5  415s
 60221 13626  252.52977  180  156  254.32690  249.17291  2.03%  30.5  420s
 60231 13633  253.73125  176  160  254.32690  249.17291  2.03%  30.5  425s
 60239 13638  252.85949  185  116  254.32690  249.17291  2.03%  30.5  430s
 60249 13645  253.42340  171  149  254.32690  249.17291  2.03%  30.5  435s
 60258 13651  253.76953  168  197  254.32690  249.17291  2.03%  30.5  440s
 60269 13658  249.25321  157  207  254.32690  249.17291  2.03%  30.4  445s
 60279 13665  253.31524  153  202  254.32690  249.17291  2.03%  30.4  450s
 60287 13670  249.85075  165  177  254.32690  249.17291  2.03%  30.4  455s
 60296 13676  252.42083  168  202  254.32690  249.17291  2.03%  30.4  460s
 60306 13683  250.87423  167  208  254.32690  249.17291  2.03%  30.4  465s
 60858 13767  249.96771  161  102  254.32690  249.17291  2.03%  30.9  470s
 66500 14850  254.29294  171   72  254.32690  249.17291  2.03%  30.4  475s
 75438 15952  251.60657  192  119  254.32690  249.26467  1.99%  29.6  480s
 75449 15959  251.61311  163   96  254.32690  249.26467  1.99%  29.6  485s
 75458 15965  253.68803  180   85  254.32690  249.26467  1.99%  29.6  490s
H75463 15170                     254.3268994  249.26467  1.99%  29.6  492s
H75465 14412                     254.3268946  249.26467  1.99%  29.6  493s
 75469 14415  252.53971  167  186  254.32689  249.26467  1.99%  29.6  495s
 75477 14420  249.38429  164  189  254.32689  249.26467  1.99%  29.5  500s
 75487 14427  253.76151  174  194  254.32689  249.26467  1.99%  29.5  505s
 75495 14432  252.73391  172  188  254.32689  249.26467  1.99%  29.5  510s
 75505 14439  250.08949  172  191  254.32689  249.26467  1.99%  29.5  515s
 75517 14447  252.78579  177  172  254.32689  249.26467  1.99%  29.5  520s
 75528 14454  252.12361  177  176  254.32689  249.26467  1.99%  29.5  525s
 75540 14462  252.57030  176  164  254.32689  249.26467  1.99%  29.5  530s
 75550 14469  251.26016  176  178  254.32689  249.26467  1.99%  29.5  535s
 75561 14476  252.57253  185  161  254.32689  249.26467  1.99%  29.5  540s
 75573 14484  251.45994  169  156  254.32689  249.26467  1.99%  29.5  545s
 75584 14491  253.58211  177  170  254.32689  249.26467  1.99%  29.5  550s
 75595 14499  252.73391  172  170  254.32689  249.26467  1.99%  29.5  555s
H75605 13779                     254.3268917  249.26467  1.99%  29.7  559s
 75663 13777  249.26467  170  136  254.32689  249.26467  1.99%  29.8  560s
 78545 13697  250.34965  203   61  254.32689  250.16468  1.64%  29.8  565s
 87520 13112     cutoff  191       254.32689  251.56587  1.09%  29.0  570s
 95172 12091  253.83588  206   68  254.32689  251.94920  0.93%  28.3  575s
 105238 10797  252.93690  197   22  254.32689  252.15243  0.85%  27.5  580s
 114559  8970  253.97373  200   40  254.32689  252.26603  0.81%  26.7  585s
 123190  9535  252.35771  219   24  254.32689  252.34464  0.78%  26.0  590s
 133283 10058 infeasible  196       254.32689  252.45438  0.74%  25.3  595s
 142897  9393  253.12302  187   24  254.32689  252.61980  0.67%  24.7  600s
 152236  9025  252.87279  207   30  254.32689  252.77299  0.61%  24.4  605s
 161470  8154     cutoff  206       254.32689  252.91587  0.55%  24.1  610s
 170021  6741 infeasible  202       254.32689  253.05635  0.50%  23.9  615s
 180334  3474     cutoff  207       254.32689  253.39823  0.37%  23.5  620s

Cutting planes:
  Gomory: 5
  Cover: 6
  Implied bound: 7
  Projected implied bound: 4
  Clique: 2
  MIR: 57
  StrongCG: 4
  Flow cover: 106
  Zero half: 6
  RLT: 1
  Relax-and-lift: 46

Explored 187960 nodes (4883328 simplex iterations) in 624.50 seconds (843.88 work units)
Thread count was 16 (of 16 available processors)

Solution count 10: 254.327 254.327 254.327 ... 279.882

Optimal solution found (tolerance 1.00e-04)
Best objective 2.543269000000e+02, best bound 2.543268916890e+02, gap 0.0000%

User-callback calls 531800, time in user-callback 0.87 sec
