
Gurobi 10.0.1 (win64) logging started Sun Sep 21 16:37:35 2025

Set parameter LogFile to value "log_group_6/bound_Expr335_s7_l1051_s11_e12_o40_d80_t60_s40_0_0_0_0.log"
Gurobi Optimizer version 10.0.1 build v10.0.1rc0 (win64)

CPU model: Intel(R) Core(TM) i7-10700 CPU @ 2.90GHz, instruction set [SSE2|AVX|AVX2]
Thread count: 8 physical cores, 16 logical processors, using up to 16 threads

Optimize a model with 771203 rows, 770470 columns and 6162946 nonzeros
Model fingerprint: 0x9a604f45
Variable types: 470 continuous, 770000 integer (770000 binary)
Coefficient statistics:
  Matrix range     [1e+00, 9e+02]
  Objective range  [1e+00, 1e+00]
  Bounds range     [1e+00, 1e+03]
  RHS range        [1e+00, 9e+02]
Presolve removed 752970 rows and 752930 columns
Presolve time: 2.96s
Presolved: 18233 rows, 17540 columns, 120743 nonzeros
Variable types: 390 continuous, 17150 integer (17150 binary)
Found heuristic solution: objective 832.0703000
Deterministic concurrent LP optimizer: primal and dual simplex
Showing first log only...

Concurrent spin time: 0.00s

Solved with primal simplex

Root relaxation: objective 0.000000e+00, 674 iterations, 0.14 seconds (0.20 work units)

    Nodes    |    Current Node    |     Objective Bounds      |     Work
 Expl Unexpl |  Obj  Depth IntInf | Incumbent    BestBd   Gap | It/Node Time

     0     0    0.00000    0   80  832.07030    0.00000   100%     -    4s
H    0     0                     629.3431667    0.00000   100%     -    5s
     0     0    0.00000    0  108  629.34317    0.00000   100%     -    5s
H    0     0                     365.2082000    0.00000   100%     -    6s
H    0     0                     334.9633667    0.00000   100%     -    7s
H    0     0                     262.2798000    0.00000   100%     -   11s
H    0     0                     262.2573995    0.00000   100%     -   11s
H    0     0                     262.2321989    0.00000   100%     -   11s
     0     0    0.00000    0   81  262.23220    0.00000   100%     -   11s
     0     0    0.00000    0   81  262.23220    0.00000   100%     -   11s
H    0     0                     261.2871667    0.00000   100%     -   12s
     0     0    0.00000    0   80  261.28717    0.00000   100%     -   14s
H    0     0                     261.2423999    0.00000   100%     -   15s
     0     0    0.00000    0   80  261.24240    0.00000   100%     -   15s
H    0     0                     259.8226000    0.00000   100%     -   17s
     0     0    0.00000    0   80  259.82260    0.00000   100%     -   17s
     0     0    0.00000    0   81  259.82260    0.00000   100%     -   17s
     0     0    0.00000    0   81  259.82260    0.00000   100%     -   19s
     0     0    0.00000    0   80  259.82260    0.00000   100%     -   19s
     0     2    0.00000    0   80  259.82260    0.00000   100%     -   21s
H   28    14                     259.7008000    0.00000   100%   242   26s
H   33    14                     259.6171000    0.00000   100%   217   26s
   175    90    0.00000   31   82  259.61710    0.00000   100%  84.3   30s
   751   398    0.00000   83   82  259.61710    0.00000   100%  30.0   35s
H 1006   498                     259.6170985    0.00000   100%  24.7   36s
  1485   746    0.00000  198   80  259.61710    0.00000   100%  20.3   41s
  2071  1277    0.00000  311   80  259.61710    0.00000   100%  17.5   47s
  2852  1804    0.00000  394   80  259.61710    0.00000   100%  15.6   53s
  3397  2074    0.00000  449   80  259.61710    0.00000   100%  14.8   57s
H 3471  2074                     259.6170976    0.00000   100%  14.9   57s
  3935  2192    0.00000  520   80  259.61710    0.00000   100%  14.1   60s
H 3941  2192                     259.6170950    0.00000   100%  14.1   60s

Cutting planes:
  Gomory: 1
  Implied bound: 142
  MIR: 20
  Relax-and-lift: 724

Explored 4113 nodes (77743 simplex iterations) in 60.16 seconds (56.37 work units)
Thread count was 16 (of 16 available processors)

Solution count 10: 259.617 259.617 259.617 ... 262.257

Time limit reached
Best objective 2.596170950499e+02, best bound 0.000000000000e+00, gap 100.0000%

User-callback calls 17260, time in user-callback 0.07 sec
