
Gurobi 10.0.0 (win64) logging started Sun Sep 21 03:44:07 2025

Set parameter LogFile to value "log_group_6/bound_Expr209_s7_l1051_s11_e12_o30_d60_t7200_s29_1_1_1_0.log"
Gurobi Optimizer version 10.0.0 build v10.0.0rc2 (win64)

CPU model: Intel(R) Core(TM) i7-10700 CPU @ 2.90GHz, instruction set [SSE2|AVX|AVX2]
Thread count: 8 physical cores, 16 logical processors, using up to 16 threads

Optimize a model with 322872 rows, 315440 columns and 4581856 nonzeros
Model fingerprint: 0xdc8efff6
Variable types: 440 continuous, 315000 integer (315000 binary)
Coefficient statistics:
  Matrix range     [1e+00, 9e+02]
  Objective range  [1e+00, 1e+00]
  Bounds range     [1e+00, 1e+03]
  RHS range        [1e+00, 9e+02]
Presolve removed 318257 rows and 311417 columns
Presolve time: 2.59s
Presolved: 4615 rows, 4023 columns, 45924 nonzeros
Variable types: 219 continuous, 3804 integer (3801 binary)
Found heuristic solution: objective 960.3122667

Root relaxation: objective 6.611397e+01, 2090 iterations, 0.12 seconds (0.18 work units)

    Nodes    |    Current Node    |     Objective Bounds      |     Work
 Expl Unexpl |  Obj  Depth IntInf | Incumbent    BestBd   Gap | It/Node Time

     0     0   66.11397    0   65  960.31227   66.11397  93.1%     -    3s
H    0     0                     786.0751667   66.11397  91.6%     -    3s
H    0     0                     588.1361333   66.11397  88.8%     -    3s
H    0     0                     487.2988667   66.11397  86.4%     -    4s
     0     0   66.11397    0   85  487.29887   66.11397  86.4%     -    4s
H    0     0                     444.0772333   66.11397  85.1%     -    4s
     0     0   66.11397    0   87  444.07723   66.11397  85.1%     -    4s
H    0     0                     418.7821333   66.11397  84.2%     -    4s
     0     0   66.11397    0   61  418.78213   66.11397  84.2%     -    4s
H    0     0                     404.4864333   66.11397  83.7%     -    4s
H    0     0                     329.4899667   66.11397  79.9%     -    4s
     0     0   66.11397    0   65  329.48997   66.11397  79.9%     -    4s
H    0     0                     279.4602333   66.11397  76.3%     -    4s
     0     0   66.11397    0   62  279.46023   66.11397  76.3%     -    5s
H    0     0                     262.2533667   66.11397  74.8%     -    5s
     0     0   66.11397    0   67  262.25337   66.11397  74.8%     -    5s
H    0     0                     255.9791000   66.11397  74.2%     -    5s
H    0     0                     220.3378000   66.11397  70.0%     -    5s
H    0     0                     213.6756333   66.11397  69.1%     -    5s
     0     0   66.11397    0   61  213.67563   66.11397  69.1%     -    5s
H    0     0                     208.9109000   66.11397  68.4%     -    6s
     0     0   70.23857    0   42  208.91090   70.23857  66.4%     -    6s
H    0     0                     203.3033333   70.23857  65.5%     -    6s
     0     0   70.23857    0   39  203.30333   70.23857  65.5%     -    6s
H    0     0                     202.3731667   70.23857  65.3%     -    7s
H    0     0                     201.3927333   70.23857  65.1%     -    7s
     0     0   70.23857    0   42  201.39273   70.23857  65.1%     -    7s
     0     0   70.23857    0   42  201.39273   70.23857  65.1%     -    7s
     0     2   70.23857    0   42  201.39273   70.23857  65.1%     -    8s
H   71    80                     198.7896333   70.23857  64.7%   168   10s
  2133  2229   70.23857  273   51  198.78963   70.23857  64.7%  49.3   15s
  3599  3299   70.23857   15   50  198.78963   70.23857  64.7%   2.4   20s
  6218  4870   70.23857  111   42  198.78963   70.23857  64.7%  20.1   25s
 12666  8250   70.23857  221   88  198.78963   70.23857  64.7%  27.5   30s
 13572  8501   70.23857   64   47  198.78963   70.23857  64.7%  29.2   35s
 19690 11847   70.23857  199   62  198.78963   70.23857  64.7%  32.4   40s
 27217 16016   71.69033  207   36  198.78963   71.69033  63.9%  35.8   45s
 30933 16938  174.49067  276   42  198.78963   71.69033  63.9%  35.2   57s
 30955 16954  193.40503  290   50  198.78963  187.60192  5.63%  35.3   60s
 34156 18007  193.08890  112   38  198.78963  191.85540  3.49%  33.6   65s
 46524 21626  192.99403   74   32  198.78963  191.85540  3.49%  28.5   70s
 61597 26564  194.30652  110   52  198.78963  192.12596  3.35%  25.0   75s
 78111 30946  193.56735  123   30  198.78963  192.54673  3.14%  22.4   80s
 90616 37156  195.09163   85   47  198.78963  192.85180  2.99%  20.9   85s
 90644 37178  194.37564  103   42  198.78963  192.85180  2.99%  21.0  103s
 90656 37186  197.06340  128   30  198.78963  192.85180  2.99%  21.0  105s
H90728 35356                     198.7826674  192.85180  2.98%  21.0  106s
 101070 37013  196.12434  132   22  198.78267  192.85180  2.98%  21.3  110s
 132120 39453  196.85357  118   32  198.78267  193.11597  2.85%  21.6  115s
 170139 38259 infeasible  125       198.78267  193.94188  2.44%  21.7  120s
 202946 35926     cutoff  117       198.78267  194.41472  2.20%  21.8  125s
 237308 40714 infeasible  133       198.78267  194.88693  1.96%  21.7  130s
 269214 43837 infeasible  165       198.78267  195.21056  1.80%  21.8  135s
 293174 43763 infeasible  109       198.78267  195.50416  1.65%  22.0  140s
 323242 43519     cutoff  137       198.78267  195.87990  1.46%  22.1  145s
 355499 41373  197.67229  118   24  198.78267  196.24570  1.28%  22.1  150s
 382618 36124  198.00865  121   20  198.78267  196.64398  1.08%  22.2  155s
 415800 27200  197.89005  169   21  198.78267  197.12586  0.83%  22.4  160s
 448023 14350 infeasible  138       198.78267  197.76844  0.51%  22.4  165s

Cutting planes:
  Gomory: 8
  Cover: 2
  Implied bound: 9
  Projected implied bound: 8
  MIR: 5
  Flow cover: 12
  Relax-and-lift: 7

Explored 474762 nodes (10792364 simplex iterations) in 169.19 seconds (257.63 work units)
Thread count was 16 (of 16 available processors)

Solution count 10: 198.783 201.393 202.373 ... 329.49

Optimal solution found (tolerance 1.00e-04)
Best objective 1.987826674105e+02, best bound 1.987826674105e+02, gap 0.0000%

User-callback calls 982879, time in user-callback 1.28 sec
