
Gurobi 12.0.1 (win64) logging started Sat Sep 20 06:08:21 2025

Set parameter LogFile to value "log_group_6/bound_Expr91_s7_l1051_s11_e12_o30_d60_t7200_s21_1_1_1_1.log"
Gurobi Optimizer version 12.0.1 build v12.0.1rc0 (win64 - Windows Server 2022.0 (20348.2))

CPU model: Intel(R) Xeon(R) Gold 6336Y CPU @ 2.40GHz, instruction set [SSE2|AVX|AVX2|AVX512]
Thread count: 48 physical cores, 96 logical processors, using up to 32 threads

Non-default parameters:
TimeLimit  7200

Optimize a model with 590664 rows, 577940 columns and 8472486 nonzeros
Model fingerprint: 0x2a864591
Variable types: 440 continuous, 577500 integer (577500 binary)
Coefficient statistics:
  Matrix range     [1e+00, 9e+02]
  Objective range  [1e+00, 1e+00]
  Bounds range     [1e+00, 1e+03]
  RHS range        [1e+00, 8e+02]
Presolve removed 575901 rows and 564580 columns
Presolve time: 2.73s
Presolved: 14763 rows, 13360 columns, 169249 nonzeros
Variable types: 410 continuous, 12950 integer (12950 binary)
Performing another presolve...
Presolve removed 11753 rows and 10794 columns
Presolve time: 2.09s
Found heuristic solution: objective 1151.2573000

Root simplex log...

Iteration    Objective       Primal Inf.    Dual Inf.      Time
       0    1.5261900e+02   5.120000e+02   0.000000e+00      6s
    1659    1.5261900e+02   0.000000e+00   0.000000e+00      6s

Root relaxation: objective 1.526190e+02, 1659 iterations, 0.13 seconds (0.14 work units)
Total elapsed time = 6.48s (DegenMoves)

    Nodes    |    Current Node    |     Objective Bounds      |     Work
 Expl Unexpl |  Obj  Depth IntInf | Incumbent    BestBd   Gap | It/Node Time

     0     0  152.61900    0   53 1151.25730  152.61900  86.7%     -    6s
H    0     0                    1048.2052333  152.61900  85.4%     -    6s
H    0     0                    1001.8045667  152.61900  84.8%     -    6s
H    0     0                     706.8937333  152.61900  78.4%     -    6s
H    0     0                     706.4877667  152.61900  78.4%     -    6s
H    0     0                     655.8405333  152.61900  76.7%     -    6s
     0     0  152.61900    0  107  655.84053  152.61900  76.7%     -    6s
H    0     0                     629.2333333  152.61900  75.7%     -    7s
H    0     0                     557.5016000  152.61900  72.6%     -    7s
H    0     0                     504.3098333  152.61900  69.7%     -    7s
H    0     0                     499.5623333  152.61900  69.4%     -    7s
H    0     0                     485.5915333  152.61900  68.6%     -    7s
H    0     0                     483.9567667  152.61900  68.5%     -    7s
H    0     0                     462.5322000  152.61900  67.0%     -    7s
H    0     0                     445.8129333  152.61900  65.8%     -    7s
     0     0  152.61900    0   48  445.81293  152.61900  65.8%     -    7s
H    0     0                     443.1777000  152.61900  65.6%     -    7s
H    0     0                     393.9071333  152.61900  61.3%     -    8s
H    0     0                     389.2834667  152.61900  60.8%     -    8s
H    0     0                     383.5068667  152.61900  60.2%     -    8s
H    0     0                     368.2336667  152.61900  58.6%     -    8s
H    0     0                     366.8957333  152.61900  58.4%     -    8s
     0     0  152.61900    0   35  366.89573  152.61900  58.4%     -    8s
H    0     0                     365.9464667  153.24517  58.1%     -    8s
H    0     0                     360.8557667  153.24517  57.5%     -    8s
H    0     0                     360.6952667  153.24517  57.5%     -    8s
     0     0  153.24517    0   35  360.69527  153.24517  57.5%     -    8s
     0     0  153.24517    0   33  360.69527  153.24517  57.5%     -    8s
H    0     0                     328.9071333  153.24517  53.4%     -    9s
H    0     0                     328.3465333  153.24517  53.3%     -    9s
     0     0  153.24517    0   34  328.34653  153.24517  53.3%     -    9s
H    0     0                     309.6471000  153.24517  50.5%     -    9s
     0     0  153.24517    0   34  309.64710  153.24517  50.5%     -    9s
H    0     0                     304.2140000  153.24517  49.6%     -    9s
H    0     0                     296.3479000  153.24517  48.3%     -    9s
H    0     0                     286.5894667  153.24517  46.5%     -    9s
H    0     0                     281.9338667  153.24517  45.6%     -    9s
     0     0  153.24517    0   42  281.93387  153.24517  45.6%     -   10s
     0     0  153.24517    0   34  281.93387  153.24517  45.6%     -   10s
H    0     0                     279.1572667  153.24517  45.1%     -   10s
     0     0  153.24517    0   88  279.15727  153.24517  45.1%     -   10s
     0     0  153.24517    0   75  279.15727  153.24517  45.1%     -   10s
H    0     0                     276.8143000  153.24517  44.6%     -   11s
H    0     0                     274.0408000  153.24517  44.1%     -   11s
     0     0  153.24517    0   35  274.04080  153.24517  44.1%     -   11s
     0     0  153.24517    0   73  274.04080  153.24517  44.1%     -   11s
H    0     0                     272.7081000  153.24517  43.8%     -   11s
H    0     0                     270.7081000  153.24517  43.4%     -   11s
H    0     0                     269.8995000  153.24517  43.2%     -   11s
H    0     0                     267.7582000  153.24517  42.8%     -   11s
H    0     0                     265.6577667  153.24517  42.3%     -   11s
H    0     0                     265.6211667  153.24517  42.3%     -   11s
     0     0  153.24517    0   37  265.62117  153.24517  42.3%     -   11s
H    0     0                     264.3813333  153.24517  42.0%     -   11s
     0     0  153.24517    0   43  264.38133  153.24517  42.0%     -   11s
     0     0  153.28550    0   79  264.38133  153.28550  42.0%     -   11s
     0     0  153.28550    0   40  264.38133  153.28550  42.0%     -   11s
     0     2  153.28550    0   40  264.38133  153.28550  42.0%     -   12s
H  189   188                     263.7961000  154.87434  41.3%   334   13s
H  221   213                     257.5135000  154.87434  39.9%   293   13s
H 1093   888                     254.6640000  157.38610  38.2%  95.6   13s
H 1098   888                     254.3221000  157.38610  38.1%  96.1   13s
H 1099   888                     241.2007000  157.38610  34.7%  96.1   13s
H 1100   888                     224.9622667  157.38610  30.0%  96.2   13s
H 2445  1804                     213.5930667  160.53656  24.8%  63.4   14s
H 3635  1761                     199.3987667  165.85645  16.8%  52.9   14s
H 3962  1553                     198.5631667  166.66790  16.1%  50.5   14s
H 3962  1353                     193.8549667  166.66790  14.0%  50.5   15s
H 3999  1281                     191.1780667  166.66790  12.8%  51.0   16s
H 4003  1216                     190.8361667  166.66790  12.7%  50.9   16s
H 4006  1155                     189.4790667  166.66790  12.0%  50.9   16s
H 4108  1083                     189.3800667  167.51001  11.5%  50.4   16s
H 4257   991                     188.5457667  167.55864  11.1%  49.6   16s
 21043  2822  187.04595   50    9  188.54577  183.06336  2.91%  20.9   20s

Cutting planes:
  Implied bound: 73
  MIR: 14
  RLT: 4
  Relax-and-lift: 5

Explored 28703 nodes (560645 simplex iterations) in 21.77 seconds (20.22 work units)
Thread count was 32 (of 96 available processors)

Solution count 10: 188.546 189.38 189.479 ... 224.962

Optimal solution found (tolerance 1.00e-04)
Best objective 1.885457666666e+02, best bound 1.885457666666e+02, gap 0.0000%

User-callback calls 60232, time in user-callback 0.07 sec

Gurobi 12.0.1 (win64) logging started Sat Sep 20 08:06:14 2025

Set parameter LogFile to value "log_group_6/bound_Expr91_s7_l1051_s11_e12_o30_d60_t7200_s21_1_1_1_1.log"
Gurobi Optimizer version 12.0.1 build v12.0.1rc0 (win64 - Windows Server 2022.0 (20348.2))

CPU model: Intel(R) Xeon(R) Gold 6336Y CPU @ 2.40GHz, instruction set [SSE2|AVX|AVX2|AVX512]
Thread count: 48 physical cores, 96 logical processors, using up to 32 threads

Non-default parameters:
TimeLimit  7200

Optimize a model with 590664 rows, 577940 columns and 8472486 nonzeros
Model fingerprint: 0x2a864591
Variable types: 440 continuous, 577500 integer (577500 binary)
Coefficient statistics:
  Matrix range     [1e+00, 9e+02]
  Objective range  [1e+00, 1e+00]
  Bounds range     [1e+00, 1e+03]
  RHS range        [1e+00, 8e+02]
Presolve removed 575901 rows and 564580 columns
Presolve time: 2.71s
Presolved: 14763 rows, 13360 columns, 169249 nonzeros
Variable types: 410 continuous, 12950 integer (12950 binary)
Performing another presolve...
Presolve removed 11753 rows and 10794 columns
Presolve time: 2.08s
Found heuristic solution: objective 1151.2573000

Root simplex log...

Iteration    Objective       Primal Inf.    Dual Inf.      Time
       0    1.5261900e+02   5.120000e+02   0.000000e+00      6s
    1659    1.5261900e+02   0.000000e+00   0.000000e+00      6s

Root relaxation: objective 1.526190e+02, 1659 iterations, 0.13 seconds (0.14 work units)
Total elapsed time = 6.43s (DegenMoves)

    Nodes    |    Current Node    |     Objective Bounds      |     Work
 Expl Unexpl |  Obj  Depth IntInf | Incumbent    BestBd   Gap | It/Node Time

     0     0  152.61900    0   53 1151.25730  152.61900  86.7%     -    6s
H    0     0                    1048.2052333  152.61900  85.4%     -    6s
H    0     0                    1001.8045667  152.61900  84.8%     -    6s
H    0     0                     706.8937333  152.61900  78.4%     -    6s
H    0     0                     706.4877667  152.61900  78.4%     -    6s
H    0     0                     655.8405333  152.61900  76.7%     -    6s
     0     0  152.61900    0  107  655.84053  152.61900  76.7%     -    6s
H    0     0                     629.2333333  152.61900  75.7%     -    6s
H    0     0                     557.5016000  152.61900  72.6%     -    7s
H    0     0                     504.3098333  152.61900  69.7%     -    7s
H    0     0                     499.5623333  152.61900  69.4%     -    7s
H    0     0                     485.5915333  152.61900  68.6%     -    7s
H    0     0                     483.9567667  152.61900  68.5%     -    7s
H    0     0                     462.5322000  152.61900  67.0%     -    7s
H    0     0                     445.8129333  152.61900  65.8%     -    7s
     0     0  152.61900    0   48  445.81293  152.61900  65.8%     -    7s
H    0     0                     443.1777000  152.61900  65.6%     -    7s
H    0     0                     393.9071333  152.61900  61.3%     -    7s
H    0     0                     389.2834667  152.61900  60.8%     -    7s
H    0     0                     383.5068667  152.61900  60.2%     -    8s
H    0     0                     368.2336667  152.61900  58.6%     -    8s
H    0     0                     366.8957333  152.61900  58.4%     -    8s
     0     0  152.61900    0   35  366.89573  152.61900  58.4%     -    8s
H    0     0                     365.9464667  153.24517  58.1%     -    8s
H    0     0                     360.8557667  153.24517  57.5%     -    8s
H    0     0                     360.6952667  153.24517  57.5%     -    8s
     0     0  153.24517    0   35  360.69527  153.24517  57.5%     -    8s
     0     0  153.24517    0   33  360.69527  153.24517  57.5%     -    8s
H    0     0                     328.9071333  153.24517  53.4%     -    9s
H    0     0                     328.3465333  153.24517  53.3%     -    9s
     0     0  153.24517    0   34  328.34653  153.24517  53.3%     -    9s
H    0     0                     309.6471000  153.24517  50.5%     -    9s
     0     0  153.24517    0   34  309.64710  153.24517  50.5%     -    9s
H    0     0                     304.2140000  153.24517  49.6%     -    9s
H    0     0                     296.3479000  153.24517  48.3%     -    9s
H    0     0                     286.5894667  153.24517  46.5%     -    9s
H    0     0                     281.9338667  153.24517  45.6%     -    9s
     0     0  153.24517    0   42  281.93387  153.24517  45.6%     -    9s
     0     0  153.24517    0   34  281.93387  153.24517  45.6%     -   10s
H    0     0                     279.1572667  153.24517  45.1%     -   10s
     0     0  153.24517    0   88  279.15727  153.24517  45.1%     -   10s
     0     0  153.24517    0   75  279.15727  153.24517  45.1%     -   10s
H    0     0                     276.8143000  153.24517  44.6%     -   10s
H    0     0                     274.0408000  153.24517  44.1%     -   10s
     0     0  153.24517    0   35  274.04080  153.24517  44.1%     -   10s
     0     0  153.24517    0   73  274.04080  153.24517  44.1%     -   10s
H    0     0                     272.7081000  153.24517  43.8%     -   11s
H    0     0                     270.7081000  153.24517  43.4%     -   11s
H    0     0                     269.8995000  153.24517  43.2%     -   11s
H    0     0                     267.7582000  153.24517  42.8%     -   11s
H    0     0                     265.6577667  153.24517  42.3%     -   11s
H    0     0                     265.6211667  153.24517  42.3%     -   11s
     0     0  153.24517    0   37  265.62117  153.24517  42.3%     -   11s
H    0     0                     264.3813333  153.24517  42.0%     -   11s
     0     0  153.24517    0   43  264.38133  153.24517  42.0%     -   11s
     0     0  153.28550    0   79  264.38133  153.28550  42.0%     -   11s
     0     0  153.28550    0   40  264.38133  153.28550  42.0%     -   11s
     0     2  153.28550    0   40  264.38133  153.28550  42.0%     -   12s
H  189   188                     263.7961000  154.87434  41.3%   334   12s
H  221   213                     257.5135000  154.87434  39.9%   293   12s
H 1093   888                     254.6640000  157.38610  38.2%  95.6   13s
H 1098   888                     254.3221000  157.38610  38.1%  96.1   13s
H 1099   888                     241.2007000  157.38610  34.7%  96.1   13s
H 1100   888                     224.9622667  157.38610  30.0%  96.2   13s
H 2445  1804                     213.5930667  160.53656  24.8%  63.4   14s
H 3635  1761                     199.3987667  165.85645  16.8%  52.9   14s
H 3962  1553                     198.5631667  166.66790  16.1%  50.5   14s
H 3962  1353                     193.8549667  166.66790  14.0%  50.5   14s
  3963  1337  189.48388   32  449  193.85497  166.66790  14.0%  50.5   15s
H 3999  1281                     191.1780667  166.66790  12.8%  51.0   16s
H 4003  1216                     190.8361667  166.66790  12.7%  50.9   16s
H 4006  1155                     189.4790667  166.66790  12.0%  50.9   16s
H 4108  1083                     189.3800667  167.51001  11.5%  50.4   16s
H 4257   991                     188.5457667  167.55864  11.1%  49.6   16s
 19703  3013     cutoff   70       188.54577  182.77468  3.06%  21.4   20s

Cutting planes:
  Implied bound: 73
  MIR: 14
  RLT: 4
  Relax-and-lift: 5

Explored 28703 nodes (560645 simplex iterations) in 23.81 seconds (20.22 work units)
Thread count was 32 (of 96 available processors)

Solution count 10: 188.546 189.38 189.479 ... 224.962

Optimal solution found (tolerance 1.00e-04)
Best objective 1.885457666666e+02, best bound 1.885457666666e+02, gap 0.0000%

User-callback calls 60246, time in user-callback 0.08 sec
