
Gurobi 10.0.0 (win64) logging started Sun Sep 21 03:40:55 2025

Set parameter LogFile to value "log_group_6/bound_Expr206_s7_l1051_s11_e12_o30_d60_t7200_s26_1_1_1_0.log"
Gurobi Optimizer version 10.0.0 build v10.0.0rc2 (win64)

CPU model: Intel(R) Core(TM) i7-10700 CPU @ 2.90GHz, instruction set [SSE2|AVX|AVX2]
Thread count: 8 physical cores, 16 logical processors, using up to 16 threads

Optimize a model with 472776 rows, 462440 columns and 6564336 nonzeros
Model fingerprint: 0x12ec2e91
Variable types: 440 continuous, 462000 integer (462000 binary)
Coefficient statistics:
  Matrix range     [1e+00, 8e+02]
  Objective range  [1e+00, 1e+00]
  Bounds range     [1e+00, 1e+03]
  RHS range        [1e+00, 8e+02]
Presolve removed 468262 rows and 458814 columns
Presolve time: 3.49s
Presolved: 4514 rows, 3626 columns, 40832 nonzeros
Variable types: 322 continuous, 3304 integer (3302 binary)
Found heuristic solution: objective 1093.7480000

Root relaxation: objective 4.952060e+01, 3476 iterations, 0.18 seconds (0.34 work units)

    Nodes    |    Current Node    |     Objective Bounds      |     Work
 Expl Unexpl |  Obj  Depth IntInf | Incumbent    BestBd   Gap | It/Node Time

     0     0   49.52060    0  100 1093.74800   49.52060  95.5%     -    4s
H    0     0                    1031.3266667   49.52060  95.2%     -    4s
H    0     0                    1020.8785000   49.52060  95.1%     -    4s
H    0     0                     895.3232000   49.52060  94.5%     -    4s
H    0     0                     891.2924000   49.52060  94.4%     -    4s
H    0     0                     848.1692667   49.52060  94.2%     -    4s
     0     0   49.52060    0  198  848.16927   49.52060  94.2%     -    4s
H    0     0                     752.5117333   49.52060  93.4%     -    5s
     0     0   49.52060    0  167  752.51173   49.52060  93.4%     -    5s
H    0     0                     617.6499000   49.52060  92.0%     -    5s
H    0     0                     612.2866000   49.52060  91.9%     -    5s
H    0     0                     597.3251000   49.52060  91.7%     -    5s
     0     0   49.52060    0   48  597.32510   49.52060  91.7%     -    5s
H    0     0                     569.2414667   49.52060  91.3%     -    5s
H    0     0                     532.4194333   49.52060  90.7%     -    5s
H    0     0                     526.4553333   49.52060  90.6%     -    5s
H    0     0                     458.8716333   49.52060  89.2%     -    6s
H    0     0                     427.2686000   49.52060  88.4%     -    6s
H    0     0                     317.9209667   49.52060  84.4%     -    6s
H    0     0                     304.1608000   49.52060  83.7%     -    6s
     0     0   54.55763    0   51  304.16080   54.55763  82.1%     -    6s
H    0     0                     294.6098000   54.55763  81.5%     -    6s
H    0     0                     229.9822667   54.55763  76.3%     -    6s
     0     0   54.55763    0   69  229.98227   54.55763  76.3%     -    6s
H    0     0                     224.6561000   54.92907  75.5%     -    6s
     0     0   54.92907    0  142  224.65610   54.92907  75.5%     -    6s
H    0     0                     222.1479667   54.92907  75.3%     -    6s
     0     0   54.92907    0  106  222.14797   54.92907  75.3%     -    6s
     0     0   56.95710    0  246  222.14797   56.95710  74.4%     -    7s
     0     0   56.95710    0  219  222.14797   56.95710  74.4%     -    7s
     0     0   57.68476    0  220  222.14797   57.68476  74.0%     -    7s
H    0     0                     203.4475333   57.99491  71.5%     -    7s
     0     0   57.99491    0  218  203.44753   57.99491  71.5%     -    7s
     0     0   60.04371    0  255  203.44753   60.04371  70.5%     -    7s
H    0     0                     202.6002333   60.59961  70.1%     -    7s
     0     0   60.59961    0  247  202.60023   60.59961  70.1%     -    7s
     0     0   69.12261    0  228  202.60023   69.12261  65.9%     -    8s
     0     0   72.34646    0  218  202.60023   72.34646  64.3%     -    8s
     0     0   72.34646    0  215  202.60023   72.34646  64.3%     -    8s
H    0     0                     196.8810333   80.77205  59.0%     -    8s
     0     0   80.77205    0  201  196.88103   80.77205  59.0%     -    8s
     0     0   81.35735    0  158  196.88103   81.35735  58.7%     -    8s
     0     0   81.35735    0  194  196.88103   81.35735  58.7%     -    8s
     0     0   84.21662    0  182  196.88103   84.21662  57.2%     -    8s
     0     0   84.21662    0  183  196.88103   84.21662  57.2%     -    8s
     0     0   85.60026    0  228  196.88103   85.60026  56.5%     -    9s
     0     0   85.60454    0  210  196.88103   85.60454  56.5%     -    9s
     0     0   89.36785    0  281  196.88103   89.36785  54.6%     -    9s
H    0     0                     196.7991333   89.36785  54.6%     -    9s
     0     0   89.36785    0  229  196.79913   89.36785  54.6%     -    9s
     0     0   89.84637    0  231  196.79913   89.84637  54.3%     -    9s
     0     0  101.20793    0  163  196.79913  101.20793  48.6%     -   10s
     0     0  101.20793    0  114  196.79913  101.20793  48.6%     -   10s
H    0     0                     196.7982333  101.20793  48.6%     -   10s
     0     0  101.20793    0  114  196.79823  101.20793  48.6%     -   10s
     0     0  108.05804    0  221  196.79823  108.05804  45.1%     -   10s
     0     0  108.34881    0  220  196.79823  108.34881  44.9%     -   10s
     0     0  116.99314    0  211  196.79823  116.99314  40.6%     -   10s
     0     0  116.99314    0  211  196.79823  116.99314  40.6%     -   10s
     0     0  134.73434    0  160  196.79823  134.73434  31.5%     -   10s
     0     0  135.51057    0  108  196.79823  135.51057  31.1%     -   10s
     0     0  135.51057    0  109  196.79823  135.51057  31.1%     -   10s
     0     0  152.40619    0  117  196.79823  152.40619  22.6%     -   10s
     0     0  152.40619    0   61  196.79823  152.40619  22.6%     -   11s
     0     0  152.40619    0  168  196.79823  152.40619  22.6%     -   11s
     0     0  152.40619    0  175  196.79823  152.40619  22.6%     -   11s
     0     0  152.40619    0  174  196.79823  152.40619  22.6%     -   11s
     0     0  162.77147    0  164  196.79823  162.77147  17.3%     -   11s
     0     0  165.26762    0  168  196.79823  165.26762  16.0%     -   11s
     0     0  165.69269    0  166  196.79823  165.69269  15.8%     -   11s
     0     0  165.69269    0  166  196.79823  165.69269  15.8%     -   11s
     0     0  174.00279    0  167  196.79823  174.00279  11.6%     -   12s
     0     0  174.00279    0  126  196.79823  174.00279  11.6%     -   12s
     0     0  177.51811    0  125  196.79823  177.51811  9.80%     -   12s
     0     0  177.95530    0  141  196.79823  177.95530  9.57%     -   12s
     0     0  177.95530    0  141  196.79823  177.95530  9.57%     -   12s
     0     0  177.95530    0  141  196.79823  177.95530  9.57%     -   12s
     0     0  177.95530    0  141  196.79823  177.95530  9.57%     -   12s
     0     0  177.95530    0  141  196.79823  177.95530  9.57%     -   12s
     0     0  177.95530    0  140  196.79823  177.95530  9.57%     -   12s
     0     0  177.95530    0  140  196.79823  177.95530  9.57%     -   12s
     0     0  177.95530    0  140  196.79823  177.95530  9.57%     -   12s
     0     0  177.95530    0  140  196.79823  177.95530  9.57%     -   12s
     0     0  177.95530    0  140  196.79823  177.95530  9.57%     -   12s
     0     0  178.07710    0  137  196.79823  178.07710  9.51%     -   12s
     0     0  178.07710    0  137  196.79823  178.07710  9.51%     -   12s
     0     0  178.07710    0  137  196.79823  178.07710  9.51%     -   12s
     0     0  178.07710    0  137  196.79823  178.07710  9.51%     -   12s
     0     0  178.07710    0  137  196.79823  178.07710  9.51%     -   12s
     0     0  178.07710    0  137  196.79823  178.07710  9.51%     -   12s
     0     0  178.07710    0  137  196.79823  178.07710  9.51%     -   12s
     0     0  178.07710    0  137  196.79823  178.07710  9.51%     -   12s
     0     0  178.09049    0  136  196.79823  178.09049  9.51%     -   12s
     0     0  178.09049    0  137  196.79823  178.09049  9.51%     -   12s
     0     0  179.62677    0  199  196.79823  179.62677  8.73%     -   12s
     0     0  179.62677    0   81  196.79823  179.62677  8.73%     -   12s
     0     0  179.62677    0  116  196.79823  179.62677  8.73%     -   12s
     0     0  179.62677    0  113  196.79823  179.62677  8.73%     -   12s
     0     0  179.62677    0   51  196.79823  179.62677  8.73%     -   12s
     0     0  179.62677    0   66  196.79823  179.62677  8.73%     -   13s
     0     0  179.62677    0   68  196.79823  179.62677  8.73%     -   13s
     0     0  179.62677    0   67  196.79823  179.62677  8.73%     -   13s
     0     0  179.62677    0   61  196.79823  179.62677  8.73%     -   13s
     0     0  179.62677    0   41  196.79823  179.62677  8.73%     -   13s
     0     0  179.62677    0   41  196.79823  179.62677  8.73%     -   13s
     0     0  179.62677    0   41  196.79823  179.62677  8.73%     -   13s
     0     0  179.62677    0   41  196.79823  179.62677  8.73%     -   13s
     0     0  179.62677    0   41  196.79823  179.62677  8.73%     -   13s
     0     0  179.62677    0   41  196.79823  179.62677  8.73%     -   13s
     0     0  179.62677    0   62  196.79823  179.62677  8.73%     -   13s
     0     0  179.62677    0   53  196.79823  179.62677  8.73%     -   13s
     0     0  179.62677    0   84  196.79823  179.62677  8.73%     -   13s
     0     0  179.62677    0   39  196.79823  179.62677  8.73%     -   13s
     0     0  179.62677    0   46  196.79823  179.62677  8.73%     -   13s
     0     0  179.62677    0   38  196.79823  179.62677  8.73%     -   13s
     0     0  179.62677    0   55  196.79823  179.62677  8.73%     -   13s
     0     0  179.62677    0   55  196.79823  179.62677  8.73%     -   13s
     0     0  179.62677    0   54  196.79823  179.62677  8.73%     -   13s
     0     0  179.62677    0   51  196.79823  179.62677  8.73%     -   13s
     0     0  179.62677    0   50  196.79823  179.62677  8.73%     -   13s
     0     0  179.62677    0   80  196.79823  179.62677  8.73%     -   13s
     0     0  179.62677    0   79  196.79823  179.62677  8.73%     -   13s
     0     0  179.62677    0   77  196.79823  179.62677  8.73%     -   13s
     0     0  179.62677    0   75  196.79823  179.62677  8.73%     -   13s
     0     0  179.62677    0   69  196.79823  179.62677  8.73%     -   13s
     0     0  179.62677    0   82  196.79823  179.62677  8.73%     -   13s
     0     0  179.62677    0   79  196.79823  179.62677  8.73%     -   13s
     0     0  179.62677    0   82  196.79823  179.62677  8.73%     -   13s
     0     0  181.99266    0   70  196.79823  181.99266  7.52%     -   13s
     0     0  181.99266    0   72  196.79823  181.99266  7.52%     -   13s
     0     0  181.99266    0   73  196.79823  181.99266  7.52%     -   13s
     0     0  181.99266    0   74  196.79823  181.99266  7.52%     -   13s
     0     0  188.34355    0   66  196.79823  188.34355  4.30%     -   14s
     0     0  188.34355    0   66  196.79823  188.34355  4.30%     -   14s
     0     0  188.34355    0   65  196.79823  188.34355  4.30%     -   14s
     0     0  188.34355    0   64  196.79823  188.34355  4.30%     -   14s
     0     0  188.34358    0   64  196.79823  188.34358  4.30%     -   14s
     0     0  188.34691    0   18  196.79823  188.34691  4.29%     -   14s
     0     0  188.34691    0   29  196.79823  188.34691  4.29%     -   14s
     0     0  188.34691    0   29  196.79823  188.34691  4.29%     -   14s
     0     0  188.34691    0   36  196.79823  188.34691  4.29%     -   14s
     0     0  188.34691    0   35  196.79823  188.34691  4.29%     -   14s
     0     0  188.34691    0   26  196.79823  188.34691  4.29%     -   14s
     0     0  188.34691    0   28  196.79823  188.34691  4.29%     -   14s
     0     0  188.34691    0   45  196.79823  188.34691  4.29%     -   14s
     0     0  188.35164    0   43  196.79823  188.35164  4.29%     -   14s
     0     0  188.35206    0   45  196.79823  188.35206  4.29%     -   14s
     0     0  191.73407    0   24  196.79823  191.73407  2.57%     -   14s
     0     0  191.73407    0   24  196.79823  191.73407  2.57%     -   14s
     0     0  191.73407    0   25  196.79823  191.73407  2.57%     -   14s
     0     0  191.73407    0    9  196.79823  191.73407  2.57%     -   14s
H    0     0                     196.7592667  191.73407  2.55%     -   14s
     0     0  191.73407    0    8  196.75927  191.73407  2.55%     -   14s
     0     0  191.73407    0    8  196.75927  191.73407  2.55%     -   14s
     0     0  191.73407    0    9  196.75927  191.73407  2.55%     -   14s
     0     0  191.73407    0    9  196.75927  191.73407  2.55%     -   14s
     0     0  191.73407    0   12  196.75927  191.73407  2.55%     -   14s
     0     0  191.75063    0   17  196.75927  191.75063  2.55%     -   14s
     0     0  191.75063    0   17  196.75927  191.75063  2.55%     -   14s
     0     0  191.97058    0   16  196.75927  191.97058  2.43%     -   14s
     0     0  191.97058    0   37  196.75927  191.97058  2.43%     -   14s
     0     0  192.10304    0   19  196.75927  192.10304  2.37%     -   14s
     0     0  192.40129    0   15  196.75927  192.40129  2.21%     -   14s
     0     0  192.77913    0   21  196.75927  192.77913  2.02%     -   14s
     0     0  192.77990    0   21  196.75927  192.77990  2.02%     -   14s
     0     0  192.79446    0   23  196.75927  192.79446  2.02%     -   14s
     0     0  192.79743    0   28  196.75927  192.79743  2.01%     -   14s
     0     0  192.79758    0   28  196.75927  192.79758  2.01%     -   14s
     0     0  192.79914    0   27  196.75927  192.79914  2.01%     -   14s
     0     0  192.80002    0   35  196.75927  192.80002  2.01%     -   14s
     0     0  192.80002    0   36  196.75927  192.80002  2.01%     -   14s
     0     0  192.80045    0   29  196.75927  192.80045  2.01%     -   14s
     0     0  192.80045    0   29  196.75927  192.80045  2.01%     -   14s
     0     2  193.42670    0   23  196.75927  193.42670  1.69%     -   14s

Cutting planes:
  Gomory: 1
  Cover: 4
  Implied bound: 9
  MIR: 22
  StrongCG: 1
  Inf proof: 2
  RLT: 3
  Relax-and-lift: 4

Explored 209 nodes (60394 simplex iterations) in 14.68 seconds (27.34 work units)
Thread count was 16 (of 16 available processors)

Solution count 10: 196.759 196.798 196.799 ... 304.161

Optimal solution found (tolerance 1.00e-04)
Best objective 1.967592666664e+02, best bound 1.967592666664e+02, gap 0.0000%

User-callback calls 4491, time in user-callback 0.01 sec
