
Gurobi 10.0.1 (win64) logging started Sat Sep 20 22:31:20 2025

Set parameter LogFile to value "log_group_6/bound_Expr68_s10_l1051_s11_e12_o100_d200_t7200_s68_0_0_0_0.log"
Gurobi Optimizer version 10.0.1 build v10.0.1rc0 (win64)

CPU model: Intel(R) Core(TM) i7-10700 CPU @ 2.90GHz, instruction set [SSE2|AVX|AVX2]
Thread count: 8 physical cores, 16 logical processors, using up to 16 threads

Optimize a model with 5101890 rows, 5100800 columns and 40756380 nonzeros
Model fingerprint: 0x3e027e82
Variable types: 800 continuous, 5100000 integer (5100000 binary)
Coefficient statistics:
  Matrix range     [1e+00, 9e+02]
  Objective range  [1e+00, 1e+00]
  Bounds range     [1e+00, 1e+03]
  RHS range        [1e+00, 9e+02]
Presolve removed 0 rows and 100 columns (presolve time = 5s) ...
Presolve removed 100 rows and 200 columns (presolve time = 10s) ...
Presolve removed 5043800 rows and 5043700 columns (presolve time = 15s) ...
Presolve removed 5043800 rows and 5043210 columns
Presolve time: 19.82s
Presolved: 58090 rows, 57590 columns, 341460 nonzeros
Variable types: 600 continuous, 56990 integer (56990 binary)
Found heuristic solution: objective 22082.262133
Found heuristic solution: objective 2684.1064667
Deterministic concurrent LP optimizer: primal and dual simplex
Showing first log only...


Root simplex log...

Iteration    Objective       Primal Inf.    Dual Inf.      Time
       0   -6.8767000e+04   1.899186e+04   5.978669e+08     24s
    4438    7.5233000e+04   0.000000e+00   1.496000e+03     25s
    5272    0.0000000e+00   0.000000e+00   0.000000e+00     25s
Concurrent spin time: 0.39s

Solved with primal simplex

Root relaxation: objective 0.000000e+00, 5272 iterations, 1.56 seconds (3.26 work units)

    Nodes    |    Current Node    |     Objective Bounds      |     Work
 Expl Unexpl |  Obj  Depth IntInf | Incumbent    BestBd   Gap | It/Node Time

     0     0    0.00000    0  315 2684.10647    0.00000   100%     -   34s
H    0     0                    2417.3866328    0.00000   100%     -   41s
H    0     0                    2294.1274667    0.00000   100%     -   47s
     0     0    0.00000    0  357 2294.12747    0.00000   100%     -   48s
H    0     0                     930.3224658    0.00000   100%     -   75s
     0     0    0.00000    0  389  930.32247    0.00000   100%     -   77s
H    0     0                     926.8544933    0.00000   100%     -  104s
H    0     0                     922.8856667    0.00000   100%     -  104s
     0     0    0.00000    0  434  922.88567    0.00000   100%     -  105s
H    0     0                     897.3181665    0.00000   100%     -  110s
     0     0    0.00000    0  443  897.31817    0.00000   100%     -  112s
H    0     0                     852.3303824    0.00000   100%     -  149s
     0     0    0.00000    0  301  852.33038    0.00000   100%     -  149s
H    0     0                     742.4851273    0.00000   100%     -  165s
     0     0    0.00000    0  315  742.48513    0.00000   100%     -  166s
     0     0    0.00000    0  302  742.48513    0.00000   100%     -  191s
H    0     0                     742.4752877    0.00000   100%     -  198s
     0     0    0.00000    0  336  742.47529    0.00000   100%     -  199s
     0     0    0.00000    0  296  742.47529    0.00000   100%     -  229s
     0     0    0.00000    0  296  742.47529    0.00000   100%     -  233s
H    0     0                     742.3291333    0.00000   100%     -  246s
     0     2    0.00000    0  296  742.32913    0.00000   100%     -  257s
     3     8    0.00000    2  289  742.32913    0.00000   100%  3950  260s
    15    24    0.00000    4  288  742.32913    0.00000   100%   960  265s
H   31    40                     742.3291313    0.00000   100%   501  320s
H   32    40                     742.3291285    0.00000   100%   488  320s
H   35    40                     742.3291270    0.00000   100%   450  320s
H   37    40                     742.3291268    0.00000   100%   428  320s
H   38    40                     742.3288692    0.00000   100%   417  320s
    55    65    0.00000    9  400  742.32887    0.00000   100%   427  329s
    64    73    0.00000   10  385  742.32887    0.00000   100%   386  332s
    72    81    0.00000   11  367  742.32887    0.00000   100%   351  338s
    80    92    0.00000   12  350  742.32887    0.00000   100%   321  340s
   101   112    0.00000   16  343  742.32887    0.00000   100%   263  345s
   121   134    0.00000   20  345  742.32887    0.00000   100%   225  350s
   143   152    0.00000   24  345  742.32887    0.00000   100%   196  359s
   151   165    0.00000   25  345  742.32887    0.00000   100%   187  362s
   164   182    0.00000   28  345  742.32887    0.00000   100%   174  366s
   181   193    0.00000   32  338  742.32887    0.00000   100%   161  370s
   192   208    0.00000   34  341  742.32887    0.00000   100%   154  375s
   223   241    0.00000   40  338  742.32887    0.00000   100%   136  382s
   240   259    0.00000   43  338  742.32887    0.00000   100%   128  386s
   258   276    0.00000   46  339  742.32887    0.00000   100%   120  390s
   275   284    0.00000   48  339  742.32887    0.00000   100%   114  396s
   283   303    0.00000   49  335  742.32887    0.00000   100%   112  400s
   302   322    0.00000   52  336  742.32887    0.00000   100%   106  406s
   321   344    0.00000   55  338  742.32887    0.00000   100%   101  410s
   343   372    0.00000   59  340  742.32887    0.00000   100%  96.0  415s
   371   399    0.00000   63  339  742.32887    0.00000   100%  90.2  421s
   398   414    0.00000   69  339  742.32887    0.00000   100%  85.7  427s
   413   457    0.00000   74  339  742.32887    0.00000   100%  83.2  435s
   456   501    0.00000   83  339  742.32887    0.00000   100%  77.4  442s
   500   548    0.00000   90  334  742.32887    0.00000   100%  71.9  451s
   547   608    0.00000   99  340  742.32887    0.00000   100%  66.9  461s
   607   694    0.00000  110  340  742.32887    0.00000   100%  62.2  501s
   693   865    0.00000  121  340  742.32887    0.00000   100%  56.4  517s
   864  1012    0.00000  154  341  742.32887    0.00000   100%  47.5  544s
  1011  1342    0.00000  173  342  742.32887    0.00000   100%  41.9  564s
  1341  1688    0.00000  213  337  742.32887    0.00000   100%  33.7  583s
  1687  2060    0.00000  269  342  742.32887    0.00000   100%  28.7  605s
  2059  2509    0.00000  316  340  742.32887    0.00000   100%  25.2  626s
  2508  2980    0.00000  388  338  742.32887    0.00000   100%  22.2  651s
H 2562  2980                     737.4235333    0.00000   100%  22.1  651s
  2979  3577    0.00000  429  334  737.42353    0.00000   100%  19.7  677s
H 3287  3577                     737.4235317    0.00000   100%  18.2  677s
H 3520  3577                     737.4225816    0.00000   100%  17.5  677s
  3576  4352    0.00000  536  344  737.42258    0.00000   100%  17.5  705s
  4351  5094    0.00000  637  345  737.42258    0.00000   100%  15.5  736s
  5093  6039    0.00000  705  344  737.42258    0.00000   100%  14.1  768s
  6038  6529    0.00000  856  353  737.42258    0.00000   100%  12.8  800s
  6528  7565    0.00000  906  349  737.42258    0.00000   100%  12.3  844s
  7565  7566  425.28753   91  296  737.42258    0.00000   100%  11.4 1028s
  7567  7567    0.00000  907  292  737.42258    0.00000   100%  11.4 1065s
  7568  7568    0.00000  755  300  737.42258    0.00000   100%  11.4 1178s
  7569  7569    0.00000  288  282  737.42258    0.00000   100%  11.4 1204s
  7570  7569  457.74210  634  297  737.42258    0.00000   100%  11.4 1261s
  7571  7570  330.50430  172  284  737.42258    0.00000   100%  11.4 1270s
  7572  7571  167.39573  743  298  737.42258    0.00000   100%  11.4 1331s
  7573  7571  425.93370  471  310  737.42258    0.00000   100%  11.4 1340s
  7574  7572  236.94870  306  305  737.42258    0.00000   100%  11.4 1374s
  7575  7573  330.50430  929  300  737.42258    0.00000   100%  11.4 1382s
  7576  7573  171.62083  866  299  737.42258    0.00000   100%  11.4 1434s
  7577  7574  360.40787  846  300  737.42258    0.00000   100%  11.4 1442s
  7578  7575  325.04573  354  300  737.42258    0.00000   100%  11.4 1481s
  7579  7575  292.28413  761  300  737.42258    0.00000   100%  11.4 1491s
  7580  7576  330.50430  912  300  737.42258    0.00000   100%  11.4 1529s
  7581  7580    0.00000   10  301  737.42258    0.00000   100%  19.9 1554s
  7583  7583    0.00000   11  291  737.42258    0.00000   100%  19.9 1556s
  7587  7590    0.00000   12  276  737.42258    0.00000   100%  20.0 1560s
  7603  7600    8.14600   13  294  737.42258    0.00000   100%  20.2 1565s
  7611  7606    0.00000   14  276  737.42258    0.00000   100%  20.2 1720s
  7627  7617    0.00000   15  297  737.42258    0.00000   100%  20.4 1727s
  7636  7622  269.45903   15  294  737.42258    0.00000   100%  20.5 1730s
  7644  7628    0.00000   16  285  737.42258    0.00000   100%  20.6 1803s
  7652  7634  155.79347   16  294  737.42258    0.00000   100%  20.7 1806s
  7661  7644    0.00000   17  289  737.42258    0.00000   100%  20.8 1810s
  7687  7664    0.00000   18  287  737.42258    0.00000   100%  20.9 1818s
  7703  7674    0.00000   19  287  737.42258    0.00000   100%  21.0 1823s
  7718  7685  215.12127   19  284  737.42258    0.00000   100%  21.0 1828s
  7734  7693    0.00000   20  304  737.42258    0.00000   100%  21.1 1832s
  7747  7696   71.38943   20  283  737.42258    0.00000   100%  21.2 1889s
  7755  7711    0.00000   21  305  737.42258    0.00000   100%  21.2 1894s
  7772  7723    0.00000   22  306  737.42258    0.00000   100%  21.3 1900s
  7790  7738    0.00000   23  307  737.42258    0.00000   100%  21.4 1905s
  7811  7752    0.00000   24  304  737.42258    0.00000   100%  21.5 1911s
  7832  7767    0.00000   25  302  737.42258    0.00000   100%  21.5 1916s
  7854  7784    0.00000   26  302  737.42258    0.00000   100%  21.6 1922s
  7878  7806    0.00000   27  302  737.42258    0.00000   100%  21.6 1928s
  7908  7828    0.00000   28  302  737.42258    0.00000   100%  21.7 1935s
  7940  7849    0.00000   29  302  737.42258    0.00000   100%  21.8 1941s
  7972  7865    0.00000   30  300  737.42258    0.00000   100%  21.8 1949s
  7999  7887    0.00000   31  303  737.42258    0.00000   100%  21.9 1956s
  8030  7907    0.00000   32  304  737.42258    0.00000   100%  22.1 1963s
  8060  7928    0.00000   33  303  737.42258    0.00000   100%  22.2 1970s
  8091  7954    0.00000   34  300  737.42258    0.00000   100%  22.4 1978s
  8127  7973  233.99020   35  296  737.42258    0.00000   100%  22.4 1985s
  8158  7997  129.75360   36  302  737.42258    0.00000   100%  22.5 1994s
  8193  8045    0.00000   38  312  737.42258    0.00000   100%  22.6 2002s
  8252  8101    0.00000   40  310  737.42258    0.00000   100%  22.7 2010s
  8328  8145  200.44530   41  307  737.42258    0.00000   100%  22.8 2018s
  8397  8221    0.00000   43  310  737.42258    0.00000   100%  22.8 2027s
  8496  8307    0.00000   47  311  737.42258    0.00000   100%  22.8 2036s
  8615  8354    0.00000   49  312  737.42258    0.00000   100%  22.7 2045s
  8702  8415    0.00000   52  312  737.42258    0.00000   100%  22.8 2054s
  8792  8483  203.33773   54  301  737.42258    0.00000   100%  22.8 2063s
  8890  8527    0.00000   56  312  737.42258    0.00000   100%  22.7 2072s
  8967  8569    0.00000   58  306  737.42258    0.00000   100%  22.8 2084s
  9034  8661    0.00000   61  308  737.42258    0.00000   100%  22.8 2095s
  9149  8744    0.00000   64  306  737.42258    0.00000   100%  23.0 2105s
  9270  8826  149.92557   66  308  737.42258    0.00000   100%  23.1 2117s
  9392  8911    0.00000   69  309  737.42258    0.00000   100%  23.0 2128s
  9518  9029    0.00000   72  309  737.42258    0.00000   100%  23.3 2141s
  9678  9118    0.00000   76  309  737.42258    0.00000   100%  23.2 2153s
  9820  9205    0.00000   79  309  737.42258    0.00000   100%  23.2 2168s
  9955  9184    0.00000   82  308  737.42258    0.00000   100%  23.8 2216s
  9979  9362  180.61173   83  305  737.42258    0.00000   100%  23.9 2230s
 10165  9458    2.45591   86  309  737.42258    0.00000   100%  23.7 2244s
 10323  9562    0.00000   90  307  737.42258    0.00000   100%  23.7 2258s
 10479  9759    0.00000   93  304  737.42258    0.00000   100%  23.7 2274s
 10728  9895    0.00000   96  306  737.42258    0.00000   100%  23.5 2290s
 10947  9987    0.00000  100  310  737.42258    0.00000   100%  23.3 2309s
 11112 10211    0.00000  104  305  737.42258    0.00000   100%  23.3 2326s
 11391 10353  137.26517  107  307  737.42258    0.00000   100%  23.2 2343s
 11626 10538    0.00000  111  307  737.42258    0.00000   100%  23.1 2362s
 11890 10757    0.00000  116  308  737.42258    0.00000   100%  23.1 2382s
 12197 10924    0.00000  121  306  737.42258    0.00000   100%  22.9 2401s
 12466 11149    0.00000  124  301  737.42258    0.00000   100%  22.8 2421s
 12781 11386    0.00000  128  296  737.42258    0.00000   100%  22.7 2442s
 13123 11761    6.84690  132  297  737.42258    0.00000   100%  22.6 2466s
 13612 11985  233.51800  137  308  737.42258    0.00000   100%  22.2 2489s
 13999 12286   86.30240  143  297  737.42258    0.00000   100%  22.0 2513s
 14429 12598    0.00000  149  298  737.42258    0.00000   100%  21.8 2538s
 14884 12940    0.00000  155  307  737.42258    0.00000   100%  21.5 2873s
 15378 13298    0.00000  165  305  737.42258    0.00000   100%  21.3 2899s
 15900 13476    0.00000  173  304  737.42258    0.00000   100%  20.9 2924s
 16252 13371    0.00000  179  302  737.42258    0.00000   100%  21.1 2983s
 16265 13737    0.00000  181  302  737.42258    0.00000   100%  21.1 3009s
 16635 14155    0.00000  186  303  737.42258    0.00000   100%  21.3 3035s
 17176 14473    0.00000  192  303  737.42258    0.00000   100%  21.2 3059s
 17675 15044    0.00000  198  299  737.42258    0.00000   100%  21.0 3084s
 18412 14806    0.00000  202  301  737.42258    0.00000   100%  20.7 3202s
 18420 15379  103.19607  202  346  737.42258    0.00000   100%  20.8 3226s
 18995 15782    0.00000  207  296  737.42258    0.00000   100%  20.5 3252s
 19590 16262    0.00000  213  300  737.42258    0.00000   100%  20.1 3278s
 20268 16044  104.41503  217  302  737.42258    0.00000   100%  19.8 3354s
 20276 16546    0.00000  218  301  737.42258    0.00000   100%  19.8 3405s
 20781 17055    0.00000  228  306  737.42258    0.00000   100%  19.5 3435s
 21458 17544    0.00000  238  306  737.42258    0.00000   100%  19.2 3465s
 22173 18153    0.00000  248  306  737.42258    0.00000   100%  18.9 3496s
 23020 18423    0.00000  257  303  737.42258    0.00000   100%  18.6 3551s
 23573 19123    0.00000  267  305  737.42258    0.00000   100%  18.4 3583s
 24457 19972    0.00000  282  305  737.42258    0.00000   100%  18.1 3618s
 25601 20766    0.00000  293  303  737.42258    0.00000   100%  17.7 3653s
 26776 21399    0.00000  305  303  737.42258    0.00000   100%  17.3 3689s
 27801 21873    0.00000  317  308  737.42258    0.00000   100%  16.9 3765s
 28616 22982    0.00000  329  305  737.42258    0.00000   100%  16.7 3802s
 29997 24473    0.00000  342  308  737.42258    0.00000   100%  16.3 5186s
 31948 25232    0.00000  376  305  737.42258    0.00000   100%  15.8 5255s
 32811 25848    0.00000  387  306  737.42258    0.00000   100%  15.6 5283s
 33427 26998  170.41887  401  309  737.42258    0.00000   100%  15.5 5311s
 34577 28197    0.00000  423  312  737.42258    0.00000   100%  15.2 5381s
 35776 28990    0.00000  460  310  737.42258    0.00000   100%  14.9 5412s
 36569 30003    0.00000  480  308  737.42258    0.00000   100%  14.8 5440s
 37582 31009  167.88810  511  313  737.42258    0.00000   100%  14.6 5463s
 38588 31584    0.00000  542  314  737.42258    0.00000   100%  14.3 5485s
 39163 32307    0.00000  581  314  737.42258    0.00000   100%  14.3 5564s
 39886 32645    0.00000  597  312  737.42258    0.00000   100%  14.1 5590s
 40224 34122    0.00000  618  308  737.42258    0.00000   100%  14.1 5615s
 41701 34978    0.00000  676  312  737.42258    0.00000   100%  13.7 5638s
 42557 34986    0.00000  730  313  737.42258    0.00000   100%  13.6 5861s
 42565 35886  148.01430  730  310  737.42258    0.00000   100%  13.6 5884s
 43465 36396    0.00000  784  311  737.42258    0.00000   100%  13.5 5959s
 43975 37403  147.90450  802  309  737.42258    0.00000   100%  13.4 5981s
 44982 39032    0.00000  823  312  737.42258    0.00000   100%  13.2 6381s
 46611 40266  167.80470  883  307  737.42258    0.00000   100%  13.1 6412s
 47845 41319    0.00000  926  307  737.42258    0.00000   100%  12.9 6495s
 48898 42484    0.00000  938  302  737.42258    0.00000   100%  12.7 6567s
 50063 43533    0.00000  956  310  737.42258    0.00000   100%  12.6 6589s
 51112 44797    0.00000  973  316  737.42258    0.00000   100%  12.4 6609s
 52376 45681    0.00000  994  314  737.42258    0.00000   100%  12.3 6700s
 53260 46558    0.00000 1006  311  737.42258    0.00000   100%  12.2 6720s
 54137 47396    0.00000 1027  310  737.42258    0.00000   100%  12.1 6741s
 54975 48452    0.00000 1067  313  737.42258    0.00000   100%  12.0 6763s
 56032 49399    0.00000 1104  312  737.42258    0.00000   100%  12.0 6784s
 56979 50367    0.00000 1136  310  737.42258    0.00000   100%  11.9 6806s
 57947 51242  120.16553 1164  310  737.42258    0.00000   100%  11.8 6828s
 58822 51788    0.00000 1201  307  737.42258    0.00000   100%  11.8 6910s
 59368 52960    0.00000 1207  306  737.42258    0.00000   100%  11.7 6931s

Cutting planes:
  Gomory: 56
  Implied bound: 353
  Projected implied bound: 867
  MIR: 58
  Flow cover: 627
  RLT: 7
  Relax-and-lift: 5654

Explored 60540 nodes (886795 simplex iterations) in 7204.66 seconds (8441.60 work units)
Thread count was 16 (of 16 available processors)

Solution count 10: 737.423 737.424 737.424 ... 742.475

Time limit reached
Best objective 7.374225816197e+02, best bound 4.365574568510e-11, gap 100.0000%

User-callback calls 743057, time in user-callback 4.22 sec
