
Gurobi 10.0.1 (win64) logging started Sun Sep 21 16:40:44 2025

Set parameter LogFile to value "log_group_6/bound_Expr392_s7_l1051_s11_e12_o30_d60_t60_s27_1_1_1_1.log"
Gurobi Optimizer version 10.0.1 build v10.0.1rc0 (win64)

CPU model: Intel(R) Core(TM) i7-10700 CPU @ 2.90GHz, instruction set [SSE2|AVX|AVX2]
Thread count: 8 physical cores, 16 logical processors, using up to 16 threads

Optimize a model with 558520 rows, 546440 columns and 7936476 nonzeros
Model fingerprint: 0xdf34ffc8
Variable types: 440 continuous, 546000 integer (546000 binary)
Coefficient statistics:
  Matrix range     [1e+00, 9e+02]
  Objective range  [1e+00, 1e+00]
  Bounds range     [1e+00, 1e+03]
  RHS range        [1e+00, 9e+02]
Presolve removed 556806 rows and 545022 columns
Presolve time: 4.83s
Presolved: 1714 rows, 1418 columns, 24439 nonzeros
Variable types: 113 continuous, 1305 integer (1303 binary)
Found heuristic solution: objective 499.1826000

Root simplex log...

Iteration    Objective       Primal Inf.    Dual Inf.      Time
       0    1.5621277e+02   3.230000e+02   0.000000e+00      6s
    1003    1.5621277e+02   0.000000e+00   0.000000e+00      6s

Root relaxation: objective 1.562128e+02, 1003 iterations, 0.03 seconds (0.07 work units)

    Nodes    |    Current Node    |     Objective Bounds      |     Work
 Expl Unexpl |  Obj  Depth IntInf | Incumbent    BestBd   Gap | It/Node Time

     0     0  156.21277    0   61  499.18260  156.21277  68.7%     -    5s
H    0     0                     492.6894000  156.21277  68.3%     -    5s
H    0     0                     421.2642000  156.21277  62.9%     -    5s
     0     0  156.21277    0   46  421.26420  156.21277  62.9%     -    5s
     0     0  156.21277    0   42  421.26420  156.21277  62.9%     -    5s
     0     0  156.21277    0   61  421.26420  156.21277  62.9%     -    5s
     0     0  156.21277    0   53  421.26420  156.21277  62.9%     -    5s
     0     0  156.21277    0   53  421.26420  156.21277  62.9%     -    5s
     0     0  156.21277    0   53  421.26420  156.21277  62.9%     -    5s
     0     0  156.21277    0   53  421.26420  156.21277  62.9%     -    5s
     0     0  156.21277    0   53  421.26420  156.21277  62.9%     -    5s
     0     0  156.21277    0   53  421.26420  156.21277  62.9%     -    5s
     0     0  156.21277    0   51  421.26420  156.21277  62.9%     -    5s
     0     0  156.21277    0   51  421.26420  156.21277  62.9%     -    5s
H    0     0                     344.2406000  156.21277  54.6%     -    6s
H    0     0                     298.1196333  156.21277  47.6%     -    6s
     0     0  156.21277    0   41  298.11963  156.21277  47.6%     -    6s
H    0     0                     258.6209333  156.21277  39.6%     -    6s
     0     0  156.21277    0   28  258.62093  156.21277  39.6%     -    6s
     0     0  156.21277    0   70  258.62093  156.21277  39.6%     -    6s
     0     0  156.21277    0   33  258.62093  156.21277  39.6%     -    6s
     0     0  156.21277    0   75  258.62093  156.21277  39.6%     -    6s
     0     0  156.21277    0   65  258.62093  156.21277  39.6%     -    6s
     0     0  156.21277    0   28  258.62093  156.21277  39.6%     -    6s
     0     0  156.21277    0   29  258.62093  156.21277  39.6%     -    6s
H    0     0                     239.9414000  156.21277  34.9%     -    6s
H    0     0                     231.2049333  156.21277  32.4%     -    6s
     0     0  156.21277    0   57  231.20493  156.21277  32.4%     -    6s
H    0     0                     195.8474333  156.21277  20.2%     -    6s
     0     0  156.21277    0   47  195.84743  156.21277  20.2%     -    6s
H    0     0                     195.2088667  157.60077  19.3%     -    6s
     0     0  157.60077    0   27  195.20887  157.60077  19.3%     -    6s
     0     0  157.60077    0   26  195.20887  157.60077  19.3%     -    6s
     0     2  157.60077    0   26  195.20887  157.60077  19.3%     -    6s
H   30    28                     192.0504667  157.60077  17.9%   231    7s
H   68    56                     190.9449000  157.60077  17.5%   134    7s
H   75    56                     190.0081667  157.60077  17.1%   124    7s
H  119    99                     189.8707667  157.60077  17.0%  84.9    7s
H  164   129                     189.8515667  157.60077  17.0%  66.4    7s
H  329   257                     189.6090667  157.60077  16.9%  40.5    7s
H  343   272                     189.5742667  157.60077  16.9%  39.5    7s
H 8426  4215                     189.5740145  171.83840  9.36%  21.2    9s
H 8450  4225                     189.5735093  171.83840  9.36%  21.3    9s
 10515  5460  184.27681   29   47  189.57351  172.99356  8.75%  21.2   10s
 42515 16150  183.67215   48   70  189.57351  179.52002  5.30%  15.9   15s
H42668 15361                     189.5039000  188.25786  0.66%  16.1   17s
*44462 14300              64     189.4380333  188.43140  0.53%  16.5   17s

Cutting planes:
  Gomory: 6
  Cover: 3
  Implied bound: 7
  Projected implied bound: 8
  Clique: 3
  MIR: 10
  Flow cover: 23
  GUB cover: 2
  Inf proof: 4
  Zero half: 5
  RLT: 13
  Relax-and-lift: 45

Explored 46326 nodes (767115 simplex iterations) in 19.60 seconds (24.69 work units)
Thread count was 16 (of 16 available processors)

Solution count 10: 189.438 189.438 189.504 ... 192.05

Optimal solution found (tolerance 1.00e-04)
Best objective 1.894380333333e+02, best bound 1.894380333333e+02, gap 0.0000%

User-callback calls 97749, time in user-callback 0.10 sec
