
Gurobi 10.0.3 (win64) logging started Sun Sep 21 05:10:26 2025

Set parameter LogFile to value "log_group_6/bound_Expr252_s5_l1051_s11_e12_o20_d41_t1200_s12_1_0_0_1.log"
Gurobi Optimizer version 10.0.3 build v10.0.3rc0 (win64)

CPU model: 11th Gen Intel(R) Core(TM) i7-11700 @ 2.50GHz, instruction set [SSE2|AVX|AVX2|AVX512]
Thread count: 8 physical cores, 16 logical processors, using up to 16 threads

Optimize a model with 111090 rows, 110310 columns and 1100490 nonzeros
Model fingerprint: 0x223c8261
Variable types: 310 continuous, 110000 integer (110000 binary)
Coefficient statistics:
  Matrix range     [1e+00, 9e+02]
  Objective range  [1e+00, 1e+00]
  Bounds range     [1e+00, 1e+03]
  RHS range        [1e+00, 9e+02]
Presolve removed 103825 rows and 103545 columns
Presolve time: 0.71s
Presolved: 7265 rows, 6765 columns, 49088 nonzeros
Variable types: 270 continuous, 6495 integer (6491 binary)

Root relaxation: objective 8.643070e+01, 4112 iterations, 0.29 seconds (0.75 work units)

    Nodes    |    Current Node    |     Objective Bounds      |     Work
 Expl Unexpl |  Obj  Depth IntInf | Incumbent    BestBd   Gap | It/Node Time

     0     0   86.43070    0  121          -   86.43070      -     -    1s
     0     0   86.43070    0  293          -   86.43070      -     -    1s
H    0     0                    2954.7720333   86.43070  97.1%     -    2s
H    0     0                    1640.2016667   86.43070  94.7%     -    3s
H    0     0                    1001.9168333   86.43070  91.4%     -    3s
H    0     0                     940.2278333   86.43070  90.8%     -    3s
H    0     0                     676.1253667   86.43070  87.2%     -    3s
H    0     0                     327.3889333   86.43070  73.6%     -    3s
H    0     0                     277.2000333   86.43070  68.8%     -    3s
     0     0   86.43070    0  143  277.20003   86.43070  68.8%     -    3s
     0     0   86.43070    0  178  277.20003   86.43070  68.8%     -    3s
H    0     0                     276.0801333   86.43070  68.7%     -    3s
H    0     0                     193.4889333   86.43070  55.3%     -    3s
     0     0   86.43070    0  139  193.48893   86.43070  55.3%     -    4s
     0     0   86.43070    0  251  193.48893   86.43070  55.3%     -    4s
     0     0   86.43070    0  231  193.48893   86.43070  55.3%     -    4s
     0     0   88.43597    0  279  193.48893   88.43597  54.3%     -    5s
     0     0   88.43604    0  127  193.48893   88.43604  54.3%     -    5s
     0     0   88.43604    0  203  193.48893   88.43604  54.3%     -    5s
     0     0   88.43604    0  126  193.48893   88.43604  54.3%     -    5s
     0     0   88.43604    0  120  193.48893   88.43604  54.3%     -    5s
     0     0   88.48930    0  138  193.48893   88.48930  54.3%     -    5s
     0     0   88.48930    0  138  193.48893   88.48930  54.3%     -    5s
     0     0   92.11758    0  119  193.48893   92.11758  52.4%     -    5s
     0     0   92.11758    0  116  193.48893   92.11758  52.4%     -    5s
     0     0   92.11758    0  126  193.48893   92.11758  52.4%     -    5s
     0     0   93.79620    0  156  193.48893   93.79620  51.5%     -    5s
     0     0   93.79620    0  156  193.48893   93.79620  51.5%     -    5s
     0     0   93.79620    0  148  193.48893   93.79620  51.5%     -    5s
H    0     0                     189.7091333   93.79620  50.6%     -    5s
H    0     0                     186.1265000   93.79620  49.6%     -    5s
     0     0   93.79620    0  149  186.12650   93.79620  49.6%     -    5s
     0     0   93.79620    0  155  186.12650   93.79620  49.6%     -    5s
H    0     0                     151.6627667   93.79620  38.2%     -    6s
     0     0   93.79620    0   70  151.66277   93.79620  38.2%     -    6s
     0     0   93.79620    0  194  151.66277   93.79620  38.2%     -    6s
     0     0   93.79620    0  196  151.66277   93.79620  38.2%     -    6s
     0     0   93.79620    0  148  151.66277   93.79620  38.2%     -    6s
     0     0   93.79620    0  155  151.66277   93.79620  38.2%     -    6s
     0     0   93.79620    0  173  151.66277   93.79620  38.2%     -    6s
     0     0   93.79620    0  218  151.66277   93.79620  38.2%     -    6s
     0     0   93.79620    0  194  151.66277   93.79620  38.2%     -    6s
     0     0   93.79620    0  176  151.66277   93.79620  38.2%     -    6s
     0     0   93.79620    0  229  151.66277   93.79620  38.2%     -    6s
     0     0   93.79620    0  229  151.66277   93.79620  38.2%     -    6s
H    0     0                     121.0605667   93.79620  22.5%     -    6s
     0     0   93.79620    0  201  121.06057   93.79620  22.5%     -    6s
     0     0   93.79620    0  199  121.06057   93.79620  22.5%     -    6s
     0     0   93.79620    0  131  121.06057   93.79620  22.5%     -    6s
     0     0   93.79620    0  130  121.06057   93.79620  22.5%     -    6s
     0     0   93.79620    0  122  121.06057   93.79620  22.5%     -    6s
     0     0   93.79620    0  103  121.06057   93.79620  22.5%     -    6s
     0     0   93.79620    0  164  121.06057   93.79620  22.5%     -    7s
     0     0   93.79620    0  103  121.06057   93.79620  22.5%     -    7s
     0     0   93.79620    0  119  121.06057   93.79620  22.5%     -    7s
     0     0   93.79620    0  102  121.06057   93.79620  22.5%     -    7s
     0     0   93.79620    0  102  121.06057   93.79620  22.5%     -    7s
     0     0   95.52228    0  178  121.06057   95.52228  21.1%     -    7s
     0     0   97.64180    0   58  121.06057   97.64180  19.3%     -    7s
     0     0  105.13143    0  115  121.06057  105.13143  13.2%     -    7s
     0     0  106.24741    0  103  121.06057  106.24741  12.2%     -    7s
     0     0  106.24852    0   83  121.06057  106.24852  12.2%     -    7s
     0     0  106.35194    0   82  121.06057  106.35194  12.1%     -    7s
     0     0  107.19943    0   71  121.06057  107.19943  11.4%     -    7s
     0     0  107.19943    0   71  121.06057  107.19943  11.4%     -    7s
     0     0  107.19943    0   71  121.06057  107.19943  11.4%     -    7s
     0     0  107.78149    0  103  121.06057  107.78149  11.0%     -    7s
     0     0  107.78149    0  103  121.06057  107.78149  11.0%     -    7s
     0     0  107.78149    0  103  121.06057  107.78149  11.0%     -    7s
     0     0  110.55293    0  113  121.06057  110.55293  8.68%     -    7s
     0     0  110.55293    0   35  121.06057  110.55293  8.68%     -    8s
     0     0  110.55293    0   54  121.06057  110.55293  8.68%     -    8s
     0     0  111.31684    0   68  121.06057  111.31684  8.05%     -    8s
     0     0  111.81517    0   53  121.06057  111.81517  7.64%     -    8s
     0     0  111.82436    0   52  121.06057  111.82436  7.63%     -    8s
     0     0  111.82476    0   52  121.06057  111.82476  7.63%     -    8s
     0     0  114.13152    0   77  121.06057  114.13152  5.72%     -    8s
     0     0  114.13526    0   77  121.06057  114.13526  5.72%     -    8s
     0     0  114.14532    0   73  121.06057  114.14532  5.71%     -    8s
     0     0  114.21713    0   74  121.06057  114.21713  5.65%     -    8s
     0     0  114.22760    0   70  121.06057  114.22760  5.64%     -    8s
     0     0  114.23109    0   68  121.06057  114.23109  5.64%     -    8s
     0     0  114.23109    0   69  121.06057  114.23109  5.64%     -    8s
     0     0  118.19316    0   81  121.06057  118.19316  2.37%     -    8s
     0     0  118.43161    0   36  121.06057  118.43161  2.17%     -    8s
     0     0  118.43161    0   36  121.06057  118.43161  2.17%     -    8s
     0     0  118.43161    0   36  121.06057  118.43161  2.17%     -    8s
     0     0  118.43161    0   36  121.06057  118.43161  2.17%     -    8s
     0     0  118.83927    0   55  121.06057  118.83927  1.83%     -    8s
     0     0  118.83927    0   58  121.06057  118.83927  1.83%     -    8s
     0     0  118.83927    0   58  121.06057  118.83927  1.83%     -    8s
H    0     0                     121.0224000  118.83927  1.80%     -    8s
     0     0  118.83927    0   58  121.02240  118.83927  1.80%     -    8s
     0     0  118.83927    0   57  121.02240  118.83927  1.80%     -    8s
     0     0  120.83977    0   30  121.02240  120.83977  0.15%     -    8s
     0     0  120.83977    0   28  121.02240  120.83977  0.15%     -    8s
     0     0  120.83977    0   24  121.02240  120.83977  0.15%     -    8s
     0     0  120.83977    0   25  121.02240  120.83977  0.15%     -    8s
     0     0  120.83977    0   27  121.02240  120.83977  0.15%     -    8s
     0     0  120.83977    0   22  121.02240  120.83977  0.15%     -    8s
     0     0  120.83977    0   24  121.02240  120.83977  0.15%     -    8s
     0     0  120.83977    0   29  121.02240  120.83977  0.15%     -    8s
     0     0  120.83977    0   40  121.02240  120.83977  0.15%     -    8s
H    0     0                     120.9599000  120.83977  0.10%     -    8s
     0     0  120.83977    0   32  120.95990  120.83977  0.10%     -    8s
     0     0  120.84132    0   33  120.95990  120.84132  0.10%     -    8s
     0     0  120.84132    0   34  120.95990  120.84132  0.10%     -    8s
     0     0  120.84132    0   33  120.95990  120.84132  0.10%     -    8s
     0     0  120.84597    0   27  120.95990  120.84597  0.09%     -    8s
H    0     0                     120.9021333  120.84597  0.05%     -    8s
     0     0  120.84597    0   28  120.90213  120.84597  0.05%     -    8s
     0     0  120.84820    0   33  120.90213  120.84820  0.04%     -    8s
     0     0  120.85423    0   22  120.90213  120.85423  0.04%     -    8s
     0     0  120.85423    0   22  120.90213  120.85423  0.04%     -    8s
     0     0  120.85423    0   22  120.90213  120.85423  0.04%     -    8s
     0     0  120.85423    0   29  120.90213  120.85423  0.04%     -    8s
H    0     0                     120.8679000  120.85423  0.01%     -    8s
     0     0  120.85447    0   16  120.86790  120.85447  0.01%     -    8s
     0     0  120.85448    0   16  120.86790  120.85448  0.01%     -    8s
*    0     0               0     120.8637000  120.86370  0.00%     -    8s

Cutting planes:
  Cover: 2
  Implied bound: 4
  Clique: 5
  MIR: 7
  Relax-and-lift: 4

Explored 1 nodes (42574 simplex iterations) in 8.66 seconds (14.11 work units)
Thread count was 16 (of 16 available processors)

Solution count 10: 120.864 120.868 120.902 ... 193.489

Optimal solution found (tolerance 1.00e-04)
Best objective 1.208637000000e+02, best bound 1.208637000000e+02, gap 0.0000%

User-callback calls 1981, time in user-callback 0.01 sec
