
Gurobi 10.0.3 (win64) logging started Sun Sep 21 05:55:54 2025

Set parameter LogFile to value "log_group_6/bound_Expr177_s7_l1051_s11_e12_o40_d80_t7200_s37_1_0_0_0.log"
Gurobi Optimizer version 10.0.3 build v10.0.3rc0 (win64)

CPU model: 11th Gen Intel(R) Core(TM) i7-11700 @ 2.50GHz, instruction set [SSE2|AVX|AVX2|AVX512]
Thread count: 8 physical cores, 16 logical processors, using up to 16 threads

Optimize a model with 729546 rows, 728470 columns and 7253966 nonzeros
Model fingerprint: 0x52136f2e
Variable types: 470 continuous, 728000 integer (728000 binary)
Coefficient statistics:
  Matrix range     [4e-01, 8e+02]
  Objective range  [1e+00, 1e+00]
  Bounds range     [1e+00, 1e+03]
  RHS range        [1e+00, 8e+02]
Presolve removed 711670 rows and 711287 columns
Presolve time: 2.48s
Presolved: 17876 rows, 17183 columns, 101430 nonzeros
Variable types: 390 continuous, 16793 integer (16793 binary)
Found heuristic solution: objective 5829.1482333
Deterministic concurrent LP optimizer: primal and dual simplex
Showing first log only...

Concurrent spin time: 0.05s

Solved with primal simplex

Root relaxation: objective 0.000000e+00, 6294 iterations, 0.36 seconds (0.75 work units)

    Nodes    |    Current Node    |     Objective Bounds      |     Work
 Expl Unexpl |  Obj  Depth IntInf | Incumbent    BestBd   Gap | It/Node Time

     0     0    0.00000    0  148 5829.14823    0.00000   100%     -    4s
H    0     0                    5276.6165000    0.00000   100%     -    5s
     0     0    0.00000    0  276 5276.61650    0.00000   100%     -    6s
H    0     0                    2832.7323333    0.00000   100%     -    8s
     0     0    0.00000    0  145 2832.73233    0.00000   100%     -   10s
     0     0    0.00000    0  144 2832.73233    0.00000   100%     -   14s
H    0     0                    2043.4031333    0.00000   100%     -   16s
     0     0    0.00000    0  195 2043.40313    0.00000   100%     -   16s
H    0     0                    1002.0288667    0.00000   100%     -   20s
     0     0    0.00000    0  147 1002.02887    0.00000   100%     -   20s
     0     0    0.00000    0  146 1002.02887    0.00000   100%     -   21s
H    0     0                     947.7449667    0.00000   100%     -   23s
H    0     2                     724.1748333    0.00000   100%     -   29s
     0     2    0.00000    0  121  724.17483    0.00000   100%     -   29s
     1     4    0.00000    1  414  724.17483    0.00000   100%  6403   30s
H   31    40                     637.3414333    0.00000   100%   397   40s
H   32    40                     464.8330667    0.00000   100%   388   40s
H   34    40                     453.8846000    0.00000   100%   371   40s
   151   162    0.00000   22  215  453.88460    0.00000   100%   193   45s
H  203   206                     453.1592667    0.00000   100%   166   50s
H  364   365                     452.6856333    0.00000   100%   106   57s
H  365   365                     377.6270667    0.00000   100%   106   57s
   485   553    0.00000   62  229  377.62707    0.00000   100%   100   60s
   922  1047    0.00000  143  201  377.62707    0.00000   100%  73.8   66s
H 1515  1742                     374.4422333    0.00000   100%  57.1   72s
  1925  1996    0.00000  189  148  374.44223    0.00000   100%  50.8   77s
H 1962  1860                     341.0049000    0.00000   100%  50.9   78s
  2228  2295    0.00000  201  165  341.00490    0.00000   100%  47.4   81s
H 3032  2530                     333.6626000    0.00000   100%  46.5   94s
H 3033  2034                     282.3822000    0.00000   100%  46.5   94s
H 3040  2365                     249.2457667    0.00000   100%  47.1   97s
  3593  2645    0.00000  346  191  249.24577    0.00000   100%  48.0  101s
  3972  2654    4.43658  444  334  249.24577    0.00000   100%  56.6  108s
  4017  2704    6.87452  445  334  249.24577    0.00000   100%  68.7  114s
  4107  2705  202.81543  558  146  249.24577    0.00000   100%  77.5  222s
H 4108  2570                     248.5673667    0.00000   100%  77.5  243s
H 4109  2442                     248.4002667    0.00000   100%  77.5  265s
H 4110  2320                     244.2584886    0.00000   100%  77.5  267s
H 4110  2204                     244.2584000    0.00000   100%  77.5  267s
  4111  2205  108.66727  243  453  244.25840    0.00000   100%  77.5  271s
  4112  2205  147.22320  435  234  244.25840    0.00000   100%  77.4  289s
  4113  2206  206.81420  422  433  244.25840    0.00000   100%  77.4  297s
H 4113  2096                     244.2551000    0.00000   100%  77.4  310s
  4114  2097  124.89422  337  634  244.25510    1.65526  99.3%  77.4  317s
  4115  2097  216.66850  369  640  244.25510    1.72557  99.3%  77.4  322s
  4116  2098  202.81543  424  546  244.25510    6.45462  97.4%  77.4  334s
  4117  2099  105.00843  377  543  244.25510    6.83252  97.2%  77.3  339s
  4118  2099   97.80700  101  578  244.25510   16.06443  93.4%  77.3  359s
H 4118  1994                     243.6791000   16.06443  93.4%  77.3  360s
  4120  1996  134.32220    7  586  243.67910   16.58520  93.2%  77.3  365s
H 4120  1896                     241.9757667   30.22487  87.5%  77.3  375s
  4125  1899  231.34070  242  684  241.97577   33.72072  86.1%  77.2  384s
  4126  1900  134.32220  466  799  241.97577   45.95509  81.0%  77.2  396s
  4129  1902  134.32220  253  842  241.97577   46.82577  80.6%  77.1  400s
H 4129  1806                     241.7525333   46.82577  80.6%  77.1  405s
H 4130  1715                     241.5941333   60.19058  75.1%  77.1  420s
  4135  1719  134.32220  240  891  241.59413   60.67295  74.9%  77.0  429s
  4136  1719   70.18088  206  844  241.59413   70.18088  71.0%  77.0  442s
  4139  1721  101.59573  393  876  241.59413   70.80516  70.7%  76.9  445s
  4140  1722  239.33063   99  877  241.59413   70.80516  70.7%  76.9  451s
  4141  1723  202.81543  477  700  241.59413   82.49630  65.9%  76.9  464s
  4142  1723   82.95960   81  813  241.59413   82.95960  65.7%  76.9  466s
  4146  1726   83.06838  133  826  241.59413   83.06838  65.6%  76.8  474s
  4147  1727  141.10140   29  846  241.59413   93.78272  61.2%  76.8  487s
  4149  1728  134.32220   64  856  241.59413   94.93816  60.7%  76.8  490s
  4151  1729  108.66727  340  859  241.59413   94.94706  60.7%  76.7  498s
  4152  1730  105.00843  336  818  241.59413  104.69217  56.7%  76.7  512s
  4155  1732  105.21139  328  846  241.59413  105.21139  56.5%  76.6  520s
  4156  1733  202.81543  146  834  241.59413  113.95527  52.8%  76.6  532s
  4158  1734  202.81543  423  846  241.59413  114.40785  52.6%  76.6  535s
  4159  1735  134.32220  538  845  241.59413  114.40885  52.6%  76.6  540s
  4160  1735  224.66850  373  829  241.59413  122.61384  49.2%  76.5  552s
  4163  1737  122.86110  171  845  241.59413  122.86110  49.1%  76.5  560s
  4164  1738  202.81543  656  818  241.59413  130.86435  45.8%  76.5  574s
  4165  1739  147.67603  122  833  241.59413  131.20373  45.7%  76.5  576s
  4167  1740  131.20791  272  830  241.59413  131.20791  45.7%  76.4  583s
  4168  1741  202.81543  420  844  241.59413  144.17035  40.3%  76.4  601s
  4171  1743  202.81543  123  850  241.59413  144.24406  40.3%  76.3  609s
  4172  1743  155.55407  244  829  241.59413  155.55407  35.6%  76.3  623s
  4173  1744  156.66850  318  831  241.59413  156.66850  35.2%  76.3  625s
  4175  1745  202.81543  119  840  241.59413  156.78344  35.1%  76.3  632s
  4176  1746  163.68312  459  813  241.59413  163.68312  32.2%  76.3  643s
  4178  1747  163.81326  216  826  241.59413  163.81326  32.2%  76.2  645s
  4179  1748  163.81347  334  826  241.59413  163.81347  32.2%  76.2  651s
  4180  1749  168.68400  450  809  241.59413  168.68400  30.2%  76.2  661s
  4182  1750  168.98790  259  826  241.59413  168.98790  30.1%  76.1  669s
  4183  1751  174.59776  477  854  241.59413  174.59776  27.7%  76.1  679s
  4184  1751  214.03080  440  858  241.59413  174.69281  27.7%  76.1  680s
  4187  1753  174.69859  405  864  241.59413  174.69859  27.7%  76.1  688s
  4188  1754  178.21518  221  813  241.59413  178.21518  26.2%  76.0  698s
  4189  1755  178.45532  486  827  241.59413  178.45532  26.1%  76.0  700s
  4191  1756  178.46632  258  836  241.59413  178.46632  26.1%  76.0  707s
  4192  1757  183.05258  366  810  241.59413  183.05258  24.2%  76.0  720s
  4194  1758  184.84043  364  822  241.59413  183.12580  24.2%  75.9  727s
  4195  1759  185.95140  414  727  241.59413  185.95140  23.0%  75.9  739s
  4196  1759  186.07090  119  730  241.59413  186.07090  23.0%  75.9  741s
  4198  1761  186.08329  180  736  241.59413  186.08329  23.0%  75.9  751s
  4201  1764  190.30481   74  146  241.59413  190.30481  21.2%   112  853s
  4203  1765  202.26120  184  170  241.59413  190.30481  21.2%   112  861s
  4204  1766  202.81543  565  632  241.59413  190.30481  21.2%   112  869s
  4205  1767  190.30481  165  762  241.59413  190.30481  21.2%   112  875s
  4206  1767  190.30481  272  802  241.59413  190.30481  21.2%   112  881s
  4210  1770  193.86348  343  812  241.59413  193.86348  19.8%   111  885s
  4211  1771  198.54089  243  724  241.59413  198.54089  17.8%   111  890s
  4216  1774  202.81543  424  726  241.59413  202.60547  16.1%   111  897s
  4220  1777  204.02435    7  734  241.59413  204.02435  15.6%   111  901s
  4221  1777  206.45156  345  698  241.59413  206.45156  14.5%   111  905s
  4224  1779  208.48625   34  668  241.59413  208.48625  13.7%   111  911s
  4227  1781  209.33670  410  684  241.59413  209.33670  13.4%   111  918s
  4230  1783  210.26711  373  662  241.59413  210.26711  13.0%   111  923s
  4231  1784  210.26711  116  662  241.59413  210.26711  13.0%   111  927s
  4234  1786  211.15923  534  633  241.59413  211.15923  12.6%   111  933s
  4236  1787  211.16108  206  666  241.59413  211.16108  12.6%   111  935s
  4238  1789  211.35835  359  659  241.59413  211.35835  12.5%   111  942s
  4242  1791  211.63618   81  676  241.59413  211.63618  12.4%   111  945s
  4247  1795  212.19500   29  662  241.59413  212.19500  12.2%   110  951s
  4250  1798  212.70518  279  146  241.59413  212.70518  12.0%   127  957s
  4252  1799  212.70518  336  343  241.59413  212.70518  12.0%   127  965s
  4253  1800  233.93580  446  546  241.59413  212.70518  12.0%   127  973s
  4254  1801  212.70518  379  660  241.59413  212.70518  12.0%   127  977s
  4255  1801  213.41753  328  658  241.59413  213.41753  11.7%   127  981s
  4258  1803  214.00701  423  668  241.59413  214.00701  11.4%   127  985s
  4261  1805  214.36085  266  661  241.59413  214.36085  11.3%   127  990s
  4265  1808  215.14338  122  656  241.59413  215.14338  10.9%   127  995s
  4268  1810  215.19134  420  671  241.59413  215.19134  10.9%   127 1000s
  4272  1813  215.21201  244  682  241.59413  215.21201  10.9%   127 1005s
  4276  1815  215.34696  459  609  241.59413  215.34696  10.9%   126 1012s
  4280  1818  215.39719  450  622  241.59413  215.39719  10.8%   126 1016s
  4284  1821  215.42918  440  637  241.59413  215.42918  10.8%   126 1021s
  4287  1823  215.53747  405  600  241.59413  215.53747  10.8%   126 1025s
  4291  1825  215.60480  258  603  241.59413  215.60480  10.8%   126 1030s
  4295  1828  215.62707  414  680  241.59413  215.62707  10.7%   126 1035s
  4297  1829  215.63852  277  680  241.59413  215.63852  10.7%   126 1040s
  4300  1831  216.11411  362  675  241.59413  216.11411  10.5%   126 1047s
  4304  1834  216.40608  565  668  241.59413  216.40608  10.4%   126 1053s
  4307  1836  216.41172  558  672  241.59413  216.41172  10.4%   126 1055s
  4310  1838  217.77496  343  575  241.59413  217.77496  9.86%   125 1063s
  4312  1839  217.77877  435  567  241.59413  217.77877  9.86%   125 1065s
  4315  1843  217.78971  369  146  241.59413  217.78971  9.85%   144 1070s
  4317  1844  217.78971  377  188  241.59413  217.78971  9.85%   144 1078s
  4320  1848  217.78971    7  146  241.59413  217.78971  9.85%   150 1083s
  4322  1849  217.78971  510  244  241.59413  217.78971  9.85%   150 1092s
  4323  1850  239.33063  142  589  241.59413  217.78971  9.85%   150 1096s
  4326  1852  217.78971  466  613  241.59413  217.78971  9.85%   150 1101s
  4329  1854  217.78971  253  519  241.59413  217.78971  9.85%   150 1105s
  4331  1855  217.78971  116  568  241.59413  217.78971  9.85%   150 1110s
  4334  1857  217.78971  534  521  241.59413  217.78971  9.85%   150 1116s
  4338  1859  217.78971   57  447  241.59413  217.78971  9.85%  85.9 1123s
  4346  1856  217.78971   61  439  241.59413  217.78971  9.85%  89.3 1125s
  4366  1863  217.78971   68  427  241.59413  217.78971  9.85%  91.7 1131s
  4390  1860  239.83115   70  414  241.59413  217.78971  9.85%  93.9 1140s
  4459  1861  217.78971   76  383  241.59413  217.78971  9.85%  96.4 1146s
  4481  1869  217.78971   77  383  241.59413  217.78971  9.85%  97.3 1151s
  4651  1921  217.78971   86  278  241.59413  217.78971  9.85%  98.7 1155s
  4870  1960  217.78971   74  376  241.59413  217.78971  9.85%   100 1160s
  5022  1977  219.88787   77  278  241.59413  217.78971  9.85%   101 1165s
  5399  2049     cutoff   82       241.59413  217.78971  9.85%  98.2 1171s
  5620  2091  217.78971   94  254  241.59413  217.78971  9.85%  98.9 1175s
  6092  2214  224.25064  158   94  241.59413  217.78971  9.85%  95.2 1181s
  6672  2460  220.77684   86  254  241.59413  217.78971  9.85%  91.0 1185s
  7309  2629  231.94244  134  141  241.59413  217.78971  9.85%  87.4 1190s
  7883  2867     cutoff  138       241.59413  217.78971  9.85%  85.6 1195s
  8146  2810  225.35972   93  232  241.59413  217.78971  9.85%  84.3 1200s
  8606  3104     cutoff  117       241.59413  217.78971  9.85%  83.5 1205s
  9544  3493     cutoff   99       241.59413  217.78971  9.85%  82.5 1212s
 10066  3745  228.89291   99  237  241.59413  217.78971  9.85%  82.3 1216s
 10809  4121  223.04198  101  185  241.59413  217.78971  9.85%  82.7 1221s
 11721  4977  227.90030  138  115  241.59413  217.78971  9.85%  80.9 1227s
 12412  5536  220.85954  107  135  241.59413  217.78971  9.85%  79.1 1231s
 14010  6495     cutoff  106       241.59413  217.78971  9.85%  74.0 1237s
 14558  7234  226.14474  147   99  241.59413  217.78971  9.85%  73.7 1251s
 15871  7653  239.57919  109  189  241.59413  217.78971  9.85%  71.7 1256s
 17015  8178  220.95151  111  162  241.59413  217.78971  9.85%  70.6 1266s
 17419  8822  229.38445  123  186  241.59413  217.78971  9.85%  70.0 1272s
 17974  9166  227.12112  133  184  241.59413  217.78971  9.85%  69.5 1275s
 18900  9850  230.80703  111  242  241.59413  217.78971  9.85%  69.8 1282s
 19523 10429  227.76209  122  182  241.59413  217.78971  9.85%  70.0 1286s
 20934 11394  239.96984   87  303  241.59413  217.79176  9.85%  69.1 1293s
 21776 11538  232.33393  137   74  241.59413  217.86820  9.82%  68.5 1297s
 22058 12157  227.70319  116   93  241.59413  217.88047  9.82%  68.7 1301s
 22943 12758  219.23284   85  271  241.59413  217.93609  9.79%  68.3 1306s
 23884 13469  234.26342  137  112  241.59413  217.96548  9.78%  67.8 1311s
 24924 13872  230.90180  116  144  241.59413  218.01442  9.76%  67.1 1315s
 26382 14629  228.98174  109  107  241.59413  218.06277  9.74%  67.8 1324s
 26792 15274  219.18907   99  246  241.59413  218.07450  9.74%  67.5 1329s
 27824 15942  226.41020  105  196  241.59413  218.11851  9.72%  67.2 1334s
 28819 16071  235.77985   99  181  241.59413  218.14288  9.71%  66.9 1338s
 29068 16423  241.32048  106  179  241.59413  218.15960  9.70%  67.0 1602s
 29677 17643     cutoff  104       241.59413  218.22640  9.67%  67.3 1615s
 31671 17770     cutoff  114       241.59413  218.30338  9.64%  66.8 1620s
 31844 18356  222.48877  100  233  241.59413  218.31218  9.64%  66.9 1627s
 32797 19051     cutoff  145       241.59413  218.37799  9.61%  66.7 1634s
 33889 19852  231.70078  130   99  241.59413  218.38754  9.61%  66.2 1641s
 35137 20458  227.12855  104  218  241.59413  218.46921  9.57%  65.6 1647s
 36088 20978  220.25170  117   75  241.59413  218.49967  9.56%  65.3 1653s
 36910 21304  238.67088  133  109  241.59413  218.54458  9.54%  65.4 1659s
 37369 22032  222.13769  113  110  241.59413  218.55683  9.54%  65.2 1665s
 38448 22544  221.37987   85  235  241.59413  218.60100  9.52%  64.9 1670s
 39171 23012  232.07616  105  242  241.59413  218.61659  9.51%  65.0 1675s
 39882 23335  235.42935  112  168  241.59413  218.65365  9.50%  65.3 1680s
 40380 23398  226.93711  129  130  241.59413  218.66282  9.49%  65.4 1685s
 40481 24093     cutoff  148       241.59413  218.66282  9.49%  65.5 1690s
 41463 24427     cutoff  105       241.59413  218.68791  9.48%  65.4 1695s
 42071 25026     cutoff  114       241.59413  218.70541  9.47%  65.4 1700s
 42966 25227  227.41027  111  158  241.59413  218.75150  9.45%  65.4 1705s
 43316 25790  223.43945  104  147  241.59413  218.75457  9.45%  65.4 1712s
 44202 26598  223.88325  113  128  241.59413  218.80318  9.43%  65.4 1731s
 45502 27165  222.17594   98  235  241.59413  218.83073  9.42%  64.8 1736s
 46295 27694  228.20166  109  234  241.59413  218.86432  9.41%  64.8 1742s
 47094 27841  228.21711  150   83  241.59413  218.92621  9.38%  64.8 1749s
 47343 28485  233.86131  153   80  241.59413  218.93692  9.38%  64.7 1756s
 48358 28627  224.66517   97  134  241.59413  218.94213  9.38%  64.5 1761s
 48623 29159  234.57393  104  128  241.59413  218.94213  9.38%  64.6 1766s
 49403 29774  230.57380  104  241  241.59413  219.02775  9.34%  64.8 1772s
 50324 30327  235.09773  107  241  241.59413  219.06549  9.32%  64.8 1778s
 51165 30980  234.06768  103  231  241.59413  219.11859  9.30%  64.9 1783s
 52132 31555  229.03564  105  139  241.59413  219.13721  9.30%  64.9 1788s
 53021 31761  238.21701  127  121  241.59413  219.14042  9.29%  64.8 1792s
 53334 32581  229.67363   99  177  241.59413  219.14774  9.29%  64.9 1798s
 54547 33133  220.59194  112  179  241.59413  219.14992  9.29%  64.5 1802s
 55414 33694  227.72382  123  259  241.59413  219.21239  9.26%  64.4 1808s
 56256 33921  220.45423  100   89  241.59413  219.21251  9.26%  64.5 1813s
 56716 34312  221.89961  100  181  241.59413  219.23371  9.26%  64.4 1819s
 57365 35003  220.41361  107  143  241.59413  219.25485  9.25%  64.2 1826s
 58443 35203  228.12651  104  158  241.59413  219.27383  9.24%  64.0 1834s
 58791 35910  230.30228  122  141  241.59413  219.28130  9.24%  63.9 1851s
 59900 36336  220.06229   97  234  241.59413  219.31048  9.22%  64.0 1857s
 60547 36708  233.82337  122   89  241.59413  219.32254  9.22%  64.0 1864s
 61120 37398  224.33905  106  174  241.59413  219.32254  9.22%  64.0 1871s
 62267 38037  236.59182  100  178  241.59413  219.34045  9.21%  63.9 1878s
 63369 38696  235.05518  155  102  241.59413  219.38607  9.19%  63.7 1885s
 64517 39350  230.53299  122  222  241.59413  219.39050  9.19%  63.5 1892s
 65465 39645  228.16951  103   74  241.59413  219.41721  9.18%  63.4 1898s
 66025 40001  227.92473  100  193  241.59413  219.42629  9.18%  63.3 1904s
 66556 40508  235.22095  106  241  241.59413  219.44895  9.17%  63.2 1910s
 67379 41187  232.15179  127  123  241.59413  219.46906  9.16%  63.3 1917s
 68456 41787  223.38852  108  121  241.59413  219.48132  9.15%  63.1 1923s
 69447 42446  226.57803  129  110  241.59413  219.50888  9.14%  63.0 1929s
 70421 42606  240.28933  139  129  241.59413  219.51417  9.14%  63.0 1934s
 70706 43207  222.05901   97  148  241.59413  219.51971  9.14%  63.0 1941s
 71652 43365  225.71544  103  148  241.59413  219.51971  9.14%  63.0 1950s
 71872 43950  223.78498  103  146  241.59413  219.51971  9.14%  63.1 1955s
 72713 44534  234.71486  132  121  241.59413  219.53909  9.13%  63.1 1962s
 73625 44719  226.65049   97  147  241.59413  219.56643  9.12%  63.2 1979s
 73982 46655  234.33428  105  235  241.59413  219.57244  9.12%  63.2 2001s
 77053 46941  226.01735   89  246  241.59413  219.63935  9.09%  63.0 2008s
 77520 47091  226.50882  103  125  241.59413  219.64554  9.08%  63.0 2011s
 77735 47766  227.63723  121   90  241.59413  219.65174  9.08%  63.0 2017s
 78677 48334  229.83390  136  147  241.59413  219.66289  9.08%  62.9 2022s
 79730 49001  238.76125  157   73  241.59413  219.68404  9.07%  62.8 2027s
 80700 49528  230.69111  116  133  241.59413  219.68838  9.07%  62.8 2033s
 81476 50209     cutoff   97       241.59413  219.70322  9.06%  62.9 2039s
 82515 50480     cutoff  105       241.59413  219.73924  9.05%  62.8 2044s
 82945 51140  220.02410  122   94  241.59413  219.74619  9.04%  62.7 2051s
 83962 51350  231.93461  121  108  241.59413  219.76752  9.03%  62.6 2061s
 84286 51949  231.93461  123  110  241.59413  219.78055  9.03%  62.6 2068s
 85298 52398  240.70052  134  103  241.59413  219.78515  9.03%  62.6 2075s
 85978 53035  239.05497  165   79  241.59413  219.79646  9.02%  62.5 2082s
 86955 53634  228.43075  113  117  241.59413  219.80950  9.02%  62.4 2088s
 87873 53980     cutoff  113       241.59413  219.83015  9.01%  62.4 2093s
 88392 54538     cutoff  105       241.59413  219.84186  9.00%  62.4 2109s
 88808 54538     cutoff  138       241.59413  219.85025  9.00%  62.5 2110s
 89295 55326  232.45793  112  201  241.59413  219.87111  8.99%  62.6 2115s
 90407 55672  229.37208   94  134  241.59413  219.89488  8.98%  62.6 2120s
 90900 56387  223.84520  101  241  241.59413  219.91086  8.98%  62.5 2125s
 91998 56616  222.70435   93  236  241.59413  219.92983  8.97%  62.5 2130s
 92523 57125  239.74049  111  156  241.59413  219.93165  8.97%  62.5 2137s
 93428 57321     cutoff   98       241.59413  219.96866  8.95%  62.5 2142s
 93794 58015     cutoff  116       241.59413  219.98227  8.95%  62.6 2150s
 94909 58060  225.48984  105  187  241.59413  220.01091  8.93%  62.6 2162s
 94978 58720  225.48984  106  188  241.59413  220.01674  8.93%  62.6 2169s
 96005 58864  232.14701  125  113  241.59413  220.03383  8.92%  62.6 2174s
 96261 59486  223.44654  101  137  241.59413  220.04072  8.92%  62.7 2181s
 97241 59847  233.56083   97  253  241.59413  220.05336  8.92%  62.7 2187s
 97894 60613  239.88060  104  329  241.59413  220.07797  8.91%  62.8 2195s
 99053 61275  234.51723  108  215  241.59413  220.09886  8.90%  62.7 2203s
 100085 61507  239.30690  184   53  241.59413  220.13805  8.88%  62.7 2208s
 100499 62079  231.30131  119  152  241.59413  220.13952  8.88%  62.7 2215s
 101414 62728  231.21541  114  120  241.59413  220.15137  8.88%  62.8 2222s
 102434 63284     cutoff   98       241.59413  220.16440  8.87%  62.8 2229s
 103367 63653  232.34203  142   90  241.59413  220.17744  8.86%  62.8 2247s
 104003 64109  239.77959  137  135  241.59413  220.19709  8.86%  62.9 2256s
 104690 65324  230.26628  108  190  241.59413  220.19709  8.86%  62.9 2271s
 106639 66245  222.61133   85  234  241.59413  220.24193  8.84%  62.9 2281s
 108020 66892  241.34154  103  230  241.59413  220.25808  8.83%  62.7 2289s
 109036 67673  226.34222  137  125  241.59413  220.28448  8.82%  62.7 2297s
 110197 68237  225.15669  104  211  241.59413  220.29772  8.81%  62.5 2304s
 111140 68905  232.30418  201   51  241.59413  220.30613  8.81%  62.5 2311s
 112173 69258  232.28002  132  108  241.59413  220.32700  8.80%  62.5 2317s
 112666 69901  240.28244  118  150  241.59413  220.33437  8.80%  62.4 2323s
 113630 70071  232.06437  108  181  241.59413  220.34587  8.80%  62.4 2333s
 113890 70768  221.53721  115  222  241.59413  220.34715  8.79%  62.4 2339s
 114973 71574  227.31030   94  224  241.59413  220.35854  8.79%  62.3 2345s
 116632 72736  229.17248  104  182  241.59413  220.36984  8.79%  62.1 2356s
 117905 73403  227.88460  106  129  241.59413  220.39190  8.78%  61.9 2374s
 118852 74458  229.23752  121  216  241.59413  220.39991  8.77%  61.8 2384s
 120409 75086  230.79704  126  157  241.59413  220.40573  8.77%  61.5 2392s
 121432 75715  228.88186  104  195  241.59413  220.41388  8.77%  61.4 2398s
 122335 76300     cutoff  118       241.59413  220.42633  8.76%  61.3 2403s
 123194 76884  228.07319  141  126  241.59413  220.43374  8.76%  61.3 2409s
 123678 76884  223.69891  110  116  241.59413  220.43624  8.76%  61.2 2410s
 124037 77204  226.75819  103   95  241.59413  220.43890  8.76%  61.2 2415s
 124539 77920  238.81740  110  127  241.59413  220.44365  8.75%  61.1 2422s
 125623 78572  229.34782  115   77  241.59413  220.46377  8.75%  60.9 2429s
 126554 79124  228.17034   97  186  241.59413  220.47009  8.74%  60.8 2434s
 127452 79445  234.32505  104  156  241.59413  220.47782  8.74%  60.8 2438s
 127948 79903  235.41371  141   78  241.59413  220.48586  8.74%  60.7 2442s
 128584 80289  240.20981  153   72  241.59413  220.49528  8.73%  60.7 2446s
 129220 80849  240.09125  143  124  241.59413  220.50325  8.73%  60.7 2450s
 130304 81703  239.62034  109  144  241.59413  220.52284  8.72%  60.7 2460s
 131327 81717  231.15983  139  126  241.59413  220.53905  8.72%  60.6 2469s
 131363 82057  231.15983  140  126  241.59413  220.53905  8.72%  60.6 2474s
 131829 82544  231.39572  102  164  241.59413  220.54117  8.71%  60.6 2481s
 132641 83230  229.57122  131  111  241.59413  220.55079  8.71%  60.6 2499s
 133717 83898  234.06147   98  251  241.59413  220.56080  8.71%  60.7 2506s
 134699 84582  222.77105  128  159  241.59413  220.58020  8.70%  60.7 2513s
 135711 84889  230.40090  108  308  241.59413  220.58262  8.70%  60.6 2518s
 136281 85423     cutoff   88       241.59413  220.59696  8.69%  60.6 2525s
 137125 85929  239.01063  146  110  241.59413  220.61498  8.68%  60.6 2531s
 137941 86159  228.15681  137  123  241.59413  220.62369  8.68%  60.6 2536s
 138385 86785  234.27934  101  163  241.59413  220.62529  8.68%  60.6 2544s
 139402 87383  229.51632  114  187  241.59413  220.64994  8.67%  60.6 2551s
 140352 88039  236.91157  142  113  241.59413  220.67038  8.66%  60.6 2558s
 141326 88291     cutoff  123       241.59413  220.68966  8.65%  60.6 2564s
 141807 88833  227.99102  138  104  241.59413  220.69512  8.65%  60.6 2570s
 142705 89407  234.49064  109  166  241.59413  220.71616  8.64%  60.6 2577s
 143611 90086  223.01004  116  233  241.59413  220.72854  8.64%  60.6 2585s
 144645 90710  229.29452  104  228  241.59413  220.74261  8.63%  60.6 2591s
 145650 90932  239.64354  108  144  241.59413  220.75178  8.63%  60.5 2596s
 145978 91651     cutoff  117       241.59413  220.76173  8.62%  60.6 2603s
 146957 92183     cutoff  142       241.59413  220.77202  8.62%  60.5 2609s
 147747 92885     cutoff  124       241.59413  220.77281  8.62%  60.6 2627s
 148778 92943  228.44592  104  172  241.59413  220.79050  8.61%  60.6 2638s
 148878 93253  228.58405  105  160  241.59413  220.79050  8.61%  60.6 2644s
 149333 94402  235.05020  145  141  241.59413  220.80187  8.61%  60.7 2656s
 150952 95059  229.91557  102  148  241.59413  220.83267  8.59%  60.5 2661s
 151950 95219     cutoff  115       241.59413  220.84517  8.59%  60.5 2667s
 152256 95931  222.60669  103  168  241.59413  220.84730  8.59%  60.5 2674s
 153474 96583  230.72769  120  239  241.59413  220.85161  8.59%  60.4 2680s
 154433 97226  228.26089  117  128  241.59413  220.87489  8.58%  60.4 2687s
 155373 97553  222.83658  112  181  241.59413  220.89635  8.57%  60.4 2692s
 155888 97972     cutoff  113       241.59413  220.89807  8.57%  60.4 2699s
 156708 98483  231.62415  106  131  241.59413  220.91723  8.56%  60.5 2706s
 157507 98857     cutoff   95       241.59413  220.93584  8.55%  60.6 2712s
 158156 99153  221.66520  104  220  241.59413  220.94524  8.55%  60.6 2717s
 158597 99762  225.99057  108  201  241.59413  220.94600  8.55%  60.7 2724s
 159578 100302  232.75954  125  112  241.59413  220.96388  8.54%  60.7 2731s
 160433 101035  229.65610   96  172  241.59413  220.97217  8.54%  60.8 2740s
 161586 101229  237.98094   84  238  241.59413  220.99068  8.53%  60.7 2746s
 161983 101510     cutoff   99       241.59413  220.99068  8.53%  60.9 2752s
 162506 101688  236.44253  106  241  241.59413  220.99068  8.53%  61.1 2766s
 162958 101977     cutoff  100       241.59413  220.99068  8.53%  61.4 2776s
 163595 102969     cutoff  100       241.59413  220.99068  8.53%  61.6 2801s
 165189 104333  226.91413  104  101  241.59413  221.00344  8.52%  61.6 2819s
 167309 105179     cutoff  130       241.59413  221.02336  8.51%  61.6 2830s
 168671 105486  238.91598  194   46  241.59413  221.03471  8.51%  61.7 2838s
 169160 106479  233.06573  118  150  241.59413  221.04114  8.51%  61.7 2848s
 170608 107143  239.00005  122  156  241.59413  221.06115  8.50%  61.6 2857s
 171638 107564  238.60837  136  119  241.59413  221.06405  8.50%  61.7 2864s
 172449 108372  224.49517   96  232  241.59413  221.08060  8.49%  61.9 2874s
 173727 108730     cutoff  113       241.59413  221.09945  8.48%  61.9 2882s
 174404 109347     cutoff  118       241.59413  221.11139  8.48%  61.9 2890s
 175328 110156  236.64569  120   64  241.59413  221.11846  8.48%  61.9 2900s
 176636 110443     cutoff  110       241.59413  221.13344  8.47%  61.8 2908s
 177165 111142  226.43143  102  177  241.59413  221.14193  8.47%  61.8 2927s
 178300 111492     cutoff  121       241.59413  221.15463  8.46%  61.8 2934s
 178963 112124  221.42101  106  149  241.59413  221.16888  8.45%  61.9 2941s
 179940 112588  238.36735  124  134  241.59413  221.17352  8.45%  61.8 2948s
 180603 113209  223.45318  105  135  241.59413  221.18679  8.45%  61.7 2956s
 181641 113737  226.99142  105  220  241.59413  221.20705  8.44%  61.7 2963s
 182464 114364     cutoff  106       241.59413  221.21440  8.44%  61.8 2971s
 183440 114881     cutoff  116       241.59413  221.21734  8.43%  61.7 2978s
 184286 115529  224.47375  107  145  241.59413  221.23170  8.43%  61.8 2984s
 185237 115809  233.27676  127  145  241.59413  221.23170  8.43%  61.7 2989s
 185640 116442  227.27417  111  181  241.59413  221.24473  8.42%  61.7 2995s
 186580 116493  239.99626  145  121  241.59413  221.24854  8.42%  61.7 3007s
 186656 116935  240.06554  146  121  241.59413  221.25297  8.42%  61.7 3013s
 187270 117732  234.40584  129  120  241.59413  221.26915  8.41%  61.6 3022s
 188409 118494  221.54127  128  130  241.59413  221.27487  8.41%  61.6 3031s
 189528 119130  223.68144   96  244  241.59413  221.27935  8.41%  61.5 3039s
 190526 119756     cutoff  106       241.59413  221.27997  8.41%  61.5 3046s
 191473 120246  225.12392  118  193  241.59413  221.29709  8.40%  61.5 3054s
 192175 120246  235.52414  165   84  241.59413  221.30512  8.40%  61.5 3055s
 192276 120611  231.13669  106  179  241.59413  221.30521  8.40%  61.5 3073s
 192926 121823  222.32547  106  188  241.59413  221.31007  8.40%  61.5 3087s
 194755 122056  224.35029   95  169  241.59413  221.32718  8.39%  61.4 3091s
 195134 122619     cutoff  102       241.59413  221.32758  8.39%  61.4 3097s
 196083 123258  237.50220  137  156  241.59413  221.33957  8.38%  61.5 3103s
 197077 124088  234.71766  173   59  241.59413  221.35283  8.38%  61.5 3113s
 198396 124836  241.46637  128  120  241.59413  221.35935  8.38%  61.4 3122s
 199513 125293  237.19563  168  120  241.59413  221.36989  8.37%  61.4 3129s
 200335 125583  227.60926  148  114  241.59413  221.38021  8.37%  61.4 3135s
 200793 126669  235.43684  119   71  241.59413  221.38125  8.37%  61.4 3145s
 202299 127642  234.71813  123  131  241.59413  221.39193  8.36%  61.2 3156s
 203730 128326  226.33442  113   89  241.59413  221.40313  8.36%  61.0 3164s
 204828 128540  236.18432  171   87  241.59413  221.40754  8.36%  60.9 3169s
 205202 129008     cutoff  116       241.59413  221.41639  8.35%  61.0 3176s
 205988 129446  228.19878   99   80  241.59413  221.42736  8.35%  61.0 3183s
 206816 130278  224.99943  107  133  241.59413  221.44370  8.34%  61.0 3203s
 208072 130471  240.83322  199   39  241.59413  221.44500  8.34%  61.0 3210s
 208403 130996  230.77778  119   88  241.59413  221.45690  8.34%  61.0 3218s
 209358 131042  241.18754  104  206  241.59413  221.47174  8.33%  61.0 3234s
 209450 131257  241.32163  105  202  241.59413  221.47174  8.33%  61.0 3239s
 209740 132085     cutoff  109       241.59413  221.47378  8.33%  61.0 3250s
 211068 132800  236.75888  110  123  241.59413  221.47398  8.33%  60.9 3260s
 212228 133708  222.74554  117  134  241.59413  221.49334  8.32%  60.9 3270s
 213528 134217  235.79624  128   90  241.59413  221.50419  8.32%  60.8 3277s
 214371 134857  231.87772  141  162  241.59413  221.51478  8.31%  60.8 3285s
 215337 135659  225.58432  119   85  241.59413  221.52380  8.31%  60.8 3295s
 216515 136249  223.59862   89  239  241.59413  221.53024  8.30%  60.7 3303s
 217492 136581     cutoff  181       241.59413  221.53264  8.30%  60.7 3308s
 218048 137334  231.13920  113  164  241.59413  221.53264  8.30%  60.7 3315s
 219131 138063  228.11836  119  123  241.59413  221.55282  8.30%  60.6 3321s
 220247 138909  224.78535  101  181  241.59413  221.56106  8.29%  60.6 3329s
 221471 140224     cutoff  132       241.59413  221.56650  8.29%  60.4 3353s
 223335 140412  241.23654  131   83  241.59413  221.57140  8.29%  60.3 3357s
 223680 140841  228.79966   99  221  241.59413  221.57441  8.29%  60.2 3363s
 224403 141289     cutoff  127       241.59413  221.57865  8.28%  60.2 3369s
 225145 141753  234.79588  124  114  241.59413  221.58663  8.28%  60.2 3374s
 225782 142230  232.42500  112  128  241.59413  221.59392  8.28%  60.3 3380s
 226563 142656     cutoff  120       241.59413  221.60078  8.28%  60.3 3386s
 227273 143182     cutoff  118       241.59413  221.60563  8.27%  60.3 3393s
 228035 143799  235.50914  109  137  241.59413  221.61042  8.27%  60.3 3400s
 229011 144266     cutoff  137       241.59413  221.61559  8.27%  60.2 3406s
 229777 144792  224.65917   93  124  241.59413  221.61559  8.27%  60.3 3412s
 230662 145192  238.36373  165  116  241.59413  221.61704  8.27%  60.3 3417s
 231357 145514  235.60548  116  121  241.59413  221.63498  8.26%  60.3 3421s
 231898 145990  225.38936   91  292  241.59413  221.63765  8.26%  60.3 3426s
 232668 146576  235.08504  115   99  241.59413  221.65139  8.25%  60.4 3433s
 233618 147052  241.35617  105  129  241.59413  221.65551  8.25%  60.4 3439s
 234329 147061  237.91342  107  157  241.59413  221.65551  8.25%  60.3 3452s
 234338 147403  239.89466  109  124  241.59413  221.65551  8.25%  60.3 3458s
 234906 147589  229.51653  104  111  241.59413  221.65872  8.25%  60.4 3463s
 235167 147992  234.67897  160   97  241.59413  221.65872  8.25%  60.4 3469s
 235919 148697  235.14554  107  209  241.59413  221.66045  8.25%  60.5 3489s
 237055 149213     cutoff   92       241.59413  221.69012  8.24%  60.5 3497s
 237911 149728     cutoff  141       241.59413  221.70274  8.23%  60.4 3504s
 238763 150282  229.96073  120  119  241.59413  221.71554  8.23%  60.4 3511s
 239618 150821     cutoff  126       241.59413  221.72583  8.22%  60.4 3518s
 240442 151169  230.75247  108  139  241.59413  221.73286  8.22%  60.4 3523s
 240962 151974  227.80239  114  138  241.59413  221.74070  8.22%  60.4 3533s
 242209 152596  236.14696  104  199  241.59413  221.74211  8.22%  60.3 3541s
 243201 153088  238.17982  147  132  241.59413  221.74723  8.21%  60.3 3548s
 243985 153262     cutoff  112       241.59413  221.75217  8.21%  60.3 3552s
 244278 153631     cutoff  122       241.59413  221.75217  8.21%  60.3 3558s
 244928 154118  231.46457  113  184  241.59413  221.75880  8.21%  60.3 3566s
 245759 154595  234.52857  118  127  241.59413  221.77541  8.20%  60.4 3573s
 246589 155079  227.83799  103  100  241.59413  221.79480  8.20%  60.4 3582s
 247321 155615  235.40793  143  113  241.59413  221.80134  8.19%  60.3 3589s
 248159 155799  232.48810  124  147  241.59413  221.81311  8.19%  60.4 3594s
 248513 156231  221.82935   97  242  241.59413  221.81311  8.19%  60.4 3600s
 249188 156861  230.74100  112  140  241.59413  221.82672  8.18%  60.5 3610s
 250259 157439  235.46548  159  133  241.59413  221.84207  8.18%  60.4 3618s
 251175 157876  236.09060  130  187  241.59413  221.84691  8.17%  60.4 3637s
 251859 158875     cutoff   97       241.59413  221.85750  8.17%  60.4 3651s
 253407 159643  236.01567  145   73  241.59413  221.87006  8.16%  60.4 3661s
 254607 160241  230.56602  161  109  241.59413  221.87629  8.16%  60.4 3669s
 255592 160469  232.68237  136  130  241.59413  221.88998  8.16%  60.4 3674s
 255923 161084  224.98391  108  112  241.59413  221.89232  8.15%  60.4 3682s
 256955 161578     cutoff  139       241.59413  221.90856  8.15%  60.3 3689s
 257835 162189  229.66838   98  172  241.59413  221.92015  8.14%  60.4 3695s
 258758 162433  232.58277  131   95  241.59413  221.92704  8.14%  60.4 3706s
 259161 163082  222.10644   92  235  241.59413  221.93161  8.14%  60.3 3715s
 260168 163301  238.78848  116  109  241.59413  221.95035  8.13%  60.3 3721s
 260615 163884  238.48816  117  138  241.59413  221.96294  8.13%  60.3 3729s
 261549 164559  233.31277  101  197  241.59413  221.97252  8.12%  60.3 3738s
 262507 165148     cutoff  106       241.59413  221.97512  8.12%  60.3 3746s
 263416 165547     cutoff  102       241.59413  221.98568  8.12%  60.3 3753s
 264038 166020  228.44037   99  181  241.59413  221.99190  8.11%  60.3 3761s
 264932 166451  241.24762  140  124  241.59413  221.99703  8.11%  60.4 3768s
 265677 166750  233.13973   94  150  241.59413  222.01615  8.10%  60.4 3784s
 266159 167615  238.38122  182   84  241.59413  222.02161  8.10%  60.5 3797s
 267864 168467  236.08888  129  129  241.59413  222.04920  8.09%  60.6 3808s
 269236 169071  237.62091  114  116  241.59413  222.06353  8.08%  60.6 3817s
 270158 169463  239.51054  119  198  241.59413  222.07460  8.08%  60.6 3826s
 270897 170430     cutoff  124       241.59413  222.08227  8.08%  60.6 3837s
 272285 170491  224.21933  110  172  241.59413  222.09566  8.07%  60.5 3847s
 272393 171503  224.41853  111  168  241.59413  222.09566  8.07%  60.5 3858s
 273809 171819  229.48345  134  114  241.59413  222.09566  8.07%  60.4 3865s
 274295 172542  231.77736  127  101  241.59413  222.10284  8.07%  60.4 3875s
 275470 173096  231.94259  123   95  241.59413  222.11973  8.06%  60.3 3884s
 276464 173643     cutoff  124       241.59413  222.13293  8.06%  60.3 3892s
 277330 174192  222.71253  114  103  241.59413  222.14238  8.05%  60.3 3900s
 278343 174757  226.25758  116  154  241.59413  222.14772  8.05%  60.3 3909s
 279331 175041  235.43407  120  162  241.59413  222.16435  8.04%  60.3 3915s
 279831 175106     cutoff  120       241.59413  222.16435  8.04%  60.3 3920s
 280029 175828  233.29592  129  141  241.59413  222.17500  8.04%  60.3 3928s
 281091 176620  236.94929  131  101  241.59413  222.18948  8.03%  60.3 3950s
 282396 177257  229.36231  108   82  241.59413  222.20331  8.03%  60.3 3958s
 283372 177801  230.60035  161  125  241.59413  222.21052  8.02%  60.2 3966s
 284308 178186  230.45203  103  247  241.59413  222.21894  8.02%  60.2 3972s
 284956 178413  237.38178  100  129  241.59413  222.22518  8.02%  60.2 3978s
 285374 178697  228.49160  103  158  241.59413  222.22747  8.02%  60.2 3985s
 285830 179178  231.47503  109   96  241.59413  222.23115  8.01%  60.2 3992s
 286582 179825     cutoff  143       241.59413  222.23908  8.01%  60.2 4000s
 287582 180226  222.30262  119  200  241.59413  222.25011  8.01%  60.2 4007s
 288253 180772  235.80869  154  144  241.59413  222.25463  8.00%  60.2 4014s
 289238 181206  229.28628  107  190  241.59413  222.26854  8.00%  60.2 4019s
 289313 181206  227.80514  109  132  241.59413  222.26854  8.00%  60.2 4020s
 289906 181332  231.60849  119  281  241.59413  222.27267  8.00%  60.2 4035s
 290094 181483  238.72409  134   90  241.59413  222.27523  8.00%  60.2 4042s
 290354 182294  231.36958  130  156  241.59413  222.28019  7.99%  60.2 4052s
 291574 183111  233.64049  128  120  241.59413  222.28740  7.99%  60.2 4063s
 292862 183657  232.99783  104  221  241.59413  222.28740  7.99%  60.1 4072s
 293806 184472  225.54944   93  244  241.59413  222.29727  7.99%  60.1 4083s
 295034 184958  226.34865   97  203  241.59413  222.30529  7.98%  60.0 4091s
 295847 185640  238.86899  110  162  241.59413  222.31249  7.98%  60.1 4110s
 296959 186051     cutoff  111       241.59413  222.31937  7.98%  60.1 4116s
 297638 186693  240.73842  130  117  241.59413  222.32894  7.97%  60.1 4124s
 298689 187316  235.95000  108  152  241.59413  222.33485  7.97%  60.1 4132s
 299721 187633  239.89471  141  101  241.59413  222.34543  7.97%  60.1 4139s
 300229 188238  228.99542  112   66  241.59413  222.35105  7.97%  60.1 4149s
 301329 188953  224.80861   98  239  241.59413  222.36516  7.96%  60.1 4160s
 302512 189187  240.43067   94  227  241.59413  222.36993  7.96%  60.0 4166s
 302881 189729  238.75091   96  223  241.59413  222.37710  7.95%  60.0 4175s
 303799 190379     cutoff  135       241.59413  222.38455  7.95%  60.0 4183s
 304736 190964  235.59316  136  145  241.59413  222.39898  7.95%  60.0 4193s
 305772 191525  236.51852  109  184  241.59413  222.41040  7.94%  60.0 4202s
 306713 192030     cutoff  106       241.59413  222.42108  7.94%  60.0 4211s
 307596 192307  230.97087  113  147  241.59413  222.42955  7.93%  60.0 4218s
 308054 193026     cutoff  125       241.59413  222.43459  7.93%  60.0 4228s
 309181 193828     cutoff  137       241.59413  222.44244  7.93%  59.9 4240s
 310430 194676     cutoff  105       241.59413  222.45144  7.92%  59.9 4262s
 311794 194777 infeasible  114       241.59413  222.45674  7.92%  59.9 4267s
 311946 195378  229.53687  105  173  241.59413  222.45674  7.92%  59.9 4276s
 312935 196086  230.15076  140  120  241.59413  222.46783  7.92%  59.9 4286s
 313988 196885     cutoff  107       241.59413  222.47359  7.91%  59.8 4296s
 315178 197228  224.45973  135  130  241.59413  222.47736  7.91%  59.8 4303s
 315693 197814  224.55260  145  148  241.59413  222.48175  7.91%  59.8 4312s
 316694 198614  225.40923  118  168  241.59413  222.48674  7.91%  59.8 4323s
 317913 198938  238.49084  146   83  241.59413  222.48831  7.91%  59.7 4330s
 318432 199473  230.34932  121   80  241.59413  222.49052  7.91%  59.7 4336s
 319314 199651  222.58933  117  104  241.59413  222.49794  7.90%  59.7 4341s
 319626 200170 infeasible  110       241.59413  222.50217  7.90%  59.7 4348s
 320578 200227     cutoff  126       241.59413  222.51280  7.90%  59.7 4369s
 320701 200374     cutoff  128       241.59413  222.51294  7.90%  59.7 4375s
 321007 200925  240.99870  111  162  241.59413  222.51426  7.90%  59.7 4385s
 321973 201580  232.59674  104  192  241.59413  222.51500  7.90%  59.7 4394s
 322963 202324  224.76879  109  206  241.59413  222.52518  7.89%  59.7 4405s
 324038 202769  225.54023   96  210  241.59413  222.53863  7.89%  59.7 4413s
 324750 203444  236.44809  119  109  241.59413  222.54415  7.89%  59.7 4423s
 325910 204248  235.18707  126   90  241.59413  222.54981  7.88%  59.6 4443s
 327291 204260  240.44386  149   79  241.59413  222.56360  7.88%  59.6 4447s
 327388 204634  228.32862   98  210  241.59413  222.56931  7.87%  59.6 4452s
 328048 205374  228.46121  105  218  241.59413  222.57816  7.87%  59.7 4463s
 329154 205568  231.68420  115  197  241.59413  222.58502  7.87%  59.6 4469s
 329471 206256  234.59458  119  200  241.59413  222.58690  7.87%  59.6 4479s
 330561 207078  231.76744  121  106  241.59413  222.59208  7.87%  59.6 4490s
 331763 208013  240.12491  156  112  241.59413  222.59815  7.86%  59.6 4501s
 333093 208539  238.30357  168  123  241.59413  222.60375  7.86%  59.5 4511s
 334035 209067  230.46972   93  198  241.59413  222.60898  7.86%  59.5 4519s
 334908 209336  239.77727  127   91  241.59413  222.61773  7.85%  59.5 4526s
 335345 209932  230.67980  131  112  241.59413  222.61876  7.85%  59.5 4535s
 336283 210577  231.56700  134   99  241.59413  222.62373  7.85%  59.5 4544s
 337297 211054  237.58577  108  130  241.59413  222.63464  7.85%  59.5 4554s
 338067 211054     cutoff  141       241.59413  222.63540  7.85%  59.5 4555s
 338246 211604  224.96702  107  174  241.59413  222.63540  7.85%  59.5 4563s
 339099 212367  234.53783  147  121  241.59413  222.64424  7.84%  59.5 4574s
 340318 212826  240.07725  119  121  241.59413  222.65692  7.84%  59.5 4581s
 341027 213605  230.23447  112  175  241.59413  222.66241  7.84%  59.4 4604s
 342156 213965  229.79678  130  113  241.59413  222.67317  7.83%  59.4 4611s
 342685 214680  224.69714  103  185  241.59413  222.67815  7.83%  59.4 4622s
 343768 215370  240.45506  161  100  241.59413  222.68449  7.83%  59.4 4633s
 344956 215987  236.77342  166   71  241.59413  222.69768  7.82%  59.4 4642s
 345963 216601  231.35875  124   79  241.59413  222.69999  7.82%  59.4 4652s
 346917 217148     cutoff  141       241.59413  222.71117  7.82%  59.4 4659s
 347817 217702  234.29012  133  110  241.59413  222.72110  7.81%  59.4 4666s
 348686 218429     cutoff  122       241.59413  222.72758  7.81%  59.3 4674s
 349747 219309  229.32482  139   89  241.59413  222.73578  7.81%  59.3 4685s
 351038 219745  227.75144   91  182  241.59413  222.74199  7.80%  59.2 4692s
 351715 220115  240.43163  139  118  241.59413  222.74622  7.80%  59.3 4699s
 352065 220115  224.87048  137  124  241.59413  222.75040  7.80%  59.3 4700s
 352334 220497     cutoff  102       241.59413  222.75100  7.80%  59.2 4707s
 353058 221144     cutoff  150       241.59413  222.75949  7.80%  59.3 4718s
 354187 221600  241.26983  125  165  241.59413  222.76406  7.79%  59.3 4727s
 355053 222133  232.71681  123  108  241.59413  222.77553  7.79%  59.3 4736s
 355933 222781     cutoff  122       241.59413  222.78442  7.79%  59.3 4756s
 356900 223274  240.37077  108  198  241.59413  222.78974  7.78%  59.2 4765s
 357942 224106  232.08863  122   81  241.59413  222.80944  7.78%  59.2 4774s
 359170 224541  230.79270  152  105  241.59413  222.81612  7.77%  59.2 4782s
 359952 224772  227.11114  101  140  241.59413  222.82317  7.77%  59.2 4788s
 360345 224779  228.39759  107  197  241.59413  222.83140  7.77%  59.2 4802s
 360380 225270  228.39759  108  199  241.59413  222.83200  7.77%  59.2 4812s
 361227 225904  238.75329  112  118  241.59413  222.84558  7.76%  59.2 4824s
 362423 226032  236.33702  122  171  241.59413  222.85518  7.76%  59.2 4830s
 362689 226872     cutoff  131       241.59413  222.85753  7.76%  59.2 4842s
 363960 227619  239.98700  110  208  241.59413  222.87351  7.75%  59.2 4854s
 365177 228084  236.79606  116  130  241.59413  222.87949  7.75%  59.1 4863s
 366034 228595     cutoff  112       241.59413  222.89421  7.74%  59.2 4872s
 366866 229334  234.11501  114  178  241.59413  222.90538  7.74%  59.2 4882s
 367920 229629     cutoff  127       241.59413  222.91103  7.73%  59.2 4890s
 368516 230233     cutoff  123       241.59413  222.91414  7.73%  59.2 4901s
 369539 230761     cutoff  112       241.59413  222.92219  7.73%  59.2 4910s
 370455 231093 infeasible  126       241.59413  222.92541  7.73%  59.2 4929s
 370935 232310  227.30288  136  157  241.59413  222.92958  7.73%  59.2 4950s
 372937 232848  231.60959  132   97  241.59413  222.94515  7.72%  59.2 4961s
 373882 233441  233.86782  109  130  241.59413  222.95407  7.72%  59.2 4972s
 374936 233800  235.60204  102  154  241.59413  222.97027  7.71%  59.3 4979s
 375465 234739  234.31877  149  139  241.59413  222.97452  7.71%  59.2 4990s
 376904 235199  240.45361  153   57  241.59413  222.97934  7.70%  59.2 4998s
 377758 235649  227.20506  101  229  241.59413  222.99078  7.70%  59.2 5006s
 378572 235864  232.46007  130   68  241.59413  223.00493  7.69%  59.2 5013s
 378970 236486  226.91355   95  198  241.59413  223.00908  7.69%  59.3 5024s
 380069 237385  235.32484  103  214  241.59413  223.01690  7.69%  59.3 5038s
 381546 237915  241.49104  208   49  241.59413  223.02579  7.69%  59.2 5049s
 382535 238145     cutoff   96       241.59413  223.03964  7.68%  59.2 5056s
 382990 238739  230.63612  103  159  241.59413  223.04217  7.68%  59.2 5067s
 384016 238747  237.50720  112  114  241.59413  223.04944  7.68%  59.2 5099s
 384026 239349  237.50720  113  135  241.59413  223.05500  7.67%  59.2 5108s
 385065 239663  229.12487   89  241  241.59413  223.07020  7.67%  59.2 5128s
 385571 241058  228.01810   95  166  241.59413  223.07234  7.67%  59.2 5152s
 387888 241603 infeasible  119       241.59413  223.08698  7.66%  59.2 5162s
 388763 242266     cutoff  109       241.59413  223.09490  7.66%  59.2 5173s
 389790 242600  226.31584  111  145  241.59413  223.09873  7.66%  59.2 5181s
 390356 243165  228.67060  108  164  241.59413  223.10049  7.65%  59.2 5192s
 391440 243527  239.56242  104  222  241.59413  223.11361  7.65%  59.2 5201s
 392164 243703  237.87462  106  298  241.59413  223.12040  7.65%  59.2 5208s
 392479 244208  238.17730  117  149  241.59413  223.12542  7.64%  59.3 5219s
 393512 244871  231.50289  103  170  241.59413  223.13773  7.64%  59.3 5230s
 394613 245411  232.48484  106  215  241.59413  223.14950  7.63%  59.3 5240s
 395509 245986  230.04481  103  203  241.59413  223.15204  7.63%  59.3 5252s
 396656 246335     cutoff  110       241.59413  223.16024  7.63%  59.3 5261s
 397250 246998  229.90933  102  150  241.59413  223.16509  7.63%  59.3 5272s
 398347 247783  225.73812   96  154  241.59413  223.17221  7.63%  59.3 5285s
 399583 248418  233.24553  115  126  241.59413  223.17911  7.62%  59.3 5306s
 400626 249394  236.21926  117  149  241.59413  223.19010  7.62%  59.3 5317s
 402007 249803  227.07177  124  122  241.59413  223.19231  7.62%  59.3 5324s
 402600 250589  228.48782  137  116  241.59413  223.19420  7.62%  59.2 5335s
 403825 251177  233.78275  124  110  241.59413  223.19680  7.61%  59.2 5345s
 404807 251706     cutoff   96       241.59413  223.19936  7.61%  59.2 5355s
 405724 252192  236.85231   80  395  241.59413  223.20529  7.61%  59.2 5365s
 406613 252428     cutoff  120       241.59413  223.20778  7.61%  59.2 5373s
 407077 253003  235.10759  117  134  241.59413  223.21067  7.61%  59.2 5383s
 408058 253484  233.67695  124  110  241.59413  223.21988  7.61%  59.2 5392s
 408893 254127  236.20752  133  110  241.59413  223.22371  7.60%  59.2 5403s
 409928 254316  227.29452   99  213  241.59413  223.23482  7.60%  59.2 5409s
 410309 254844     cutoff  146       241.59413  223.23679  7.60%  59.2 5417s
 411235 255104     cutoff  117       241.59413  223.24746  7.59%  59.2 5424s
 411722 255931  237.89332  114  184  241.59413  223.25145  7.59%  59.2 5437s
 413217 256576  232.03399  116  128  241.59413  223.26266  7.59%  59.1 5449s
 414229 256995  228.42689  107  210  241.59413  223.26764  7.59%  59.1 5469s
 414892 257933  235.30802  147   66  241.59413  223.26917  7.59%  59.1 5486s
 416491 258835  236.23385  121  124  241.59413  223.27885  7.58%  59.1 5501s
 417922 259120  236.90668  140  109  241.59413  223.28466  7.58%  59.1 5509s
 418385 259757  230.26720  119  128  241.59413  223.28884  7.58%  59.1 5522s
 419528 260424  227.78110  106  234  241.59413  223.29250  7.58%  59.1 5534s
 420618 260993  230.65022  144  110  241.59413  223.30015  7.57%  59.1 5545s
 421628 261793  241.58269  123  214  241.59413  223.30501  7.57%  59.1 5559s
 422937 262276     cutoff  101       241.59413  223.31174  7.57%  59.0 5569s
 423689 262935  238.12328  146  102  241.59413  223.31473  7.57%  59.0 5582s
 424924 263296  231.85433  118  127  241.59413  223.31592  7.57%  59.0 5590s
 425602 263682  227.41622  134  137  241.59413  223.32484  7.56%  59.0 5598s
 426223 264402  235.19598   98  220  241.59413  223.32806  7.56%  59.0 5611s
 427445 264987     cutoff  108       241.59413  223.33931  7.56%  59.0 5622s
 428458 265559  238.09964  141  128  241.59413  223.34879  7.55%  59.0 5632s
 429345 266285  238.07727  132  105  241.59413  223.35237  7.55%  58.9 5651s
 430561 266614     cutoff  113       241.59413  223.35731  7.55%  58.9 5660s
 431141 267404     cutoff   93       241.59413  223.36299  7.55%  58.9 5673s
 432405 268091     cutoff  155       241.59413  223.36935  7.54%  58.9 5686s
 433570 268612  228.59253  110  158  241.59413  223.37418  7.54%  58.9 5695s
 434279 269412     cutoff  132       241.59413  223.37509  7.54%  58.9 5709s
 435565 269914  230.89038  135  108  241.59413  223.38202  7.54%  58.8 5720s
 436496 270427  236.63537  101  269  241.59413  223.38567  7.54%  58.8 5730s
 437298 270453     cutoff  134       241.59413  223.39013  7.53%  58.8 5747s
 437351 270621  229.84168  101  229  241.59413  223.39013  7.53%  58.8 5751s
 437588 271427  230.76960  105  229  241.59413  223.39104  7.53%  58.8 5766s
 438965 272073  232.78103  106  142  241.59413  223.39852  7.53%  58.8 5778s
 440025 272533  232.76980  110  223  241.59413  223.40540  7.53%  58.8 5788s
 440885 273156     cutoff  133       241.59413  223.41404  7.53%  58.8 5801s
 442087 273856     cutoff  111       241.59413  223.42521  7.52%  58.8 5814s
 443208 274397  236.41908  122  171  241.59413  223.42718  7.52%  58.8 5826s
 444190 275088  239.45668  165  103  241.59413  223.44014  7.51%  58.8 5850s
 445367 275787  225.29931  119   93  241.59413  223.44398  7.51%  58.8 5862s
 446363 276746  234.55045  137   92  241.59413  223.44901  7.51%  58.7 5877s
 447723 277615  227.03150  110  155  241.59413  223.45444  7.51%  58.7 5892s
 449186 278271  229.86193  123  154  241.59413  223.45739  7.51%  58.6 5904s
 450159 278647  225.66481  115  137  241.59413  223.46244  7.51%  58.6 5911s
 450716 279229  237.41888  132   68  241.59413  223.46352  7.50%  58.6 5923s
 451728 280003  224.79596  101  240  241.59413  223.46704  7.50%  58.5 5936s
 452949 280592  240.57930  124  110  241.59413  223.47296  7.50%  58.5 5947s
 453882 281004  225.35967  113  190  241.59413  223.47856  7.50%  58.5 5955s
 454538 281249  234.24003  133  121  241.59413  223.48277  7.50%  58.5 5960s
 455040 281829  231.05605  117  119  241.59413  223.48377  7.50%  58.5 5968s
 455888 282505  231.16563  136  118  241.59413  223.48576  7.50%  58.5 5978s
 456957 282837     cutoff  116       241.59413  223.49198  7.49%  58.5 5986s
 457428 283402     cutoff  132       241.59413  223.49622  7.49%  58.5 5998s
 458462 283702     cutoff  119       241.59413  223.49707  7.49%  58.5 6005s
 458924 284346  233.33595  132  157  241.59413  223.50383  7.49%  58.5 6029s
 459979 284902  234.25356  111   65  241.59413  223.51807  7.48%  58.5 6040s
 460970 285303  237.62447  126  173  241.59413  223.52424  7.48%  58.5 6050s
 461652 286165  235.75781  156  110  241.59413  223.52879  7.48%  58.5 6063s
 463026 286795  226.87931   97  239  241.59413  223.53727  7.47%  58.4 6073s
 464131 287346  225.48163  104  188  241.59413  223.54290  7.47%  58.4 6082s
 464914 287900     cutoff  102       241.59413  223.54490  7.47%  58.4 6093s
 465821 288424  229.50376  104  159  241.59413  223.55248  7.47%  58.4 6103s
 466663 288741  228.02650  113  140  241.59413  223.55947  7.46%  58.4 6112s
 467174 289449     cutoff  125       241.59413  223.56197  7.46%  58.4 6126s
 468400 290122  227.78555  118  129  241.59413  223.57031  7.46%  58.4 6139s
 469430 290529  233.57736  138  118  241.59413  223.57768  7.46%  58.3 6149s
 470202 291021     cutoff  150       241.59413  223.58320  7.46%  58.4 6160s
 471052 291447     cutoff  119       241.59413  223.58929  7.45%  58.4 6170s
 471781 292171  233.13840  141   96  241.59413  223.59720  7.45%  58.4 6183s
 472863 293071  230.35307  129  112  241.59413  223.60198  7.45%  58.4 6198s
 474160 293671  235.73533  136  124  241.59413  223.60462  7.45%  58.3 6222s
 475180 294516  230.62914  102  128  241.59413  223.60613  7.45%  58.3 6238s
 476503 295073     cutoff  107       241.59413  223.60613  7.45%  58.3 6250s
 477387 295091  234.18654  156   94  241.59413  223.61796  7.44%  58.3 6276s
 477414 295262  234.18654  157   93  241.59413  223.61851  7.44%  58.3 6282s
 477680 295855  237.96463  124  147  241.59413  223.62067  7.44%  58.3 6291s
 478696 296545  237.99650  100  132  241.59413  223.62568  7.44%  58.3 6303s
 479822 297821  223.72776  138   76  241.59413  223.63790  7.43%  58.3 6321s
 481441 298420  224.25789  145   84  241.59413  223.63818  7.43%  58.2 6333s
 482455 299015  239.50540  111   77  241.59413  223.64210  7.43%  58.2 6346s
 483474 299549  241.42096  191   38  241.59413  223.65015  7.43%  58.2 6358s
 484510 300198  230.63325  102  178  241.59413  223.65785  7.42%  58.2 6372s
 485667 300608  237.17453  134  154  241.59413  223.66341  7.42%  58.2 6381s
 486392 301287  228.87084  110  142  241.59413  223.66763  7.42%  58.2 6392s
 487539 301881  240.24923  137  169  241.59413  223.66860  7.42%  58.1 6401s
 488503 302191  234.71138  138  117  241.59413  223.67950  7.42%  58.1 6410s
 489077 302946     cutoff  110       241.59413  223.68334  7.41%  58.1 6437s
 490429 303718  226.00493  109  207  241.59413  223.69044  7.41%  58.1 6450s
 491484 304115  236.15929  175   37  241.59413  223.69234  7.41%  58.1 6459s
 492070 305009     cutoff  114       241.59413  223.69891  7.41%  58.1 6475s
 493431 305835  229.06449  149  105  241.59413  223.70312  7.41%  58.0 6489s
 494643 306400     cutoff  106       241.59413  223.70539  7.40%  58.0 6501s
 495618 306593  229.09977  147  121  241.59413  223.70935  7.40%  57.9 6509s
 495980 307018  223.84925  109  165  241.59413  223.71249  7.40%  57.9 6519s
 496776 307568  224.66588  132  112  241.59413  223.71614  7.40%  58.0 6532s
 497780 307657     cutoff  105       241.59413  223.72096  7.40%  57.9 6538s
 498010 308103  229.66343  108  220  241.59413  223.72363  7.40%  58.0 6549s
 498868 308626  236.60940  122  106  241.59413  223.72935  7.39%  58.0 6561s
 499769 308977  233.97302  110  176  241.59413  223.73569  7.39%  58.0 6570s
 500330 309225  234.93711  113  161  241.59413  223.74014  7.39%  58.0 6579s
 500812 309767  227.41631  100  196  241.59413  223.74683  7.39%  58.0 6592s
 501787 310505  226.73623  127  167  241.59413  223.75311  7.38%  58.0 6607s
 503065 311081  238.12607  135  112  241.59413  223.75870  7.38%  57.9 6618s
 504118 311642  227.01642  111  177  241.59413  223.76407  7.38%  57.9 6641s
 505046 312249     cutoff  110       241.59413  223.77011  7.38%  57.9 6653s
 506036 313135  233.45681  128  178  241.59413  223.77621  7.38%  57.9 6671s
 507423 313466  234.44607  152  107  241.59413  223.78333  7.37%  57.9 6681s
 508051 313913     cutoff  105       241.59413  223.78745  7.37%  57.9 6692s
 508739 314763  235.08391  117  114  241.59413  223.78877  7.37%  57.9 6707s
 510051 315240  233.88406  131   95  241.59413  223.80103  7.36%  57.9 6716s
 510845 316022     cutoff  123       241.59413  223.80418  7.36%  57.9 6729s
 512032 316586  239.00927  141  104  241.59413  223.80821  7.36%  57.9 6745s
 513048 316960  231.54860  121  198  241.59413  223.81404  7.36%  57.9 6756s
 513673 317745  224.64597   94  185  241.59413  223.82021  7.36%  57.9 6771s
 514831 318382  240.97124  113  215  241.59413  223.82539  7.35%  57.8 6786s
 516020 318786     cutoff  107       241.59413  223.83081  7.35%  57.8 6799s
 516896 318788  225.79200   91  211  241.59413  223.83914  7.35%  57.8 6826s
 516938 318902  225.79354   93  260  241.59413  223.83914  7.35%  57.9 6831s
 517126 319609     cutoff   96       241.59413  223.84270  7.35%  57.9 6847s
 518386 320381  237.86279  124  103  241.59413  223.85242  7.34%  57.8 6864s
 519677 321267  226.40388  116  175  241.59413  223.85724  7.34%  57.8 6894s
 521116 321924  234.62208  157   83  241.59413  223.86573  7.34%  57.8 6907s
 522136 322455     cutoff  101       241.59413  223.86722  7.34%  57.8 6918s
 523027 323029  234.26656  185   66  241.59413  223.87163  7.34%  57.7 6930s
 523975 323581     cutoff  114       241.59413  223.87532  7.33%  57.7 6939s
 524862 324086  225.70523  115  162  241.59413  223.88283  7.33%  57.7 6948s
 525629 324275  233.64947  141  130  241.59413  223.88388  7.33%  57.7 6954s
 525989 324803  235.41932  144   75  241.59413  223.88586  7.33%  57.7 6968s
 526986 325166  236.15073  117  179  241.59413  223.89033  7.33%  57.7 6979s
 527687 325681  239.47311  139  137  241.59413  223.89432  7.33%  57.7 6990s
 528495 326291  229.66333  105  142  241.59413  223.90335  7.32%  57.8 7003s
 529465 326685  238.44516  163  101  241.59413  223.90890  7.32%  57.8 7014s
 530148 327072  239.62496  156   83  241.59413  223.91241  7.32%  57.7 7025s
 530938 327738  234.88400  102  299  241.59413  223.91627  7.32%  57.8 7037s
 532021 328264  241.03225  141   98  241.59413  223.92102  7.32%  57.8 7046s
 532827 328935  230.82086  125  111  241.59413  223.92351  7.31%  57.7 7059s
 533946 329190  231.12910  101  164  241.59413  223.92704  7.31%  57.7 7068s
 534331 329972  226.91379  145  116  241.59413  223.92994  7.31%  57.7 7097s
 535678 330495  231.93108  120  137  241.59413  223.93578  7.31%  57.7 7110s
 536609 331172  233.12269   96  208  241.59413  223.94173  7.31%  57.7 7124s
 537593 331592  233.95092  141   75  241.59413  223.94605  7.30%  57.7 7135s
 538261 332028     cutoff  109       241.59413  223.94768  7.30%  57.7 7145s
 538917 332454     cutoff  121       241.59413  223.94768  7.30%  57.7 7157s
 539731 332776  226.05422  110  184  241.59413  223.95310  7.30%  57.7 7168s
 540299 333325  229.80552  114  214  241.59413  223.95661  7.30%  57.7 7181s
 541276 333758  241.12751  173   92  241.59413  223.96234  7.30%  57.7 7192s
 541910 333796  240.73083  126  227  241.59413  223.96610  7.30%  57.7 7200s

Cutting planes:
  Gomory: 2
  Implied bound: 15
  Projected implied bound: 11
  Clique: 2
  MIR: 40
  Flow cover: 94
  Zero half: 26
  RLT: 7
  Relax-and-lift: 108

Explored 541954 nodes (31649832 simplex iterations) in 7201.28 seconds (7732.13 work units)
Thread count was 16 (of 16 available processors)

Solution count 10: 241.594 241.976 243.679 ... 341.005

Time limit reached
Best objective 2.415941333297e+02, best bound 2.239660997689e+02, gap 7.2965%

User-callback calls 1542636, time in user-callback 6.09 sec
