
Gurobi 10.0.0 (win64) logging started Sun Sep 21 03:43:13 2025

Set parameter LogFile to value "log_group_6/bound_Expr208_s7_l1051_s11_e12_o30_d60_t7200_s28_1_1_1_0.log"
Gurobi Optimizer version 10.0.0 build v10.0.0rc2 (win64)

CPU model: Intel(R) Core(TM) i7-10700 CPU @ 2.90GHz, instruction set [SSE2|AVX|AVX2]
Thread count: 8 physical cores, 16 logical processors, using up to 16 threads

Optimize a model with 494201 rows, 483440 columns and 6886076 nonzeros
Model fingerprint: 0x689faee1
Variable types: 440 continuous, 483000 integer (483000 binary)
Coefficient statistics:
  Matrix range     [1e+00, 8e+02]
  Objective range  [1e+00, 1e+00]
  Bounds range     [1e+00, 1e+03]
  RHS range        [1e+00, 8e+02]
Presolve removed 489032 rows and 479305 columns
Presolve time: 3.33s
Presolved: 5169 rows, 4135 columns, 46068 nonzeros
Variable types: 380 continuous, 3755 integer (3752 binary)
Found heuristic solution: objective 1709.6052333

Root relaxation: objective 0.000000e+00, 2756 iterations, 0.11 seconds (0.19 work units)

    Nodes    |    Current Node    |     Objective Bounds      |     Work
 Expl Unexpl |  Obj  Depth IntInf | Incumbent    BestBd   Gap | It/Node Time

     0     0    0.00000    0   97 1709.60523    0.00000   100%     -    4s
H    0     0                    1211.3824000    0.00000   100%     -    4s
H    0     0                    1206.3176000    0.00000   100%     -    4s
H    0     0                    1052.4668000    0.00000   100%     -    4s
H    0     0                    1029.4312667    0.00000   100%     -    4s
H    0     0                    1010.2503667    0.00000   100%     -    4s
H    0     0                     575.7408000    0.00000   100%     -    4s
     0     0    0.00000    0  255  575.74080    0.00000   100%     -    4s
     0     0    0.00000    0  231  575.74080    0.00000   100%     -    5s
H    0     0                     568.7262000    1.51117   100%     -    5s
     0     0    3.81050    0   74  568.72620    3.81050  99.3%     -    5s
H    0     0                     549.5646000    3.81050  99.3%     -    5s
H    0     0                     380.8979000    3.81050  99.0%     -    5s
     0     0    3.81050    0  105  380.89790    3.81050  99.0%     -    5s
     0     0    3.81050    0  125  380.89790    3.81050  99.0%     -    5s
     0     0    3.81050    0  125  380.89790    3.81050  99.0%     -    5s
     0     0    3.81050    0  124  380.89790    3.81050  99.0%     -    5s
H    0     0                     361.9626000    9.22044  97.5%     -    6s
     0     0    9.22044    0  298  361.96260    9.22044  97.5%     -    6s
     0     0    9.22044    0  298  361.96260    9.22044  97.5%     -    6s
H    0     0                     361.8135000    9.22044  97.5%     -    6s
H    0     0                     264.7899000    9.22044  96.5%     -    6s
     0     0    9.22044    0  278  264.78990    9.22044  96.5%     -    6s
H    0     0                     221.5730667    9.34656  95.8%     -    6s
H    0     0                     219.3816667    9.34656  95.7%     -    6s
H    0     0                     218.4353667    9.34656  95.7%     -    6s
     0     0    9.34656    0  314  218.43537    9.34656  95.7%     -    6s
H    0     0                     218.4155667    9.34656  95.7%     -    6s
H    0     0                     170.3361000    9.34805  94.5%     -    7s
     0     0    9.34805    0  265  170.33610    9.34805  94.5%     -    7s
H    0     0                     170.1713000   10.06615  94.1%     -    7s
     0     0   10.10451    0  246  170.17130   10.10451  94.1%     -    7s
     0     0   10.10451    0  231  170.17130   10.10451  94.1%     -    7s
H    0     0                     170.1353000   10.10451  94.1%     -    7s
     0     0   13.97586    0  273  170.13530   13.97586  91.8%     -    7s
     0     0   13.99614    0  293  170.13530   13.99614  91.8%     -    7s
     0     0   30.60166    0  266  170.13530   30.60166  82.0%     -    8s
     0     0   31.16809    0  291  170.13530   31.16809  81.7%     -    8s
     0     0   31.16809    0  271  170.13530   31.16809  81.7%     -    8s
     0     0   44.06529    0  286  170.13530   44.06529  74.1%     -    8s
     0     0   44.29260    0  282  170.13530   44.29260  74.0%     -    8s
     0     0   44.29260    0  275  170.13530   44.29260  74.0%     -    8s
     0     0   58.13669    0  239  170.13530   58.13669  65.8%     -    8s
     0     0   60.42220    0  238  170.13530   60.42220  64.5%     -    8s
     0     0   66.46049    0  227  170.13530   66.46049  60.9%     -    9s
     0     0   67.15451    0  215  170.13530   67.15451  60.5%     -    9s
     0     0   77.86967    0  157  170.13530   77.86967  54.2%     -    9s
     0     0   78.55174    0  243  170.13530   78.55174  53.8%     -    9s
     0     0   78.55174    0  242  170.13530   78.55174  53.8%     -    9s
     0     0   89.00317    0  243  170.13530   89.00317  47.7%     -    9s
     0     0   91.58933    0  239  170.13530   91.58933  46.2%     -    9s
     0     0   91.59079    0  239  170.13530   91.59079  46.2%     -    9s
     0     0  108.18825    0  235  170.13530  108.18825  36.4%     -    9s
     0     0  109.02040    0  200  170.13530  109.02040  35.9%     -    9s
     0     0  110.46509    0  235  170.13530  110.46509  35.1%     -   10s
     0     0  110.48219    0  235  170.13530  110.48219  35.1%     -   10s
     0     0  120.85934    0  289  170.13530  120.85934  29.0%     -   10s
     0     0  120.94123    0  282  170.13530  120.94123  28.9%     -   10s
     0     0  121.08021    0  284  170.13530  121.08021  28.8%     -   10s
     0     0  121.08021    0  284  170.13530  121.08021  28.8%     -   10s
     0     0  121.20791    0  285  170.13530  121.20791  28.8%     -   10s
     0     0  128.93074    0  290  170.13530  128.93074  24.2%     -   10s
     0     0  128.93964    0  288  170.13530  128.93964  24.2%     -   10s
     0     0  146.00661    0  256  170.13530  146.00661  14.2%     -   10s
     0     0  146.00661    0   95  170.13530  146.00661  14.2%     -   10s
     0     0  146.00661    0  116  170.13530  146.00661  14.2%     -   10s
H    0     0                     170.1263000  146.00661  14.2%     -   10s
     0     0  146.00661    0  216  170.12630  146.00661  14.2%     -   11s
     0     0  146.00661    0  211  170.12630  146.00661  14.2%     -   11s
     0     0  146.00661    0  212  170.12630  146.00661  14.2%     -   11s
     0     0  146.00661    0  141  170.12630  146.00661  14.2%     -   11s
     0     0  146.00661    0  101  170.12630  146.00661  14.2%     -   11s
     0     0  146.00661    0  101  170.12630  146.00661  14.2%     -   11s
     0     0  146.00661    0   99  170.12630  146.00661  14.2%     -   11s
     0     0  146.00661    0   99  170.12630  146.00661  14.2%     -   11s
     0     0  153.90036    0  108  170.12630  153.90036  9.54%     -   11s
     0     0  153.93855    0  104  170.12630  153.93855  9.52%     -   11s
     0     0  153.97174    0  101  170.12630  153.97174  9.50%     -   11s
     0     0  160.78767    0  105  170.12630  160.78767  5.49%     -   11s
     0     0  160.78767    0   71  170.12630  160.78767  5.49%     -   11s
     0     0  162.89341    0   83  170.12630  162.89341  4.25%     -   11s
     0     0  162.89341    0   65  170.12630  162.89341  4.25%     -   11s
     0     0  162.89341    0   76  170.12630  162.89341  4.25%     -   11s
     0     0  165.52996    0   56  170.12630  165.52996  2.70%     -   11s
     0     0  165.52996    0   56  170.12630  165.52996  2.70%     -   11s
     0     0  165.52996    0   57  170.12630  165.52996  2.70%     -   11s
     0     0  165.52996    0   54  170.12630  165.52996  2.70%     -   11s
     0     0  167.00270    0   37  170.12630  167.00270  1.84%     -   11s
     0     0  168.23841    0   20  170.12630  168.23841  1.11%     -   11s
     0     0  168.23841    0   20  170.12630  168.23841  1.11%     -   11s
     0     0  168.23841    0   20  170.12630  168.23841  1.11%     -   11s
     0     0  168.23841    0   16  170.12630  168.23841  1.11%     -   11s
     0     0  169.39900    0   14  170.12630  169.39900  0.43%     -   11s
     0     0  169.39900    0   14  170.12630  169.39900  0.43%     -   11s
     0     0  169.43550    0    6  170.12630  169.43550  0.41%     -   11s
     0     0  169.43550    0   10  170.12630  169.43550  0.41%     -   11s
     0     0  169.43550    0   10  170.12630  169.43550  0.41%     -   11s
     0     0  169.43550    0   14  170.12630  169.43550  0.41%     -   11s
     0     0  169.43550    0   13  170.12630  169.43550  0.41%     -   11s
     0     0  169.43550    0   13  170.12630  169.43550  0.41%     -   11s
     0     0  169.43550    0   12  170.12630  169.43550  0.41%     -   11s
     0     0  169.43550    0   15  170.12630  169.43550  0.41%     -   11s
     0     0  170.08660    0   10  170.12630  170.08660  0.02%     -   11s
     0     0  170.08660    0    4  170.12630  170.08660  0.02%     -   11s
     0     0  170.08666    0   15  170.12630  170.08666  0.02%     -   11s
     0     0  170.11502    0   11  170.12630  170.11502  0.01%     -   11s

Cutting planes:
  Learned: 1
  Implied bound: 3
  MIR: 2
  RLT: 1
  Relax-and-lift: 4

Explored 1 nodes (44246 simplex iterations) in 11.76 seconds (23.47 work units)
Thread count was 16 (of 16 available processors)

Solution count 10: 170.126 170.135 170.171 ... 361.963

Optimal solution found (tolerance 1.00e-04)
Best objective 1.701262999999e+02, best bound 1.701150167925e+02, gap 0.0066%

User-callback calls 3374, time in user-callback 0.01 sec
