
Gurobi 10.0.0 (win64) logging started Sun Sep 21 00:16:44 2025

Set parameter LogFile to value "log_group_6/bound_Expr39_s7_l1051_s11_e12_o40_d80_t7200_s39_0_0_0_0.log"
Gurobi Optimizer version 10.0.0 build v10.0.0rc2 (win64)

CPU model: Intel(R) Core(TM) i7-10700 CPU @ 2.90GHz, instruction set [SSE2|AVX|AVX2]
Thread count: 8 physical cores, 16 logical processors, using up to 16 threads

Optimize a model with 757203 rows, 756470 columns and 6051576 nonzeros
Model fingerprint: 0xb2d18617
Variable types: 470 continuous, 756000 integer (756000 binary)
Coefficient statistics:
  Matrix range     [1e+00, 8e+02]
  Objective range  [1e+00, 1e+00]
  Bounds range     [1e+00, 1e+03]
  RHS range        [1e+00, 8e+02]
Presolve removed 738620 rows and 738580 columns
Presolve time: 2.91s
Presolved: 18583 rows, 17890 columns, 123186 nonzeros
Variable types: 390 continuous, 17500 integer (17500 binary)
Found heuristic solution: objective 851.2559333
Deterministic concurrent LP optimizer: primal and dual simplex
Showing first log only...

Concurrent spin time: 0.00s

Solved with primal simplex

Root relaxation: objective 0.000000e+00, 720 iterations, 0.16 seconds (0.22 work units)

    Nodes    |    Current Node    |     Objective Bounds      |     Work
 Expl Unexpl |  Obj  Depth IntInf | Incumbent    BestBd   Gap | It/Node Time

     0     0    0.00000    0   80  851.25593    0.00000   100%     -    4s
H    0     0                     749.9316000    0.00000   100%     -    4s
     0     0    0.00000    0   88  749.93160    0.00000   100%     -    5s
H    0     0                     342.7383000    0.00000   100%     -    6s
H    0     0                     338.1666000    0.00000   100%     -    7s
     0     0    0.00000    0   89  338.16660    0.00000   100%     -    7s
     0     0    0.00000    0   81  338.16660    0.00000   100%     -    8s
H    0     0                     334.6257000    0.00000   100%     -    8s
H    0     0                     326.9811000    0.00000   100%     -    9s
H    0     0                     306.7257667    0.00000   100%     -   11s
     0     0    0.00000    0   80  306.72577    0.00000   100%     -   11s
H    0     0                     303.5903333    0.00000   100%     -   11s
H    0     0                     298.1233615    0.00000   100%     -   11s
     0     0    0.00000    0   80  298.12336    0.00000   100%     -   11s
H    0     0                     293.9895622    0.00000   100%     -   12s
     0     0    0.00000    0   80  293.98956    0.00000   100%     -   12s
     0     0    0.00000    0   80  293.98956    0.00000   100%     -   13s
H    0     0                     288.7544966    0.00000   100%     -   14s
     0     2    0.00000    0   80  288.75450    0.00000   100%     -   15s
H   31    40                     278.4288966    0.00000   100%  38.5   18s
   160   166    0.00000   25   80  278.42890    0.00000   100%  20.2   20s
H  698   669                     276.4381299    0.00000   100%  17.8   24s
   709   737    0.00000   78   82  276.43813    0.00000   100%  17.8   25s
  1518  1360    0.00000  147   81  276.43813    0.00000   100%  13.0   31s
H 1520  1360                     276.4381286    0.00000   100%  13.0   31s
H 1521  1360                     276.4330163    0.00000   100%  13.0   31s
H 1715  1492                     275.2887333    0.00000   100%  12.4   34s
H 1718  1488                     271.3286667    0.00000   100%  12.3   34s
  1723  1624    0.00000  165   81  271.32867    0.00000   100%  12.3   35s
  2796  2487    0.00000  296   80  271.32867    0.00000   100%  10.6   41s
  3472  3224    0.00000  380   81  271.32867    0.00000   100%  10.5   45s
H 3941  3273                     271.1988000    0.00000   100%  10.2   48s
  3991  3835    0.00000  464   82  271.19880    0.00000   100%  10.2   52s
H 4446  3835                     271.1931663    0.00000   100%   9.7   52s
H 4446  3835                     271.1683667    0.00000   100%   9.7   52s
  4680  4041    0.00000  533   82  271.16837    0.00000   100%   9.6   55s
  5845  5426    0.00000  693   80  271.16837    0.00000   100%   9.5   63s
  6579  6333    0.00000  784   81  271.16837    0.00000   100%   9.7   68s
H 7590  6333                     271.1611692    0.00000   100%   9.6   68s
  7722  6334  112.09687   59   80  271.16117    0.00000   100%   9.5  109s
  7724  6335   34.35430  498   80  271.16117    0.00000   100%   9.5  124s
  7725  6336    0.00000  683   81  271.16117    0.00000   100%   9.5  152s
  7726  6337   34.35430  596   80  271.16117    0.00000   100%   9.5  157s
  7727  6337  169.97510  458   81  271.16117    0.00000   100%   9.5  166s
  7728  6338    0.00000  645   81  271.16117    0.00000   100%   9.5  177s
  7729  6339  143.12743  762   80  271.16117    0.00000   100%   9.5  193s
  7730  6339   93.19473  296   80  271.16117    0.00000   100%   9.5  198s
  7731  6340  245.93183  405   81  271.16117    0.00000   100%   9.5  210s
  7732  6341  132.07380 1004   81  271.16117    0.00000   100%   9.5  215s
  7733  6341  169.97510  686   81  271.16117    0.00000   100%   9.5  224s
  7734  6342  254.67337   90   80  271.16117    0.00000   100%   9.5  228s
  7735  6343  112.09687  169   81  271.16117    0.00000   100%   9.5  237s
  7736  6343   34.35430  463   81  271.16117    0.00000   100%   9.5  240s
  7737  6344  169.97510  638   82  271.16117    0.00000   100%   9.5  250s
H 7738  6027                     271.1005692    0.00000   100%   9.5  259s
  7739  6027  169.97510  672   81  271.10057    0.00000   100%   9.5  265s
  7741  6029  219.20720  458   80  271.10057    0.00000   100%   9.5  300s
  7744  6036    0.00000   14   80  271.10057    0.00000   100%  11.6  305s
  7772  6057    0.00000   17   80  271.10057    0.00000   100%  11.6  345s
  7849  6107    0.00000   22   80  271.10057    0.00000   100%  11.6  351s
  7892  6123    0.00000   26   80  271.10057    0.00000   100%  11.6  356s
  7959  6168    0.00000   33   80  271.10057    0.00000   100%  11.6  360s
  8011  6191    0.00000   38   80  271.10057    0.00000   100%  11.6  365s
  8089  6238    0.00000   45   80  271.10057    0.00000   100%  11.5  370s
  8151  6287   93.19473   51   78  271.10057    0.00000   100%  11.5  375s
  8232  6338    0.00000   60   80  271.10057    0.00000   100%  11.5  380s
  8332  6406    0.00000   69   80  271.10057    0.00000   100%  11.4  385s
  8425  6459   93.98940   80   78  271.10057    0.00000   100%  11.4  390s
  8554  6540   93.98940   97   78  271.10057    0.00000   100%  11.3  396s
  8656  6600   93.98940  108   78  271.10057    0.00000   100%  11.3  401s
  8753  6649   96.10837  119   78  271.10057    0.00000   100%  11.3  407s
  8857  6700   96.14670  130   78  271.10057    0.00000   100%  11.3  412s
  8903  6748   96.10837  135   78  271.10057    0.00000   100%  11.3  415s
  9043  6818   96.10837  145   78  271.10057    0.00000   100%  11.2  421s
  9112  6800    0.00000  152   80  271.10057    0.00000   100%  11.2  425s
  9184  6868    0.00000  157   80  271.10057    0.00000   100%  11.2  432s
  9251  6900   96.14670  161   78  271.10057    0.00000   100%  11.1  436s
  9399  6976   96.10837  172   78  271.10057    0.00000   100%  11.1  444s
  9481  7036   96.10837  180   78  271.10057    0.00000   100%  11.0  448s
  9577  7077   96.10837  192   78  271.10057    0.00000   100%  11.0  452s
  9661  7102   96.14670  202   78  271.10057    0.00000   100%  10.9  456s
  9726  7137  146.57867  209   78  271.10057    0.00000   100%  11.0  460s
  9870  7215  146.57867  220   78  271.10057    0.00000   100%  11.1  469s
  9957  7265  146.57867  226   78  271.10057    0.00000   100%  11.1  474s
 10050  7328    0.00000  233   80  271.10057    0.00000   100%  11.1  479s
 10156  7387  146.69433  241   78  271.10057    0.00000   100%  11.1  485s
 10263  7445  146.57867  249   78  271.10057    0.00000   100%  11.1  491s
 10370  7503    0.00000  256   80  271.10057    0.00000   100%  11.0  496s
 10474  7595  146.57867  263   78  271.10057    0.00000   100%  11.0  502s
 10611  7697  146.69433  272   78  271.10057    0.00000   100%  10.9  509s
 10770  7807    0.00000  282   80  271.10057    0.00000   100%  10.8  517s
 10943  7885    0.00000  302   80  271.10057    0.00000   100%  10.7  524s
 11082  8029    5.22697  310   78  271.10057    0.00000   100%  10.6  531s
 11286  8144    0.00000  334   80  271.10057    0.00000   100%  10.5  539s
 11478  8289   50.34800  356   78  271.10057    0.00000   100%  10.4  546s
 11691  8359   78.71033  380   78  271.10057    0.00000   100%  10.2  553s
 11836  8464  146.73873  398   78  271.10057    0.00000   100%  10.2  561s
 11998  8565   94.21597  414   78  271.10057    0.00000   100%  10.1  569s
 12172  8682    0.00000  434   80  271.10057    0.00000   100%  10.0  578s
 12384  8685   59.71553  459   78  271.10057    0.00000   100%   9.9  588s
 12501  8801    0.00000  466   80  271.10057    0.00000   100%   9.8  596s
 12681  8895   59.71553  477   78  271.10057    0.00000   100%   9.7  605s
 12868  9100    0.00000  491   80  271.10057    0.00000   100%   9.7  614s
 13161  9341   59.71553  505   78  271.10057    0.00000   100%   9.6  623s
 13525  9555   59.67003  520   78  271.10057    0.00000   100%   9.5  634s
 13903  9659   59.67003  538   78  271.10057    0.00000   100%   9.4  647s
 14160  9865   77.74610  555   78  271.10057    0.00000   100%   9.4  658s
 14483  9863   77.74610  571   78  271.10057    0.00000   100%   9.4  667s
H14554  9538                     271.1005667    0.00000   100%   9.6  667s
 14617  9589   78.69310  584   78  271.10057    0.00000   100%   9.6  674s
 14706  9652   77.74610  590   78  271.10057    0.00000   100%   9.6  682s
 14799  9856   78.69310  596   78  271.10057    0.00000   100%   9.6  694s
 15041 10510   77.74610  613   78  271.10057    0.00000   100%   9.7  778s
 15807 10487    4.26567  645   78  271.10057    0.00000   100%   9.6  784s
 16048 10415   50.49440  658   79  271.10057    0.00000   100%   9.4  815s
 16056 10494    0.00000  659   80  271.10057    0.00000   100%   9.4  820s
 16138 10554   50.49440  662   78  271.10057    0.00000   100%   9.4  826s
 16225 11156   50.49440  666   78  271.10057    0.00000   100%   9.4  836s
 16866 11285    0.00000  683   80  271.10057    0.00000   100%   9.1  846s
 17237 11602   93.19633  713   78  271.10057    0.00000   100%   9.0  856s
 17706 11870   93.98317  737   78  271.10057    0.00000   100%   8.9  867s
 18163 12228   13.96050  768   78  271.10057    0.00000   100%   8.9  878s
 18689 12662   93.98317  806   78  271.10057    0.00000   100%   8.8  887s
 19306 12809    0.00000  823   80  271.10057    0.00000   100%   8.6  899s
 19662 12952    0.00000  853   80  271.10057    0.00000   100%   8.6  910s
 19924 13422   88.97267  897   78  271.10057    0.00000   100%   8.5  925s
 20499 13568    0.00000  971   80  271.10057    0.00000   100%   8.4  937s
 20848 13786  114.10047 1020   78  271.10057    0.00000   100%   8.3  950s
 21197 14048   37.14920 1068   78  271.10057    0.00000   100%   8.3  962s
 21577 14368    0.00000 1107   80  271.10057    0.00000   100%   8.2  976s
 22031 14554   38.07687 1145   78  271.10057    0.00000   100%   8.2  991s
 22391 14896   78.65783 1177   78  271.10057    0.00000   100%   8.2 1004s
 22898 15254   55.90243 1213   78  271.10057    0.00000   100%   8.3 1019s
 23456 15479    0.00000 1281   80  271.10057    0.00000   100%   8.4 1038s
 23913 16070    0.00000 1354   80  271.10057    0.00000   100%   8.7 1055s
 24703 16478    0.00000 1417   80  271.10057    0.00000   100%   9.0 1071s
 25436 17121    0.00000 1478   80  271.10057    0.00000   100%   9.4 1085s
 26159 18179    0.00000 1530   80  271.10057    0.00000   100%   9.5 1104s
 27245 19056    0.00000 1603   80  271.10057    0.00000   100%   9.8 1123s
 28156 19145    0.00000 1669   80  271.10057    0.00000   100%  10.0 1155s
 28257 19780  159.01310 1675   78  271.10057    0.00000   100%  10.0 1174s
 28928 20194    0.00000 1708   80  271.10057    0.00000   100%  10.1 1192s
 29380 20567    0.00947 1771   90  271.10057    0.00947   100%  10.1 1210s
 29827 20574   51.29745 1821   78  271.10057    0.03151   100%  10.3 1394s
 29835 27006    0.03151 1822   80  271.10057    0.03151   100%  10.3 1644s
 34989 27006  163.39139 2654   70  271.10057    0.03151   100%  13.6 1645s
 36707 27313  108.43788 2251   78  271.10057    0.03151   100%  13.3 1665s
 37046 27320   36.59685 2269   78  271.10057    0.03151   100%  13.2 1697s
 37054 27646    0.03151 2270   80  271.10057    0.03151   100%  13.2 1717s
 37413 30368   52.08255 2290   78  271.10057    0.03151   100%  13.1 1763s
 40204 32459   96.89321 2494   78  271.10057    0.03151   100%  12.7 1794s
 40835 32459  160.45948 3033   74  271.10057    0.03151   100%  12.7 1795s
 42358 34078   93.53265 2608   78  271.10057    0.03151   100%  12.3 1820s
 44048 34592   51.27081 2717   78  271.10057    0.03151   100%  12.2 1844s
 44603 36632   78.93658 2729   78  271.10057    0.03151   100%  12.1 1946s
 46707 37832    0.03151 2836   80  271.10057    0.03151   100%  12.0 1964s
 47942 38182    0.03151 2895   80  271.10057    0.03151   100%  11.8 1976s
 48307 38729   37.13751 2941   78  271.10057    0.03151   100%  11.8 1990s
 48875 39465    0.03151 3005   81  271.10057    0.03151   100%  11.7 2005s
 49661 40112    0.03151 3064   80  271.10057    0.03151   100%  11.7 2020s
 50355 40541   36.59685 3127   78  271.10057    0.03151   100%  11.6 2034s
 50829 40795    0.03151 3174   80  271.10057    0.03151   100%  11.6 2049s
 51113 41702    6.78695 3186   78  271.10057    0.03151   100%  11.6 2065s
 52055 42345    0.03151 3242   80  271.10057    0.03151   100%  11.5 2080s
 52722 42887    0.03151 3270   80  271.10057    0.03151   100%  11.4 2095s
 53305 43410    0.03151 3327   80  271.10057    0.03151   100%  11.5 2110s
 53889 43889    0.03151 3395   80  271.10057    0.03151   100%  11.5 2124s
 54413 45178   33.74471 3452   78  271.10057    0.03151   100%  11.5 2140s
 55729 45184   86.03345 3510   78  271.10057    0.03151   100%  11.4 2169s
 55737 45337    0.03151 3511   80  271.10057    0.03151   100%  11.4 2178s
 55895 46019   86.03345 3518   78  271.10057    0.03151   100%  11.4 2210s
 56624 48114    0.03151 3569   80  271.10057    0.03151   100%  11.5 2232s
 58758 49993    0.03151 3616   80  271.10057    0.03151   100%  11.2 2255s
 60655 52352   20.67421 3672   78  271.10057    0.03151   100%  11.0 2363s
 63088 52450    0.03151 3764   80  271.10057    0.03151   100%  10.8 2374s
 63188 52556    8.09668 3767   78  271.10057    0.03151   100%  10.8 2381s
 63297 52710    0.03151 3773   80  271.10057    0.03151   100%  10.8 2388s
 63458 53771  107.46281 3779   78  271.10057    0.03151   100%  10.8 2405s
 64554 54515  107.46281 3825   78  271.10057    0.03151   100%  10.8 2420s
 65380 55199   87.61428 3867   78  271.10057    0.03151   100%  10.9 2433s
 66142 55693    0.03151 3919   80  271.10057    0.03151   100%  10.9 2448s
 66752 57404    0.03151 3961   80  271.10057    0.03151   100%  11.0 2466s
 68485 57935    0.03151 4022   80  271.10057    0.03151   100%  10.8 2477s
H68651 57935                     271.1000150    0.03151   100%  10.8 2477s
 69040 58784    0.03151 4058   80  271.10001    0.03151   100%  10.8 2492s
 69913 59099    0.03151 4114   80  271.10001    0.03151   100%  10.7 2502s
 70246 59962    0.03151 4126   80  271.10001    0.03151   100%  10.7 2515s
 71129 60532  109.82265 4158   78  271.10001    0.03151   100%  10.6 2529s
 71748 61299    0.03151 4210   80  271.10001    0.03151   100%  10.6 2543s
 72566 61603  109.49815 4260   78  271.10001    0.03151   100%  10.6 2553s
 72895 61708    0.03151 4301   80  271.10001    0.03151   100%  10.6 2563s
 73019 61843    0.03151 4307   80  271.10001    0.03151   100%  10.7 2570s
 73162 62502    0.03151 4314   80  271.10001    0.03151   100%  10.7 2582s
 73872 62652    0.03151 4369   80  271.10001    0.03151   100%  10.7 2591s
 74054 63019    0.03151 4376   80  271.10001    0.03151   100%  10.8 2603s
 74497 63317    0.03151 4399   80  271.10001    0.03151   100%  10.8 2638s
 74829 63445    0.03151 4413   80  271.10001    0.03151   100%  10.8 2647s
 74974 64895    0.03151 4422   80  271.10001    0.03151   100%  10.8 2666s
 76461 67060    7.38531 4472   78  271.10001    0.03151   100%  10.7 2763s
 78777 67187    0.32651 4570   80  271.10001    0.32651   100%  10.6 2776s
 78933 67282    8.70428 4581   78  271.10001    0.32651   100%  10.6 2781s
 79038 67388    0.32651 4587   80  271.10001    0.32651   100%  10.6 2788s
 79166 67539  159.83918 4596   78  271.10001    0.32651   100%  10.6 2795s
 79329 68752  159.83918 4607   78  271.10001    0.32651   100%  10.6 2814s
 80429 68752   99.50321 5026   76  271.10001    0.32651   100%  10.6 2815s
 80649 69471    0.32651 4654   80  271.10001    0.32651   100%  10.6 2833s
 81453 70372   72.51088 4686   78  271.10001    0.32651   100%  10.6 2851s
 82368 71686   90.41344 4719   78  271.10001    0.32651   100%  10.5 2870s
 83707 72040   90.41344 4762   78  271.10001    0.32651   100%  10.5 2882s
 84096 72578   90.41344 4782   78  271.10001    0.32651   100%  10.5 2896s
 84666 73095    0.32651 4833   80  271.10001    0.32651   100%  10.5 2909s
 85186 73640    0.32651 4867   80  271.10001    0.32651   100%  10.5 2923s
 85745 74255    0.32651 4912   80  271.10001    0.32651   100%  10.5 2938s
 86377 75075   51.45628 4945   78  271.10001    0.40104   100%  10.5 2956s
 87273 75443    0.41144 4985   89  271.10001    0.41144   100%  10.5 2969s
 87664 75857    0.44031 5004   81  271.10001    0.44031   100%  10.5 2983s
 88123 76334    0.82219 5032   81  271.10001    0.82219   100%  10.5 2995s
 88612 76929    0.95075 5043   81  271.10001    0.95075   100%  10.5 3013s
 89254 77379   19.81206 5074   76  271.10001    3.81888  98.6%  10.5 3029s
 89761 77952  106.13892 5104   76  271.10001    3.81888  98.6%  10.6 3046s
 90376 78285   19.81206 5142   76  271.10001    3.81888  98.6%  10.6 3058s
 90754 78808   19.85876 5170   83  271.10001    3.81888  98.6%  10.8 3073s
 91306 79386   20.05658 5190   76  271.10001    3.81888  98.6%  10.9 3179s
 91977 80700   28.03322 5228   74  271.10001    3.81888  98.6%  11.0 3227s
 93398 82523   28.03322 5327   74  271.10001    3.81888  98.6%  11.1 3280s
 95459 83142   28.04164 5460   84  271.10001    3.81888  98.6%  11.3 3308s
 96177 83727   28.51334 5516   74  271.10001    3.81888  98.6%  11.6 3335s
 96931 84411   64.37126 5575   68  271.10001    3.81888  98.6%  11.8 3361s
 97784 86207   48.01301 5620   68  271.10001    3.81888  98.6%  12.1 3401s
 99882 88050   89.19780 5680   74  271.10001    3.81888  98.6%  12.3 3434s
 101808 88720   89.24226 5704   66  271.10001    3.81888  98.6%  12.4 3451s
 102539 90535  150.86930 5714   67  271.10001    3.81888  98.6%  12.5 3478s
 104409 92109   96.23487 5756   64  271.10001    3.81888  98.6%  12.5 3504s
 106017 94289   96.23487 5810   64  271.10001    3.81888  98.6%  12.6 3606s
 108320 94788  242.93460 5893   62  271.10001    3.81888  98.6%  12.6 3619s
 108844 95520  242.93460 5913   62  271.10001    3.81888  98.6%  12.7 3632s
 109600 96130  190.24563 5935   62  271.10001    3.81888  98.6%  12.7 3646s
 110263 96686   96.24880 5972   78  271.10001    3.81888  98.6%  12.8 3661s
 110888 97398   96.29346 5999   65  271.10001    3.81888  98.6%  12.8 3678s
 111691 97904   96.34626 6024   72  271.10001    3.81888  98.6%  12.8 3692s
 112250 98501   96.37385 6034   66  271.10001    3.81888  98.6%  12.8 3707s
 112923 99144   96.42228 6045   66  271.10001    3.81888  98.6%  12.8 3723s
 113613 100095   96.53571 6065   65  271.10001    3.81888  98.6%  12.9 3740s
 114644 100954   97.08181 6077   64  271.10001    3.81888  98.6%  12.9 3755s
 115623 101780   97.93353 6091   64  271.10001    3.81888  98.6%  12.9 3772s
 116532 102375  107.98301 6124   62  271.10001    3.81888  98.6%  13.0 3786s
 117189 102949  107.98301 6169   62  271.10001    3.81888  98.6%  13.1 3800s
 117823 103664  107.98301 6209   62  271.10001    3.81888  98.6%  13.3 3815s
 118575 104132  107.98301 6227   62  271.10001    3.81888  98.6%  13.4 3826s
 119053 104836  107.98301 6235   62  271.10001    3.81888  98.6%  13.5 3845s
 119894 105463  107.98301 6280   62  271.10001    3.81888  98.6%  13.6 3860s
 120610 106772  107.98301 6308   62  271.10001    3.81888  98.6%  13.7 3955s
 122071 107139  108.68939 6367   62  271.10001    3.81888  98.6%  13.8 3967s
 122468 107630  122.12450 6387   60  271.10001    3.81888  98.6%  13.9 3983s
 123015 108232  122.12450 6418   60  271.10001    3.81888  98.6%  14.1 4001s
 123705 108763  216.12987 6455   60  271.10001    3.81888  98.6%  14.2 4051s
 124252 109453  122.12450 6479   60  271.10001    3.81888  98.6%  14.2 4070s
 125045 110785  122.12450 6516   60  271.10001    3.81888  98.6%  14.3 4101s
 126628 111934  122.12450 6573   60  271.10001    3.81888  98.6%  14.4 4128s
 127991 113013     cutoff 6623       271.10001    3.81888  98.6%  14.6 4151s
 129151 113817  122.30692 6651   61  271.10001    3.81888  98.6%  14.6 4172s
 130109 114689  124.25648 6689   60  271.10001    3.81888  98.6%  14.7 4193s
 131093 115697  132.96263 6753   58  271.10001    3.81888  98.6%  14.9 4215s
 132310 117124     cutoff 6793       271.10001    3.81888  98.6%  14.9 4237s
 133863 118089  132.97775 6851   58  271.10001    3.81888  98.6%  14.9 4254s
 134899 118995  132.98082 6892   58  271.10001    3.81888  98.6%  14.9 4269s
 135881 120937  132.98082 6928   58  271.10001    3.81888  98.6%  14.9 4366s
 137954 121848  132.98082 6997   58  271.10001    3.81888  98.6%  15.0 4379s
 138939 122397  132.98082 7020   58  271.10001    3.81888  98.6%  15.0 4391s
 139526 122980  154.27362 7041   57  271.10001    3.81888  98.6%  14.9 4404s
 140174 123491  132.98082 7062   58  271.10001    3.81888  98.6%  15.0 4415s
 140763 123886  132.98082 7072   58  271.10001    3.81888  98.6%  15.0 4425s
 141222 124281  132.98082 7082   58  271.10001    3.81888  98.6%  15.0 4436s
 141645 124544  132.98082 7095   58  271.10001    3.81888  98.6%  15.0 4444s
 141923 125125  132.98082 7105   58  271.10001    3.81888  98.6%  15.0 4458s
 142572 126033  132.98082 7127   58  271.10001    3.81888  98.6%  15.1 4474s
 143528 126529  132.98082 7148   58  271.10001    3.81888  98.6%  15.1 4487s
 144064 127207  132.98082 7178   58  271.10001    3.81888  98.6%  15.1 4502s
 144775 128052  132.98082 7207   58  271.10001    3.81888  98.6%  15.1 4517s
 145701 129741  140.97092 7234   56  271.10001    3.81888  98.6%  15.1 4533s
 147437 130766  132.99753 7275   58  271.10001    3.81888  98.6%  15.1 4545s
 148505 130912  147.18462 7286   56  271.10001    3.81888  98.6%  15.0 4551s
 148700 131816  133.02250 7295   66  271.10001    3.81888  98.6%  15.1 4564s
 149683 132575  133.08492 7312   59  271.10001    3.81888  98.6%  15.0 4578s
 150498 134273  133.16306 7324   59  271.10001    3.81888  98.6%  15.1 4669s
 152560 135515  134.34941 7348   58  271.10001    3.81888  98.6%  15.1 4681s
 153971 136459  134.40847 7357   58  271.10001    3.81888  98.6%  15.0 4692s
 155049 137093  143.81895 7383   56  271.10001    3.81888  98.6%  14.9 4701s
 155777 137657  237.84345 7389   54  271.10001    3.81888  98.6%  14.9 4711s
 156394 138304  143.81895 7400   56  271.10001    3.81888  98.6%  14.9 4720s
 157086 138874  143.81895 7407   56  271.10001    3.81888  98.6%  14.9 4728s
 157720 139122  143.81895 7411   56  271.10001    3.81888  98.6%  14.9 4735s
 158006 139461  143.81895 7414   56  271.10001    3.81888  98.6%  14.9 4744s
 158442 139962  237.84345 7422   54  271.10001    3.81888  98.6%  14.9 4753s
 159027 141020  143.81895 7432   56  271.10001    3.81888  98.6%  14.9 4765s
 160127 141544  239.92402 7449   54  271.10001    3.81888  98.6%  14.9 4774s
 160687 141982  143.81895 7462   56  271.10001    3.81888  98.6%  14.9 4785s
 161167 142478  239.92402 7473   54  271.10001    3.81888  98.6%  15.0 4793s
 161706 143423  143.83616 7483   58  271.10001    3.81888  98.6%  15.0 4805s
 162661 144085  143.84565 7490   69  271.10001    3.81888  98.6%  14.9 4817s
 163365 145429  150.21138 7501   55  271.10001    3.81888  98.6%  14.9 4830s
 164731 146568  143.88781 7509   58  271.10001    3.81888  98.6%  14.9 4845s
 165891 149844  143.98172 7526   61  271.10001    3.81888  98.6%  14.8 4941s
 169288 150763  144.05876 7574   56  271.10001    3.81888  98.6%  14.6 4949s
 170212 152109  238.28366 7583   54  271.10001    3.81888  98.6%  14.6 4959s
 171564 152832  144.05876 7600   56  271.10001    3.81888  98.6%  14.5 4968s
 172304 153456  144.05876 7613   56  271.10001    3.81888  98.6%  14.5 4977s
 172933 154593  144.05876 7627   56  271.10001    3.81888  98.6%  14.5 4988s
 174090 155835  144.05876 7639   56  271.10001    3.81888  98.6%  14.4 4998s
 175342 156893  144.05915 7655   56  271.10001    3.81888  98.6%  14.3 5010s
 176434 157641  144.51758 7664   57  271.10001    3.81888  98.6%  14.3 5018s
 177199 157970  145.04658 7672   56  271.10001    3.81888  98.6%  14.2 5025s
 177556 158480  145.25860 7676   56  271.10001    3.81888  98.6%  14.2 5033s
 178084 158931  156.67798 7684   54  271.10001    3.81888  98.6%  14.2 5041s
 178585 159895  164.49522 7688   52  271.10001    3.81888  98.6%  14.2 5050s
 179610 161227  156.68088 7693   54  271.10001    3.81888  98.6%  14.2 5061s
 181013 164109  156.70468 7701   54  271.10001    3.81888  98.6%  14.1 5161s
 184007 164180  156.79422 7727   56  271.10001    3.81888  98.6%  14.0 5165s
 184229 165014  164.49522 7734   53  271.10001    3.81888  98.6%  14.0 5179s
 185004 166068  156.90671 7738   55  271.10001    3.81888  98.6%  14.0 5190s
 186102 167098  156.91301 7746   55  271.10001    3.81888  98.6%  13.9 5201s
 187146 168216  156.94610 7752   54  271.10001    3.81888  98.6%  13.9 5212s
 188289 169137  156.94649 7757   54  271.10001    3.81888  98.6%  13.8 5222s
 189251 169766  157.44442 7762   54  271.10001    3.81888  98.6%  13.8 5230s
 189909 170618  158.29273 7766   54  271.10001    3.81888  98.6%  13.9 5238s
 190786 171855  158.60756 7770   54  271.10001    3.81888  98.6%  13.9 5250s
 192054 172280  250.88198 7776   53  271.10001    3.81888  98.6%  13.8 5258s
 192504 173127  171.94988 7796   52  271.10001    3.81888  98.6%  13.8 5268s
 193419 173923  176.47645 7814   60  271.10001    3.81888  98.6%  13.8 5277s
 194246 174628  188.88781 7830   53  271.10001    3.81888  98.6%  13.8 5286s
 195011 174844  186.31445 7845   54  271.10001    3.81888  98.6%  13.9 5292s
 195263 175325  188.18758 7854   53  271.10001    3.81888  98.6%  13.9 5301s
 195783 178225  188.20830 7883   52  271.10001    3.81888  98.6%  13.9 5396s
 198852 178999  197.58720 7939   50  271.10001    3.81888  98.6%  13.8 5406s
 199646 180048  208.10155 7965   48  271.10001    3.81888  98.6%  13.8 5417s
 200709 180454  208.10158 7980   48  271.10001    3.81888  98.6%  13.8 5423s
 201120 181601  208.12303 7988   48  271.10001    3.81888  98.6%  13.8 5434s
 202272 182195  208.14506 8005   50  271.10001    3.81888  98.6%  13.7 5443s
 202913 183248  228.75842 8016   46  271.10001    3.81888  98.6%  13.7 5453s
 204008 184274  208.26640 8024   48  271.10001    3.81888  98.6%  13.7 5463s
 205098 184971  230.47331 8040   46  271.10001    3.81888  98.6%  13.6 5471s
 205824 186058  241.32146 8051   57  271.10001    3.81888  98.6%  13.6 5482s
 206938 186690  230.48305 8067   46  271.10001    3.81888  98.6%  13.6 5489s
 207574 187326  251.49522 8081   44  271.10001    3.81888  98.6%  13.5 5498s
 208214 187916  230.69070 8103   47  271.10001    3.81888  98.6%  13.5 5506s
 208817 188327  243.82002 8121   44  271.10001    3.81888  98.6%  13.5 5512s
 209260 188882  243.84185 8131   44  271.10001    3.81888  98.6%  13.5 5521s
 209842 189393  258.65203 8146   55  271.10001    3.81888  98.6%  13.5 5530s
 210434 190469     cutoff 8171       271.10001    3.81888  98.6%  13.5 5619s
 211689 191322   66.16843 3292   76  271.10001    3.81888  98.6%  13.6 5632s
 212546 193390  118.28291 3420   74  271.10001    3.81888  98.6%  13.6 5654s
 214701 193984  194.32160 4213   68  271.10001    3.81888  98.6%  13.6 5663s
 215311 194554  193.40778 4217   68  271.10001    3.81888  98.6%  13.6 5673s
 215945 195175  181.53077 4248   68  271.10001    3.81888  98.6%  13.6 5684s
 216633 196187  246.58753 4352   66  271.10001    3.81888  98.6%  13.7 5695s
 217730 197018  241.14117 4496   64  271.10001    3.81888  98.6%  13.7 5705s
 218653 197573  248.38524 3331   62  271.10001    3.81888  98.6%  13.8 5713s
 219244 198217   97.72041 3310   68  271.10001    3.81888  98.6%  13.8 5724s
 219961 199414 infeasible 3461       271.10001    3.81888  98.6%  13.8 5734s
 221195 201056   10.57579 3525   78  271.10001    3.81888  98.6%  13.8 5749s
 222856 202813   29.15252 4103   73  271.10001    3.81888  98.6%  13.8 5763s
 224661 203460   89.63467 4552   68  271.10001    3.81888  98.6%  13.8 5770s
 225313 203623   89.75718 4648   69  271.10001    3.81888  98.6%  13.8 5846s
 225492 208796   90.59670 4676   69  271.10001    3.81888  98.6%  13.8 5917s
 230784 210606  167.70887 5535   60  271.10001    3.81888  98.6%  13.8 5937s
 232625 212551  176.64379 6007   58  271.10001    3.81888  98.6%  13.7 5953s
 234631 214178  203.48080 6311   54  271.10001    3.81888  98.6%  13.6 5967s
 236341 215520  241.71024 6501   50  271.10001    3.81888  98.6%  13.6 5978s
 237731 216696  137.83335 3243   71  271.10001    3.81888  98.6%  13.5 5990s
 239002 217566  243.15012 3389   56  271.10001    3.81888  98.6%  13.5 6000s
 239935 219723    9.37971 3245   76  271.10001    3.81888  98.6%  13.5 6096s
 242227 220582    9.41094 3312   76  271.10001    3.81888  98.6%  13.4 6108s
 243145 221869   43.58720 3342   74  271.10001    3.81888  98.6%  13.4 6118s
 244455 222455   80.12530 3373   74  271.10001    3.81888  98.6%  13.4 6127s
 245061 223298   80.12530 3390   74  271.10001    3.81888  98.6%  13.5 6137s
 245927 224491    9.41094 3417   76  271.10001    3.81888  98.6%  13.5 6147s
 247148 225546    9.41094 3440   76  271.10001    3.81888  98.6%  13.5 6157s
 248207 226409    9.41094 3452   76  271.10001    3.81888  98.6%  13.5 6167s
 249078 227075  119.82677 3481   74  271.10001    3.81888  98.6%  13.6 6176s
 249799 227818  119.82677 3510   74  271.10001    3.81888  98.6%  13.6 6184s
 250584 228550   80.12530 3537   74  271.10001    3.81888  98.6%  13.6 6193s
 251333 229078    9.41094 3565   76  271.10001    3.81888  98.6%  13.6 6202s
 251899 229631    9.41094 3589   76  271.10001    3.81888  98.6%  13.6 6212s
 252534 230032    9.41094 3614   76  271.10001    3.81888  98.6%  13.6 6222s
 253024 230500    9.41094 3637   76  271.10001    3.81888  98.6%  13.6 6231s
 253557 230971    9.41094 3656   76  271.10001    3.81888  98.6%  13.6 6240s
 254070 231455    9.41094 3674   76  271.10001    3.81888  98.6%  13.6 6252s
 254631 234401    9.41094 3690   76  271.10001    3.81888  98.6%  13.6 6344s
 257588 234449    9.41094 3738   76  271.10001    3.81888  98.6%  13.6 6347s
 257636 234950  123.34130 3741   74  271.10001    3.81888  98.6%  13.6 6353s
 258143 235601    9.41094 3755   76  271.10001    3.81888  98.6%  13.6 6362s
 258799 236854    9.41094 3772   76  271.10001    3.81888  98.6%  13.6 6372s
 260071 237289    9.41094 3793   76  271.10001    3.81888  98.6%  13.5 6380s
 260555 238035    9.41629 3805   78  271.10001    3.81888  98.6%  13.5 6389s
 261305 238809    9.42763 3818   76  271.10001    3.81888  98.6%  13.5 6397s
 262108 239891   61.43075 3831   74  271.10001    3.81888  98.6%  13.5 6406s
 263208 240646   27.97471 3847   72  271.10001    3.81888  98.6%  13.4 6417s
 263970 241194   16.12935 3865   80  271.10001    3.81888  98.6%  13.4 6424s
 264539 241666   16.14588 3873   76  271.10001    3.81888  98.6%  13.4 6431s
 265036 242067   16.14588 3878   76  271.10001    3.81888  98.6%  13.5 6438s
 265446 242475   16.14588 3881   76  271.10001    3.81888  98.6%  13.5 6446s
 265882 243051   16.14601 3884   76  271.10001    3.81888  98.6%  13.5 6453s
 266486 243367   16.14613 3890   75  271.10001    3.81888  98.6%  13.5 6461s
 266865 243692   16.54703 3911   74  271.10001    3.81888  98.6%  13.6 6467s
 267241 244305  124.49711 3920   72  271.10001    3.81888  98.6%  13.6 6476s
 267940 245032  138.10105 3940   70  271.10001    3.81888  98.6%  13.6 6485s
 268681 245482   27.97471 3960   72  271.10001    3.81888  98.6%  13.6 6493s
 269178 247537   27.97471 3988   72  271.10001    3.81888  98.6%  13.6 6581s
 271292 248775   27.97471 4041   72  271.10001    3.81888  98.6%  13.6 6591s
 272541 249716   27.97471 4062   72  271.10001    3.81888  98.6%  13.6 6601s
 273495 250589   27.97471 4092   72  271.10001    3.81888  98.6%  13.6 6611s
 274401 250965  115.55748 4117   70  271.10001    3.81888  98.6%  13.6 6616s
 274782 251725   27.97471 4131   72  271.10001    3.81888  98.6%  13.6 6625s
 275594 252460   27.97471 4158   72  271.10001    3.81888  98.6%  13.6 6634s
 276346 253036  135.40601 4181   71  271.10001    3.81888  98.6%  13.6 6642s
 276936 254063   27.97471 4205   72  271.10001    3.81888  98.6%  13.6 6651s
 277972 254766   27.97471 4233   72  271.10001    3.81888  98.6%  13.6 6663s
 278684 255602   28.06930 4263   82  271.10001    3.81888  98.6%  13.6 6673s
 279531 255994  124.74801 4282   70  271.10001    3.81888  98.6%  13.6 6680s
 279934 256730   82.97305 4299   70  271.10001    3.81888  98.6%  13.6 6689s
 280679 257474  103.54578 4324   68  271.10001    3.81888  98.6%  13.7 6697s
 281449 258409  176.87148 4344   68  271.10001    3.81888  98.6%  13.7 6707s
 282393 259236     cutoff 4367       271.10001    3.81888  98.6%  13.7 6716s
 283267 259689   82.90308 4383   70  271.10001    3.81888  98.6%  13.7 6724s
 283745 261135  192.34895 4397   68  271.10001    3.81888  98.6%  13.7 6813s
 285354 262204   82.90308 4440   70  271.10001    3.81888  98.6%  13.7 6826s
 286474 262783   82.90308 4470   70  271.10001    3.81888  98.6%  13.7 6837s
 287073 263496 infeasible 4489       271.10001    3.81888  98.6%  13.7 6847s
 287835 264392   82.90308 4499   70  271.10001    3.81888  98.6%  13.7 6859s
 288790 264937 infeasible 4522       271.10001    3.81888  98.6%  13.7 6870s
 289375 265430   82.90308 4545   70  271.10001    3.81888  98.6%  13.7 6881s
 289875 266149   82.90308 4575   70  271.10001    3.81888  98.6%  13.7 6896s
 290646 266414   83.30467 4598   70  271.10001    3.81888  98.6%  13.7 6905s
 290996 266485  109.75267 4619   66  271.10001    3.81888  98.6%  13.7 6910s
 291101 266902   88.45687 4625   68  271.10001    3.81888  98.6%  13.8 6921s
 291624 267248   88.45687 4660   68  271.10001    3.81888  98.6%  13.8 6932s
 292056 267632   88.45687 4688   68  271.10001    3.81888  98.6%  13.8 6945s
 292515 268478  198.22327 4707   66  271.10001    3.81888  98.6%  13.8 6960s
 293409 269274     cutoff 4741       271.10001    3.81888  98.6%  13.9 6977s
 294262 269866   88.45687 4777   68  271.10001    3.81888  98.6%  13.9 6991s
 294951 270279   88.45687 4804   68  271.10001    3.81888  98.6%  13.9 7003s
 295454 270675 infeasible 4826       271.10001    3.81888  98.6%  13.9 7015s
 295910 271227   88.45687 4848   68  271.10001    3.81888  98.6%  13.9 7026s
 296539 271798  102.41737 4873   66  271.10001    3.81888  98.6%  14.0 7042s
 297175 272628   88.45687 4907   68  271.10001    3.81888  98.6%  14.0 7055s
 298045 273569   88.45687 4934   68  271.10001    3.81888  98.6%  14.0 7070s
 299057 274393   95.21230 4978   66  271.10001    3.81888  98.6%  14.0 7157s
 299964 276062  102.52203 5020   66  271.10001    3.81888  98.6%  14.0 7178s
 301671 276862   88.75911 5053   69  271.10001    3.81888  98.6%  14.0 7191s
 302498 277238  196.87373 5073   66  271.10001    3.81888  98.6%  14.0 7200s

Cutting planes:
  Gomory: 111
  Implied bound: 262
  Projected implied bound: 513
  MIR: 6
  Flow cover: 172
  RLT: 2
  Relax-and-lift: 5016

Explored 302957 nodes (4251453 simplex iterations) in 7201.08 seconds (7717.02 work units)
Thread count was 16 (of 16 available processors)

Solution count 10: 271.1 271.101 271.101 ... 276.433

Time limit reached
Best objective 2.711000149621e+02, best bound 3.818879196762e+00, gap 98.5913%

User-callback calls 1039152, time in user-callback 4.05 sec
