
Gurobi 9.1.2 (win64) logging started Sun Sep 21 05:09:17 2025

Changed value of parameter LogFile to log_group_6/bound_Expr172_s7_l1051_s11_e12_o40_d80_t7200_s32_1_0_0_0.log
   Prev:   Default: 
Gurobi Optimizer version 9.1.2 build v9.1.2rc0 (win64)
Thread count: 8 physical cores, 16 logical processors, using up to 16 threads
Optimize a model with 645546 rows, 644470 columns and 6418306 nonzeros
Model fingerprint: 0xa9474306
Variable types: 470 continuous, 644000 integer (644000 binary)
Coefficient statistics:
  Matrix range     [1e+00, 9e+02]
  Objective range  [1e+00, 1e+00]
  Bounds range     [1e+00, 1e+03]
  RHS range        [1e+00, 9e+02]
Presolve removed 628370 rows and 627987 columns
Presolve time: 2.78s
Presolved: 17176 rows, 16483 columns, 97216 nonzeros
Variable types: 390 continuous, 16093 integer (16093 binary)
Found heuristic solution: objective 4574.6661667

Root relaxation: objective 0.000000e+00, 6928 iterations, 1.11 seconds
Total elapsed time = 6.30s

    Nodes    |    Current Node    |     Objective Bounds      |     Work
 Expl Unexpl |  Obj  Depth IntInf | Incumbent    BestBd   Gap | It/Node Time

     0     0    0.00000    0  143 4574.66617    0.00000   100%     -    7s
H    0     0                    4476.9772667    0.00000   100%     -    7s
H    0     0                    4421.7288000    0.00000   100%     -    8s
H    0     0                    3588.7914333    0.00000   100%     -    8s
     0     0    0.00000    0  141 3588.79143    0.00000   100%     -    8s
H    0     0                    1808.3211667    0.00000   100%     -   11s
     0     0    0.00000    0  149 1808.32117    0.00000   100%     -   13s
     0     0    0.00000    0  135 1808.32117    0.00000   100%     -   18s
     0     0    0.00000    0  130 1808.32117    0.00000   100%     -   19s
H    0     0                    1750.6053665    0.00000   100%     -   22s
H    0     0                    1252.3156667    0.00000   100%     -   24s
     0     2    0.00000    0  130 1252.31567    0.00000   100%     -   26s
H   31    40                    1057.6861333    0.00000   100%   597   33s
H   32    40                     973.6106667    0.00000   100%   582   33s
H   35    40                     805.8232000    0.00000   100%   550   33s
H   38    40                     758.9051000    0.00000   100%   519   33s
    88   105    0.00000    9  242  758.90510    0.00000   100%   326   35s
   430   466    0.00000   33  192  758.90510    0.00000   100%   199   40s
   798   860    0.00000   61  160  758.90510    0.00000   100%   177   45s
  1106  1199    0.00000   84  158  758.90510    0.00000   100%   189   51s
H 1324  1332                     714.7700000    0.00000   100%   200   57s
H 1326  1331                     521.1992667    0.00000   100%   200   57s
H 1465  1592                     447.3275000    0.00000   100%   201   61s
H 1478  1592                     447.2992120    0.00000   100%   202   61s
H 1647  1641                     430.6174667    0.00000   100%   215   70s
H 1649  1640                     405.2702667    0.00000   100%   215   70s
H 1655  1640                     404.8473333    0.00000   100%   216   70s
  1821  1897    0.00000  127  180  404.84733    0.00000   100%   228   75s
  1961  1942  100.43087  134  264  404.84733    0.00000   100%   231   80s
H 1991  1697                     348.5672333    0.00000   100%   234   80s
  2218  2078    0.00000  138  168  348.56723    0.00000   100%   235   85s
  2625  2377    0.00000  142  154  348.56723    0.00000   100%   232   91s
  2738  2604  136.08663  144  162  348.56723    0.00000   100%   242   95s
H 3049  2693                     343.6862000    0.00000   100%   246  104s
H 3050  2615                     300.6769667    0.00000   100%   248  104s
H 3052  2615                     297.6266333    0.00000   100%   248  104s
H 3054  2475                     285.3493000    0.00000   100%   248  104s
  3057  2641    0.00000  145  190  285.34930    0.00000   100%   248  108s
  3245  2776   34.85410  147  376  285.34930    0.00000   100%   251  112s
  3398  2975    0.00000  147  209  285.34930    0.00000   100%   253  115s
H 3615  2966                     273.0259000    0.00000   100%   253  124s
H 3619  2964                     270.0761333    0.00000   100%   254  124s
  3623  3152   38.92700  149  337  270.07613    0.00000   100%   255  128s
H 3820  3228                     269.0761333    0.00000   100%   257  131s
H 3824  3228                     267.2522333    0.00000   100%   258  131s
  3900  3428    0.00000  152  259  267.25223    0.00000   100%   256  136s
H 3961  3428                     267.2420333    0.00000   100%   257  136s
  4109  3622 infeasible  165       267.24203    0.00000   100%   258  143s
  4315  3910   46.32977  168  169  267.24203    0.00000   100%   265  148s
  4633  4397   48.81847  174  364  267.24203    0.00000   100%   263  153s
H 5160  4522                     267.2420333    0.00000   100%   254  158s
H 5253  4515                     264.7183666    0.00000   100%   254  158s
  5317  4843   47.20877  179  292  264.71837    0.00000   100%   254  163s
  5674  4844   87.89060  172  130  264.71837    0.00000   100%   255  290s
H 5675  4602                     264.5828333    0.00000   100%   255  306s
H 5676  4372                     264.5828333    0.00000   100%   255  339s
  5677  4373  205.52710   25  235  264.58283    0.00000   100%   255  372s
  5678  4374  106.37530  263  341  264.58283    0.00000   100%   255  397s
  5679  4374  107.94847   12  362  264.58283    0.00000   100%   255  440s
  5680  4375  186.30193   12  445  264.58283    0.00000   100%   255  446s
  5681  4376  179.07960  220  153  264.58283    0.00000   100%   255  492s
  5682  4376   90.80800  244  455  264.58283    0.00000   100%   255  501s
  5683  4377   79.14563  204  297  264.58283    0.00000   100%   255  557s
  5684  4378   79.14563  335  155  264.58283    0.00000   100%   255  579s
  5685  4378  193.37447  120  155  264.58283    0.00000   100%   255  615s
  5686  4382    0.00000   10  267  264.58283    0.00000   100%   287  665s
  5688  4382    0.00000   11  274  264.58283    0.00000   100%   288  695s
  5692  4385    0.00000   12  240  264.58283    0.00000   100%   290  754s
  5697  4386    0.00000   13  233  264.58283    0.00000   100%   298  825s
  5705  4389    0.00000   14  238  264.58283    0.00000   100%   308  880s
  5713  4390    0.00000   15  290  264.58283    0.00000   100%   314  931s
  5721  4394    0.00000   15  300  264.58283    0.00000   100%   325  969s
  5729  4400    0.00000   16  256  264.58283    0.00000   100%   334 1008s
  5740  4406    0.00000   17  278  264.58283    0.00000   100%   342 1032s
H 5753  4188                     263.3348666    0.00000   100%   346 1095s
H 5758  3978                     261.9284666    0.00000   100%   347 1095s
  5761  3984  213.15308   18  449  261.92847    0.00000   100%   351 1126s
  5771  3993    0.00000   19  278  261.92847    0.00000   100%   359 1145s
H 5788  3794                     261.9284369    0.00000   100%   362 1185s
H 5789  3606                     260.6595000    0.00000   100%   364 1185s
H 5794  3426                     259.5879999    0.00000   100%   366 1185s
  5796  3436    0.00000   20  328  259.58800    0.00000   100%   368 1195s
  5818  3437    0.00000   21  344  259.58800    0.00000   100%   373 1274s
H 5828  3271                     259.5879999    0.00000   100%   375 1317s
H 5829  3109                     259.5879999    0.00000   100%   376 1317s
H 5829  2956                     259.5408999    0.00000   100%   376 1317s
H 5832  2810                     259.5252975    0.00000   100%   376 1317s
  5837  2831    0.00000   22  351  259.52530    0.00000   100%   379 1336s
  5867  2828    0.00000   24  469  259.52530    0.00000   100%   394 1418s
  5876  2840  113.31453   24  483  259.52530    0.00000   100%   404 1456s
  5898  2845    0.01103   25  729  259.52530    0.00000   100%   410 1486s
  5917  2869   59.51310   25  397  259.52530    0.00000   100%   422 1507s
  5951  2887    0.01103   26  730  259.52530    0.00000   100%   429 1529s
  5982  2900  113.84158   26  803  259.52530    0.00000   100%   439 1571s
  6010  2901    0.01112   27  626  259.52530    0.00000   100%   445 1619s
H 6016  2761                     259.5252970    0.00000   100%   447 1619s
  6022  2783    2.81072   27  645  259.52530    0.00000   100%   452 1651s
  6055  2815    0.33398   28  469  259.52530    0.00000   100%   462 1678s
  6104  2832    0.33610   30  316  259.52530    0.00000   100%   474 1709s
  6161  2823    0.42453   33  317  259.52530    0.00000   100%   484 1735s
H 6167  2689                     259.5252970    0.00000   100%   485 1735s
  6184  2725    5.71330   33  271  259.52530    0.00000   100%   487 1763s
  6246  2747    0.43292   38  301  259.52530    0.00000   100%   499 1789s
  6297  2774    0.78926   41  328  259.52530    0.00000   100%   505 1820s
  6356  2800   34.78330   45  309  259.52530    0.00000   100%   517 1850s
  6418  2866    3.88399   47  321  259.52530    0.00000   100%   524 1882s
  6526  2909    5.63585   53  302  259.52530    0.00000   100%   534 1918s
  6619  2972     cutoff   58       259.52530    0.00000   100%   545 1947s
  6734  2944    7.86777   63  289  259.52530    0.00000   100%   553 1978s
  6745  2954  107.43942   63  428  259.52530    0.00000   100%   554 2023s
H 6755  2827                     259.5252962    0.00000   100%   559 2023s
  6767  2924    7.86777   66  280  259.52530    0.00000   100%   562 2054s
  6880  2946    7.86777   69  334  259.52530    0.00000   100%   571 2105s
  6952  3025     cutoff   74       259.52530    0.00000   100%   581 2141s
  7091  3084   82.55695   80  276  259.52530    0.00000   100%   593 2181s
  7212  3063     cutoff   85       259.52530    0.00000   100%   610 2215s
  7244  3161    8.01599   88  449  259.52530    0.00000   100%   616 2262s
  7376  3228    8.20020   92  372  259.52530    0.00000   100%   623 2300s
  7549  3282   36.80321  101  233  259.52530    0.00000   100%   626 2358s
  7704  3268   54.08037  114  199  259.52530    0.00000   100%   635 2395s
  7772  3419   54.08037  115  199  259.52530    0.00000   100%   637 2431s
  8008  3462   64.41147  138  155  259.52530    0.00000   100%   639 2481s
H 8111  3309                     259.5252369    0.00000   100%   637 2481s
  8227  3554   64.41147  144  174  259.52524    0.00000   100%   636 2538s
  8654  3544   65.63022  176  148  259.52524    0.00000   100%   631 2577s
H 8696  3418                     259.5252367    0.00000   100%   631 2577s
H 8707  3307                     259.5252366    0.00000   100%   631 2577s
H 8810  3171                     259.5252312    0.00000   100%   627 2577s
  8883  3376   66.86894  196  125  259.52523    0.00000   100%   627 2617s
  9176  3584  101.90683  218  124  259.52523    0.00000   100%   621 2656s
H 9313  3442                     259.5252308    0.00000   100%   623 2657s
H 9504  3286                     259.5252307    0.00000   100%   616 2657s
  9514  3630  101.90683  233  122  259.52523    0.00000   100%   617 2699s
  9942  3721  183.96342  246  132  259.52523    0.00000   100%   617 2742s
H10092  3584                     259.5252296    0.00000   100%   614 2742s
 10239  3823  178.32917   17  640  259.52523    0.00000   100%   617 2790s
 10634  3797  187.23824   22  449  259.52523    0.00000   100%   617 2839s
H10655  3797                     259.5252286    0.00000   100%   617 2839s
H10657  3797                     259.5252283    0.00000   100%   617 2839s
H10807  3886                     259.5252274    0.00000   100%   612 2901s
H10911  3886                     259.5251990    0.00000   100%   614 2901s
 10927  4263  112.96216   19  696  259.52520    0.00000   100%   615 2950s
H10945  4263                     259.5251989    0.00000   100%   616 2950s
H11528  4686                     259.5251989    0.00000   100%   599 3007s
H11676  4686                     259.5251982    0.00000   100%   597 3007s
H11741  4686                     259.5251980    0.00000   100%   595 3007s
 12077  5132  141.95047   49  257  259.52520    0.07356   100%   582 3090s
H12183  5132                     259.5251979    0.07356   100%   583 3090s
 12671  5613   85.09891   24  475  259.52520    0.07356   100%   574 3158s
 13272  5861   85.13941   25  458  259.52520    0.07356   100%   566 3216s
 13612  6915   85.14078   26  333  259.52520    0.07356   100%   557 3287s
 14859  7420  200.21147  175  118  259.52520    0.07356   100%   527 3586s
H15287  7420                     259.5251970    0.07356   100%   521 3586s
 15922  7484  214.01198   28  447  259.52520    0.07356   100%   513 3638s
 16031  7548  214.70583   30  434  259.52520    0.07356   100%   519 3707s
H16100  7548                     259.5251967    0.07356   100%   527 3707s
 16179  7770     cutoff   32       259.52520    0.07356   100%   526 3779s
 16586  7856  227.70709   34  416  259.52520    0.07356   100%   524 3852s
H16600  7856                     259.5251966    0.07356   100%   524 3852s
H16603  7856                     259.5251965    0.07356   100%   524 3852s
 16693  8087     cutoff   34       259.52520    0.07356   100%   524 3939s
 16950  9030  118.74425   38  250  259.52520    0.31985   100%   524 4032s
 18101 10237  137.45835   46  210  259.52520    0.70865   100%   510 4102s
 19665 10749  109.08020   57  177  259.52520    0.71375   100%   489 4151s
 20322 11243  121.09026  213  123  259.52520    5.15440  98.0%   481 4216s
H20767 11243                     259.5114444    5.15440  98.0%   482 4217s
 20973 11839   47.19747   39  373  259.51144    5.15440  98.0%   478 4281s
 21809 12492   70.84090  153  103  259.51144    5.15440  98.0%   473 4349s
 22737 13056  145.24276   60  274  259.51144    5.15440  98.0%   470 4420s
 23527 13444    6.49335   38  259  259.51144    5.15440  98.0%   464 4502s
 24049 13901   10.42876   50  205  259.51144    5.20904  98.0%   464 4568s
 24623 14497    6.18443   45  163  259.51144    5.26870  98.0%   462 4665s
 25490 15412  138.79033   90  154  259.51144    5.27070  98.0%   464 4753s
 26613 16742  150.55546   89  208  259.51144    5.27070  98.0%   460 4835s
 28102 17827  135.57057  103  145  259.51144    5.27070  98.0%   452 4907s
 29392 17828   86.47511   60  130  259.51144    5.27070  98.0%   444 5976s
 29394 17829  113.60539  191  152  259.51144    5.27070  98.0%   444 5996s
 29395 17830  160.36240  220  426  259.51144    5.27070  98.0%   444 6048s
 29396 17831    8.24133   40  610  259.51144    5.27070  98.0%   444 6063s
 29397 17831  116.30067  162  525  259.51144    5.27070  98.0%   444 6116s
 29398 17832  121.46092   88  654  259.51144    5.27070  98.0%   444 6160s
 29399 17833  210.53920  121  762  259.51144    8.97908  96.5%   444 6202s
 29400 17833   17.39722   75  769  259.51144   14.91252  94.3%   444 6241s
 29401 17834  212.73941  389  855  259.51144   24.01436  90.7%   444 6284s
 29402 17835   28.88464   74  865  259.51144   28.88464  88.9%   444 6293s
 29404 17836  109.97269   52  869  259.51144   28.92749  88.9%   444 6324s
 29405 17837  160.36240  233  915  259.51144   45.98954  82.3%   444 6370s
 29406 17837   78.60484  117  918  259.51144   50.49963  80.5%   444 6378s
 29407 17838  219.80813  205  927  259.51144   50.83923  80.4%   444 6381s
 29409 17839   50.90686   27  928  259.51144   50.90686  80.4%   444 6415s
 29410 17840   66.07031   35 1023  259.51144   66.07031  74.5%   444 6466s
 29411 17841  112.01518   56 1013  259.51144   73.62937  71.6%   444 6478s
 29412 17841   74.05141  149 1008  259.51144   74.05141  71.5%   444 6481s
 29414 17843  192.71917  218 1011  259.51144   74.14413  71.4%   444 6513s
 29415 17843   87.53365   64 1020  259.51144   87.53365  66.3%   444 6563s
 29416 17844   95.61404  133  992  259.51144   95.61404  63.2%   444 6574s
 29417 17845   95.96485   40 1002  259.51144   95.96485  63.0%   444 6577s
 29419 17846  120.70024   42 1005  259.51144   96.03795  63.0%   444 6612s
 29420 17847  112.25025   69  987  259.51144  112.25025  56.7%   444 6666s
 29421 17847  257.24586   70  872  259.51144  112.96523  56.5%   444 6670s
 29425 17850  113.05853  283  863  259.51144  113.05853  56.4%   444 6675s
 29426 17851  118.77220  194  864  259.51144  113.05853  56.4%   444 6705s
 29427 17851  125.32915   64 1010  259.51144  124.84261  51.9%   444 6764s
 29428 17852  125.31628  136 1017  259.51144  125.31628  51.7%   444 6767s
 29430 17853  149.88100  126 1020  259.51144  125.47314  51.7%   444 6771s
 29432 17855  125.48964   40 1023  259.51144  125.48964  51.6%   444 6805s
 29433 17855  182.56483  321  975  259.51144  135.81015  47.7%   444 6853s
 29434 17856  178.01623  236 1011  259.51144  136.35179  47.5%   444 6856s
 29437 17858  147.97309  100 1004  259.51144  136.43776  47.4%   444 6860s
 29438 17859  224.41580  109 1004  259.51144  136.43776  47.4%   444 6893s
 29439 17859  144.90958   68  976  259.51144  144.90958  44.2%   444 6952s
 29440 17860  145.33848   31 1020  259.51144  145.33848  44.0%   444 6956s
 29443 17862  170.17172  274 1023  259.51144  145.40868  44.0%   444 6994s
 29444 17863  153.29544  194  971  259.51144  153.29544  40.9%   444 7040s
 29446 17864  254.37617  144  979  259.51144  153.87570  40.7%   444 7047s
 29449 17866  153.90783   66  993  259.51144  153.90783  40.7%   443 7050s
 29450 17867  153.90801   59  994  259.51144  153.90801  40.7%   443 7082s
 29451 17867  163.58813   51  966  259.51144  163.58813  37.0%   443 7133s
 29452 17868  171.29535  171  969  259.51144  164.07520  36.8%   443 7137s
 29455 17870  164.16917   53  975  259.51144  164.16917  36.7%   443 7140s
 29456 17871  164.16924   67  978  259.51144  164.16924  36.7%   443 7174s

Cutting planes:
  Gomory: 9
  Implied bound: 89
  Projected implied bound: 44
  Clique: 1
  MIR: 30
  Flow cover: 285
  Zero half: 12
  Mod-K: 7
  RLT: 2
  Relax-and-lift: 815

Explored 29456 nodes (13289638 simplex iterations) in 7200.87 seconds
Thread count was 16 (of 16 available processors)

Solution count 10: 259.511 259.525 259.525 ... 263.335

Time limit reached
Best objective 2.595114444142e+02, best bound 1.713542839367e+02, gap 33.9704%

User-callback calls 730131, time in user-callback 5.09 sec
