
Gurobi 10.0.3 (win64) logging started Sun Sep 21 07:56:54 2025

Set parameter LogFile to value "log_group_6/bound_Expr178_s7_l1051_s11_e12_o40_d80_t7200_s38_1_0_0_0.log"
Gurobi Optimizer version 10.0.3 build v10.0.3rc0 (win64)

CPU model: 11th Gen Intel(R) Core(TM) i7-11700 @ 2.50GHz, instruction set [SSE2|AVX|AVX2|AVX512]
Thread count: 8 physical cores, 16 logical processors, using up to 16 threads

Optimize a model with 659546 rows, 658470 columns and 6557466 nonzeros
Model fingerprint: 0xd6e1f129
Variable types: 470 continuous, 658000 integer (658000 binary)
Coefficient statistics:
  Matrix range     [1e+00, 8e+02]
  Objective range  [1e+00, 1e+00]
  Bounds range     [1e+00, 1e+03]
  RHS range        [1e+00, 8e+02]
Presolve removed 642370 rows and 641987 columns
Presolve time: 2.44s
Presolved: 17176 rows, 16483 columns, 97216 nonzeros
Variable types: 390 continuous, 16093 integer (16093 binary)
Found heuristic solution: objective 4984.6914667

Root relaxation: objective 0.000000e+00, 9668 iterations, 1.19 seconds (3.76 work units)
Total elapsed time = 5.07s

    Nodes    |    Current Node    |     Objective Bounds      |     Work
 Expl Unexpl |  Obj  Depth IntInf | Incumbent    BestBd   Gap | It/Node Time

     0     0    0.00000    0  144 4984.69147    0.00000   100%     -    5s
H    0     0                    4900.4960667    0.00000   100%     -    5s
H    0     0                    4852.4933666    0.00000   100%     -    6s
     0     0    0.00000    0  167 4852.49337    0.00000   100%     -    6s
H    0     0                    1479.1595667    0.00000   100%     -   11s
     0     0    0.00000    0  249 1479.15957    0.00000   100%     -   12s
H    0     0                     645.9448333    0.00000   100%     -   18s
     0     0    0.00000    0  134  645.94483    0.00000   100%     -   19s
H    0     0                     508.0602333    0.00000   100%     -   22s
H    0     0                     418.0440667    0.00000   100%     -   23s
     0     0    0.00000    0  254  418.04407    0.00000   100%     -   23s
H    0     0                     379.1720667    0.00000   100%     -   28s
     0     0    0.00000    0  135  379.17207    0.00000   100%     -   28s
     0     0    0.00000    0  149  379.17207    0.00000   100%     -   28s
     0     0    0.00000    0  137  379.17207    0.00000   100%     -   33s
     0     0    0.00000    0  137  379.17207    0.00000   100%     -   34s
H    0     0                     373.2536667    0.00000   100%     -   35s
     0     2    0.00000    0  134  373.25367    0.00000   100%     -   37s
     3     8    0.00000    2  372  373.25367    0.00000   100%  3470   42s
H   31    40                     371.2643667    0.00000   100%   612   49s
H   31    40                     317.7697333    0.00000   100%   612   49s
H   36    40                     301.3793333    0.00000   100%   544   49s
H   37    40                     297.8344000    0.00000   100%   530   49s
    39    47    0.00000    7  384  297.83440    0.00000   100%   514   50s
    72    79    0.00000   11  147  297.83440    0.00000   100%   732   55s
H   84    86                     292.6712667    0.00000   100%   650   59s
H   86    86                     289.7142000    0.00000   100%   643   59s
H   91    86                     288.2808667    0.00000   100%   615   59s
    92    97    0.00000   14  359  288.28087    0.00000   100%   616   60s
   159   162    0.00000   21  178  288.28087    0.00000   100%   511   65s
H  174   170                     284.9692333    0.00000   100%   477   67s
   216   220    0.00000   27  279  284.96923    0.00000   100%   408   70s
   330   336    0.00000   39  178  284.96923    0.00000   100%   304   75s
   457   466    0.00000   52  268  284.96923    0.00000   100%   250   80s
H  508   470                     284.6737333    0.00000   100%   239   88s
H  511   470                     283.2155333    0.00000   100%   238   88s
H  512   470                     280.1384667    0.00000   100%   239   88s
   516   477    0.00000   58  280  280.13847    0.00000   100%   238   97s
H  517   477                     278.8290667    0.00000   100%   238   97s
H  523   477                     277.9049667    0.00000   100%   237   97s
   593   608    0.00000   61  247  277.90497    0.00000   100%   243  102s
   763   802    0.00000   77  298  277.90497    0.00000   100%   213  107s
H  882   836                     275.4132667    0.00000   100%   194  112s
   919   972    0.00000   92  275  275.41327    0.00000   100%   191  116s
  1072  1179    0.00000  107  222  275.41327    0.00000   100%   177  120s
  1303  1493    0.00000  122  228  275.41327    0.00000   100%   160  125s
  1641  1514    0.00000  145  203  275.41327    0.00000   100%   146  135s
H 1642  1514                     275.4132659    0.00000   100%   146  135s
H 1643  1514                     275.3412667    0.00000   100%   146  135s
H 1644  1513                     274.0448313    0.00000   100%   146  135s
  1665  1792    0.00000  146  261  274.04483    0.00000   100%   146  141s
  1974  2359    0.00000  166  206  274.04483    0.00000   100%   137  147s
  2575  2938    0.00000  203  179  274.04483    0.00000   100%   123  153s
  3193  3540    0.00000  258  186  274.04483    0.00000   100%   114  161s
  3833  4311    0.00000  318  157  274.04483    0.00000   100%   110  171s
  4674  5255    0.00000  427  161  274.04483    0.00000   100%   106  180s
  5654  6088    0.00000  634  172  274.04483    0.00000   100%   111  191s
H 5675  6085                     273.4846667    0.00000   100%   111  191s
  6510  6092    0.00000  763  141  273.48467    0.00000   100%   112  213s
H 6514  6092                     273.4843556    0.00000   100%   113  213s
  6518  6611    0.00000  764  142  273.48436    0.00000   100%   114  224s
  7053  7590    0.00000  858  176  273.48436    0.00000   100%   121  234s
  7546  7590   64.42020  746  140  273.48436    0.00000   100%   123  235s
  8050  7591    0.00000  334  137  273.48436    0.00000   100%   126  355s
  8052  7592   85.34483  138  214  273.48436    0.00000   100%   126  386s
  8053  7593  164.09273 1148  156  273.48436    0.00000   100%   126  420s
  8055  7594   99.67253  289  358  273.48436    0.00000   100%   126  447s
  8056  7595  148.58763  544  382  273.48436    0.00000   100%   126  452s
  8057  7596   41.67187  830  141  273.48436    0.00000   100%   126  526s
  8058  7596   41.67187 1155  245  273.48436    0.00000   100%   126  538s
  8059  7597   99.67253 1051  165  273.48436    0.00006   100%   126  583s
  8060  7598   64.42020  148  274  273.48436    0.00006   100%   126  595s
  8061  7598   99.67253  575  596  273.48436    0.00012   100%   126  624s
  8062  7599   99.67253  996  574  273.48436    0.00026   100%   126  633s
  8063  7600   85.34483 1095  684  273.48436    0.12542   100%   126  654s
  8064  7600  215.68107  237  673  273.48436    0.24225   100%   126  660s
  8065  7601  208.04627  503  361  273.48436    0.86377   100%   126  678s
  8066  7602    1.28476  471  763  273.48436    1.28476   100%   126  688s
  8067  7602  164.09273 1124  639  273.48436    1.54195  99.4%   126  712s
  8068  7603  145.83987  599  751  273.48436    2.12582  99.2%   126  724s
  8069  7604    2.62652  488  434  273.48436    2.62652  99.0%   126  743s
  8070  7604   41.67187  149  748  273.48436    2.64210  99.0%   126  751s
  8071  7605  164.09273 1021  437  273.48436    2.76345  99.0%   126  761s
  8072  7606    2.82202   49  659  273.48436    2.82202  99.0%   126  772s
  8073  7606  164.09273 1169  831  273.48436    3.64217  98.7%   126  792s
  8074  7607   85.34483  679  832  273.48436    3.87663  98.6%   126  806s
  8075  7608   64.42020  467  756  273.48436    8.46394  96.9%   126  825s
  8077  7609  164.09273  985  787  273.48436    9.87166  96.4%   126  832s
  8078  7610   41.67187  174  783  273.48436    9.87166  96.4%   126  844s
  8079  7610   99.67253  856  767  273.48436   13.68319  95.0%   126  859s
  8080  7611   14.27236  641  825  273.48436   14.27236  94.8%   126  864s
  8081  7612   41.67187  789  829  273.48436   14.28770  94.8%   126  872s
  8083  7613  164.09273  150  825  273.48436   14.29440  94.8%   126  885s
  8084  7614   41.67187  576  743  273.48436   18.29637  93.3%   126  910s
  8085  7614  205.76460  704  726  273.48436   20.17579  92.6%   126  916s
  8087  7616   85.34483  792  749  273.48436   20.24792  92.6%   126  931s
  8088  7616  263.25947  801  722  273.48436   22.64111  91.7%   125  950s
  8089  7617   99.67253  226  751  273.48436   24.70153  91.0%   125  955s
  8092  7619  191.86277  527  769  273.48436   25.03006  90.8%   125  961s
H 8092  7237                     273.2319000   25.03010  90.8%   125  967s
  8093  7238   99.67253 1090  766  273.23190   25.03010  90.8%   125  973s
  8094  7238   41.67187 1090  869  273.23190   27.56064  89.9%   125  987s
  8095  7239   85.34483 1169  811  273.23190   28.72398  89.5%   125  992s
  8096  7240   41.67187  653  822  273.23190   28.97573  89.4%   125  996s
  8098  7241   99.67253  988  824  273.23190   28.98067  89.4%   125 1013s
  8099  7242   99.67253  121  749  273.23190   30.78402  88.7%   125 1034s
  8100  7242   99.67253  985  743  273.23190   35.54957  87.0%   125 1042s
  8101  7243  243.29860  870  783  273.23190   36.88185  86.5%   125 1054s
  8102  7244   37.01055  395  794  273.23190   37.01055  86.5%   125 1057s
  8104  7245  205.76460  472  797  273.23190   37.01633  86.5%   125 1074s
  8105  7246  164.09273  786  876  273.23190   40.35074  85.2%   125 1091s
  8106  7246   64.42020  405  770  273.23190   44.56749  83.7%   125 1102s
  8107  7247   85.34483  690  694  273.23190   45.74758  83.3%   125 1107s
  8109  7248   64.42020  405  759  273.23190   46.17679  83.1%   125 1110s
  8111  7250   85.34483  760  801  273.23190   46.17880  83.1%   125 1126s
  8112  7250   58.53357  218  912  273.23190   58.53357  78.6%   125 1155s
  8113  7251  128.73643   48  995  273.23190   65.85458  75.9%   125 1164s
  8114  7252   85.34483  449  934  273.23190   66.77965  75.6%   125 1168s
  8115  7252   66.98556  930  990  273.23190   66.98556  75.5%   125 1170s
  8119  7255   67.21516  629  996  273.23190   67.21516  75.4%   125 1191s
  8120  7256   99.67253  912  984  273.23190   79.37041  71.0%   125 1213s
  8121  7256   85.34483 1188 1024  273.23190   81.02767  70.3%   125 1217s
  8123  7258   99.67253  808 1026  273.23190   81.12295  70.3%   125 1237s
  8124  7258  215.68107  247 1019  273.23190   89.86402  67.1%   125 1259s
  8125  7259  144.89053  321 1023  273.23190   90.77642  66.8%   125 1265s
  8128  7261   99.67253  547 1031  273.23190   90.98745  66.7%   125 1270s
  8131  7263  189.64733   32 1039  273.23190   90.99758  66.7%   125 1288s
  8132  7264  192.50923  399 1038  273.23190  101.45670  62.9%   125 1306s
  8134  7265  164.09273  326 1061  273.23190  103.67151  62.1%   125 1311s
  8138  7268  103.82499  796 1067  273.23190  103.82499  62.0%   125 1329s
  8139  7268  115.53041  711 1021  273.23190  115.53041  57.7%   125 1352s
  8140  7269  117.74115  770  976  273.23190  117.74115  56.9%   125 1357s
  8142  7270  118.02065  508 1021  273.23190  118.02065  56.8%   125 1360s
  8144  7272  118.04119  875 1021  273.23190  118.04119  56.8%   125 1376s
  8145  7272  123.68727  536 1007  273.23190  123.68727  54.7%   125 1396s
  8147  7274  164.09273  887 1044  273.23190  126.22269  53.8%   125 1401s
  8150  7276  126.25630  334 1054  273.23190  126.25630  53.8%   125 1411s
  8151  7276  127.90887  903 1071  273.23190  127.90887  53.2%   125 1421s
  8153  7278  164.09273 1148 1053  273.23190  128.07026  53.1%   124 1425s
  8155  7279  128.09469  289 1059  273.23190  128.09469  53.1%   124 1437s
  8156  7280  148.58763  544 1021  273.23190  129.25382  52.7%   124 1450s
  8159  7282  129.34037 1051 1039  273.23190  129.34037  52.7%   124 1463s
  8160  7282  130.13284  148 1057  273.23190  130.13284  52.4%   124 1475s
  8163  7284  130.20711 1095 1054  273.23190  130.20711  52.3%   124 1489s
  8164  7285  215.68107  237 1049  273.23190  131.39083  51.9%   124 1503s
  8165  7286  208.04627  503 1042  273.23190  131.57293  51.8%   124 1507s
  8166  7286  131.65065  471 1051  273.23190  131.65065  51.8%   124 1510s
  8167  7287  164.09273 1124 1057  273.23190  131.65116  51.8%   124 1519s
  8168  7288  145.83987  599 1060  273.23190  132.20224  51.6%   124 1530s
  8171  7290  164.09273 1021 1082  273.23190  132.34159  51.6%   124 1544s
  8172  7290  133.32644   49 1053  273.23190  133.32644  51.2%   124 1556s
  8174  7292  133.49080  679 1057  273.23190  133.49080  51.1%   124 1560s
  8175  7292  133.49080  467 1059  273.23190  133.49080  51.1%   124 1570s
H 8175  6925                     273.2318990  133.49080  51.1%   124 1579s
  8176  6926  133.92235  670 1093  273.23190  133.92235  51.0%   124 1585s
  8179  6928  134.63615  856 1054  273.23190  134.63615  50.7%   124 1591s
  8182  6930  184.84373  935 1063  273.23190  134.87433  50.6%   124 1595s
  8183  6931  164.09273  150 1065  273.23190  134.87556  50.6%   124 1606s
  8184  6931  135.23975  576 1073  273.23190  135.23975  50.5%   124 1618s
  8185  6932  205.76460  704 1083  273.23190  135.28597  50.5%   124 1620s
  8187  6933  135.29967  792 1077  273.23190  135.29967  50.5%   124 1627s
  8188  6934  263.25947  801 1077  273.23190  135.90772  50.3%   124 1637s
  8190  6935  164.09273  663 1113  273.23190  136.02054  50.2%   124 1640s
  8192  6937  191.86277  527 1108  273.23190  136.05810  50.2%   124 1652s
  8193  6937  136.28413 1090 1074  273.23190  136.28413  50.1%   124 1666s
  8196  6939  136.29808  653 1089  273.23190  136.29808  50.1%   124 1680s
  8197  6940  136.81894 1143 1087  273.23190  136.81894  49.9%   124 1691s
  8200  6942  136.83857  985 1104  273.23190  136.83857  49.9%   124 1703s
  8201  6943  243.29860  870 1094  273.23190  137.02202  49.9%   124 1717s
  8204  6945  205.76460  472 1100  273.23190  137.05580  49.8%   124 1720s
  8206  6946  137.06126  405 1099  273.23190  137.06126  49.8%   124 1730s
  8207  6947  137.17348  690 1104  273.23190  137.17348  49.8%   124 1737s
  8209  6948  137.25223  405 1117  273.23190  137.25223  49.8%   124 1740s
  8211  6949  137.27395  760 1114  273.23190  137.27395  49.8%   124 1749s
  8212  6950  137.50220  218 1102  273.23190  137.50220  49.7%   124 1760s
  8214  6951  137.52599  449 1117  273.23190  137.52599  49.7%   124 1772s
  8215  6952  137.96339  930 1085  273.23190  137.96339  49.5%   124 1784s
  8216  6953  138.06687  875 1103  273.23190  138.06687  49.5%   124 1786s
  8219  6955  138.11929  629 1104  273.23190  138.11929  49.4%   123 1798s
  8220  6955  138.34607  912 1157  273.23190  138.34607  49.4%   123 1811s
  8223  6957  138.39179  808 1163  273.23190  138.39179  49.4%   123 1815s
  8224  6958  215.68107  247 1164  273.23190  138.39179  49.4%   123 1825s
  8225  6959  144.89053  321 1086  273.23190  138.56590  49.3%   123 1837s
  8228  6961  138.57274  547 1110  273.23190  138.57274  49.3%   123 1848s
  8229  6961  138.83674  638 1110  273.23190  138.83674  49.2%   123 1859s
  8230  6962  138.85678  298 1107  273.23190  138.85678  49.2%   123 1861s
  8232  6963  192.50923  399 1118  273.23190  138.86090  49.2%   123 1869s
  8233  6964  220.48013  414 1126  273.23190  138.99823  49.1%   123 1879s
  8234  6965  164.09273  326 1125  273.23190  139.04115  49.1%   123 1881s
  8235  6965  139.04281  342 1130  273.23190  139.04281  49.1%   123 1888s
  8236  6966  205.76460  239 1185  273.23190  139.12531  49.1%   123 1900s
  8238  6967  139.15793  796 1175  273.23190  139.15793  49.1%   123 1910s
  8239  6968  139.26170  711 1132  273.23190  139.26170  49.0%   123 1920s
  8241  6969  139.35999  857 1169  273.23190  139.35999  49.0%   123 1931s
H 8241  6617                     273.2318962  139.43949  49.0%   123 1942s
  8244  6619  139.46338  875 1181  273.23190  139.46338  49.0%   123 1945s
  8246  6621  201.08777  458 1185  273.23190  139.47824  49.0%   123 1955s
  8247  6621  164.09273  887 1175  273.23190  139.54305  48.9%   123 1963s
  8248  6622  139.54482  751 1185  273.23190  139.54482  48.9%   123 1973s
H 8248  6288                     273.2318952  139.60857  48.9%   123 1986s
  8251  6290  139.61768  903 1177  273.23190  139.61768  48.9%   123 1995s
  8252  6291  139.68329  138 1177  273.23190  139.68329  48.9%   123 2007s
  8254  6292  257.00440  377 1175  273.23190  139.70014  48.9%   123 2015s
  8255  6293  139.75984  289 1163  273.23190  139.75984  48.8%   123 2025s
  8258  6295  139.83258 1155 1164  273.23190  139.83258  48.8%   123 2035s
  8259  6295  139.98702 1051 1199  273.23190  139.98702  48.8%   123 2047s
  8261  6297  139.99594  575 1206  273.23190  139.99594  48.8%   123 2054s
  8262  6297  140.10760  996 1172  273.23190  140.10760  48.7%   123 2062s
  8264  6299  215.68107  237 1186  273.23190  140.15444  48.7%   123 2073s
  8265  6299  208.04627  503 1182  273.23190  140.20283  48.7%   123 2082s
  8266  6300  140.22784  471 1181  273.23190  140.22784  48.7%   123 2085s
  8267  6301  164.09273 1124 1184  273.23190  140.22826  48.7%   123 2095s
  8268  6301  145.83987  599 1188  273.23190  140.36322  48.6%   123 2106s
  8270  6303  140.38480  149 1193  273.23190  140.38480  48.6%   123 2119s
  8271  6303  164.09273 1021 1181  273.23190  140.43277  48.6%   123 2129s
  8272  6304  140.43379   49 1190  273.23190  140.43379  48.6%   123 2141s
H 8272  5985                     273.2316539  140.49443  48.6%   123 2157s
  8275  5987  140.50010  467 1198  273.23165  140.50010  48.6%   123 2167s
  8276  5988  140.53732  670 1179  273.23165  140.53732  48.6%   123 2178s
  8278  5989  140.54584  174 1188  273.23165  140.54584  48.6%   123 2181s
  8279  5990  140.54655  856 1183  273.23165  140.54655  48.6%   123 2189s
  8280  5990  140.57348  641 1204  273.23165  140.57348  48.6%   123 2199s
  8281  5991  140.58050  789 1207  273.23165  140.58050  48.5%   123 2201s
  8284  5993  140.59557  576 1211  273.23165  140.59557  48.5%   123 2211s
  8285  5994  205.76460  704 1188  273.23165  140.65171  48.5%   123 2222s
  8287  5995  140.66695  792 1198  273.23165  140.66695  48.5%   122 2229s
  8288  5996  263.25947  801 1210  273.23165  140.70022  48.5%   122 2238s
  8289  5996  140.70826  226 1218  273.23165  140.70826  48.5%   122 2240s
  8290  5997  164.09273  663 1221  273.23165  140.70826  48.5%   122 2246s
  8291  5998  140.73819  284 1208  273.23165  140.73819  48.5%   122 2256s
  8293  5999  140.74515 1090 1210  273.23165  140.74515  48.5%   122 2264s
  8294  6000  140.90332 1090 1216  273.23165  140.90332  48.4%   122 2275s
  8296  6001  140.92056  653 1216  273.23165  140.92056  48.4%   122 2283s
  8297  6002  140.97208 1143 1195  273.23165  140.97208  48.4%   122 2290s
  8298  6002  140.97208  988 1201  273.23165  140.97208  48.4%   122 2297s
  8299  6003  140.99175  121 1185  273.23165  140.99175  48.4%   122 2306s
  8300  6004  140.99185  985 1198  273.23165  140.99185  48.4%   122 2313s
  8301  6004  243.29860  870 1203  273.23165  141.01617  48.4%   122 2322s
  8304  6008  205.76460  472  137  273.23165  141.01617  48.4%   168 2434s
  8306  6009  141.01617  405  159  273.23165  141.01617  48.4%   168 2457s
  8307  6010  141.01617  690  251  273.23165  141.01617  48.4%   168 2481s
  8308  6011  141.01617  629  411  273.23165  141.01617  48.4%   168 2486s
  8309  6011  141.01617  405  234  273.23165  141.01617  48.4%   168 2497s
  8310  6012  141.01617  841  384  273.23165  141.01617  48.4%   168 2500s
  8311  6013  141.01617  760  242  273.23165  141.01617  48.4%   168 2515s
  8312  6013  141.01617  218  574  273.23165  141.01617  48.4%   168 2522s
  8313  6014  141.01617   48  653  273.23165  141.01617  48.4%   168 2532s
  8315  6015  141.01617  930  607  273.23165  141.01617  48.4%   167 2535s
  8317  6017  141.01617  855  774  273.23165  141.01617  48.4%   167 2540s
  8320  6019  141.01617  912  845  273.23165  141.01617  48.4%   167 2545s
  8323  6021  141.01617  808  849  273.23165  141.01617  48.4%   167 2550s
  8327  6023  141.01617  430  960  273.23165  141.01617  48.4%   167 2555s
  8331  6026  189.64733   32 1029  273.23165  141.01617  48.4%   167 2562s
  8333  6027  220.48013  414 1016  273.23165  141.01617  48.4%   167 2565s
  8335  6029  141.01617  342 1076  273.23165  141.01617  48.4%   167 2571s
  8337  6030  141.01617  411 1106  273.23165  141.01617  48.4%   167 2576s
  8343  6034  141.20209  779 1107  273.23165  141.20209  48.3%   167 2580s
  8352  6040  141.47115  138 1168  273.23165  141.47115  48.2%   167 2585s
  8354  6041  257.00440  377 1025  273.23165  149.67358  45.2%   167 2601s
  8360  6045  151.58018  148 1044  273.23165  151.58018  44.5%   167 2607s
  8361  6046  155.16291  575  954  273.23165  155.16291  43.2%   167 2617s
  8366  6049  156.64762  471  985  273.23165  156.64762  42.7%   166 2623s
  8367  6050  164.09273 1124  893  273.23165  159.19062  41.7%   166 2630s
  8371  6053  164.09273 1021  917  273.23165  161.32615  41.0%   166 2641s
  8374  6055  161.83708  679  945  273.23165  161.83708  40.8%   166 2646s
  8375  6055  164.22922  467  862  273.23165  164.22922  39.9%   166 2652s
  8378  6057  164.52167  174  852  273.23165  164.52167  39.8%   166 2657s
  8379  6058  166.01545  856  902  273.23165  166.01545  39.2%   166 2662s
  8383  6061  166.40750  150  892  273.23165  166.40750  39.1%   166 2667s
  8384  6061  168.37206  576  886  273.23165  168.37206  38.4%   166 2672s
  8388  6064  263.25947  801  848  273.23165  168.76729  38.2%   166 2677s
  8389  6065  170.26032  226  871  273.23165  170.26032  37.7%   166 2684s
  8390  6065  170.51519  663  882  273.23165  170.51519  37.6%   166 2685s
  8393  6067  170.58590 1090  892  273.23165  170.58590  37.6%   166 2690s
  8395  6069  171.66479 1169  853  273.23165  171.66479  37.2%   166 2695s
  8398  6071  172.74753  988  847  273.23165  172.74753  36.8%   166 2703s
  8401  6073  243.29860  870  814  273.23165  174.40889  36.2%   166 2705s
  8403  6074  174.91107  358  857  273.23165  174.91107  36.0%   166 2712s
  8405  6075  175.13967  786  830  273.23165  175.13967  35.9%   166 2716s
  8406  6076  180.09124  405  814  273.23165  180.09124  34.1%   166 2723s
  8408  6077  180.55700  629  814  273.23165  180.55700  33.9%   166 2725s
  8412  6080  182.01802  218  791  273.23165  182.01802  33.4%   166 2737s
  8415  6082  182.82347  930  784  273.23165  182.82347  33.1%   165 2740s
  8416  6083  184.27312  875  702  273.23165  184.27312  32.6%   165 2745s
  8422  6087  184.50381  327  838  273.23165  184.50381  32.5%   165 2750s
  8423  6087  185.01043  808  748  273.23165  185.01043  32.3%   165 2758s
  8427  6090  185.06563  430  764  273.23165  185.06563  32.3%   165 2761s
  8428  6091  185.76759  547  779  273.23165  185.76759  32.0%   165 2766s
  8430  6092  185.78737  298  789  273.23165  185.78737  32.0%   165 2770s
  8431  6093  189.64733   32  830  273.23165  186.39881  31.8%   165 2777s
  8433  6094  220.48013  414  825  273.23165  186.44211  31.8%   165 2781s
  8434  6095  186.99691  326  835  273.23165  186.99691  31.6%   165 2787s
  8437  6097  187.08762  411  806  273.23165  187.08762  31.5%   165 2792s
  8438  6097  187.92230  796  765  273.23165  187.92230  31.2%   165 2802s
  8440  6099  188.00638  770  780  273.23165  188.00638  31.2%   165 2807s
  8441  6099  188.76038  857  756  273.23165  188.76038  30.9%   165 2814s
  8443  6101  188.81029  779  757  273.23165  188.81029  30.9%   165 2815s
  8445  6102  189.16108  536  754  273.23165  189.16108  30.8%   165 2822s
  8448  6104  189.21231  751  772  273.23165  189.21231  30.8%   165 2825s
  8451  6106  189.71953  903  774  273.23165  189.71953  30.6%   165 2833s
  8453  6107  189.78743 1148  789  273.23165  189.78743  30.5%   165 2835s
  8455  6109  190.23098  289  745  273.23165  190.23098  30.4%   165 2843s
  8457  6110  190.27185  830  766  273.23165  190.27185  30.4%   165 2847s
  8458  6111  190.45761 1155  804  273.23165  190.45761  30.3%   165 2854s
  8459  6111  190.58724 1051  821  273.23165  190.58724  30.2%   165 2857s
  8461  6113  190.59664  575  837  273.23165  190.59664  30.2%   165 2861s
  8462  6113  190.81595  996  783  273.23165  190.81595  30.2%   165 2871s
  8465  6115  208.04627  503  827  273.23165  190.86784  30.1%   164 2877s
  8466  6116  191.10641  471  799  273.23165  191.10641  30.1%   164 2882s
  8470  6119  191.14254  149  812  273.23165  191.14254  30.0%   164 2887s
  8471  6119  191.54727 1021  768  273.23165  191.54727  29.9%   164 2892s
  8474  6121  191.56740  679  773  273.23165  191.56740  29.9%   164 2897s
  8475  6122  191.73515  467  769  273.23165  191.73515  29.8%   164 2902s
  8479  6125  191.76064  856  801  273.23165  191.76064  29.8%   164 2907s
  8480  6125  192.08989  641  769  273.23165  192.08989  29.7%   164 2911s
  8483  6127  192.13167  150  758  273.23165  192.13167  29.7%   164 2915s
  8486  6129  192.29589  645  771  273.23165  192.29589  29.6%   164 2921s
  8487  6130  192.39650  792  777  273.23165  192.39650  29.6%   164 2925s
  8489  6131  192.46008  226  742  273.23165  192.46008  29.6%   164 2931s
  8492  6133  192.70571  527  768  273.23165  192.70571  29.5%   164 2937s
  8496  6136  192.88102  653  816  273.23165  192.88102  29.4%   164 2940s
  8498  6137  192.94842  988  811  273.23165  192.94842  29.4%   164 2945s
  8501  6139  243.29860  870  812  273.23165  193.00572  29.4%   164 2955s
  8504  6141  205.76460  472  801  273.23165  193.04568  29.3%   164 2963s
  8505  6142  193.04672  786  828  273.23165  193.04672  29.3%   164 2966s
  8506  6143  193.22356  405  825  273.23165  193.22356  29.3%   164 2973s
  8507  6143  193.22478  690  847  273.23165  193.22478  29.3%   164 2976s
  8508  6144  193.24860  629  812  273.23165  193.24860  29.3%   164 2980s
  8511  6146  193.55887  760  805  273.23165  193.55887  29.2%   164 2991s
  8513  6147  193.60612   48  813  273.23165  193.60612  29.1%   164 2996s
  8514  6148  193.70221  449  831  273.23165  193.70221  29.1%   164 3003s
  8516  6149  193.70653  875  848  273.23165  193.70653  29.1%   164 3007s
  8517  6150  193.86347  855  817  273.23165  193.86347  29.0%   163 3011s
  8520  6152  193.89199  912  830  273.23165  193.89199  29.0%   163 3015s
  8522  6153  193.92550  327  828  273.23165  193.92550  29.0%   163 3020s
  8524  6155  215.68107  247  834  273.23165  193.93684  29.0%   163 3026s
  8526  6156  193.96214  379  840  273.23165  193.96214  29.0%   163 3033s
  8528  6157  193.98126  547  848  273.23165  193.98126  29.0%   163 3035s
  8530  6159  194.01067  298  854  273.23165  194.01067  29.0%   163 3041s
  8531  6159  194.12777   32  820  273.23165  194.12777  29.0%   163 3046s
  8533  6161  220.48013  414  846  273.23165  194.16183  28.9%   163 3051s
  8534  6161  194.21366  326  791  273.23165  194.21366  28.9%   163 3056s
  8537  6163  194.28598  411  796  273.23165  194.28598  28.9%   163 3064s
  8539  6165  194.29869  711  839  273.23165  194.29869  28.9%   163 3067s
  8540  6165  194.50408  770  779  273.23165  194.50408  28.8%   163 3072s
  8542  6167  194.52424  508  830  273.23165  194.52424  28.8%   163 3076s
  8543  6167  194.58956  779  818  273.23165  194.58956  28.8%   163 3085s
  8547  6170  194.66747  887  823  273.23165  194.66747  28.8%   163 3096s
  8550  6172  194.70353  334  820  273.23165  194.70353  28.7%   163 3105s
  8554  6175  257.00440  377  812  273.23165  194.72433  28.7%   163 3115s
  8556  6176  194.74623  544  811  273.23165  194.74623  28.7%   163 3123s
  8557  6177  194.74623  830  812  273.23165  194.74623  28.7%   163 3126s
  8558  6177  194.75206 1155  818  273.23165  194.75206  28.7%   163 3131s
  8560  6179  194.75990  148  813  273.23165  194.75990  28.7%   163 3137s
  8563  6182  194.75990 1095  137  273.23165  194.75990  28.7%   195 3161s
  8565  6183  208.04627  503  189  273.23165  194.75990  28.7%   195 3170s
  8566  6184  194.75990  471  259  273.23165  194.75990  28.7%   195 3193s
  8567  6185  194.75990 1124  454  273.23165  194.75990  28.7%   195 3240s
  8568  6185  194.75990  599  568  273.23165  194.75990  28.7%   195 3246s
  8571  6187  194.75990 1021  674  273.23165  194.75990  28.7%   195 3251s
  8572  6188  194.75990   49  750  273.23165  194.75990  28.7%   195 3255s
  8575  6190  194.75990  467  740  273.23165  194.75990  28.7%   195 3260s
  8583  6195  194.85476  150  768  273.23165  194.85476  28.7%   195 3265s
  8588  6199  263.25947  801  749  273.23165  195.89005  28.3%   195 3274s
  8589  6199  195.90214  226  750  273.23165  195.90214  28.3%   195 3275s
  8592  6201  196.39622  527  741  273.23165  196.39622  28.1%   195 3283s
  8594  6203  197.08792 1090  726  273.23165  197.08792  27.9%   195 3286s
  8595  6203  197.52941 1169  748  273.23165  197.52941  27.7%   195 3290s
  8598  6205  197.79198  988  745  273.23165  197.79198  27.6%   195 3296s
  8602  6208  197.96155  395  724  273.23165  197.96155  27.5%   194 3303s
  8604  6209  205.76460  472  729  273.23165  197.96785  27.5%   194 3305s
  8606  6211  198.15833  405  740  273.23165  198.15833  27.5%   194 3312s
  8607  6211  198.21224  690  743  273.23165  198.21224  27.5%   194 3316s
  8610  6213  198.29647  841  730  273.23165  198.29647  27.4%   194 3323s
  8612  6215  198.29908  218  743  273.23165  198.29908  27.4%   194 3326s
  8614  6216  198.44999  449  739  273.23165  198.44999  27.4%   194 3331s
  8617  6218  198.48944  855  756  273.23165  198.48944  27.4%   194 3338s
  8619  6219  198.49541  629  740  273.23165  198.49541  27.4%   194 3341s
  8621  6221  198.55618 1188  738  273.23165  198.55618  27.3%   194 3346s
  8623  6222  198.62232  808  749  273.23165  198.62232  27.3%   194 3350s
  8625  6223  198.68834  321  738  273.23165  198.68834  27.3%   194 3355s
  8629  6226  198.85133  638  771  273.23165  198.85133  27.2%   194 3362s
  8631  6227  198.86831   32  774  273.23165  198.86831  27.2%   194 3366s
  8632  6228  199.36373  399  749  273.23165  199.36373  27.0%   194 3370s
  8635  6230  199.45468  342  763  273.23165  199.45468  27.0%   194 3378s
  8637  6231  199.45966  411  765  273.23165  199.45966  27.0%   194 3380s
  8640  6233  199.49360  770  746  273.23165  199.49360  27.0%   194 3386s
  8641  6234  199.51216  857  751  273.23165  199.51216  27.0%   194 3391s
  8643  6235  199.54319  779  732  273.23165  199.54319  27.0%   194 3398s
  8644  6236  199.54455  875  749  273.23165  199.54455  27.0%   194 3400s
  8645  6237  199.58135  536  756  273.23165  199.58135  27.0%   194 3405s
  8648  6239  199.60162  751  741  273.23165  199.60162  26.9%   193 3412s
  8650  6240  199.70850  334  761  273.23165  199.70850  26.9%   193 3418s
  8651  6241  199.71082  903  748  273.23165  199.71082  26.9%   193 3420s
  8653  6242  199.78611 1148  752  273.23165  199.78611  26.9%   193 3425s
  8655  6243  199.85156  289  760  273.23165  199.85156  26.9%   193 3434s
  8656  6244  199.85189  544  760  273.23165  199.85189  26.9%   193 3437s
  8657  6245  199.87373  830  751  273.23165  199.87373  26.8%   193 3441s
  8660  6247  199.91145  148  761  273.23165  199.91145  26.8%   193 3446s
  8661  6247  199.96466  575  755  273.23165  199.96466  26.8%   193 3450s
  8664  6249  215.68107  237  746  273.23165  199.98468  26.8%   193 3457s
  8667  6251  200.01289 1124  766  273.23165  200.01289  26.8%   193 3461s
  8668  6252  200.02707  599  754  273.23165  200.02707  26.8%   193 3465s
  8670  6253  200.05111  149  763  273.23165  200.05111  26.8%   193 3472s
  8672  6255  200.06480   49  770  273.23165  200.06480  26.8%   193 3475s
  8673  6255  200.11426 1169  767  273.23165  200.11426  26.8%   193 3480s
  8675  6257  200.32690  467  772  273.23165  200.32690  26.7%   193 3486s
  8677  6258  200.38389  985  756  273.23165  200.38389  26.7%   193 3494s
  8678  6259  200.38535  174  764  273.23165  200.38535  26.7%   193 3497s
  8679  6259  200.38854  856  767  273.23165  200.38854  26.7%   193 3501s
  8681  6261  200.39799  789  764  273.23165  200.39799  26.7%   193 3507s
  8684  6264  200.39799  576  137  273.23165  200.39799  26.7%   213 3525s
  8686  6265  200.39799  645  154  273.23165  200.39799  26.7%   213 3534s
  8687  6266  200.39799  792  156  273.23165  200.39799  26.7%   213 3556s
  8688  6267  263.25947  801  515  273.23165  200.39799  26.7%   213 3560s
  8689  6267  200.39799  226  504  273.23165  200.39799  26.7%   213 3566s
  8691  6269  200.39799  284  631  273.23165  200.39799  26.7%   213 3576s
  8693  6270  200.39799 1090  653  273.23165  200.39799  26.7%   212 3580s
  8697  6273  200.39799 1143  714  273.23165  200.39799  26.7%   212 3585s
  8701  6275  243.29860  870  705  273.23165  200.39799  26.7%   212 3591s
  8704  6277  205.76460  472  720  273.23165  200.52119  26.6%   212 3600s
  8707  6279  200.80334  690  707  273.23165  200.80334  26.5%   212 3608s
  8709  6281  200.87292  405  725  273.23165  200.87292  26.5%   212 3610s
  8712  6283  201.25635  218  730  273.23165  201.25635  26.3%   212 3618s
  8714  6284  201.25914  449  735  273.23165  201.25914  26.3%   212 3621s
  8716  6285  201.31490  875  721  273.23165  201.31490  26.3%   212 3625s
  8718  6287  201.44813  458  717  273.23165  201.44813  26.3%   212 3632s
  8721  6289  201.47405 1188  720  273.23165  201.47405  26.3%   212 3638s
  8722  6289  201.47590  327  732  273.23165  201.47590  26.3%   212 3640s
  8723  6290  201.52495  808  737  273.23165  201.52495  26.2%   212 3645s
  8726  6292  201.55505  379  728  273.23165  201.55505  26.2%   212 3652s
  8727  6293  201.55798  430  733  273.23165  201.55798  26.2%   212 3655s
  8731  6297  201.56925   32  137  273.23165  201.56925  26.2%   222 3670s
  8733  6298  220.48013  414  240  273.23165  201.56925  26.2%   222 3675s
  8734  6299  201.56925  326  168  273.23165  201.56925  26.2%   222 3684s
  8735  6300  201.56925  342  145  273.23165  201.56925  26.2%   222 3703s
  8736  6300  205.76460  239  274  273.23165  201.56925  26.2%   222 3708s
  8737  6301  201.56925  411  228  273.23165  201.56925  26.2%   221 3717s
  8738  6302  201.56925  796  344  273.23165  201.56925  26.2%   221 3722s
  8739  6302  201.56925  711  641  273.23165  201.56925  26.2%   221 3730s
  8741  6304  201.56925  857  610  273.23165  201.56925  26.2%   221 3735s
  8744  6306  201.56925  875  680  273.23165  201.56925  26.2%   221 3742s
  8746  6307  203.07650  458  688  273.23165  203.07650  25.7%   221 3745s
  8751  6310  203.22241  903  712  273.23165  203.22241  25.6%   221 3751s
  8752  6311  203.51689  138  715  273.23165  203.51689  25.5%   221 3758s
  8754  6312  257.00440  377  705  273.23165  203.62936  25.5%   221 3762s
  8755  6313  203.72504  289  726  273.23165  203.72504  25.4%   221 3765s
  8759  6316  203.98371 1051  741  273.23165  203.98371  25.3%   221 3777s
  8762  6318  204.05849  996  742  273.23165  204.05849  25.3%   221 3780s
  8763  6318  204.17590 1095  735  273.23165  204.17590  25.3%   221 3785s
  8766  6320  204.25485  471  750  273.23165  204.25485  25.2%   221 3794s
  8767  6321  204.28215 1124  745  273.23165  204.28215  25.2%   221 3795s
  8769  6322  204.40067  488  741  273.23165  204.40067  25.2%   221 3802s
  8771  6324  204.40966 1021  750  273.23165  204.40966  25.2%   221 3805s
  8773  6325  204.58214 1169  749  273.23165  204.58214  25.1%   221 3810s
  8776  6327  204.62365  670  762  273.23165  204.62365  25.1%   220 3815s
  8779  6329  204.78419  856  722  273.23165  204.78419  25.1%   220 3822s
  8780  6330  204.85657  641  752  273.23165  204.85657  25.0%   220 3826s
  8782  6331  204.87444  935  764  273.23165  204.87444  25.0%   220 3830s
  8786  6334  205.09756  645  723  273.23165  205.09756  24.9%   220 3837s
  8787  6334  205.24164  792  716  273.23165  205.24164  24.9%   220 3840s
  8791  6337  205.38126  284  723  273.23165  205.38126  24.8%   220 3848s
  8793  6338  205.39715 1090  733  273.23165  205.39715  24.8%   220 3852s
  8794  6339  205.86631 1090  730  273.23165  205.86631  24.7%   220 3858s
  8796  6340  205.92778  653  740  273.23165  205.92778  24.6%   220 3862s
  8797  6341  206.13605 1143  698  273.23165  206.13605  24.6%   220 3866s
  8801  6344  243.29860  870  722  273.23165  206.21274  24.5%   220 3870s
  8804  6346  206.26475  472  696  273.23165  206.26475  24.5%   220 3876s
  8806  6347  206.32018  405  693  273.23165  206.32018  24.5%   220 3880s
  8808  6348  206.38936  629  749  273.23165  206.38936  24.5%   220 3886s
  8811  6350  206.43349  760  710  273.23165  206.43349  24.4%   220 3892s
  8814  6352  206.44400  449  719  273.23165  206.44400  24.4%   220 3897s
  8816  6354  206.45028  875  772  273.23165  206.45028  24.4%   219 3900s
  8818  6355  206.48342  458  751  273.23165  206.48342  24.4%   219 3905s
  8820  6356  206.50875  912  733  273.23165  206.50875  24.4%   219 3910s
  8823  6358  206.61014  808  708  273.23165  206.61014  24.4%   219 3915s
  8826  6360  206.64711  379  735  273.23165  206.64711  24.4%   219 3920s
  8829  6362  206.69596  638  717  273.23165  206.69596  24.4%   219 3926s
  8830  6363  206.71003  298  708  273.23165  206.71003  24.3%   219 3931s
  8833  6365  220.48013  414  687  273.23165  206.72976  24.3%   219 3936s
  8836  6368  206.72976  239  137  273.23165  206.72976  24.3%   234 3953s
  8838  6369  206.72976  796  156  273.23165  206.72976  24.3%   234 3959s
  8839  6370  206.72976  711  339  273.23165  206.72976  24.3%   234 3987s
  8840  6371  206.72976  770  204  273.23165  206.72976  24.3%   234 3999s
  8841  6371  206.72976  857  621  273.23165  206.72976  24.3%   234 4004s
  8842  6372  206.72976  508  568  273.23165  206.72976  24.3%   234 4007s
  8844  6373  206.72976  875  644  273.23165  206.72976  24.3%   234 4011s
  8847  6375  206.76210  887  702  273.23165  206.76210  24.3%   234 4015s
  8852  6379  206.90275  138  723  273.23165  206.90275  24.3%   234 4021s
  8854  6380  257.00440  377  737  273.23165  206.97911  24.2%   233 4028s
  8856  6381  206.98259  544  740  273.23165  206.98259  24.2%   233 4031s
  8859  6383  207.10721 1051  750  273.23165  207.10721  24.2%   233 4036s
  8861  6385  207.11897  575  759  273.23165  207.11897  24.2%   233 4042s
  8862  6385  207.12373  996  749  273.23165  207.12373  24.2%   233 4046s
  8865  6387  208.04627  503  736  273.23165  207.12886  24.2%   233 4051s
  8868  6391  207.12886  599  137  273.23165  207.12886  24.2%   240 4062s
  8870  6392  207.12886  149  161  273.23165  207.12886  24.2%   240 4070s
  8871  6393  207.12886 1021  223  273.23165  207.12886  24.2%   240 4087s
  8872  6394  207.12886   49  561  273.23165  207.12886  24.2%   240 4102s
  8873  6394  207.12886 1169  603  273.23165  207.12886  24.2%   240 4109s
  8874  6395  207.12886  679  689  273.23165  207.12886  24.2%   240 4113s
  8875  6396  207.12886  467  694  273.23165  207.12886  24.2%   240 4115s
  8880  6399  207.12886  641  696  273.23165  207.12886  24.2%   240 4120s
  8883  6401  207.17108  150  668  273.23165  207.17108  24.2%   240 4125s
  8885  6402  207.20038  704  674  273.23165  207.20038  24.2%   240 4131s
  8888  6404  263.25947  801  705  273.23165  207.21580  24.2%   240 4136s
  8890  6406  207.23647  663  705  273.23165  207.23647  24.2%   240 4141s
  8892  6407  207.26477  527  701  273.23165  207.26477  24.1%   240 4146s
  8893  6408  207.26712 1090  690  273.23165  207.26712  24.1%   240 4150s
  8895  6409  207.27733 1169  690  273.23165  207.27733  24.1%   240 4155s
  8897  6410  207.28439 1143  711  273.23165  207.28439  24.1%   240 4160s
  8900  6414  207.28439  985  137  273.23165  207.28439  24.1%   245 4169s
  8902  6415  207.28439  395  137  273.23165  207.28439  24.1%   245 4177s
  8903  6416  207.28439  358  217  273.23165  207.28439  24.1%   245 4202s
  8904  6417  207.28439  472  483  273.23165  207.28439  24.1%   245 4209s
  8905  6417  207.28439  786  624  273.23165  207.28439  24.1%   245 4214s
  8906  6418  207.28439  405  646  273.23165  207.28439  24.1%   245 4217s
  8907  6419  207.28439  690  649  273.23165  207.28439  24.1%   245 4220s
  8913  6423  207.30775   48  692  273.23165  207.30775  24.1%   245 4226s
  8916  6425  208.57175  875  690  273.23165  208.57175  23.7%   244 4231s
  8918  6426  208.63152  458  683  273.23165  208.63152  23.6%   244 4236s
  8920  6427  208.64142  912  690  273.23165  208.64142  23.6%   244 4240s
  8922  6429  208.65490  327  702  273.23165  208.65490  23.6%   244 4245s
  8924  6430  215.68107  247  700  273.23165  208.67654  23.6%   244 4250s
  8926  6431  208.73798  379  702  273.23165  208.73798  23.6%   244 4256s
  8927  6432  208.74775  430  692  273.23165  208.74775  23.6%   244 4260s
  8929  6433  208.76105  638  690  273.23165  208.76105  23.6%   244 4269s
  8930  6434  208.76105  298  694  273.23165  208.76105  23.6%   244 4271s
  8932  6435  208.76370  399  697  273.23165  208.76370  23.6%   244 4275s
  8934  6437  208.76692  326  692  273.23165  208.76692  23.6%   244 4281s
  8938  6441  208.77262  796  137  273.23165  208.77262  23.6%   251 4296s
  8940  6442  208.77262  770  258  273.23165  208.77262  23.6%   251 4304s
  8941  6443  208.77262  857  321  273.23165  208.77262  23.6%   251 4328s
  8942  6444  208.77262  508  548  273.23165  208.77262  23.6%   251 4341s
  8943  6444  208.77262  779  657  273.23165  208.77262  23.6%   251 4347s
  8945  6446  208.77262  536  669  273.23165  208.77262  23.6%   251 4351s
  8949  6448  208.89990  243  687  273.23165  208.89990  23.5%   251 4355s
  8951  6450  208.96830  903  731  273.23165  208.96830  23.5%   251 4361s
  8952  6450  208.99149  138  729  273.23165  208.99149  23.5%   251 4365s
  8955  6452  209.03445  289  722  273.23165  209.03445  23.5%   250 4370s
  8957  6454  209.04478  830  698  273.23165  209.04478  23.5%   250 4375s
  8959  6455  209.04802 1051  672  273.23165  209.04802  23.5%   250 4380s
  8961  6456  209.07552  575  667  273.23165  209.07552  23.5%   250 4386s
  8963  6458  209.07720 1095  689  273.23165  209.07720  23.5%   250 4391s
  8965  6459  209.07994  503  652  273.23165  209.07994  23.5%   250 4396s
  8967  6460  209.09826 1124  662  273.23165  209.09826  23.5%   250 4401s
  8969  6462  209.10396  488  693  273.23165  209.10396  23.5%   250 4408s
  8970  6462  209.10396  149  700  273.23165  209.10396  23.5%   250 4410s
  8972  6464  209.11346   49  736  273.23165  209.11346  23.5%   250 4415s
  8976  6468  209.12129  670  137  273.23165  209.12129  23.5%   257 4429s
  8978  6469  209.12129  174  335  273.23165  209.12129  23.5%   257 4438s
  8979  6470  209.12129  856  397  273.23165  209.12129  23.5%   257 4451s
  8980  6471  209.12129  641  350  273.23165  209.12129  23.5%   257 4458s
  8981  6471  209.12129  789  631  273.23165  209.12129  23.5%   257 4464s
  8982  6472  209.12129  935  620  273.23165  209.12129  23.5%   257 4468s
  8983  6473  209.12129  150  678  273.23165  209.12129  23.5%   257 4470s
  8987  6475  209.12129  792  689  273.23165  209.12129  23.5%   257 4477s
  8988  6476  263.25947  801  681  273.23165  209.24879  23.4%   257 4481s
  8991  6478  209.27967  284  690  273.23165  209.27967  23.4%   257 4491s
  8994  6480  209.34978 1090  738  273.23165  209.34978  23.4%   256 4498s
  8995  6481  209.34979 1169  740  273.23165  209.34979  23.4%   256 4500s
  8998  6483  210.45158  988  677  273.23165  210.45158  23.0%   256 4505s
  9000  6484  210.46684  985  675  273.23165  210.46684  23.0%   256 4511s
  9002  6485  210.65333  395  667  273.23165  210.65333  22.9%   256 4520s
  9005  6487  210.74299  786  722  273.23165  210.74299  22.9%   256 4527s
  9008  6489  210.75634  629  676  273.23165  210.75634  22.9%   256 4532s
  9009  6490  210.75669  405  683  273.23165  210.75669  22.9%   256 4535s
  9012  6492  210.79009  218  690  273.23165  210.79009  22.9%   256 4542s
  9013  6493  210.79870   48  697  273.23165  210.79870  22.8%   256 4546s
  9015  6494  210.93114  930  725  273.23165  210.93114  22.8%   256 4551s
  9019  6497  210.97494  629  672  273.23165  210.97494  22.8%   256 4556s
  9021  6498  210.98636 1188  715  273.23165  210.98636  22.8%   256 4563s
  9023  6499  210.99022  808  718  273.23165  210.99022  22.8%   256 4565s
  9024  6500  215.68107  247  701  273.23165  211.07104  22.8%   256 4570s
  9027  6502  211.13704  430  716  273.23165  211.13704  22.7%   256 4578s
  9029  6503  211.14218  638  712  273.23165  211.14218  22.7%   255 4580s
  9031  6505  211.21000   32  700  273.23165  211.21000  22.7%   255 4588s
  9036  6508  211.25055  239  728  273.23165  211.25055  22.7%   255 4591s
  9037  6509  211.26953  411  715  273.23165  211.26953  22.7%   255 4595s
  9040  6511  211.28080  770  696  273.23165  211.28080  22.7%   255 4602s
  9042  6512  211.30793  508  716  273.23165  211.30793  22.7%   255 4608s
  9043  6513  211.30873  779  715  273.23165  211.30873  22.7%   255 4610s
  9045  6514  211.31258  536  735  273.23165  211.31258  22.7%   255 4616s
  9049  6518  211.31753  243  137  273.23165  211.31753  22.7%   263 4632s
  9051  6519  211.31753  903  190  273.23165  211.31753  22.7%   263 4638s
  9052  6520  211.31753  138  366  273.23165  211.31753  22.7%   263 4655s
  9054  6521  257.00440  377  596  273.23165  211.31753  22.7%   263 4665s
  9056  6523  211.31753  544  673  273.23165  211.31753  22.7%   263 4671s
  9058  6524  211.31753 1155  676  273.23165  211.31753  22.7%   263 4677s
  9062  6527  211.34521  996  682  273.23165  211.34521  22.6%   263 4682s
  9063  6527  211.37387 1095  636  273.23165  211.37387  22.6%   263 4688s
  9066  6529  211.38787  471  688  273.23165  211.38787  22.6%   263 4690s
  9067  6530  211.41799 1124  674  273.23165  211.41799  22.6%   263 4695s
  9069  6531  211.42537  488  706  273.23165  211.42537  22.6%   263 4700s
  9072  6533  211.43989   49  685  273.23165  211.43989  22.6%   263 4706s
  9075  6535  211.44925  467  669  273.23165  211.44925  22.6%   263 4711s
  9078  6537  211.46290  174  682  273.23165  211.46290  22.6%   262 4718s
  9080  6539  211.46614  641  685  273.23165  211.46614  22.6%   262 4721s
  9082  6540  211.46933  935  682  273.23165  211.46933  22.6%   262 4726s
  9083  6541  211.47331  150  673  273.23165  211.47331  22.6%   262 4730s
  9085  6542  211.47527  704  677  273.23165  211.47527  22.6%   262 4735s
  9088  6545  263.25947  801  137  273.23165  211.47527  22.6%   268 4749s
  9090  6546  211.47527  663  216  273.23165  211.47527  22.6%   268 4756s
  9091  6547  211.47527  284  550  273.23165  211.47527  22.6%   268 4764s
  9092  6548  211.47527  527  652  273.23165  211.47527  22.6%   268 4769s
  9093  6548  211.47527 1090  662  273.23165  211.47527  22.6%   268 4779s
  9094  6549  211.47527 1090  669  273.23165  211.47527  22.6%   268 4781s
  9097  6551  211.47527 1143  632  273.23165  211.47527  22.6%   268 4786s
  9099  6552  211.47527  121  668  273.23165  211.47527  22.6%   268 4790s
  9102  6554  211.51338  395  685  273.23165  211.51338  22.6%   268 4797s
  9103  6555  211.93718  358  695  273.23165  211.93718  22.4%   268 4803s
  9104  6556  211.93718  472  693  273.23165  211.93718  22.4%   268 4805s
  9106  6557  211.96381  405  686  273.23165  211.96381  22.4%   268 4810s
  9108  6558  212.02940  629  654  273.23165  212.02940  22.4%   268 4816s
  9110  6560  212.09440  841  687  273.23165  212.09440  22.4%   268 4822s
  9111  6560  212.09444  760  689  273.23165  212.09444  22.4%   268 4825s
  9113  6562  212.11998   48  695  273.23165  212.11998  22.4%   268 4832s
  9114  6562  212.12908  449  736  273.23165  212.12908  22.4%   268 4836s
  9117  6564  212.13509  855  711  273.23165  212.13509  22.4%   268 4842s
  9118  6565  212.13509  458  739  273.23165  212.13509  22.4%   267 4845s
  9119  6566  212.13612  629  731  273.23165  212.13612  22.4%   267 4851s
  9122  6569  212.13612  327  137  273.23165  212.13612  22.4%   273 4860s
  9124  6570  215.68107  247  142  273.23165  212.13612  22.4%   272 4871s
  9125  6571  212.13612  321  442  273.23165  212.13612  22.4%   272 4886s
  9126  6572  212.13612  379  638  273.23165  212.13612  22.4%   272 4905s
  9127  6572  212.13612  430  655  273.23165  212.13612  22.4%   272 4915s
  9129  6574  212.13612  638  674  273.23165  212.13612  22.4%   272 4920s
  9134  6577  212.13612  326  740  273.23165  212.13612  22.4%   272 4925s
  9135  6578  212.13612  342  747  273.23165  212.13612  22.4%   272 4935s
  9136  6578  212.14902  239  642  273.23165  212.14902  22.4%   272 4944s
  9137  6579  212.15549  411  686  273.23165  212.15549  22.4%   272 4945s
  9138  6580  212.15549  796  687  273.23165  212.15549  22.4%   272 4952s
  9139  6580  212.17072  711  695  273.23165  212.17072  22.3%   272 4960s
  9142  6582  212.21032  508  708  273.23165  212.21032  22.3%   272 4970s
  9144  6584  212.28910  875  718  273.23165  212.28910  22.3%   272 4979s
  9146  6585  212.29217  458  712  273.23165  212.29217  22.3%   272 4983s
  9147  6586  212.34320  887  721  273.23165  212.34320  22.3%   272 4989s
  9148  6586  212.34601  751  725  273.23165  212.34601  22.3%   272 4990s
  9149  6587  212.34617  243  726  273.23165  212.34617  22.3%   272 4996s
  9150  6588  212.38339  334  590  273.23165  212.38339  22.3%   272 5007s
  9151  6588  212.38344  903  666  273.23165  212.38344  22.3%   272 5011s
  9152  6589  212.39618  138  665  273.23165  212.39618  22.3%   272 5016s
  9153  6590  212.39628 1148  674  273.23165  212.39628  22.3%   272 5020s
  9154  6590  257.00440  377  588  273.23165  212.41383  22.3%   272 5025s
  9157  6594  212.41383  830  137  273.23165  212.41383  22.3%   276 5039s
  9159  6595  212.41383 1051  330  273.23165  212.41383  22.3%   276 5047s
  9160  6596  212.41383  148  455  273.23165  212.41383  22.3%   276 5061s
  9161  6597  212.41383  575  568  273.23165  212.41383  22.3%   276 5071s
  9162  6597  212.41383  996  663  273.23165  212.41383  22.3%   276 5082s
  9163  6598  212.41383 1095  688  273.23165  212.41383  22.3%   276 5085s
  9166  6600  212.41383  471  700  273.23165  212.41383  22.3%   276 5090s
  9169  6602  212.41383  488  743  273.23165  212.41383  22.3%   276 5096s
  9170  6603  212.41383  149  592  273.23165  212.41383  22.3%   276 5104s
  9173  6605  212.42540 1169  660  273.23165  212.42540  22.3%   276 5107s
  9174  6605  212.52512  679  603  273.23165  212.52512  22.2%   276 5114s
  9176  6607  212.52879  670  677  273.23165  212.52879  22.2%   276 5117s
  9177  6607  212.53761  985  610  273.23165  212.53761  22.2%   276 5122s
  9180  6609  212.54363  641  747  273.23165  212.54363  22.2%   275 5125s
  9183  6611  212.54863  150  621  273.23165  212.54863  22.2%   275 5132s
  9184  6612  212.55017  576  616  273.23165  212.55017  22.2%   275 5138s
  9186  6613  212.55305  645  688  273.23165  212.55305  22.2%   275 5142s
  9187  6614  212.55521  792  611  273.23165  212.55521  22.2%   275 5148s
  9189  6615  212.55845  226  618  273.23165  212.55845  22.2%   275 5152s
  9190  6616  212.56059  663  606  273.23165  212.56059  22.2%   275 5155s
  9193  6619  212.56059 1090  137  273.23165  212.56059  22.2%   280 5165s
  9195  6620  212.56059 1169  220  273.23165  212.56059  22.2%   280 5173s
  9196  6621  212.56059  653  487  273.23165  212.56059  22.2%   280 5183s
  9197  6622  212.56059 1143  638  273.23165  212.56059  22.2%   280 5192s
  9198  6622  212.56059  988  639  273.23165  212.56059  22.2%   280 5203s
  9199  6623  212.56059  121  670  273.23165  212.56059  22.2%   280 5205s
  9206  6628  212.56134  405  656  273.23165  212.56134  22.2%   280 5214s
  9207  6628  212.67226  690  677  273.23165  212.67226  22.2%   280 5219s
  9209  6630  212.67846  405  680  273.23165  212.67846  22.2%   280 5222s
  9210  6630  212.70287  841  632  273.23165  212.70287  22.2%   280 5227s
  9211  6631  212.70300  760  633  273.23165  212.70300  22.2%   280 5230s
  9212  6632  212.70983  218  607  273.23165  212.70983  22.2%   279 5235s
  9215  6634  212.76775  930  601  273.23165  212.76775  22.1%   279 5241s
  9217  6635  212.77147  855  594  273.23165  212.77147  22.1%   279 5245s
  9218  6636  212.79647  458  593  273.23165  212.79647  22.1%   279 5252s
  9220  6637  212.79943  912  607  273.23165  212.79943  22.1%   279 5255s
  9221  6638  212.95491 1188  664  273.23165  212.95491  22.1%   279 5260s
  9224  6640  215.68107  247  669  273.23165  212.96784  22.1%   279 5268s
  9225  6640  212.96784  321  673  273.23165  212.96784  22.1%   279 5271s
  9226  6641  212.97812  379  723  273.23165  212.97812  22.1%   279 5275s
  9228  6642  213.03747  547  687  273.23165  213.03747  22.0%   279 5282s
  9230  6644  213.04957  298  701  273.23165  213.04957  22.0%   279 5286s
  9231  6644  213.08404   32  678  273.23165  213.08404  22.0%   279 5290s
  9234  6646  213.09176  326  654  273.23165  213.09176  22.0%   279 5297s
  9236  6648  213.09485  239  672  273.23165  213.09485  22.0%   279 5300s
  9238  6649  213.09819  796  671  273.23165  213.09819  22.0%   279 5305s
  9239  6650  213.09975  711  668  273.23165  213.09975  22.0%   279 5310s
  9242  6653  213.09975  508  137  273.23165  213.09975  22.0%   283 5320s
  9244  6654  213.09975  875  215  273.23165  213.09975  22.0%   283 5327s
  9245  6655  213.09975  536  355  273.23165  213.09975  22.0%   283 5348s
  9246  6656  213.09975  458  522  273.23165  213.09975  22.0%   283 5359s
  9247  6656  213.09975  887  580  273.23165  213.09975  22.0%   283 5366s
  9249  6658  213.09975  243  687  273.23165  213.09975  22.0%   283 5371s
  9255  6662  213.14295  289  694  273.23165  213.14295  22.0%   283 5377s
  9256  6662  213.17775  544  728  273.23165  213.17775  22.0%   283 5382s
  9257  6663  213.18456  830  728  273.23165  213.18456  22.0%   283 5385s
  9258  6664  213.20346 1155  743  273.23165  213.20346  22.0%   283 5393s
  9259  6664  213.20411 1051  746  273.23165  213.20411  22.0%   283 5396s
  9260  6665  213.21016  148  714  273.23165  213.21016  22.0%   283 5400s
  9263  6667  213.21454 1095  748  273.23165  213.21454  22.0%   283 5408s
  9264  6668  215.68107  237  746  273.23165  213.21487  22.0%   283 5412s
  9265  6668  213.21957  503  720  273.23165  213.21957  22.0%   283 5415s
  9267  6670  213.22211 1124  718  273.23165  213.22211  22.0%   283 5424s
  9268  6670  213.22227  599  720  273.23165  213.22227  22.0%   283 5427s
  9269  6671  213.22488  488  709  273.23165  213.22488  22.0%   283 5431s
  9272  6674  213.22488   49  137  273.23165  213.22488  22.0%   287 5441s
  9274  6675  213.22488  679  150  273.23165  213.22488  22.0%   287 5450s
  9275  6676  213.22488  467  267  273.23165  213.22488  22.0%   287 5470s
  9276  6677  213.22488  670  577  273.23165  213.22488  22.0%   287 5484s
  9277  6677  213.22488  985  586  273.23165  213.22488  22.0%   287 5492s
  9279  6679  213.22488  856  648  273.23165  213.22488  22.0%   287 5495s
  9288  6685  263.25947  801  745  273.23165  213.22488  22.0%   287 5502s
  9289  6685  213.22969  226  710  273.23165  213.22969  22.0%   287 5509s
  9291  6687  213.23288  284  724  273.23165  213.23288  22.0%   287 5513s
  9292  6687  213.26311  527  726  273.23165  213.26311  21.9%   287 5519s
  9294  6689  213.28058 1090  731  273.23165  213.28058  21.9%   287 5521s
  9296  6690  213.28565  653  708  273.23165  213.28565  21.9%   287 5528s
  9297  6691  213.28572 1143  742  273.23165  213.28572  21.9%   287 5531s
  9299  6692  213.28696  121  748  273.23165  213.28696  21.9%   287 5537s
  9301  6693  243.29860  870  728  273.23165  213.28731  21.9%   287 5544s
  9302  6694  213.28731  395  730  273.23165  213.28731  21.9%   287 5547s
  9303  6695  213.28813  358  730  273.23165  213.28813  21.9%   286 5551s
  9304  6695  213.28843  472  728  273.23165  213.28843  21.9%   286 5555s
  9308  6699  213.28909  629  137  273.23165  213.28909  21.9%   291 5568s
  9310  6700  213.28909  841  148  273.23165  213.28909  21.9%   291 5577s
  9311  6701  213.28909  760  378  273.23165  213.28909  21.9%   291 5599s
  9312  6702  213.28909  218  596  273.23165  213.28909  21.9%   291 5608s
  9313  6702  213.28909   48  667  273.23165  213.28909  21.9%   291 5617s
  9315  6704  213.28909  930  732  273.23165  213.28909  21.9%   291 5620s
  9321  6708  213.28909 1188  742  273.23165  213.28909  21.9%   290 5625s
  9322  6708  213.33590  327  744  273.23165  213.33590  21.9%   290 5633s
  9324  6710  215.68107  247  744  273.23165  213.33722  21.9%   290 5636s
  9325  6710  213.33869  321  742  273.23165  213.33869  21.9%   290 5642s
  9326  6711  213.33869  379  740  273.23165  213.33869  21.9%   290 5646s
  9327  6712  213.33901  430  743  273.23165  213.33901  21.9%   290 5652s
  9328  6712  213.33907  547  744  273.23165  213.33907  21.9%   290 5656s
  9329  6713  213.33924  638  740  273.23165  213.33924  21.9%   290 5660s
  9331  6714  213.33940   32  735  273.23165  213.33940  21.9%   290 5668s
  9332  6715  213.33940  399  733  273.23165  213.33940  21.9%   290 5671s
  9336  6719  213.34093  239  137  273.23165  213.34093  21.9%   295 5686s
  9338  6720  213.34093  796  133  273.23165  213.34093  21.9%   294 5697s
  9339  6721  213.34093  711  308  273.23165  213.34093  21.9%   294 5714s
  9340  6722  213.34093  770  658  273.23165  213.34093  21.9%   294 5725s
  9341  6722  213.34093  857  637  273.23165  213.34093  21.9%   294 5733s
  9342  6723  213.34093  508  702  273.23165  213.34093  21.9%   294 5736s
  9348  6727  213.34130  751  757  273.23165  213.34130  21.9%   294 5740s
  9350  6728  213.34324  334  716  273.23165  213.34324  21.9%   294 5746s
  9351  6729  213.35934  903  661  273.23165  213.35934  21.9%   294 5753s
  9353  6730  213.36392 1148  667  273.23165  213.36392  21.9%   294 5756s
  9354  6731  257.00440  377  660  273.23165  213.36465  21.9%   294 5762s
  9355  6732  213.36568  289  660  273.23165  213.36568  21.9%   294 5765s
  9357  6733  213.36749  830  670  273.23165  213.36749  21.9%   294 5774s
  9358  6734  213.36819 1155  668  273.23165  213.36819  21.9%   294 5778s
  9359  6734  213.36819 1051  672  273.23165  213.36819  21.9%   294 5782s
  9360  6735  213.36935  148  672  273.23165  213.36935  21.9%   294 5786s
  9362  6736  213.36969  996  673  273.23165  213.36969  21.9%   294 5792s
  9365  6740  213.36969  503  137  273.23165  213.36969  21.9%   297 5805s
  9367  6741  213.36969 1124  242  273.23165  213.36969  21.9%   297 5821s
  9368  6742  213.36969  599  521  273.23165  213.36969  21.9%   297 5844s
  9369  6743  213.36969  488  628  273.23165  213.36969  21.9%   297 5861s
  9370  6743  213.36969  149  629  273.23165  213.36969  21.9%   297 5871s
  9374  6746  213.67288  679  718  273.23165  213.67288  21.8%   297 5875s
  9376  6747  213.68161  670  719  273.23165  213.68161  21.8%   297 5881s
  9377  6748  213.83626  985  664  273.23165  213.83626  21.7%   297 5887s
  9378  6749  213.83626  174  666  273.23165  213.83626  21.7%   297 5891s
  9379  6749  213.87403  856  659  273.23165  213.87403  21.7%   297 5897s
  9381  6751  213.87500  789  659  273.23165  213.87500  21.7%   297 5901s
  9382  6751  213.89660  935  655  273.23165  213.89660  21.7%   297 5909s
  9383  6752  213.93863  150  655  273.23165  213.93863  21.7%   297 5910s
  9385  6753  213.95461  704  667  273.23165  213.95461  21.7%   297 5919s
  9386  6754  213.95501  645  666  273.23165  213.95501  21.7%   296 5922s
  9387  6755  213.97174  792  702  273.23165  213.97174  21.7%   296 5928s
  9389  6756  213.97275  226  726  273.23165  213.97275  21.7%   296 5932s
  9390  6757  213.99466  663  733  273.23165  213.99466  21.7%   296 5938s
  9392  6758  213.99932  527  738  273.23165  213.99932  21.7%   296 5943s
  9393  6759  214.10689 1090  736  273.23165  214.10689  21.6%   296 5948s
  9395  6760  214.10811 1169  719  273.23165  214.10811  21.6%   296 5952s
  9396  6761  214.17978  653  719  273.23165  214.17978  21.6%   296 5957s
  9398  6762  214.18121  988  728  273.23165  214.18121  21.6%   296 5961s
  9399  6763  214.21968  121  723  273.23165  214.21968  21.6%   296 5966s
  9401  6764  243.29860  870  730  273.23165  214.25152  21.6%   296 5975s
  9405  6767  214.27070  786  732  273.23165  214.27070  21.6%   296 5984s
  9407  6768  214.27187  690  738  273.23165  214.27187  21.6%   296 5988s
  9408  6769  214.32970  629  735  273.23165  214.32970  21.6%   296 5993s
  9410  6770  214.33272  841  740  273.23165  214.33272  21.6%   296 5997s
  9411  6771  214.35654  760  731  273.23165  214.35654  21.5%   296 6005s
  9413  6772  214.35788   48  728  273.23165  214.35788  21.5%   296 6011s
  9414  6773  214.36964  449  731  273.23165  214.36964  21.5%   296 6019s
  9416  6774  214.37309  875  740  273.23165  214.37309  21.5%   296 6025s
  9417  6775  214.41502  855  734  273.23165  214.41502  21.5%   296 6030s
  9421  6777  214.42324 1188  735  273.23165  214.42324  21.5%   295 6039s
  9422  6778  214.42325  327  745  273.23165  214.42325  21.5%   295 6042s
  9423  6779  214.42384  808  739  273.23165  214.42384  21.5%   295 6048s
  9424  6779  215.68107  247  749  273.23165  214.42384  21.5%   295 6051s
  9425  6780  214.42411  321  752  273.23165  214.42411  21.5%   295 6055s
  9428  6783  214.42411  547  137  273.23165  214.42411  21.5%   301 6067s
  9430  6784  214.42411  298  222  273.23165  214.42411  21.5%   301 6075s
  9431  6785  214.42411   32  459  273.23165  214.42411  21.5%   301 6089s
  9432  6786  214.42411  399  510  273.23165  214.42411  21.5%   301 6104s
  9433  6786  220.48013  414  667  273.23165  214.42411  21.5%   301 6115s
  9436  6788  214.42411  239  703  273.23165  214.42411  21.5%   300 6120s
  9442  6792  214.42411  508  725  273.23165  214.42411  21.5%   300 6127s
  9443  6793  214.43177  779  719  273.23165  214.43177  21.5%   300 6133s
  9445  6794  214.43498  536  723  273.23165  214.43498  21.5%   300 6137s
  9446  6795  214.43945  458  718  273.23165  214.43945  21.5%   300 6144s
  9448  6796  214.44119  751  723  273.23165  214.44119  21.5%   300 6148s
  9449  6797  214.44119  243  726  273.23165  214.44119  21.5%   300 6154s
  9450  6798  214.44119  334  730  273.23165  214.44119  21.5%   300 6157s
  9451  6798  214.44119  903  723  273.23165  214.44119  21.5%   300 6161s
  9452  6799  214.44119  138  728  273.23165  214.44119  21.5%   300 6165s
  9456  6803  214.44150  544  137  273.23165  214.44150  21.5%   304 6177s
  9458  6804  214.44150 1155  149  273.23165  214.44150  21.5%   304 6186s
  9459  6805  214.44150 1051  555  273.23165  214.44150  21.5%   304 6201s
  9460  6806  214.44150  148  631  273.23165  214.44150  21.5%   304 6215s
  9461  6806  214.44150  575  616  273.23165  214.44150  21.5%   304 6224s
  9462  6807  214.44150  996  614  273.23165  214.44150  21.5%   304 6226s
  9467  6810  214.45722 1124  699  273.23165  214.45722  21.5%   304 6237s
  9468  6811  214.45966  599  730  273.23165  214.45966  21.5%   304 6244s
  9469  6812  214.46090  488  731  273.23165  214.46090  21.5%   304 6245s
  9472  6814  214.47357   49  713  273.23165  214.47357  21.5%   304 6255s
  9474  6815  214.47681  679  716  273.23165  214.47681  21.5%   304 6264s
  9475  6816  214.47760  467  711  273.23165  214.47760  21.5%   304 6268s
  9476  6816  214.52421  670  708  273.23165  214.52421  21.5%   303 6272s
  9479  6818  214.53076  856  710  273.23165  214.53076  21.5%   303 6276s
  9480  6819  214.54097  641  710  273.23165  214.54097  21.5%   303 6281s
  9482  6820  214.54432  935  646  273.23165  214.54432  21.5%   303 6290s
  9485  6822  214.54873  704  720  273.23165  214.54873  21.5%   303 6299s
  9487  6824  214.55016  792  721  273.23165  214.55016  21.5%   303 6302s
  9488  6824  263.25947  801  718  273.23165  214.55101  21.5%   303 6305s
  9491  6828  214.55101  284  137  273.23165  214.55101  21.5%   307 6320s
  9493  6829  214.55101 1090  240  273.23165  214.55101  21.5%   307 6333s
  9494  6830  214.55101 1090  538  273.23165  214.55101  21.5%   307 6356s
  9495  6831  214.55101 1169  648  273.23165  214.55101  21.5%   307 6369s
  9496  6831  214.55101  653  657  273.23165  214.55101  21.5%   307 6378s
  9497  6832  214.55101 1143  697  273.23165  214.55101  21.5%   307 6380s
  9505  6837  214.55101  786  714  273.23165  214.55101  21.5%   307 6388s
  9506  6838  214.55101  405  720  273.23165  214.55101  21.5%   307 6394s
  9507  6839  214.55101  690  721  273.23165  214.55101  21.5%   307 6397s
  9508  6839  214.55101  629  723  273.23165  214.55101  21.5%   307 6405s
  9510  6841  214.58671  841  712  273.23165  214.58671  21.5%   307 6415s
  9512  6842  214.58851  218  647  273.23165  214.58851  21.5%   307 6422s
  9514  6843  214.58949  449  654  273.23165  214.58949  21.5%   307 6425s
  9515  6844  214.59659  930  718  273.23165  214.59659  21.5%   307 6430s
  9519  6847  214.62045  629  708  273.23165  214.62045  21.5%   306 6440s
  9521  6848  214.63470 1188  720  273.23165  214.63470  21.4%   306 6449s
  9524  6850  215.68107  247  728  273.23165  214.63695  21.4%   306 6453s
  9525  6851  214.64439  321  650  273.23165  214.64439  21.4%   306 6458s
  9527  6852  214.64561  430  713  273.23165  214.64561  21.4%   306 6462s
  9528  6853  214.64642  547  715  273.23165  214.64642  21.4%   306 6468s
  9529  6853  214.64642  638  718  273.23165  214.64642  21.4%   306 6471s
  9530  6854  214.64642  298  709  273.23165  214.64642  21.4%   306 6477s
  9531  6855  214.64642   32  717  273.23165  214.64642  21.4%   306 6480s
  9535  6859  214.64642  342  137  273.23165  214.64642  21.4%   313 6496s
  9537  6860  214.64642  411  255  273.23165  214.64642  21.4%   312 6503s
  9538  6861  214.64642  796  433  273.23165  214.64642  21.4%   312 6519s
  9539  6862  214.64642  711  646  273.23165  214.64642  21.4%   312 6536s
  9540  6862  214.64642  770  674  273.23165  214.64642  21.4%   312 6549s
  9541  6863  214.64642  857  642  273.23165  214.64642  21.4%   312 6551s
  9548  6868  214.65158  751  728  273.23165  214.65158  21.4%   312 6559s
  9549  6868  214.86650  243  715  273.23165  214.86650  21.4%   312 6566s
  9550  6869  214.86699  334  716  273.23165  214.86699  21.4%   312 6570s
  9551  6870  214.91445  903  716  273.23165  214.91445  21.3%   312 6576s
  9553  6871  214.94572 1148  717  273.23165  214.94572  21.3%   312 6585s
  9557  6874  214.95913  830  728  273.23165  214.95913  21.3%   312 6593s
  9562  6877  214.96536  996  727  273.23165  214.96536  21.3%   312 6597s
  9563  6878  214.97625 1095  732  273.23165  214.97625  21.3%   312 6602s
  9566  6880  214.98090  471  733  273.23165  214.98090  21.3%   312 6605s
  9567  6880  215.01665 1124  714  273.23165  215.01665  21.3%   311 6611s
  9571  6883  215.03999 1021  676  273.23165  215.03999  21.3%   311 6620s
  9573  6884  215.04135 1169  717  273.23165  215.04135  21.3%   311 6626s
  9575  6886  215.04263  467  712  273.23165  215.04263  21.3%   311 6630s
  9576  6886  215.04466  670  642  273.23165  215.04466  21.3%   311 6635s
  9578  6888  215.07490  174  682  273.23165  215.07490  21.3%   311 6644s
  9579  6888  215.07569  856  681  273.23165  215.07569  21.3%   311 6648s
  9580  6889  215.08083  641  707  273.23165  215.08083  21.3%   311 6653s
  9582  6890  215.08825  935  725  273.23165  215.08825  21.3%   311 6657s
  9583  6891  215.09130  150  733  273.23165  215.09130  21.3%   311 6661s
  9584  6892  215.09133  576  731  273.23165  215.09133  21.3%   311 6665s
  9585  6892  215.09933  704  751  273.23165  215.09933  21.3%   311 6671s
  9586  6893  215.09971  645  727  273.23165  215.09971  21.3%   311 6676s
  9587  6894  215.11122  792  726  273.23165  215.11122  21.3%   311 6684s
  9590  6896  215.11862  663  738  273.23165  215.11862  21.3%   311 6689s
  9591  6896  215.12786  284  759  273.23165  215.12786  21.3%   311 6695s
  9594  6898  215.14470 1090  736  273.23165  215.14470  21.3%   311 6702s
  9595  6899  215.14470 1169  746  273.23165  215.14470  21.3%   311 6705s
  9596  6900  215.14525  653  726  273.23165  215.14525  21.3%   311 6710s
  9598  6901  215.14525  988  758  273.23165  215.14525  21.3%   310 6719s
  9599  6902  215.14525  121  762  273.23165  215.14525  21.3%   310 6723s
  9600  6902  215.14525  985  761  273.23165  215.14525  21.3%   310 6726s
  9603  6906  215.14525  358  137  273.23165  215.14525  21.3%   316 6736s
  9605  6907  215.14525  786  334  273.23165  215.14525  21.3%   316 6747s
  9606  6908  215.14525  405  649  273.23165  215.14525  21.3%   316 6767s
  9607  6909  215.14525  690  671  273.23165  215.14525  21.3%   316 6771s
  9608  6909  215.14525  629  682  273.23165  215.14525  21.3%   316 6775s
  9611  6911  215.14525  760  722  273.23165  215.14525  21.3%   316 6780s
  9619  6917  215.14525  629  749  273.23165  215.14525  21.3%   315 6793s
  9620  6917  215.14525  912  758  273.23165  215.14525  21.3%   315 6801s
  9621  6918  215.14532 1188  754  273.23165  215.14532  21.3%   315 6805s
  9622  6919  215.15081  327  750  273.23165  215.15081  21.3%   315 6812s
  9623  6919  215.15085  808  750  273.23165  215.15085  21.3%   315 6816s
  9624  6920  215.68107  247  735  273.23165  215.16980  21.3%   315 6823s
  9625  6921  215.17015  321  739  273.23165  215.17015  21.2%   315 6826s
  9626  6921  215.17818  379  731  273.23165  215.17818  21.2%   315 6831s
  9629  6923  215.18129  638  734  273.23165  215.18129  21.2%   315 6838s
  9630  6924  215.18129  298  740  273.23165  215.18129  21.2%   315 6842s
  9631  6925  215.18273   32  659  273.23165  215.18273  21.2%   315 6847s
  9632  6925  215.18273  399  730  273.23165  215.18273  21.2%   315 6851s
  9633  6926  220.48013  414  732  273.23165  215.18301  21.2%   315 6858s
  9634  6927  215.18301  326  731  273.23165  215.18301  21.2%   315 6861s
  9635  6927  215.18301  342  734  273.23165  215.18301  21.2%   315 6866s
  9636  6928  215.18301  239  732  273.23165  215.18301  21.2%   315 6870s
  9640  6932  215.18304  770  137  273.23165  215.18304  21.2%   319 6886s
  9642  6933  215.18304  508  201  273.23165  215.18304  21.2%   318 6894s
  9643  6934  215.18304  779  466  273.23165  215.18304  21.2%   318 6909s
  9644  6935  215.18304  875  670  273.23165  215.18304  21.2%   318 6917s
  9645  6935  215.18304  536  699  273.23165  215.18304  21.2%   318 6921s
  9648  6937  215.18304  751  672  273.23165  215.18304  21.2%   318 6925s
  9655  6942  215.18304  289  712  273.23165  215.18304  21.2%   318 6934s
  9656  6943  215.18304  544  655  273.23165  215.18304  21.2%   318 6941s
  9658  6944  215.19395 1155  656  273.23165  215.19395  21.2%   318 6951s
  9659  6945  215.19416 1051  658  273.23165  215.19416  21.2%   318 6955s
  9660  6945  215.19643  148  655  273.23165  215.19643  21.2%   318 6961s
  9662  6947  215.20038  996  661  273.23165  215.20038  21.2%   318 6965s
  9663  6947  215.20166 1095  666  273.23165  215.20166  21.2%   318 6971s
  9665  6949  215.20251  503  659  273.23165  215.20251  21.2%   318 6978s
  9666  6949  215.20286  471  660  273.23165  215.20286  21.2%   318 6981s
  9667  6950  215.20314 1124  663  273.23165  215.20314  21.2%   318 6987s
  9668  6951  215.20343  599  664  273.23165  215.20343  21.2%   318 6990s
  9672  6955  215.20417   49  137  273.23165  215.20417  21.2%   321 7006s
  9674  6956  215.20417  679  288  273.23165  215.20417  21.2%   321 7014s
  9675  6957  215.20417  467  440  273.23165  215.20417  21.2%   321 7034s
  9676  6958  215.20417  670  649  273.23165  215.20417  21.2%   321 7049s
  9677  6958  215.20417  985  600  273.23165  215.20417  21.2%   321 7059s
  9678  6959  215.20417  174  690  273.23165  215.20417  21.2%   321 7060s
  9683  6962  215.20417  150  695  273.23165  215.20417  21.2%   320 7068s
  9684  6963  215.21006  576  675  273.23165  215.21006  21.2%   320 7078s
  9685  6964  215.21006  704  674  273.23165  215.21006  21.2%   320 7082s
  9686  6964  215.21096  645  668  273.23165  215.21096  21.2%   320 7089s
  9687  6965  215.21110  792  676  273.23165  215.21110  21.2%   320 7092s
  9688  6966  263.25947  801  677  273.23165  215.21236  21.2%   320 7098s
  9689  6966  215.21259  226  678  273.23165  215.21259  21.2%   320 7101s
  9690  6967  215.21268  663  680  273.23165  215.21268  21.2%   320 7105s
  9692  6968  215.21288  527  678  273.23165  215.21288  21.2%   320 7114s
  9693  6969  215.21290 1090  682  273.23165  215.21290  21.2%   320 7118s
  9694  6970  215.21290 1090  678  273.23165  215.21290  21.2%   320 7122s
  9696  6971  215.26341  653  676  273.23165  215.26341  21.2%   320 7127s
  9697  6975  215.61494  333  695  273.23165  215.61494  21.1%   219 7131s
  9703  6981  220.00308  335  637  273.23165  215.95753  21.0%   219 7140s
  9719  6983  221.97425  337  546  273.23165  216.71445  20.7%   222 7145s
  9727  6981     cutoff  337       273.23165  216.71445  20.7%   224 7151s
  9735  6982  222.12846  338  538  273.23165  216.81106  20.6%   225 7157s
  9743  6982     cutoff  338       273.23165  217.07366  20.6%   228 7160s
  9766  6975  222.80267  340  527  273.23165  217.07366  20.6%   232 7171s
  9774  6973     cutoff  340       273.23165  217.07366  20.6%   234 7175s
  9785  6980  225.66037  341  450  273.23165  217.07366  20.6%   236 7180s
  9801  6976     cutoff  342       273.23165  217.07366  20.6%   237 7189s
  9810  6985  230.29419  343  455  273.23165  217.07366  20.6%   238 7192s
  9855  6984  233.81433  346  226  273.23165  217.07366  20.6%   241 7200s

Cutting planes:
  Gomory: 1
  Implied bound: 2
  Projected implied bound: 16
  Clique: 1
  MIR: 34
  Flow cover: 116
  Zero half: 95
  Mod-K: 1
  RLT: 10
  Relax-and-lift: 555

Explored 9865 nodes (3481192 simplex iterations) in 7200.46 seconds (8543.44 work units)
Thread count was 16 (of 16 available processors)

Solution count 10: 273.232 273.232 273.232 ... 277.905

Time limit reached
Best objective 2.732316538824e+02, best bound 2.170736609197e+02, gap 20.5533%

User-callback calls 753377, time in user-callback 5.62 sec
