
Gurobi 10.0.3 (win64) logging started Sat Sep 20 18:20:19 2025

Set parameter LogFile to value "log_group_6/bound_Expr28_s7_l1051_s11_e12_o30_d60_t7200_s28_0_0_0_0.log"
Gurobi Optimizer version 10.0.3 build v10.0.3rc0 (win64)

CPU model: 11th Gen Intel(R) Core(TM) i7-11700 @ 2.50GHz, instruction set [SSE2|AVX|AVX2|AVX512]
Thread count: 8 physical cores, 16 logical processors, using up to 16 threads

Optimize a model with 484163 rows, 483440 columns and 3867396 nonzeros
Model fingerprint: 0xd5d00c41
Variable types: 440 continuous, 483000 integer (483000 binary)
Coefficient statistics:
  Matrix range     [1e+00, 8e+02]
  Objective range  [1e+00, 1e+00]
  Bounds range     [1e+00, 1e+03]
  RHS range        [1e+00, 8e+02]
Presolve removed 471190 rows and 471160 columns
Presolve time: 1.71s
Presolved: 12973 rows, 12280 columns, 84098 nonzeros
Variable types: 380 continuous, 11900 integer (11900 binary)
Found heuristic solution: objective 797.0009667

Root relaxation: objective 0.000000e+00, 2711 iterations, 0.12 seconds (0.25 work units)

    Nodes    |    Current Node    |     Objective Bounds      |     Work
 Expl Unexpl |  Obj  Depth IntInf | Incumbent    BestBd   Gap | It/Node Time

     0     0    0.00000    0   61  797.00097    0.00000   100%     -    2s
H    0     0                     661.0029667    0.00000   100%     -    2s
     0     0    0.00000    0   73  661.00297    0.00000   100%     -    2s
H    0     0                     341.0611667    0.00000   100%     -    3s
H    0     0                     302.9311667    0.00000   100%     -    3s
     0     0    0.00000    0   73  302.93117    0.00000   100%     -    3s
H    0     0                     216.8923667    0.00000   100%     -    3s
     0     0    0.00000    0   61  216.89237    0.00000   100%     -    3s
H    0     0                     207.6682000    0.00000   100%     -    3s
     0     0    0.00000    0   61  207.66820    0.00000   100%     -    3s
H    0     0                     195.7423000    0.00000   100%     -    4s
H    0     0                     189.9462000    0.00000   100%     -    4s
     0     0    0.00000    0   61  189.94620    0.00000   100%     -    4s
H    0     0                     179.8616000    0.00000   100%     -    4s
     0     0    0.00000    0   60  179.86160    0.00000   100%     -    4s
H    0     0                     177.1068000    0.00000   100%     -    4s
     0     0    0.00000    0   61  177.10680    0.00000   100%     -    5s
     0     0    0.00000    0   61  177.10680    0.00000   100%     -    5s
H    0     0                     172.5643000    0.00000   100%     -    5s
     0     2    0.00000    0   61  172.56430    0.00000   100%     -    6s
H   26    16                     170.1797000    0.00000   100%   414    7s
H   40    20                     170.1575000    0.00000   100%   523    8s
H   60    33                     170.1575000    0.00000   100%   429    9s
    81    47    0.00000   14   82  170.15750    0.00000   100%   353   10s
H  105    57                     170.1353000    0.00000   100%   288   10s
   528   350    0.00000   85   73  170.13530    0.00000   100%  94.2   15s
  1765  1409    0.00000  205   79  170.13530    0.00000   100%  41.2   20s
H 1827  1409                     170.1263000    0.00000   100%  40.9   20s
  2719  2266    0.00000  264   81  170.12630    0.00000   100%  34.9   25s
  4110  3532    0.00000  321   84  170.12630    0.00000   100%  29.6   30s
H 4678  4167                     170.1262999    0.00000   100%  28.6   31s
H 4773  4167                     170.1262162    0.00000   100%  28.2   31s
H 5348  4371                     170.1259168    0.00000   100%  26.6   33s
H 5369  4371                     170.1259166    0.00000   100%  26.6   33s
  5567  5139    0.00000  378   86  170.12592    0.00000   100%  26.1   35s
  8087  6670   64.86487  420   61  170.12592    0.00000   100%  22.4  109s
  8089  6671  140.56253   76   60  170.12592    0.00000   100%  22.4  119s
  8090  6672   64.86487  152   61  170.12592    0.00000   100%  22.4  134s
  8091  6673   48.82107  491   61  170.12592    0.00000   100%  22.4  137s
  8092  6673  111.13183  932   60  170.12592    0.00000   100%  22.4  147s
  8093  6674  128.45610  322   60  170.12592    0.00000   100%  22.4  155s
  8094  6675   64.86487  340   60  170.12592    0.00000   100%  22.4  163s
  8095  6675   48.82107  146   60  170.12592    0.00000   100%  22.4  165s
  8096  6676    7.70350  699   60  170.12592    0.00000   100%  22.4  170s
  8098  6677  141.55383  502   60  170.12592    0.00000   100%  22.4  175s
  8100  6679  111.13183  879   60  170.12592    0.00000   100%  22.4  192s
  8101  6682    0.00000   14   60  170.12592    0.00000   100%  23.6  204s
  8103  6682    0.00000   15   60  170.12592    0.00000   100%  23.7  215s
  8111  6683    0.00000   17   60  170.12592    0.00000   100%  23.8  221s
  8133  6693   79.93710   19   58  170.12592    0.00000   100%  25.4  236s
  8141  6700    0.00000   20   60  170.12592    0.00000   100%  25.3  246s
  8156  6708   54.79573   20   58  170.12592    0.00000   100%  25.4  253s
  8172  6709    4.62897   21   58  170.12592    0.00000   100%  25.4  255s
  8180  6722    0.00000   22   60  170.12592    0.00000   100%  25.4  267s
  8200  6733    0.00000   23   60  170.12592    0.00000   100%  25.9  276s
  8224  6745  107.97780   24   58  170.12592    0.00000   100%  25.8  282s
  8283  6755    0.00000   28   60  170.12592    0.00000   100%  25.7  285s
  8370  6827    0.00000   34   60  170.12592    0.00000   100%  25.5  290s
  8430  6837    0.00000   38   60  170.12592    0.00000   100%  25.3  299s
  8458  6876    0.00000   41   60  170.12592    0.00000   100%  25.3  300s
  8638  6971    4.70247   55   58  170.12592    0.00000   100%  24.8  305s
  8802  7035   51.09807   72   58  170.12592    0.00000   100%  24.4  310s
  8845  7077   53.36890   76   58  170.12592    0.00000   100%  24.3  318s
  8916  7086   53.36383   82   58  170.12592    0.00000   100%  24.1  328s
  8952  7172    0.00000   87   60  170.12592    0.00000   100%  24.1  331s
  9065  7170    0.00000   98   60  170.12592    0.00000   100%  23.8  347s
  9121  7178   53.15950  101   58  170.12592    0.00000   100%  23.7  356s
  9155  7203    0.00000  105   60  170.12592    0.00000   100%  23.6  366s
  9211  7236    0.00000  110   60  170.12592    0.00000   100%  23.9  377s
  9264  7302    5.01467  115   58  170.12592    0.00000   100%  24.0  380s
  9517  7339    0.00000  147   61  170.12592    0.00000   100%  23.5  387s
  9580  7367    0.00000  161   61  170.12592    0.00000   100%  23.3  390s
  9697  7339   53.36890  171   59  170.12592    0.00000   100%  23.1  398s
  9716  7414   53.36890  174   59  170.12592    0.00000   100%  23.1  402s
  9868  7485    0.00000  195   61  170.12592    0.00000   100%  22.8  406s
  9998  7598   59.44387  211   59  170.12592    0.00000   100%  22.6  411s
 10210  7655   60.74437  234   59  170.12592    0.00000   100%  22.2  416s
 10414  7617    0.00000  261   61  170.12592    0.00000   100%  21.8  424s
 10458  7652   89.57560  270   58  170.12592    0.00000   100%  21.8  428s
 10588  7645    0.00000  278   61  170.12592    0.00000   100%  21.7  432s
 10676  7749   89.57560  283   59  170.12592    0.00000   100%  21.6  437s
 10842  7860   89.57560  297   59  170.12592    0.00000   100%  21.3  442s
 11040  7834    0.00000  316   61  170.12592    0.00000   100%  21.0  448s
 11094  7918  101.11167  323   58  170.12592    0.00000   100%  21.0  453s
 11299  7965   53.36890  352   58  170.12592    0.00000   100%  20.7  459s
 11513  7964   50.45607  382   58  170.12592    0.00000   100%  20.4  466s
 11590  8233   50.45607  391   58  170.12592    0.00000   100%  20.3  472s
 11959  8113   50.45607  408   58  170.12592    0.00000   100%  19.7  490s
 11967  8148    0.00000  409   60  170.12592    0.00000   100%  19.7  502s
 12009  8201   50.53423  415   58  170.12592    0.00000   100%  19.7  509s
 12095  8401   50.53423  424   58  170.12592    0.00000   100%  19.6  515s
 12358  8640    0.00000  437   60  170.12592    0.00000   100%  19.3  522s
 12734  8598   50.53423  457   58  170.12592    0.00000   100%  18.8  531s
 12834  8807   50.98490  468   58  170.12592    0.00000   100%  18.7  538s
 13182  8740   50.98490  489   58  170.12592    0.00000   100%  18.2  544s
 13327  8745   51.09807  501   58  170.12592    0.00000   100%  18.1  552s
 13411  9120   51.09807  513   58  170.12592    0.00000   100%  18.0  559s
 13885  9237   51.09807  539   58  170.12592    0.00000   100%  17.4  566s
 14218  9232   52.08593  567   58  170.12592    0.00000   100%  17.1  575s
H14297  8871                     170.1184511    0.00000   100%  17.0  575s
 14340  9213   52.08593  582   58  170.11845    0.00000   100%  17.0  582s
 14756  9413   53.30477  611   58  170.11845    0.00000   100%  16.6  589s
 15154  9487    0.00000  632   60  170.11845    0.00000   100%  16.2  597s
 15362 10134   70.00717  648   58  170.11845    0.00000   100%  16.0  697s
 16238  9848   71.09967  708   58  170.11845    0.00000   100%  15.3  716s
 16246  9946    0.00000  709   60  170.11845    0.00000   100%  15.3  720s
 16349 10049   50.68377  726   58  170.11845    0.00000   100%  15.2  727s
 16492 10311    7.63860  739   58  170.11845    0.00000   100%  15.1  737s
 16836 10401    0.00000  799   60  170.11845    0.00000   100%  14.9  745s
 17049 10947   53.26090  838   58  170.11845    0.00000   100%  14.8  757s
 17724 11078    0.00000  940   60  170.11845    0.00000   100%  14.4  764s
 18189 11285   97.77733  969   58  170.11845    0.00000   100%  14.1  775s
 18563 11540    0.00000  992   60  170.11845    0.00000   100%  14.0  785s
 19051 11745    0.00000 1042   60  170.11845    0.00000   100%  14.1  792s
 19452 12374    0.00000 1049   60  170.11845    0.00000   100%  14.2  800s
 20243 12991    0.00000 1052   60  170.11845    0.00000   100%  13.8  808s
 21242 12792    0.00000 1074   60  170.11845    0.00000   100%  14.1  821s
 21380 13938    0.00000 1075   60  170.11845    0.00000   100%  14.0  828s
 22632 14324    0.00000 1095   60  170.11845    0.00000   100%  14.3  842s
 23560 14021    0.00000 1122   60  170.11845    0.00000   100%  14.9  860s
 23568 14202  127.34243 1122   58  170.11845    0.00000   100%  15.0  869s
 23795 14690   40.83827 1134   58  170.11845    0.00000   100%  15.1  881s
 24456 14735   53.32007 1204   58  170.11845    0.00000   100%  14.7  890s
 24853 15370   50.67223 1263   58  170.11845    0.00000   100%  14.6  903s
 25784 16277    0.00000 1341   60  170.11845    0.00000   100%  14.1  917s
 27276 16431    0.00000 1413   60  170.11845    0.00000   100%  13.6  926s
 27907 16703    0.00000 1426   60  170.11845    0.00000   100%  13.4  937s
 28340 17611    0.00000 1443   60  170.11845    0.00000   100%  13.8  952s
 29359 17849   32.66053 1531   58  170.11845    0.00000   100%  13.8  963s
 29625 19213   34.47913 1558   58  170.11845    0.00000   100%  13.7  978s
 31130 19888   50.01000 1700   58  170.11845    0.00000   100%  13.2 1191s
 31935 20301    0.00000 1785   60  170.11845    0.00000   100%  13.0 1208s
 32500 25896  107.97780 1818   58  170.11845    0.00000   100%  12.9 1244s
 38311 29863    0.00000 1987   60  170.11845    0.00000   100%  11.6 1258s
 42301 29995    0.00000 1998   60  170.11845    0.00000   100%  10.9 1261s
 42437 31438    0.00000 2000   60  170.11845    0.00000   100%  10.9 1269s
 43901 31904    0.00000 2009   60  170.11845    0.00000   100%  10.8 1273s
 44406 32501    0.00000 2015   60  170.11845    0.00000   100%  10.9 1278s
 45051 32505    0.00000 2033   60  170.11845    0.00000   100%  11.0 1293s
 45059 32584  127.25063 2033   58  170.11845    0.00000   100%  11.0 1296s
 45222 34321    0.00000 2041   60  170.11845    0.00000   100%  11.1 1308s
 46954 36680   50.34723 2096   58  170.11845    0.00000   100%  10.8 1415s
 49443 37832   54.39077 2220   58  170.11845    0.00000   100%  10.6 1425s
 50636 38203   71.57720 2247   58  170.11845    0.00000   100%  10.4 1433s
 51085 38466    0.00000 2303   60  170.11845    0.00000   100%  10.4 1438s
 51377 39120    0.00000 2311   60  170.11845    0.00000   100%  10.4 1448s
 52170 40505    0.00000 2379   60  170.11845    0.00000   100%  10.3 1459s
 53373 40505     cutoff 6702       170.11845    0.00000   100%  10.3 1460s
 53724 41947  108.75440 2404   58  170.11845    0.00000   100%  10.3 1471s
 55262 42088   70.32203 2430   58  170.11845    0.00000   100%  10.2 1478s
 55433 43616   70.32203 2441   58  170.11845    0.00000   100%  10.2 1488s
 57042 44119    0.00000 2465   60  170.11845    0.00000   100%  10.0 1494s
 57582 45262    0.00000 2481   60  170.11845    0.00000   100%  10.0 1502s
 58784 46176    0.00000 2494   60  170.11845    0.00000   100%   9.8 1509s
 59751 48316    0.00000 2507   60  170.11845    0.00000   100%   9.7 1521s
 61993 50555    0.00000 2539   60  170.11845    0.00000   100%   9.5 1647s
 64481 51292    0.00000 2579   60  170.11845    0.00000   100%   9.5 1656s
 65356 51357    0.00000 2606   60  170.11845    0.00000   100%   9.5 1670s
 65428 52746  108.75440 2606   58  170.11845    0.00000   100%   9.5 1680s
 66933 52923    0.00000 2631   60  170.11845    0.00000   100%   9.4 1686s
 67148 53835  101.01477 2636   58  170.11845    0.00000   100%   9.4 1695s
 68179 54015    0.00000 2657   60  170.11845    0.00000   100%   9.4 1701s
 68427 54956    0.00000 2664   60  170.11845    0.00000   100%   9.5 1711s
 69622 57435   55.63527 2699   58  170.11845    0.00000   100%   9.5 1723s
 72217 57939   31.73493 2750   58  170.11845    0.00000   100%   9.3 1730s
 72814 58672    0.00000 2768   60  170.11845    0.00000   100%   9.3 1736s
 73617 59177    0.00000 2790   60  170.11845    0.00000   100%   9.3 1743s
 74238 62276   43.70580 2827   58  170.11845    0.00000   100%   9.4 1758s
 77489 67846   87.39380 2865   58  170.11845    0.00000   100%   9.1 1890s
 83834 71365    0.00000 2939   60  170.11845    0.00000   100%   8.6 1901s
 86763 72432  143.35227 2942   58  170.11845    0.00000   100%   8.4 1905s
 87977 73796  143.35227 2945   58  170.11845    0.00000   100%   8.4 1911s
 89760 75305    0.00000 2949   60  170.11845    0.00000   100%   8.3 1919s
 90778 76324    0.00000 2954   60  170.11845    0.00000   100%   8.2 1922s
 92065 79395    0.00000 2959   60  170.11845    0.00000   100%   8.2 2057s
 95175 79489    0.00000 2977   60  170.11845    0.00000   100%   8.2 2060s
 95325 79652    0.00000 2981   60  170.11845    0.00000   100%   8.3 2083s
 95588 79732    0.00000 2988   60  170.11845    0.00000   100%   8.4 2087s
 95679 79738  144.41367 2989   58  170.11845    0.00000   100%   8.5 2103s
 95695 79911    0.00000 2990   60  170.11845    0.00000   100%   8.5 2107s
 95894 81519  144.41367 2997   58  170.11845    0.00000   100%   8.5 2121s
 97831 81527    0.00000 3010   60  170.11845    0.00000   100%   8.6 2141s
 97870 81662    4.58057 3011   58  170.11845    0.00000   100%   8.6 2147s
 98026 82802    4.91607 3020   58  170.11845    0.00000   100%   8.6 2156s
 99337 84235    0.00000 3058   60  170.11845    0.00000   100%   8.5 2168s
 100940 84316    0.00000 3088   60  170.11845    0.00000   100%   8.5 2171s
 101054 86360    0.00000 3094   60  170.11845    0.00000   100%   8.5 2184s
 103294 87614    0.00000 3129   60  170.11845    0.00000   100%   8.4 2193s
 104662 89330    0.00000 3149   60  170.11845    0.00000   100%   8.4 2204s
 106467 90251    0.00000 3160   60  170.11845    0.00000   100%   8.3 2211s
 107427 92243    0.00000 3162   60  170.11845    0.00000   100%   8.3 2339s
 108630 92243  107.89825 4885   46  170.11845    0.00000   100%   8.3 2340s
 109939 92309    0.00000 3205   60  170.11845    0.00000   100%   8.6 2348s
 110050 94260    0.00000 3206   60  170.11845    0.00000   100%   8.7 2361s
 112358 94747    0.00000 3214   60  170.11845    0.00000   100%   8.8 2367s
 113054 95285    0.00000 3218   60  170.11845    0.00000   100%   8.9 2371s
 113713 96526    0.00000 3221   60  170.11845    0.00000   100%   8.9 2379s
 115172 96839    0.00000 3227   60  170.11845    0.00000   100%   8.9 2384s
 115679 97036    0.00000 3234   60  170.11845    0.00000   100%   9.0 2388s
 115984 98602    0.00000 3236   60  170.11845    0.00000   100%   9.0 2397s
 117693 98991  155.10640 3240   58  170.11845    0.00000   100%   9.0 2402s
 118167 99903    0.00000 3243   60  170.11845    0.00000   100%   9.0 2409s
 119133 101083    0.00000 3246   60  170.11845    0.00000   100%   9.1 2418s
 120451 101366    0.00000 3251   60  170.11845    0.00000   100%   9.1 2421s
 120782 101892    0.00000 3253   60  170.11845    0.00000   100%   9.1 2427s
 121460 102335    0.00000 3256   60  170.11845    0.00000   100%   9.2 2432s
 122025 106091    0.00000 3260   60  170.11845    0.00000   100%   9.4 2560s
 126347 106162    0.00000 3280   60  170.11845    0.00000   100%   9.6 2565s
 126356 107215  156.34510 3280   58  170.11845    0.00000   100%   9.6 2570s
 127511 108279    0.00000 3284   60  170.11845    0.00000   100%   9.6 2576s
 128674 108986    0.00000 3288   60  170.11845    0.00000   100%   9.6 2582s
 129477 109392    0.00000 3292   60  170.11845    0.00000   100%   9.6 2585s
 129926 110307    0.00000 3297   60  170.11845    0.00000   100%   9.6 2590s
 131090 111102    0.00000 3305   60  170.11845    0.00000   100%   9.7 2598s
 131811 111502    0.00000 3309   60  170.11845    0.00000   100%   9.7 2602s
 132248 112031    0.00000 3318   60  170.11845    0.00000   100%   9.7 2606s
 133315 113814    0.00000 3341   60  170.11845    0.00000   100%   9.8 2616s
 134688 115264   43.70460 3358   58  170.11845    0.00000   100%   9.7 2622s
 136209 115902    0.00000 3374   60  170.11845    0.00000   100%   9.7 2627s
 136894 120687   87.18620 3388   58  170.11845    0.00000   100%   9.7 2731s
 141769 121547   99.44497 3435   58  170.11845    0.00000   100%   9.4 2736s
 142632 123498    0.00000 3444   60  170.11845    0.00000   100%   9.4 2741s
 144956 125453    0.00000 3460   60  170.11845    0.00000   100%   9.3 2748s
 146625 125526    0.00000 3467   60  170.11845    0.00000   100%   9.2 2750s
 147364 126210    0.00000 3468   60  170.11845    0.00000   100%   9.2 2760s
 147687 126432  143.15307 3471   58  170.11845    0.00000   100%   9.3 2766s
 148335 127323    0.00000 3475   60  170.11845    0.00000   100%   9.3 2771s
 148738 127713  143.15307 3478   58  170.11845    0.00000   100%   9.4 2775s
 149366 128229    0.00000 3484   60  170.11845    0.00000   100%   9.5 2780s
 150047 129295    0.00000 3490   60  170.11845    0.00000   100%   9.5 2786s
 150867 129930    0.00000 3492   60  170.11845    0.00000   100%   9.5 2791s
 151542 133576    0.00000 3495   60  170.11845    0.00000   100%   9.6 2903s
 155479 133609    0.00000 3515   60  170.11845    0.00000   100%   9.7 2905s
 155538 134657    0.00000 3517   60  170.11845    0.00000   100%   9.7 2912s
 156642 135312    0.00000 3521   60  170.11845    0.00000   100%   9.7 2917s
 157367 135593  144.21447 3524   58  170.11845    0.00000   100%   9.8 2921s
 157687 136355    0.00000 3526   60  170.11845    0.00000   100%   9.8 2927s
 158531 136870    0.00000 3530   60  170.11845    0.00000   100%   9.8 2931s
 159333 138265    0.00000 3536   60  170.11845    0.00000   100%   9.8 2942s
 160656 138552    0.00000 3540   60  170.11845    0.00000   100%   9.8 2945s
 161007 139943    0.00000 3542   60  170.11845    0.00000   100%   9.9 2951s
 162421 141562    0.00000 3546   60  170.11845    0.00000   100%   9.9 2957s
 164082 142323    0.00000 3550   60  170.11845    0.00000   100%   9.8 2962s
 164940 143899  144.21447 3554   59  170.11845    0.00000   100%   9.8 2968s
 166460 145923    0.00000 3556   60  170.11845    0.00000   100%   9.8 3088s
 168589 146113  144.21447 3578   58  170.11845    0.00000   100%   9.8 3092s
 168795 147408  143.15307 3581   58  170.11845    0.00000   100%   9.9 3100s
 170202 147413    0.00000 3596   60  170.11845    0.00000   100%   9.9 3126s
 170228 147485   34.47913 3597   58  170.11845    0.00000   100%   9.9 3131s
 170393 148995   34.47913 3606   58  170.11845    0.00000   100%  10.0 3143s
 171916 150525   48.01920 3635   58  170.11845    0.00000   100%  10.0 3154s
 173522 151188    0.00000 3661   60  170.11845    0.00000   100%  10.0 3160s
 174203 152134    0.00000 3674   60  170.11845    0.00000   100%  10.0 3168s
 175281 153619   69.16883 3701   58  170.11845    0.00000   100%  10.1 3176s
 176804 154076   69.16883 3724   58  170.11845    0.00000   100%  10.1 3181s
 177447 155505    0.00000 3745   60  170.11845    0.00000   100%  10.2 3190s
 178960 155891    0.00000 3761   60  170.11845    0.00000   100%  10.2 3195s
 179856 157110  106.14630 3779   58  170.11845    0.00000   100%  10.3 3205s
 180885 159820    0.00000 3790   60  170.11845    0.00000   100%  10.3 3318s
 183837 160593   56.98407 3830   58  170.11845    0.00000   100%  10.4 3324s
 184624 161047   69.16883 3844   58  170.11845    0.00000   100%  10.5 3329s
 185116 161533    0.00000 3852   60  170.11845    0.00000   100%  10.5 3334s
 185640 162858    0.00000 3866   60  170.11845    0.00000   100%  10.6 3343s
 187065 163290    5.40217 3886   58  170.11845    0.02019   100%  10.6 3348s
 187587 163367    0.03283 3900   60  170.11845    0.03283   100%  10.7 3351s
 187664 163858    5.40217 3904   58  170.11845    0.03283   100%  10.8 3356s
 188274 165137    0.39672 3919   60  170.11845    0.39672   100%  10.8 3364s
 189637 166780    5.40217 3937   58  170.11845    3.60907  97.9%  10.9 3375s
 191403 167444    5.40217 3965   58  170.11845    3.60907  97.9%  10.9 3381s
 192111 169019    5.40217 3979   58  170.11845    3.60907  97.9%  11.0 3391s
 193759 170795  104.77993 4005   56  170.11845    3.60907  97.9%  11.0 3402s
 195692 174421    5.40217 4021   58  170.11845    3.60907  97.9%  11.0 3524s
 198419 174421  112.21291  738   52  170.11845    3.60907  97.9%  11.1 3525s
 199818 175480    5.40217 4051   58  170.11845    3.60907  97.9%  11.2 3538s
 200897 175975  156.03984 4058   86  170.11845    3.60907  97.9%  11.2 3545s
 201482 176566    5.40217 4064   58  170.11845    3.60907  97.9%  11.3 3552s
 202227 176796    5.40217 4071   58  170.11845    3.60907  97.9%  11.4 3561s
 202512 177345    5.40217 4076   58  170.11845    3.60907  97.9%  11.5 3569s
 203109 178259    5.40217 4084   58  170.11845    3.60907  97.9%  11.5 3580s
 204073 178346    5.40217 4092   58  170.11845    3.60907  97.9%  11.6 3589s
 204202 179129    5.40217 4097   58  170.11845    3.60907  97.9%  11.7 3599s
 205081 179902    5.40217 4115   58  170.11845    3.60907  97.9%  11.8 3607s
 205936 180139    5.40217 4136   58  170.11845    3.60907  97.9%  11.9 3611s
 206222 181636    5.40217 4154   58  170.11845    3.60907  97.9%  12.0 3623s
 207791 183451    5.40217 4197   58  170.11845    3.60907  97.9%  12.1 3636s
 209645 183997    5.40217 4247   58  170.11845    3.60907  97.9%  12.1 3645s
 210215 185443    5.40217 4275   58  170.11845    3.60907  97.9%  12.2 3765s
 211669 189141    5.40217 4314   58  170.11845    3.60907  97.9%  12.2 3782s
 215510 190560    5.40217 4334   58  170.11845    3.60907  97.9%  12.2 3791s
 216965 191507    5.40217 4341   58  170.11845    3.60907  97.9%  12.2 3800s
 217942 194158    5.40217 4351   58  170.11845    3.60907  97.9%  12.2 3813s
 220646 194897    5.40217 4365   58  170.11845    3.60907  97.9%  12.1 3820s
 221906 195971    5.40217 4392   58  170.11845    3.60907  97.9%  12.1 3829s
 222557 196802   56.20510 4427   56  170.11845    3.60907  97.9%  12.2 3835s
 223597 198320   59.49143 4473   56  170.11845    3.60907  97.9%  12.2 3847s
 225054 201305   77.27517 4508   56  170.11845    3.60907  97.9%  12.3 3960s
 228232 202386    5.40217 4575   58  170.11845    3.60907  97.9%  12.5 3969s
 228546 202386  161.73337 2649   54  170.11845    3.60907  97.9%  12.6 3970s
 229403 203072    5.40217 4600   58  170.11845    3.60907  97.9%  12.6 3976s
 230131 204859    5.40217 4612   58  170.11845    3.60907  97.9%  12.7 3988s
 232000 206192   49.83213 4635   56  170.11845    3.60907  97.9%  12.7 3999s
 233386 208997   58.88220 4678   56  170.11845    3.60907  97.9%  12.7 4012s
 236240 209084    5.40217 4714   58  170.11845    3.60907  97.9%  12.7 4015s
 236355 212073    5.40217 4721   58  170.11845    3.60907  97.9%  12.7 4028s
 239358 213187    5.40217 4742   58  170.11845    3.60907  97.9%  12.6 4037s
 240517 216576  126.84270 4755   56  170.11845    3.60907  97.9%  12.6 4159s
 244196 216640     cutoff 4779       170.11845    3.60907  97.9%  12.8 4162s
 244292 218049    5.40217 4783   58  170.11845    3.60907  97.9%  12.8 4174s
 245820 218633    5.40217 4788   58  170.11845    3.60907  97.9%  12.9 4180s
 246543 220510     cutoff 4792       170.11845    3.60907  97.9%  13.0 4191s
 248553 221889    5.40217 4798   58  170.11845    3.60907  97.9%  13.1 4201s
 250279 223394    5.40217 4807   58  170.11845    3.60907  97.9%  13.2 4213s
 251648 224552    5.40217 4812   58  170.11845    3.60907  97.9%  13.2 4222s
 252896 225785    5.40217 4818   58  170.11845    3.60907  97.9%  13.3 4232s
 254178 226764    5.40217 4824   58  170.11845    3.60907  97.9%  13.4 4241s
 255294 228104    5.40217 4829   58  170.11845    3.60907  97.9%  13.4 4358s
 257110 229946    5.40217 4845   58  170.11845    3.60907  97.9%  13.5 4372s
 259342 232209    5.40217 4869   58  170.11845    3.60907  97.9%  13.6 4386s
 261793 232628    5.41356 4904   67  170.11845    3.60907  97.9%  13.6 4391s
 262256 235237    5.42005 4910   62  170.11845    3.60907  97.9%  13.6 4406s
 264990 236344    5.43319 4926   59  170.11845    3.60907  97.9%  13.6 4415s
 266201 236615    5.43354 4933   59  170.11845    3.60907  97.9%  13.6 4420s
 266561 237237  115.74753 4946   56  170.11845    3.60907  97.9%  13.7 4428s
 267266 237388   10.12869 4966   66  170.11845    3.60907  97.9%  13.7 4432s
 267453 238084   37.15983 4973   56  170.11845    3.60907  97.9%  13.7 4440s
 268292 238749    5.62385 4983   62  170.11845    3.60907  97.9%  13.7 4448s
 269057 239591    5.63285 4995   61  170.11845    3.60907  97.9%  13.8 4457s
 269973 241340    5.63285 5006   61  170.11845    3.60907  97.9%  13.9 4574s
 271915 244660   10.54891 5035   59  170.11845    3.60907  97.9%  14.0 4587s
 275323 245861    5.80099 5072   60  170.11845    3.60907  97.9%  13.9 4596s
 276620 247192   59.21265 5088   57  170.11845    3.60907  97.9%  13.9 4608s
 277907 248697   12.51389 5097   57  170.11845    3.60907  97.9%  13.9 4618s
 279445 250023   12.51389 5128   57  170.11845    3.60907  97.9%  13.9 4626s
 280793 252303   91.83986 5151   54  170.11845    3.60907  97.9%  13.9 4637s
 283128 253192   12.51389 5179   57  170.11845    3.60907  97.9%  13.9 4644s
 284071 253372   12.51389 5207   57  170.11845    3.60907  97.9%  13.9 4647s
 284262 254746   84.38059 5214   54  170.11845    3.60907  97.9%  13.9 4656s
 285675 256707   12.51389 5242   57  170.11845    3.60907  97.9%  13.9 4779s
 287854 258681  122.81762 5291   54  170.11845    3.60907  97.9%  14.0 4794s
 289909 259343   12.51389 5320   57  170.11845    3.60907  97.9%  14.0 4800s
 290613 260806   51.41509 5343   54  170.11845    3.60907  97.9%  14.0 4810s
 292197 261993   12.88725 5366   56  170.11845    3.60907  97.9%  14.0 4819s
 293438 263486  112.35353 5393   54  170.11845    3.60907  97.9%  14.0 4833s
 295089 264512  155.97306 5418   67  170.11845    3.60907  97.9%  14.0 4843s
 296233 265261   17.51622 5437   56  170.11845    3.60907  97.9%  14.1 4850s
 297018 267012   17.53294 5454   56  170.11845    3.60907  97.9%  14.1 4863s
 298901 269716   17.71285 5483   56  170.11845    3.60907  97.9%  14.1 4878s
 301618 271555   17.72877 5513   66  170.11845    3.60907  97.9%  14.0 4997s
 303607 271654   18.20132 5570   56  170.11845    3.60907  97.9%  14.1 5002s
 303755 273376   34.92163 5585   52  170.11845    3.60907  97.9%  14.1 5017s
 305529 275100   24.76081 5631   55  170.11845    3.60907  97.9%  14.2 5029s
 307322 275796   25.00378 5655   61  170.11845    3.60907  97.9%  14.3 5037s
 308076 275864   34.93061 5681   52  170.11845    3.60907  97.9%  14.4 5041s
 308183 276950   34.93155 5689   52  170.11845    3.60907  97.9%  14.4 5051s
 309339 278063  106.42782 5716   56  170.11845    3.60907  97.9%  14.5 5062s
 310572 278542  110.77389 5753   48  170.11845    3.60907  97.9%  14.6 5070s
 311132 278959  110.88947 5779   48  170.11845    3.60907  97.9%  14.7 5076s
 311598 279488  119.57490 5801   44  170.11845    3.60907  97.9%  14.7 5085s
 312220 280065  114.39265 5823   46  170.11845    3.60907  97.9%  14.9 5094s
 312976 280512  119.57490 5891   44  170.11845    3.60907  97.9%  15.0 5101s
 313561 280678  127.29550 5933   42  170.11845    3.60907  97.9%  15.1 5106s
 313764 281142  132.19484 5955   40  170.11845    3.60907  97.9%  15.2 5114s
 314429 282273  132.21471 6016   40  170.11845    3.60907  97.9%  15.3 5126s
 315753 284156  132.32612 6083   40  170.11845    3.60907  97.9%  15.4 5141s
 317792 285193  150.98357 6149   36  170.11845    3.60907  97.9%  15.5 5237s
 318997 286441     cutoff 6185       170.11845    3.60907  97.9%  15.6 5252s
 320439 286577    8.52513  219   56  170.11845    3.60907  97.9%  15.8 5257s
 320653 287845    8.52513  241   56  170.11845    3.60907  97.9%  15.9 5272s
 322171 290007    8.52513  547   56  170.11845    3.60907  97.9%  16.0 5287s
 324579 290909    8.52513 1184   56  170.11845    3.60907  97.9%  16.0 5299s
 325594 291709    8.52513 1283   56  170.11845    3.60907  97.9%  16.1 5310s
 326489 292848    8.52513 1381   56  170.11845    3.60907  97.9%  16.2 5323s
 327726 293083    8.52513 1466   56  170.11845    3.60907  97.9%  16.3 5330s
 328079 293833    8.52513 1496   56  170.11845    3.60907  97.9%  16.4 5339s
 329009 294998    8.52513 1786   56  170.11845    3.60907  97.9%  16.5 5351s
 330289 298693    8.62387 2342   56  170.11845    3.60907  97.9%  16.6 5367s
 334152 300399   50.07472 3319   52  170.11845    3.60907  97.9%  16.5 5466s
 336048 300519   69.09199 3751   48  170.11845    3.60907  97.9%  16.6 5471s
 336207 302669   69.09199 3775   48  170.11845    3.60907  97.9%  16.6 5483s
 338399 303999   87.01297 4081   44  170.11845    3.60907  97.9%  16.6 5492s
 339771 305662   95.34942 4481   43  170.11845    3.60907  97.9%  16.6 5502s
 341492 308239   56.76857  163   56  170.11845    3.60907  97.9%  16.6 5513s
 344091 310434   56.86731 1164   56  170.11845    3.60907  97.9%  16.5 5523s
 346327 311714   56.86731 2140   57  170.11845    3.60907  97.9%  16.5 5532s
 347648 312408   91.42906 2811   55  170.11845    3.60907  97.9%  16.5 5538s
 348395 312472   91.45111 2985   54  170.11845    3.60907  97.9%  16.5 5540s
 348482 313266   91.45111 2996   54  170.11845    3.60907  97.9%  16.5 5547s
 349363 314120   98.65621 3359   52  170.11845    3.60907  97.9%  16.6 5640s
 350434 316010   54.70713  405   57  170.11845    3.60907  97.9%  16.7 5656s
 352512 318116 infeasible  472       170.11845    3.60907  97.9%  16.7 5670s
 354810 320675   10.71343  865   56  170.11845    3.60907  97.9%  16.7 5683s
 357544 323089   10.81217 1389   56  170.11845    3.60907  97.9%  16.6 5695s
 360030 324236   10.81217 2333   56  170.11845    3.60907  97.9%  16.6 5703s
 361227 325834   10.81217 2379   56  170.11845    3.60907  97.9%  16.6 5711s
 362885 327678   10.98902 2760   56  170.11845    3.60907  97.9%  16.5 5721s
 364784 330228   11.47826 3539   57  170.11845    3.60907  97.9%  16.5 5818s
 367600 330311   11.49783 3927   56  170.11845    3.60907  97.9%  16.5 5821s
 367713 330846   11.49783 3941   56  170.11845    3.60907  97.9%  16.5 5828s
 368319 332660   16.55848 4051   54  170.11845    3.60907  97.9%  16.6 5839s
 370328 333695   32.89510 4454   50  170.11845    3.60907  97.9%  16.6 5847s
 371579 335600   44.46850 4694   46  170.11845    3.60907  97.9%  16.6 5859s
 373819 336933   60.75346 4937   44  170.11845    3.60907  97.9%  16.5 5867s
 375348 337312  100.12586 5123   40  170.11845    3.60907  97.9%  16.5 5873s
 375958 337814  118.91261 5191   36  170.11845    3.60907  97.9%  16.5 5879s
 376643 337923  130.31363 5281   30  170.11845    3.60907  97.9%  16.5 5883s
 376853 338944  137.95223 5354   28  170.11845    3.60907  97.9%  16.5 5890s
 378072 339887  156.37468 5497   25  170.11845    3.60907  97.9%  16.5 5898s
 379177 340259  158.28737 5518   22  170.11845    3.60907  97.9%  16.5 5904s
 379664 341525  158.42556 5559   22  170.11845    3.60907  97.9%  16.6 5999s
 381513 341830   10.48000 2809   56  170.11845    3.60907  97.9%  16.6 6004s
 381918 345032   10.48000 2895   56  170.11845    3.60907  97.9%  16.7 6019s
 385285 347342   10.80150 3896   57  170.11845    3.60907  97.9%  16.6 6031s
 387657 349052   46.12722 4637   55  170.11845    3.60907  97.9%  16.6 6041s
 389405 350479   50.30303 4816   54  170.11845    3.60907  97.9%  16.5 6049s
 390891 351712   50.30303 4873   54  170.11845    3.60907  97.9%  16.5 6057s
 392223 352506   50.30303 5040   54  170.11845    3.60907  97.9%  16.5 6063s
 393053 354530   50.30303 5093   54  170.11845    3.60907  97.9%  16.5 6072s
 395153 357780   55.37718 5148   50  170.11845    3.60907  97.9%  16.5 6172s
 398549 358895   55.37718 5280   50  170.11845    3.60907  97.9%  16.4 6179s
 399717 360190   55.63496 5477   50  170.11845    3.60907  97.9%  16.4 6187s
 401131 360409     cutoff 5677       170.11845    3.60907  97.9%  16.4 6190s
 401404 361647   47.31487 1995   56  170.11845    3.60907  97.9%  16.4 6199s
 402771 363254   59.21507 2814   52  170.11845    3.60907  97.9%  16.4 6209s
 404488 364659   59.49113 3571   52  170.11845    3.60907  97.9%  16.3 6216s
 405931 367398   59.56504 3899   53  170.11845    3.60907  97.9%  16.3 6228s
 408707 368055   82.52993 4453   45  170.11845    3.60907  97.9%  16.2 6232s
 409405 370107  151.80584 4543   37  170.11845    3.60907  97.9%  16.2 6242s
 411518 374330   48.03903 2462   56  170.11845    3.60907  97.9%  16.1 6351s
 415959 375774   48.03903 3463   56  170.11845    3.60907  97.9%  16.0 6359s
 417165 375774  161.23561 7699   14  170.11845    3.60907  97.9%  16.0 6360s
 417611 376782   48.68924 4040   56  170.11845    3.60907  97.9%  16.0 6368s
 418532 378671   48.71799 4261   56  170.11845    3.60907  97.9%  16.0 6380s
 420492 380642   58.71478 4676   52  170.11845    3.60907  97.9%  15.9 6391s
 422525 381779  109.35996 4956   54  170.11845    3.60907  97.9%  15.9 6401s
 423804 382255  122.35704 5122   50  170.11845    3.60907  97.9%  15.9 6405s
 424316 383503  122.60756 5188   50  170.11845    3.60907  97.9%  15.9 6413s
 425660 384848  150.70469 5353   42  170.11845    3.60907  97.9%  15.8 6423s
 427086 390093  159.30157 5436   41  170.11845    3.60907  97.9%  15.8 6557s
 432465 390190   56.76857 1090   56  170.11845    3.60907  97.9%  15.7 6560s
 432570 391327   56.76857 1095   56  170.11845    3.60907  97.9%  15.7 6566s
 433711 393401   56.90507 1298   56  170.11845    3.60907  97.9%  15.7 6578s
 435802 394976   57.05279 1737   56  170.11845    3.60907  97.9%  15.6 6588s
 437405 395679   57.05279 2223   56  170.11845    3.60907  97.9%  15.6 6595s
 438161 396435  101.90729 2371   54  170.11845    3.60907  97.9%  15.6 6601s
 438984 396889  102.34127 2685   55  170.11845    3.60907  97.9%  15.5 6607s
 439550 397072  107.79530 2871   52  170.11845    3.60907  97.9%  15.5 6610s
 439784 397548  108.01254 2923   52  170.11845    3.60907  97.9%  15.5 6616s
 440352 398388  146.66242 3074   50  170.11845    3.60907  97.9%  15.5 6624s
 441350 398642  162.02162 3276   46  170.11845    3.60907  97.9%  15.5 6629s
 441769 400417  126.70690 2357   56  170.11845    3.60907  97.9%  15.5 6762s
 444151 401434  127.63488 2820   56  170.11845    3.60907  97.9%  15.5 6771s
 445344 403048     cutoff 3087       170.11845    3.60907  97.9%  15.5 6781s
 446985 405237  161.77574 3091   54  170.11845    3.60907  97.9%  15.4 6796s
 449326 407761   54.14330  627   56  170.11845    3.60907  97.9%  15.4 6813s
 452019 409590   54.17205 1504   56  170.11845    3.60907  97.9%  15.3 6827s
 453932 410821   59.87112 2008   54  170.11845    3.60907  97.9%  15.3 6837s
 455215 411651   64.74363 2110   52  170.11845    3.60907  97.9%  15.3 6845s
 456140 413092   64.74363 2134   52  170.11845    3.60907  97.9%  15.3 6857s
 457691 416878   64.74363 2168   52  170.11845    3.60907  97.9%  15.2 6993s
 461683 419121   65.44145 2751   52  170.11845    3.60907  97.9%  15.1 7010s
 464004 420424     cutoff 2831       170.11845    3.60907  97.9%  15.1 7020s
 465367 421128     cutoff 2832       170.11845    3.60907  97.9%  15.1 7027s
 466124 422004   57.08910 2512   56  170.11845    3.60907  97.9%  15.0 7035s
 467036 422792   57.08910 2693   56  170.11845    3.60907  97.9%  15.0 7044s
 467922 422883   57.08910 3179   56  170.11845    3.60907  97.9%  15.0 7046s
 468032 423770   57.08910 3242   56  170.11845    3.60907  97.9%  15.0 7054s
 468937 423770     cutoff 1790       170.11845    3.60907  97.9%  15.0 7055s
 469037 425464   57.38524 3464   57  170.11845    3.60907  97.9%  15.0 7067s
 470832 427515   57.44658 3990   56  170.11845    3.60907  97.9%  15.0 7081s
 472920 429689   57.55678 4523   56  170.11845    3.60907  97.9%  14.9 7200s

Cutting planes:
  Gomory: 100
  Implied bound: 123
  Projected implied bound: 212
  MIR: 10
  Flow cover: 83
  Relax-and-lift: 1750

Explored 475367 nodes (7110706 simplex iterations) in 7201.39 seconds (9744.00 work units)
Thread count was 16 (of 16 available processors)

Solution count 10: 170.118 170.126 170.126 ... 177.107

Time limit reached
Best objective 1.701184511353e+02, best bound 3.609066666664e+00, gap 97.8785%

User-callback calls 1553772, time in user-callback 7.23 sec
