
Gurobi 10.0.3 (win64) logging started Sun Sep 21 05:33:59 2025

Set parameter LogFile to value "log_group_6/bound_Expr258_s5_l1051_s11_e12_o20_d42_t1200_s13_0_1_1_0.log"
Gurobi Optimizer version 10.0.3 build v10.0.3rc0 (win64)

CPU model: 11th Gen Intel(R) Core(TM) i7-11700 @ 2.50GHz, instruction set [SSE2|AVX|AVX2|AVX512]
Thread count: 8 physical cores, 16 logical processors, using up to 16 threads

Optimize a model with 158950 rows, 155310 columns and 1931470 nonzeros
Model fingerprint: 0x82cf1c1e
Variable types: 310 continuous, 155000 integer (155000 binary)
Coefficient statistics:
  Matrix range     [1e+00, 9e+02]
  Objective range  [1e+00, 1e+00]
  Bounds range     [1e+00, 1e+03]
  RHS range        [1e+00, 9e+02]
Presolve removed 158390 rows and 154849 columns
Presolve time: 3.46s
Presolved: 560 rows, 461 columns, 6444 nonzeros
Variable types: 58 continuous, 403 integer (402 binary)
Found heuristic solution: objective 323.8593933
Found heuristic solution: objective 230.6046933

Root relaxation: objective 6.641953e+01, 219 iterations, 0.00 seconds (0.00 work units)

    Nodes    |    Current Node    |     Objective Bounds      |     Work
 Expl Unexpl |  Obj  Depth IntInf | Incumbent    BestBd   Gap | It/Node Time

     0     0   66.41953    0   16  230.60469   66.41953  71.2%     -    3s
H    0     0                     194.8618933   66.41953  65.9%     -    3s
H    0     0                     179.5970933   66.41953  63.0%     -    3s
H    0     0                     138.4312933   66.41953  52.0%     -    3s
     0     0   66.41953    0   18  138.43129   66.41953  52.0%     -    3s
H    0     0                     135.8211933   66.41953  51.1%     -    3s
     0     0   66.41953    0   18  135.82119   66.41953  51.1%     -    3s
H    0     0                     132.0653933   66.41953  49.7%     -    3s
     0     0   66.41953    0   16  132.06539   66.41953  49.7%     -    3s
     0     0   66.41953    0   16  132.06539   66.41953  49.7%     -    3s
     0     0   66.41953    0   16  132.06539   66.41953  49.7%     -    3s
     0     0   66.41953    0   16  132.06539   66.41953  49.7%     -    3s
     0     0   66.41953    0   16  132.06539   66.41953  49.7%     -    3s
H    0     0                     125.4032933   66.41953  47.0%     -    3s
H    0     0                     125.3933933   66.41953  47.0%     -    3s
     0     2   66.41953    0   16  125.39339   66.41953  47.0%     -    3s
H   70    80                     124.5247933   66.41953  46.7%   7.4    3s
H   79    88                     121.8208933   66.41953  45.5%   6.8    4s
   371   401   66.41953   49   18  121.82089   66.41953  45.5%   3.5    5s
 40943 25519     cutoff  184       121.82089  116.51549  4.36%   2.3   10s
 43164 25530  120.40809  159   12  121.82089  116.51549  4.36%   2.2   15s
H43219 24278                     121.8208932  116.51549  4.36%   2.3   16s
H43258 23078                     121.8208931  116.51549  4.36%   2.3   17s
H43262 21924                     121.8208931  116.51549  4.36%   2.3   17s
H43267 20828                     121.8208928  116.51549  4.36%   2.3   17s
H63649 27220                     121.8208924  116.51549  4.36%   2.2   19s
 76281 31071  119.75789  129    4  121.82089  116.51549  4.36%   2.2   20s
H76641 29963                     121.8208905  116.51549  4.36%   2.2   20s
H84407 32395                     121.8208896  116.51549  4.36%   2.3   20s
H89710 33071                     121.8208896  116.51549  4.36%   2.3   20s
H98911 37635                     121.8208895  116.51549  4.36%   2.3   21s
H101035 39295                     121.8208887  116.51549  4.36%   2.3   21s
 144209 63153  117.50559   97    6  121.82089  116.51549  4.36%   2.5   25s
H193796 91129                     121.8208887  116.51549  4.36%   2.6   29s
 203066 95713  119.40569  118    4  121.82089  116.51549  4.36%   2.7   30s
H203221 95713                     121.8208878  116.51549  4.36%   2.7   30s
 271668 133554  120.67839  125    4  121.82089  116.51549  4.36%   2.7   35s
 328465 165215  120.67839  140    2  121.82089  116.51549  4.36%   2.8   40s
 384432 190713 infeasible  123       121.82089  116.51549  4.36%   2.9   45s
 454046 224864  119.76348  126    2  121.82089  116.51549  4.36%   3.0   50s
H468070 231318                     121.8208877  116.51549  4.36%   3.0   51s
 506474 254946  120.67839  139    2  121.82089  116.51549  4.36%   3.1   55s
H557628 272003                     121.8208868  116.51549  4.36%   3.1   59s
H559215 273079                     121.8208859  116.51549  4.36%   3.1   59s
 569480 277654  117.61359  137    4  121.82089  116.51549  4.36%   3.1   60s
H588785 286206                     121.8208855  116.51549  4.36%   3.2   61s
H589662 286206                     121.8205779  116.51549  4.35%   3.2   61s
H589837 286288                     121.8205764  116.51549  4.35%   3.2   61s
H589870 286288                     121.8202772  116.51549  4.35%   3.2   62s
H589942 286288                     121.8202766  116.51549  4.35%   3.2   62s
H590085 286288                     121.8202762  116.51549  4.35%   3.2   62s
 617076 297624  116.51549  137    6  121.82028  116.51549  4.35%   3.2   65s
 658388 318155  120.67839  200    4  121.82028  116.51549  4.35%   3.3   70s
 737824 344931  120.59199  175    2  121.82028  116.51549  4.35%   3.4   75s
 798014 369793 infeasible  174       121.82028  116.51549  4.35%   3.4   80s
 865350 394277  121.67839  186    2  121.82028  116.51549  4.35%   3.5   85s
 916269 408822 infeasible  127       121.82028  116.51549  4.35%   3.6   90s
 961606 423645  117.66849  200    4  121.82028  116.51549  4.35%   3.7   95s
 1014419 438063 infeasible  206       121.82028  116.51549  4.35%   3.8  100s
 1058515 457576  117.52719  114    4  121.82028  116.51549  4.35%   3.9  106s
 1115548 477609  119.39399   82    4  121.82028  116.51549  4.35%   4.0  110s
 1178971 509445  120.38409  173    4  121.82028  116.51549  4.35%   3.9  115s
 1277442 552907     cutoff  151       121.82028  116.63459  4.26%   3.8  120s
 1376513 589294     cutoff  154       121.82028  116.63459  4.26%   3.8  125s
 1484287 636716     cutoff  177       121.82028  116.63459  4.26%   3.7  130s
 1597757 688375  118.83259  125    2  121.82028  116.63459  4.26%   3.6  135s
 1708731 741378  119.48219  121    4  121.82028  117.49389  3.55%   3.5  140s
 1829624 808776  119.48219  189    4  121.82028  117.49389  3.55%   3.5  145s
 1946120 866882  117.60369  124    6  121.82028  117.49389  3.55%   3.5  150s
 2065765 930527  120.48219  182    4  121.82028  117.49389  3.55%   3.5  155s
 2180855 983317     cutoff  116       121.82028  117.49882  3.55%   3.5  160s
 2296032 1037649  120.59199  155    4  121.82028  117.50379  3.54%   3.4  165s
 2417993 1095811  120.71255  132    2  121.82028  117.50379  3.54%   3.4  170s
 2551367 1163354     cutoff  124       121.82028  117.50379  3.54%   3.3  175s
 2683353 1221204  117.61359  131    4  121.82028  117.50379  3.54%   3.2  180s
 2799033 1267319 infeasible  183       121.82028  117.50379  3.54%   3.2  185s
 2903306 1309616     cutoff  127       121.82028  117.50379  3.54%   3.3  190s
 3015767 1348855  119.86769  128    2  121.82028  117.50559  3.54%   3.3  195s
 3133507 1409570  119.76068  128    2  121.82028  117.50559  3.54%   3.3  200s
 3250478 1468035  119.51729  141    4  121.82028  117.50559  3.54%   3.3  205s
 3366810 1532343  117.50559  110    4  121.82028  117.50559  3.54%   3.3  210s
 3475434 1577993  119.51729  170    7  121.82028  117.50825  3.54%   3.3  215s
 3585326 1625067  117.65679  134    4  121.82028  117.52539  3.53%   3.3  220s
 3704215 1684445  119.48219  160    4  121.82028  117.52539  3.53%   3.3  225s
 3822255 1742308  119.79749   96    2  121.82028  117.52539  3.53%   3.3  230s
 3932248 1801150     cutoff  172       121.82028  117.52539  3.53%   3.3  235s
 4056694 1854998  119.54699  136    4  121.82028  117.52719  3.52%   3.3  240s
 4178146 1914783  119.79749  160    2  121.82028  117.52719  3.52%   3.2  245s
 4304310 1965818  119.88929  137    2  121.82028  117.52719  3.52%   3.2  250s
 4432459 2010408  119.76636  109    2  121.82028  117.52719  3.52%   3.2  255s
 4541033 2060741  120.75937  103    4  121.82028  117.52719  3.52%   3.2  260s
 4651347 2113973 infeasible  196       121.82028  117.52719  3.52%   3.2  265s
 4757125 2152016  117.92313  131    2  121.82028  117.52981  3.52%   3.2  270s
 4869332 2201976     cutoff  124       121.82028  117.53709  3.52%   3.2  275s
 4983307 2258507     cutoff  136       121.82028  117.53709  3.52%   3.2  280s
 5100148 2317644     cutoff  137       121.82028  117.53709  3.52%   3.2  285s
 5208899 2362934 infeasible  117       121.82028  117.60369  3.46%   3.3  290s
 5273578 2374693  120.63879  175    2  121.82028  117.60369  3.46%   3.3  295s
 5322044 2378185  120.59825  162    2  121.82028  117.60369  3.46%   3.4  300s
 5370498 2383321  120.59199  152   11  121.82028  117.60369  3.46%   3.5  305s
 5427338 2386205 infeasible  187       121.82028  117.60762  3.46%   3.6  310s
 5491166 2392731 infeasible  124       121.82028  117.61359  3.45%   3.6  315s
 5547778 2396974 infeasible  146       121.82028  117.61359  3.45%   3.7  320s
 5596738 2398160  118.59724  109    7  121.82028  117.61359  3.45%   3.7  325s
 5644292 2397117  121.59199  122    2  121.82028  117.61359  3.45%   3.8  330s
 5707445 2402536 infeasible  144       121.82028  117.61359  3.45%   3.8  335s
 5761203 2399207 infeasible  174       121.82028  117.61359  3.45%   3.9  340s
 5819595 2402364 infeasible  208       121.82028  117.62141  3.45%   4.0  345s
 5898453 2421576  117.62709   74    4  121.82028  117.62709  3.44%   4.0  350s
 5970878 2441204  117.62709  104    4  121.82028  117.62709  3.44%   4.0  355s
 6052594 2459656  120.63879  186    2  121.82028  117.62709  3.44%   4.0  360s
 6124975 2475923  117.63105  170    4  121.82028  117.62709  3.44%   4.1  365s
 6193188 2490421 infeasible  153       121.82028  117.62709  3.44%   4.1  370s
 6276864 2506857  117.63762  182    8  121.82028  117.63105  3.44%   4.1  375s
 6336505 2512680  120.90729  127    2  121.82028  117.63459  3.44%   4.2  380s
 6435346 2531503  120.67839  138    2  121.82028  117.64869  3.42%   4.1  385s
 6512232 2549761  118.89714  111    2  121.82028  117.64869  3.42%   4.2  390s
 6595846 2574574  121.63911  100    2  121.82028  117.64869  3.42%   4.2  395s
 6677462 2595222  117.64869  102    4  121.82028  117.64869  3.42%   4.2  400s
 6738770 2602701 infeasible  159       121.82028  117.64869  3.42%   4.2  405s
 6793831 2605214 infeasible  115       121.82028  117.64869  3.42%   4.3  410s
 6843619 2597961 infeasible  130       121.82028  117.65262  3.42%   4.3  415s
 6907304 2612767 infeasible  100       121.82028  117.65262  3.42%   4.4  420s
 6976985 2629500  121.67872   95    2  121.82028  117.65679  3.42%   4.4  425s
 7042796 2639964     cutoff  125       121.82028  117.65679  3.42%   4.4  430s
 7103728 2654263     cutoff  112       121.82028  117.65679  3.42%   4.5  435s
 7185170 2664589  120.67839  183    6  121.82028  117.66076  3.41%   4.5  440s
 7260692 2677029 infeasible   78       121.82028  117.66849  3.41%   4.5  445s
 7330313 2700184  120.67839  118    2  121.82028  117.66849  3.41%   4.5  450s
 7404493 2719189  117.66849  107    6  121.82028  117.66849  3.41%   4.5  455s
 7486345 2736736  120.67839   72    2  121.82028  117.66849  3.41%   4.6  460s
 7537919 2742638  120.67839  136    6  121.82028  117.67376  3.40%   4.6  465s
 7641070 2775141  117.88929  155    2  121.82028  117.76779  3.33%   4.6  470s
 7758267 2735116     cutoff  168       121.82028  117.84249  3.27%   4.6  475s
 7889116 2625092     cutoff  201       121.82028  117.87822  3.24%   4.5  480s
 8020513 2527897     cutoff   97       121.82028  117.90729  3.21%   4.5  485s
 8136730 2500925  118.39639  119   12  121.82028  118.39639  2.81%   4.5  490s
 8229962 2530308  119.71927  131    5  121.82028  118.49389  2.73%   4.5  495s
 8315374 2570615  120.71255  132    4  121.82028  118.50379  2.72%   4.5  500s
 8415363 2604842  119.75789  143    4  121.82028  118.50559  2.72%   4.5  505s
 8510020 2643098  120.51893  195    8  121.82028  118.50955  2.72%   4.5  510s
 8598486 2682998  119.79749  123    6  121.82028  118.52539  2.70%   4.5  515s
 8701826 2719748  120.75789  108    6  121.82028  118.52719  2.70%   4.5  520s
 8800527 2753260  119.54699  121    6  121.82028  118.53337  2.70%   4.5  525s
 8892874 2795651     cutoff  163       121.82028  118.53709  2.70%   4.5  530s
 8959628 2814700 infeasible  126       121.82028  118.60369  2.64%   4.5  535s
 9017854 2809722 infeasible  137       121.82028  118.64869  2.60%   4.6  540s
 9055561 2816454  120.67839  165    6  121.82028  118.64869  2.60%   4.6  545s
 9113232 2823352 infeasible  159       121.82028  118.66849  2.59%   4.7  550s
 9225159 2851067  120.79749  126    8  121.82028  118.77986  2.50%   4.7  555s
 9320500 2812424     cutoff  152       121.82028  119.38409  2.00%   4.6  560s
 9411238 2832387 infeasible  103       121.82028  119.38409  2.00%   4.6  565s
 9488976 2857792  119.38409  140    4  121.82028  119.38409  2.00%   4.6  570s
 9589017 2883290  120.59199  173    2  121.82028  119.38409  2.00%   4.6  575s
 9688393 2862756     cutoff  108       121.82028  119.38469  2.00%   4.6  580s
 9808561 2877869     cutoff  101       121.82028  119.39399  1.99%   4.6  585s
 9893728 2901031  120.67839  109    2  121.82028  119.39399  1.99%   4.6  590s
 9992010 2931748  120.67839   96    2  121.82028  119.39399  1.99%   4.6  595s
 10079496 2942598     cutoff  119       121.82028  119.40569  1.98%   4.6  600s
 10152613 2942385  120.88929  129    2  121.82028  119.40569  1.98%   4.6  605s
 10231752 2918111     cutoff  115       121.82028  119.48219  1.92%   4.6  610s
 10322798 2943772  119.48219  119    4  121.82028  119.48219  1.92%   4.6  615s
 10426918 2982732  120.59199   93    2  121.82028  119.48219  1.92%   4.6  620s
 10533324 3017881  119.71534  133    2  121.82028  119.48219  1.92%   4.6  625s
 10642642 3058442     cutoff  118       121.82028  119.48219  1.92%   4.6  630s
 10766440 3093875 infeasible  152       121.82028  119.48219  1.92%   4.6  635s
 10857462 3128288  120.71255  135    2  121.82028  119.48219  1.92%   4.6  640s
 10953391 3150487  119.71534  114    8  121.82028  119.48219  1.92%   4.5  645s
 11043299 3182584 infeasible  100       121.82028  119.48219  1.92%   4.5  650s
 11115475 3210328 infeasible  134       121.82028  119.48219  1.92%   4.5  655s
 11180295 3230870     cutoff  113       121.82028  119.48219  1.92%   4.5  660s
 11260647 3252762 infeasible  119       121.82028  119.48219  1.92%   4.5  665s
 11330580 3279154 infeasible  136       121.82028  119.48219  1.92%   4.5  670s
 11411336 3301438 infeasible  123       121.82028  119.48219  1.92%   4.5  675s
 11478194 3328211 infeasible   90       121.82028  119.48219  1.92%   4.5  680s
 11555864 3350175  120.71401  102    2  121.82028  119.48219  1.92%   4.5  685s
 11619887 3370131     cutoff  148       121.82028  119.48219  1.92%   4.5  690s
 11685245 3390470  119.71665  135    2  121.82028  119.48219  1.92%   4.5  695s
 11755812 3417178  119.48366  140    4  121.82028  119.48219  1.92%   4.5  700s
 11820872 3438089     cutoff  175       121.82028  119.48219  1.92%   4.5  705s
 11883337 3456294  121.59199   94    2  121.82028  119.48219  1.92%   4.5  710s
 11947336 3478391 infeasible  158       121.82028  119.48219  1.92%   4.5  715s
 12028082 3500490  120.59199  134    8  121.82028  119.48219  1.92%   4.5  720s
 12094130 3522663     cutoff  116       121.82028  119.48219  1.92%   4.5  725s
 12166153 3551322 infeasible  108       121.82028  119.48219  1.92%   4.5  730s
 12246162 3574037 infeasible  130       121.82028  119.48219  1.92%   4.5  735s
 12313500 3602735  120.59199  112    6  121.82028  119.48219  1.92%   4.5  740s
 12378864 3624558 infeasible  165       121.82028  119.48219  1.92%   4.5  745s
 12445951 3641181 infeasible  127       121.82028  119.48219  1.92%   4.5  750s
 12514834 3668489 infeasible  136       121.82028  119.48219  1.92%   4.5  755s
 12580014 3686593 infeasible  144       121.82028  119.48219  1.92%   4.5  760s
 12639005 3699465 infeasible  122       121.82028  119.48219  1.92%   4.5  765s
 12703734 3718638     cutoff  130       121.82028  119.48219  1.92%   4.5  770s
 12767125 3741302     cutoff  116       121.82028  119.48219  1.92%   4.5  775s
 12827958 3760304  120.59199  145    2  121.82028  119.48219  1.92%   4.5  780s
 12890216 3778408 infeasible  104       121.82028  119.48219  1.92%   4.5  785s
 12956041 3794495  120.71109  122    2  121.82028  119.48219  1.92%   4.5  790s
 13015621 3802527 infeasible  189       121.82028  119.48219  1.92%   4.5  795s
 13079026 3812999  119.71109  124    4  121.82028  119.48219  1.92%   4.5  800s
 13145342 3827447     cutoff  121       121.82028  119.48219  1.92%   4.5  805s
 13208580 3842185  120.59199  139    4  121.82028  119.48219  1.92%   4.5  810s
 13283591 3861601  119.48219  123   10  121.82028  119.48219  1.92%   4.5  815s
 13354773 3889306  119.72384  161    4  121.82028  119.48219  1.92%   4.5  820s
 13428506 3909065  120.71401  162    6  121.82028  119.48219  1.92%   4.5  825s
 13502560 3934949  120.71255  134    4  121.82028  119.48219  1.92%   4.5  830s
 13570543 3958490  119.71942  151    6  121.82028  119.48219  1.92%   4.5  835s
 13627533 3982824  120.59199  152    4  121.82028  119.48219  1.92%   4.5  840s
 13699212 4006285 infeasible  132       121.82028  119.48219  1.92%   4.5  845s
 13769912 4026617  120.71401  153    2  121.82028  119.48219  1.92%   4.6  850s
 13841951 4054977  119.71534  111    2  121.82028  119.48219  1.92%   4.6  855s
 13916586 4074772 infeasible  143       121.82028  119.48219  1.92%   4.6  860s
 13974118 4093226  119.48219  164    8  121.82028  119.48219  1.92%   4.6  865s
 14030891 4105786  120.59199  188    2  121.82028  119.48219  1.92%   4.6  870s
 14093770 4104541     cutoff  128       121.82028  119.48249  1.92%   4.6  875s
 14154884 4106316 infeasible  134       121.82028  119.48365  1.92%   4.6  880s
 14173634 4102459 infeasible  123       121.82028  119.48365  1.92%   4.6  885s
 14193882 4097763 infeasible  149       121.82028  119.48365  1.92%   4.6  890s
 14222542 4092328 infeasible  156       121.82028  119.48365  1.92%   4.6  895s
 14263870 4096167  120.59199  109    7  121.82028  119.48365  1.92%   4.6  903s
 14307375 4112156  120.59199  123    4  121.82028  119.48365  1.92%   4.7  905s
 14366487 4132575  120.59199  132    9  121.82028  119.48365  1.92%   4.7  911s
 14421615 4153355  120.59199  155    8  121.82028  119.48366  1.92%   4.7  915s
 14469061 4160614     cutoff  147       121.82028  119.48366  1.92%   4.7  920s
 14500554 4165450     cutoff  144       121.82028  119.48366  1.92%   4.8  925s
 14542542 4170246     cutoff  134       121.82028  119.48381  1.92%   4.8  930s
 14591534 4168590     cutoff  146       121.82028  119.48497  1.92%   4.8  935s
 14648611 4165071     cutoff  156       121.82028  119.48527  1.92%   4.8  940s
 14681663 4157457     cutoff  144       121.82028  119.48527  1.92%   4.8  945s
 14712997 4151593 infeasible  140       121.82028  119.48644  1.92%   4.8  950s
 14754701 4150113 infeasible  118       121.82028  119.49389  1.91%   4.8  955s
 14836288 4165556  119.51877  187    7  121.82028  119.51729  1.89%   4.8  960s
 14912877 4179511  120.75789  107    2  121.82028  119.51729  1.89%   4.8  965s
 14975773 4201710  120.63879  105    2  121.82028  119.51729  1.89%   4.8  970s
 15044766 4221426  120.63879  148    4  121.82028  119.51729  1.89%   4.8  975s
 15106042 4243792 infeasible  101       121.82028  119.51729  1.89%   4.8  980s
 15187644 4274312  120.75789  135    8  121.82028  119.51729  1.89%   4.8  985s
 15252699 4308117  119.51761  132    7  121.82028  119.51729  1.89%   4.8  990s
 15333941 4338997  120.64174  148    4  121.82028  119.51729  1.89%   4.8  995s
 15399840 4358273  119.76213   93    2  121.82028  119.51729  1.89%   4.8 1000s
 15450267 4372752  120.75937  123    2  121.82028  119.51729  1.89%   4.8 1005s
 15514586 4388598     cutoff  124       121.82028  119.51729  1.89%   4.8 1010s
 15577156 4410127  119.75789   96    2  121.82028  119.51729  1.89%   4.7 1015s
 15631221 4424131 infeasible  107       121.82028  119.51729  1.89%   4.7 1020s
 15689733 4442092  120.76084  149    4  121.82028  119.51729  1.89%   4.7 1025s
 15749087 4459792 infeasible  148       121.82028  119.51729  1.89%   4.7 1030s
 15802100 4477063  120.75937  119    6  121.82028  119.51729  1.89%   4.7 1035s
 15851011 4495067  120.63879  108    4  121.82028  119.51729  1.89%   4.7 1040s
 15915166 4515835 infeasible  115       121.82028  119.51729  1.89%   4.7 1045s
 15984768 4534321 infeasible  105       121.82028  119.51729  1.89%   4.7 1050s
 16033593 4553091     cutoff  130       121.82028  119.51729  1.89%   4.7 1055s
 16098082 4574168  120.64043  131    2  121.82028  119.51729  1.89%   4.7 1060s
 16169077 4592933  119.51729   94    4  121.82028  119.51729  1.89%   4.7 1065s
 16212399 4610128  119.76348  135    2  121.82028  119.51729  1.89%   4.7 1070s
 16265931 4622842     cutoff  106       121.82028  119.51729  1.89%   4.7 1075s
 16320157 4639991  120.75937  126    2  121.82028  119.51729  1.89%   4.7 1080s
 16372833 4656158 infeasible  135       121.82028  119.51729  1.89%   4.7 1085s
 16418544 4670463     cutoff  139       121.82028  119.51729  1.89%   4.7 1090s
 16466906 4689060  119.51729  116    4  121.82028  119.51729  1.89%   4.7 1095s
 16535019 4705973 infeasible  142       121.82028  119.51729  1.89%   4.7 1101s
 16578447 4724057  120.64043  122    2  121.82028  119.51729  1.89%   4.7 1105s
 16638581 4743377  120.63879   92    2  121.82028  119.51729  1.89%   4.7 1110s
 16693319 4757803  119.51877  109    5  121.82028  119.51729  1.89%   4.7 1115s
 16743412 4773663     cutoff  147       121.82028  119.51729  1.89%   4.7 1120s
 16805144 4797932  119.51877  120    5  121.82028  119.51729  1.89%   4.7 1125s
 16863180 4818080  120.75937  115    2  121.82028  119.51729  1.89%   4.7 1131s
 16913012 4829815  119.75789  132    2  121.82028  119.51729  1.89%   4.7 1135s
 16968880 4850742     cutoff  100       121.82028  119.51729  1.89%   4.7 1141s
 17021166 4861691     cutoff  132       121.82028  119.51729  1.89%   4.7 1145s
 17069435 4868074  120.76084  156    4  121.82028  119.51729  1.89%   4.7 1150s
 17104799 4871943  120.64043  131    4  121.82028  119.51729  1.89%   4.7 1155s
 17156932 4883139  120.75937  146    2  121.82028  119.51729  1.89%   4.7 1160s
 17207194 4898277  120.63879  171    6  121.82028  119.51729  1.89%   4.7 1165s
 17274072 4914211 infeasible  140       121.82028  119.51729  1.89%   4.7 1170s
 17327396 4931074     cutoff  116       121.82028  119.51729  1.89%   4.7 1175s
 17385263 4949823  120.75789  150    6  121.82028  119.51729  1.89%   4.7 1181s
 17422409 4965824 infeasible  161       121.82028  119.51729  1.89%   4.7 1185s
 17484796 4982803 infeasible  136       121.82028  119.51729  1.89%   4.7 1190s
 17532119 5001772  120.75789  132    6  121.82028  119.51729  1.89%   4.7 1195s
 17591649 5017772  119.51729  150   10  121.82028  119.51729  1.89%   4.7 1200s

Cutting planes:
  Gomory: 1
  Implied bound: 5
  MIR: 1
  Flow cover: 6
  Relax-and-lift: 13

Explored 17592650 nodes (82631247 simplex iterations) in 1200.25 seconds (765.14 work units)
Thread count was 16 (of 16 available processors)

Solution count 10: 121.82 121.821 121.821 ... 121.821

Time limit reached
Best objective 1.218202761946e+02, best bound 1.195172932673e+02, gap 1.8905%

User-callback calls 35360140, time in user-callback 49.05 sec
