
Gurobi 10.0.1 (win64) logging started Sun Sep 21 16:44:36 2025

Set parameter LogFile to value "log_group_6/bound_Expr395_s7_l1051_s11_e12_o30_d60_t60_s30_1_1_1_1.log"
Gurobi Optimizer version 10.0.1 build v10.0.1rc0 (win64)

CPU model: Intel(R) Core(TM) i7-10700 CPU @ 2.90GHz, instruction set [SSE2|AVX|AVX2]
Thread count: 8 physical cores, 16 logical processors, using up to 16 threads

Optimize a model with 376405 rows, 367940 columns and 5182236 nonzeros
Model fingerprint: 0x269c9331
Variable types: 440 continuous, 367500 integer (367500 binary)
Coefficient statistics:
  Matrix range     [1e+00, 8e+02]
  Objective range  [1e+00, 1e+00]
  Bounds range     [1e+00, 1e+03]
  RHS range        [1e+00, 8e+02]
Presolve removed 372786 rows and 364621 columns
Presolve time: 2.61s
Presolved: 3619 rows, 3319 columns, 28888 nonzeros
Variable types: 170 continuous, 3149 integer (3146 binary)

Root relaxation: objective 1.352307e+02, 2526 iterations, 0.11 seconds (0.22 work units)

    Nodes    |    Current Node    |     Objective Bounds      |     Work
 Expl Unexpl |  Obj  Depth IntInf | Incumbent    BestBd   Gap | It/Node Time

     0     0  135.23073    0   82          -  135.23073      -     -    3s
H    0     0                     959.2896000  135.23073  85.9%     -    3s
H    0     0                     913.6838667  135.23073  85.2%     -    3s
     0     0  135.23073    0  216  913.68387  135.23073  85.2%     -    3s
H    0     0                     683.2771333  135.23073  80.2%     -    4s
H    0     0                     682.0564667  135.23073  80.2%     -    4s
     0     0  135.23073    0  192  682.05647  135.23073  80.2%     -    4s
H    0     0                     599.0442000  135.23073  77.4%     -    4s
H    0     0                     479.7318333  135.23073  71.8%     -    4s
H    0     0                     457.5467667  135.23073  70.4%     -    4s
     0     0  135.23073    0   72  457.54677  135.23073  70.4%     -    4s
H    0     0                     404.0873333  135.23073  66.5%     -    4s
     0     0  135.23073    0  167  404.08733  135.23073  66.5%     -    4s
H    0     0                     393.0847667  135.23073  65.6%     -    5s
H    0     0                     366.7074667  135.23073  63.1%     -    5s
H    0     0                     281.8279000  135.23073  52.0%     -    5s
     0     0  136.34890    0   74  281.82790  136.34890  51.6%     -    5s
H    0     0                     275.0068000  136.34890  50.4%     -    5s
H    0     0                     261.3433667  136.34890  47.8%     -    5s
     0     0  136.34890    0  198  261.34337  136.34890  47.8%     -    6s
H    0     0                     257.6937667  136.34890  47.1%     -    6s
H    0     0                     250.9711333  136.34890  45.7%     -    6s
     0     0  136.34890    0  108  250.97113  136.34890  45.7%     -    6s
H    0     0                     250.9706333  136.34890  45.7%     -    6s
H    0     0                     227.5113000  136.34890  40.1%     -    6s
H    0     0                     197.5449000  136.34890  31.0%     -    6s
H    0     0                     196.5449000  136.34890  30.6%     -    6s
H    0     0                     193.0281333  136.34890  29.4%     -    7s
     0     0  136.34890    0  115  193.02813  136.34890  29.4%     -    7s
H    0     0                     190.5417667  136.34890  28.4%     -    7s
     0     0  136.34890    0   74  190.54177  136.34890  28.4%     -    7s
     0     0  136.34890    0  120  190.54177  136.34890  28.4%     -    7s
     0     0  136.34890    0   64  190.54177  136.34890  28.4%     -    7s
H    0     0                     190.4949667  136.67507  28.3%     -    7s
H    0     0                     190.2544000  136.67507  28.2%     -    7s
     0     0  136.67507    0   64  190.25440  136.67507  28.2%     -    7s
     0     0  136.67507    0  125  190.25440  136.67507  28.2%     -    8s
H    0     0                     190.2228667  136.67507  28.2%     -    8s
     0     0  136.67507    0  151  190.22287  136.67507  28.2%     -    9s
     0     0  136.67507    0  326  190.22287  136.67507  28.2%     -    9s
     0     0  136.67507    0  258  190.22287  136.67507  28.2%     -    9s
H    0     0                     190.2155333  136.67507  28.1%     -    9s
     0     0  136.67507    0  200  190.21553  136.67507  28.1%     -    9s
     0     0  136.67507    0  288  190.21553  136.67507  28.1%     -   10s
     0     0  136.67507    0  291  190.21553  136.67507  28.1%     -   10s
     0     0  136.67507    0  219  190.21553  136.67507  28.1%     -   10s
     0     0  136.67507    0  224  190.21553  136.67507  28.1%     -   10s
     0     0  136.67507    0  222  190.21553  136.67507  28.1%     -   10s
     0     0  136.67507    0  356  190.21553  136.67507  28.1%     -   10s
     0     0  136.67507    0  317  190.21553  136.67507  28.1%     -   11s
     0     0  136.67507    0  249  190.21553  136.67507  28.1%     -   11s
     0     0  136.67507    0  246  190.21553  136.67507  28.1%     -   11s
     0     0  136.67507    0  309  190.21553  136.67507  28.1%     -   11s
     0     0  136.67507    0  311  190.21553  136.67507  28.1%     -   11s
     0     0  136.67507    0  244  190.21553  136.67507  28.1%     -   11s
     0     0  136.67507    0  199  190.21553  136.67507  28.1%     -   11s
     0     0  136.67507    0  218  190.21553  136.67507  28.1%     -   11s
     0     0  136.67507    0  211  190.21553  136.67507  28.1%     -   11s
     0     0  136.67507    0  257  190.21553  136.67507  28.1%     -   12s
     0     0  136.67507    0  278  190.21553  136.67507  28.1%     -   12s
     0     0  136.67507    0  278  190.21553  136.67507  28.1%     -   12s
     0     0  136.67507    0  236  190.21553  136.67507  28.1%     -   12s
     0     0  136.67507    0  230  190.21553  136.67507  28.1%     -   12s
     0     0  136.67507    0  232  190.21553  136.67507  28.1%     -   12s
     0     0  136.82813    0  128  190.21553  136.82813  28.1%     -   12s
     0     0  137.01431    0  264  190.21553  137.01431  28.0%     -   12s
     0     0  137.01433    0  265  190.21553  137.01433  28.0%     -   12s
     0     0  137.04188    0  263  190.21553  137.04188  28.0%     -   12s
     0     0  137.94152    0  213  190.21553  137.94152  27.5%     -   12s
     0     0  137.94969    0  261  190.21553  137.94969  27.5%     -   12s
     0     0  142.07962    0  244  190.21553  142.07962  25.3%     -   13s
     0     0  142.21349    0  246  190.21553  142.21349  25.2%     -   13s
     0     0  147.08901    0  196  190.21553  147.08901  22.7%     -   13s
     0     0  147.22613    0  206  190.21553  147.22613  22.6%     -   13s
     0     0  147.81182    0  202  190.21553  147.81182  22.3%     -   13s
     0     0  147.81250    0  203  190.21553  147.81250  22.3%     -   13s
     0     0  151.72828    0  281  190.21553  151.72828  20.2%     -   13s
     0     0  151.83076    0  282  190.21553  151.83076  20.2%     -   13s
     0     0  152.02177    0  289  190.21553  152.02177  20.1%     -   14s
     0     0  152.02177    0  289  190.21553  152.02177  20.1%     -   14s
     0     0  157.64222    0  270  190.21553  157.64222  17.1%     -   14s
     0     0  157.64222    0  171  190.21553  157.64222  17.1%     -   14s
     0     0  157.64222    0  217  190.21553  157.64222  17.1%     -   15s
     0     0  157.64222    0  262  190.21553  157.64222  17.1%     -   15s
     0     0  157.64222    0  216  190.21553  157.64222  17.1%     -   15s
     0     0  157.64222    0  214  190.21553  157.64222  17.1%     -   15s
     0     0  157.64222    0  265  190.21553  157.64222  17.1%     -   15s
     0     0  157.64222    0  212  190.21553  157.64222  17.1%     -   15s
     0     0  157.64222    0  203  190.21553  157.64222  17.1%     -   15s
     0     0  157.64222    0  202  190.21553  157.64222  17.1%     -   15s
     0     0  157.67201    0  211  190.21553  157.67201  17.1%     -   15s
     0     0  160.15040    0  266  190.21553  160.15040  15.8%     -   15s
     0     0  161.10109    0  224  190.21553  161.10109  15.3%     -   15s
     0     0  161.13114    0  225  190.21553  161.13114  15.3%     -   15s
     0     0  161.13114    0  225  190.21553  161.13114  15.3%     -   15s
     0     0  161.15061    0  223  190.21553  161.15061  15.3%     -   15s
     0     0  161.38353    0  252  190.21553  161.38353  15.2%     -   15s
     0     0  161.39171    0  252  190.21553  161.39171  15.2%     -   15s
     0     0  161.39171    0  253  190.21553  161.39171  15.2%     -   15s
     0     0  163.52231    0  219  190.21553  163.52231  14.0%     -   16s
     0     0  163.58055    0  174  190.21553  163.58055  14.0%     -   16s
     0     0  163.58055    0  174  190.21553  163.58055  14.0%     -   16s
     0     0  163.59121    0  176  190.21553  163.59121  14.0%     -   16s
     0     0  163.59291    0  175  190.21553  163.59291  14.0%     -   16s
     0     0  163.60768    0  222  190.21553  163.60768  14.0%     -   16s
     0     0  163.60965    0  222  190.21553  163.60965  14.0%     -   16s
     0     0  163.61612    0  225  190.21553  163.61612  14.0%     -   16s
     0     0  174.72231    0  178  190.21553  174.72231  8.15%     -   16s
     0     0  174.72231    0  125  190.21553  174.72231  8.15%     -   17s
     0     0  174.72231    0  172  190.21553  174.72231  8.15%     -   17s
     0     0  174.72231    0  172  190.21553  174.72231  8.15%     -   17s
     0     0  174.72231    0  172  190.21553  174.72231  8.15%     -   17s
     0     0  174.72231    0  170  190.21553  174.72231  8.15%     -   17s
     0     0  177.98488    0  173  190.21553  177.98488  6.43%     -   17s
     0     0  177.99652    0  173  190.21553  177.99652  6.42%     -   17s
     0     0  177.99691    0  170  190.21553  177.99691  6.42%     -   17s
     0     0  178.38898    0  174  190.21553  178.38898  6.22%     -   17s
     0     0  178.39510    0  174  190.21553  178.39510  6.21%     -   17s
     0     0  178.39510    0  174  190.21553  178.39510  6.21%     -   17s
     0     0  180.33329    0  187  190.21553  180.33329  5.20%     -   17s
     0     0  180.33329    0   72  190.21553  180.33329  5.20%     -   18s
     0     0  180.33329    0  139  190.21553  180.33329  5.20%     -   18s
     0     0  180.33329    0  139  190.21553  180.33329  5.20%     -   18s
     0     0  180.33329    0  139  190.21553  180.33329  5.20%     -   18s
     0     0  180.33329    0  158  190.21553  180.33329  5.20%     -   18s
     0     0  180.33329    0  158  190.21553  180.33329  5.20%     -   18s
     0     0  180.33329    0  158  190.21553  180.33329  5.20%     -   18s
     0     0  180.33329    0  158  190.21553  180.33329  5.20%     -   18s
     0     0  180.33329    0  158  190.21553  180.33329  5.20%     -   18s
     0     0  180.33329    0  157  190.21553  180.33329  5.20%     -   18s
     0     0  180.33329    0  158  190.21553  180.33329  5.20%     -   18s
     0     0  180.33329    0  159  190.21553  180.33329  5.20%     -   18s
     0     0  180.33329    0  179  190.21553  180.33329  5.20%     -   18s
     0     0  180.33329    0  179  190.21553  180.33329  5.20%     -   18s
     0     0  180.62733    0  178  190.21553  180.62733  5.04%     -   18s
     0     0  180.62733    0  177  190.21553  180.62733  5.04%     -   18s
     0     0  180.73079    0  179  190.21553  180.73079  4.99%     -   18s
     0     0  180.73079    0  180  190.21553  180.73079  4.99%     -   18s
     0     0  180.73105    0  179  190.21553  180.73105  4.99%     -   18s
     0     0  180.73208    0  178  190.21553  180.73208  4.99%     -   18s
     0     0  180.73260    0  180  190.21553  180.73260  4.99%     -   18s
     0     0  182.99458    0  180  190.21553  182.99458  3.80%     -   18s
     0     0  183.24104    0  172  190.21553  183.24104  3.67%     -   18s
     0     0  183.24250    0  160  190.21553  183.24250  3.67%     -   18s
     0     0  183.24268    0  160  190.21553  183.24268  3.67%     -   18s
     0     0  183.24568    0  159  190.21553  183.24568  3.66%     -   18s
     0     0  185.84241    0  120  190.21553  185.84241  2.30%     -   18s
     0     0  185.84307    0  117  190.21553  185.84307  2.30%     -   18s
     0     0  185.84372    0  117  190.21553  185.84372  2.30%     -   18s
     0     0  186.14397    0  133  190.21553  186.14397  2.14%     -   18s
     0     0  186.14397    0  120  190.21553  186.14397  2.14%     -   18s
     0     0  186.14423    0  120  190.21553  186.14423  2.14%     -   18s
     0     0  186.93814    0  122  190.21553  186.93814  1.72%     -   18s
     0     0  186.93814    0  124  190.21553  186.93814  1.72%     -   18s
     0     0  187.04547    0  125  190.21553  187.04547  1.67%     -   18s
     0     0  187.04547    0  124  190.21553  187.04547  1.67%     -   18s
     0     0  187.05022    0  128  190.21553  187.05022  1.66%     -   18s
     0     0  187.05022    0  128  190.21553  187.05022  1.66%     -   19s
     0     0  187.07399    0  131  190.21553  187.07399  1.65%     -   19s
     0     0  187.07399    0  131  190.21553  187.07399  1.65%     -   19s
     0     0  187.07489    0  132  190.21553  187.07489  1.65%     -   19s
     0     0  187.07489    0  132  190.21553  187.07489  1.65%     -   19s
     0     0  187.13117    0  123  190.21553  187.13117  1.62%     -   19s
     0     0  187.13117    0  122  190.21553  187.13117  1.62%     -   19s
     0     0  187.38503    0  124  190.21553  187.38503  1.49%     -   19s
     0     0  187.38503    0  123  190.21553  187.38503  1.49%     -   19s
     0     0  187.38675    0  128  190.21553  187.38675  1.49%     -   19s
     0     0  187.39047    0  132  190.21553  187.39047  1.49%     -   19s
     0     0  187.39089    0  129  190.21553  187.39089  1.48%     -   19s
     0     0  187.39089    0  129  190.21553  187.39089  1.48%     -   19s
     0     0  187.39638    0  128  190.21553  187.39638  1.48%     -   19s
     0     0  187.39638    0  132  190.21553  187.39638  1.48%     -   19s
     0     0  187.39663    0  134  190.21553  187.39663  1.48%     -   19s
     0     0  187.39682    0  137  190.21553  187.39682  1.48%     -   19s
     0     0  187.39682    0  114  190.21553  187.39682  1.48%     -   19s
     0     0  187.39682    0  114  190.21553  187.39682  1.48%     -   19s
     0     0  187.39832    0   68  190.21553  187.39832  1.48%     -   19s
     0     0  187.39832    0  142  190.21553  187.39832  1.48%     -   19s
     0     0  187.39832    0  140  190.21553  187.39832  1.48%     -   19s
     0     0  187.39832    0  140  190.21553  187.39832  1.48%     -   19s
     0     0  187.39832    0  140  190.21553  187.39832  1.48%     -   19s
     0     0  187.39832    0  140  190.21553  187.39832  1.48%     -   19s
     0     0  187.39832    0  140  190.21553  187.39832  1.48%     -   19s
     0     0  187.39832    0  127  190.21553  187.39832  1.48%     -   19s
     0     0  187.39832    0  124  190.21553  187.39832  1.48%     -   19s
     0     0  187.39832    0  125  190.21553  187.39832  1.48%     -   19s
     0     0  187.39832    0  124  190.21553  187.39832  1.48%     -   19s
     0     0  187.39928    0  121  190.21553  187.39928  1.48%     -   19s
     0     0  187.42456    0  123  190.21553  187.42456  1.47%     -   20s
     0     0  187.42586    0  124  190.21553  187.42586  1.47%     -   20s
     0     0  187.58790    0  111  190.21553  187.58790  1.38%     -   20s
     0     0  187.58790    0  109  190.21553  187.58790  1.38%     -   20s
     0     0  187.58790    0  110  190.21553  187.58790  1.38%     -   20s
     0     0  187.58790    0  110  190.21553  187.58790  1.38%     -   20s
     0     0  187.58790    0  108  190.21553  187.58790  1.38%     -   20s
     0     0  187.58898    0  112  190.21553  187.58898  1.38%     -   20s
     0     0  187.58946    0  103  190.21553  187.58946  1.38%     -   20s
     0     0  187.58946    0  101  190.21553  187.58946  1.38%     -   20s
     0     0  187.58946    0  101  190.21553  187.58946  1.38%     -   20s
     0     0  187.58946    0  118  190.21553  187.58946  1.38%     -   20s
     0     0  187.58946    0  112  190.21553  187.58946  1.38%     -   20s
     0     2  187.58946    0  101  190.21553  187.58946  1.38%     -   20s
H 2953  1269                     190.1559000  189.88313  0.14%  15.9   23s
H 2985  1201                     190.1243667  189.96119  0.09%  16.5   23s

Cutting planes:
  Gomory: 1
  Cover: 4
  Implied bound: 13
  Projected implied bound: 1
  Clique: 8
  MIR: 10
  StrongCG: 2
  Flow cover: 17
  GUB cover: 3
  Zero half: 1
  RLT: 1
  Relax-and-lift: 16

Explored 3005 nodes (136455 simplex iterations) in 23.42 seconds (37.82 work units)
Thread count was 16 (of 16 available processors)

Solution count 10: 190.124 190.156 190.216 ... 250.971

Optimal solution found (tolerance 1.00e-04)
Best objective 1.901243666666e+02, best bound 1.901243666666e+02, gap 0.0000%

User-callback calls 12073, time in user-callback 0.01 sec
