
Gurobi 10.0.1 (win64) logging started Sun Sep 21 16:31:52 2025

Set parameter LogFile to value "log_group_6/bound_Expr332_s7_l1051_s11_e12_o40_d80_t60_s37_0_0_0_0.log"
Gurobi Optimizer version 10.0.1 build v10.0.1rc0 (win64)

CPU model: Intel(R) Core(TM) i7-10700 CPU @ 2.90GHz, instruction set [SSE2|AVX|AVX2]
Thread count: 8 physical cores, 16 logical processors, using up to 16 threads

Optimize a model with 729203 rows, 728470 columns and 5827086 nonzeros
Model fingerprint: 0x79668b27
Variable types: 470 continuous, 728000 integer (728000 binary)
Coefficient statistics:
  Matrix range     [4e-01, 8e+02]
  Objective range  [1e+00, 1e+00]
  Bounds range     [1e+00, 1e+03]
  RHS range        [1e+00, 8e+02]
Presolve removed 711670 rows and 711630 columns
Presolve time: 2.76s
Presolved: 17533 rows, 16840 columns, 115857 nonzeros
Variable types: 390 continuous, 16450 integer (16450 binary)
Found heuristic solution: objective 1104.0344333
Deterministic concurrent LP optimizer: primal and dual simplex
Showing first log only...

Concurrent spin time: 0.01s

Solved with primal simplex

Root relaxation: objective 0.000000e+00, 757 iterations, 0.14 seconds (0.20 work units)

    Nodes    |    Current Node    |     Objective Bounds      |     Work
 Expl Unexpl |  Obj  Depth IntInf | Incumbent    BestBd   Gap | It/Node Time

     0     0    0.00000    0   83 1104.03443    0.00000   100%     -    3s
H    0     0                    1047.6646333    0.00000   100%     -    4s
     0     0    0.00000    0   90 1047.66463    0.00000   100%     -    4s
H    0     0                     542.3190667    0.00000   100%     -    6s
H    0     0                     447.5387333    0.00000   100%     -    6s
     0     0    0.00000    0   97  447.53873    0.00000   100%     -    6s
H    0     0                     441.3686333    0.00000   100%     -    9s
H    0     0                     286.7209000    0.00000   100%     -    9s
H    0     0                     286.5363667    0.00000   100%     -    9s
H    0     0                     286.3820906    0.00000   100%     -    9s
H    0     0                     286.3737000    0.00000   100%     -    9s
     0     0    0.00000    0   80  286.37370    0.00000   100%     -    9s
H    0     0                     278.2003000    0.00000   100%     -   10s
H    0     0                     273.7589667    0.00000   100%     -   10s
     0     0    0.00000    0   80  273.75897    0.00000   100%     -   10s
H    0     0                     252.9038667    0.00000   100%     -   10s
     0     0    0.00000    0   81  252.90387    0.00000   100%     -   12s
     0     0    0.00000    0   81  252.90387    0.00000   100%     -   12s
H    0     0                     247.0190666    0.00000   100%     -   14s
     0     0    0.00000    0   80  247.01907    0.00000   100%     -   14s
     0     0    0.00000    0   80  247.01907    0.00000   100%     -   14s
H    0     0                     243.9989667    0.00000   100%     -   16s
H    0     2                     243.9341332    0.00000   100%     -   18s
     0     2    0.00000    0   80  243.93413    0.00000   100%     -   18s
H   29    20                     243.9341330    0.00000   100%   152   22s
H   30    20                     243.6640333    0.00000   100%   147   22s
H   32    20                     241.5974333    0.00000   100%   141   22s
   247   127    0.00000   47   80  241.59743    0.00000   100%  50.4   25s
   603   376    0.00000   95   80  241.59743    0.00000   100%  28.3   30s
H 1073   607                     241.5974326    0.00000   100%  18.9   33s
  1131   723    0.00000  142   80  241.59743    0.00000   100%  18.5   35s
H 1182   723                     241.5974296    0.00000   100%  17.9   35s
  1936  1223    0.00000  220   80  241.59743    0.00000   100%  13.1   41s
  2740  1631    0.00000  277   80  241.59743    0.00000   100%  11.0   45s
  3848  2410    0.00000  358  102  241.59743    0.00000   100%   9.7   51s
  4819  3385    0.00000  407  132  241.59743    0.00000   100%   8.8   56s
  5889  3602    0.00000  600   80  241.59743    0.00000   100%   8.2   60s

Cutting planes:
  Implied bound: 134
  MIR: 41
  RLT: 3
  Relax-and-lift: 1008

Explored 6065 nodes (69377 simplex iterations) in 60.16 seconds (53.34 work units)
Thread count was 16 (of 16 available processors)

Solution count 10: 241.597 241.597 241.597 ... 273.759

Time limit reached
Best objective 2.415974295833e+02, best bound 0.000000000000e+00, gap 100.0000%

User-callback calls 20961, time in user-callback 0.07 sec
