
Gurobi 10.0.1 (win64) logging started Sun Sep 21 03:28:34 2025

Set parameter LogFile to value "log_group_6/bound_Expr212_s7_l1051_s11_e12_o40_d80_t7200_s32_1_1_1_0.log"
Gurobi Optimizer version 10.0.1 build v10.0.1rc0 (win64)

CPU model: Intel(R) Core(TM) i7-10700 CPU @ 2.90GHz, instruction set [SSE2|AVX|AVX2]
Thread count: 8 physical cores, 16 logical processors, using up to 16 threads

Optimize a model with 658374 rows, 644470 columns and 8727106 nonzeros
Model fingerprint: 0x3b165a4f
Variable types: 470 continuous, 644000 integer (644000 binary)
Coefficient statistics:
  Matrix range     [1e+00, 9e+02]
  Objective range  [1e+00, 1e+00]
  Bounds range     [1e+00, 1e+03]
  RHS range        [1e+00, 9e+02]
Presolve removed 649751 rows and 636487 columns
Presolve time: 4.05s
Presolved: 8623 rows, 7983 columns, 60410 nonzeros
Variable types: 335 continuous, 7648 integer (7644 binary)

Root simplex log...

Iteration    Objective       Primal Inf.    Dual Inf.      Time
       0    3.1656067e+01   1.089000e+03   0.000000e+00      5s
    4765    3.1656067e+01   0.000000e+00   0.000000e+00      6s

Root relaxation: objective 3.165607e+01, 4765 iterations, 0.41 seconds (0.92 work units)

    Nodes    |    Current Node    |     Objective Bounds      |     Work
 Expl Unexpl |  Obj  Depth IntInf | Incumbent    BestBd   Gap | It/Node Time

     0     0   31.65607    0  170          -   31.65607      -     -    6s
     0     0   31.65607    0  136          -   31.65607      -     -    6s
H    0     0                    1832.2942667   31.65607  98.3%     -    6s
H    0     0                    1186.6082000   31.65607  97.3%     -    7s
H    0     0                    1099.6244333   31.65607  97.1%     -    7s
     0     0   31.65607    0  163 1099.62443   31.65607  97.1%     -    7s
H    0     0                     781.9768667   31.65607  96.0%     -    8s
H    0     0                     567.6383333   31.65607  94.4%     -    8s
     0     0   31.65607    0  253  567.63833   31.65607  94.4%     -    8s
H    0     0                     468.6193000   31.65607  93.2%     -    9s
     0     0   31.65607    0  118  468.61930   31.65607  93.2%     -   10s
H    0     0                     444.7079000   31.65607  92.9%     -   10s
H    0     0                     395.8387333   31.65607  92.0%     -   11s
H    0     0                     338.7908000   31.65607  90.7%     -   11s
H    0     0                     308.5552333   31.65607  89.7%     -   11s
     0     0   31.65607    0  115  308.55523   31.65607  89.7%     -   11s
     0     0   31.65607    0  227  308.55523   31.65607  89.7%     -   12s
H    0     0                     308.5327333   31.65607  89.7%     -   13s
H    0     0                     308.5087333   31.65607  89.7%     -   13s
     0     0   31.65607    0  238  308.50873   31.65607  89.7%     -   13s
H    0     0                     301.4946000   33.18559  89.0%     -   16s
     0     0   33.18559    0  229  301.49460   33.18559  89.0%     -   16s
     0     0   33.18559    0  197  301.49460   33.18559  89.0%     -   16s
     0     0   34.11686    0  321  301.49460   34.11686  88.7%     -   17s
     0     0   34.12708    0  515  301.49460   34.12708  88.7%     -   18s
     0     0   34.12708    0  508  301.49460   34.12708  88.7%     -   18s
     0     0   34.27321    0  423  301.49460   34.27321  88.6%     -   19s
     0     0   34.27371    0  411  301.49460   34.27371  88.6%     -   19s
     0     0   35.60711    0  433  301.49460   35.60711  88.2%     -   19s
     0     0   35.60711    0  429  301.49460   35.60711  88.2%     -   20s
H    0     0                     300.6047333   35.60711  88.2%     -   20s
     0     0   39.29243    0  434  300.60473   39.29243  86.9%     -   20s
     0     0   39.29243    0  426  300.60473   39.29243  86.9%     -   20s
H    0     0                     298.2084000   41.53070  86.1%     -   21s
     0     0   41.53070    0  535  298.20840   41.53070  86.1%     -   21s
     0     0   41.71699    0  523  298.20840   41.71699  86.0%     -   21s
     0     0   41.71699    0  523  298.20840   41.71699  86.0%     -   21s
     0     0   44.03522    0  505  298.20840   44.03522  85.2%     -   22s
     0     0   44.03522    0  494  298.20840   44.03522  85.2%     -   22s
     0     0   44.92819    0  366  298.20840   44.92819  84.9%     -   22s
     0     0   44.92819    0  350  298.20840   44.92819  84.9%     -   23s
     0     0   51.36167    0  422  298.20840   51.36167  82.8%     -   23s
H    0     0                     298.2083990   51.80819  82.6%     -   24s
     0     0   51.80819    0  384  298.20840   51.80819  82.6%     -   24s
     0     0   51.80819    0  381  298.20840   51.80819  82.6%     -   24s
     0     0   62.20707    0  417  298.20840   62.20707  79.1%     -   24s
     0     0   62.20707    0  305  298.20840   62.20707  79.1%     -   25s
     0     0   63.68997    0  242  298.20840   63.68997  78.6%     -   25s
     0     0   63.68997    0  239  298.20840   63.68997  78.6%     -   25s
     0     0   75.39493    0  299  298.20840   75.39493  74.7%     -   26s
     0     0   75.39493    0  277  298.20840   75.39493  74.7%     -   26s
     0     0   75.39493    0  251  298.20840   75.39493  74.7%     -   27s
     0     0   75.39493    0  310  298.20840   75.39493  74.7%     -   27s
     0     0   75.39493    0  148  298.20840   75.39493  74.7%     -   28s
     0     0   75.39493    0  262  298.20840   75.39493  74.7%     -   28s
     0     0   75.39493    0  208  298.20840   75.39493  74.7%     -   30s
     0     0   75.39493    0  183  298.20840   75.39493  74.7%     -   30s
     0     2   75.39493    0  183  298.20840   75.39493  74.7%     -   32s
H   34    36                     280.0138667   75.39493  73.1%   661   34s
    39    44  120.69210    6  161  280.01387   75.39493  73.1%   630   35s
H   69    72                     278.6730000   75.39493  72.9%   420   37s
H   69    72                     267.3511333   75.39493  71.8%   420   37s
   150   151  163.87625   19   90  267.35113   75.39493  71.8%   273   40s
H  370   332                     267.3457333   75.94218  71.6%   176   43s
H  420   378                     267.1775667   75.94218  71.6%   164   46s
H  422   378                     267.1775664   75.94218  71.6%   163   46s
H  424   378                     262.2999333   75.94218  71.0%   162   46s
   789   674  154.72086    9  274  262.29993   76.30933  70.9%   140   50s
H  790   674                     260.3389333   76.30933  70.7%   140   50s
H  839   692                     260.3389333   76.64704  70.6%   172   52s
H  844   692                     260.3149333   76.64704  70.6%   172   52s
  1204   939  191.70997   10  330  260.31493   81.49543  68.7%   146   55s
  1473  1005  167.35945  138  183  260.31493   81.60319  68.7%   144   64s
  1475  1006  143.33813  110  129  260.31493   81.60319  68.7%   144   65s
  1482  1011  177.75113  109  447  260.31493  114.97185  55.8%   143   70s
  1493  1018  143.35990   34  475  260.31493  125.74924  51.7%   142   75s
  1500  1023  153.43667   23  580  260.31493  132.29270  49.2%   141   80s
  1510  1030  138.26879   50  524  260.31493  134.63306  48.3%   140   85s
  1518  1035  157.03092   17  626  260.31493  137.73023  47.1%   139   91s
  1524  1039  139.03622   39  654  260.31493  139.03622  46.6%   139   95s
  1531  1044  144.00486   80  649  260.31493  144.00486  44.7%   138  100s
  1539  1049  165.28331   28  658  260.31493  146.48693  43.7%   138  105s
  1546  1054  242.46004   89  666  260.31493  147.46294  43.4%   137  110s
  1554  1059  231.60290   71  626  260.31493  149.20742  42.7%   136  115s
  1560  1063  235.09222   68  650  260.31493  150.64926  42.1%   136  120s
  1570  1070  151.41778   17  656  260.31493  151.41778  41.8%   135  125s
  1578  1075  243.97263   60  666  260.31493  152.36212  41.5%   134  131s
  1584  1079  177.16163   26  661  260.31493  152.78327  41.3%   134  135s
  1589  1083  245.52697   80  209  260.31493  152.78327  41.3%   178  140s
  1596  1088  199.98538   27  639  260.31493  152.78327  41.3%   177  145s
  1604  1093  244.10301   37  613  260.31493  153.93114  40.9%   176  150s
  1613  1099  200.18527   46  629  260.31493  155.11242  40.4%   175  156s
  1619  1103  249.74780   36  621  260.31493  155.96318  40.1%   175  161s
  1623  1106  168.76530  129  601  260.31493  156.42855  39.9%   174  165s
  1628  1110  178.05873   24  407  260.31493  165.36344  36.5%  73.2  170s
  1728  1128     cutoff   33       260.31493  212.30029  18.4%   102  175s
  2259  1262  227.93728   42  154  260.31493  216.10650  17.0%  96.5  180s
  3085  1323  232.14793   47  152  260.31493  216.32326  16.9%  80.4  185s
  4541  1648  245.63364   57  173  260.31493  220.13297  15.4%  65.6  190s
  6396  2425  242.30746   58   81  260.31493  228.68818  12.1%  55.3  195s
  8464  3471  231.31080   43  222  260.31493  231.02189  11.3%  48.9  200s
 10379  4817  235.00566   45   93  260.31493  231.91729  10.9%  44.5  205s
 12832  6372     cutoff   52       260.31493  233.56845  10.3%  40.4  211s
 14800  7264  250.04879  100   58  260.31493  234.46935  9.93%  37.1  217s
 15003  9048  255.72039  127   57  260.31493  234.60725  9.88%  37.1  222s
 18296  9969  253.34314  111   65  260.31493  235.28101  9.62%  33.5  225s
 20688 11555  256.02982  133   44  260.31493  236.13835  9.29%  32.1  230s
 22882 12862  257.65700   93   63  260.31493  236.76784  9.05%  31.3  235s
 25559 14571  240.57492   58   65  260.31493  237.38140  8.81%  30.1  240s
 28351 16237  244.67375   88   48  260.31493  237.88799  8.62%  28.9  245s
 29936 17897  255.63963   90   61  260.31493  238.16245  8.51%  28.4  290s
 33076 19449  249.69057   91   43  260.31493  238.72931  8.29%  27.4  295s
 35526 21012  256.17690   65   52  260.31493  238.99307  8.19%  26.6  300s
 39085 23269  254.27205   52   65  260.31493  239.38127  8.04%  25.7  306s
 41847 25071  255.39651  191   32  260.31493  239.56514  7.97%  24.9  311s
 44505 27251  258.27446  127   57  260.31493  239.72330  7.91%  24.4  319s
 45843 27822     cutoff   71       260.31493  239.83020  7.87%  24.2  320s
 48313 29456  258.52002   76   59  260.31493  240.00285  7.80%  23.8  325s
H49345 29558                     260.2522333  240.08953  7.75%  23.7  327s
 49427 30039  248.40907   85   44  260.25223  240.08953  7.75%  23.6  331s
 51512 30883  254.14872  101   39  260.25223  240.45663  7.61%  23.5  335s
 52843 31737  257.55133   97   48  260.25223  240.69286  7.52%  23.5  340s
 54589 33248  256.95306   79   82  260.25223  240.82629  7.46%  23.4  345s
 57406 34899  256.52102  110   52  260.25223  240.98585  7.40%  23.3  351s
 59328 36217  259.75303   83   62  260.25223  241.25470  7.30%  23.1  358s
 60440 36765  247.39498   76   60  260.25223  241.34725  7.26%  23.0  360s
 63121 38563  246.79643   59  100  260.25223  241.50426  7.20%  22.8  365s
 64808 39730  248.06667  104   33  260.25223  241.61995  7.16%  22.8  370s
 67500 41087  254.55604   61  103  260.25223  241.73435  7.12%  22.7  375s
 70060 42719  259.37540  119   49  260.25223  241.86485  7.07%  22.5  380s
 72600 44091  259.84114  101   36  260.25223  241.99319  7.02%  22.3  386s
 74058 44887  245.56706   73   90  260.25223  242.11910  6.97%  22.3  392s
 75933 46126  253.51973   43  113  260.25223  242.15190  6.95%  22.2  396s
 77942 47422  255.64510  110   51  260.25223  242.27562  6.91%  22.1  400s
 80820 49297  252.75471  109   56  260.25223  242.37020  6.87%  21.8  406s
 82556 49905  259.35485   54   91  260.25223  242.44628  6.84%  21.7  410s
 84216 51354  245.45873   80   54  260.25223  242.51531  6.82%  21.7  416s
 86193 52448     cutoff  138       260.25223  242.58540  6.79%  21.6  420s
 88837 54280  243.96041   79   61  260.25223  242.69829  6.74%  21.4  428s
 89998 54780  249.79451  103   57  260.25223  242.70826  6.74%  21.4  430s
 92508 56544     cutoff   87       260.25223  242.75226  6.72%  21.2  436s
 95173 58107  259.07090   84   41  260.25223  242.81069  6.70%  21.1  441s
 97998 59829  246.40030   64   49  260.25223  242.85340  6.69%  20.9  446s
 99844 60948  256.06015   79   55  260.25223  242.89755  6.67%  20.7  450s
 102997 62876  258.56279   82   46  260.25223  242.96337  6.64%  20.7  456s
 103907 63413  255.54615   82   37  260.25223  242.99527  6.63%  20.6  461s
 105632 64469  249.13087   91   57  260.25223  243.03215  6.62%  20.6  465s
 108660 66108  248.69189   85   52  260.25223  243.06714  6.60%  20.4  470s
 111307 67706     cutoff   74       260.25223  243.16970  6.56%  20.3  476s
 113836 68970  255.53252   82   74  260.25223  243.23580  6.54%  20.3  481s
 115780 70158  255.30679   78   63  260.25223  243.31325  6.51%  20.3  485s
 118453 71922  258.22460  119   35  260.25223  243.35092  6.49%  20.2  494s
 119621 72385  250.11118   47  105  260.25223  243.39096  6.48%  20.2  496s
 122288 73960  251.53570   94   38  260.25223  243.41368  6.47%  20.0  501s
 124133 75218  244.30692   93   58  260.25223  243.43793  6.46%  20.0  505s
 127370 77281     cutoff   89       260.25223  243.44926  6.46%  19.8  511s
 129600 78835  249.45903  100   39  260.25223  243.44926  6.46%  19.6  516s
 132733 80662  247.50003   98   34  260.25223  243.45740  6.45%  19.4  521s
 133760 81506  254.14093  118   32  260.25223  243.46107  6.45%  19.3  526s
 136043 82743  259.14145  118   39  260.25223  243.47139  6.45%  19.2  530s
 138673 84200     cutoff  115       260.25223  243.48340  6.44%  19.0  535s
 141144 85387  258.47412   83   48  260.25223  243.51227  6.43%  19.0  540s
 143389 86704  246.02872   51  167  260.25223  243.52886  6.43%  19.0  545s
 145540 88070  255.15360   71   61  260.25223  243.55541  6.42%  19.0  550s
 148088 89259  244.26646   65   80  260.25223  243.58353  6.40%  18.9  555s
 148978 89883  244.70887   62   93  260.25223  243.59234  6.40%  18.9  560s
 151824 91403  259.32523   79   60  260.25223  243.60224  6.40%  18.9  566s
 153703 92558     cutoff  120       260.25223  243.62656  6.39%  18.8  570s
 155888 93885  249.00662   91   48  260.25223  243.62656  6.39%  18.7  575s
 158429 95327  255.88950  100   66  260.25223  243.63048  6.39%  18.7  580s
 160181 96328  247.82213   75   72  260.25223  243.63121  6.39%  18.8  585s
 162765 98275  258.37543  127   36  260.25223  243.63567  6.38%  18.8  592s
 164001 99238  258.16006  114   63  260.25223  243.64931  6.38%  18.7  597s
 166136 100283  258.10230   81   46  260.25223  243.65332  6.38%  18.6  601s
 168434 102007  253.47624   96   56  260.25223  243.66351  6.37%  18.5  606s
 170283 103049  243.77490  108   54  260.25223  243.67167  6.37%  18.5  610s
 172691 104821  251.88465   66   46  260.25223  243.70222  6.36%  18.5  616s
 174753 106377  249.63250  103   58  260.25223  243.70757  6.36%  18.4  620s
 176566 107338  251.42985   83   53  260.25223  243.70765  6.36%  18.3  626s
 178392 108675  251.72963  101   50  260.25223  243.70765  6.36%  18.3  631s
 179410 109347  255.41437   99   44  260.25223  243.70765  6.36%  18.3  636s
 180710 109355  245.66801   89   54  260.25223  243.70765  6.36%  18.2  640s
 182378 110747  243.70877   92   63  260.25223  243.70877  6.36%  18.2  646s
 182743 111874  257.69071  144   47  260.25223  243.70877  6.36%  18.2  650s
 185693 113589  256.78933  124   44  260.25223  243.71033  6.36%  18.0  656s
 188077 114964  257.70314  108   47  260.25223  243.71053  6.36%  18.0  661s
 189958 115821  250.96087   59   95  260.25223  243.71223  6.36%  17.9  665s
 192185 117290     cutoff  138       260.25223  243.71350  6.35%  17.9  671s
 194411 118737  245.59667   79   85  260.25223  243.71970  6.35%  17.9  679s
 195563 119121  250.89707  130   58  260.25223  243.71970  6.35%  17.9  681s
 197373 120455  254.23373  110   41  260.25223  243.71970  6.35%  17.8  686s
 199542 121653  255.17172  132   41  260.25223  243.72265  6.35%  17.8  690s
 201666 123135  248.80034   80   49  260.25223  243.72265  6.35%  17.7  696s
 203421 124070     cutoff  128       260.25223  243.72377  6.35%  17.7  700s
 205489 125506     cutoff  108       260.25223  243.72377  6.35%  17.7  705s
 207834 126821  251.71920  104   52  260.25223  243.72635  6.35%  17.6  710s
 208926 127482  244.98686  113   59  260.25223  243.72947  6.35%  17.5  715s
 210940 128667  249.59046  151   50  260.25223  243.73123  6.35%  17.5  721s
 213370 129917  251.16197  144   40  260.25223  243.73740  6.35%  17.5  726s
 215526 130931     cutoff  160       260.25223  243.74351  6.34%  17.4  731s
 217321 132188  259.38298   79   40  260.25223  243.74890  6.34%  17.4  736s
 219415 133403  247.27176   87   55  260.25223  243.75239  6.34%  17.3  741s
 221237 134571  252.85424  119   56  260.25223  243.76077  6.34%  17.3  746s
 223274 135728  253.71814  112   51  260.25223  243.76445  6.34%  17.3  750s
 224001 136502  246.04188  100   49  260.25223  243.77107  6.33%  17.3  756s
 226378 137583  245.88332  120   47  260.25223  243.77540  6.33%  17.2  761s
 227944 138762  252.53163   51  106  260.25223  243.78117  6.33%  17.2  766s
 230161 139945     cutoff  149       260.25223  243.78533  6.33%  17.2  771s
 230931 140366  249.73681  115   47  260.25223  243.78874  6.33%  17.1  775s
 233357 141929  250.78477   84   58  260.25223  243.79739  6.32%  17.1  783s
 234436 142834  251.15230   75   52  260.25223  243.79895  6.32%  17.1  786s
 237036 144554  254.54313  116   40  260.25223  243.80650  6.32%  17.0  792s
 238299 145339  246.82459   97   59  260.25223  243.80826  6.32%  17.0  795s
 239479 146137  256.16509  115   33  260.25223  243.81072  6.32%  17.0  801s
 241811 147566     cutoff  121       260.25223  243.82080  6.31%  16.9  807s
 244009 148814     cutoff  144       260.25223  243.82780  6.31%  16.9  812s
 245061 149378  252.92727   89   45  260.25223  243.83166  6.31%  16.9  815s
 247042 150542  253.32848  120   32  260.25223  243.83365  6.31%  16.8  820s
 249318 151922  257.27187  102   40  260.25223  243.83781  6.31%  16.8  826s
 251409 153147  251.62777  105   43  260.25223  243.83951  6.31%  16.7  832s
 253535 153864  243.88791   81   73  260.25223  243.84391  6.30%  16.7  835s
 254407 155046  251.13679   91   43  260.25223  243.84522  6.30%  16.7  843s
 255758 155658  250.12003  123   57  260.25223  243.84570  6.30%  16.7  845s
 257651 157013  249.13606  124   56  260.25223  243.84570  6.30%  16.6  850s
 259937 158113  259.12664  108   33  260.25223  243.85127  6.30%  16.6  856s
 261682 159134  255.74862   99   62  260.25223  243.85511  6.30%  16.6  860s
 263618 160457  257.49796  101   48  260.25223  243.86000  6.30%  16.6  866s
 265383 161545  243.96283   83   45  260.25223  243.86070  6.30%  16.5  871s
 267648 163014  255.22887   90   52  260.25223  243.86540  6.30%  16.5  877s
 268738 163528  255.10226   79   81  260.25223  243.86727  6.30%  16.5  880s
 269852 164446  251.05562   98   39  260.25223  243.86954  6.29%  16.5  886s
 271961 165528  259.49945  114   42  260.25223  243.86954  6.29%  16.4  891s
 273925 166617  249.88088   95   41  260.25223  243.88042  6.29%  16.4  896s
 275787 167795  254.75850  104   38  260.25223  243.88344  6.29%  16.4  901s
 277823 168979  253.87389  113   31  260.25223  243.88691  6.29%  16.4  907s
 278732 169741  251.71299   81   59  260.25223  243.88865  6.29%  16.4  910s
 280593 170923  257.85000  101   37  260.25223  243.90259  6.28%  16.4  915s
 282494 171978  246.31215   58   98  260.25223  243.90616  6.28%  16.3  920s
 284590 173498  243.91932  105   48  260.25223  243.91779  6.28%  16.3  929s
 285803 173518     cutoff  140       260.25223  243.91932  6.28%  16.3  931s
 286630 174720  249.80226   85   50  260.25223  243.91932  6.28%  16.3  936s
 288622 175847  259.99360  116   23  260.25223  243.92822  6.27%  16.3  943s
 289890 176546  251.49435   89   51  260.25223  243.93331  6.27%  16.3  946s
 292241 178012  247.36128  139   54  260.25223  243.93591  6.27%  16.2  952s
 293422 178703  253.94219  100   35  260.25223  243.94098  6.27%  16.2  956s
 295498 179806  258.76369  100   35  260.25223  243.94592  6.27%  16.2  961s
 297439 181241  248.32467  128   40  260.25223  243.95576  6.26%  16.2  967s
 298573 181953  247.89053   72   56  260.25223  243.95811  6.26%  16.2  970s
 299561 182669  250.25567   66   52  260.25223  243.96165  6.26%  16.1  976s
 301517 183567  247.67555   99   63  260.25223  243.96530  6.26%  16.1  981s
 303410 184751  258.28720   73   63  260.25223  243.97216  6.26%  16.1  987s
 304597 185387  251.26686  160   32  260.25223  243.97442  6.25%  16.1  990s
 306672 186371     cutoff  136       260.25223  243.98305  6.25%  16.1  996s
 308587 187668  253.97145  120   41  260.25223  243.99165  6.25%  16.1 1002s
 309762 188222  256.62071  100   45  260.25223  243.99240  6.25%  16.1 1005s
 311863 189346  250.69321  128   45  260.25223  244.00073  6.24%  16.1 1012s
 313850 190632  248.21533   73   52  260.25223  244.00816  6.24%  16.1 1018s
 315059 191434  258.87416  107   37  260.25223  244.00905  6.24%  16.0 1024s
 316343 192182  254.55215   77   61  260.25223  244.00910  6.24%  16.0 1027s
 317400 192803  251.33448  106   47  260.25223  244.00920  6.24%  16.0 1032s
 318320 193508  249.44461   84   72  260.25223  244.01019  6.24%  16.0 1036s
 320407 194772  248.32124  148   41  260.25223  244.01680  6.24%  16.0 1042s
 321633 195390  254.59140   87   43  260.25223  244.01837  6.24%  16.0 1045s
 324115 196830  252.04058  105   43  260.25223  244.02282  6.24%  15.9 1052s
 325147 197577  256.23280   93   42  260.25223  244.02491  6.24%  15.9 1055s
 327376 198993     cutoff  132       260.25223  244.02630  6.23%  15.9 1062s
 329306 199930     cutoff  100       260.25223  244.02830  6.23%  15.9 1067s
 330219 200773  247.62377   90   48  260.25223  244.03042  6.23%  15.9 1074s
 331585 201440  258.64248  109   47  260.25223  244.03045  6.23%  15.9 1077s
 332635 201972  258.74731  121   34  260.25223  244.03330  6.23%  15.9 1080s
 334307 203091  253.86243  120   52  260.25223  244.03334  6.23%  15.9 1085s
 336227 204288     cutoff  134       260.25223  244.03965  6.23%  15.8 1092s
 337226 204799  256.63317  116   40  260.25223  244.03965  6.23%  15.8 1095s
 339187 206093  251.77378  114   37  260.25223  244.03965  6.23%  15.8 1101s
 341282 207581  259.98630  105   39  260.25223  244.04854  6.23%  15.8 1107s
 342351 207939  248.23956  104   42  260.25223  244.05170  6.22%  15.8 1110s
 343946 209159  257.33017  134   36  260.25223  244.05840  6.22%  15.8 1116s
 344807 209796  254.91895  117   40  260.25223  244.06326  6.22%  15.8 1122s
 345911 210584  254.42826   83   56  260.25223  244.06876  6.22%  15.8 1126s
 348098 211840  250.03562   94   41  260.25223  244.07201  6.22%  15.7 1133s
 349193 212294  249.27877   72   44  260.25223  244.07513  6.22%  15.7 1135s
 350909 213448     cutoff  138       260.25223  244.07964  6.21%  15.7 1143s
 352088 213963     cutoff   56       260.25223  244.08440  6.21%  15.7 1146s
 353837 215217  251.24454   96   54  260.25223  244.09099  6.21%  15.7 1152s
 355042 215900  245.94365  105   31  260.25223  244.09135  6.21%  15.7 1155s
 357126 217137  246.97106   66   62  260.25223  244.09509  6.21%  15.7 1161s
 359007 218237  245.64741   93   39  260.25223  244.09905  6.21%  15.7 1167s
 359896 218859  253.79437   79   54  260.25223  244.10094  6.21%  15.7 1173s
 360766 219664  251.47094  128   45  260.25223  244.10340  6.21%  15.7 1176s
 362046 220335  254.06885   67   51  260.25223  244.10389  6.20%  15.7 1180s
 363891 221460  245.18466   94   49  260.25223  244.11645  6.20%  15.6 1186s
 365748 222646  259.53254  147   28  260.25223  244.11727  6.20%  15.6 1192s
 366728 223395     cutoff  109       260.25223  244.11840  6.20%  15.6 1195s
 368907 224736  254.71804  116   40  260.25223  244.13025  6.19%  15.6 1202s
 370881 225944  253.09811  103   40  260.25223  244.13660  6.19%  15.6 1207s
 371854 226554  257.26243  130   33  260.25223  244.14062  6.19%  15.6 1211s
 373676 227718  259.57402  154   31  260.25223  244.14602  6.19%  15.6 1217s
 374589 228286  244.94640   86   46  260.25223  244.14602  6.19%  15.5 1222s
 375391 228831  258.42114  127   38  260.25223  244.15095  6.19%  15.5 1230s
 376391 230142     cutoff  142       260.25223  244.15242  6.19%  15.5 1238s
 378649 230990  251.04938   97   41  260.25223  244.16068  6.18%  15.5 1244s
 380226 231910  255.19561  121   41  260.25223  244.16568  6.18%  15.5 1249s
 381817 232308  260.10885  129   38  260.25223  244.16896  6.18%  15.5 1252s
 382775 232987 infeasible  104       260.25223  244.17000  6.18%  15.5 1256s
 383916 233634  258.81604   81   50  260.25223  244.17421  6.18%  15.5 1260s
 385910 234478  255.07080  119   37  260.25223  244.18574  6.17%  15.5 1267s
 387000 235115  252.08580  117   34  260.25223  244.18624  6.17%  15.5 1271s
 388085 235804  244.26197   67   77  260.25223  244.19167  6.17%  15.5 1275s
 389298 236309     cutoff   68       260.25223  244.19927  6.17%  15.5 1281s
 390302 236983  251.49831   93   50  260.25223  244.20339  6.17%  15.5 1285s
 392236 237936     cutoff   73       260.25223  244.21193  6.16%  15.5 1291s
 392984 238690     cutoff  109       260.25223  244.21193  6.16%  15.5 1295s
 394553 239481  258.84110  136   44  260.25223  244.21402  6.16%  15.5 1301s
 395553 240063  252.09110   93   45  260.25223  244.21741  6.16%  15.5 1305s
 397910 241206  259.14140   92   57  260.25223  244.23207  6.16%  15.5 1312s
 398738 241867  253.15556  120   48  260.25223  244.23207  6.16%  15.5 1315s
 400882 243030     cutoff  105       260.25223  244.23477  6.15%  15.5 1322s
 401781 243730     cutoff  122       260.25223  244.23856  6.15%  15.5 1326s
 403958 245080  254.93225  111   73  260.25223  244.24992  6.15%  15.5 1335s
 404855 245804  247.32327   89   65  260.25223  244.24992  6.15%  15.5 1340s
 406988 247038  246.95276   94   60  260.25223  244.26412  6.14%  15.4 1346s
 408087 247567  255.12832  114   45  260.25223  244.26761  6.14%  15.4 1350s
 410034 248639  251.57167  100   40  260.25223  244.27693  6.14%  15.4 1357s
 410947 249098     cutoff  151       260.25223  244.28240  6.14%  15.4 1360s
 413036 250358  258.79499  116   55  260.25223  244.28776  6.13%  15.4 1368s
 414018 251128     cutoff   85       260.25223  244.28776  6.13%  15.4 1371s
 416108 252319  253.92357  118   64  260.25223  244.29629  6.13%  15.4 1378s
 417121 252839  255.20744  128   41  260.25223  244.29740  6.13%  15.4 1382s
 418074 253412     cutoff  134       260.25223  244.30104  6.13%  15.4 1386s
 419216 253915  249.57599  103   49  260.25223  244.30507  6.13%  15.4 1392s
 420198 254355     cutoff  125       260.25223  244.30664  6.13%  15.4 1395s
 420928 255178  250.68826   82   72  260.25223  244.30718  6.13%  15.4 1400s
 423481 256406  255.73020  115   44  260.25223  244.31181  6.12%  15.4 1407s
 424440 256869  257.17301  111   35  260.25223  244.31843  6.12%  15.4 1412s
 425345 257595     cutoff  124       260.25223  244.32059  6.12%  15.4 1416s
 427306 258923  246.29099  109   38  260.25223  244.32582  6.12%  15.4 1423s
 428449 259222  251.52109  109   45  260.25223  244.32925  6.12%  15.4 1425s
 430254 260535  251.67396  118   53  260.25223  244.33476  6.12%  15.4 1433s
 431216 261254     cutoff  114       260.25223  244.33483  6.12%  15.4 1436s
 432324 261824  244.53818   93   46  260.25223  244.33923  6.11%  15.4 1440s
 434462 263000  250.93397   80   55  260.25223  244.35245  6.11%  15.4 1449s
 435257 263482  253.57863  123   37  260.25223  244.35469  6.11%  15.4 1454s
 436405 264217  250.22679  105   47  260.25223  244.35922  6.11%  15.4 1458s
 437590 264567  255.50625  106   46  260.25223  244.36829  6.10%  15.4 1461s
 438190 265282  253.83963  110   38  260.25223  244.36939  6.10%  15.4 1466s
 439550 266093  246.62871   99   40  260.25223  244.37440  6.10%  15.4 1470s
 440714 266776  247.62447   72   74  260.25223  244.37706  6.10%  15.4 1475s
 442054 267705  247.46380   76   68  260.25223  244.37777  6.10%  15.4 1480s
 443440 268674  247.47385   96   48  260.25223  244.38076  6.10%  15.4 1486s
 444953 269430  258.82907  106   45  260.25223  244.38471  6.10%  15.4 1490s
 447339 271391  256.20897   83   43  260.25223  244.38639  6.10%  15.4 1499s
 448706 271869  253.10478  114   52  260.25223  244.38639  6.10%  15.4 1503s
 449722 272439  251.73042  130   41  260.25223  244.38639  6.10%  15.4 1510s
 450655 273414     cutoff  130       260.25223  244.38705  6.10%  15.4 1516s
 452204 274220  257.76921   92   59  260.25223  244.38851  6.10%  15.4 1521s
 453645 275212  253.11480  100   38  260.25223  244.39313  6.09%  15.4 1526s
 455149 276372  249.44342  110   37  260.25223  244.39618  6.09%  15.4 1532s
 456666 277272  244.58294   93   46  260.25223  244.39843  6.09%  15.4 1537s
 457906 278160  247.55113   87   43  260.25223  244.39843  6.09%  15.4 1541s
 459205 278746  256.11843  116   32  260.25223  244.39843  6.09%  15.4 1545s
 461296 280432  253.25835  124   54  260.25223  244.39843  6.09%  15.4 1555s
 463916 281863  252.13943   99   44  260.25223  244.39843  6.09%  15.4 1564s
 465333 282331  255.87450  123   38  260.25223  244.40022  6.09%  15.4 1571s
 466394 283158  256.59156   94   55  260.25223  244.40139  6.09%  15.4 1576s
 467550 284102  244.54226   79   64  260.25223  244.40143  6.09%  15.4 1582s
 469016 285279  250.47728  111   58  260.25223  244.40150  6.09%  15.4 1588s
 470750 286338  244.41343   90   58  260.25223  244.40436  6.09%  15.4 1594s
 472312 287419  259.79099  121   31  260.25223  244.40533  6.09%  15.4 1599s
 473785 288112     cutoff  146       260.25223  244.40563  6.09%  15.4 1604s
 475040 288861  248.41070  106   46  260.25223  244.40952  6.09%  15.4 1609s
 476393 289443  246.39783   87   57  260.25223  244.41266  6.09%  15.4 1613s
 477201 290609     cutoff  101       260.25223  244.41343  6.09%  15.4 1620s
 478941 291518  250.48449  105   33  260.25223  244.41343  6.09%  15.4 1625s
 480545 292628  259.13942  117   39  260.25223  244.41343  6.09%  15.3 1634s
 482178 293564  246.28743   78   52  260.25223  244.41343  6.09%  15.3 1639s
 483526 294277  253.47266   92   49  260.25223  244.41343  6.09%  15.3 1643s
 484666 294957  246.67702  129   37  260.25223  244.41343  6.09%  15.3 1647s
 485687 295684  260.25141  122   45  260.25223  244.41343  6.09%  15.3 1651s
 487076 296468  255.79633  124   39  260.25223  244.41343  6.09%  15.3 1658s
 488019 296923  252.19725   94   55  260.25223  244.41343  6.09%  15.3 1662s
 489169 297572     cutoff  142       260.25223  244.41576  6.09%  15.3 1667s
 490329 298172  253.72423  106   43  260.25223  244.41652  6.08%  15.3 1671s
 491414 298685  252.49420  103   49  260.25223  244.41652  6.08%  15.3 1681s
H491509 298685                     260.2521848  244.41652  6.08%  15.3 1681s
 492182 299337  246.64654  124   45  260.25218  244.42001  6.08%  15.3 1685s
 493197 300350  253.49779  111   45  260.25218  244.42033  6.08%  15.3 1691s
 494837 301293  257.02201  112   33  260.25218  244.42157  6.08%  15.3 1696s
 496193 301948  255.76919  114   34  260.25218  244.42310  6.08%  15.3 1703s
 497165 303139  251.05951  109   53  260.25218  244.42556  6.08%  15.3 1710s
 500131 304504     cutoff  120       260.25218  244.42577  6.08%  15.3 1718s
 501359 305427  252.58598  129   54  260.25218  244.42703  6.08%  15.3 1723s
 502706 306188  259.97026   94   89  260.25218  244.42790  6.08%  15.3 1728s
 503832 306791  257.67977   88   39  260.25218  244.42793  6.08%  15.3 1732s
 504927 307479  253.27187  128   31  260.25218  244.42878  6.08%  15.3 1736s
 505973 308366  252.45606   90   58  260.25218  244.42957  6.08%  15.3 1741s
 507333 309310  249.20950   97   58  260.25218  244.43193  6.08%  15.3 1746s
 508686 309830  256.31989  113   47  260.25218  244.43422  6.08%  15.3 1750s
 509611 310632  249.24745  112   69  260.25218  244.43475  6.08%  15.3 1755s
 510767 311466  246.53767   91   73  260.25218  244.43577  6.08%  15.3 1762s
 511998 312133  246.46060  120   42  260.25218  244.43694  6.08%  15.3 1767s
 513123 312879  254.64867   79   45  260.25218  244.43936  6.08%  15.3 1771s
 514304 313360  252.34202   61   48  260.25218  244.43938  6.08%  15.3 1775s
 516223 314800  254.21659  110   48  260.25218  244.44244  6.07%  15.3 1784s
 517586 315548     cutoff   97       260.25218  244.44388  6.07%  15.3 1789s
 518806 316132  254.25449  114   38  260.25218  244.44530  6.07%  15.3 1793s
 519752 316831     cutoff  150       260.25218  244.44750  6.07%  15.3 1798s
 520954 317288 infeasible   58       260.25218  244.44866  6.07%  15.3 1801s
 521869 317823  253.02840   77   52  260.25218  244.45070  6.07%  15.3 1805s
 522861 318533  245.32733   94   52  260.25218  244.45413  6.07%  15.3 1810s
 524152 319216     cutoff   76       260.25218  244.45566  6.07%  15.3 1815s
 525346 319847  252.72343  101   43  260.25218  244.45774  6.07%  15.3 1822s
 526360 320470  258.13922  102   57  260.25218  244.45894  6.07%  15.3 1826s
 527407 321059  251.17563  102   45  260.25218  244.46415  6.07%  15.3 1831s
 528723 321775  245.66794   94   70  260.25218  244.46601  6.07%  15.3 1836s
 529710 322640  246.77501   97   60  260.25218  244.46844  6.06%  15.3 1841s
 531741 324056  258.24393   77   53  260.25218  244.47168  6.06%  15.3 1850s
 533059 324785  253.02003   62   54  260.25218  244.47419  6.06%  15.3 1855s
 534415 325641  259.27463  103   65  260.25218  244.47713  6.06%  15.3 1860s
 536630 326844  255.76263  131   36  260.25218  244.47942  6.06%  15.3 1869s
 537969 327482  248.78397  107   64  260.25218  244.47942  6.06%  15.3 1873s
 538982 327999  254.68413  113   37  260.25218  244.48499  6.06%  15.3 1877s
 539817 328601  258.17945   80   69  260.25218  244.48682  6.06%  15.3 1885s
 541713 329980  252.56373   93   57  260.25218  244.49038  6.06%  15.3 1894s
 543144 330751  249.17132   92   75  260.25218  244.49303  6.06%  15.3 1899s
 544435 331357  256.47651  122   38  260.25218  244.49303  6.06%  15.3 1903s
 545439 332078     cutoff   97       260.25218  244.49303  6.06%  15.3 1908s
 546593 332793  248.87641  122   39  260.25218  244.49691  6.05%  15.3 1912s
 547641 333627  251.85415   88   57  260.25218  244.50058  6.05%  15.3 1918s
 548947 334354  257.68969  113   54  260.25218  244.50418  6.05%  15.3 1923s
 550108 334942  257.88633  111   47  260.25218  244.50560  6.05%  15.3 1928s
 551152 335773  257.07489  101   51  260.25218  244.50676  6.05%  15.3 1933s
 552490 336668  252.38402   93   39  260.25218  244.50912  6.05%  15.3 1939s
 553873 337436  250.60899   92   36  260.25218  244.51080  6.05%  15.3 1944s
 555040 338240  251.98008  104   39  260.25218  244.51239  6.05%  15.3 1952s
 556351 339227  256.78304  107   37  260.25218  244.51239  6.05%  15.3 1959s
 557922 339794     cutoff   56       260.25218  244.51239  6.05%  15.3 1964s
 559000 340418  253.65659  126   38  260.25218  244.51361  6.05%  15.3 1969s
 560270 341153  245.36395   71   62  260.25218  244.51503  6.05%  15.3 1973s
 561331 342104  257.66391  170   49  260.25218  244.51528  6.05%  15.3 1978s
 562723 342893  245.23698   78   68  260.25218  244.51839  6.05%  15.3 1983s
 563902 343759  258.05989  108   36  260.25218  244.51877  6.05%  15.3 1989s
 565235 344400  257.85341   99   60  260.25218  244.51956  6.05%  15.3 1994s
 566239 345083  250.11526  123   39  260.25218  244.52013  6.04%  15.3 1999s
 567344 345685  255.35048  124   38  260.25218  244.52013  6.04%  15.3 2003s
 568370 346454  252.01297  105   46  260.25218  244.52138  6.04%  15.3 2008s
 569726 347428     cutoff   93       260.25218  244.52283  6.04%  15.3 2017s
 571233 348195  252.54346  105   49  260.25218  244.52443  6.04%  15.3 2022s
 572338 348990  256.65532  126   36  260.25218  244.52443  6.04%  15.3 2028s
 573724 349825  250.09920  113   38  260.25218  244.52443  6.04%  15.3 2033s
 575128 350431  259.92133  115   28  260.25218  244.52443  6.04%  15.2 2038s
 576253 351431  256.69631  108   34  260.25218  244.52443  6.04%  15.2 2043s
 577723 352137     cutoff   76       260.25218  244.52471  6.04%  15.2 2048s
 578961 352879  248.74245   66   53  260.25218  244.52657  6.04%  15.2 2053s
 580253 353521  248.65309   96   43  260.25218  244.52739  6.04%  15.2 2058s
 581237 354354  250.22800  105   41  260.25218  244.52739  6.04%  15.2 2064s
 582691 355148  248.81659   86   40  260.25218  244.52739  6.04%  15.2 2069s
 583887 355826  244.76112   96   51  260.25218  244.52743  6.04%  15.2 2073s
 585005 356734  249.42571   96   39  260.25218  244.52743  6.04%  15.2 2082s
 586592 357484  244.61194   89   67  260.25218  244.52802  6.04%  15.2 2087s
 587828 358207  252.12507   94   61  260.25218  244.52923  6.04%  15.2 2092s
 589041 358483  251.07410  127   42  260.25218  244.52992  6.04%  15.2 2096s
 589394 359123  257.54037  142   37  260.25218  244.53010  6.04%  15.2 2100s
 590332 359900  250.99168  135   48  260.25218  244.53065  6.04%  15.2 2105s
 591526 360800     cutoff   96       260.25218  244.53065  6.04%  15.2 2110s
 592920 361733  257.09730  118   55  260.25218  244.53154  6.04%  15.2 2116s
 594389 362616  249.59283  106   53  260.25218  244.53191  6.04%  15.2 2122s
 595855 363440  253.93628  163   33  260.25218  244.53287  6.04%  15.2 2128s
 597164 364295  254.60736   89   73  260.25218  244.53332  6.04%  15.2 2134s
 598510 364770  250.77754  111   43  260.25218  244.53462  6.04%  15.2 2138s
 599368 365353  244.53468  101   46  260.25218  244.53462  6.04%  15.2 2143s
 600499 366214     cutoff   84       260.25218  244.53468  6.04%  15.2 2151s
 601881 366911  253.66258  132   35  260.25218  244.53468  6.04%  15.2 2156s
 603157 367456     cutoff  154       260.25218  244.53556  6.04%  15.2 2162s
 604405 368188  258.53107  133   39  260.25218  244.53578  6.04%  15.2 2168s
 605781 368896  255.16998  110   55  260.25218  244.53578  6.04%  15.2 2173s
 607091 369617  248.49786  117   57  260.25218  244.53657  6.04%  15.2 2178s
 608241 370317  245.79099  108   66  260.25218  244.53733  6.04%  15.2 2182s
 609297 370711  253.04640  109   44  260.25218  244.53812  6.04%  15.2 2186s
 610097 371558  253.93815   94   53  260.25218  244.53829  6.04%  15.2 2191s
 611440 372174  255.98372  131   26  260.25218  244.53867  6.04%  15.2 2197s
 612488 373058  260.03459  144   40  260.25218  244.53943  6.04%  15.2 2203s
 614029 373866     cutoff  125       260.25218  244.53943  6.04%  15.2 2209s
 615335 374734  246.64182  108   49  260.25218  244.53957  6.04%  15.2 2218s
 616871 375446  251.55575  136   40  260.25218  244.54133  6.04%  15.1 2222s
 617959 376360  249.45206  114   47  260.25218  244.54264  6.04%  15.1 2228s
 619307 377079     cutoff  137       260.25218  244.54311  6.04%  15.1 2234s
 620427 377532  248.80636   94   37  260.25218  244.54313  6.04%  15.1 2238s
 621387 378338  250.10819  112   40  260.25218  244.54388  6.04%  15.1 2243s
 622676 379169  259.59618  116   38  260.25218  244.54468  6.04%  15.1 2249s
 623969 379938  257.48106  114   43  260.25218  244.54493  6.04%  15.1 2254s
 625299 380815  259.35588   96   29  260.25218  244.54586  6.04%  15.1 2260s
 626729 381433  253.90711  126   46  260.25218  244.54681  6.03%  15.1 2265s
 627950 381948  250.49824   90   53  260.25218  244.54775  6.03%  15.1 2270s
 630010 383324  251.33401   81   37  260.25218  244.55001  6.03%  15.1 2283s
 631500 384080  256.85141  110   45  260.25218  244.55117  6.03%  15.1 2288s
 632580 384969  256.31386  141   30  260.25218  244.55126  6.03%  15.1 2294s
 633900 385710     cutoff  119       260.25218  244.55175  6.03%  15.1 2304s
 635079 386229     cutoff  102       260.25218  244.55203  6.03%  15.1 2310s
 635961 387599  251.44119  133   42  260.25218  244.55325  6.03%  15.1 2318s
 637952 388616  245.56272   82   51  260.25218  244.55461  6.03%  15.1 2325s
 639555 389313  249.10506   92   36  260.25218  244.55779  6.03%  15.1 2331s
 640914 390261  255.32316  128   44  260.25218  244.55886  6.03%  15.1 2338s
 642424 391079  249.78764  109   46  260.25218  244.56094  6.03%  15.1 2344s
 643703 392051  248.21923  113   44  260.25218  244.56247  6.03%  15.1 2350s
 645147 393016  259.11370  137   45  260.25218  244.56291  6.03%  15.1 2359s
 646553 393834     cutoff  103       260.25218  244.56291  6.03%  15.1 2364s
 647768 394632  254.62600  104   41  260.25218  244.56369  6.03%  15.1 2370s
 648901 395344  259.57440  130   40  260.25218  244.56410  6.03%  15.1 2376s
 650035 396332  247.89116  132   43  260.25218  244.56410  6.03%  15.1 2382s
 651504 397121  259.53064  120   39  260.25218  244.56410  6.03%  15.1 2388s
 652752 397701  252.89706  118   47  260.25218  244.56554  6.03%  15.1 2393s
 653928 398448     cutoff  130       260.25218  244.56609  6.03%  15.1 2400s
 656019 400056  247.08751   86   70  260.25218  244.56866  6.03%  15.1 2411s
 657470 400740  257.00554  123   29  260.25218  244.56939  6.03%  15.1 2417s
 658751 401509  248.85375   61   83  260.25218  244.57127  6.03%  15.1 2423s
 660155 402321  244.57263   89   80  260.25218  244.57242  6.02%  15.1 2431s
 661283 403325  252.96127   97   69  260.25218  244.57263  6.02%  15.1 2438s
 662896 403482     cutoff  130       260.25218  244.57460  6.02%  15.1 2443s
 663140 404403     cutoff   85       260.25218  244.57515  6.02%  15.1 2450s
 664515 404878  248.66389  111   36  260.25218  244.57573  6.02%  15.1 2455s
 665681 405792  255.81316  101   40  260.25218  244.57576  6.02%  15.1 2462s
 667234 406277     cutoff  124       260.25218  244.57673  6.02%  15.1 2467s
 668186 407205  251.23566  114   55  260.25218  244.57746  6.02%  15.1 2474s
 669747 407997  246.64876  118   43  260.25218  244.57868  6.02%  15.1 2481s
 671187 408788  246.59201  122   40  260.25218  244.57910  6.02%  15.1 2487s
 672390 409437  258.94963  138   44  260.25218  244.57910  6.02%  15.1 2493s
 673754 410336  245.71906  104   76  260.25218  244.58090  6.02%  15.1 2500s
 675182 411232  259.69845  136   30  260.25218  244.58225  6.02%  15.1 2510s
 676678 412039  246.66795   68   64  260.25218  244.58365  6.02%  15.1 2515s
 678541 413051  257.52311  116   45  260.25218  244.58507  6.02%  15.1 2525s
 679744 413879  249.77927  107   42  260.25218  244.58559  6.02%  15.1 2532s
 681156 414770  260.19241  126   66  260.25218  244.58645  6.02%  15.1 2538s
 682507 415716  258.70307  118   41  260.25218  244.58795  6.02%  15.1 2545s
 683937 416320  244.59704   86   47  260.25218  244.58798  6.02%  15.1 2551s
 685018 417079  250.94564  131   42  260.25218  244.59024  6.02%  15.1 2557s
 686379 417959  253.36937  102   57  260.25218  244.59073  6.02%  15.1 2564s
 687053 417959  244.59073   80   58  260.25218  244.59073  6.02%  15.1 2565s
 687685 418641  250.86044  114   53  260.25218  244.59073  6.02%  15.1 2570s
 688893 419417  259.51924  111   49  260.25218  244.59073  6.02%  15.1 2576s
 690174 420322  247.49131   95   37  260.25218  244.59073  6.02%  15.1 2586s
 691752 421067  249.58673  110   49  260.25218  244.59177  6.02%  15.0 2592s
 692935 421688     cutoff  139       260.25218  244.59281  6.02%  15.0 2597s
 694002 422429  246.27909  144   41  260.25218  244.59394  6.02%  15.0 2602s
 695164 423240  251.24014   86   77  260.25218  244.59486  6.02%  15.0 2609s
 696310 423805  244.70448   73   91  260.25218  244.59608  6.02%  15.0 2613s
 697246 424601  260.18258  124   29  260.25218  244.59609  6.02%  15.0 2619s
 698528 425308  252.98968   88   91  260.25218  244.59709  6.02%  15.0 2625s
 699678 426051  248.08185   93   55  260.25218  244.59855  6.01%  15.0 2631s
 700824 426801  259.92578  114   43  260.25218  244.59959  6.01%  15.0 2637s
 702202 427260  259.11379  116   51  260.25218  244.60049  6.01%  15.0 2644s
 703251 427949     cutoff   87       260.25218  244.60191  6.01%  15.0 2649s
 704375 428799     cutoff  131       260.25218  244.60338  6.01%  15.0 2656s
 705743 429660  255.47367  112   63  260.25218  244.60417  6.01%  15.0 2665s
 707054 430526  259.12260   70   41  260.25218  244.60673  6.01%  15.0 2671s
 708362 431174  245.74138   92   62  260.25218  244.60685  6.01%  15.0 2676s
 709336 431808  256.17502  139   41  260.25218  244.60813  6.01%  15.0 2682s
 710447 432827     cutoff   82       260.25218  244.60813  6.01%  15.1 2689s
 712001 433528  247.50737  117   50  260.25218  244.60813  6.01%  15.0 2697s
 713182 433967  255.18188  116   61  260.25218  244.60986  6.01%  15.0 2702s
 714224 434675  253.66871  107   47  260.25218  244.61167  6.01%  15.1 2708s
 715428 435198     cutoff  110       260.25218  244.61227  6.01%  15.1 2714s
 716644 435904  254.84176  102   51  260.25218  244.61302  6.01%  15.1 2720s
 717723 436674  249.35758  119   41  260.25218  244.61330  6.01%  15.1 2727s
 719076 437448     cutoff   72       260.25218  244.61528  6.01%  15.1 2734s
 720436 438328  250.01344  107   62  260.25218  244.61593  6.01%  15.1 2743s
 721826 438709  248.37397   84   65  260.25218  244.61735  6.01%  15.1 2748s
 722389 439638  248.36108   99   61  260.25218  244.61840  6.01%  15.1 2756s
 723826 440428  251.65852  100   52  260.25218  244.62008  6.01%  15.1 2763s
 725264 441232  250.03857  131   38  260.25218  244.62133  6.01%  15.1 2770s
 726695 442052  254.54777   81   61  260.25218  244.62313  6.01%  15.1 2777s
 728038 442951  250.16721  103   54  260.25218  244.62313  6.01%  15.1 2784s
 729306 443881  248.41130   94   56  260.25218  244.62313  6.01%  15.1 2791s
 730638 444516  259.91352  105   53  260.25218  244.62313  6.01%  15.1 2797s
 731578 445194  258.59642  102   62  260.25218  244.62313  6.01%  15.1 2803s
 732656 446194  250.77003  119   41  260.25218  244.62354  6.01%  15.1 2810s
 734087 446830  257.07834  173   19  260.25218  244.62620  6.00%  15.1 2816s
 735187 447566  259.82021  123   36  260.25218  244.62889  6.00%  15.1 2825s
 736346 448184  257.09815  141   37  260.25218  244.62944  6.00%  15.1 2832s
 737649 448988  253.41991  108   56  260.25218  244.63010  6.00%  15.1 2839s
 738939 449677     cutoff  104       260.25218  244.63229  6.00%  15.1 2846s
 740333 450282  249.55380   62   50  260.25218  244.63246  6.00%  15.1 2853s
 741501 451092  246.16708   80   56  260.25218  244.63406  6.00%  15.1 2860s
 742793 452113  255.72407  129   27  260.25218  244.63573  6.00%  15.1 2867s
 744286 452746     cutoff  156       260.25218  244.63691  6.00%  15.1 2874s
 745433 453267  247.15496   59   67  260.25218  244.63773  6.00%  15.1 2880s
 746429 454251  258.69920  106   50  260.25218  244.64004  6.00%  15.1 2887s
 747969 454769  259.63544  142   44  260.25218  244.64068  6.00%  15.1 2895s
 749079 455574  258.87014  135   31  260.25218  244.64068  6.00%  15.1 2902s
 750298 456501  252.19517  106   57  260.25218  244.64409  6.00%  15.1 2911s
 751582 457260  247.61685   93   59  260.25218  244.64409  6.00%  15.1 2917s
 752718 458097     cutoff  111       260.25218  244.64409  6.00%  15.1 2925s
 754086 458510  258.65860  105   36  260.25218  244.64564  6.00%  15.1 2931s
 754993 459092  245.38412   93   49  260.25218  244.64669  6.00%  15.1 2937s
 756041 459758  245.50772   78   52  260.25218  244.64702  6.00%  15.1 2944s
 757294 460701  260.04267  125   35  260.25218  244.64801  6.00%  15.1 2952s
 758792 461424  258.10955  108   43  260.25218  244.64969  6.00%  15.1 2959s
 759898 462409  255.96835  115   35  260.25218  244.65030  5.99%  15.1 2967s
 761473 463229     cutoff  101       260.25218  244.65116  5.99%  15.1 2974s
 762705 464089  255.93022  147   33  260.25218  244.65276  5.99%  15.1 2982s
 764008 464825  254.16332  100   50  260.25218  244.65389  5.99%  15.1 2989s
 765279 465625  258.51541  133   42  260.25218  244.65560  5.99%  15.1 2999s
 766436 466612     cutoff  108       260.25218  244.65613  5.99%  15.1 3006s
 767925 467359  252.64006   98   43  260.25218  244.65613  5.99%  15.1 3013s
 769233 468119  256.50030  118   41  260.25218  244.65613  5.99%  15.1 3020s
 770483 469021  245.68912  102   37  260.25218  244.65804  5.99%  15.1 3028s
 771973 469576     cutoff  125       260.25218  244.65923  5.99%  15.1 3034s
 772920 470141  247.04109   93   50  260.25218  244.65949  5.99%  15.1 3040s
 773967 470950  259.44140  113   34  260.25218  244.66004  5.99%  15.1 3048s
 775265 471163  249.39549   87   35  260.25218  244.66076  5.99%  15.1 3053s
 775603 471937     cutoff   80       260.25218  244.66135  5.99%  15.1 3060s
 776796 472576  250.31951   93   36  260.25218  244.66252  5.99%  15.1 3067s
 778012 473354  256.68904  100   39  260.25218  244.66345  5.99%  15.1 3075s
 779349 474171  255.13048  102   75  260.25218  244.66613  5.99%  15.1 3082s
 780605 474752  256.06354  104   53  260.25218  244.66730  5.99%  15.1 3091s
 781600 475662  249.06158  123   40  260.25218  244.66758  5.99%  15.1 3101s
 783132 476669  250.42362   87   65  260.25218  244.66989  5.99%  15.1 3109s
 784649 477622  258.85673  146   34  260.25218  244.67113  5.99%  15.1 3117s
 786170 478323  252.68902  105   45  260.25218  244.67174  5.99%  15.1 3125s
 787360 478600  257.06277  109   39  260.25218  244.67353  5.99%  15.1 3133s
 787769 479440  247.86445   84   52  260.25218  244.67353  5.99%  15.1 3140s
 788998 480366  259.13985  113   27  260.25218  244.67437  5.99%  15.1 3149s
 790560 481296  254.05672  111   67  260.25218  244.67437  5.99%  15.1 3157s
 791937 482167  250.78998   60   63  260.25218  244.67598  5.99%  15.1 3164s
 793246 482883  254.45554  113   64  260.25218  244.67598  5.99%  15.1 3171s
 794395 483595  249.02240   58   76  260.25218  244.67598  5.99%  15.1 3179s
 795670 484213  255.93548  117   33  260.25218  244.67897  5.98%  15.1 3189s
 796021 484213  253.77196   89   43  260.25218  244.67901  5.98%  15.1 3190s
 796902 484992  256.17199   80   32  260.25218  244.67927  5.98%  15.1 3198s
 798294 485477     cutoff   93       260.25218  244.68143  5.98%  15.1 3205s
 799414 486339     cutoff   91       260.25218  244.68294  5.98%  15.1 3213s
 800846 486900  252.41582  116   44  260.25218  244.68399  5.98%  15.1 3219s
 801803 487808     cutoff  108       260.25218  244.68514  5.98%  15.1 3227s
 803272 488606  254.32875  109   41  260.25218  244.68668  5.98%  15.1 3235s
 804461 489308  249.96757  102   62  260.25218  244.68669  5.98%  15.1 3243s
 805827 490164  246.63778   67   47  260.25218  244.68791  5.98%  15.1 3251s
 807161 490878  259.64002  143   38  260.25218  244.68855  5.98%  15.1 3259s
 808521 491660  249.03264  108   41  260.25218  244.68920  5.98%  15.1 3267s
 809852 492289  252.32624   94   33  260.25218  244.68969  5.98%  15.1 3274s
 810989 493025  244.70136   95   40  260.25218  244.68969  5.98%  15.1 3286s
 812303 493633  257.20110  107   42  260.25218  244.68969  5.98%  15.1 3293s
 813462 494325  251.44637  126   59  260.25218  244.69059  5.98%  15.1 3301s
 814790 495120  247.10723  107   45  260.25218  244.69113  5.98%  15.1 3309s
 816155 495928  256.56733   92   59  260.25218  244.69187  5.98%  15.1 3317s
 817346 496595  245.60133   99   72  260.25218  244.69197  5.98%  15.1 3325s
 818592 497576  246.71469   99   35  260.25218  244.69473  5.98%  15.1 3334s
 820093 498382  254.98587  157   55  260.25218  244.69514  5.98%  15.1 3341s
 821342 499058  250.86949   93   66  260.25218  244.69595  5.98%  15.1 3348s
 822473 499754  258.65781  100   51  260.25218  244.69657  5.98%  15.1 3355s
 823608 500660  251.15249   68   60  260.25218  244.69657  5.98%  15.1 3363s
 824994 501187  256.61801  129   46  260.25218  244.69657  5.98%  15.1 3372s
 826087 502126     cutoff  106       260.25218  244.69775  5.98%  15.1 3384s
 827672 502758  249.03556   98   68  260.25218  244.69896  5.98%  15.1 3390s
 828910 503425  251.75186   96   53  260.25218  244.70048  5.98%  15.1 3397s
 830100 503955     cutoff  112       260.25218  244.70085  5.98%  15.1 3403s
 830984 504331  255.40600  112   47  260.25218  244.70122  5.98%  15.1 3410s
 832234 505043  256.37428  126   43  260.25218  244.70173  5.98%  15.1 3418s
 833658 505781  246.05366  103   45  260.25218  244.70173  5.98%  15.1 3426s
 834947 506651  255.81245  124   48  260.25218  244.70173  5.98%  15.1 3434s
 836305 507379  257.65385  129   39  260.25218  244.70185  5.98%  15.1 3441s
 837588 507934  256.35373  111   37  260.25218  244.70236  5.97%  15.0 3447s
 838577 508594  254.16588  126   46  260.25218  244.70295  5.97%  15.1 3455s
 839896 509372  249.13621   90   55  260.25218  244.70315  5.97%  15.0 3463s
 841216 510205  252.80064   76   47  260.25218  244.70323  5.97%  15.0 3475s
 842662 510737  244.83004   82   41  260.25218  244.70381  5.97%  15.0 3481s
 843634 511459  249.11218  117   60  260.25218  244.70437  5.97%  15.0 3488s
 844852 512097  252.77825   70   57  260.25218  244.70473  5.97%  15.0 3496s
 846073 512744  248.08080  105   52  260.25218  244.70503  5.97%  15.0 3503s
 847309 513688  248.66247   91   34  260.25218  244.70503  5.97%  15.0 3511s
 848714 514309  244.72170   92   64  260.25218  244.70503  5.97%  15.0 3519s
 849653 515078  259.29318  123   43  260.25218  244.70503  5.97%  15.0 3526s
 850873 515971  260.15539  105   74  260.25218  244.70616  5.97%  15.0 3535s
 852341 516770     cutoff   90       260.25218  244.70717  5.97%  15.0 3543s
 853700 517382  244.70827  102   42  260.25218  244.70798  5.97%  15.0 3550s
 854836 518072  257.46819  116   37  260.25218  244.70827  5.97%  15.0 3557s
 856127 518792     cutoff  114       260.25218  244.70886  5.97%  15.0 3567s
 857323 519594  247.24486  112   38  260.25218  244.70930  5.97%  15.0 3577s
 858688 520242     cutoff  104       260.25218  244.71074  5.97%  15.0 3584s
 859837 520908  249.97000   96   39  260.25218  244.71159  5.97%  15.0 3592s
 861180 521597     cutoff  134       260.25218  244.71159  5.97%  15.0 3600s
 862604 522154  255.75877  122   33  260.25218  244.71209  5.97%  15.0 3608s
 863764 522945  248.79846  126   45  260.25218  244.71371  5.97%  15.0 3616s
 865025 523577     cutoff  101       260.25218  244.71448  5.97%  15.0 3624s
 866086 524516  258.23001  101   40  260.25218  244.71550  5.97%  15.0 3633s
 867517 525243  254.28370   89   45  260.25218  244.71633  5.97%  15.0 3640s
 868695 525804  248.76958  128   41  260.25218  244.71673  5.97%  15.0 3647s
 869815 526657  259.87858  155   36  260.25218  244.71695  5.97%  15.0 3655s
 871150 527412  248.24242   91   42  260.25218  244.71695  5.97%  15.0 3665s
 872354 528106  256.05676  122   38  260.25218  244.71838  5.97%  15.0 3672s
 873467 528764  252.18320   91   55  260.25218  244.71838  5.97%  15.0 3680s
 874517 529591  255.98086  112   50  260.25218  244.71895  5.97%  15.0 3689s
 876083 529609     cutoff  106       260.25218  244.71970  5.97%  15.0 3696s
 876114 530047  245.79993  105   50  260.25218  244.71984  5.97%  15.0 3701s
 876853 530766  252.70757  138   41  260.25218  244.72048  5.97%  15.0 3710s
 878146 531553  254.86360  104   44  260.25218  244.72105  5.97%  15.0 3719s
 879647 532105  256.71638  115   40  260.25218  244.72166  5.97%  15.0 3732s
 880875 533394  252.38969   73   45  260.25218  244.72209  5.97%  15.0 3742s
 882595 533902  250.81782   97   37  260.25218  244.72209  5.97%  15.0 3749s
 883289 534844  252.21695   78   35  260.25218  244.72209  5.97%  15.0 3758s
 884879 535681  248.84951   78   38  260.25218  244.72209  5.97%  15.0 3767s
 886230 536272  251.98459   93   30  260.25218  244.72209  5.97%  15.0 3777s
 887245 537373  259.37374   95   29  260.25218  244.72223  5.97%  15.0 3789s
 889170 538101  255.41975  124   39  260.25218  244.72304  5.97%  15.0 3798s
 890622 538619  254.60743  107   29  260.25218  244.72371  5.97%  15.0 3805s
 891684 539433  256.89958  103   50  260.25218  244.72408  5.97%  15.0 3813s
 893066 540099  250.29961  132   37  260.25218  244.72453  5.97%  15.0 3821s
 894142 540822  249.62647   64   60  260.25218  244.72517  5.97%  15.0 3828s
 895266 541585  257.66104   92   40  260.25218  244.72527  5.97%  15.0 3836s
 896619 542200     cutoff  135       260.25218  244.72594  5.97%  15.0 3844s
 897759 543013  248.46418  105   53  260.25218  244.72634  5.97%  15.0 3852s
 899154 543901  259.87082  114   30  260.25218  244.72700  5.97%  15.0 3860s
 900502 544602  257.35547  101   41  260.25218  244.72856  5.96%  15.0 3867s
 901618 545092  259.86409  120   35  260.25218  244.72943  5.96%  15.0 3878s
 902715 545997  256.40566  114   48  260.25218  244.73018  5.96%  15.0 3888s
 904304 546789  246.03374   88   54  260.25218  244.73125  5.96%  15.0 3897s
 905690 547474  250.07727  118   41  260.25218  244.73172  5.96%  15.0 3905s
 906909 548241  247.01387   96   43  260.25218  244.73207  5.96%  15.0 3914s
 908304 548839  249.59041  126   48  260.25218  244.73335  5.96%  15.0 3921s
 909273 549615  245.59639   69   46  260.25218  244.73382  5.96%  15.0 3930s
 910622 550590  244.78634   99   67  260.25218  244.73413  5.96%  15.0 3938s
 912028 551396  252.40493   87   36  260.25218  244.73413  5.96%  15.0 3946s
 913217 552035  257.07200  117   40  260.25218  244.73473  5.96%  15.0 3953s
 914356 552760  252.83539   76   34  260.25218  244.73473  5.96%  15.0 3961s
 915639 553271  250.99431  106   42  260.25218  244.73523  5.96%  15.0 3967s
 916507 554086  253.45997  108   70  260.25218  244.73571  5.96%  15.0 3979s
 917876 554887  248.47232   89   50  260.25218  244.73605  5.96%  15.0 3987s
 919239 555401     cutoff  114       260.25218  244.73651  5.96%  15.0 3994s
 920216 556109  253.95620  147   46  260.25218  244.73791  5.96%  15.0 4003s
 921517 556724  245.88827   59   74  260.25218  244.73814  5.96%  15.0 4010s
 922462 557389  258.06961  126   33  260.25218  244.73897  5.96%  15.0 4018s
 923625 558235     cutoff  147       260.25218  244.73987  5.96%  15.0 4027s
 925053 558910  252.16669   84   65  260.25218  244.74039  5.96%  15.0 4034s
 926236 559547  256.76592   96   31  260.25218  244.74186  5.96%  15.0 4042s
 927355 560445  245.97755  102   46  260.25218  244.74206  5.96%  15.0 4051s
 928799 561259  254.77941   92   47  260.25218  244.74321  5.96%  15.0 4059s
 930177 562304  247.72411  117   57  260.25218  244.74452  5.96%  15.0 4068s
 931678 562944     cutoff  135       260.25218  244.74522  5.96%  15.0 4078s
 932815 563801  245.80689  102   44  260.25218  244.74577  5.96%  15.0 4088s
 934225 564661  254.60957  132   35  260.25218  244.74732  5.96%  15.0 4098s
 935749 565052  256.63519   96   28  260.25218  244.74781  5.96%  15.0 4111s
 936472 565876  260.09699  114   35  260.25218  244.74867  5.96%  15.0 4120s
 937862 566853  256.82239   96   54  260.25218  244.74952  5.96%  15.0 4130s
 939484 567596     cutoff  136       260.25218  244.74995  5.96%  15.0 4140s
 940912 568288  258.80930  108   29  260.25218  244.75034  5.96%  15.0 4149s
 942344 569118     cutoff  132       260.25218  244.75098  5.96%  15.0 4158s
 943703 569806  251.58916  120   38  260.25218  244.75188  5.96%  15.0 4165s
 944854 570682  252.67031   54  108  260.25218  244.75300  5.96%  15.0 4175s
 946371 571391     cutoff  149       260.25218  244.75428  5.95%  15.0 4186s
 947670 572172  254.78022  116   45  260.25218  244.75557  5.95%  15.0 4195s
 949085 573017  248.13800   79   58  260.25218  244.75586  5.95%  15.0 4203s
 950318 573724  257.48803  140   51  260.25218  244.75640  5.95%  15.0 4211s
 951627 574632  259.67015  154   33  260.25218  244.75762  5.95%  15.0 4220s
 953016 575402     cutoff  125       260.25218  244.75839  5.95%  15.0 4227s
 954217 575936  256.34136  117   54  260.25218  244.75932  5.95%  15.0 4234s
 955279 576643  259.60797   84   67  260.25218  244.76023  5.95%  15.0 4242s
 956515 577289  250.32859  114   55  260.25218  244.76131  5.95%  15.0 4250s
 957776 577811  257.29375  144   29  260.25218  244.76203  5.95%  15.0 4257s
 958713 578463     cutoff   89       260.25218  244.76243  5.95%  15.0 4264s
 959927 579152  252.70877  107   35  260.25218  244.76267  5.95%  15.0 4272s
 961153 580035  252.86698   73   72  260.25218  244.76307  5.95%  15.0 4283s
 962488 580640     cutoff   87       260.25218  244.76385  5.95%  15.0 4291s
 963477 581164     cutoff   94       260.25218  244.76451  5.95%  15.0 4298s
 964510 581783  259.72303   77   38  260.25218  244.76539  5.95%  15.0 4306s
 965776 582659  259.72818  152   35  260.25218  244.76560  5.95%  15.0 4314s
 967092 583656  248.49190   84   55  260.25218  244.76560  5.95%  15.0 4324s
 968689 584338  251.78115   91   63  260.25218  244.76712  5.95%  15.0 4334s
 969503 584338  254.87853  145   45  260.25218  244.76712  5.95%  15.0 4335s
 969995 584971  259.85259   89   48  260.25218  244.76775  5.95%  15.0 4342s
 971159 585856  247.59555   94   45  260.25218  244.76936  5.95%  15.0 4351s
 972589 586483  255.54600  104   36  260.25218  244.76993  5.95%  15.0 4360s
 973758 587271  251.71462  105   39  260.25218  244.77035  5.95%  15.0 4370s
 975242 588106     cutoff  136       260.25218  244.77184  5.95%  15.0 4380s
 976602 588817  254.87574   92   65  260.25218  244.77284  5.95%  15.0 4391s
 977743 589686  255.12505  111   36  260.25218  244.77387  5.95%  15.0 4401s
 979236 589940  256.64860  111   42  260.25218  244.77592  5.95%  15.0 4408s
 979752 590852  247.96675   88   42  260.25218  244.77597  5.95%  15.0 4419s
 981410 591645  249.73764   98   52  260.25218  244.77742  5.95%  15.0 4428s
 982736 592432  250.76099   97   39  260.25218  244.77796  5.95%  15.0 4438s
 984052 593413  244.79079   88   60  260.25218  244.77913  5.95%  15.0 4448s
 985470 594300  250.37077  132   37  260.25218  244.77978  5.95%  15.0 4458s
 986916 595137  259.56115  147   32  260.25218  244.78118  5.94%  15.0 4468s
 988296 595862     cutoff  131       260.25218  244.78216  5.94%  15.0 4478s
 989746 596382  249.58283   91   34  260.25218  244.78363  5.94%  15.0 4486s
 990719 597060  249.07690  108   55  260.25218  244.78426  5.94%  15.0 4494s
 990865 597060     cutoff  131       260.25218  244.78458  5.94%  15.0 4495s
 991821 597839  246.80395   87   38  260.25218  244.78475  5.94%  15.0 4507s
 993241 598584  254.35748   79   51  260.25218  244.78551  5.94%  15.0 4516s
 994420 599228  244.78629  127   51  260.25218  244.78599  5.94%  15.0 4524s
 995619 599824  245.56873  104   73  260.25218  244.78621  5.94%  15.0 4532s
 996759 600424  256.66526  122   54  260.25218  244.78737  5.94%  15.0 4542s
 997749 601094  252.29547   98   39  260.25218  244.78796  5.94%  15.0 4551s
 999112 601849  249.80312   73   56  260.25218  244.78907  5.94%  15.0 4560s
 1000319 602574  252.72391  100   43  260.25218  244.79071  5.94%  15.0 4569s
 1001489 603216     cutoff  133       260.25218  244.79122  5.94%  15.0 4577s
 1002609 604069  259.12268  119   41  260.25218  244.79170  5.94%  15.0 4588s
 1004045 604716  250.90343  106   42  260.25218  244.79433  5.94%  15.0 4598s
 1005144 605626     cutoff   71       260.25218  244.79486  5.94%  15.0 4608s
 1006549 606334  257.15628  140   37  260.25218  244.79606  5.94%  15.0 4620s
 1007732 607072  251.19369   84   41  260.25218  244.79782  5.94%  15.0 4630s
 1009091 607898  246.77035   92   38  260.25218  244.79975  5.94%  15.0 4641s
 1010480 608853     cutoff  109       260.25218  244.79975  5.94%  15.0 4651s
 1011892 609506  255.14618  111   37  260.25218  244.80090  5.94%  15.0 4661s
 1012999 610152  247.87224  121   41  260.25218  244.80212  5.94%  15.0 4670s
 1014092 610779  257.65399  118   40  260.25218  244.80348  5.94%  15.0 4678s
 1015138 611595  253.76649  139   38  260.25218  244.80363  5.94%  15.0 4689s
 1016587 612170  258.53165  121   59  260.25218  244.80516  5.94%  15.0 4699s
 1017743 613088  248.93347  102   41  260.25218  244.80662  5.93%  15.0 4710s
 1019201 613651  254.51860  135   32  260.25218  244.80685  5.93%  15.0 4721s
 1020458 614399     cutoff  109       260.25218  244.80736  5.93%  15.0 4731s
 1021835 615069  254.20854  107   50  260.25218  244.81048  5.93%  15.0 4743s
 1022801 616263  254.71157   98   27  260.25218  244.81193  5.93%  15.0 4757s
 1024736 617114  249.50879   93   41  260.25218  244.81371  5.93%  14.9 4767s
 1026088 617966  250.79705   73   36  260.25218  244.81445  5.93%  14.9 4777s
 1027322 618376  254.13769  114   47  260.25218  244.81516  5.93%  14.9 4785s
 1028303 619054  250.79826   90   43  260.25218  244.81566  5.93%  14.9 4793s
 1029462 619687  248.91281  114   45  260.25218  244.81630  5.93%  14.9 4803s
 1030656 620563  248.92826  123   44  260.25218  244.81768  5.93%  14.9 4813s
 1032026 621333  255.94241  148   53  260.25218  244.81805  5.93%  14.9 4823s
 1033365 621880  258.51658  129   36  260.25218  244.82030  5.93%  14.9 4832s
 1034396 622489  260.21579   69   66  260.25218  244.82076  5.93%  14.9 4841s
 1035539 623199  247.93012   72   70  260.25218  244.82205  5.93%  14.9 4851s
 1036840 623973  255.47259  156   36  260.25218  244.82282  5.93%  14.9 4863s
 1038191 624557  255.21928  102   39  260.25218  244.82514  5.93%  14.9 4871s
 1039137 625335  256.38268  121   46  260.25218  244.82593  5.93%  14.9 4882s
 1040630 626013  259.89065   95   68  260.25218  244.82739  5.93%  14.9 4893s
 1041852 626751  246.50033   97   66  260.25218  244.82802  5.93%  14.9 4903s
 1043142 627403  253.28248  145   36  260.25218  244.83077  5.93%  14.9 4913s
 1044352 628051  258.95031  114   32  260.25218  244.83130  5.93%  14.9 4923s
 1045578 628825     cutoff  112       260.25218  244.83317  5.92%  14.9 4933s
 1046816 629586  254.04667  126   49  260.25218  244.83317  5.92%  14.9 4943s
 1048093 630317  244.84925   85   43  260.25218  244.83549  5.92%  14.9 4954s
 1049481 630798  256.83570  108   39  260.25218  244.83777  5.92%  14.9 4963s
 1050359 631528  259.23741  119   41  260.25218  244.83789  5.92%  14.9 4973s
 1051668 632350  254.71676  105   35  260.25218  244.83931  5.92%  14.9 4987s
 1053129 632793  255.49350   93   40  260.25218  244.84105  5.92%  14.9 4996s
 1054215 633309     cutoff  130       260.25218  244.84105  5.92%  14.9 5004s
 1055198 634092  251.87220   91   51  260.25218  244.84259  5.92%  14.9 5014s
 1056519 634770     cutoff  112       260.25218  244.84329  5.92%  14.9 5025s
 1057542 635365  249.54787  113   50  260.25218  244.84330  5.92%  14.9 5035s
 1058816 636218     cutoff  121       260.25218  244.84510  5.92%  14.9 5046s
 1060226 637008  248.39395  108   48  260.25218  244.84550  5.92%  14.9 5056s
 1061566 637856  259.93327  111   32  260.25218  244.84775  5.92%  14.9 5067s
 1062964 638371  253.09766  111   69  260.25218  244.84915  5.92%  14.9 5076s
 1063850 639060  248.01112  120   36  260.25218  244.84915  5.92%  14.9 5086s
 1064991 639969     cutoff  101       260.25218  244.85093  5.92%  14.9 5098s
 1066442 640600  244.85245   68   42  260.25218  244.85134  5.92%  14.9 5118s
 1067492 642095  249.89102   89   42  260.25218  244.85267  5.92%  14.9 5141s
 1069854 643386  251.13718   88   49  260.25218  244.85378  5.92%  14.9 5159s
 1071855 644293  252.59074  138   45  260.25218  244.85530  5.92%  14.9 5173s
 1073653 644988  246.58038  106   56  260.25218  244.85576  5.92%  14.9 5185s
 1075203 645618  256.93966  128   33  260.25218  244.85753  5.92%  14.9 5197s
 1076642 646265  252.90375  146   39  260.25218  244.85819  5.92%  14.9 5209s
 1078024 647202  258.95634  102   67  260.25218  244.85965  5.91%  14.9 5222s
 1079666 647995  259.83812  116   48  260.25218  244.86088  5.91%  14.9 5234s
 1081191 648589  245.20681   97   44  260.25218  244.86313  5.91%  14.9 5247s
 1082354 649136  259.60742  122   29  260.25218  244.86423  5.91%  14.9 5260s
 1083370 649967     cutoff   87       260.25218  244.86493  5.91%  14.9 5272s
 1084639 650779  249.11049  112   46  260.25218  244.86595  5.91%  14.9 5284s
 1086044 651687  257.54564  115   38  260.25218  244.86746  5.91%  14.9 5296s
 1087624 652606  259.46789  106   38  260.25218  244.86777  5.91%  14.9 5308s
 1089139 653568  258.48539  135   38  260.25218  244.86883  5.91%  14.9 5320s
 1090652 654207  254.28570  147   52  260.25218  244.86884  5.91%  14.9 5331s
 1091855 654922  249.11205   76   44  260.25218  244.87125  5.91%  14.9 5341s
 1092988 655746  255.86720   81   46  260.25218  244.87207  5.91%  14.9 5352s
 1094287 656572  257.58370   97   54  260.25218  244.87324  5.91%  14.9 5364s
 1095779 657456  251.13845  116   39  260.25218  244.87505  5.91%  14.9 5379s
 1097190 658256  255.43666  105   47  260.25218  244.87505  5.91%  14.9 5389s
 1098377 658878  258.86383  105   45  260.25218  244.87655  5.91%  14.9 5399s
 1099413 659435     cutoff  111       260.25218  244.87731  5.91%  14.9 5409s
 1100525 660197  258.75203  159   31  260.25218  244.87829  5.91%  14.9 5421s
 1101925 660721     cutoff  109       260.25218  244.87882  5.91%  14.9 5430s
 1102919 661384  250.36355   77   60  260.25218  244.87974  5.91%  14.9 5441s
 1104195 662148  245.55418   89   48  260.25218  244.88081  5.91%  14.9 5451s
 1105406 662759  249.26793  119   34  260.25218  244.88083  5.91%  14.9 5459s
 1106016 662759     cutoff  144       260.25218  244.88083  5.91%  14.9 5460s
 1106385 663612  258.68179   99   42  260.25218  244.88083  5.91%  14.9 5472s
 1107695 664432     cutoff  127       260.25218  244.88335  5.91%  14.9 5483s
 1108979 665043  254.43707   89   53  260.25218  244.88453  5.90%  14.9 5494s
 1109448 665043  252.32045   94   37  260.25218  244.88488  5.90%  14.9 5495s
 1110263 665670  250.84394   83   52  260.25218  244.88632  5.90%  14.9 5507s
 1111407 666519  248.70099  109   53  260.25218  244.88650  5.90%  14.9 5520s
 1112751 667455  247.92457   92   52  260.25218  244.88894  5.90%  14.9 5533s
 1114324 668134  258.03724   63   54  260.25218  244.89029  5.90%  14.9 5545s
 1115459 668874  252.78967   95   53  260.25218  244.89151  5.90%  14.9 5556s
 1116734 669396     cutoff  127       260.25218  244.89177  5.90%  14.9 5565s
 1117751 670110  260.09512  109   45  260.25218  244.89283  5.90%  14.9 5577s
 1119163 670907  257.66686  149   41  260.25218  244.89292  5.90%  14.9 5588s
 1120366 671716     cutoff  141       260.25218  244.89438  5.90%  14.9 5600s
 1121733 672402  249.12410  100   46  260.25218  244.89605  5.90%  14.9 5612s
 1122979 672937  253.50897   95   48  260.25218  244.89832  5.90%  14.9 5623s
 1124205 673608  253.85868  108   40  260.25218  244.89979  5.90%  14.9 5633s
 1125375 674510  256.80380  105   39  260.25218  244.90054  5.90%  14.9 5648s
 1126846 675201     cutoff  124       260.25218  244.90192  5.90%  14.9 5658s
 1127924 675937     cutoff   97       260.25218  244.90289  5.90%  14.9 5668s
 1129163 676483  251.76629  107   38  260.25218  244.90347  5.90%  14.9 5677s
 1130097 677100  257.96079  116   49  260.25218  244.90347  5.90%  14.9 5688s
 1131226 677976  247.74853  106   37  260.25218  244.90584  5.90%  14.9 5700s
 1132604 678758  257.86878  104   35  260.25218  244.90665  5.90%  14.9 5712s
 1133977 679551  251.99301   86   49  260.25218  244.90816  5.90%  14.9 5723s
 1135270 680250  258.06548  157   39  260.25218  244.90850  5.90%  14.9 5734s
 1136613 680948     cutoff  106       260.25218  244.90974  5.90%  14.9 5744s
 1137684 680948  244.91773  127   38  260.25218  244.91018  5.90%  14.9 5745s
 1137732 681505     cutoff   99       260.25218  244.91048  5.89%  14.9 5756s
 1138878 682036  256.80975  119   35  260.25218  244.91196  5.89%  14.9 5765s
 1139944 682481  259.82658  124   35  260.25218  244.91280  5.89%  14.9 5779s
 1141039 683154  254.81951   74   72  260.25218  244.91522  5.89%  14.9 5791s
 1142295 684069  256.81646  108   61  260.25218  244.91560  5.89%  14.9 5804s
 1143039 684069  244.91690   86   62  260.25218  244.91565  5.89%  14.9 5805s
 1143762 684625  249.73015   81   67  260.25218  244.91593  5.89%  14.9 5816s
 1144985 685276  250.99670  102   59  260.25218  244.91724  5.89%  14.9 5828s
 1145998 686069  246.94746  114   40  260.25218  244.91847  5.89%  14.9 5841s
 1147406 686760  249.75092  100   53  260.25218  244.91966  5.89%  14.9 5854s
 1148792 687419  257.91977   96   81  260.25218  244.92120  5.89%  14.9 5865s
 1149968 688103     cutoff  124       260.25218  244.92236  5.89%  14.9 5888s
 1151170 688606  248.28485  130   47  260.25218  244.92376  5.89%  14.9 5897s
 1151941 689407  245.99927   96   48  260.25218  244.92448  5.89%  14.9 5911s
 1153605 690044     cutoff  156       260.25218  244.92611  5.89%  14.9 5925s
 1154807 690906  257.91042   94   65  260.25218  244.92905  5.89%  14.9 5941s
 1156206 691741     cutoff  133       260.25218  244.92965  5.89%  14.9 5953s
 1157496 692179  253.20667  107   55  260.25218  244.93216  5.89%  14.9 5962s
 1158591 692734     cutoff  115       260.25218  244.93301  5.89%  14.9 5973s
 1159620 692831     cutoff  140       260.25218  244.93485  5.89%  14.9 5982s
 1159824 693411  250.22416  110   52  260.25218  244.93501  5.89%  14.9 5995s
 1160958 694529  250.35304  119   45  260.25218  244.93628  5.89%  14.9 6010s
 1162549 695516  255.22979  103   39  260.25218  244.93762  5.88%  14.9 6023s
 1164007 696518  249.32122   73   79  260.25218  244.93762  5.88%  14.9 6036s
 1165418 697301  248.83892   71   51  260.25218  244.93762  5.88%  14.9 6047s
 1166513 698004     cutoff  122       260.25218  244.93762  5.88%  14.9 6060s
 1167744 698964     cutoff   83       260.25218  244.93762  5.88%  14.9 6073s
 1169153 699963  252.90910  147   49  260.25218  244.93762  5.88%  14.9 6086s
 1170546 700718  250.82802   85   70  260.25218  244.93762  5.88%  14.9 6100s
 1171655 701776  250.90640   98   45  260.25218  244.93780  5.88%  14.9 6116s
 1173311 702401  249.79964  103   65  260.25218  244.93792  5.88%  14.9 6129s
 1174333 703391  259.61283  101   26  260.25218  244.93946  5.88%  14.9 6143s
 1175863 704080  258.82535  145   40  260.25218  244.93976  5.88%  14.9 6155s
 1177068 704735  248.02655  121   43  260.25218  244.94149  5.88%  14.9 6167s
 1178401 705579  258.02394  103   39  260.25218  244.94230  5.88%  14.9 6180s
 1179707 706180  258.75807  119   43  260.25218  244.94349  5.88%  14.9 6192s
 1180806 707011  246.73530   85   44  260.25218  244.94436  5.88%  14.9 6204s
 1182162 707586  250.94104   97   44  260.25218  244.94508  5.88%  14.9 6214s
 1183162 708035  257.99445  156   45  260.25218  244.94593  5.88%  14.9 6226s
 1184209 708895  258.72026  157   36  260.25218  244.94661  5.88%  14.9 6239s
 1185612 709744  251.92150  128   46  260.25218  244.94809  5.88%  14.9 6256s
 1186979 710451     cutoff  138       260.25218  244.94967  5.88%  14.9 6267s
 1188049 711316  253.98768  138   41  260.25218  244.94967  5.88%  14.9 6280s
 1189402 712006  251.66694   74   52  260.25218  244.94967  5.88%  14.9 6290s
 1190464 712750  255.51005   96   41  260.25218  244.94967  5.88%  14.9 6304s
 1191795 713631  258.01590   92   59  260.25218  244.94967  5.88%  14.9 6317s
 1192990 714413  251.18628   98   48  260.25218  244.94967  5.88%  14.9 6328s
 1194083 715398     cutoff  154       260.25218  244.95111  5.88%  14.9 6343s
 1195550 716090  250.82585  128   39  260.25218  244.95262  5.88%  14.9 6356s
 1196891 716546  258.20360  114   39  260.25218  244.95310  5.88%  14.9 6366s
 1197815 716951  256.27071   87   57  260.25218  244.95501  5.88%  14.9 6375s
 1198634 717589  246.13508   88   50  260.25218  244.95574  5.88%  14.9 6388s
 1199697 718506  256.75707  107   44  260.25218  244.95730  5.88%  14.9 6404s
 1201283 719449  256.73096   96   38  260.25218  244.95730  5.88%  14.9 6422s
 1202783 720055  258.61058  108   39  260.25218  244.95852  5.88%  14.9 6433s
 1203882 720515  258.08883  133   35  260.25218  244.95939  5.88%  14.9 6445s
 1205035 721191  249.04496   59   80  260.25218  244.95974  5.88%  14.9 6458s
 1206131 721704  259.51496  102   48  260.25218  244.96073  5.88%  14.9 6471s
 1207237 722472  246.47119   91   43  260.25218  244.96278  5.87%  14.9 6484s
 1208536 723174     cutoff   97       260.25218  244.96285  5.87%  14.9 6497s
 1209698 724125  250.73337   92   40  260.25218  244.96452  5.87%  14.9 6510s
 1211041 725015  249.42680  123   41  260.25218  244.96467  5.87%  14.9 6524s
 1212383 725874  257.07446  102   41  260.25218  244.96467  5.87%  14.9 6536s
 1213524 726873  252.68687   92   43  260.25218  244.96467  5.87%  14.9 6551s
 1214812 727596  249.21637  107   38  260.25218  244.96467  5.87%  14.9 6562s
 1215955 728313  245.10594  107   41  260.25218  244.96467  5.87%  14.9 6578s
 1217238 729077  259.37659   94   42  260.25218  244.96524  5.87%  14.9 6591s
 1218534 729902  250.37568  122   61  260.25218  244.96610  5.87%  14.9 6605s
 1219896 730397  257.44334  103   39  260.25218  244.96710  5.87%  14.9 6618s
 1220977 731017  255.19341  158   37  260.25218  244.96783  5.87%  14.9 6629s
 1221934 731883  250.63578   77   67  260.25218  244.96909  5.87%  14.9 6644s
 1223381 732778  247.54712   66   46  260.25218  244.96983  5.87%  14.9 6658s
 1224759 733420  252.81820  100   44  260.25218  244.97023  5.87%  14.9 6672s
 1226068 734068  251.89900  108   40  260.25218  244.97401  5.87%  14.9 6683s
 1227067 734621  253.08318  119   46  260.25218  244.97458  5.87%  14.9 6695s
 1228014 735265  257.38733   97   42  260.25218  244.97559  5.87%  14.9 6709s
 1229356 735894  255.86581  119   50  260.25218  244.97763  5.87%  14.9 6720s
 1230408 736507  256.41112  101   38  260.25218  244.97923  5.87%  14.9 6735s
 1231525 737466  249.38775  100   45  260.25218  244.98132  5.87%  14.9 6752s
 1233125 738211  253.28451  117   28  260.25218  244.98207  5.87%  14.9 6765s
 1234318 738746  254.28463  165   38  260.25218  244.98357  5.87%  14.9 6780s
 1235337 739596  255.46706  126   35  260.25218  244.98392  5.87%  14.9 6795s
 1236758 740459  255.04968  110   38  260.25218  244.98575  5.87%  14.9 6809s
 1238079 741051  257.78980   85   54  260.25218  244.98628  5.87%  14.9 6819s
 1238549 741051  246.26376  113   63  260.25218  244.98640  5.87%  14.9 6820s
 1238947 741920  258.23550  130   35  260.25218  244.98655  5.87%  14.9 6834s
 1240342 742661  245.00804   73   56  260.25218  244.98804  5.87%  14.9 6849s
 1241754 743309     cutoff  126       260.25218  244.98974  5.86%  14.9 6863s
 1242867 743973  259.37930  159   25  260.25218  244.99183  5.86%  14.9 6876s
 1243945 744698  253.70013  133   54  260.25218  244.99183  5.86%  14.9 6890s
 1245261 745120  249.69293  100   57  260.25218  244.99345  5.86%  14.9 6904s
 1246291 746044  255.61160  113   51  260.25218  244.99459  5.86%  14.9 6921s
 1247815 746733  247.65331  113   52  260.25218  244.99598  5.86%  14.9 6936s
 1248999 747478  255.67934   86   52  260.25218  244.99653  5.86%  14.9 6951s
 1250362 748415  250.28826   77   50  260.25218  244.99732  5.86%  14.9 6967s
 1251901 749146  249.44211  109   52  260.25218  244.99732  5.86%  14.9 6979s
 1253042 749777  248.27951  106   37  260.25218  245.00229  5.86%  14.9 6994s
 1254191 750715  253.84860   98   38  260.25218  245.00390  5.86%  14.9 7011s
 1255718 751438  251.49163  120   67  260.25218  245.00452  5.86%  14.9 7027s
 1256940 752183     cutoff  136       260.25218  245.00608  5.86%  14.9 7042s
 1258256 752870  254.50720  126   48  260.25218  245.00738  5.86%  14.9 7056s
 1259526 753577  252.62877  104   33  260.25218  245.00868  5.86%  14.9 7072s
 1260847 754236  247.56169  111   57  260.25218  245.01015  5.86%  14.9 7089s
 1262212 754713  251.71743   95   53  260.25218  245.01053  5.86%  14.9 7100s
 1263092 755679  258.25100  134   32  260.25218  245.01165  5.86%  14.9 7116s
 1264587 756262  248.97033   98   51  260.25218  245.01356  5.86%  14.8 7128s
 1265525 756748  257.75948  117   60  260.25218  245.01425  5.86%  14.9 7142s
 1266615 757329     cutoff  128       260.25218  245.01447  5.85%  14.9 7154s
 1267616 758088     cutoff  119       260.25218  245.01574  5.85%  14.9 7169s
 1268978 758707  253.54463   82   62  260.25218  245.01754  5.85%  14.9 7183s
 1270327 759446     cutoff  116       260.25218  245.01925  5.85%  14.9 7198s
 1271504 759511     cutoff  129       260.25218  245.01925  5.85%  14.9 7200s

Cutting planes:
  Gomory: 2
  Cover: 18
  Implied bound: 40
  Projected implied bound: 33
  Clique: 1
  MIR: 62
  Flow cover: 296
  Inf proof: 5
  Zero half: 84
  Mod-K: 3
  RLT: 11
  Relax-and-lift: 1298

Explored 1271661 nodes (19179643 simplex iterations) in 7201.00 seconds (2874.69 work units)
Thread count was 16 (of 16 available processors)

Solution count 10: 260.252 260.315 260.339 ... 278.673

Time limit reached
Best objective 2.602521847734e+02, best bound 2.450192470240e+02, gap 5.8531%

User-callback calls 2751162, time in user-callback 5.22 sec
