
Gurobi 10.0.1 (win64) logging started Sun Sep 21 17:20:13 2025

Set parameter LogFile to value "log_group_6/bound_Expr430_s10_l1051_s11_e12_o100_d200_t60_s65_1_1_1_1.log"
Gurobi Optimizer version 10.0.1 build v10.0.1rc0 (win64)

CPU model: Intel(R) Core(TM) i7-10700 CPU @ 2.90GHz, instruction set [SSE2|AVX|AVX2]
Thread count: 8 physical cores, 16 logical processors, using up to 16 threads

Optimize a model with 4132690 rows, 4050800 columns and 50013980 nonzeros
Model fingerprint: 0x822a3cf5
Variable types: 800 continuous, 4050000 integer (4050000 binary)
Coefficient statistics:
  Matrix range     [1e+00, 9e+02]
  Objective range  [1e+00, 1e+00]
  Bounds range     [1e+00, 1e+03]
  RHS range        [1e+00, 9e+02]
Presolve removed 100 rows and 100 columns (presolve time = 5s) ...
Presolve removed 100 rows and 100 columns (presolve time = 11s) ...
Presolve removed 80379 rows and 4009500 columns (presolve time = 15s) ...
Presolve removed 4090510 rows and 4009600 columns (presolve time = 20s) ...
Presolve removed 4090010 rows and 4009100 columns
Presolve time: 21.89s
Presolved: 42680 rows, 41700 columns, 247050 nonzeros
Variable types: 600 continuous, 41100 integer (41100 binary)
Found heuristic solution: objective 14501.780833
Deterministic concurrent LP optimizer: primal and dual simplex
Showing first log only...


Root simplex log...

Iteration    Objective       Primal Inf.    Dual Inf.      Time
       0   -6.9156000e+04   1.854383e+04   5.879062e+08     29s
    7592   -6.9156000e+04   6.183601e+00   1.767788e+08     30s
   14052    7.4844000e+04   0.000000e+00   1.080000e+03     32s
   15021    4.2041770e+02   0.000000e+00   0.000000e+00     32s
Concurrent spin time: 0.49s

Solved with primal simplex
   15021    4.2041770e+02   0.000000e+00   0.000000e+00     33s

Root relaxation: objective 4.204177e+02, 15021 iterations, 3.51 seconds (10.01 work units)
Total elapsed time = 37.20s

    Nodes    |    Current Node    |     Objective Bounds      |     Work
 Expl Unexpl |  Obj  Depth IntInf | Incumbent    BestBd   Gap | It/Node Time

     0     0  420.41770    0  342 14501.7808  420.41770  97.1%     -   40s
H    0     0                    14197.056533  420.41770  97.0%     -   41s
     0     0  420.41770    0  381 14197.0565  420.41770  97.0%     -   47s
H    0     0                    6540.9435667  420.41770  93.6%     -   60s

Cutting planes:
  Gomory: 2
  Implied bound: 84
  MIR: 42
  RLT: 31

Explored 1 nodes (47925 simplex iterations) in 60.50 seconds (112.89 work units)
Thread count was 16 (of 16 available processors)

Solution count 3: 6540.94 14197.1 14501.8 

Time limit reached
Best objective 6.540943566665e+03, best bound 4.204177000000e+02, gap 93.5725%

User-callback calls 9462, time in user-callback 0.04 sec
