
Gurobi 12.0.1 (win64) logging started Sat Sep 20 06:02:57 2025

Set parameter LogFile to value "log_group_6/bound_Expr79_s3_l1051_s11_e12_o10_d20_t7200_s9_1_1_1_1.log"
Gurobi Optimizer version 12.0.1 build v12.0.1rc0 (win64 - Windows Server 2022.0 (20348.2))

CPU model: Intel(R) Xeon(R) Gold 6336Y CPU @ 2.40GHz, instruction set [SSE2|AVX|AVX2|AVX512]
Thread count: 48 physical cores, 96 logical processors, using up to 32 threads

Non-default parameters:
TimeLimit  7200

Optimize a model with 32767 rows, 31680 columns and 423704 nonzeros
Model fingerprint: 0x45dcffb7
Variable types: 180 continuous, 31500 integer (31500 binary)
Coefficient statistics:
  Matrix range     [1e+00, 8e+02]
  Objective range  [1e+00, 1e+00]
  Bounds range     [1e+00, 1e+03]
  RHS range        [1e+00, 8e+02]
Presolve removed 32263 rows and 31322 columns
Presolve time: 0.26s
Presolved: 504 rows, 358 columns, 3935 nonzeros
Variable types: 56 continuous, 302 integer (301 binary)
Found heuristic solution: objective 281.5959000

Root relaxation: objective 5.151363e+01, 253 iterations, 0.01 seconds (0.01 work units)

    Nodes    |    Current Node    |     Objective Bounds      |     Work
 Expl Unexpl |  Obj  Depth IntInf | Incumbent    BestBd   Gap | It/Node Time

     0     0   51.51363    0   14  281.59590   51.51363  81.7%     -    0s
H    0     0                     129.6281000   51.51363  60.3%     -    0s
     0     0   51.66716    0   29  129.62810   51.66716  60.1%     -    0s
H    0     0                     102.9727000   51.92043  49.6%     -    0s
     0     0   51.92043    0   31  102.97270   51.92043  49.6%     -    0s
     0     0   51.92043    0   26  102.97270   51.92043  49.6%     -    0s
H    0     0                      97.2337000   51.92043  46.6%     -    0s
     0     0   52.48520    0   57   97.23370   52.48520  46.0%     -    0s
     0     0   52.73778    0   43   97.23370   52.73778  45.8%     -    0s
     0     0   52.73778    0   42   97.23370   52.73778  45.8%     -    0s
H    0     0                      95.7557000   52.73778  44.9%     -    0s
H    0     0                      93.4947000   52.73778  43.6%     -    0s
H    0     0                      92.0167000   52.73778  42.7%     -    0s
H    0     0                      87.7761000   52.73778  39.9%     -    0s
H    0     0                      71.0529000   52.73778  25.8%     -    0s
     0     0   63.57654    0   10   71.05290   63.57654  10.5%     -    0s
     0     0   63.57654    0   14   71.05290   63.57654  10.5%     -    0s
H    0     0                      66.8123000   63.57654  4.84%     -    0s
H    0     0                      64.9923000   63.57654  2.18%     -    0s
     0     0     cutoff    0        64.99230   64.99230  0.00%     -    0s

Cutting planes:
  Gomory: 1
  Implied bound: 3
  MIR: 6
  RLT: 1

Explored 1 nodes (828 simplex iterations) in 0.49 seconds (0.60 work units)
Thread count was 32 (of 96 available processors)

Solution count 10: 64.9923 66.8123 71.0529 ... 129.628

Optimal solution found (tolerance 1.00e-04)
Best objective 6.499229999999e+01, best bound 6.499229999999e+01, gap 0.0000%

User-callback calls 1348, time in user-callback 0.00 sec

Gurobi 12.0.1 (win64) logging started Sat Sep 20 08:07:30 2025

Set parameter LogFile to value "log_group_6/bound_Expr79_s3_l1051_s11_e12_o10_d20_t7200_s9_1_1_1_1.log"
Gurobi Optimizer version 12.0.1 build v12.0.1rc0 (win64 - Windows Server 2022.0 (20348.2))

CPU model: Intel(R) Xeon(R) Gold 6336Y CPU @ 2.40GHz, instruction set [SSE2|AVX|AVX2|AVX512]
Thread count: 48 physical cores, 96 logical processors, using up to 32 threads

Non-default parameters:
TimeLimit  7200

Optimize a model with 32767 rows, 31680 columns and 423704 nonzeros
Model fingerprint: 0x45dcffb7
Variable types: 180 continuous, 31500 integer (31500 binary)
Coefficient statistics:
  Matrix range     [1e+00, 8e+02]
  Objective range  [1e+00, 1e+00]
  Bounds range     [1e+00, 1e+03]
  RHS range        [1e+00, 8e+02]
Presolve removed 32263 rows and 31322 columns
Presolve time: 0.26s
Presolved: 504 rows, 358 columns, 3935 nonzeros
Variable types: 56 continuous, 302 integer (301 binary)
Found heuristic solution: objective 281.5959000

Root relaxation: objective 5.151363e+01, 253 iterations, 0.00 seconds (0.01 work units)

    Nodes    |    Current Node    |     Objective Bounds      |     Work
 Expl Unexpl |  Obj  Depth IntInf | Incumbent    BestBd   Gap | It/Node Time

     0     0   51.51363    0   14  281.59590   51.51363  81.7%     -    0s
H    0     0                     129.6281000   51.51363  60.3%     -    0s
     0     0   51.66716    0   29  129.62810   51.66716  60.1%     -    0s
H    0     0                     102.9727000   51.92043  49.6%     -    0s
     0     0   51.92043    0   31  102.97270   51.92043  49.6%     -    0s
     0     0   51.92043    0   26  102.97270   51.92043  49.6%     -    0s
H    0     0                      97.2337000   51.92043  46.6%     -    0s
     0     0   52.48520    0   57   97.23370   52.48520  46.0%     -    0s
     0     0   52.73778    0   43   97.23370   52.73778  45.8%     -    0s
     0     0   52.73778    0   42   97.23370   52.73778  45.8%     -    0s
H    0     0                      95.7557000   52.73778  44.9%     -    0s
H    0     0                      93.4947000   52.73778  43.6%     -    0s
H    0     0                      92.0167000   52.73778  42.7%     -    0s
H    0     0                      87.7761000   52.73778  39.9%     -    0s
H    0     0                      71.0529000   52.73778  25.8%     -    0s
     0     0   63.57654    0   10   71.05290   63.57654  10.5%     -    0s
     0     0   63.57654    0   14   71.05290   63.57654  10.5%     -    0s
H    0     0                      66.8123000   63.57654  4.84%     -    0s
H    0     0                      64.9923000   63.57654  2.18%     -    0s
     0     0     cutoff    0        64.99230   64.99230  0.00%     -    0s

Cutting planes:
  Gomory: 1
  Implied bound: 3
  MIR: 6
  RLT: 1

Explored 1 nodes (828 simplex iterations) in 0.46 seconds (0.60 work units)
Thread count was 32 (of 96 available processors)

Solution count 10: 64.9923 66.8123 71.0529 ... 129.628

Optimal solution found (tolerance 1.00e-04)
Best objective 6.499229999999e+01, best bound 6.499229999999e+01, gap 0.0000%

User-callback calls 1352, time in user-callback 0.00 sec
