
Gurobi 11.0.0 (win64) logging started Sun Sep 21 05:49:50 2025

Set parameter LogFile to value "log_group_6/bound_Expr41_s8_l1051_s11_e12_o60_d120_t7200_s41_0_0_0_0.log"
Gurobi Optimizer version 11.0.0 build v11.0.0rc2 (win64 - Windows 11+.0 (22631.2))

CPU model: 13th Gen Intel(R) Core(TM) i7-13650HX, instruction set [SSE2|AVX|AVX2]
Thread count: 14 physical cores, 20 logical processors, using up to 20 threads

Optimize a model with 1489432 rows, 1488580 columns and 11902464 nonzeros
Model fingerprint: 0xad8f776a
Variable types: 580 continuous, 1488000 integer (1488000 binary)
Coefficient statistics:
  Matrix range     [5e-01, 9e+02]
  Objective range  [1e+00, 1e+00]
  Bounds range     [1e+00, 1e+03]
  RHS range        [1e+00, 9e+02]
Presolve removed 0 rows and 60 columns (presolve time = 5s) ...
Presolve removed 1461320 rows and 1461320 columns
Presolve time: 7.59s
Presolved: 28112 rows, 27260 columns, 212108 nonzeros
Variable types: 460 continuous, 26800 integer (26800 binary)
Found heuristic solution: objective 2881.2450000
Deterministic concurrent LP optimizer: primal and dual simplex
Showing primal log only...


Root simplex log...

Iteration    Objective       Primal Inf.    Dual Inf.      Time
       0   -4.1197000e+04   1.426590e+03   6.355917e+07     13s
    1457    4.5203000e+04   0.000000e+00   7.280000e+02     13s
    2207    0.0000000e+00   0.000000e+00   0.000000e+00     14s
Concurrent spin time: 0.00s

Solved with primal simplex

Root relaxation: objective 0.000000e+00, 2207 iterations, 0.82 seconds (0.51 work units)
Total elapsed time = 13.55s (DegenMoves)
Total elapsed time = 17.62s (DegenMoves)

    Nodes    |    Current Node    |     Objective Bounds      |     Work
 Expl Unexpl |  Obj  Depth IntInf | Incumbent    BestBd   Gap | It/Node Time

     0     0    0.00000    0  122 2881.24500    0.00000   100%     -   19s
H    0     0                    2451.3032000    0.00000   100%     -   31s
H    0     0                    2441.0971333    0.00000   100%     -   31s
H    0     0                    2217.6428000    0.00000   100%     -   41s
     0     0    0.00000    0  166 2217.64280    0.00000   100%     -   43s
H    0     0                     727.1332667    0.00000   100%     -   60s
     0     0    0.00000    0  163  727.13327    0.00000   100%     -   61s
H    0     0                     552.8181000    0.00000   100%     -  100s
     0     0    0.00000    0  120  552.81810    0.00000   100%     -  103s
H    0     0                     474.6090667    0.00000   100%     -  124s
     0     0    0.00000    0  120  474.60907    0.00000   100%     -  124s
H    0     0                     471.6926000    0.00000   100%     -  144s
     0     0    0.00000    0  120  471.69260    0.00000   100%     -  151s
     0     0    0.00000    0  121  471.69260    0.00000   100%     -  157s
     0     0    0.00000    0  120  471.69260    0.00000   100%     -  188s
     0     0    0.00000    0  120  471.69260    0.00000   100%     -  192s
     0     0    0.00000    0  120  471.69260    0.00000   100%     -  217s
     0     0    0.00000    0  120  471.69260    0.00000   100%     -  221s
H    0     0                     435.7303000    0.00000   100%     -  262s
     0     2    0.00000    0  120  435.73030    0.00000   100%     -  266s
    14    20    0.00000    4  120  435.73030    0.00000   100%   264  277s
H   27    28                     426.4318333    0.00000   100%   237  356s
H   28    28                     419.9178333    0.00000   100%   229  356s
H   32    28                     418.6911000    0.00000   100%   205  356s
H   36    28                     411.5785000    0.00000   100%   205  356s
    41    34    0.00000    6  120  411.57850    0.00000   100%   207  360s
    55    41    0.00000    7  121  411.57850    0.00000   100%   198  366s
    83    60    0.00000    9  120  411.57850    0.00000   100%   174  375s
   117    88    0.00000   12  120  411.57850    0.00000   100%   169  384s
   137   105    0.00000   14  120  411.57850    0.00000   100%   164  386s
   185   143    0.00000   17  120  411.57850    0.00000   100%   145  391s
   207   165    0.00000   19  120  411.57850    0.00000   100%   138  395s
   258   204    0.00000   24  123  411.57850    0.00000   100%   133  401s
   284   224    0.00000   26  122  411.57850    0.00000   100%   129  406s
   310   256    0.00000   27  123  411.57850    0.00000   100%   124  411s
   349   287    0.00000   32  123  411.57850    0.00000   100%   116  416s
   393   313    0.00000   36  121  411.57850    0.00000   100%   108  440s
H  397   313                     407.6632334    0.00000   100%   107  441s
H  433   353                     407.6632252    0.00000   100%   102  447s
H  459   353                     406.8582000    0.00000   100%  96.7  447s
   487   402    0.00000   47  124  406.85820    0.00000   100%  94.7  451s
H  551   411                     406.8581991    0.00000   100%  87.7  501s
H  554   411                     406.8581984    0.00000   100%  87.4  501s
H  555   411                     406.7634000    0.00000   100%  87.2  502s
H  558   411                     405.1707988    0.00000   100%  87.7  503s
   565   460    0.00000   55  158  405.17080    0.00000   100%  88.5  513s
   628   518    0.00000   58  154  405.17080    0.00000   100%  83.1  522s
   708   560    0.00000   60  152  405.17080    0.00000   100%  76.2  532s
   769   623    0.00000   62  149  405.17080    0.00000   100%  73.7  539s
   849   672    0.00000   73  137  405.17080    0.00000   100%  69.3  548s
H  918   681                     403.3910000    0.00000   100%  66.5  598s
H  919   681                     403.2713000    0.00000   100%  66.4  599s
H  927   681                     403.2712998    0.00000   100%  66.4  599s
   932   770    0.00000   79  121  403.27130    0.00000   100%  67.5  607s
  1042   896    0.00000   91  123  403.27130    0.00000   100%  63.4  623s
  1202  1058    0.00000  116  121  403.27130    0.00000   100%  57.8  644s
  1413  1242    0.00000  126  123  403.27130    0.00000   100%  51.2  662s
  1640  1442    0.00000  149  122  403.27130    0.00000   100%  46.0  681s
  1893  1690    0.00000  181  122  403.27130    0.00000   100%  42.1  709s
  2023  1690  207.31660  129  120  403.27130    0.00000   100%  39.8  710s
  2221  1778    0.00000  205  121  403.27130    0.00000   100%  38.0  737s
H 2257  1778                     403.2712995    0.00000   100%  37.6  738s
  2333  2027    0.00000  212  124  403.27130    0.00000   100%  37.1  768s
  2666  2288    0.00000  229  124  403.27130    0.00000   100%  34.1  795s
  3013  2504    0.00000  236  124  403.27130    0.00000   100%  31.7  824s
  3318  2696    0.00000  251  120  403.27130    0.00000   100%  30.8  868s
  3574  3021    0.00000  272  123  403.27130    0.00000   100%  29.6  907s
H 3737  3021                     403.2711483    0.00000   100%  28.8  908s
  4004  3450    0.00000  304  122  403.27115    0.00000   100%  28.0  954s
  4110  3450   47.78827  291  216  403.27115    0.00000   100%  27.4  955s
  4534  3461    0.00000  358  121  403.27115    0.00000   100%  26.4 1028s
H 4535  3461                     403.2659752    0.00000   100%  26.3 1029s
  4548  3894    0.00000  359  120  403.26598    0.00000   100%  26.6 1117s
  5113  4377    0.00000  412  122  403.26598    0.00000   100%  24.7 1174s
  5424  4377  389.16110   65  141  403.26598    0.00000   100%  23.8 1176s
  5729  4527    0.00000  461  120  403.26598    0.00000   100%  23.5 1266s
  5900  4639    0.00000  462  121  403.26598    0.00000   100%  23.4 1358s
  6044  5394    0.00000  471  120  403.26598    0.00000   100%  23.8 1446s
  6971  6403    0.00000  564  121  403.26598    0.00000   100%  22.0 1529s
  7506  6403  207.31660  516  117  403.26598    0.00000   100%  20.8 1531s
  8173  7566    0.00000  646  122  403.26598    0.00000   100%  20.2 1622s
  9484  7566  393.50407  108  122  403.26598    0.00000   100%  18.8 1626s
  9553  7567  279.80460  399 13379  403.26598    0.00000   100%  18.9 2308s
  9555  7568   47.78827  464  123  403.26598    0.00000   100%  18.8 2422s
  9556  7569  369.07860  207  132  403.26598    0.00000   100%  18.8 2511s
  9557  7570  232.45743  709  124  403.26598    0.00000   100%  18.8 2573s
  9558  7570    0.00000  169  120  403.26598    0.00000   100%  18.8 2622s
  9559  7571  159.52833  191  120  403.26598    0.00000   100%  18.8 2677s
  9560  7572  280.24570   29  120  403.26598    0.00000   100%  18.8 2738s
  9561  7572  400.77330  450  120  403.26598    0.00000   100%  18.8 2826s
  9562  7573  232.45743  701  123  403.26598    0.00000   100%  18.8 2914s
  9563  7574  232.45743  584  120  403.26598    0.00000   100%  18.8 2976s
  9564  7574  230.50607   41  120  403.26598    0.00000   100%  18.8 3093s
  9565  7575  280.24570  683  120  403.26598    0.00000   100%  18.8 3122s
  9566  7576  300.88053  173  120  403.26598    0.00000   100%  18.8 3266s
  9567  7579    0.00000   11  120  403.26598    0.00000   100%  20.7 3295s
  9569  7583    0.00000   12  120  403.26598    0.00000   100%  20.7 3330s
  9573  7587    0.00000   13  120  403.26598    0.00000   100%  20.7 3419s
