
Gurobi 12.0.1 (win64) logging started Sat Sep 20 06:03:16 2025

Set parameter LogFile to value "log_group_6/bound_Expr86_s5_l1051_s11_e12_o20_d40_t7200_s16_1_1_1_1.log"
Gurobi Optimizer version 12.0.1 build v12.0.1rc0 (win64 - Windows Server 2022.0 (20348.2))

CPU model: Intel(R) Xeon(R) Gold 6336Y CPU @ 2.40GHz, instruction set [SSE2|AVX|AVX2|AVX512]
Thread count: 48 physical cores, 96 logical processors, using up to 32 threads

Non-default parameters:
TimeLimit  7200

Optimize a model with 159213 rows, 155310 columns and 2228590 nonzeros
Model fingerprint: 0x3d007cc9
Variable types: 310 continuous, 155000 integer (155000 binary)
Coefficient statistics:
  Matrix range     [1e+00, 9e+02]
  Objective range  [1e+00, 1e+00]
  Bounds range     [1e+00, 1e+03]
  RHS range        [1e+00, 9e+02]
Presolve removed 152275 rows and 149270 columns
Presolve time: 0.66s
Presolved: 6938 rows, 6040 columns, 72655 nonzeros
Variable types: 290 continuous, 5750 integer (5750 binary)
Found heuristic solution: objective 474.9462000
Performing another presolve...
Presolve removed 5081 rows and 4627 columns
Presolve time: 0.16s
Found heuristic solution: objective 409.9847000

Root relaxation: objective 1.020070e+02, 1173 iterations, 0.05 seconds (0.06 work units)

    Nodes    |    Current Node    |     Objective Bounds      |     Work
 Expl Unexpl |  Obj  Depth IntInf | Incumbent    BestBd   Gap | It/Node Time

     0     0  102.00700    0   46  409.98470  102.00700  75.1%     -    1s
H    0     0                     330.9239000  102.00700  69.2%     -    1s
H    0     0                     292.8543667  102.00700  65.2%     -    1s
H    0     0                     287.1567667  102.00700  64.5%     -    1s
     0     0  102.00700    0   76  287.15677  102.00700  64.5%     -    1s
     0     0  102.00700    0   82  287.15677  102.00700  64.5%     -    1s
H    0     0                     272.8589000  102.16351  62.6%     -    1s
H    0     0                     268.6684000  102.16351  62.0%     -    1s
H    0     0                     223.6933667  102.16351  54.3%     -    1s
     0     0  103.43533    0   29  223.69337  103.43533  53.8%     -    1s
H    0     0                     183.7813333  103.43533  43.7%     -    1s
H    0     0                     177.5256333  103.43533  41.7%     -    1s
H    0     0                     176.8182333  103.43533  41.5%     -    1s
H    0     0                     176.7912333  103.43533  41.5%     -    1s
     0     0  103.49767    0   28  176.79123  103.49767  41.5%     -    1s
     0     0  105.34189    0   45  176.79123  105.34189  40.4%     -    1s
H    0     0                     157.1080333  106.70233  32.1%     -    1s
H    0     0                     154.2184333  106.70233  30.8%     -    1s
     0     0  106.70233    0   64  154.21843  106.70233  30.8%     -    1s
     0     0  106.70233    0   57  154.21843  106.70233  30.8%     -    1s
     0     0  106.81611    0   57  154.21843  106.81611  30.7%     -    2s
     0     0  107.82583    0   33  154.21843  107.82583  30.1%     -    2s
     0     0  107.82583    0   32  154.21843  107.82583  30.1%     -    2s
     0     0  112.31783    0   26  154.21843  112.31783  27.2%     -    2s
     0     0  112.31783    0   24  154.21843  112.31783  27.2%     -    2s
     0     0  112.31783    0   20  154.21843  112.31783  27.2%     -    2s
H    0     0                     147.9713000  112.31783  24.1%     -    2s
     0     0  112.31783    0   22  147.97130  112.31783  24.1%     -    2s
H    0     0                     147.9443000  112.71686  23.8%     -    2s
H    0     0                     145.6785000  112.71686  22.6%     -    2s
     0     0  112.71686    0   24  145.67850  112.71686  22.6%     -    2s
H    0     0                     141.4880000  112.71686  20.3%     -    2s
     0     0  112.71686    0   24  141.48800  112.71686  20.3%     -    2s
H    0     0                     137.2456000  112.71686  17.9%     -    2s
     0     0  113.05539    0   36  137.24560  113.05539  17.6%     -    2s
     0     0  113.07956    0   37  137.24560  113.07956  17.6%     -    2s
H    0     0                     132.3443000  115.14129  13.0%     -    2s
H    0     0                     125.8880000  115.14129  8.54%     -    2s
     0     0  115.14129    0   35  125.88800  115.14129  8.54%     -    2s
     0     0  116.27960    0   34  125.88800  116.27960  7.63%     -    2s
     0     0  116.52830    0   36  125.88800  116.52830  7.43%     -    2s
     0     0  116.52830    0   37  125.88800  116.52830  7.43%     -    2s
     0     0  124.78806    0   27  125.88800  124.78806  0.87%     -    2s
     0     0  124.78806    0   23  125.88800  124.78806  0.87%     -    2s
     0     0  125.88800    0    4  125.88800  125.88800  0.00%     -    2s

Cutting planes:
  Gomory: 5
  Implied bound: 6
  Clique: 1
  MIR: 6
  Zero half: 2
  RLT: 2
  Relax-and-lift: 7

Explored 1 nodes (9662 simplex iterations) in 2.48 seconds (2.73 work units)
Thread count was 32 (of 96 available processors)

Solution count 10: 125.888 132.344 137.246 ... 176.791

Optimal solution found (tolerance 1.00e-04)
Best objective 1.258880000000e+02, best bound 1.258880000000e+02, gap 0.0000%

User-callback calls 725, time in user-callback 0.00 sec

Gurobi 12.0.1 (win64) logging started Sat Sep 20 08:07:55 2025

Set parameter LogFile to value "log_group_6/bound_Expr86_s5_l1051_s11_e12_o20_d40_t7200_s16_1_1_1_1.log"
Gurobi Optimizer version 12.0.1 build v12.0.1rc0 (win64 - Windows Server 2022.0 (20348.2))

CPU model: Intel(R) Xeon(R) Gold 6336Y CPU @ 2.40GHz, instruction set [SSE2|AVX|AVX2|AVX512]
Thread count: 48 physical cores, 96 logical processors, using up to 32 threads

Non-default parameters:
TimeLimit  7200

Optimize a model with 159213 rows, 155310 columns and 2228590 nonzeros
Model fingerprint: 0x3d007cc9
Variable types: 310 continuous, 155000 integer (155000 binary)
Coefficient statistics:
  Matrix range     [1e+00, 9e+02]
  Objective range  [1e+00, 1e+00]
  Bounds range     [1e+00, 1e+03]
  RHS range        [1e+00, 9e+02]
Presolve removed 152275 rows and 149270 columns
Presolve time: 0.78s
Presolved: 6938 rows, 6040 columns, 72655 nonzeros
Variable types: 290 continuous, 5750 integer (5750 binary)
Found heuristic solution: objective 474.9462000
Performing another presolve...
Presolve removed 5081 rows and 4627 columns
Presolve time: 0.25s
Found heuristic solution: objective 409.9847000

Root relaxation: objective 1.020070e+02, 1173 iterations, 0.05 seconds (0.06 work units)

    Nodes    |    Current Node    |     Objective Bounds      |     Work
 Expl Unexpl |  Obj  Depth IntInf | Incumbent    BestBd   Gap | It/Node Time

     0     0  102.00700    0   46  409.98470  102.00700  75.1%     -    1s
H    0     0                     330.9239000  102.00700  69.2%     -    1s
H    0     0                     292.8543667  102.00700  65.2%     -    1s
H    0     0                     287.1567667  102.00700  64.5%     -    1s
     0     0  102.00700    0   76  287.15677  102.00700  64.5%     -    1s
     0     0  102.00700    0   82  287.15677  102.00700  64.5%     -    1s
H    0     0                     272.8589000  102.16351  62.6%     -    1s
H    0     0                     268.6684000  102.16351  62.0%     -    1s
H    0     0                     223.6933667  102.16351  54.3%     -    1s
     0     0  103.43533    0   29  223.69337  103.43533  53.8%     -    2s
H    0     0                     183.7813333  103.43533  43.7%     -    2s
H    0     0                     177.5256333  103.43533  41.7%     -    2s
H    0     0                     176.8182333  103.43533  41.5%     -    2s
H    0     0                     176.7912333  103.43533  41.5%     -    2s
     0     0  103.49767    0   28  176.79123  103.49767  41.5%     -    2s
     0     0  105.34189    0   45  176.79123  105.34189  40.4%     -    2s
H    0     0                     157.1080333  106.70233  32.1%     -    2s
H    0     0                     154.2184333  106.70233  30.8%     -    2s
     0     0  106.70233    0   64  154.21843  106.70233  30.8%     -    2s
     0     0  106.70233    0   57  154.21843  106.70233  30.8%     -    2s
     0     0  106.81611    0   57  154.21843  106.81611  30.7%     -    2s
     0     0  107.82583    0   33  154.21843  107.82583  30.1%     -    2s
     0     0  107.82583    0   32  154.21843  107.82583  30.1%     -    2s
     0     0  112.31783    0   26  154.21843  112.31783  27.2%     -    2s
     0     0  112.31783    0   24  154.21843  112.31783  27.2%     -    2s
     0     0  112.31783    0   20  154.21843  112.31783  27.2%     -    2s
H    0     0                     147.9713000  112.31783  24.1%     -    2s
     0     0  112.31783    0   22  147.97130  112.31783  24.1%     -    2s
H    0     0                     147.9443000  112.71686  23.8%     -    2s
H    0     0                     145.6785000  112.71686  22.6%     -    2s
     0     0  112.71686    0   24  145.67850  112.71686  22.6%     -    2s
H    0     0                     141.4880000  112.71686  20.3%     -    2s
     0     0  112.71686    0   24  141.48800  112.71686  20.3%     -    2s
H    0     0                     137.2456000  112.71686  17.9%     -    2s
     0     0  113.05539    0   36  137.24560  113.05539  17.6%     -    2s
     0     0  113.07956    0   37  137.24560  113.07956  17.6%     -    2s
H    0     0                     132.3443000  115.14129  13.0%     -    2s
H    0     0                     125.8880000  115.14129  8.54%     -    2s
     0     0  115.14129    0   35  125.88800  115.14129  8.54%     -    2s
     0     0  116.27960    0   34  125.88800  116.27960  7.63%     -    2s
     0     0  116.52830    0   36  125.88800  116.52830  7.43%     -    2s
     0     0  116.52830    0   37  125.88800  116.52830  7.43%     -    2s
     0     0  124.78806    0   27  125.88800  124.78806  0.87%     -    2s
     0     0  124.78806    0   23  125.88800  124.78806  0.87%     -    2s
     0     0  125.88800    0    4  125.88800  125.88800  0.00%     -    2s

Cutting planes:
  Gomory: 5
  Implied bound: 6
  Clique: 1
  MIR: 6
  Zero half: 2
  RLT: 2
  Relax-and-lift: 7

Explored 1 nodes (9662 simplex iterations) in 2.77 seconds (2.73 work units)
Thread count was 32 (of 96 available processors)

Solution count 10: 125.888 132.344 137.246 ... 176.791

Optimal solution found (tolerance 1.00e-04)
Best objective 1.258880000000e+02, best bound 1.258880000000e+02, gap 0.0000%

User-callback calls 734, time in user-callback 0.00 sec
