
Gurobi 12.0.1 (win64) logging started Sat Sep 20 05:54:09 2025

Set parameter LogFile to value "log_group_6/bound_Expr82_s5_l1051_s11_e12_o20_d40_t7200_s12_1_1_1_1.log"
Gurobi Optimizer version 12.0.1 build v12.0.1rc0 (win64 - Windows Server 2022.0 (20348.2))

CPU model: Intel(R) Xeon(R) Gold 6336Y CPU @ 2.40GHz, instruction set [SSE2|AVX|AVX2|AVX512]
Thread count: 48 physical cores, 96 logical processors, using up to 32 threads

Non-default parameters:
TimeLimit  7200

Optimize a model with 113328 rows, 110310 columns and 1614090 nonzeros
Model fingerprint: 0xae098d43
Variable types: 310 continuous, 110000 integer (110000 binary)
Coefficient statistics:
  Matrix range     [1e+00, 9e+02]
  Objective range  [1e+00, 1e+00]
  Bounds range     [1e+00, 1e+03]
  RHS range        [1e+00, 9e+02]
Presolve removed 105865 rows and 103770 columns
Presolve time: 0.49s
Presolved: 7463 rows, 6540 columns, 81025 nonzeros
Variable types: 290 continuous, 6250 integer (6250 binary)
Found heuristic solution: objective 450.2324000
Performing another presolve...
Presolve removed 6057 rows and 5430 columns
Presolve time: 0.32s
Found heuristic solution: objective 338.2874000

Root relaxation: objective 1.051314e+02, 705 iterations, 0.03 seconds (0.03 work units)

    Nodes    |    Current Node    |     Objective Bounds      |     Work
 Expl Unexpl |  Obj  Depth IntInf | Incumbent    BestBd   Gap | It/Node Time

     0     0  105.13143    0   26  338.28740  105.13143  68.9%     -    1s
H    0     0                     331.9612667  105.13143  68.3%     -    1s
H    0     0                     299.0325000  105.13143  64.8%     -    1s
     0     0  105.13143    0   99  299.03250  105.13143  64.8%     -    1s
H    0     0                     240.5298000  105.13143  56.3%     -    1s
H    0     0                     235.6215000  105.13143  55.4%     -    1s
H    0     0                     213.1215000  105.13143  50.7%     -    1s
H    0     0                     209.3906000  105.13143  49.8%     -    1s
H    0     0                     202.1751000  105.13143  48.0%     -    1s
H    0     0                     190.0403000  105.13143  44.7%     -    1s
     0     0  105.13143    0   22  190.04030  105.13143  44.7%     -    1s
H    0     0                     184.7357667  105.13143  43.1%     -    1s
H    0     0                     175.0411000  105.13143  39.9%     -    1s
H    0     0                     175.0369000  105.13143  39.9%     -    1s
H    0     0                     155.0781000  105.13143  32.2%     -    1s
H    0     0                     126.5692000  105.13143  16.9%     -    1s
H    0     0                     124.3872866  105.13143  15.5%     -    1s
H    0     0                     123.9943000  105.13143  15.2%     -    1s
H    0     0                     121.0039000  105.13143  13.1%     -    1s
H    0     0                     120.9313000  105.13143  13.1%     -    1s
H    0     0                     120.8819667  105.13143  13.0%     -    1s
     0     0  105.13763    0   22  120.88197  105.13763  13.0%     -    1s
     0     0  105.13763    0   68  120.88197  105.13763  13.0%     -    1s
     0     0  105.13763    0   28  120.88197  105.13763  13.0%     -    1s
     0     0  105.13763    0   60  120.88197  105.13763  13.0%     -    2s
     0     0  105.13763    0   67  120.88197  105.13763  13.0%     -    2s
H    0     0                     120.8637000  105.13763  13.0%     -    2s
     0     0  105.13763    0   26  120.86370  105.13763  13.0%     -    2s
     0     0  105.13763    0   64  120.86370  105.13763  13.0%     -    2s
     0     0  105.13763    0   51  120.86370  105.13763  13.0%     -    2s
     0     0  105.13763    0   49  120.86370  105.13763  13.0%     -    2s
     0     0  105.27420    0   68  120.86370  105.27420  12.9%     -    2s
     0     0  105.39177    0   68  120.86370  105.39177  12.8%     -    2s
     0     0  105.96406    0   74  120.86370  105.96406  12.3%     -    2s
     0     0  106.04600    0   74  120.86370  106.04600  12.3%     -    2s
     0     0  107.41451    0   61  120.86370  107.41451  11.1%     -    2s
     0     0  107.78294    0   60  120.86370  107.78294  10.8%     -    2s
     0     0  107.78316    0   61  120.86370  107.78316  10.8%     -    2s
     0     0  109.41020    0   76  120.86370  109.41020  9.48%     -    2s
     0     0  109.51258    0   76  120.86370  109.51258  9.39%     -    2s
     0     0  113.25277    0   80  120.86370  113.25277  6.30%     -    2s
     0     0  113.51374    0   77  120.86370  113.51374  6.08%     -    2s
     0     0  113.52062    0   80  120.86370  113.52062  6.08%     -    2s
     0     0  113.52062    0   81  120.86370  113.52062  6.08%     -    2s
     0     0  116.79129    0   78  120.86370  116.79129  3.37%     -    3s
     0     0  116.83221    0   79  120.86370  116.83221  3.34%     -    3s
     0     0  116.85367    0   80  120.86370  116.85367  3.32%     -    3s
     0     0  116.85384    0   81  120.86370  116.85384  3.32%     -    3s
     0     0  117.42561    0   74  120.86370  117.42561  2.84%     -    3s
     0     0  117.48193    0   76  120.86370  117.48193  2.80%     -    3s
     0     0  120.81787    0   69  120.86370  120.81787  0.04%     -    3s
     0     0  120.83977    0   23  120.86370  120.83977  0.02%     -    3s
     0     0  120.83977    0   17  120.86370  120.83977  0.02%     -    3s
     0     0  120.83977    0   18  120.86370  120.83977  0.02%     -    3s
     0     0  120.83977    0   19  120.86370  120.83977  0.02%     -    3s
     0     0  120.83977    0   20  120.86370  120.83977  0.02%     -    3s
     0     0  120.83977    0   19  120.86370  120.83977  0.02%     -    3s
     0     0  120.83977    0   18  120.86370  120.83977  0.02%     -    3s
     0     0          -    0       120.86370  120.85543  0.01%     -    3s

Cutting planes:
  Learned: 1
  Implied bound: 5
  MIR: 11
  Zero half: 2
  Relax-and-lift: 9

Explored 1 nodes (14757 simplex iterations) in 3.28 seconds (3.08 work units)
Thread count was 32 (of 96 available processors)

Solution count 10: 120.864 120.882 120.931 ... 184.736

Optimal solution found (tolerance 1.00e-04)
Best objective 1.208637000000e+02, best bound 1.208554333333e+02, gap 0.0068%

User-callback calls 898, time in user-callback 0.00 sec

Gurobi 12.0.1 (win64) logging started Sat Sep 20 08:05:43 2025

Set parameter LogFile to value "log_group_6/bound_Expr82_s5_l1051_s11_e12_o20_d40_t7200_s12_1_1_1_1.log"
Gurobi Optimizer version 12.0.1 build v12.0.1rc0 (win64 - Windows Server 2022.0 (20348.2))

CPU model: Intel(R) Xeon(R) Gold 6336Y CPU @ 2.40GHz, instruction set [SSE2|AVX|AVX2|AVX512]
Thread count: 48 physical cores, 96 logical processors, using up to 32 threads

Non-default parameters:
TimeLimit  7200

Optimize a model with 113328 rows, 110310 columns and 1614090 nonzeros
Model fingerprint: 0xae098d43
Variable types: 310 continuous, 110000 integer (110000 binary)
Coefficient statistics:
  Matrix range     [1e+00, 9e+02]
  Objective range  [1e+00, 1e+00]
  Bounds range     [1e+00, 1e+03]
  RHS range        [1e+00, 9e+02]
Presolve removed 105865 rows and 103770 columns
Presolve time: 0.52s
Presolved: 7463 rows, 6540 columns, 81025 nonzeros
Variable types: 290 continuous, 6250 integer (6250 binary)
Found heuristic solution: objective 450.2324000
Performing another presolve...
Presolve removed 6057 rows and 5430 columns
Presolve time: 0.31s
Found heuristic solution: objective 338.2874000

Root relaxation: objective 1.051314e+02, 705 iterations, 0.03 seconds (0.03 work units)

    Nodes    |    Current Node    |     Objective Bounds      |     Work
 Expl Unexpl |  Obj  Depth IntInf | Incumbent    BestBd   Gap | It/Node Time

     0     0  105.13143    0   26  338.28740  105.13143  68.9%     -    1s
H    0     0                     331.9612667  105.13143  68.3%     -    1s
H    0     0                     299.0325000  105.13143  64.8%     -    1s
     0     0  105.13143    0   99  299.03250  105.13143  64.8%     -    1s
H    0     0                     240.5298000  105.13143  56.3%     -    1s
H    0     0                     235.6215000  105.13143  55.4%     -    1s
H    0     0                     213.1215000  105.13143  50.7%     -    1s
H    0     0                     209.3906000  105.13143  49.8%     -    1s
H    0     0                     202.1751000  105.13143  48.0%     -    1s
H    0     0                     190.0403000  105.13143  44.7%     -    1s
     0     0  105.13143    0   22  190.04030  105.13143  44.7%     -    1s
H    0     0                     184.7357667  105.13143  43.1%     -    1s
H    0     0                     175.0411000  105.13143  39.9%     -    1s
H    0     0                     175.0369000  105.13143  39.9%     -    1s
H    0     0                     155.0781000  105.13143  32.2%     -    1s
H    0     0                     126.5692000  105.13143  16.9%     -    1s
H    0     0                     124.3872866  105.13143  15.5%     -    1s
H    0     0                     123.9943000  105.13143  15.2%     -    1s
H    0     0                     121.0039000  105.13143  13.1%     -    1s
H    0     0                     120.9313000  105.13143  13.1%     -    1s
H    0     0                     120.8819667  105.13143  13.0%     -    1s
     0     0  105.13763    0   22  120.88197  105.13763  13.0%     -    1s
     0     0  105.13763    0   68  120.88197  105.13763  13.0%     -    1s
     0     0  105.13763    0   28  120.88197  105.13763  13.0%     -    1s
     0     0  105.13763    0   60  120.88197  105.13763  13.0%     -    2s
     0     0  105.13763    0   67  120.88197  105.13763  13.0%     -    2s
H    0     0                     120.8637000  105.13763  13.0%     -    2s
     0     0  105.13763    0   26  120.86370  105.13763  13.0%     -    2s
     0     0  105.13763    0   64  120.86370  105.13763  13.0%     -    2s
     0     0  105.13763    0   51  120.86370  105.13763  13.0%     -    2s
     0     0  105.13763    0   49  120.86370  105.13763  13.0%     -    2s
     0     0  105.27420    0   68  120.86370  105.27420  12.9%     -    2s
     0     0  105.39177    0   68  120.86370  105.39177  12.8%     -    2s
     0     0  105.96406    0   74  120.86370  105.96406  12.3%     -    2s
     0     0  106.04600    0   74  120.86370  106.04600  12.3%     -    2s
     0     0  107.41451    0   61  120.86370  107.41451  11.1%     -    2s
     0     0  107.78294    0   60  120.86370  107.78294  10.8%     -    2s
     0     0  107.78316    0   61  120.86370  107.78316  10.8%     -    2s
     0     0  109.41020    0   76  120.86370  109.41020  9.48%     -    2s
     0     0  109.51258    0   76  120.86370  109.51258  9.39%     -    2s
     0     0  113.25277    0   80  120.86370  113.25277  6.30%     -    2s
     0     0  113.51374    0   77  120.86370  113.51374  6.08%     -    2s
     0     0  113.52062    0   80  120.86370  113.52062  6.08%     -    2s
     0     0  113.52062    0   81  120.86370  113.52062  6.08%     -    2s
     0     0  116.79129    0   78  120.86370  116.79129  3.37%     -    2s
     0     0  116.83221    0   79  120.86370  116.83221  3.34%     -    2s
     0     0  116.85367    0   80  120.86370  116.85367  3.32%     -    2s
     0     0  116.85384    0   81  120.86370  116.85384  3.32%     -    2s
     0     0  117.42561    0   74  120.86370  117.42561  2.84%     -    2s
     0     0  117.48193    0   76  120.86370  117.48193  2.80%     -    2s
     0     0  120.81787    0   69  120.86370  120.81787  0.04%     -    3s
     0     0  120.83977    0   23  120.86370  120.83977  0.02%     -    3s
     0     0  120.83977    0   17  120.86370  120.83977  0.02%     -    3s
     0     0  120.83977    0   18  120.86370  120.83977  0.02%     -    3s
     0     0  120.83977    0   19  120.86370  120.83977  0.02%     -    3s
     0     0  120.83977    0   20  120.86370  120.83977  0.02%     -    3s
     0     0  120.83977    0   19  120.86370  120.83977  0.02%     -    3s
     0     0  120.83977    0   18  120.86370  120.83977  0.02%     -    3s
     0     0          -    0       120.86370  120.85543  0.01%     -    3s

Cutting planes:
  Learned: 1
  Implied bound: 5
  MIR: 11
  Zero half: 2
  Relax-and-lift: 9

Explored 1 nodes (14757 simplex iterations) in 3.18 seconds (3.08 work units)
Thread count was 32 (of 96 available processors)

Solution count 10: 120.864 120.882 120.931 ... 184.736

Optimal solution found (tolerance 1.00e-04)
Best objective 1.208637000000e+02, best bound 1.208554333333e+02, gap 0.0068%

User-callback calls 917, time in user-callback 0.00 sec
