
Gurobi 11.0.0 (win64) logging started Sun Sep 21 02:39:20 2025

Set parameter LogFile to value "log_group_6/bound_Expr226_s5_l1051_s11_e12_o20_d40_t1200_s11_0_1_0_0.log"
Gurobi Optimizer version 11.0.0 build v11.0.0rc2 (win64 - Windows 11+.0 (22631.2))

CPU model: 13th Gen Intel(R) Core(TM) i7-13650HX, instruction set [SSE2|AVX|AVX2]
Thread count: 14 physical cores, 20 logical processors, using up to 20 threads

Optimize a model with 174125 rows, 170310 columns and 1692670 nonzeros
Model fingerprint: 0xda07865a
Variable types: 310 continuous, 170000 integer (170000 binary)
Coefficient statistics:
  Matrix range     [1e+00, 8e+02]
  Objective range  [1e+00, 1e+00]
  Bounds range     [1e+00, 1e+03]
  RHS range        [1e+00, 8e+02]
Presolve removed 168085 rows and 164790 columns
Presolve time: 0.99s
Presolved: 6040 rows, 5520 columns, 42155 nonzeros
Variable types: 270 continuous, 5250 integer (5250 binary)
Found heuristic solution: objective 377.6553333

Root relaxation: objective 0.000000e+00, 1360 iterations, 0.12 seconds (0.10 work units)

    Nodes    |    Current Node    |     Objective Bounds      |     Work
 Expl Unexpl |  Obj  Depth IntInf | Incumbent    BestBd   Gap | It/Node Time

     0     0    0.00000    0   40  377.65533    0.00000   100%     -    2s
H    0     0                     371.3010333    0.00000   100%     -    2s
     0     0    0.00000    0   70  371.30103    0.00000   100%     -    2s
H    0     0                     230.7210333    0.00000   100%     -    3s
H    0     0                     223.5841333    0.00000   100%     -    3s
H    0     0                     221.5334333    0.00000   100%     -    3s
H    0     0                     139.2709333    0.00000   100%     -    3s
     0     0    0.00000    0   40  139.27093    0.00000   100%     -    3s
     0     0    0.00000    0   40  139.27093    0.00000   100%     -    3s
     0     0    0.00000    0   41  139.27093    0.00000   100%     -    3s
     0     0    0.00000    0   41  139.27093    0.00000   100%     -    3s
     0     0    0.00000    0   40  139.27093    0.00000   100%     -    3s
H    0     0                     135.0705333    0.00000   100%     -    3s
     0     0    0.00000    0   41  135.07053    0.00000   100%     -    3s
     0     0    0.00000    0   40  135.07053    0.00000   100%     -    3s
H    0     0                     121.5293333    0.00000   100%     -    4s
     0     0    0.00000    0   40  121.52933    0.00000   100%     -    4s
     0     0    0.00000    0   42  121.52933    0.00000   100%     -    4s
     0     0    0.00000    0   42  121.52933    0.00000   100%     -    4s
     0     0    0.00000    0   42  121.52933    0.00000   100%     -    4s
     0     0    0.00000    0   42  121.52933    0.00000   100%     -    4s
     0     0    0.00000    0   42  121.52933    0.00000   100%     -    4s
     0     0    0.00000    0   42  121.52933    0.00000   100%     -    4s
     0     0    0.00000    0   42  121.52933    0.00000   100%     -    4s
     0     0    0.00000    0   40  121.52933    0.00000   100%     -    5s
     0     0    0.00000    0   42  121.52933    0.00000   100%     -    5s
     0     0    0.00000    0   40  121.52933    0.00000   100%     -    5s
H    0     0                     121.5293333    0.00000   100%     -    5s
     0     0    0.00000    0   40  121.52933    0.00000   100%     -    5s
     0     0    0.00000    0   40  121.52933    0.00000   100%     -    5s
     0     0    0.00000    0   40  121.52933    0.00000   100%     -    5s
     0     0    0.00000    0   40  121.52933    0.00000   100%     -    5s
     0     0    0.00000    0   40  121.52933    0.00000   100%     -    5s
     0     0    0.00000    0   40  121.52933    0.00000   100%     -    5s
     0     0    0.00000    0   40  121.52933    0.00000   100%     -    5s
     0     0    0.00000    0   40  121.52933    0.00000   100%     -    5s
     0     0    0.00000    0   40  121.52933    0.00000   100%     -    5s
     0     0    0.00000    0   40  121.52933    0.00000   100%     -    5s
     0     0    0.00000    0   40  121.52933    0.00000   100%     -    5s
     0     0    0.00000    0   40  121.52933    0.00000   100%     -    5s
     0     0    0.00000    0   40  121.52933    0.00000   100%     -    5s
     0     0    0.00000    0   40  121.52933    0.00000   100%     -    8s
H    0     0                     117.2275333    0.00000   100%     -    8s
     0     0    0.00000    0   53  117.22753    0.00000   100%     -    8s
H    0     0                     113.3076333    0.00000   100%     -    9s
     0     0    0.00000    0   51  113.30763    0.00000   100%     -    9s
     0     0    0.00000    0   40  113.30763    0.00000   100%     -    9s
     0     0    0.00000    0   40  113.30763    0.00000   100%     -    9s
     0     0    0.00000    0   40  113.30763    0.00000   100%     -   10s
     0     0    0.00000    0   40  113.30763    0.00000   100%     -   10s
     0     0    0.00000    0   41  113.30763    0.00000   100%     -   10s
     0     0    0.00000    0   40  113.30763    0.00000   100%     -   10s
     0     0    0.00000    0   40  113.30763    0.00000   100%     -   10s
     0     0    0.00000    0   40  113.30763    0.00000   100%     -   10s
H    0     2                     113.3076330    0.00000   100%     -   11s
     0     2    0.00000    0   40  113.30763    0.00000   100%     -   11s
H  550   184                     113.3072702    0.00000   100%  18.0   13s
  2873  2428    0.00000  193   40  113.30727    0.00000   100%   5.7   15s
  6312  4826    4.03987  152 1397  113.30727    0.00000   100%   4.7   25s
  6319  4831   47.49377  242   44  113.30727    0.00000   100%   4.7   30s
H 6324  4592                     113.3038148    0.00000   100%   4.7   36s
  6397  4631    0.00000   21   47  113.30381    0.00000   100%   5.9   49s
  6623  4707    0.00000   29   49  113.30381    0.00000   100%   5.9   50s
  8950  6023    0.00000  123   51  113.30381    0.00000   100%   5.6   55s
 11390  6928    0.36141  199   52  113.30381    0.36141   100%   5.7   60s
 13598  8351    0.36141  259   51  113.30381    0.36141   100%   5.9   65s
 17462 10189   84.41874  334   48  113.30381    0.36141   100%   5.9   70s
 19133 12196    0.36141  368   53  113.30381    0.36141   100%   6.1   75s
 23548 14533   81.75731  443   49  113.30381    3.69257  96.7%   5.9   80s
 29313 19411  106.00577  551   36  113.30381    3.69257  96.7%   5.8   85s
 35422 24306   41.67520   22   43  113.30381    3.69257  96.7%   5.9   90s
 38479 29053    8.53140   46   44  113.30381    3.69257  96.7%   5.9  114s
 42854 29209   10.68361  375   47  113.30381    3.69257  96.7%   5.7  116s
 48029 34718   84.24622  157   51  113.30381    3.69257  96.7%   5.6  120s
 58940 46545 infeasible  100       113.30381    3.69257  96.7%   5.3  129s
 63687 47485    8.53140  170   46  113.30381    3.69257  96.7%   5.1  130s
 72289 55390   50.39275  397   31  113.30381    3.69257  96.7%   4.9  135s
 78178 62773   84.88010  166   44  113.30381    3.69257  96.7%   5.0  145s
 88001 69370  104.20010  460   33  113.30381    3.74177  96.7%   4.8  150s
 97330 77768   48.90857  239   45  113.30381    3.74177  96.7%   4.8  159s
 99509 79382    3.74177  120   46  113.30381    3.74177  96.7%   4.8  161s
 106347 85736    8.87118  223   45  113.30381    3.74177  96.7%   4.7  165s
 116175 94105     cutoff 1054       113.30381    3.74177  96.7%   4.6  170s
 120940 98010   96.37283  224   39  113.30381    3.74177  96.7%   4.6  175s
 128008 104256  101.37357  871   11  113.30381    3.74177  96.7%   4.5  180s
 135164 110706   16.99807  275   43  113.30381    3.74177  96.7%   4.5  186s
 138367 113904   69.26527  597   32  113.30381    3.74177  96.7%   4.6  191s
 145630 119063   54.93157  436   38  113.30381    3.74177  96.7%   4.6  196s
 151747 124398    6.55854  279   47  113.30381    3.74177  96.7%   4.6  200s
 157694 130443    7.90870  272   47  113.30381    3.74177  96.7%   4.6  207s
 163658 133951   16.23270  204   45  113.30381    3.75797  96.7%   4.6  210s
 168907 138816   16.23270  341   45  113.30381    3.75797  96.7%   4.7  215s
 177672 146870   16.23270  421   46  113.30381    3.75797  96.7%   4.8  223s
 182950 151289   24.18673  451   44  113.30381    3.75797  96.7%   4.8  225s
 190502 155276  102.70607  522   41  113.30381    3.75797  96.7%   4.8  230s
 190898 156971   15.30880  237   44  113.30381    4.03987  96.4%   4.8  235s
 197958 163810   84.93430  156   42  113.30381    4.03987  96.4%   4.8  244s
 200689 163950   85.78097  165   46  113.30381    4.03987  96.4%   4.8  245s
 205603 169584   89.72497  159   42  113.30381    4.03987  96.4%   4.8  250s
H208472 170469                     113.3037334    4.03987  96.4%   4.9  255s
 210734 174435   18.52660  172   47  113.30373    4.03987  96.4%   4.9  260s
 216655 178413  107.97678  257   45  113.30373    4.03987  96.4%   5.0  265s
 220713 182896  108.14060  287   36  113.30373    4.03987  96.4%   5.1  271s
 226649 186112   21.66523  138   39  113.30373    4.03987  96.4%   5.1  275s
 229930 188798  110.86412  290   38  113.30373    4.03987  96.4%   5.1  280s
 235164 195045  113.22577  263   27  113.30373    4.03987  96.4%   5.2  287s
 237320 197118  108.78997  355   27  113.30373    4.03987  96.4%   5.2  293s
 239908 198169   92.08723  297   47  113.30373    4.03987  96.4%   5.2  295s
 243191 200965    9.10873  196   48  113.30373    4.03987  96.4%   5.3  301s
 248990 206456   10.40906  268   46  113.30373    4.03987  96.4%   5.3  306s
 252950 208226   15.29573  317   47  113.30373    4.03987  96.4%   5.4  310s
 257201 213297   69.70342  346   57  113.30373    4.03987  96.4%   5.4  319s
 259490 214679   15.39688  360   54  113.30373    4.03987  96.4%   5.5  321s
 263583 218330     cutoff  399       113.30373    4.03987  96.4%   5.5  327s
 266716 220512   27.65540  255   47  113.30373    4.03987  96.4%   5.5  330s
 271391 225114   27.65540  254   49  113.30373    4.03987  96.4%   5.5  338s
 274168 227320   35.49297  236   49  113.30373    4.03987  96.4%   5.5  340s
 276772 229503   10.12524  299   54  113.30373    4.03987  96.4%   5.5  345s
 279501 232680   97.03793  125   41  113.30373    4.03987  96.4%   5.5  350s
 288874 238160   27.65540  227   52  113.30373    4.03987  96.4%   5.4  362s
 289706 239095   40.01148  281   43  113.30373    4.03987  96.4%   5.4  366s
 291601 242495   95.66917  361   34  113.30373    4.03987  96.4%   5.4  370s
 296504 246575   10.09100  284   49  113.30373    4.03987  96.4%   5.4  382s
 298368 248929   40.73263  414   46  113.30373    4.03987  96.4%   5.4  385s
 305900 255264   40.99531  355   41  113.30373    4.03987  96.4%   5.4  391s
 311470 259474   10.42798  274   51  113.30373    4.03987  96.4%   5.3  396s
 315130 262383   96.26307  268   43  113.30373    4.03987  96.4%   5.3  400s
 316686 263999   10.33965  265   50  113.30373    4.03987  96.4%   5.3  406s
 318844 264056  111.60414  200   46  113.30373    4.03987  96.4%   5.4  410s
H318889 264056                     113.3037333    4.03987  96.4%   5.4  410s
 319601 266462   85.93018  274   60  113.30373    4.03987  96.4%   5.4  415s
 323306 269648   72.71846  395   42  113.30373    4.03987  96.4%   5.4  422s
 325916 271552  109.07317  329   39  113.30373    4.03987  96.4%   5.4  425s
 330048 274662  103.11969  285   48  113.30373    4.03987  96.4%   5.4  430s
 334521 279021   97.25763  293   43  113.30373    4.03987  96.4%   5.4  435s
 336985 281372  110.24313  288   35  113.30373    4.03987  96.4%   5.4  442s
 341193 283550   10.42798  269   51  113.30373    4.03987  96.4%   5.4  446s
 343126 285798   47.13833  434   42  113.30373    4.03987  96.4%   5.3  450s
 349358 291305   21.23257  234   47  113.30373    4.03987  96.4%   5.3  456s
 352475 294091   63.44083  553   34  113.30373    4.03987  96.4%   5.3  460s
 356291 297013   96.89073 1087   18  113.30373    4.03987  96.4%   5.3  468s
 359045 298977   10.76807  153   46  113.30373    4.03987  96.4%   5.3  471s
 361995 300830  102.40450  149   37  113.30373    4.03987  96.4%   5.4  476s
 363219 302696  100.21707  339   46  113.30373    4.03987  96.4%   5.4  480s
 367038 304635  107.72997  184   41  113.30373    4.03987  96.4%   5.5  485s
 370304 307470   14.72943  339   50  113.30373    4.03987  96.4%   5.5  490s
 374706 313210   57.79524  842   30  113.30373    4.03987  96.4%   5.5  498s
 378704 314766   86.18443 1139   21  113.30373    4.05607  96.4%   5.5  504s
 380559 315085   71.79194  290   50  113.30373    4.05607  96.4%   5.5  505s
 383711 318427   28.87540  240   37  113.30373    4.05607  96.4%   5.5  510s
 387585 320940   22.26705  370   49  113.30373    4.05940  96.4%   5.5  515s
 389168 322726   28.04557  229   50  113.30373    4.17436  96.3%   5.6  520s
 392618 326489   98.24653  626   33  113.30373    4.17436  96.3%   5.6  526s
 394876 328516  110.32615  819   30  113.30373    4.43841  96.1%   5.6  530s
 398839 331992  100.17679  367   50  113.30373    4.83883  95.7%   5.6  539s
 400851 332295   10.88997  118   47  113.30373    4.83883  95.7%   5.5  540s
 404544 337389   10.68957  108   43  113.30373    4.83883  95.7%   5.5  548s
 406953 338963   74.34897  313   30  113.30373    4.83883  95.7%   5.5  551s
 410510 341693   36.85203  139   44  113.30373    4.83883  95.7%   5.5  557s
 411961 342941   68.04000  268   40  113.30373    4.83883  95.7%   5.5  560s
 415090 345433     cutoff  182       113.30373    4.83883  95.7%   5.5  565s
 418255 347718  111.32300  258   38  113.30373    4.83883  95.7%   5.5  571s
 419411 351358  111.32300  296   37  113.30373    4.83883  95.7%   5.5  576s
 424980 354041   27.06623  137   46  113.30373    4.83883  95.7%   5.4  580s
 429826 357145   20.11443  213   45  113.30373    4.83883  95.7%   5.4  586s
 432269 359708   24.66824  364   51  113.30373    5.06887  95.5%   5.4  590s
 436212 363226  105.06860  393   22  113.30373    5.06887  95.5%   5.4  595s
 437800 364651    9.10873  141   45  113.30373    5.06887  95.5%   5.4  600s
H438059 364651                     113.3037281    5.06887  95.5%   5.4  600s
 439690 369017   49.65275  300   44  113.30373    5.06887  95.5%   5.4  605s
 446521 372077   34.70088  292   46  113.30373    5.06887  95.5%   5.4  611s
 449709 373195   11.01393  107   45  113.30373    5.06887  95.5%   5.4  615s
 451885 377590   26.65847  256   48  113.30373    5.06887  95.5%   5.4  621s
 455255 378335  112.97917  144   27  113.30373    5.06887  95.5%   5.4  626s
H456057 378638                     113.3028990    5.06887  95.5%   5.4  628s
 456494 381700   24.49243  210   48  113.30290    5.06887  95.5%   5.4  633s
 459789 383675  100.89613  478   31  113.30290    5.06887  95.5%   5.4  639s
 461972 385311   17.98407  132   42  113.30290    5.06887  95.5%   5.4  641s
 467455 390270    9.51269  279   50  113.30290    5.06887  95.5%   5.4  645s
 472722 394567   27.50043  243   53  113.30290    5.06887  95.5%   5.4  650s
 477474 398196   21.35897  349   61  113.30290    5.06887  95.5%   5.4  655s
 478921 398701   66.59117  420   55  113.30290    5.06887  95.5%   5.4  663s
 479586 401711   45.10357  199   50  113.30290    5.06887  95.5%   5.4  670s
 483295 404010   91.47210  214   41  113.30290    5.06887  95.5%   5.4  675s
 489614 408181 infeasible  420       113.30290    5.06887  95.5%   5.4  681s
 494087 411322   10.91960  197   47  113.30290    5.06887  95.5%   5.4  686s
 497172 413596   15.75843  282   48  113.30290    5.06887  95.5%   5.5  691s
 498376 419827   26.00997  327   46  113.30290    5.06887  95.5%   5.5  710s
 506109 419910   94.36803  537   37  113.30290    5.06887  95.5%   5.6  717s
 506596 422308   94.42201  542   37  113.30290    5.06887  95.5%   5.6  722s
 509946 423521     cutoff  484       113.30290    5.06887  95.5%   5.6  725s
 512530 427424 infeasible  643       113.30290    5.06887  95.5%   5.6  732s
 515956 429387   70.00147  266   40  113.30290    5.20024  95.4%   5.6  737s
 518399 431644    9.22960  375   51  113.30290    5.20024  95.4%   5.6  745s
 522511 432729  107.53093  237   30  113.30290    5.20024  95.4%   5.6  750s
 522749 432771   11.56703  136   47  113.30290    5.20024  95.4%   5.6  755s
 525389 436107   94.69799  364   71  113.30290    5.20024  95.4%   5.6  760s
 528534 438767     cutoff  268       113.30290    5.26700  95.4%   5.6  765s
 533414 442861   78.60080  472   30  113.30290    5.26700  95.4%   5.6  772s
 535324 445026  110.41100  372   39  113.30290    5.26700  95.4%   5.6  775s
 537666 446903   16.44698  426   51  113.30290    5.26700  95.4%   5.6  780s
 540024 449715   10.10583  203   46  113.30290    5.26700  95.4%   5.6  785s
 544718 452379   11.31813  292   50  113.30290    5.26700  95.4%   5.6  791s
 546021 453068   93.66219  309   50  113.30290    5.26700  95.4%   5.7  795s
 548510 455801   11.51925  340   53  113.30290    5.26700  95.4%   5.7  801s
 551961 458410   57.77680  408   45  113.30290    5.26700  95.4%   5.8  806s
 555464 461019 infeasible  476       113.30290    5.26700  95.4%   5.8  811s
 556332 462528   73.86170  227   41  113.30290    5.26700  95.4%   5.8  815s
H557089 462523                     113.2990095    5.26700  95.4%   5.8  816s
 558139 464713   11.11773  250   49  113.29901    5.26700  95.4%   5.8  822s
 561964 467482  112.84137  456   33  113.29901    5.26700  95.4%   5.8  827s
 564008 467494   10.28537  381   53  113.29901    5.26700  95.4%   5.8  832s
 564402 468918   18.25083  405   53  113.29901    5.26700  95.4%   5.8  837s
 567184 470710   54.54775  414   56  113.29901    5.26700  95.4%   5.8  841s
 569483 472158 infeasible  403       113.29901    5.26700  95.4%   5.8  845s
 572255 474959  110.38527  135   16  113.29901    5.26700  95.4%   5.8  852s
 574566 476726     cutoff  209       113.29901    5.26700  95.4%   5.8  856s
 576720 478590   11.99520  236   49  113.29901    5.26700  95.4%   5.8  860s
 578685 478943   39.92398  391   45  113.29901    5.26700  95.4%   5.8  865s
 579106 490370   48.26424  425   40  113.29901    5.26700  95.4%   5.8  880s
 591688 490499   45.74584  241   40  113.29901    5.26700  95.4%   5.7  886s
 593190 492422  104.86268  227   38  113.29901    5.26700  95.4%   5.7  890s
 597112 496565   15.95657  247   42  113.29901    5.26700  95.4%   5.7  895s
 599491 500849   97.34853  187   33  113.29901    5.26700  95.4%   5.7  905s
 605519 505310   34.63996  412   42  113.29901    5.27090  95.3%   5.7  913s
 608224 506804  111.25910  147   40  113.29901    5.27090  95.3%   5.7  917s
 610019 509023   10.10973  192   46  113.29901    5.27090  95.3%   5.7  921s
 612481 509293   18.30869  374   48  113.29901    5.27090  95.3%   5.7  925s
 616256 514451   11.32203  177   46  113.29901    5.27090  95.3%   5.7  931s
 618338 517373   28.12967  339   47  113.29901    5.27090  95.3%   5.7  937s
 623334 519418   93.54195  164   35  113.29901    5.27090  95.3%   5.6  941s
 626551 521189   23.06693  355   45  113.29901    5.27090  95.3%   5.7  945s
 630073 525792   38.31433  383   44  113.29901    5.27090  95.3%   5.6  951s
 634001 528893   97.08493  322   44  113.29901    5.27090  95.3%   5.6  956s
 637802 530985     cutoff  442       113.29901    5.27090  95.3%   5.6  965s
 638048 541333   89.68505  235   60  113.29901    5.27090  95.3%   5.6  985s
 649601 541606   96.18440  745   16  113.29901    5.27090  95.3%   5.6  991s
 650680 544026   86.20024  294   56  113.29901    5.27090  95.3%   5.6  996s
 652791 546623    5.27090  249   50  113.29901    5.27090  95.3%   5.6 1001s
 656838 548910   92.28057  404   27  113.29901    5.27090  95.3%   5.6 1005s
 658155 549473  107.24000  338   38  113.29901    5.27090  95.3%   5.6 1010s
 658954 551394   98.74427  266   40  113.29901    5.27090  95.3%   5.6 1015s
 661443 554501   98.74427  276   40  113.29901    5.27090  95.3%   5.6 1023s
 665224 556763   11.21597  286   52  113.29901    5.27090  95.3%   5.6 1030s
 667845 558496   32.71250  198   42  113.29901    5.27090  95.3%   5.6 1036s
 670259 560771   11.32203  200   48  113.29901    5.27090  95.3%   5.6 1042s
 672505 562385   12.40306  324   50  113.29901    5.27090  95.3%   5.6 1046s
 674247 564295  100.71450  416   58  113.29901    5.27090  95.3%   5.6 1051s
 676385 564828   92.36439  250   50  113.29901    5.27090  95.3%   5.6 1055s
 676962 566880   92.58867  251   49  113.29901    5.27090  95.3%   5.6 1060s
 679199 568178   27.01647  316   44  113.29901    5.27090  95.3%   5.6 1066s
 680585 570755   44.37082  436   41  113.29901    5.27090  95.3%   5.6 1072s
 683457 570932   16.85501  403   50  113.29901    5.27090  95.3%   5.6 1075s
 683686 572328   17.19261  417   50  113.29901    5.27090  95.3%   5.6 1080s
 687130 575603   48.27793  676   33  113.29901    5.27090  95.3%   5.6 1089s
 689134 576847   62.45813  863   27  113.29901    5.27090  95.3%   5.6 1092s
 690644 578475   78.17927 1015   23  113.29901    5.27090  95.3%   5.6 1095s
 692584 578758   86.30935 1202   20  113.29901    5.27090  95.3%   5.6 1101s
 692855 580362   90.73876 1251   18  113.29901    5.27090  95.3%   5.6 1105s
 695844 581439   94.33606  346   50  113.29901    5.27090  95.3%   5.6 1110s
 696893 582878   10.33977  269   47  113.29901    5.27090  95.3%   5.6 1115s
 699341 585032   16.86658  302   56  113.29901    5.27090  95.3%   5.6 1127s
 700441 585508   16.92849  314   56  113.29901    5.27090  95.3%   5.6 1130s
 701021 587655   16.92847  319   56  113.29901    5.27090  95.3%   5.6 1135s
 703624 589208   16.92849  330   56  113.29901    5.27090  95.3%   5.7 1140s
 705839 590040   28.42774  359   40  113.29901    5.27090  95.3%   5.7 1146s
 706372 590052   78.61055  381   42  113.29901    5.27090  95.3%   5.7 1154s
 706388 591571   37.99556  382   41  113.29901    5.27090  95.3%   5.7 1160s
 708238 592961  105.23148  302   42  113.29901    5.59557  95.1%   5.7 1166s
 709794 596234    9.63543   86   45  113.29901    5.59557  95.1%   5.7 1177s
 713383 596705   14.80592  396   47  113.29901    5.59557  95.1%   5.7 1181s
 713878 598822   99.01074  409   54  113.29901    5.59557  95.1%   5.7 1187s
 716163 601142  105.67986  348   38  113.29901    5.59557  95.1%   5.7 1193s
 718760 601792   97.84953  276   51  113.29901    5.59557  95.1%   5.7 1200s

Cutting planes:
  Gomory: 17
  Implied bound: 44
  Projected implied bound: 6
  MIR: 17
  Flow cover: 156
  Relax-and-lift: 147

Explored 719444 nodes (4115306 simplex iterations) in 1201.31 seconds (252.02 work units)
Thread count was 20 (of 20 available processors)

Solution count 10: 113.299 113.303 113.304 ... 117.228

Time limit reached
Best objective 1.132990095118e+02, best bound 5.595566666667e+00, gap 95.0612%

User-callback calls 1495457, time in user-callback 5.20 sec
