
Gurobi 12.0.1 (win64) logging started Sat Sep 20 07:48:39 2025

Set parameter LogFile to value "log_group_6/bound_Expr99_s7_l1051_s11_e12_o30_d60_t7200_s29_1_1_1_1.log"
Gurobi Optimizer version 12.0.1 build v12.0.1rc0 (win64 - Windows Server 2022.0 (20348.2))

CPU model: Intel(R) Xeon(R) Gold 6336Y CPU @ 2.40GHz, instruction set [SSE2|AVX|AVX2|AVX512]
Thread count: 48 physical cores, 96 logical processors, using up to 32 threads

Non-default parameters:
TimeLimit  7200

Optimize a model with 322902 rows, 315440 columns and 4581886 nonzeros
Model fingerprint: 0x519c2aea
Variable types: 440 continuous, 315000 integer (315000 binary)
Coefficient statistics:
  Matrix range     [1e+00, 9e+02]
  Objective range  [1e+00, 1e+00]
  Bounds range     [1e+00, 1e+03]
  RHS range        [1e+00, 9e+02]
Presolve removed 308508 rows and 302430 columns
Presolve time: 1.50s
Presolved: 14394 rows, 13010 columns, 161470 nonzeros
Variable types: 410 continuous, 12600 integer (12600 binary)
Performing another presolve...
Presolve removed 9783 rows and 8991 columns
Presolve time: 0.87s
Found heuristic solution: objective 960.3122667

Root relaxation: objective 1.537141e+02, 2377 iterations, 0.17 seconds (0.19 work units)

    Nodes    |    Current Node    |     Objective Bounds      |     Work
 Expl Unexpl |  Obj  Depth IntInf | Incumbent    BestBd   Gap | It/Node Time

     0     0  153.71407    0   57  960.31227  153.71407  84.0%     -    3s
H    0     0                     691.2781333  153.71407  77.8%     -    3s
H    0     0                     544.9669333  153.71407  71.8%     -    3s
     0     0  153.71407    0   61  544.96693  153.71407  71.8%     -    3s
H    0     0                     544.4760000  153.71407  71.8%     -    4s
H    0     0                     532.1052667  153.71407  71.1%     -    4s
H    0     0                     531.5422667  153.71407  71.1%     -    4s
H    0     0                     489.6612333  153.71407  68.6%     -    4s
H    0     0                     488.9430667  153.71407  68.6%     -    4s
H    0     0                     470.6249667  153.71407  67.3%     -    4s
H    0     0                     468.6152000  153.71407  67.2%     -    4s
H    0     0                     465.9167333  153.71407  67.0%     -    4s
H    0     0                     465.8756333  153.71407  67.0%     -    4s
H    0     0                     465.8487333  153.71407  67.0%     -    4s
H    0     0                     461.0983333  153.71407  66.7%     -    4s
H    0     0                     448.1095333  153.71407  65.7%     -    4s
H    0     0                     446.6562333  153.71407  65.6%     -    4s
H    0     0                     438.0794667  153.71407  64.9%     -    4s
     0     0  153.71407    0   59  438.07947  153.71407  64.9%     -    5s
     0     0  153.71407    0   59  438.07947  153.71407  64.9%     -    5s
H    0     0                     371.0397667  153.71407  58.6%     -    5s
     0     0  153.71407    0   47  371.03977  153.71407  58.6%     -    5s
H    0     0                     361.6936667  153.71407  57.5%     -    6s
H    0     0                     356.1137667  153.71407  56.8%     -    6s
H    0     0                     343.5763000  153.71407  55.3%     -    6s
H    0     0                     321.6901000  153.71407  52.2%     -    6s
H    0     0                     321.6865000  153.71407  52.2%     -    6s
H    0     0                     319.5025000  153.71407  51.9%     -    6s
H    0     0                     319.3194000  153.71407  51.9%     -    6s
H    0     0                     319.3166667  153.71407  51.9%     -    6s
H    0     0                     319.3112667  153.71407  51.9%     -    6s
     0     0  153.71407    0   39  319.31127  153.71407  51.9%     -    6s
H    0     0                     305.0506333  153.71407  49.6%     -    6s
H    0     0                     301.4794333  153.71407  49.0%     -    6s
H    0     0                     268.7284000  153.71407  42.8%     -    7s
H    0     0                     267.3545333  153.71407  42.5%     -    7s
H    0     0                     263.5727667  153.71407  41.7%     -    7s
H    0     0                     261.5085667  153.71407  41.2%     -    7s
H    0     0                     261.4709000  153.71407  41.2%     -    7s
     0     0  153.71407    0   40  261.47090  153.71407  41.2%     -    8s
     0     0  153.71407    0   39  261.47090  153.71407  41.2%     -    9s
     0     0  153.71407    0   40  261.47090  153.71407  41.2%     -    9s
     0     0  153.71407    0   40  261.47090  153.71407  41.2%     -    9s
H    0     0                     260.8750000  153.71407  41.1%     -   10s
     0     2  153.71407    0   40  260.87500  153.71407  41.1%     -   11s
H   74    92                     257.2890000  153.71407  40.3%   631   13s
H   86    92                     254.5761667  153.71407  39.6%   626   13s
H  131   104                     237.6835667  153.71407  35.3%   803   14s
H  144   104                     230.2631000  153.71407  33.2%   769   14s
H  160   104                     225.5217000  160.64203  28.8%   736   14s
   287    73     cutoff   11       225.52170  163.80263  27.4%   488   15s
H  290    73                     220.5111667  163.80263  25.7%   487   15s
H  297    73                     212.0259667  163.80263  22.7%   478   15s
H  300    73                     210.7726000  163.80263  22.3%   474   15s
H  307    73                     207.5232000  163.80263  21.1%   473   15s
H 1356   221                     207.0798333  187.00273  9.70%   127   18s
  1902   639  188.24981   67  104  207.07983  187.48960  9.46%  95.2   20s
H 2469   972                     206.9912667  188.24981  9.05%  76.8   21s
H 2472   972                     204.7416333  188.24981  8.05%  76.8   21s
  3658  1690  199.30874   89  753  204.74163  188.24981  8.05%  56.2   26s
H 3661  1607                     203.5520892  188.24981  7.52%  56.2   26s
H 3661  1526                     203.2199333  188.24981  7.37%  56.2   26s
H 3661  1450                     203.1695333  188.24981  7.34%  56.2   26s
H 3664  1379                     202.8546000  188.24981  7.20%  56.1   27s
H 3664  1310                     202.2246667  188.24981  6.91%  56.1   27s
H 3664  1245                     202.1511667  188.24981  6.88%  56.1   27s
H 3729  1209                     202.1278333  189.07190  6.46%  56.9   28s
H 3821  1151                     202.0373000  189.07190  6.42%  56.0   28s
H 3825  1092                     200.1399000  189.07190  5.53%  56.0   28s
H 4972  1280                     199.2248667  189.07190  5.10%  46.1   30s
H 6070  1352                     199.2227667  189.07190  5.10%  40.1   31s
  9272  3468     cutoff   80       199.22277  189.07190  5.10%  30.4   35s
H12196  5160                     199.2125000  189.07190  5.09%  25.9   38s
 12936  6184  199.16509  119   45  199.21250  189.07190  5.09%  25.1   40s
 17965  9075 infeasible   60       199.21250  189.07190  5.09%  21.9   45s
 24825 13669  194.75844   76   40  199.21250  189.07190  5.09%  19.8   50s
H26132 13699                     199.1891667  189.07190  5.08%  19.4   51s
 28578 15825  196.29959   75   39  199.18917  189.07190  5.08%  19.2   55s
H30420 15090                     199.0017333  189.07190  4.99%  18.9   59s
H30497 14336                     198.9865000  189.07190  4.98%  18.9   59s
 30600 14355  191.33860   37   34  198.98650  189.07190  4.98%  19.0   60s
H32247 14080                     198.9864991  189.07190  4.98%  18.7   61s
H33439 13728                     198.9864983  189.07190  4.98%  18.4   63s
 39901 16016  193.54807  100   28  198.98650  189.26643  4.88%  17.7   65s
 55225 19776  190.38323   61   37  198.98650  190.16031  4.44%  16.4   70s
H55225 18787                     198.9864974  190.16031  4.44%  16.4   70s
 67718 22932  194.78664  110   31  198.98650  190.16031  4.44%  16.1   75s
 89994 28380  193.95720  113  291  198.98650  190.30563  4.36%  15.3   86s
 90265 28442  191.85540   55   32  198.98650  191.85540  3.58%  15.4   90s
 104763 32166  194.81718   94   21  198.98650  192.94407  3.04%  15.5   95s
 119223 33892  198.14030  129   30  198.98650  193.32759  2.84%  15.4  100s
H131655 34799                     198.9819313  193.32759  2.84%  15.4  103s
H133100 33488                     198.8081667  193.32759  2.76%  15.4  104s
H136874 32729                     198.8060667  193.32759  2.76%  15.5  104s
H137108 31189                     198.7938333  193.32759  2.75%  15.5  104s
H137230 29769                     198.7896333  193.32759  2.75%  15.5  104s
 137241 30048  196.98760  102   34  198.78963  193.32759  2.75%  15.5  105s
H168915 31243                     198.7829890  193.48630  2.66%  15.5  109s
 172386 31753 infeasible  115       198.78299  193.48630  2.66%  15.5  110s
 209046 38367  196.53812  131   18  198.78299  193.79823  2.51%  15.8  115s
 234948 45983  197.67020   95   26  198.78299  194.00514  2.40%  15.9  120s
 263001 56920  197.38228  167   28  198.78299  194.21280  2.30%  16.0  125s
 287594 63878  196.43563  126   28  198.78299  194.28765  2.26%  16.1  130s
 317046 70958  194.45623  107   28  198.78299  194.43750  2.19%  16.1  135s
 346247 77734 infeasible  107       198.78299  194.58247  2.11%  16.1  140s
 376942 84357     cutoff  118       198.78299  194.76148  2.02%  16.0  145s
 412744 91103  196.34774  131   35  198.78299  194.93736  1.93%  16.0  150s
 440676 98194     cutoff  134       198.78299  195.07482  1.87%  16.1  155s
 475999 104131  195.23993  134   19  198.78299  195.19937  1.80%  16.1  160s
 501048 108878  195.44200  136   12  198.78299  195.29240  1.76%  16.1  165s
 527644 112531     cutoff   91       198.78299  195.37740  1.71%  16.1  170s
H527647 112531                     198.7829889  195.37740  1.71%  16.1  170s
H527656 112531                     198.7829883  195.37780  1.71%  16.1  170s
 546592 114783     cutoff  115       198.78299  195.43547  1.68%  16.1  175s
 579147 120311  197.10452  163   20  198.78299  195.54000  1.63%  16.1  180s
 603343 124368  196.90950  109   21  198.78299  195.59063  1.61%  16.0  185s
 627788 128096  195.82627  177   18  198.78299  195.66107  1.57%  16.0  190s
 659279 129975     cutoff  152       198.78299  195.74227  1.53%  16.0  195s
 676848 130725     cutoff   93       198.78299  195.82306  1.49%  15.9  200s
 705474 132919     cutoff  170       198.78299  195.90200  1.45%  15.9  205s
 731945 133697  196.02687  124   19  198.78299  196.01316  1.39%  16.0  211s
 757076 132864     cutoff  128       198.78299  196.12094  1.34%  15.9  215s
 787821 133174     cutoff  154       198.78299  196.21453  1.29%  15.9  220s
 817382 133101  198.00346  172   29  198.78299  196.27952  1.26%  15.9  225s
 840968 132543  196.37138  140   30  198.78299  196.35991  1.22%  15.9  230s
 868715 129494  197.16432  148   34  198.78299  196.43783  1.18%  15.8  235s
 897949 125780  198.39097  128   24  198.78299  196.52162  1.14%  15.8  240s
 923387 122931     cutoff  130       198.78299  196.59478  1.10%  15.8  245s
 950066 119058     cutoff  173       198.78299  196.67350  1.06%  15.8  250s
 973102 114505  196.85587  116   37  198.78299  196.75763  1.02%  15.8  255s
 994547 110961     cutoff  108       198.78299  196.82474  0.99%  15.8  260s
 1024183 104919     cutoff  106       198.78299  196.92543  0.93%  15.8  265s
H1041949 100842                     198.7829882  196.98309  0.91%  15.8  269s
 1043576 100065  197.02933  140   20  198.78299  196.98417  0.90%  15.8  270s
 1064860 94288     cutoff  120       198.78299  197.10500  0.84%  15.9  275s
 1092126 87481  197.24825  121   18  198.78299  197.21624  0.79%  15.9  281s
 1099521 84330     cutoff  135       198.78299  197.23638  0.78%  15.9  286s
 1121471 76076  197.47623  121    7  198.78299  197.33471  0.73%  15.9  290s
 1149540 65752 infeasible   84       198.78299  197.44547  0.67%  16.0  295s
 1173245 56593     cutoff  140       198.78299  197.55960  0.62%  16.0  300s
 1197365 45530  197.82250  120   13  198.78299  197.69603  0.55%  16.0  305s
 1221684 32715     cutoff  117       198.78299  197.93876  0.42%  16.0  310s
 1247157 18393     cutoff  104       198.78299  198.24820  0.27%  16.0  315s
 1271293  4803  198.65757  119   13  198.78299  198.54023  0.12%  16.0  322s

Cutting planes:
  Gomory: 5
  Implied bound: 11
  Projected implied bound: 5
  MIR: 2
  Flow cover: 13
  Inf proof: 1
  Zero half: 8
  Relax-and-lift: 25

Explored 1278258 nodes (20469717 simplex iterations) in 324.42 seconds (147.03 work units)
Thread count was 32 (of 96 available processors)

Solution count 10: 198.783 198.794 198.806 ... 199.212

Optimal solution found (tolerance 1.00e-04)
Best objective 1.987829881541e+02, best bound 1.987829881541e+02, gap 0.0000%

User-callback calls 2593156, time in user-callback 2.88 sec

Gurobi 12.0.1 (win64) logging started Sat Sep 20 09:48:14 2025

Set parameter LogFile to value "log_group_6/bound_Expr99_s7_l1051_s11_e12_o30_d60_t7200_s29_1_1_1_1.log"
Gurobi Optimizer version 12.0.1 build v12.0.1rc0 (win64 - Windows Server 2022.0 (20348.2))

CPU model: Intel(R) Xeon(R) Gold 6336Y CPU @ 2.40GHz, instruction set [SSE2|AVX|AVX2|AVX512]
Thread count: 48 physical cores, 96 logical processors, using up to 32 threads

Non-default parameters:
TimeLimit  7200

Optimize a model with 322902 rows, 315440 columns and 4581886 nonzeros
Model fingerprint: 0x519c2aea
Variable types: 440 continuous, 315000 integer (315000 binary)
Coefficient statistics:
  Matrix range     [1e+00, 9e+02]
  Objective range  [1e+00, 1e+00]
  Bounds range     [1e+00, 1e+03]
  RHS range        [1e+00, 9e+02]
Presolve removed 308508 rows and 302430 columns
Presolve time: 1.44s
Presolved: 14394 rows, 13010 columns, 161470 nonzeros
Variable types: 410 continuous, 12600 integer (12600 binary)
Performing another presolve...
Presolve removed 9783 rows and 8991 columns
Presolve time: 0.85s
Found heuristic solution: objective 960.3122667

Root relaxation: objective 1.537141e+02, 2377 iterations, 0.17 seconds (0.19 work units)

    Nodes    |    Current Node    |     Objective Bounds      |     Work
 Expl Unexpl |  Obj  Depth IntInf | Incumbent    BestBd   Gap | It/Node Time

     0     0  153.71407    0   57  960.31227  153.71407  84.0%     -    3s
H    0     0                     691.2781333  153.71407  77.8%     -    3s
H    0     0                     544.9669333  153.71407  71.8%     -    3s
     0     0  153.71407    0   61  544.96693  153.71407  71.8%     -    3s
H    0     0                     544.4760000  153.71407  71.8%     -    3s
H    0     0                     532.1052667  153.71407  71.1%     -    4s
H    0     0                     531.5422667  153.71407  71.1%     -    4s
H    0     0                     489.6612333  153.71407  68.6%     -    4s
H    0     0                     488.9430667  153.71407  68.6%     -    4s
H    0     0                     470.6249667  153.71407  67.3%     -    4s
H    0     0                     468.6152000  153.71407  67.2%     -    4s
H    0     0                     465.9167333  153.71407  67.0%     -    4s
H    0     0                     465.8756333  153.71407  67.0%     -    4s
H    0     0                     465.8487333  153.71407  67.0%     -    4s
H    0     0                     461.0983333  153.71407  66.7%     -    4s
H    0     0                     448.1095333  153.71407  65.7%     -    4s
H    0     0                     446.6562333  153.71407  65.6%     -    4s
H    0     0                     438.0794667  153.71407  64.9%     -    4s
     0     0  153.71407    0   59  438.07947  153.71407  64.9%     -    4s
     0     0  153.71407    0   59  438.07947  153.71407  64.9%     -    4s
H    0     0                     371.0397667  153.71407  58.6%     -    5s
     0     0  153.71407    0   47  371.03977  153.71407  58.6%     -    5s
H    0     0                     361.6936667  153.71407  57.5%     -    5s
H    0     0                     356.1137667  153.71407  56.8%     -    5s
H    0     0                     343.5763000  153.71407  55.3%     -    5s
H    0     0                     321.6901000  153.71407  52.2%     -    5s
H    0     0                     321.6865000  153.71407  52.2%     -    5s
H    0     0                     319.5025000  153.71407  51.9%     -    5s
H    0     0                     319.3194000  153.71407  51.9%     -    5s
H    0     0                     319.3166667  153.71407  51.9%     -    5s
H    0     0                     319.3112667  153.71407  51.9%     -    5s
     0     0  153.71407    0   39  319.31127  153.71407  51.9%     -    6s
H    0     0                     305.0506333  153.71407  49.6%     -    6s
H    0     0                     301.4794333  153.71407  49.0%     -    6s
H    0     0                     268.7284000  153.71407  42.8%     -    6s
H    0     0                     267.3545333  153.71407  42.5%     -    6s
H    0     0                     263.5727667  153.71407  41.7%     -    6s
H    0     0                     261.5085667  153.71407  41.2%     -    6s
H    0     0                     261.4709000  153.71407  41.2%     -    6s
     0     0  153.71407    0   40  261.47090  153.71407  41.2%     -    7s
     0     0  153.71407    0   39  261.47090  153.71407  41.2%     -    8s
     0     0  153.71407    0   40  261.47090  153.71407  41.2%     -    9s
     0     0  153.71407    0   40  261.47090  153.71407  41.2%     -    9s
H    0     0                     260.8750000  153.71407  41.1%     -    9s
     0     2  153.71407    0   40  260.87500  153.71407  41.1%     -   10s
H   74    92                     257.2890000  153.71407  40.3%   631   12s
H   86    92                     254.5761667  153.71407  39.6%   626   12s
H  131   104                     237.6835667  153.71407  35.3%   803   13s
H  144   104                     230.2631000  153.71407  33.2%   769   13s
H  160   104                     225.5217000  160.64203  28.8%   736   13s
H  290    73                     220.5111667  163.80263  25.7%   487   13s
H  297    73                     212.0259667  163.80263  22.7%   478   13s
H  300    73                     210.7726000  163.80263  22.3%   474   13s
H  307    73                     207.5232000  163.80263  21.1%   473   13s
   583    78 infeasible   10       207.52320  165.76777  20.1%   274   15s
H 1356   221                     207.0798333  187.00273  9.70%   127   17s
  2466   972  189.07190   82   97  207.07983  188.24981  9.09%  76.9   20s
H 2469   972                     206.9912667  188.24981  9.05%  76.8   20s
H 2472   972                     204.7416333  188.24981  8.05%  76.8   20s
H 3661  1607                     203.5520892  188.24981  7.52%  56.2   24s
H 3661  1526                     203.2199333  188.24981  7.37%  56.2   24s
H 3661  1450                     203.1695333  188.24981  7.34%  56.2   24s
  3663  1451  189.75703   92   70  203.16953  188.24981  7.34%  56.2   25s
H 3664  1379                     202.8546000  188.24981  7.20%  56.1   25s
H 3664  1310                     202.2246667  188.24981  6.91%  56.1   25s
H 3664  1245                     202.1511667  188.24981  6.88%  56.1   25s
H 3729  1209                     202.1278333  189.07190  6.46%  56.9   26s
H 3821  1151                     202.0373000  189.07190  6.42%  56.0   26s
H 3825  1092                     200.1399000  189.07190  5.53%  56.0   26s
H 4972  1280                     199.2248667  189.07190  5.10%  46.1   27s
H 6070  1352                     199.2227667  189.07190  5.10%  40.1   29s
  6869  1736  189.08240   58   33  199.22277  189.07190  5.10%  37.0   30s
 11244  4766     cutoff   99       199.22277  189.07190  5.10%  27.1   35s
H12196  5160                     199.2125000  189.07190  5.09%  25.9   36s
 16322  8100  190.08240   36   35  199.21250  189.07190  5.09%  22.6   40s
 22417 11905  191.94258   87   41  199.21250  189.07190  5.09%  20.4   45s
H26132 13699                     199.1891667  189.07190  5.08%  19.4   48s
 27262 14318     cutoff   58       199.18917  189.07190  5.08%  19.4   50s
 30338 15873  189.07190   33   37  199.18917  189.07190  5.08%  18.9   55s
H30420 15090                     199.0017333  189.07190  4.99%  18.9   55s
H30497 14336                     198.9865000  189.07190  4.98%  18.9   55s
H32247 14080                     198.9864991  189.07190  4.98%  18.7   57s
H33439 13728                     198.9864983  189.07190  4.98%  18.4   59s
 35960 14956  198.35052  114   11  198.98650  189.07273  4.98%  18.0   60s
 51040 19712  190.55165   55   33  198.98650  190.15230  4.44%  16.6   65s
H55225 18787                     198.9864974  190.16031  4.44%  16.4   66s
 60094 20102  192.54309  115   31  198.98650  190.16031  4.44%  16.4   70s
 78520 25683  196.00540   75   30  198.98650  190.16031  4.44%  15.7   75s
 89994 28380  193.95720  113  291  198.98650  190.30563  4.36%  15.3   83s
 90085 28445  191.85540   52   30  198.98650  191.85540  3.58%  15.4   85s
 97856 30111  193.97407   79   14  198.98650  192.23450  3.39%  15.5   90s
 119211 33884  197.75503  111  262  198.98650  193.32759  2.84%  15.4   95s
 129592 36069  197.33258   89   41  198.98650  193.32759  2.84%  15.5  100s
H131655 34799                     198.9819313  193.32759  2.84%  15.4  100s
H133100 33488                     198.8081667  193.32759  2.76%  15.4  100s
H136874 32729                     198.8060667  193.32759  2.76%  15.5  101s
H137108 31189                     198.7938333  193.32759  2.75%  15.5  101s
H137230 29769                     198.7896333  193.32759  2.75%  15.5  101s
 167212 32504  197.50035   95   19  198.78963  193.43170  2.70%  15.5  105s
H168915 31243                     198.7829890  193.48630  2.66%  15.5  106s
 195221 33489     cutoff  134       198.78299  193.73682  2.54%  15.8  110s
 229878 44790     cutoff  113       198.78299  193.98013  2.42%  15.9  115s
 244514 51657  194.60653  129   30  198.78299  194.13228  2.34%  16.0  120s
 274173 61436  196.66720  137   15  198.78299  194.23823  2.29%  16.1  125s
 303413 66373     cutoff  155       198.78299  194.36470  2.22%  16.1  130s
 333296 73579  195.34901  112   28  198.78299  194.50277  2.15%  16.1  135s
 362687 82088  196.59296  114   24  198.78299  194.65727  2.08%  16.0  140s
 394233 88544  196.88392  107   30  198.78299  194.83680  1.99%  16.0  146s
 420982 94107     cutoff  105       198.78299  194.98560  1.91%  16.0  150s
 450158 99766  198.27921  133   17  198.78299  195.10719  1.85%  16.1  155s
 482390 105552  197.58986  145   30  198.78299  195.23911  1.78%  16.1  160s
 504414 109119  195.62547  127   23  198.78299  195.30370  1.75%  16.1  165s
 527644 112531     cutoff   91       198.78299  195.37740  1.71%  16.1  170s
H527647 112531                     198.7829889  195.37740  1.71%  16.1  170s
H527656 112531                     198.7829883  195.37780  1.71%  16.1  170s
 546592 114783     cutoff  115       198.78299  195.43547  1.68%  16.1  175s
 574328 119917 infeasible  128       198.78299  195.52823  1.64%  16.1  180s
 597454 124258     cutoff  153       198.78299  195.57640  1.61%  16.1  185s
 619300 126646  196.42907  110   31  198.78299  195.63747  1.58%  16.0  190s
 647992 128923 infeasible  175       198.78299  195.70303  1.55%  16.0  195s
 671796 130396  198.49780  134   16  198.78299  195.79845  1.50%  15.9  200s
 683120 131044  197.16973  144   22  198.78299  195.83837  1.48%  15.9  205s
 707628 132806  197.31446  138   15  198.78299  195.90710  1.45%  15.9  210s
 731945 133697  196.02687  124   19  198.78299  196.01316  1.39%  16.0  215s
 760105 132702 infeasible  122       198.78299  196.12905  1.34%  15.9  220s
 787821 133174     cutoff  154       198.78299  196.21453  1.29%  15.9  225s
 807684 133574     cutoff  169       198.78299  196.27100  1.26%  15.9  230s
 833782 132355  197.41873   89   20  198.78299  196.33522  1.23%  15.9  235s
 853146 131032  198.47881  168   13  198.78299  196.38915  1.20%  15.8  240s
 874872 128954  197.33357  121   27  198.78299  196.45256  1.17%  15.8  245s
 897949 125780  198.39097  128   24  198.78299  196.52162  1.14%  15.8  250s
 923387 122931     cutoff  130       198.78299  196.59478  1.10%  15.8  255s
 944552 120105 infeasible  100       198.78299  196.65860  1.07%  15.8  260s
 968054 115852 infeasible  124       198.78299  196.73562  1.03%  15.8  265s
 987609 111811  198.32768   88   24  198.78299  196.79481  1.00%  15.8  270s
 1010408 108616  196.89183  142   20  198.78299  196.85705  0.97%  15.8  275s
 1031331 103166 infeasible  117       198.78299  196.96127  0.92%  15.8  280s
H1041949 100842                     198.7829882  196.98309  0.91%  15.8  283s
 1046442 99367     cutoff  121       198.78299  197.00052  0.90%  15.8  285s
 1064860 94288     cutoff  120       198.78299  197.10500  0.84%  15.9  290s
 1088616 87534  197.53330  126   17  198.78299  197.19567  0.80%  15.9  295s
 1095488 85243  197.28311  124   18  198.78299  197.22210  0.79%  15.9  300s
 1110762 79930  197.31403  119   19  198.78299  197.30050  0.75%  15.9  305s
 1132869 72160     cutoff  129       198.78299  197.38716  0.70%  15.9  310s
 1152691 64783 infeasible  149       198.78299  197.48230  0.65%  16.0  315s
 1176339 55296 infeasible  161       198.78299  197.59927  0.60%  16.0  320s
 1197365 45530  197.82250  120   13  198.78299  197.69603  0.55%  16.0  325s
 1214887 36343  197.98785  127   20  198.78299  197.86640  0.46%  16.0  330s
 1236386 24847     cutoff  147       198.78299  198.10620  0.34%  16.0  335s
 1257647 11686     cutoff  129       198.78299  198.36243  0.21%  16.0  340s
 1271293  4803  198.65757  119   13  198.78299  198.54023  0.12%  16.0  345s

Cutting planes:
  Gomory: 5
  Implied bound: 11
  Projected implied bound: 5
  MIR: 2
  Flow cover: 13
  Inf proof: 1
  Zero half: 8
  Relax-and-lift: 25

Explored 1278258 nodes (20469717 simplex iterations) in 348.11 seconds (147.03 work units)
Thread count was 32 (of 96 available processors)

Solution count 10: 198.783 198.794 198.806 ... 199.212

Optimal solution found (tolerance 1.00e-04)
Best objective 1.987829881541e+02, best bound 1.987829881541e+02, gap 0.0000%

User-callback calls 2594610, time in user-callback 2.68 sec
