
Gurobi 12.0.1 (win64) logging started Sat Sep 20 06:16:47 2025

Set parameter LogFile to value "log_group_6/bound_Expr95_s7_l1051_s11_e12_o30_d60_t7200_s25_1_1_1_1.log"
Gurobi Optimizer version 12.0.1 build v12.0.1rc0 (win64 - Windows Server 2022.0 (20348.2))

CPU model: Intel(R) Xeon(R) Gold 6336Y CPU @ 2.40GHz, instruction set [SSE2|AVX|AVX2|AVX512]
Thread count: 48 physical cores, 96 logical processors, using up to 32 threads

Non-default parameters:
TimeLimit  7200

Optimize a model with 526343 rows, 514940 columns and 7247516 nonzeros
Model fingerprint: 0xbcaee552
Variable types: 440 continuous, 514500 integer (514500 binary)
Coefficient statistics:
  Matrix range     [3e-01, 8e+02]
  Objective range  [1e+00, 1e+00]
  Bounds range     [1e+00, 1e+03]
  RHS range        [5e-01, 8e+02]
Presolve removed 512712 rows and 502630 columns
Presolve time: 2.37s
Presolved: 13631 rows, 12310 columns, 145812 nonzeros
Variable types: 410 continuous, 11900 integer (11900 binary)
Performing another presolve...
Presolve removed 7665 rows and 7084 columns
Presolve time: 0.73s
Found heuristic solution: objective 1495.0254333

Root relaxation: objective 7.612797e+01, 3408 iterations, 0.25 seconds (0.35 work units)
Total elapsed time = 5.05s (DegenMoves)

    Nodes    |    Current Node    |     Objective Bounds      |     Work
 Expl Unexpl |  Obj  Depth IntInf | Incumbent    BestBd   Gap | It/Node Time

     0     0   76.12797    0   69 1495.02543   76.12797  94.9%     -    5s
H    0     0                    1232.7601000   76.12797  93.8%     -    5s
H    0     0                    1108.0232333   76.12797  93.1%     -    5s
H    0     0                    1048.4013000   76.12797  92.7%     -    5s
     0     0   76.12797    0  250 1048.40130   76.12797  92.7%     -    5s
H    0     0                     920.5877333   76.12797  91.7%     -    5s
H    0     0                     856.0885333   76.12797  91.1%     -    5s
H    0     0                     852.6667667   76.12797  91.1%     -    5s
     0     0   76.12797    0  162  852.66677   76.12797  91.1%     -    5s
H    0     0                     817.7511000   76.12797  90.7%     -    7s
H    0     0                     815.3398333   76.12797  90.7%     -    7s
H    0     0                     815.3374333   76.12797  90.7%     -    7s
H    0     0                     801.0885000   76.12797  90.5%     -    7s
H    0     0                     788.4129000   76.12797  90.3%     -    7s
H    0     0                     766.2633000   76.12797  90.1%     -    7s
H    0     0                     764.9326000   76.12797  90.0%     -    7s
H    0     0                     755.5233333   76.12797  89.9%     -    7s
H    0     0                     754.5233333   76.12797  89.9%     -    7s
H    0     0                     715.3300333   76.12797  89.4%     -    7s
H    0     0                     703.6927333   76.12797  89.2%     -    7s
H    0     0                     685.9097333   76.12797  88.9%     -    7s
H    0     0                     683.9097333   76.12797  88.9%     -    7s
H    0     0                     682.9097333   76.12797  88.9%     -    7s
     0     0   76.12797    0   55  682.90973   76.12797  88.9%     -    8s
H    0     0                     566.5466667   76.12797  86.6%     -    8s
H    0     0                     515.2203000   76.12797  85.2%     -    8s
H    0     0                     513.6269000   76.12797  85.2%     -    8s
H    0     0                     509.4243333   76.12797  85.1%     -    8s
H    0     0                     508.4555333   76.12797  85.0%     -    8s
H    0     0                     467.6221995   76.12797  83.7%     -    8s
H    0     0                     467.6202667   76.12797  83.7%     -    8s
H    0     0                     428.6959667   76.12797  82.2%     -    8s
H    0     0                     426.0605667   76.12797  82.1%     -    8s
H    0     0                     424.0137000   76.12797  82.0%     -    8s
H    0     0                     423.3224667   76.12797  82.0%     -    8s
H    0     0                     423.2936667   76.12797  82.0%     -    8s
     0     0   76.12797    0   98  423.29367   76.12797  82.0%     -    8s
     0     0   77.15947    0   61  423.29367   77.15947  81.8%     -    9s
H    0     0                     318.3462667   77.15947  75.8%     -    9s
H    0     0                     309.3164000   77.15947  75.1%     -    9s
H    0     0                     308.4475333   77.15947  75.0%     -    9s
     0     0   77.15947    0   55  308.44753   77.15947  75.0%     -   10s
     0     0   77.15947    0  101  308.44753   77.15947  75.0%     -   10s
     0     0   77.15947    0   53  308.44753   77.15947  75.0%     -   12s
     0     0   77.15947    0   53  308.44753   77.15947  75.0%     -   12s
H    0     0                     289.0717000   77.15947  73.3%     -   12s
H    0     0                     278.0719667   77.15947  72.3%     -   12s
H    0     0                     277.9183667   77.15947  72.2%     -   12s
     0     2   77.15947    0   53  277.91837   77.15947  72.2%     -   14s
    15    32   77.15947    4  174  277.91837   77.15947  72.2%   291   15s
H  106   122                     275.8418667   81.83420  70.3%  1017   17s
H  353   265                     275.7875333   81.83420  70.3%   516   18s
H  359   265                     268.4014333   81.83420  69.5%   509   18s
H  477   344                     265.7906333   81.83420  69.2%   435   19s
H  492   344                     255.8980333   81.83420  68.0%   429   19s
H  497   344                     253.6261667   81.83420  67.7%   426   19s
   505   392   94.71554   17  129  253.62617   81.83420  67.7%   423   20s
H  628   465                     253.6261665   81.83420  67.7%   379   20s
H  853   642                     252.7218000   81.83420  67.6%   310   21s
H 1121   869                     249.5997000   81.83420  67.2%   264   22s
H 1136   869                     237.1322333   81.83420  65.5%   263   22s
H 2296  1931                     201.5116667   86.34960  57.1%   168   24s
H 2342  1931                     200.5056667   86.34960  56.9%   167   24s
  2483  1878  115.27667   63  117  200.50567   86.34960  56.9%   160   25s
H 3436  2388                     196.3472667   98.90001  49.6%   139   27s
H 3767  2373                     196.3199667   99.79046  49.2%   129   28s
  3768  2359  165.55813   58 1275  196.31997   99.79046  49.2%   129   30s
H 3771  2242                     196.2614667  128.37013  34.6%   129   31s
H 3771  2130                     191.2795333  128.37013  32.9%   129   31s
H 3771  2024                     189.1844333  128.37013  32.1%   129   31s
H 3771  1922                     187.0328333  128.37013  31.4%   129   31s
  4156  1851  137.11949   32  145  187.03283  136.96413  26.8%   123   35s
H 4914  1717                     186.9836333  137.38139  26.5%   108   38s
  5799  1892  181.58518   74  129  186.98363  139.79948  25.2%  94.8   40s
  9349  2639 infeasible  174       186.98363  143.90007  23.0%  64.7   45s
 14833  5673  184.50698  283   47  186.98363  146.51942  21.6%  45.9   50s
H18564  7189                     186.4869000  154.57396  17.1%  39.1   54s
 18893  8116  181.38933  157   60  186.48690  154.57396  17.1%  38.6   56s
 22207 10057  170.77666  130   90  186.48690  154.96478  16.9%  34.4   60s
 28267 13640  178.93350  174   62  186.48690  157.75933  15.4%  29.4   66s
 29774 15151  161.17525   72  118  186.48690  157.76268  15.4%  28.4   71s
 34599 17138  168.77504  106   78  186.48690  158.86497  14.8%  26.0   75s
 40466 20771  173.60430  136  103  186.48690  159.56004  14.4%  24.4   80s
 45775 24016  161.74594  124  118  186.48690  159.59420  14.4%  23.1   86s
 50376 26456     cutoff  110       186.48690  159.92544  14.2%  22.2   92s
 54737 28897  169.56650  111   83  186.48690  160.22923  14.1%  21.5   97s
 57875 30547  181.35214  166   61  186.48690  160.27565  14.1%  21.0  100s
 60333 32647  176.98084  157  127  186.48690  160.47532  13.9%  20.7  115s
 68089 35713  167.84422   98  122  186.48690  160.68217  13.8%  20.5  121s
 73615 38403     cutoff  132       186.48690  160.99178  13.7%  20.8  126s
 77141 40393     cutoff  204       186.48690  161.16148  13.6%  21.1  130s
 83980 43017  168.37519  116  121  186.48690  161.52784  13.4%  21.3  135s
 89060 46014  173.32427  107  112  186.48690  161.95377  13.2%  21.6  143s
 91992 48022  185.32255   92   80  186.48690  162.15513  13.0%  21.7  148s
 96637 50511  177.53652  119  130  186.48690  162.24981  13.0%  21.8  153s
 100750 52306  182.60508  109   39  186.48690  162.59518  12.8%  21.9  158s
 104548 54616     cutoff  123       186.48690  162.61800  12.8%  22.0  161s
 111323 56808  167.57271   87   97  186.48690  163.03583  12.6%  22.1  166s
 114733 60150  171.69082  157   72  186.48690  163.28952  12.4%  22.3  172s
H119638 60041                     186.3978000  163.49615  12.3%  22.3  173s
H119661 60041                     186.3977999  163.49615  12.3%  22.3  173s
 119669 62094     cutoff  148       186.39780  163.49615  12.3%  22.3  178s
 123768 63738  183.01776  180   66  186.39780  163.65367  12.2%  22.3  183s
 126823 64954  167.44475  108  133  186.39780  163.75601  12.1%  22.3  186s
 130546 68007  184.49057  102  117  186.39780  163.75601  12.1%  22.4  195s
 136092 70143  175.35893  113  123  186.39780  164.03629  12.0%  22.4  200s
 141163 71544  180.81431  129  113  186.39780  164.33692  11.8%  22.5  208s
 144930 73394  178.12386  130   74  186.39780  164.37943  11.8%  22.6  215s
 145052 73394  167.02379  121  119  186.39780  164.37943  11.8%  22.6  231s
 150328 75839  185.59162  176   70  186.39780  164.62772  11.7%  22.7  240s
 154689 77514  175.16679  105  107  186.39780  164.79071  11.6%  22.8  248s
 158674 79251  171.78017  121  119  186.39780  164.88910  11.5%  22.8  254s
 162309 80813  174.83732  107  118  186.39780  164.99337  11.5%  22.8  260s
 166610 83084     cutoff  130       186.39780  165.12127  11.4%  22.8  268s
 170528 84957  184.13222  113  121  186.39780  165.20026  11.4%  22.8  274s
 174320 85304     cutoff  109       186.39780  165.29998  11.3%  22.8  276s
 175389 86788  181.12069   94  136  186.39780  165.30817  11.3%  22.8  282s
 178665 88642     cutoff  118       186.39780  165.37073  11.3%  22.9  289s
 182667 90600  175.24635  122  100  186.39780  165.42507  11.3%  22.9  295s
H187761 94901                     185.8071333  165.54254  10.9%  22.9  322s
H191622 86610                     183.6555333  165.55683  9.85%  22.9  323s
 199057 86657     cutoff  230       183.65553  165.73137  9.76%  22.9  327s
 200648 88267     cutoff  139       183.65553  165.77150  9.74%  22.9  334s
 204781 88644  172.18636  122  129  183.65553  165.84658  9.70%  22.9  336s
H205062 88219                     183.5535333  165.84663  9.65%  22.9  336s
H205091 79687                     181.7560333  165.84663  8.75%  22.9  336s
 205858 81205  168.76118  124  123  181.75603  165.86323  8.74%  22.9  346s
 209659 82527  176.83855  140  131  181.75603  165.95390  8.69%  23.0  352s
 212912 82620  178.20312   92  120  181.75603  166.01870  8.66%  23.0  355s
H212913 82099                     181.6540333  166.01870  8.61%  23.0  355s
H212914 72759                     179.9198333  166.01870  7.73%  23.0  355s
H212947 72225                     179.8178333  166.01870  7.67%  23.0  355s
 214461 74329     cutoff   72       179.81783  166.03979  7.66%  23.0  368s
 218783 75510     cutoff  123       179.81783  166.17522  7.59%  23.0  379s
 222718 76468     cutoff  132       179.81783  166.26384  7.54%  23.1  386s
 226038 77841  173.18378  123  112  179.81783  166.32684  7.50%  23.1  394s
 228490 77841  171.09569  119  122  179.81783  166.32684  7.50%  23.1  395s
 230943 79045  172.83333  108  109  179.81783  166.43353  7.44%  23.2  402s
 233482 79789  174.26465  124  105  179.81783  166.47110  7.42%  23.2  410s
 237227 82002  174.59293  129   90  179.81783  166.50770  7.40%  23.2  425s
 243717 84099  175.68945   99   90  179.81783  166.66736  7.31%  23.3  440s
 248699 85607  173.78527  138   95  179.81783  166.75242  7.27%  23.3  453s
 252966 85873  175.23038  118  113  179.81783  166.84107  7.22%  23.3  456s
 254084 87150  169.65974  141   82  179.81783  166.88106  7.19%  23.3  466s
 258560 87685  172.34341  147   77  179.81783  166.95973  7.15%  23.3  470s
 260282 88958  171.75594  109   58  179.81783  167.00565  7.13%  23.3  480s
 264224 90087  176.46760  147   71  179.81783  167.06626  7.09%  23.3  489s
 268302 90429  177.98232   83   99  179.81783  167.11858  7.06%  23.3  492s
 269502 91883 infeasible  132       179.81783  167.14993  7.04%  23.3  502s
 273872 93042  170.17811  128  111  179.81783  167.22162  7.00%  23.3  511s
 277913 93349  168.18045   90  108  179.81783  167.28888  6.97%  23.3  517s
 279424 96346  171.07012  117  108  179.81783  167.29818  6.96%  23.4  545s
 288959 96563  178.70867  156   46  179.81783  167.43497  6.89%  23.4  550s
 290370 97939  170.91385  110   99  179.81783  167.45987  6.87%  23.4  560s
 296130 99717     cutoff  102       179.81783  167.55612  6.82%  23.4  573s
 300780 100812  169.33339  114  115  179.81783  167.63471  6.78%  23.4  584s
 304463 101039     cutoff  135       179.81783  167.67726  6.75%  23.4  587s
 306233 102381     cutoff  126       179.81783  167.70318  6.74%  23.4  598s
 310827 102757  174.80155  145   97  179.81783  167.75907  6.71%  23.4  603s
 312319 105246     cutoff  116       179.81783  167.79455  6.69%  23.4  631s
 321987 106443  170.85888  122  124  179.81783  167.92175  6.62%  23.4  641s
 326146 106729     cutoff  157       179.81783  167.98836  6.58%  23.4  645s
 327398 107845  170.38558  128  112  179.81783  168.00043  6.57%  23.4  652s
 331524 108158     cutoff  118       179.81783  168.05651  6.54%  23.4  656s
 332989 109537  169.08141  136   99  179.81783  168.09321  6.52%  23.4  664s
 337338 110473  170.09767  143  100  179.81783  168.13567  6.50%  23.4  673s
 340782 110850     cutoff  132       179.81783  168.19713  6.46%  23.4  678s
 342140 113540     cutoff  118       179.81783  168.20754  6.46%  23.4  708s
 352982 114488  179.44855  105   83  179.81783  168.28146  6.42%  23.4  716s
 357654 115896  174.66756  121  102  179.81783  168.37332  6.36%  23.4  728s
 362069 116665     cutoff   90       179.81783  168.42579  6.34%  23.4  736s
 367178 117831  172.34850   99   85  179.81783  168.47804  6.31%  23.4  747s
 371417 118682 infeasible  124       179.81783  168.53489  6.27%  23.4  758s
 375111 118888     cutoff  120       179.81783  168.59553  6.24%  23.4  761s
 376671 120082  172.75529  125  104  179.81783  168.61035  6.23%  23.4  772s
 381661 120721  176.45891  141   76  179.81783  168.64949  6.21%  23.4  781s
 387204 122082  177.30443  126   75  179.81783  168.73131  6.17%  23.4  793s
 391696 122713  174.06311  114  100  179.81783  168.77301  6.14%  23.4  797s
 394103 123443  170.81264   96   85  179.81783  168.80838  6.12%  23.3  804s
 397193 123565  169.66995  116  109  179.81783  168.82260  6.11%  23.3  808s
 398168 123815     cutoff  117       179.81783  168.83589  6.11%  23.3  812s
 400306 124602  169.51705  138   92  179.81783  168.86293  6.09%  23.3  826s
 404253 125492  169.62330  138  100  179.81783  168.90335  6.07%  23.3  833s
 408032 125682     cutoff  109       179.81783  168.93875  6.05%  23.3  836s
 409416 126582     cutoff  126       179.81783  168.96033  6.04%  23.3  845s
 415047 127690  178.29630  116   63  179.81783  168.99119  6.02%  23.3  858s
 419453 128652     cutoff   96       179.81783  169.04175  5.99%  23.3  868s
 423803 128796  172.67882  103   93  179.81783  169.07623  5.97%  23.3  871s
 425237 129652  172.39121  115  100  179.81783  169.09034  5.97%  23.3  881s
 429780 129901  169.71936  116   98  179.81783  169.12602  5.95%  23.3  888s
 431567 131721  170.89452  100  123  179.81783  169.15398  5.93%  23.3  912s
 439730 132066  176.61118  117   76  179.81783  169.21888  5.89%  23.3  918s
 441470 133312  177.38907  132   98  179.81783  169.23602  5.88%  23.3  930s
 446401 134107     cutoff  122       179.81783  169.27235  5.86%  23.3  939s
 450389 134310  172.18940  129  102  179.81783  169.30055  5.85%  23.2  942s
 451919 135032  175.61296  112  100  179.81783  169.32720  5.83%  23.2  953s
 455801 135038  171.84881  102  106  179.81783  169.36434  5.81%  23.2  955s
 457325 135558  171.89341  105  106  179.81783  169.36966  5.81%  23.2  962s
 459146 136311  178.55618  109   93  179.81783  169.38389  5.80%  23.2  975s
 463488 136835     cutoff  100       179.81783  169.42079  5.78%  23.2  983s
 466784 137050  176.76477  155   86  179.81783  169.47094  5.75%  23.2  986s
 468277 137791  172.53844  119   95  179.81783  169.47924  5.75%  23.2  996s
 472414 138390  176.73872  141   80  179.81783  169.51465  5.73%  23.2 1003s
 476108 138612  174.25378  145   95  179.81783  169.55115  5.71%  23.2 1006s
 477609 139292     cutoff  124       179.81783  169.56208  5.70%  23.2 1019s
 481648 140037 infeasible  125       179.81783  169.59924  5.68%  23.2 1029s
 485735 140238     cutoff  104       179.81783  169.64126  5.66%  23.2 1033s
 487492 141103     cutoff  124       179.81783  169.65215  5.65%  23.2 1045s
 492048 141227  172.59523  122   80  179.81783  169.68347  5.64%  23.2 1051s
 493798 142742  179.41879  124   94  179.81783  169.68347  5.64%  23.2 1079s
 502300 142742 infeasible  142       179.81783  169.76558  5.59%  23.2 1080s
 504102 143854  172.25110  119  101  179.81783  169.77784  5.58%  23.2 1095s
 508624 144383  178.63529  111   81  179.81783  169.81767  5.56%  23.2 1104s
 512574 144489     cutoff  111       179.81783  169.85981  5.54%  23.2 1108s
 514070 145211  173.56960   95  105  179.81783  169.87697  5.53%  23.2 1117s
 518154 145875     cutoff  126       179.81783  169.90406  5.51%  23.2 1127s
 522229 146123  174.17086  106   92  179.81783  169.92572  5.50%  23.1 1133s
 524095 147463     cutoff  122       179.81783  169.95145  5.49%  23.2 1157s
 531117 147905  178.45502  121   83  179.81783  169.98657  5.47%  23.1 1164s
 533680 148675  171.53651  119  120  179.81783  170.01798  5.45%  23.1 1177s
 538625 148847     cutoff  114       179.81783  170.06185  5.43%  23.1 1181s
 540330 149594     cutoff  129       179.81783  170.07406  5.42%  23.1 1193s
 545122 149757     cutoff   94       179.81783  170.11023  5.40%  23.1 1199s
 547063 149769     cutoff  141       179.81783  170.12841  5.39%  23.1 1201s
 547146 149850  170.33910  158   93  179.81783  170.12841  5.39%  23.1 1207s
 548164 150046  177.26565  105   53  179.81783  170.13827  5.38%  23.1 1214s
 550467 150952  173.73889  146   67  179.81783  170.16500  5.37%  23.1 1231s
 556057 151742  173.73738   86  103  179.81783  170.20376  5.35%  23.1 1247s
 560264 151855     cutoff  129       179.81783  170.23327  5.33%  23.1 1252s
 561649 152751     cutoff  131       179.81783  170.23327  5.33%  23.1 1266s
 566166 153011     cutoff  126       179.81783  170.26541  5.31%  23.1 1271s
 567630 153695  173.04523  137  102  179.81783  170.28459  5.30%  23.1 1286s
 572301 154260     cutoff  117       179.81783  170.32773  5.28%  23.1 1300s
 576711 154432  176.47676  142   72  179.81783  170.35148  5.26%  23.1 1305s
 578604 155100  176.02283  139  100  179.81783  170.37595  5.25%  23.1 1314s
 582423 155645 infeasible  154       179.81783  170.40194  5.24%  23.1 1327s
 586713 155758  170.54031   97  135  179.81783  170.40821  5.23%  23.1 1336s
 588434 157117  170.73183  114  108  179.81783  170.44170  5.21%  23.1 1373s
 597277 157127     cutoff  116       179.81783  170.50389  5.18%  23.0 1380s
 598959 157397  173.62221  132  114  179.81783  170.51386  5.17%  23.0 1389s
 601716 157915  178.54130  154   97  179.81783  170.56174  5.15%  23.0 1405s
 606553 158042  174.67395  120   86  179.81783  170.59744  5.13%  23.0 1412s
 608255 158499     cutoff  162       179.81783  170.60789  5.12%  23.0 1427s
 612913 158615  173.74231  104  105  179.81783  170.65119  5.10%  23.0 1435s
 614657 159145     cutoff  116       179.81783  170.66762  5.09%  23.0 1450s
 619181 159325     cutoff  140       179.81783  170.71124  5.06%  23.0 1459s
 621064 159899  174.79692  128   92  179.81783  170.71997  5.06%  23.0 1490s
 627689 160011  176.53034   77  111  179.81783  170.76528  5.03%  23.0 1500s
 628881 160809     cutoff  130       179.81783  170.77614  5.03%  23.0 1521s
 634672 160872  175.89901   86   95  179.81783  170.82682  5.00%  23.0 1528s
 636570 161393     cutoff  120       179.81783  170.84491  4.99%  23.0 1546s
 641877 161601     cutoff  115       179.81783  170.88679  4.97%  23.0 1553s
 643741 162110  178.57890   91   71  179.81783  170.89678  4.96%  23.0 1568s
 648554 162315  179.72740  112  106  179.81783  170.93946  4.94%  23.0 1577s
 650495 163004 infeasible  122       179.81783  170.95593  4.93%  23.0 1609s
 658291 163049  171.98486  122  109  179.81783  171.00493  4.90%  23.0 1616s
 660109 163544     cutoff  120       179.81783  171.02606  4.89%  23.0 1630s
 664981 163621  178.40290  128   63  179.81783  171.05647  4.87%  23.0 1635s
 666621 164039  173.05686  109  111  179.81783  171.07201  4.86%  23.0 1652s
 670952 164170  174.09031  130   77  179.81783  171.09253  4.85%  23.0 1659s
 672900 164542  175.00978   91  103  179.81783  171.10630  4.84%  23.0 1674s
 677417 164758     cutoff  122       179.81783  171.15230  4.82%  23.0 1693s
 681908 164803     cutoff   91       179.81783  171.18361  4.80%  23.0 1698s
 683375 165259  175.31201  153   59  179.81783  171.19528  4.80%  23.0 1712s
 687548 165252  176.94663  106   94  179.81783  171.22220  4.78%  22.9 1719s
 689464 165739  176.00075   78  126  179.81783  171.24089  4.77%  23.0 1734s
 694051 165864  179.14629  121   82  179.81783  171.26780  4.75%  22.9 1740s
 695638 166087     cutoff  108       179.81783  171.28758  4.74%  22.9 1756s
 700034 166171  171.51687  126   92  179.81783  171.30980  4.73%  22.9 1763s
 702129 166638     cutoff  121       179.81783  171.33465  4.72%  22.9 1778s
 706556 166669  177.26678  109  104  179.81783  171.35563  4.71%  22.9 1788s
 708413 167580     cutoff  135       179.81783  171.37766  4.69%  22.9 1823s
 716596 167641  176.27023   91   67  179.81783  171.42440  4.67%  22.9 1830s
 718142 167887  179.51464  112   93  179.81783  171.43442  4.66%  22.9 1846s
 722677 167893     cutoff  110       179.81783  171.47324  4.64%  22.9 1853s
 724568 168052 infeasible  135       179.81783  171.48173  4.64%  22.9 1869s
 728582 168068  177.68907  115   90  179.81783  171.50876  4.62%  22.9 1877s
 730737 168205     cutoff  122       179.81783  171.52420  4.61%  22.9 1894s
 735481 168274  175.00302   83  101  179.81783  171.55402  4.60%  22.9 1904s
 737355 168858     cutoff  121       179.81783  171.57260  4.59%  22.9 1939s
 745626 168856  178.05149  131   41  179.81783  171.61202  4.56%  22.9 1946s
 747301 168846 infeasible  151       179.81783  171.63576  4.55%  22.9 1953s
 749616 169291  172.90748  134   73  179.81783  171.65818  4.54%  22.9 1971s
 754234 169307     cutoff  109       179.81783  171.68897  4.52%  22.9 1978s
 756076 169446 infeasible  108       179.81783  171.70341  4.51%  22.9 1997s
 760822 169460 infeasible  100       179.81783  171.73524  4.49%  22.9 2003s
 762752 169618  176.07387  131   71  179.81783  171.75122  4.49%  22.9 2021s
 767571 169634  174.75344  105  107  179.81783  171.78051  4.47%  22.9 2031s
 769689 169863 infeasible  117       179.81783  171.80318  4.46%  22.9 2045s
 773379 169796  171.85688  153   75  179.81783  171.82134  4.45%  22.8 2058s
 776594 170310     cutoff  141       179.81783  171.84093  4.44%  22.9 2086s
 783594 170287     cutoff  141       179.81783  171.86622  4.42%  22.8 2094s
 785862 170287  173.65864  169   52  179.81783  171.86729  4.42%  22.8 2095s
 785933 170378  178.53810  141   81  179.81783  171.86729  4.42%  22.8 2116s
 791185 170348     cutoff  156       179.81783  171.94259  4.38%  22.8 2123s
 793123 170701     cutoff  117       179.81783  171.95976  4.37%  22.8 2145s
 798917 170708     cutoff  137       179.81783  171.99624  4.35%  22.8 2155s
 800881 170652     cutoff  119       179.81783  172.01493  4.34%  22.8 2170s
 804605 171000  179.52946  127   56  179.81783  172.03783  4.33%  22.8 2201s
 812410 171075  172.90983   97   95  179.81783  172.08648  4.30%  22.8 2219s
 817117 170972  172.31854  140   46  179.81783  172.12069  4.28%  22.8 2227s
 819118 171186     cutoff  105       179.81783  172.13619  4.27%  22.8 2244s
 823591 171091     cutoff  117       179.81783  172.16755  4.25%  22.8 2252s
 825610 171188  172.91885  121   98  179.81783  172.17632  4.25%  22.8 2269s
 830527 171123  177.75621  121   80  179.81783  172.21528  4.23%  22.8 2278s
 832597 171263  178.57018  174   67  179.81783  172.21952  4.23%  22.8 2310s
 840252 171065  177.50451  150   76  179.81783  172.27217  4.20%  22.8 2318s
 842281 170884  174.98275  109   80  179.81783  172.29025  4.19%  22.8 2324s
 844252 170979  177.41493  119  101  179.81783  172.30796  4.18%  22.8 2341s
 849382 171076     cutoff  104       179.81783  172.34009  4.16%  22.8 2350s
 851157 171318  172.42451  144   72  179.81783  172.35127  4.15%  22.8 2367s
 856266 171217  176.88558   99   96  179.81783  172.37596  4.14%  22.7 2376s
 858262 171387     cutoff  115       179.81783  172.38954  4.13%  22.7 2392s
 863062 171276  174.76705  100  123  179.81783  172.41766  4.12%  22.7 2404s
 864605 171276     cutoff  101       179.81783  172.42169  4.11%  22.7 2405s
 865119 171608  174.53005  143  100  179.81783  172.44207  4.10%  22.7 2437s
 872879 171426  173.40249  108  127  179.81783  172.47463  4.08%  22.7 2445s
 874718 171196  175.38000  120   81  179.81783  172.49379  4.07%  22.7 2453s
 876820 171094     cutoff  122       179.81783  172.51406  4.06%  22.7 2470s
 881689 170949  177.34266  115  102  179.81783  172.54327  4.05%  22.7 2478s
 883592 170937 infeasible  153       179.81783  172.55927  4.04%  22.7 2495s
 887996 170901  179.45053  142   23  179.81783  172.58903  4.02%  22.7 2503s
 889995 170948     cutoff  157       179.81783  172.60640  4.01%  22.7 2519s
 894625 170828  176.04013  134  101  179.81783  172.63769  3.99%  22.7 2527s
 896680 170637     cutoff  131       179.81783  172.65161  3.99%  22.7 2543s
 901314 170599  174.25626   97  117  179.81783  172.68094  3.97%  22.7 2551s
 903405 170475  172.70963  102  108  179.81783  172.69273  3.96%  22.7 2568s
 907777 170285  178.98966  122   57  179.81783  172.72984  3.94%  22.7 2575s
 909558 170074     cutoff  114       179.81783  172.74006  3.94%  22.7 2590s
 913197 169805  174.26060  130  118  179.81783  172.76590  3.92%  22.7 2598s
 915429 169672  177.40386  112   88  179.81783  172.77985  3.91%  22.7 2614s
 919992 169363     cutoff  146       179.81783  172.81236  3.90%  22.7 2621s
 921970 169264  174.55298  113   98  179.81783  172.82801  3.89%  22.7 2627s
 924106 169031  175.18415  122   88  179.81783  172.84286  3.88%  22.7 2645s
 928954 168792  177.94609  129   89  179.81783  172.87400  3.86%  22.7 2656s
 931210 168723  178.70184   78  106  179.81783  172.89447  3.85%  22.7 2674s
 936399 168529     cutoff  127       179.81783  172.92555  3.83%  22.7 2682s
 938285 168315  178.30920  126   66  179.81783  172.94544  3.82%  22.7 2691s
 940543 168140  175.49831  115   78  179.81783  172.96836  3.81%  22.7 2710s
 945811 167899     cutoff  115       179.81783  172.99567  3.79%  22.7 2720s
 948043 167671  174.58192  129   62  179.81783  173.01787  3.78%  22.7 2737s
 952796 167375  178.19202  128   84  179.81783  173.04427  3.77%  22.7 2746s
 954958 167218  173.39998  150   88  179.81783  173.06178  3.76%  22.7 2763s
 959486 166952     cutoff  131       179.81783  173.09284  3.74%  22.7 2772s
 961596 166484 infeasible  107       179.81783  173.10730  3.73%  22.7 2788s
 965065 166155  173.39889  118  116  179.81783  173.13618  3.72%  22.7 2817s
 971973 165846  179.45584  108   65  179.81783  173.18963  3.69%  22.7 2825s
 974261 165740 infeasible  112       179.81783  173.21083  3.67%  22.7 2845s
 979597 165366     cutoff  154       179.81783  173.24310  3.66%  22.7 2855s
 981710 165125  175.38781  131   78  179.81783  173.26407  3.64%  22.7 2864s
 984107 164933 infeasible  118       179.81783  173.28668  3.63%  22.7 2884s
 988902 164589     cutoff  126       179.81783  173.31478  3.62%  22.7 2891s
 991011 164270     cutoff   96       179.81783  173.33819  3.60%  22.7 2901s
 993413 163862  175.75573  111  116  179.81783  173.35532  3.59%  22.7 2922s
 999148 163506     cutoff  117       179.81783  173.39699  3.57%  22.7 2931s
 1001353 163145  174.36840  161   64  179.81783  173.41097  3.56%  22.7 2950s
 1006632 162788  179.02630  104  108  179.81783  173.43866  3.55%  22.7 2958s
 1008730 162354  173.76351  110  128  179.81783  173.46479  3.53%  22.7 2967s
 1011089 162015  174.35805   69  117  179.81783  173.47884  3.53%  22.7 2987s
 1015974 161612     cutoff  103       179.81783  173.52668  3.50%  22.7 2996s
 1018127 161130 infeasible  121       179.81783  173.54485  3.49%  22.7 3005s
 1020722 160689  177.23446  110  106  179.81783  173.56670  3.48%  22.7 3025s
 1026050 160220 infeasible  151       179.81783  173.60111  3.46%  22.7 3034s
 1028313 159770  178.73936  113  102  179.81783  173.61714  3.45%  22.7 3044s
 1030907 159407     cutoff  114       179.81783  173.65132  3.43%  22.7 3053s
 1033626 159275  173.85169  101   64  179.81783  173.67562  3.42%  22.7 3075s
 1038728 158872     cutoff  124       179.81783  173.71344  3.39%  22.7 3084s
 1041156 158591     cutoff  105       179.81783  173.72936  3.39%  22.7 3093s
 1043647 158127 infeasible  137       179.81783  173.75130  3.37%  22.7 3114s
 1049172 157660     cutoff   96       179.81783  173.79072  3.35%  22.7 3132s
 1053873 157359  178.44873  118  103  179.81783  173.82968  3.33%  22.7 3140s
 1055917 157243  174.51116  129   91  179.81783  173.85085  3.32%  22.7 3147s
 1058000 156789  177.09628  110   80  179.81783  173.86270  3.31%  22.7 3166s
 1063146 156451     cutoff  109       179.81783  173.90885  3.29%  22.7 3176s
 1065270 155894     cutoff  129       179.81783  173.92083  3.28%  22.7 3193s
 1070156 155489     cutoff  150       179.81783  173.95549  3.26%  22.7 3202s
 1072528 155164     cutoff  111       179.81783  173.97258  3.25%  22.7 3212s
 1074855 154962  174.97413  158   93  179.81783  173.98886  3.24%  22.7 3230s
 1080312 154456     cutoff  121       179.81783  174.01818  3.23%  22.7 3242s
 1082642 153740  175.53541  102  127  179.81783  174.04953  3.21%  22.7 3257s
 1086005 153153  175.34175  108  100  179.81783  174.06957  3.20%  22.7 3285s
 1092829 152676  177.19948   93   76  179.81783  174.10647  3.18%  22.7 3295s
 1095338 152205     cutoff  144       179.81783  174.14036  3.16%  22.7 3307s
 1097978 151706     cutoff  115       179.81783  174.16042  3.15%  22.7 3317s
 1100594 151128  178.32951  118   74  179.81783  174.19225  3.13%  22.7 3338s
 1106012 150751     cutoff  111       179.81783  174.22831  3.11%  22.7 3349s
 1108395 150525  175.18654   95  131  179.81783  174.24846  3.10%  22.7 3368s
 1113791 150021  179.05802  115   82  179.81783  174.25751  3.09%  22.7 3377s
 1116047 149671     cutoff  125       179.81783  174.29467  3.07%  22.7 3388s
 1118461 148942  176.50275   97  119  179.81783  174.32329  3.06%  22.7 3407s
 1123622 148590  178.96114  151   72  179.81783  174.36241  3.03%  22.7 3417s
 1125899 148157     cutoff  119       179.81783  174.38340  3.02%  22.7 3437s
 1130656 147640  179.38481  123   61  179.81783  174.41053  3.01%  22.7 3446s
 1133061 147163     cutoff  106       179.81783  174.43222  3.00%  22.7 3456s
 1135489 146476  176.41334  133   61  179.81783  174.45109  2.98%  22.7 3476s
 1140635 146077  174.65381   96  106  179.81783  174.49142  2.96%  22.7 3485s
H1141537 146077                     179.8178331  174.49704  2.96%  22.7 3485s
 1142851 145474  178.62127  110   62  179.81783  174.51058  2.95%  22.7 3495s
 1145406 144805     cutoff  110       179.81783  174.53850  2.94%  22.7 3507s
 1148925 144426     cutoff  107       179.81783  174.57218  2.92%  22.7 3518s
 1151218 143603  177.15420  104   70  179.81783  174.58886  2.91%  22.7 3539s
 1156652 143056     cutoff  125       179.81783  174.63414  2.88%  22.7 3550s
 1159178 142477     cutoff  121       179.81783  174.66017  2.87%  22.7 3562s
 1161892 142095  177.81534  154   68  179.81783  174.68363  2.86%  22.7 3570s
 1163809 141746     cutoff  115       179.81783  174.69063  2.85%  22.7 3582s
 1166456 140878     cutoff  104       179.81783  174.72578  2.83%  22.7 3608s
 1172800 140236 infeasible  145       179.81783  174.76658  2.81%  22.7 3618s
 1175649 139769  176.90002  142   49  179.81783  174.79894  2.79%  22.7 3631s
 1178637 138939  175.33504  113  104  179.81783  174.81912  2.78%  22.7 3650s
 1183830 138214     cutoff   99       179.81783  174.86127  2.76%  22.7 3660s
 1186412 137530  179.04699  125   57  179.81783  174.89639  2.74%  22.7 3679s
 1190523 137530     cutoff  120       179.81783  174.90008  2.73%  22.7 3680s
 1191280 136847     cutoff   86       179.81783  174.93042  2.72%  22.7 3690s
 1193794 136101  176.76560  151   86  179.81783  174.95616  2.70%  22.7 3699s
 1196445 135457 infeasible  140       179.81783  174.98644  2.69%  22.7 3709s
 1199173 134704  175.34730  106   81  179.81783  175.01133  2.67%  22.7 3722s
 1202445 133897     cutoff  120       179.81783  175.03962  2.66%  22.7 3732s
 1205438 132928 infeasible  132       179.81783  175.06528  2.64%  22.7 3754s
 1211211 132253     cutoff  151       179.81783  175.12517  2.61%  22.7 3764s
 1213535 131541  175.36176  141   43  179.81783  175.14568  2.60%  22.7 3775s
 1216527 130896     cutoff   98       179.81783  175.17088  2.58%  22.7 3786s
 1219269 129939     cutoff   96       179.81783  175.19343  2.57%  22.7 3806s
 1224440 129185  178.43254  101   80  179.81783  175.24973  2.54%  22.7 3816s
 1227153 128479  177.24539  119   87  179.81783  175.27981  2.52%  22.7 3827s
 1229994 127697     cutoff  145       179.81783  175.29807  2.51%  22.7 3846s
 1235246 126896  176.81940  145   94  179.81783  175.34939  2.48%  22.7 3856s
 1237871 126229  178.10213  155   97  179.81783  175.38147  2.47%  22.7 3866s
 1240376 125358  176.08261  126  118  179.81783  175.40034  2.46%  22.7 3880s
 1244183 124543     cutoff   63       179.81783  175.44576  2.43%  22.7 3892s
 1247087 123674     cutoff  104       179.81783  175.46575  2.42%  22.7 3902s
 1250071 122411     cutoff  116       179.81783  175.50205  2.40%  22.7 3922s
 1255295 121989  179.26562  116   54  179.81783  175.55443  2.37%  22.6 3929s
 1256777 120930  179.43945  100   37  179.81783  175.56266  2.37%  22.6 3941s
 1259828 119670  179.78472  106   50  179.81783  175.59946  2.35%  22.7 3954s
 1263261 118684     cutoff   97       179.81783  175.63634  2.33%  22.7 3966s
 1266546 117705  176.74240  150  105  179.81783  175.67987  2.30%  22.7 3978s
 1269756 116529     cutoff  138       179.81783  175.72784  2.27%  22.7 3998s
 1275694 115802  177.08539  114  121  179.81783  175.78014  2.25%  22.6 4008s
 1278166 114817     cutoff  119       179.81783  175.81142  2.23%  22.6 4018s
 1281073 113632     cutoff  103       179.81783  175.84207  2.21%  22.6 4028s
 1284145 112553     cutoff  105       179.81783  175.88471  2.19%  22.7 4040s
 1287187 111397  179.79892  107   71  179.81783  175.91923  2.17%  22.7 4053s
 1290588 109867  178.38394   96   96  179.81783  175.95475  2.15%  22.7 4073s
 1295783 108657     cutoff  156       179.81783  176.01585  2.11%  22.6 4083s
 1298653 107516  178.04385  119   58  179.81783  176.06116  2.09%  22.6 4095s
 1301845 106126  178.25736  108   79  179.81783  176.09756  2.07%  22.6 4107s
 1305199 105024     cutoff  127       179.81783  176.13481  2.05%  22.6 4118s
 1308295 103896  179.66440   77   94  179.81783  176.17802  2.02%  22.6 4130s
 1311338 102870  178.41325  115   97  179.81783  176.21147  2.01%  22.6 4141s
 1314071 101815     cutoff  146       179.81783  176.23617  1.99%  22.6 4155s
 1317445 100565     cutoff  110       179.81783  176.27621  1.97%  22.6 4169s
 1321150 98967  179.00583  153   70  179.81783  176.32920  1.94%  22.6 4191s
 1327129 98186 infeasible  125       179.81783  176.40847  1.90%  22.6 4202s
 1329859 97075  179.61397  157   34  179.81783  176.43242  1.88%  22.6 4213s
 1333084 95770  176.70196  159   46  179.81783  176.47132  1.86%  22.6 4233s
 1338157 94891 infeasible  120       179.81783  176.53408  1.83%  22.6 4243s
 1340846 93755     cutoff  148       179.81783  176.54187  1.82%  22.6 4253s
 1343812 92713  177.63374  144   68  179.81783  176.60746  1.79%  22.6 4265s
 1347331 92083  178.70146  171   23  179.81783  176.64765  1.76%  22.6 4283s
 1352812 91458 infeasible  172       179.81783  176.69033  1.74%  22.6 4294s
 1355708 91038  179.46501  127   57  179.81783  176.70427  1.73%  22.6 4305s
 1358756 91055  178.30042  151   57  179.81783  176.73196  1.72%  22.5 4322s
 1363829 91120     cutoff   93       179.81783  176.79233  1.68%  22.5 4338s
 1367639 90828  179.04865  203   21  179.81783  176.79233  1.68%  22.5 4354s
 1372724 90005     cutoff  114       179.81783  176.79953  1.68%  22.5 4366s
 1376053 89011  179.31877  157   26  179.81783  176.87508  1.64%  22.5 4378s
 1379945 88045 infeasible  121       179.81783  176.90974  1.62%  22.4 4389s
 1383594 87014  178.85081  129   85  179.81783  176.94025  1.60%  22.4 4396s
 1385655 86042     cutoff  119       179.81783  176.98415  1.58%  22.4 4403s
 1388121 85000     cutoff  131       179.81783  177.01014  1.56%  22.4 4413s
 1390677 84017  178.48888  138   69  179.81783  177.04855  1.54%  22.4 4421s
 1393275 82752  179.29071  140   53  179.81783  177.09240  1.52%  22.4 4431s
 1396261 81078     cutoff  124       179.81783  177.11809  1.50%  22.4 4448s
 1401230 79714  179.53409  148   70  179.81783  177.18726  1.46%  22.4 4458s
 1403973 78280 infeasible   96       179.81783  177.23269  1.44%  22.4 4468s
 1406899 77050     cutoff  109       179.81783  177.27038  1.42%  22.4 4479s
 1410229 76094  179.44627  169   14  179.81783  177.31262  1.39%  22.4 4491s
 1413595 74926     cutoff  101       179.81783  177.34997  1.37%  22.4 4503s
 1417329 74285     cutoff  104       179.81783  177.37158  1.36%  22.4 4524s
 1422638 73935     cutoff  141       179.81783  177.43092  1.33%  22.3 4532s
 1424774 73321  178.75953  171   27  179.81783  177.43457  1.33%  22.3 4543s
 1428267 72238  179.40187  167   18  179.81783  177.45197  1.32%  22.3 4562s
 1433571 71329     cutoff  110       179.81783  177.49565  1.29%  22.3 4572s
 1436449 70178  178.50643  134   59  179.81783  177.52947  1.27%  22.3 4587s
 1440631 69294 infeasible   99       179.81783  177.57887  1.25%  22.2 4595s
 1443355 68210     cutoff  123       179.81783  177.61006  1.23%  22.2 4609s
 1446468 68210  178.64727  160   42  179.81783  177.61353  1.23%  22.2 4610s
 1447804 67568     cutoff  121       179.81783  177.65089  1.21%  22.2 4619s
 1450662 66691     cutoff  118       179.81783  177.67713  1.19%  22.2 4632s
 1455131 65773     cutoff  148       179.81783  177.72273  1.17%  22.2 4641s
 1457790 64713 infeasible  151       179.81783  177.72273  1.17%  22.2 4654s
 1462053 63674     cutoff  105       179.81783  177.80416  1.12%  22.1 4662s
 1464486 62370     cutoff  133       179.81783  177.81815  1.11%  22.1 4670s
 1467138 60976     cutoff  130       179.81783  177.88048  1.08%  22.1 4679s
 1469967 59163     cutoff  125       179.81783  177.91665  1.06%  22.1 4694s
 1474729 57973     cutoff  115       179.81783  177.98973  1.02%  22.1 4703s
 1477554 56720     cutoff  147       179.81783  178.02112  1.00%  22.1 4714s
 1480837 55689     cutoff  127       179.81783  178.06927  0.97%  22.1 4730s
 1485604 54606     cutoff  144       179.81783  178.10059  0.95%  22.1 4740s
 1488723 52874  179.50023  144   27  179.81783  178.14288  0.93%  22.1 4752s
 1492999 51335     cutoff  121       179.81783  178.20177  0.90%  22.0 4760s
 1495787 50149 infeasible  111       179.81783  178.23741  0.88%  22.0 4769s
 1498541 48613  178.38755  120  128  179.81783  178.27887  0.86%  22.0 4782s
 1502908 47262     cutoff  176       179.81783  178.32687  0.83%  22.0 4792s
 1505836 45899  178.71047  142   61  179.81783  178.37761  0.80%  22.0 4801s
 1508693 44044     cutoff  101       179.81783  178.42088  0.78%  22.0 4814s
 1512866 42578  178.54437  150   25  179.81783  178.48137  0.74%  22.0 4823s
 1515926 41612 infeasible  181       179.81783  178.53093  0.72%  21.9 4833s
 1519099 40714  178.64286  117   80  179.81783  178.57453  0.69%  21.9 4847s
 1523863 40133  178.63303  195   19  179.81783  178.62764  0.66%  21.9 4858s
 1526876 39627  178.70431  175   25  179.81783  178.63303  0.66%  21.9 4872s
 1531273 39167  179.36743  197   14  179.81783  178.66838  0.64%  21.8 4881s
 1534178 38334  179.44340  182   31  179.81783  178.68318  0.63%  21.8 4895s
 1538376 37783  178.76296  154   34  179.81783  178.69518  0.62%  21.8 4902s
 1540279 37440     cutoff  170       179.81783  178.72135  0.61%  21.8 4909s
 1542094 37124     cutoff  137       179.81783  178.73315  0.60%  21.8 4925s
 1547547 36585  179.54633  180   14  179.81783  178.74223  0.60%  21.7 4935s
 1550363 36076  179.65070  185   10  179.81783  178.76713  0.58%  21.7 4950s
 1554809 35046     cutoff  193       179.81783  178.78663  0.57%  21.7 4959s
 1557621 34085     cutoff  153       179.81783  178.78663  0.57%  21.7 4968s
 1560484 33601     cutoff  177       179.81783  178.82657  0.55%  21.7 4982s
 1565339 32928  179.05409  213   25  179.81783  178.86913  0.53%  21.6 4991s
 1568078 32605     cutoff  181       179.81783  178.87633  0.52%  21.6 5004s
 1572458 32500  178.91728  194   35  179.81783  178.88127  0.52%  21.6 5007s
 1572624 32488  178.98203  195   48  179.81783  178.88390  0.52%  21.6 5012s
 1572696 32472  178.98203  196   48  179.81783  178.88390  0.52%  21.6 5016s
 1572817 31852  179.02058  197   45  179.81783  178.88390  0.52%  21.6 5024s
 1574951 30464  178.91983  137   11  179.81783  178.89583  0.51%  21.6 5034s
 1577997 29062  179.38038  120   52  179.81783  178.92599  0.50%  21.6 5045s
 1581054 27319  178.98422  172   25  179.81783  178.95113  0.48%  21.6 5056s
 1584273 25107     cutoff  187       179.81783  179.00457  0.45%  21.5 5067s
 1587943 23106     cutoff  150       179.81783  179.05947  0.42%  21.5 5076s
 1591175 20703  179.20853  152   34  179.81783  179.11629  0.39%  21.5 5087s
 1594784 18414  179.31838  129   52  179.81783  179.20470  0.34%  21.5 5098s
 1598369 16525 infeasible  187       179.81783  179.29008  0.29%  21.5 5110s
 1601987 14343     cutoff  163       179.81783  179.33617  0.27%  21.5 5122s
 1605721 12568  179.40344  130   66  179.81783  179.39222  0.24%  21.4 5134s
 1609336 10681  179.78137  169    6  179.81783  179.42965  0.22%  21.4 5145s
 1612909  8666  179.49643  133   24  179.81783  179.45557  0.20%  21.4 5157s
 1616593  6547     cutoff  148       179.81783  179.51190  0.17%  21.4 5168s
 1620254  4367     cutoff  133       179.81783  179.56404  0.14%  21.4 5181s
 1623663  1809     cutoff  111       179.81783  179.62057  0.11%  21.4 5194s
 1627361    39  179.79303  168   23  179.81783  179.73637  0.05%  21.3 5204s
 1629949    39  179.74520  199   16  179.81783  179.74520  0.04%  21.3 5205s

Cutting planes:
  Gomory: 1
  Implied bound: 110
  MIR: 24
  Flow cover: 46
  RLT: 2
  Relax-and-lift: 66

Explored 1630097 nodes (34775785 simplex iterations) in 5207.07 seconds (656.59 work units)
Thread count was 32 (of 96 available processors)

Solution count 10: 179.818 179.818 179.92 ... 186.487

Optimal solution found (tolerance 1.00e-04)
Best objective 1.798178333333e+02, best bound 1.798178331204e+02, gap 0.0000%

User-callback calls 3447855, time in user-callback 4.07 sec

Gurobi 12.0.1 (win64) logging started Sat Sep 20 08:13:53 2025

Set parameter LogFile to value "log_group_6/bound_Expr95_s7_l1051_s11_e12_o30_d60_t7200_s25_1_1_1_1.log"
Gurobi Optimizer version 12.0.1 build v12.0.1rc0 (win64 - Windows Server 2022.0 (20348.2))

CPU model: Intel(R) Xeon(R) Gold 6336Y CPU @ 2.40GHz, instruction set [SSE2|AVX|AVX2|AVX512]
Thread count: 48 physical cores, 96 logical processors, using up to 32 threads

Non-default parameters:
TimeLimit  7200

Optimize a model with 526343 rows, 514940 columns and 7247516 nonzeros
Model fingerprint: 0xbcaee552
Variable types: 440 continuous, 514500 integer (514500 binary)
Coefficient statistics:
  Matrix range     [3e-01, 8e+02]
  Objective range  [1e+00, 1e+00]
  Bounds range     [1e+00, 1e+03]
  RHS range        [5e-01, 8e+02]
Presolve removed 512712 rows and 502630 columns
Presolve time: 2.44s
Presolved: 13631 rows, 12310 columns, 145812 nonzeros
Variable types: 410 continuous, 11900 integer (11900 binary)
Performing another presolve...
Presolve removed 7665 rows and 7084 columns
Presolve time: 0.77s
Found heuristic solution: objective 1495.0254333

Root relaxation: objective 7.612797e+01, 3408 iterations, 0.25 seconds (0.35 work units)
Total elapsed time = 5.05s (DegenMoves)

    Nodes    |    Current Node    |     Objective Bounds      |     Work
 Expl Unexpl |  Obj  Depth IntInf | Incumbent    BestBd   Gap | It/Node Time

     0     0   76.12797    0   69 1495.02543   76.12797  94.9%     -    5s
H    0     0                    1232.7601000   76.12797  93.8%     -    5s
H    0     0                    1108.0232333   76.12797  93.1%     -    5s
H    0     0                    1048.4013000   76.12797  92.7%     -    5s
     0     0   76.12797    0  250 1048.40130   76.12797  92.7%     -    6s
H    0     0                     920.5877333   76.12797  91.7%     -    6s
H    0     0                     856.0885333   76.12797  91.1%     -    6s
H    0     0                     852.6667667   76.12797  91.1%     -    6s
     0     0   76.12797    0  162  852.66677   76.12797  91.1%     -    6s
H    0     0                     817.7511000   76.12797  90.7%     -    7s
H    0     0                     815.3398333   76.12797  90.7%     -    7s
H    0     0                     815.3374333   76.12797  90.7%     -    8s
H    0     0                     801.0885000   76.12797  90.5%     -    8s
H    0     0                     788.4129000   76.12797  90.3%     -    8s
H    0     0                     766.2633000   76.12797  90.1%     -    8s
H    0     0                     764.9326000   76.12797  90.0%     -    8s
H    0     0                     755.5233333   76.12797  89.9%     -    8s
H    0     0                     754.5233333   76.12797  89.9%     -    8s
H    0     0                     715.3300333   76.12797  89.4%     -    8s
H    0     0                     703.6927333   76.12797  89.2%     -    8s
H    0     0                     685.9097333   76.12797  88.9%     -    8s
H    0     0                     683.9097333   76.12797  88.9%     -    8s
H    0     0                     682.9097333   76.12797  88.9%     -    8s
     0     0   76.12797    0   55  682.90973   76.12797  88.9%     -    8s
H    0     0                     566.5466667   76.12797  86.6%     -    8s
H    0     0                     515.2203000   76.12797  85.2%     -    8s
H    0     0                     513.6269000   76.12797  85.2%     -    8s
H    0     0                     509.4243333   76.12797  85.1%     -    8s
H    0     0                     508.4555333   76.12797  85.0%     -    8s
H    0     0                     467.6221995   76.12797  83.7%     -    8s
H    0     0                     467.6202667   76.12797  83.7%     -    8s
H    0     0                     428.6959667   76.12797  82.2%     -    8s
H    0     0                     426.0605667   76.12797  82.1%     -    8s
H    0     0                     424.0137000   76.12797  82.0%     -    8s
H    0     0                     423.3224667   76.12797  82.0%     -    8s
H    0     0                     423.2936667   76.12797  82.0%     -    8s
     0     0   76.12797    0   98  423.29367   76.12797  82.0%     -    8s
     0     0   77.15947    0   61  423.29367   77.15947  81.8%     -    9s
H    0     0                     318.3462667   77.15947  75.8%     -    9s
H    0     0                     309.3164000   77.15947  75.1%     -    9s
H    0     0                     308.4475333   77.15947  75.0%     -    9s
     0     0   77.15947    0   55  308.44753   77.15947  75.0%     -   10s
     0     0   77.15947    0  101  308.44753   77.15947  75.0%     -   10s
     0     0   77.15947    0   53  308.44753   77.15947  75.0%     -   12s
     0     0   77.15947    0   53  308.44753   77.15947  75.0%     -   12s
H    0     0                     289.0717000   77.15947  73.3%     -   12s
H    0     0                     278.0719667   77.15947  72.3%     -   12s
H    0     0                     277.9183667   77.15947  72.2%     -   12s
     0     2   77.15947    0   53  277.91837   77.15947  72.2%     -   14s
    15    32   77.15947    4  174  277.91837   77.15947  72.2%   291   15s
H  106   122                     275.8418667   81.83420  70.3%  1017   17s
H  353   265                     275.7875333   81.83420  70.3%   516   18s
H  359   265                     268.4014333   81.83420  69.5%   509   18s
H  477   344                     265.7906333   81.83420  69.2%   435   19s
H  492   344                     255.8980333   81.83420  68.0%   429   19s
H  497   344                     253.6261667   81.83420  67.7%   426   19s
   505   392   94.71554   17  129  253.62617   81.83420  67.7%   423   20s
H  628   465                     253.6261665   81.83420  67.7%   379   20s
H  853   642                     252.7218000   81.83420  67.6%   310   21s
H 1121   869                     249.5997000   81.83420  67.2%   264   22s
H 1136   869                     237.1322333   81.83420  65.5%   263   22s
H 2296  1931                     201.5116667   86.34960  57.1%   168   24s
H 2342  1931                     200.5056667   86.34960  56.9%   167   24s
  2483  1878  115.27667   63  117  200.50567   86.34960  56.9%   160   25s
H 3436  2388                     196.3472667   98.90001  49.6%   139   27s
H 3767  2373                     196.3199667   99.79046  49.2%   129   28s
  3770  2360  139.50810   59   66  196.31997   99.79046  49.2%   129   30s
H 3771  2242                     196.2614667  128.37013  34.6%   129   31s
H 3771  2130                     191.2795333  128.37013  32.9%   129   31s
H 3771  2024                     189.1844333  128.37013  32.1%   129   31s
H 3771  1922                     187.0328333  128.37013  31.4%   129   31s
  4207  1837  137.46584   33  147  187.03283  137.38139  26.5%   122   35s
H 4914  1717                     186.9836333  137.38139  26.5%   108   38s
  5655  1875  180.30605   71  125  186.98363  139.79948  25.2%  96.6   40s
  8182  2659  176.98424  132   75  186.98363  139.79948  25.2%  72.0   45s
 12886  4867  169.11460  211   92  186.98363  145.32490  22.3%  51.1   50s
 18513  7253  181.38802  153   62  186.98363  154.57396  17.3%  39.1   55s
H18564  7189                     186.4869000  154.57396  17.1%  39.1   55s
 21216  9216  166.26991  102  105  186.48690  154.96478  16.9%  35.5   60s
 25669 11961  162.00972   93  117  186.48690  157.59604  15.5%  31.2   65s
 29774 15151  161.17525   72  118  186.48690  157.76268  15.4%  28.4   74s
 32378 15677  175.66057  155   74  186.48690  157.76268  15.4%  27.0   75s
 37227 18697  165.09403  108   71  186.48690  159.15880  14.7%  25.3   81s
 42314 21221  170.61229  100  110  186.48690  159.58709  14.4%  23.9   85s
 45775 24016  161.74594  124  118  186.48690  159.59420  14.4%  23.1   91s
 50376 26456     cutoff  110       186.48690  159.92544  14.2%  22.2   96s
 54737 28897  169.56650  111   83  186.48690  160.22923  14.1%  21.5  102s
 57875 30547  181.35214  166   61  186.48690  160.27565  14.1%  21.0  105s
 60333 32647  176.98084  157  127  186.48690  160.47532  13.9%  20.7  120s
 65859 34447  166.29344  126  148  186.48690  160.63474  13.9%  20.5  125s
 71099 37411  164.47969  131  127  186.48690  160.68217  13.8%  20.6  130s
 76197 38765  174.05930  173  107  186.48690  161.07834  13.6%  21.0  135s
 80364 42499  174.57147  105  127  186.48690  161.20974  13.6%  21.2  142s
 85228 44904  171.76859  125   93  186.48690  161.57026  13.4%  21.4  148s
 89060 46014  173.32427  107  112  186.48690  161.95377  13.2%  21.6  153s
 91992 48022  185.32255   92   80  186.48690  162.15513  13.0%  21.7  160s
 96637 50511  177.53652  119  130  186.48690  162.24981  13.0%  21.8  167s
 100750 52306  182.60508  109   39  186.48690  162.59518  12.8%  21.9  174s
 104548 54616     cutoff  123       186.48690  162.61800  12.8%  22.0  179s
 108598 55851  183.30115  143   90  186.48690  162.85569  12.7%  22.0  183s
 111323 56808  167.57271   87   97  186.48690  163.03583  12.6%  22.1  186s
 114733 60150  171.69082  157   72  186.48690  163.28952  12.4%  22.3  194s
 119628 60168     cutoff  148       186.48690  163.49615  12.3%  22.3  196s
H119638 60041                     186.3978000  163.49615  12.3%  22.3  196s
H119661 60041                     186.3977999  163.49615  12.3%  22.3  196s
 119669 62094     cutoff  148       186.39780  163.49615  12.3%  22.3  203s
 123768 63738  183.01776  180   66  186.39780  163.65367  12.2%  22.3  210s
 126823 64954  167.44475  108  133  186.39780  163.75601  12.1%  22.3  215s
 130546 68007  184.49057  102  117  186.39780  163.75601  12.1%  22.4  225s
 136092 70143  175.35893  113  123  186.39780  164.03629  12.0%  22.4  233s
 141163 71544  180.81431  129  113  186.39780  164.33692  11.8%  22.5  242s
 144930 73394  178.12386  130   74  186.39780  164.37943  11.8%  22.6  249s
 149171 73888  171.06628  143  114  186.39780  164.52937  11.7%  22.7  251s
 150328 75839  185.59162  176   70  186.39780  164.62772  11.7%  22.7  258s
 154689 77514  175.16679  105  107  186.39780  164.79071  11.6%  22.8  268s
 158674 79251  171.78017  121  119  186.39780  164.88910  11.5%  22.8  272s
 162309 80813  174.83732  107  118  186.39780  164.99337  11.5%  22.8  278s
 165657 81193  185.36498  134  100  186.39780  165.09000  11.4%  22.8  280s
 166610 83084     cutoff  130       186.39780  165.12127  11.4%  22.8  288s
 170528 84957  184.13222  113  121  186.39780  165.20026  11.4%  22.8  295s
 175389 86788  181.12069   94  136  186.39780  165.30817  11.3%  22.8  304s
 178665 88642     cutoff  118       186.39780  165.37073  11.3%  22.9  311s
 182667 90600  175.24635  122  100  186.39780  165.42507  11.3%  22.9  319s
 186545 91173  175.09081  115  131  186.39780  165.53748  11.2%  22.9  324s
H187761 94901                     185.8071333  165.54254  10.9%  22.9  347s
H191622 86610                     183.6555333  165.55683  9.85%  22.9  347s
 199057 86657     cutoff  230       183.65553  165.73137  9.76%  22.9  351s
 200648 88267     cutoff  139       183.65553  165.77150  9.74%  22.9  358s
 204781 88644  172.18636  122  129  183.65553  165.84658  9.70%  22.9  361s
H205062 88219                     183.5535333  165.84663  9.65%  22.9  361s
H205091 79687                     181.7560333  165.84663  8.75%  22.9  361s
 205858 81205  168.76118  124  123  181.75603  165.86323  8.74%  22.9  370s
 209659 82527  176.83855  140  131  181.75603  165.95390  8.69%  23.0  377s
 212912 82620  178.20312   92  120  181.75603  166.01870  8.66%  23.0  380s
H212913 82099                     181.6540333  166.01870  8.61%  23.0  380s
H212914 72759                     179.9198333  166.01870  7.73%  23.0  381s
H212947 72225                     179.8178333  166.01870  7.67%  23.0  381s
 214461 74329     cutoff   72       179.81783  166.03979  7.66%  23.0  393s
 218783 75510     cutoff  123       179.81783  166.17522  7.59%  23.0  404s
 222718 76468     cutoff  132       179.81783  166.26384  7.54%  23.1  411s
 226038 77841  173.18378  123  112  179.81783  166.32684  7.50%  23.1  418s
 229741 78181  177.77650  102  118  179.81783  166.36547  7.48%  23.1  421s
 230943 79045  172.83333  108  109  179.81783  166.43353  7.44%  23.2  426s
 233482 79789  174.26465  124  105  179.81783  166.47110  7.42%  23.2  434s
 235699 80128  169.81547  153  101  179.81783  166.48530  7.41%  23.2  437s
 237227 82002  174.59293  129   90  179.81783  166.50770  7.40%  23.2  450s
 242421 82335  173.06572  149  113  179.81783  166.65279  7.32%  23.2  455s
 243717 84099  175.68945   99   90  179.81783  166.66736  7.31%  23.3  467s
 248699 85607  173.78527  138   95  179.81783  166.75242  7.27%  23.3  480s
 254084 87150  169.65974  141   82  179.81783  166.88106  7.19%  23.3  495s
 260282 88958  171.75594  109   58  179.81783  167.00565  7.13%  23.3  510s
 264224 90087  176.46760  147   71  179.81783  167.06626  7.09%  23.3  520s
 269502 91883 infeasible  132       179.81783  167.14993  7.04%  23.3  534s
 273872 93042  170.17811  128  111  179.81783  167.22162  7.00%  23.3  544s
 277913 93349  168.18045   90  108  179.81783  167.28888  6.97%  23.3  550s
 279424 96346  171.07012  117  108  179.81783  167.29818  6.96%  23.4  579s
 288959 96563  178.70867  156   46  179.81783  167.43497  6.89%  23.4  584s
 290370 97939  170.91385  110   99  179.81783  167.45987  6.87%  23.4  595s
 296130 99717     cutoff  102       179.81783  167.55612  6.82%  23.4  609s
 300780 100812  169.33339  114  115  179.81783  167.63471  6.78%  23.4  620s
 306233 102381     cutoff  126       179.81783  167.70318  6.74%  23.4  635s
 310827 102757  174.80155  145   97  179.81783  167.75907  6.71%  23.4  641s
 312319 105246     cutoff  116       179.81783  167.79455  6.69%  23.4  671s
 321987 106443  170.85888  122  124  179.81783  167.92175  6.62%  23.4  682s
 326098 106729  173.50419  109   78  179.81783  167.98579  6.58%  23.4  686s
 327398 107845  170.38558  128  112  179.81783  168.00043  6.57%  23.4  696s
 331524 108158     cutoff  118       179.81783  168.05651  6.54%  23.4  700s
 332989 109537  169.08141  136   99  179.81783  168.09321  6.52%  23.4  709s
 337338 110473  170.09767  143  100  179.81783  168.13567  6.50%  23.4  717s
 340782 110850     cutoff  132       179.81783  168.19713  6.46%  23.4  722s
 342140 113540     cutoff  118       179.81783  168.20754  6.46%  23.4  754s
 352317 113540     cutoff  165       179.81783  168.21872  6.45%  23.4  756s
 352982 114488  179.44855  105   83  179.81783  168.28146  6.42%  23.4  763s
 356361 114802  172.33052  121   95  179.81783  168.33827  6.38%  23.4  766s
 357654 115896  174.66756  121  102  179.81783  168.37332  6.36%  23.4  773s
 362069 116665     cutoff   90       179.81783  168.42579  6.34%  23.4  780s
 367178 117831  172.34850   99   85  179.81783  168.47804  6.31%  23.4  790s
 371417 118682 infeasible  124       179.81783  168.53489  6.27%  23.4  802s
 375111 118888     cutoff  120       179.81783  168.59553  6.24%  23.4  806s
 376671 120082  172.75529  125  104  179.81783  168.61035  6.23%  23.4  818s
 381661 120721  176.45891  141   76  179.81783  168.64949  6.21%  23.4  829s
 385758 121033  176.53756  137   62  179.81783  168.69997  6.18%  23.4  833s
 387204 122082  177.30443  126   75  179.81783  168.73131  6.17%  23.4  844s
 391696 122713  174.06311  114  100  179.81783  168.77301  6.14%  23.4  851s
 394103 123443  170.81264   96   85  179.81783  168.80838  6.12%  23.3  859s
 397193 123565  169.66995  116  109  179.81783  168.82260  6.11%  23.3  864s
 398168 123815     cutoff  117       179.81783  168.83589  6.11%  23.3  869s
 400306 124602  169.51705  138   92  179.81783  168.86293  6.09%  23.3  885s
 404253 125492  169.62330  138  100  179.81783  168.90335  6.07%  23.3  896s
 408032 125682     cutoff  109       179.81783  168.93875  6.05%  23.3  900s
 409416 126582     cutoff  126       179.81783  168.96033  6.04%  23.3  911s
 413610 126847  178.37937  164   90  179.81783  168.98737  6.02%  23.3  915s
 415047 127690  178.29630  116   63  179.81783  168.99119  6.02%  23.3  927s
 419453 128652     cutoff   96       179.81783  169.04175  5.99%  23.3  939s
 423628 128652  169.93508  154  101  179.81783  169.05300  5.99%  23.3  940s
 425237 129652  172.39121  115  100  179.81783  169.09034  5.97%  23.3  956s
 429780 129901  169.71936  116   98  179.81783  169.12602  5.95%  23.3  963s
 431567 131721  170.89452  100  123  179.81783  169.15398  5.93%  23.3  992s
 439730 132066  176.61118  117   76  179.81783  169.21888  5.89%  23.3 1000s
 441470 133312  177.38907  132   98  179.81783  169.23602  5.88%  23.3 1015s
 446401 134107     cutoff  122       179.81783  169.27235  5.86%  23.3 1028s
 450389 134310  172.18940  129  102  179.81783  169.30055  5.85%  23.2 1033s
 451919 135032  175.61296  112  100  179.81783  169.32720  5.83%  23.2 1046s
 455854 135097  171.84881  103  107  179.81783  169.36434  5.81%  23.2 1051s
 456185 135279  171.84881  104  107  179.81783  169.36760  5.81%  23.2 1055s
 457325 135558  171.89341  105  106  179.81783  169.36966  5.81%  23.2 1060s
 459146 136311  178.55618  109   93  179.81783  169.38389  5.80%  23.2 1074s
 463488 136835     cutoff  100       179.81783  169.42079  5.78%  23.2 1084s
 464966 136835     cutoff  140       179.81783  169.42386  5.78%  23.2 1085s
 468277 137791  172.53844  119   95  179.81783  169.47924  5.75%  23.2 1101s
 472414 138390  176.73872  141   80  179.81783  169.51465  5.73%  23.2 1112s
 476108 138612  174.25378  145   95  179.81783  169.55115  5.71%  23.2 1117s
 477609 139292     cutoff  124       179.81783  169.56208  5.70%  23.2 1132s
 481648 140037 infeasible  125       179.81783  169.59924  5.68%  23.2 1144s
 485735 140238     cutoff  104       179.81783  169.64126  5.66%  23.2 1149s
 487492 141103     cutoff  124       179.81783  169.65215  5.65%  23.2 1163s
 492048 141227  172.59523  122   80  179.81783  169.68347  5.64%  23.2 1171s
 493798 142742  179.41879  124   94  179.81783  169.68347  5.64%  23.2 1203s
 502588 143000  178.35021  125   61  179.81783  169.76558  5.59%  23.2 1208s
 504102 143854  172.25110  119  101  179.81783  169.77784  5.58%  23.2 1221s
 508624 144383  178.63529  111   81  179.81783  169.81767  5.56%  23.2 1233s
 512574 144489     cutoff  111       179.81783  169.85981  5.54%  23.2 1238s
 514070 145211  173.56960   95  105  179.81783  169.87697  5.53%  23.2 1250s
 518154 145875     cutoff  126       179.81783  169.90406  5.51%  23.2 1261s
 522229 146123  174.17086  106   92  179.81783  169.92572  5.50%  23.1 1269s
 524095 147463     cutoff  122       179.81783  169.95145  5.49%  23.2 1296s
 531117 147905  178.45502  121   83  179.81783  169.98657  5.47%  23.1 1305s
 533680 148675  171.53651  119  120  179.81783  170.01798  5.45%  23.1 1319s
 538326 148675  171.31080  151   89  179.81783  170.02835  5.44%  23.1 1320s
 538625 148847     cutoff  114       179.81783  170.06185  5.43%  23.1 1325s
 540330 149594     cutoff  129       179.81783  170.07406  5.42%  23.1 1339s
 545122 149757     cutoff   94       179.81783  170.11023  5.40%  23.1 1345s
 547111 149791  170.33910  157   93  179.81783  170.12841  5.39%  23.1 1352s
 547146 149850  170.33910  158   93  179.81783  170.12841  5.39%  23.1 1356s
 548164 150046  177.26565  105   53  179.81783  170.13827  5.38%  23.1 1364s
 550467 150952  173.73889  146   67  179.81783  170.16500  5.37%  23.1 1382s
 556057 151742  173.73738   86  103  179.81783  170.20376  5.35%  23.1 1399s
 560264 151855     cutoff  129       179.81783  170.23327  5.33%  23.1 1404s
 561649 152751     cutoff  131       179.81783  170.23327  5.33%  23.1 1418s
 566166 153011     cutoff  126       179.81783  170.26541  5.31%  23.1 1425s
 567630 153695  173.04523  137  102  179.81783  170.28459  5.30%  23.1 1440s
 572301 154260     cutoff  117       179.81783  170.32773  5.28%  23.1 1455s
 576711 154432  176.47676  142   72  179.81783  170.35148  5.26%  23.1 1461s
 578604 155100  176.02283  139  100  179.81783  170.37595  5.25%  23.1 1476s
 582423 155645 infeasible  154       179.81783  170.40194  5.24%  23.1 1490s
 586713 155758  170.54031   97  135  179.81783  170.40821  5.23%  23.1 1499s
 588434 157117  170.73183  114  108  179.81783  170.44170  5.21%  23.1 1534s
 597277 157127     cutoff  116       179.81783  170.50389  5.18%  23.0 1541s
 598959 157397  173.62221  132  114  179.81783  170.51386  5.17%  23.0 1550s
 601716 157915  178.54130  154   97  179.81783  170.56174  5.15%  23.0 1566s
 606553 158042  174.67395  120   86  179.81783  170.59744  5.13%  23.0 1572s
 608255 158499     cutoff  162       179.81783  170.60789  5.12%  23.0 1587s
 612913 158615  173.74231  104  105  179.81783  170.65119  5.10%  23.0 1595s
 614657 159145     cutoff  116       179.81783  170.66762  5.09%  23.0 1610s
 619181 159325     cutoff  140       179.81783  170.71124  5.06%  23.0 1619s
 621064 159899  174.79692  128   92  179.81783  170.71997  5.06%  23.0 1650s
 627689 160011  176.53034   77  111  179.81783  170.76528  5.03%  23.0 1660s
 628881 160809     cutoff  130       179.81783  170.77614  5.03%  23.0 1680s
 634672 160872  175.89901   86   95  179.81783  170.82682  5.00%  23.0 1687s
 636570 161393     cutoff  120       179.81783  170.84491  4.99%  23.0 1705s
 641877 161601     cutoff  115       179.81783  170.88679  4.97%  23.0 1713s
 643741 162110  178.57890   91   71  179.81783  170.89678  4.96%  23.0 1729s
 648554 162315  179.72740  112  106  179.81783  170.93946  4.94%  23.0 1738s
 650495 163004 infeasible  122       179.81783  170.95593  4.93%  23.0 1769s
 658291 163049  171.98486  122  109  179.81783  171.00493  4.90%  23.0 1776s
 660109 163544     cutoff  120       179.81783  171.02606  4.89%  23.0 1792s
 664981 163621  178.40290  128   63  179.81783  171.05647  4.87%  23.0 1799s
 666621 164039  173.05686  109  111  179.81783  171.07201  4.86%  23.0 1816s
 670952 164170  174.09031  130   77  179.81783  171.09253  4.85%  23.0 1823s
 672900 164542  175.00978   91  103  179.81783  171.10630  4.84%  23.0 1838s
 677417 164758     cutoff  122       179.81783  171.15230  4.82%  23.0 1855s
 681908 164803     cutoff   91       179.81783  171.18361  4.80%  23.0 1861s
 683375 165259  175.31201  153   59  179.81783  171.19528  4.80%  23.0 1874s
 687548 165252  176.94663  106   94  179.81783  171.22220  4.78%  22.9 1881s
 689464 165739  176.00075   78  126  179.81783  171.24089  4.77%  23.0 1897s
 694051 165864  179.14629  121   82  179.81783  171.26780  4.75%  22.9 1903s
 695638 166087     cutoff  108       179.81783  171.28758  4.74%  22.9 1919s
 700034 166171  171.51687  126   92  179.81783  171.30980  4.73%  22.9 1926s
 702129 166638     cutoff  121       179.81783  171.33465  4.72%  22.9 1941s
 706556 166669  177.26678  109  104  179.81783  171.35563  4.71%  22.9 1950s
 708413 167580     cutoff  135       179.81783  171.37766  4.69%  22.9 1983s
 716596 167641  176.27023   91   67  179.81783  171.42440  4.67%  22.9 1992s
 718142 167887  179.51464  112   93  179.81783  171.43442  4.66%  22.9 2007s
 722677 167893     cutoff  110       179.81783  171.47324  4.64%  22.9 2014s
 724568 168052 infeasible  135       179.81783  171.48173  4.64%  22.9 2030s
 728582 168068  177.68907  115   90  179.81783  171.50876  4.62%  22.9 2038s
 730737 168205     cutoff  122       179.81783  171.52420  4.61%  22.9 2054s
 733824 168205  174.36746  107   91  179.81783  171.52570  4.61%  22.9 2055s
 735481 168274  175.00302   83  101  179.81783  171.55402  4.60%  22.9 2064s
 737355 168858     cutoff  121       179.81783  171.57260  4.59%  22.9 2098s
 745626 168856  178.05149  131   41  179.81783  171.61202  4.56%  22.9 2106s
 747301 168846 infeasible  151       179.81783  171.63576  4.55%  22.9 2114s
 749616 169291  172.90748  134   73  179.81783  171.65818  4.54%  22.9 2131s
 754234 169307     cutoff  109       179.81783  171.68897  4.52%  22.9 2138s
 756076 169446 infeasible  108       179.81783  171.70341  4.51%  22.9 2157s
 760822 169460 infeasible  100       179.81783  171.73524  4.49%  22.9 2165s
 762752 169618  176.07387  131   71  179.81783  171.75122  4.49%  22.9 2181s
 767571 169634  174.75344  105  107  179.81783  171.78051  4.47%  22.9 2192s
 769689 169863 infeasible  117       179.81783  171.80318  4.46%  22.9 2207s
 773379 169796  171.85688  153   75  179.81783  171.82134  4.45%  22.8 2218s
 776594 170310     cutoff  141       179.81783  171.84093  4.44%  22.9 2246s
 783594 170287     cutoff  141       179.81783  171.86622  4.42%  22.8 2255s
 785933 170378  178.53810  141   81  179.81783  171.86729  4.42%  22.8 2276s
 791185 170348     cutoff  156       179.81783  171.94259  4.38%  22.8 2284s
 793123 170701     cutoff  117       179.81783  171.95976  4.37%  22.8 2305s
 798917 170708     cutoff  137       179.81783  171.99624  4.35%  22.8 2315s
 800881 170652     cutoff  119       179.81783  172.01493  4.34%  22.8 2330s
 804605 171000  179.52946  127   56  179.81783  172.03783  4.33%  22.8 2362s
 812410 171075  172.90983   97   95  179.81783  172.08648  4.30%  22.8 2379s
 817117 170972  172.31854  140   46  179.81783  172.12069  4.28%  22.8 2387s
 819118 171186     cutoff  105       179.81783  172.13619  4.27%  22.8 2405s
 823591 171091     cutoff  117       179.81783  172.16755  4.25%  22.8 2412s
 825610 171188  172.91885  121   98  179.81783  172.17632  4.25%  22.8 2429s
 830527 171123  177.75621  121   80  179.81783  172.21528  4.23%  22.8 2439s
 832597 171263  178.57018  174   67  179.81783  172.21952  4.23%  22.8 2469s
 840016 171263     cutoff  107       179.81783  172.27217  4.20%  22.8 2470s
 840252 171065  177.50451  150   76  179.81783  172.27217  4.20%  22.8 2478s
 842281 170884  174.98275  109   80  179.81783  172.29025  4.19%  22.8 2485s
 844252 170979  177.41493  119  101  179.81783  172.30796  4.18%  22.8 2502s
 849382 171076     cutoff  104       179.81783  172.34009  4.16%  22.8 2511s
 851157 171318  172.42451  144   72  179.81783  172.35127  4.15%  22.8 2528s
 856266 171217  176.88558   99   96  179.81783  172.37596  4.14%  22.7 2536s
 858262 171387     cutoff  115       179.81783  172.38954  4.13%  22.7 2553s
 863062 171276  174.76705  100  123  179.81783  172.41766  4.12%  22.7 2565s
 865119 171608  174.53005  143  100  179.81783  172.44207  4.10%  22.7 2596s
 872879 171426  173.40249  108  127  179.81783  172.47463  4.08%  22.7 2604s
 874718 171196  175.38000  120   81  179.81783  172.49379  4.07%  22.7 2612s
 876820 171094     cutoff  122       179.81783  172.51406  4.06%  22.7 2630s
 881689 170949  177.34266  115  102  179.81783  172.54327  4.05%  22.7 2637s
 883592 170937 infeasible  153       179.81783  172.55927  4.04%  22.7 2655s
 887996 170901  179.45053  142   23  179.81783  172.58903  4.02%  22.7 2663s
 889995 170948     cutoff  157       179.81783  172.60640  4.01%  22.7 2679s
 893343 170948  173.48357  153   80  179.81783  172.61135  4.01%  22.7 2680s
 894625 170828  176.04013  134  101  179.81783  172.63769  3.99%  22.7 2687s
 896680 170637     cutoff  131       179.81783  172.65161  3.99%  22.7 2703s
 901314 170599  174.25626   97  117  179.81783  172.68094  3.97%  22.7 2712s
 903405 170475  172.70963  102  108  179.81783  172.69273  3.96%  22.7 2729s
 907777 170285  178.98966  122   57  179.81783  172.72984  3.94%  22.7 2735s
 909558 170074     cutoff  114       179.81783  172.74006  3.94%  22.7 2750s
 913197 169805  174.26060  130  118  179.81783  172.76590  3.92%  22.7 2758s
 915429 169672  177.40386  112   88  179.81783  172.77985  3.91%  22.7 2774s
 919992 169363     cutoff  146       179.81783  172.81236  3.90%  22.7 2782s
 921970 169264  174.55298  113   98  179.81783  172.82801  3.89%  22.7 2789s
 924106 169031  175.18415  122   88  179.81783  172.84286  3.88%  22.7 2807s
 928954 168792  177.94609  129   89  179.81783  172.87400  3.86%  22.7 2817s
 931210 168723  178.70184   78  106  179.81783  172.89447  3.85%  22.7 2836s
 936399 168529     cutoff  127       179.81783  172.92555  3.83%  22.7 2844s
 937767 168529     cutoff   92       179.81783  172.93398  3.83%  22.7 2845s
 938285 168315  178.30920  126   66  179.81783  172.94544  3.82%  22.7 2854s
 940543 168140  175.49831  115   78  179.81783  172.96836  3.81%  22.7 2873s
 945811 167899     cutoff  115       179.81783  172.99567  3.79%  22.7 2882s
 948043 167671  174.58192  129   62  179.81783  173.01787  3.78%  22.7 2899s
 952796 167375  178.19202  128   84  179.81783  173.04427  3.77%  22.7 2908s
 954958 167218  173.39998  150   88  179.81783  173.06178  3.76%  22.7 2925s
 959486 166952     cutoff  131       179.81783  173.09284  3.74%  22.7 2935s
 961596 166484 infeasible  107       179.81783  173.10730  3.73%  22.7 2950s
 965065 166155  173.39889  118  116  179.81783  173.13618  3.72%  22.7 2978s
 971973 165846  179.45584  108   65  179.81783  173.18963  3.69%  22.7 2987s
 974261 165740 infeasible  112       179.81783  173.21083  3.67%  22.7 3007s
 979597 165366     cutoff  154       179.81783  173.24310  3.66%  22.7 3017s
 981710 165125  175.38781  131   78  179.81783  173.26407  3.64%  22.7 3025s
 984107 164933 infeasible  118       179.81783  173.28668  3.63%  22.7 3045s
 988902 164589     cutoff  126       179.81783  173.31478  3.62%  22.7 3054s
 991011 164270     cutoff   96       179.81783  173.33819  3.60%  22.7 3063s
 993413 163862  175.75573  111  116  179.81783  173.35532  3.59%  22.7 3084s
 999148 163506     cutoff  117       179.81783  173.39699  3.57%  22.7 3094s
 1001353 163145  174.36840  161   64  179.81783  173.41097  3.56%  22.7 3113s
 1006632 162788  179.02630  104  108  179.81783  173.43866  3.55%  22.7 3121s
 1008730 162354  173.76351  110  128  179.81783  173.46479  3.53%  22.7 3130s
 1011089 162015  174.35805   69  117  179.81783  173.47884  3.53%  22.7 3150s
 1015974 161612     cutoff  103       179.81783  173.52668  3.50%  22.7 3159s
 1018127 161130 infeasible  121       179.81783  173.54485  3.49%  22.7 3168s
 1020722 160689  177.23446  110  106  179.81783  173.56670  3.48%  22.7 3188s
 1026050 160220 infeasible  151       179.81783  173.60111  3.46%  22.7 3197s
 1028313 159770  178.73936  113  102  179.81783  173.61714  3.45%  22.7 3207s
 1030907 159407     cutoff  114       179.81783  173.65132  3.43%  22.7 3217s
 1033626 159275  173.85169  101   64  179.81783  173.67562  3.42%  22.7 3238s
 1038728 158872     cutoff  124       179.81783  173.71344  3.39%  22.7 3248s
 1041156 158591     cutoff  105       179.81783  173.72936  3.39%  22.7 3257s
 1043647 158127 infeasible  137       179.81783  173.75130  3.37%  22.7 3277s
 1049172 157660     cutoff   96       179.81783  173.79072  3.35%  22.7 3295s
 1053873 157359  178.44873  118  103  179.81783  173.82968  3.33%  22.7 3303s
 1055917 157243  174.51116  129   91  179.81783  173.85085  3.32%  22.7 3310s
 1058000 156789  177.09628  110   80  179.81783  173.86270  3.31%  22.7 3329s
 1063146 156451     cutoff  109       179.81783  173.90885  3.29%  22.7 3339s
 1065270 155894     cutoff  129       179.81783  173.92083  3.28%  22.7 3355s
 1070156 155489     cutoff  150       179.81783  173.95549  3.26%  22.7 3365s
 1072528 155164     cutoff  111       179.81783  173.97258  3.25%  22.7 3375s
 1074855 154962  174.97413  158   93  179.81783  173.98886  3.24%  22.7 3394s
 1079448 154962     cutoff  148       179.81783  173.99486  3.24%  22.7 3395s
 1080312 154456     cutoff  121       179.81783  174.01818  3.23%  22.7 3406s
 1082642 153740  175.53541  102  127  179.81783  174.04953  3.21%  22.7 3421s
 1086005 153153  175.34175  108  100  179.81783  174.06957  3.20%  22.7 3448s
 1092829 152676  177.19948   93   76  179.81783  174.10647  3.18%  22.7 3459s
 1095338 152205     cutoff  144       179.81783  174.14036  3.16%  22.7 3471s
 1097978 151706     cutoff  115       179.81783  174.16042  3.15%  22.7 3481s
 1100594 151128  178.32951  118   74  179.81783  174.19225  3.13%  22.7 3502s
 1106012 150751     cutoff  111       179.81783  174.22831  3.11%  22.7 3513s
 1108395 150525  175.18654   95  131  179.81783  174.24846  3.10%  22.7 3533s
 1113791 150021  179.05802  115   82  179.81783  174.25751  3.09%  22.7 3542s
 1116047 149671     cutoff  125       179.81783  174.29467  3.07%  22.7 3553s
 1118461 148942  176.50275   97  119  179.81783  174.32329  3.06%  22.7 3572s
 1123622 148590  178.96114  151   72  179.81783  174.36241  3.03%  22.7 3581s
 1125899 148157     cutoff  119       179.81783  174.38340  3.02%  22.7 3601s
 1130656 147640  179.38481  123   61  179.81783  174.41053  3.01%  22.7 3610s
 1133061 147163     cutoff  106       179.81783  174.43222  3.00%  22.7 3620s
 1135489 146476  176.41334  133   61  179.81783  174.45109  2.98%  22.7 3639s
 1140635 146077  174.65381   96  106  179.81783  174.49142  2.96%  22.7 3649s
H1141537 146077                     179.8178331  174.49704  2.96%  22.7 3649s
 1142851 145474  178.62127  110   62  179.81783  174.51058  2.95%  22.7 3659s
 1145406 144805     cutoff  110       179.81783  174.53850  2.94%  22.7 3672s
 1148925 144426     cutoff  107       179.81783  174.57218  2.92%  22.7 3682s
 1151218 143603  177.15420  104   70  179.81783  174.58886  2.91%  22.7 3703s
 1156652 143056     cutoff  125       179.81783  174.63414  2.88%  22.7 3715s
 1159178 142477     cutoff  121       179.81783  174.66017  2.87%  22.7 3726s
 1161892 142095  177.81534  154   68  179.81783  174.68363  2.86%  22.7 3735s
 1163809 141746     cutoff  115       179.81783  174.69063  2.85%  22.7 3747s
 1166456 140878     cutoff  104       179.81783  174.72578  2.83%  22.7 3772s
 1172800 140236 infeasible  145       179.81783  174.76658  2.81%  22.7 3783s
 1175649 139769  176.90002  142   49  179.81783  174.79894  2.79%  22.7 3795s
 1178637 138939  175.33504  113  104  179.81783  174.81912  2.78%  22.7 3814s
 1183830 138214     cutoff   99       179.81783  174.86127  2.76%  22.7 3824s
 1186412 137530  179.04699  125   57  179.81783  174.89639  2.74%  22.7 3843s
 1191280 136847     cutoff   86       179.81783  174.93042  2.72%  22.7 3853s
 1193794 136101  176.76560  151   86  179.81783  174.95616  2.70%  22.7 3863s
 1196445 135457 infeasible  140       179.81783  174.98644  2.69%  22.7 3873s
 1199173 134704  175.34730  106   81  179.81783  175.01133  2.67%  22.7 3886s
 1202445 133897     cutoff  120       179.81783  175.03962  2.66%  22.7 3897s
 1205438 132928 infeasible  132       179.81783  175.06528  2.64%  22.7 3918s
 1211211 132253     cutoff  151       179.81783  175.12517  2.61%  22.7 3928s
 1213535 131541  175.36176  141   43  179.81783  175.14568  2.60%  22.7 3939s
 1216527 130896     cutoff   98       179.81783  175.17088  2.58%  22.7 3949s
 1219269 129939     cutoff   96       179.81783  175.19343  2.57%  22.7 3968s
 1224440 129185  178.43254  101   80  179.81783  175.24973  2.54%  22.7 3979s
 1227153 128479  177.24539  119   87  179.81783  175.27981  2.52%  22.7 3990s
 1229994 127697     cutoff  145       179.81783  175.29807  2.51%  22.7 4009s
 1235246 126896  176.81940  145   94  179.81783  175.34939  2.48%  22.7 4019s
 1237871 126229  178.10213  155   97  179.81783  175.38147  2.47%  22.7 4029s
 1240376 125358  176.08261  126  118  179.81783  175.40034  2.46%  22.7 4043s
 1244183 124543     cutoff   63       179.81783  175.44576  2.43%  22.7 4055s
 1247087 123674     cutoff  104       179.81783  175.46575  2.42%  22.7 4066s
 1250071 122411     cutoff  116       179.81783  175.50205  2.40%  22.7 4085s
 1255295 121989  179.26562  116   54  179.81783  175.55443  2.37%  22.6 4093s
 1256777 120930  179.43945  100   37  179.81783  175.56266  2.37%  22.6 4105s
 1259828 119670  179.78472  106   50  179.81783  175.59946  2.35%  22.7 4117s
 1263261 118684     cutoff   97       179.81783  175.63634  2.33%  22.7 4130s
 1266546 117705  176.74240  150  105  179.81783  175.67987  2.30%  22.7 4143s
 1269756 116529     cutoff  138       179.81783  175.72784  2.27%  22.7 4164s
 1274189 116529  176.74934  129   97  179.81783  175.73069  2.27%  22.6 4165s
 1275694 115802  177.08539  114  121  179.81783  175.78014  2.25%  22.6 4174s
 1278166 114817     cutoff  119       179.81783  175.81142  2.23%  22.6 4184s
 1281073 113632     cutoff  103       179.81783  175.84207  2.21%  22.6 4195s
 1284145 112553     cutoff  105       179.81783  175.88471  2.19%  22.7 4207s
 1287187 111397  179.79892  107   71  179.81783  175.91923  2.17%  22.7 4219s
 1290588 109867  178.38394   96   96  179.81783  175.95475  2.15%  22.7 4238s
 1295783 108657     cutoff  156       179.81783  176.01585  2.11%  22.6 4248s
 1298653 107516  178.04385  119   58  179.81783  176.06116  2.09%  22.6 4260s
 1301845 106126  178.25736  108   79  179.81783  176.09756  2.07%  22.6 4271s
 1305199 105024     cutoff  127       179.81783  176.13481  2.05%  22.6 4282s
 1308295 103896  179.66440   77   94  179.81783  176.17802  2.02%  22.6 4294s
 1311338 102870  178.41325  115   97  179.81783  176.21147  2.01%  22.6 4305s
 1314071 101815     cutoff  146       179.81783  176.23617  1.99%  22.6 4319s
 1317445 100565     cutoff  110       179.81783  176.27621  1.97%  22.6 4332s
 1321150 98967  179.00583  153   70  179.81783  176.32920  1.94%  22.6 4354s
 1327129 98186 infeasible  125       179.81783  176.40847  1.90%  22.6 4366s
 1329859 97075  179.61397  157   34  179.81783  176.43242  1.88%  22.6 4377s
 1333084 95770  176.70196  159   46  179.81783  176.47132  1.86%  22.6 4396s
 1338157 94891 infeasible  120       179.81783  176.53408  1.83%  22.6 4406s
 1340846 93755     cutoff  148       179.81783  176.54187  1.82%  22.6 4416s
 1343812 92713  177.63374  144   68  179.81783  176.60746  1.79%  22.6 4427s
 1347331 92083  178.70146  171   23  179.81783  176.64765  1.76%  22.6 4446s
 1352812 91458 infeasible  172       179.81783  176.69033  1.74%  22.6 4456s
 1355708 91038  179.46501  127   57  179.81783  176.70427  1.73%  22.6 4468s
 1358756 91055  178.30042  151   57  179.81783  176.73196  1.72%  22.5 4484s
 1363829 91120     cutoff   93       179.81783  176.79233  1.68%  22.5 4500s
 1367639 90828  179.04865  203   21  179.81783  176.79233  1.68%  22.5 4516s
 1372724 90005     cutoff  114       179.81783  176.79953  1.68%  22.5 4528s
 1376053 89011  179.31877  157   26  179.81783  176.87508  1.64%  22.5 4540s
 1379945 88045 infeasible  121       179.81783  176.90974  1.62%  22.4 4551s
 1383594 87014  178.85081  129   85  179.81783  176.94025  1.60%  22.4 4558s
 1385655 86042     cutoff  119       179.81783  176.98415  1.58%  22.4 4565s
 1388121 85000     cutoff  131       179.81783  177.01014  1.56%  22.4 4574s
 1390677 84017  178.48888  138   69  179.81783  177.04855  1.54%  22.4 4583s
 1393275 82752  179.29071  140   53  179.81783  177.09240  1.52%  22.4 4593s
 1396261 81078     cutoff  124       179.81783  177.11809  1.50%  22.4 4610s
 1401230 79714  179.53409  148   70  179.81783  177.18726  1.46%  22.4 4619s
 1403973 78280 infeasible   96       179.81783  177.23269  1.44%  22.4 4629s
 1406899 77050     cutoff  109       179.81783  177.27038  1.42%  22.4 4640s
 1410229 76094  179.44627  169   14  179.81783  177.31262  1.39%  22.4 4653s
 1413595 74926     cutoff  101       179.81783  177.34997  1.37%  22.4 4665s
 1417329 74285     cutoff  104       179.81783  177.37158  1.36%  22.4 4685s
 1422638 73935     cutoff  141       179.81783  177.43092  1.33%  22.3 4696s
 1424774 73321  178.75953  171   27  179.81783  177.43457  1.33%  22.3 4708s
 1428267 72238  179.40187  167   18  179.81783  177.45197  1.32%  22.3 4726s
 1433571 71329     cutoff  110       179.81783  177.49565  1.29%  22.3 4736s
 1436449 70178  178.50643  134   59  179.81783  177.52947  1.27%  22.3 4750s
 1440631 69294 infeasible   99       179.81783  177.57887  1.25%  22.2 4759s
 1443355 68210     cutoff  123       179.81783  177.61006  1.23%  22.2 4772s
 1447804 67568     cutoff  121       179.81783  177.65089  1.21%  22.2 4782s
 1450662 66691     cutoff  118       179.81783  177.67713  1.19%  22.2 4795s
 1455131 65773     cutoff  148       179.81783  177.72273  1.17%  22.2 4804s
 1457790 64713 infeasible  151       179.81783  177.72273  1.17%  22.2 4817s
 1462053 63674     cutoff  105       179.81783  177.80416  1.12%  22.1 4824s
 1464043 63674     cutoff  108       179.81783  177.80905  1.12%  22.1 4825s
 1464486 62370     cutoff  133       179.81783  177.81815  1.11%  22.1 4832s
 1467138 60976     cutoff  130       179.81783  177.88048  1.08%  22.1 4841s
 1469967 59163     cutoff  125       179.81783  177.91665  1.06%  22.1 4856s
 1474729 57973     cutoff  115       179.81783  177.98973  1.02%  22.1 4865s
 1477554 56720     cutoff  147       179.81783  178.02112  1.00%  22.1 4875s
 1480837 55689     cutoff  127       179.81783  178.06927  0.97%  22.1 4891s
 1485604 54606     cutoff  144       179.81783  178.10059  0.95%  22.1 4902s
 1488723 52874  179.50023  144   27  179.81783  178.14288  0.93%  22.1 4914s
 1492999 51335     cutoff  121       179.81783  178.20177  0.90%  22.0 4922s
 1495787 50149 infeasible  111       179.81783  178.23741  0.88%  22.0 4931s
 1498541 48613  178.38755  120  128  179.81783  178.27887  0.86%  22.0 4944s
 1502908 47262     cutoff  176       179.81783  178.32687  0.83%  22.0 4953s
 1505836 45899  178.71047  142   61  179.81783  178.37761  0.80%  22.0 4962s
 1508693 44044     cutoff  101       179.81783  178.42088  0.78%  22.0 4975s
 1512866 42578  178.54437  150   25  179.81783  178.48137  0.74%  22.0 4985s
 1515926 41612 infeasible  181       179.81783  178.53093  0.72%  21.9 4994s
 1516179 41612     cutoff  139       179.81783  178.53317  0.71%  21.9 4995s
 1519099 40714  178.64286  117   80  179.81783  178.57453  0.69%  21.9 5009s
 1523863 40133  178.63303  195   19  179.81783  178.62764  0.66%  21.9 5020s
 1526876 39627  178.70431  175   25  179.81783  178.63303  0.66%  21.9 5033s
 1531273 39167  179.36743  197   14  179.81783  178.66838  0.64%  21.8 5042s
 1534178 38334  179.44340  182   31  179.81783  178.68318  0.63%  21.8 5056s
 1538376 37783  178.76296  154   34  179.81783  178.69518  0.62%  21.8 5063s
 1540279 37440     cutoff  170       179.81783  178.72135  0.61%  21.8 5069s
 1541966 37440  178.78733  141  122  179.81783  178.73150  0.60%  21.8 5070s
 1542094 37124     cutoff  137       179.81783  178.73315  0.60%  21.8 5086s
 1547547 36585  179.54633  180   14  179.81783  178.74223  0.60%  21.7 5096s
 1550363 36076  179.65070  185   10  179.81783  178.76713  0.58%  21.7 5111s
 1554809 35046     cutoff  193       179.81783  178.78663  0.57%  21.7 5120s
 1557621 34085     cutoff  153       179.81783  178.78663  0.57%  21.7 5129s
 1560484 33601     cutoff  177       179.81783  178.82657  0.55%  21.7 5143s
 1565339 32928  179.05409  213   25  179.81783  178.86913  0.53%  21.6 5152s
 1568078 32605     cutoff  181       179.81783  178.87633  0.52%  21.6 5165s
 1572624 32488  178.98203  195   48  179.81783  178.88390  0.52%  21.6 5173s
 1572696 32472  178.98203  196   48  179.81783  178.88390  0.52%  21.6 5178s
 1572817 31852  179.02058  197   45  179.81783  178.88390  0.52%  21.6 5186s
 1574951 30464  178.91983  137   11  179.81783  178.89583  0.51%  21.6 5197s
 1577997 29062  179.38038  120   52  179.81783  178.92599  0.50%  21.6 5207s
 1581054 27319  178.98422  172   25  179.81783  178.95113  0.48%  21.6 5218s
 1584273 25107     cutoff  187       179.81783  179.00457  0.45%  21.5 5229s
 1587943 23106     cutoff  150       179.81783  179.05947  0.42%  21.5 5239s
 1591175 20703  179.20853  152   34  179.81783  179.11629  0.39%  21.5 5250s
 1594784 18414  179.31838  129   52  179.81783  179.20470  0.34%  21.5 5261s
 1598369 16525 infeasible  187       179.81783  179.29008  0.29%  21.5 5272s
 1601987 14343     cutoff  163       179.81783  179.33617  0.27%  21.5 5284s
 1605721 12568  179.40344  130   66  179.81783  179.39222  0.24%  21.4 5296s
 1609336 10681  179.78137  169    6  179.81783  179.42965  0.22%  21.4 5307s
 1612909  8666  179.49643  133   24  179.81783  179.45557  0.20%  21.4 5319s
 1614842  8666  179.52877  162   31  179.81783  179.46567  0.20%  21.4 5320s
 1616593  6547     cutoff  148       179.81783  179.51190  0.17%  21.4 5331s
 1620254  4367     cutoff  133       179.81783  179.56404  0.14%  21.4 5343s
 1623663  1809     cutoff  111       179.81783  179.62057  0.11%  21.4 5356s
 1627361    39  179.79303  168   23  179.81783  179.73637  0.05%  21.3 5366s

Cutting planes:
  Gomory: 1
  Implied bound: 110
  MIR: 24
  Flow cover: 46
  RLT: 2
  Relax-and-lift: 66

Explored 1630097 nodes (34775785 simplex iterations) in 5368.74 seconds (656.59 work units)
Thread count was 32 (of 96 available processors)

Solution count 10: 179.818 179.818 179.92 ... 186.487

Optimal solution found (tolerance 1.00e-04)
Best objective 1.798178333333e+02, best bound 1.798178331204e+02, gap 0.0000%

User-callback calls 3475446, time in user-callback 4.00 sec
