
Gurobi 12.0.1 (win64) logging started Sun Sep 21 19:31:13 2025

Set parameter LogFile to value "log_group_6/bound_Expr250_s5_l1051_s11_e12_o20_d44_t1200_s15_1_0_1_0.log"
Gurobi Optimizer version 12.0.1 build v12.0.1rc0 (win64 - Windows Server 2022.0 (20348.2))

CPU model: Intel(R) Xeon(R) Gold 6336Y CPU @ 2.40GHz, instruction set [SSE2|AVX|AVX2|AVX512]
Thread count: 48 physical cores, 96 logical processors, using up to 32 threads

Non-default parameters:
TimeLimit  1200

Optimize a model with 81194 rows, 80310 columns and 999920 nonzeros
Model fingerprint: 0x6b7a21e1
Variable types: 310 continuous, 80000 integer (80000 binary)
Coefficient statistics:
  Matrix range     [1e+00, 9e+02]
  Objective range  [1e+00, 1e+00]
  Bounds range     [1e+00, 1e+03]
  RHS range        [1e+00, 9e+02]
Presolve removed 74540 rows and 74540 columns
Presolve time: 0.29s
Presolved: 6654 rows, 5770 columns, 67630 nonzeros
Variable types: 270 continuous, 5500 integer (5500 binary)
Found heuristic solution: objective 483.6977000
Performing another presolve...
Presolve removed 5248 rows and 4660 columns
Presolve time: 0.31s
Found heuristic solution: objective 425.3096333

Root relaxation: objective 4.972330e+01, 866 iterations, 0.04 seconds (0.04 work units)

    Nodes    |    Current Node    |     Objective Bounds      |     Work
 Expl Unexpl |  Obj  Depth IntInf | Incumbent    BestBd   Gap | It/Node Time

     0     0   49.72330    0   38  425.30963   49.72330  88.3%     -    0s
H    0     0                     396.2061333   49.72330  87.5%     -    0s
     0     0   49.72330    0   51  396.20613   49.72330  87.5%     -    1s
H    0     0                     125.7382667   49.72330  60.5%     -    1s
     0     0   49.72330    0   87  125.73827   49.72330  60.5%     -    1s
H    0     0                     122.6008000   49.72330  59.4%     -    1s
     0     0   55.22560    0   20  122.60080   55.22560  55.0%     -    1s
H    0     0                     122.5539333   55.22560  54.9%     -    1s
H    0     0                     122.5354667   55.22560  54.9%     -    1s
     0     0   55.22560    0   20  122.53547   55.22560  54.9%     -    1s
H    0     0                     115.1218333   55.29143  52.0%     -    1s
     0     0   55.29143    0   20  115.12183   55.29143  52.0%     -    1s
     0     0   55.29143    0   24  115.12183   55.29143  52.0%     -    1s
     0     0   55.29143    0   22  115.12183   55.29143  52.0%     -    1s
     0     0   55.29143    0   76  115.12183   55.29143  52.0%     -    1s
     0     0   55.29143    0   22  115.12183   55.29143  52.0%     -    1s
     0     0   55.29143    0   73  115.12183   55.29143  52.0%     -    1s
     0     0   55.29143    0   69  115.12183   55.29143  52.0%     -    1s
     0     0   55.29143    0   52  115.12183   55.29143  52.0%     -    1s
     0     0   55.29143    0   52  115.12183   55.29143  52.0%     -    1s
     0     0   55.29143    0   50  115.12183   55.29143  52.0%     -    1s
     0     0   55.29143    0   50  115.12183   55.29143  52.0%     -    1s
     0     2   55.29143    0   50  115.12183   55.29143  52.0%     -    2s
H   93   115                     114.2804333   55.29143  51.6%   106    2s
H   98   115                     114.1485000   55.29143  51.6%   102    2s
H 4029  2323                     113.4354667   70.31621  38.0%  18.8    2s
* 5398  2458              43     113.3196667   80.38436  29.1%  17.6    3s
H 5621  2469                     113.2853333   80.98156  28.5%  17.4    3s
*16779  5585              64     113.2723000   94.69767  16.4%  12.6    3s
*16847  5542              68     113.2346667   94.69767  16.4%  12.6    3s
H18874  5830                     113.1872000   95.98396  15.2%  12.3    3s
*24200  6709              47     113.1347000   97.68446  13.7%  11.7    4s
*31906  7040              60     113.1157333  100.32389  11.3%  11.2    4s
 35185  7006  110.99390   56   20  113.11573  102.64239  9.26%  11.1    5s

Cutting planes:
  Implied bound: 44
  MIR: 3
  Zero half: 1
  RLT: 6
  Relax-and-lift: 9
  BQP: 1

Explored 61977 nodes (635772 simplex iterations) in 7.98 seconds (4.59 work units)
Thread count was 32 (of 96 available processors)

Solution count 10: 113.116 113.116 113.135 ... 114.148

Optimal solution found (tolerance 1.00e-04)
Best objective 1.131157333333e+02, best bound 1.131157333333e+02, gap 0.0000%

User-callback calls 125315, time in user-callback 0.15 sec
