
Gurobi 10.0.1 (win64) logging started Sun Sep 21 15:48:51 2025

Set parameter LogFile to value "log_group_6/bound_Expr404_s7_l1051_s11_e12_o40_d80_t60_s39_1_1_1_1.log"
Gurobi Optimizer version 10.0.1 build v10.0.1rc0 (win64)

CPU model: Intel(R) Core(TM) i7-10700 CPU @ 2.90GHz, instruction set [SSE2|AVX|AVX2]
Thread count: 8 physical cores, 16 logical processors, using up to 16 threads

Optimize a model with 772684 rows, 756470 columns and 10410576 nonzeros
Model fingerprint: 0xbf5b21a9
Variable types: 470 continuous, 756000 integer (756000 binary)
Coefficient statistics:
  Matrix range     [1e+00, 8e+02]
  Objective range  [1e+00, 1e+00]
  Bounds range     [1e+00, 1e+03]
  RHS range        [1e+00, 8e+02]
Presolve removed 765255 rows and 749930 columns (presolve time = 41s) ...
Presolve removed 765104 rows and 749779 columns
Presolve time: 41.10s
Presolved: 7580 rows, 6691 columns, 60383 nonzeros
Variable types: 390 continuous, 6301 integer (6296 binary)
Found heuristic solution: objective 1619.3031667

Root simplex log...

Iteration    Objective       Primal Inf.    Dual Inf.      Time
       0    1.4063767e+02   1.225000e+03   0.000000e+00     42s
    4747    1.4063767e+02   0.000000e+00   0.000000e+00     43s

Root relaxation: objective 1.406377e+02, 4747 iterations, 0.37 seconds (0.53 work units)

    Nodes    |    Current Node    |     Objective Bounds      |     Work
 Expl Unexpl |  Obj  Depth IntInf | Incumbent    BestBd   Gap | It/Node Time

     0     0  140.63767    0  131 1619.30317  140.63767  91.3%     -   43s
H    0     0                    1493.8354000  140.63767  90.6%     -   43s
H    0     0                    1209.8142000  140.63767  88.4%     -   43s
     0     0  140.63767    0  380 1209.81420  140.63767  88.4%     -   43s
H    0     0                    1184.5520333  140.63767  88.1%     -   44s
H    0     0                     973.5283333  140.63767  85.6%     -   44s
H    0     0                     919.8783667  140.63767  84.7%     -   45s
     0     0  140.63767    0   90  919.87837  140.63767  84.7%     -   45s
H    0     0                     824.2494664  140.63767  82.9%     -   45s
H    0     0                     749.4459333  140.63767  81.2%     -   45s
     0     0  140.63767    0   89  749.44593  140.63767  81.2%     -   45s
H    0     0                     700.9753333  140.84636  79.9%     -   46s
H    0     0                     615.1337000  140.84636  77.1%     -   46s
H    0     0                     609.5802333  140.84636  76.9%     -   46s
     0     0  140.84636    0  200  609.58023  140.84636  76.9%     -   46s
     0     0  140.85984    0  343  609.58023  140.85984  76.9%     -   47s
H    0     0                     521.4977333  140.85984  73.0%     -   47s
H    0     0                     476.9431333  140.85984  70.5%     -   47s
H    0     0                     465.5233667  140.85984  69.7%     -   47s
     0     0  140.85984    0  324  465.52337  140.85984  69.7%     -   47s
     0     0  140.85984    0  416  465.52337  140.85984  69.7%     -   48s
     0     0  140.85984    0  184  465.52337  140.85984  69.7%     -   48s
H    0     0                     462.3232667  140.85984  69.5%     -   48s
H    0     0                     424.3855000  140.85984  66.8%     -   49s
H    0     0                     417.6986667  140.85984  66.3%     -   50s
H  724   619                     403.4217333  142.15100  64.8%  34.8   52s
   725   622  144.01700    2  114  403.42173  144.01700  64.3%  79.9   58s
   782   631  144.01700   11  256  403.42173  144.01700  64.3%   110   60s

Cutting planes:
  Gomory: 1
  Implied bound: 149
  MIR: 40
  Zero half: 5
  RLT: 21
  Relax-and-lift: 12

Explored 790 nodes (116977 simplex iterations) in 60.11 seconds (59.67 work units)
Thread count was 16 (of 16 available processors)

Solution count 10: 403.422 417.699 424.385 ... 700.975

Time limit reached
Best objective 4.034217333333e+02, best bound 1.440170000000e+02, gap 64.3011%

User-callback calls 4220, time in user-callback 0.01 sec
