
Gurobi 10.0.1 (win64) logging started Sun Sep 21 03:40:11 2025

Set parameter LogFile to value "log_group_6/bound_Expr136_s10_l1051_s11_e12_o100_d200_t7200_s66_1_1_1_1.log"
Gurobi Optimizer version 10.0.1 build v10.0.1rc0 (win64)

CPU model: Intel(R) Core(TM) i7-10700 CPU @ 2.90GHz, instruction set [SSE2|AVX|AVX2]
Thread count: 8 physical cores, 16 logical processors, using up to 16 threads

Optimize a model with 4795533 rows, 4700800 columns and 56572180 nonzeros
Model fingerprint: 0x7264d9f5
Variable types: 800 continuous, 4700000 integer (4700000 binary)
Coefficient statistics:
  Matrix range     [6e-01, 8e+02]
  Objective range  [1e+00, 1e+00]
  Bounds range     [1e+00, 1e+03]
  RHS range        [1e+00, 8e+02]
Presolve removed 100 rows and 100 columns (presolve time = 5s) ...
Presolve removed 100 rows and 100 columns (presolve time = 10s) ...
Presolve removed 100 rows and 4646100 columns (presolve time = 16s) ...
Presolve removed 4745053 rows and 4651800 columns (presolve time = 21s) ...
Presolve removed 4745653 rows and 4651900 columns (presolve time = 25s) ...
Presolve removed 4745153 rows and 4651400 columns
Presolve time: 25.83s
Presolved: 50380 rows, 49400 columns, 293250 nonzeros
Variable types: 600 continuous, 48800 integer (48800 binary)
Found heuristic solution: objective 14568.653567
Deterministic concurrent LP optimizer: primal and dual simplex
Showing first log only...


Root simplex log...

Iteration    Objective       Primal Inf.    Dual Inf.      Time
       0   -6.9073000e+04   1.825422e+04   5.787511e+08     34s
    9064   -6.9073000e+04   1.765466e+01   3.288084e+08     35s
   16914    7.4927000e+04   0.000000e+00   8.560000e+02     38s
   17231    3.0709190e+02   0.000000e+00   0.000000e+00     38s
Concurrent spin time: 0.62s

Solved with primal simplex
   17231    3.0709190e+02   0.000000e+00   0.000000e+00     39s

Root relaxation: objective 3.070919e+02, 17231 iterations, 4.62 seconds (12.97 work units)
Total elapsed time = 46.76s
Total elapsed time = 50.31s
Total elapsed time = 56.93s

    Nodes    |    Current Node    |     Objective Bounds      |     Work
 Expl Unexpl |  Obj  Depth IntInf | Incumbent    BestBd   Gap | It/Node Time

     0     0  307.09190    0  299 14568.6536  307.09190  97.9%     -   60s
H    0     0                    12335.343367  307.09190  97.5%     -   61s
H    0     0                    11919.098333  307.09190  97.4%     -   61s
H    0     0                    11442.565267  307.09190  97.3%     -   67s
     0     0  307.09190    0  338 11442.5653  307.09190  97.3%     -   68s
H    0     0                    2791.2963000  307.09190  89.0%     -  101s
     0     0  307.09190    0  396 2791.29630  307.09190  89.0%     -  104s
H    0     0                    1900.0224667  307.09190  83.8%     -  133s
     0     0  307.09190    0  324 1900.02247  307.09190  83.8%     -  134s
H    0     0                    1667.2382000  307.09190  81.6%     -  141s
     0     0  307.09190    0  413 1667.23820  307.09190  81.6%     -  146s
H    0     0                    1341.3820667  307.09190  77.1%     -  189s
     0     0  307.09190    0  347 1341.38207  307.09190  77.1%     -  189s
     0     0  307.09190    0  541 1341.38207  307.09190  77.1%     -  192s
H    0     0                    1150.5994333  307.09190  73.3%     -  237s
H    0     0                     984.2122333  307.09190  68.8%     -  238s
     0     0  307.09190    0  362  984.21223  307.09190  68.8%     -  253s
     0     0  307.09190    0  362  984.21223  307.09190  68.8%     -  265s
H    0     0                     941.0781667  307.09190  67.4%     -  288s
H    0     0                     876.4835333  307.09190  65.0%     -  300s
H    0     2                     840.1409795  307.09190  63.4%     -  332s
     0     2  307.09190    0  362  840.14098  307.09190  63.4%     -  332s
     1     4  307.09190    1  333  840.14098  307.09190  63.4% 29111  339s
     3     8  307.09190    2  338  840.14098  307.09190  63.4% 12713  346s
     7    16  307.09190    3  362  840.14098  307.09190  63.4%  7106  352s
    15    24  307.09190    4  346  840.14098  307.09190  63.4%  3883  355s
H   31    40                     813.8356667  307.09190  62.3%  1991  410s
H   31    40                     800.8793333  307.09190  61.7%  1991  410s
H   34    40                     774.9063667  307.09190  60.4%  1833  410s
    47    55  307.09190    8  352  774.90637  307.09190  60.4%  1411  416s
    55    65  307.09190    9  356  774.90637  307.09190  60.4%  1256  421s
    79    94  307.09190   13  351  774.90637  307.09190  60.4%   926  427s
   108   120  307.09190   17  349  774.90637  307.09190  60.4%   721  432s
   120   129  307.09190   19  362  774.90637  307.09190  60.4%   665  436s
   143   158  307.09190   22  342  774.90637  307.09190  60.4%   616  441s
   174   189  307.09190   25  342  774.90637  307.09190  60.4%   536  447s
   190   204  307.09190   27  339  774.90637  307.09190  60.4%   508  455s
   222   238  307.09190   31  335  774.90637  307.09190  60.4%   459  462s
   240   257  307.09190   33  332  774.90637  307.09190  60.4%   437  465s
H  278   284                     766.1722333  307.09190  59.9%   402  481s
H  281   284                     741.6315000  307.09190  58.6%   400  481s
   287   315  307.09190   39  319  741.63150  307.09190  58.6%   396  488s
   320   345  307.09190   44  325  741.63150  307.09190  58.6%   371  494s
   352   389  307.09190   48  330  741.63150  307.09190  58.6%   355  503s
   400   433  307.09190   54  337  741.63150  307.09190  58.6%   332  513s
   448   476  307.09190   60  311  741.63150  307.09190  58.6%   312  523s
   493   543  307.09190   67  312  741.63150  307.09190  58.6%   297  535s
   561   587  307.09190   77  330  741.63150  307.09190  58.6%   281  556s
   606   664  307.09190   81  364  741.63150  307.09190  58.6%   272  571s
   687   767  307.09190   90  336  741.63150  307.09190  58.6%   257  589s
   797   886  307.09190  104  324  741.63150  307.09190  58.6%   240  609s
   922  1024  307.09190  118  336  741.63150  307.09190  58.6%   223  633s
  1067  1171  307.09190  134  333  741.63150  307.09190  58.6%   211  659s
H 1219  1200                     738.7830333  307.09190  58.4%   199  684s
H 1223  1200                     738.5723000  307.09190  58.4%   198  684s
  1249  1374  307.09190  153  317  738.57230  307.09190  58.4%   197  715s
H 1434  1380                     734.5310000  307.09190  58.2%   189  751s
  1442  1581  307.09190  176  330  734.53100  307.09190  58.2%   189  797s
  1657  1807  307.09190  200  475  734.53100  307.09190  58.2%   194  840s
  1899  2069  307.09190  225  443  734.53100  307.09190  58.2%   185  887s
  2186  2404  307.09190  262  437  734.53100  307.09190  58.2%   176  943s
  2555  2887  307.09190  301  414  734.53100  307.09190  58.2%   168 1005s
  3065  3457  307.09190  349  398  734.53100  307.09190  58.2%   158 1070s
H 3670  3561                     732.7562313  307.09190  58.1%   153 1130s
H 3671  3560                     729.8420667  307.09190  57.9%   153 1130s
  3784  4227  307.09190  397  369  729.84207  307.09190  57.9%   160 1219s
  4485  5103  307.09190  454  377  729.84207  307.09190  57.9%   159 1309s
  5395  6188  307.09190  517  378  729.84207  307.09190  57.9%   153 1402s
H 5474  6187                     729.5488667  307.09190  57.9%   152 1402s
H 5644  6187                     728.7787667  307.09190  57.9%   150 1402s
  6520  7600  307.09190  596  380  728.77877  307.09190  57.9%   147 1496s
  7958  7601  625.31810 1236  362  728.77877  307.09190  57.9%   139 1594s
  7960  7602  625.31810 1154  312  728.77877  307.09190  57.9%   139 1665s
  7961  7603  565.28827   98  325  728.77877  307.09190  57.9%   139 1803s
  7962  7604  689.59253  172  609  728.77877  307.09190  57.9%   139 1815s
  7963  7604  468.64127 1058  345  728.77877  307.09190  57.9%   139 1874s
  7964  7605  469.05577  341  570  728.77877  307.09190  57.9%   139 1881s
  7965  7606  468.64127  474  334  728.77877  307.09190  57.9%   139 1933s
  7966  7606  676.34330  364  540  728.77877  307.09190  57.9%   139 1946s
  7967  7607  307.09190  693  535  728.77877  307.09190  57.9%   139 1997s
  7968  7608  634.95627  673  708  728.77877  307.09190  57.9%   139 2005s
  7969  7608  364.15333  464  340  728.77877  307.09190  57.9%   139 2058s
  7970  7609  533.76040  905  476  728.77877  307.09190  57.9%   139 2065s
  7971  7610  533.76040  871  359  728.77877  307.09190  57.9%   139 2106s
  7972  7610  583.96183  836  546  728.77877  307.09190  57.9%   139 2115s
  7973  7611  583.96183  767  333  728.77877  307.09190  57.9%   139 2191s
  7974  7612  466.08160  138  606  728.77877  307.09190  57.9%   139 2204s
  7975  7612  469.05577  288  347  728.77877  307.09190  57.9%   139 2261s
  7976  7613  469.05577 1221  347  728.77877  307.09190  57.9%   139 2275s
  7977  7614  498.64210   60  347  728.77877  307.09190  57.9%   139 2303s
  7978  7617  307.09190   16  572  728.77877  307.09190  57.9%  64.5 2325s
  7980  7621  307.09190   17  501  728.77877  307.09190  57.9%  64.7 2332s
  7984  7627  307.09190   18  662  728.77877  307.09190  57.9%  65.9 2341s
  7992  7633  307.09190   19  614  728.77877  307.09190  57.9%  66.9 2346s
  8000  7638  401.50280   19  496  728.77877  307.09190  57.9%  67.2 2351s
  8008  7643  307.09190   20  597  728.77877  307.09190  57.9%  67.6 2371s
  8016  7649  402.55540   20  658  728.77877  307.09190  57.9%  68.4 2786s
  8024  7656  307.09190   21  538  728.77877  307.09190  57.9%  68.9 2791s
  8034  7665  463.15853   21  501  728.77877  307.09190  57.9%  69.0 2797s
  8046  7672  307.09190   22  496  728.77877  307.09190  57.9%  69.5 2801s
  8057  7682  416.38577   22  392  728.77877  307.09190  57.9%  69.6 2808s
  8072  7692  307.09190   23  544  728.77877  307.09190  57.9%  70.0 2816s
  8087  7695  415.30180   23  753  728.77877  307.09190  57.9%  71.0 2837s
  8095  7709  307.09190   24  543  728.77877  307.09190  57.9%  71.6 2844s
  8113  7723  415.30180   24  436  728.77877  307.09190  57.9%  72.1 2852s
  8133  7736  307.09190   25  502  728.77877  307.09190  57.9%  72.6 2860s
  8152  7748  307.09190   26  499  728.77877  307.09190  57.9%  73.0 2877s
  8172  7765  307.09190   27  504  728.77877  307.09190  57.9%  75.4 2891s
  8195  7781  307.09190   28  518  728.77877  307.09190  57.9%  75.7 2899s
  8219  7795  307.09190   29  525  728.77877  307.09190  57.9%  75.9 2907s
  8241  7809  307.09190   30  473  728.77877  307.09190  57.9%  76.2 2914s
  8262  7822  307.09190   31  474  728.77877  307.09190  57.9%  76.6 2946s
  8283  7845  307.09190   32  466  728.77877  307.09190  57.9%  76.9 2956s
  8313  7843  307.09190   33  453  728.77877  307.09190  57.9%  77.2 2972s
  8321  7872  416.70690   33  405  728.77877  307.09190  57.9%  77.3 2983s
  8353  7884  307.09190   34  568  728.77877  307.09190  57.9%  77.7 2995s
  8378  7905  307.09190   35  523  728.77877  307.09190  57.9%  78.6 3007s
  8407  7925  307.09190   36  627  728.77877  307.09190  57.9%  79.6 3021s
  8437  7942  307.09190   37  609  728.77877  307.09190  57.9%  80.9 3034s
  8467  7963  307.09190   38  571  728.77877  307.09190  57.9%  82.0 3047s
  8498  7994  307.09190   39  574  728.77877  307.09190  57.9%  83.2 3059s
  8539  8018  307.09190   40  587  728.77877  307.09190  57.9%  83.5 3072s
  8577  8046  307.09190   41  604  728.77877  307.09190  57.9%  84.0 3088s
  8617  8065  307.09190   42  605  728.77877  307.09190  57.9%  85.6 3111s
  8651  8097  307.09190   44  605  728.77877  307.09190  57.9%  88.8 3127s
  8694  8121  380.36713   45  505  728.77877  307.09190  57.9%  90.1 3145s
  8733  8115  307.09190   47  549  728.77877  307.09190  57.9%  91.3 3166s
  8741  8162  463.54173   47  475  728.77877  307.09190  57.9%  91.4 3182s
  8792  8195  307.09190   50  657  728.77877  307.09190  57.9%  91.8 3199s
  8843  8219  463.54173   51  639  728.77877  307.09190  57.9%  93.8 3219s
  8886  8256  307.09190   52  656  728.77877  307.09190  57.9%  94.1 3238s
  8939  8291  307.09190   54  666  728.77877  307.09190  57.9%  95.4 3260s
  8992  8328  434.58250   55  505  728.77877  307.09190  57.9%  97.7 3281s
  9049  8376  307.09190   57  543  728.77877  307.09190  57.9%  98.9 3304s
  9116  8416  307.09190   59  514  728.77877  307.09190  57.9%   100 3337s
  9179  8460  392.48550   61  611  728.77877  307.09190  57.9%   103 3366s
  9244  8505  307.09190   64  535  728.77877  307.09190  57.9%   106 3389s
  9313  8546  307.09190   67  547  728.77877  307.09190  57.9%   106 3422s
  9378  8599  307.09190   70  559  728.77877  307.09190  57.9%   110 3460s
  9452  8648  307.09190   72  535  728.77877  307.09190  57.9%   114 3491s
  9526  8703  307.09190   76  615  728.77877  307.09190  57.9%   117 3521s
  9608  8760  444.43670   79  515  728.77877  307.09190  57.9%   118 3559s
  9696  8823  307.09190   82  568  728.77877  307.09190  57.9%   119 3594s
  9788  8884  307.09190   83  620  728.77877  307.09190  57.9%   121 3628s
  9881  8914  307.09190   84  561  728.77877  307.09190  57.9%   123 3679s
  9942  9013  307.09190   87  536  728.77877  307.09190  57.9%   125 3719s
 10067  9114  307.09190   92  596  728.77877  307.09190  57.9%   126 3762s
 10211  9238  415.02137   96  569  728.77877  307.09190  57.9%   127 3807s
 10389  9335  429.05993  101  513  728.77877  307.09190  57.9%   128 3853s
 10548  9458  307.09190  106  497  728.77877  307.09190  57.9%   129 3901s
 10729  9576  307.09190  112  487  728.77877  307.09190  57.9%   130 3951s
 10911  9713  462.92403  117  554  728.77877  307.09190  57.9%   131 4003s
 11111  9868  307.09190  124  495  728.77877  307.09190  57.9%   132 4055s
 11338 10034  307.09190  131  495  728.77877  307.09190  57.9%   133 4110s
 11584 10080  308.55077  137  520  728.77877  307.09190  57.9%   133 4155s
 11712 10264  383.69263  142  486  728.77877  307.09190  57.9%   134 4214s
 11946 10416  307.09190  150  484  728.77877  307.09190  57.9%   134 4278s
 12176 10753  402.74807  159  485  728.77877  307.09190  57.9%   135 4336s
 12592 11007  462.85350  170  474  728.77877  307.09190  57.9%   135 4396s
 12996 11312  466.08160  182  563  728.77877  307.09190  57.9%   134 4460s
 13444 11544  401.46310  190  464  728.77877  307.09190  57.9%   133 4525s
 13833 11877  307.09190  198  486  728.77877  307.09190  57.9%   133 4592s
 14297 12081  307.09190  206  465  728.77877  307.09190  57.9%   132 4653s
 14660 12427  441.95120  211  458  728.77877  307.09190  57.9%   132 4734s
 15134 12843  307.09190  224  483  728.77877  307.09190  57.9%   131 4809s
 15714 12841  307.09190  240  479  728.77877  307.09190  57.9%   131 5174s
 15906 14354  307.09190  252  450  728.77877  307.09190  57.9%   131 5442s
 17498 14685  401.90590  351  491  728.77877  307.09190  57.9%   137 5536s
 18361 15312  435.74347  360  489  728.77877  307.09190  57.9%   135 5616s
 19283 15100  307.09190  369  468  728.77877  307.09190  57.9%   133 5681s
 19380 16262  307.09190  374  461  728.77877  307.09190  57.9%   134 5764s
 20576 16457  307.09190  386  450  728.77877  307.09190  57.9%   131 5829s
 21172 17422  307.09190  393  436  728.77877  307.09190  57.9%   129 5902s
 22339 17583  307.09190  405  426  728.77877  307.09190  57.9%   127 5968s
 22889 18362  307.09190  412  502  728.77877  307.09190  57.9%   127 6042s
 23853 19445  307.09190  414  449  728.77877  307.09190  57.9%   126 6115s
 25263 20504  307.09190  430  458  728.77877  307.09190  57.9%   123 6230s
 26795 21227  307.09190  448  509  728.77877  307.09190  57.9%   123 6318s
 28033 22483  435.08237  454  534  728.77877  307.09190  57.9%   120 6381s
 29709 23548  307.09190  463  468  728.77877  307.09190  57.9%   117 6443s

Cutting planes:
  Gomory: 10
  Implied bound: 82
  Projected implied bound: 173
  MIR: 84
  Flow cover: 857
  RLT: 4
  Relax-and-lift: 1117

Explored 31335 nodes (4943486 simplex iterations) in 7211.92 seconds (14436.15 work units)
Thread count was 16 (of 16 available processors)

Solution count 10: 728.779 729.549 729.842 ... 800.879

Time limit reached
Best objective 7.287787666664e+02, best bound 3.070919000000e+02, gap 57.8621%

User-callback calls 443744, time in user-callback 3.70 sec
