
Gurobi 10.0.3 (win64) logging started Sun Sep 21 05:11:30 2025

Set parameter LogFile to value "log_group_6/bound_Expr254_s5_l1051_s11_e12_o20_d43_t1200_s14_1_0_0_1.log"
Gurobi Optimizer version 10.0.3 build v10.0.3rc0 (win64)

CPU model: 11th Gen Intel(R) Core(TM) i7-11700 @ 2.50GHz, instruction set [SSE2|AVX|AVX2|AVX512]
Thread count: 8 physical cores, 16 logical processors, using up to 16 threads

Optimize a model with 186090 rows, 185310 columns and 1845990 nonzeros
Model fingerprint: 0xbf767e69
Variable types: 310 continuous, 185000 integer (185000 binary)
Coefficient statistics:
  Matrix range     [1e+00, 8e+02]
  Objective range  [1e+00, 1e+00]
  Bounds range     [1e+00, 1e+03]
  RHS range        [1e+00, 8e+02]
Presolve removed 178825 rows and 178545 columns
Presolve time: 1.08s
Presolved: 7265 rows, 6765 columns, 49401 nonzeros
Variable types: 270 continuous, 6495 integer (6491 binary)

Root relaxation: objective 8.111527e+01, 5352 iterations, 0.37 seconds (1.01 work units)

    Nodes    |    Current Node    |     Objective Bounds      |     Work
 Expl Unexpl |  Obj  Depth IntInf | Incumbent    BestBd   Gap | It/Node Time

     0     0   81.11527    0   69          -   81.11527      -     -    2s
H    0     0                    2623.3740667   81.11527  96.9%     -    2s
H    0     0                    2580.6018667   81.11527  96.9%     -    2s
H    0     0                    2574.0638667   81.11527  96.8%     -    2s
H    0     0                    2308.3868667   81.11527  96.5%     -    2s
H    0     0                    2303.7027000   81.11527  96.5%     -    2s
     0     0   81.11527    0  419 2303.70270   81.11527  96.5%     -    2s
H    0     0                    1146.3359333   81.11527  92.9%     -    2s
H    0     0                     869.1639333   81.11527  90.7%     -    2s
     0     0   81.11527    0  372  869.16393   81.11527  90.7%     -    2s
H    0     0                     517.6125667   81.11527  84.3%     -    3s
H    0     0                     440.9108000   81.11527  81.6%     -    4s
H    0     0                     336.0575667   81.11527  75.9%     -    4s
     0     0   81.11527    0   97  336.05757   81.11527  75.9%     -    4s
H    0     0                     317.8730667   81.11527  74.5%     -    5s
H    0     0                     271.2504000   81.11527  70.1%     -    5s
     0     0   81.11527    0  101  271.25040   81.11527  70.1%     -    5s
     0     0   81.11527    0  129  271.25040   81.11527  70.1%     -    5s
H    0     0                     246.6857000   81.11527  67.1%     -    6s
     0     0   81.11527    0  131  246.68570   81.11527  67.1%     -    6s
     0     0   81.11527    0  113  246.68570   81.11527  67.1%     -    6s
H    0     0                     167.1700333   81.11527  51.5%     -    7s
H    0     0                     129.9288333   81.11527  37.6%     -    7s
     0     0   81.11527    0   74  129.92883   81.11527  37.6%     -    7s
     0     0   81.11527    0  123  129.92883   81.11527  37.6%     -    7s
H    0     0                     129.5500000   81.11527  37.4%     -    7s
H    0     0                     121.9118000   81.11527  33.5%     -    8s
H    0     0                     120.9118000   81.11527  32.9%     -    8s
     0     0   81.11527    0  103  120.91180   81.11527  32.9%     -    8s
H    0     0                     116.3156000   81.11527  30.3%     -    9s
     0     0   93.14753    0  168  116.31560   93.14753  19.9%     -    9s
     0     0   94.61597    0   95  116.31560   94.61597  18.7%     -    9s
     0     0   94.62075    0   77  116.31560   94.62075  18.7%     -    9s
     0     0   96.18025    0   70  116.31560   96.18025  17.3%     -    9s
     0     0   96.18025    0   70  116.31560   96.18025  17.3%     -    9s
     0     0   96.18025    0   70  116.31560   96.18025  17.3%     -    9s
     0     0   96.18025    0   70  116.31560   96.18025  17.3%     -    9s
     0     0   96.18025    0   70  116.31560   96.18025  17.3%     -    9s
     0     0   96.18025    0   70  116.31560   96.18025  17.3%     -    9s
     0     0   96.18025    0   70  116.31560   96.18025  17.3%     -    9s
     0     0   96.18025    0   70  116.31560   96.18025  17.3%     -    9s
     0     0  100.48901    0  106  116.31560  100.48901  13.6%     -    9s
     0     0  103.37352    0   18  116.31560  103.37352  11.1%     -    9s
     0     0  113.40806    0   16  116.31560  113.40806  2.50%     -    9s
     0     0  115.47230    0    6  116.31560  115.47230  0.73%     -    9s

Cutting planes:
  Gomory: 1
  Implied bound: 9
  Clique: 1
  MIR: 2
  RLT: 2
  Relax-and-lift: 3

Explored 1 nodes (43242 simplex iterations) in 9.73 seconds (16.57 work units)
Thread count was 16 (of 16 available processors)

Solution count 10: 116.316 121.912 129.55 ... 517.613

Optimal solution found (tolerance 1.00e-04)
Best objective 1.163156000000e+02, best bound 1.163156000000e+02, gap 0.0000%

User-callback calls 1793, time in user-callback 0.00 sec
