
Gurobi 10.0.1 (win64) logging started Sun Sep 21 16:40:04 2025

Set parameter LogFile to value "log_group_6/bound_Expr336_s8_l1051_s11_e12_o60_d120_t60_s41_0_0_0_0.log"
Gurobi Optimizer version 10.0.1 build v10.0.1rc0 (win64)

CPU model: Intel(R) Core(TM) i7-10700 CPU @ 2.90GHz, instruction set [SSE2|AVX|AVX2]
Thread count: 8 physical cores, 16 logical processors, using up to 16 threads

Optimize a model with 1489432 rows, 1488580 columns and 11902464 nonzeros
Model fingerprint: 0xad8f776a
Variable types: 580 continuous, 1488000 integer (1488000 binary)
Coefficient statistics:
  Matrix range     [5e-01, 9e+02]
  Objective range  [1e+00, 1e+00]
  Bounds range     [1e+00, 1e+03]
  RHS range        [1e+00, 9e+02]
Presolve removed 1461380 rows and 1461320 columns (presolve time = 5s) ...
Presolve removed 1461380 rows and 1460928 columns
Presolve time: 6.05s
Presolved: 28052 rows, 27652 columns, 162768 nonzeros
Variable types: 460 continuous, 27192 integer (27192 binary)
Found heuristic solution: objective 11859.161167
Found heuristic solution: objective 2791.7967667
Deterministic concurrent LP optimizer: primal and dual simplex
Showing first log only...


Root simplex log...

Iteration    Objective       Primal Inf.    Dual Inf.      Time
       0   -4.1197000e+04   1.087225e+04   3.440513e+08      8s
    1941    4.5203000e+04   0.000000e+00   7.280000e+02      8s
    2631    0.0000000e+00   0.000000e+00   0.000000e+00      8s
Concurrent spin time: 0.12s

Solved with primal simplex

Root relaxation: objective 0.000000e+00, 2631 iterations, 0.49 seconds (0.84 work units)
Total elapsed time = 10.12s

    Nodes    |    Current Node    |     Objective Bounds      |     Work
 Expl Unexpl |  Obj  Depth IntInf | Incumbent    BestBd   Gap | It/Node Time

     0     0    0.00000    0  187 2791.79677    0.00000   100%     -   10s
H    0     0                    2465.5088333    0.00000   100%     -   11s
     0     0    0.00000    0  234 2465.50883    0.00000   100%     -   12s
H    0     0                     764.2232667    0.00000   100%     -   17s
     0     0    0.00000    0  235  764.22327    0.00000   100%     -   17s
H    0     0                     646.2649326    0.00000   100%     -   28s
H    0     0                     539.8614000    0.00000   100%     -   28s
H    0     0                     489.2142000    0.00000   100%     -   28s
H    0     0                     489.2141999    0.00000   100%     -   28s
     0     0    0.00000    0  182  489.21420    0.00000   100%     -   30s
H    0     0                     470.0567000    0.00000   100%     -   33s
     0     0    0.00000    0  184  470.05670    0.00000   100%     -   37s
H    0     0                     449.0420333    0.00000   100%     -   50s
     0     0    0.00000    0  183  449.04203    0.00000   100%     -   51s
H    0     0                     424.9725333    0.00000   100%     -   57s
     0     0    0.00000    0  198  424.97253    0.00000   100%     -   57s
     0     0    0.00000    0  179  424.97253    0.00000   100%     -   60s

Cutting planes:
  Gomory: 16
  Implied bound: 383
  MIR: 169
  RLT: 55
  Relax-and-lift: 296

Explored 1 nodes (44922 simplex iterations) in 60.17 seconds (56.26 work units)
Thread count was 16 (of 16 available processors)

Solution count 10: 424.973 449.042 470.057 ... 2791.8

Time limit reached
Best objective 4.249725333332e+02, best bound 0.000000000000e+00, gap 100.0000%

User-callback calls 8201, time in user-callback 0.03 sec
