
Gurobi 10.0.1 (win64) logging started Sun Sep 21 15:42:52 2025

Set parameter LogFile to value "log_group_6/bound_Expr301_s3_l1051_s11_e12_o10_d20_t60_s6_0_0_0_0.log"
Gurobi Optimizer version 10.0.1 build v10.0.1rc0 (win64)

CPU model: Intel(R) Core(TM) i7-10700 CPU @ 2.90GHz, instruction set [SSE2|AVX|AVX2]
Thread count: 8 physical cores, 16 logical processors, using up to 16 threads

Optimize a model with 31987 rows, 31680 columns and 253654 nonzeros
Model fingerprint: 0x08b1b897
Variable types: 180 continuous, 31500 integer (31500 binary)
Coefficient statistics:
  Matrix range     [1e+00, 8e+02]
  Objective range  [1e+00, 1e+00]
  Bounds range     [1e+00, 1e+03]
  RHS range        [1e+00, 8e+02]
Presolve removed 29728 rows and 29718 columns
Presolve time: 0.23s
Presolved: 2259 rows, 1962 columns, 17434 nonzeros
Variable types: 160 continuous, 1802 integer (1801 binary)
Found heuristic solution: objective 157.4400333

Root relaxation: objective 0.000000e+00, 351 iterations, 0.01 seconds (0.01 work units)

    Nodes    |    Current Node    |     Objective Bounds      |     Work
 Expl Unexpl |  Obj  Depth IntInf | Incumbent    BestBd   Gap | It/Node Time

     0     0    0.00000    0   21  157.44003    0.00000   100%     -    0s
H    0     0                      78.6872333    0.00000   100%     -    0s
     0     0    0.00000    0   23   78.68723    0.00000   100%     -    0s
     0     0    0.00000    0   21   78.68723    0.00000   100%     -    0s
     0     0    0.00000    0   21   78.68723    0.00000   100%     -    0s
     0     0    0.00000    0   21   78.68723    0.00000   100%     -    0s
     0     0    0.00000    0   21   78.68723    0.00000   100%     -    0s
     0     0    0.00000    0   20   78.68723    0.00000   100%     -    0s
     0     0    0.00000    0   20   78.68723    0.00000   100%     -    0s
     0     0    0.00000    0   20   78.68723    0.00000   100%     -    0s
     0     0    0.00000    0   20   78.68723    0.00000   100%     -    0s
     0     0    0.00000    0   20   78.68723    0.00000   100%     -    0s
     0     0    0.00000    0   20   78.68723    0.00000   100%     -    0s
H    0     0                      78.6406333    0.00000   100%     -    0s
     0     0    0.00000    0   21   78.64063    0.00000   100%     -    0s
     0     0    0.00000    0   22   78.64063    0.00000   100%     -    0s
     0     0    0.00000    0   21   78.64063    0.00000   100%     -    0s
     0     0    0.00000    0   21   78.64063    0.00000   100%     -    0s
     0     0    0.00000    0   21   78.64063    0.00000   100%     -    0s
     0     0    0.00000    0   21   78.64063    0.00000   100%     -    0s
     0     0    0.00000    0   21   78.64063    0.00000   100%     -    0s
     0     0    0.00000    0   22   78.64063    0.00000   100%     -    0s
     0     0    0.00000    0   22   78.64063    0.00000   100%     -    0s
     0     0    0.00000    0   21   78.64063    0.00000   100%     -    0s
     0     0    0.00000    0   21   78.64063    0.00000   100%     -    0s
H    0     0                      78.4918333    0.00000   100%     -    0s
     0     0    0.00000    0   22   78.49183    0.00000   100%     -    0s
     0     0    0.00000    0   20   78.49183    0.00000   100%     -    0s
     0     0    0.00000    0   22   78.49183    0.00000   100%     -    0s
H    0     0                      65.7149333    0.00000   100%     -    0s
     0     0    0.00000    0   20   65.71493    0.00000   100%     -    0s
H    0     0                      55.1109333    0.00000   100%     -    0s
     0     0    0.00000    0   20   55.11093    0.00000   100%     -    0s
     0     0    0.00000    0   20   55.11093    0.00000   100%     -    0s
     0     0    0.00000    0   20   55.11093    0.00000   100%     -    0s
     0     0    0.00000    0   20   55.11093    0.00000   100%     -    0s
H    0     0                      54.1853333    0.00000   100%     -    0s
     0     0    0.00000    0   20   54.18533    0.00000   100%     -    0s
     0     0    0.00000    0   20   54.18533    0.00000   100%     -    0s
     0     2    0.00000    0   20   54.18533    0.00000   100%     -    0s
H   72    80                      54.1853333    0.00000   100%  17.6    0s
H   81    88                      54.1850333    0.00000   100%  16.5    0s
  5487  5055   50.06920  711   22   54.18503   50.06920  7.60%   3.2    6s
  5527  5083   54.16570   56    4   54.18503   54.16570  0.04%   3.4   10s
H 5649  4807                      54.1850333   54.16570  0.04%   3.6   10s

Cutting planes:
  Gomory: 2
  Cover: 4
  Implied bound: 1
  Flow cover: 2
  GUB cover: 1

Explored 5871 nodes (25927 simplex iterations) in 11.57 seconds (17.18 work units)
Thread count was 16 (of 16 available processors)

Solution count 10: 54.185 54.185 54.1853 ... 157.44

Optimal solution found (tolerance 1.00e-04)
Best objective 5.418503332779e+01, best bound 5.418503332779e+01, gap 0.0000%

User-callback calls 14356, time in user-callback 0.02 sec
