
Gurobi 10.0.3 (win64) logging started Sun Sep 21 09:57:58 2025

Set parameter LogFile to value "log_group_6/bound_Expr179_s7_l1051_s11_e12_o40_d80_t7200_s39_1_0_0_0.log"
Gurobi Optimizer version 10.0.3 build v10.0.3rc0 (win64)

CPU model: 11th Gen Intel(R) Core(TM) i7-11700 @ 2.50GHz, instruction set [SSE2|AVX|AVX2|AVX512]
Thread count: 8 physical cores, 16 logical processors, using up to 16 threads

Optimize a model with 757546 rows, 756470 columns and 7533336 nonzeros
Model fingerprint: 0xe3b98252
Variable types: 470 continuous, 756000 integer (756000 binary)
Coefficient statistics:
  Matrix range     [1e+00, 8e+02]
  Objective range  [1e+00, 1e+00]
  Bounds range     [1e+00, 1e+03]
  RHS range        [1e+00, 8e+02]
Presolve removed 738620 rows and 738237 columns
Presolve time: 2.76s
Presolved: 18926 rows, 18233 columns, 107751 nonzeros
Variable types: 390 continuous, 17843 integer (17843 binary)
Found heuristic solution: objective 5149.4831333
Deterministic concurrent LP optimizer: primal and dual simplex
Showing first log only...

Concurrent spin time: 0.04s

Solved with primal simplex

Root relaxation: objective 0.000000e+00, 5109 iterations, 0.35 seconds (0.73 work units)

    Nodes    |    Current Node    |     Objective Bounds      |     Work
 Expl Unexpl |  Obj  Depth IntInf | Incumbent    BestBd   Gap | It/Node Time

     0     0    0.00000    0  135 5149.48313    0.00000   100%     -    5s
H    0     0                    4594.5504667    0.00000   100%     -    6s
H    0     0                    4524.5738333    0.00000   100%     -    8s
     0     0    0.00000    0  138 4524.57383    0.00000   100%     -    8s
H    0     0                    1042.8381000    0.00000   100%     -   14s
H    0     0                    1001.7472333    0.00000   100%     -   15s
     0     0    0.00000    0  154 1001.74723    0.00000   100%     -   15s
     0     0    0.00000    0  140 1001.74723    0.00000   100%     -   19s
H    0     0                     954.7141667    0.00000   100%     -   23s
     0     0    0.00000    0  148  954.71417    0.00000   100%     -   23s
H    0     0                     806.4604667    0.00000   100%     -   30s
     0     0    0.00000    0  161  806.46047    0.00000   100%     -   30s
     0     0    0.00000    0  161  806.46047    0.00000   100%     -   32s
H    0     0                     801.6411333    0.00000   100%     -   36s
H    0     0                     633.6814000    0.00000   100%     -   38s
     0     2    0.00000    0  146  633.68140    0.00000   100%     -   41s
H   31    38                     539.7724333    0.00000   100%   663   57s
H   35    38                     537.3500667    0.00000   100%   598   57s
H   36    38                     504.1445000    0.00000   100%   587   57s
    57    64    0.00000    9  258  504.14450    0.00000   100%   437   60s
   117   116    0.00000   15  322  504.14450    0.00000   100%   386   65s
   187   186    0.00000   22  256  504.14450    0.00000   100%   327   71s
   263   267    0.00000   33  275  504.14450    0.00000   100%   274   75s
   365   392    0.00000   48  256  504.14450    0.00000   100%   235   81s
   448   488    0.00000   59  275  504.14450    0.00000   100%   219   86s
H  559   552                     483.5541667    0.00000   100%   207   99s
H  559   552                     480.9262000    0.00000   100%   207   99s
H  561   552                     391.6799333    0.00000   100%   207   99s
H  564   551                     358.2152667    0.00000   100%   206   99s
   567   603    0.00000   73  265  358.21527    0.00000   100%   206  103s
H  619   610                     278.2664333    0.00000   100%   211  113s
H  620   610                     275.2198333    0.00000   100%   211  113s
H  624   604                     271.5952999    0.00000   100%   212  113s
   627   669    0.00000   75  261  271.59530    0.00000   100%   211  117s
   701   736    0.00000   84  194  271.59530    0.00000   100%   223  122s
   786   826    0.00000   87  186  271.59530    0.00000   100%   226  127s
   890   937    0.00000   98  185  271.59530    0.00000   100%   222  133s
  1016  1112    0.00000  113  180  271.59530    0.00000   100%   216  140s
  1206  1254    0.00000  131  199  271.59530    0.00000   100%   214  149s
H 1229  1254                     271.5356000    0.00000   100%   213  149s
H 1313  1254                     271.4848175    0.00000   100%   208  149s
  1353  1499    0.00000  140  185  271.48482    0.00000   100%   204  157s
  1616  1867    0.00000  163  162  271.48482    0.00000   100%   197  167s
  2006  2202    0.00000  214  155  271.48482    0.00000   100%   185  178s
  2354  2511    0.00000  232  206  271.48482    0.00000   100%   183  188s
  2669  2982    0.00000  252  192  271.48482    0.00000   100%   189  199s
  3150  3231    0.00000  276  207  271.48482    0.00000   100%   192  223s
H 3152  3231                     271.3900000    0.00000   100%   192  223s
H 3338  3231                     271.3899990    0.00000   100%   192  223s
  3407  3826    0.00000  279  142  271.39000    0.00000   100%   195  235s
H 3471  3826                     271.3690558    0.00000   100%   193  235s
  4006  4693    0.00000  343  143  271.36906    0.00000   100%   194  251s
  4880  5411    0.00000  491  143  271.36906    0.00000   100%   188  271s
  5598  6685    0.00000  603  139  271.36906    0.00000   100%   190  292s
  6986  7329    0.00000  913  145  271.36906    0.00000   100%   187  307s
  7727  7330    0.00000  453  161  271.36906    0.00000   100%   202  365s
  7729  7331  164.57933  420  129  271.36906    0.00000   100%   202  384s
  7730  7332    0.00000  355  251  271.36906    0.00000   100%   202  424s
  7731  7333   34.96340  552  314  271.36906    0.00000   100%   202  430s
  7732  7333  165.32887  966  159  271.36906    0.00000   100%   202  455s
  7733  7334    0.00000  170  327  271.36906    0.00000   100%   202  462s
  7734  7335   78.71033  391  164  271.36906    0.00000   100%   202  483s
  7735  7335    0.00000  493  341  271.36906    0.00000   100%   202  489s
  7736  7336  138.78450  152  153  271.36906    0.00000   100%   202  520s
  7737  7337   34.96340  605  148  271.36906    0.00000   100%   202  532s
  7738  7337  244.30860  386  658  271.36906    0.02781   100%   202  551s
  7739  7338  165.32887   38  560  271.36906    0.05560   100%   202  558s
  7740  7339   34.96340  316  257  271.36906    0.08655   100%   202  573s
  7741  7339   76.99657  387  250  271.36906    0.63470   100%   202  579s
  7742  7340   78.71033   60  535  271.36906    1.08239   100%   201  596s
  7743  7341  138.78450  397  457  271.36906    1.34607   100%   201  603s
  7744  7341  165.32887  124  254  271.36906    1.44882  99.5%   201  615s
  7745  7342   35.17330  772  562  271.36906    1.80866  99.3%   201  626s
  7746  7343   87.58277  146  548  271.36906    1.88073  99.3%   201  637s
  7747  7343  164.57933  590  445  271.36906    2.19504  99.2%   201  644s
  7748  7344   92.17700   22  540  271.36906    2.45668  99.1%   201  661s
H 7748  6976                     271.2793000    2.97742  98.9%   201  670s
  7750  6977    3.00700  779  762  271.27930    3.00700  98.9%   201  693s
  7751  6978    3.03263  975  340  271.27930    3.03263  98.9%   201  703s
  7752  6979  138.78450  643  238  271.27930    3.10958  98.9%   201  715s
  7753  6979  164.57933  273  327  271.27930    3.14699  98.8%   201  727s
  7754  6980   87.58277  117  540  271.27930    6.18969  97.7%   201  773s
  7755  6981   78.97973  468  545  271.27930    6.52244  97.6%   201  785s
  7756  6981   76.99657  635  642  271.27930    7.99032  97.1%   201  806s
  7757  6982   94.49557  204  784  271.27930    9.30284  96.6%   201  822s
  7758  6983  165.32887  349  871  271.27930   10.08218  96.3%   201  843s
  7759  6983   34.96340  615  851  271.27930   13.74218  94.9%   201  865s
  7760  6984  165.32887  568  861  271.27930   14.44348  94.7%   201  878s
  7761  6985   76.99657  106  758  271.27930   25.79811  90.5%   201  906s
  7762  6985   27.76731  981  779  271.27930   27.76731  89.8%   201  919s
  7763  6986  138.78450  111  714  271.27930   33.32790  87.7%   201  938s
  7764  6987   78.71033  115  901  271.27930   35.43798  86.9%   201  955s
  7765  6987   78.71033  430  878  271.27930   36.87076  86.4%   201  972s
  7766  6988  165.32887  589 1011  271.27930   39.45223  85.5%   201  989s
  7767  6989   78.71033  554  965  271.27930   41.68099  84.6%   201 1015s
  7768  6989   78.71033  351  962  271.27930   43.52175  84.0%   201 1033s
  7769  6990   85.17814  841  959  271.27930   46.59345  82.8%   201 1062s
  7770  6991  138.78450  898  983  271.27930   48.75560  82.0%   201 1080s
  7771  6991   50.72857   61 1058  271.27930   50.72857  81.3%   201 1105s
  7772  6992   82.90630  340 1110  271.27930   54.20044  80.0%   201 1126s
  7773  6993   55.88808  584 1110  271.27930   55.88808  79.4%   201 1154s
  7774  6993  125.00513  910 1079  271.27930   57.37032  78.9%   201 1170s
  7775  6994  184.72920  790 1103  271.27930   59.55104  78.0%   201 1196s
  7776  6995   61.70150  921 1095  271.27930   61.70150  77.3%   201 1214s
  7777  6995   67.18860  137 1076  271.27930   67.18860  75.2%   201 1245s
  7778  6996  110.47790  804 1074  271.27930   69.29182  74.5%   201 1260s
  7779  6997   78.71033  253 1095  271.27930   70.14221  74.1%   201 1282s
  7780  6997   78.71033  952 1100  271.27930   71.15551  73.8%   201 1295s
  7781  6998  113.80270  843 1094  271.27930   72.66652  73.2%   200 1317s
H 7781  6647                     271.2792992   72.66652  73.2%   200 1329s
  7782  6648  142.69603  866 1096  271.27930   74.24012  72.6%   200 1340s
  7783  6648   74.65002  230 1102  271.27930   74.65002  72.5%   200 1364s
  7784  6649  113.80270  799 1154  271.27930   75.94141  72.0%   200 1379s
  7785  6650   77.72434  528 1129  271.27930   77.72434  71.3%   200 1404s
  7786  6650   93.59963  227 1125  271.27930   78.56200  71.0%   200 1417s
  7787  6651  165.32887  852 1080  271.27930   79.67484  70.6%   200 1442s
  7788  6652   80.75957  352 1037  271.27930   80.75957  70.2%   200 1459s
  7789  6652   81.62986  515  983  271.27930   81.62986  69.9%   200 1482s
  7790  6653   82.50885   61  986  271.27930   82.50885  69.6%   200 1502s
  7791  6654  166.42207  681  983  271.27930   84.97801  68.7%   200 1521s
  7792  6654   86.43835  381 1064  271.27930   86.43835  68.1%   200 1533s
  7793  6655   88.74792  540 1009  271.27930   88.74792  67.3%   200 1554s
  7794  6656   91.01768  573 1041  271.27930   91.01768  66.4%   200 1567s
  7795  6656  164.57933  190 1049  271.27930   92.46550  65.9%   200 1589s
  7796  6657   93.75159  637  993  271.27930   93.75159  65.4%   200 1609s
  7797  6658   95.01625  152  981  271.27930   95.01625  65.0%   200 1626s
  7798  6658  165.32887  729 1130  271.27930   96.75063  64.3%   200 1640s
  7799  6659  165.32887  434 1123  271.27930   97.93671  63.9%   200 1663s
  7800  6660   99.15611  853 1095  271.27930   99.15611  63.4%   200 1676s
  7801  6660   99.74809  163 1118  271.27930   99.74809  63.2%   200 1689s
  7802  6661  100.63979  544 1179  271.27930  100.63979  62.9%   200 1704s
  7803  6662  165.32887  972 1202  271.27930  100.76448  62.9%   200 1716s
  7804  6662  138.78450  355 1198  271.27930  101.34416  62.6%   200 1731s
  7805  6663  101.55565    9 1138  271.27930  101.55565  62.6%   200 1739s
  7806  6664  101.83899  690 1169  271.27930  101.83899  62.5%   200 1751s
  7807  6664  101.90667  239 1177  271.27930  101.90667  62.4%   200 1760s
  7808  6665  173.11597    5 1181  271.27930  102.25590  62.3%   200 1770s
  7809  6666  102.32483  217 1184  271.27930  102.32483  62.3%   200 1780s
  7810  6666  102.59699  736 1190  271.27930  102.59699  62.2%   200 1793s
  7811  6667  102.64231  321 1207  271.27930  102.64231  62.2%   200 1802s
  7812  6668  102.75050   36 1182  271.27930  102.75050  62.1%   200 1816s
  7813  6668  138.78450  844 1204  271.27930  102.75964  62.1%   200 1825s
  7814  6669  102.76318  659 1187  271.27930  102.76318  62.1%   200 1834s
  7815  6670  102.76322  762 1204  271.27930  102.76322  62.1%   200 1844s
  7816  6670  164.57933  465 1205  271.27930  102.76333  62.1%   200 1853s
  7817  6671  102.76364  332 1208  271.27930  102.76364  62.1%   200 1862s
  7818  6672  102.77692  385 1188  271.27930  102.77692  62.1%   200 1875s
  7819  6672  138.78450  982 1189  271.27930  102.77692  62.1%   200 1883s
  7820  6673  244.88960   29 1188  271.27930  102.78455  62.1%   199 1897s
  7821  6674  102.79416  652 1204  271.27930  102.79416  62.1%   199 1906s
  7822  6674  202.84127  396 1216  271.27930  102.87091  62.1%   199 1916s
  7823  6675  164.57933  243 1219  271.27930  102.88926  62.1%   199 1925s
  7824  6676  102.91141  932 1214  271.27930  102.91141  62.1%   199 1933s
  7825  6676  164.57933   68 1215  271.27930  102.91943  62.1%   199 1940s
  7826  6677  102.93645  534 1218  271.27930  102.93645  62.1%   199 1949s
  7827  6678  102.93925  453 1221  271.27930  102.93925  62.1%   199 1956s
  7828  6678  164.57933  342 1224  271.27930  102.94016  62.1%   199 1966s
  7829  6679  164.57933  420 1225  271.27930  102.94020  62.1%   199 1974s
  7830  6680  102.99178  355 1216  271.27930  102.99178  62.0%   199 1985s
  7831  6680  102.99551  552 1227  271.27930  102.99551  62.0%   199 1993s
  7832  6681  165.32887  966 1220  271.27930  102.99554  62.0%   199 2003s
  7833  6682  102.99729  170 1227  271.27930  102.99729  62.0%   199 2012s
  7834  6682  103.01628  391 1225  271.27930  103.01628  62.0%   199 2021s
  7835  6683  103.01889  493 1232  271.27930  103.01889  62.0%   199 2030s
  7836  6684  138.78450  152 1231  271.27930  103.01903  62.0%   199 2051s
  7837  6684  103.01903  605 1235  271.27930  103.01903  62.0%   199 2059s
  7838  6685  244.30860  386 1232  271.27930  103.01903  62.0%   199 2070s
  7839  6686  165.32887   38 1234  271.27930  103.01903  62.0%   199 2079s
  7840  6686  103.01903  316 1231  271.27930  103.01903  62.0%   199 2086s
  7843  6690  138.78450  397  161  271.27930  103.01903  62.0%   245 2140s
  7845  6691  103.01903  772  161  271.27930  103.01903  62.0%   245 2154s
  7846  6692  103.01903  146  153  271.27930  103.01903  62.0%   245 2179s
  7847  6693  164.57933  590  448  271.27930  103.01903  62.0%   245 2187s
  7848  6693  103.01903   22  659  271.27930  103.01903  62.0%   245 2206s
  7849  6694  103.01903  159  686  271.27930  103.01903  62.0%   245 2219s
  7850  6695  103.01903  779  818  271.27930  103.01903  62.0%   245 2233s
  7851  6695  103.01903  975  943  271.27930  103.01903  62.0%   244 2253s
  7852  6696  138.78450  643  789  271.27930  130.03324  52.1%   244 2270s
  7853  6697  164.57933  273  797  271.27930  133.18140  50.9%   244 2279s
  7854  6697  151.53770  117  668  271.27930  151.53770  44.1%   244 2295s
  7855  6698  151.98558  468  630  271.27930  151.98558  44.0%   244 2303s
  7856  6699  166.01047  635  700  271.27930  166.01047  38.8%   244 2319s
  7857  6699  166.32704  204  745  271.27930  166.32704  38.7%   244 2327s
  7858  6700  176.23352  349  821  271.27930  176.23352  35.0%   244 2349s
  7859  6701  176.81883  615  826  271.27930  176.81883  34.8%   244 2358s
  7860  6701  185.59199  568  621  271.27930  185.59199  31.6%   244 2372s
  7861  6702  186.23351  106  686  271.27930  186.23351  31.3%   244 2381s
  7862  6703  193.27080  981  824  271.27930  193.27080  28.8%   244 2397s
  7863  6703  193.48844  111  827  271.27930  193.48844  28.7%   244 2406s
  7864  6704  198.63619  115  717  271.27930  198.63619  26.8%   244 2423s
  7865  6705  199.56911  430  734  271.27930  199.56911  26.4%   244 2433s
  7866  6705  204.68640  589  773  271.27930  204.68640  24.5%   244 2451s
  7867  6706  204.92969  554  852  271.27930  204.92969  24.5%   244 2461s
  7868  6707  209.23284  351  783  271.27930  209.23284  22.9%   244 2483s
  7869  6707  209.73262  841  808  271.27930  209.73262  22.7%   244 2491s
  7870  6708  213.57806  898  625  271.27930  213.57806  21.3%   244 2503s
  7871  6709  213.84238   61  633  271.27930  213.84238  21.2%   244 2512s
  7872  6709  216.53233  340  724  271.27930  216.53233  20.2%   244 2536s
  7873  6710  216.67499  584  830  271.27930  216.67499  20.1%   244 2546s
  7874  6711  220.08931  910  682  271.27930  220.08931  18.9%   244 2564s
  7875  6711  220.38912  790  739  271.27930  220.38912  18.8%   244 2576s
  7876  6712  234.44390  921  619  271.27930  234.44390  13.6%   244 2592s
  7877  6713  235.87923  137  601  271.27930  235.87923  13.0%   244 2597s
  7878  6713  236.28589  804  478  271.27930  236.28589  12.9%   244 2600s
  7880  6715  236.29160  952  480  271.27930  236.29160  12.9%   244 2607s
  7881  6715  244.52059  843  506  271.27930  244.52059  9.86%   244 2612s
  7883  6718  244.52059  230  161  271.27930  244.52059  9.86%   256 2677s
  7885  6719  244.52059  528  271  271.27930  244.52059  9.86%   256 2692s
  7886  6720  244.52059  227  741  271.27930  244.52059  9.86%   256 2696s
  7888  6723  244.52059  352  161  271.27930  244.52059  9.86%   258 2755s
  7890  6724  244.52059   61  285  271.27930  244.52059  9.86%   258 2763s
  7891  6725  244.52059  681  387  271.27930  244.52059  9.86%   258 2770s
  7893  6726  244.52059  540  674  271.27930  244.52059  9.86%   258 2776s
  7896  6730  244.52059  637  161  271.27930  244.52059  9.86%   263 2780s
  7898  6731  244.52059  729  333  271.27930  244.52059  9.86%   263 2787s
  7899  6732  244.52059  434  402  271.27930  244.52059  9.86%   263 2795s
  7901  6733  244.52059  163  707  271.27930  244.52059  9.86%   262 2802s
  7903  6735  244.52059  972  706  271.27930  244.52059  9.86%   262 2805s
  7906  6737  244.52059  690  640  271.27930  244.52059  9.86%   262 2812s
  7908  6738  244.52059    5  643  271.27930  244.52059  9.86%   262 2817s
  7910  6739  244.52059  736  643  271.27930  244.52059  9.86%   262 2820s
  7917  6743  247.44453   64  552  271.27930  244.52059  9.86%  70.5 2829s
  7923  6740  255.07997   65  606  271.27930  244.52059  9.86%  71.2 2835s
  7940  6734  261.68485   68  437  271.27930  244.52059  9.86%  73.4 2840s
  7955  6732  266.11631   71  525  271.27930  244.52059  9.86%  75.6 2846s
  7961  6729  269.87555   72  446  271.27930  244.52059  9.86%  76.4 2850s
  7984  6723     cutoff   76       271.27930  244.52059  9.86%  80.1 2855s
  8006  6717  244.52059   80  407  271.27930  244.52059  9.86%  82.2 2861s
  8027  6718  251.73415   83  305  271.27930  244.52059  9.86%  83.8 2865s
  8055  6721  265.07402   85  180  271.27930  244.52059  9.86%  84.9 2870s
  8109  6724  254.07140   94  324  271.27930  244.52059  9.86%  86.2 2876s
  8153  6723  254.10624   98  258  271.27930  244.52059  9.86%  86.9 2881s
  8188  6726  257.16874  103  201  271.27930  244.52059  9.86%  87.5 2886s
  8245  6736  258.92864  110  229  271.27930  244.52059  9.86%  87.8 2891s
  8310  6736  262.36300  117  192  271.27930  244.52059  9.86%  87.5 2896s
  8382  6762  266.49283  123  177  271.27930  244.52059  9.86%  87.6 2900s
  8492  6767  269.33429  129  150  271.27930  244.52059  9.86%  87.0 2906s
  8639  6769     cutoff  135       271.27930  244.52059  9.86%  86.2 2910s
  8770  6766  258.46409   89  313  271.27930  244.52059  9.86%  86.3 2915s
  8899  6764  265.89586   95  181  271.27930  244.52059  9.86%  85.8 2920s
  8994  6771  244.52059  120  160  271.27930  244.52059  9.86%  85.6 2925s
  9183  6841  244.82015  139  143  271.27930  244.52059  9.86%  84.5 2931s
  9528  6866  260.92662  191   78  271.27930  244.52059  9.86%  82.5 2937s
  9756  6906  266.83313  224   66  271.27930  244.52059  9.86%  81.4 2940s
 10211  6954  244.52059   96  258  271.27930  244.52059  9.86%  78.8 2947s
 10421  7049  244.52059  102  326  271.27930  244.52059  9.86%  78.1 2950s
 10973  7137  244.52059  114  196  271.27930  244.52059  9.86%  75.7 2957s
 11197  7145  245.10209  120  234  271.27930  244.52059  9.86%  75.0 2961s
 11419  7306  245.52673  127  229  271.27930  244.52059  9.86%  74.3 2965s
 12143  7661  254.44986  164  137  271.27930  244.52059  9.86%  72.0 2972s
 12598  7641  266.02726  199   74  271.27930  244.52059  9.86%  70.5 2977s
 12798  7920  269.70216  263   49  271.27930  244.52059  9.86%  69.8 2982s
 13343  8127  247.76571  112  153  271.27930  244.52059  9.86%  68.6 2987s
 13984  8411  253.36233  106  206  271.27930  244.52059  9.86%  67.0 2992s
 14690  8789  256.95295  117   84  271.27930  244.52059  9.86%  65.2 3005s
 15971  8837  248.52986  139  110  271.27930  244.52059  9.86%  62.3 3010s
 16621  8991  268.59303  148   95  271.27930  244.52059  9.86%  61.2 3016s
 17405  9425  259.52451  114  223  271.27930  244.52059  9.86%  60.2 3022s
 17914  9636  244.52059  107  232  271.27930  244.52059  9.86%  59.4 3026s
 18966 10138  250.61184  109  113  271.27930  244.52059  9.86%  57.9 3033s
 19624 10093  244.52059  109  198  271.27930  244.52059  9.86%  56.8 3036s
 20294 10369     cutoff  117       271.27930  244.52059  9.86%  56.1 3043s
 20559 10402  267.55623  123  239  271.27930  244.52059  9.86%  55.9 3047s
 20747 10957  270.45204  129  251  271.27930  244.52059  9.86%  55.6 3052s
 21576 11450  257.85712  201   75  271.27930  244.52059  9.86%  54.5 3057s
 22590 11736  261.74441  162  132  271.27930  244.52059  9.86%  53.4 3062s
 23472 12001  262.78409  148  125  271.27930  244.52059  9.86%  52.3 3067s
 24269 12285     cutoff  147       271.27930  244.52059  9.86%  51.6 3072s
 24988 12816  266.47995  251   58  271.27930  244.52059  9.86%  50.9 3077s
 26010 12984  264.96945  154  130  271.27930  244.52059  9.86%  50.0 3082s
 26761 13640  254.37979  151  136  271.27930  244.52059  9.86%  49.6 3088s
 27970 14058  264.47842  324   63  271.27930  244.52059  9.86%  48.5 3094s
 29131 14006  247.97291  130  161  271.27930  244.52059  9.86%  47.5 3120s
 29133 14007  269.41121  286  236  271.27930  244.52059  9.86%  47.5 3127s
 29134 14008  255.06851  147  336  271.27930  244.52059  9.86%  47.5 3136s
 29136 14009  264.18783  199  626  271.27930  244.52059  9.86%  47.5 3141s
 29139 14011  249.06166  142  654  271.27930  244.52059  9.86%  47.5 3146s
 29142 14013  257.34018  246  637  271.27930  244.52059  9.86%  47.5 3150s
 29147 14017  255.43636  147  549  271.27930  244.52059  9.86%  47.5 3155s
 29150 14019  254.39088  151  684  271.27930  244.52059  9.86%  47.5 3161s
 29153 14021  261.35685  224  637  271.27930  244.52059  9.86%  47.5 3166s
 29156 14023  269.41622  193  629  271.27930  244.52059  9.86%  47.5 3171s
 29160 14025  271.26831  226  665  271.27930  244.52059  9.86%  47.5 3176s
 29163 14027  267.35397  136  540  271.27930  244.52059  9.86%  47.5 3181s
 29167 14030  266.84635  127  575  271.27930  244.52059  9.86%  47.5 3187s
 29170 14032  256.43893  168  584  271.27930  244.52059  9.86%  47.5 3190s
 29172 14033  257.62964  158  612  271.27930  244.52059  9.86%  47.5 3195s
 29179 14038  259.26686  224  581  271.27930  244.52059  9.86%  47.4 3201s
 29182 14040  266.84635  127  577  271.27930  244.52059  9.86%  47.4 3206s
 29183 14041  266.80535  209  602  271.27930  244.52059  9.86%  47.4 3210s
 29186 14043  265.92611  191  596  271.27930  244.52059  9.86%  47.4 3216s
 29191 14046  261.97293  163  663  271.27930  244.52059  9.86%  47.4 3222s
 29194 14048  256.36660  195  643  271.27930  244.52059  9.86%  47.4 3228s
 29196 14049  259.73477  190  608  271.27930  244.52059  9.86%  47.4 3230s
 29199 14051  266.96635  218  645  271.27930  244.52059  9.86%  47.4 3235s
 29204 14055  255.29971  154  635  271.27930  244.52059  9.86%  47.4 3242s
 29208 14057  263.25767  198  652  271.27930  244.52059  9.86%  47.4 3245s
 29215 14062  260.92410  175  720  271.27930  244.52059  9.86%  47.4 3250s
 29219 14065  249.90806  144  723  271.27930  244.52059  9.86%  47.4 3255s
 29223 14067  270.35003  342  629  271.27930  244.52059  9.86%  47.4 3260s
 29229 14071  269.16087  218  628  271.27930  244.52059  9.86%  47.4 3266s
 29232 14073  255.64602  122  696  271.27930  244.52059  9.86%  47.4 3270s
 29235 14075  264.56615  189  639  271.27930  244.52059  9.86%  47.3 3275s
 29238 14077  270.01803  324  570  271.27930  244.52059  9.86%  47.3 3280s
 29241 14079  270.12841  125  688  271.27930  244.52059  9.86%  47.3 3285s
 29246 14083  268.07994  238  703  271.27930  244.52059  9.86%  47.3 3291s
 29250 14085  254.39088  151  702  271.27930  244.52059  9.86%  47.3 3296s
 29255 14089  263.41572  129  650  271.27930  244.52059  9.86%  47.3 3300s
 29258 14091  257.63904  244  667  271.27930  244.52059  9.86%  47.3 3305s
 29261 14093  260.83222  175  644  271.27930  244.52059  9.86%  47.3 3311s
 29264 14095  254.92767  156  645  271.27930  244.52059  9.86%  47.3 3316s
 29267 14097  266.84635  127  658  271.27930  244.52059  9.86%  47.3 3320s
 29270 14099  256.43893  168  649  271.27930  244.52059  9.86%  47.3 3326s
 29272 14100  257.62964  158  647  271.27930  244.52059  9.86%  47.3 3330s
 29276 14103  260.93234  193  666  271.27930  244.52059  9.86%  47.3 3336s
 29279 14105  259.26686  224  665  271.27930  244.52059  9.86%  47.3 3341s
 29282 14107  266.84635  127  667  271.27930  244.52059  9.86%  47.3 3345s
 29285 14109  244.83873  121  671  271.27930  244.52059  9.86%  47.3 3350s
 29289 14111  267.20346  179  692  271.27930  244.52059  9.86%  47.3 3356s
 29292 14113  256.76123  143  677  271.27930  244.52059  9.86%  47.3 3361s
 29296 14116  259.73477  190  695  271.27930  244.52059  9.86%  47.3 3365s
 29299 14118  266.96635  218  697  271.27930  244.52059  9.86%  47.2 3370s
 29303 14121  254.42555  187  644  271.27930  244.52059  9.86%  47.2 3377s
 29305 14122  269.08828  325  702  271.27930  244.52059  9.86%  47.2 3381s
 29308 14124  263.25767  198  713  271.27930  244.52059  9.86%  47.2 3386s
 29310 14125  253.77659  145  703  271.27930  244.52059  9.86%  47.2 3391s
 29312 14128  244.52059   71  503  271.27930  244.52059  9.86%  50.2 3398s
 29314 14127  244.52059   72  500  271.27930  244.52059  9.86%  50.5 3401s
 29316 14126  244.52059   73  428  271.27930  244.52059  9.86%  50.6 3405s
 29318 14126  244.52059   74  411  271.27930  244.52059  9.86%  50.6 3413s
 29322 14126  244.52059   76  345  271.27930  244.52059  9.86%  50.9 3422s
 29328 14126  244.52059   78  303  271.27930  244.52059  9.86%  51.1 3425s
 29347 14121  244.52059   81  278  271.27930  244.52059  9.86%  51.5 3430s
 29367 14119  244.52059   84  254  271.27930  244.52059  9.86%  51.8 3435s
 29410 14126     cutoff   88       271.27930  244.52059  9.86%  52.1 3440s
 29455 14142     cutoff   90       271.27930  244.52059  9.86%  52.2 3445s
 29531 14156  244.52059   95  103  271.27930  244.52059  9.86%  52.3 3450s
 29617 14164  244.52059  100  130  271.27930  244.52059  9.86%  52.4 3455s
 29727 14166  244.52059  107   95  271.27930  244.52059  9.86%  52.5 3465s
 29859 14177  249.65337  113   78  271.27930  244.52059  9.86%  52.6 3470s
 29984 14194  244.52059  124   79  271.27930  244.52059  9.86%  52.6 3475s
 30110 14209  248.29684  135  116  271.27930  244.52059  9.86%  52.6 3481s
 30221 14224  255.17173  144  101  271.27930  244.52059  9.86%  52.7 3486s
 30378 14247  257.28059  156   70  271.27930  244.52059  9.86%  52.7 3491s
 30599 14303  264.03723  177   39  271.27930  244.52059  9.86%  52.6 3496s
 30825 14321  266.63605  202   41  271.27930  244.52059  9.86%  52.5 3502s
 30975 14313  268.67195  230   51  271.27930  244.52059  9.86%  52.4 3505s
 31229 14315  260.96214  146   38  271.27930  244.52059  9.86%  52.3 3511s
 31466 14388  262.29701  194   37  271.27930  244.52059  9.86%  52.2 3515s
 31991 14503  267.68435  308   35  271.27930  244.57508  9.84%  51.7 3521s
 32331 14414  248.71574  103  228  271.27930  244.63006  9.82%  51.4 3533s
 32369 14562  248.73599  105  225  271.27930  244.63006  9.82%  51.3 3537s
 32715 14564  248.74677  108  173  271.27930  244.63006  9.82%  51.0 3541s
 33355 14776     cutoff  147       271.27930  244.83873  9.75%  50.7 3548s
 33790 14904  249.93852  107  148  271.27930  244.83873  9.75%  50.4 3552s
 34327 15079  260.40866  177   73  271.27930  244.83873  9.75%  49.8 3556s
 35501 15265  253.94645  137  175  271.27930  244.92238  9.72%  49.1 3562s
 36003 15239  267.81001  215   60  271.27930  245.56177  9.48%  48.9 3567s
 36306 15311     cutoff  118       271.27930  245.85204  9.37%  48.9 3571s
 37118 15751  261.59705  121  101  271.27930  245.90787  9.35%  48.4 3578s
 37759 15999     cutoff  156       271.27930  246.59963  9.10%  48.1 3583s
 38463 16141  265.67064  103  233  271.27930  246.63826  9.08%  47.8 3588s
 39076 16384  261.77544   99  307  271.27930  247.14942  8.89%  47.6 3593s
 39744 16942  269.44500  156   53  271.27930  247.25559  8.86%  47.4 3600s
 40958 17473  261.12751  183   67  271.27930  248.21555  8.50%  46.7 3607s
 42349 17545  268.20052  216   89  271.27930  248.31788  8.46%  45.9 3613s
 43256 17868 infeasible  114       271.27930  249.15513  8.16%  45.6 3619s
 44115 18730  269.35867  111   94  271.27930  249.53265  8.02%  45.4 3917s
 45910 18502  264.94075  150   58  271.27930  250.35629  7.71%  44.8 3922s
 46547 18495     cutoff  152       271.27930  250.35629  7.71%  44.6 3927s
 46851 18986  265.23584  188   51  271.27930  250.84500  7.53%  44.4 3932s
 47795 19304  262.42839  121   82  271.27930  251.59061  7.26%  44.1 3938s
 48776 19551  259.79932  121   80  271.27930  251.97102  7.12%  43.7 3943s
 49661 20066  265.08859  137  105  271.27930  252.02995  7.10%  43.4 3949s
 50810 20120     cutoff  134       271.27930  252.27278  7.01%  43.0 3954s
 51524 20029  270.29506  158   62  271.27930  252.42247  6.95%  42.8 3964s
 51728 20864  271.19787  201   65  271.27930  252.53438  6.91%  42.7 3971s
 52995 21220  257.94511  114   77  271.27930  252.69798  6.85%  42.2 3977s
 54170 21408     cutoff  149       271.27930  252.90755  6.77%  41.7 3982s
 55090 21819  262.35872  134   69  271.27930  253.19564  6.67%  41.5 3988s
 56157 22050  268.12363  238   55  271.27930  253.34577  6.61%  41.1 3993s
 57070 22284  264.77454  124   81  271.27930  253.69912  6.48%  40.8 3999s
 57916 22337  261.82367  138  101  271.27930  253.97880  6.38%  40.6 4003s
 58455 22576  265.71994  142  100  271.27930  253.97976  6.38%  40.5 4008s
 59092 23602  256.24431  130  104  271.27930  254.03653  6.36%  40.5 4028s
 60894 23417  265.78277  129   78  271.27930  254.46750  6.20%  40.0 4033s
 61511 24024  268.99837  124  139  271.27930  254.50208  6.18%  39.8 4040s
 62618 24283  266.33871  140   94  271.27930  254.60912  6.15%  39.5 4045s
 63517 24520  259.39152  132   75  271.27930  254.67297  6.12%  39.3 4050s
 64351 24913  262.20476  119   79  271.27930  254.75216  6.09%  39.2 4055s
 65297 25393  257.40696  129   91  271.27930  254.80306  6.07%  39.0 4061s
 66389 25611  269.11638  162  113  271.27930  254.87519  6.05%  38.6 4066s
 67321 26000  266.58583  136   65  271.27930  254.91254  6.03%  38.4 4072s
 68351 26379  264.30477  131   57  271.27930  255.05507  5.98%  38.1 4078s
 69389 26667  269.59324  138   63  271.27930  255.13811  5.95%  37.8 4083s
 70283 27027  270.47155  190   74  271.27930  255.22332  5.92%  37.6 4089s
 71237 27275     cutoff  134       271.27930  255.24680  5.91%  37.4 4094s
 71990 27793  260.46343  130   73  271.27930  255.34719  5.87%  37.2 4099s
 72935 28447  267.82104  178  104  271.27930  255.34719  5.87%  37.0 4104s
 73831 29549     cutoff  186       271.27930  255.43210  5.84%  36.8 4121s
 75489 30226  261.20695  126   90  271.27930  255.51390  5.81%  36.5 4125s
 77086 31411  262.89721  149   80  271.27930  255.57083  5.79%  36.2 4134s
 78014 32151  269.74829  264   70  271.27930  255.58844  5.78%  36.0 4140s
 79050 32800  267.88481  198   99  271.27930  255.63141  5.77%  35.8 4145s
 79968 32833  266.87098  163   73  271.27930  255.64557  5.76%  35.6 4150s
 80714 33865  263.32431  186   55  271.27930  255.70293  5.74%  35.5 4159s
 81500 34469  261.56650  142  100  271.27930  255.77458  5.72%  35.4 4164s
 82305 35256  269.10617  159   81  271.27930  255.82849  5.70%  35.3 4169s
 83358 35788  262.67676  136   78  271.27930  255.86939  5.68%  35.1 4174s
 84086 35988     cutoff  148       271.27930  255.90277  5.67%  35.0 4178s
 84427 36521  266.08904  143   99  271.27930  255.92622  5.66%  35.0 4183s
 85172 37144  269.85990  225   41  271.27930  256.00081  5.63%  34.9 4188s
 86069 37982  269.86017  232   54  271.27930  256.03955  5.62%  34.8 4194s
 87182 38645  265.80077  212   63  271.27930  256.09693  5.60%  34.6 4200s
 88111 39246  267.86714  177   49  271.27930  256.15579  5.57%  34.4 4205s
 89023 40321  257.60224  140  101  271.27930  256.20570  5.56%  34.3 4221s
 90659 40960  270.06827  162   86  271.27930  256.24938  5.54%  34.0 4226s
 91626 41556  269.97897  260   44  271.27930  256.30099  5.52%  33.9 4230s
 92445 41990  269.60015  206   54  271.27930  256.34060  5.51%  33.7 4235s
 93797 43062  270.05330  151   70  271.27930  256.39970  5.48%  33.7 4244s
 94780 43630     cutoff  140       271.27930  256.46918  5.46%  33.5 4249s
 95601 44238  263.80398  146   65  271.27930  256.51753  5.44%  33.4 4255s
 96529 44246  269.62828  202   48  271.27930  256.53451  5.44%  33.3 4262s
 96541 44813  269.63019  203   41  271.27930  256.55369  5.43%  33.3 4267s
 97356 45241  260.75936  136   93  271.27930  256.57585  5.42%  33.2 4271s
 98017 45834     cutoff  127       271.27930  256.62650  5.40%  33.2 4277s
 98858 46311  265.83260  145   63  271.27930  256.67460  5.38%  33.1 4282s
 99575 47127  266.23611  146   77  271.27930  256.71922  5.37%  33.1 4288s
 100667 47800  266.85430  244   37  271.27930  256.74768  5.36%  32.9 4294s
 101696 48198     cutoff  139       271.27930  256.77430  5.35%  32.7 4298s
 102303 48640     cutoff  201       271.27930  256.81472  5.33%  32.7 4303s
 102953 49122  259.34142  131   93  271.27930  256.82810  5.33%  32.6 4308s
 103663 49707     cutoff  176       271.27930  256.85852  5.32%  32.6 4325s
 104643 50609  270.48531  156   47  271.27930  256.90246  5.30%  32.5 4333s
 105913 51214  264.68557  155   75  271.27930  256.93344  5.29%  32.4 4339s
 106848 51701     cutoff  201       271.27930  256.96957  5.27%  32.3 4344s
 107568 52354     cutoff  121       271.27930  257.00090  5.26%  32.2 4351s
 108474 52955  261.80795  157   55  271.27930  257.02675  5.25%  32.1 4357s
 109442 53652     cutoff  151       271.27930  257.06426  5.24%  32.0 4363s
 110399 54307  269.90604  153   65  271.27930  257.06426  5.24%  31.9 4369s
 111357 54952  269.00989  201   87  271.27930  257.08100  5.23%  31.8 4375s
 112278 55420  267.85282  136   90  271.27930  257.11620  5.22%  31.8 4380s
 112970 56107  265.90369  126   83  271.27930  257.15657  5.21%  31.7 4387s
 113969 56761  261.37848  208   60  271.27930  257.19565  5.19%  31.6 4393s
 114888 57369  264.21261  182   64  271.27930  257.20859  5.19%  31.5 4399s
 115745 57917     cutoff  134       271.27930  257.22754  5.18%  31.4 4404s
 116485 58720  261.00242  163   56  271.27930  257.25958  5.17%  31.4 4411s
 117603 59366  266.98736  208   27  271.27930  257.26450  5.17%  31.3 4417s
 118516 60505  268.22491  212   48  271.27930  257.28241  5.16%  31.2 4436s
 120093 61189  265.75891  148   75  271.27930  257.30380  5.15%  31.0 4441s
 121077 61750  268.71940  174   48  271.27930  257.32132  5.15%  30.9 4445s
 121890 61827     cutoff  133       271.27930  257.33183  5.14%  30.8 4452s
 122008 62379  261.39655  127   64  271.27930  257.33211  5.14%  30.8 4457s
 122826 62656  266.15635  167   66  271.27930  257.34118  5.14%  30.7 4461s
 123197 63141  269.71434  160   85  271.27930  257.34118  5.14%  30.7 4465s
 123897 63819  263.10046  130   83  271.27930  257.35833  5.13%  30.6 4471s
 124862 64582  269.11952  173   65  271.27930  257.37454  5.13%  30.5 4478s
 125877 65347     cutoff  216       271.27930  257.38066  5.12%  30.4 4484s
 126935 66033  261.83793  129   85  271.27930  257.39689  5.12%  30.3 4490s
 127880 66729  265.96374  140   62  271.27930  257.41667  5.11%  30.2 4496s
 128827 67325  266.02188  236   54  271.27930  257.42459  5.11%  30.1 4501s
 129640 67829  267.90650  255   47  271.27930  257.44195  5.10%  30.1 4507s
 130445 68588  262.28460  136   57  271.27930  257.46644  5.09%  30.0 4513s
 131453 69178  271.19813  148   77  271.27930  257.46712  5.09%  29.9 4519s
 132278 69954  268.63181  159   55  271.27930  257.47165  5.09%  29.8 4525s
 133301 71107  266.98413  164   72  271.27930  257.47553  5.09%  29.7 4543s
 134810 71608  260.51843  131   74  271.27930  257.48214  5.09%  29.6 4547s
 135506 72134     cutoff  202       271.27930  257.49677  5.08%  29.6 4551s
 136223 72785  265.89321  188   83  271.27930  257.51473  5.07%  29.5 4556s
 137111 73265  270.47020  146   81  271.27930  257.52190  5.07%  29.5 4561s
 137820 73877  269.55515  157   65  271.27930  257.54385  5.06%  29.4 4567s
 138653 74416  264.62029  200   73  271.27930  257.55123  5.06%  29.4 4573s
 139397 74912  270.86291  243   31  271.27930  257.55700  5.06%  29.3 4578s
 140101 75472  268.37391  173  106  271.27930  257.57374  5.05%  29.3 4584s
 140886 76250     cutoff  282       271.27930  257.58533  5.05%  29.3 4590s
 141900 77060  268.19108  244   76  271.27930  257.59279  5.05%  29.2 4597s
 143019 77623  266.62844  198   54  271.27930  257.60223  5.04%  29.1 4603s
 143898 78098  263.30964  179  107  271.27930  257.60493  5.04%  29.1 4609s
 144626 78632  270.74392  170   57  271.27930  257.60496  5.04%  29.1 4615s
 145485 79043  266.87125  160  117  271.27930  257.62279  5.03%  29.0 4620s
 146100 79101  270.86804  159   57  271.27930  257.62331  5.03%  29.0 4630s
 146184 79777  270.94329  160   59  271.27930  257.62566  5.03%  29.0 4636s
 147173 80429  259.00734  146  102  271.27930  257.63669  5.03%  28.9 4642s
 147986 81425  262.53976  245   45  271.27930  257.63890  5.03%  28.9 4662s
 149367 82161  263.41588  164   99  271.27930  257.66453  5.02%  28.8 4668s
 150296 82815  269.31732  141   68  271.27930  257.67312  5.02%  28.7 4674s
 151217 83398  265.92165  258   46  271.27930  257.68429  5.01%  28.7 4679s
 152063 83980  265.82300  197   58  271.27930  257.69758  5.01%  28.6 4684s
 152805 84476  265.67121  191   77  271.27930  257.69986  5.01%  28.6 4689s
 153530 85075  261.60648  175   88  271.27930  257.70338  5.00%  28.5 4695s
 154371 85498  270.08557  294   38  271.27930  257.70837  5.00%  28.5 4700s
 155015 86168  264.36493  142   77  271.27930  257.73511  4.99%  28.5 4707s
 155965 86731  263.21874  159   64  271.27930  257.74720  4.99%  28.4 4713s
 156808 87356  266.60215  167  131  271.27930  257.75084  4.99%  28.3 4718s
 157654 87943  267.01834  191   30  271.27930  257.75377  4.99%  28.3 4724s
 158448 88445  268.35654  180   91  271.27930  257.76564  4.98%  28.2 4729s
 159197 88764     cutoff  147       271.27930  257.78329  4.97%  28.2 4734s
 159749 89211     cutoff  120       271.27930  257.79966  4.97%  28.2 4740s
 160457 89914     cutoff  150       271.27930  257.81062  4.96%  28.2 4746s
 161378 90405  259.66111  130   79  271.27930  257.81592  4.96%  28.1 4751s
 162074 91036  269.04881  157   99  271.27930  257.82299  4.96%  28.1 4757s
 163021 91798  259.64825  122   68  271.27930  257.83146  4.96%  28.0 4773s
 164123 92418  267.69297  226   59  271.27930  257.84497  4.95%  28.0 4778s
 165036 93032  259.75567  152   83  271.27930  257.85922  4.95%  28.0 4784s
 165863 93787  267.52690  239   90  271.27930  257.86926  4.94%  27.9 4791s
 166925 94530  266.27974  146   81  271.27930  257.87762  4.94%  27.9 4798s
 167894 95193     cutoff  142       271.27930  257.87917  4.94%  27.8 4805s
 168810 95950  266.26092  144   51  271.27930  257.88268  4.94%  27.8 4812s
 169872 96502  268.67342  193   75  271.27930  257.88525  4.94%  27.7 4818s
 170693 97069  267.29529  173   46  271.27930  257.89798  4.93%  27.7 4824s
 171487 97751  270.64590  166   90  271.27930  257.89807  4.93%  27.6 4830s
 172422 98163  262.73433  144   62  271.27930  257.89807  4.93%  27.6 4836s
 173039 98747  258.44378  120   93  271.27930  257.89807  4.93%  27.6 4841s
 173818 99204  269.03612  296   49  271.27930  257.91313  4.93%  27.5 4847s
 174530 99946     cutoff  165       271.27930  257.92937  4.92%  27.5 4854s
 175584 100582  270.62777  227   65  271.27930  257.94576  4.92%  27.5 4860s
 176505 101182  261.92087  148   77  271.27930  257.96083  4.91%  27.4 4865s
 177312 101929  268.57756  186   63  271.27930  257.97268  4.91%  27.4 4871s
 178305 102688  269.75385  251   46  271.27930  257.98315  4.90%  27.3 4888s
 179430 102705     cutoff  220       271.27930  257.99271  4.90%  27.3 4900s
 179465 103209  268.42952  225   65  271.27930  257.99754  4.90%  27.3 4907s
 180262 103713  258.34137  129   96  271.27930  258.01866  4.89%  27.3 4913s
 181050 104500  265.69589  132   91  271.27930  258.03713  4.88%  27.3 4921s
 182145 105034  264.08047  123  118  271.27930  258.05355  4.88%  27.3 4928s
 182996 105675  264.27962  199   51  271.27930  258.06829  4.87%  27.3 4935s
 183927 106280  265.31439  176   51  271.27930  258.08287  4.86%  27.2 4942s
 184828 107007  260.74093  143   91  271.27930  258.10503  4.86%  27.2 4950s
 185861 107615  262.77721  138   76  271.27930  258.12832  4.85%  27.2 4957s
 186745 108348  263.74393  125   64  271.27930  258.13970  4.84%  27.2 4964s
 187680 109327  261.61619  194   63  271.27930  258.14803  4.84%  27.1 4973s
 188992 110112  260.17000  141   46  271.27930  258.15593  4.84%  27.0 4980s
 190026 110931  263.99364  131   70  271.27930  258.16302  4.83%  27.0 4988s
 191081 111557  263.85665  155   45  271.27930  258.17100  4.83%  27.0 4995s
 192036 112085  262.26171  149   71  271.27930  258.17717  4.83%  26.9 5001s
 192829 112821  269.34693  171   68  271.27930  258.18039  4.83%  26.9 5019s
 193919 113449     cutoff  166       271.27930  258.18708  4.83%  26.9 5026s
 194810 114112  264.13128  150   59  271.27930  258.21039  4.82%  26.9 5033s
 195711 114813  267.86124  167   61  271.27930  258.21470  4.82%  26.8 5041s
 196688 115383  268.14087  198   63  271.27930  258.22443  4.81%  26.8 5047s
 197505 115995  267.74186  187   96  271.27930  258.23413  4.81%  26.8 5054s
 198355 116558  268.68750  168   81  271.27930  258.25180  4.80%  26.8 5060s
 199156 117121  270.94236  170   74  271.27930  258.26392  4.80%  26.7 5066s
 199931 117674  264.36542  180   92  271.27930  258.28309  4.79%  26.7 5073s
 200801 118276  266.26264  157  100  271.27930  258.29102  4.79%  26.7 5080s
 201661 118928  258.39616  132   86  271.27930  258.30011  4.78%  26.7 5086s
 202526 119701  270.82738  182   38  271.27930  258.31470  4.78%  26.7 5092s
 203536 120355  266.95386  166   85  271.27930  258.31601  4.78%  26.6 5098s
 204441 120944  261.16137  146   99  271.27930  258.32089  4.78%  26.6 5103s
 205276 121541     cutoff  155       271.27930  258.32650  4.77%  26.6 5110s
 206189 122063  269.88072  280   72  271.27930  258.33102  4.77%  26.5 5117s
 207011 122615  269.88010  170   54  271.27930  258.34207  4.77%  26.5 5123s
 207813 123359  264.61304  143   75  271.27930  258.35401  4.76%  26.5 5142s
 208955 123368  267.01099  174   71  271.27930  258.37109  4.76%  26.5 5153s
 208980 124266  267.06003  175   77  271.27930  258.37130  4.76%  26.5 5162s
 210193 124891  264.43368  159   70  271.27930  258.37333  4.76%  26.4 5169s
 211079 125502  262.86626  141   94  271.27930  258.39616  4.75%  26.4 5176s
 211879 125904  264.13188  157   58  271.27930  258.39699  4.75%  26.4 5181s
 212412 126477  267.56510  280   47  271.27930  258.40160  4.75%  26.3 5186s
 213232 127146  268.52051  169   65  271.27930  258.42768  4.74%  26.3 5193s
 214169 127749  270.81621  131   74  271.27930  258.43500  4.73%  26.3 5198s
 215053 128331  270.96096  153   72  271.27930  258.44378  4.73%  26.3 5204s
 215849 128968  269.08251  204   52  271.27930  258.44696  4.73%  26.2 5211s
 216812 129313  270.46647  251   35  271.27930  258.45108  4.73%  26.2 5217s
 217408 129918  268.72027  158   75  271.27930  258.46076  4.73%  26.2 5224s
 218281 130578  259.91647  148   63  271.27930  258.47234  4.72%  26.2 5231s
 219198 131107  265.18558  153   99  271.27930  258.48586  4.72%  26.1 5237s
 219987 131449  264.26005  157   80  271.27930  258.49241  4.71%  26.1 5243s
 220621 131993  271.04497  183   54  271.27930  258.49901  4.71%  26.1 5250s
 221431 132408  270.52545  149   66  271.27930  258.51133  4.71%  26.1 5256s
 222113 132933  268.75112  160  109  271.27930  258.51405  4.71%  26.1 5263s
 222895 133736  260.48706  135   66  271.27930  258.53490  4.70%  26.1 5283s
 224004 134484  263.79701  137  109  271.27930  258.54376  4.69%  26.1 5291s
 225013 134988  268.65655  152   79  271.27930  258.54901  4.69%  26.1 5298s
 225813 135601  261.53437  137   60  271.27930  258.55940  4.69%  26.0 5305s
 226682 136209  262.92806  155   69  271.27930  258.57790  4.68%  26.0 5312s
 227572 136887  265.71627  143  101  271.27930  258.58525  4.68%  26.0 5320s
 228509 137386  270.97150  160   89  271.27930  258.59069  4.68%  26.0 5326s
 229268 138045  268.77968  184   57  271.27930  258.59876  4.67%  26.0 5334s
 230234 138679  263.28843  125   70  271.27930  258.60098  4.67%  25.9 5342s
 231140 139425  264.18849  137   65  271.27930  258.60540  4.67%  25.9 5350s
 232195 139963  263.57351  136   85  271.27930  258.61215  4.67%  25.9 5357s
 233033 140545  265.68144  125   64  271.27930  258.61897  4.67%  25.9 5364s
 233828 141240  266.58634  181   55  271.27930  258.62211  4.67%  25.9 5371s
 234792 141846  259.59908  138   82  271.27930  258.62501  4.66%  25.8 5378s
 235667 142316  270.79586  163   88  271.27930  258.63539  4.66%  25.8 5385s
 236459 142835  263.40844  156   61  271.27930  258.65047  4.66%  25.8 5392s
 237247 143454  261.87854  145   60  271.27930  258.66900  4.65%  25.8 5399s
 238076 144226  269.00535  291   64  271.27930  258.67485  4.65%  25.8 5416s
 239230 144549  269.94495  150   56  271.27930  258.68646  4.64%  25.7 5421s
 239772 145074  268.72718  137   63  271.27930  258.69247  4.64%  25.7 5427s
 240650 145774  270.96062  151   63  271.27930  258.70176  4.64%  25.7 5435s
 241666 146389  266.99905  150   64  271.27930  258.70913  4.63%  25.7 5444s
 242666 146964  259.31960  131   61  271.27930  258.71179  4.63%  25.7 5451s
 243543 147435  266.91713  146   65  271.27930  258.71705  4.63%  25.7 5459s
 244342 147651  259.34476  133   65  271.27930  258.71975  4.63%  25.7 5467s
 244687 148354  259.46525  134   93  271.27930  258.72255  4.63%  25.7 5475s
 245771 149064     cutoff  151       271.27930  258.73127  4.63%  25.7 5484s
 246774 149814  270.17235  157   86  271.27930  258.74290  4.62%  25.7 5493s
 247846 150315  269.77329  153   71  271.27930  258.74862  4.62%  25.7 5501s
 248682 151009  261.57856  149   85  271.27930  258.75412  4.62%  25.7 5508s
 249694 151603     cutoff  172       271.27930  258.76606  4.61%  25.6 5515s
 250550 152228  267.08868  159   71  271.27930  258.77860  4.61%  25.6 5521s
 251426 152875  271.13868  213   56  271.27930  258.78218  4.61%  25.6 5528s
 252411 153609  267.97279  154   42  271.27930  258.79736  4.60%  25.6 5536s
 253491 154557  267.84852  170   64  271.27930  258.80650  4.60%  25.6 5557s
 254778 155231  266.65029  197   73  271.27930  258.80918  4.60%  25.5 5565s
 255767 155672  269.40791  148   67  271.27930  258.81367  4.60%  25.5 5572s
 256537 156254  264.95906  137   56  271.27930  258.81958  4.59%  25.5 5579s
 257417 156837  269.82743  183   20  271.27930  258.82252  4.59%  25.5 5587s
 258262 157379  267.97406  178   74  271.27930  258.82472  4.59%  25.5 5594s
 259025 157948  264.75072  210  115  271.27930  258.82621  4.59%  25.4 5602s
 259904 158558  269.79887  175   59  271.27930  258.82621  4.59%  25.4 5610s
 260845 158921     cutoff  226       271.27930  258.83961  4.59%  25.4 5616s
 261570 159471     cutoff  134       271.27930  258.85895  4.58%  25.4 5624s
 262421 159885  269.30921  180   67  271.27930  258.86573  4.58%  25.4 5631s
 263076 159943  260.18073  122  106  271.27930  258.87013  4.57%  25.4 5638s
 263180 160570  265.73513  147   80  271.27930  258.87100  4.57%  25.4 5647s
 264171 161107  261.46725  149   83  271.27930  258.87762  4.57%  25.4 5654s
 264962 161622  265.05816  194   57  271.27930  258.88758  4.57%  25.4 5661s
 265755 162223  261.97713  185  105  271.27930  258.89118  4.57%  25.4 5669s
 266627 163043  260.21736  133   61  271.27930  258.89943  4.56%  25.4 5678s
 267775 163490  264.25698  116   79  271.27930  258.90253  4.56%  25.3 5686s
 268558 164220  262.11688  124   89  271.27930  258.90980  4.56%  25.3 5705s
 269693 164873  268.63056  155   46  271.27930  258.91952  4.56%  25.3 5714s
 270624 165330  262.72715  137   64  271.27930  258.92767  4.55%  25.3 5720s
 271280 165670  270.47173  117   57  271.27930  258.93044  4.55%  25.3 5727s
 271825 166196  271.17125  155   80  271.27930  258.93395  4.55%  25.3 5733s
 272627 166628     cutoff  142       271.27930  258.94172  4.55%  25.3 5740s
 273412 167267  261.91481  141  134  271.27930  258.95642  4.54%  25.3 5747s
 274438 167949  268.09749  160   86  271.27930  258.96487  4.54%  25.3 5754s
 275408 168590  266.47390  203   59  271.27930  258.97146  4.54%  25.3 5763s
 276342 169056  262.48393  144   45  271.27930  258.98393  4.53%  25.3 5771s
 277111 169719  269.50719  147   91  271.27930  258.99365  4.53%  25.3 5780s
 278122 170260  263.56739  132   78  271.27930  258.99847  4.53%  25.3 5788s
 278968 170956  263.96512  160   56  271.27930  259.00247  4.53%  25.3 5798s
 279998 171460  264.77104  157   80  271.27930  259.00812  4.52%  25.3 5806s
 280817 172029  266.71455  176   73  271.27930  259.01246  4.52%  25.3 5814s
 281054 172029  262.55025  127   74  271.27930  259.01445  4.52%  25.3 5815s
 281755 172810  262.14041  154   76  271.27930  259.02243  4.52%  25.3 5825s
 282940 172867     cutoff  172       271.27930  259.02766  4.52%  25.2 5834s
 283024 173670  269.50916  121   79  271.27930  259.02766  4.52%  25.2 5851s
 284268 174204  270.10696  189   48  271.27930  259.03152  4.51%  25.2 5859s
 285180 174610     cutoff  129       271.27930  259.03773  4.51%  25.2 5866s
 285893 175212  261.31078  130   68  271.27930  259.04408  4.51%  25.2 5874s
 286801 175726     cutoff  139       271.27930  259.05064  4.51%  25.2 5881s
 287535 176220  266.73068  203   68  271.27930  259.05648  4.51%  25.2 5889s
 288305 176766  265.70874  207   72  271.27930  259.05869  4.50%  25.2 5898s
 289187 177357  267.74120  161  113  271.27930  259.06580  4.50%  25.2 5907s
 290141 177842  260.32337  127   68  271.27930  259.06932  4.50%  25.2 5915s
 290983 178294  269.84230  183   73  271.27930  259.07659  4.50%  25.2 5922s
 291654 178887  261.03949  125   80  271.27930  259.08009  4.50%  25.2 5930s
 292528 179566  269.79557  150   81  271.27930  259.08650  4.49%  25.2 5939s
 293507 180115  268.00073  291   33  271.27930  259.09174  4.49%  25.1 5948s
 294372 180804  265.59346  174   70  271.27930  259.10138  4.49%  25.1 5957s
 295409 181391  261.21369  151   73  271.27930  259.10435  4.49%  25.1 5966s
 296314 181884     cutoff  181       271.27930  259.11210  4.49%  25.1 5974s
 297124 182525  261.81991  157   65  271.27930  259.11790  4.48%  25.1 5984s
 298142 183161  269.44043  198   77  271.27930  259.12468  4.48%  25.1 6004s
 299167 183830  268.87198  126   66  271.27930  259.13301  4.48%  25.1 6013s
 300212 184320  261.37027  147  121  271.27930  259.14058  4.47%  25.1 6022s
 301071 184848  264.67526  138   92  271.27930  259.14493  4.47%  25.1 6031s
 301939 185261  262.95856  164   73  271.27930  259.15119  4.47%  25.1 6038s
 302699 185785  271.14877  155   66  271.27930  259.15792  4.47%  25.1 6047s
 303564 186404  269.41366  191   39  271.27930  259.16609  4.47%  25.1 6056s
 304553 187105  269.69823  156   95  271.27930  259.17310  4.46%  25.1 6065s
 305609 187535  264.79985  152   72  271.27930  259.17925  4.46%  25.1 6071s
 306397 188079     cutoff  129       271.27930  259.18488  4.46%  25.1 6078s
 307233 188580  265.34715  120   95  271.27930  259.19286  4.46%  25.1 6087s
 308079 188608  265.55474  150   59  271.27930  259.20058  4.45%  25.1 6106s
 308127 188958  264.56227  150   52  271.27930  259.20198  4.45%  25.1 6114s
 308742 189529  264.62539  140   54  271.27930  259.20555  4.45%  25.1 6124s
 309761 190168  270.25180  194   64  271.27930  259.21203  4.45%  25.1 6133s
 310774 190881  261.93366  167   81  271.27930  259.21795  4.45%  25.1 6144s
 311858 191468  270.89445  184   48  271.27930  259.22686  4.44%  25.0 6153s
 312820 192328  269.09190  151   66  271.27930  259.23421  4.44%  25.0 6172s
 314080 192846  267.43618  143   65  271.27930  259.23829  4.44%  25.0 6179s
 314894 193293  267.97225  192   55  271.27930  259.23887  4.44%  25.0 6187s
 315688 193929  267.30528  198   36  271.27930  259.24430  4.44%  25.0 6197s
 316603 194482  263.36148  143   60  271.27930  259.24785  4.44%  25.0 6205s
 317426 194975  268.74238  171   67  271.27930  259.25001  4.43%  25.0 6214s
 318247 195559     cutoff  178       271.27930  259.25602  4.43%  25.0 6223s
 319136 196130  269.32688  242   54  271.27930  259.26695  4.43%  25.0 6232s
 319987 196626  265.24674  155   85  271.27930  259.27276  4.43%  25.0 6241s
 320882 197190     cutoff  222       271.27930  259.28006  4.42%  25.0 6251s
 321809 197794  268.31348  231   69  271.27930  259.29177  4.42%  25.0 6261s
 322730 198353  266.97535  164   51  271.27930  259.29598  4.42%  25.0 6270s
 323648 198873     cutoff  147       271.27930  259.29599  4.42%  25.0 6279s
 324498 199404  263.99379  131  110  271.27930  259.30969  4.41%  25.0 6288s
 325354 200117  268.98943  178   51  271.27930  259.31470  4.41%  25.0 6299s
 326348 200695  265.04390  141   47  271.27930  259.32016  4.41%  25.0 6309s
 327302 201551  268.28737  129   85  271.27930  259.32948  4.40%  25.0 6331s
 328523 201982  266.96811  167   70  271.27930  259.33484  4.40%  25.0 6339s
 329284 202409  264.85433  118  108  271.27930  259.34127  4.40%  25.0 6348s
 330087 203120  260.49527  143   67  271.27930  259.34636  4.40%  25.0 6358s
 331072 203699  269.19894  160   55  271.27930  259.35154  4.40%  25.0 6367s
 331952 204292  267.47526  149   65  271.27930  259.36057  4.39%  25.0 6377s
 332899 204763  269.82242  139  129  271.27930  259.36529  4.39%  25.0 6384s
 333659 205357  266.52693  152   72  271.27930  259.37233  4.39%  25.0 6392s
 334600 206145  263.58774  128   59  271.27930  259.37887  4.39%  25.0 6401s
 335710 206584  268.87450  146  106  271.27930  259.38605  4.38%  24.9 6408s
 336434 207290  263.23859  147   70  271.27930  259.39313  4.38%  24.9 6419s
 337435 207644  268.97337  205   58  271.27930  259.39599  4.38%  24.9 6427s
 338029 208377  269.13667  195   62  271.27930  259.39914  4.38%  24.9 6438s
 339175 208999  267.85801  145   87  271.27930  259.40297  4.38%  24.9 6448s
 340097 209746  269.89196  153   58  271.27930  259.40312  4.38%  24.9 6459s
 341123 210413  261.76994  153   63  271.27930  259.41628  4.37%  24.9 6470s
 342090 211211  266.09368  166   80  271.27930  259.42045  4.37%  24.9 6490s
 343280 211777  269.55093  221   52  271.27930  259.42635  4.37%  24.8 6497s
 344139 212234  269.02694  145   56  271.27930  259.43267  4.37%  24.8 6504s
 344902 212931  270.88488  195   45  271.27930  259.43677  4.37%  24.8 6515s
 345952 213502  265.33718  145   82  271.27930  259.44555  4.36%  24.8 6526s
 346828 214060  261.56623  127  104  271.27930  259.45153  4.36%  24.8 6535s
 347695 214574  263.70933  167   90  271.27930  259.45441  4.36%  24.8 6545s
 348553 215271  270.99536  157   57  271.27930  259.46037  4.36%  24.8 6556s
 349592 215930  267.02223  153   58  271.27930  259.46683  4.35%  24.8 6567s
 350598 216611  264.28759  153  111  271.27930  259.47043  4.35%  24.8 6578s
 351606 217189  268.51510  137   62  271.27930  259.47509  4.35%  24.7 6588s
 352526 217685     cutoff  159       271.27930  259.48269  4.35%  24.7 6598s
 353400 218171  264.94981  148   63  271.27930  259.48943  4.35%  24.7 6608s
 354217 218652     cutoff  150       271.27930  259.49438  4.34%  24.7 6617s
 354959 218770     cutoff  138       271.27930  259.50001  4.34%  24.7 6644s
 355160 219470  270.26079  192   47  271.27930  259.50036  4.34%  24.7 6655s
 356184 220153  270.55602  232   93  271.27930  259.50738  4.34%  24.7 6667s
 357229 220774  267.51676  160   76  271.27930  259.51172  4.34%  24.7 6689s
 358247 221599  262.93505  210   72  271.27930  259.51544  4.34%  24.7 6702s
 359412 222128  268.03794  163   94  271.27930  259.51856  4.34%  24.7 6711s
 360266 222729     cutoff  191       271.27930  259.52652  4.33%  24.7 6719s
 361211 223237  269.31278  167   49  271.27930  259.53185  4.33%  24.7 6726s
 361992 223630  270.18304  109  170  271.27930  259.53347  4.33%  24.7 6735s
 362730 223980  266.89071  123   68  271.27930  259.53828  4.33%  24.7 6743s
 363418 224521  262.73148  125   89  271.27930  259.54689  4.32%  24.7 6754s
 364289 225256  265.01722  129   87  271.27930  259.55642  4.32%  24.7 6767s
 365477 225748  269.19059  156   53  271.27930  259.56404  4.32%  24.7 6777s
 366360 226645     cutoff  131       271.27930  259.57510  4.31%  24.7 6791s
 367600 227416  271.17684  170   62  271.27930  259.58391  4.31%  24.7 6804s
 368660 227416  268.05221  224   48  271.27930  259.58638  4.31%  24.6 6805s
 368798 228060  265.33206  122   59  271.27930  259.58667  4.31%  24.6 6813s
 369765 228832  270.57520  196   57  271.27930  259.59045  4.31%  24.6 6822s
 370880 229525  264.80082  128   68  271.27930  259.59363  4.31%  24.6 6833s
 371943 230293  268.84779  183   67  271.27930  259.60015  4.31%  24.6 6857s
 373170 230789  265.27160  230   67  271.27930  259.60595  4.30%  24.6 6867s
 373966 231302  271.01030  133   62  271.27930  259.61310  4.30%  24.6 6876s
 374768 231731     cutoff  149       271.27930  259.61489  4.30%  24.6 6886s
 375574 232371  269.63826  152   93  271.27930  259.62326  4.30%  24.6 6897s
 376537 233044  262.18226  148   52  271.27930  259.63301  4.29%  24.6 6910s
 377587 233459  263.63825  130   82  271.27930  259.63970  4.29%  24.6 6919s
 378333 234056  269.55840  147   75  271.27930  259.64582  4.29%  24.6 6930s
 379251 234757  264.63605  128   60  271.27930  259.65149  4.29%  24.6 6942s
 380264 235388  268.67822  168   66  271.27930  259.65805  4.28%  24.6 6954s
 381245 235829  263.66626  157   75  271.27930  259.66328  4.28%  24.5 6963s
 381958 236389  269.77856  238   77  271.27930  259.66919  4.28%  24.6 6974s
 382833 237171  264.65075  140   60  271.27930  259.67327  4.28%  24.6 6986s
 383926 237855  263.53853  192   69  271.27930  259.67327  4.28%  24.5 6998s
 384930 238383     cutoff  137       271.27930  259.68698  4.27%  24.5 7009s
 385808 238815  265.92614  145   90  271.27930  259.69028  4.27%  24.5 7019s
 386607 239330  268.36105  134  116  271.27930  259.69851  4.27%  24.5 7038s
 387466 239956  268.73806  198   61  271.27930  259.70280  4.27%  24.5 7048s
 388472 240631  269.25842  135   86  271.27930  259.71136  4.26%  24.5 7060s
 389597 241411  271.06290  192   41  271.27930  259.71718  4.26%  24.5 7075s
 390835 242168     cutoff  166       271.27930  259.72604  4.26%  24.5 7090s
 392061 242842     cutoff  186       271.27930  259.73291  4.26%  24.5 7105s
 393190 242493  269.88875  132   86  271.27930  259.74085  4.25%  24.5 7111s
 393760 243161     cutoff  132       271.27930  259.74302  4.25%  24.6 7124s
 394839 243852     cutoff  151       271.27930  259.74775  4.25%  24.5 7136s
 395987 244359     cutoff  151       271.27930  259.75826  4.25%  24.5 7145s
 396806 244860  269.86831  165   61  271.27930  259.76160  4.25%  24.6 7154s
 397717 245773  265.38156  160   90  271.27930  259.76679  4.24%  24.6 7168s
 398922 246377  269.15110  239   97  271.27930  259.77259  4.24%  24.5 7182s
 400008 247070  270.07648  169   61  271.27930  259.77899  4.24%  24.5 7195s

Cutting planes:
  Gomory: 3
  Cover: 2
  Implied bound: 35
  Projected implied bound: 9
  MIR: 135
  StrongCG: 2
  Flow cover: 171
  Zero half: 187
  Mod-K: 39
  RLT: 10
  Relax-and-lift: 403

Explored 401123 nodes (11474473 simplex iterations) in 7200.98 seconds (7960.19 work units)
Thread count was 16 (of 16 available processors)

Solution count 10: 271.279 271.369 271.39 ... 391.68

Time limit reached
Best objective 2.712792992211e+02, best bound 2.597817076259e+02, gap 4.2383%

User-callback calls 1228801, time in user-callback 5.26 sec
