
Gurobi 12.0.1 (win64) logging started Sun Sep 21 19:29:06 2025

Set parameter LogFile to value "log_group_6/bound_Expr246_s5_l1051_s11_e12_o20_d40_t1200_s11_1_0_1_0.log"
Gurobi Optimizer version 12.0.1 build v12.0.1rc0 (win64 - Windows Server 2022.0 (20348.2))

CPU model: Intel(R) Xeon(R) Gold 6336Y CPU @ 2.40GHz, instruction set [SSE2|AVX|AVX2|AVX512]
Thread count: 48 physical cores, 96 logical processors, using up to 32 threads

Non-default parameters:
TimeLimit  1200

Optimize a model with 171191 rows, 170310 columns and 2107270 nonzeros
Model fingerprint: 0x3bb4a55e
Variable types: 310 continuous, 170000 integer (170000 binary)
Coefficient statistics:
  Matrix range     [1e+00, 8e+02]
  Objective range  [1e+00, 1e+00]
  Bounds range     [1e+00, 1e+03]
  RHS range        [1e+00, 8e+02]
Presolve removed 164790 rows and 164790 columns
Presolve time: 0.60s
Presolved: 6401 rows, 5520 columns, 64745 nonzeros
Variable types: 270 continuous, 5250 integer (5250 binary)
Found heuristic solution: objective 335.5676333
Performing another presolve...
Presolve removed 5848 rows and 5113 columns
Presolve time: 0.21s
Found heuristic solution: objective 256.6417333

Root relaxation: objective 7.450100e+01, 286 iterations, 0.01 seconds (0.01 work units)

    Nodes    |    Current Node    |     Objective Bounds      |     Work
 Expl Unexpl |  Obj  Depth IntInf | Incumbent    BestBd   Gap | It/Node Time

     0     0   74.50100    0   20  256.64173   74.50100  71.0%     -    1s
H    0     0                     191.6492333   74.50100  61.1%     -    1s
H    0     0                     130.3366333   74.50100  42.8%     -    1s
     0     0   78.56200    0   30  130.33663   78.56200  39.7%     -    1s
     0     0   78.70209    0   28  130.33663   78.70209  39.6%     -    1s
     0     0   79.17818    0   40  130.33663   79.17818  39.3%     -    1s
     0     0   79.25363    0   36  130.33663   79.25363  39.2%     -    1s
     0     0   79.25363    0   36  130.33663   79.25363  39.2%     -    1s
     0     0   82.36519    0   58  130.33663   82.36519  36.8%     -    1s
H    0     0                     121.7432333   82.75218  32.0%     -    1s
H    0     0                     118.5428333   87.81953  25.9%     -    1s
H    0     0                     113.3076333   87.81953  22.5%     -    1s
     0     0   98.44218    0   14  113.30763   98.44218  13.1%     -    1s
     0     0   98.44218    0   14  113.30763   98.44218  13.1%     -    1s
     0     0  101.73905    0   19  113.30763  101.73905  10.2%     -    1s
     0     0  102.46266    0   20  113.30763  102.46266  9.57%     -    1s
     0     0     cutoff    0       113.30763  113.30763  0.00%     -    1s

Cutting planes:
  Learned: 5
  Cover: 1
  Implied bound: 6
  Clique: 2
  MIR: 10
  Zero half: 7
  RLT: 33
  Relax-and-lift: 8

Explored 1 nodes (1529 simplex iterations) in 1.47 seconds (1.71 work units)
Thread count was 32 (of 96 available processors)

Solution count 7: 113.308 118.543 121.743 ... 335.568

Optimal solution found (tolerance 1.00e-04)
Best objective 1.133076333333e+02, best bound 1.133076333333e+02, gap 0.0000%

User-callback calls 432, time in user-callback 0.00 sec
