
Gurobi 10.0.1 (win64) logging started Sun Sep 21 15:36:51 2025

Set parameter LogFile to value "log_group_6/bound_Expr296_s3_l1051_s11_e12_o10_d20_t60_s1_0_0_0_0.log"
Gurobi Optimizer version 10.0.1 build v10.0.1rc0 (win64)

CPU model: Intel(R) Core(TM) i7-10700 CPU @ 2.90GHz, instruction set [SSE2|AVX|AVX2]
Thread count: 8 physical cores, 16 logical processors, using up to 16 threads

Optimize a model with 31987 rows, 31680 columns and 253354 nonzeros
Model fingerprint: 0xa4cd9c23
Variable types: 180 continuous, 31500 integer (31500 binary)
Coefficient statistics:
  Matrix range     [1e+00, 8e+02]
  Objective range  [1e+00, 1e+00]
  Bounds range     [1e+00, 1e+03]
  RHS range        [1e+00, 8e+02]
Presolve removed 30027 rows and 30017 columns
Presolve time: 0.19s
Presolved: 1960 rows, 1663 columns, 15151 nonzeros
Variable types: 160 continuous, 1503 integer (1501 binary)
Found heuristic solution: objective 120.2676667

Root relaxation: objective 0.000000e+00, 306 iterations, 0.01 seconds (0.01 work units)

    Nodes    |    Current Node    |     Objective Bounds      |     Work
 Expl Unexpl |  Obj  Depth IntInf | Incumbent    BestBd   Gap | It/Node Time

     0     0    0.00000    0   20  120.26767    0.00000   100%     -    0s
H    0     0                     106.9990667    0.00000   100%     -    0s
     0     0    0.00000    0   23  106.99907    0.00000   100%     -    0s
     0     0    0.00000    0   22  106.99907    0.00000   100%     -    0s
H    0     0                      84.1850333    0.00000   100%     -    0s
     0     0    0.00000    0   20   84.18503    0.00000   100%     -    0s
H    0     0                      84.1850333    0.00000   100%     -    0s
H    0     0                      81.3555333    0.00000   100%     -    0s
     0     0    0.00000    0   20   81.35553    0.00000   100%     -    0s
H    0     0                      79.4556333    0.00000   100%     -    0s
H    0     0                      65.2607667    0.00000   100%     -    0s
H    0     0                      65.2607667    0.00000   100%     -    0s
H    0     0                      64.1256000    0.00000   100%     -    0s
     0     0    0.00000    0   20   64.12560    0.00000   100%     -    0s
     0     0    0.00000    0   20   64.12560    0.00000   100%     -    0s
H    0     0                      63.9268333    0.00000   100%     -    0s
H    0     0                      63.1395000    0.00000   100%     -    0s
     0     0    0.00000    0   20   63.13950    0.00000   100%     -    0s
H    0     0                      62.7622667    0.00000   100%     -    0s
     0     0    0.00000    0   20   62.76227    0.00000   100%     -    0s
H    0     0                      62.7058667    0.00000   100%     -    0s
     0     2    0.00000    0   20   62.70587    0.00000   100%     -    0s
H   69    19                      60.1603667    0.00000   100%  52.0    0s
H   77    21                      59.7831333    0.00000   100%  48.6    1s
H   78    21                      59.0816000    0.00000   100%  48.8    1s
H   80    21                      58.7043667    0.00000   100%  48.4    1s
  2347  2015   11.59790  241   20   58.70437    0.00000   100%   6.2    5s
 14653 11741    7.58923  544   19   58.70437    3.14310  94.6%   4.3   10s
 35519 29312   27.84617  261   13   58.70437    3.14310  94.6%   3.1   15s
 73967 65014   24.00142  414   12   58.70437    3.14310  94.6%   2.6   20s
 115567 101732   20.31517  224   12   58.70437    3.14310  94.6%   2.5   25s
 153019 135209   27.74292  406   12   58.70437    3.14310  94.6%   2.4   30s
 192121 171070   16.50017  294   14   58.70437    3.14310  94.6%   2.3   35s
 223990 198839   20.70627  316   16   58.70437    3.14310  94.6%   2.3   40s
 257789 230392   17.28750  290   19   58.70437    3.17142  94.6%   2.3   45s
 294860 262813   19.04537  301   16   58.70437    5.35123  90.9%   2.2   50s
 327918 292787   49.33543  503   12   58.70437    5.35123  90.9%   2.2   55s
 354913 315745   36.29080  723   12   58.70437    5.35123  90.9%   2.2   60s

Cutting planes:
  Gomory: 30
  Implied bound: 20
  Projected implied bound: 8
  MIR: 14
  Flow cover: 61
  Relax-and-lift: 24

Explored 355078 nodes (810633 simplex iterations) in 60.06 seconds (60.53 work units)
Thread count was 16 (of 16 available processors)

Solution count 10: 58.7044 59.0816 59.7831 ... 65.2608

Time limit reached
Best objective 5.870436666666e+01, best bound 5.351233333333e+00, gap 90.8844%

User-callback calls 716976, time in user-callback 0.79 sec
