
Gurobi 12.0.1 (win64) logging started Sun Sep 21 19:27:25 2025

Set parameter LogFile to value "log_group_6/bound_Expr244_s5_l1051_s11_e12_o20_d43_t1200_s14_1_1_0_0.log"
Gurobi Optimizer version 12.0.1 build v12.0.1rc0 (win64 - Windows Server 2022.0 (20348.2))

CPU model: Intel(R) Xeon(R) Gold 6336Y CPU @ 2.40GHz, instruction set [SSE2|AVX|AVX2|AVX512]
Thread count: 48 physical cores, 96 logical processors, using up to 32 threads

Non-default parameters:
TimeLimit  1200

Optimize a model with 189670 rows, 185310 columns and 2205970 nonzeros
Model fingerprint: 0xd2638335
Variable types: 310 continuous, 185000 integer (185000 binary)
Coefficient statistics:
  Matrix range     [1e+00, 8e+02]
  Objective range  [1e+00, 1e+00]
  Bounds range     [1e+00, 1e+03]
  RHS range        [1e+00, 8e+02]
Presolve removed 182365 rows and 178790 columns
Presolve time: 0.67s
Presolved: 7305 rows, 6520 columns, 64385 nonzeros
Variable types: 270 continuous, 6250 integer (6250 binary)
Found heuristic solution: objective 2880.2894333
Performing another presolve...
Presolve removed 1295 rows and 1250 columns
Presolve time: 0.22s

Root relaxation: objective 0.000000e+00, 3639 iterations, 0.30 seconds (0.47 work units)

    Nodes    |    Current Node    |     Objective Bounds      |     Work
 Expl Unexpl |  Obj  Depth IntInf | Incumbent    BestBd   Gap | It/Node Time

     0     0    0.00000    0   59 2880.28943    0.00000   100%     -    1s
H    0     0                    2651.1307000    0.00000   100%     -    2s
H    0     0                    2340.1291667    0.00000   100%     -    2s
H    0     0                    2240.7638667    0.00000   100%     -    2s
H    0     0                    1967.6416667    0.00000   100%     -    2s
H    0     0                    1664.0948000    0.00000   100%     -    2s
H    0     0                    1660.1229333    0.00000   100%     -    2s
H    0     0                    1594.7163000    0.00000   100%     -    2s
H    0     0                    1451.0156000    0.00000   100%     -    2s
     0     0    0.00000    0  102 1451.01560    0.00000   100%     -    2s
H    0     0                    1447.9417333    0.00000   100%     -    2s
H    0     0                    1407.1643333    0.00000   100%     -    2s
H    0     0                    1285.8727333    0.00000   100%     -    2s
H    0     0                    1285.8502333    0.00000   100%     -    2s
H    0     0                    1106.7843000    0.00000   100%     -    2s
H    0     0                    1074.9135667    0.00000   100%     -    2s
     0     0    0.00000    0   72 1074.91357    0.00000   100%     -    3s
H    0     0                    1045.0354333    0.00000   100%     -    5s
H    0     0                     968.3342000    0.00000   100%     -    5s
H    0     0                     966.3254333    0.00000   100%     -    5s
H    0     0                     879.6815000    0.00000   100%     -    5s
H    0     0                     857.0285000    0.00000   100%     -    5s
H    0     0                     833.7881000    0.00000   100%     -    5s
H    0     0                     669.9963333    0.00000   100%     -    5s
     0     0    0.00000    0   54  669.99633    0.00000   100%     -    5s
H    0     0                     543.1490000    0.00000   100%     -    5s
H    0     0                     479.6999000    0.00000   100%     -    5s
H    0     0                     400.4961667    0.00000   100%     -    5s
H    0     0                     317.0086667    0.00000   100%     -    5s
H    0     0                     299.8521667    0.00000   100%     -    5s
     0     0    0.00000    0   53  299.85217    0.00000   100%     -    5s
H    0     0                     266.2434667    0.00000   100%     -    6s
H    0     0                     264.5411667    0.00000   100%     -    6s
H    0     0                     262.6113667    0.00000   100%     -    6s
     0     2    0.00000    0   42  262.61137    0.00000   100%     -    6s
H   30    37                     262.5903667    0.00000   100%   426    7s
H   30    37                     249.9531667    0.00000   100%   426    7s
H  183   103                     227.7315667    0.00000   100%   727    9s
   195   119    0.00000   10  115  227.73157    0.00000   100%   721   10s
H  275   127                     215.4467000    0.00000   100%   690   10s
H  285   127                     180.7817333    0.00000   100%   667   10s
H 1425   337                     134.2138000   84.19591  37.3%   197   14s
H 1433   337                     134.1928000   84.19591  37.3%   196   14s
  1924   630   94.82197   57  143  134.19280   86.00413  35.9%   152   15s
H 2455   868                     118.2100000   86.03167  27.2%   122   16s
H 3555  1064                     116.3156000   91.28924  21.5%  91.4   18s
  4331  1266  106.90684   63   59  116.31560   95.84156  17.6%  78.1   20s
  6323  1238     cutoff   88       116.31560   98.72876  15.1%  59.0   25s
  9082   256     cutoff   65       116.31560  111.06659  4.51%  46.0   30s

Cutting planes:
  Cover: 23
  Implied bound: 306
  MIR: 52
  StrongCG: 1
  Zero half: 5
  RLT: 20
  Relax-and-lift: 460

Explored 10086 nodes (453089 simplex iterations) in 31.73 seconds (18.78 work units)
Thread count was 32 (of 96 available processors)

Solution count 10: 116.316 118.21 134.193 ... 262.611

Optimal solution found (tolerance 1.00e-04)
Best objective 1.163155999998e+02, best bound 1.163155999998e+02, gap 0.0000%

User-callback calls 22264, time in user-callback 0.03 sec
