
Gurobi 10.0.0 (win64) logging started Sun Sep 21 03:47:40 2025

Set parameter LogFile to value "log_group_6/bound_Expr210_s7_l1051_s11_e12_o30_d60_t7200_s30_1_1_1_0.log"
Gurobi Optimizer version 10.0.0 build v10.0.0rc2 (win64)

CPU model: Intel(R) Core(TM) i7-10700 CPU @ 2.90GHz, instruction set [SSE2|AVX|AVX2]
Thread count: 8 physical cores, 16 logical processors, using up to 16 threads

Optimize a model with 376375 rows, 367940 columns and 5182206 nonzeros
Model fingerprint: 0x41fbc628
Variable types: 440 continuous, 367500 integer (367500 binary)
Coefficient statistics:
  Matrix range     [1e+00, 8e+02]
  Objective range  [1e+00, 1e+00]
  Bounds range     [1e+00, 1e+03]
  RHS range        [1e+00, 8e+02]
Presolve removed 372756 rows and 364621 columns
Presolve time: 2.69s
Presolved: 3619 rows, 3319 columns, 28554 nonzeros
Variable types: 170 continuous, 3149 integer (3146 binary)

Root relaxation: objective 6.621653e+01, 1971 iterations, 0.08 seconds (0.16 work units)

    Nodes    |    Current Node    |     Objective Bounds      |     Work
 Expl Unexpl |  Obj  Depth IntInf | Incumbent    BestBd   Gap | It/Node Time

     0     0   66.21653    0  113          -   66.21653      -     -    3s
H    0     0                     890.8063000   66.21653  92.6%     -    3s
H    0     0                     801.8770000   66.21653  91.7%     -    3s
     0     0   66.21653    0  276  801.87700   66.21653  91.7%     -    3s
H    0     0                     676.7306667   66.21653  90.2%     -    4s
H    0     0                     545.8367000   66.21653  87.9%     -    4s
H    0     0                     468.9918000   66.21653  85.9%     -    4s
     0     0   66.21653    0   74  468.99180   66.21653  85.9%     -    4s
     0     0   66.21653    0   96  468.99180   66.21653  85.9%     -    4s
H    0     0                     424.5343667   66.21653  84.4%     -    4s
     0     0   66.21653    0  128  424.53437   66.21653  84.4%     -    4s
H    0     0                     392.6995667   66.21653  83.1%     -    4s
H    0     0                     391.1733333   66.21653  83.1%     -    4s
     0     0   66.21653    0  128  391.17333   66.21653  83.1%     -    5s
H    0     0                     335.0039000   66.21653  80.2%     -    5s
H    0     0                     333.5110667   66.21653  80.1%     -    5s
     0     0   66.21653    0   59  333.51107   66.21653  80.1%     -    5s
H    0     0                     325.1554667   66.21653  79.6%     -    5s
H    0     0                     318.9898000   66.21653  79.2%     -    5s
     0     0   66.21653    0  130  318.98980   66.21653  79.2%     -    5s
H    0     0                     293.8965333   66.21653  77.5%     -    6s
H    0     0                     239.8875333   66.21653  72.4%     -    6s
H    0     0                     212.0059000   66.21653  68.8%     -    6s
     0     0   66.21653    0  107  212.00590   66.21653  68.8%     -    6s
H    0     0                     208.4511000   66.21653  68.2%     -    6s
     0     0   66.21653    0  107  208.45110   66.21653  68.2%     -    6s
H    0     0                     205.0291333   66.21653  67.7%     -    6s
H    0     0                     199.4072333   66.21653  66.8%     -    6s
H    0     0                     198.4352333   66.21653  66.6%     -    7s
H    0     0                     193.7597333   66.21653  65.8%     -    7s
     0     0   66.21653    0  168  193.75973   66.21653  65.8%     -    7s
     0     0   66.21653    0  167  193.75973   66.21653  65.8%     -    7s
H    0     0                     192.9610333   66.21653  65.7%     -    7s
     0     0   66.21653    0  114  192.96103   66.21653  65.7%     -    7s
     0     0   66.21653    0   95  192.96103   66.21653  65.7%     -    8s
     0     0   66.21653    0  127  192.96103   66.21653  65.7%     -    8s
     0     0   66.21653    0  113  192.96103   66.21653  65.7%     -    8s
     0     0   66.21653    0  117  192.96103   66.21653  65.7%     -    8s
     0     0   66.21653    0  122  192.96103   66.21653  65.7%     -    8s
     0     0   66.21653    0   77  192.96103   66.21653  65.7%     -    8s
     0     0   69.95727    0   76  192.96103   69.95727  63.7%     -    9s
     0     0   69.95727    0   76  192.96103   69.95727  63.7%     -    9s
     0     0   70.07523    0   74  192.96103   70.07523  63.7%     -    9s
     0     0   70.07523    0   74  192.96103   70.07523  63.7%     -    9s
     0     2   70.07523    0   62  192.96103   70.07523  63.7%     -   10s
H   98    79                     191.3739667   70.07523  63.4%   237   12s
H  103    85                     191.2842333   70.07523  63.4%   228   12s
H  104    85                     190.7298000   70.07523  63.3%   226   12s
H  106    85                     190.6772667   70.07523  63.2%   223   12s
H  109    85                     190.4931333   70.07523  63.2%   218   12s
H 1546   846                     190.4619000   94.98430  50.1%  59.3   14s
H 1547   804                     190.4616000   94.98430  50.1%  59.3   14s
  1549   806  158.89876   34  134  190.46160  114.23932  40.0%  59.2   15s
H 1586   782                     190.4184000  126.23573  33.7%  61.9   15s
H 1589   742                     190.3644000  126.23573  33.7%  61.8   15s
H 1624   715                     190.2024000  126.69817  33.4%  61.6   15s
 14570  8680  162.59651   83   48  190.20240  139.92981  26.4%  20.5   20s
 29217 18131  183.51312   68  167  190.20240  143.14112  24.7%  16.3   29s
 29223 18136  173.92464   91  167  190.20240  173.92464  8.56%  16.4   30s
H29256 17251                     190.2023984  185.97281  2.22%  16.6   32s
 29292 17275  188.96630   65   52  190.20240  188.96630  0.65%  16.6   35s
H29369 16455                     190.2016333  189.69499  0.27%  17.4   37s
H29407 15660                     190.2016330  189.69889  0.26%  17.4   37s
H30407 14844                     190.1243667  189.76390  0.19%  17.7   37s
H30976 13967                     190.1243664  189.80117  0.17%  17.8   37s

Cutting planes:
  Gomory: 7
  Cover: 12
  Implied bound: 23
  Projected implied bound: 6
  Clique: 14
  MIR: 8
  Flow cover: 8
  GUB cover: 6
  Zero half: 10
  RLT: 1
  Relax-and-lift: 15

Explored 42370 nodes (804530 simplex iterations) in 40.78 seconds (61.70 work units)
Thread count was 16 (of 16 available processors)

Solution count 10: 190.124 190.124 190.124 ... 190.493

Optimal solution found (tolerance 1.00e-04)
Best objective 1.901243666667e+02, best bound 1.901243663565e+02, gap 0.0000%

User-callback calls 95641, time in user-callback 0.11 sec
