
Gurobi 10.0.1 (win64) logging started Sun Sep 21 16:31:20 2025

Set parameter LogFile to value "log_group_6/bound_Expr384_s5_l1051_s11_e12_o20_d40_t60_s19_1_1_1_1.log"
Gurobi Optimizer version 10.0.1 build v10.0.1rc0 (win64)

CPU model: Intel(R) Core(TM) i7-10700 CPU @ 2.90GHz, instruction set [SSE2|AVX|AVX2]
Thread count: 8 physical cores, 16 logical processors, using up to 16 threads

Optimize a model with 113330 rows, 110310 columns and 1617990 nonzeros
Model fingerprint: 0x548355e9
Variable types: 310 continuous, 110000 integer (110000 binary)
Coefficient statistics:
  Matrix range     [1e+00, 9e+02]
  Objective range  [1e+00, 1e+00]
  Bounds range     [1e+00, 1e+03]
  RHS range        [1e+00, 9e+02]
Presolve removed 112022 rows and 109298 columns
Presolve time: 0.80s
Presolved: 1308 rows, 1012 columns, 14172 nonzeros
Variable types: 109 continuous, 903 integer (903 binary)
Found heuristic solution: objective 363.2520000

Root relaxation: objective 1.065056e+02, 574 iterations, 0.01 seconds (0.03 work units)

    Nodes    |    Current Node    |     Objective Bounds      |     Work
 Expl Unexpl |  Obj  Depth IntInf | Incumbent    BestBd   Gap | It/Node Time

     0     0  106.50560    0   23  363.25200  106.50560  70.7%     -    1s
H    0     0                     192.0938667  106.50560  44.6%     -    1s
H    0     0                     179.9514667  106.50560  40.8%     -    1s
H    0     0                     158.3930333  106.50560  32.8%     -    1s
H    0     0                     138.6796333  106.50560  23.2%     -    1s
     0     0  106.50560    0   86  138.67963  106.50560  23.2%     -    1s
H    0     0                     135.9121667  106.50560  21.6%     -    1s
H    0     0                     127.2332667  106.50560  16.3%     -    1s
     0     0  106.87193    0   27  127.23327  106.87193  16.0%     -    1s
     0     0  108.53727    0   21  127.23327  108.53727  14.7%     -    1s
     0     0  108.59260    0   46  127.23327  108.59260  14.7%     -    1s
     0     0  108.59260    0   46  127.23327  108.59260  14.7%     -    1s
H    0     0                     126.4673000  108.59260  14.1%     -    1s
H    0     0                     126.3390667  108.59260  14.0%     -    1s
     0     0  108.59260    0   56  126.33907  108.59260  14.0%     -    1s
     0     0  108.70673    0   49  126.33907  108.70673  14.0%     -    1s
     0     2  108.70673    0   25  126.33907  108.70673  14.0%     -    1s

Cutting planes:
  Cover: 19
  Implied bound: 140
  MIR: 4
  GUB cover: 2
  Inf proof: 4
  Zero half: 9
  RLT: 19
  Relax-and-lift: 1

Explored 5121 nodes (73892 simplex iterations) in 2.58 seconds (5.37 work units)
Thread count was 16 (of 16 available processors)

Solution count 8: 126.339 127.233 135.912 ... 363.252

Optimal solution found (tolerance 1.00e-04)
Best objective 1.263390666667e+02, best bound 1.263390666667e+02, gap 0.0000%

User-callback calls 11476, time in user-callback 0.01 sec
