
Gurobi 12.0.1 (win64) logging started Sun Sep 21 02:36:05 2025

Set parameter LogFile to value "log_group_6/bound_Expr118_s8_l1051_s11_e12_o60_d120_t7200_s48_1_1_1_1.log"
Gurobi Optimizer version 12.0.1 build v12.0.1rc0 (win64 - Windows Server 2022.0 (20348.2))

CPU model: Intel(R) Xeon(R) Gold 6336Y CPU @ 2.40GHz, instruction set [SSE2|AVX|AVX2|AVX512]
Thread count: 48 physical cores, 96 logical processors, using up to 32 threads

Non-default parameters:
TimeLimit  7200

Optimize a model with 1470429 rows, 1440580 columns and 18524284 nonzeros
Model fingerprint: 0x5cfe70dd
Variable types: 580 continuous, 1440000 integer (1440000 binary)
Coefficient statistics:
  Matrix range     [1e+00, 8e+02]
  Objective range  [1e+00, 1e+00]
  Bounds range     [1e+00, 1e+03]
  RHS range        [1e+00, 8e+02]
Presolve removed 60 rows and 60 columns (presolve time = 5s)...
Presolve removed 1441176 rows and 1412860 columns
Presolve time: 6.22s
Presolved: 29253 rows, 27720 columns, 300332 nonzeros
Variable types: 520 continuous, 27200 integer (27200 binary)
Performing another presolve...
Presolve removed 14109 rows and 13760 columns
Presolve time: 0.44s
Found heuristic solution: objective 5599.1611667
Deterministic concurrent LP optimizer: primal and dual simplex
Showing primal log only...


Root simplex log...

Iteration    Objective       Primal Inf.    Dual Inf.      Time
       0   -4.1400000e+04   1.572434e+03   6.638856e+07     10s
    3411    4.5000000e+04   0.000000e+00   4.800000e+02     11s
    3471    2.2681450e+02   0.000000e+00   0.000000e+00     11s
Concurrent spin time: 0.00s

Solved with primal simplex

Root relaxation: objective 2.268145e+02, 3471 iterations, 0.49 seconds (0.44 work units)
Total elapsed time = 10.56s (DegenMoves)

    Nodes    |    Current Node    |     Objective Bounds      |     Work
 Expl Unexpl |  Obj  Depth IntInf | Incumbent    BestBd   Gap | It/Node Time

     0     0  226.81450    0  148 5599.16117  226.81450  95.9%     -   11s
H    0     0                    5499.5639333  226.81450  95.9%     -   12s
H    0     0                    4522.8565000  226.81450  95.0%     -   12s
H    0     0                    4505.5262000  226.81450  95.0%     -   12s
H    0     0                    4356.3448333  226.81450  94.8%     -   13s
H    0     0                    4347.1796000  226.81450  94.8%     -   14s
H    0     0                    4343.1789000  226.81450  94.8%     -   14s
H    0     0                    3694.1501667  226.81450  93.9%     -   14s
     0     0  226.81450    0  174 3694.15017  226.81450  93.9%     -   16s
H    0     0                    3323.6335667  226.81450  93.2%     -   17s
H    0     0                    3320.8475667  226.81450  93.2%     -   17s
H    0     0                    3010.0335333  226.81450  92.5%     -   17s
H    0     0                    2893.9232333  226.81450  92.2%     -   17s
H    0     0                    2860.8659667  226.81450  92.1%     -   18s
H    0     0                    2841.3847000  226.81450  92.0%     -   18s
H    0     0                    2772.4548333  226.81450  91.8%     -   18s
H    0     0                    2759.7050333  226.81450  91.8%     -   19s
H    0     0                    2733.5784000  226.81450  91.7%     -   19s
H    0     0                    2718.1882333  226.81450  91.7%     -   21s
     0     0  226.81450    0  180 2718.18823  226.81450  91.7%     -   21s
     0     0  226.81450    0  152 2718.18823  226.81450  91.7%     -   25s
     0     0  226.81450    0  162 2718.18823  226.81450  91.7%     -   25s
     0     0  226.81450    0  130 2718.18823  226.81450  91.7%     -   33s
     0     0  226.81450    0  136 2718.18823  226.81450  91.7%     -   33s
     0     0  226.81450    0  172 2718.18823  226.81450  91.7%     -   38s
     0     0  226.81450    0  172 2718.18823  226.81450  91.7%     -   40s
     0     2  226.81450    0  138 2718.18823  226.81450  91.7%     -   45s
     7    16  226.81450    3  326 2718.18823  226.81450  91.7%  1560   50s
    15    32  226.81450    4  349 2718.18823  226.81450  91.7%  1657   56s
    31    64  226.81450    5  307 2718.18823  226.81450  91.7%  1897   77s
    63    96  232.65381    6  296 2718.18823  226.81450  91.7%  2215  100s
H   89    96                    2512.9157333  226.81450  91.0%  2882  100s
H   95   133                    2243.1445333  226.81450  89.9%  3030  123s
H   96   133                    2215.3533333  226.81450  89.8%  2999  123s
H   96   133                    2029.7538000  226.81450  88.8%  2999  123s
H  105   133                    1974.0428000  226.81450  88.5%  2750  123s
H  109   133                    1857.7417667  226.81450  87.8%  2661  123s
H  112   133                    1789.7470333  226.81450  87.3%  2591  123s
   134   270  235.14369    8  300 1789.74703  226.81450  87.3%  2200  131s
   287   303  235.91850   13  306 1789.74703  226.81450  87.3%  1175  137s
H  290   303                    1609.9190333  226.81450  85.9%  1172  137s
H  295   303                    1535.2290000  226.81450  85.2%  1165  137s
H  310   303                    1492.3933000  226.81450  84.8%  1160  137s
   320   422  238.19450   14  283 1492.39330  226.81450  84.8%  1158  145s
H  441   458                    1305.0020333  226.81450  82.6%   893  152s
H  442   458                    1276.5937000  226.81450  82.2%   891  152s
H  466   458                    1206.6328000  226.81450  81.2%   855  152s
   477   545  235.91850   15  273 1206.63280  226.81450  81.2%   839  156s
   568   576  235.98805   18  261 1206.63280  226.81450  81.2%   752  161s
H  579   576                    1163.8235667  226.81450  80.5%   756  161s
   601   607  307.09535   18  233 1163.82357  226.81450  80.5%   755  165s
H  644   639                    1163.7713667  226.81450  80.5%   749  167s
H  646   639                    1144.8863667  226.81450  80.2%   749  167s
H  649   639                    1144.7708667  226.81450  80.2%   746  167s
H  656   639                    1143.6354000  226.81450  80.2%   741  167s
   666   753  238.19450   19  259 1143.63540  226.81450  80.2%   732  170s
   780   789  238.19450   24  249 1143.63540  226.81450  80.2%   650  175s
H  792   789                    1101.8782667  226.81450  79.4%   641  175s
   934  1043  238.19450   25  242 1101.87827  226.81450  79.4%   567  183s
  1070  1190  238.19450   29  260 1101.87827  226.81450  79.4%   512  189s
H 1071  1190                    1099.6108667  226.81450  79.4%   511  189s
H 1120  1190                    1071.9307667  226.81450  78.8%   491  189s
H 1122  1190                    1069.3487667  226.81450  78.8%   491  189s
  1217  1346  238.19450   30  254 1069.34877  226.81450  78.8%   465  193s
  1373  1492  238.19450   31  252 1069.34877  226.81450  78.8%   429  197s
  1519  1524  238.19450   35  264 1069.34877  226.81450  78.8%   403  201s
H 1550  1524                    1066.3951667  226.81450  78.7%   401  201s
H 1551  1556                    1029.7547667  226.81450  78.0%   401  206s
H 1555  1556                     985.2745333  226.81450  77.0%   400  206s
H 1560  1556                     950.9710667  226.81450  76.1%   400  206s
  1709  1849  238.19450   40  243  950.97107  226.81450  76.1%   384  214s
H 1881  1876                     909.4200667  226.81450  75.1%   365  219s
  1913  2017  238.19450   43  257  909.42007  226.81450  75.1%   364  223s
  2068  2126  238.19450   45  273  909.42007  228.37517  74.9%   357  226s
  2177  2259  238.19868   47  265  909.42007  228.37517  74.9%   356  231s
  2319  2291  238.64970   52  289  909.42007  229.69600  74.7%   354  238s
H 2351  2308                     855.7222667  229.69600  73.2%   360  240s
  2503  2414  302.98910   58  409  855.72227  229.69600  73.2%   364  251s
  2535  2434  303.51039   58  402  855.72227  229.69600  73.2%   430  267s
H 2542  2289                     645.0351667  229.69600  64.4%   440  267s
H 2553  2246                     602.6754667  229.69600  61.9%   455  267s
H 2559  2222                     577.4203333  229.69600  60.2%   460  268s
H 2569  2071                     543.6069333  229.69600  57.7%   467  268s
  2570  2165  304.50049   59  399  543.60693  229.69600  57.7%   467  275s
  2786  2401  307.51387   61  395  543.60693  231.25667  57.5%   479  284s
  3095  2765  312.68614   79  388  543.60693  231.25667  57.5%   459  299s
  3552  3202  316.15806   99  387  543.60693  231.25667  57.5%   418  315s
  4116  3203  405.80759   56 6186  543.60693  231.25667  57.5%   376  346s
H 4117  3043                     543.5211333  231.25667  57.5%   376  352s
H 4117  2891                     540.0155333  231.25667  57.2%   376  352s
H 4117  2747                     537.4308667  231.25667  57.0%   376  352s
H 4117  2609                     536.1399667  231.25667  56.9%   376  353s
H 4117  2479                     535.9524667  231.25667  56.9%   376  353s
H 4117  2355                     532.7310667  231.25667  56.6%   376  353s
H 4117  2237                     518.6644667  231.25667  55.4%   376  354s
H 4117  2125                     507.8767667  231.25667  54.5%   376  354s
H 4117  2019                     497.4465667  231.25667  53.5%   376  354s
  4119  2020  442.31410   43  156  497.44657  231.25667  53.5%   376  358s
  4120  2021  269.75360   10  156  497.44657  245.13760  50.7%   375  371s
H 4121  1923                     487.8405667  245.13760  49.8%   380  384s
H 4122  1827                     479.4673667  245.13760  48.9%   380  384s
  4123  1829  245.13760   17  152  479.46737  245.13760  48.9%   380  385s
  4166  1858  245.13760   21  137  479.46737  245.13760  48.9%   378  392s
  4198  1890  245.13760   22  134  479.46737  245.13760  48.9%   378  395s
  4268  1882  285.25693   23  176  479.46737  245.13760  48.9%   373  400s
H 4304  1800                     479.1799667  245.13760  48.8%   371  409s
H 4309  1713                     472.0398667  245.13760  48.1%   371  409s
H 4316  1627                     468.8409667  245.13760  47.7%   371  409s
H 4317  1549                     461.1073667  245.13760  46.8%   371  409s
H 4320  1474                     459.1980667  245.13760  46.6%   371  409s
H 4331  1399                     450.7336667  245.13760  45.6%   370  410s
  4407  1426  295.68080   25  165  450.73367  245.13760  45.6%   367  416s
  4543  1444  295.68080   27  145  450.73367  245.13760  45.6%   360  424s
  4589  1451  377.06050   27  173  450.73367  245.13760  45.6%   358  426s
  4688  1473  390.36297   28  163  450.73367  245.13760  45.6%   354  431s
  4734  1480  295.68080   29  166  450.73367  245.13760  45.6%   352  435s
  4832  1497  295.68080   30  146  450.73367  245.13760  45.6%   349  440s
  4967  1531  373.43620   31  213  450.73367  245.13760  45.6%   342  454s
  5000  1541  295.68080   32  154  450.73367  245.13760  45.6%   340  472s
H 5004  1473                     450.7336649  245.13760  45.6%   340  472s
H 5031  1400                     450.7336631  245.13760  45.6%   339  472s
  5040  1438  295.68080   33  153  450.73366  245.13760  45.6%   338  475s
  5178  1500  295.68080   35  152  450.73366  245.13760  45.6%   332  481s
  5292  1538  295.68080   36  151  450.73366  245.13760  45.6%   326  485s
  5521  1594  295.68080   38  160  450.73366  245.13760  45.6%   316  492s
  5639  1606  295.68080   39  153  450.73366  245.13760  45.6%   311  496s
  5713  1673  391.06537   39  200  450.73366  245.13760  45.6%   308  500s
  6019  1769  295.68080   42  149  450.73366  245.13760  45.6%   296  509s
  6178  1743  295.68080   43  149  450.73366  245.13760  45.6%   290  518s
H 6193  1678                     449.8956631  245.13760  45.5%   290  518s
H 6201  1617                     437.1976658  245.13760  43.9%   290  518s
H 6222  1556                     437.1976649  245.13760  43.9%   289  518s
  6224  1693     cutoff   43       437.19766  245.13760  43.9%   289  525s
  6463  1782  295.68080   45  158  437.19766  245.13760  43.9%   281  532s
  6722  1767  295.68080   46  151  437.19766  245.13760  43.9%   273  548s
  6832  1981  359.55767   47  194  437.19766  245.13760  43.9%   270  557s
  7169  1856  298.67013   49  161  437.19766  245.13760  43.9%   260  561s
H 7293  1968                     430.5447667  245.13760  43.1%   257  575s
H 7404  1968                     429.6341649  245.13760  42.9%   254  575s
  7566  2113  369.54777   50  158  429.63416  245.13760  42.9%   249  581s
  7845  2423  298.67013   51  191  429.63416  245.13760  42.9%   243  590s
  8226  2790  301.96730   52  183  429.63416  245.13760  42.9%   235  599s
H 8706  2918                     425.9917667  245.13760  42.5%   225  613s
H 8712  2763                     410.0125658  245.13760  40.2%   225  613s
H 8889  2736                     407.8982667  245.13760  39.9%   221  613s
H 8923  2729                     407.8553667  245.13760  39.9%   221  624s
H 8937  2126                     380.3929000  245.13760  35.6%   220  624s
  8980  2156  304.84880   56  153  380.39290  245.13760  35.6%   220  630s
  9120  2587  304.84880   59  151  380.39290  245.13760  35.6%   220  639s
  9635  3125  356.27133   66  208  380.39290  245.13760  35.6%   211  650s
H10310  3475                     377.2063000  245.13760  35.0%   200  663s
 10897  4198  310.46182   78  172  377.20630  245.13760  35.0%   191  677s
 11754  4318  334.17662   95  168  377.20630  245.13760  35.0%   179  695s
 11897  4893     cutoff   95       377.20630  245.13760  35.0%   178  713s
 12544  5705 infeasible  109       377.20630  245.13760  35.0%   170  729s
 13450  6860  334.17662  136  211  377.20630  245.13760  35.0%   160  746s
 14740  6974 infeasible  158       377.20630  245.13760  35.0%   148  752s
 14901  8319  334.17662  160  238  377.20630  245.13760  35.0%   148  769s
 16337  9802  350.77302  168  231  377.20630  245.13760  35.0%   137  786s
 17894 10711  345.19642  178  208  377.20630  245.13760  35.0%   127  801s
 18942 11674  345.19642  186  222  377.20630  245.13760  35.0%   122  815s
 20064 12978 infeasible  195       377.20630  245.13760  35.0%   117  832s
 21542 14072  245.13760  422  169  377.20630  245.13760  35.0%   111  848s
 22866 14171  245.13760  531  164  377.20630  245.13760  35.0%   106  852s
 23042 14201  245.13760  537  161  377.20630  245.13760  35.0%   106  869s
 23076 14230  245.13760  538  161  377.20630  245.13760  35.0%   106  882s
 23109 14364  245.13760  539  162  377.20630  245.13760  35.0%   106  892s
H23154 14364                     377.1307000  245.13760  35.0%   106  892s
 23251 14962  245.13760  540  161  377.13070  245.13760  35.0%   106  902s
 23933 16523  245.13760  570  161  377.13070  245.13760  35.0%   104  927s
 25725 17579  245.13760  686  188  377.13070  245.13760  35.0%  98.6  951s
H25828 17473                     373.4799000  245.13760  34.4%  98.3  951s
H26281 17473                     373.4445000  245.13760  34.4%  97.0  951s
H26313 17472                     373.3737000  245.13760  34.3%  96.9  951s
 26900 19270  245.13760  771  159  373.37370  245.13760  34.3%  95.4  974s
H28913 21295                     369.9665000  245.13760  33.7%  90.7 1078s
 32572 21194  245.13760 1008  150  369.96650  245.13760  33.7%  83.0 1083s
 32703 23378  245.13760 1012  154  369.96650  245.13760  33.7%  82.9 1106s
 35045 25227  245.13760 1095  175  369.96650  245.13760  33.7%  78.3 1127s
 37154 27454  245.13760 1171  172  369.96650  245.13760  33.7%  75.0 1151s
 39658 27709  245.13760 1257  174  369.96650  245.13760  33.7%  71.2 1160s
 39976 28017  245.13760 1273  155  369.96650  245.13760  33.7%  70.8 1165s
 40404 29527  245.13760 1304  170  369.96650  245.13760  33.7%  70.4 1180s
 42039 31847  245.13760 1447  167  369.96650  245.13760  33.7%  68.5 1204s
 42186 31847  245.13760  177  142  369.96650  245.13760  33.7%  68.3 1205s
 44518 33946  245.13760 1594  138  369.96650  245.13760  33.7%  65.6 1226s
 46841 36290  245.13760 1745  143  369.96650  245.13760  33.7%  63.4 1251s
 49265 37015  245.13760 1937  143  369.96650  245.13760  33.7%  61.2 1260s
 50078 38498  245.13760 1975  178  369.96650  245.13760  33.7%  61.0 1280s
 51647 39487  245.13760 2065  164  369.96650  245.13760  33.7%  59.9 1293s
 52788 42475  245.13760 2103  163  369.96650  245.13760  33.7%  59.2 1324s
 55950 43336  245.13760 2216  190  369.96650  245.13760  33.7%  56.8 1335s
 57306 46040  246.26050 2257  184  369.96650  245.13760  33.7%  56.5 1365s
 59929 46041  366.76672 1516 5678  369.96650  245.13760  33.7%  55.1 1493s
 59931 46042  364.88345 1149  152  369.96650  245.13760  33.7%  55.1 1502s
 59932 46043  361.32838 1693  136  369.96650  245.13760  33.7%  55.1 1506s
 59933 46044  337.55244  838  136  369.96650  245.13760  33.7%  55.1 1516s
 59934 46045  245.13760   29  215  369.96650  245.13760  33.7%  55.4 1528s
 59936 46047  245.13760   30  214  369.96650  245.13760  33.7%  55.4 1531s
 59942 46050  245.13760   32  171  369.96650  245.13760  33.7%  55.4 1547s
 59948 46051  245.13760   33  156  369.96650  245.13760  33.7%  55.5 1554s
 59957 46049  245.13760   34  156  369.96650  245.13760  33.7%  55.6 1559s
 59969 46047  245.13760   35  157  369.96650  245.13760  33.7%  55.8 1571s
H59973 43742                     369.9655351  245.13760  33.7%  55.8 1571s
 59997 43743  245.13760   37  160  369.96554  245.13760  33.7%  56.2 1579s
 60019 43740  245.13760   38  155  369.96554  245.13760  33.7%  56.6 1588s
H60034 41548                     369.9645690  245.13760  33.7%  56.6 1588s
 60043 41557  245.13760   39  155  369.96457  245.13760  33.7%  56.6 1609s
 60094 41587  285.89210   41  152  369.96457  245.13760  33.7%  57.4 1625s
 60211 41573  285.89210   44  142  369.96457  245.13760  33.7%  57.6 1636s
 60403 41630 infeasible   47       369.96457  245.13760  33.7%  58.1 1643s
 60528 41616  309.76867   50  145  369.96457  245.13760  33.7%  58.1 1654s
 60580 41649  285.89210   50  137  369.96457  245.13760  33.7%  58.6 1657s
 60695 41661  309.76867   53  136  369.96457  245.13760  33.7%  58.7 1660s
 60919 41676 infeasible   59       369.96457  245.13760  33.7%  58.7 1666s
 61021 41678  309.76867   62  137  369.96457  245.13760  33.7%  58.8 1676s
 61082 41683  309.76867   65  137  369.96457  245.13760  33.7%  59.0 1681s
 61133 41740 infeasible   65       369.96457  245.13760  33.7%  59.1 1685s
 61405 41796  309.76867   71  135  369.96457  245.13760  33.7%  59.1 1692s
 61529 41800  309.76867   74  135  369.96457  245.13760  33.7%  59.0 1700s
 61744 41916  309.76867   80  135  369.96457  245.13760  33.7%  59.1 1708s
 61930 41913 infeasible   84       369.96457  245.13760  33.7%  59.0 1712s
 62018 42000 infeasible   87       369.96457  245.13760  33.7%  58.9 1717s
 62235 42043     cutoff   92       369.96457  245.13760  33.7%  58.8 1722s
 62443 42027  311.75950   97  133  369.96457  245.13760  33.7%  58.8 1731s
 62547 42174  311.75950   99  144  369.96457  245.13760  33.7%  58.8 1736s
 62812 42272  311.75950  102  140  369.96457  245.13760  33.7%  58.8 1745s
 63091 42266  311.75950  104  140  369.96457  245.13760  33.7%  58.7 1753s
 63218 42545  313.18817  107  134  369.96457  245.13760  33.7%  58.7 1763s
 63686 42776  313.18817  117  130  369.96457  245.13760  33.7%  58.5 1773s
 64228 42959  313.18817  129  127  369.96457  245.13760  33.7%  58.3 1783s
 64790 42867  313.18817  143  125  369.96457  245.13760  33.7%  58.0 1789s
 64920 43316  313.18817  145  125  369.96457  245.13760  33.7%  58.0 1799s
 65520 43691  245.13760   70  135  369.96457  245.13760  33.7%  57.8 1808s
 66173 44053  245.13760   80  168  369.96457  245.13760  33.7%  57.4 1817s
 66823 44254  245.13760   93  130  369.96457  245.13760  33.7%  57.1 1826s
 67450 44800  252.25173  125  131  369.96457  245.13760  33.7%  56.8 1841s
 68188 44580  252.25173  150  169  369.96457  245.13760  33.7%  56.4 1845s
 68222 44591  252.25173  151  169  369.96457  245.13760  33.7%  56.4 1850s
 68257 44611  252.25173  152  169  369.96457  245.13760  33.7%  56.4 1858s
 68296 44651  252.25173  153  169  369.96457  245.13760  33.7%  56.4 1864s
 68361 44710  252.25173  154  145  369.96457  245.13760  33.7%  56.4 1871s
 68457 45268  252.25173  155  134  369.96457  245.13760  33.7%  56.4 1884s
 69137 46016  252.25173  156  129  369.96457  245.13760  33.7%  56.0 1900s
 70374 47261  267.05500  192  121  369.96457  245.13760  33.7%  55.4 1921s
 71992 48448  274.46300  254  118  369.96457  245.13760  33.7%  54.6 1938s
 73787 49317  278.82127  327  113  369.96457  245.13760  33.7%  53.6 1955s
 75389 48810  285.45664  413  124  369.96457  245.13760  33.7%  52.9 1969s
 75426 48820  285.45664  414  129  369.96457  245.13760  33.7%  52.8 1981s
 75465 48837  285.45664  415  128  369.96457  245.13760  33.7%  52.8 1992s
 75498 48853  285.45664  416  128  369.96457  245.13760  33.7%  52.8 1997s
 75532 48869  285.45664  417  128  369.96457  245.13760  33.7%  52.8 2003s
 75565 48887  285.45664  418  128  369.96457  245.13760  33.7%  52.8 2008s
 75597 48912  285.45664  419  128  369.96457  245.13760  33.7%  52.8 2014s
 75638 48943  285.45664  420  128  369.96457  245.13760  33.7%  52.8 2019s
 75687 48975  285.45664  426  125  369.96457  245.13760  33.7%  52.8 2026s
 75742 49015  285.45664  435  131  369.96457  245.13760  33.7%  52.8 2031s
 75804 49055  285.45664  444  132  369.96457  245.13760  33.7%  52.7 2039s
 75871 49119  285.45664  453  128  369.96457  245.13760  33.7%  52.7 2044s
 75968 49179  285.45664  462  122  369.96457  245.13760  33.7%  52.6 2049s
 76066 49235  285.45664  472  123  369.96457  245.13760  33.7%  52.6 2055s
 76176 50284  285.45664  481  114  369.96457  245.13760  33.7%  52.5 2071s
 77328 51084  285.45664  567  127  369.96457  245.13760  33.7%  51.9 2094s
 78591 51718  285.45664  635  196  369.96457  245.13760  33.7%  51.3 2115s
 79687 51420  285.45664  641  171  369.96457  245.13760  33.7%  50.9 2123s
 79773 51667  285.45664  646  168  369.96457  245.13760  33.7%  50.9 2134s
 80075 52141  285.45664  697  138  369.96457  245.13760  33.7%  50.8 2146s
 80713 52093  285.45664  803  145  369.96457  245.13760  33.7%  50.6 2154s
 80898 54403  285.45664  815  142  369.96457  245.13760  33.7%  50.6 2189s
 83426 55243  285.45664  927  145  369.96457  245.13760  33.7%  49.5 2217s
 85271 56713  287.53664  974  154  369.96457  245.13760  33.7%  48.9 2241s
 87587 58491  287.53664 1060  144  369.96457  245.13760  33.7%  48.0 2267s
 90332 57577  342.06704  545 5675  369.96457  245.13760  33.7%  47.1 2533s
 90334 57578  361.32838  565  214  369.96457  245.13760  33.7%  47.1 2547s
 90335 57579  289.25047  610  194  369.96457  245.13760  33.7%  47.1 2554s
 90336 57580  368.73244  889  226  369.96457  245.13760  33.7%  47.0 2556s
 90337 57580  361.32838  308  159  369.96457  245.13760  33.7%  47.0 2587s
 90338 57581  333.24771  111  179  369.96457  245.13760  33.7%  47.0 2606s
 90339 57582  307.94250  131  277  369.96457  245.13760  33.7%  47.0 2632s
 90340 57582  314.68007  771  268  369.96457  245.13760  33.7%  47.0 2636s
 90343 57584  367.85787  263  248  369.96457  245.13760  33.7%  47.0 2657s
 90344 57585  365.86841  527  268  369.96457  245.13760  33.7%  47.0 2664s
 90345 57586  364.84059  406  265  369.96457  245.13760  33.7%  47.0 2665s
 90347 57587  308.17350  506  235  369.96457  245.13760  33.7%  47.0 2682s
 90348 57588  369.44218  843  237  369.96457  245.66513  33.6%  47.0 2685s
 90352 57590  339.02187  205  352  369.96457  245.80586  33.6%  47.0 2702s
 90353 57591  312.75983  431  338  369.96457  246.92116  33.3%  47.0 2708s
 90355 57592  362.88394  557  303  369.96457  246.92690  33.3%  47.0 2723s
 90356 57593  330.73931  748  458  369.96457  249.05500  32.7%  47.0 2729s
 90357 57594  330.55383  184  443  369.96457  249.09180  32.7%  47.0 2731s
 90361 57596  344.42939   67  458  369.96457  249.10907  32.7%  47.0 2745s
 90362 57597  327.91832  228  446  369.96457  250.40895  32.3%  47.0 2753s
H90362 54716                     369.9645472  250.40895  32.3%  47.0 2753s
 90365 54718  362.88394  510  456  369.96455  250.40895  32.3%  47.0 2768s
 90366 54719  322.35727  181  353  369.96455  251.01757  32.2%  47.0 2774s
 90367 54719  290.66016  195  352  369.96455  251.10920  32.1%  47.0 2776s
 90369 54721  366.26609  764  353  369.96455  251.11033  32.1%  47.0 2788s
 90370 54721  343.22129  394  489  369.96455  253.21275  31.6%  47.0 2798s
 90372 54723  365.86841  385  484  369.96455  253.47953  31.5%  47.0 2800s
 90373 54723  347.25175  329  486  369.96455  253.47953  31.5%  47.0 2815s
 90374 54724  365.28270  558  539  369.96455  258.51414  30.1%  47.0 2827s
 90379 54727  303.69939  939  572  369.96455  258.80847  30.0%  47.0 2841s
 90380 54728  365.86841  999  576  369.96455  265.57785  28.2%  47.0 2851s
 90383 54730  344.43601  649  580  369.96455  265.71815  28.2%  47.0 2865s
 90384 54731  345.41161 1037  607  369.96455  271.64883  26.6%  47.0 2875s
 90387 54733  353.64428  482  622  369.96455  271.85972  26.5%  47.0 2889s
 90388 54733  341.68355  287  593  369.96455  277.29683  25.0%  47.0 2911s
 90390 54735  330.56031   76  606  369.96455  277.29683  25.0%  47.0 2926s
 90391 54735  367.30257  387  597  369.96455  282.54000  23.6%  47.0 2931s
 90394 54737  306.29180  811  605  369.96455  282.72156  23.6%  47.0 2947s
 90395 54738  316.65812  825  524  369.96455  289.55278  21.7%  47.0 2952s
 90398 54740  290.79119  835  521  369.96455  289.60207  21.7%  47.0 2967s
 90399 54741  366.55779   72  527  369.96455  300.66803  18.7%  47.0 2973s
 90402 54743  305.62985  351  550  369.96455  301.32173  18.6%  47.0 2975s
 90403 54743  360.84266  664  555  369.96455  301.32193  18.6%  47.0 2985s
 90404 54744  328.78707  409  527  369.96455  308.66740  16.6%  47.0 2990s
 90407 54746  325.87069  898  533  369.96455  308.66740  16.6%  47.0 3001s
 90408 54747  342.66028  925  514  369.96455  314.33548  15.0%  47.0 3005s
 90410 54748  343.22791  526  525  369.96455  314.66679  14.9%  47.0 3017s
 90411 54749  361.32838  208  521  369.96455  319.19300  13.7%  47.0 3022s
 90415 54751  362.88394  993  532  369.96455  319.50426  13.6%  47.0 3034s
 90416 54752  343.22129  411  527  369.96455  322.95932  12.7%  47.0 3039s
 90417 54753  362.63133  744  532  369.96455  323.12885  12.7%  47.0 3040s
 90419 54754  346.01804  808  539  369.96455  323.13223  12.7%  47.0 3051s
 90420 54755  361.23273  758  526  369.96455  325.14482  12.1%  47.0 3065s
 90424 54757  328.78707  413  530  369.96455  325.20678  12.1%  47.0 3077s
 90427 54761  342.77597  722 4388  369.96455  325.97564  11.9%  48.4 3108s
 90429 54762  364.45533   98  395  369.96455  325.97564  11.9%  48.4 3120s
 90430 54763  362.88394  379  628  369.96455  325.97564  11.9%  48.4 3125s
 90431 54764  365.86841 1094  807  369.96455  325.97564  11.9%  48.4 3131s
 90435 54766  325.97602  610  835  369.96455  325.97602  11.9%  48.4 3143s
 90438 54768  333.24771  111  845  369.96455  326.08303  11.9%  48.4 3153s
 90439 54769  326.54677  131  858  369.96455  326.54677  11.7%  48.4 3155s
 90440 54770  326.55745  771  853  369.96455  326.55745  11.7%  48.4 3164s
 90441 54770  330.97131  231  863  369.96455  326.70547  11.7%  48.4 3166s
 90442 54771  342.66028  617  870  369.96455  326.70547  11.7%  48.4 3174s
 90443 54772  367.85787  263  826  369.96455  326.76345  11.7%  48.4 3176s
 90445 54773  364.84059  406  838  369.96455  326.76345  11.7%  48.4 3185s
 90447 54774  326.82578  506  860  369.96455  326.82578  11.7%  48.4 3195s
 90449 54776  326.90993  709  868  369.96455  326.90993  11.6%  48.4 3205s
 90452 54778  339.02187  205  881  369.96455  326.98078  11.6%  48.4 3216s
 90455 54780  362.88394  557  840  369.96455  327.03810  11.6%  48.4 3228s
 90458 54782  342.66028  663  852  369.96455  327.04659  11.6%  48.4 3238s
 90460 54783  365.23761  397  849  369.96455  327.15033  11.6%  48.4 3249s
 90461 54784  344.42939   67  841  369.96455  327.18946  11.6%  48.4 3250s
 90463 54785  349.53067   69  852  369.96455  327.19558  11.6%  48.4 3259s
 90464 54786  365.23761  303  851  369.96455  327.21645  11.6%  48.4 3260s
 90465 54786  362.88394  510  853  369.96455  327.21645  11.6%  48.4 3270s
 90466 54787  327.21645  181  857  369.96455  327.21645  11.6%  48.4 3281s
 90469 54789  366.26609  764  791  369.96455  328.81735  11.1%  48.4 3285s
 90470 54790  343.22129  394  792  369.96455  328.81748  11.1%  48.4 3294s
 90471 54790  330.15000  704  815  369.96455  330.15000  10.8%  48.4 3296s
 90473 54792  347.25175  329  826  369.96455  330.30477  10.7%  48.4 3305s
 90476 54794  347.16763  616  841  369.96455  330.32622  10.7%  48.4 3314s
 90477 54794  365.86841  918  848  369.96455  330.34127  10.7%  48.4 3315s
 90479 54796  330.34159  939  847  369.96455  330.34159  10.7%  48.4 3324s
 90480 54796  365.86841  999  843  369.96455  330.39137  10.7%  48.4 3325s
 90482 54798  367.90327  839  846  369.96455  330.39137  10.7%  48.4 3334s
 90483 54798  344.43601  649  847  369.96455  330.40618  10.7%  48.4 3335s
 90485 54800  330.40727  315  853  369.96455  330.40727  10.7%  48.3 3343s
 90488 54802  341.68355  287  847  369.96455  330.43519  10.7%  48.3 3353s
 90490 54803  330.56031   76  879  369.96455  330.44491  10.7%  48.3 3363s
 90493 54805  330.47043 1081  867  369.96455  330.47043  10.7%  48.3 3372s
 90496 54807  342.66028 1076  869  369.96455  330.47350  10.7%  48.3 3381s
 90498 54808  330.49327  835  864  369.96455  330.49327  10.7%  48.3 3391s
 90500 54810  345.06588  315  899  369.96455  330.50734  10.7%  48.3 3400s
 90502 54811  330.50734  351  898  369.96455  330.50734  10.7%  48.3 3412s
 90506 54814  330.54040  283  908  369.96455  330.54040  10.7%  48.3 3423s
 90508 54815  342.66028  925  914  369.96455  330.54219  10.7%  48.3 3433s
 90510 54816  343.22791  526  907  369.96455  330.55632  10.7%  48.3 3443s
 90512 54818  347.24513  354  909  369.96455  330.55632  10.7%  48.3 3453s
 90514 54819  330.55632  560  912  369.96455  330.55632  10.7%  48.3 3464s
 90515 54820  362.88394  993  909  369.96455  330.56477  10.6%  48.3 3465s
 90516 54820  343.22129  411  911  369.96455  330.56477  10.6%  48.3 3474s
 90517 54821  362.63133  744  917  369.96455  330.61906  10.6%  48.3 3476s
 90520 54823  361.23273  758  919  369.96455  330.61906  10.6%  48.3 3485s
 90523 54825  365.86841 1119  921  369.96455  330.64768  10.6%  48.3 3495s
 90525 54826  365.86841  934  910  369.96455  330.64768  10.6%  48.3 3505s
 90527 54828  342.77597  722  906  369.96455  330.64768  10.6%  48.3 3514s
 90528 54828  363.91280   57  913  369.96455  330.64768  10.6%  48.3 3523s
 90530 54830  362.88394  379  913  369.96455  330.66814  10.6%  48.3 3532s
 90533 54832  361.32838  832  915  369.96455  330.68165  10.6%  48.3 3542s
 90535 54833  330.68712  610  915  369.96455  330.68712  10.6%  48.3 3552s
 90538 54835  333.24771  111  913  369.96455  330.68934  10.6%  48.3 3562s
 90541 54837  330.97131  231  929  369.96455  330.69284  10.6%  48.3 3571s
 90544 54839  365.86841  527  924  369.96455  330.69799  10.6%  48.3 3581s
 90546 54840  331.75667  141  926  369.96455  330.72497  10.6%  48.3 3591s
 90548 54842  369.44218  843  929  369.96455  330.72497  10.6%  48.3 3601s
 90550 54843  330.72718  272  932  369.96455  330.72718  10.6%  48.3 3611s
 90552 54844  339.02187  205  931  369.96455  330.72718  10.6%  48.3 3621s
 90554 54846  369.36332  229  928  369.96455  330.72718  10.6%  48.3 3631s
 90556 54847  330.73931  748  938  369.96455  330.73185  10.6%  48.3 3641s
 90558 54848  342.66028  663  938  369.96455  330.73185  10.6%  48.3 3651s
 90560 54850  365.23761  397  940  369.96455  330.73185  10.6%  48.3 3660s
 90561 54850  344.42939   67  940  369.96455  330.73185  10.6%  48.3 3670s
 90562 54851  330.73185  228  940  369.96455  330.73185  10.6%  48.3 3683s
 90563 54854  330.98236   54  862  369.96455  330.98236  10.5%  49.5 3691s
 90567 54857  331.00012   56  853  369.96455  330.98462  10.5%  49.5 3697s
 90571 54860  331.00604   57  847  369.96455  330.98545  10.5%  49.5 3706s
 90579 54863  331.01108   58  845  369.96455  331.00347  10.5%  49.7 3718s
 90591 54863 infeasible   59       369.96455  331.00624  10.5%  50.1 3722s
 90609 54863  331.22841   60  810  369.96455  331.02292  10.5%  50.6 3732s
 90631 54882  331.25910   61  825  369.96455  331.22843  10.5%  51.4 3743s
 90687 54876  367.69876   63  710  369.96455  331.27591  10.5%  52.7 3787s
 90740 54903 infeasible   62       369.96455  331.28250  10.5%  53.7 3795s
 90837 54886     cutoff   68       369.96455  331.28250  10.5%  55.1 3808s
 90909 54871  332.73972   71  688  369.96455  331.45247  10.4%  56.4 3818s
 90957 54851     cutoff   73       369.96455  331.45247  10.4%  57.7 3825s
 91016 54830 infeasible   72       369.96455  331.55335  10.4%  59.3 3831s
 91107 54805  333.11251   76  672  369.96455  331.55335  10.4%  60.4 3836s
 91170 54808 infeasible   77       369.96455  331.55335  10.4%  61.3 3842s
 91267 54792  364.44781   86  428  369.96455  331.55335  10.4%  62.1 3847s
 91371 54770  364.66564   89  381  369.96455  331.55335  10.4%  62.6 3853s
 91499 54753  364.67747   93  355  369.96455  331.55335  10.4%  62.7 3859s
 91638 54737  364.67842   98  352  369.96455  331.55335  10.4%  62.8 3864s
 91798 54693  365.79162  103  295  369.96455  331.55335  10.4%  63.0 3869s
 91926 54661  366.02248  106  270  369.96455  331.55335  10.4%  63.0 3874s
 92076 54653  366.08380  111  268  369.96455  331.55335  10.4%  63.1 3879s
 92240 54652  366.12380  117  269  369.96455  331.55335  10.4%  63.1 3885s
 92412 54639  366.16936  122  314  369.96455  331.55335  10.4%  63.1 3891s
 92621 54577  366.30075  129  267  369.96455  331.55335  10.4%  63.0 3897s
 92848 54509  366.47252  137  274  369.96455  331.55335  10.4%  63.0 3943s
 92919 54483  366.71597  138  283  369.96455  331.55335  10.4%  63.0 3948s
 93075 54471  367.21465  144  256  369.96455  331.81789  10.3%  63.1 3957s
 93371 54448  338.49950  155  287  369.96455  331.88498  10.3%  63.2 3967s
 93788 54564  338.63204  165  247  369.96455  331.88498  10.3%  63.3 3980s
 94356 54812  338.91454  180  230  369.96455  331.88498  10.3%  63.4 3994s
 95070 55075  340.53912  192  242  369.96455  331.88498  10.3%  63.5 4011s
 95880 54969  341.93917  221  228  369.96455  332.54568  10.1%  63.5 4024s
 96534 55032  355.69588  239  234  369.96455  333.33967  9.90%  64.3 4038s
 97215 55351  367.37366  227  225  369.96455  335.04907  9.44%  65.0 4054s
 98124 55742  349.60156   86  416  369.96455  335.48427  9.32%  65.1 4072s
 99218 55967     cutoff   85       369.96455  335.85524  9.22%  65.3 4089s
 100274 56426  358.62398   94  338  369.96455  336.28290  9.10%  65.5 4109s
 101629 56784     cutoff  105       369.96455  336.36594  9.08%  65.6 4130s
 102959 57082  344.30211  126  278  369.96455  336.42515  9.07%  65.8 4147s
 104205 57499  352.09433  134  261  369.96455  336.45590  9.06%  66.2 4166s
 105498 57893  337.36942  131  176  369.96455  336.63106  9.01%  66.4 4185s
 106676 58286  344.23380  173  129  369.96455  336.63106  9.01%  66.8 4203s
 107935 58379  347.66314  138  289  369.96455  336.63304  9.01%  67.2 4219s
 108922 59040  350.66094  139  208  369.96455  336.63304  9.01%  67.3 4247s
 110546 59552  341.94386  131  294  369.96455  336.63304  9.01%  67.3 4266s
 112005 59958  356.55537  179  133  369.96455  336.63304  9.01%  67.5 4290s
 113634 60289     cutoff  138       369.96455  337.06205  8.89%  67.5 4311s
 115050 60874  338.11270  121  299  369.96455  337.06205  8.89%  67.7 4334s
 116635 61120  351.68370  145  171  369.96455  337.31485  8.83%  67.8 4352s
 117920 61808  356.34087  137  285  369.96455  337.35665  8.81%  68.1 4376s
 119596 61250  337.49630  142 3519  369.96455  337.36522  8.81%  68.2 4479s
 119598 61251  363.21366  120  252  369.96455  337.36522  8.81%  68.2 4489s
 119599 61252  355.85640  289  743  369.96455  337.36522  8.81%  68.2 4494s
 119600 61253  350.47752  152  847  369.96455  337.36522  8.81%  68.2 4499s
 119601 61253  366.82520  326  887  369.96455  337.36522  8.81%  68.2 4501s
 119607 61257  352.25646  161  932  369.96455  337.36522  8.81%  68.2 4505s
 119608 61258  346.86410  128  933  369.96455  337.36522  8.81%  68.2 4513s
 119610 61259  348.41785  246  927  369.96455  337.36522  8.81%  68.2 4515s
 119611 61260  356.06112  197  931  369.96455  337.36522  8.81%  68.2 4523s
 119613 61261  352.05525  211  923  369.96455  337.36522  8.81%  68.2 4525s
 119614 61262  369.95046  177  922  369.96455  337.36522  8.81%  68.2 4534s
 119615 61263  356.14239  137  917  369.96455  337.36522  8.81%  68.2 4535s
 119616 61263  369.37695   71  926  369.96455  337.36522  8.81%  68.2 4545s
 119619 61265  369.79741  145  940  369.96455  337.36522  8.81%  68.2 4554s
 119620 61266  347.29182  148  938  369.96455  337.36522  8.81%  68.2 4555s
 119621 61267  341.04022  216  943  369.96455  337.36522  8.81%  68.2 4563s
 119623 61268  368.11211  199  917  369.96455  337.36522  8.81%  68.2 4573s
 119624 61269  352.99169  135  902  369.96455  337.36522  8.81%  68.2 4575s
 119626 61270  367.86242  145  903  369.96455  337.36522  8.81%  68.2 4584s
 119627 61271  354.42767  157  883  369.96455  337.36522  8.81%  68.2 4585s
 119628 61271  343.64182  176  898  369.96455  337.36522  8.81%  68.2 4593s
 119631 61273  367.33974  126  903  369.96455  337.36522  8.81%  68.2 4603s
 119633 61275  365.50867  153  907  369.96455  337.36522  8.81%  68.2 4613s
 119635 61276  349.27886  124  910  369.96455  337.36522  8.81%  68.2 4622s
 119637 61277  349.83027  168  856  369.96455  337.36522  8.81%  68.2 4633s
 119639 61279  338.98827  146  829  369.96455  337.36522  8.81%  68.1 4644s
 119640 61279  344.10799  200  762  369.96455  337.36522  8.81%  68.1 4647s
 119643 61281  340.74224  122  771  369.96455  337.36522  8.81%  68.1 4657s
 119646 61283  337.89423  135  793  369.96455  337.36522  8.81%  68.1 4667s
 119649 61285  348.44574  132  796  369.96455  337.36522  8.81%  68.1 4676s
 119652 61287  341.16087  223  803  369.96455  337.36522  8.81%  68.1 4684s
 119653 61288  347.20360  186  801  369.96455  337.36522  8.81%  68.1 4685s
 119654 61289  342.92608  212  801  369.96455  337.36522  8.81%  68.1 4692s
 119656 61290  357.53978  174  734  369.96455  337.36522  8.81%  68.1 4700s
 119658 61291  364.36543  144  735  369.96455  337.36522  8.81%  68.1 4708s
 119661 61293  360.84266  195  739  369.96455  337.36522  8.81%  68.1 4717s
 119663 61295  339.50495  152  738  369.96455  337.36522  8.81%  68.1 4725s
 119666 61297  366.14174  253  742  369.96455  337.36522  8.81%  68.1 4733s
 119668 61298  352.01444  144  742  369.96455  337.36522  8.81%  68.1 4741s
 119671 61300  350.34212  241  748  369.96455  337.36522  8.81%  68.1 4749s
 119672 61301  348.00308  166  752  369.96455  337.36522  8.81%  68.1 4750s
 119673 61301  342.37659  162  753  369.96455  337.36522  8.81%  68.1 4758s
 119676 61303  362.86380  239  753  369.96455  337.36522  8.81%  68.1 4767s
 119678 61305  350.49027  124  733  369.96455  337.36522  8.81%  68.1 4775s
 119681 61307  365.54225  196  745  369.96455  337.36522  8.81%  68.1 4783s
 119684 61309  364.32857  144  746  369.96455  337.36522  8.81%  68.1 4792s
 119685 61309  337.78815  179  747  369.96455  337.36522  8.81%  68.1 4800s
 119687 61311  363.21232  171  742  369.96455  337.36522  8.81%  68.1 4808s
 119689 61312  355.97425  183  744  369.96455  337.36522  8.81%  68.1 4817s
 119691 61313  342.90732  136  736  369.96455  337.36522  8.81%  68.1 4826s
 119693 61315  349.61595  183  732  369.96455  337.36522  8.81%  68.1 4835s
 119695 61316  352.56596  144  738  369.96455  337.36522  8.81%  68.1 4843s
 119698 61318  363.21366  120  758  369.96455  337.36522  8.81%  68.1 4852s
 119700 61319  350.47752  152  737  369.96455  337.36522  8.81%  68.1 4861s
 119703 61321  367.85270  294  744  369.96455  337.36522  8.81%  68.1 4870s
 119705 61323  348.74467  231  748  369.96455  337.36522  8.81%  68.1 4879s
 119706 61323  350.02664  148  748  369.96455  337.36522  8.81%  68.1 4888s
 119708 61325  346.86410  128  738  369.96455  337.36522  8.81%  68.1 4896s
 119710 61326  348.41785  246  739  369.96455  337.36522  8.81%  68.1 4904s
 119711 61327  356.06112  197  739  369.96455  337.36522  8.81%  68.1 4905s
 119712 61327  349.08755  130  747  369.96455  337.36522  8.81%  68.1 4913s
 119713 61328  352.05525  211  747  369.96455  337.36522  8.81%  68.1 4920s
 119715 61329  356.14239  137  745  369.96455  337.36522  8.81%  68.1 4929s
 119716 61330  369.37695   71  736  369.96455  337.36522  8.81%  68.1 4930s
 119717 61331  347.59789  184  738  369.96455  337.36522  8.81%  68.1 4938s
 119719 61332  369.79741  145  740  369.96455  337.36522  8.81%  68.1 4946s
 119720 61333  347.29182  148  740  369.96455  337.36522  8.81%  68.1 4954s
 119721 61333  341.04022  216  738  369.96455  337.36522  8.81%  68.1 4962s
 119723 61336  368.11211  199 2793  369.96455  337.36522  8.81%  68.5 4968s
 119725 61337  356.16529  199  201  369.96455  337.36522  8.81%  68.5 4975s
 119727 61339  354.42767  157  637  369.96455  337.36522  8.81%  68.5 4982s
 119729 61340  349.87425  200  697  369.96455  337.36522  8.81%  68.5 4985s
 119733 61343  365.50867  153  727  369.96455  337.36522  8.81%  68.5 4992s
 119735 61344  349.27886  124  739  369.96455  337.36522  8.81%  68.5 5000s
 119738 61346  337.99508  122  738  369.96455  337.36522  8.81%  68.5 5008s
 119742 61349  362.63051  218  762  369.96455  337.36522  8.81%  68.5 5015s
 119744 61350  364.46305  181  782  369.96455  337.36522  8.81%  68.5 5023s
 119746 61351  337.89423  135  776  369.96455  337.36522  8.81%  68.5 5030s
 119748 61353  366.71858  258  773  369.96455  337.36522  8.81%  68.5 5037s
 119751 61355  348.11887  143  763  369.96455  337.36522  8.81%  68.5 5045s
 119754 61357  342.92608  212  764  369.96455  337.36522  8.81%  68.5 5052s
 119756 61358  357.53978  174  761  369.96455  337.36522  8.81%  68.5 5059s
 119757 61359  349.82727  165  754  369.96455  337.36522  8.81%  68.5 5060s
 119758 61359  364.36543  144  758  369.96455  337.36522  8.81%  68.5 5066s
 119759 61360  337.93070  191  759  369.96455  337.36522  8.81%  68.5 5073s
 119761 61361  360.84266  195  761  369.96455  337.36522  8.81%  68.5 5080s
 119764 61363  364.46310  185  763  369.96455  337.36522  8.81%  68.5 5088s
 119765 61364  342.99050  203  756  369.96455  337.36522  8.81%  68.5 5090s
 119767 61365  345.43743  138  759  369.96455  337.36522  8.81%  68.5 5097s
 119770 61367  337.56471  193  756  369.96455  337.36522  8.81%  68.5 5104s
 119771 61368  350.34212  241  755  369.96455  337.36522  8.81%  68.5 5105s
 119772 61369  348.00308  166  756  369.96455  337.36522  8.81%  68.5 5111s
 119774 61370  368.99295  118  758  369.96455  337.36522  8.81%  68.5 5118s
 119776 61371  362.86380  239  758  369.96455  337.36522  8.81%  68.5 5125s
 119779 61373  366.58768  155  766  369.96455  337.36522  8.81%  68.5 5132s
 119781 61375  365.54225  196  766  369.96455  337.36522  8.81%  68.5 5139s
 119782 61375  361.09635  150  765  369.96455  337.36522  8.81%  68.5 5140s
 119783 61376  353.18728  139  766  369.96455  337.36522  8.81%  68.5 5145s
 119786 61378  353.26589  142  771  369.96455  337.36522  8.81%  68.5 5153s
 119788 61379  347.25437  142  771  369.96455  337.36522  8.81%  68.5 5160s
 119790 61381  344.90913  155  771  369.96455  337.36522  8.81%  68.5 5167s
 119792 61382  344.85263  170  771  369.96455  337.36522  8.81%  68.5 5175s
 119794 61383  346.45732  152  777  369.96455  337.36522  8.81%  68.5 5182s
 119796 61385  337.49630  142  774  369.96455  337.36522  8.81%  68.5 5189s
 119797 61385  340.90219  193  776  369.96455  337.36522  8.81%  68.5 5190s
 119798 61386  363.21366  120  778  369.96455  337.36522  8.81%  68.5 5197s
 119800 61387  350.47752  152  778  369.96455  337.36522  8.81%  68.5 5204s
 119801 61388  366.82520  326  775  369.96455  337.36522  8.81%  68.5 5205s
 119802 61389  349.72998  146  778  369.96455  337.36522  8.81%  68.5 5212s
 119804 61390  359.00271  146  781  369.96455  337.36522  8.81%  68.5 5219s
 119806 61391  350.02664  148  776  369.96455  337.36522  8.81%  68.5 5220s
 119807 61392  352.25646  161  786  369.96455  337.36522  8.81%  68.5 5226s
 119809 61393  362.69529   98  785  369.96455  337.36522  8.81%  68.5 5234s
 119812 61395  349.08755  130  786  369.96455  337.36522  8.81%  68.5 5240s
 119814 61397  369.95046  177  783  369.96455  337.36522  8.81%  68.5 5247s
 119816 61398  369.37695   71  783  369.96455  337.36522  8.81%  68.5 5254s
 119817 61399  347.59789  184  784  369.96455  337.36522  8.81%  68.5 5261s
 119819 61400  369.79741  145  788  369.96455  337.36522  8.81%  68.5 5268s
 119821 61401  341.04022  216  788  369.96455  337.36522  8.81%  68.5 5274s
 119822 61402  353.34815  155  788  369.96455  337.36522  8.81%  68.5 5281s
 119823 61403  368.11211  199  786  369.96455  337.36522  8.81%  68.5 5287s
 119824 61403  352.99169  135  778  369.96455  337.36522  8.81%  68.5 5294s
 119825 61404  356.16529  199  778  369.96455  337.36522  8.81%  68.5 5295s
 119827 61405  354.42767  157  781  369.96455  337.36522  8.81%  68.5 5302s
 119831 61408  367.33974  126  788  369.96455  337.36522  8.81%  68.5 5311s
 119833 61409  365.50867  153  795  369.96455  337.36522  8.81%  68.5 5318s
 119835 61411  349.27886  124  788  369.96455  337.36522  8.81%  68.5 5320s
 119836 61411  368.33386  228  791  369.96455  337.36522  8.81%  68.5 5326s
 119838 61413  337.99508  122  794  369.96455  337.36522  8.81%  68.5 5332s
 119840 61414  344.10799  200  796  369.96455  337.36522  8.81%  68.5 5339s
 119841 61415  339.41823  212  791  369.96455  337.36522  8.81%  68.5 5340s
 119842 61415  362.63051  218  796  369.96455  337.36522  8.81%  68.5 5346s
 119844 61417  364.46305  181  788  369.96455  337.36522  8.81%  68.5 5354s
 119846 61418  337.89423  135  798  369.96455  337.36522  8.81%  68.4 5361s
 119848 61419  366.71858  258  797  369.96455  337.36522  8.81%  68.4 5368s
 119850 61421  348.11900  144  796  369.96455  337.36522  8.81%  68.4 5376s
 119852 61422  341.16087  223  804  369.96455  337.36522  8.81%  68.4 5383s
 119855 61424  356.59497  251  810  369.96455  337.36522  8.81%  68.4 5391s
 119858 61426  364.36543  144  815  369.96455  337.36522  8.81%  68.4 5398s
 119859 61427  337.93070  191  814  369.96455  337.36522  8.81%  68.4 5406s
 119861 61430  337.36522   73  805  369.96455  337.36522  8.81%  68.9 5414s
 119863 61430  337.36522   74  804  369.96455  337.36522  8.81%  68.9 5427s
 119880 61426  337.39121   78  804  369.96455  337.36522  8.81%  68.9 5430s
 119903 61420  337.76742   82  801  369.96455  337.76742  8.70%  68.9 5438s
 119920 61415  337.95628   84  803  369.96455  337.95628  8.65%  68.9 5443s
 119926 61414  337.95736   85  799  369.96455  337.95628  8.65%  69.1 5449s
 119935 61411  337.96517   86  800  369.96455  337.96517  8.65%  69.4 5453s
 119944 61412  338.18605   87  804  369.96455  337.99448  8.64%  69.6 5461s
 119969 61410  350.27575   89  807  369.96455  338.61275  8.47%  69.6 5468s
 120000 61397  351.64286   91  808  369.96455  338.62773  8.47%  69.8 5482s
 120019 61386  352.61698   92  807  369.96455  339.10077  8.34%  70.1 5486s
 120039 61381     cutoff   94       369.96455  339.15027  8.33%  70.5 5494s
 120054 61377     cutoff   95       369.96455  339.16715  8.32%  70.8 5497s
 120072 61369  339.34603   97  671  369.96455  339.24500  8.30%  71.1 5505s
 120106 61394  339.40948   99  662  369.96455  339.37761  8.27%  72.0 5513s
 120154 61394  339.51315  101  647  369.96455  339.41606  8.26%  72.4 5517s
 120209 61375 infeasible  100       369.96455  339.49741  8.24%  73.0 5571s
 120259 61367     cutoff  102       369.96455  339.49741  8.24%  73.6 5576s
 120330 61375  360.77542  102  613  369.96455  339.50467  8.23%  74.2 5580s
 120416 61377  361.09716  105  571  369.96455  339.98242  8.10%  74.8 5585s
 120590 61350  361.64806  112  578  369.96455  339.98242  8.10%  75.8 5593s
 120664 61347  361.65007  115  575  369.96455  339.98242  8.10%  76.3 5596s
 120736 61352  362.11026  118  524  369.96455  339.98242  8.10%  76.6 5600s
 120914 61324  362.82146  125  467  369.96455  339.98242  8.10%  77.6 5607s
 121003 61297     cutoff  126       369.96455  339.98242  8.10%  77.9 5610s
 121146 61256  366.45319  107  556  369.96455  340.20914  8.04%  78.7 5618s
 121216 61243  368.38302  110  493  369.96455  340.20914  8.04%  79.1 5622s
 121304 61217     cutoff  109       369.96455  340.20914  8.04%  79.4 5628s
 121392 61191  342.15180  140  384  369.96455  340.77335  7.89%  79.9 5631s
 121500 61171  342.20746  143  382  369.96455  340.77335  7.89%  80.3 5636s
 121674 61151  342.34852  150  350  369.96455  340.77335  7.89%  80.7 5642s
 121883 61099  342.54707  159  345  369.96455  340.77335  7.89%  81.1 5649s
 122155 61016  342.84998  168  270  369.96455  340.77335  7.89%  81.4 5658s
 122458 60943  346.16926  179  247  369.96455  340.77335  7.89%  81.8 5670s
 122869 60780  367.38526  195  226  369.96455  340.83351  7.87%  81.9 5678s
 123105 60778  363.53395  178  278  369.96455  340.93207  7.85%  82.2 5687s
 123547 60714  361.47357  187  254  369.96455  341.78253  7.62%  82.6 5700s
 124090 60775     cutoff  201       369.96455  341.78253  7.62%  82.7 5712s
 124757 60848  353.74350  204  207  369.96455  341.78253  7.62%  82.9 5725s
 125523 60931  359.37984  231  110  369.96455  341.78253  7.62%  82.8 5743s
 126489 61066  364.73998  252   72  369.96455  342.92894  7.31%  82.7 5765s
 127697 61420  352.88210  263   59  369.96455  344.14243  6.98%  82.3 5789s
 129120 61773  356.17917  289   59  369.96455  344.14243  6.98%  81.8 5814s
 130806 62318  362.61420  338   62  369.96455  344.14249  6.98%  81.2 5842s
 132873 62780  366.52270  372   34  369.96455  344.14249  6.98%  80.4 5876s
 135147 62694     cutoff  271       369.96455  345.76057  6.54%  79.6 5890s
 136526 63262     cutoff  234       369.96455  345.76057  6.54%  79.0 5916s
 138663 63739  356.36795  262   86  369.96455  345.77831  6.54%  78.3 5940s
 140739 64224  361.42550  300   40  369.96455  345.77831  6.54%  77.6 5965s
 142835 64491  349.99163  168  284  369.96455  345.77831  6.54%  76.9 5985s
 144645 64696  352.61908  185  250  369.96455  345.77831  6.54%  76.4 6003s
 146184 65364  358.37788  244  181  369.96455  346.73211  6.28%  76.0 6027s
 148195 65635  354.95001  297   65  369.96455  346.82451  6.25%  75.3 6051s
 150117 64996  355.91199  287 2261  369.96455  347.01160  6.20%  74.8 6089s
 150119 64997  366.27017  277  302  369.96455  347.01160  6.20%  74.8 6094s
 150120 64998  362.01463  276  606  369.96455  347.01160  6.20%  74.8 6098s
 150121 64999  367.61126  193  626  369.96455  347.01160  6.20%  74.8 6101s
 150127 65003  347.92230  238  767  369.96455  347.01160  6.20%  74.8 6105s
 150129 65004  351.98227  219  774  369.96455  347.01160  6.20%  74.8 6111s
 150131 65005  359.91663  214  770  369.96455  347.01160  6.20%  74.8 6117s
 150134 65007  352.99093  260  764  369.96455  347.01160  6.20%  74.8 6124s
 150135 65008  362.83530  307  787  369.96455  347.01160  6.20%  74.8 6125s
 150136 65009  348.79657  255  792  369.96455  347.01160  6.20%  74.8 6130s
 150141 65012  365.32679  250  666  369.96455  347.01160  6.20%  74.8 6136s
 150148 65017  358.54802  182  605  369.96455  347.01160  6.20%  74.8 6142s
 150150 65018  348.64853  241  606  369.96455  347.01160  6.20%  74.8 6147s
 150152 65019  362.74494  213  614  369.96455  347.01160  6.20%  74.8 6152s
 150155 65021  365.88691  257  597  369.96455  347.01160  6.20%  74.8 6157s
 150158 65025  357.77244  282 1658  369.96455  347.01160  6.20%  75.0 6161s
 150161 65027  353.66487  249  509  369.96455  347.01160  6.20%  75.0 6165s
 150167 65031  362.35266  264  585  369.96455  347.01160  6.20%  75.0 6172s
 150169 65032  369.24833  270  574  369.96455  347.01160  6.20%  75.0 6176s
 150171 65034  347.92230  241  541  369.96455  347.01160  6.20%  75.0 6180s
 150177 65038  369.90071  276  562  369.96455  347.01160  6.20%  75.0 6188s
 150180 65040  362.04200  315  548  369.96455  347.01160  6.20%  75.0 6192s
 150183 65042  363.87331  212  557  369.96455  347.01160  6.20%  75.0 6195s
 150187 65044  367.62727  286  541  369.96455  347.01160  6.20%  75.0 6203s
 150189 65046  362.61420  330  527  369.96455  347.01160  6.20%  75.0 6207s
 150191 65047  362.61420  319  549  369.96455  347.01160  6.20%  75.0 6210s
 150195 65050  366.80685  273  555  369.96455  347.01160  6.20%  75.0 6217s
 150197 65051  360.78726  244  549  369.96455  347.01160  6.20%  75.0 6222s
 150200 65053  366.71972  219  493  369.96455  347.01160  6.20%  75.0 6226s
 150203 65055  356.80806  287  485  369.96455  347.01160  6.20%  75.0 6230s
 150207 65058  365.34434  254  484  369.96455  347.01160  6.20%  75.0 6236s
 150210 65060  352.74256  230  471  369.96455  347.01160  6.20%  75.0 6240s
 150215 65063  351.89530  265  488  369.96455  347.01160  6.20%  74.9 6247s
 150217 65064  355.91199  287  489  369.96455  347.01160  6.20%  74.9 6250s
 150223 65068  350.79491  268  498  369.96455  347.01160  6.20%  74.9 6258s
 150225 65070  364.24417  274  471  369.96455  347.01160  6.20%  74.9 6261s
 150229 65072  351.98227  219  481  369.96455  347.01160  6.20%  74.9 6267s
 150231 65074  359.91663  214  482  369.96455  347.01160  6.20%  74.9 6271s
 150235 65076  362.83530  307  484  369.96455  347.01160  6.20%  74.9 6277s
 150237 65078  368.00092  287  481  369.96455  347.01160  6.20%  74.9 6280s
 150242 65081  365.63171  285  487  369.96455  347.01160  6.20%  74.9 6287s
 150244 65082  369.35360  324  489  369.96455  347.01160  6.20%  74.9 6290s
 150248 65085  358.54802  182  491  369.96455  347.01160  6.20%  74.9 6296s
 150250 65086  348.64853  241  497  369.96455  347.01160  6.20%  74.9 6300s
 150255 65090  365.88691  257  426  369.96455  347.01160  6.20%  74.9 6309s
 150256 65090  361.88866  270  423  369.96455  347.01160  6.20%  74.9 6312s
 150258 65092  357.77244  282  422  369.96455  347.01160  6.20%  74.9 6315s
 150264 65096  368.82786  324  435  369.96455  347.01160  6.20%  74.9 6322s
 150266 65097  369.78451  204  436  369.96455  347.01160  6.20%  74.9 6325s
 150270 65100  368.24598  265  428  369.96455  347.01160  6.20%  74.9 6331s
 150273 65102  362.93075  258  437  369.96455  347.01160  6.20%  74.9 6338s
 150274 65102  369.06026  314  433  369.96455  347.01160  6.20%  74.9 6340s
 150278 65105  364.50702  305  430  369.96455  347.01160  6.20%  74.9 6347s
 150281 65107  365.39120  330  435  369.96455  347.01160  6.20%  74.9 6351s
 150287 65112  367.62727  286 1183  369.96455  347.01160  6.20%  75.1 6356s
 150292 65115  368.71800  276  340  369.96455  347.01160  6.20%  75.1 6360s
 150302 65122  365.72547  268  361  369.96455  347.01160  6.20%  75.1 6365s
 150310 65127  352.74256  230  390  369.96455  347.01160  6.20%  75.1 6371s
 150314 65130  351.40093  272  385  369.96455  347.01160  6.20%  75.1 6375s
 150318 65133  369.92180  291  353  369.96455  347.01160  6.20%  75.1 6380s
 150321 65135  367.61126  193  380  369.96455  347.01160  6.20%  75.1 6385s
 150326 65138  368.27954  292  380  369.96455  347.01160  6.20%  75.1 6392s
 150331 65141  359.91663  214  413  369.96455  347.01160  6.20%  75.1 6396s
 150336 65145  348.79657  255  391  369.96455  347.01160  6.20%  75.1 6401s
 150340 65147  358.50466  181  341  369.96455  347.01160  6.20%  75.1 6405s
 150346 65151  361.92379  254  307  369.96455  347.41499  6.10%  75.1 6411s
 150349 65153  365.32316  229  297  369.96455  347.41499  6.10%  75.1 6418s
 150350 65154  348.64853  241  293  369.96455  347.41499  6.10%  75.1 6420s
 150358 65159  357.77244  282  308  369.96455  347.41874  6.09%  75.1 6426s
 150362 65162  361.18467  273  308  369.96455  347.41925  6.09%  75.1 6431s
 150366 65165  369.78451  204  324  369.96455  347.41998  6.09%  75.1 6435s
 150371 65168  347.92230  241  321  369.96455  347.47557  6.08%  75.1 6440s
 150378 65173  364.50702  305  325  369.96455  347.97274  5.94%  75.1 6446s
 150381 65175  365.39120  330  327  369.96455  347.97274  5.94%  75.1 6450s
 150384 65177  347.99937  258  318  369.96455  347.97274  5.94%  75.1 6455s
 150387 65179  367.62727  286  316  369.96455  347.97274  5.94%  75.1 6463s
 150388 65179  364.89140  316  318  369.96455  347.97274  5.94%  75.1 6465s
 150391 65181  362.61420  319  325  369.96455  347.97274  5.94%  75.1 6470s
 150398 65186  352.78417  248  277  369.96455  347.97274  5.94%  75.1 6476s
 150401 65188  356.80806  285  280  369.96455  348.03768  5.93%  75.1 6481s
 150405 65191  366.25740  273  247  369.96455  348.06447  5.92%  75.1 6485s
 150411 65195  369.10822  207  286  369.96455  348.75129  5.73%  75.1 6491s
 150415 65197  351.89530  265  273  369.96455  348.76217  5.73%  75.1 6496s
 150420 65201  362.01463  276  236  369.96455  348.78669  5.72%  75.1 6500s
 150425 65204  364.24417  274  248  369.96455  348.78675  5.72%  75.1 6506s
 150427 65205  348.78884  238  233  369.96455  348.78884  5.72%  75.0 6510s
 150431 65208  359.91663  214  233  369.96455  348.80030  5.72%  75.0 6515s
 150434 65210  352.99093  260  235  369.96455  348.82120  5.71%  75.0 6520s
 150440 65215  358.50466  181  195  369.96455  348.82120  5.71%  75.2 6525s
 150457 65227  366.24900  257  270  369.96455  354.57251  4.16%  75.2 6530s
 150467 65233  362.35266  264  285  369.96455  354.87396  4.08%  75.2 6535s
 150477 65240  369.90071  276  255  369.96455  355.90651  3.80%  75.2 6540s
 150484 65245  355.97839  258  258  369.96455  355.97839  3.78%  75.2 6545s
 150490 65249  356.77807  252  242  369.96455  356.77807  3.56%  75.2 6550s
 150497 65253  360.78726  244  198  369.96455  358.00417  3.23%  75.2 6556s
 150506 65259  363.61291  257  216  369.96455  358.07707  3.21%  75.2 6561s
 150511 65263  369.10822  207  197  369.96455  358.13217  3.20%  75.2 6565s
 150517 65267  358.31790  287  212  369.96455  358.31790  3.15%  75.2 6571s
 150521 65269  367.61126  193  191  369.96455  358.34260  3.14%  75.2 6576s
 150526 65273  368.27954  292  206  369.96455  358.41617  3.12%  75.2 6580s
 150535 65280  362.83530  307  217  369.96455  358.42034  3.12%  75.3 6585s
 150550 65290  361.23659  241  107  369.96455  361.23659  2.36%  75.3 6590s
 150556 65294  361.88866  270   82  369.96455  361.32267  2.34%  75.3 6595s
 150565 65300  361.32267  277   79  369.96455  361.32267  2.34%  75.3 6600s
 150580 65312  362.18161  315   81  369.96455  362.18161  2.10%  75.3 6605s
 150599 65324  364.51666  170   72  369.96455  364.51666  1.47%  75.3 6610s
 150617 65336  365.55383  287   52  369.96455  365.55383  1.19%  75.3 6615s
 150631 65346  366.32389  214   41  369.96455  366.32389  0.98%  75.3 6620s
 150658 65365  366.61739  282   42  369.96455  366.61739  0.90%  75.3 6625s

Cutting planes:
  Learned: 2
  Gomory: 19
  Cover: 1
  Implied bound: 17
  Projected implied bound: 17
  MIR: 15
  Flow cover: 18
  Zero half: 1
  Relax-and-lift: 8

Explored 150721 nodes (11345471 simplex iterations) in 6632.74 seconds (4697.50 work units)
Thread count was 32 (of 96 available processors)

Solution count 10: 369.965 369.966 373.374 ... 407.898

Optimal solution found (tolerance 1.00e-04)
Best objective 3.699645472021e+02, best bound 3.699645472021e+02, gap 0.0000%

User-callback calls 1293612, time in user-callback 1.80 sec
