
Gurobi 10.0.1 (win64) logging started Sun Sep 21 07:36:23 2025

Set parameter LogFile to value "log_group_6/bound_Expr216_s7_l1051_s11_e12_o40_d80_t7200_s36_1_1_1_0.log"
Gurobi Optimizer version 10.0.1 build v10.0.1rc0 (win64)

CPU model: Intel(R) Core(TM) i7-10700 CPU @ 2.90GHz, instruction set [SSE2|AVX|AVX2]
Thread count: 8 physical cores, 16 logical processors, using up to 16 threads

Optimize a model with 615602 rows, 602470 columns and 8448926 nonzeros
Model fingerprint: 0x435be88d
Variable types: 470 continuous, 602000 integer (602000 binary)
Coefficient statistics:
  Matrix range     [1e+00, 8e+02]
  Objective range  [1e+00, 1e+00]
  Bounds range     [1e+00, 1e+03]
  RHS range        [1e+00, 8e+02]
Presolve removed 609076 rows and 596783 columns
Presolve time: 4.62s
Presolved: 6526 rows, 5687 columns, 60250 nonzeros
Variable types: 331 continuous, 5356 integer (5350 binary)
Found heuristic solution: objective 2131.2314667

Root simplex log...

Iteration    Objective       Primal Inf.    Dual Inf.      Time
       0    5.9084333e+01   9.370000e+02   0.000000e+00      6s
    4627    5.9084333e+01   0.000000e+00   0.000000e+00      6s

Root relaxation: objective 5.908433e+01, 4627 iterations, 0.38 seconds (0.83 work units)

    Nodes    |    Current Node    |     Objective Bounds      |     Work
 Expl Unexpl |  Obj  Depth IntInf | Incumbent    BestBd   Gap | It/Node Time

     0     0   59.08433    0   94 2131.23147   59.08433  97.2%     -    6s
H    0     0                    1394.5091000   59.08433  95.8%     -    6s
     0     0   59.08433    0  133 1394.50910   59.08433  95.8%     -    6s
H    0     0                    1159.3183000   59.08433  94.9%     -    7s
     0     0   59.08433    0  116 1159.31830   59.08433  94.9%     -    7s
H    0     0                     993.1324667   59.08433  94.1%     -    8s
H    0     0                     969.0007000   59.08433  93.9%     -    8s
H    0     0                     656.7299000   59.08433  91.0%     -    8s
     0     0   59.08433    0  101  656.72990   59.08433  91.0%     -    8s
H    0     0                     516.6242000   59.08433  88.6%     -    8s
     0     0   59.08433    0  104  516.62420   59.08433  88.6%     -    8s
H    0     0                     510.8079333   59.08433  88.4%     -    9s
H    0     0                     493.9487000   59.08433  88.0%     -    9s
H    0     0                     473.0521000   59.08433  87.5%     -    9s
     0     0   59.08433    0  114  473.05210   59.08433  87.5%     -    9s
H    0     0                     347.4768000   59.08433  83.0%     -   10s
     0     0   59.08433    0  114  347.47680   59.08433  83.0%     -   10s
H    0     0                     309.6044000   59.08433  80.9%     -   10s
H    0     2                     307.4571000   59.08433  80.8%     -   11s
     0     2   59.08433    0  114  307.45710   59.08433  80.8%     -   11s
H   31    40                     270.1381333   59.08433  78.1%   212   12s
H   71    79                     268.4943667   59.08433  78.0%   128   15s
H   72    79                     261.9982333   59.08433  77.4%   127   15s
H   74    79                     261.7805667   59.08433  77.4%   126   15s
H  355   340                     254.4576667   59.08433  76.8%  81.3   20s
H  359   340                     254.3570333   59.08433  76.8%  81.6   20s
  1310  1496   59.51967  174  120  254.35703   59.08433  76.8%  60.2   25s
  3804  4105   71.76080  490   99  254.35703   59.08433  76.8%  46.4   30s
  5020  4748  197.62613  324  114  254.35703   59.08433  76.8%  56.1   38s
  5022  4749  133.02057  249   79  254.35703   59.08433  76.8%  56.1   40s
  5028  4753  194.68770  230  341  254.35703  185.42996  27.1%  56.1   45s
H 5030  4517                     254.2085333  188.37352  25.9%  56.0   47s
H 5030  4291                     254.0853667  201.47750  20.7%  56.0   48s
  5039  4297  214.36581   91  334  254.08537  214.36581  15.6%  55.9   51s
  5047  4303  220.80595  541  114  254.08537  220.80595  13.1%  60.7   55s
  5055  4308  220.87622   34  496  254.08537  220.87622  13.1%  60.6   60s
  5068  4318  230.92628   50  246  254.08537  230.92628  9.11%  65.4   65s
  5080  4327  230.92628  646  252  254.08537  230.92628  9.11%  68.0   70s
  5149  4349     cutoff   57       254.08537  235.61056  7.27%  18.4   75s
  5888  4500  244.40370  103   54  254.08537  235.61056  7.27%  24.0   80s
  9155  5253  249.21531   66  101  254.08537  238.40012  6.17%  27.3   85s
 15113  7074  244.46537   95   54  254.08537  242.13947  4.70%  24.8   91s
 21047  9038     cutoff   86       254.08537  242.18133  4.69%  22.0   95s
 28555 13483     cutoff  105       254.08537  242.24867  4.66%  20.7  100s
 30232 14012  253.54553  101  114  254.08537  242.28927  4.64%  20.4  127s
 30237 14015  245.26060  111  231  254.08537  242.28927  4.64%  20.4  130s
 30244 14020  252.16309  109  167  254.08537  242.28927  4.64%  20.4  135s
 30268 14038  247.50010  120   79  254.08537  244.31840  3.84%  21.0  140s
 30291 14053  250.26699  103   82  254.08537  247.03560  2.77%  21.0  145s
 30315 14070  247.42824  111   46  254.08537  247.42824  2.62%  21.4  150s
 30331 14081  248.03845   99   55  254.08537  247.67320  2.52%  21.4  155s
 30347 14092  247.96426  111   56  254.08537  247.96426  2.41%  21.4  160s
H30351 13388                     254.0852682  247.98632  2.40%  21.4  161s
 30365 13398  250.21157  109   61  254.08527  248.00054  2.39%  21.4  165s
 30387 13414  249.35521   99   59  254.08527  249.35521  1.86%  22.0  170s
 30408 13428  249.79213  100   50  254.08527  249.79213  1.69%  22.0  175s
 30432 13444  253.54553  101   64  254.08527  250.90394  1.25%  21.9  180s
 31109 13587  253.25193  125   26  254.08527  250.98126  1.22%  22.7  185s
 49254 16158  253.89444  142   31  254.08527  253.25184  0.33%  25.5  190s
 70408 17891     cutoff  165       254.08527  253.25193  0.33%  26.5  195s
 71296 17771  253.81773  126   44  254.08527  253.25193  0.33%  26.7  200s
 71458 17779  253.25193  126   31  254.08527  253.25193  0.33%  26.8  205s
 78820 19645  253.31322  143   46  254.08527  253.25193  0.33%  29.2  210s
 96064 21867  253.85075  175    9  254.08527  253.25193  0.33%  31.9  215s
 112271 21806  253.26334  151   31  254.08527  253.25330  0.33%  32.1  220s
 130608 23663  253.49561  151   30  254.08527  253.28206  0.32%  31.9  225s
 150883 29158 infeasible  154       254.08527  253.30773  0.31%  31.6  230s
 166902 32143     cutoff  147       254.08527  253.32076  0.30%  31.2  235s
 188308 35867  253.82105  165   11  254.08527  253.35093  0.29%  30.3  240s
 201344 38713  253.61407  172   38  254.08527  253.37306  0.28%  30.2  245s
 224747 40362     cutoff  158       254.08527  253.41249  0.26%  29.4  251s
 246512 41481     cutoff  180       254.08527  253.45070  0.25%  28.6  255s
 264635 43811  253.65003  167   35  254.08527  253.46689  0.24%  28.2  260s
 283605 45606  253.54863  156   18  254.08527  253.49911  0.23%  27.7  265s
 296986 46606     cutoff  165       254.08527  253.51940  0.22%  27.5  270s
 319658 46844 infeasible  182       254.08527  253.55269  0.21%  27.0  275s
 335638 45860     cutoff  177       254.08527  253.57633  0.20%  26.6  280s
 348102 43455  253.91308  163   13  254.08527  253.60935  0.19%  26.5  285s
 365141 43071     cutoff  175       254.08527  253.65003  0.17%  26.2  290s
 387046 42050  253.65827  155   34  254.08527  253.65808  0.17%  25.8  295s
 398258 40322  254.07537  170   25  254.08527  253.69093  0.16%  25.6  300s
 419463 36757     cutoff  163       254.08527  253.72135  0.14%  25.4  305s
 439489 31925  253.97248  170   30  254.08527  253.76798  0.12%  25.1  311s
 459122 27093 infeasible  190       254.08527  253.81613  0.11%  24.7  315s
 478393 19185     cutoff  155       254.08527  253.87113  0.08%  24.4  321s
 494513 11850     cutoff  151       254.08527  253.91775  0.07%  24.1  325s

Cutting planes:
  Gomory: 4
  Cover: 1
  Implied bound: 1
  Projected implied bound: 2
  Clique: 2
  MIR: 12
  Flow cover: 61
  GUB cover: 1
  Zero half: 8
  RLT: 4
  Relax-and-lift: 20

Explored 517086 nodes (12542636 simplex iterations) in 330.84 seconds (338.14 work units)
Thread count was 16 (of 16 available processors)

Solution count 10: 254.085 254.085 254.357 ... 309.604

Optimal solution found (tolerance 1.00e-04)
Best objective 2.540853666667e+02, best bound 2.540853666667e+02, gap 0.0000%

User-callback calls 1105798, time in user-callback 1.84 sec
