
Gurobi 12.0.1 (win64) logging started Sat Sep 20 05:52:40 2025

Set parameter LogFile to value "log_group_6/bound_Expr71_s3_l1051_s11_e12_o10_d20_t7200_s1_1_1_1_1.log"
Gurobi Optimizer version 12.0.1 build v12.0.1rc0 (win64 - Windows Server 2022.0 (20348.2))

CPU model: Intel(R) Xeon(R) Gold 6336Y CPU @ 2.40GHz, instruction set [SSE2|AVX|AVX2|AVX512]
Thread count: 48 physical cores, 96 logical processors, using up to 32 threads

Non-default parameters:
TimeLimit  7200

Optimize a model with 32764 rows, 31680 columns and 417104 nonzeros
Model fingerprint: 0x60bcc8c6
Variable types: 180 continuous, 31500 integer (31500 binary)
Coefficient statistics:
  Matrix range     [1e+00, 8e+02]
  Objective range  [1e+00, 1e+00]
  Bounds range     [1e+00, 1e+03]
  RHS range        [1e+00, 8e+02]
Presolve removed 31558 rows and 30770 columns
Presolve time: 0.24s
Presolved: 1206 rows, 910 columns, 11848 nonzeros
Variable types: 108 continuous, 802 integer (801 binary)
Found heuristic solution: objective 192.8066333

Root relaxation: objective 4.399097e+01, 240 iterations, 0.01 seconds (0.01 work units)

    Nodes    |    Current Node    |     Objective Bounds      |     Work
 Expl Unexpl |  Obj  Depth IntInf | Incumbent    BestBd   Gap | It/Node Time

     0     0   43.99097    0   16  192.80663   43.99097  77.2%     -    0s
H    0     0                     110.6913667   43.99097  60.3%     -    0s
H    0     0                     110.1522333   43.99097  60.1%     -    0s
H    0     0                     101.4689000   43.99097  56.6%     -    0s
     0     0   43.99097    0   37  101.46890   43.99097  56.6%     -    0s
     0     0   43.99097    0   22  101.46890   43.99097  56.6%     -    0s
     0     0   43.99097    0   22  101.46890   43.99097  56.6%     -    0s
H    0     0                      82.5665333   43.99097  46.7%     -    0s
     0     0   43.99097    0   17   82.56653   43.99097  46.7%     -    0s
H    0     0                      78.6328667   45.10447  42.6%     -    0s
H    0     0                      77.9642000   45.10447  42.1%     -    0s
H    0     0                      77.5541000   45.10447  41.8%     -    0s
     0     0   45.10447    0   32   77.55410   45.10447  41.8%     -    0s
H    0     0                      73.8493000   45.10447  38.9%     -    0s
H    0     0                      71.4592500   45.10447  36.9%     -    0s
H    0     0                      70.0692000   45.10447  35.6%     -    0s
     0     0   45.10447    0   32   70.06920   45.10447  35.6%     -    0s
H    0     0                      68.9990000   45.10447  34.6%     -    0s
     0     0   45.10447    0   71   68.99900   45.10447  34.6%     -    0s
     0     0   45.10447    0   71   68.99900   45.10447  34.6%     -    0s
H    0     0                      67.6000333   45.10447  33.3%     -    0s
     0     0   45.10447    0   21   67.60003   45.10447  33.3%     -    0s
     0     0   45.10447    0   25   67.60003   45.10447  33.3%     -    1s
H    0     0                      60.6420333   45.10447  25.6%     -    1s
     0     0   45.10447    0   29   60.64203   45.10447  25.6%     -    1s
     0     0   45.10447    0   35   60.64203   45.10447  25.6%     -    1s
     0     0   45.21143    0   68   60.64203   45.21143  25.4%     -    1s
H    0     0                      59.5632667   45.21143  24.1%     -    1s
     0     0   45.21143    0   69   59.56327   45.21143  24.1%     -    1s
     0     0   45.60023    0   49   59.56327   45.60023  23.4%     -    1s
     0     0   45.60023    0   36   59.56327   45.60023  23.4%     -    1s
     0     0   45.60023    0   59   59.56327   45.60023  23.4%     -    1s
     0     0   45.60023    0   49   59.56327   45.60023  23.4%     -    1s
     0     0   45.60023    0   49   59.56327   45.60023  23.4%     -    1s
     0     0   48.02026    0   62   59.56327   48.02026  19.4%     -    1s
     0     0   48.02874    0   64   59.56327   48.02874  19.4%     -    1s
     0     0   56.12103    0   21   59.56327   56.12103  5.78%     -    1s
     0     0   56.12103    0   22   59.56327   56.12103  5.78%     -    1s
     0     0   56.12103    0   26   59.56327   56.12103  5.78%     -    1s
     0     0   56.22384    0   24   59.56327   56.22384  5.61%     -    1s
     0     0   56.22384    0   24   59.56327   56.22384  5.61%     -    1s
     0     0   56.93816    0   38   59.56327   56.93816  4.41%     -    1s
     0     0   57.01893    0   38   59.56327   57.01893  4.27%     -    1s
     0     0   57.01893    0   40   59.56327   57.01893  4.27%     -    1s
     0     0   57.81095    0   29   59.56327   57.81095  2.94%     -    1s
     0     0   57.81095    0   28   59.56327   57.81095  2.94%     -    1s
     0     0   57.81095    0   28   59.56327   57.81095  2.94%     -    1s
     0     0   58.04387    0   27   59.56327   58.04387  2.55%     -    1s
     0     0   58.04387    0   25   59.56327   58.04387  2.55%     -    1s
     0     0   58.04387    0   25   59.56327   58.04387  2.55%     -    1s
     0     0   58.04387    0   24   59.56327   58.04387  2.55%     -    1s
     0     0   58.04387    0   19   59.56327   58.04387  2.55%     -    1s
     0     0   58.04387    0   21   59.56327   58.04387  2.55%     -    1s
     0     0   58.04387    0   17   59.56327   58.04387  2.55%     -    1s
     0     0   58.04387    0   21   59.56327   58.04387  2.55%     -    1s
     0     0   58.04387    0   19   59.56327   58.04387  2.55%     -    1s
     0     0   58.04387    0   18   59.56327   58.04387  2.55%     -    1s
H    0     0                      59.1860333   58.12863  1.79%     -    1s
H    0     0                      59.0816000   58.15083  1.58%     -    1s
     0     0   58.15083    0   22   59.08160   58.15083  1.58%     -    1s
     0     0   58.15083    0   23   59.08160   58.15083  1.58%     -    1s
     0     0   58.15083    0   28   59.08160   58.15083  1.58%     -    1s
     0     0   58.15083    0   25   59.08160   58.15083  1.58%     -    1s
     0     0   58.15083    0   25   59.08160   58.15083  1.58%     -    1s
     0     0   58.20051    0   28   59.08160   58.20051  1.49%     -    1s
     0     0   58.24323    0   22   59.08160   58.24323  1.42%     -    1s
     0     0   58.24615    0   25   59.08160   58.24615  1.41%     -    1s
     0     0   58.24615    0   24   59.08160   58.24615  1.41%     -    1s
     0     0   58.24615    0   24   59.08160   58.24615  1.41%     -    1s
     0     0   58.39081    0   28   59.08160   58.39081  1.17%     -    1s
     0     0   58.41785    0   25   59.08160   58.41785  1.12%     -    1s
     0     0   58.47338    0   22   59.08160   58.47338  1.03%     -    1s
     0     0   58.69027    0    7   59.08160   58.69027  0.66%     -    1s
     0     0   58.69027    0   14   59.08160   58.69027  0.66%     -    1s
     0     0   58.69027    0   14   59.08160   58.69027  0.66%     -    1s
     0     0   58.69027    0   11   59.08160   58.69027  0.66%     -    1s
     0     0   58.69027    0   11   59.08160   58.69027  0.66%     -    1s
     0     0   58.69027    0   10   59.08160   58.69027  0.66%     -    1s
*    0     0               0      58.7043667   58.70437  0.00%     -    1s

Cutting planes:
  Implied bound: 3
  MIR: 3
  Zero half: 1
  RLT: 2
  Relax-and-lift: 3

Explored 1 nodes (11926 simplex iterations) in 1.96 seconds (1.96 work units)
Thread count was 32 (of 96 available processors)

Solution count 10: 58.7044 59.0816 59.186 ... 77.5541

Optimal solution found (tolerance 1.00e-04)
Best objective 5.870436666666e+01, best bound 5.870436666666e+01, gap 0.0000%

User-callback calls 1344, time in user-callback 0.00 sec

Gurobi 12.0.1 (win64) logging started Sat Sep 20 08:04:36 2025

Set parameter LogFile to value "log_group_6/bound_Expr71_s3_l1051_s11_e12_o10_d20_t7200_s1_1_1_1_1.log"
Gurobi Optimizer version 12.0.1 build v12.0.1rc0 (win64 - Windows Server 2022.0 (20348.2))

CPU model: Intel(R) Xeon(R) Gold 6336Y CPU @ 2.40GHz, instruction set [SSE2|AVX|AVX2|AVX512]
Thread count: 48 physical cores, 96 logical processors, using up to 32 threads

Non-default parameters:
TimeLimit  7200

Optimize a model with 32764 rows, 31680 columns and 417104 nonzeros
Model fingerprint: 0x60bcc8c6
Variable types: 180 continuous, 31500 integer (31500 binary)
Coefficient statistics:
  Matrix range     [1e+00, 8e+02]
  Objective range  [1e+00, 1e+00]
  Bounds range     [1e+00, 1e+03]
  RHS range        [1e+00, 8e+02]
Presolve removed 31558 rows and 30770 columns
Presolve time: 0.25s
Presolved: 1206 rows, 910 columns, 11848 nonzeros
Variable types: 108 continuous, 802 integer (801 binary)
Found heuristic solution: objective 192.8066333

Root relaxation: objective 4.399097e+01, 240 iterations, 0.01 seconds (0.01 work units)

    Nodes    |    Current Node    |     Objective Bounds      |     Work
 Expl Unexpl |  Obj  Depth IntInf | Incumbent    BestBd   Gap | It/Node Time

     0     0   43.99097    0   16  192.80663   43.99097  77.2%     -    0s
H    0     0                     110.6913667   43.99097  60.3%     -    0s
H    0     0                     110.1522333   43.99097  60.1%     -    0s
H    0     0                     101.4689000   43.99097  56.6%     -    0s
     0     0   43.99097    0   37  101.46890   43.99097  56.6%     -    0s
     0     0   43.99097    0   22  101.46890   43.99097  56.6%     -    0s
     0     0   43.99097    0   22  101.46890   43.99097  56.6%     -    0s
H    0     0                      82.5665333   43.99097  46.7%     -    0s
     0     0   43.99097    0   17   82.56653   43.99097  46.7%     -    0s
H    0     0                      78.6328667   45.10447  42.6%     -    0s
H    0     0                      77.9642000   45.10447  42.1%     -    0s
H    0     0                      77.5541000   45.10447  41.8%     -    0s
     0     0   45.10447    0   32   77.55410   45.10447  41.8%     -    0s
H    0     0                      73.8493000   45.10447  38.9%     -    0s
H    0     0                      71.4592500   45.10447  36.9%     -    0s
H    0     0                      70.0692000   45.10447  35.6%     -    0s
     0     0   45.10447    0   32   70.06920   45.10447  35.6%     -    0s
H    0     0                      68.9990000   45.10447  34.6%     -    0s
     0     0   45.10447    0   71   68.99900   45.10447  34.6%     -    0s
     0     0   45.10447    0   71   68.99900   45.10447  34.6%     -    0s
H    0     0                      67.6000333   45.10447  33.3%     -    0s
     0     0   45.10447    0   21   67.60003   45.10447  33.3%     -    0s
     0     0   45.10447    0   25   67.60003   45.10447  33.3%     -    0s
H    0     0                      60.6420333   45.10447  25.6%     -    0s
     0     0   45.10447    0   29   60.64203   45.10447  25.6%     -    0s
     0     0   45.10447    0   35   60.64203   45.10447  25.6%     -    1s
     0     0   45.21143    0   68   60.64203   45.21143  25.4%     -    1s
H    0     0                      59.5632667   45.21143  24.1%     -    1s
     0     0   45.21143    0   69   59.56327   45.21143  24.1%     -    1s
     0     0   45.60023    0   49   59.56327   45.60023  23.4%     -    1s
     0     0   45.60023    0   36   59.56327   45.60023  23.4%     -    1s
     0     0   45.60023    0   59   59.56327   45.60023  23.4%     -    1s
     0     0   45.60023    0   49   59.56327   45.60023  23.4%     -    1s
     0     0   45.60023    0   49   59.56327   45.60023  23.4%     -    1s
     0     0   48.02026    0   62   59.56327   48.02026  19.4%     -    1s
     0     0   48.02874    0   64   59.56327   48.02874  19.4%     -    1s
     0     0   56.12103    0   21   59.56327   56.12103  5.78%     -    1s
     0     0   56.12103    0   22   59.56327   56.12103  5.78%     -    1s
     0     0   56.12103    0   26   59.56327   56.12103  5.78%     -    1s
     0     0   56.22384    0   24   59.56327   56.22384  5.61%     -    1s
     0     0   56.22384    0   24   59.56327   56.22384  5.61%     -    1s
     0     0   56.93816    0   38   59.56327   56.93816  4.41%     -    1s
     0     0   57.01893    0   38   59.56327   57.01893  4.27%     -    1s
     0     0   57.01893    0   40   59.56327   57.01893  4.27%     -    1s
     0     0   57.81095    0   29   59.56327   57.81095  2.94%     -    1s
     0     0   57.81095    0   28   59.56327   57.81095  2.94%     -    1s
     0     0   57.81095    0   28   59.56327   57.81095  2.94%     -    1s
     0     0   58.04387    0   27   59.56327   58.04387  2.55%     -    1s
     0     0   58.04387    0   25   59.56327   58.04387  2.55%     -    1s
     0     0   58.04387    0   25   59.56327   58.04387  2.55%     -    1s
     0     0   58.04387    0   24   59.56327   58.04387  2.55%     -    1s
     0     0   58.04387    0   19   59.56327   58.04387  2.55%     -    1s
     0     0   58.04387    0   21   59.56327   58.04387  2.55%     -    1s
     0     0   58.04387    0   17   59.56327   58.04387  2.55%     -    1s
     0     0   58.04387    0   21   59.56327   58.04387  2.55%     -    1s
     0     0   58.04387    0   19   59.56327   58.04387  2.55%     -    1s
     0     0   58.04387    0   18   59.56327   58.04387  2.55%     -    1s
H    0     0                      59.1860333   58.12863  1.79%     -    1s
H    0     0                      59.0816000   58.15083  1.58%     -    1s
     0     0   58.15083    0   22   59.08160   58.15083  1.58%     -    2s
     0     0   58.15083    0   23   59.08160   58.15083  1.58%     -    2s
     0     0   58.15083    0   28   59.08160   58.15083  1.58%     -    2s
     0     0   58.15083    0   25   59.08160   58.15083  1.58%     -    2s
     0     0   58.15083    0   25   59.08160   58.15083  1.58%     -    2s
     0     0   58.20051    0   28   59.08160   58.20051  1.49%     -    2s
     0     0   58.24323    0   22   59.08160   58.24323  1.42%     -    2s
     0     0   58.24615    0   25   59.08160   58.24615  1.41%     -    2s
     0     0   58.24615    0   24   59.08160   58.24615  1.41%     -    2s
     0     0   58.24615    0   24   59.08160   58.24615  1.41%     -    2s
     0     0   58.39081    0   28   59.08160   58.39081  1.17%     -    2s
     0     0   58.41785    0   25   59.08160   58.41785  1.12%     -    2s
     0     0   58.47338    0   22   59.08160   58.47338  1.03%     -    2s
     0     0   58.69027    0    7   59.08160   58.69027  0.66%     -    2s
     0     0   58.69027    0   14   59.08160   58.69027  0.66%     -    2s
     0     0   58.69027    0   14   59.08160   58.69027  0.66%     -    2s
     0     0   58.69027    0   11   59.08160   58.69027  0.66%     -    2s
     0     0   58.69027    0   11   59.08160   58.69027  0.66%     -    2s
     0     0   58.69027    0   10   59.08160   58.69027  0.66%     -    2s
*    0     0               0      58.7043667   58.70437  0.00%     -    2s

Cutting planes:
  Implied bound: 3
  MIR: 3
  Zero half: 1
  RLT: 2
  Relax-and-lift: 3

Explored 1 nodes (11926 simplex iterations) in 2.13 seconds (1.96 work units)
Thread count was 32 (of 96 available processors)

Solution count 10: 58.7044 59.0816 59.186 ... 77.5541

Optimal solution found (tolerance 1.00e-04)
Best objective 5.870436666666e+01, best bound 5.870436666666e+01, gap 0.0000%

User-callback calls 1393, time in user-callback 0.01 sec
