
Gurobi 12.0.1 (win64) logging started Mon Sep 22 17:14:27 2025

Set parameter LogFile to value "log_group_6/bound_Expr101_s7_l1051_s11_e12_o40_d80_t7200_s31_1_1_1_1.log"
Gurobi Optimizer version 12.0.1 build v12.0.1rc0 (win64 - Windows Server 2022.0 (20348.2))

CPU model: Intel(R) Xeon(R) Gold 6336Y CPU @ 2.40GHz, instruction set [SSE2|AVX|AVX2|AVX512]
Thread count: 48 physical cores, 96 logical processors, using up to 32 threads

Non-default parameters:
TimeLimit  7200
LazyConstraints  1

Optimize a model with 872679 rows, 854470 columns and 11972696 nonzeros
Model fingerprint: 0xc514fbfc
Variable types: 470 continuous, 854000 integer (854000 binary)
Coefficient statistics:
  Matrix range     [1e+00, 8e+02]
  Objective range  [1e+00, 1e+00]
  Bounds range     [1e+00, 1e+03]
  RHS range        [1e+00, 8e+02]
Presolve removed 855452 rows and 838600 columns
Presolve time: 2.73s
Presolved: 17227 rows, 15870 columns, 187572 nonzeros
Variable types: 470 continuous, 15400 integer (15400 binary)
Performing another presolve...
Presolve removed 6921 rows and 6600 columns
Presolve time: 0.69s
Found heuristic solution: objective 3074.3737333

Root simplex log...

Iteration    Objective       Primal Inf.    Dual Inf.      Time
       0    1.3883083e+02   1.280000e+03   0.000000e+00      5s
    4277    1.3883083e+02   0.000000e+00   0.000000e+00      6s

Root relaxation: objective 1.388308e+02, 4277 iterations, 0.35 seconds (0.48 work units)
Total elapsed time = 5.83s (DegenMoves)

    Nodes    |    Current Node    |     Objective Bounds      |     Work
 Expl Unexpl |  Obj  Depth IntInf | Incumbent    BestBd   Gap | It/Node Time

     0     0  138.83083    0  121 3074.37373  138.83083  95.5%     -    7s
H    0     0                    3044.5636667  138.83083  95.4%     -    7s
H    0     0                    1673.2506333  138.83083  91.7%     -    7s
H    0     0                    1643.1247667  138.83083  91.6%     -    7s
H    0     0                    1632.0916000  138.83083  91.5%     -    7s
H    0     0                    1612.4127333  138.83083  91.4%     -    7s
H    0     0                    1608.9388667  138.83083  91.4%     -    7s
H    0     0                    1473.3897333  138.83083  90.6%     -    7s
H    0     0                    1395.3297667  138.83083  90.1%     -    7s
H    0     0                    1352.8794333  138.83083  89.7%     -    7s
H    0     0                    1336.4889667  138.83083  89.6%     -    7s
H    0     0                    1333.4498000  138.83083  89.6%     -    8s
     0     0  138.83083    0  239 1333.44980  138.83083  89.6%     -    8s
H    0     0                    1315.1033333  138.83083  89.4%     -    9s
H    0     0                    1307.2284000  138.83083  89.4%     -    9s
     0     0  138.83083    0  208 1307.22840  138.83083  89.4%     -    9s
     0     0  138.83083    0  127 1307.22840  138.83083  89.4%     -   10s
     0     0  138.83083    0  153 1307.22840  138.83083  89.4%     -   11s
     0     0  138.83083    0   98 1307.22840  138.83083  89.4%     -   12s
H    0     0                    1097.3855667  138.83083  87.3%     -   13s
H    0     0                    1040.6004333  138.83083  86.7%     -   13s
H    0     0                    1038.8452667  138.83083  86.6%     -   13s
H    0     0                    1029.4806333  138.83083  86.5%     -   13s
H    0     0                     992.8298000  138.83083  86.0%     -   13s
H    0     0                     971.8901667  138.83083  85.7%     -   13s
     0     0  138.83083    0   94  971.89017  138.83083  85.7%     -   16s
     0     0  138.83083    0  115  971.89017  138.83083  85.7%     -   17s
     0     0  138.83083    0  104  971.89017  138.83083  85.7%     -   18s
     0     0  138.83083    0   90  971.89017  138.83083  85.7%     -   19s
     0     0  138.83083    0   90  971.89017  138.83083  85.7%     -   20s
H    0     0                     922.3520333  138.83083  84.9%     -   20s
H    0     0                     800.0314333  138.83083  82.6%     -   20s
H    0     0                     712.1230333  138.83083  80.5%     -   20s
H    0     0                     693.9680667  138.83083  80.0%     -   20s
H    0     0                     673.8404333  138.83083  79.4%     -   20s
H    0     0                     544.5198667  138.83083  74.5%     -   20s
     0     2  138.83083    0   90  544.51987  138.83083  74.5%     -   22s
H   33    64                     539.6844667  138.83083  74.3%   217   23s
H   59    64                     539.2232667  138.83083  74.3%   160   23s
H   61    64                     525.7616333  138.83083  73.6%   157   23s
    63    96  138.83083    6  338  525.76163  138.83083  73.6%   167   25s
H  100   128                     476.6001333  138.83083  70.9%   421   26s
H  106   128                     464.2696667  138.83083  70.1%   404   26s
H  215   228                     457.7276667  138.83083  69.7%   272   27s
H  217   228                     457.6833000  138.83083  69.7%   272   27s
H  218   228                     451.3923000  138.83083  69.2%   271   27s
H  221   228                     445.4167333  138.83083  68.8%   268   27s
H  349   353                     438.8747333  138.83083  68.4%   265   29s
H  356   353                     435.7367333  138.83083  68.1%   266   29s
H  359   353                     434.0118333  138.83083  68.0%   266   29s
   436   438  138.83083   13  243  434.01183  138.83083  68.0%   249   30s
H  442   438                     431.6583333  138.83083  67.8%   246   30s
H  463   438                     431.4231333  138.83083  67.8%   239   30s
H  588   574                     427.3919333  138.83083  67.5%   214   31s
H  622   601                     425.8229333  138.83083  67.4%   215   32s
H  627   601                     400.6748333  138.83083  65.4%   214   32s
   716   647  138.83742   18  306  400.67483  138.83083  65.4%   206   36s
   814   722  148.58868   20  294  400.67483  138.83083  65.4%   404   41s
H  833   722                     389.6222667  138.83083  64.4%   438   41s
H  834   722                     382.0360667  138.83083  63.7%   438   41s
H  960   843                     351.5463333  138.83083  60.5%   432   43s
H  961   843                     350.3903333  138.83083  60.4%   431   43s
H  962   843                     345.0055667  138.83083  59.8%   431   43s
H  963   843                     317.0499667  138.83083  56.2%   430   43s
H  972   843                     314.4106000  138.83083  55.8%   429   43s
  1066   829     cutoff   25       314.41060  138.83083  55.8%   449   45s
H 1067   829                     300.4785000  138.83083  53.8%   449   45s
H 1085   829                     296.4402333  138.83083  53.2%   454   45s
H 1098   829                     292.5581667  138.83083  52.5%   456   45s
H 1201   867                     288.9541667  138.83083  52.0%   455   48s
H 1202   867                     277.3849667  138.83083  50.0%   455   48s
H 1206   867                     277.3849666  138.83083  50.0%   454   48s
H 1207   867                     268.6611667  138.83083  48.3%   454   48s
H 1217   867                     266.8461667  138.83083  48.0%   451   48s
H 1224   867                     259.3363653  138.83083  46.5%   448   48s
  1361  1042     cutoff   28       259.33637  161.30145  37.8%   450   51s
  2191  1803  185.19879   46  327  259.33637  161.30145  37.8%   313   56s
  2899  2114  190.81799   61  296  259.33637  166.61710  35.8%   248   61s
  3849  2251  256.00969   88 3811  259.33637  168.12077  35.2%   196   73s
H 3850  2139                     253.4379000  168.12077  33.7%   196   77s
H 3850  2032                     253.1679667  168.12077  33.6%   196   77s
  3855  2035  236.17396   43  285  253.16797  180.44820  28.7%   196   80s
  3893  2048  183.20055   33  192  253.16797  183.20055  27.6%   199   85s
H 3896  1945                     247.9282667  183.20055  26.1%   199   85s
H 4034  1848                     245.0296667  183.21765  25.2%   193   88s
  4279  1836  185.01761   41  213  245.02967  184.16332  24.8%   183   90s
H 4280  1743                     244.7494667  184.16332  24.8%   183   90s
  5119  1984  186.43955   56  172  244.74947  184.16332  24.8%   157   95s
H 5350  2028                     244.0899667  184.16332  24.6%   152   96s
  6197  2239  188.08954   64  169  244.08997  184.16332  24.6%   134  100s
H 6407  2113                     243.4304667  184.16332  24.3%   130  101s
H 6440  2023                     243.1880667  184.16332  24.3%   130  101s
  6959  2227  188.73635   71  170  243.18807  184.16332  24.3%   122  105s
  8087  2738  195.68407   79  174  243.18807  186.12106  23.5%   108  111s
  9244  3250  196.97900   87  172  243.18807  186.16270  23.4%  96.9  115s
 10412  4047  202.76436   98  164  243.18807  186.16270  23.4%  88.4  120s
 11519  4368  216.01081  110  148  243.18807  186.82959  23.2%  82.0  126s
H11595  4349                     242.7720000  186.82959  23.0%  81.6  126s
 12192  5101 infeasible  118       242.77200  187.32037  22.8%  78.7  130s
 13410  5787  202.20578   72  190  242.77200  187.52774  22.8%  73.5  135s
 14807  6811  201.46747   70  187  242.77200  187.96618  22.6%  68.5  140s
 16278  7824  229.05420   92  132  242.77200  188.26986  22.4%  64.0  145s
 17453  8150  212.58916   75  169  242.77200  188.47132  22.4%  61.2  150s
 18491  9341  192.78732   43  132  242.77200  188.47132  22.4%  58.9  156s
 19401  9909  195.82888   47  127  242.77200  188.51877  22.3%  57.1  160s
 21298 11063  207.07779   75  182  242.77200  189.08084  22.1%  54.0  166s
 22199 11711  196.56598   68  154  242.77200  189.08084  22.1%  52.6  170s
 24310 13133  196.16942   58  201  242.77200  189.90488  21.8%  50.0  177s
 25785 13895  219.34470  105  160  242.77200  190.03965  21.7%  48.5  183s
 27009 14470     cutoff   70       242.77200  190.03965  21.7%  47.3  187s
 29125 15862  234.03961   85  110  242.77200  190.40022  21.6%  45.9  195s
 30942 16359  221.63119   71  152  242.77200  191.05245  21.3%  44.9  201s
 32176 17438  223.95677   79  115  242.77200  191.14586  21.3%  44.3  209s
 34228 18638  228.06220   95   89  242.77200  191.48416  21.1%  43.1  217s
 36467 20084  195.33956   54  170  242.77200  191.98484  20.9%  41.7  227s
 38835 21562  217.51197  106  127  242.77200  192.46398  20.7%  40.2  237s
 41331 23160  223.42177   62  155  242.77200  192.78564  20.6%  39.0  246s
 43863 23765  213.77783   63  170  242.77200  192.82272  20.6%  38.0  250s
 46341 26281  231.01491  131  107  242.77200  193.52616  20.3%  37.5  264s
 49331 28100  238.94167   71   94  242.77200  193.72445  20.2%  36.6  275s
 52501 30540  239.35394   90  141  242.77200  194.11084  20.0%  35.6  287s
 55905 32901  197.22498   58  174  242.77200  194.40213  19.9%  34.5  301s
 60368 33324  206.98444   89  171  242.77200  194.71951  19.8%  33.4  310s
H60404 33350                     242.7719995  194.71951  19.8%  33.4  316s
H60409 32991                     241.7307667  194.71951  19.4%  33.4  316s
H60417 32451                     240.9277000  194.71951  19.2%  33.4  316s
 60440 32460  207.78656   91  171  240.92770  194.71951  19.2%  33.4  322s
H60455 32402                     240.8199000  194.71951  19.1%  33.4  322s
 60489 32932  207.78656   92  170  240.81990  194.71951  19.1%  33.4  328s
 61429 33783  221.02525  115  148  240.81990  194.89554  19.1%  33.3  341s
H62055 33783                     240.8199000  194.89713  19.1%  33.2  341s
H62636 33783                     240.8198999  194.89713  19.1%  33.0  341s
H62957 33783                     240.8198999  194.93270  19.1%  33.0  341s
 63465 36955  210.99493   49  142  240.81990  195.16274  19.0%  32.9  369s
 68629 37018  230.01928  162   97  240.81990  195.16274  19.0%  31.9  373s
H68658 37018                     240.8198993  195.51139  18.8%  31.9  373s
H68720 37018                     240.8198990  195.51139  18.8%  31.9  373s
H68723 37018                     240.8198985  195.51139  18.8%  31.9  373s
 68747 37676  230.02495  164   97  240.81990  195.51139  18.8%  31.9  379s
 69982 37779  231.69573  193   95  240.81990  195.75465  18.7%  31.8  382s
H69987 37779                     240.8198978  195.75465  18.7%  31.8  383s
 70112 39001  231.69573  194   95  240.81990  195.75465  18.7%  31.8  395s
 72199 40235  198.33047   63  173  240.81990  195.89798  18.7%  31.5  405s
 74236 43188  201.56927   67  206  240.81990  196.00025  18.6%  31.3  435s
 79616 47151  207.28774   76  165  240.81990  196.49269  18.4%  30.8  480s
 86996 47898  204.40408   73  185  240.81990  196.89032  18.2%  30.1  489s
 87693 47898  207.36025   65  171  240.81990  196.89032  18.2%  30.1  490s
 89025 50666  205.80683   71  145  240.81990  197.43800  18.0%  30.1  532s
 96095 54428     cutoff   65       240.81990  197.97463  17.8%  29.7  576s
 103259 55649 infeasible   71       240.81990  198.41852  17.6%  29.3  590s
 105369 59813  213.11083   66  100  240.81990  198.44974  17.6%  29.2  635s
 112775 63875  223.80444   75  127  240.81990  198.92058  17.4%  28.6  673s
 119323 64586  231.74331   71   95  240.81990  199.59188  17.1%  28.1  686s
H120006 64586                     240.8198976  199.68136  17.1%  28.1  686s
 120614 68624  203.96438   59  189  240.81990  199.81493  17.0%  28.1  723s
 127031 71069 infeasible  192       240.81990  200.22137  16.9%  27.7  751s
 131710 71799  236.87817  142   40  240.81990  200.37183  16.8%  27.4  761s
 132925 75983     cutoff  160       240.81990  200.40811  16.8%  27.3  808s
 139879 79504  222.14916  101   78  240.81990  200.83618  16.6%  27.0  855s
 146475 80337  212.49237   61  174  240.81990  201.23666  16.4%  26.8  865s
 148027 83989  232.60251  111   97  240.81990  201.36603  16.4%  26.7  912s
 154659 87239     cutoff   62       240.81990  201.74762  16.2%  26.5  957s
 160955 88018  237.23214   59  164  240.81990  202.07824  16.1%  26.3  967s
 162416 91204  227.07691   95   91  240.81990  202.13143  16.1%  26.2 1010s
 168763 94112  232.99181   80   82  240.81990  202.45560  15.9%  26.1 1050s
 174112 97046  233.77234   89   81  240.81990  202.50919  15.9%  25.9 1089s
 180004 97793  240.31557  115   61  240.81990  203.05984  15.7%  25.8 1099s
 181652 100708  232.30231   76   76  240.81990  203.05984  15.7%  25.8 1137s
 187555 103939  228.46216   92  142  240.81990  203.43721  15.5%  25.8 1178s
 193616 104555  239.89179  108   92  240.81990  203.69291  15.4%  25.6 1188s
 195029 107521     cutoff  113       240.81990  203.76241  15.4%  25.6 1221s
 200501 108565  234.27826   80  114  240.81990  204.09331  15.3%  25.5 1232s
 202242 112027  238.58016  112   78  240.81990  204.09689  15.2%  25.5 1270s
 208482 115357  240.07985   87   80  240.81990  204.41416  15.1%  25.3 1306s
 214339 116023  237.06488  221   48  240.81990  204.63844  15.0%  25.1 1315s
 215642 119819  217.29022   84  127  240.81990  204.63946  15.0%  25.1 1352s
 221822 123354  225.96150   95  113  240.81990  204.86589  14.9%  25.0 1388s
 227799 124238  218.86621   97  132  240.81990  205.15059  14.8%  24.8 1398s
 229352 124253  230.46166  130   76  240.81990  205.17552  14.8%  24.8 1402s
 229397 124762  230.46166  131   76  240.81990  205.17552  14.8%  24.8 1410s
 230282 124787  230.46166  132   76  240.81990  205.17552  14.8%  24.8 1415s
 230329 125105  230.56377  133   92  240.81990  205.17766  14.8%  24.8 1421s
 230995 125648  210.79095   87  169  240.81990  205.17766  14.8%  24.8 1430s
 231930 128711  227.81936  109  146  240.81990  205.17766  14.8%  24.8 1463s
 236691 132544     cutoff   91       240.81990  205.37804  14.7%  24.7 1508s
 242755 133171 infeasible  114       240.81990  205.49651  14.7%  24.6 1520s
 244331 136859  233.33528   59   92  240.81990  205.56971  14.6%  24.6 1568s
 250657 137664     cutoff  141       240.81990  205.77977  14.6%  24.5 1580s
 252200 141224  214.02391   92  118  240.81990  205.84602  14.5%  24.5 1624s
 258204 143726 infeasible  108       240.81990  205.93504  14.5%  24.4 1662s
 263162 144564     cutoff  176       240.81990  205.98885  14.5%  24.3 1676s
 264944 147781  236.74098  188  129  240.81990  206.09354  14.4%  24.4 1721s
 270813 150811  232.78996   95   99  240.81990  206.17849  14.4%  24.3 1762s
 276361 151724  240.15028  181   59  240.81990  206.26936  14.3%  24.3 1774s
 277522 151724 infeasible   65       240.81990  206.33042  14.3%  24.3 1775s
 277947 155528  233.94510   75   93  240.81990  206.37924  14.3%  24.3 1818s
 284031 158571  239.03446   78   52  240.81990  206.45332  14.3%  24.2 1859s
 289665 160035  212.73738   80  108  240.81990  206.67295  14.2%  24.1 1877s
 292047 162558  231.16711   84  106  240.81990  206.71412  14.2%  24.1 1913s
 296973 165417  213.82975   74  128  240.81990  206.86128  14.1%  24.1 1953s
 302584 166279  223.24397  118   73  240.81990  207.07319  14.0%  24.1 1964s
 304155 169662  237.53590  173   37  240.81990  207.07319  14.0%  24.1 2005s
 310043 172314  223.70363   81  109  240.81990  207.18679  14.0%  24.0 2044s
 312193 172314  238.38858  132   62  240.81990  207.23956  13.9%  24.0 2045s
 314929 173225  236.36248   95   86  240.81990  207.37461  13.9%  23.9 2056s
 316549 176512  236.67079  112   60  240.81990  207.37461  13.9%  24.0 2090s
 321738 177395  232.81325   81  105  240.81990  207.56353  13.8%  23.9 2101s
 323283 180824  224.91224   80  131  240.81990  207.58223  13.8%  23.9 2140s
 329192 184281     cutoff   53       240.81990  207.68719  13.8%  23.9 2180s
 335174 186308 infeasible  101       240.81990  207.82726  13.7%  23.8 2204s
 338669 189248  239.10928   94   61  240.81990  207.91197  13.7%  23.7 2237s
 343834 190102     cutoff   51       240.81990  208.02665  13.6%  23.7 2247s
 345231 193570  232.30946  103  103  240.81990  208.04017  13.6%  23.7 2302s
 351181 196321  231.17052   78  108  240.81990  208.20140  13.5%  23.6 2352s
 356757 197388  237.59606  137   80  240.81990  208.29779  13.5%  23.6 2372s
 358979 200236  237.34239   75   93  240.81990  208.33992  13.5%  23.6 2420s
 364364 202916  225.06017   89  108  240.81990  208.34846  13.5%  23.5 2469s
 367920 202916  229.01233   76   79  240.81990  208.44003  13.4%  23.5 2470s
 369856 205312     cutoff  178       240.81990  208.44338  13.4%  23.5 2508s
 373842 206099  235.52964  116   99  240.81990  208.54063  13.4%  23.5 2520s
 375141 209582  234.32522   92   96  240.81990  208.57668  13.4%  23.5 2570s
 380950 212649  236.34800   94  107  240.81990  208.65579  13.4%  23.4 2619s
 385575 212649  211.05463   76  114  240.81990  208.68908  13.3%  23.3 2620s
 386602 213527  216.74044   75  180  240.81990  208.80622  13.3%  23.3 2635s
 388359 216170 infeasible   82       240.81990  208.85429  13.3%  23.3 2679s
 392906 218909  215.40878   69  138  240.81990  208.89737  13.3%  23.3 2722s
 397899 220025     cutoff   61       240.81990  208.96098  13.2%  23.3 2738s
 399803 222777  233.69374  134   69  240.81990  208.96251  13.2%  23.3 2782s
 405342 225866 infeasible  114       240.81990  209.09019  13.2%  23.2 2827s
 410932 228118  239.05446  122   82  240.81990  209.17377  13.1%  23.2 2864s
 415485 231281  217.96263   85  169  240.81990  209.26094  13.1%  23.1 2907s
 420980 232054  235.29334   64  132  240.81990  209.37856  13.1%  23.1 2918s
 422372 235106  223.64743   71  103  240.81990  209.40879  13.0%  23.1 2957s
 427517 238545  209.54766   69  172  240.81990  209.46104  13.0%  23.1 2999s
 433024 239224  233.94083   86  105  240.81990  209.55068  13.0%  23.0 3009s
 434298 242425  226.77858   87  107  240.81990  209.56393  13.0%  23.0 3047s
 439492 245182  226.85623   91   73  240.81990  209.58540  13.0%  23.0 3088s
 444930 246411     cutoff   94       240.81990  209.68853  12.9%  22.9 3103s
 446991 249304  226.52501  104   80  240.81990  209.73428  12.9%  23.0 3141s
 452154 252790  220.41047   99   96  240.81990  209.77087  12.9%  22.9 3180s
 457610 255454  215.39904   90  125  240.81990  209.83944  12.9%  22.9 3213s
 462130 256193  214.71514   89  115  240.81990  209.89334  12.8%  22.8 3223s
 463497 259433  210.19729  103  135  240.81990  209.91489  12.8%  22.9 3260s
 468911 260764 infeasible   85       240.81990  209.97691  12.8%  22.8 3277s
 471312 264335  216.48003   64  117  240.81990  210.05251  12.8%  22.8 3313s
 476725 265377  216.99102   71  126  240.81990  210.09545  12.8%  22.8 3328s
 478670 268532  234.01831   79  103  240.81990  210.14634  12.7%  22.8 3362s
 483943 271360  234.77654  148   78  240.81990  210.20627  12.7%  22.7 3392s
 488880 272131 infeasible  120       240.81990  210.24539  12.7%  22.7 3401s
 490274 274644  238.99250  113   64  240.81990  210.27423  12.7%  22.7 3432s
 495468 276752  212.55081   73  152  240.81990  210.35179  12.7%  22.7 3460s
 499678 279661  236.93081  122   53  240.81990  210.37368  12.6%  22.7 3493s
 505081 280389  235.17325  126   68  240.81990  210.46027  12.6%  22.6 3502s
 506666 282856  232.34700  115   78  240.81990  210.46524  12.6%  22.6 3531s
 511290 283917  224.10969   80  106  240.81990  210.53869  12.6%  22.6 3542s
H513034 283917                     240.8198968  210.55985  12.6%  22.6 3543s
 513219 286885  226.62522   89  122  240.81990  210.55985  12.6%  22.6 3571s
 518348 286903  233.09876  129   63  240.81990  210.59330  12.6%  22.6 3576s
 518392 287375  233.09876  130   63  240.81990  210.59335  12.6%  22.6 3585s
 519289 287772  233.11353  131   63  240.81990  210.61139  12.5%  22.6 3590s
 520021 288381  233.11353  132   65  240.81990  210.62153  12.5%  22.6 3595s
 521033 290684  233.13663  133   63  240.81990  210.63033  12.5%  22.6 3620s
 525134 293291  236.63930  162   64  240.81990  210.63290  12.5%  22.6 3648s
 529660 294429  235.70428   90   61  240.81990  210.70526  12.5%  22.6 3660s
 531659 297222  239.44712   87   62  240.81990  210.74714  12.5%  22.6 3690s
 536828 300232  228.56407   93   81  240.81990  210.81020  12.5%  22.6 3722s
 541623 303302     cutoff   88       240.81990  210.86184  12.4%  22.6 3753s
 546910 303950  212.88011   82  124  240.81990  210.91246  12.4%  22.5 3763s
 548222 305815 infeasible   91       240.81990  210.91246  12.4%  22.5 3783s
 551922 306547  219.96183   59  138  240.81990  210.98031  12.4%  22.5 3790s
 553327 309707  234.92644  122  141  240.81990  211.00800  12.4%  22.6 3821s
 558512 313023  232.45751   98   76  240.81990  211.05463  12.4%  22.5 3851s
 563880 313694  229.28716   82   99  240.81990  211.10759  12.3%  22.5 3860s
 565083 317207  213.89524   47  136  240.81990  211.13418  12.3%  22.5 3889s
 570468 320403  239.15986   82   68  240.81990  211.18969  12.3%  22.5 3919s
 575625 321248  237.54960   47  113  240.81990  211.23482  12.3%  22.4 3927s
 577086 324474  218.27875   79  125  240.81990  211.23482  12.3%  22.4 3954s
 582277 327051  230.85521   73   70  240.81990  211.29012  12.3%  22.4 3982s
 587121 327870  237.90045  148   39  240.81990  211.34544  12.2%  22.4 3990s
 588588 330833  232.06235   72   94  240.81990  211.34571  12.2%  22.4 4014s
 589233 330833  234.05744  107   63  240.81990  211.34571  12.2%  22.4 4015s
 593395 331437  234.51170  101   95  240.81990  211.40846  12.2%  22.4 4022s
 594661 334209  236.05135  131   75  240.81990  211.42573  12.2%  22.4 4048s
 599221 335049  221.99962   56  136  240.81990  211.48191  12.2%  22.4 4055s
 600713 337637 infeasible   79       240.81990  211.51113  12.2%  22.4 4076s
 605118 340721  227.15878  111   98  240.81990  211.53688  12.2%  22.4 4102s
 610413 341531  238.92441  104   67  240.81990  211.58159  12.1%  22.4 4109s
 611672 344683  230.94046  116   70  240.81990  211.58159  12.1%  22.4 4133s
 616949 344765  223.90829  100   96  240.81990  211.61464  12.1%  22.3 4145s
 617091 345120  223.92566  101   94  240.81990  211.61464  12.1%  22.3 4160s
 617740 346052  234.39529  119   73  240.81990  211.62376  12.1%  22.3 4175s
 619481 349027     cutoff   87       240.81990  211.62376  12.1%  22.3 4213s
 624463 349862  233.31103   75   84  240.81990  211.69040  12.1%  22.3 4227s
 626056 352027 infeasible   85       240.81990  211.70504  12.1%  22.3 4261s
 630132 353710  219.62395   58  102  240.81990  211.75335  12.1%  22.3 4287s
 633205 354405  235.14746   80   91  240.81990  211.77596  12.1%  22.3 4299s
 634547 357909  214.17668   89  131  240.81990  211.79493  12.1%  22.3 4341s
 640067 358696  227.44401  115  101  240.81990  211.86370  12.0%  22.3 4353s
 641387 362152  231.83715  135   95  240.81990  211.86456  12.0%  22.3 4395s
 646990 364623     cutoff  117       240.81990  211.92418  12.0%  22.3 4435s
 651040 366213 infeasible   81       240.81990  211.95975  12.0%  22.2 4454s
 653519 369333 infeasible   84       240.81990  211.98319  12.0%  22.2 4495s
 658945 370044  220.94855   92   96  240.81990  212.02454  12.0%  22.2 4509s
 660255 372943  221.01978   80  107  240.81990  212.04649  11.9%  22.2 4548s
 665386 375935  234.46986  115   60  240.81990  212.07480  11.9%  22.2 4591s
 670555 376740  235.94889   93   60  240.81990  212.11535  11.9%  22.2 4604s
 672073 379566 infeasible   79       240.81990  212.13863  11.9%  22.2 4644s
 676354 379566  233.70977   76   67  240.81990  212.17375  11.9%  22.2 4645s
 677377 380308  212.54037   95  103  240.81990  212.19142  11.9%  22.2 4658s
 678808 383081  235.45019   81   90  240.81990  212.19420  11.9%  22.2 4698s
 684131 384083     cutoff   79       240.81990  212.24953  11.9%  22.2 4714s
 685540 384083 infeasible  112       240.81990  212.27502  11.9%  22.2 4715s
 686014 387225  234.38016   87   78  240.81990  212.27502  11.9%  22.2 4754s
 691407 387860  234.86957  104   60  240.81990  212.33513  11.8%  22.2 4766s
 692565 391448  218.62785   98  162  240.81990  212.34346  11.8%  22.2 4805s
 698117 394625  234.74183   72   74  240.81990  212.37878  11.8%  22.1 4843s
 703226 395434     cutoff  180       240.81990  212.41237  11.8%  22.1 4853s
 704545 398363  239.00609   96   73  240.81990  212.43246  11.8%  22.1 4891s
 709917 401106  230.42127  100   78  240.81990  212.47841  11.8%  22.1 4930s
 714946 401783  240.44034  136   60  240.81990  212.53108  11.7%  22.1 4941s
 716167 404808  232.14561   91   86  240.81990  212.54463  11.7%  22.1 4976s
 721256 406171  232.35964   64   85  240.81990  212.58129  11.7%  22.1 4993s
 723401 409639     cutoff  187       240.81990  212.58862  11.7%  22.1 5030s
 728831 410362  226.59181   76  102  240.81990  212.61822  11.7%  22.0 5039s
 730083 413635  234.95189   95   75  240.81990  212.62529  11.7%  22.0 5073s
 735189 414279  234.31060  164   66  240.81990  212.68803  11.7%  22.0 5083s
 736396 416819  236.24634  104   63  240.81990  212.69044  11.7%  22.0 5113s
 741054 419895  238.70151   70   84  240.81990  212.73532  11.7%  22.0 5148s
 746011 420714     cutoff  113       240.81990  212.76435  11.7%  22.0 5157s
 747507 423929  228.89138  106   84  240.81990  212.76435  11.7%  22.0 5190s
 752787 424616  234.00205  103  126  240.81990  212.82819  11.6%  22.0 5200s
 754115 427653  233.04444   74  115  240.81990  212.84034  11.6%  22.0 5231s
 759108 430685     cutoff  108       240.81990  212.86842  11.6%  22.0 5263s
 764307 431375  238.70784   69   92  240.81990  212.90191  11.6%  22.0 5273s
 765597 433922  236.23162   76   73  240.81990  212.91916  11.6%  22.0 5300s
 769991 436362  232.51319   75   88  240.81990  212.97104  11.6%  21.9 5330s
 774669 437125  233.62904  135   71  240.81990  213.00237  11.6%  22.0 5338s
 776012 440019     cutoff   94       240.81990  213.02227  11.5%  22.0 5369s
 781244 442837  220.89502   83  127  240.81990  213.04620  11.5%  21.9 5399s
 786180 443559  238.17547   76   72  240.81990  213.06589  11.5%  21.9 5409s
 787501 446221  219.81796   69   95  240.81990  213.06589  11.5%  21.9 5436s
 792360 448819     cutoff   75       240.81990  213.14832  11.5%  21.9 5465s
 797264 449506  237.34333  188   39  240.81990  213.15524  11.5%  21.9 5472s
 798486 452249  238.03544   84   79  240.81990  213.17135  11.5%  21.9 5498s
 802900 455218  237.11649   89   64  240.81990  213.20217  11.5%  21.9 5528s
 807988 455794  219.00385  104   74  240.81990  213.21900  11.5%  21.9 5537s
 809280 458921  225.07257  135   85  240.81990  213.23349  11.5%  21.9 5566s
 814553 459646 infeasible   62       240.81990  213.30059  11.4%  21.9 5576s
 815960 462726  228.65133  119   63  240.81990  213.30949  11.4%  21.9 5604s
 821180 465568 infeasible   65       240.81990  213.35074  11.4%  21.9 5634s
 826222 466133  226.78462  102  116  240.81990  213.38922  11.4%  21.8 5643s
 827534 468543  230.55466  120   92  240.81990  213.39915  11.4%  21.9 5668s
 832204 469188  229.79721  106   72  240.81990  213.42573  11.4%  21.8 5675s
 833327 472447  236.60807  123   81  240.81990  213.43142  11.4%  21.9 5701s
 838580 475501  228.73535   88  132  240.81990  213.46964  11.4%  21.8 5729s
 843505 476297  226.15866  115   59  240.81990  213.50156  11.3%  21.8 5737s
 844993 478950  235.05081   81   79  240.81990  213.50451  11.3%  21.8 5762s
 849168 481711  225.10436   98   78  240.81990  213.53103  11.3%  21.8 5788s
 854037 484187  237.35686  111   52  240.81990  213.55638  11.3%  21.8 5812s
 858780 484930     cutoff  126       240.81990  213.57572  11.3%  21.8 5820s
 860291 487285  224.71472  132   89  240.81990  213.58317  11.3%  21.8 5842s
 864522 490235  232.44478   72   78  240.81990  213.64193  11.3%  21.8 5869s
 869853 490905  226.35253   91  100  240.81990  213.66969  11.3%  21.8 5877s
 871069 494051  238.51523   81   91  240.81990  213.67486  11.3%  21.8 5900s
 876044 496972  223.48262   79   79  240.81990  213.70348  11.3%  21.8 5924s
 880979 497740  234.81060   92   64  240.81990  213.72173  11.3%  21.8 5930s
 882267 500796 infeasible   93       240.81990  213.72173  11.3%  21.8 5953s
 887264 503497 infeasible   99       240.81990  213.76947  11.2%  21.7 5975s
 891820 504179     cutoff   68       240.81990  213.80059  11.2%  21.7 5982s
 893280 506647     cutoff   95       240.81990  213.80194  11.2%  21.7 6003s
 897902 509199  221.23499   56  125  240.81990  213.83024  11.2%  21.7 6026s
 902627 509881     cutoff  111       240.81990  213.85087  11.2%  21.7 6033s
 903950 512992  232.12014   60   91  240.81990  213.85087  11.2%  21.7 6055s
 909110 515752  238.40042   75   92  240.81990  213.89659  11.2%  21.7 6078s
 914032 516486  236.46146  107   64  240.81990  213.92353  11.2%  21.7 6084s
 914631 516486  232.60140   89   93  240.81990  213.92353  11.2%  21.7 6085s
 915502 519495  221.14022  110  113  240.81990  213.94871  11.2%  21.7 6105s
 920459 522283  232.91871  110   74  240.81990  213.96793  11.2%  21.7 6138s
 925282 523031     cutoff  180       240.81990  213.99132  11.1%  21.7 6149s
 926622 525858  221.98013   88  118  240.81990  214.01195  11.1%  21.7 6180s
 931486 526659  238.64239  101   67  240.81990  214.03036  11.1%  21.7 6191s
 932904 529485  232.69394   98   64  240.81990  214.03546  11.1%  21.7 6223s
 937932 530934 infeasible   81       240.81990  214.06733  11.1%  21.7 6246s
 941061 531710     cutoff  137       240.81990  214.06885  11.1%  21.7 6256s
 942453 534510  238.26780  114   85  240.81990  214.10402  11.1%  21.7 6286s
 947059 536854     cutoff  165       240.81990  214.12253  11.1%  21.7 6318s
 950968 537521  229.70649   84   73  240.81990  214.12253  11.1%  21.7 6329s
 952525 539893  232.57171  106   64  240.81990  214.15009  11.1%  21.7 6360s
 957463 540566  221.05075   94  122  240.81990  214.17657  11.1%  21.7 6370s
 958628 542756  235.02259   65   84  240.81990  214.17900  11.1%  21.7 6399s
 963282 544060  231.94100  133   56  240.81990  214.21806  11.0%  21.7 6418s
 965837 544680  227.48326   57  107  240.81990  214.21806  11.0%  21.7 6428s
 967138 547348  235.70832   90   58  240.81990  214.23320  11.0%  21.7 6457s
 972202 548073  227.19168   85   67  240.81990  214.26151  11.0%  21.7 6468s
 973757 550961  231.83516  123   76  240.81990  214.26724  11.0%  21.7 6498s
 978784 551714  228.74832  125   70  240.81990  214.28962  11.0%  21.7 6507s
 979964 554750 infeasible  154       240.81990  214.30162  11.0%  21.7 6538s
 985058 557227  226.40462  128  118  240.81990  214.32400  11.0%  21.7 6568s
 989644 557993  238.08451   96   76  240.81990  214.34031  11.0%  21.7 6578s
 991188 560602     cutoff   62       240.81990  214.34582  11.0%  21.7 6608s
 996170 561885  227.23317   79   83  240.81990  214.38633  11.0%  21.7 6623s
 998393 564524  220.77654   93  104  240.81990  214.39119  11.0%  21.7 6653s
 1003258 565097     cutoff  160       240.81990  214.42306  11.0%  21.7 6662s
 1004500 567494 infeasible  109       240.81990  214.43704  11.0%  21.7 6691s
 1008418 568175  226.05515   97  130  240.81990  214.45797  10.9%  21.7 6700s
 1009851 571032  231.12853  112  102  240.81990  214.46287  10.9%  21.7 6730s
 1014933 572285  236.48960   97   58  240.81990  214.49129  10.9%  21.7 6744s
 1016988 574989  240.72177  102   89  240.81990  214.49242  10.9%  21.7 6775s
 1022306 575655  235.17299   85   65  240.81990  214.53440  10.9%  21.7 6785s
 1023638 578600  225.66245  107  125  240.81990  214.55290  10.9%  21.7 6814s
 1028099 578600  238.94694  124   85  240.81990  214.56581  10.9%  21.7 6815s
 1028605 580664  237.05698   59  105  240.81990  214.56581  10.9%  21.7 6840s
 1033192 581366 infeasible   81       240.81990  214.59302  10.9%  21.7 6848s
 1034528 584609  237.98635  103   90  240.81990  214.59396  10.9%  21.7 6877s
 1039705 586953  219.04749   83  100  240.81990  214.62461  10.9%  21.7 6904s
 1044129 587789 infeasible   87       240.81990  214.64942  10.9%  21.7 6912s
 1045650 590808 infeasible  101       240.81990  214.65587  10.9%  21.7 6940s
 1050794 591906 infeasible  114       240.81990  214.68154  10.9%  21.7 6955s
 1052591 592470  239.54815  109   58  240.81990  214.68450  10.9%  21.7 6972s
 1053529 594928  226.14151   53   95  240.81990  214.68909  10.9%  21.7 7004s
 1058296 595732  231.66513  133   58  240.81990  214.71500  10.8%  21.7 7015s
 1059610 598787  232.07949   96   54  240.81990  214.71500  10.8%  21.7 7050s
 1064788 601612  214.80105   97  127  240.81990  214.74326  10.8%  21.7 7085s
 1069273 602306  223.38071   60  110  240.81990  214.75701  10.8%  21.6 7097s
 1070819 605169  223.50863   61  124  240.81990  214.78135  10.8%  21.6 7133s
 1076080 607851  237.88882   87   90  240.81990  214.80717  10.8%  21.6 7166s
 1080810 608519  239.48280   74   98  240.81990  214.83197  10.8%  21.6 7176s
 1082222 610315  232.38141   92  107  240.81990  214.83750  10.8%  21.6 7200s

Cutting planes:
  Cover: 1
  Implied bound: 198
  MIR: 4
  RLT: 6
  Relax-and-lift: 9

Explored 1085878 nodes (23562645 simplex iterations) in 7201.04 seconds (983.50 work units)
Thread count was 32 (of 96 available processors)

Solution count 10: 240.82 240.82 240.928 ... 245.03

Time limit reached
Best objective 2.408198967952e+02, best bound 2.148498182491e+02, gap 10.7840%

User-callback calls 2402721, time in user-callback 2.91 sec
