
Gurobi 10.0.3 (win64) logging started Sun Sep 21 02:47:56 2025

Set parameter LogFile to value "log_group_6/bound_Expr70_s10_l1051_s11_e12_o100_d200_t7200_s70_0_0_0_0.log"
Gurobi Optimizer version 10.0.3 build v10.0.3rc0 (win64)

CPU model: 11th Gen Intel(R) Core(TM) i7-11700 @ 2.50GHz, instruction set [SSE2|AVX|AVX2|AVX512]
Thread count: 8 physical cores, 16 logical processors, using up to 16 threads

Optimize a model with 4401890 rows, 4400800 columns and 35168880 nonzeros
Model fingerprint: 0x205566e5
Variable types: 800 continuous, 4400000 integer (4400000 binary)
Coefficient statistics:
  Matrix range     [6e-01, 8e+02]
  Objective range  [1e+00, 1e+00]
  Bounds range     [1e+00, 1e+03]
  RHS range        [1e+00, 8e+02]
Presolve removed 0 rows and 100 columns (presolve time = 5s) ...
Presolve removed 4345300 rows and 4345200 columns (presolve time = 10s) ...
Presolve removed 4345790 rows and 4345200 columns (presolve time = 15s) ...
Presolve removed 4345300 rows and 4344710 columns
Presolve time: 15.38s
Presolved: 56590 rows, 56090 columns, 332460 nonzeros
Variable types: 600 continuous, 55490 integer (55490 binary)
Found heuristic solution: objective 15439.846233
Found heuristic solution: objective 3479.0898000
Deterministic concurrent LP optimizer: primal and dual simplex
Showing first log only...


Root simplex log...

Iteration    Objective       Primal Inf.    Dual Inf.      Time
       0   -6.9105000e+04   1.876213e+04   5.905467e+08     19s
    4914    7.4895000e+04   0.000000e+00   9.920000e+02     19s
    5542    0.0000000e+00   0.000000e+00   0.000000e+00     19s
Concurrent spin time: 0.18s

Solved with primal simplex

Root relaxation: objective 0.000000e+00, 5542 iterations, 1.07 seconds (2.26 work units)

    Nodes    |    Current Node    |     Objective Bounds      |     Work
 Expl Unexpl |  Obj  Depth IntInf | Incumbent    BestBd   Gap | It/Node Time

     0     0    0.00000    0  331 3479.08980    0.00000   100%     -   25s
H    0     0                    3227.0496333    0.00000   100%     -   27s
H    0     0                    3133.9572667    0.00000   100%     -   32s
     0     0    0.00000    0  425 3133.95727    0.00000   100%     -   32s
H    0     0                    1432.7664667    0.00000   100%     -   38s
     0     0    0.00000    0  422 1432.76647    0.00000   100%     -   39s
H    0     0                    1038.8896000    0.00000   100%     -   58s
H    0     0                     922.6460973    0.00000   100%     -   58s
H    0     0                     761.1691980    0.00000   100%     -   58s
     0     0    0.00000    0  307  761.16920    0.00000   100%     -   70s
H    0     0                     739.8589994    0.00000   100%     -   74s
H    0     0                     729.9945333    0.00000   100%     -   83s
     0     0    0.00000    0  317  729.99453    0.00000   100%     -   83s
H    0     0                     705.7787293    0.00000   100%     -  104s
     0     0    0.00000    0  308  705.77873    0.00000   100%     -  109s
H    0     0                     688.0451401    0.00000   100%     -  119s
H    0     0                     684.0559325    0.00000   100%     -  126s
H    0     0                     678.3603657    0.00000   100%     -  126s
     0     0    0.00000    0  317  678.36037    0.00000   100%     -  126s
H    0     0                     672.8824328    0.00000   100%     -  155s
     0     0    0.00000    0  307  672.88243    0.00000   100%     -  162s
H    0     0                     665.4938667    0.00000   100%     -  167s
     0     0    0.00000    0  317  665.49387    0.00000   100%     -  172s
H    0     0                     665.2311284    0.00000   100%     -  193s
     0     0    0.00000    0  304  665.23113    0.00000   100%     -  198s
     0     0    0.00000    0  304  665.23113    0.00000   100%     -  208s
H    0     0                     665.1372335    0.00000   100%     -  217s
H    0     0                     660.1672657    0.00000   100%     -  228s
H    0     2                     660.1583667    0.00000   100%     -  250s
     0     2    0.00000    0  296  660.15837    0.00000   100%     -  250s
     7    16    0.00000    3  308  660.15837    0.00000   100%  2327  256s
H   31    40                     660.0923661    0.00000   100%   588  290s
H   32    40                     660.0916861    0.00000   100%   570  290s
H   33    40                     660.0857240    0.00000   100%   553  290s
    56    65    0.00000    9  311  660.08572    0.00000   100%   373  295s
    72    81    0.00000   11  324  660.08572    0.00000   100%   295  302s
    89   103    0.00000   13  305  660.08572    0.00000   100%   245  307s
   111   124    0.00000   15  308  660.08572    0.00000   100%   199  312s
   138   147    0.00000   17  306  660.08572    0.00000   100%   164  319s
   146   161    0.00000   18  306  660.08572    0.00000   100%   156  322s
   173   187    0.00000   20  307  660.08572    0.00000   100%   133  327s
   202   213    0.00000   22  304  660.08572    0.00000   100%   117  343s
   212   234    0.00000   23  303  660.08572    0.00000   100%   112  346s
   255   280    0.00000   27  304  660.08572    0.00000   100%  94.7  352s
   279   306    0.00000   28  309  660.08572    0.00000   100%  87.3  355s
   305   316    0.00000   29  313  660.08572    0.00000   100%  80.6  360s
   343   370    0.00000   32  313  660.08572    0.00000   100%  72.7  367s
   369   395    0.00000   34  310  660.08572    0.00000   100%  68.0  370s
   418   444    0.00000   38  312  660.08572    0.00000   100%  61.4  377s
   443   507    0.00000   41  313  660.08572    0.00000   100%  58.4  381s
   561   623    0.00000   47  313  660.08572    0.00000   100%  47.6  388s
   622   706    0.00000   49  313  660.08572    0.00000   100%  43.9  392s
   705   766    0.00000   51  313  660.08572    0.00000   100%  39.5  396s
   765   808    0.00000   61  317  660.08572    0.00000   100%  37.4  402s
   807   816    0.00000   65  317  660.08572    0.00000   100%  36.2  423s
   815   907    0.00000   66  317  660.08572    0.00000   100%  36.1  428s
   906  1008    0.00000   76  313  660.08572    0.00000   100%  33.6  435s
  1007  1111    0.00000   87  315  660.08572    0.00000   100%  31.1  442s
  1110  1292    0.00000   94  319  660.08572    0.00000   100%  29.0  450s
  1291  1541    0.00000  110  317  660.08572    0.00000   100%  25.8  458s
  1540  1750    0.00000  130  318  660.08572    0.00000   100%  22.7  467s
  1749  1936    0.00000  155  318  660.08572    0.00000   100%  20.9  476s
  1935  2203    0.00000  173  318  660.08572    0.00000   100%  19.5  496s
  2202  2532    0.00000  205  318  660.08572    0.00000   100%  17.9  509s
  2531  2983    0.00000  258  322  660.08572    0.00000   100%  16.2  524s
  2982  3501    0.00000  305  324  660.08572    0.00000   100%  14.5  540s
  3500  4117    0.00000  362  328  660.08572    0.00000   100%  13.2  558s
  4116  4765    0.00000  411  329  660.08572    0.00000   100%  12.2  581s
  4764  5347    0.00000  462  329  660.08572    0.00000   100%  11.1  602s
  5346  6076    0.00000  502  332  660.08572    0.00000   100%  10.5  627s
  6075  6246    0.00000  552  332  660.08572    0.00000   100%   9.8  647s
  6245  7180    0.00000  553  332  660.08572    0.00000   100%   9.7  674s
  7179  8255    0.00000  649  335  660.08572    0.00000   100%   9.1  701s
  8255  8256   91.05357  386  304  660.08572    0.00000   100%   8.8  983s
  8257  8257  226.40457  443  287  660.08572    0.00000   100%   8.8 1012s
  8258  8258  219.74833  399  294  660.08572    0.00000   100%   8.8 1065s
  8259  8259  141.27310  766  296  660.08572    0.00000   100%   8.7 1086s
  8260  8259  201.22007  447  292  660.08572    0.00000   100%   8.7 1123s
  8261  8260  344.38017  615  333  660.08572    0.00000   100%   8.7 1127s
  8262  8261  217.80687   78  281  660.08572    0.00000   100%   8.7 1155s
  8263  8261  188.76337   28  296  660.08572    0.00000   100%   8.7 1164s
  8264  8262   91.05357  845  302  660.08572    0.00000   100%   8.7 1200s
  8265  8263   97.70980  783  359  660.08572    0.00000   100%   8.7 1206s
  8266  8263  385.03247  401  299  660.08572    0.00000   100%   8.7 1235s
  8268  8265  229.95507  427  297  660.08572    0.00000   100%   8.7 1270s
  8269  8265  290.91167 1299  297  660.08572    0.00000   100%   8.7 1281s
  8270  8266  226.40457  870  297  660.08572    0.00000   100%   8.7 1306s
  8271  8270    0.00000   13  282  660.08572    0.00000   100%  19.1 1317s
  8277  8280    0.00000   15  283  660.08572    0.00000   100%  19.2 1322s
  8293  8290  128.71833   16  287  660.08572    0.00000   100%  19.3 1326s
  8301  8296    0.00000   17  285  660.08572    0.00000   100%  19.4 1428s
  8309  8301    6.27010   17  276  660.08572    0.00000   100%  19.5 1430s
  8325  8313  189.03746   18  313  660.08572    0.00000   100%  19.6 1436s
  8334  8318    0.00000   19  283  660.08572    0.00000   100%  19.6 1451s
  8351  8332    0.00000   20  285  660.08572    0.00000   100%  19.7 1457s
  8362  8340   28.42337   20  281  660.08572    0.00000   100%  19.7 1460s
  8386  8356  105.92780   21  284  660.08572    0.00000   100%  19.8 1467s
  8398  8364   78.17447   22  301  660.08572    0.00000   100%  19.9 1470s
  8410  8375    0.00000   23  306  660.08572    0.00000   100%  20.0 1484s
  8425  8387    0.00000   24  306  660.08572    0.00000   100%  20.0 1487s
  8442  8400    0.00000   25  303  660.08572    0.00000   100%  20.1 1491s
  8460  8402    0.00000   26  301  660.08572    0.00000   100%  20.1 1499s
  8468  8417   92.95283   26  300  660.08572    0.00000   100%  20.2 1503s
  8486  8429   69.07410   27  310  660.08572    0.00000   100%  20.2 1508s
  8504  8442    0.00000   28  304  660.08572    0.00000   100%  20.3 1512s
  8523  8460    0.00000   29  305  660.08572    0.00000   100%  20.3 1517s
  8547  8461  158.26630   30  303  660.08572    0.00000   100%  20.3 1527s
  8556  8481    0.00000   31  301  660.08572    0.00000   100%  20.4 1532s
  8579  8502  150.05737   32  294  660.08572    0.00000   100%  20.4 1537s
  8608  8521  121.95610   33  295  660.08572    0.00000   100%  20.5 1542s
  8637  8548    0.00000   35  295  660.08572    0.00000   100%  20.5 1547s
  8673  8570    0.00000   36  309  660.08572    0.00000   100%  20.6 1553s
  8707  8569    0.00000   37  307  660.08572    0.00000   100%  20.6 1561s
  8718  8599    0.00000   38  308  660.08572    0.00000   100%  20.6 1567s
  8751  8614  128.68713   40  302  660.08572    0.00000   100%  20.6 1573s
  8777  8643   79.38843   41  304  660.08572    0.00000   100%  20.7 1580s
  8815  8663    0.00000   43  307  660.08572    0.00000   100%  20.7 1586s
  8848  8690    0.00000   44  306  660.08572    0.00000   100%  20.7 1593s
  8886  8767  159.44347   45  304  660.08572    0.00000   100%  20.8 1600s
  8975  8764    0.00000   47  303  660.08572    0.00000   100%  20.8 1611s
  9002  8842    0.00000   48  316  660.08572    0.00000   100%  20.9 1619s
  9089  8855  159.44347   49  310  660.08572    0.00000   100%  20.9 1630s
  9131  8942  105.00860   50  306  660.08572    0.00000   100%  20.9 1637s
  9232  9011  105.66470   56  308  660.08572    0.00000   100%  20.9 1645s
  9335  9104    0.00000   60  305  660.08572    0.00000   100%  20.9 1652s
  9462  9165    0.00000   64  304  660.08572    0.00000   100%  20.8 1660s
  9565  9232    0.00000   67  305  660.08572    0.00000   100%  20.8 1668s
  9667  9343   96.17963   69  305  660.08572    0.00000   100%  20.8 1676s
  9812  9436    0.00000   72  304  660.08572    0.00000   100%  20.7 1685s
  9953  9468    0.00000   75  307  660.08572    0.00000   100%  20.6 1697s
 10032  9585    0.00000   78  307  660.08572    0.00000   100%  20.6 1706s
 10175  9691    0.00000   83  309  660.08572    0.00000   100%  20.5 1715s
 10329  9804   63.94197   88  305  660.08572    0.00000   100%  20.4 1724s
 10493  9906   69.74873   93  311  660.08572    0.00000   100%  20.4 1734s
 10650 10043    0.00000   98  309  660.08572    0.00000   100%  20.3 1744s
 10839 10155   99.08310  102  303  660.08572    0.00000   100%  20.2 1755s
 11014 10175    0.00000  108  308  660.08572    0.00000   100%  20.1 1769s
 11093 10369  132.40973  111  303  660.08572    0.00000   100%  20.1 1780s
 11313 10527    0.00000  120  302  660.08572    0.00000   100%  20.0 1792s
 11544 10698    0.00000  128  307  660.08572    0.00000   100%  19.9 1804s
 11792 10817   55.29927  134  300  660.08572    0.00000   100%  19.8 1817s
 11994 10962    0.00000  139  303  660.08572    0.00000   100%  19.7 1830s
 12206 11052    0.00000  146  306  660.08572    0.00000   100%  19.6 1848s
 12367 11291    0.00000  151  303  660.08572    0.00000   100%  19.6 1861s
 12660 11528    0.00000  160  309  660.08572    0.00000   100%  19.5 1876s
 12994 11491    0.00000  172  301  660.08572    0.00000   100%  19.3 1895s
 13069 11864    0.00000  176  300  660.08572    0.00000   100%  19.3 1929s
 13467 12043    0.00000  183  306  660.08572    0.00000   100%  20.4 1953s
 13778 12428    0.00000  189  305  660.08572    0.00000   100%  20.2 1974s
 14267 12732    0.00000  196  297  660.08572    0.00000   100%  19.8 1994s
 14734 12772    0.00000  203  299  660.08572    0.00000   100%  19.5 2009s
 14930 12936    0.00000  210  296  660.08572    0.00000   100%  19.4 2040s
 15159 13358    0.00000  215  293  660.08572    0.00000   100%  19.3 2060s
 15657 14050   58.91977  220  286  660.08572    0.00000   100%  19.0 2287s
 16515 14006  110.14610  233  288  660.08572    0.00000   100%  18.7 2310s
 16757 14256    0.00000  236  291  660.08572    0.00000   100%  18.5 2324s
 17088 14710   51.38053  240  297  660.08572    0.00000   100%  18.4 2340s
 17652 14861    0.00000  245  296  660.08572    0.00000   100%  18.0 2362s
 17991 15407   97.57440  250  297  660.08572    0.00000   100%  17.8 2384s
 18650 15883    0.00000  261  298  660.08572    0.00000   100%  17.4 2402s
 19346 16283    0.00000  275  304  660.08572    0.00000   100%  17.1 2422s
 19978 16805    0.00000  289  302  660.08572    0.00000   100%  16.8 2440s
 20711 16569    0.00000  301  300  660.08572    0.00000   100%  16.4 2534s
 20719 16964   72.11607  301  298  660.08572    0.00000   100%  16.4 2557s
 21117 17536    0.00000  304  296  660.08572    0.00000   100%  16.2 2573s
 21821 17697    0.00000  310  298  660.08572    0.00000   100%  15.9 2609s
 22217 18457  133.34597  310  295  660.08572    0.00000   100%  15.7 2627s
 23109 19043    0.00000  322  293  660.08572    0.00000   100%  15.3 2646s
 23992 19934    7.02827  333  283  660.08572    0.00000   100%  14.9 2665s
 25178 20136    0.00000  341  288  660.08572    0.00000   100%  14.4 2699s
 25775 20815  158.19930  348  292  660.08572    0.00000   100%  14.2 2721s
 26653 21228    0.00000  355  290  660.08572    0.00000   100%  13.9 2754s
 27359 21795    0.00000  359  291  660.08572    0.00000   100%  13.6 2776s
 28161 22652    0.00000  365  293  660.08572    0.00000   100%  13.4 2796s
 29285 23208    0.00000  379  296  660.08572    0.00000   100%  13.1 2817s
 30216 24422    0.00000  396  294  660.08572    0.00000   100%  12.9 3726s
 31740 24581    0.00000  426  297  660.08572    0.00000   100%  12.8 3795s
 32407 24366    0.00000  432  299  660.08572    0.00000   100%  12.6 3976s
 32415 24818  108.66150  432  295  660.08572    0.00000   100%  12.6 3994s
 32869 25561    0.00000  443  300  660.08572    0.00000   100%  12.6 4065s
 33764 26478    0.00000  450  301  660.08572    0.00000   100%  12.4 4091s
 34747 27852    0.00000  467  295  660.08572    0.00000   100%  12.3 4117s
 36121 29005    0.00000  479  294  660.08572    0.00000   100%  12.0 4142s
 37274 29867    0.00000  491  299  660.08572    0.00000   100%  11.8 4225s
 38136 30867  107.61463  498  294  660.08572    0.00000   100%  11.7 4247s
 39136 31853    0.00000  507  294  660.08572    0.00000   100%  11.5 4269s
 40122 32970    0.00000  514  295  660.08572    0.00000   100%  11.4 4291s
 41239 33392    0.00000  523  298  660.08572    0.00000   100%  11.2 4500s
 41661 34382    0.00000  536  297  660.08572    0.00000   100%  11.2 4524s
 42651 34851    0.00000  549  296  660.08572    0.00000   100%  11.1 4642s
 43120 36181   50.49023  549  296  660.08572    0.00000   100%  11.0 4667s
 44450 37555    0.00000  562  299  660.08572    0.00000   100%  10.8 4689s
 45824 39403    0.00000  576  302  660.08572    0.00000   100%  10.7 4887s
 47672 39707    0.00000  618  304  660.08572    0.00000   100%  10.6 5007s
 47976 41177    0.00000  620  303  660.08572    0.00000   100%  10.5 5021s
 49446 42070    0.00000  635  292  660.08572    0.00000   100%  10.3 5032s
 50339 42958    0.00000  640  299  660.08572    0.00000   100%  10.2 5042s
 51227 43650    0.00000  644  295  660.08572    0.00000   100%  10.1 5052s
 51919 44676    0.00000  649  297  660.08572    0.00000   100%  10.0 5064s
 52945 45718    0.00000  654  297  660.08572    0.00000   100%   9.9 5073s
 53987 46641    0.00000  660  297  660.08572    0.00000   100%   9.8 5084s
 54910 47496    0.00000  666  297  660.08572    0.00000   100%   9.7 5094s
 55765 48441    0.00000  670  297  660.08572    0.00000   100%   9.6 5104s
 56710 49058    0.00000  673  296  660.08572    0.00000   100%   9.5 5113s
 57327 49688    0.00000  677  297  660.08572    0.00000   100%   9.5 5123s
 57957 50914    0.00000  679  298  660.08572    0.00000   100%   9.5 5133s
 59183 51787    0.00000  682  298  660.08572    0.00000   100%   9.3 5143s
 60056 52386  127.98193  685  293  660.08572    0.00000   100%   9.3 5153s
 60655 53834    0.00000  688  297  660.08572    0.00000   100%   9.2 5464s
 62103 55110    0.00000  701  295  660.08572    0.00000   100%   9.2 5482s
 63379 56206    0.00000  706  297  660.08572    0.00000   100%   9.2 5498s
 64475 57529    0.00000  711  295  660.08572    0.00000   100%   9.1 5514s
 65798 58275    0.00000  715  298  660.08572    0.00000   100%   9.0 5527s
 66544 58955  159.44347  719  299  660.08572    0.00000   100%   8.9 5537s
 67224 59939    0.00000  724  302  660.08572    0.00000   100%   8.9 5548s
 68208 61122    0.00000  729  304  660.08572    0.00000   100%   8.9 5560s
 69391 62237    0.00000  732  297  660.08572    0.00000   100%   8.8 5574s
 70506 63153    0.00000  736  303  660.08572    0.00000   100%   8.7 5587s
 71422 64006    0.00000  739  304  660.08572    0.00000   100%   8.6 5610s
 72275 64775    0.00000  743  304  660.08572    0.00000   100%   8.8 5623s
 73044 65611    0.00000  747  306  660.08572    0.00000   100%   8.7 5637s
 73880 66624    0.00000  750  306  660.08572    0.00000   100%   8.7 5650s
 74893 67272    0.00000  756  304  660.08572    0.00000   100%   8.6 5663s
 75541 68783    0.00000  762  302  660.08572    0.00000   100%   8.6 5868s
 77052 69022    0.00000  791  310  660.08572    0.00000   100%   8.6 6046s
 77291 70361    0.00000  796  309  660.08572    0.00000   100%   8.6 6069s
 78630 71130    0.00000  839  309  660.08572    0.00000   100%   8.5 6086s
 79399 71357    0.00000  868  311  660.08572    0.00000   100%   8.5 6177s
 79626 72048    0.00000  877  313  660.08572    0.00000   100%   8.5 6191s
 80317 72846    0.00000  896  315  660.08572    0.00000   100%   8.5 6210s
 81115 73802    0.00000  901  315  660.08572    0.00000   100%   8.6 6228s
 82071 74578    0.00000  920  315  660.08572    0.00000   100%   8.5 6249s
 82847 75495    0.00000  945  314  660.08572    0.00000   100%   8.5 6268s
 83764 76389    0.00000  986  312  660.08572    0.00000   100%   8.5 6287s
 84658 76667    0.00000 1030  311  660.08572    0.00000   100%   8.5 6388s
 84936 77508    0.00000 1042  311  660.08572    0.00000   100%   8.5 6404s
 85777 77795    0.00000 1072  311  660.08572    0.00000   100%   8.5 6593s
 86064 78827    0.00000 1076  309  660.08572    0.00000   100%   8.5 6614s
 87096 79800    0.00000 1097  311  660.08572    0.00000   100%   8.4 6632s
 88069 81139    0.00000 1133  311  660.08572    0.00000   100%   8.4 6654s
 89408 82355    0.00000 1160  311  660.08572    0.00000   100%   8.4 6676s
 90624 83462    0.00000 1192  311  660.08572    0.00000   100%   8.3 6954s
 91731 84590    0.00000 1244  310  660.08572    0.00000   100%   8.3 6975s
 92859 85616    0.00000 1259  311  660.08572    0.00000   100%   8.3 6996s
 93885 86642   94.97963 1267  316  660.08572    0.00000   100%   8.3 7016s
 94911 87625    0.00000 1275  308  660.08572    0.00000   100%   8.3 7035s
 95894 88651    0.00000 1280  309  660.08572    0.00000   100%   8.3 7052s
 96920 88659    0.00000 1286  312  660.08572    0.00000   100%   8.3 7201s

Cutting planes:
  Gomory: 70
  Implied bound: 149
  Projected implied bound: 678
  MIR: 74
  Flow cover: 743
  RLT: 4
  Relax-and-lift: 4086

Explored 96928 nodes (993640 simplex iterations) in 7205.65 seconds (9773.64 work units)
Thread count was 16 (of 16 available processors)

Solution count 10: 660.086 660.092 660.092 ... 678.36

Time limit reached
Best objective 6.600857240333e+02, best bound 2.910383045673e-11, gap 100.0000%

User-callback calls 851321, time in user-callback 6.61 sec
