
Gurobi 10.0.1 (win64) logging started Sat Sep 20 14:15:20 2025

Set parameter LogFile to value "log_group_6/bound_Expr64_s10_l1051_s11_e12_o100_d200_t7200_s64_0_0_0_0.log"
Gurobi Optimizer version 10.0.1 build v10.0.1rc0 (win64)

CPU model: Intel(R) Core(TM) i7-10700 CPU @ 2.90GHz, instruction set [SSE2|AVX|AVX2]
Thread count: 8 physical cores, 16 logical processors, using up to 16 threads

Optimize a model with 3251890 rows, 3250800 columns and 25995880 nonzeros
Model fingerprint: 0xbf1d7fa8
Variable types: 800 continuous, 3250000 integer (3250000 binary)
Coefficient statistics:
  Matrix range     [1e+00, 9e+02]
  Objective range  [1e+00, 1e+00]
  Bounds range     [1e+00, 1e+03]
  RHS range        [1e+00, 9e+02]
Presolve removed 0 rows and 100 columns (presolve time = 5s) ...
Presolve removed 3191300 rows and 3191200 columns (presolve time = 10s) ...
Presolve removed 3191300 rows and 3190710 columns
Presolve time: 13.92s
Presolved: 60590 rows, 60090 columns, 356460 nonzeros
Variable types: 600 continuous, 59490 integer (59490 binary)
Found heuristic solution: objective 16363.231233
Found heuristic solution: objective 3075.8592667
Deterministic concurrent LP optimizer: primal and dual simplex
Showing first log only...


Root simplex log...

Iteration    Objective       Primal Inf.    Dual Inf.      Time
       0   -6.8834000e+04   1.882083e+04   5.926618e+08     17s
    5317    7.5166000e+04   0.000000e+00   1.480000e+03     18s
    6069    0.0000000e+00   0.000000e+00   0.000000e+00     18s
Concurrent spin time: 0.29s

Solved with primal simplex

Root relaxation: objective 0.000000e+00, 6069 iterations, 1.66 seconds (3.48 work units)

    Nodes    |    Current Node    |     Objective Bounds      |     Work
 Expl Unexpl |  Obj  Depth IntInf | Incumbent    BestBd   Gap | It/Node Time

     0     0    0.00000    0  360 3075.85927    0.00000   100%     -   28s
H    0     0                    2618.4761667    0.00000   100%     -   33s
H    0     0                    2392.8449667    0.00000   100%     -   38s
     0     0    0.00000    0  351 2392.84497    0.00000   100%     -   39s
H    0     0                    1391.3248333    0.00000   100%     -   52s
     0     0    0.00000    0  372 1391.32483    0.00000   100%     -   53s
H    0     0                    1123.2371667    0.00000   100%     -   98s
H    0     0                    1016.2059000    0.00000   100%     -   98s
     0     0    0.00000    0  304 1016.20590    0.00000   100%     -   98s
H    0     0                     989.9635990    0.00000   100%     -  107s
H    0     0                     961.2057000    0.00000   100%     -  107s
     0     0    0.00000    0  291  961.20570    0.00000   100%     -  107s
H    0     0                     880.5676301    0.00000   100%     -  123s
H    0     0                     873.4115323    0.00000   100%     -  124s
     0     0    0.00000    0  312  873.41153    0.00000   100%     -  124s
H    0     0                     807.9711990    0.00000   100%     -  147s
     0     0    0.00000    0  316  807.97120    0.00000   100%     -  148s
H    0     0                     795.1886333    0.00000   100%     -  174s
     0     0    0.00000    0  310  795.18863    0.00000   100%     -  174s
H    0     0                     795.1886328    0.00000   100%     -  185s
H    0     0                     794.8166333    0.00000   100%     -  185s
     0     0    0.00000    0  330  794.81663    0.00000   100%     -  186s
     0     0    0.00000    0  306  794.81663    0.00000   100%     -  216s
     0     0    0.00000    0  343  794.81663    0.00000   100%     -  219s
H    0     0                     792.7400511    0.00000   100%     -  251s
H    0     0                     780.6764000    0.00000   100%     -  251s
     0     0    0.00000    0  309  780.67640    0.00000   100%     -  251s
     0     0    0.00000    0  307  780.67640    0.00000   100%     -  256s
H    0     0                     777.4405948    0.00000   100%     -  272s
H    0     0                     765.9909920    0.00000   100%     -  280s
H    0     2                     765.9902653    0.00000   100%     -  296s
     0     2    0.00000    0  297  765.99027    0.00000   100%     -  296s
     7    16    0.00000    3  310  765.99027    0.00000   100%  1635  301s
H   31    40                     765.9255834    0.00000   100%   386  338s
H   33    40                     765.1766926    0.00000   100%   366  338s
H   36    40                     764.4443657    0.00000   100%   338  338s
H   38    40                     764.4421998    0.00000   100%   324  338s
    39    48    0.00000    7  305  764.44220    0.00000   100%   316  341s
    55    65    0.00000    9  300  764.44220    0.00000   100%   240  345s
H   64    73                     764.4421941    0.00000   100%   210  436s
H   65    73                     764.4410729    0.00000   100%   207  436s
H   67    73                     764.4056504    0.00000   100%   203  436s
    72    81    0.00000   11  297  764.40565    0.00000   100%   193  442s
    80    94    0.00000   12  298  764.40565    0.00000   100%   177  446s
   103   115    0.00000   14  302  764.40565    0.00000   100%   147  451s
   127   139    0.00000   16  299  764.40565    0.00000   100%   127  456s
   138   155    0.00000   17  302  764.40565    0.00000   100%   120  460s
   169   182    0.00000   20  309  764.40565    0.00000   100%   102  465s
   196   216    0.00000   23  300  764.40565    0.00000   100%  92.3  471s
   215   237    0.00000   25  297  764.40565    0.00000   100%  85.4  475s
   254   275    0.00000   28  299  764.40565    0.00000   100%  75.8  483s
   274   294    0.00000   30  301  764.40565    0.00000   100%  71.2  487s
   293   312    0.00000   32  300  764.40565    0.00000   100%  68.6  491s
   311   338    0.00000   33  301  764.40565    0.00000   100%  66.3  495s
   337   363    0.00000   35  302  764.40565    0.00000   100%  62.9  500s
   391   427    0.00000   39  301  764.40565    0.00000   100%  56.9  520s
H  407   427                     764.4056455    0.00000   100%  55.2  520s
   426   497    0.00000   43  304  764.40565    0.00000   100%  53.6  527s
   496   581    0.00000   48  298  764.40565    0.00000   100%  48.1  534s
   580   679    0.00000   54  307  764.40565    0.00000   100%  42.6  541s
   678   800    0.00000   61  309  764.40565    0.00000   100%  37.6  548s
H  799   808                     764.4033985    0.00000   100%  33.4  582s
   807   904    0.00000   71  308  764.40340    0.00000   100%  33.4  589s
   903  1015    0.00000   74  310  764.40340    0.00000   100%  31.4  597s
  1014  1169    0.00000   77  308  764.40340    0.00000   100%  29.2  606s
  1168  1378    0.00000   95  312  764.40340    0.00000   100%  26.4  617s
  1377  1552    0.00000  103  311  764.40340    0.00000   100%  23.6  626s
  1551  1732    0.00000  109  313  764.40340    0.00000   100%  22.0  636s
  1731  1951    0.00000  125  310  764.40340    0.00000   100%  20.7  648s
  1950  2133    0.00000  141  311  764.40340    0.00000   100%  19.2  674s
  2132  2464    0.00000  167  311  764.40340    0.00000   100%  18.5  690s
  2463  2878    0.00000  203  308  764.40340    0.00000   100%  17.1  707s
  2877  3265    0.00000  228  315  764.40340    0.00000   100%  15.7  723s
  3264  3754    0.00000  273  320  764.40340    0.00000   100%  14.8  743s
  3753  4300    0.00000  302  318  764.40340    0.00000   100%  13.8  763s
  4299  4959    0.00000  352  320  764.40340    0.00000   100%  12.9  786s
  4958  5700    0.00000  429  322  764.40340    0.00000   100%  12.0  813s
  5699  5862    0.00000  491  323  764.40340    0.00000   100%  11.1  877s
  5861  6057    0.00000  492  323  764.40340    0.00000   100%  10.9  902s
  6056  6973    0.00000  509  323  764.40340    0.00000   100%  10.7  932s
  6972  7973    0.00000  582  322  764.40340    0.00000   100%  10.1  965s
  7973  7974  392.89840  415  307  764.40340    0.00000   100%   9.6 1112s
  7975  7975    0.00000  383  284  764.40340    0.00000   100%   9.6 1152s
  7976  7976    0.00000   53  299  764.40340    0.00000   100%   9.6 1239s
  7977  7977   99.56790 1033  316  764.40340    0.00000   100%   9.6 1285s
  7978  7977  109.61543  839  296  764.40340    0.00000   100%   9.6 1334s
  7979  7978  175.38070  752  314  764.40340    0.00000   100%   9.5 1343s
  7980  7979  349.72920  176  290  764.40340    0.00000   100%   9.5 1400s
  7981  7979  109.61543  782  287  764.40340    0.00000   100%   9.5 1415s
  7982  7980   92.65633  311  292  764.40340    0.00000   100%   9.5 1464s
  7983  7981  290.88277  469  319  764.40340    0.00000   100%   9.5 1469s
  7984  7981  260.79117 1079  298  764.40340    0.00000   100%   9.5 1527s
  7985  7982  109.61543  436  328  764.40340    0.00000   100%   9.5 1537s
  7986  7983    0.00000  175  303  764.40340    0.00000   100%   9.5 1564s
  7987  7983  191.48107  889  301  764.40340    0.00000   100%   9.5 1583s
  7988  7984  358.76597  909  301  764.40340    0.00000   100%   9.5 1614s
  7989  7988    0.00000   12  295  764.40340    0.00000   100%  22.4 1677s
  7995  7997    0.00000   14  278  764.40340    0.00000   100%  22.4 1681s
  8011  8005   74.21823   15  290  764.40340    0.00000   100%  22.6 1691s
  8027  8014  253.42553   16  280  764.40340    0.00000   100%  23.5 1695s
  8051  8030    0.00000   18  283  764.40340    0.00000   100%  23.5 1701s
  8059  8035  157.69327   18  289  764.40340    0.00000   100%  23.5 1744s
  8067  8043    0.00000   19  287  764.40340    0.00000   100%  23.5 1746s
  8078  8046  126.08973   19  288  764.40340    0.00000   100%  23.6 1872s
  8086  8052    0.00000   20  285  764.40340    0.00000   100%  23.5 1875s
  8109  8069    0.00000   21  288  764.40340    0.00000   100%  23.6 1881s
  8132  8087    0.00000   22  288  764.40340    0.00000   100%  23.6 1927s
  8146  8097   29.68273   22  283  764.40340    0.00000   100%  23.6 1930s
  8181  8124  186.51580   24  285  764.40340    0.00000   100%  23.7 1937s
  8200  8138  260.83133   25  299  764.40340    0.00000   100%  23.7 1941s
  8221  8155  182.97920   26  297  764.40340    0.00000   100%  23.7 1945s
  8246  8154  253.50623   27  294  764.40340    0.00000   100%  23.7 1967s
  8254  8178    0.00000   28  295  764.40340    0.00000   100%  23.7 1972s
  8281  8195  255.93690   29  294  764.40340    0.00000   100%  23.7 1976s
  8308  8214  185.85433   30  296  764.40340    0.00000   100%  23.7 1980s
  8338  8229  178.70900   31  302  764.40340    0.00000   100%  23.7 1985s
  8365  8243  124.02337   32  298  764.40340    0.00000   100%  23.7 1990s
  8389  8259    0.00000   34  299  764.40340    0.00000   100%  23.7 1995s
  8417  8271    0.00000   36  300  764.40340    0.00000   100%  23.7 2000s
  8442  8286    0.00000   37  298  764.40340    0.00000   100%  23.7 2006s
  8468  8299  259.25047   38  293  764.40340    0.00000   100%  23.7 2011s
  8492  8318  161.17077   39  297  764.40340    0.00000   100%  23.7 2017s
  8522  8335  259.61510   40  294  764.40340    0.00000   100%  23.7 2024s
  8553  8361  123.31483   41  296  764.40340    0.00000   100%  23.7 2030s
  8592  8380    0.00000   43  299  764.40340    0.00000   100%  23.6 2036s
  8628  8402  154.43070   44  291  764.40340    0.00000   100%  23.6 2043s
  8666  8431    0.00000   46  299  764.40340    0.00000   100%  23.6 2051s
  8711  8459  258.63173   47  300  764.40340    0.00000   100%  23.5 2058s
  8754  8506    0.00000   49  301  764.40340    0.00000   100%  23.5 2066s
  8815  8538  257.31487   51  299  764.40340    0.00000   100%  23.4 2074s
  8871  8585  260.90483   53  301  764.40340    0.00000   100%  23.4 2082s
  8946  8671    0.00000   56  298  764.40340    0.00000   100%  23.3 2097s
  9060  8729  260.90483   64  295  764.40340    0.00000   100%  23.2 2106s
  9157  8810    0.00000   71  298  764.40340    0.00000   100%  23.1 2115s
  9272  8912  160.25137   76  298  764.40340    0.00000   100%  23.0 2125s
  9412  8957    0.00000   81  301  764.40340    0.00000   100%  22.8 2150s
  9507  9063  259.45327   87  299  764.40340    0.00000   100%  22.8 2160s
  9645  9175  117.77373   94  304  764.40340    0.00000   100%  22.7 2171s
  9803  9261    0.00000  106  304  764.40340    0.00000   100%  22.6 2182s
  9961  9310    0.00000  114  300  764.40340    0.00000   100%  22.5 2197s
 10072  9418    0.00000  119  302  764.40340    0.00000   100%  22.5 2208s
 10217  9554  130.95263  128  300  764.40340    0.00000   100%  22.4 2220s
 10402  9695    0.00000  140  302  764.40340    0.00000   100%  22.2 2233s
 10616  9805    0.00000  148  304  764.40340    0.00000   100%  22.0 2246s
 10797  9973    0.00000  156  308  764.40340    0.00000   100%  21.9 2259s
 11025 10124    6.36170  162  307  764.40340    0.00000   100%  21.7 2272s
 11252 10271    0.00000  169  315  764.40340    0.00000   100%  21.5 2301s
 11476 10412    0.00000  176  318  764.40340    0.00000   100%  21.4 2316s
 11705 10611    0.00000  185  313  764.40340    0.00000   100%  21.2 2332s
 12017 10724  128.16967  193  305  764.40340    0.00000   100%  20.9 2348s
 12235 11025  262.05023  198  306  764.40340    0.00000   100%  20.8 2365s
 12609 11252    0.00000  204  311  764.40340    0.00000   100%  20.4 2382s
 12960 11228    0.00000  212  306  764.40340    0.00000   100%  20.1 2398s
 13053 11597  148.93393  214  309  764.40340    0.00000   100%  20.0 2417s
 13454 11600    0.00000  223  302  764.40340    0.00000   100%  19.7 2452s
 13605 11613    0.00000  225  301  764.40340    0.00000   100%  19.7 2470s
 13668 11881   16.82273  228  301  764.40340    0.00000   100%  19.7 2490s
 13958 11943    0.00000  236  307  764.40340    0.00000   100%  19.5 2507s
 14117 12421  257.28427  239  302  764.40340    0.00000   100%  19.4 2529s
 14659 12744    0.00000  248  309  764.40340    0.00000   100%  19.0 2551s
 15163 13131    0.00000  257  308  764.40340    0.00000   100%  18.7 2577s
 15719 13895    0.00000  267  308  764.40340    0.00000   100%  18.6 2767s
 16725 13649   82.76727  288  307  764.40340    0.00000   100%  17.9 2806s
 16814 14107  123.31483  293  306  764.40340    0.00000   100%  17.9 2825s
 17302 14583    0.00000  303  306  764.40340    0.00000   100%  17.6 2843s
 17941 14839    0.00000  318  306  764.40340    0.00000   100%  17.2 2859s
 18410 15293    0.00000  324  307  764.40340    0.00000   100%  17.2 2876s
 19020 15495    0.00000  329  312  764.40340    0.00000   100%  16.8 2892s
 19425 15939    0.00000  333  312  764.40340    0.00000   100%  16.6 2909s
 20004 16502    0.00000  339  313  764.40340    0.00000   100%  16.3 2926s
 20761 16379    0.00000  345  311  764.40340    0.00000   100%  16.0 2983s
 20891 16344    0.00000  347  311  764.40340    0.00000   100%  15.9 3096s
 20899 16603  253.92370  347  310  764.40340    0.00000   100%  15.9 3115s
 21161 17337    0.00000  354  311  764.40340    0.00000   100%  15.9 3135s
 21999 17203    0.00000  364  311  764.40340    0.00000   100%  15.5 3200s
 22144 18003    0.00000  369  311  764.40340    0.00000   100%  15.5 3219s
 22993 18614    0.00000  380  312  764.40340    0.00000   100%  15.2 3241s
 23887 18698   94.11437  391  318  764.40340    0.00000   100%  14.9 3261s
 24269 19689    0.00000  398  310  764.40340    0.00000   100%  14.8 3284s
 25387 20069    0.00000  407  311  764.40340    0.00000   100%  14.4 3306s
 26140 20693  269.36240  416  306  764.40340    0.00000   100%  14.2 3332s
 27016 21185    0.00000  427  310  764.40340    0.00000   100%  13.9 3357s
 27800 21790  179.85197  446  308  764.40340    0.00000   100%  13.7 3381s
 28667 22301    0.00000  479  311  764.40340    0.00000   100%  13.5 3407s
 29481 22182    0.00000  497  309  764.40340    0.00000   100%  13.3 3472s
 29633 22916  167.85503  506  304  764.40340    0.00000   100%  13.3 3498s
 30446 24329    0.00000  551  306  764.40340    0.00000   100%  13.2 4476s
 32140 24884    0.00000  646  310  764.40340    0.00000   100%  13.0 4502s
 33203 25789    0.00000  663  309  764.40340    0.00000   100%  12.8 4523s
 34110 26161    0.00000  684  304  764.40340    0.00000   100%  12.6 4595s
 34483 27135  251.67730  685  306  764.40340    0.00000   100%  12.5 4619s
 35465 28216    0.00000  695  312  764.40340    0.00000   100%  12.3 4643s
 36546 29322    0.00000  706  304  764.40340    0.00000   100%  12.1 4666s
 37652 30191    0.00000  723  307  764.40340    0.00000   100%  11.9 4687s
 38521 31218    0.00000  733  305  764.40340    0.00000   100%  11.8 4710s
 39568 31979    0.00000  744  313  764.40340    0.00000   100%  11.6 4729s
 40329 32840    0.00000  749  310  764.40340    0.00000   100%  11.4 4748s
 41198 33376    0.00000  757  313  764.40340    0.00000   100%  11.3 4839s
 41739 34343    0.00000  769  313  764.40340    0.00000   100%  11.2 4863s
 42723 35083  253.37603  786  308  764.40340    0.00000   100%  11.1 4952s
 43463 36488    0.00000  787  313  764.40340    0.00000   100%  11.0 4973s
 44869 38142   68.71580  802  313  764.40340    0.00000   100%  10.8 5155s
 46523 38150    0.00000  823  304  764.40340    0.00000   100%  10.6 5227s
 46531 39387  251.67730  823  302  764.40340    0.00000   100%  10.6 5246s
 47768 39594    0.00000  834  303  764.40340    0.00000   100%  10.5 5348s
 47975 40524    0.00000  839  303  764.40340    0.00000   100%  10.4 5365s
 48905 41394    0.00000  851  306  764.40340    0.00000   100%  10.3 5389s
 49775 42501    0.00000  858  308  764.40340    0.00000   100%  10.4 5406s
 50882 42633    0.00000  866  311  764.40340    0.00000   100%  10.3 5514s
 51014 43441    0.00000  868  310  764.40340    0.00000   100%  10.2 5531s
 51822 43927    0.00000  874  307  764.40340    0.00000   100%  10.2 5581s
 52325 44711    0.00000  877  306  764.40340    0.00000   100%  10.1 5599s
 53111 45430    0.00000  882  306  764.40340    0.00000   100%  10.0 5616s
 53832 46376    0.00000  891  306  764.40340    0.00000   100%  10.0 5634s
 54782 47395    0.00000  898  307  764.40340    0.00000   100%   9.9 5650s
 55801 48481    0.00000  905  307  764.40340    0.00000   100%   9.8 5666s
 56887 48489    0.00000  911  307  764.40340    0.00000   100%   9.7 5835s
 56895 49284  251.59630  911  306  764.40340    0.00000   100%   9.7 5850s
 57690 49766    0.00000  916  307  764.40340    0.00000   100%   9.6 5977s
 58172 50518  251.59630  916  306  764.40340    0.00000   100%   9.6 5994s
 58924 51345    0.00000  925  306  764.40340    0.00000   100%   9.5 6011s
 59751 52799    0.00000  933  306  764.40340    0.00000   100%   9.5 6200s
 61261 54012    0.00000  951  308  764.40340    0.00000   100%   9.4 6222s
 62474 54963    0.00000  962  313  764.40340    0.00000   100%   9.4 6238s
 63425 56038    0.00000  969  310  764.40340    0.00000   100%   9.3 6254s
 64500 56862  264.36403  974  308  764.40340    0.00000   100%   9.2 6268s
 65324 57756    0.00000  983  313  764.40340    0.00000   100%   9.2 6286s
 66218 58584    0.00000  997  313  764.40340    0.00000   100%   9.1 6301s
 67046 59366    0.00000 1007  311  764.40340    0.00000   100%   9.1 6318s
 67828 59443    0.00000 1011  310  764.40340    0.00000   100%   9.0 6441s
 67905 59972  112.89027 1011  301  764.40340    0.00000   100%   9.0 6458s
 68434 60680    0.00000 1018  312  764.40340    0.00000   100%   9.0 6476s
 69142 61343    0.00000 1025  311  764.40340    0.00000   100%   9.0 6491s
 69805 62082    0.00000 1030  311  764.40340    0.00000   100%   8.9 6509s
 70544 62964    0.00000 1038  311  764.40340    0.00000   100%   8.9 6527s
 71426 63951    0.00000 1051  312  764.40340    0.00000   100%   8.9 6545s
 72413 64857    0.00000 1060  312  764.40340    0.00000   100%   8.8 6561s
 73319 65640    0.00000 1071  312  764.40340    0.00000   100%   8.8 6578s
 74103 66315    0.00000 1100  312  764.40340    0.00000   100%   8.8 6594s
 74778 67763    0.00000 1110  316  764.40340    0.00000   100%   8.8 6772s
 76226 68838    0.00000 1128  313  764.40340    0.00000   100%   8.7 6790s
 77301 69652    0.00000 1138  315  764.40340    0.00000   100%   8.7 6806s
 78120 70175  123.06060 1147  310  764.40340    0.00000   100%   8.7 6821s
 78643 70187    0.00000 1156  316  764.40340    0.00000   100%   8.7 6986s
 78655 70873    0.00000 1157  316  764.40340    0.00000   100%   8.7 7005s
 79341 71544    0.00000 1168  316  764.40340    0.00000   100%   8.7 7023s
 80012 72043  114.93087 1182  307  764.40340    0.00000   100%   8.7 7041s
 80511 72541    0.00000 1194  309  764.40340    0.00000   100%   8.7 7059s
 81009 73390    0.00000 1203  303  764.40340    0.00000   100%   8.7 7079s
 81858 74186  124.08697 1211  303  764.40340    0.00000   100%   8.7 7097s
 82662 75059    0.00000 1217  311  764.40340    0.00000   100%   8.6 7117s
 83535 75765    0.00000 1221  312  764.40340    0.00000   100%   8.6 7151s
 84241 76608   82.57483 1225  300  764.40340    0.00000   100%   8.6 7172s
 85084 77138  156.50180 1231  303  764.40340    0.00000   100%   8.5 7192s
 85614 77370    0.00000 1239  313  764.40340    0.00000   100%   8.5 7200s

Cutting planes:
  Gomory: 52
  Implied bound: 239
  Projected implied bound: 964
  MIR: 89
  Flow cover: 714
  RLT: 6
  Relax-and-lift: 6807

Explored 85846 nodes (914655 simplex iterations) in 7203.15 seconds (8626.96 work units)
Thread count was 16 (of 16 available processors)

Solution count 10: 764.403 764.406 764.441 ... 777.441

Time limit reached
Best objective 7.644033984869e+02, best bound 1.455191522837e-11, gap 100.0000%

User-callback calls 781769, time in user-callback 3.99 sec
