
Gurobi 10.0.1 (win64) logging started Sun Sep 21 15:47:35 2025

Set parameter LogFile to value "log_group_6/bound_Expr305_s3_l1051_s11_e12_o10_d20_t60_s10_0_0_0_0.log"
Gurobi Optimizer version 10.0.1 build v10.0.1rc0 (win64)

CPU model: Intel(R) Core(TM) i7-10700 CPU @ 2.90GHz, instruction set [SSE2|AVX|AVX2]
Thread count: 8 physical cores, 16 logical processors, using up to 16 threads

Optimize a model with 18487 rows, 18180 columns and 145624 nonzeros
Model fingerprint: 0xf9a3fb33
Variable types: 180 continuous, 18000 integer (18000 binary)
Coefficient statistics:
  Matrix range     [6e-01, 8e+02]
  Objective range  [1e+00, 1e+00]
  Bounds range     [1e+00, 1e+03]
  RHS range        [1e+00, 8e+02]
Presolve removed 16528 rows and 16518 columns
Presolve time: 0.15s
Presolved: 1959 rows, 1662 columns, 14822 nonzeros
Variable types: 160 continuous, 1502 integer (1501 binary)
Found heuristic solution: objective 234.8008667

Root relaxation: objective 0.000000e+00, 362 iterations, 0.01 seconds (0.01 work units)

    Nodes    |    Current Node    |     Objective Bounds      |     Work
 Expl Unexpl |  Obj  Depth IntInf | Incumbent    BestBd   Gap | It/Node Time

     0     0    0.00000    0   20  234.80087    0.00000   100%     -    0s
H    0     0                     209.0218667    0.00000   100%     -    0s
H    0     0                      63.6125667    0.00000   100%     -    0s
     0     0    0.00000    0   23   63.61257    0.00000   100%     -    0s
     0     0    0.00000    0   21   63.61257    0.00000   100%     -    0s
     0     0    0.00000    0   21   63.61257    0.00000   100%     -    0s
     0     0    0.00000    0   22   63.61257    0.00000   100%     -    0s
     0     0    0.00000    0   21   63.61257    0.00000   100%     -    0s
     0     0    0.00000    0   22   63.61257    0.00000   100%     -    0s
     0     0    0.00000    0   21   63.61257    0.00000   100%     -    0s
     0     0    0.00000    0   22   63.61257    0.00000   100%     -    0s
     0     0    0.00000    0   21   63.61257    0.00000   100%     -    0s
     0     0    0.00000    0   22   63.61257    0.00000   100%     -    0s
     0     0    0.00000    0   21   63.61257    0.00000   100%     -    0s
     0     0    0.00000    0   22   63.61257    0.00000   100%     -    0s
     0     0    0.00000    0   21   63.61257    0.00000   100%     -    0s
     0     0    0.00000    0   20   63.61257    0.00000   100%     -    0s
     0     0    0.00000    0   20   63.61257    0.00000   100%     -    0s
H    0     0                      61.1254667    0.00000   100%     -    0s
     0     0    0.00000    0   28   61.12547    0.00000   100%     -    0s
     0     0    0.00000    0   27   61.12547    0.00000   100%     -    0s
H    0     0                      60.6248667    0.00000   100%     -    0s
     0     0    0.00000    0   20   60.62487    0.00000   100%     -    0s
     0     0    0.00000    0   20   60.62487    0.00000   100%     -    0s
H    0     0                      58.9570667    0.00000   100%     -    0s
H    0     0                      58.5764667    0.00000   100%     -    0s
     0     0    0.00000    0   20   58.57647    0.00000   100%     -    0s
     0     0    0.00000    0   20   58.57647    0.00000   100%     -    0s
H    0     0                      56.0929667    0.00000   100%     -    0s
     0     0    0.00000    0   20   56.09297    0.00000   100%     -    0s
     0     0    0.00000    0   20   56.09297    0.00000   100%     -    0s
     0     2    0.00000    0   20   56.09297    0.00000   100%     -    0s
H   79    84                      53.6058667    0.00000   100%  16.1    0s
H 2393  2255                      53.6058667    0.00000   100%   3.9    1s
H 3615  3396                      53.6058667    0.00000   100%   3.4    1s
H 4741  4069                      53.6058667    0.00000   100%   3.6    2s
H 4826  3916                      53.6058660    4.37363  91.8%   4.0    3s
 12803  9341   24.70047  416   12   53.60587    4.37363  91.8%   4.6    5s
 33781 27109   10.91623  116   16   53.60587    4.37363  91.8%   4.9   10s
 65627 54749   19.83683  230   14   53.60587    4.37363  91.8%   4.9   15s
H91148 75933                      53.6058660    4.37363  91.8%   4.6   18s
 97710 82531   10.02393  230   16   53.60587    4.37363  91.8%   4.5   20s
 134085 113079   19.02275  255   14   53.60587    4.37363  91.8%   4.4   25s
H138888 115998                      53.6058657    4.37363  91.8%   4.3   25s
 170441 143396   11.37134  235   16   53.60587    4.37363  91.8%   4.2   30s
 207970 175321   41.25387  289    4   53.60587    4.37363  91.8%   4.1   35s
H227336 190298                      53.6058657    4.37363  91.8%   4.2   38s
 234686 197833   16.96867  190   14   53.60587    4.37363  91.8%   4.2   40s
 267975 227483   20.17850  251   14   53.60587    4.82999  91.0%   4.1   45s
H286539 242372                      53.6058657    4.94020  90.8%   4.1   47s
 298030 251883   43.87099  141    9   53.60587    4.94020  90.8%   4.2   50s
 329643 277496   22.52317  204   12   53.60587    4.94020  90.8%   4.3   55s
H362878 305469                      53.6058657    5.30240  90.1%   4.3   59s

Cutting planes:
  Gomory: 15
  Implied bound: 32
  Projected implied bound: 34
  MIR: 6
  Flow cover: 126
  Relax-and-lift: 305

Explored 363815 nodes (1570208 simplex iterations) in 60.04 seconds (61.17 work units)
Thread count was 16 (of 16 available processors)

Solution count 10: 53.6059 53.6059 53.6059 ... 53.6059

Time limit reached
Best objective 5.360586569748e+01, best bound 5.302400000000e+00, gap 90.1085%

User-callback calls 734073, time in user-callback 0.84 sec
