
Gurobi 10.0.1 (win64) logging started Sun Sep 21 02:48:55 2025

Set parameter LogFile to value "log_group_6/bound_Expr146_s3_l1051_s11_e12_o10_d20_t7200_s6_1_0_0_0.log"
Gurobi Optimizer version 10.0.1 build v10.0.1rc0 (win64)

CPU model: Intel(R) Core(TM) i7-10700 CPU @ 2.90GHz, instruction set [SSE2|AVX|AVX2]
Thread count: 8 physical cores, 16 logical processors, using up to 16 threads

Optimize a model with 32134 rows, 31680 columns and 315394 nonzeros
Model fingerprint: 0x62a237d4
Variable types: 180 continuous, 31500 integer (31500 binary)
Coefficient statistics:
  Matrix range     [1e+00, 8e+02]
  Objective range  [1e+00, 1e+00]
  Bounds range     [1e+00, 1e+03]
  RHS range        [1e+00, 8e+02]
Presolve removed 29728 rows and 29718 columns
Presolve time: 0.22s
Presolved: 2406 rows, 1962 columns, 21653 nonzeros
Variable types: 160 continuous, 1802 integer (1801 binary)
Found heuristic solution: objective 968.0253333

Root relaxation: objective 0.000000e+00, 2042 iterations, 0.07 seconds (0.14 work units)

    Nodes    |    Current Node    |     Objective Bounds      |     Work
 Expl Unexpl |  Obj  Depth IntInf | Incumbent    BestBd   Gap | It/Node Time

     0     0    0.00000    0   59  968.02533    0.00000   100%     -    0s
H    0     0                     908.5535333    0.00000   100%     -    0s
     0     0    0.00000    0   86  908.55353    0.00000   100%     -    0s
     0     0    0.00000    0   24  908.55353    0.00000   100%     -    0s
H    0     0                     609.7560000    0.00000   100%     -    0s
H    0     0                     589.6240333    0.00000   100%     -    0s
     0     0    0.00000    0   48  589.62403    0.00000   100%     -    0s
H    0     0                     576.5000333    0.00000   100%     -    0s
     0     0    0.00000    0   43  576.50003    0.00000   100%     -    0s
H    0     0                     484.1531667    0.00000   100%     -    0s
     0     0    3.28233    0   40  484.15317    3.28233  99.3%     -    0s
H    0     0                     405.4873333    3.28233  99.2%     -    0s
H    0     0                     148.4740667    3.28233  97.8%     -    0s
H    0     0                      59.4824333    3.28233  94.5%     -    0s
     0     0    3.80217    0   53   59.48243    3.80217  93.6%     -    0s
     0     0    3.80217    0   83   59.48243    3.80217  93.6%     -    1s
H    0     0                      58.4212333    3.80217  93.5%     -    1s
     0     0    4.09650    0   90   58.42123    4.09650  93.0%     -    1s
     0     0    4.09650    0  118   58.42123    4.09650  93.0%     -    1s
     0     0    4.09650    0   35   58.42123    4.09650  93.0%     -    1s
H    0     0                      56.2769333    4.09650  92.7%     -    1s
     0     0    4.09650    0   63   56.27693    4.09650  92.7%     -    1s
     0     0    7.08450    0   64   56.27693    7.08450  87.4%     -    1s
     0     0    7.10200    0   27   56.27693    7.10200  87.4%     -    1s
     0     0    8.38613    0   35   56.27693    8.38613  85.1%     -    1s
     0     0    8.38613    0   35   56.27693    8.38613  85.1%     -    1s
     0     0    8.41676    0   36   56.27693    8.41676  85.0%     -    1s
     0     0   23.14887    0   25   56.27693   23.14887  58.9%     -    1s
     0     0   23.14887    0   22   56.27693   23.14887  58.9%     -    2s
     0     0   25.86776    0   33   56.27693   25.86776  54.0%     -    2s
     0     0   30.35431    0   30   56.27693   30.35431  46.1%     -    2s
     0     0   30.35431    0   30   56.27693   30.35431  46.1%     -    2s
     0     0   37.22415    0   27   56.27693   37.22415  33.9%     -    2s
     0     0   37.29768    0   25   56.27693   37.29768  33.7%     -    2s
     0     0   37.29768    0   25   56.27693   37.29768  33.7%     -    2s
     0     0   43.43189    0   22   56.27693   43.43189  22.8%     -    2s
     0     0   44.12812    0   23   56.27693   44.12812  21.6%     -    2s
     0     0   44.67648    0   22   56.27693   44.67648  20.6%     -    2s
     0     0   44.72108    0   27   56.27693   44.72108  20.5%     -    2s
     0     0   44.73880    0   24   56.27693   44.73880  20.5%     -    2s
     0     0   54.16570    0   15   56.27693   54.16570  3.75%     -    2s
     0     0   54.16570    0   12   56.27693   54.16570  3.75%     -    2s
H    0     0                      55.1587000   54.16570  1.80%     -    2s
     0     0   54.16570    0   18   55.15870   54.16570  1.80%     -    2s
     0     0   54.16570    0    8   55.15870   54.16570  1.80%     -    2s
     0     0   54.16570    0    8   55.15870   54.16570  1.80%     -    2s
     0     0   54.16570    0    6   55.15870   54.16570  1.80%     -    2s
H    0     0                      55.1369333   54.16570  1.76%     -    2s
     0     0   54.16570    0    6   55.13693   54.16570  1.76%     -    2s
     0     0   54.16570    0    8   55.13693   54.16570  1.76%     -    2s
H    0     0                      54.2044667   54.16570  0.07%     -    2s
H    0     0                      54.2025333   54.16570  0.07%     -    2s
H    0     0                      54.1853333   54.16570  0.04%     -    2s

Cutting planes:
  Implied bound: 4
  Relax-and-lift: 2

Explored 1 nodes (13665 simplex iterations) in 2.15 seconds (3.16 work units)
Thread count was 16 (of 16 available processors)

Solution count 10: 54.1853 54.2025 54.2045 ... 405.487

Optimal solution found (tolerance 1.00e-04)
Best objective 5.418533333332e+01, best bound 5.418503333332e+01, gap 0.0006%

User-callback calls 950, time in user-callback 0.00 sec
