
Gurobi 10.0.1 (win64) logging started Sun Sep 21 15:59:52 2025

Set parameter LogFile to value "log_group_6/bound_Expr314_s5_l1051_s11_e12_o20_d40_t60_s19_0_0_0_0.log"
Gurobi Optimizer version 10.0.1 build v10.0.1rc0 (win64)

CPU model: Intel(R) Core(TM) i7-10700 CPU @ 2.90GHz, instruction set [SSE2|AVX|AVX2]
Thread count: 8 physical cores, 16 logical processors, using up to 16 threads

Optimize a model with 110825 rows, 110310 columns and 884370 nonzeros
Model fingerprint: 0xf6cddef8
Variable types: 310 continuous, 110000 integer (110000 binary)
Coefficient statistics:
  Matrix range     [1e+00, 9e+02]
  Objective range  [1e+00, 1e+00]
  Bounds range     [1e+00, 1e+03]
  RHS range        [1e+00, 9e+02]
Presolve removed 104310 rows and 104290 columns
Presolve time: 0.54s
Presolved: 6515 rows, 6020 columns, 40875 nonzeros
Variable types: 270 continuous, 5750 integer (5750 binary)
Found heuristic solution: objective 420.6437000

Root relaxation: objective 0.000000e+00, 1296 iterations, 0.05 seconds (0.08 work units)

    Nodes    |    Current Node    |     Objective Bounds      |     Work
 Expl Unexpl |  Obj  Depth IntInf | Incumbent    BestBd   Gap | It/Node Time

     0     0    0.00000    0   40  420.64370    0.00000   100%     -    0s
H    0     0                     226.3931333    0.00000   100%     -    0s
     0     0    0.00000    0   48  226.39313    0.00000   100%     -    0s
     0     0    0.00000    0   43  226.39313    0.00000   100%     -    0s
     0     0    0.00000    0   45  226.39313    0.00000   100%     -    0s
     0     0    0.00000    0   45  226.39313    0.00000   100%     -    0s
H    0     0                     142.5039333    0.00000   100%     -    1s
H    0     0                     126.4673000    0.00000   100%     -    1s
     0     0    0.00000    0   40  126.46730    0.00000   100%     -    1s
     0     0    0.00000    0   41  126.46730    0.00000   100%     -    1s
H    0     0                     126.3390667    0.00000   100%     -    1s
     0     0    0.00000    0   40  126.33907    0.00000   100%     -    5s
     0     0    0.00000    0   50  126.33907    0.00000   100%     -    5s
     0     0    0.00000    0   48  126.33907    0.00000   100%     -    5s
H    0     0                     126.3390666    0.00000   100%     -    5s
     0     0    0.00000    0   41  126.33907    0.00000   100%     -    6s
     0     0    0.00000    0   40  126.33907    0.00000   100%     -    6s
     0     0    0.00000    0   40  126.33907    0.00000   100%     -    6s
     0     0    0.00000    0   40  126.33907    0.00000   100%     -    6s
     0     0    0.00000    0   40  126.33907    0.00000   100%     -    6s
     0     0    0.00000    0   40  126.33907    0.00000   100%     -    7s
     0     0    0.00000    0   40  126.33907    0.00000   100%     -    7s
   696   473    6.55953   25   33  126.33907    6.55953  94.8%  12.4   10s
 18161 11646   75.34357   39   15  126.33907   75.34357  40.4%   3.3   17s
 27120 16994   81.40833  245   18  126.33907   75.35323  40.4%   3.4   20s
 64476 35728   80.72365  112   15  126.33907   79.08665  37.4%   3.6   25s
 66495 38583   82.82973  196   15  126.33907   79.08665  37.4%   3.6   30s
 87593 45806 infeasible   59       126.33907  107.94260  14.6%   3.6   35s
 114461 48578     cutoff   79       126.33907  109.15155  13.6%   3.8   40s
 131856 56538  126.12237  257    5  126.33907  110.39207  12.6%   4.0   45s
 151092 67309  116.88527  280   13  126.33907  110.39207  12.6%   4.1   50s
 170377 78354  116.41767  245   11  126.33907  110.39207  12.6%   4.2   55s
 191794 89702  115.36024  236    9  126.33907  110.39207  12.6%   4.2   60s

Cutting planes:
  Gomory: 3
  Implied bound: 114
  MIR: 22
  Relax-and-lift: 74

Explored 192502 nodes (831688 simplex iterations) in 60.24 seconds (55.93 work units)
Thread count was 16 (of 16 available processors)

Solution count 6: 126.339 126.339 126.467 ... 420.644

Time limit reached
Best objective 1.263390665881e+02, best bound 1.103920666666e+02, gap 12.6224%

User-callback calls 386489, time in user-callback 0.54 sec
