
Gurobi 12.0.1 (win64) logging started Sat Sep 20 05:55:26 2025

Set parameter LogFile to value "log_group_6/bound_Expr74_s3_l1051_s11_e12_o10_d20_t7200_s4_1_1_1_1.log"
Gurobi Optimizer version 12.0.1 build v12.0.1rc0 (win64 - Windows Server 2022.0 (20348.2))

CPU model: Intel(R) Xeon(R) Gold 6336Y CPU @ 2.40GHz, instruction set [SSE2|AVX|AVX2|AVX512]
Thread count: 48 physical cores, 96 logical processors, using up to 32 threads

Non-default parameters:
TimeLimit  7200

Optimize a model with 29704 rows, 28680 columns and 377284 nonzeros
Model fingerprint: 0xa559295d
Variable types: 180 continuous, 28500 integer (28500 binary)
Coefficient statistics:
  Matrix range     [1e+00, 8e+02]
  Objective range  [1e+00, 1e+00]
  Bounds range     [1e+00, 1e+03]
  RHS range        [1e+00, 8e+02]
Presolve removed 28700 rows and 27972 columns
Presolve time: 0.28s
Presolved: 1004 rows, 708 columns, 9661 nonzeros
Variable types: 106 continuous, 602 integer (601 binary)
Found heuristic solution: objective 220.0383000

Root relaxation: objective 3.866800e+01, 242 iterations, 0.01 seconds (0.01 work units)

    Nodes    |    Current Node    |     Objective Bounds      |     Work
 Expl Unexpl |  Obj  Depth IntInf | Incumbent    BestBd   Gap | It/Node Time

     0     0   38.66800    0   51  220.03830   38.66800  82.4%     -    0s
H    0     0                      55.3319667   38.66800  30.1%     -    0s
     0     0   38.66800    0   60   55.33197   38.66800  30.1%     -    0s
     0     0   38.66800    0   60   55.33197   38.66800  30.1%     -    0s
H    0     0                      54.3678000   39.94400  26.5%     -    0s
     0     0   39.94400    0   14   54.36780   39.94400  26.5%     -    0s
H    0     0                      53.1425667   39.94400  24.8%     -    0s
     0     0   39.94400    0   14   53.14257   39.94400  24.8%     -    0s
     0     0   39.94400    0   50   53.14257   39.94400  24.8%     -    0s
     0     0   39.94400    0   50   53.14257   39.94400  24.8%     -    0s
     0     0   39.94400    0   50   53.14257   39.94400  24.8%     -    0s
H    0     0                      52.7415000   39.94400  24.3%     -    0s
     0     0   39.94400    0   52   52.74150   39.94400  24.3%     -    0s
     0     0   41.76347    0  108   52.74150   41.76347  20.8%     -    0s
     0     0   42.18417    0  108   52.74150   42.18417  20.0%     -    0s
     0     2   42.18417    0  108   52.74150   42.18417  20.0%     -    0s
H   94    58                      51.7773333   42.18417  18.5%  24.6    0s
*  421    47              16      51.5645000   43.62747  15.4%  13.7    0s

Cutting planes:
  Gomory: 2
  Cover: 2
  Implied bound: 99
  MIR: 1
  Inf proof: 4
  Zero half: 38
  RLT: 13
  Relax-and-lift: 4

Explored 630 nodes (11254 simplex iterations) in 0.98 seconds (1.02 work units)
Thread count was 32 (of 96 available processors)

Solution count 7: 51.5645 51.7773 52.7415 ... 220.038

Optimal solution found (tolerance 1.00e-04)
Best objective 5.156449999999e+01, best bound 5.156449999999e+01, gap 0.0000%

User-callback calls 2058, time in user-callback 0.00 sec

Gurobi 12.0.1 (win64) logging started Sat Sep 20 08:05:43 2025

Set parameter LogFile to value "log_group_6/bound_Expr74_s3_l1051_s11_e12_o10_d20_t7200_s4_1_1_1_1.log"
Gurobi Optimizer version 12.0.1 build v12.0.1rc0 (win64 - Windows Server 2022.0 (20348.2))

CPU model: Intel(R) Xeon(R) Gold 6336Y CPU @ 2.40GHz, instruction set [SSE2|AVX|AVX2|AVX512]
Thread count: 48 physical cores, 96 logical processors, using up to 32 threads

Non-default parameters:
TimeLimit  7200

Optimize a model with 29704 rows, 28680 columns and 377284 nonzeros
Model fingerprint: 0xa559295d
Variable types: 180 continuous, 28500 integer (28500 binary)
Coefficient statistics:
  Matrix range     [1e+00, 8e+02]
  Objective range  [1e+00, 1e+00]
  Bounds range     [1e+00, 1e+03]
  RHS range        [1e+00, 8e+02]
Presolve removed 28700 rows and 27972 columns
Presolve time: 0.30s
Presolved: 1004 rows, 708 columns, 9661 nonzeros
Variable types: 106 continuous, 602 integer (601 binary)
Found heuristic solution: objective 220.0383000

Root relaxation: objective 3.866800e+01, 242 iterations, 0.01 seconds (0.01 work units)

    Nodes    |    Current Node    |     Objective Bounds      |     Work
 Expl Unexpl |  Obj  Depth IntInf | Incumbent    BestBd   Gap | It/Node Time

     0     0   38.66800    0   51  220.03830   38.66800  82.4%     -    0s
H    0     0                      55.3319667   38.66800  30.1%     -    0s
     0     0   38.66800    0   60   55.33197   38.66800  30.1%     -    0s
     0     0   38.66800    0   60   55.33197   38.66800  30.1%     -    0s
H    0     0                      54.3678000   39.94400  26.5%     -    0s
     0     0   39.94400    0   14   54.36780   39.94400  26.5%     -    0s
H    0     0                      53.1425667   39.94400  24.8%     -    0s
     0     0   39.94400    0   14   53.14257   39.94400  24.8%     -    0s
     0     0   39.94400    0   50   53.14257   39.94400  24.8%     -    0s
     0     0   39.94400    0   50   53.14257   39.94400  24.8%     -    0s
     0     0   39.94400    0   50   53.14257   39.94400  24.8%     -    0s
H    0     0                      52.7415000   39.94400  24.3%     -    0s
     0     0   39.94400    0   52   52.74150   39.94400  24.3%     -    0s
     0     0   41.76347    0  108   52.74150   41.76347  20.8%     -    0s
     0     0   42.18417    0  108   52.74150   42.18417  20.0%     -    0s
     0     2   42.18417    0  108   52.74150   42.18417  20.0%     -    0s
H   94    58                      51.7773333   42.18417  18.5%  24.6    0s
*  421    47              16      51.5645000   43.62747  15.4%  13.7    0s

Cutting planes:
  Gomory: 2
  Cover: 2
  Implied bound: 99
  MIR: 1
  Inf proof: 4
  Zero half: 38
  RLT: 13
  Relax-and-lift: 4

Explored 630 nodes (11254 simplex iterations) in 1.03 seconds (1.02 work units)
Thread count was 32 (of 96 available processors)

Solution count 7: 51.5645 51.7773 52.7415 ... 220.038

Optimal solution found (tolerance 1.00e-04)
Best objective 5.156449999999e+01, best bound 5.156449999999e+01, gap 0.0000%

User-callback calls 2064, time in user-callback 0.00 sec
