
Gurobi 12.0.1 (win64) logging started Mon Sep 22 17:08:11 2025

Set parameter LogFile to value "log_group_6/bound_Expr100_s7_l1051_s11_e12_o30_d60_t7200_s30_1_1_1_1.log"
Gurobi Optimizer version 12.0.1 build v12.0.1rc0 (win64 - Windows Server 2022.0 (20348.2))

CPU model: Intel(R) Xeon(R) Gold 6336Y CPU @ 2.40GHz, instruction set [SSE2|AVX|AVX2|AVX512]
Thread count: 48 physical cores, 96 logical processors, using up to 32 threads

Non-default parameters:
TimeLimit  7200
LazyConstraints  1

Optimize a model with 376405 rows, 367940 columns and 5182236 nonzeros
Model fingerprint: 0x269c9331
Variable types: 440 continuous, 367500 integer (367500 binary)
Coefficient statistics:
  Matrix range     [1e+00, 8e+02]
  Objective range  [1e+00, 1e+00]
  Bounds range     [1e+00, 1e+03]
  RHS range        [1e+00, 8e+02]
Presolve removed 362058 rows and 354900 columns
Presolve time: 1.16s
Presolved: 14347 rows, 13040 columns, 155800 nonzeros
Variable types: 440 continuous, 12600 integer (12600 binary)
Performing another presolve...
Presolve removed 9229 rows and 8958 columns
Presolve time: 0.21s
Found heuristic solution: objective 1156.5964667

Root relaxation: objective 1.240062e+02, 3691 iterations, 0.23 seconds (0.34 work units)

    Nodes    |    Current Node    |     Objective Bounds      |     Work
 Expl Unexpl |  Obj  Depth IntInf | Incumbent    BestBd   Gap | It/Node Time

     0     0  124.00620    0   82 1156.59647  124.00620  89.3%     -    2s
     0     0  124.00620    0  226 1156.59647  124.00620  89.3%     -    3s
     0     0  124.00620    0  227 1156.59647  124.00620  89.3%     -    3s
     0     0  124.00620    0   96 1156.59647  124.00620  89.3%     -    3s
H    0     0                     988.9436333  124.00620  87.5%     -    3s
H    0     0                     955.1901667  124.00620  87.0%     -    3s
H    0     0                     799.1753333  124.00620  84.5%     -    3s
H    0     0                     670.3113333  124.00620  81.5%     -    3s
H    0     0                     569.6623000  124.00620  78.2%     -    3s
H    0     0                     547.3976000  124.00620  77.3%     -    3s
H    0     0                     546.8686000  124.00620  77.3%     -    3s
H    0     0                     546.8284000  124.00620  77.3%     -    3s
H    0     0                     546.6804000  124.00620  77.3%     -    3s
     0     0  128.89608    0  144  546.68040  128.89608  76.4%     -    4s
H    0     0                     539.9126000  128.89608  76.1%     -    4s
     0     0  128.89608    0  152  539.91260  128.89608  76.1%     -    4s
     0     0  130.05750    0  290  539.91260  130.05750  75.9%     -    4s
H    0     0                     532.4655000  130.06263  75.6%     -    4s
     0     0  130.08012    0  332  532.46550  130.08012  75.6%     -    4s
     0     0  130.08012    0  333  532.46550  130.08012  75.6%     -    4s
     0     0  131.44182    0  248  532.46550  131.44182  75.3%     -    4s
H    0     0                     529.4655000  131.52126  75.2%     -    4s
     0     0  131.57811    0  213  529.46550  131.57811  75.1%     -    5s
     0     0  131.57811    0  213  529.46550  131.57811  75.1%     -    5s
     0     0  132.65938    0  227  529.46550  132.65938  74.9%     -    5s
H    0     0                     522.4117000  132.65938  74.6%     -    5s
H    0     0                     519.6870667  132.65938  74.5%     -    5s
H    0     0                     506.0466667  132.65938  73.8%     -    5s
H    0     0                     504.9212333  132.65938  73.7%     -    5s
H    0     0                     497.8019000  132.65938  73.4%     -    5s
H    0     0                     481.2145333  132.65938  72.4%     -    5s
H    0     0                     444.9568667  132.65938  70.2%     -    5s
H    0     0                     392.8545333  132.65938  66.2%     -    5s
H    0     0                     354.3524000  132.65938  62.6%     -    5s
H    0     0                     332.0529333  132.65938  60.0%     -    5s
     0     0  132.66182    0  228  332.05293  132.66182  60.0%     -    5s
     0     0  132.66219    0  228  332.05293  132.66219  60.0%     -    5s
     0     0  132.68553    0  194  332.05293  132.68553  60.0%     -    5s
     0     0  132.68786    0  193  332.05293  132.68786  60.0%     -    5s
     0     0  132.84647    0  222  332.05293  132.84647  60.0%     -    6s
     0     0  132.85216    0  226  332.05293  132.85216  60.0%     -    6s
     0     0  132.85216    0  224  332.05293  132.85216  60.0%     -    6s
     0     0  132.86011    0  198  332.05293  132.86011  60.0%     -    6s
     0     0  132.86297    0  199  332.05293  132.86297  60.0%     -    6s
     0     0  132.86383    0  172  332.05293  132.86383  60.0%     -    6s
     0     0  132.86383    0  172  332.05293  132.86383  60.0%     -    6s
     0     0  132.86476    0  226  332.05293  132.86476  60.0%     -    6s
     0     0  132.86476    0  220  332.05293  132.86476  60.0%     -    6s
     0     0  132.86476    0  230  332.05293  132.86476  60.0%     -    7s
     0     0  132.86476    0  159  332.05293  132.86476  60.0%     -    7s
H    0     0                     324.7105333  132.86476  59.1%     -    7s
     0     2  132.86476    0  147  324.71053  132.86476  59.1%     -    7s
H   29     8                     311.7522667  134.09723  57.0%  88.2    8s
H   32     8                     214.7409000  134.09723  37.6%  81.5    8s
H   93    90                     211.1228000  134.26823  36.4%   218    9s
H  106    90                     210.6179000  134.34683  36.2%   346    9s
H  108    90                     207.4863667  134.34683  35.3%   365    9s
H  112    90                     202.1749333  134.34683  33.5%   397    9s
   155   154  153.81476   13  183  202.17493  134.52696  33.5%   646   10s
H  162   154                     202.1533333  134.52696  33.5%   645   10s
H  178   154                     201.3099333  134.52696  33.2%   603   10s
H  277   265                     201.2235333  134.52696  33.1%   430   10s
H  312   292                     198.6285333  134.52696  32.3%   395   10s
H 1458  1241                     197.7094333  134.60556  31.9%   143   12s
H 1495  1241                     196.0697333  134.60556  31.3%   141   12s
H 2778  2237                     192.8749333  137.03933  28.9%  94.8   14s
  3248  2729  183.17830   90   66  192.87493  137.03933  28.9%  85.7   15s
  3610  2762  182.30507   61   49  192.87493  182.30507  5.48%  83.8   20s
H 3870  2620                     191.5955333  184.25107  3.83%  82.2   21s
H 3880  2484                     190.7444333  184.25107  3.40%  82.1   21s
H 3968  2284                     190.7439333  184.25107  3.40%  80.8   21s
H 3972  2164                     190.6944333  184.25107  3.38%  80.7   21s
H 3986  2046                     190.6435000  184.25107  3.35%  80.5   21s
H 4049  1939                     190.5807333  184.25107  3.32%  79.6   22s
H 4069  1830                     190.5440000  184.25107  3.30%  79.3   22s
H 4087  1727                     190.5307333  184.25107  3.30%  79.0   22s
H 4091  1634                     190.4795000  184.25107  3.27%  78.9   22s
H 4296  1514                     190.3791333  184.25122  3.22%  76.7   22s
H 4300  1429                     190.3171667  184.25122  3.19%  76.7   22s
H 4311  1347                     190.3057667  184.25122  3.18%  76.6   22s
H 4313  1271                     190.2856333  184.25122  3.17%  76.6   22s
H 4340  1191                     190.2366333  184.25122  3.15%  76.3   22s
H 4357  1126                     190.1243667  184.25122  3.09%  76.3   22s
  8127  1141  189.84476   74   18  190.12437  189.69977  0.22%  63.4   25s
 19691  3189  189.95714   96   21  190.12437  189.85098  0.14%  40.8   30s
 25542  3215     cutoff   98       190.12437  189.91813  0.11%  37.3   35s
 31189  2986  190.02407  117   21  190.12437  189.92326  0.11%  35.1   40s

Cutting planes:
  Learned: 1
  Gomory: 26
  Cover: 99
  Implied bound: 29
  Projected implied bound: 14
  MIR: 23
  Flow cover: 29
  GUB cover: 2
  Inf proof: 5
  Zero half: 13
  RLT: 29
  Relax-and-lift: 34

Explored 45016 nodes (1447497 simplex iterations) in 45.02 seconds (34.21 work units)
Thread count was 32 (of 96 available processors)

Solution count 10: 190.124 190.286 190.306 ... 190.694

Optimal solution found (tolerance 1.00e-04)
Best objective 1.901243666664e+02, best bound 1.901243666664e+02, gap 0.0000%

User-callback calls 96470, time in user-callback 0.10 sec
