
Gurobi 10.0.1 (win64) logging started Sun Sep 21 15:59:56 2025

Set parameter LogFile to value "log_group_6/bound_Expr408_s8_l1051_s11_e12_o60_d120_t60_s43_1_1_1_1.log"
Gurobi Optimizer version 10.0.1 build v10.0.1rc0 (win64)

CPU model: Intel(R) Core(TM) i7-10700 CPU @ 2.90GHz, instruction set [SSE2|AVX|AVX2]
Thread count: 8 physical cores, 16 logical processors, using up to 16 threads

Optimize a model with 1544084 rows, 1512580 columns and 20803564 nonzeros
Model fingerprint: 0x1cf67e85
Variable types: 580 continuous, 1512000 integer (1512000 binary)
Coefficient statistics:
  Matrix range     [1e+00, 9e+02]
  Objective range  [1e+00, 1e+00]
  Bounds range     [1e+00, 1e+03]
  RHS range        [1e+00, 9e+02]
Presolve removed 60 rows and 1487260 columns (presolve time = 5s) ...
Presolve removed 1531441 rows and 1500870 columns (presolve time = 39s) ...
Presolve removed 1531186 rows and 1500615 columns
Presolve time: 38.82s
Presolved: 12898 rows, 11965 columns, 100838 nonzeros
Variable types: 460 continuous, 11505 integer (11498 binary)
Deterministic concurrent LP optimizer: primal and dual simplex
Showing first log only...


Root simplex log...

Iteration    Objective       Primal Inf.    Dual Inf.      Time
       0   -4.1299000e+04   1.010432e+04   5.698522e+10     42s
    7481    4.5101000e+04   0.000000e+00   5.040000e+02     42s
    7541    2.4862303e+02   0.000000e+00   0.000000e+00     42s
Concurrent spin time: 0.05s

Solved with primal simplex

Root relaxation: objective 2.486230e+02, 7541 iterations, 0.44 seconds (0.73 work units)

    Nodes    |    Current Node    |     Objective Bounds      |     Work
 Expl Unexpl |  Obj  Depth IntInf | Incumbent    BestBd   Gap | It/Node Time

     0     0  248.62303    0  290          -  248.62303      -     -   42s
     0     0  248.62303    0  258          -  248.62303      -     -   43s
     0     0  248.62303    0  275          -  248.62303      -     -   43s
H    0     0                    3793.9633333  248.62303  93.4%     -   45s
H    0     0                    3718.0762333  248.62303  93.3%     -   45s
     0     0  248.62303    0  289 3718.07623  248.62303  93.3%     -   45s
H    0     0                    3436.7940667  248.62303  92.8%     -   46s
     0     0  248.62303    0  338 3436.79407  248.62303  92.8%     -   46s
H    0     0                    2775.5150333  248.62303  91.0%     -   47s
     0     0  248.62303    0  278 2775.51503  248.62303  91.0%     -   47s
H    0     0                    2643.3366000  248.62303  90.6%     -   49s
H    0     0                    2475.5103667  248.62303  90.0%     -   49s
H    0     0                    2425.1377000  248.62303  89.7%     -   49s
     0     0  248.62303    0  268 2425.13770  248.62303  89.7%     -   49s
H    0     0                    2273.1431000  248.62303  89.1%     -   52s
     0     0  248.62303    0  333 2273.14310  248.62303  89.1%     -   52s
     0     0  248.62303    0  214 2273.14310  248.62303  89.1%     -   53s
H    0     0                    2272.9895000  248.62303  89.1%     -   55s
H    0     0                    1973.8514333  248.62303  87.4%     -   57s
H    0     0                    1923.0297667  248.62303  87.1%     -   60s

Cutting planes:
  Implied bound: 193
  MIR: 67
  Flow cover: 1
  RLT: 13
  Relax-and-lift: 482

Explored 1 nodes (35121 simplex iterations) in 60.21 seconds (86.91 work units)
Thread count was 16 (of 16 available processors)

Solution count 10: 1923.03 1973.85 2272.99 ... 3718.08

Time limit reached
Best objective 1.923029766666e+03, best bound 2.486230333333e+02, gap 87.0713%

User-callback calls 5763, time in user-callback 0.02 sec
