
Gurobi 12.0.1 (win64) logging started Sun Sep 21 02:03:05 2025

Set parameter LogFile to value "log_group_6/bound_Expr107_s7_l1051_s11_e12_o40_d80_t7200_s37_1_1_1_1.log"
Gurobi Optimizer version 12.0.1 build v12.0.1rc0 (win64 - Windows Server 2022.0 (20348.2))

CPU model: Intel(R) Xeon(R) Gold 6336Y CPU @ 2.40GHz, instruction set [SSE2|AVX|AVX2|AVX512]
Thread count: 48 physical cores, 96 logical processors, using up to 32 threads

Non-default parameters:
TimeLimit  7200

Optimize a model with 744146 rows, 728470 columns and 10138006 nonzeros
Model fingerprint: 0x5440e1c3
Variable types: 470 continuous, 728000 integer (728000 binary)
Coefficient statistics:
  Matrix range     [4e-01, 8e+02]
  Objective range  [1e+00, 1e+00]
  Bounds range     [1e+00, 1e+03]
  RHS range        [1e+00, 8e+02]
Presolve removed 725861 rows and 711590 columns
Presolve time: 3.55s
Presolved: 18285 rows, 16880 columns, 200269 nonzeros
Variable types: 430 continuous, 16450 integer (16450 binary)
Found heuristic solution: objective 1672.9242000
Performing another presolve...
Presolve removed 11663 rows and 11146 columns (presolve time = 47s)...
Presolve removed 11663 rows and 11146 columns
Presolve time: 47.05s
Found heuristic solution: objective 1603.0033000

Root simplex log...

Iteration    Objective       Primal Inf.    Dual Inf.      Time
       0    1.2235040e+02   1.088000e+03   0.000000e+00     53s
    3087    1.2235040e+02   0.000000e+00   0.000000e+00     53s

Root relaxation: objective 1.223504e+02, 3087 iterations, 0.31 seconds (0.30 work units)
Total elapsed time = 52.89s (DegenMoves)

    Nodes    |    Current Node    |     Objective Bounds      |     Work
 Expl Unexpl |  Obj  Depth IntInf | Incumbent    BestBd   Gap | It/Node Time

     0     0  122.35040    0  122 1603.00330  122.35040  92.4%     -   53s
H    0     0                    1589.1869000  122.35040  92.3%     -   53s
H    0     0                    1541.3860667  122.35040  92.1%     -   53s
H    0     0                    1536.6855667  122.35040  92.0%     -   54s
H    0     0                    1532.8691667  122.35040  92.0%     -   54s
H    0     0                    1515.4911667  122.35040  91.9%     -   54s
     0     0  122.35040    0   86 1515.49117  122.35040  91.9%     -   54s
H    0     0                    1017.0075000  122.35040  88.0%     -   79s
     0     0  158.22943    0   62 1017.00750  158.22943  84.4%     -   80s
H    0     0                     956.1815000  158.22943  83.5%     -   80s
     0     0  158.22943    0   70  956.18150  158.22943  83.5%     -   80s
H    0     0                     947.9379000  158.22943  83.3%     -   81s
     0     0  158.22943    0   46  947.93790  158.22943  83.3%     -   81s
H    0     0                     921.7665333  158.22943  82.8%     -   81s
H    0     0                     886.6135333  158.22943  82.2%     -   81s
H    0     0                     800.9588667  158.22943  80.2%     -   81s
H    0     0                     772.5636667  158.22943  79.5%     -   81s
H    0     0                     769.2531667  158.22943  79.4%     -   81s
H    0     0                     734.3598000  158.22943  78.5%     -   81s
H    0     0                     643.6620667  158.22943  75.4%     -   81s
H    0     0                     640.5585667  158.22943  75.3%     -   81s
H    0     0                     639.6209667  158.22943  75.3%     -   81s
H    0     0                     629.4186667  158.22943  74.9%     -   81s
H    0     0                     628.1615667  158.22943  74.8%     -   81s
H    0     0                     626.3151667  158.22943  74.7%     -   81s
     0     0  158.22943    0   83  626.31517  158.22943  74.7%     -   81s
     0     0  158.22943    0   46  626.31517  158.22943  74.7%     -   82s
H    0     0                     614.7931667  158.22943  74.3%     -   82s
H    0     0                     569.9702667  158.22943  72.2%     -   82s
H    0     0                     562.8956333  158.22943  71.9%     -   83s
H    0     0                     560.1945333  158.22943  71.8%     -   83s
H    0     0                     559.1945333  158.22943  71.7%     -   83s
H    0     0                     556.4937333  158.22943  71.6%     -   83s
H    0     0                     545.7777667  158.22943  71.0%     -   83s
H    0     0                     541.5746667  158.22943  70.8%     -   83s
     0     0  158.22943    0   88  541.57467  158.22943  70.8%     -   83s
     0     0  158.22943    0   45  541.57467  158.22943  70.8%     -   83s
     0     0  158.22943    0   59  541.57467  158.22943  70.8%     -   83s
     0     0  159.73677    0   46  541.57467  159.73677  70.5%     -   84s
H    0     0                     451.2730333  159.73677  64.6%     -   84s
H    0     0                     447.2965333  159.73677  64.3%     -   84s
H    0     0                     414.8975000  159.73677  61.5%     -   84s
H    0     0                     408.6899000  159.73677  60.9%     -   84s
H    0     0                     402.6017667  159.73677  60.3%     -   84s
H    0     0                     393.7241667  159.73677  59.4%     -   84s
     0     0  159.73677    0   77  393.72417  159.73677  59.4%     -   85s
H    0     0                     387.0110667  159.73677  58.7%     -   85s
     0     0  159.73677    0   47  387.01107  159.73677  58.7%     -   85s
H    0     0                     385.8722667  159.73677  58.6%     -   85s
H    0     0                     383.6013667  159.73677  58.4%     -   86s
H    0     0                     374.5389333  159.73677  57.4%     -   86s
H    0     0                     357.0806667  159.73677  55.3%     -   86s
H    0     0                     356.0806667  159.73677  55.1%     -   86s
H    0     0                     349.9320000  159.73677  54.4%     -   86s
H    0     0                     340.5975000  159.73677  53.1%     -   86s
H    0     0                     334.1674000  159.73677  52.2%     -   86s
     0     0  159.73677    0   44  334.16740  159.73677  52.2%     -   86s
H    0     0                     329.0157667  159.73677  51.5%     -   86s
H    0     0                     323.8774000  159.73677  50.7%     -   86s
     0     0  159.73677    0   63  323.87740  159.73677  50.7%     -   87s
     0     0  159.73677    0   52  323.87740  159.73677  50.7%     -   87s
     0     0  159.73677    0   53  323.87740  159.73677  50.7%     -   88s
H    0     0                     307.7555000  159.73677  48.1%     -   88s
     0     0  159.73677    0   66  307.75550  159.73677  48.1%     -   88s
     0     0  159.73677    0   80  307.75550  159.73677  48.1%     -   88s
H    0     0                     307.7177000  159.73677  48.1%     -   88s
H    0     0                     306.5989000  159.73677  47.9%     -   88s
H    0     0                     303.8654667  159.73677  47.4%     -   88s
H    0     0                     302.0498000  159.73677  47.1%     -   88s
H    0     0                     301.3343667  159.73677  47.0%     -   88s
H    0     0                     255.2677333  159.73677  37.4%     -   89s
H    0     0                     252.0553333  159.73677  36.6%     -   89s
H    0     0                     249.9365333  159.73677  36.1%     -   89s
     0     0  159.73677    0   44  249.93653  159.73677  36.1%     -   89s
     0     0  159.73677    0   57  249.93653  159.73677  36.1%     -   89s
     0     0  159.73677    0   44  249.93653  159.73677  36.1%     -   89s
     0     0  159.73677    0   59  249.93653  159.73677  36.1%     -   89s
     0     0  159.73677    0   45  249.93653  159.73677  36.1%     -   90s
H    0     0                     248.1702667  159.73677  35.6%     -   90s
H    0     0                     245.0667667  159.73677  34.8%     -   90s
H    0     0                     245.0274333  159.73677  34.8%     -   90s
H    0     0                     244.7706000  159.73677  34.7%     -   90s
     0     0  159.73677    0  100  244.77060  159.73677  34.7%     -   90s
     0     0  159.73677    0   50  244.77060  159.73677  34.7%     -   90s
     0     0  159.73677    0   50  244.77060  159.73677  34.7%     -   91s
H    0     0                     244.7168333  159.73677  34.7%     -   91s
     0     2  159.73677    0   42  244.71683  159.73677  34.7%     -   92s
H  161   145                     243.6454333  163.91691  32.7%   442   93s
H  963   574                     241.5941333  169.17127  30.0%   177   95s
  3627  2558  199.61972   20  123  241.59413  199.61972  17.4%  68.8  100s
H 3731  2452                     241.5740000  199.69086  17.3%  68.0  100s
H 4045  2312                     241.5739938  202.79744  16.1%  64.5  101s
H 5143  2485                     241.5727187  206.61442  14.5%  55.0  103s
  7120  3362  214.36525   70  102  241.57272  208.79486  13.6%  45.1  105s
 15250  7292     cutoff   64       241.57272  214.04095  11.4%  32.5  110s
 19819 10505  217.71535   75   98  241.57272  214.56565  11.2%  29.2  115s
 26704 14797  235.34584   87   73  241.57272  216.36655  10.4%  25.9  120s
 34041 18880  237.51439  110   65  241.57272  217.40254  10.0%  24.2  126s
 40514 21848  237.73978   66   80  241.57272  218.06199  9.73%  23.2  130s
 45557 25283  231.24513   57   73  241.57272  218.50591  9.55%  22.5  135s
 52852 28709     cutoff   44       241.57272  218.91885  9.38%  21.8  140s
 58197 30984     cutoff   60       241.57272  219.26728  9.23%  21.3  146s
 61077 30985  230.92468  116  535  241.57272  219.46848  9.15%  21.1  157s
 61095 30999  236.25697   80   72  241.57272  236.25697  2.20%  21.2  160s

Cutting planes:
  Implied bound: 4
  Projected implied bound: 1
  Clique: 6
  MIR: 3
  Flow cover: 3
  Network: 1
  Relax-and-lift: 2

Explored 61117 nodes (1342611 simplex iterations) in 164.25 seconds (62.39 work units)
Thread count was 32 (of 96 available processors)

Solution count 10: 241.573 241.594 243.645 ... 255.268

Optimal solution found (tolerance 1.00e-04)
Best objective 2.415727187040e+02, best bound 2.415624220351e+02, gap 0.0043%

User-callback calls 134385, time in user-callback 0.20 sec
