
Gurobi 10.0.1 (win64) logging started Sat Sep 20 05:29:45 2025

Set parameter LogFile to value "log_group_6/bound_Expr61_s10_l1051_s11_e12_o100_d200_t7200_s61_0_0_0_0.log"
Gurobi Optimizer version 10.0.1 build v10.0.1rc0 (win64)

CPU model: Intel(R) Core(TM) i7-10700 CPU @ 2.90GHz, instruction set [SSE2|AVX|AVX2]
Thread count: 8 physical cores, 16 logical processors, using up to 16 threads

Optimize a model with 4701890 rows, 4700800 columns and 37564880 nonzeros
Model fingerprint: 0xae5e9995
Variable types: 800 continuous, 4700000 integer (4700000 binary)
Coefficient statistics:
  Matrix range     [1e+00, 9e+02]
  Objective range  [1e+00, 1e+00]
  Bounds range     [1e+00, 1e+03]
  RHS range        [1e+00, 9e+02]
Presolve removed 0 rows and 100 columns (presolve time = 5s) ...
Presolve removed 100 rows and 4643200 columns (presolve time = 10s) ...
Presolve removed 4643300 rows and 4643200 columns (presolve time = 15s) ...
Presolve removed 4643300 rows and 4642710 columns
Presolve time: 18.40s
Presolved: 58590 rows, 58090 columns, 344460 nonzeros
Variable types: 600 continuous, 57490 integer (57490 binary)
Found heuristic solution: objective 23374.712767
Found heuristic solution: objective 2704.9292333
Deterministic concurrent LP optimizer: primal and dual simplex
Showing first log only...


Root simplex log...

Iteration    Objective       Primal Inf.    Dual Inf.      Time
       0   -6.9012000e+04   1.901433e+04   5.986298e+08     22s
    5304    7.4988000e+04   0.000000e+00   1.576000e+03     23s
    5911    0.0000000e+00   0.000000e+00   0.000000e+00     23s
Concurrent spin time: 0.55s

Solved with primal simplex

Root relaxation: objective 0.000000e+00, 5911 iterations, 1.89 seconds (3.97 work units)
Total elapsed time = 31.48s

    Nodes    |    Current Node    |     Objective Bounds      |     Work
 Expl Unexpl |  Obj  Depth IntInf | Incumbent    BestBd   Gap | It/Node Time

     0     0    0.00000    0  322 2704.92923    0.00000   100%     -   32s
H    0     0                    2306.0356667    0.00000   100%     -   35s
     0     0    0.00000    0  383 2306.03567    0.00000   100%     -   39s
H    0     0                     837.3646333    0.00000   100%     -   50s
H    0     0                     808.6241333    0.00000   100%     -   52s
     0     0    0.00000    0  397  808.62413    0.00000   100%     -   52s
H    0     0                     757.2244000    0.00000   100%     -   76s
H    0     0                     726.2631000    0.00000   100%     -   76s
H    0     0                     718.4309661    0.00000   100%     -   76s
H    0     0                     691.4608328    0.00000   100%     -   76s
     0     0    0.00000    0  304  691.46083    0.00000   100%     -   86s
H    0     0                     690.8492000    0.00000   100%     -   90s
     0     0    0.00000    0  330  690.84920    0.00000   100%     -   96s
H    0     0                     689.0878482    0.00000   100%     -  112s
     0     0    0.00000    0  315  689.08785    0.00000   100%     -  118s
H    0     0                     686.9802671    0.00000   100%     -  134s
     0     0    0.00000    0  349  686.98027    0.00000   100%     -  137s
     0     0    0.00000    0  313  686.98027    0.00000   100%     -  170s
H    0     0                     686.9802640    0.00000   100%     -  175s
     0     0    0.00000    0  344  686.98026    0.00000   100%     -  176s
     0     0    0.00000    0  315  686.98026    0.00000   100%     -  203s
     0     0    0.00000    0  307  686.98026    0.00000   100%     -  211s
H    0     0                     684.9791646    0.00000   100%     -  222s
H    0     0                     684.9784173    0.00000   100%     -  239s
     0     2    0.00000    0  307  684.97842    0.00000   100%     -  251s
     7    13    0.00000    3  301  684.97842    0.00000   100%  1970  257s
    14    18    0.00000    4  299  684.97842    0.00000   100%  1075  260s
H   30    31                     684.9723333    0.00000   100%   554  289s
H   31    31                     684.9642955    0.00000   100%   537  289s
H   32    31                     683.7403434    0.00000   100%   520  289s
    38    37    0.00000    7  300  683.74034    0.00000   100%   551  291s
    46    43    0.00000    8  304  683.74034    0.00000   100%   467  295s
    62    56    0.00000   10  305  683.74034    0.00000   100%   364  300s
    79    71    0.00000   13  300  683.74034    0.00000   100%   302  305s
    97    85    0.00000   15  303  683.74034    0.00000   100%   257  310s
   119   101    0.00000   17  308  683.74034    0.00000   100%   217  316s
   139   117    0.00000   19  302  683.74034    0.00000   100%   192  321s
   152   126    0.00000   20  302  683.74034    0.00000   100%   179  325s
   178   146    0.00000   23  303  683.74034    0.00000   100%   156  331s
   190   152    0.00000   24  303  683.74034    0.00000   100%   148  335s
   218   181    0.00000   27  303  683.74034    0.00000   100%   131  342s
   234   198    0.00000   29  303  683.74034    0.00000   100%   124  346s
   255   215    0.00000   30  303  683.74034    0.00000   100%   116  350s
H  286   222                     683.3844333    0.00000   100%   105  354s
   287   240    0.00000   33  299  683.38443    0.00000   100%   106  358s
   308   258    0.00000   35  299  683.38443    0.00000   100%  99.0  363s
   331   273    0.00000   37  296  683.38443    0.00000   100%  93.8  368s
   356   289    0.00000   39  302  683.38443    0.00000   100%  88.7  372s
   383   311    0.00000   41  309  683.38443    0.00000   100%  83.3  377s
   414   335    0.00000   43  306  683.38443    0.00000   100%  77.8  383s
   447   375    0.00000   46  310  683.38443    0.00000   100%  73.6  388s
H  494   382                     683.3844299    0.00000   100%  68.0  408s
   502   438    0.00000   50  308  683.38443    0.00000   100%  67.3  415s
   579   445    0.00000   54  306  683.38443    0.00000   100%  60.2  425s
H  582   445                     683.3844245    0.00000   100%  60.0  425s
   587   502    0.00000   55  306  683.38442    0.00000   100%  59.6  432s
   668   546    0.00000   58  312  683.38442    0.00000   100%  54.4  439s
   730   623    0.00000   61  309  683.38442    0.00000   100%  50.6  446s
   834   727    0.00000   70  313  683.38442    0.00000   100%  45.6  455s
H  995   727                     683.3775999    0.00000   100%  39.7  455s
   997   830    0.00000   78  301  683.37760    0.00000   100%  39.7  463s
  1146   929    0.00000   83  301  683.37760    0.00000   100%  35.6  471s
  1278  1040    0.00000   91  306  683.37760    0.00000   100%  33.2  480s
H 1303  1040                     683.3775997    0.00000   100%  32.9  480s
H 1327  1040                     683.3775995    0.00000   100%  32.6  480s
H 1344  1040                     683.3775766    0.00000   100%  32.3  480s
  1392  1193    0.00000   97  314  683.37758    0.00000   100%  31.5  491s
  1553  1364    0.00000  104  313  683.37758    0.00000   100%  29.1  502s
  1733  1586    0.00000  118  320  683.37758    0.00000   100%  26.9  514s
  1983  1762    0.00000  138  317  683.37758    0.00000   100%  24.4  525s
H 2233  1769                     683.3762247    0.00000   100%  22.5  547s
H 2234  1769                     683.3762211    0.00000   100%  22.5  547s
  2241  2031    0.00000  147  314  683.37622    0.00000   100%  22.5  560s
  2561  2302    0.00000  180  318  683.37622    0.00000   100%  20.3  574s
  2872  2645    0.00000  201  322  683.37622    0.00000   100%  18.9  588s
  3224  3028    0.00000  228  321  683.37622    0.00000   100%  17.6  605s
  3607  3283    0.00000  271  325  683.37622    0.00000   100%  16.4  622s
  3862  3682    0.00000  310  322  683.37622    0.00000   100%  15.9  642s
  4319  4150    0.00000  344  320  683.37622    0.00000   100%  15.0  662s
  4792  4637    0.00000  390  321  683.37622    0.00000   100%  14.2  687s
  5280  4683    0.00000  451  320  683.37622    0.00000   100%  13.4  706s
H 5281  4683                     683.2957000    0.00000   100%  13.4  706s
  5326  5389    0.00000  452  320  683.29570    0.00000   100%  13.3  733s
H 6038  6042                     683.2956988    0.00000   100%  12.6  763s
H 6426  6042                     683.2956972    0.00000   100%  12.4  763s
  6759  6727    0.00000  587  318  683.29570    0.00000   100%  12.1  797s
H 7048  6727                     683.2956953    0.00000   100%  11.9  797s
H 7130  6727                     683.2941490    0.00000   100%  11.8  797s
  7487  6728  239.46003  245  307  683.29415    0.00000   100%  11.6  907s
  7489  6729  500.79617  767  296  683.29415    0.00000   100%  11.6  939s
H 7489  6392                     683.2939486    0.00000   100%  11.6  971s
H 7489  6072                     683.2939473    0.00000   100%  11.6  972s
  7490  6073  188.71947  887  294  683.29395    0.00000   100%  11.6 1065s
  7491  6074  239.46003  204  308  683.29395    0.00000   100%  11.6 1084s
  7492  6074  671.48383  196  293  683.29395    0.00000   100%  11.6 1125s
H 7492  5770                     683.2920027    0.00000   100%  11.6 1133s
  7493  5771  285.02553  619  325  683.29200    0.00000   100%  11.6 1135s
  7494  5772  248.71610  740  294  683.29200    0.00000   100%  11.6 1178s
  7495  5772  494.81373  256  303  683.29200    0.00000   100%  11.6 1189s
  7496  5773  239.46003  440  297  683.29200    0.00000   100%  11.6 1250s
  7497  5774  674.39573  453  287  683.29200    0.00000   100%  11.6 1260s
  7498  5774  374.73037  485  289  683.29200    0.00000   100%  11.6 1356s
  7499  5775  450.05747  295  289  683.29200    0.00000   100%  11.6 1369s
  7500  5776  488.17613  511  289  683.29200    0.00000   100%  11.6 1441s
  7501  5779    0.00000   12  282  683.29200    0.00000   100%  28.1 1464s
  7503  5783    0.00000   13  259  683.29200    0.00000   100%  28.2 1467s
  7507  5789    0.00000   14  257  683.29200    0.00000   100%  28.4 1473s
  7515  5795    0.00000   15  256  683.29200    0.00000   100%  28.5 1475s
  7523  5800  353.75524   15  321  683.29200    0.00000   100%  28.8 1480s
  7531  5805    0.00000   16  255  683.29200    0.00000   100%  28.8 1605s
  7547  5819    0.00000   17  255  683.29200    0.00000   100%  28.9 1612s
  7558  5823  107.65647   17  315  683.29200    0.00000   100%  29.6 1618s
  7566  5831    0.00000   18  280  683.29200    0.00000   100%  29.7 1621s
  7576  5838  168.91330   18  297  683.29200    0.00000   100%  29.8 1625s
  7596  5854  123.77207   19  284  683.29200    0.00000   100%  29.8 1634s
  7609  5857    0.00000   20  275  683.29200    0.00000   100%  29.9 1640s
  7617  5868  172.05243   20  296  683.29200    0.00000   100%  30.0 1645s
  7642  5883    0.00000   22  275  683.29200    0.00000   100%  30.2 1654s
  7654  5893  250.93017   22  274  683.29200    0.00000   100%  30.2 1658s
  7668  5905  191.07437   23  280  683.29200    0.00000   100%  30.3 1663s
  7684  5907  183.30770   24  288  683.29200    0.00000   100%  30.3 1669s
  7692  5921    0.00000   25  300  683.29200    0.00000   100%  30.4 1676s
  7708  5935    3.33753   25  282  683.29200    0.00000   100%  31.0 1682s
  7728  5954  247.15380   26  280  683.29200    0.00000   100%  31.1 1688s
  7753  5968    0.00000   27  293  683.29200    0.00000   100%  31.1 1695s
  7776  5976  245.42903   27  306  683.29200    0.00000   100%  31.2 1702s
  7791  5992    0.00000   28  288  683.29200    0.00000   100%  31.2 1709s
  7812  6008    0.00000   29  288  683.29200    0.00000   100%  31.4 1719s
  7835  6024    0.00000   30  294  683.29200    0.00000   100%  32.3 1727s
  7859  6036  174.91793   30  302  683.29200    0.00000   100%  32.4 1734s
  7879  6048  105.97827   31  303  683.29200    0.00000   100%  32.6 1744s
  7898  6064  117.64740   32  286  683.29200    0.00000   100%  33.0 1756s
  7920  6070    0.00000   33  293  683.29200    0.00000   100%  33.8 1766s
  7933  6093  273.76803   33  323  683.29200    0.00000   100%  34.0 1775s
  7961  6114  245.35837   34  292  683.29200    0.00000   100%  34.0 1785s
  7991  6137    0.00000   36  291  683.29200    0.00000   100%  34.1 1795s
  8024  6147    0.00000   37  293  683.29200    0.00000   100%  34.3 1805s
  8045  6178  146.90870   38  292  683.29200    0.00000   100%  34.4 1816s
  8083  6202  173.51073   39  296  683.29200    0.00000   100%  34.5 1827s
  8120  6262    0.00000   41  312  683.29200    0.00000   100%  34.5 1839s
  8192  6282  275.85243   42  299  683.29200    0.00000   100%  34.5 1850s
  8236  6350  121.30717   43  303  683.29200    0.00000   100%  34.5 1863s
  8319  6391    0.00000   45  307  683.29200    0.00000   100%  34.5 1875s
  8387  6451    0.00000   47  308  683.29200    0.00000   100%  34.5 1888s
  8470  6513  183.92560   48  303  683.29200    0.00000   100%  34.6 1902s
  8560  6566  111.73993   50  300  683.29200    0.00000   100%  34.6 1916s
  8643  6601    0.00000   53  302  683.29200    0.00000   100%  34.8 1930s
  8705  6681  146.67070   56  293  683.29200    0.00000   100%  34.7 1944s
  8806  6734    0.00000   60  301  683.29200    0.00000   100%  34.8 1959s
  8893  6815  274.39687   62  305  683.29200    0.00000   100%  35.0 1975s
  9003  6847    0.00000   65  299  683.29200    0.00000   100%  35.0 1991s
  9071  6908    0.00000   67  297  683.29200    0.00000   100%  35.0 2011s
  9155  6987    0.00000   70  297  683.29200    0.00000   100%  35.1 2030s
  9262  7056  249.92357   72  304  683.29200    0.00000   100%  35.2 2047s
  9367  7141  103.92297   74  293  683.29200    0.00000   100%  35.3 2065s
  9487  7261    0.00000   77  309  683.29200    0.00000   100%  35.5 2084s
  9647  7354    0.00000   80  307  683.29200    0.00000   100%  35.5 2103s
  9793  7436    0.00000   83  308  683.29200    0.00000   100%  35.5 2123s
  9924  7568    0.00000   85  306  683.29200    0.00000   100%  35.6 2145s
 10099  7726    0.00000   88  306  683.29200    0.00000   100%  35.4 2168s
 10316  7817    0.00000   93  300  683.29200    0.00000   100%  35.3 2191s
 10479  7970  202.82080   96  300  683.29200    0.00000   100%  35.2 2216s
 10686  8062    0.00000  102  301  683.29200    0.00000   100%  35.2 2240s
 10847  8221    0.00000  105  298  683.29200    0.00000   100%  35.1 2266s
 11060  8324  175.28397  109  317  683.29200    0.00000   100%  35.1 2293s
 11234  8552    0.00000  112  320  683.29200    0.00000   100%  34.8 2321s
 11520  8777    0.00000  116  318  683.29200    0.00000   100%  34.5 2351s
 11840  9002    0.00000  126  316  683.29200    0.00000   100%  34.2 2383s
 12172  9306    0.00000  133  316  683.29200    0.00000   100%  33.9 2415s
 12587  9604    0.00000  137  321  683.29200    0.00000   100%  33.5 2447s
 13023  9815    0.00000  142  321  683.29200    0.00000   100%  33.1 2484s
 13379 10222    0.00000  146  314  683.29200    0.00000   100%  32.7 2518s
 13905 10458    0.00000  153  315  683.29200    0.00000   100%  32.2 2554s
 14316 10657    0.00000  165  310  683.29200    0.00000   100%  31.9 2590s
 14652 11095  185.14983  170  299  683.29200    0.00000   100%  31.6 2685s
 15202 10919    0.00000  182  303  683.29200    0.00000   100%  30.9 2980s
 15210 12461  181.16990  182  310  683.29200    0.00000   100%  30.9 3149s
 16754 12755    0.00000  279  293  683.29200    0.00000   100%  32.7 3197s
 17563 13122   85.68043  288  300  683.29200    0.00000   100%  32.2 3242s
 18200 13681  257.27320  294  292  683.29200    0.00000   100%  31.5 3280s
 18971 13888  116.13913  307  307  683.29200    0.00000   100%  30.6 3322s
 19435 14306  136.08143  313  297  683.29200    0.00000   100%  30.3 3364s
 20008 14795    0.00000  326  298  683.29200    0.00000   100%  30.1 3413s
 20688 14768    0.00000  336  300  683.29200    0.00000   100%  29.7 3499s
 20887 15443    0.00000  344  304  683.29200    0.00000   100%  29.6 3550s
 21629 16250    0.00000  355  304  683.29200    0.00000   100%  29.0 3598s
 22683 16650    0.00000  365  309  683.29200    0.00000   100%  28.1 3654s
 23434 17457    0.00000  374  311  683.29200    0.00000   100%  27.7 3699s
 24492 18030  111.73993  383  300  683.29200    0.00000   100%  27.0 3752s
 25417 18714    0.00000  394  301  683.29200    0.00000   100%  26.5 3799s
 26213 19548    0.00000  404  302  683.29200    0.00000   100%  26.2 3863s
 27047 20563    0.00000  415  302  683.29200    0.00000   100%  25.9 3914s
 28062 21210    0.00000  431  300  683.29200    0.00000   100%  25.4 3979s
 28709 22043    0.00000  444  301  683.29200    0.00000   100%  25.3 4038s
 29542 22906    0.00000  472  300  683.29200    0.00000   100%  25.1 4099s
 30405 23459  250.93017  480  309  683.29200    0.00000   100%  24.9 5965s
 30958 25049    0.00000  497  298  683.29200    0.00000   100%  25.1 6249s
 32548 26516    0.00000  518  304  683.29200    0.00000   100%  24.7 6350s
 34015 28031    0.00000  534  293  683.29200    0.00000   100%  24.7 6453s
 35530 29531   92.16600  551  305  683.29200    0.00000   100%  24.4 6530s
 37030 30720    0.00000  566  300  683.29200    0.00000   100%  24.0 6613s
 38219 31833    0.00000  578  306  683.29200    0.00000   100%  23.7 6681s
 39332 32895    0.00000  592  306  683.29200    0.00000   100%  23.5 6754s
 40394 34263    0.00000  608  306  683.29200    0.00000   100%  23.2 6810s
 41762 35447    0.00000  624  296  683.29200    0.00000   100%  22.9 6886s
 42946 36749    0.00000  631  296  683.29200    0.00000   100%  22.7 6933s
 44248 37839    0.00000  640  305  683.29200    0.00000   100%  22.3 7019s
 45338 38552    0.00000  665  299  683.29200    0.00000   100%  22.1 7200s

Cutting planes:
  Gomory: 33
  Implied bound: 467
  Projected implied bound: 859
  MIR: 60
  Flow cover: 819
  RLT: 4
  Relax-and-lift: 6263

Explored 46051 nodes (1117203 simplex iterations) in 7204.61 seconds (8964.49 work units)
Thread count was 16 (of 16 available processors)

Solution count 10: 683.292 683.294 683.296 ... 683.378

Time limit reached
Best objective 6.832920026729e+02, best bound 2.910383045673e-11, gap 100.0000%

User-callback calls 627728, time in user-callback 3.93 sec

Gurobi 10.0.1 (win64) logging started Sat Sep 20 08:04:41 2025

Set parameter LogFile to value "log_group_6/bound_Expr61_s10_l1051_s11_e12_o100_d200_t7200_s61_0_0_0_0.log"
Gurobi Optimizer version 10.0.1 build v10.0.1rc0 (win64)

CPU model: Intel(R) Core(TM) i7-10700 CPU @ 2.90GHz, instruction set [SSE2|AVX|AVX2]
Thread count: 8 physical cores, 16 logical processors, using up to 16 threads

Optimize a model with 4701890 rows, 4700800 columns and 37564880 nonzeros
Model fingerprint: 0xae5e9995
Variable types: 800 continuous, 4700000 integer (4700000 binary)
Coefficient statistics:
  Matrix range     [1e+00, 9e+02]
  Objective range  [1e+00, 1e+00]
  Bounds range     [1e+00, 1e+03]
  RHS range        [1e+00, 9e+02]
Presolve removed 0 rows and 100 columns (presolve time = 5s) ...
Presolve removed 100 rows and 4643200 columns (presolve time = 10s) ...
Presolve removed 4643300 rows and 4643200 columns (presolve time = 15s) ...
Presolve removed 4643300 rows and 4642710 columns
Presolve time: 18.60s
Presolved: 58590 rows, 58090 columns, 344460 nonzeros
Variable types: 600 continuous, 57490 integer (57490 binary)
Found heuristic solution: objective 23374.712767
Found heuristic solution: objective 2704.9292333
Deterministic concurrent LP optimizer: primal and dual simplex
Showing first log only...


Root simplex log...

Iteration    Objective       Primal Inf.    Dual Inf.      Time
       0   -6.9012000e+04   1.901433e+04   5.986298e+08     23s
    5304    7.4988000e+04   0.000000e+00   1.576000e+03     23s
    5911    0.0000000e+00   0.000000e+00   0.000000e+00     24s
Concurrent spin time: 0.58s

Solved with primal simplex

Root relaxation: objective 0.000000e+00, 5911 iterations, 1.91 seconds (3.97 work units)
Total elapsed time = 31.80s

    Nodes    |    Current Node    |     Objective Bounds      |     Work
 Expl Unexpl |  Obj  Depth IntInf | Incumbent    BestBd   Gap | It/Node Time

     0     0    0.00000    0  322 2704.92923    0.00000   100%     -   33s
H    0     0                    2306.0356667    0.00000   100%     -   36s
     0     0    0.00000    0  383 2306.03567    0.00000   100%     -   40s
H    0     0                     837.3646333    0.00000   100%     -   51s
H    0     0                     808.6241333    0.00000   100%     -   52s
     0     0    0.00000    0  397  808.62413    0.00000   100%     -   52s
H    0     0                     757.2244000    0.00000   100%     -   77s
H    0     0                     726.2631000    0.00000   100%     -   77s
H    0     0                     718.4309661    0.00000   100%     -   77s
H    0     0                     691.4608328    0.00000   100%     -   77s
     0     0    0.00000    0  304  691.46083    0.00000   100%     -   87s
H    0     0                     690.8492000    0.00000   100%     -   92s
     0     0    0.00000    0  330  690.84920    0.00000   100%     -   97s
H    0     0                     689.0878482    0.00000   100%     -  113s
     0     0    0.00000    0  315  689.08785    0.00000   100%     -  120s
H    0     0                     686.9802671    0.00000   100%     -  135s
     0     0    0.00000    0  349  686.98027    0.00000   100%     -  138s
     0     0    0.00000    0  313  686.98027    0.00000   100%     -  170s
H    0     0                     686.9802640    0.00000   100%     -  174s
     0     0    0.00000    0  344  686.98026    0.00000   100%     -  176s
     0     0    0.00000    0  315  686.98026    0.00000   100%     -  204s
     0     0    0.00000    0  307  686.98026    0.00000   100%     -  211s
H    0     0                     684.9791646    0.00000   100%     -  223s
H    0     0                     684.9784173    0.00000   100%     -  240s
     0     2    0.00000    0  307  684.97842    0.00000   100%     -  252s
     3     7    0.00000    2  314  684.97842    0.00000   100%  4191  255s
    14    18    0.00000    4  299  684.97842    0.00000   100%  1075  261s
H   30    31                     684.9723333    0.00000   100%   554  287s
H   31    31                     684.9642955    0.00000   100%   537  287s
H   32    31                     683.7403434    0.00000   100%   520  287s
    38    37    0.00000    7  300  683.74034    0.00000   100%   551  290s
    54    49    0.00000    9  304  683.74034    0.00000   100%   407  295s
    71    63    0.00000   12  296  683.74034    0.00000   100%   327  301s
    88    78    0.00000   14  302  683.74034    0.00000   100%   277  306s
   108    94    0.00000   16  304  683.74034    0.00000   100%   235  311s
   127   108    0.00000   18  304  683.74034    0.00000   100%   206  317s
   139   117    0.00000   19  302  683.74034    0.00000   100%   192  320s
   164   138    0.00000   21  304  683.74034    0.00000   100%   168  326s
   178   146    0.00000   23  303  683.74034    0.00000   100%   156  330s
   198   166    0.00000   25  303  683.74034    0.00000   100%   143  337s
   218   181    0.00000   27  303  683.74034    0.00000   100%   131  341s
   234   198    0.00000   29  303  683.74034    0.00000   100%   124  345s
   277   222    0.00000   32  304  683.74034    0.00000   100%   108  353s
H  286   222                     683.3844333    0.00000   100%   105  353s
   287   240    0.00000   33  299  683.38443    0.00000   100%   106  357s
   308   258    0.00000   35  299  683.38443    0.00000   100%  99.0  362s
   331   273    0.00000   37  296  683.38443    0.00000   100%  93.8  366s
   356   289    0.00000   39  302  683.38443    0.00000   100%  88.7  371s
   383   311    0.00000   41  309  683.38443    0.00000   100%  83.3  376s
   414   335    0.00000   43  306  683.38443    0.00000   100%  77.8  382s
   447   375    0.00000   46  310  683.38443    0.00000   100%  73.6  387s
H  494   382                     683.3844299    0.00000   100%  68.0  407s
   502   438    0.00000   50  308  683.38443    0.00000   100%  67.3  414s
   579   445    0.00000   54  306  683.38443    0.00000   100%  60.2  424s
H  582   445                     683.3844245    0.00000   100%  60.0  424s
   587   502    0.00000   55  306  683.38442    0.00000   100%  59.6  432s
   668   546    0.00000   58  312  683.38442    0.00000   100%  54.4  439s
   730   623    0.00000   61  309  683.38442    0.00000   100%  50.6  446s
   834   727    0.00000   70  313  683.38442    0.00000   100%  45.6  454s
H  995   727                     683.3775999    0.00000   100%  39.7  454s
   997   830    0.00000   78  301  683.37760    0.00000   100%  39.7  463s
  1146   929    0.00000   83  301  683.37760    0.00000   100%  35.6  471s
  1278  1040    0.00000   91  306  683.37760    0.00000   100%  33.2  480s
H 1303  1040                     683.3775997    0.00000   100%  32.9  480s
H 1327  1040                     683.3775995    0.00000   100%  32.6  480s
H 1344  1040                     683.3775766    0.00000   100%  32.3  480s
  1392  1193    0.00000   97  314  683.37758    0.00000   100%  31.5  490s
  1553  1364    0.00000  104  313  683.37758    0.00000   100%  29.1  502s
  1733  1586    0.00000  118  320  683.37758    0.00000   100%  26.9  514s
  1983  1762    0.00000  138  317  683.37758    0.00000   100%  24.4  525s
H 2233  1769                     683.3762247    0.00000   100%  22.5  547s
H 2234  1769                     683.3762211    0.00000   100%  22.5  547s
  2241  2031    0.00000  147  314  683.37622    0.00000   100%  22.5  560s
  2561  2302    0.00000  180  318  683.37622    0.00000   100%  20.3  574s
  2872  2645    0.00000  201  322  683.37622    0.00000   100%  18.9  589s
  3224  3028    0.00000  228  321  683.37622    0.00000   100%  17.6  605s
  3607  3283    0.00000  271  325  683.37622    0.00000   100%  16.4  622s
  3862  3682    0.00000  310  322  683.37622    0.00000   100%  15.9  642s
  4319  4150    0.00000  344  320  683.37622    0.00000   100%  15.0  663s
  4792  4637    0.00000  390  321  683.37622    0.00000   100%  14.2  688s
  5280  4683    0.00000  451  320  683.37622    0.00000   100%  13.4  707s
H 5281  4683                     683.2957000    0.00000   100%  13.4  707s
  5326  5389    0.00000  452  320  683.29570    0.00000   100%  13.3  734s
H 6038  6042                     683.2956988    0.00000   100%  12.6  764s
H 6426  6042                     683.2956972    0.00000   100%  12.4  764s
  6759  6727    0.00000  587  318  683.29570    0.00000   100%  12.1  797s
H 7048  6727                     683.2956953    0.00000   100%  11.9  798s
H 7130  6727                     683.2941490    0.00000   100%  11.8  798s
  7487  6728  239.46003  245  307  683.29415    0.00000   100%  11.6  908s
  7489  6729  500.79617  767  296  683.29415    0.00000   100%  11.6  939s
H 7489  6392                     683.2939486    0.00000   100%  11.6  972s
H 7489  6072                     683.2939473    0.00000   100%  11.6  973s
  7490  6073  188.71947  887  294  683.29395    0.00000   100%  11.6 1066s
  7491  6074  239.46003  204  308  683.29395    0.00000   100%  11.6 1085s
  7492  6074  671.48383  196  293  683.29395    0.00000   100%  11.6 1128s
H 7492  5770                     683.2920027    0.00000   100%  11.6 1135s
  7494  5772  248.71610  740  294  683.29200    0.00000   100%  11.6 1181s
  7495  5772  494.81373  256  303  683.29200    0.00000   100%  11.6 1192s
  7496  5773  239.46003  440  297  683.29200    0.00000   100%  11.6 1256s
  7497  5774  674.39573  453  287  683.29200    0.00000   100%  11.6 1266s
  7498  5774  374.73037  485  289  683.29200    0.00000   100%  11.6 1363s
  7499  5775  450.05747  295  289  683.29200    0.00000   100%  11.6 1377s
  7500  5776  488.17613  511  289  683.29200    0.00000   100%  11.6 1448s
  7501  5779    0.00000   12  282  683.29200    0.00000   100%  28.1 1471s
  7503  5783    0.00000   13  259  683.29200    0.00000   100%  28.2 1475s
  7507  5789    0.00000   14  257  683.29200    0.00000   100%  28.4 1480s
  7523  5800  353.75524   15  321  683.29200    0.00000   100%  28.8 1488s
  7531  5805    0.00000   16  255  683.29200    0.00000   100%  28.8 1613s
  7539  5811  253.41790   16  282  683.29200    0.00000   100%  28.9 1617s
  7547  5819    0.00000   17  255  683.29200    0.00000   100%  28.9 1621s
  7558  5823  107.65647   17  315  683.29200    0.00000   100%  29.6 1626s
  7566  5831    0.00000   18  280  683.29200    0.00000   100%  29.7 1630s
  7587  5844    0.00000   19  278  683.29200    0.00000   100%  29.8 1637s
  7596  5854  123.77207   19  284  683.29200    0.00000   100%  29.8 1642s
  7609  5857    0.00000   20  275  683.29200    0.00000   100%  29.9 1649s
  7617  5868  172.05243   20  296  683.29200    0.00000   100%  30.0 1653s
  7630  5875    0.00000   21  275  683.29200    0.00000   100%  30.1 1658s
  7642  5883    0.00000   22  275  683.29200    0.00000   100%  30.2 1662s
  7654  5893  250.93017   22  274  683.29200    0.00000   100%  30.2 1667s
  7668  5905  191.07437   23  280  683.29200    0.00000   100%  30.3 1672s
  7684  5907  183.30770   24  288  683.29200    0.00000   100%  30.3 1678s
  7692  5921    0.00000   25  300  683.29200    0.00000   100%  30.4 1684s
  7708  5935    3.33753   25  282  683.29200    0.00000   100%  31.0 1691s
  7728  5954  247.15380   26  280  683.29200    0.00000   100%  31.1 1697s
  7753  5968    0.00000   27  293  683.29200    0.00000   100%  31.1 1704s
  7776  5976  245.42903   27  306  683.29200    0.00000   100%  31.2 1711s
  7791  5992    0.00000   28  288  683.29200    0.00000   100%  31.2 1718s
  7812  6008    0.00000   29  288  683.29200    0.00000   100%  31.4 1728s
  7835  6024    0.00000   30  294  683.29200    0.00000   100%  32.3 1736s
  7859  6036  174.91793   30  302  683.29200    0.00000   100%  32.4 1743s
  7879  6048  105.97827   31  303  683.29200    0.00000   100%  32.6 1753s
  7898  6064  117.64740   32  286  683.29200    0.00000   100%  33.0 1765s
  7920  6070    0.00000   33  293  683.29200    0.00000   100%  33.8 1775s
  7933  6093  273.76803   33  323  683.29200    0.00000   100%  34.0 1784s
  7961  6114  245.35837   34  292  683.29200    0.00000   100%  34.0 1794s
  7991  6137    0.00000   36  291  683.29200    0.00000   100%  34.1 1804s
  8024  6147    0.00000   37  293  683.29200    0.00000   100%  34.3 1815s
  8045  6178  146.90870   38  292  683.29200    0.00000   100%  34.4 1825s
  8083  6202  173.51073   39  296  683.29200    0.00000   100%  34.5 1837s
  8120  6262    0.00000   41  312  683.29200    0.00000   100%  34.5 1848s
  8192  6282  275.85243   42  299  683.29200    0.00000   100%  34.5 1860s
  8236  6350  121.30717   43  303  683.29200    0.00000   100%  34.5 1872s
  8319  6391    0.00000   45  307  683.29200    0.00000   100%  34.5 1884s
  8387  6451    0.00000   47  308  683.29200    0.00000   100%  34.5 1898s
  8470  6513  183.92560   48  303  683.29200    0.00000   100%  34.6 1912s
  8560  6566  111.73993   50  300  683.29200    0.00000   100%  34.6 1926s
  8643  6601    0.00000   53  302  683.29200    0.00000   100%  34.8 1939s
  8705  6681  146.67070   56  293  683.29200    0.00000   100%  34.7 1954s
  8806  6734    0.00000   60  301  683.29200    0.00000   100%  34.8 1969s
  8893  6815  274.39687   62  305  683.29200    0.00000   100%  35.0 1985s
  9003  6847    0.00000   65  299  683.29200    0.00000   100%  35.0 2001s
  9071  6908    0.00000   67  297  683.29200    0.00000   100%  35.0 2021s
  9155  6987    0.00000   70  297  683.29200    0.00000   100%  35.1 2039s
  9262  7056  249.92357   72  304  683.29200    0.00000   100%  35.2 2057s
  9367  7141  103.92297   74  293  683.29200    0.00000   100%  35.3 2075s
  9487  7261    0.00000   77  309  683.29200    0.00000   100%  35.5 2094s
  9647  7354    0.00000   80  307  683.29200    0.00000   100%  35.5 2113s
  9793  7436    0.00000   83  308  683.29200    0.00000   100%  35.5 2133s
  9924  7568    0.00000   85  306  683.29200    0.00000   100%  35.6 2155s
 10099  7726    0.00000   88  306  683.29200    0.00000   100%  35.4 2178s
 10316  7817    0.00000   93  300  683.29200    0.00000   100%  35.3 2201s
 10479  7970  202.82080   96  300  683.29200    0.00000   100%  35.2 2225s
 10686  8062    0.00000  102  301  683.29200    0.00000   100%  35.2 2250s
 10847  8221    0.00000  105  298  683.29200    0.00000   100%  35.1 2276s
 11060  8324  175.28397  109  317  683.29200    0.00000   100%  35.1 2302s
 11234  8552    0.00000  112  320  683.29200    0.00000   100%  34.8 2331s
 11520  8777    0.00000  116  318  683.29200    0.00000   100%  34.5 2360s
 11840  9002    0.00000  126  316  683.29200    0.00000   100%  34.2 2392s
 12172  9306    0.00000  133  316  683.29200    0.00000   100%  33.9 2424s
 12587  9604    0.00000  137  321  683.29200    0.00000   100%  33.5 2456s
 13023  9815    0.00000  142  321  683.29200    0.00000   100%  33.1 2492s
 13379 10222    0.00000  146  314  683.29200    0.00000   100%  32.7 2526s
 13905 10458    0.00000  153  315  683.29200    0.00000   100%  32.2 2562s
 14316 10657    0.00000  165  310  683.29200    0.00000   100%  31.9 2598s
 14652 11095  185.14983  170  299  683.29200    0.00000   100%  31.6 2692s
 15202 10919    0.00000  182  303  683.29200    0.00000   100%  30.9 2984s
 15210 12461  181.16990  182  310  683.29200    0.00000   100%  30.9 3152s
 16754 12755    0.00000  279  293  683.29200    0.00000   100%  32.7 3199s
 17563 13122   85.68043  288  300  683.29200    0.00000   100%  32.2 3244s
 18200 13681  257.27320  294  292  683.29200    0.00000   100%  31.5 3282s
 18971 13888  116.13913  307  307  683.29200    0.00000   100%  30.6 3324s
 19435 14306  136.08143  313  297  683.29200    0.00000   100%  30.3 3365s
 20008 14795    0.00000  326  298  683.29200    0.00000   100%  30.1 3413s
 20688 14768    0.00000  336  300  683.29200    0.00000   100%  29.7 3500s
 20887 15443    0.00000  344  304  683.29200    0.00000   100%  29.6 3550s
 21629 16250    0.00000  355  304  683.29200    0.00000   100%  29.0 3598s
 22683 16650    0.00000  365  309  683.29200    0.00000   100%  28.1 3654s
 23434 17457    0.00000  374  311  683.29200    0.00000   100%  27.7 3699s
 24492 18030  111.73993  383  300  683.29200    0.00000   100%  27.0 3752s
 25417 18714    0.00000  394  301  683.29200    0.00000   100%  26.5 3799s
 26213 19548    0.00000  404  302  683.29200    0.00000   100%  26.2 3861s
 27047 20563    0.00000  415  302  683.29200    0.00000   100%  25.9 3911s
 28062 21210    0.00000  431  300  683.29200    0.00000   100%  25.4 3976s
 28709 22043    0.00000  444  301  683.29200    0.00000   100%  25.3 4035s
 29542 22906    0.00000  472  300  683.29200    0.00000   100%  25.1 4096s
 30405 23459  250.93017  480  309  683.29200    0.00000   100%  24.9 5891s
 30958 25049    0.00000  497  298  683.29200    0.00000   100%  25.1 6169s
 32548 26516    0.00000  518  304  683.29200    0.00000   100%  24.7 6271s
 34015 28031    0.00000  534  293  683.29200    0.00000   100%  24.7 6372s
 35530 29531   92.16600  551  305  683.29200    0.00000   100%  24.4 6450s
 37030 30720    0.00000  566  300  683.29200    0.00000   100%  24.0 6532s
 38219 31833    0.00000  578  306  683.29200    0.00000   100%  23.7 6600s
 39332 32895    0.00000  592  306  683.29200    0.00000   100%  23.5 6671s
 40394 34263    0.00000  608  306  683.29200    0.00000   100%  23.2 6726s
 41762 35447    0.00000  624  296  683.29200    0.00000   100%  22.9 6802s
 42946 36749    0.00000  631  296  683.29200    0.00000   100%  22.7 6849s
 44248 37839    0.00000  640  305  683.29200    0.00000   100%  22.3 6934s
 45338 39683    0.00000  665  299  683.29200    0.00000   100%  22.1 7157s
 47182 40079    0.00000  737  300  683.29200    0.00000   100%  21.7 7200s

Cutting planes:
  Gomory: 33
  Implied bound: 467
  Projected implied bound: 859
  MIR: 60
  Flow cover: 819
  RLT: 4
  Relax-and-lift: 6263

Explored 47578 nodes (1134539 simplex iterations) in 7204.64 seconds (9031.60 work units)
Thread count was 16 (of 16 available processors)

Solution count 10: 683.292 683.294 683.296 ... 683.378

Time limit reached
Best objective 6.832920026729e+02, best bound 2.910383045673e-11, gap 100.0000%

User-callback calls 632810, time in user-callback 4.03 sec
