
Gurobi 10.0.1 (win64) logging started Sun Sep 21 16:27:41 2025

Set parameter LogFile to value "log_group_6/bound_Expr377_s5_l1051_s11_e12_o20_d40_t60_s12_1_1_1_1.log"
Gurobi Optimizer version 10.0.1 build v10.0.1rc0 (win64)

CPU model: Intel(R) Core(TM) i7-10700 CPU @ 2.90GHz, instruction set [SSE2|AVX|AVX2]
Thread count: 8 physical cores, 16 logical processors, using up to 16 threads

Optimize a model with 113328 rows, 110310 columns and 1614090 nonzeros
Model fingerprint: 0xae098d43
Variable types: 310 continuous, 110000 integer (110000 binary)
Coefficient statistics:
  Matrix range     [1e+00, 9e+02]
  Objective range  [1e+00, 1e+00]
  Bounds range     [1e+00, 1e+03]
  RHS range        [1e+00, 9e+02]
Presolve removed 111919 rows and 109197 columns
Presolve time: 0.82s
Presolved: 1409 rows, 1113 columns, 13696 nonzeros
Variable types: 110 continuous, 1003 integer (1001 binary)
Found heuristic solution: objective 338.3022667

Root relaxation: objective 1.051314e+02, 380 iterations, 0.01 seconds (0.01 work units)

    Nodes    |    Current Node    |     Objective Bounds      |     Work
 Expl Unexpl |  Obj  Depth IntInf | Incumbent    BestBd   Gap | It/Node Time

     0     0  105.13143    0   50  338.30227  105.13143  68.9%     -    1s
H    0     0                     257.1947667  105.13143  59.1%     -    1s
     0     0  105.13143    0   50  257.19477  105.13143  59.1%     -    1s
     0     0  105.13143    0   21  257.19477  105.13143  59.1%     -    1s
H    0     0                     195.3914000  105.13143  46.2%     -    1s
H    0     0                     151.9154000  105.13143  30.8%     -    1s
H    0     0                     141.0866000  105.13143  25.5%     -    1s
     0     0  105.13143    0   64  141.08660  105.13143  25.5%     -    1s
     0     0  105.13143    0   24  141.08660  105.13143  25.5%     -    1s
     0     0  105.13143    0   65  141.08660  105.13143  25.5%     -    1s
     0     0  105.13143    0   56  141.08660  105.13143  25.5%     -    1s
H    0     0                     128.7997333  105.13143  18.4%     -    1s
     0     0  105.13143    0   59  128.79973  105.13143  18.4%     -    1s
H    0     0                     124.8723333  105.13143  15.8%     -    1s
H    0     0                     124.0109333  105.13143  15.2%     -    1s
H    0     0                     123.1495333  105.13143  14.6%     -    1s
H    0     0                     121.0867333  105.13143  13.2%     -    1s
     0     0  105.13143    0   55  121.08673  105.13143  13.2%     -    1s
     0     0  105.13763    0   21  121.08673  105.13763  13.2%     -    1s
     0     0  105.13763    0   32  121.08673  105.13763  13.2%     -    1s
     0     0  105.13763    0   37  121.08673  105.13763  13.2%     -    1s
     0     0  105.13763    0   37  121.08673  105.13763  13.2%     -    1s
H    0     0                     121.0298667  105.13763  13.1%     -    1s
     0     0  105.13763    0   21  121.02987  105.13763  13.1%     -    1s
     0     0  105.13763    0   25  121.02987  105.13763  13.1%     -    1s
H    0     0                     121.0175667  105.13763  13.1%     -    1s
     0     0  105.26169    0   38  121.01757  105.26169  13.0%     -    1s
H    0     0                     120.9175667  105.39177  12.8%     -    1s
     0     0  105.52193    0   20  120.91757  105.52193  12.7%     -    1s
     0     0  107.74565    0   39  120.91757  107.74565  10.9%     -    1s
     0     0  107.74589    0   41  120.91757  107.74589  10.9%     -    1s
     0     0  112.17384    0   48  120.91757  112.17384  7.23%     -    1s
     0     0  112.22432    0   51  120.91757  112.22432  7.19%     -    1s
     0     0  115.86780    0   42  120.91757  115.86780  4.18%     -    2s
     0     0  115.86909    0   46  120.91757  115.86909  4.18%     -    2s
     0     0  118.72388    0   51  120.91757  118.72388  1.81%     -    2s
     0     0  118.72540    0   48  120.91757  118.72540  1.81%     -    2s
     0     0  118.72540    0   44  120.91757  118.72540  1.81%     -    2s
     0     0  118.72540    0   43  120.91757  118.72540  1.81%     -    2s
     0     0  118.76146    0   39  120.91757  118.76146  1.78%     -    2s
     0     0  118.76146    0   43  120.91757  118.76146  1.78%     -    2s
     0     0  119.37973    0   42  120.91757  119.37973  1.27%     -    2s
     0     0  119.38038    0   41  120.91757  119.38038  1.27%     -    2s
     0     0  119.38278    0   43  120.91757  119.38278  1.27%     -    2s
     0     0  119.48942    0   45  120.91757  119.48942  1.18%     -    2s
     0     0  119.48942    0   41  120.91757  119.48942  1.18%     -    2s
     0     0  119.48942    0   43  120.91757  119.48942  1.18%     -    2s
     0     0  119.63152    0   39  120.91757  119.63152  1.06%     -    2s
     0     0  119.63286    0   34  120.91757  119.63286  1.06%     -    2s
     0     0  119.63307    0   33  120.91757  119.63307  1.06%     -    2s
     0     0  119.63307    0   33  120.91757  119.63307  1.06%     -    2s
     0     0  119.63401    0   37  120.91757  119.63401  1.06%     -    2s
     0     0  119.63401    0   37  120.91757  119.63401  1.06%     -    2s
     0     0  119.63401    0   36  120.91757  119.63401  1.06%     -    2s
     0     0  119.63401    0   40  120.91757  119.63401  1.06%     -    2s
     0     0  119.63401    0   33  120.91757  119.63401  1.06%     -    2s
     0     2  119.64182    0   31  120.91757  119.64182  1.06%     -    2s
*  109    45              15     120.8679000  120.83977  0.02%  18.7    2s
H  116    56                     120.8637000  120.83977  0.02%  17.9    2s

Cutting planes:
  Cover: 43
  Implied bound: 14
  Clique: 1
  MIR: 31
  GUB cover: 7
  Inf proof: 2
  Zero half: 9
  RLT: 24
  Relax-and-lift: 24

Explored 699 nodes (21317 simplex iterations) in 2.39 seconds (4.33 work units)
Thread count was 16 (of 16 available processors)

Solution count 10: 120.864 120.868 120.918 ... 141.087

Optimal solution found (tolerance 1.00e-04)
Best objective 1.208637000000e+02, best bound 1.208527799868e+02, gap 0.0090%

User-callback calls 2937, time in user-callback 0.01 sec
