
Gurobi 10.0.1 (win64) logging started Sun Sep 21 16:08:30 2025

Set parameter LogFile to value "log_group_6/bound_Expr362_s10_l1051_s11_e12_o100_d200_t60_s67_0_0_0_0.log"
Gurobi Optimizer version 10.0.1 build v10.0.1rc0 (win64)

CPU model: Intel(R) Core(TM) i7-10700 CPU @ 2.90GHz, instruction set [SSE2|AVX|AVX2]
Thread count: 8 physical cores, 16 logical processors, using up to 16 threads

Optimize a model with 4901890 rows, 4900800 columns and 39166380 nonzeros
Model fingerprint: 0x0ab806ed
Variable types: 800 continuous, 4900000 integer (4900000 binary)
Coefficient statistics:
  Matrix range     [4e-01, 9e+02]
  Objective range  [1e+00, 1e+00]
  Bounds range     [1e+00, 1e+03]
  RHS range        [1e+00, 9e+02]
Presolve removed 0 rows and 100 columns (presolve time = 5s) ...
Presolve removed 100 rows and 4837700 columns (presolve time = 10s) ...
Presolve removed 4837800 rows and 4837700 columns (presolve time = 15s) ...
Presolve removed 4837800 rows and 4837210 columns
Presolve time: 19.08s
Presolved: 64090 rows, 63590 columns, 377460 nonzeros
Variable types: 600 continuous, 62990 integer (62990 binary)
Found heuristic solution: objective 15925.757033
Found heuristic solution: objective 2676.1040000
Deterministic concurrent LP optimizer: primal and dual simplex
Showing first log only...


Root simplex log...

Iteration    Objective       Primal Inf.    Dual Inf.      Time
       0   -6.9045000e+04   1.836894e+04   5.782334e+08     23s
    6746    7.4955000e+04   0.000000e+00   1.072000e+03     24s
    7508    0.0000000e+00   0.000000e+00   0.000000e+00     24s
Concurrent spin time: 0.46s

Solved with primal simplex

Root relaxation: objective 0.000000e+00, 7508 iterations, 1.87 seconds (4.18 work units)
Total elapsed time = 33.95s
Total elapsed time = 35.76s

    Nodes    |    Current Node    |     Objective Bounds      |     Work
 Expl Unexpl |  Obj  Depth IntInf | Incumbent    BestBd   Gap | It/Node Time

     0     0    0.00000    0  301 2676.10400    0.00000   100%     -   37s
H    0     0                    2480.0985333    0.00000   100%     -   39s
     0     0    0.00000    0  399 2480.09853    0.00000   100%     -   43s
H    0     0                    1259.2477993    0.00000   100%     -   49s
     0     0    0.00000    0  405 1259.24780    0.00000   100%     -   49s
     0     0    0.00000    0  413 1259.24780    0.00000   100%     -   60s

Cutting planes:
  Gomory: 1
  Lift-and-project: 1
  Implied bound: 155
  MIR: 22
  RLT: 42
  Relax-and-lift: 1833

Explored 1 nodes (37986 simplex iterations) in 60.39 seconds (144.47 work units)
Thread count was 16 (of 16 available processors)

Solution count 4: 1259.25 2480.1 2676.1 15925.8 

Time limit reached
Best objective 1.259247799333e+03, best bound 0.000000000000e+00, gap 100.0000%

User-callback calls 8289, time in user-callback 0.01 sec
