
Gurobi 10.0.3 (win64) logging started Sun Sep 21 03:46:36 2025

Set parameter LogFile to value "log_group_6/bound_Expr266_s5_l1051_s11_e12_o20_d40_t1200_s11_0_0_1_1.log"
Gurobi Optimizer version 10.0.3 build v10.0.3rc0 (win64)

CPU model: 11th Gen Intel(R) Core(TM) i7-11700 @ 2.50GHz, instruction set [SSE2|AVX|AVX2|AVX512]
Thread count: 8 physical cores, 16 logical processors, using up to 16 threads

Optimize a model with 170966 rows, 170310 columns and 1774090 nonzeros
Model fingerprint: 0xbafe889c
Variable types: 310 continuous, 170000 integer (170000 binary)
Coefficient statistics:
  Matrix range     [1e+00, 8e+02]
  Objective range  [1e+00, 1e+00]
  Bounds range     [1e+00, 1e+03]
  RHS range        [1e+00, 8e+02]
Presolve removed 170458 rows and 169901 columns
Presolve time: 1.69s
Presolved: 508 rows, 409 columns, 4730 nonzeros
Variable types: 57 continuous, 352 integer (351 binary)
Found heuristic solution: objective 256.6336713
Found heuristic solution: objective 174.4543713

Root relaxation: objective 9.734424e+01, 159 iterations, 0.00 seconds (0.00 work units)

    Nodes    |    Current Node    |     Objective Bounds      |     Work
 Expl Unexpl |  Obj  Depth IntInf | Incumbent    BestBd   Gap | It/Node Time

     0     0   97.34424    0   14  174.45437   97.34424  44.2%     -    1s
H    0     0                     155.5831713   97.34424  37.4%     -    1s
H    0     0                     139.5889713   97.34424  30.3%     -    1s
     0     0   97.34424    0   18  139.58897   97.34424  30.3%     -    1s
     0     0   97.34424    0   18  139.58897   97.34424  30.3%     -    1s
H    0     0                     123.6934713   97.34424  21.3%     -    1s
     0     0   97.34424    0   14  123.69347   97.34424  21.3%     -    1s
     0     0   97.34424    0   14  123.69347   97.34424  21.3%     -    1s
     0     0   97.34424    0   14  123.69347   97.34424  21.3%     -    1s
     0     0   97.34424    0   14  123.69347   97.34424  21.3%     -    1s
     0     0   97.34424    0   14  123.69347   97.34424  21.3%     -    1s
     0     0   97.34424    0   14  123.69347   97.34424  21.3%     -    1s
H    0     0                     117.4999713   97.34424  17.2%     -    1s
     0     0   97.34424    0   14  117.49997   97.34424  17.2%     -    1s
     0     2   97.34424    0   14  117.49997   97.34424  17.2%     -    1s
H   64    57                     113.2995713   97.34424  14.1%  11.0    1s
H  218   159                     113.2995698   97.34424  14.1%   6.2    2s
H 1484  1121                     113.2995685  113.25757  0.04%   5.8    4s
  1488  1124  113.25757  112    4  113.29957  113.25757  0.04%   5.8    5s
H 1562  1059                     113.2995685  113.25757  0.04%   6.0    5s
H 1632   992                     113.2995685  113.25757  0.04%   5.8    5s
H 2418   810                     113.2995685  113.25757  0.04%   4.8    5s

Cutting planes:
  Gomory: 3
  Cover: 8
  Clique: 3
  MIR: 12
  StrongCG: 1
  Flow cover: 12
  Relax-and-lift: 7

Explored 14109 nodes (52634 simplex iterations) in 6.14 seconds (9.05 work units)
Thread count was 16 (of 16 available processors)

Solution count 10: 113.3 113.3 113.3 ... 155.583

Optimal solution found (tolerance 1.00e-04)
Best objective 1.132995685056e+02, best bound 1.132995685056e+02, gap 0.0000%

User-callback calls 30105, time in user-callback 0.04 sec
