
Gurobi 10.0.1 (win64) logging started Sat Sep 20 16:01:43 2025

Set parameter LogFile to value "log_group_6/bound_Expr25_s7_l1051_s11_e12_o30_d60_t7200_s25_0_0_0_0.log"
Gurobi Optimizer version 10.0.1 build v10.0.1rc0 (win64)

CPU model: Intel(R) Core(TM) i7-10700 CPU @ 2.90GHz, instruction set [SSE2|AVX|AVX2]
Thread count: 8 physical cores, 16 logical processors, using up to 16 threads

Optimize a model with 515663 rows, 514940 columns and 4118766 nonzeros
Model fingerprint: 0x3004d42e
Variable types: 440 continuous, 514500 integer (514500 binary)
Coefficient statistics:
  Matrix range     [3e-01, 8e+02]
  Objective range  [1e+00, 1e+00]
  Bounds range     [1e+00, 1e+03]
  RHS range        [1e+00, 8e+02]
Presolve removed 502690 rows and 502660 columns
Presolve time: 2.01s
Presolved: 12973 rows, 12280 columns, 84098 nonzeros
Variable types: 380 continuous, 11900 integer (11900 binary)
Found heuristic solution: objective 1061.2882667

Root relaxation: objective 0.000000e+00, 2432 iterations, 0.14 seconds (0.23 work units)

    Nodes    |    Current Node    |     Objective Bounds      |     Work
 Expl Unexpl |  Obj  Depth IntInf | Incumbent    BestBd   Gap | It/Node Time

     0     0    0.00000    0   60 1061.28827    0.00000   100%     -    2s
H    0     0                     593.8984333    0.00000   100%     -    2s
H    0     0                     485.8729667    0.00000   100%     -    3s
     0     0    0.00000    0   69  485.87297    0.00000   100%     -    3s
H    0     0                     247.7027000    0.00000   100%     -    6s
H    0     0                     211.8662667    0.00000   100%     -    8s
     0     0    0.00000    0   61  211.86627    0.00000   100%     -    8s
H    0     0                     197.4134978    0.00000   100%     -    9s
     0     0    0.00000    0   61  197.41350    0.00000   100%     -    9s
H    0     0                     192.6264667    0.00000   100%     -   11s
     0     0    0.00000    0   60  192.62647    0.00000   100%     -   12s
     0     0    0.00000    0   60  192.62647    0.00000   100%     -   12s
     0     2    0.00000    0   60  192.62647    0.00000   100%     -   13s
    22    12    0.00000    5   77  192.62647    0.00000   100%   197   15s
H   30    15                     189.5237666    0.00000   100%   306   21s
H   30    15                     188.9701667    0.00000   100%   306   21s
   127    59    0.00000   17   67  188.97017    0.00000   100%   195   26s
H  128    59                     185.8352667    0.00000   100%   193   26s
H  130    59                     179.8178333    0.00000   100%   191   26s
   300   176    0.00000   40   65  179.81783    0.00000   100%   116   36s
   554   360    0.00000   76   67  179.81783    0.00000   100%  75.4   41s
   570   462    0.00000   78   66  179.81783    0.00000   100%  76.8   45s
  1704  1445    0.00000  194   64  179.81783    0.00000   100%  36.6   50s
  2700  2340    0.00000  303   62  179.81783    0.00000   100%  26.9   56s
  3861  3012    0.00000  474   63  179.81783    0.00000   100%  21.2   64s
  4191  3141    0.00000  504   60  179.81783    0.00000   100%  20.4   68s
  4374  3872    0.00000  526   61  179.81783    0.00000   100%  19.8   71s
  5280  4689    0.00000  614   62  179.81783    0.00000   100%  17.8   75s
  6246  5414    0.00000  714   61  179.81783    0.00000   100%  16.4   80s
H 6512  5414                     179.8178333    0.00000   100%  16.0   80s
  7139  5992    0.00000  783   63  179.81783    0.00000   100%  15.3   85s
  7885  5993    4.13793  145   60  179.81783    0.00000   100%  14.6  188s
H 7886  5694                     179.8178333    0.00000   100%  14.6  197s
H 7886  5409                     179.8177022    0.00000   100%  14.6  201s
H 7887  5139                     179.8176212    0.00000   100%  14.6  226s
  7890  5141   96.54340   44   60  179.81762    0.00000   100%  14.6  242s
  7891  5142    0.00000  237   60  179.81762    0.00000   100%  14.6  247s
  7892  5143  106.80740  107   61  179.81762    0.00000   100%  14.6  256s
  7894  5144  152.67750  149   60  179.81762    0.00000   100%  14.6  265s
  7896  5145    0.00000  509   61  179.81762    0.00000   100%  14.6  275s
  7898  5147    0.00000  838   61  179.81762    0.00000   100%  14.6  298s
  7899  5149    0.00000   11   60  179.81762    0.00000   100%  15.8  305s
  7901  5151    0.00000   12   60  179.81762    0.00000   100%  15.9  318s
  7904  5152    0.00000   13   60  179.81762    0.00000   100%  16.4  321s
  7909  5154    0.00000   14   61  179.81762    0.00000   100%  16.5  333s
  7916  5155    0.00000   15   60  179.81762    0.00000   100%  16.6  350s
  7932  5153  101.00113   16   58  179.81762    0.00000   100%  17.0  389s
  7940  5155    0.00000   17   60  179.81762    0.00000   100%  17.0  405s
  7955  5156    0.00000   18   61  179.81762    0.00000   100%  17.2  412s
  7971  5157    0.00000   19   60  179.81762    0.00000   100%  17.3  417s
  8011  5165   84.70330   21   58  179.81762    0.00000   100%  17.3  422s
  8062  5167    0.00000   25   60  179.81762    0.00000   100%  17.2  425s
  8104  5176    0.00000   28   60  179.81762    0.00000   100%  17.2  433s
  8139  5177    0.00000   30   60  179.81762    0.00000   100%  17.1  435s
  8242  5183   79.47857   39   58  179.81762    0.00000   100%  17.0  444s
  8253  5195    0.00000   40   60  179.81762    0.00000   100%  17.0  452s
  8342  5221   79.42787   47   58  179.81762    0.00000   100%  16.9  456s
  8461  5235    0.00000   58   60  179.81762    0.00000   100%  16.7  461s
  8550  5262    0.00000   66   60  179.81762    0.00000   100%  16.6  465s
  8612  5257   77.15587   73   58  179.81762    0.00000   100%  16.5  472s
  8636  5283    4.38140   76   58  179.81762    0.00000   100%  16.5  475s
  8717  5299    0.00000   85   60  179.81762    0.00000   100%  16.4  482s
  8796  5308   79.42787   90   58  179.81762    0.00000   100%  16.3  487s
  8852  5307   79.42787   94   58  179.81762    0.00000   100%  16.2  507s
  8876  5327    0.00000   97   60  179.81762    0.00000   100%  16.2  513s
  8913  5390   77.15587  100   58  179.81762    0.00000   100%  16.2  516s
  9018  5433    0.00000  107   60  179.81762    0.00000   100%  16.0  539s
  9136  5416   79.42787  114   58  179.81762    0.00000   100%  15.9  550s
  9163  5449   79.47857  116   58  179.81762    0.00000   100%  15.8  557s
  9222  5508    0.00000  122   60  179.81762    0.00000   100%  15.9  562s
  9331  5595   77.15587  126   58  179.81762    0.00000   100%  15.8  567s
  9494  5595   84.70330  142   58  179.81762    0.00000   100%  15.6  574s
  9561  5572  170.32910  157   52  179.81762    0.00000   100%  15.5  575s
  9562  5733   84.70330  150   58  179.81762    0.00000   100%  15.5  580s
  9787  5757    3.97670  171   58  179.81762    0.00000   100%  15.4  585s
  9933  5747   86.22260  185   58  179.81762    0.00000   100%  15.2  593s
  9985  5829   86.22260  191   58  179.81762    0.00000   100%  15.2  599s
 10105  5875   86.22260  215   58  179.81762    0.00000   100%  15.0  604s
 10210  5944    0.00000  228   60  179.81762    0.00000   100%  14.9  609s
 10245  5932  144.60713  231   56  179.81762    0.00000   100%  15.0  610s
 10486  6025   84.66460  243   58  179.81762    0.00000   100%  14.8  620s
 10640  6024   84.66460  258   58  179.81762    0.00000   100%  14.7  628s
 10694  6011   84.66460  265   58  179.81762    0.00000   100%  14.7  657s
 10703  6083    0.00000  266   60  179.81762    0.00000   100%  14.7  662s
 10802  6145    0.00000  273   60  179.81762    0.00000   100%  14.7  686s
 10956  6142    0.00000  282   60  179.81762    0.00000   100%  14.6  692s
 11037  6340   86.18510  287   58  179.81762    0.00000   100%  14.6  700s
 11345  6531   77.15587  309   58  179.81762    0.00000   100%  14.3  707s
 11681  6486   83.01240  325   58  179.81762    0.00000   100%  14.0  720s
 11752  6683   83.01240  332   58  179.81762    0.00000   100%  14.0  727s
 12023  6847   83.01240  345   58  179.81762    0.00000   100%  13.8  735s
 12372  6940    0.00000  362   60  179.81762    0.00000   100%  13.6  743s
 12630  6962    0.00000  376   60  179.81762    0.00000   100%  13.4  752s
 12811  6992   84.57260  391   58  179.81762    0.00000   100%  13.4  763s
 12907  7060    0.00000  398   60  179.81762    0.00000   100%  13.5  796s
 13034  7142   98.93763  405   59  179.81762    0.00000   100%  13.6  812s
 13161  7281   98.93763  412   58  179.81762    0.00000   100%  13.7  821s
 13389  7441    0.00000  423   60  179.81762    0.00000   100%  13.9  831s
 13714  7582    0.00000  440   60  179.81762    0.00000   100%  14.0  843s
 13971  8094    0.00000  441   60  179.81762    0.00000   100%  13.9  855s
 14692  8351    0.00000  490   60  179.81762    0.00000   100%  13.8  867s
 15266  8571    0.00000  525   60  179.81762    0.00000   100%  13.7 1044s
 15727  8471    0.00000  527   60  179.81762    0.00000   100%  13.5 1082s
 15815  9101  122.37627  532   61  179.81762    0.00000   100%  13.6 1099s
 16549  8862    0.00000  575   60  179.81762    0.00000   100%  14.2 1142s
 16557  9015  111.62720  575   58  179.81762    0.00000   100%  14.2 1155s
 16715  9743    0.00000  579   60  179.81762    0.00000   100%  14.2 1169s
 17656  9560  119.24507  601   58  179.81762    0.00000   100%  14.3 1180s
 17789 10528  119.24507  610   58  179.81762    0.00000   100%  14.3 1194s
 18880 11042    0.00000  642   60  179.81762    0.00000   100%  14.3 1208s
 19843 11218    0.00000  656   60  179.81762    0.00000   100%  14.4 1219s
 20358 11764    0.00000  665   60  179.81762    0.00000   100%  14.2 1231s
 21196 11640   84.70330  711   58  179.81762    0.00000   100%  14.2 1240s
 21416 12458    0.00000  733   60  179.81762    0.00000   100%  14.2 1256s
 22369 12580    0.00000  827   60  179.81762    0.00000   100%  13.9 1267s
 22816 13113   45.37780  852   58  179.81762    0.00000   100%  13.8 1282s
 23570 12945    0.00000  926   60  179.81762    0.00000   100%  13.6 1310s
 23578 13137   36.29493  926   58  179.81762    0.00000   100%  13.6 1319s
 23770 14076   49.24767  948   58  179.81762    0.00000   100%  13.5 1333s
 24776 15117    0.02812 1004   60  179.81762    0.02812   100%  13.1 1349s
 25709 15117  161.56434 1525   46  179.81762    0.02812   100%  12.7 1350s
 25891 15236    0.02812 1103   60  179.81762    0.02812   100%  12.6 1358s
 26020 15897    0.02812 1118   60  179.81762    0.02812   100%  12.6 1376s
 26748 16253   48.00665 1209   58  179.81762    0.02812   100%  12.5 1390s
 27142 17320    0.02812 1275   60  179.81762    0.02812   100%  12.4 1407s
 28286 17985   81.80888 1380   58  179.81762    0.02812   100%  12.2 1422s
 28966 20195    0.02812 1445   60  179.81762    0.02812   100%  12.0 1444s
 31254 22966    0.02812 1504   60  179.81762    0.02812   100%  11.5 1759s
 34182 23428    0.02812 1597   60  179.81762    0.02812   100%  11.4 1773s
 34689 23435  100.74729 1602   58  179.81762    0.02812   100%  11.3 1807s
 34697 23587    0.02812 1603   60  179.81762    0.02812   100%  11.3 1818s
 34861 24325  115.49190 1613   58  179.81762    0.02812   100%  11.4 1831s
 35675 24561    0.02812 1638   60  179.81762    0.02812   100%  11.6 1844s
 35958 25565    0.02812 1648   60  179.81762    0.02812   100%  11.8 1858s
 37124 26249    0.02812 1685   60  179.81762    0.02812   100%  12.2 1873s
 37902 26635    0.10634 1743   66  179.81762    0.10634   100%  12.5 1886s
 38446 26787    0.32486 1770   60  179.81762    0.32486   100%  12.7 1896s
 38621 28690   97.53889 1780   58  179.81762    0.32486   100%  12.8 1921s
 40681 29906    4.51349 1834   60  179.81762    3.43655  98.1%  12.5 1934s
 41952 30099  167.99398 1860   56  179.81762    3.43655  98.1%  12.6 1944s
 42236 32284   86.21322 1871   58  179.81762    3.43655  98.1%  12.6 1963s
 44549 33020   86.21322 1923   58  179.81762    3.43655  98.1%  12.4 1977s
 45423 33167   86.21322 1942   58  179.81762    3.43655  98.1%  12.5 1984s
 45584 33511  143.20592 1948   56  179.81762    3.43655  98.1%  12.6 1992s
 46006 34428   86.21322 1969   58  179.81762    3.43655  98.1%  13.1 2187s
 47134 34917   86.21322 2027   58  179.81762    3.43655  98.1%  14.4 2206s
 47657 37430  123.12572 2057   56  179.81762    3.43655  98.1%  14.6 2244s
 48681 37430  137.68680 2822   42  179.81762    3.43655  98.1%  14.7 2245s
 50504 38175  151.54845 2189   56  179.81762    3.43655  98.1%  14.9 2259s
 51404 39443  153.34699 2229   56  179.81762    3.43655  98.1%  15.2 2279s
 52817 39994   86.21322 2285   58  179.81762    3.43655  98.1%  15.3 2292s
 53532 40989  137.32315 2329   56  179.81762    3.43655  98.1%  15.6 2308s
 54752 41945   86.21322 2363   58  179.81762    3.43655  98.1%  15.8 2323s
 55937 43550  134.86695 2369   57  179.81762    3.43655  98.1%  16.0 2345s
 57931 44060   86.21322 2416   58  179.81762    3.43655  98.1%  15.8 2357s
 58584 46485   86.21322 2449   58  179.81762    3.43655  98.1%  16.0 2377s
 61441 50261   99.33552 2497   56  179.81762    3.43655  98.1%  15.7 2575s
 65577 50314   86.21322 2643   58  179.81762    3.43655  98.1%  15.7 2581s
 65768 50788  136.49655 2653   56  179.81762    3.43655  98.1%  16.0 2591s
 66235 51299   86.21322 2673   58  179.81762    3.43655  98.1%  16.2 2599s
 66793 51545  149.80779 2693   56  179.81762    3.43655  98.1%  16.3 2605s
 67111 51738   86.21322 2716   58  179.81762    3.43655  98.1%  16.5 2615s
 67344 51794   86.21322 2732   58  179.81762    3.43655  98.1%  16.7 2627s
 67451 52453     cutoff 2744       179.81762    3.43655  98.1%  16.9 2638s
 68385 52501     cutoff 2805       179.81762    3.43655  98.1%  16.9 2649s
 68489 53510   86.21322 2817   58  179.81762    3.43655  98.1%  17.1 2662s
 69666 55533   86.21322 2863   58  179.81762    3.43655  98.1%  17.1 2678s
 71821 55696   86.21322 2901   58  179.81762    3.43655  98.1%  16.8 2689s
 72079 57606  126.28143 2908   54  179.81762    3.43655  98.1%  16.9 2704s
 74173 57971   91.91593 2941   56  179.81762    3.43655  98.1%  16.7 2714s
 74529 57971  128.56887 1142   54  179.81762    3.43655  98.1%  16.7 2715s
 74675 58983   91.91593 2961   56  179.81762    3.43655  98.1%  16.7 2728s
 75725 60102  155.52207 2973   54  179.81762    3.43655  98.1%  16.7 2744s
 76131 60102  128.56887 1161   54  179.81762    3.43655  98.1%  16.6 2745s
 76940 64933  155.52207 2993   54  179.81762    3.43655  98.1%  16.6 2951s
 82321 66196   91.91593 3095   56  179.81762    3.43655  98.1%  16.0 2966s
 83702 66828   91.91593 3131   56  179.81762    3.43655  98.1%  15.8 2975s
 84356 67696   92.04527 3154   57  179.81762    3.43655  98.1%  15.8 2985s
 85325 68184  112.77890 3171   54  179.81762    3.43655  98.1%  15.7 2994s
 85955 68568   93.38302 3187   56  179.81762    3.43655  98.1%  15.7 3001s
 86455 69387     cutoff 3192       179.81762    3.43655  98.1%  15.7 3083s
H86555 69387                     179.8166729    3.43655  98.1%  15.8 3083s
 87447 69594  112.80002 3214   56  179.81667    3.43655  98.1%  15.7 3089s
 87678 69820  118.61010 3230   52  179.81667    3.43655  98.1%  15.6 3094s
 87907 71480  118.81044 3248   52  179.81667    3.43655  98.1%  15.6 3110s
 89604 73081  112.81839 3300   59  179.81667    3.43655  98.1%  15.4 3126s
 91309 75722  112.83402 3313   55  179.81667    3.43655  98.1%  15.2 3147s
 94120 80685  112.83664 3335   54  179.81667    3.43655  98.1%  15.0 3345s
 99780 80774  112.83664 3381   54  179.81667    3.43655  98.1%  14.9 3352s
 99895 80808  112.83664 3385   54  179.81667    3.43655  98.1%  15.0 3365s
 99946 83692  112.83664 3388   54  179.81667    3.43655  98.1%  15.0 3379s
 102890 85740  112.83664 3393   54  179.81667    3.43655  98.1%  14.7 3391s
 104976 86948  112.83664 3398   54  179.81667    3.43655  98.1%  14.5 3399s
 106205 87922  112.83664 3402   54  179.81667    3.43655  98.1%  14.4 3407s
 107205 88671  128.57430 3425   52  179.81667    3.43655  98.1%  14.3 3415s
 108033 89463  112.86304 3445   56  179.81667    3.43655  98.1%  14.3 3422s
 108857 95262  112.86671 3453   56  179.81667    3.43655  98.1%  14.2 3631s
 115234 95416  141.52617 3537   48  179.81667    3.43655  98.1%  13.7 3637s
 115409 97090  141.52617 3547   48  179.81667    3.43655  98.1%  13.7 3649s
 117123 97090  158.46511 2140   42  179.81667    3.43655  98.1%  13.6 3650s
 117204 97773  168.20127 3562   46  179.81667    3.43655  98.1%  13.6 3659s
 117980 98098  155.01307 3580   46  179.81667    3.43655  98.1%  13.6 3665s
 118366 98451  141.52617 3609   48  179.81667    3.43655  98.1%  13.6 3671s
 118791 98945  141.52617 3647   48  179.81667    3.43655  98.1%  13.7 3678s
 119421 99030  141.52617 3676   48  179.81667    3.43655  98.1%  13.7 3681s
 119543 100513  167.41897 3682   47  179.81667    3.43655  98.1%  13.7 3692s
 121179 102296  149.19330 3706   46  179.81667    3.43655  98.1%  13.7 3704s
 123046 103535  163.47147 3740   46  179.81667    3.43655  98.1%  13.7 3715s
 124374 107757  141.52617 3757   48  179.81667    3.43655  98.1%  13.7 3913s
 128923 109878  141.52617 3816   48  179.81667    3.43655  98.1%  13.6 3929s
 131115 112178  149.19330 3851   46  179.81667    3.43655  98.1%  13.4 3943s
 133512 114610  149.19330 3882   46  179.81667    3.43655  98.1%  13.2 3957s
 135966 115689  149.19330 3919   46  179.81667    3.43655  98.1%  13.0 3965s
 137061 117418  149.19330 3927   46  179.81667    3.43655  98.1%  13.0 3976s
 138840 122549  149.19330 3945   46  179.81667    3.43655  98.1%  12.9 4170s
 144475 124392     cutoff 4067       179.81667    3.43655  98.1%  12.7 4184s
 146296 125977  158.03684 4084   44  179.81667    3.43655  98.1%  12.6 4195s
 147963 126504  165.67930 4092   42  179.81667    3.43655  98.1%  12.6 4201s
 148618 127288     cutoff 4112       179.81667    3.43655  98.1%  12.6 4209s
 149493 127759  129.67983 1458   48  179.81667    3.43655  98.1%  12.6 4214s
 149996 128920  147.37493 1461   48  179.81667    3.43655  98.1%  12.5 4222s
 151231 129757  151.36930 1462   46  179.81667    3.43655  98.1%  12.5 4231s
 152219 130439  164.32930 1464   44  179.81667    3.43655  98.1%  12.5 4238s
 153045 131090  159.79070 1465   44  179.81667    3.43655  98.1%  12.5 4244s
 153739 136816  163.30160 1473   42  179.81667    3.43655  98.1%  12.4 4434s
 159714 136965   84.53725 2395   50  179.81667    3.43655  98.1%  12.2 4440s
 159869 138737   84.53725 2404   50  179.81667    3.43655  98.1%  12.2 4449s
 161675 140207   90.75109 2682   48  179.81667    3.43655  98.1%  12.1 4457s
 163172 142213   97.52190 3036   46  179.81667    3.43655  98.1%  12.1 4467s
 165236 143433  105.99870 3352   44  179.81667    3.43655  98.1%  12.0 4475s
 166515 144305  105.99870 3445   44  179.81667    3.43655  98.1%  11.9 4482s
 167440 145547  118.95870 3638   42  179.81667    3.43655  98.1%  11.9 4490s
 168729 149949  119.03715 3947   42  179.81667    3.43655  98.1%  11.9 4686s
 173440 150038  170.34694 4822   31  179.81667    3.43655  98.1%  11.7 4691s
 173548 151861   60.24920 1815   54  179.81667    3.43655  98.1%  11.7 4702s
 175410 153372   80.60243 2344   48  179.81667    3.43655  98.1%  11.7 4713s
 176956 153846  101.86583 2964   40  179.81667    3.43655  98.1%  11.6 4717s
 177453 155843  117.56017 3022   36  179.81667    3.43655  98.1%  11.6 4730s
 179506 157474  138.58443 3678   30  179.81667    3.43655  98.1%  11.6 4743s
 181154 158434  170.37567 4199   20  179.81667    3.43655  98.1%  11.5 4750s
 182164 159532  155.33433 1524   52  179.81667    3.43655  98.1%  11.6 4758s
 183309 163799     cutoff 1606       179.81667    3.43655  98.1%  11.6 4948s
 187922 165266   91.88855 2694   48  179.81667    3.43655  98.1%  11.4 4960s
 189479 165864  104.89175 3112   46  179.81667    3.43655  98.1%  11.4 4966s
 190122 166803  112.45053 3356   42  179.81667    3.43655  98.1%  11.4 4977s
 191153 167550  133.89360 3819   38  179.81667    3.43655  98.1%  11.4 4988s
 191976 167952  149.84648 4265   34  179.81667    3.43655  98.1%  11.4 4996s
 192476 168412  109.90332 2075   54  179.81667    3.43655  98.1%  11.4 5002s
 192997 169033  117.95867 2404   54  179.81667    3.43655  98.1%  11.4 5011s
 193697 169497  126.50845 2780   50  179.81667    3.43655  98.1%  11.4 5019s
 194283 169728  143.07357 2990   44  179.81667    3.43655  98.1%  11.5 5026s
 194727 169866  143.07357 3085   44  179.81667    3.43655  98.1%  11.6 5030s
 194957 170567  143.07357 3137   44  179.81667    3.43655  98.1%  11.6 5040s
 195785 171405  143.11253 3246   45  179.81667    3.43655  98.1%  11.7 5051s
 196863 171923  159.93583 2082   44  179.81667    3.43655  98.1%  11.7 5061s
 197759 173876  128.81613 2146   52  179.81667    3.43655  98.1%  11.7 5248s
 200378 174501  166.82537 3147   42  179.81667    3.43655  98.1%  11.6 5258s
 201216 175621  155.56113 1930   37  179.81667    3.43655  98.1%  11.7 5270s
 202530 176599   54.54649 1894   56  179.81667    3.43655  98.1%  11.7 5281s
 203532 178745  168.05217 1977   46  179.81667    3.43655  98.1%  11.7 5301s
 205750 180658   58.91850 1950   54  179.81667    3.43655  98.1%  11.8 5317s
 207870 181926   84.53725 2738   50  179.81667    3.43655  98.1%  11.7 5330s
 209343 182267  106.53040 3374   44  179.81667    3.43655  98.1%  11.7 5337s
 209795 185312  106.54135 3452   44  179.81667    3.43655  98.1%  11.7 5355s
 212930 189472  122.53833 4072   38  179.81667    3.43655  98.1%  11.6 5548s
 217258 190971  117.98889 2549   55  179.81667    3.43655  98.1%  11.5 5560s
 218794 191994  152.33873 2827   44  179.81667    3.43655  98.1%  11.5 5569s
 219874 192082  170.42954 3073   40  179.81667    3.43655  98.1%  11.5 5574s
 219992 192178  170.42954 3074   41  179.81667    3.43655  98.1%  11.5 5579s
 220119 192603  120.73107 2067   54  179.81667    3.43655  98.1%  11.5 5586s
 220675 192925  166.36128 2253   42  179.81667    3.43655  98.1%  11.6 5592s
 221126 192981  122.49723 1538   50  179.81667    3.43655  98.1%  11.6 5595s
 221249 193336  130.33067 1540   48  179.81667    3.43655  98.1%  11.6 5601s
 221736 193906 infeasible 1547       179.81667    3.43655  98.1%  11.7 5609s
 222570 194628  150.95743 1549   42  179.81667    3.43655  98.1%  11.7 5617s
 223513 194779  169.53647 1559   38  179.81667    3.43655  98.1%  11.7 5621s
 223693 197038  171.52523 1566   38  179.81667    3.43655  98.1%  11.7 5636s
 226065 199171  171.63620 1601   38  179.81667    3.43655  98.1%  11.6 5650s
 228265 203541  106.39844 2022   54  179.81667    3.43655  98.1%  11.5 5832s
 232734 203632  164.25120 3023   42  179.81667    3.43655  98.1%  11.4 5835s
 232825 204268  164.25120 3034   42  179.81667    3.43655  98.1%  11.4 5842s
 233542 204858  104.53697 1861   56  179.81667    3.43655  98.1%  11.5 5849s
 234189 205575  110.77518 2054   52  179.81667    3.43655  98.1%  11.5 5859s
 234944 206118  136.03035 2538   48  179.81667    3.43655  98.1%  11.5 5867s
 235526 206507 infeasible 2880       179.81667    3.43655  98.1%  11.5 5875s
 235998 206809   67.00357 1875   52  179.81667    3.43655  98.1%  11.6 5880s
 236328 207626   67.87425 2066   52  179.81667    3.43655  98.1%  11.6 5892s
 237267 208447   89.04703 2624   48  179.81667    3.43655  98.1%  11.6 5903s
 238222 208916  136.20301 3218   46  179.81667    3.43655  98.1%  11.6 5912s
 238887 209432  106.39395 1571   55  179.81667    3.43655  98.1%  11.7 5920s
 239548 210710  114.43837 1893   52  179.81667    3.43655  98.1%  11.7 5935s
 241002 211594  151.49347 2822   40  179.81667    3.43655  98.1%  11.7 5947s
 241981 211782  124.85065 2128   52  179.81667    3.43655  98.1%  11.7 5952s
 242172 212867  145.57073 2132   50  179.81667    3.43655  98.1%  11.7 5963s
 243343 214815  145.80243 2626   46  179.81667    3.43655  98.1%  11.8 6141s
 245730 215854   57.79373 1684   50  179.81667    3.43655  98.1%  11.9 6154s
 246877 216360   53.17127 1740   54  179.81667    3.43655  98.1%  11.9 6161s
 247434 218647   53.17127 1915   52  179.81667    3.43655  98.1%  11.9 6178s
 249881 220061   71.96300 2898   46  179.81667    3.43655  98.1%  11.8 6192s
 251474 221044  101.19980 3480   43  179.81667    3.43655  98.1%  11.8 6205s
H252625 221796                     179.8163542    3.43655  98.1%  11.8 6216s
 253444 222192  134.23033 4237   34  179.81635    3.43655  98.1%  11.9 6224s
 253915 223851  106.35330 1546   54  179.81635    3.43655  98.1%  11.9 6238s
 255706 225162  132.48867 2227   46  179.81635    3.43655  98.1%  11.9 6252s
 257157 226083 infeasible 2841       179.81635    3.43655  98.1%  12.0 6262s
 258216 227316  127.65973 2040   52  179.81635    3.43655  98.1%  12.0 6430s
 259559 229148  139.24813 2288   48  179.81635    3.43655  98.1%  12.0 6452s
 261604 230967   60.24920 1821   54  179.81635    3.43655  98.1%  12.0 6469s
 263622 232565   85.90074 2770   50  179.81635    3.43655  98.1%  12.0 6485s
 265403 232909     cutoff 3285       179.81635    3.43655  98.1%  12.0 6495s
 265943 233468  162.17087 3281   42  179.81635    3.43655  98.1%  12.1 6506s
 266834 233530  109.88094 2075   55  179.81635    3.43655  98.1%  12.2 6512s
 267015 234681  109.90332 2082   54  179.81635    3.43655  98.1%  12.2 6527s
 268411 235308  152.77170 2996   44  179.81635    3.43655  98.1%  12.2 6538s
 269223 235726   67.71950 1706   58  179.81635    3.43655  98.1%  12.2 6548s
 269726 235889   67.74122 1730   55  179.81635    3.43655  98.1%  12.3 6557s
 269928 236519   93.58619 1736   52  179.81635    3.43655  98.1%  12.3 6568s
 270646 237252   67.74459 1761   54  179.81635    3.43655  98.1%  12.3 6579s
 271425 237515   67.74459 1783   54  179.81635    3.43655  98.1%  12.4 6586s
 271729 238232     cutoff 1789       179.81635    3.43655  98.1%  12.4 6598s
 272470 238819   67.74459 1803   54  179.81635    3.43655  98.1%  12.5 6610s
 273140 239090   67.74459 1821   54  179.81635    3.43655  98.1%  12.6 6774s
 273644 240295 infeasible 1841       179.81635    3.43655  98.1%  12.7 6807s
 275320 240745   67.74459 1941   54  179.81635    3.43655  98.1%  12.9 6826s
 275887 242662  133.15992 1959   52  179.81635    3.43655  98.1%  13.1 6861s
 278094 244060 infeasible 2020       179.81635    3.43655  98.1%  13.3 6886s
 279798 245597   67.91697 2102   55  179.81635    3.43655  98.1%  13.3 6910s
 281590 247447   75.78477 2178   52  179.81635    3.43655  98.1%  13.4 6933s
 283546 247900   75.78477 2242   52  179.81635    3.43655  98.1%  13.5 6945s
 284090 249296   81.78957 2268   50  179.81635    3.43655  98.1%  13.5 6966s
 285660 251004   75.78477 2353   52  179.81635    3.43655  98.1%  13.5 6986s
 287646 252184   81.59103 2429   50  179.81635    3.43655  98.1%  13.5 7160s
 288925 252192   81.59103 2493   50  179.81635    3.43655  98.1%  13.5 7183s
 288933 252396  118.50353 2493   48  179.81635    3.43655  98.1%  13.5 7191s
 289203 252884   81.59103 2509   50  179.81635    3.43655  98.1%  13.6 7200s

Cutting planes:
  Gomory: 97
  Implied bound: 134
  Projected implied bound: 198
  MIR: 10
  Flow cover: 64
  Relax-and-lift: 2034

Explored 289724 nodes (3971390 simplex iterations) in 7200.77 seconds (6809.63 work units)
Thread count was 16 (of 16 available processors)

Solution count 10: 179.816 179.818 179.818 ... 197.413

Time limit reached
Best objective 1.798163542062e+02, best bound 3.436552760650e+00, gap 98.0889%

User-callback calls 1022271, time in user-callback 5.40 sec
