
Gurobi 9.1.2 (win64) logging started Sun Sep 21 00:41:39 2025

Changed value of parameter LogFile to log_group_6/bound_Expr59_s10_l1051_s11_e12_o80_d160_t7200_s59_0_0_0_0.log
   Prev:   Default: 
Gurobi Optimizer version 9.1.2 build v9.1.2rc0 (win64)
Thread count: 8 physical cores, 16 logical processors, using up to 16 threads
Optimize a model with 2801810 rows, 2800740 columns and 22388800 nonzeros
Model fingerprint: 0x96dba416
Variable types: 740 continuous, 2800000 integer (2800000 binary)
Coefficient statistics:
  Matrix range     [4e-01, 9e+02]
  Objective range  [1e+00, 1e+00]
  Bounds range     [1e+00, 1e+03]
  RHS range        [1e+00, 9e+02]
Presolve removed 80 rows and 2757160 columns (presolve time = 6s) ...
Presolve removed 2757730 rows and 2757160 columns (presolve time = 11s) ...
Presolve removed 2757240 rows and 2756670 columns
Presolve time: 10.97s
Presolved: 44570 rows, 44070 columns, 260460 nonzeros
Variable types: 580 continuous, 43490 integer (43490 binary)
Found heuristic solution: objective 17283.808733
Found heuristic solution: objective 2102.0116667

Deterministic concurrent LP optimizer: primal and dual simplex
Showing first log only...


Root simplex log...

Iteration    Objective       Primal Inf.    Dual Inf.      Time
       0   -5.5105000e+04   1.465640e+04   4.624167e+08     13s
    7077    0.0000000e+00   0.000000e+00   0.000000e+00     14s
Concurrent spin time: 0.09s

Solved with primal simplex

Root relaxation: objective 0.000000e+00, 7077 iterations, 0.81 seconds
Total elapsed time = 16.59s

    Nodes    |    Current Node    |     Objective Bounds      |     Work
 Expl Unexpl |  Obj  Depth IntInf | Incumbent    BestBd   Gap | It/Node Time

     0     0    0.00000    0  254 2102.01167    0.00000   100%     -   18s
H    0     0                    1820.3127333    0.00000   100%     -   22s
H    0     0                    1813.5504667    0.00000   100%     -   24s
     0     0    0.00000    0  288 1813.55047    0.00000   100%     -   29s
H    0     0                     908.7736667    0.00000   100%     -   40s
H    0     0                     784.9627333    0.00000   100%     -   41s
     0     0    0.00000    0  292  784.96273    0.00000   100%     -   41s
H    0     0                     711.9275281    0.00000   100%     -   63s
H    0     0                     646.7450313    0.00000   100%     -   63s
H    0     0                     627.7507999    0.00000   100%     -   63s
H    0     0                     617.6685000    0.00000   100%     -   63s
H    0     0                     610.8327087    0.00000   100%     -   63s
     0     0    0.00000    0  248  610.83271    0.00000   100%     -   67s
H    0     0                     574.3679000    0.00000   100%     -   76s
     0     0    0.00000    0  244  574.36790    0.00000   100%     -   82s
H    0     0                     570.2100997    0.00000   100%     -  101s
H    0     0                     569.5027226    0.00000   100%     -  101s
     0     0    0.00000    0  243  569.50272    0.00000   100%     -  103s
H    0     0                     562.2763657    0.00000   100%     -  110s
     0     0    0.00000    0  319  562.27637    0.00000   100%     -  113s
H    0     0                     555.7602667    0.00000   100%     -  135s
H    0     0                     554.7194637    0.00000   100%     -  135s
     0     0    0.00000    0  238  554.71946    0.00000   100%     -  140s
     0     0    0.00000    0  238  554.71946    0.00000   100%     -  145s
H    0     0                     547.0060772    0.00000   100%     -  155s
     0     2    0.00000    0  238  547.00608    0.00000   100%     -  169s
     1     4    0.00000    1  230  547.00608    0.00000   100%  7403  170s
    15    22    0.00000    4  296  547.00608    0.00000   100%   985  220s
H   31    38                     546.2230006    0.00000   100%  3674  250s
H   33    38                     542.8653660    0.00000   100%  3454  250s
H   34    38                     542.7024095    0.00000   100%  3353  250s
H   35    38                     542.0804657    0.00000   100%  3258  250s
   105   112    0.00000   12  282  542.08047    0.00000   100%  1116  259s
H  106   112                     542.0786667    0.00000   100%  1106  259s
H  110   112                     541.7906667    0.00000   100%  1066  259s
H  112   112                     541.7903998    0.00000   100%  1047  259s
   133   159    0.00000   16  286  541.79040    0.00000   100%   887  260s
   168   203    0.00000   21  283  541.79040    0.00000   100%   712  265s
   700   856    0.00000   95  287  541.79040    0.00000   100%   175  271s
   857  1047    0.00000  115  289  541.79040    0.00000   100%   143  279s
H  882  1047                     541.7903004    0.00000   100%   139  279s
  1048  1588    0.00000  141  289  541.79030    0.00000   100%   118  282s
  1589  2127    0.00000  211  283  541.79030    0.00000   100%  78.9  285s
  3075  4087    0.00000  450  284  541.79030    0.00000   100%  42.3  292s
  4088  5047    0.00000  583  286  541.79030    0.00000   100%  32.5  295s
  6041  6983    0.00000  847  279  541.79030    0.00000   100%  22.9  302s
  6995  7953    0.00000  961  281  541.79030    0.00000   100%  20.2  305s
  7968  7954  454.48180  650  238  541.79030    0.00000   100%  18.1  443s
  7970  7955   58.39677  737  245  541.79030    0.00000   100%  18.1  492s
H 7970  7557                     541.7886956    0.00000   100%  18.1  518s
  7971  7558  454.48180   29  233  541.78870    0.00000   100%  18.1  587s
H 7971  7180                     541.7883851    0.00000   100%  18.1  587s
  7972  7181    0.00000  666  237  541.78839    0.00000   100%  18.1  593s
  7973  7181  302.26363  945  244  541.78839    0.00000   100%  18.1  637s
  7974  7182  348.84957   73  217  541.78839    0.00000   100%  18.1  643s
  7975  7183   74.94963  818  239  541.78839    0.00000   100%  18.1  695s
  7976  7183   58.39677  545  239  541.78839    0.00000   100%  18.1  707s
  7977  7184  162.63150  194  240  541.78839    0.00000   100%  18.1  776s
  7978  7185  162.63150 1037  233  541.78839    1.69335   100%  18.1  786s
  7979  7185  454.48180  139  242  541.78839    4.11227  99.2%  18.1  843s
  7980  7186  162.63150 1182  238  541.78839    4.11227  99.2%  18.1  869s
H 7980  6826                     540.3973666    4.11227  99.2%  18.1  900s
  7981  6827  348.84957  268  238  540.39737    4.11227  99.2%  18.1  933s
H 7981  6488                     540.3934623    4.11227  99.2%  29.6  988s
  7982  6489    4.11227   13  227  540.39346    4.11227  99.2%  30.7 1006s
  7984  6491    4.11227   14  228  540.39346    4.11227  99.2%  30.8 1021s
  7988  6495    4.11227   15  231  540.39346    4.11227  99.2%  31.5 1028s
  7994  6501    4.11227   16  232  540.39346    4.11227  99.2%  31.5  907s
  8002  6505    4.11227   17  223  540.39346    4.11227  99.2%  32.0  959s
  8010  6508  123.88743   17  227  540.39346    4.11227  99.2%  32.6 1060s
H 8013  6182                     540.3919768    4.11227  99.2%  32.6 1060s
  8026  6196   55.16797   18  232  540.39198    4.11227  99.2%  32.7 1067s
  8040  6201    4.11227   19  224  540.39198    4.11227  99.2%  32.8 1077s
  8054  6210    4.11227   20  220  540.39198    4.11227  99.2%  33.5 1084s
  8069  6222    4.11227   21  226  540.39198    4.11227  99.2%  33.5 1089s
  8086  6236    4.11227   22  241  540.39198    4.11227  99.2%  33.6 1093s
  8105  6238    6.56563   22  225  540.39198    4.11227  99.2%  33.6 1103s
  8114  6259    4.11227   23  241  540.39198    4.11227  99.2%  33.5 1161s
  8140  6278    6.01927   24  238  540.39198    4.11227  99.2%  34.6 1220s
  8168  6297    4.95197   26  238  540.39198    4.11227  99.2%  35.9 1273s
  8198  6315    4.11227   28  245  540.39198    4.11227  99.2%  36.4 1331s
  8229  6358    4.11227   29  244  540.39198    4.11227  99.2%  37.5 1339s
  8282  6396   34.88190   32  243  540.39198    4.11227  99.2%  37.3 1347s
  8338  6432    4.11227   35  245  540.39198    4.11227  99.2%  37.2 1354s
  8404  6451    5.47250   39  247  540.39198    4.11227  99.2%  37.1 1363s
  8458  6499    4.11227   43  248  540.39198    4.11227  99.2%  37.0 1371s
  8538  6507    4.11227   47  248  540.39198    4.11227  99.2%  37.1 1402s
  8574  6568   83.19100   49  252  540.39198    4.11227  99.2%  37.2 1410s
  8671  6561    4.11227   53  246  540.39198    4.11227  99.2%  37.1 1419s
  8721  6587    4.11227   54  246  540.39198    4.11227  99.2%  37.1 1429s
  8801  6599    4.11227   56  246  540.39198    4.11227  99.2%  37.0 1447s
  8841  6636    4.11227   57  246  540.39198    4.11227  99.2%  37.0 1485s
  8935  6628    4.11227   60  246  540.39198    4.11227  99.2%  36.9 1514s
  8962  6669    4.11227   62  244  540.39198    4.11227  99.2%  37.1 1559s
  9014  6765    4.11227   65  246  540.39198    4.11227  99.2%  37.6 1574s
  9155  6761    4.11227   68  242  540.39198    4.11227  99.2%  37.6 1605s
  9201  6883    4.11227   70  241  540.39198    4.11227  99.2%  38.0 1619s
  9374  6960    4.11227   73  242  540.39198    4.11227  99.2%  37.9 1634s
  9558  6970    4.11227   76  239  540.39198    4.11227  99.2%  37.7 1658s
  9631  7150    4.11227   79  251  540.39198    4.11227  99.2%  37.7 1674s
  9872  7194    4.11227   85  254  540.39198    4.11227  99.2%  37.3 1688s
 10047  7234    4.11227   88  249  540.39198    4.11227  99.2%  37.0 1703s
 10167  7311    4.11227   92  245  540.39198    4.11227  99.2%  37.1 1716s
 10305  7392   81.79537   94  249  540.39198    4.11227  99.2%  37.0 1745s
 10441  7508    4.11227   97  245  540.39198    4.11227  99.2%  37.0 1763s
 10649  7642    4.11227  100  260  540.39198    4.11227  99.2%  36.8 1781s
 10929  7624    4.11227  109  260  540.39198    4.11227  99.2%  36.5 1795s
 11006  7829    4.11227  113  257  540.39198    4.11227  99.2%  36.4 1814s
 11321  7958    4.11227  119  255  540.39198    4.11227  99.2%  36.1 1834s
 11615  7947    4.11227  126  253  540.39198    4.11227  99.2%  35.8 1861s
 11712  7921    4.11227  130  253  540.39198    4.11227  99.2%  36.9 1896s
 11720  8006  182.52987  130  258  540.39198    4.11227  99.2%  36.9 1941s
 11815  8332    4.11227  135  250  540.39198    4.11227  99.2%  38.2 1962s
 12239  8501  150.71627  142  255  540.39198    4.11227  99.2%  37.7 1984s
 12603  8756    4.11227  148  257  540.39198    4.11227  99.2%  37.3 2006s
 13063  8692    4.11227  158  257  540.39198    4.11227  99.2%  36.7 2041s
H13162  8808                     540.3850239    4.11227  99.2%  36.9 2064s
 13681  9038    4.11227  178  262  540.38502    4.11227  99.2%  36.4 2088s
 14158  9152    4.11227  192  256  540.38502    4.11227  99.2%  36.0 2111s
 14451  9245    4.11227  197  262  540.38502    4.11227  99.2%  35.8 2144s
 14645  9477  170.71020  204  263  540.38502    4.11227  99.2%  35.9 2168s
 14973  9841    4.11227  210  257  540.38502    4.11227  99.2%  35.6 2196s
 15501  9672    4.11227  225  260  540.38502    4.11227  99.2%  35.4 2525s
 15509 11066  220.44753  225  262  540.38502    4.11227  99.2%  35.4 2977s
 17021 11856    4.11227  320  265  540.38502    4.11227  99.2%  40.2 3066s
 18527 12241    4.11227  394  253  540.38502    4.11227  99.2%  40.3 3121s
 19478 12848    4.11227  438  265  540.38502    4.11227  99.2%  40.4 3203s
 20516 13947    4.11227  473  265  540.38502    4.11227  99.2%  40.1 3250s
 22110 14628    4.11227  532  267  540.38502    4.11227  99.2%  39.5 3299s
 23416 15178    4.11227  569  265  540.38502    4.11227  99.2%  38.7 3343s
 24529 15746   94.92710  605  263  540.38502    4.11227  99.2%  38.6 3388s
 25560 15416    4.11227  642  269  540.38502    4.11227  99.2%  38.1 3451s
 25568 15920   41.75457  642  265  540.38502    4.11227  99.2%  38.1 3493s
 26114 16771  136.86997  665  260  540.38502    4.11227  99.2%  38.2 3542s
 27011 17765    4.11227  716  265  540.38502    4.11227  99.2%  38.2 3584s
 28068 19498    4.11227  751  268  540.38502    4.11227  99.2%  37.9 3633s
 29841 20722  259.69547  829  266  540.38502    4.11227  99.2%  37.1 3679s
 31108 22517    4.11227  880  269  540.38502    4.11227  99.2%  36.7 4562s
 33203 23838  165.24383 1038  267  540.38502    4.11227  99.2%  37.4 4592s
 34562 24945    4.11227 1078  278  540.38502    4.11227  99.2%  36.7 4615s
 35709 25515    4.11227 1119  266  540.38502    4.11227  99.2%  36.4 4638s
 36288 26986    4.11227 1140  261  540.38502    4.11227  99.2%  36.2 4661s
 37786 28031    4.11227 1191  277  540.38502    4.11227  99.2%  35.4 4682s
 38863 28908    4.11227 1211  273  540.38502    4.11227  99.2%  34.8 4703s
 39748 29710    4.11227 1220  274  540.38502    4.11227  99.2%  34.2 4723s
 40584 30733    4.11227 1243  270  540.38502    4.11227  99.2%  33.8 4739s
 41651 30993    4.11227 1273  267  540.38502    4.11227  99.2%  33.3 4755s
 41933 31245    4.11227 1287  266  540.38502    4.11227  99.2%  33.4 4771s
 42214 31306    4.11227 1308  268  540.38502    4.11227  99.2%  33.5 4815s
 42281 31980   94.92710 1312  257  540.38502    4.11227  99.2%  33.7 4833s
 43010 32448  222.68700 1335  276  540.38502    4.11227  99.2%  33.6 4851s
 43526 32675    4.11227 1350  272  540.38502    4.11227  99.2%  33.5 4865s
 43775 33660    4.11227 1356  276  540.38502    4.11227  99.2%  33.6 4884s
 44793 34784    4.11227 1367  275  540.38502    4.11227  99.2%  33.3 4903s
 45950 36740    4.11227 1381  277  540.38502    4.11227  99.2%  33.1 5200s
 47987 37438    4.11227 1442  274  540.38502    4.11227  99.2%  33.2 5221s
 48703 38856    4.11227 1451  270  540.38502    4.11227  99.2%  32.9 5242s
 50143 40023  249.20507 1465  277  540.38502    4.11227  99.2%  32.3 5259s
 51326 40549    4.11227 1480  274  540.38502    4.11227  99.2%  31.8 5277s
 51864 41161    4.11227 1487  276  540.38502    4.11227  99.2%  31.7 5290s
 52495 42016    4.11227 1496  275  540.38502    4.11227  99.2%  31.5 5308s
 53377 43013    4.11227 1510  273  540.38502    4.11227  99.2%  31.3 5323s
 54399 43815    4.11227 1528  273  540.38502    4.11227  99.2%  31.1 5339s
 55221 44327    4.11227 1538  272  540.38502    4.11227  99.2%  30.9 5352s
 55750 45197    4.11227 1548  272  540.38502    4.11227  99.2%  30.9 5367s
 56641 45205    4.11227 1566  274  540.38502    4.11227  99.2%  30.7 5513s
 56649 45313   53.89753 1566  266  540.38502    4.11227  99.2%  30.7 5523s
 56759 45382   33.65280 1572  266  540.38502    4.11227  99.2%  30.7 5536s
 56830 45437  251.42153 1577  275  540.38502    4.11227  99.2%  30.8 5554s
 56893 45559   36.13790 1580  275  540.38502    4.11227  99.2%  30.9 5565s
 57019 45589  138.29113 1586  275  540.38502    4.11227  99.2%  30.9 5623s
 57075 45704    4.11227 1589  267  540.38502    4.11227  99.2%  31.0 5634s
 57200 46261    4.11227 1595  269  540.38502    4.11227  99.2%  31.0 5651s
 57779 47364    4.11227 1602  265  540.38502    4.11227  99.2%  30.9 5670s
 58904 47872    4.11227 1623  263  540.38502    4.11227  99.2%  30.6 5720s
 59415 48782   28.03333 1625  273  540.38502    4.11227  99.2%  30.5 5736s
 60333 49432    4.11227 1647  264  540.38502    4.11227  99.2%  30.4 5753s
 60997 51143    4.11227 1656  269  540.38502    4.11227  99.2%  30.4 6049s
 62746 51309    4.11227 1745  273  540.38502    4.11227  99.2%  30.9 6082s
 62920 52700   41.73687 1745  275  540.38502    4.11227  99.2%  30.9 6106s
 64362 53532    4.11227 1786  260  540.38502    4.11227  99.2%  31.0 6125s
 65204 54653    4.11227 1805  256  540.38502    4.11227  99.2%  30.9 6145s
 66366 54688    4.11227 1833  255  540.38502    4.11227  99.2%  30.9 6163s
 66413 56358   64.18863 1833  258  540.38502    4.11227  99.2%  31.0 6182s
 68101 56406    4.11227 1855  255  540.38502    4.11227  99.2%  30.7 6201s
 68155 58240    4.11227 1858  251  540.38502    4.11227  99.2%  30.8 6220s
 70004 58659   41.75457 1889  261  540.38502    4.11227  99.2%  30.4 6244s
 70426 59511    4.11227 1898  260  540.38502    4.11227  99.2%  30.4 6256s
 71296 60801    4.11227 1917  266  540.38502    4.11227  99.2%  30.2 6271s
 72603 62104    4.11227 1944  265  540.38502    4.11227  99.2%  29.9 6288s
 73931 62896   34.22010 1962  257  540.38502    4.11227  99.2%  29.6 6298s
 74723 64483    4.11227 1970  262  540.38502    4.11227  99.2%  29.4 6314s
 76331 66053  248.94270 1999  263  540.38502    4.11227  99.2%  29.0 6628s
 77946 66291    4.11227 2081  266  540.38502    4.11227  99.2%  28.9 6644s
 78188 67466    4.11227 2091  267  540.38502    4.11227  99.2%  28.9 6671s
 79387 68511    4.11227 2142  256  540.38502    4.11227  99.2%  28.9 6695s
 80454 69555  248.64220 2199  264  540.38502    4.11227  99.2%  28.8 6717s
 81503 70983    4.11227 2255  266  540.38502    4.11227  99.2%  28.7 6739s
 82974 71901    4.11227 2297  263  540.38502    4.11227  99.2%  28.5 6756s
 83956 72163    4.11227 2324  258  540.38502    4.11227  99.2%  28.3 6776s
 84238 73183  148.58753 2325  264  540.38502    4.11227  99.2%  28.3 6792s
 85272 74108    4.11227 2357  268  540.38502    4.11227  99.2%  28.2 6808s
 86225 75161    4.11227 2393  265  540.38502    4.11227  99.2%  28.1 6826s
 87289 76159    4.11227 2438  266  540.38502    4.11227  99.2%  28.0 6842s
 88291 76340   42.85287 2478  263  540.38502    4.11227  99.2%  27.9 6856s
 88490 77839   96.85330 2483  261  540.38502    4.11227  99.2%  27.9 6872s
 89999 78009   96.85330 2512  266  540.38502    4.11227  99.2%  27.6 6893s
 90181 79704    4.11227 2520  268  540.38502    4.11227  99.2%  27.6 6913s
 91910 81444    4.11227 2556  268  540.38502    4.11227  99.2%  27.3 7200s

Cutting planes:
  Gomory: 51
  Implied bound: 355
  Projected implied bound: 833
  MIR: 75
  Flow cover: 624
  RLT: 2
  Relax-and-lift: 4832

Explored 93725 nodes (2620818 simplex iterations) in 7203.37 seconds
Thread count was 16 (of 16 available processors)

Solution count 10: 540.385 540.392 540.393 ... 542.08

Time limit reached
Best objective 5.403850239021e+02, best bound 4.112266666649e+00, gap 99.2390%

User-callback calls 943895, time in user-callback 6.44 sec
