
Gurobi 10.0.1 (win64) logging started Sun Sep 21 16:30:51 2025

Set parameter LogFile to value "log_group_6/bound_Expr383_s5_l1051_s11_e12_o20_d40_t60_s18_1_1_1_1.log"
Gurobi Optimizer version 10.0.1 build v10.0.1rc0 (win64)

CPU model: Intel(R) Core(TM) i7-10700 CPU @ 2.90GHz, instruction set [SSE2|AVX|AVX2]
Thread count: 8 physical cores, 16 logical processors, using up to 16 threads

Optimize a model with 159218 rows, 155310 columns and 2243590 nonzeros
Model fingerprint: 0xe9b07a5d
Variable types: 310 continuous, 155000 integer (155000 binary)
Coefficient statistics:
  Matrix range     [1e+00, 9e+02]
  Objective range  [1e+00, 1e+00]
  Bounds range     [1e+00, 1e+03]
  RHS range        [1e+00, 9e+02]
Presolve removed 158313 rows and 154701 columns
Presolve time: 1.15s
Presolved: 905 rows, 609 columns, 9235 nonzeros
Variable types: 105 continuous, 504 integer (501 binary)
Found heuristic solution: objective 202.1611000

Root relaxation: objective 1.028944e+02, 204 iterations, 0.00 seconds (0.01 work units)

    Nodes    |    Current Node    |     Objective Bounds      |     Work
 Expl Unexpl |  Obj  Depth IntInf | Incumbent    BestBd   Gap | It/Node Time

     0     0  102.89440    0   11  202.16110  102.89440  49.1%     -    1s
H    0     0                     137.2898000  102.89440  25.1%     -    1s
     0     0  102.89440    0  105  137.28980  102.89440  25.1%     -    1s
H    0     0                     133.2026333  102.89440  22.8%     -    1s
     0     0  102.89440    0   83  133.20263  102.89440  22.8%     -    1s
     0     0  103.84190    0   10  133.20263  103.84190  22.0%     -    1s
H    0     0                     131.6720000  103.84190  21.1%     -    1s
     0     0  103.84190    0   54  131.67200  103.84190  21.1%     -    1s
H    0     0                     120.5633667  105.88223  12.2%     -    1s
     0     0  106.12957    0   11  120.56337  106.12957  12.0%     -    1s
     0     0  106.86120    0   23  120.56337  106.86120  11.4%     -    1s
     0     0  106.86120    0   17  120.56337  106.86120  11.4%     -    1s
H    0     0                     119.7415333  107.30027  10.4%     -    1s
     0     0  107.38573    0   34  119.74153  107.38573  10.3%     -    1s
     0     0  107.38573    0   33  119.74153  107.38573  10.3%     -    1s
     0     0  107.80870    0   11  119.74153  107.80870  10.0%     -    1s
H    0     0                     118.8719000  107.80870  9.31%     -    1s
     0     0  108.07268    0   16  118.87190  108.07268  9.08%     -    1s
     0     0  108.37595    0   13  118.87190  108.37595  8.83%     -    1s
     0     0  108.98638    0   14  118.87190  108.98638  8.32%     -    1s
     0     0  112.95522    0   16  118.87190  112.95522  4.98%     -    1s
     0     0  113.75937    0   14  118.87190  113.75937  4.30%     -    1s
H    0     0                     118.8713000  113.75937  4.30%     -    1s
     0     0  113.75937    0   14  118.87130  113.75937  4.30%     -    1s
H    0     0                     118.8002333  113.75937  4.24%     -    1s
     0     0  115.58163    0   12  118.80023  115.58163  2.71%     -    1s
     0     0  115.58163    0   11  118.80023  115.58163  2.71%     -    1s
H    0     0                     117.9784000  115.58163  2.03%     -    1s
     0     0  117.45387    0    4  117.97840  117.45387  0.44%     -    1s
     0     0  117.45387    0    4  117.97840  117.45387  0.44%     -    1s
H    0     0                     117.4538667  117.45387  0.00%     -    1s
     0     0  117.45387    0    4  117.45387  117.45387  0.00%     -    1s

Cutting planes:
  Gomory: 1
  Implied bound: 6
  MIR: 3
  Zero half: 4
  RLT: 2
  Relax-and-lift: 8

Explored 1 nodes (3916 simplex iterations) in 1.79 seconds (4.70 work units)
Thread count was 16 (of 16 available processors)

Solution count 10: 117.454 117.978 118.8 ... 137.29

Optimal solution found (tolerance 1.00e-04)
Best objective 1.174538666666e+02, best bound 1.174538666666e+02, gap 0.0000%

User-callback calls 1714, time in user-callback 0.00 sec
