
Gurobi 10.0.1 (win64) logging started Sun Sep 21 02:47:45 2025

Set parameter LogFile to value "log_group_6/bound_Expr143_s3_l1051_s11_e12_o10_d20_t7200_s3_1_0_0_0.log"
Gurobi Optimizer version 10.0.1 build v10.0.1rc0 (win64)

CPU model: Intel(R) Core(TM) i7-10700 CPU @ 2.90GHz, instruction set [SSE2|AVX|AVX2]
Thread count: 8 physical cores, 16 logical processors, using up to 16 threads

Optimize a model with 26134 rows, 25680 columns and 255454 nonzeros
Model fingerprint: 0xe8698632
Variable types: 180 continuous, 25500 integer (25500 binary)
Coefficient statistics:
  Matrix range     [1e+00, 9e+02]
  Objective range  [1e+00, 1e+00]
  Bounds range     [1e+00, 1e+03]
  RHS range        [1e+00, 9e+02]
Presolve removed 24028 rows and 24018 columns
Presolve time: 0.17s
Presolved: 2106 rows, 1662 columns, 16529 nonzeros
Variable types: 160 continuous, 1502 integer (1501 binary)
Found heuristic solution: objective 770.6576667

Root relaxation: objective 0.000000e+00, 1373 iterations, 0.04 seconds (0.06 work units)

    Nodes    |    Current Node    |     Objective Bounds      |     Work
 Expl Unexpl |  Obj  Depth IntInf | Incumbent    BestBd   Gap | It/Node Time

     0     0    0.00000    0   50  770.65767    0.00000   100%     -    0s
     0     0    0.00000    0   25  770.65767    0.00000   100%     -    0s
     0     0    0.00000    0   27  770.65767    0.00000   100%     -    0s
H    0     0                     763.4434667    0.00000   100%     -    0s
H    0     0                     354.0963667    0.00000   100%     -    0s
     0     0    0.00000    0   60  354.09637    0.00000   100%     -    0s
H    0     0                     171.1293667    0.00000   100%     -    0s
     0     0    0.00000    0   57  171.12937    0.00000   100%     -    0s
     0     0    0.00000    0   59  171.12937    0.00000   100%     -    0s
     0     0    0.00000    0   60  171.12937    0.00000   100%     -    0s
H    0     0                     127.3189667    0.00000   100%     -    0s
     0     0    3.69027    0   24  127.31897    3.69027  97.1%     -    0s
H    0     0                     118.8865667    3.69027  96.9%     -    0s
H    0     0                     116.8865667    3.69027  96.8%     -    0s
     0     0    3.69027    0   30  116.88657    3.69027  96.8%     -    0s
H    0     0                     110.2435667    3.69027  96.7%     -    0s
H    0     0                      73.9984667    3.69027  95.0%     -    0s
     0     0    7.16183    0   57   73.99847    7.16183  90.3%     -    0s
     0     0    7.16183    0   50   73.99847    7.16183  90.3%     -    0s
     0     0    7.16183    0   64   73.99847    7.16183  90.3%     -    0s
     0     0    7.16183    0   45   73.99847    7.16183  90.3%     -    0s
     0     0    7.16183    0   64   73.99847    7.16183  90.3%     -    0s
     0     0    7.16183    0   23   73.99847    7.16183  90.3%     -    0s
     0     0    7.16183    0   21   73.99847    7.16183  90.3%     -    0s
     0     0    7.16183    0   69   73.99847    7.16183  90.3%     -    0s
     0     0    7.16183    0   64   73.99847    7.16183  90.3%     -    0s
     0     0    7.16183    0   63   73.99847    7.16183  90.3%     -    0s
H    0     0                      72.1100667    7.16183  90.1%     -    0s
H    0     0                      68.3248667    7.16183  89.5%     -    0s
     0     0   11.76840    0   65   68.32487   11.76840  82.8%     -    0s
     0     0   11.76840    0   66   68.32487   11.76840  82.8%     -    0s
     0     0   11.76840    0   68   68.32487   11.76840  82.8%     -    0s
     0     0   11.76840    0   67   68.32487   11.76840  82.8%     -    0s
     0     0   11.76840    0   65   68.32487   11.76840  82.8%     -    0s
     0     0   11.76840    0   68   68.32487   11.76840  82.8%     -    0s
     0     0   11.76840    0   66   68.32487   11.76840  82.8%     -    0s
     0     0   22.62187    0   67   68.32487   22.62187  66.9%     -    0s
     0     0   22.62187    0   29   68.32487   22.62187  66.9%     -    1s
     0     0   34.78348    0   67   68.32487   34.78348  49.1%     -    1s
     0     0   38.57024    0   68   68.32487   38.57024  43.5%     -    1s
     0     0   38.75585    0   26   68.32487   38.75585  43.3%     -    1s
     0     0   48.61934    0   21   68.32487   48.61934  28.8%     -    1s
     0     0   48.61934    0   21   68.32487   48.61934  28.8%     -    1s
     0     0   66.09177    0   16   68.32487   66.09177  3.27%     -    1s
     0     0   66.09177    0    8   68.32487   66.09177  3.27%     -    1s
     0     0   66.09177    0    8   68.32487   66.09177  3.27%     -    1s
     0     0   66.14757    0   11   68.32487   66.14757  3.19%     -    1s
     0     0   66.14757    0    7   68.32487   66.14757  3.19%     -    1s
     0     0   66.14757    0    6   68.32487   66.14757  3.19%     -    1s
     0     0   66.14757    0    9   68.32487   66.14757  3.19%     -    1s
     0     0   66.14757    0    9   68.32487   66.14757  3.19%     -    1s

Cutting planes:
  MIR: 4
  RLT: 4
  Relax-and-lift: 1

Explored 1 nodes (10857 simplex iterations) in 1.08 seconds (1.53 work units)
Thread count was 16 (of 16 available processors)

Solution count 9: 68.3249 72.1101 73.9985 ... 770.658

Optimal solution found (tolerance 1.00e-04)
Best objective 6.832486666667e+01, best bound 6.832486666666e+01, gap 0.0000%

User-callback calls 770, time in user-callback 0.01 sec
