
Gurobi 10.0.1 (win64) logging started Sat Sep 20 18:02:33 2025

Set parameter LogFile to value "log_group_6/bound_Expr26_s7_l1051_s11_e12_o30_d60_t7200_s26_0_0_0_0.log"
Gurobi Optimizer version 10.0.1 build v10.0.1rc0 (win64)

CPU model: Intel(R) Core(TM) i7-10700 CPU @ 2.90GHz, instruction set [SSE2|AVX|AVX2]
Thread count: 8 physical cores, 16 logical processors, using up to 16 threads

Optimize a model with 463163 rows, 462440 columns and 3699816 nonzeros
Model fingerprint: 0x43766986
Variable types: 440 continuous, 462000 integer (462000 binary)
Coefficient statistics:
  Matrix range     [1e+00, 8e+02]
  Objective range  [1e+00, 1e+00]
  Bounds range     [1e+00, 1e+03]
  RHS range        [1e+00, 8e+02]
Presolve removed 450190 rows and 450160 columns
Presolve time: 2.22s
Presolved: 12973 rows, 12280 columns, 84098 nonzeros
Variable types: 380 continuous, 11900 integer (11900 binary)
Found heuristic solution: objective 975.6578333

Root relaxation: objective 0.000000e+00, 2797 iterations, 0.17 seconds (0.29 work units)

    Nodes    |    Current Node    |     Objective Bounds      |     Work
 Expl Unexpl |  Obj  Depth IntInf | Incumbent    BestBd   Gap | It/Node Time

     0     0    0.00000    0   60  975.65783    0.00000   100%     -    3s
H    0     0                     938.5604333    0.00000   100%     -    3s
H    0     0                     920.1889333    0.00000   100%     -    3s
     0     0    0.00000    0   69  920.18893    0.00000   100%     -    3s
H    0     0                     437.6784333    0.00000   100%     -    6s
H    0     0                     342.1677667    0.00000   100%     -    6s
     0     0    0.00000    0   72  342.16777    0.00000   100%     -    6s
H    0     0                     339.6142667    0.00000   100%     -    9s
H    0     0                     329.1846666    0.00000   100%     -    9s
     0     0    0.00000    0   60  329.18467    0.00000   100%     -    9s
H    0     0                     246.8764000    0.00000   100%     -   10s
H    0     0                     243.8835667    0.00000   100%     -   11s
     0     0    0.00000    0   60  243.88357    0.00000   100%     -   11s
H    0     0                     243.8446000    0.00000   100%     -   12s
     0     0    0.00000    0   60  243.84460    0.00000   100%     -   12s
H    0     0                     235.5941667    0.00000   100%     -   14s
     0     0    0.00000    0   61  235.59417    0.00000   100%     -   14s
H    0     0                     222.2484667    0.00000   100%     -   15s
H    0     0                     222.1005000    0.00000   100%     -   16s
     0     0    0.00000    0   61  222.10050    0.00000   100%     -   17s
     0     0    0.00000    0   60  222.10050    0.00000   100%     -   17s
H    0     0                     214.3336333    0.00000   100%     -   19s
H    0     0                     211.5814333    0.00000   100%     -   20s
     0     2    0.00000    0   60  211.58143    0.00000   100%     -   21s
H   28    27                     211.5424666    0.00000   100%  50.1   29s
H   29    27                     207.5310333    0.00000   100%  48.6   29s
H   31    27                     206.3826333    0.00000   100%  46.0   29s
H   31    27                     197.1362333    0.00000   100%  46.0   29s
   130    98    0.00000   22   60  197.13623    0.00000   100%  35.8   30s
   617   395    0.00000  100   60  197.13623    0.00000   100%  17.8   37s
H  618   395                     196.9488667    0.00000   100%  17.8   37s
H  622   395                     196.9488661    0.00000   100%  17.7   37s
H  624   395                     196.9176667    0.00000   100%  18.0   37s
   868   643    0.00000  136   61  196.91767    0.00000   100%  15.6   40s
H 1662  1152                     196.7664667    0.00000   100%  12.5   44s
H 1691  1152                     196.7592667    0.00000   100%  12.5   44s
  1841  1389    0.00000  289   60  196.75927    0.00000   100%  12.4   46s
H 2348  1622                     196.7592659    0.00000   100%  11.1   49s
  2474  1974    0.00000  357   60  196.75927    0.00000   100%  10.9   51s
  2939  2082    0.00000  398   60  196.75927    0.00000   100%  10.2   60s
H 2958  2082                     196.7592655    0.00000   100%  10.2   61s
H 3079  2082                     196.7592651    0.00000   100%  10.0   61s
  3084  2214    0.00000  418   60  196.75927    0.00000   100%  10.2   65s
  4175  3853    0.00000  537   60  196.75927    0.00000   100%   9.6   73s
  5227  4728    0.00000  665   60  196.75927    0.00000   100%   8.9   76s
  6226  5584    0.00000  812   60  196.75927    0.00000   100%   8.7   81s
  7182  5589    0.00000  911   60  196.75927    0.00000   100%   8.5   90s
H 7188  5589                     196.7592528    0.00000   100%   8.5   90s
H 8321  6669                     196.7592245    0.00000   100%   8.4   93s
  8322  6670  113.68973  128   60  196.75922    0.00000   100%   8.4  183s
  8324  6671    7.06723  553   61  196.75922    0.00000   100%   8.4  195s
  8325  6672   42.28823  372   62  196.75922    0.00000   100%   8.4  217s
  8326  6673   77.55690  856   61  196.75922    0.00000   100%   8.4  220s
  8327  6673   78.20133  377   60  196.75922    0.00000   100%   8.4  225s
  8329  6675  145.96533   23   60  196.75922    0.00000   100%   8.4  234s
  8330  6675  113.68973  575   60  196.75922    0.00000   100%   8.4  236s
  8331  6676  149.01363  325   60  196.75922    0.00000   100%   8.4  242s
  8332  6677  183.48343  723   60  196.75922    0.00000   100%   8.4  245s
  8333  6677  148.99237  674   60  196.75922    0.00000   100%   8.4  250s
  8335  6679    7.06723  948   60  196.75922    0.00000   100%   8.4  278s
  8336  6682    0.00000   12   60  196.75922    0.00000   100%   9.5  282s
  8338  6684    0.00000   13   60  196.75922    0.00000   100%   9.5  287s
  8342  6685    0.00000   14   60  196.75922    0.00000   100%   9.7  301s
  8348  6689    0.00000   15   60  196.75922    0.00000   100%  10.1  307s
  8364  6693   35.30893   16   58  196.75922    0.00000   100%  10.4  339s
  8372  6695    0.00000   17   60  196.75922    0.00000   100%  10.5  352s
  8380  6699   35.23240   17   58  196.75922    0.00000   100%  11.0  364s
  8396  6700  142.67343   18   58  196.75922    0.00000   100%  11.2  373s
  8410  6701    0.00000   20   60  196.75922    0.00000   100%  11.9  388s
  8424  6705    0.00000   21   60  196.75922    0.00000   100%  12.8  392s
  8446  6708  113.50957   22   58  196.75922    0.00000   100%  13.0  395s
  8492  6710    0.00000   25   60  196.75922    0.00000   100%  13.5  408s
  8510  6716    0.00000   26   60  196.75922    0.00000   100%  14.0  418s
  8538  6720   32.47533   28   58  196.75922    0.00000   100%  14.4  425s
  8595  6722    0.00000   33   60  196.75922    0.00000   100%  14.7  434s
  8607  6736   62.54000   33   58  196.75922    0.00000   100%  15.0  439s
  8645  6746    0.00000   37   60  196.75922    0.00000   100%  15.6  444s
  8688  6770    0.00000   41   60  196.75922    0.00000   100%  15.9  446s
  8836  6787    0.00000   51   60  196.75922    0.00000   100%  16.0  453s
  8887  6812   62.43450   55   58  196.75922    0.00000   100%  16.1  456s
  8975  6806   62.43450   62   58  196.75922    0.00000   100%  16.3  460s
  9059  6863   62.43450   68   58  196.75922    0.00000   100%  16.3  467s
  9171  6896    0.00000   78   60  196.75922    0.00000   100%  16.2  470s
  9334  6957   62.60870   95   58  196.75922    0.00000   100%  16.2  477s
  9441  6991    0.00000  108   60  196.75922    0.00000   100%  16.3  481s
  9551  6971    0.00000  122   60  196.75922    0.00000   100%  16.3  491s
  9579  7004    0.00000  124   60  196.75922    0.00000   100%  16.4  495s
  9659  7040    0.00000  130   60  196.75922    0.00000   100%  16.4  500s
  9762  7024   75.87520  146   58  196.75922    0.00000   100%  16.3  507s
  9797  7024    0.00000  152   60  196.75922    0.00000   100%  16.4  511s
  9820  7046    0.00000  157   60  196.75922    0.00000   100%  16.4  523s
  9918  7016    0.00000  167   60  196.75922    0.00000   100%  16.3  546s
  9927  7034   62.43450  167   58  196.75922    0.00000   100%  16.2  556s
  9966  7050    0.00000  171   60  196.75922    0.00000   100%  16.3  561s
 10030  7104  111.21410  174   58  196.75922    0.00000   100%  16.4  568s
 10150  7110    0.00000  180   60  196.75922    0.00000   100%  16.6  573s
 10293  7091    0.00000  190   60  196.75922    0.00000   100%  16.7  578s
 10355  7107    0.00000  200   60  196.75922    0.00000   100%  16.8  582s
 10431  7138    7.37080  211   58  196.75922    0.00000   100%  17.0  587s
 10583  7100   69.21630  232   59  196.75922    0.00000   100%  17.1  599s
 10635  7141   69.21630  237   58  196.75922    0.00000   100%  17.2  606s
 10763  7197   69.21630  258   59  196.75922    0.00000   100%  17.2  612s
 10945  7173   69.39020  281   58  196.75922    0.00000   100%  17.1  624s
 11004  7237   69.39020  290   59  196.75922    0.00000   100%  17.3  632s
 11156  7349    0.00000  300   60  196.75922    0.00000   100%  17.3  640s
 11412  7389    0.00000  322   60  196.75922    0.00000   100%  17.2  648s
 11650  7312    0.00000  339   60  196.75922    0.00000   100%  17.2  685s
H11655  6975                     196.7590384    0.00000   100%  17.2  685s
 11660  7017   80.48530  339   58  196.75904    0.00000   100%  17.2  691s
 11754  7034  112.79607  346   58  196.75904    0.00000   100%  17.3  700s
 11848  7075  112.79607  353   58  196.75904    0.00000   100%  17.4  710s
 11971  7188  112.79607  365   58  196.75904    0.00000   100%  17.4  720s
 12277  7098    0.00000  382   60  196.75904    0.00000   100%  17.5  732s
 12296  7137   69.21630  383   58  196.75904    0.00000   100%  17.5  741s
 12374  7271    0.00000  389   60  196.75904    0.00000   100%  17.6  749s
 12668  7316    0.00000  399   60  196.75904    0.00000   100%  17.8  758s
 12915  7292  139.40697  411   58  196.75904    0.00000   100%  18.1  772s
 12992  7394    0.00000  412   60  196.75904    0.00000   100%  18.2  784s
 13288  7410  139.40697  426   58  196.75904    0.00000   100%  18.6  792s
 13639  7345    0.00000  438   60  196.75904    0.00000   100%  18.7  802s
 13701  7500    0.00000  441   60  196.75904    0.00000   100%  18.8  820s
 14070  7460  149.33337  453   58  196.75904    0.00000   100%  19.0  840s
H14105  7131                     196.7585818    0.00000   100%  19.2  840s
H14109  6828                     196.7585814    0.00000   100%  19.3  840s
 14185  7055    0.00000  460   60  196.75858    0.00000   100%  19.2  864s
H14408  6694                     196.7571873    0.00000   100%  19.1  864s
 14493  7207  149.33337  464   58  196.75719    0.00000   100%  19.1  990s
H15291  6742                     196.7571859    0.00000   100%  19.3 1006s
 15377  7145    0.00000  509   60  196.75719    0.00000   100%  19.2 1019s
 15947  7029  138.89840  534   58  196.75719    0.00000   100%  18.9 1030s
 16077  7044   62.43450  540   58  196.75719    0.00000   100%  18.9 1041s
 16173  7294    0.00000  547   60  196.75719    0.00000   100%  18.9 1051s
 16503  7749    0.00000  559   60  196.75719    0.00000   100%  18.7 1062s
 17133  7545    0.00000  587   60  196.75719    0.00000   100%  18.5 1097s
 17141  7624   62.13000  587   58  196.75719    0.00000   100%  18.5 1105s
 17243  7685   62.13000  597   58  196.75719    0.00000   100%  18.4 1113s
 17374  7864   62.13000  610   58  196.75719    0.00000   100%  18.3 1123s
 17666  7847    0.00000  667   60  196.75719    0.00000   100%  18.2 1135s
 17794  8496   62.30390  682   58  196.75719    0.00000   100%  18.2 1150s
 18575  8608    0.00000  756   60  196.75719    0.00000   100%  17.7 1170s
 19037  8575    0.00000  788   60  196.75719    0.00000   100%  17.6 1179s
 19177  9071    0.00000  804   60  196.75719    0.00000   100%  17.5 1194s
 19828  9096  143.37783  837   58  196.75719    0.00000   100%  17.5 1205s
 20199  9024  143.39957  865   58  196.75719    0.00000   100%  17.6 1217s
 20275  9621    0.00000  869   60  196.75719    0.00000   100%  17.6 1230s
 20997  9535    0.00000  899   60  196.75719    0.00000   100%  17.6 1240s
 21208 10566  148.86919  908   61  196.75719    0.00000   100%  18.0 1260s
 22566 10449    0.00000  935   60  196.75719    0.00000   100%  17.8 1283s
 22957 10489  143.39957  961   58  196.75719    0.00000   100%  18.0 1300s
 23196 11090    5.92660  972   58  196.75719    0.00000   100%  18.0 1318s
 24043 11472    0.02429 1027   60  196.75719    0.02429   100%  18.1 1337s
 24750 11489   63.61999 1090   58  196.75719    0.02429   100%  18.4 1365s
 24770 11648    0.02429 1091   60  196.75719    0.02429   100%  18.3 1383s
 24972 12247    0.02429 1105   60  196.75719    0.02429   100%  18.4 1402s
 25750 12781   64.54566 1167   58  196.75719    0.02429   100%  18.7 1423s
 26382 13158   76.55469 1220   58  196.75719    0.02429   100%  19.1 1444s
 26806 14079   76.95886 1249   58  196.75719    0.02429   100%  19.0 1471s
 27876 15096    0.02429 1303   60  196.75719    0.02429   100%  19.2 1493s
 29052 15752    0.02429 1351   60  196.75719    0.02429   100%  18.7 1752s
 29767 18694    0.02429 1379   60  196.75719    0.02429   100%  18.4 1822s
 32909 18930  138.93349 1450   60  196.75719    0.02429   100%  17.9 1838s
 33146 19291    0.02429 1458   60  196.75719    0.02429   100%  18.0 1864s
 33508 21601  138.93349 1458   58  196.75719    0.02429   100%  17.9 1892s
 35970 21834  138.93349 1482   58  196.75719    0.02429   100%  17.3 1904s
 36209 22614    0.02429 1488   60  196.75719    0.02429   100%  17.3 1923s
 37066 23404  149.95423 1505   58  196.75719    0.02429   100%  17.2 1940s
 37959 23893  149.95423 1525   58  196.75719    0.02429   100%  17.2 1960s
 38521 24810    0.02429 1537   60  196.75719    0.02429   100%  17.1 1975s
 39468 25579  150.57439 1545   58  196.75719    0.02429   100%  16.9 1993s
 40349 25770  151.58452 1565   58  196.75719    0.02429   100%  16.9 2020s
 40552 26192    0.02429 1566   60  196.75719    0.02429   100%  16.8 2032s
 40987 27728    0.02429 1577   60  196.75719    0.02429   100%  16.9 2055s
 42595 28527   35.22883 1632   58  196.75719    0.02429   100%  16.7 2073s
 43507 32308    0.02429 1749   60  196.75719    0.02429   100%  16.6 2235s
 47672 32430   33.05459 2021   58  196.75719    0.02429   100%  15.7 2244s
 47796 33394    0.02429 2026   60  196.75719    0.02429   100%  15.7 2255s
 48810 33721   71.83209 2059   58  196.75719    0.02429   100%  15.5 2263s
 49145 34905   71.83209 2062   58  196.75719    0.02429   100%  15.4 2276s
 50401 34998   36.39046 2128   58  196.75719    0.02429   100%  15.2 2282s
 50529 38136   36.39046 2135   58  196.75719    0.02429   100%  15.2 2304s
 53756 39351    0.02429 2194   60  196.75719    0.02429   100%  14.5 2317s
 54996 40499   35.33646 2225   58  196.75719    0.02429   100%  14.3 2328s
 56198 41105   72.00613 2265   58  196.75719    0.02429   100%  14.0 2337s
 56873 41988    0.02429 2298   60  196.75719    0.02429   100%  13.9 2346s
 57804 42855    0.02429 2323   60  196.75719    0.02429   100%  13.8 2354s
 58677 42855   81.94717 5990   42  196.75719    0.02429   100%  13.6 2355s
 58729 47227    0.02429 2335   60  196.75719    0.02429   100%  13.6 2505s
 63278 47696    0.02429 2413   60  196.75719    0.02429   100%  13.3 2515s
 63755 47805    0.02429 2421   60  196.75719    0.02429   100%  13.3 2521s
 63874 47985  149.97460 2425   58  196.75719    0.02429   100%  13.3 2582s
 64070 47992    0.02429 2441   60  196.75719    0.02429   100%  13.3 2605s
 64180 48135    0.02429 2447   60  196.75719    0.02429   100%  13.2 2614s
 64231 48239  149.04796 2447   58  196.75719    0.02429   100%  13.2 2619s
 64345 48340  149.04796 2452   58  196.75719    0.02429   100%  13.2 2624s
 64466 48397    0.02429 2458   60  196.75719    0.02429   100%  13.2 2629s
 64528 49566    0.02429 2461   60  196.75719    0.02429   100%  13.2 2640s
 65719 49732    5.63493 2506   58  196.75719    0.02429   100%  13.1 2648s
 65897 50920    0.02429 2513   60  196.75719    0.02429   100%  13.1 2660s
 67130 51577   82.28296 2571   58  196.75719    0.02429   100%  13.1 2669s
 67823 53285  113.66303 2594   58  196.75719    0.02429   100%  13.0 2682s
 69603 54624  113.66303 2623   58  196.75719    0.02429   100%  13.0 2694s
 71035 56178    0.02429 2644   60  196.75719    0.02429   100%  12.9 2705s
 72645 56257    0.02429 2656   60  196.75719    0.02429   100%  12.8 2711s
 72727 56381  139.88489 2659   60  196.75719    0.02429   100%  12.8 2732s
 72852 56491    0.02429 2667   60  196.75719    0.02429   100%  12.9 2736s
 72978 56583  141.69460 2671   72  196.75719    1.66074  99.2%  13.0 2741s
 73133 56866   10.31884 2683   59  196.75719    3.37114  98.3%  13.1 2747s
 73434 58648    3.37114 2694   61  196.75719    3.37114  98.3%  13.2 2882s
 75565 58790    3.62100 2731   61  196.75719    3.62100  98.2%  13.5 2889s
 75747 60406    3.70969 2739   60  196.75719    3.70969  98.1%  13.5 2905s
 77516 60662    3.70969 2778   60  196.75719    3.70969  98.1%  13.7 2914s
 77893 61006  154.77206 2793   63  196.75719    3.70969  98.1%  13.9 2923s
 78375 61163    3.70969 2817   60  196.75719    3.70969  98.1%  14.1 2931s
 78693 61312    3.70969 2828   60  196.75719    3.70969  98.1%  14.3 2937s
 78892 62814    3.70969 2834   60  196.75719    3.70969  98.1%  14.4 2951s
 80572 64957  156.74735 2847   60  196.75719    3.70969  98.1%  14.6 2968s
 82791 66200    3.70969 2864   60  196.75719    3.70969  98.1%  14.6 2983s
 84128 67481    3.93144 2880   66  196.75719    3.93144  98.0%  14.6 2997s
 85463 68625   73.07506 2899   61  196.75719    4.01847  98.0%  14.5 3007s
 86645 69812    4.03606 2913   62  196.75719    4.03606  97.9%  14.4 3020s
 87852 70782    4.03606 2939   62  196.75719    4.03606  97.9%  14.3 3030s
 88877 75184    9.93837 2952   60  196.75719    4.25867  97.8%  14.3 3182s
 93620 75268   15.61126 2998   75  196.75719    4.25867  97.8%  14.6 3189s
 93729 75808   17.15625 3002   73  196.75719    4.25867  97.8%  14.6 3198s
 94334 77485   20.94588 3020   64  196.75719    4.25867  97.8%  14.6 3217s
 96058 79019   21.38938 3042   63  196.75719    4.25867  97.8%  14.5 3234s
 97634 80112   22.14083 3061   61  196.75719    4.25867  97.8%  14.3 3247s
 98831 80210   22.93872 3076   61  196.75719    4.25867  97.8%  14.3 3252s
 98952 81221   28.87509 3081   57  196.75719    4.25867  97.8%  14.3 3265s
 100031 81898   22.93872 3108   61  196.75719    4.25867  97.8%  14.2 3279s
 100818 83433   23.01201 3129   60  196.75719    4.25867  97.8%  14.3 3295s
 102391 84340   23.21421 3152   60  196.75719    4.25867  97.8%  14.3 3308s
 103342 87119   92.74951 3166   59  196.75719    4.25867  97.8%  14.3 3459s
 106138 87119   53.05937  899   57  196.75719    4.25867  97.8%  14.6 3460s
 106512 87234   28.41681 3233   58  196.75719    4.25867  97.8%  14.9 3468s
 106667 87930   28.41681 3240   58  196.75719    4.25867  97.8%  15.0 3486s
 107586 88518   28.44469 3267   57  196.75719    4.25867  97.8%  15.1 3504s
 108163 88518  132.61566 3927   50  196.75719    4.25867  97.8%  15.1 3505s
 108469 88809   28.46636 3299   60  196.75719    4.25867  97.8%  15.2 3514s
 108812 89699   28.46865 3308   60  196.75719    4.25867  97.8%  15.2 3533s
 109928 90556   34.85652 3333   79  196.75719    4.25867  97.8%  15.3 3556s
 111009 91502   46.60174 3366   60  196.75719    4.25867  97.8%  15.3 3578s
 112102 92360   47.52374 3391   59  196.75719    4.25867  97.8%  15.4 3601s
 113293 93297   48.42902 3422   56  196.75719    4.25867  97.8%  15.6 3621s
 114473 93494   48.42902 3440   56  196.75719    4.25867  97.8%  15.7 3630s
 114721 94945   48.42902 3452   56  196.75719    4.25867  97.8%  15.7 3651s
 116358 96042   54.98069 3474   54  196.75719    4.25867  97.8%  15.8 3673s
 117746 97160   48.44376 3502   58  196.75719    4.25867  97.8%  15.9 3694s
 118104 97160   72.42143  635   61  196.75719    4.25867  97.8%  15.9 3695s
 119053 99645   48.73678 3531   59  196.75719    4.25867  97.8%  15.9 3851s
 121917 99796   52.68378 3584   61  196.75719    4.25867  97.8%  16.0 3859s
 122109 100871     cutoff 3593       196.75719    4.25867  97.8%  16.0 3878s
 123310 101952   52.68378 3615   61  196.75719    4.25867  97.8%  16.1 3895s
 124533 103052   52.68378 3641   61  196.75719    4.25867  97.8%  16.1 3916s
 125870 104600   52.68378 3669   61  196.75719    4.25867  97.8%  16.1 3936s
 127644 105653   55.91328 3692   62  196.75719    4.25867  97.8%  16.0 3954s
 128842 105774   56.06255 3718   65  196.75719    4.25867  97.8%  16.0 3960s
 128984 106875  183.17944 3725   60  196.75719    4.25867  97.8%  16.1 3976s
 130130 108074   56.07116 3743   63  196.75719    4.25867  97.8%  16.1 3995s
 131370 109317   56.07265 3765   62  196.75719    4.25867  97.8%  16.1 4014s
 132723 110392   56.89384 3787   64  196.75719    4.25867  97.8%  16.0 4033s
 133830 112276   57.16673 3816   64  196.75719    4.25867  97.8%  16.0 4180s
 136116 113174   57.60062 3870   64  196.75719    4.25867  97.8%  15.9 4200s
 137447 114336   63.56398 3893   62  196.75719    4.25867  97.8%  15.9 4221s
 138906 114936   63.66066 3926   64  196.75719    4.25867  97.8%  15.8 4234s
 139641 115864  186.15248 3953   62  196.75719    4.25867  97.8%  15.7 4253s
 140723 116682   63.75329 3983   67  196.75719    4.25867  97.8%  15.7 4269s
 141692 118183   74.81021 4016   60  196.75719    4.25867  97.8%  15.7 4291s
 143390 118628  104.05512 4071   60  196.75719    4.25867  97.8%  15.6 4301s
 143847 119669  104.05512 4086   60  196.75719    4.25867  97.8%  15.6 4319s
 145022 120519   74.21652 4115   62  196.75719    4.25867  97.8%  15.6 4337s
 146175 121415     cutoff 4154       196.75719    4.25867  97.8%  15.6 4357s
 147310 122297     cutoff 4209       196.75719    4.25867  97.8%  15.5 4374s
 148345 123774   74.64610 4265   62  196.75719    4.25867  97.8%  15.5 4518s
 150130 124909   76.33993 4337   64  196.75719    4.25867  97.8%  15.5 4541s
 151547 126009  110.70999 4387   62  196.75719    4.25867  97.8%  15.5 4561s
 152840 126633  117.75422 4431   60  196.75719    4.25867  97.8%  15.5 4572s
 153603 127559  117.52751 4458   56  196.75719    4.25867  97.8%  15.4 4594s
 154770 128204  118.85938 4502   54  196.75719    4.25867  97.8%  15.4 4613s
 155619 128773  121.84934 4547   56  196.75719    4.25867  97.8%  15.4 4628s
 156374 130079  125.03870 4586   56  196.75719    4.25867  97.8%  15.4 4650s
 157920 130767  131.70951 4639   49  196.75719    4.25867  97.8%  15.4 4663s
 158728 132068  131.71122 4663   49  196.75719    4.25867  97.8%  15.3 4685s
 160151 133396  135.53718 4704   49  196.75719    4.25867  97.8%  15.3 4703s
 161620 134169  135.53885 4734   49  196.75719    4.25867  97.8%  15.2 4720s
 162753 134321  135.53885 4760   49  196.75719    4.25867  97.8%  15.2 4728s
 162993 135908  135.53885 4774   49  196.75719    4.25867  97.8%  15.2 4877s
 164977 136609  143.53411 4829   44  196.75719    4.25867  97.8%  15.2 4895s
 165986 137750  141.87208 4876   43  196.75719    4.25867  97.8%  15.2 4913s
 167307 138717  139.03170 4914   43  196.75719    4.25867  97.8%  15.1 4929s
 168451 139109     cutoff 4953       196.75719    4.25867  97.8%  15.1 4939s
 168773 139109   98.80231  284   69  196.75719    4.25867  97.8%  15.1 4940s
 168918 139995  146.82368 4984   43  196.75719    4.25867  97.8%  15.1 4955s
 169956 140622  146.85456 5022   39  196.75719    4.25867  97.8%  15.1 4967s
 170663 141261  146.86347 5057   40  196.75719    4.25867  97.8%  15.1 4984s
 171557 141982  153.42871 5106   37  196.75719    4.25867  97.8%  15.1 5003s
 172519 142263  190.05020 5158   31  196.75719    4.25867  97.8%  15.1 5013s
 173031 143362   44.04286  281   65  196.75719    4.25867  97.8%  15.1 5032s
 174621 144271   58.55310  841   66  196.75719    4.25867  97.8%  15.0 5050s
 175938 145521   72.58342 1335   54  196.75719    4.25867  97.8%  15.0 5070s
 177502 146869   75.95122 1712   53  196.75719    4.25867  97.8%  14.9 5201s
 179156 148122  127.90430 2101   38  196.75719    4.25867  97.8%  14.9 5221s
 180734 149089  138.88522 2367   34  196.75719    4.25867  97.8%  14.8 5236s
 181917 150086  170.76165 2535   18  196.75719    4.25867  97.8%  14.7 5251s
 183182 151055  194.53004 2740    2  196.75719    4.25867  97.8%  14.7 5266s
 184475 151427  108.39008  288   67  196.75719    4.25867  97.8%  14.6 5273s
 184864 152641  180.83659  345   56  196.75719    4.25867  97.8%  14.6 5290s
 186338 153585  187.92062  566   72  196.75719    4.25867  97.8%  14.5 5304s
 187691 153882  187.85357  458   84  196.75719    4.25867  97.8%  14.5 5315s
 188299 154904  184.49001  464   92  196.75719    4.25867  97.8%  14.5 5331s
 189709 156365   87.37697  494   59  196.75719    4.25867  97.8%  14.5 5348s
 191474 156906   97.77261  830   56  196.75719    4.25867  97.8%  14.4 5354s
 192130 160431   97.99634 1018   68  196.75719    4.25867  97.8%  14.4 5510s
 196183 161082  108.70942 1654   56  196.75719    4.25867  97.8%  14.2 5520s
 196921 161749  114.97916 1784   55  196.75719    4.25867  97.8%  14.2 5530s
 197727 162354  115.48135 2017   53  196.75719    4.25867  97.8%  14.1 5539s
 198460 163172  115.48135 2092   54  196.75719    4.25867  97.8%  14.1 5549s
 199331 163384  115.83948 2181   55  196.75719    4.25867  97.8%  14.1 5554s
 199551 164265  115.92022 2198   54  196.75719    4.25867  97.8%  14.1 5565s
 200516 165074  118.84926 2329   53  196.75719    4.25867  97.8%  14.0 5576s
 201482 165754  119.28476 2486   53  196.75719    4.25867  97.8%  14.0 5585s
 202233 166501  125.99519 2614   45  196.75719    4.25867  97.8%  14.0 5594s
 203069 167016  141.54196 2748   38  196.75719    4.25867  97.8%  13.9 5601s
 203709 167153  153.59587 2848   35  196.75719    4.25867  97.8%  13.9 5606s
 203950 168045  153.62789 2892   34  196.75719    4.25867  97.8%  13.9 5617s
 205068 168769  161.49989 3011   36  196.75719    4.25867  97.8%  13.9 5629s
 206019 169605  174.50253 3117   34  196.75719    4.25867  97.8%  13.9 5638s
 207010 173196  185.79767 3203   28  196.75719    4.25867  97.8%  13.8 5787s
 211034 173264 infeasible  374       196.75719    4.25867  97.8%  13.7 5791s
 211113 173833   58.71090  276   97  196.75719    4.25867  97.8%  13.7 5798s
 211706 174545   75.95409  400   70  196.75719    4.25867  97.8%  13.7 5808s
 212431 175434   97.10493  538   61  196.75719    4.25867  97.8%  13.6 5820s
 213376 176177   99.25884  672   61  196.75719    4.25867  97.8%  13.6 5831s
 214199 176662  100.71243  849   57  196.75719    4.25867  97.8%  13.6 5837s
 214744 177580  101.10301 1015   57  196.75719    4.25867  97.8%  13.5 5847s
 215775 178403  108.02141 1260   54  196.75719    4.25867  97.8%  13.5 5859s
 216753 179012  111.11452 1445   54  196.75719    4.25867  97.8%  13.5 5868s
 217419 179298  111.26734 1543   54  196.75719    4.25867  97.8%  13.4 5875s
 217872 179731  117.12612 1700   52  196.75719    4.25867  97.8%  13.4 5884s
 218638 180645  156.16383 1827   48  196.75719    4.25867  97.8%  13.4 5894s
 219708 180980  158.93512 1967   48  196.75719    4.25867  97.8%  13.4 5900s
 220060 181623  159.51111 2019   48  196.75719    4.25867  97.8%  13.4 5909s
 220859 182514  175.69339  429  120  196.75719    4.25867  97.8%  13.4 5920s
 221907 185099  163.13954  448   75  196.75719    4.25867  97.8%  13.3 6063s
 224907 185374  185.60751  453  103  196.75719    4.25867  97.8%  13.2 6069s
 225206 186353  187.80542  458   85  196.75719    4.25867  97.8%  13.2 6081s
 226345 187083  170.97107  414  105  196.75719    4.25867  97.8%  13.2 6091s
 227213 187787  179.15801  307   94  196.75719    4.25867  97.8%  13.2 6101s
 228041 188386     cutoff  469       196.75719    4.25867  97.8%  13.1 6110s
 228678 189187  177.84290  481  100  196.75719    4.25867  97.8%  13.1 6122s
 229654 189944  186.40867  503   61  196.75719    4.25867  97.8%  13.1 6133s
 230632 190144     cutoff  349       196.75719    4.25867  97.8%  13.0 6140s
 231044 190554   34.89078  541   96  196.75719    4.25867  97.8%  13.0 6150s
 231625 191006   33.22911  560   91  196.75719    4.25867  97.8%  13.0 6161s
 232199 191278   41.94382  580   76  196.75719    4.25867  97.8%  13.1 6169s
 232600 191657  162.01672  591   72  196.75719    4.25867  97.8%  13.1 6177s
 233095 192084   43.13622  594   67  196.75719    4.25867  97.8%  13.1 6188s
 233793 192660   43.16107  606   66  196.75719    4.25867  97.8%  13.1 6198s
 234537 192960   43.28069  624   70  196.75719    4.25867  97.8%  13.1 6206s
 234975 193097   44.18072  635   70  196.75719    4.25867  97.8%  13.2 6211s
 235157 193895   44.18072  640   70  196.75719    4.25867  97.8%  13.2 6223s
 236177 194437   45.12892  654   70  196.75719    4.25867  97.8%  13.2 6236s
 236991 196069   46.06863  667   71  196.75719    4.25867  97.8%  13.2 6380s
 239030 196551   53.41658  704   62  196.75719    4.25867  97.8%  13.2 6390s
 239627 197061   55.08691  721   63  196.75719    4.25867  97.8%  13.3 6398s
 240258 197978   55.32559  731   62  196.75719    4.25867  97.8%  13.3 6413s
 241424 198769   55.80605  745   62  196.75719    4.25867  97.8%  13.3 6428s
 242367 199686   56.23080  762   61  196.75719    4.25867  97.8%  13.3 6443s
 243497 200088   56.23080  777   61  196.75719    4.25867  97.8%  13.3 6450s
 243959 200866   56.23080  780   61  196.75719    4.25867  97.8%  13.3 6462s
 244890 201712   56.35870  792   66  196.75719    4.25867  97.8%  13.3 6475s
 245938 202222  110.58721  806   63  196.75719    4.25867  97.8%  13.3 6487s
 246716 202941   56.65848  820   64  196.75719    4.25867  97.8%  13.2 6501s
 247616 203112   62.13267  836   61  196.75719    4.25867  97.8%  13.2 6507s
 247859 203802     cutoff  843       196.75719    4.25867  97.8%  13.2 6518s
 248699 204361   68.30042  866   60  196.75719    4.25867  97.8%  13.2 6529s
 249579 204913  156.45454  878   70  196.75719    4.25867  97.8%  13.2 6540s
 250454 205348   68.55692  889   60  196.75719    4.25867  97.8%  13.3 6551s
 251112 205929   68.57427  900   60  196.75719    4.25867  97.8%  13.3 6563s
 251934 206682   69.97323  914   57  196.75719    4.25867  97.8%  13.3 6696s
 252887 208030   70.33637  929   56  196.75719    4.25867  97.8%  13.3 6720s
 254539 208955     cutoff  957       196.75719    4.25867  97.8%  13.2 6734s
 254718 208955  119.79178  791   49  196.75719    4.25867  97.8%  13.2 6735s
 255585 209645   70.86567  976   57  196.75719    4.25867  97.8%  13.2 6745s
 256396 210196   71.25206  988   57  196.75719    4.25867  97.8%  13.2 6754s
 257014 211372     cutoff  998       196.75719    4.25867  97.8%  13.2 6770s
 258387 211769   78.44601 1019   60  196.75719    4.25867  97.8%  13.2 6778s
 258800 212523   71.66965 1025   59  196.75719    4.25867  97.8%  13.2 6791s
 259606 213299   71.72118 1039   58  196.75719    4.25867  97.8%  13.1 6804s
 260643 214263   71.85315 1054   57  196.75719    4.25867  97.8%  13.1 6817s
 261747 214758   72.50181 1066   54  196.75719    4.25867  97.8%  13.1 6828s
 262501 215500   72.91541 1077   54  196.75719    4.25867  97.8%  13.1 6838s
 263368 215777   72.91541 1090   54  196.75719    4.25867  97.8%  13.1 6845s
 263707 216507  111.64004 1096   59  196.75719    4.25867  97.8%  13.1 6857s
 264546 217169   73.17510 1114   53  196.75719    4.25867  97.8%  13.1 6871s
 265452 217974   73.21356 1129   52  196.75719    4.25867  97.8%  13.1 6884s
 266424 219083   73.21356 1145   52  196.75719    4.25867  97.8%  13.1 7014s
 267937 219507   73.98956 1166   50  196.75719    4.25867  97.8%  13.2 7023s
 268476 220541   73.98956 1172   50  196.75719    4.25867  97.8%  13.2 7039s
 269892 221144   74.11864 1185   56  196.75719    4.25867  97.8%  13.2 7050s
 270719 221555   74.19870 1198   52  196.75719    4.25867  97.8%  13.2 7060s
 271387 222111  159.04464 1210   64  196.75719    4.25867  97.8%  13.2 7072s
 272235 222439  144.42129 1222   60  196.75719    4.25867  97.8%  13.2 7080s
 272749 222946   74.35500 1230   51  196.75719    4.25867  97.8%  13.2 7091s
 273495 223532   74.38547 1242   50  196.75719    4.25867  97.8%  13.2 7103s
 274369 224196   78.35217 1256   52  196.75719    4.25867  97.8%  13.2 7115s
 275248 224412   85.67066 1275   61  196.75719    4.25867  97.8%  13.2 7120s
 275481 224833   88.24954 1287   56  196.75719    4.25867  97.8%  13.2 7131s
 276011 225565   89.61626 1310   52  196.75719    4.25867  97.8%  13.2 7144s
 276947 226228   91.31299 1338   46  196.75719    4.25867  97.8%  13.2 7157s
 277880 226696   91.31299 1354   46  196.75719    4.25867  97.8%  13.2 7167s
 278523 227021   91.31299 1368   46  196.75719    4.25867  97.8%  13.2 7176s
 278987 227712  182.77402 1380   50  196.75719    4.25867  97.8%  13.2 7190s
 279896 228127   91.41790 1397   49  196.75719    4.25867  97.8%  13.2 7200s

Cutting planes:
  Gomory: 83
  Implied bound: 173
  Projected implied bound: 205
  MIR: 25
  Flow cover: 296
  Relax-and-lift: 3069

Explored 280505 nodes (3725024 simplex iterations) in 7200.84 seconds (6656.79 work units)
Thread count was 16 (of 16 available processors)

Solution count 10: 196.757 196.759 196.759 ... 196.949

Time limit reached
Best objective 1.967571859140e+02, best bound 4.258666666661e+00, gap 97.8356%

User-callback calls 1011545, time in user-callback 5.58 sec
