
Gurobi 10.0.0 (win64) logging started Sat Sep 20 12:10:47 2025

Set parameter LogFile to value "log_group_6/bound_Expr33_s7_l1051_s11_e12_o40_d80_t7200_s33_0_0_0_0.log"
Gurobi Optimizer version 10.0.0 build v10.0.0rc2 (win64)

CPU model: Intel(R) Core(TM) i7-10700 CPU @ 2.90GHz, instruction set [SSE2|AVX|AVX2]
Thread count: 8 physical cores, 16 logical processors, using up to 16 threads

Optimize a model with 575203 rows, 574470 columns and 4598166 nonzeros
Model fingerprint: 0xb10302c6
Variable types: 470 continuous, 574000 integer (574000 binary)
Coefficient statistics:
  Matrix range     [6e-01, 9e+02]
  Objective range  [1e+00, 1e+00]
  Bounds range     [1e+00, 1e+03]
  RHS range        [1e+00, 9e+02]
Presolve removed 557670 rows and 557630 columns
Presolve time: 2.33s
Presolved: 17533 rows, 16840 columns, 115857 nonzeros
Variable types: 390 continuous, 16450 integer (16450 binary)
Found heuristic solution: objective 916.2373667
Deterministic concurrent LP optimizer: primal and dual simplex
Showing first log only...

Concurrent spin time: 0.02s

Solved with primal simplex

Root relaxation: objective 0.000000e+00, 862 iterations, 0.18 seconds (0.24 work units)

    Nodes    |    Current Node    |     Objective Bounds      |     Work
 Expl Unexpl |  Obj  Depth IntInf | Incumbent    BestBd   Gap | It/Node Time

     0     0    0.00000    0   80  916.23737    0.00000   100%     -    3s
H    0     0                     688.5612000    0.00000   100%     -    4s
     0     0    0.00000    0  123  688.56120    0.00000   100%     -    4s
H    0     0                     401.6402667    0.00000   100%     -    5s
H    0     0                     345.2436667    0.00000   100%     -    5s
     0     0    0.00000    0  128  345.24367    0.00000   100%     -    5s
H    0     0                     263.3716000    0.00000   100%     -    9s
H    0     0                     256.8386000    0.00000   100%     -    9s
H    0     0                     256.5542000    0.00000   100%     -    9s
     0     0    0.00000    0   80  256.55420    0.00000   100%     -    9s
H    0     0                     255.9530000    0.00000   100%     -    9s
     0     0    0.00000    0   80  255.95300    0.00000   100%     -    9s
     0     0    0.00000    0   81  255.95300    0.00000   100%     -   10s
     0     0    0.00000    0   81  255.95300    0.00000   100%     -   11s
H    0     0                     255.9229000    0.00000   100%     -   12s
H    0     2                     253.8116000    0.00000   100%     -   14s
     0     2    0.00000    0   81  253.81160    0.00000   100%     -   14s
    10     6    0.00000    4   82  253.81160    0.00000   100%   378   15s
H   28     9                     249.3208000    0.00000   100%   339   18s
H   35     9                     249.2773000    0.00000   100%   320   18s
H   62    19                     246.2887000    0.00000   100%   247   20s
H  148    36                     244.5502000    0.00000   100%   219   25s
H  154    36                     244.5501993    0.00000   100%   226   25s
   464   186    0.00000   91   82  244.55020    0.00000   100%   115   30s
H  681   232                     244.5501987    0.00000   100%  84.8   33s
   683   249    0.00000  117   83  244.55020    0.00000   100%  84.6   35s
H  728   253                     244.5501985    0.00000   100%  80.8   37s
  1074   506    0.00000  174   84  244.55020    0.00000   100%  59.5   40s
H 1815   824                     244.5501981    0.00000   100%  38.7   43s
  2208   975    0.00000  261   80  244.55020    0.00000   100%  32.4   45s
H 3098  1374                     244.5501980    0.00000   100%  24.4   48s
H 3267  1374                     244.5501979    0.00000   100%  23.4   48s
H 3335  1374                     244.5501971    0.00000   100%  23.0   48s
  3476  1832    0.00000  358   80  244.55020    0.00000   100%  22.3   50s
H 4767  2462                     244.5501969    0.00000   100%  17.5   54s
H 4895  2462                     244.5501967    0.00000   100%  17.2   54s
H 4971  2462                     244.5501954    0.00000   100%  17.0   54s
  5156  2915    0.00000  523   80  244.55020    0.00000   100%  16.6   57s
  5931  3320    0.00000  583   80  244.55020    0.00000   100%  15.3   60s
H 6662  3463                     244.5501946    0.00000   100%  14.2   63s
H 6702  3463                     244.5490128    0.00000   100%  14.1   63s
  6837  3926    0.00000  652   84  244.54901    0.00000   100%  14.0   66s
  7817  3927  204.37107 1301   81  244.54901    0.00000   100%  13.0  175s
  7819  3928  120.47310   84   82  244.54901    0.00000   100%  13.0  191s
  7820  3929  120.47310  709   78  244.54901    7.37330  97.0%  13.0  216s
  7821  3930    8.80991  233   80  244.54901    8.80991  96.4%  13.0  221s
  7822  3930  120.47310  294   80  244.54901   17.53513  92.8%  13.0  233s
  7823  3931  210.25020 1120   80  244.54901   17.53513  92.8%  13.0  249s
  7824  3932   17.53513  244   80  244.54901   17.53513  92.8%  12.9  253s
  7825  3932   27.59598  649   74  244.54901   27.59598  88.7%  12.9  261s
  7826  3933  225.92480  357   74  244.54901   30.05365  87.7%  12.9  277s
  7829  3936  207.84423  957   81  244.54901   35.27287  85.6%  14.3  391s
  7831  3937   35.27287   74   82  244.54901   35.27287  85.6%  14.3  411s
  7832  3938  203.58887  466   76  244.54901   35.27287  85.6%  14.3  436s
  7834  3939  120.47310  828   72  244.54901   37.56462  84.6%  14.3  449s
  7835  3940  204.37107 1266   73  244.54901   37.56462  84.6%  14.3  452s
  7836  3941  225.92480  510   71  244.54901   37.57004  84.6%  14.3  461s
  7838  3942  240.94270 1223   88  244.54901   42.38413  82.7%  14.3  469s
  7839  3943  120.21643  117   88  244.54901   42.38413  82.7%  14.3  472s
  7840  3943  225.92480   96   75  244.54901   48.22978  80.3%  14.3  478s
  7841  3944   48.22978  576   77  244.54901   48.22978  80.3%  14.3  481s
  7842  3945  120.47310  276   76  244.54901   49.00252  80.0%  14.3  488s
  7843  3945  120.47310  415   77  244.54901   49.00252  80.0%  14.3  492s
  7844  3946  232.54587  425   81  244.54901   49.98887  79.6%  14.3  498s
  7845  3947  120.21643  372   83  244.54901   49.98887  79.6%  14.3  502s
  7846  3947  120.47310  247   77  244.54901   51.96159  78.8%  14.3  507s
  7847  3948  120.21643  257   77  244.54901   51.96159  78.8%  14.3  510s
  7849  3949  229.67797  882   72  244.54901   54.92065  77.5%  14.3  515s
  7851  3951  228.85970   13   72  244.54901   54.92065  77.5%  14.2  524s
  7852  3951  241.52273 1224   72  244.54901   54.92065  77.5%  14.2  530s
  7853  3952  225.92480  590   96  244.54901   55.35554  77.4%  14.2  538s
  7854  3953  120.21643  159   94  244.54901   55.35554  77.4%  14.2  543s
  7855  3953  227.48657  813  106  244.54901   55.89154  77.1%  14.2  549s
  7856  3954  225.92480  532  100  244.54901   62.91064  74.3%  14.2  551s
  7857  3955  157.72437  731  100  244.54901   62.91064  74.3%  14.2  556s
  7858  3955  227.48657  727  115  244.54901   65.56548  73.2%  14.2  562s
  7860  3957  241.65887  441  103  244.54901   70.05177  71.4%  14.2  569s
  7861  3957   72.93718  337   90  244.54901   72.93718  70.2%  14.2  574s
  7862  3958  120.21643  522  101  244.54901   79.02127  67.7%  14.2  576s
  7863  3959  241.28003  691  101  244.54901   79.02127  67.7%  14.2  581s
  7864  3959  203.24430  585  106  244.54901   80.74903  67.0%  14.2  587s
  7866  3961  120.47310  725   91  244.54901   83.59815  65.8%  14.2  596s
  7867  3961  204.37107  327   87  244.54901   85.66187  65.0%  14.2  602s
  7868  3962  225.92480  497   89  244.54901   89.36929  63.5%  14.2  606s
  7869  3963  204.37107 1057   90  244.54901   89.36929  63.5%  14.2  613s
  7870  3963  120.21643  611   88  244.54901   90.89356  62.8%  14.2  624s
  7871  3964  225.92480  416   71  244.54901   94.26173  61.5%  14.2  627s
  7872  3965  231.99357  432   69  244.54901   94.26173  61.5%  14.2  633s
  7873  3965   94.26173  705   71  244.54901   94.26173  61.5%  14.2  636s
  7875  3967   94.63202  562   81  244.54901   94.63202  61.3%  14.2  640s
  7876  3967  120.47310  561   84  244.54901   94.63202  61.3%  14.2  647s
  7877  3968   94.63202  538   82  244.54901   94.63202  61.3%  14.2  652s
  7878  3969  204.37107 1058   80  244.54901   94.63202  61.3%  14.2  659s
  7879  3969  230.73980  640  107  244.54901   94.71503  61.3%  14.2  666s
  7881  3971  120.47310  267  110  244.54901   97.71860  60.0%  14.2  674s
  7882  3971  218.17107 1028  102  244.54901  100.81134  58.8%  14.2  679s
  7883  3972  232.82460 1274  102  244.54901  100.81134  58.8%  14.2  687s
  7884  3973  120.47310  285  100  244.54901  100.81134  58.8%  14.2  691s
  7885  3973  207.84423  929   92  244.54901  102.16788  58.2%  14.2  695s
  7888  3975  122.87867   56  107  244.54901  105.08854  57.0%  14.2  707s
  7889  3976  204.37107  336  102  244.54901  105.08854  57.0%  14.2  713s
  7890  3977  205.11377  585   96  244.54901  109.06823  55.4%  14.2  716s
  7891  3977  120.21643  374   95  244.54901  109.06823  55.4%  14.2  726s
  7892  3978  204.37107  289   90  244.54901  109.06823  55.4%  14.2  731s
  7895  3980  120.47310  505   92  244.54901  111.67491  54.3%  14.2  736s
  7896  3981  239.49720 1264   89  244.54901  111.75172  54.3%  14.2  748s
  7897  3981  111.75172  265   88  244.54901  111.75172  54.3%  14.2  751s
  7899  3983  211.26453  633   88  244.54901  111.75172  54.3%  14.2  766s
  7900  3983  120.21643  505   88  244.54901  111.75172  54.3%  14.2  770s
  7901  3984  120.21643  157   88  244.54901  111.75172  54.3%  14.2  780s
  7903  3985  204.37107 1246   88  244.54901  112.20930  54.1%  14.2  798s
  7904  3986  194.69967  767   86  244.54901  112.20930  54.1%  14.2  806s
  7905  3987  225.92480  488  106  244.54901  113.01025  53.8%  14.1  811s
  7906  3987  213.59827  976  105  244.54901  113.01025  53.8%  14.1  834s
  7907  3988  204.37107 1142  105  244.54901  113.01025  53.8%  14.1  839s
  7908  3989  204.37107 1250  105  244.54901  113.01025  53.8%  14.1  851s
  7909  3989  236.90823 1313  103  244.54901  113.01025  53.8%  14.1  863s
  7910  3990  207.84423  968  103  244.54901  113.01025  53.8%  14.1  880s
  7911  3991  212.05370  433  102  244.54901  113.01025  53.8%  14.1  885s
  7914  3994  204.37107 1089   81  244.54901  113.01025  53.8%  20.3 1033s
  7916  3995  120.21643  280  116  244.54901  113.01025  53.8%  20.3 1043s
  7917  3996  204.37107 1301  118  244.54901  113.01025  53.8%  20.3 1050s
  7918  3997  217.44440  572  114  244.54901  113.01025  53.8%  20.3 1056s
  7919  3997  120.47310   84  118  244.54901  113.01025  53.8%  20.3 1071s
  7920  3998  120.47310  709  145  244.54901  113.01025  53.8%  20.3 1078s
  7921  3999  113.01025  233  113  244.54901  113.01025  53.8%  20.3 1084s
  7922  3999  120.47310  294  113  244.54901  113.01025  53.8%  20.3 1093s
  7923  4000  210.25020 1120  138  244.54901  113.01025  53.8%  20.3 1095s
  7927  4003  126.34992  776  167  244.54901  126.34992  48.3%  20.3 1100s
  7928  4003  194.69967  769  122  244.54901  129.32359  47.1%  20.3 1107s
  7929  4004  207.84423  957  122  244.54901  129.32359  47.1%  20.3 1114s
  7930  4005  225.92480   75  157  244.54901  129.32511  47.1%  20.3 1116s
  7932  4006  203.58887  466  163  244.54901  129.77004  46.9%  20.3 1120s
  7933  4007  203.24430  574  151  244.54901  130.79424  46.5%  20.3 1128s
  7934  4007  131.08236  828  193  244.54901  131.08236  46.4%  20.3 1130s
  7936  4009  225.92480  510  188  244.54901  131.52487  46.2%  20.3 1142s
  7937  4009  230.73980  657  267  244.54901  131.73774  46.1%  20.3 1145s
  7939  4011  132.17183  117  284  244.54901  132.17183  46.0%  20.2 1156s
  7940  4011  225.92480   96  275  244.54901  132.17183  46.0%  20.2 1166s
  7943  4013  132.42812  415  284  244.54901  132.42812  45.8%  20.2 1175s
  7944  4014  232.54587  425  274  244.54901  132.42812  45.8%  20.2 1182s
  7945  4015  132.42812  372  274  244.54901  132.42812  45.8%  20.2 1190s
  7948  4017  227.46797  428  268  244.54901  133.00514  45.6%  20.2 1197s
  7949  4017  229.67797  882  262  244.54901  133.00514  45.6%  20.2 1202s
  7950  4018  194.69967  766  257  244.54901  133.00515  45.6%  20.2 1209s
  7952  4019  241.52273 1224  264  244.54901  133.08622  45.6%  20.2 1214s
  7953  4020  225.92480  590  248  244.54901  133.08622  45.6%  20.2 1221s
  7954  4021  133.08826  159  244  244.54901  133.08826  45.6%  20.2 1226s
  7955  4021  227.48657  813  247  244.54901  133.08826  45.6%  20.2 1230s
  7957  4023  157.72437  731  264  244.54901  133.09085  45.6%  20.2 1236s
  7958  4023  227.48657  727  259  244.54901  133.09085  45.6%  20.2 1240s
  7961  4027  133.09085  337   81  244.54901  133.09085  45.6%  26.3 1277s
  7963  4028  241.28003  691   97  244.54901  133.09085  45.6%  26.3 1285s
  7964  4029  203.24430  585  119  244.54901  133.09085  45.6%  26.3 1292s
  7965  4030  226.71573  526  133  244.54901  133.09085  45.6%  26.3 1297s
  7966  4030  133.09085  725  155  244.54901  133.09085  45.6%  26.3 1308s
  7967  4031  204.37107  327  185  244.54901  133.09085  45.6%  26.3 1315s
  7968  4032  225.92480  497  161  244.54901  133.09085  45.6%  26.3 1321s
  7969  4032  204.37107 1057  158  244.54901  133.09085  45.6%  26.3 1330s
  7975  4036  135.13311  562  244  244.54901  135.13311  44.7%  26.3 1337s
  7976  4037  136.53236  561  205  244.54901  136.53236  44.2%  26.3 1343s
  7977  4038  136.64486  538  205  244.54901  136.64486  44.1%  26.3 1345s
  7981  4040  137.74318  267  188  244.54901  137.74318  43.7%  26.3 1355s
  7982  4041  218.17107 1028  180  244.54901  138.79566  43.2%  26.3 1363s
  7983  4042  232.82460 1274  182  244.54901  139.05334  43.1%  26.3 1365s
  7987  4044  239.82823 1144  174  244.54901  139.40796  43.0%  26.3 1375s
  7990  4046  205.11377  585  179  244.54901  139.72504  42.9%  26.3 1380s
  7991  4047  140.40719  374  163  244.54901  140.40719  42.6%  26.2 1388s
  7992  4048  204.37107  289  163  244.54901  140.40719  42.6%  26.2 1395s
  7993  4048  140.40719   41  172  244.54901  140.40719  42.6%  26.2 1401s
  7994  4049  207.84423  911  167  244.54901  140.41319  42.6%  26.2 1407s
  7997  4051  140.45010  265  182  244.54901  140.45010  42.6%  26.2 1410s
  7999  4052  211.26453  633  159  244.54901  140.46237  42.6%  26.2 1418s
  8000  4053  140.46237  505  162  244.54901  140.46237  42.6%  26.2 1421s
  8001  4054  140.64983  157  152  244.54901  140.64983  42.5%  26.2 1426s
  8003  4055  204.37107 1246  153  244.54901  140.91907  42.4%  26.2 1433s
  8004  4056  194.69967  767  151  244.54901  140.91907  42.4%  26.2 1437s
  8007  4058  204.37107 1142  149  244.54901  141.11529  42.3%  26.2 1444s
  8008  4058  204.37107 1250  149  244.54901  141.11529  42.3%  26.2 1446s
  8010  4060  207.84423  968  158  244.54901  141.12916  42.3%  26.2 1451s
  8012  4061  225.92480  344  171  244.54901  141.26723  42.2%  26.2 1456s
  8013  4062  203.24430  822  173  244.54901  141.26723  42.2%  26.2 1461s
  8015  4063  228.85970  290  156  244.54901  141.32537  42.2%  26.2 1465s
  8016  4064  141.32537  280  151  244.54901  141.32537  42.2%  26.2 1470s
  8018  4065  217.44440  572  175  244.54901  141.32756  42.2%  26.2 1475s
  8021  4067  145.92672  233  159  244.54901  145.92672  40.3%  26.2 1480s
  8025  4070  146.12368  649  147  244.54901  146.12368  40.2%  26.1 1487s
  8029  4072  207.84423  957  155  244.54901  146.18448  40.2%  26.1 1490s
  8031  4074  146.18495   74  150  244.54901  146.18495  40.2%  26.1 1497s
  8034  4076  146.18918  828  146  244.54901  146.18918  40.2%  26.1 1503s
  8035  4076  204.37107 1266  146  244.54901  146.18918  40.2%  26.1 1505s
  8037  4078  230.73980  657  148  244.54901  146.18918  40.2%  26.1 1510s
  8040  4081  225.92480   96   81  244.54901  146.18918  40.2%  33.9 1536s
  8042  4082  146.18918  276  116  244.54901  146.18918  40.2%  33.9 1543s
  8043  4083  146.18918  415  108  244.54901  146.18918  40.2%  33.9 1549s
  8044  4084  232.54587  425  152  244.54901  146.18918  40.2%  33.9 1554s
  8045  4084  146.18918  372  111  244.54901  146.18918  40.2%  33.9 1559s
  8046  4085  146.18918  247  106  244.54901  146.18918  40.2%  33.9 1560s
  8053  4090  225.92480  590  130  244.54901  146.98500  39.9%  33.9 1570s
  8056  4092  225.92480  532  147  244.54901  150.32848  38.5%  33.9 1579s
  8057  4092  157.72437  731  159  244.54901  150.40134  38.5%  33.9 1580s
  8059  4094  240.89223  903  131  244.54901  150.43872  38.5%  33.9 1586s
  8062  4096  150.53459  522  121  244.54901  150.53459  38.4%  33.9 1594s
  8063  4096  241.28003  691  146  244.54901  150.63844  38.4%  33.9 1595s
  8066  4098  150.71652  725  138  244.54901  150.71652  38.4%  33.8 1603s
  8067  4099  204.37107  327  145  244.54901  150.84732  38.3%  33.8 1605s
  8071  4102  225.92480  416  147  244.54901  150.88807  38.3%  33.8 1613s
  8072  4102  231.99357  432  155  244.54901  151.00544  38.3%  33.8 1615s
  8079  4107  230.73980  640  161  244.54901  151.22271  38.2%  33.8 1624s
  8080  4108  204.37107 1246  168  244.54901  151.22329  38.2%  33.8 1627s
  8081  4108  151.51522  267  148  244.54901  151.51522  38.0%  33.8 1632s
  8084  4110  151.53136  285  167  244.54901  151.53136  38.0%  33.8 1635s
  8085  4111  207.84423  929  136  244.54901  151.67732  38.0%  33.8 1642s
  8086  4112  151.67732  718  143  244.54901  151.67732  38.0%  33.8 1645s
  8090  4114  205.11377  585  146  244.54901  152.85844  37.5%  33.7 1651s
  8091  4115  152.90569  374  138  244.54901  152.90569  37.5%  33.7 1656s
  8092  4116  204.37107  289  139  244.54901  152.90569  37.5%  33.7 1660s
  8093  4116  154.34659   41  126  244.54901  154.34659  36.9%  33.7 1665s
  8096  4118  239.49720 1264  146  244.54901  154.72832  36.7%  33.7 1671s
  8097  4119  155.12412  265  125  244.54901  155.12412  36.6%  33.7 1676s
  8100  4121  155.63822  505  131  244.54901  155.63822  36.4%  33.7 1680s
  8102  4122  228.85970  141  128  244.54901  155.82384  36.3%  33.7 1685s
  8106  4125  213.59827  976  133  244.54901  155.94648  36.2%  33.7 1691s
  8108  4126  204.37107 1250  130  244.54901  156.14474  36.1%  33.7 1695s
  8110  4128  207.84423  968  138  244.54901  156.14474  36.1%  33.7 1701s
  8112  4129  225.92480  344  132  244.54901  156.20784  36.1%  33.6 1706s
  8115  4131  228.85970  290  137  244.54901  156.23319  36.1%  33.6 1710s
  8119  4135  156.23319   84   81  244.54901  156.23319  36.1%  39.8 1729s
  8121  4136  156.23319  233  128  244.54901  156.23319  36.1%  39.8 1732s
  8122  4137  156.23319  294  117  244.54901  156.23319  36.1%  39.8 1736s
  8124  4138  156.23319  244  111  244.54901  156.23319  36.1%  39.8 1740s
  8133  4144  203.24430  574  117  244.54901  156.54809  36.0%  39.8 1747s
  8136  4146  225.92480  510  125  244.54901  156.54861  36.0%  39.7 1750s
  8142  4151  156.54881  276  115  244.54901  156.54881  36.0%  42.1 1758s
  8143  4152  156.54881  415  112  244.54901  156.54881  36.0%  42.1 1761s
  8149  4156  229.67797  882  119  244.54901  156.54881  36.0%  42.0 1765s
  8153  4159  225.92480  590  119  244.54901  156.54881  36.0%  42.0 1771s
  8156  4161  225.92480  532  125  244.54901  156.54881  36.0%  42.0 1775s
  8160  4163  241.65887  441  114  244.54901  156.54881  36.0%  42.0 1780s
  8266  4150  242.80359   88  102  244.54901  156.90495  35.8%  31.9 1785s
  8601  4100  156.96248  133  133  244.54901  156.96248  35.8%  31.5 1790s
  9443  4313  159.07808  188  212  244.54901  158.39665  35.2%  29.1 1795s
  9882  4466  167.28472  198  152  244.54901  158.39665  35.2%  27.9 1800s
 10866  4871  169.87820  261  122  244.54901  158.39665  35.2%  25.6 1805s
 11894  5298  235.30660  310  121  244.54901  158.39665  35.2%  23.7 1810s
 12843  5802  233.80377  337  120  244.54901  158.39665  35.2%  22.4 1815s
 14380  6474  163.11974  382  128  244.54901  158.39665  35.2%  20.5 1821s
 15488  7042  168.38960  430  125  244.54901  158.39665  35.2%  19.2 1827s
 16642  7408  174.75480  483  121  244.54901  158.39665  35.2%  18.2 1830s
 18658  8360  181.07258  557  121  244.54901  158.39665  35.2%  16.7 1836s
 20213  8839  181.09481  622  116  244.54901  158.39665  35.2%  15.7 1841s
 21364  9439  188.72770  738  107  244.54901  158.39665  35.2%  15.1 1845s
 23267 10547  195.65302  949  109  244.54901  158.39665  35.2%  14.2 1851s
 24388 11294     cutoff 1045       244.54901  158.39665  35.2%  13.7 1855s
 25856 11978  205.33253 1130  107  244.54901  158.39665  35.2%  13.0 1860s
 27364 13254  205.37831 1204  107  244.54901  158.39665  35.2%  12.6 1865s
 29556 15099     cutoff 1305       244.54901  158.39665  35.2%  11.9 1871s
 30806 16397     cutoff 1358       244.54901  158.39665  35.2%  11.5 2002s
 33407 17657  223.84480 1495   93  244.54901  158.39665  35.2%  10.8 2006s
 34557 18292  227.21210 1508   98  244.54901  158.39665  35.2%  10.6 2011s
 36385 19679  228.19194 1566   96  244.54901  158.39665  35.2%  10.2 2015s
 38278 20919  238.85266 1649   87  244.54901  158.39665  35.2%   9.8 2020s
 41148 22371  234.46138 1857   81  244.54901  158.39665  35.2%   9.2 2026s
 42757 23613     cutoff 1916       244.54901  158.39665  35.2%   9.0 2030s
 45269 26148  238.65239 2080   74  244.54901  158.39665  35.2%   8.8 2039s
 46859 26674  238.71885 2162   70  244.54901  158.39665  35.2%   8.6 2041s
 48607 28185  160.24463  149  138  244.54901  160.24463  34.5%   8.4 2045s
 50910 29556  167.37729  267  130  244.54901  160.24463  34.5%   8.1 2050s
 53357 31214  180.84051  627  121  244.54901  160.24463  34.5%   7.8 2055s
 55359 32849  191.05962  839  111  244.54901  160.24463  34.5%   7.6 2060s
 57609 34432  205.79062 1167  102  244.54901  160.24463  34.5%   7.4 2065s
 60003 36758  215.28356 1580   99  244.54901  160.24463  34.5%   7.3 2075s
 63173 38532  233.06603 2117   68  244.54901  160.24463  34.5%   7.0 2081s
 64918 39514  243.72942 2302   67  244.54901  162.09260  33.7%   6.9 2085s
 67230 41226  219.80159  390  123  244.54901  162.09260  33.7%   6.8 2090s
 69760 43279     cutoff  695       244.54901  162.09260  33.7%   6.6 2096s
 72075 45011  167.45357  187  134  244.54901  162.09260  33.7%   6.5 2101s
 73796 46296  174.23638  315  129  244.54901  162.09260  33.7%   6.4 2105s
 74592 47509  176.42370  455  121  244.54901  162.09260  33.7%   6.4 2111s
 77896 48838  192.75100  753  124  244.54901  162.09260  33.7%   6.2 2116s
 79329 49257  191.79928  803  117  244.54901  162.09260  33.7%   6.1 2121s
 80625 50888  211.73493  934   95  244.54901  162.09260  33.7%   6.1 2125s
 82998 52797  217.77220 1218  104  244.54901  162.09260  33.7%   6.0 2131s
 85070 54539  182.21645  278  123  244.54901  162.28851  33.6%   6.0 2136s
 86894 55930  195.38111  455  120  244.54901  162.28851  33.6%   5.9 2140s
 89494 58254  212.01377  789  101  244.54901  162.28851  33.6%   5.8 2149s
 90926 58903  226.84951 1009   89  244.54901  162.28851  33.6%   5.7 2151s
 93254 60641  236.83806 1392   78  244.54901  162.38672  33.6%   5.7 2157s
 94869 61646  175.68093  345  144  244.54901  162.38672  33.6%   5.7 2160s
 97344 63651  183.29032  634  131  244.54901  162.38672  33.6%   5.6 2166s
 99088 64908  198.29548  779  115  244.54901  162.38672  33.6%   5.5 2170s
 101430 66520  218.99982  976  117  244.54901  162.38672  33.6%   5.5 2175s
 103912 68430  175.65474  326  122  244.54901  162.38672  33.6%   5.5 2181s
 104592 69426  177.20086  435  121  244.54901  162.38672  33.6%   5.4 2186s
 106480 70871  189.78378  728  110  244.54901  162.38672  33.6%   5.4 2190s
 108080 72271  210.20327  861  102  244.54901  162.38672  33.6%   5.4 2195s
 110897 74310  236.76023 1156   88  244.54901  162.38672  33.6%   5.3 2201s
 112688 75467  240.57454 1434   86  244.54901  162.44898  33.6%   5.3 2206s
 114391 76832  183.86534  314  127  244.54901  162.45419  33.6%   5.3 2210s
 117230 78263  200.15717  616  104  244.54901  162.45419  33.6%   5.2 2218s
 117335 78982  205.49311  653  102  244.54901  162.45419  33.6%   5.2 2220s
 118808 80262  211.83907  806   98  244.54901  162.45419  33.6%   5.2 2225s
 119782 81271  224.66363  928   95  244.54901  162.45419  33.6%   5.2 2230s
 122472 82855  232.33752 1398   90  244.54901  162.45419  33.6%   5.1 2236s
 124092 84246  232.51169 1621   81  244.54901  162.45419  33.6%   5.1 2241s
 125861 85673  232.71599 1743   77  244.54901  162.45419  33.6%   5.1 2245s
 128197 87524  233.70372 1950   68  244.54901  162.45419  33.6%   5.0 2251s
 129958 88618  233.70372 2015   71  244.54901  162.45419  33.6%   5.0 2256s
 131438 89367  234.67252 2073   70  244.54901  162.45419  33.6%   4.9 2260s
 133680 90936  234.67252 2161   71  244.54901  162.45419  33.6%   4.9 2266s
 134394 91537  234.67252 2198   71  244.54901  162.45419  33.6%   4.9 2271s
 136128 92946  234.67252 2277   71  244.54901  162.45419  33.6%   4.9 2276s
 137790 94305  234.67252 2355   71  244.54901  162.45419  33.6%   4.9 2281s
 139665 95684  234.67376 2428   65  244.54901  162.45419  33.6%   4.8 2286s
 141801 96931  235.12796 2596   60  244.54901  162.45419  33.6%   4.8 2291s
 143553 98353  242.38742 2766   53  244.54901  162.45419  33.6%   4.8 2296s
 145335 99696  221.60969  262  129  244.54901  162.48168  33.6%   4.8 2300s
 147160 101064  229.85712  409  130  244.54901  162.48168  33.6%   4.8 2305s
 148994 102528  229.99089  607  123  244.54901  162.48168  33.6%   4.7 2312s
 150152 103207  235.58724  771  108  244.54901  162.48168  33.6%   4.7 2315s
 152540 105387     cutoff  364       244.54901  162.67452  33.5%   4.7 2321s
 154283 106823  198.99849  575  115  244.54901  162.67452  33.5%   4.7 2325s
 156787 108980  211.67417  945  107  244.54901  162.67452  33.5%   4.7 2331s
 158520 110467  239.12404 1177   88  244.54901  162.67452  33.5%   4.7 2335s
 160473 111701  173.37418  237  133  244.54901  162.83045  33.4%   4.6 2340s
 163074 113595  187.13513  564  125  244.54901  162.83045  33.4%   4.6 2346s
 164006 114483  193.58167  662  119  244.54901  162.83045  33.4%   4.6 2352s
 166038 115843  220.80790  875  105  244.54901  162.83045  33.4%   4.6 2356s
 167566 117053  223.48484 1066   97  244.54901  162.83045  33.4%   4.6 2360s
 169258 118429  240.08654 1314   86  244.54901  162.83045  33.4%   4.5 2365s
 172035 120248  202.92774  262  139  244.54901  163.08087  33.3%   4.5 2371s
 173359 121705  211.53826  398  135  244.54901  163.08087  33.3%   4.5 2375s
 175063 123119  215.67263  554  118  244.54901  163.08087  33.3%   4.5 2380s
 177334 124895  219.42236  886  113  244.54901  163.08087  33.3%   4.5 2386s
 179204 126369  170.73837  318  128  244.54901  163.13929  33.3%   4.5 2393s
 180179 127078  174.45528  403  147  244.54901  163.13929  33.3%   4.5 2395s
 181862 128741  186.38623  646  113  244.54901  163.13929  33.3%   4.5 2400s
 183751 129613  198.70967  970  103  244.54901  163.13929  33.3%   4.5 2410s
 184852 131218  207.78030 1057   97  244.54901  163.13929  33.3%   4.4 2416s
 186993 132243  221.62669 1291   90  244.54901  163.13929  33.3%   4.4 2421s
 188704 133573  179.99578  393  135  244.54901  163.35056  33.2%   4.4 2425s
 190326 135025  204.58929  502  138  244.54901  163.35056  33.2%   4.4 2430s
 192267 136467  213.91828  775  111  244.54901  163.35056  33.2%   4.4 2435s
 194185 138031  241.68750 1004   92  244.54901  163.37112  33.2%   4.4 2443s
 195412 138612  177.33804  334  139  244.54901  163.37793  33.2%   4.4 2445s
 196937 139735  190.13497  420  138  244.54901  163.37793  33.2%   4.4 2450s
 199574 141859  199.09066  699  108  244.54901  163.37793  33.2%   4.3 2457s
 201245 143148  223.11483  918   95  244.54901  163.37793  33.2%   4.3 2461s
 202973 144472  232.01739 1077   92  244.54901  163.37793  33.2%   4.3 2465s
 204786 145847  241.60770 1284   83  244.54901  163.37793  33.2%   4.3 2470s
 206578 146838  244.30086 1532   78  244.54901  163.41684  33.2%   4.3 2475s
 208828 148674  194.06226  390  130  244.54901  163.41684  33.2%   4.3 2485s
 210776 150087  197.92904  590  131  244.54901  163.41684  33.2%   4.2 2490s
 212517 151391  199.73038  800  111  244.54901  163.41684  33.2%   4.2 2495s
 214104 152541  205.92906 1015  105  244.54901  163.41684  33.2%   4.2 2500s
 215780 153690  227.89781 1151   96  244.54901  163.41684  33.2%   4.2 2505s
 217330 154872  236.22660 1332   86  244.54901  163.41684  33.2%   4.2 2510s
 219196 156234  242.32995 1749   83  244.54901  163.41684  33.2%   4.2 2515s
 221108 157548  183.30924  420  125  244.54901  163.94071  33.0%   4.2 2521s
 222934 159031  191.11117  651  110  244.54901  163.94071  33.0%   4.1 2526s
 223949 159993  191.18288  761  107  244.54901  163.94071  33.0%   4.1 2532s
 225164 160654     cutoff  904       244.54901  163.94071  33.0%   4.1 2535s
 227324 161777  218.83119 1064   95  244.54901  163.94071  33.0%   4.1 2540s
 229909 163004  237.75119 1353   92  244.54901  163.94071  33.0%   4.1 2546s
 231191 164006  244.45990 1718   87  244.54901  163.94071  33.0%   4.1 2550s
 233429 165786  184.71540  378  132  244.54901  163.94071  33.0%   4.1 2557s
 235146 167054  196.12875  558  113  244.54901  163.94071  33.0%   4.1 2561s
 236437 168221  203.56352  732  106  244.54901  163.94071  33.0%   4.1 2565s
 238196 169358  217.72736  869  106  244.54901  163.94071  33.0%   4.1 2570s
 239143 170146  221.52951  937  105  244.54901  163.94071  33.0%   4.1 2576s
 241420 171089  221.95067 1287  103  244.54901  163.94071  33.0%   4.0 2581s
 242861 172293  228.69819 1561   93  244.54901  163.94071  33.0%   4.0 2586s
 244728 173464  241.56563 1850   79  244.54901  163.94071  33.0%   4.0 2591s
 246332 174656  169.52573  164  142  244.54901  163.94071  33.0%   4.0 2595s
 248100 176165  181.73605  298  127  244.54901  163.94071  33.0%   4.0 2601s
 249565 177517  189.23218  485  125  244.54901  163.94071  33.0%   4.0 2606s
 251580 178839  198.14568  650  106  244.54901  163.94071  33.0%   4.0 2612s
 252728 179365  205.32624  744  100  244.54901  163.94071  33.0%   4.0 2615s
 254231 180505  219.31430  982   94  244.54901  163.94071  33.0%   4.0 2622s
 255033 181479  221.35497 1098   92  244.54901  163.94071  33.0%   4.0 2626s
 256936 182776  231.20634 1388   85  244.54901  163.94071  33.0%   4.0 2632s
 258236 183391  238.00064 1656   77  244.54901  163.94071  33.0%   4.0 2635s
 260019 184610  182.08400  434  148  244.54901  163.94071  33.0%   3.9 2640s
 261384 185683  192.04199  537  125  244.54901  163.94071  33.0%   3.9 2645s
 263231 186990  208.59625  716  116  244.54901  163.94071  33.0%   3.9 2651s
 264849 188078  216.25293  965  105  244.54901  163.94071  33.0%   3.9 2656s
 266442 189352  229.46153 1172   95  244.54901  163.94071  33.0%   3.9 2662s
 267504 189793  233.66202 1270   89  244.54901  163.94071  33.0%   3.9 2665s
 269233 191233  241.59518 1538   74  244.54901  163.94071  33.0%   3.9 2675s
 271584 192604  186.32646  434  129  244.54901  163.94071  33.0%   3.9 2682s
 272430 193206  196.90062  488  122  244.54901  163.94071  33.0%   3.9 2685s
 274255 194092  219.24895  711  108  244.54901  163.94071  33.0%   3.9 2691s
 275960 195124  232.51628  884   89  244.54901  163.94071  33.0%   3.9 2696s
 277313 196350  238.14471 1012   92  244.54901  163.94071  33.0%   3.9 2702s
 278135 197071  240.52949 1146   85  244.54901  163.94071  33.0%   3.9 2705s
 279987 198112  179.39018  384  136  244.54901  163.94071  33.0%   3.8 2711s
 281720 199290  194.08148  508  116  244.54901  163.94071  33.0%   3.8 2717s
 283204 200417  213.72211  663  116  244.54901  163.94071  33.0%   3.8 2722s
 283947 201084  215.56519  782  108  244.54901  163.94071  33.0%   3.8 2729s
 285189 201536  226.68408  873  100  244.54901  163.94071  33.0%   3.8 2731s
 286621 202408  233.45300 1042  103  244.54901  163.94071  33.0%   3.8 2737s
 287920 203521  236.41761 1244   93  244.54901  163.94071  33.0%   3.8 2742s
 288638 204098  238.34169 1425   86  244.54901  163.95128  33.0%   3.8 2745s
 290149 205430  184.37518  443  138  244.54901  163.95128  33.0%   3.8 2750s
 291763 207028  211.05661  647  114  244.54901  163.95128  33.0%   3.8 2757s
 292705 207714  216.76953  771   96  244.54901  163.95128  33.0%   3.8 2760s
 294506 209377  226.98246  940   95  244.54901  163.95128  33.0%   3.8 2767s
 295439 210008  229.65783 1043   90  244.54901  163.95128  33.0%   3.8 2770s
 297302 211371  235.74973 1453   81  244.54901  164.06997  32.9%   3.8 2777s
 298291 212013  170.74748  188  127  244.54901  164.06997  32.9%   3.8 2780s
 299032 212747  186.07581  239  120  244.54901  164.06997  32.9%   3.8 2786s
 299903 213397  187.60059  317  122  244.54901  164.06997  32.9%   3.8 2790s
 301897 214906  201.43839  544  111  244.54901  164.06997  32.9%   3.8 2797s
 302678 215581  203.38038  630  110  244.54901  164.06997  32.9%   3.8 2800s
 304299 217103  224.22570  891  109  244.54901  164.06997  32.9%   3.8 2806s
 305342 217668  225.01694  994   97  244.54901  164.06997  32.9%   3.8 2810s
 306184 217757  231.62447 1082   94  244.54901  164.06997  32.9%   3.8 2815s
 307123 219120  237.87700 1246   90  244.54901  164.06997  32.9%   3.8 2821s
 307958 219716  237.98011 1372   88  244.54901  164.06997  32.9%   3.8 2825s
 309879 221010  172.25829  188  122  244.54901  164.09127  32.9%   3.8 2832s
 310717 221769  183.19330  234  125  244.54901  164.09127  32.9%   3.8 2835s
 312419 223147  201.40382  373  120  244.54901  164.09127  32.9%   3.8 2841s
 313250 223864  208.67129  502  116  244.54901  164.09127  32.9%   3.8 2845s
 314057 224585  216.95200  596   97  244.54901  164.09127  32.9%   3.8 2851s
 314970 225359  225.63031  699   92  244.54901  164.09127  32.9%   3.8 2855s
 316983 226506     cutoff  917       244.54901  164.17579  32.9%   3.7 2861s
 318411 227671  171.69486  273  138  244.54901  164.17579  32.9%   3.7 2867s
 319129 228367  189.20339  309  137  244.54901  164.17579  32.9%   3.7 2870s
 320945 229738  200.94327  452  127  244.54901  164.17579  32.9%   3.7 2877s
 321734 230327  207.27782  553  125  244.54901  164.17579  32.9%   3.7 2880s
 323356 231812  213.84831  776  117  244.54901  164.17579  32.9%   3.7 2887s
 324249 232568  223.62651  910  111  244.54901  164.17579  32.9%   3.7 2890s
 325942 233965  237.46027 1085   99  244.54901  164.17579  32.9%   3.7 2897s
 326718 234736  240.13451 1176  101  244.54901  164.17579  32.9%   3.7 2900s
 328588 236214  242.58340 1501   88  244.54901  164.17579  32.9%   3.7 2911s
 330340 237250  177.84339  220  124  244.54901  164.17579  32.9%   3.7 2918s
 331186 237915  185.77946  298  118  244.54901  164.17579  32.9%   3.7 2922s
 332112 238409  193.57704  373  116  244.54901  164.17579  32.9%   3.7 2925s
 333975 239792  201.92271  560  127  244.54901  164.17579  32.9%   3.7 2932s
 334777 240436  211.50166  628  113  244.54901  164.17579  32.9%   3.7 2935s
 336426 241860  219.60515  859   99  244.54901  164.17579  32.9%   3.7 2943s
 337329 242530  232.86028  934   90  244.54901  164.17579  32.9%   3.7 2947s
 338261 243018  234.84556 1043   85  244.54901  164.17579  32.9%   3.7 2950s
 339703 244219  240.78510 1264   79  244.54901  164.17579  32.9%   3.7 2957s
 340592 244800  241.02915 1422   75  244.54901  164.17579  32.9%   3.7 2960s
 342480 245929  167.33244  219  123  244.54901  164.20675  32.9%   3.7 2967s
 343182 246533  169.75596  276  127  244.54901  164.20675  32.9%   3.7 2974s
 344130 247085  179.75215  359  127  244.54901  164.20675  32.9%   3.7 2977s
 344932 247731  189.45276  461  121  244.54901  164.20675  32.9%   3.7 2981s
 345818 248451  202.00768  591  110  244.54901  164.20675  32.9%   3.7 2985s
 347551 249893  211.41539  852   96  244.54901  164.20675  32.9%   3.7 2992s
 348448 250477  220.11862  993   88  244.54901  164.20675  32.9%   3.7 2996s
 349322 251063     cutoff 1122       244.54901  164.23470  32.8%   3.6 3000s
 351216 252110  231.18311  289  128  244.54901  164.23470  32.8%   3.6 3007s
 351968 252735  234.82035  338  130  244.54901  164.23470  32.8%   3.6 3010s
 353526 254061  175.90170  315  124  244.54901  164.23470  32.8%   3.6 3017s
 354235 254806  180.37360  409  128  244.54901  164.23470  32.8%   3.6 3020s
 356034 256197  209.08321  541  126  244.54901  164.23470  32.8%   3.6 3028s
 356931 256817  221.22345  598  121  244.54901  164.23470  32.8%   3.6 3031s
 357735 257772  227.15754  712   95  244.54901  164.23470  32.8%   3.6 3038s
 358784 258372  230.25380  813  101  244.54901  164.23470  32.8%   3.6 3042s
 359583 259009  236.41845  938   92  244.54901  164.23470  32.8%   3.6 3045s
 361343 260182  236.74669 1145   90  244.54901  164.23470  32.8%   3.6 3052s
 362190 260863  242.57693 1260   85  244.54901  164.23470  32.8%   3.6 3055s
 363751 261929  243.27915 1469   82  244.54901  164.23470  32.8%   3.6 3062s
 364532 262577  172.45758  323  123  244.54901  164.38456  32.8%   3.6 3065s
 366096 263755  180.87800  430  117  244.54901  164.38456  32.8%   3.6 3072s
 367074 264304  190.50134  508  133  244.54901  164.38456  32.8%   3.6 3076s
 368692 265651  211.66873  696  111  244.54901  164.38456  32.8%   3.6 3082s
 369470 266337  217.48909  749  102  244.54901  164.38456  32.8%   3.6 3085s
 370991 267579  233.23784  970   97  244.54901  164.38456  32.8%   3.6 3092s
 371766 268226  237.44582 1071   91  244.54901  164.38456  32.8%   3.6 3095s
 372650 269103  239.01639 1217   89  244.54901  164.38456  32.8%   3.6 3102s
 373752 269239  239.47496 1426   83  244.54901  164.38456  32.8%   3.6 3111s
 373930 270281  179.67400  241  112  244.54901  164.38456  32.8%   3.6 3115s
 376066 271890  202.98434  513  119  244.54901  164.38456  32.8%   3.6 3124s
 377256 272895  213.19131  667  109  244.54901  164.38456  32.8%   3.6 3128s
 378471 273557  220.47544  826  107  244.54901  164.38456  32.8%   3.6 3132s
 379556 274088  231.81647 1000   96  244.54901  164.39100  32.8%   3.6 3135s
 381253 275532  186.11035  294  115  244.54901  164.39100  32.8%   3.6 3142s
 382059 276405  193.68439  372  121  244.54901  164.39100  32.8%   3.6 3145s
 383989 277726  213.38035  584  115  244.54901  164.39100  32.8%   3.6 3152s
 384862 278526  214.66293  726  110  244.54901  164.39100  32.8%   3.6 3156s
 386343 279268     cutoff 1089       244.54901  164.39100  32.8%   3.6 3160s
 387549 280805  166.95287  203  124  244.54901  164.39100  32.8%   3.6 3169s
 388535 281513  177.92112  288  115  244.54901  164.39100  32.8%   3.6 3173s
 389399 282161  195.34760  379  120  244.54901  164.39100  32.8%   3.6 3176s
 390170 282954  202.05644  471  117  244.54901  164.39100  32.8%   3.6 3180s
 391941 284561  214.66787  725  105  244.54901  164.39100  32.8%   3.6 3187s
 392860 285367  224.00338  827  105  244.54901  164.39100  32.8%   3.6 3191s
 393843 286143  235.27119  946   98  244.54901  164.39100  32.8%   3.6 3195s
 395837 287669  241.21073 1194   86  244.54901  164.39100  32.8%   3.6 3203s
 396916 288359  241.57966 1399   83  244.54901  164.39100  32.8%   3.6 3207s
 397893 289104  176.15387  232  129  244.54901  164.39100  32.8%   3.6 3210s
 399777 290560  206.50422  426  125  244.54901  164.39100  32.8%   3.6 3218s
 400844 291312  215.66287  534  115  244.54901  164.39100  32.8%   3.6 3222s
 401975 292142  225.32622  655  114  244.54901  164.39100  32.8%   3.5 3229s
 403101 292714  237.82614  806  109  244.54901  164.39100  32.8%   3.5 3233s
 403979 293439  169.77634  207  138  244.54901  164.39100  32.8%   3.5 3236s
 404813 294148  182.31361  263  131  244.54901  164.39100  32.8%   3.5 3240s
 406507 295394  217.37787  407  117  244.54901  164.39100  32.8%   3.5 3246s
 407285 296019  225.02183  495  110  244.54901  164.39100  32.8%   3.5 3250s
 409003 297516  244.35293  672   96  244.54901  164.39100  32.8%   3.5 3257s
 409884 298285  177.36042  226  123  244.54901  164.39100  32.8%   3.5 3260s
 411697 299924  187.02689  391  121  244.54901  164.39100  32.8%   3.5 3268s
 412652 300713  196.58292  476  120  244.54901  164.39100  32.8%   3.5 3271s
 413599 301536  198.98647  595  130  244.54901  164.39100  32.8%   3.5 3276s
 415687 302466  207.74130  872  117  244.54901  164.39100  32.8%   3.5 3282s
 416288 303009  215.09357  945  105  244.54901  164.39100  32.8%   3.5 3285s
 417284 303778  227.62470 1050   99  244.54901  164.39100  32.8%   3.5 3292s
 418251 304570  231.01482 1177   94  244.54901  164.39100  32.8%   3.5 3296s
 420062 306188  237.25421 1469   84  244.54901  164.39100  32.8%   3.5 3303s
 421028 307016  237.29073 1606   78  244.54901  164.39100  32.8%   3.5 3307s
 422051 307776  239.70446 1793   67  244.54901  164.39100  32.8%   3.5 3310s
 423617 309042  180.50807  304  133  244.54901  164.39100  32.8%   3.5 3317s
 424499 309626  196.23535  389  123  244.54901  164.39100  32.8%   3.5 3320s
 426351 310954  213.41411  566  118  244.54901  164.39100  32.8%   3.5 3328s
 427228 311624  216.02875  701  104  244.54901  164.39100  32.8%   3.5 3331s
 428029 312221  222.35843  799  106  244.54901  164.39100  32.8%   3.5 3335s
 429753 313652  185.12646  275  121  244.54901  164.39100  32.8%   3.5 3341s
 430523 314520  189.09304  366  131  244.54901  164.39100  32.8%   3.5 3345s
 432347 315951  201.76542  551  122  244.54901  164.39100  32.8%   3.5 3355s
 434123 317581  204.46943  820  108  244.54901  164.39100  32.8%   3.5 3363s
 435074 318382  217.16021  968   98  244.54901  164.39100  32.8%   3.5 3367s
 436080 319149  227.77394 1069   91  244.54901  164.39100  32.8%   3.5 3371s
 437751 320553  233.77388 1209   86  244.54901  164.39100  32.8%   3.5 3378s
 438682 321307  236.10806 1299   79  244.54901  164.39100  32.8%   3.5 3382s
 439696 322100  240.13805 1525   77  244.54901  164.39100  32.8%   3.5 3386s
 440707 322676  174.10017  237  123  244.54901  164.39100  32.8%   3.5 3390s
 442391 324080  185.54737  423  132  244.54901  164.39100  32.8%   3.5 3397s
 443201 324893  191.68544  500  133  244.54901  164.39100  32.8%   3.5 3401s
 444216 325611  205.01828  632  120  244.54901  164.39100  32.8%   3.5 3405s
 445929 326737  218.12378  892  109  244.54901  164.39100  32.8%   3.5 3412s
 446682 327461  220.76930  998  116  244.54901  164.39100  32.8%   3.5 3416s
 447673 328062  186.10701  218  114  244.54901  164.39100  32.8%   3.5 3422s
 448579 328720  196.04020  286  116  244.54901  164.39100  32.8%   3.5 3426s
 449323 329390  205.80031  357  119  244.54901  164.39100  32.8%   3.5 3430s
 451083 330844  222.40452  592  100  244.54901  164.39100  32.8%   3.5 3438s
 452029 331663  227.42368  724  100  244.54901  164.39100  32.8%   3.5 3442s
 453077 332438  240.70974  822   82  244.54901  164.39100  32.8%   3.5 3446s
 454145 332995  242.75035  998   80  244.54901  164.39100  32.8%   3.5 3450s
 455691 334270  180.49275  326  129  244.54901  164.39100  32.8%   3.5 3457s
 456499 335001  184.94518  403  128  244.54901  164.39100  32.8%   3.5 3461s
 457509 335823  192.18259  471  120  244.54901  164.39100  32.8%   3.5 3465s
 459272 337376  213.07344  724  107  244.54901  164.39100  32.8%   3.5 3472s
 460211 338069  238.78676  835   92  244.54901  164.39100  32.8%   3.5 3476s
 461191 338803  178.05069  207  129  244.54901  164.39100  32.8%   3.5 3481s
 462314 339491  188.31692  288  118  244.54901  164.39100  32.8%   3.5 3488s
 463256 340118  195.09346  344  123  244.54901  164.39100  32.8%   3.5 3491s
 464160 340823     cutoff  446       244.54901  164.39100  32.8%   3.5 3495s
 465870 342160  218.70137  640   97  244.54901  164.39100  32.8%   3.5 3502s
 466747 342758  221.31708  749   98  244.54901  164.39100  32.8%   3.5 3506s
 467614 343496  234.94288  843   85  244.54901  164.39100  32.8%   3.5 3510s
 469473 344850  173.86800  190  125  244.54901  164.39100  32.8%   3.5 3518s
 470360 345412  185.30090  261  117  244.54901  164.39100  32.8%   3.5 3521s
 471789 346726  200.30191  393  112  244.54901  164.39100  32.8%   3.5 3528s
 472621 347403  206.57525  487  122  244.54901  164.39100  32.8%   3.5 3532s
 473538 348070  211.07354  619  111  244.54901  164.39100  32.8%   3.5 3536s
 474340 348909  211.57559  727  105  244.54901  164.39100  32.8%   3.5 3540s
 476088 350291  178.96548  288  120  244.54901  164.39100  32.8%   3.5 3547s
 476846 351050  187.22523  366  119  244.54901  164.39100  32.8%   3.5 3554s
 477750 351789  194.37641  456  118  244.54901  164.39100  32.8%   3.5 3557s
 478632 352393  204.35962  546  107  244.54901  164.39100  32.8%   3.5 3561s
 479482 353073  210.50577  690   98  244.54901  164.39100  32.8%   3.5 3565s
 481116 354458  223.08777  869   94  244.54901  164.39100  32.8%   3.5 3573s
 481931 355139  232.83215  953   87  244.54901  164.39100  32.8%   3.5 3577s
 482798 355816  237.32633 1058   86  244.54901  164.39100  32.8%   3.5 3581s
 483733 356447  240.77853 1232   80  244.54901  164.39100  32.8%   3.5 3585s
 485713 357693  178.68051  268  120  244.54901  164.39100  32.8%   3.5 3593s
 486479 358349  184.47152  322  117  244.54901  164.39100  32.8%   3.5 3596s
 487201 359127  191.42925  428  118  244.54901  164.39100  32.8%   3.5 3600s
 489015 360670  209.22546  656  111  244.54901  164.39100  32.8%   3.5 3608s
 489919 361398  213.84218  763  105  244.54901  164.39602  32.8%   3.5 3612s
 490837 362031  192.42166  245  112  244.54901  164.39602  32.8%   3.5 3616s
 491567 362820  201.46899  324  109  244.54901  164.39602  32.8%   3.5 3622s
 492389 363725  212.39833  440  105  244.54901  164.39602  32.8%   3.5 3626s
 493449 364444  218.22458  600  125  244.54901  164.39602  32.8%   3.5 3630s
 495160 365833  224.61773  821  116  244.54901  164.39602  32.8%   3.5 3637s
 496170 366451  240.47406  927   94  244.54901  164.39602  32.8%   3.5 3641s
 496900 367052  241.41367 1005  102  244.54901  164.40152  32.8%   3.5 3645s
 498480 368162  180.35171  280  121  244.54901  164.40303  32.8%   3.5 3652s
 499119 368871  198.11635  336  116  244.54901  164.40303  32.8%   3.5 3656s
 499901 369683  207.40940  448  110  244.54901  164.40303  32.8%   3.5 3660s
 501602 370999  220.16817  683  108  244.54901  164.40303  32.8%   3.5 3667s
 502453 371566  224.20316  818  100  244.54901  164.40303  32.8%   3.5 3671s
 503241 371664  176.71959  215  126  244.54901  164.40303  32.8%   3.5 3680s
 504211 373083  191.80016  292  110  244.54901  164.40303  32.8%   3.5 3688s
 505046 373744  192.96416  404  116  244.54901  164.40303  32.8%   3.5 3691s
 505832 374342  203.51259  499  105  244.54901  164.40303  32.8%   3.5 3695s
 506716 375108  214.29496  589  101  244.54901  164.40303  32.8%   3.5 3703s
 507729 375530  224.88681  749  105  244.54901  164.40303  32.8%   3.5 3706s
 508414 376094  233.58940  845  105  244.54901  164.40303  32.8%   3.5 3710s
 509760 377387  185.29647  290  119  244.54901  164.40303  32.8%   3.5 3717s
 510592 378171  199.01769  341  117  244.54901  164.40303  32.8%   3.5 3722s
 511697 378858  209.65467  485  118  244.54901  164.40303  32.8%   3.5 3726s
 512725 379343  217.15685  638  117  244.54901  164.40303  32.8%   3.5 3730s
 514222 380410  224.23918  773  101  244.54901  164.40303  32.8%   3.5 3737s
 514973 380959  224.38815  896  111  244.54901  164.40303  32.8%   3.5 3741s
 515795 381676     cutoff  939       244.54901  164.40303  32.8%   3.5 3745s
 517529 383106  166.79271  208  131  244.54901  164.40569  32.8%   3.5 3754s
 518451 383670  179.08677  287  120  244.54901  164.40569  32.8%   3.5 3758s
 519240 384274  185.72022  363  121  244.54901  164.40569  32.8%   3.5 3762s
 520051 384943  192.89209  455  139  244.54901  164.40569  32.8%   3.5 3766s
 520924 385641  203.29250  548  126  244.54901  164.40569  32.8%   3.5 3770s
 521746 386414  208.82709  712  115  244.54901  164.40569  32.8%   3.5 3777s
 522626 387230  218.90070  772  100  244.54901  164.40569  32.8%   3.5 3781s
 523564 387923  227.80259  883   91  244.54901  164.40569  32.8%   3.5 3785s
 524541 388542  235.42377  987   84  244.54901  164.40569  32.8%   3.5 3790s
 526308 389759  239.86025 1230   84  244.54901  164.40569  32.8%   3.5 3798s
 527225 390263  239.87115 1345   77  244.54901  164.40569  32.8%   3.5 3802s
 528095 390828  241.93353 1513   74  244.54901  164.42802  32.8%   3.5 3806s
 529667 392078  186.26871  310  127  244.54901  164.42802  32.8%   3.5 3813s
 530516 392704  203.23464  390  115  244.54901  164.42802  32.8%   3.5 3817s
 531313 393278  207.81057  472  117  244.54901  164.42802  32.8%   3.5 3821s
 532709 394585  225.02454  730  114  244.54901  164.42802  32.8%   3.5 3828s
 533512 395153  229.04689  829  113  244.54901  164.43180  32.8%   3.5 3832s
 534214 395698  175.42752  239  157  244.54901  164.43180  32.8%   3.5 3836s
 534905 396323  191.74750  303  118  244.54901  164.43180  32.8%   3.5 3840s
 536490 397450  199.86770  497  122  244.54901  164.43180  32.8%   3.5 3851s
 537352 398061  207.43577  635  119  244.54901  164.43180  32.8%   3.5 3855s
 539028 399466  227.12513  831  105  244.54901  164.43180  32.8%   3.4 3864s
 539960 400135  233.04187  937   98  244.54901  164.43180  32.8%   3.4 3868s
 540753 400896  236.00154 1020   92  244.54901  164.43180  32.8%   3.4 3873s
 541709 401643  239.66377 1177   93  244.54901  164.43180  32.8%   3.4 3877s
 542602 402372  239.81460 1290   90  244.54901  164.43180  32.8%   3.4 3882s
 543604 402947  239.86591 1419   89  244.54901  164.43180  32.8%   3.4 3886s
 544648 403452  243.02037 1621   77  244.54901  164.46966  32.7%   3.4 3891s
 545614 404044  179.68403  216  123  244.54901  164.46966  32.7%   3.4 3895s
 546411 404672  189.24563  310  119  244.54901  164.46966  32.7%   3.4 3900s
 548192 405781  205.11286  518  116  244.54901  164.46966  32.7%   3.4 3909s
 549113 406253  215.77904  678  111  244.54901  164.46966  32.7%   3.4 3913s
 550071 406733  221.81053  804  105  244.54901  164.46966  32.7%   3.4 3917s
 550883 407295  233.15437  892   95  244.54901  164.46966  32.7%   3.4 3922s
 551587 408036  237.58474  984   91  244.54901  164.46966  32.7%   3.4 3929s
 552458 408676  241.79290 1082   89  244.54901  164.46966  32.7%   3.4 3934s
 553360 409233  243.56746 1264   86  244.54901  164.46966  32.7%   3.4 3938s
 554148 409940  243.61075 1392   87  244.54901  164.46966  32.7%   3.4 3943s
 555198 410463  175.99130  277  140  244.54901  164.46966  32.7%   3.4 3947s
 555940 411115  183.19561  333  123  244.54901  164.46966  32.7%   3.4 3951s
 556875 411647  189.88762  404  119  244.54901  164.46966  32.7%   3.4 3956s
 557617 412245  199.43252  502  120  244.54901  164.46966  32.7%   3.4 3960s
 559170 413543  211.32429  725  114  244.54901  164.46966  32.7%   3.4 3969s
 560013 414242  217.21842  848  111  244.54901  164.46966  32.7%   3.4 3973s
 560799 414979  223.50109  933  106  244.54901  164.46966  32.7%   3.4 3977s
 561687 415645  229.45457 1034   98  244.54901  164.46966  32.7%   3.4 3982s
 562652 416306  231.68273 1107   90  244.54901  164.46966  32.7%   3.4 3987s
 563594 416865  238.69302 1212   86  244.54901  164.46966  32.7%   3.4 3992s
 564503 417463  182.68519  294  126  244.54901  164.46966  32.7%   3.4 3997s
 565523 418072  187.08230  356  120  244.54901  164.46966  32.7%   3.4 4001s
 566446 418744  196.45370  418  118  244.54901  164.46966  32.7%   3.4 4009s
 567399 419318  208.45160  515  108  244.54901  164.46966  32.7%   3.4 4014s
 568391 420006  212.17243  606  110  244.54901  164.46966  32.7%   3.4 4018s
 569203 420491  220.36295  732  100  244.54901  164.46966  32.7%   3.4 4023s
 569907 421085  221.63411  819  100  244.54901  164.46966  32.7%   3.4 4027s
 570811 421638     cutoff  911       244.54901  164.48845  32.7%   3.4 4032s
 571765 422250  178.44985  260  138  244.54901  164.48845  32.7%   3.4 4036s
 572507 422777  181.91975  307  136  244.54901  164.48845  32.7%   3.4 4040s
 573163 423352  187.80410  376  120  244.54901  164.48845  32.7%   3.4 4045s
 574837 424787  201.88766  517  122  244.54901  164.48845  32.7%   3.4 4053s
 575625 425452  209.61644  627  112  244.54901  164.48845  32.7%   3.4 4057s
 576468 426049  214.50956  708  103  244.54901  164.48845  32.7%   3.4 4062s
 577348 426601  215.03287  803   94  244.54901  164.48845  32.7%   3.4 4066s
 578085 427198  221.41110  872   96  244.54901  164.48845  32.7%   3.4 4070s
 578776 427849  221.42231  939   97  244.54901  164.48845  32.7%   3.4 4075s
 580478 429235  225.93449 1212   84  244.54901  164.48845  32.7%   3.4 4084s
 581297 429985  225.99358 1321   82  244.54901  164.48845  32.7%   3.4 4092s
 582422 430521  228.26417 1536   78  244.54901  164.48845  32.7%   3.4 4096s
 583236 431038  228.48638 1659   78  244.54901  164.48845  32.7%   3.4 4101s
 584580 431446  244.54601 1550   80  244.54901  164.48845  32.7%   3.4 4105s
 585463 432675  242.69801 2007   68  244.54901  164.48845  32.7%   3.4 4113s
 586194 433289  243.72611 2077   71  244.54901  164.48845  32.7%   3.4 4117s
 586958 433827  243.73004 2130   71  244.54901  164.48845  32.7%   3.4 4122s
 587654 434400  243.73006 2186   71  244.54901  164.48845  32.7%   3.4 4126s
 588430 434941  243.73023 2242   71  244.54901  164.48845  32.7%   3.4 4131s
 589320 435593  244.48077 2342   66  244.54901  164.52904  32.7%   3.4 4135s
 590088 436257  177.63171  237  118  244.54901  164.52904  32.7%   3.4 4140s
 591807 437530  193.35607  427  106  244.54901  164.52904  32.7%   3.4 4149s
 592689 438120  208.41721  508  103  244.54901  164.52904  32.7%   3.4 4154s
 593520 438745  210.96628  617   99  244.54901  164.52904  32.7%   3.4 4159s
 594470 439334  211.12158  740   99  244.54901  164.52904  32.7%   3.4 4163s
 595368 439937  215.03280  812   96  244.54901  164.52904  32.7%   3.4 4168s
 596153 440702  216.30772  988   92  244.54901  164.52904  32.7%   3.4 4175s
 596933 441550  218.71065 1089   91  244.54901  164.52904  32.7%   3.4 4180s
 597901 442286  219.29412 1269   87  244.54901  164.52904  32.7%   3.4 4185s
 598871 442906  224.94165 1444   83  244.54901  164.52904  32.7%   3.4 4190s
 599700 443604  225.22816 1591   82  244.54901  164.52904  32.7%   3.4 4195s
 600654 444201  230.31952 1782   76  244.54901  164.52904  32.7%   3.4 4200s
 601765 444757  242.18952  808   91  244.54901  164.52904  32.7%   3.4 4205s
 602421 445349  222.61940  308  107  244.54901  164.52904  32.7%   3.4 4210s
 603478 445958  237.18145 1482   75  244.54901  164.52904  32.7%   3.4 4215s
 604628 447190  243.65139 2217   63  244.54901  164.52904  32.7%   3.4 4224s
 605369 447838  243.65140 2300   62  244.54901  164.52904  32.7%   3.4 4228s
 606224 448451  166.97220  193  129  244.54901  164.52904  32.7%   3.4 4233s
 607037 449078  183.30678  242  130  244.54901  164.52904  32.7%   3.4 4238s
 607837 449766  187.42425  315  121  244.54901  164.52904  32.7%   3.4 4243s
 608643 450396  195.33288  421  114  244.54901  164.52904  32.7%   3.4 4247s
 609465 451132  205.76762  521  107  244.54901  164.52904  32.7%   3.4 4252s
 610401 451299  212.04075  637  100  244.54901  164.52904  32.7%   3.4 4262s
 610659 451915  212.04075  639  101  244.54901  164.52904  32.7%   3.4 4270s
 612160 453099  214.57902  781  101  244.54901  164.52904  32.7%   3.4 4279s
 613197 453771  220.81661  856   99  244.54901  164.52904  32.7%   3.4 4285s
 614145 454461  226.91061 1024   90  244.54901  164.52904  32.7%   3.4 4290s
 615117 455085  229.31388 1213   89  244.54901  164.52904  32.7%   3.4 4295s
 616094 455740  229.47342 1341   89  244.54901  164.52904  32.7%   3.4 4300s
 617086 456246  238.17253 1539   83  244.54901  164.52904  32.7%   3.4 4305s
 617923 456809  170.91624  186  139  244.54901  164.52904  32.7%   3.4 4310s
 618703 457374  175.92996  243  130  244.54901  164.52904  32.7%   3.4 4315s
 620140 458372  183.85265  329  127  244.54901  164.52904  32.7%   3.4 4324s
 621005 458896  194.47838  404  117  244.54901  164.52904  32.7%   3.4 4328s
 621870 459463  205.54383  445  108  244.54901  164.52904  32.7%   3.4 4333s
 622675 460088  217.88804  534  102  244.54901  164.52904  32.7%   3.4 4338s
 623423 460737  221.17069  636  102  244.54901  164.52904  32.7%   3.4 4342s
 624132 461278  233.32781  733   98  244.54901  164.52904  32.7%   3.4 4346s
 624737 461984  239.08149  799   91  244.54901  164.52904  32.7%   3.4 4352s
 625586 462618  242.28878  882   93  244.54901  164.52904  32.7%   3.4 4360s
 626564 463072  243.68294 1045   88  244.54901  164.58044  32.7%   3.4 4365s
 627470 463678  177.61438  205  122  244.54901  164.58044  32.7%   3.4 4370s
 628798 464770  190.12179  324  118  244.54901  164.58044  32.7%   3.4 4379s
 629650 465421  201.64947  405  117  244.54901  164.58044  32.7%   3.4 4385s
 631300 466405  215.19946  602  113  244.54901  164.58044  32.7%   3.4 4394s
 632034 466981  223.56615  701   95  244.54901  164.58044  32.7%   3.4 4398s
 632697 467599  223.79827  783  101  244.54901  164.58044  32.7%   3.4 4403s
 633444 468326  234.60130  854  102  244.54901  164.58044  32.7%   3.4 4408s
 634278 468980  236.93343  941   92  244.54901  164.58044  32.7%   3.4 4414s
 635139 469505  238.63195 1019   92  244.54901  164.58044  32.7%   3.4 4419s
 635829 470015  239.67965 1103   94  244.54901  164.58044  32.7%   3.4 4424s
 636625 470458  241.45561 1298   91  244.54901  164.58044  32.7%   3.4 4429s
 637282 471087  241.67516 1389   92  244.54901  164.59976  32.7%   3.4 4434s
 638132 471825  165.85146  223  123  244.54901  164.59976  32.7%   3.4 4440s
 638933 472596  187.54759  294  115  244.54901  164.59976  32.7%   3.4 4445s
 639776 473340  197.13948  395  112  244.54901  164.59976  32.7%   3.4 4451s
 640664 474061  211.14607  501  108  244.54901  164.59976  32.7%   3.4 4459s
 641548 474670  214.24908  625  100  244.54901  164.59976  32.7%   3.4 4465s
 642382 475276  228.33022  750   91  244.54901  164.59976  32.7%   3.4 4470s
 643174 475938  232.70299  851   94  244.54901  164.59976  32.7%   3.4 4476s
 644052 476394  233.63607  997   88  244.54901  164.59976  32.7%   3.4 4482s
 644850 477004  233.81701 1114   88  244.54901  164.59976  32.7%   3.4 4488s
 645662 477776  239.35419 1272   88  244.54901  164.59976  32.7%   3.4 4494s
 646554 478556  239.92729 1411   77  244.54901  164.59976  32.7%   3.4 4499s
 646750 478556  198.57121  337  113  244.54901  164.59976  32.7%   3.4 4500s
 647452 479243  240.26203 1497   74  244.54901  164.59976  32.7%   3.4 4505s
 648319 479870  240.82061 1563   78  244.54901  164.59976  32.7%   3.4 4511s
 649188 480646  174.81123  262  127  244.54901  164.59976  32.7%   3.4 4517s
 650067 481364  192.15790  350  111  244.54901  164.59976  32.7%   3.4 4523s
 651048 482066  205.46000  456  103  244.54901  164.59976  32.7%   3.4 4529s
 651952 482749  220.60143  531  100  244.54901  164.59976  32.7%   3.4 4535s
 652823 483459  226.81119  637  102  244.54901  164.59976  32.7%   3.4 4541s
 653703 484080  229.98261  753  103  244.54901  164.59976  32.7%   3.4 4547s
 654564 484713  240.44647  870   90  244.54901  164.59976  32.7%   3.4 4553s
 655397 485228  242.49432  970   86  244.54901  164.59976  32.7%   3.4 4561s
 656334 485748  242.89742 1156   85  244.54901  164.59976  32.7%   3.4 4566s
 657033 486392  174.02035  213  122  244.54901  164.59976  32.7%   3.4 4572s
 657789 487115  186.69537  287  114  244.54901  164.59976  32.7%   3.4 4577s
 658568 487878  202.72145  372  104  244.54901  164.59976  32.7%   3.4 4583s
 659446 488521  220.51027  474  102  244.54901  164.59976  32.7%   3.4 4588s
 660242 489192  227.30546  585   94  244.54901  164.59976  32.7%   3.4 4594s
 661044 489865  183.85176  209  118  244.54901  164.59976  32.7%   3.4 4600s
 661849 490561  203.01900  282  115  244.54901  164.59976  32.7%   3.4 4606s
 662685 491338  209.92457  362  119  244.54901  164.59976  32.7%   3.4 4612s
 663615 492003  222.14785  466  119  244.54901  164.59976  32.7%   3.4 4618s
 664489 492591  229.14671  578  107  244.54901  164.59976  32.7%   3.4 4625s
 665334 493263  231.98332  725  100  244.54901  164.59976  32.7%   3.4 4630s
 666117 493882  242.55921  838   92  244.54901  164.59976  32.7%   3.4 4636s
 666841 494728  184.20652  242  120  244.54901  164.59976  32.7%   3.4 4642s
 667738 495558  202.15705  352  115  244.54901  164.59976  32.7%   3.4 4648s
 668734 496261  220.68198  436  124  244.54901  164.59976  32.7%   3.4 4655s
 669719 496878     cutoff  552       244.54901  164.59976  32.7%   3.4 4661s
 670648 497419  244.40867  645  117  244.54901  164.59976  32.7%   3.4 4670s
 671485 498099  175.50654  246  120  244.54901  164.59976  32.7%   3.4 4676s
 672321 498828  189.38175  323  128  244.54901  164.59976  32.7%   3.4 4682s
 673252 499648  200.58987  463  118  244.54901  164.59976  32.7%   3.4 4688s
 674184 500361  211.14773  550  117  244.54901  164.59976  32.7%   3.4 4694s
 675004 501036  218.85385  653   98  244.54901  164.59976  32.7%   3.4 4700s
 675921 501757  219.34535  777   97  244.54901  164.59976  32.7%   3.4 4706s
 676761 502348     cutoff  836       244.54901  164.59976  32.7%   3.4 4712s
 677517 503017  243.24065  928   70  244.54901  164.59976  32.7%   3.4 4718s
 678403 503693  178.20047  273  117  244.54901  164.59976  32.7%   3.4 4724s
 679287 504368  192.18557  332  117  244.54901  164.59976  32.7%   3.4 4730s
 680318 505042  200.12452  442  117  244.54901  164.59976  32.7%   3.4 4736s
 681106 505744  213.91918  535  108  244.54901  164.59976  32.7%   3.4 4742s
 681920 506503  219.14130  615  103  244.54901  164.59976  32.7%   3.4 4748s
 682709 507212  229.89002  699   87  244.54901  164.59976  32.7%   3.4 4754s
 683613 507880  230.48914  784   85  244.54901  164.59976  32.7%   3.4 4760s
 684464 508490  239.84800  860   84  244.54901  164.59976  32.7%   3.4 4766s
 685328 509118  242.09107  964   77  244.54901  164.59976  32.7%   3.4 4775s
 686232 509692  244.08235 1068   71  244.54901  164.61638  32.7%   3.4 4781s
 687077 510372  175.67426  270  119  244.54901  164.61638  32.7%   3.4 4787s
 687909 510968  191.83449  332  114  244.54901  164.61638  32.7%   3.4 4793s
 688730 511694  207.81110  416  102  244.54901  164.61638  32.7%   3.4 4799s
 689555 512337  221.64416  535  102  244.54901  164.61638  32.7%   3.4 4804s
 690333 513198  234.51235  654   90  244.54901  164.61638  32.7%   3.4 4811s
 691349 513895  234.74447  794   89  244.54901  164.61638  32.7%   3.4 4817s
 692292 514479  167.28174  191  122  244.54901  164.61638  32.7%   3.4 4823s
 693147 515101  184.81904  265  114  244.54901  164.61638  32.7%   3.4 4829s
 693555 515101  243.79244 1298   86  244.54901  164.61638  32.7%   3.4 4830s
 694042 515780  199.02455  338  110  244.54901  164.61638  32.7%   3.4 4835s
 694919 516446  223.35974  413  105  244.54901  164.61638  32.7%   3.4 4841s
 695658 517027  229.91147  486  106  244.54901  164.61638  32.7%   3.4 4846s
 696303 517762  230.02418  500  135  244.54901  164.61638  32.7%   3.4 4852s
 697242 518353  235.96603  594  100  244.54901  164.61638  32.7%   3.4 4858s
 698081 518836  240.88206  695   96  244.54901  164.64056  32.7%   3.4 4864s
 698868 519425  177.06949  229  116  244.54901  164.64056  32.7%   3.4 4870s
 699623 520149  188.23781  287  115  244.54901  164.64056  32.7%   3.4 4876s
 700418 520873  204.29439  364  115  244.54901  164.64056  32.7%   3.4 4885s
 701284 521534  211.62800  471  122  244.54901  164.64056  32.7%   3.4 4892s
 702258 522184  217.50620  553  108  244.54901  164.64056  32.7%   3.4 4898s
 703114 522788  225.14199  626   99  244.54901  164.64056  32.7%   3.4 4904s
 703868 523376  240.58350  699   90  244.54901  164.64861  32.7%   3.4 4910s
 704696 524090  167.54906  224  124  244.54901  164.68982  32.7%   3.4 4916s
 705566 524704  181.84552  301  113  244.54901  164.68982  32.7%   3.3 4922s
 706455 525382  194.43142  381  105  244.54901  164.68982  32.7%   3.3 4929s
 707435 525967  203.02474  514  100  244.54901  164.68982  32.7%   3.3 4936s
 708300 526603  212.19264  607   94  244.54901  164.68982  32.7%   3.3 4942s
 709230 527195  216.40095  709   90  244.54901  164.68982  32.7%   3.3 4948s
 709918 527748  174.92476  228  128  244.54901  164.68982  32.7%   3.3 4954s
 710615 528327  190.99914  324  114  244.54901  164.68982  32.7%   3.3 4959s
 711309 528898  199.86036  406  115  244.54901  164.68982  32.7%   3.3 4966s
 712245 529288  212.68018  505  106  244.54901  164.68982  32.7%   3.3 4972s
 712975 529949  218.93209  593   97  244.54901  164.68982  32.7%   3.3 4978s
 713857 530681  232.76865  690   87  244.54901  164.68982  32.7%   3.3 4985s
 714785 531246  232.13878  788   79  244.54901  164.68982  32.7%   3.3 4991s
 715627 532110  235.03384  901   83  244.54901  164.68982  32.7%   3.3 5002s
 716745 532588  237.35575 1100   75  244.54901  164.68982  32.7%   3.3 5007s
 717424 533181  237.57632 1179   74  244.54901  164.68982  32.7%   3.3 5014s
 718472 533585  242.64690 1347   71  244.54901  164.68982  32.7%   3.3 5020s
 719325 534132  166.54206  224  129  244.54901  164.68982  32.7%   3.3 5025s
 719965 534656  175.40754  277  125  244.54901  164.68982  32.7%   3.3 5030s
 720714 535257  190.80620  312  114  244.54901  164.68982  32.7%   3.3 5036s
 721540 535873  198.60477  406  110  244.54901  164.68982  32.7%   3.3 5042s
 722351 535905  203.23750  509  112  244.54901  164.68982  32.7%   3.3 5055s
 722385 536557  203.23750  510  112  244.54901  164.68982  32.7%   3.3 5060s
 723097 537184  212.29970  576  115  244.54901  164.68982  32.7%   3.3 5066s
 723815 537791  213.18920  674  108  244.54901  164.68982  32.7%   3.3 5071s
 724561 538367  219.19886  764   95  244.54901  164.68982  32.7%   3.3 5077s
 725265 538919  221.52981  845   96  244.54901  164.68982  32.7%   3.3 5084s
 726017 539532  223.80098  952   91  244.54901  164.68982  32.7%   3.3 5090s
 726818 540122  224.18358 1115   91  244.54901  164.68982  32.7%   3.3 5096s
 727502 540756  226.21012 1236   87  244.54901  164.68982  32.7%   3.3 5102s
 728410 541333  235.66723 1435   70  244.54901  164.68982  32.7%   3.3 5108s
 729205 541989  243.65229 1601   81  244.54901  164.69126  32.7%   3.3 5115s
 730104 542772  177.88297  244  122  244.54901  164.69126  32.7%   3.3 5125s
 731051 543525  194.24578  313  111  244.54901  164.69126  32.7%   3.3 5132s
 731915 544180  199.50794  405  115  244.54901  164.69126  32.7%   3.3 5138s
 732751 544767  209.99745  489  102  244.54901  164.69126  32.7%   3.3 5144s
 733478 545342  211.51221  587   99  244.54901  164.69126  32.7%   3.3 5151s
 734395 545816  216.45569  696  102  244.54901  164.71466  32.6%   3.3 5157s
 735194 546337  175.57404  222  123  244.54901  164.71466  32.6%   3.3 5163s
 735974 546984  182.32100  274  144  244.54901  164.71466  32.6%   3.3 5170s
 736712 547606  193.83629  374  124  244.54901  164.71466  32.6%   3.3 5175s
 737401 548439  207.50985  448  116  244.54901  164.71466  32.6%   3.3 5182s
 738307 549223  213.20321  535  114  244.54901  164.71466  32.6%   3.3 5189s
 739173 549888  221.35383  635  110  244.54901  164.71466  32.6%   3.3 5196s
 740044 550589  223.39323  732  107  244.54901  164.71466  32.6%   3.3 5203s
 740952 551102  225.59522  850  106  244.54901  164.71466  32.6%   3.3 5210s
 741707 551820  231.85390  969  102  244.54901  164.71466  32.6%   3.3 5216s
 742521 552448  239.13027 1047   94  244.54901  164.73206  32.6%   3.3 5223s
 743272 553267  182.63200  263  115  244.54901  164.73206  32.6%   3.3 5230s
 744240 554049  204.05357  326  110  244.54901  164.73206  32.6%   3.3 5237s
 745122 554783  209.43893  418  108  244.54901  164.73206  32.6%   3.3 5247s
 746015 555463  218.59016  506  105  244.54901  164.73206  32.6%   3.3 5254s
 746879 556038  227.03311  597  105  244.54901  164.73206  32.6%   3.3 5260s
 747624 556703  227.77915  713   98  244.54901  164.73206  32.6%   3.3 5267s
 748554 557465  233.57011  822   91  244.54901  164.73206  32.6%   3.3 5275s
 749568 558081  243.92180  939   81  244.54901  164.75924  32.6%   3.3 5282s
 750434 558625  181.76562  260  112  244.54901  164.75924  32.6%   3.3 5288s
 751222 559341  205.65817  330  102  244.54901  164.75924  32.6%   3.3 5295s
 752059 559894  210.70990  432  106  244.54901  164.75924  32.6%   3.3 5301s
 752859 560513  223.75675  527   96  244.54901  164.75924  32.6%   3.3 5308s
 753631 561238  229.23830  630   85  244.54901  164.75924  32.6%   3.3 5315s
 754471 561894  235.13244  765   87  244.54901  164.75924  32.6%   3.3 5322s
 755286 562604  239.23053  851   89  244.54901  164.75924  32.6%   3.3 5329s
 756150 563300  240.21074  940   83  244.54901  164.75924  32.6%   3.3 5336s
 757078 563815  241.98557 1133   80  244.54901  164.75924  32.6%   3.3 5343s
 757949 564468  179.39531  189  124  244.54901  164.75924  32.6%   3.3 5350s
 758707 565194  194.48050  271  111  244.54901  164.75924  32.6%   3.3 5356s
 759546 566054  201.13892  339  106  244.54901  164.75924  32.6%   3.3 5367s
 760608 566687  206.53829  449  127  244.54901  164.75924  32.6%   3.3 5374s
 761393 567226  217.31626  540  112  244.54901  164.75924  32.6%   3.3 5381s
 762223 567715  225.00469  631  114  244.54901  164.75924  32.6%   3.3 5387s
 762937 568271  228.31717  723   99  244.54901  164.75924  32.6%   3.3 5394s
 763801 568874  185.21505  212  113  244.54901  164.75924  32.6%   3.3 5401s
 764636 569585  198.69861  294  116  244.54901  164.75924  32.6%   3.3 5408s
 765502 570113  219.16068  348  102  244.54901  164.75924  32.6%   3.3 5414s
 766333 570692  226.62475  403   98  244.54901  164.75924  32.6%   3.3 5421s
 767122 571204  233.82618  483  103  244.54901  164.75924  32.6%   3.3 5427s
 767786 571750  243.25208  578  101  244.54901  164.75924  32.6%   3.3 5434s
 768498 572338  170.87385  214  121  244.54901  164.75924  32.6%   3.3 5441s
 769240 573026  182.49807  317  116  244.54901  164.75924  32.6%   3.3 5448s
 770005 573685  198.33660  424  119  244.54901  164.75924  32.6%   3.3 5454s
 770768 574385  219.61819  504  118  244.54901  164.75924  32.6%   3.3 5461s
 771646 575081  229.88884  600  109  244.54901  164.75924  32.6%   3.3 5468s
 772457 575692  221.21173  254  122  244.54901  164.75924  32.6%   3.3 5475s
 773266 576283  226.97042  325  119  244.54901  164.75924  32.6%   3.3 5482s
 773987 576965  232.91220  389  112  244.54901  164.75924  32.6%   3.3 5492s
 774826 577641  241.00554  458  109  244.54901  164.75924  32.6%   3.3 5500s
 775815 578213  244.26570  554  110  244.54901  164.77786  32.6%   3.3 5508s
 776676 578789  173.04973  254  115  244.54901  164.77786  32.6%   3.3 5515s
 777511 579441  197.02964  343  111  244.54901  164.77786  32.6%   3.3 5522s
 778412 579943  210.64071  447  101  244.54901  164.77786  32.6%   3.3 5529s
 779101 580638  218.61462  548  102  244.54901  164.77786  32.6%   3.3 5536s
 779897 581323  223.43446  648   94  244.54901  164.77786  32.6%   3.3 5544s
 780955 581850  229.48291  792   91  244.54901  164.77786  32.6%   3.3 5552s
 781931 582383  231.01261  862   98  244.54901  164.78921  32.6%   3.3 5560s
 782916 582908  176.98008  253  132  244.54901  164.78921  32.6%   3.3 5567s
 783562 583459  204.65564  299  105  244.54901  164.78921  32.6%   3.3 5573s
 784233 584033  214.39828  417   97  244.54901  164.78921  32.6%   3.3 5580s
 785048 584643  225.05830  505   98  244.54901  164.78921  32.6%   3.3 5588s
 785896 585223  226.52028  614  100  244.54901  164.78921  32.6%   3.3 5596s
 786792 585869  244.53886  711   78  244.54901  164.78921  32.6%   3.3 5603s
 787544 586598  172.97564  241  115  244.54901  164.78921  32.6%   3.3 5610s
 788437 587272  189.18039  288  110  244.54901  164.78921  32.6%   3.3 5621s
 789269 587976  197.89513  407  109  244.54901  164.78921  32.6%   3.3 5629s
 790179 588678  209.04844  517  103  244.54901  164.78921  32.6%   3.3 5637s
 791127 589305  212.88580  604   93  244.54901  164.78921  32.6%   3.3 5644s
 791882 589950  221.41950  669   86  244.54901  164.78921  32.6%   3.3 5653s
 793017 590531  221.68756  781   87  244.54901  164.78921  32.6%   3.3 5661s
 793823 591210  224.09186  878   86  244.54901  164.78921  32.6%   3.3 5669s
 794833 591863  226.20109 1066   84  244.54901  164.78921  32.6%   3.3 5677s
 795676 592422  226.24386 1186   84  244.54901  164.78921  32.6%   3.3 5685s
 796730 592874  229.43306 1373   77  244.54901  164.78921  32.6%   3.3 5693s
 797525 593429  236.76645 1544   72  244.54901  164.79564  32.6%   3.3 5701s
 798374 593923  171.58819  217  116  244.54901  164.79564  32.6%   3.3 5709s
 799180 594425  175.58171  274  124  244.54901  164.79564  32.6%   3.3 5715s
 799819 595027  184.78159  329  109  244.54901  164.79564  32.6%   3.3 5723s
 800647 595582  197.79100  394  112  244.54901  164.79564  32.6%   3.3 5730s
 801398 596120  207.07388  470  106  244.54901  164.79564  32.6%   3.3 5738s
 802133 596736  217.41373  569  102  244.54901  164.79564  32.6%   3.3 5745s
 802908 596737  220.17751 1006   81  244.54901  164.79564  32.6%   3.3 5768s
 802910 596738  238.27730 1302  125  244.54901  164.79564  32.6%   3.3 5773s
 802911 596739  217.63949 1081  113  244.54901  164.79564  32.6%   3.3 5775s
 802917 596743  242.15057 1256  135  244.54901  164.79564  32.6%   3.3 5780s
 802921 596746  238.41854 1236  113  244.54901  164.79564  32.6%   3.3 5785s
 802926 596749  223.18185  510  115  244.54901  165.02819  32.5%   3.3 5791s
 802929 596751  192.97126  658  105  244.54901  166.14235  32.1%   3.3 5795s
 802933 596754  205.53955  790  101  244.54901  167.03653  31.7%   3.3 5800s
 802938 596757  221.03041 1069  102  244.54901  167.13528  31.7%   3.3 5805s
 802942 596760  208.40812  486  114  244.54901  167.77680  31.4%   3.3 5810s
 802946 596762  197.35029  435  114  244.54901  167.78112  31.4%   3.3 5815s
 802950 596766  167.78394   93   99  244.54901  167.78394  31.4%   3.3 5820s
 802978 596761  167.82409  101  107  244.54901  167.82409  31.4%   3.3 5825s
 803252 596701  169.42370  130  135  244.54901  169.42370  30.7%   3.3 5830s
 803806 596968  171.93366  173  131  244.54901  171.93366  29.7%   3.3 5835s
 804480 597235  172.48295  191  126  244.54901  171.93366  29.7%   3.4 5840s
 804838 597288  173.72860  204  114  244.54901  171.93366  29.7%   3.4 5846s
 805345 597539  175.79308  222  120  244.54901  171.93366  29.7%   3.4 5850s
 806091 597929  177.79854  251  117  244.54901  171.93366  29.7%   3.4 5855s
 806918 598307  177.80726  284  117  244.54901  171.93366  29.7%   3.4 5861s
 807690 598581  185.99490  308  117  244.54901  171.93366  29.7%   3.4 5865s
 808570 598993  178.41073  352  123  244.54901  171.93366  29.7%   3.4 5871s
 809746 599388  186.58218  382  119  244.54901  171.93366  29.7%   3.4 5876s
 810685 599653  183.15612  442  115  244.54901  171.93366  29.7%   3.4 5881s
 811487 599972  178.47511  507  120  244.54901  171.93366  29.7%   3.4 5886s
 812610 600552  181.63928  555  120  244.54901  171.93366  29.7%   3.4 5892s
 813563 600591  236.10794  371  111  244.54901  171.93366  29.7%   3.4 5895s
 814885 601487  199.35588  671  108  244.54901  171.93366  29.7%   3.4 5901s
 815802 601765  203.05183  705  104  244.54901  171.93366  29.7%   3.4 5905s
 816814 602089  209.69453  760   98  244.54901  171.93366  29.7%   3.4 5910s
 817946 601713  183.98741  380   81  244.54901  171.93366  29.7%   3.4 5927s
 817948 601714  227.37827  733  112  244.54901  171.93366  29.7%   3.4 5931s
 817954 601718  184.19349  544  126  244.54901  171.93366  29.7%   3.4 5935s
 817958 601721  236.09602  291  104  244.54901  171.93366  29.7%   3.4 5941s
 817961 601723  181.81589  247  108  244.54901  171.93366  29.7%   3.4 5945s
 817964 601725  216.45162  963  139  244.54901  171.93366  29.7%   3.4 5950s
 817967 601727  234.35725  854  112  244.54901  171.93366  29.7%   3.4 5955s
 817975 601730  171.93366  107  107  244.54901  171.93366  29.7%   3.5 5961s
 818161 601693  171.93366  131  137  244.54901  171.93366  29.7%   3.5 5965s
 818539 601734  207.81952  167  125  244.54901  171.93366  29.7%   3.5 5970s
 819153 602014  172.19329  198  137  244.54901  171.93366  29.7%   3.5 5975s
 819761 602374  188.59453  234  117  244.54901  171.93366  29.7%   3.5 5980s
 820595 602782  179.16323  287  117  244.54901  171.93366  29.7%   3.5 5986s
 820785 602737  179.16323  302  117  244.54901  171.93366  29.7%   3.5 5991s
 821304 603066  179.18927  346  116  244.54901  171.93366  29.7%   3.5 5996s
 821915 603325  179.19767  373  126  244.54901  171.93366  29.7%   3.5 6000s
 822824 603733  193.76105  400  113  244.54901  171.93366  29.7%   3.5 6006s
 823613 604090  179.23491  423   96  244.54901  171.93366  29.7%   3.5 6010s
 824772 604500  179.51657  453  106  244.54901  171.93366  29.7%   3.5 6016s
 825713 604832  179.51812  475  102  244.54901  171.93366  29.7%   3.5 6021s
 826713 605291  185.78959  500   91  244.54901  171.93366  29.7%   3.5 6027s
 827280 605684  193.86999  518  101  244.54901  171.93366  29.7%   3.6 6031s
 829191 606497  193.87564  634  110  244.54901  171.93366  29.7%   3.6 6038s
 830178 606668  193.88192  653  102  244.54901  171.93366  29.7%   3.6 6042s
 831095 606986  198.58491  702   94  244.54901  171.93366  29.7%   3.6 6046s
 832199 607145  210.17220  749   87  244.54901  171.93366  29.7%   3.6 6050s
 832995 607582  218.19773  773   80  244.54901  171.93366  29.7%   3.6 6058s
 834266 607414     cutoff  853       244.54901  171.93366  29.7%   3.6 6061s
 835880 607766  216.22167  959   87  244.54901  171.93366  29.7%   3.6 6068s
 836835 608256  241.05808 1017   72  244.54901  172.19329  29.6%   3.6 6071s
 839013 608899  215.18709  276  145  244.54901  172.19329  29.6%   3.6 6077s
 839939 609435  222.13202  396  114  244.54901  172.19329  29.6%   3.6 6081s
 841985 610465  241.77874  659   95  244.54901  172.19329  29.6%   3.6 6087s
 844057 611348  186.80760  436  121  244.54901  172.19334  29.6%   3.6 6093s
 845225 611789  190.61832  580  113  244.54901  172.19334  29.6%   3.6 6096s
 847335 612774  194.39412  808  111  244.54901  172.19334  29.6%   3.6 6101s
 848468 614041  194.54261  934  113  244.54901  172.19334  29.6%   3.6 6109s
 850318 614147  216.21024 1259   89  244.54901  172.19334  29.6%   3.6 6111s
 852206 615429  225.77250 1512   71  244.54901  172.19334  29.6%   3.6 6116s
 854272 615869  241.82109 1945   68  244.54901  172.19334  29.6%   3.6 6120s
 856130 616927  179.18362  395  125  244.54901  173.21106  29.2%   3.6 6125s
 857970 618065  190.54190  643  114  244.54901  173.21106  29.2%   3.6 6130s
 860585 619512  225.13896  331  115  244.54901  174.22593  28.8%   3.6 6137s
 862686 620484  241.73372  514  103  244.54901  174.23494  28.8%   3.6 6141s
 863700 621520  192.02566  262  107  244.54901  174.23613  28.8%   3.6 6149s
 865718 621519  202.15214  509   96  244.54901  174.23613  28.8%   3.6 6151s
 867705 622401  209.12692  754   94  244.54901  174.25984  28.7%   3.6 6155s
 869898 623514  202.74968  445  104  244.54901  174.27421  28.7%   3.6 6161s
 871300 624468  222.69057  599   95  244.54901  174.27421  28.7%   3.6 6165s
 873653 625584  195.89055  469  113  244.54901  174.27421  28.7%   3.6 6170s
 876101 626786  210.12359  769  101  244.54901  174.27421  28.7%   3.6 6176s
 877737 627466  200.09059  461  115  244.54901  174.27796  28.7%   3.7 6180s
 878435 628581  205.29314  515  108  244.54901  174.27796  28.7%   3.7 6186s
 880851 629458  237.86402  799   80  244.54901  174.27796  28.7%   3.7 6191s
 882881 630483  243.94263 1142   69  244.54901  174.76114  28.5%   3.7 6196s
 884571 631201  190.00246  260  110  244.54901  174.76114  28.5%   3.7 6200s
 886984 632658     cutoff  443       244.54901  174.76114  28.5%   3.7 6206s
 887941 632388  215.21353  628   97  244.54901  174.76114  28.5%   3.7 6214s
 888030 633065  215.21353  629   97  244.54901  174.76114  28.5%   3.7 6216s
 889893 633940  219.34019  867   96  244.54901  174.76355  28.5%   3.7 6221s
 891797 634937  193.73243  324  127  244.54901  174.76355  28.5%   3.7 6225s
 893371 636487  196.44713  511  106  244.54901  174.76355  28.5%   3.7 6234s
 894854 636797  226.05940  673   95  244.54901  174.76355  28.5%   3.7 6236s
 896566 637755  232.98680  894   85  244.54901  174.76355  28.5%   3.7 6240s
 899238 638879  190.61754  256  106  244.54901  174.77014  28.5%   3.7 6246s
 900773 640061  218.42184  436   93  244.54901  174.77014  28.5%   3.7 6251s
 902794 640808  225.32597  687   89  244.54901  174.77014  28.5%   3.7 6255s
 905124 642101  183.34711  276  127  244.54901  174.77135  28.5%   3.7 6261s
 906927 642952  198.60278  424   93  244.54901  174.77135  28.5%   3.7 6265s
 907826 643982  210.74221  491   91  244.54901  174.77135  28.5%   3.7 6272s
 910153 644567  234.27702  837   86  244.54901  174.77135  28.5%   3.7 6275s
 911855 645681  237.02079 1224   86  244.54901  174.77135  28.5%   3.7 6280s
 914421 646832  186.07609  245  107  244.54901  175.10702  28.4%   3.7 6286s
 916031 647751  202.02192  391   97  244.54901  175.10702  28.4%   3.7 6290s
 918694 648849  235.84855  713   86  244.54901  175.10702  28.4%   3.7 6296s
 920435 649860  190.49117  237  110  244.54901  175.10702  28.4%   3.7 6301s
 922073 650754  196.00532  391   93  244.54901  175.10702  28.4%   3.7 6305s
 922916 651474  209.34381  443   99  244.54901  175.10702  28.4%   3.7 6311s
 925098 652259  232.98475  781   91  244.54901  175.10702  28.4%   3.7 6316s
 927277 653289  241.80760 1133   86  244.54901  175.10702  28.4%   3.7 6322s
 929112 654050  190.49200  237  118  244.54901  175.10705  28.4%   3.7 6327s
 930785 654921  201.79001  398  104  244.54901  175.10705  28.4%   3.7 6331s
 932612 655962  218.28535  688   98  244.54901  175.10705  28.4%   3.7 6337s
 934837 656752  237.90801 1027   85  244.54901  175.10705  28.4%   3.7 6342s
 936417 657560  240.41910 1321   83  244.54901  175.10705  28.4%   3.7 6346s
 937342 658440  186.13446  268  134  244.54901  175.10705  28.4%   3.7 6352s
 939651 659006  230.40907  457   81  244.54901  175.10705  28.4%   3.7 6356s
 940964 659900  200.99047  270  106  244.54901  175.10705  28.4%   3.7 6360s
 942600 660976  216.02803  392  113  244.54901  175.10705  28.4%   3.7 6365s
 945451 662325  235.96504  768   86  244.54901  175.10705  28.4%   3.8 6371s
 947199 663370  243.43027 1097   76  244.54901  175.10705  28.4%   3.8 6376s
 948882 664257  208.92727  382  110  244.54901  175.10705  28.4%   3.8 6380s
 950664 665229  210.04741  585  109  244.54901  175.10705  28.4%   3.8 6385s
 952483 666681  244.04141  808   91  244.54901  175.10705  28.4%   3.8 6393s
 954127 666795  195.08881  293  109  244.54901  175.10705  28.4%   3.8 6395s
 956609 667632  228.58726  470   95  244.54901  175.10705  28.4%   3.8 6401s
 958042 668391  231.10854  759   88  244.54901  175.10705  28.4%   3.8 6405s
 960197 669402  195.57148  337  122  244.54901  175.10705  28.4%   3.8 6411s
 961850 669948  218.72756  459   95  244.54901  175.10705  28.4%   3.8 6415s
 964258 670916  238.11166  894   78  244.54901  175.10705  28.4%   3.8 6421s
 965688 671739  203.00595  317  109  244.54901  175.10705  28.4%   3.8 6425s
 967575 672953  219.71084  454   93  244.54901  175.10705  28.4%   3.8 6433s
 968940 673223  221.04012  634   93  244.54901  175.10705  28.4%   3.8 6436s
 971344 674266  208.36551  309  112  244.54901  175.11482  28.4%   3.8 6442s
 973040 674845  226.13139  489   91  244.54901  175.11482  28.4%   3.8 6445s
 974462 675676  188.11624  274  124  244.54901  175.11482  28.4%   3.8 6450s
 976894 676775  213.29186  454   99  244.54901  175.11482  28.4%   3.8 6455s
 978576 677498  222.56189  683   87  244.54901  175.11482  28.4%   3.8 6460s
 980911 678285  189.12293  264  139  244.54901  175.20452  28.4%   3.8 6467s
 982497 679307  217.00446  407  100  244.54901  175.20464  28.4%   3.8 6475s
 984980 679796  226.99768  375  103  244.54901  175.20464  28.4%   3.8 6481s
 986393 680666  231.94699  635   96  244.54901  175.22046  28.3%   3.8 6486s
 988135 681391  205.10530  330  107  244.54901  175.22046  28.3%   3.8 6491s
 989844 682351  225.10830  487   92  244.54901  175.22046  28.3%   3.8 6496s
 991658 683060  241.80244  842   85  244.54901  175.25763  28.3%   3.8 6501s
 993313 683966  215.08082  368  101  244.54901  175.25763  28.3%   3.8 6506s
 995430 684645  226.91214  669   92  244.54901  175.25763  28.3%   3.8 6511s
 997186 685747  189.99852  214  133  244.54901  175.28043  28.3%   3.8 6519s
 998220 686179  207.79340  328  101  244.54901  175.28043  28.3%   3.8 6521s
 1000028 687225  214.68322  558  106  244.54901  175.28043  28.3%   3.8 6526s
 1001909 687895  185.90309  254  121  244.54901  175.35544  28.3%   3.8 6531s
 1003554 688889  211.99252  431   94  244.54901  175.35544  28.3%   3.8 6536s
 1005384 689671  214.52527  727   87  244.54901  175.35544  28.3%   3.8 6541s
 1006981 690584  221.88754  839   77  244.54901  175.35544  28.3%   3.8 6546s
 1008986 691505  237.22629 1198   66  244.54901  175.35544  28.3%   3.8 6551s
 1010770 692348  238.42640 1492   62  244.54901  175.35544  28.3%   3.8 6556s
 1011673 692818  239.19612 1625   64  244.54901  175.35544  28.3%   3.8 6562s
 1012637 693218  239.20190 1688   64  244.54901  175.35544  28.3%   3.8 6565s
 1014387 693664  239.49844 1775   64  244.54901  175.38570  28.3%   3.8 6570s
 1015964 694587  204.03424  357  106  244.54901  175.38570  28.3%   3.8 6575s
 1017807 695270  214.16608  519  132  244.54901  175.38570  28.3%   3.8 6580s
 1019942 696439  180.23097  200  126  244.54901  175.43252  28.3%   3.8 6587s
 1020744 696998  194.60077  288  100  244.54901  175.43252  28.3%   3.8 6590s
 1022873 697766  197.01364  536  104  244.54901  175.43252  28.3%   3.8 6595s
 1024417 698577  191.58447  330  121  244.54901  175.43339  28.3%   3.8 6600s
 1026022 699635  218.02479  468  102  244.54901  175.43339  28.3%   3.8 6606s
 1027148 700207  223.83117  605  105  244.54901  175.43775  28.3%   3.8 6612s
 1028162 700554  204.95475  350  112  244.54901  175.43961  28.3%   3.8 6615s
 1029996 701326  223.83878  581   98  244.54901  175.43961  28.3%   3.9 6620s
 1031847 701429  229.75781  851   91  244.54901  175.43961  28.3%   3.9 6632s
 1031895 702007  186.85937  255  139  244.54901  175.43961  28.3%   3.9 6635s
 1033421 702859  211.18503  393  107  244.54901  175.43961  28.3%   3.9 6640s
 1035190 703664  216.27906  649   94  244.54901  175.43961  28.3%   3.9 6645s
 1036743 704771  199.18153  301  116  244.54901  175.45792  28.3%   3.9 6651s
 1038648 705659  216.37736  520  112  244.54901  175.45792  28.3%   3.9 6657s
 1039682 706135  217.23255  694  112  244.54901  175.45792  28.3%   3.9 6660s
 1041828 706944  181.35181  226  119  244.54901  175.45792  28.3%   3.9 6670s
 1043876 708010  201.25736  349  103  244.54901  175.45792  28.3%   3.9 6676s
 1044816 708590  209.27672  435  100  244.54901  175.45792  28.3%   3.9 6680s
 1047070 709348  182.39017  228  121  244.54901  175.45796  28.3%   3.9 6687s
 1048617 709420  186.23270  237  137  244.54901  175.45796  28.3%   3.9 6690s
 1049649 710492  216.21746  441   95  244.54901  175.45796  28.3%   3.9 6695s
 1051466 711400  230.89361  673   91  244.54901  175.45799  28.3%   3.9 6701s
 1052414 711827  180.35705  254  131  244.54901  175.45799  28.3%   3.9 6705s
 1054488 712784  200.22414  372  111  244.54901  175.45799  28.3%   3.9 6711s
 1055686 713155  234.55888 1045   85  244.54901  175.45799  28.3%   3.9 6715s
 1056410 713782  228.99825  541   94  244.54901  175.45799  28.3%   3.9 6721s
 1058531 714675 infeasible  867       244.54901  175.45965  28.3%   3.9 6727s
 1059373 715102  191.39857  344  103  244.54901  175.45965  28.3%   3.9 6731s
 1061340 715896  222.70285  448  133  244.54901  175.45965  28.3%   3.9 6737s
 1062213 716474  238.22620  529  122  244.54901  175.45965  28.3%   3.9 6740s
 1064204 717356  243.83700  849  101  244.54901  175.46728  28.2%   3.9 6746s
 1065073 717870  188.03796  203  118  244.54901  175.46728  28.2%   3.9 6750s
 1067030 718682  207.43876  360  117  244.54901  175.46728  28.2%   3.9 6756s
 1067949 719331  222.85201  484  102  244.54901  175.46728  28.2%   3.9 6760s
 1069992 719941  228.35765  715   90  244.54901  175.46728  28.2%   3.9 6766s
 1071512 721077  198.86266  339  112  244.54901  175.46728  28.2%   3.9 6776s
 1073339 722115  215.50426  564  102  244.54901  175.46728  28.2%   3.9 6783s
 1074497 722340  227.82470  696  104  244.54901  175.46733  28.2%   3.9 6786s
 1076340 723183  195.69611  377  123  244.54901  175.46733  28.2%   3.9 6792s
 1077161 723619  202.48547  466  113  244.54901  175.46733  28.2%   3.9 6796s
 1078917 724542  207.46885  727  104  244.54901  175.46760  28.2%   3.9 6802s
 1079946 724841  187.70726  342  105  244.54901  175.46760  28.2%   3.9 6805s
 1081568 725708  201.97975  504   93  244.54901  175.46760  28.2%   3.9 6812s
 1082567 726066  205.90612  665   89  244.54901  175.46760  28.2%   3.9 6816s
 1084500 726313     cutoff  879       244.54901  175.46760  28.2%   3.9 6820s
 1084809 727297  190.24114  314  124  244.54901  175.46760  28.2%   3.9 6825s
 1086053 728122  205.01540  403  101  244.54901  175.46760  28.2%   3.9 6832s
 1087619 728220  210.58218  475  112  244.54901  175.46760  28.2%   3.9 6835s
 1089103 729138     cutoff  635       244.54901  175.46760  28.2%   3.9 6841s
 1090816 729709  240.82129  836   78  244.54901  175.46811  28.2%   3.9 6847s
 1092230 730398  200.78610  362  131  244.54901  175.46811  28.2%   3.9 6852s
 1093030 730658  204.64678  439  129  244.54901  175.46811  28.2%   3.9 6855s
 1094462 731278  218.43751  574  105  244.54901  175.46811  28.2%   3.9 6860s
 1095832 732284  226.52817  851  100  244.54901  175.46811  28.2%   3.9 6867s
 1096806 732754  228.80544  979   99  244.54901  175.46811  28.2%   3.9 6870s
 1098646 733239  231.75851 1338   74  244.54901  175.46811  28.2%   3.9 6875s
 1099900 734191  231.05923 1512   67  244.54901  175.46811  28.2%   3.9 6882s
 1100864 734869  184.29413  301  119  244.54901  175.46811  28.2%   3.9 6889s
 1102087 734937  207.67766  392  107  244.54901  175.46811  28.2%   3.9 6892s
 1102776 735182  213.32983  446   95  244.54901  175.46811  28.2%   3.9 6895s
 1104266 736331  181.53810  278  117  244.54901  175.46811  28.2%   3.9 6902s
 1105359 736627  202.80766  374  104  244.54901  175.46811  28.2%   3.9 6906s
 1107071 737481  217.86654  580   98  244.54901  175.46811  28.2%   3.9 6913s
 1107930 737764  221.36965  707   99  244.54901  175.47349  28.2%   3.9 6916s
 1109643 738385  202.02841  411   96  244.54901  175.47349  28.2%   3.9 6922s
 1110358 738859  208.67238  503   85  244.54901  175.47349  28.2%   3.9 6926s
 1112024 739455  187.41281  320  111  244.54901  175.47349  28.2%   3.9 6932s
 1112852 739822  189.51502  405  107  244.54901  175.47349  28.2%   3.9 6936s
 1114403 740561  203.04788  545   96  244.54901  175.47349  28.2%   3.9 6942s
 1115146 740950  206.35332  672   98  244.54901  175.47349  28.2%   3.9 6945s
 1115947 741592  211.87922  806   94  244.54901  175.47349  28.2%   3.9 6952s
 1117125 741820  223.15216  975   79  244.54901  175.48266  28.2%   3.9 6956s
 1118852 742333  200.42062  407  109  244.54901  175.48266  28.2%   3.9 6962s
 1119420 742794  204.28352  458  101  244.54901  175.48266  28.2%   3.9 6965s
 1121007 743638  213.59614  706   87  244.54901  175.48266  28.2%   3.9 6972s
 1121884 743957  220.86548  828   91  244.54901  175.48266  28.2%   3.9 6975s
 1123360 744740  186.67282  365  116  244.54901  175.49182  28.2%   3.9 6982s
 1124170 745068  203.19332  443  102  244.54901  175.49182  28.2%   3.9 6985s
 1125987 745837  205.23963  704   94  244.54901  175.49182  28.2%   3.9 6992s
 1126835 746137     cutoff  838       244.54901  175.49182  28.2%   3.9 6996s
 1128438 747045     cutoff  454       244.54901  175.49182  28.2%   3.9 7003s
 1129344 747393  222.88531  583   99  244.54901  175.49182  28.2%   3.9 7007s
 1130277 747875  238.30822  749   85  244.54901  175.49182  28.2%   3.9 7010s
 1131215 748359  242.93335  864   82  244.54901  175.49308  28.2%   3.9 7018s
 1132373 748604  196.05632  393  124  244.54901  175.49308  28.2%   3.9 7021s
 1133888 749355  208.91976  547   98  244.54901  175.49308  28.2%   3.9 7028s
 1134706 749731  209.92576  662   94  244.54901  175.49308  28.2%   3.9 7032s
 1135535 750134  210.51066  797   93  244.54901  175.49308  28.2%   3.9 7035s
 1137205 750880  221.70587 1016   79  244.54901  175.49308  28.2%   3.9 7043s
 1138088 751173  224.93852 1190   74  244.54901  175.49915  28.2%   3.9 7046s
 1139466 752013  196.15332  454  102  244.54901  175.51054  28.2%   3.9 7052s
 1140295 752384  203.70746  544  101  244.54901  175.51054  28.2%   3.9 7056s
 1141103 752911  204.01355  659  103  244.54901  175.51054  28.2%   3.9 7060s
 1143043 753491  210.17807  935   99  244.54901  175.54539  28.2%   3.9 7067s
 1143593 754025  225.28284  181  111  244.54901  175.54539  28.2%   3.9 7070s
 1145131 754232  236.05299  398  102  244.54901  175.54539  28.2%   3.9 7087s
 1145479 754582  236.39213  470  101  244.54901  175.54539  28.2%   3.9 7090s
 1145792 755344  236.74526  518   94  244.54901  175.54539  28.2%   3.9 7098s
 1146751 755758  237.10304  655   99  244.54901  175.54539  28.2%   3.9 7102s
 1147610 756181  176.86556  188  125  244.54901  175.55275  28.2%   3.9 7106s
 1148405 756653  181.51546  215  145  244.54901  175.55275  28.2%   3.9 7110s
 1150164 757650  184.81496  346  130  244.54901  175.55275  28.2%   3.9 7118s
 1151118 758002  192.32966  440  117  244.54901  175.55275  28.2%   3.9 7122s
 1152022 758414  207.08775  496  107  244.54901  175.55275  28.2%   3.9 7127s
 1152942 758895  186.70721  362  130  244.54901  175.55323  28.2%   3.9 7130s
 1154498 759650  209.68531  497  102  244.54901  175.55323  28.2%   3.9 7138s
 1155311 760010  214.08688  568  106  244.54901  175.55323  28.2%   3.9 7142s
 1156140 760546  221.58746  700   98  244.54901  175.55323  28.2%   3.9 7146s
 1157152 760912  226.24726  838   91  244.54901  175.55323  28.2%   3.9 7150s
 1158727 761657  184.59633  219  124  244.54901  175.58015  28.2%   3.9 7157s
 1159587 762081  188.93596  287  112  244.54901  175.58015  28.2%   3.9 7161s
 1160391 762659  203.80479  366  113  244.54901  175.58015  28.2%   3.9 7169s
 1161429 762984  204.74895  505  113  244.54901  175.58015  28.2%   3.9 7173s
 1162404 763263  207.42584  662  106  244.54901  175.58015  28.2%   3.9 7178s
 1163373 763387  213.87645  776   95  244.54901  175.58015  28.2%   3.9 7181s
 1164715 763973  220.97115 1055   87  244.54901  175.60841  28.2%   3.9 7188s
 1165386 764213  242.19608  371  116  244.54901  175.63497  28.2%   3.9 7191s
 1165971 764757  187.35959  330  122  244.54901  175.63497  28.2%   3.9 7195s
 1167617 765041  206.05964  480  105  244.54901  175.63497  28.2%   3.9 7200s

Cutting planes:
  Learned: 1
  Gomory: 39
  Implied bound: 7
  Projected implied bound: 4
  MIR: 29
  StrongCG: 1
  Flow cover: 60
  Relax-and-lift: 733

Explored 1167759 nodes (4709268 simplex iterations) in 7200.76 seconds (4149.50 work units)
Thread count was 16 (of 16 available processors)

Solution count 10: 244.549 244.55 244.55 ... 249.321

Time limit reached
Best objective 2.445490128024e+02, best bound 1.756349694562e+02, gap 28.1801%

User-callback calls 2564747, time in user-callback 4.99 sec
