
Gurobi 11.0.0 (win64) logging started Sun Sep 21 04:08:04 2025

Set parameter LogFile to value "log_group_6/bound_Expr230_s5_l1051_s11_e12_o20_d44_t1200_s15_0_1_0_0.log"
Gurobi Optimizer version 11.0.0 build v11.0.0rc2 (win64 - Windows 11+.0 (22631.2))

CPU model: 13th Gen Intel(R) Core(TM) i7-13650HX, instruction set [SSE2|AVX|AVX2]
Thread count: 14 physical cores, 20 logical processors, using up to 20 threads

Optimize a model with 82325 rows, 80310 columns and 794720 nonzeros
Model fingerprint: 0x488a1585
Variable types: 310 continuous, 80000 integer (80000 binary)
Coefficient statistics:
  Matrix range     [1e+00, 9e+02]
  Objective range  [1e+00, 1e+00]
  Bounds range     [1e+00, 1e+03]
  RHS range        [1e+00, 9e+02]
Presolve removed 76030 rows and 74540 columns
Presolve time: 0.74s
Presolved: 6295 rows, 5770 columns, 44650 nonzeros
Variable types: 270 continuous, 5500 integer (5500 binary)
Found heuristic solution: objective 533.7887667

Root relaxation: objective 0.000000e+00, 1506 iterations, 0.19 seconds (0.09 work units)

    Nodes    |    Current Node    |     Objective Bounds      |     Work
 Expl Unexpl |  Obj  Depth IntInf | Incumbent    BestBd   Gap | It/Node Time

     0     0    0.00000    0   40  533.78877    0.00000   100%     -    2s
H    0     0                     533.7887666    0.00000   100%     -    2s
H    0     0                     324.0576667    0.00000   100%     -    3s
H    0     0                     258.0463000    0.00000   100%     -    3s
     0     0    0.00000    0   50  258.04630    0.00000   100%     -    3s
H    0     0                     113.1690333    0.00000   100%     -    5s
     0     0    0.00000    0   43  113.16903    0.00000   100%     -    5s
     0     0    0.00000    0   42  113.16903    0.00000   100%     -    5s
     0     0    0.00000    0   46  113.16903    0.00000   100%     -    5s
     0     0    0.00000    0   46  113.16903    0.00000   100%     -    5s
     0     0    0.00000    0   45  113.16903    0.00000   100%     -    5s
     0     0    0.00000    0   48  113.16903    0.00000   100%     -    5s
     0     0    0.00000    0   48  113.16903    0.00000   100%     -    5s
     0     0    0.00000    0   44  113.16903    0.00000   100%     -    5s
     0     0    0.00000    0   47  113.16903    0.00000   100%     -    5s
     0     0    0.00000    0   46  113.16903    0.00000   100%     -    6s
     0     0    0.00000    0   47  113.16903    0.00000   100%     -    6s
     0     0    0.00000    0   59  113.16903    0.00000   100%     -    6s
     0     0    0.00000    0   40  113.16903    0.00000   100%     -   32s
     0     0    0.00000    0   50  113.16903    0.00000   100%     -   33s
     0     0    0.00000    0   50  113.16903    0.00000   100%     -   33s
H    0     0                     113.1500667    0.00000   100%     -   33s
     0     0    0.00000    0   40  113.15007    0.00000   100%     -   34s
     0     0    0.00000    0   40  113.15007    0.00000   100%     -   34s
     0     0    0.00000    0   40  113.15007    0.00000   100%     -   34s
     0     0    0.00000    0   41  113.15007    0.00000   100%     -   34s
H    0     0                     113.1500667    0.00000   100%     -   34s
     0     0    0.00000    0   40  113.15007    0.00000   100%     -   35s
     0     0    0.00000    0   40  113.15007    0.00000   100%     -   35s
     3     4    0.00000    2   11  113.15007    0.00000   100%  1757   42s
   100    88    0.00000   11   11  113.15007    0.00000   100%  57.6   45s
   549   443    0.00000    2   32  113.15007    0.00000   100%  13.7   50s
   661   580    0.00000   12   31  113.15007    0.00000   100%  15.4   55s
H 1081   972                     113.1157333    0.00000   100%   9.8   57s
  3834  3678    0.00000  109   34  113.11573    0.00000   100%   4.3   60s
  5475  4722    6.26900   21    9  113.11573    3.60100  96.8%   4.7   65s
  6030  4894    3.60100  179   34  113.11573    3.60100  96.8%   3.8   70s
  8804  7051    3.60100   69   11  113.11573    3.60100  96.8%   3.8   75s
 11070  9110    5.95106   79   13  113.11573    3.60100  96.8%   3.5   81s
 13745 10731   27.32820  429   23  113.11573    3.60100  96.8%   3.2   85s
 17076 12859   11.02963   77    7  113.11573    3.60100  96.8%   3.7   90s
 22024 15038   77.96307   27   11  113.11573   77.96307  31.1%   3.5  110s
H22567 15034                     113.1157319   77.99959  31.0%   3.7  112s
 26478 17212   91.62733   51   15  113.11573   77.99959  31.0%   3.8  115s
 28283 17655   91.60867   83    9  113.11573   84.35720  25.4%   4.0  120s
H29243 17335                     113.1157291   84.37606  25.4%   4.0  120s
 35540 21941   91.60867   73   11  113.11573   84.37607  25.4%   4.0  125s
 46059 26975   85.83732  123    7  113.11573   85.80913  24.1%   3.9  130s
 60901 33041   92.18460  152   11  113.11573   85.80913  24.1%   3.8  135s
 67832 35306 infeasible  145       113.11573   91.53253  19.1%   3.9  140s
 84735 41164   92.52617  167    7  113.11573   92.52617  18.2%   3.7  145s
 88748 15676  113.08423  147   11  113.11573  113.08423  0.03%   3.7  152s
 95602 17824  113.08423   97    7  113.11573  113.08423  0.03%   3.8  156s
 100864 19132     cutoff  127       113.11573  113.08423  0.03%   3.8  160s
 108083 20811  113.08423  119    5  113.11573  113.08423  0.03%   3.8  178s
 111774 21272  113.08423  115    9  113.11573  113.08423  0.03%   3.8  180s
 120030 22274     cutoff  132       113.11573  113.08423  0.03%   3.9  186s
 125659 23172     cutoff  149       113.11573  113.08423  0.03%   3.9  191s
 128626 23399     cutoff  127       113.11573  113.08423  0.03%   4.0  195s
 136452 23977  113.08423  104    7  113.11573  113.08423  0.03%   4.1  200s
 145228 25013     cutoff  100       113.11573  113.08423  0.03%   4.2  206s
 150124 25780 infeasible  100       113.11573  113.08423  0.03%   4.2  212s
 155386 26931     cutoff  126       113.11573  113.08423  0.03%   4.2  216s
 162283 27871  113.08423  131    7  113.11573  113.08423  0.03%   4.3  220s
 169656 28202     cutoff  104       113.11573  113.08423  0.03%   4.3  225s
 178276 29350     cutoff  158       113.11573  113.08423  0.03%   4.3  232s
 185411 29150  113.08423   85    9  113.11573  113.08423  0.03%   4.3  236s
 194941 30221 infeasible  103       113.11573  113.08423  0.03%   4.4  240s
 199134 32169  113.08423  172    3  113.11573  113.08423  0.03%   4.4  246s
 206455 32907 infeasible   87       113.11573  113.08423  0.03%   4.4  250s
 217305 34166  113.08423  113    9  113.11573  113.08423  0.03%   4.5  255s
 225905 33904     cutoff  146       113.11573  113.08423  0.03%   4.5  260s
 231626 34065     cutoff   97       113.11573  113.08423  0.03%   4.6  265s
 239723 33853     cutoff  119       113.11573  113.08423  0.03%   4.6  270s
 248415 34689     cutoff  132       113.11573  113.08423  0.03%   4.7  275s
 252588 34646     cutoff  127       113.11573  113.08423  0.03%   4.6  281s
 255985 34859     cutoff   66       113.11573  113.08423  0.03%   4.7  285s
 265815 35489  113.08423  129    9  113.11573  113.08423  0.03%   4.7  291s
 273008 35792     cutoff   86       113.11573  113.08423  0.03%   4.7  298s
 276107 35692  113.08423  123   11  113.11573  113.08423  0.03%   4.7  301s
 282170 35740     cutoff  104       113.11573  113.08423  0.03%   4.7  306s
 284508 35564     cutoff   83       113.11573  113.08423  0.03%   4.7  311s
 290128 35581     cutoff  107       113.11573  113.08423  0.03%   4.8  319s
 292642 35653     cutoff  170       113.11573  113.08423  0.03%   4.8  326s
 296541 34928     cutoff   97       113.11573  113.08423  0.03%   4.7  332s
 298808 34825     cutoff  120       113.11573  113.08423  0.03%   4.7  335s
 304692 35566  113.08423  159    9  113.11573  113.08423  0.03%   4.7  342s
 307046 35374     cutoff   94       113.11573  113.08423  0.03%   4.7  346s
 313114 35812     cutoff   63       113.11573  113.08423  0.03%   4.7  357s
 318485 36638     cutoff  145       113.11573  113.08423  0.03%   4.6  362s
 320608 37678  113.08423  172    5  113.11573  113.08423  0.03%   4.6  365s
 328958 39348  113.08423  164    3  113.11573  113.08423  0.03%   4.6  371s
 333923 40026  113.08428  144    5  113.11573  113.08423  0.03%   4.6  380s
 339022 40842     cutoff  170       113.11573  113.08423  0.03%   4.6  389s
 341628 41105  113.08423  108    5  113.11573  113.08423  0.03%   4.5  394s
 344259 41151     cutoff  134       113.11573  113.08423  0.03%   4.5  396s
 346892 41708     cutoff  122       113.11573  113.08423  0.03%   4.5  400s
 352087 42236     cutoff  149       113.11573  113.08423  0.03%   4.5  406s
 354841 42349  113.08423   80   10  113.11573  113.08423  0.03%   4.5  412s
 357383 42636     cutoff  134       113.11573  113.08423  0.03%   4.5  415s
 362570 42311     cutoff   93       113.11573  113.08423  0.03%   4.5  421s
 367237 42651     cutoff   95       113.11573  113.08423  0.03%   4.5  427s
 370124 42629  113.08423  103    5  113.11573  113.08423  0.03%   4.5  430s
 374403 43449  113.08423   92    7  113.11573  113.08423  0.03%   4.4  440s
 379354 43946     cutoff  128       113.11573  113.08423  0.03%   4.4  445s
 381364 44090  113.08423  125    9  113.11573  113.08423  0.03%   4.4  451s
 383794 44377  113.08423   98    7  113.11573  113.08423  0.03%   4.4  457s
 387589 44492     cutoff  114       113.11573  113.08423  0.03%   4.4  461s
 389930 44535     cutoff  133       113.11573  113.08423  0.03%   4.4  465s
 393247 44712     cutoff   96       113.11573  113.08423  0.03%   4.4  471s
 395686 44723  113.08423  114    7  113.11573  113.08423  0.03%   4.4  483s
 398153 45103  113.08423  104    5  113.11573  113.08423  0.03%   4.4  485s
 403427 45101  113.08423  134    7  113.11573  113.08423  0.03%   4.4  491s
 407836 45235  113.08423  115    5  113.11573  113.08423  0.03%   4.4  497s
 410509 45011     cutoff   83       113.11573  113.08423  0.03%   4.4  500s
 415515 45325     cutoff   93       113.11573  113.08423  0.03%   4.4  509s
 417998 45816     cutoff  129       113.11573  113.08423  0.03%   4.3  511s
 422317 45761     cutoff  138       113.11573  113.08423  0.03%   4.3  515s
 427763 45638     cutoff  102       113.11573  113.08423  0.03%   4.3  520s
 433308 45752  113.08423  139    9  113.11573  113.08423  0.03%   4.3  526s
 438039 45877     cutoff  108       113.11573  113.08423  0.03%   4.3  534s
 439578 45877     cutoff  136       113.11573  113.08423  0.03%   4.3  535s
 443154 46183     cutoff  117       113.11573  113.08423  0.03%   4.3  541s
 445820 46308     cutoff   98       113.11573  113.08423  0.03%   4.3  547s
 448031 46613  113.08423  142    5  113.11573  113.08423  0.03%   4.3  550s
 452812 46324     cutoff   96       113.11573  113.08423  0.03%   4.3  556s
 455366 46545     cutoff   86       113.11573  113.08423  0.03%   4.3  560s
 458480 46136     cutoff  116       113.11573  113.08423  0.03%   4.3  566s
 460941 45494  113.08423  130    9  113.11573  113.08423  0.03%   4.3  570s
 465974 45186     cutoff  142       113.11573  113.08423  0.03%   4.3  577s
 469027 44139     cutoff  105       113.11573  113.08423  0.03%   4.2  580s
 473870 42961     cutoff   91       113.11573  113.08423  0.03%   4.2  587s
 476994 43578  113.10290  113    5  113.11573  113.08423  0.03%   4.2  591s
 480521 43772     cutoff  103       113.11573  113.08423  0.03%   4.2  597s
 482680 44508     cutoff  105       113.11573  113.08423  0.03%   4.2  601s
 489583 44576     cutoff  131       113.11573  113.08423  0.03%   4.2  609s
 492923 44467     cutoff  124       113.11573  113.08423  0.03%   4.2  614s
 495764 44572     cutoff  104       113.11573  113.08423  0.03%   4.2  619s
 499203 44485  113.08423  119    5  113.11573  113.08423  0.03%   4.2  623s
 501984 44569     cutoff   99       113.11573  113.08423  0.03%   4.2  627s
 504412 44700  113.08423  110    5  113.11573  113.08423  0.03%   4.2  633s
 507553 44813     cutoff  116       113.11573  113.08423  0.03%   4.2  637s
 510740 44973  113.08423   80    5  113.11573  113.08423  0.03%   4.2  640s
 516486 44568  113.08423  162    9  113.11573  113.08423  0.03%   4.2  646s
 520591 44540     cutoff   86       113.11573  113.08423  0.03%   4.2  655s
 523008 43167  113.10290   87    5  113.11573  113.08423  0.03%   4.2  660s
 528586 41938     cutoff   99       113.11573  113.08423  0.03%   4.2  667s
 531548 40692     cutoff  156       113.11573  113.08423  0.03%   4.2  670s
 534195 38904     cutoff  115       113.11573  113.08423  0.03%   4.2  675s
 536897 38006     cutoff  137       113.11573  113.08423  0.03%   4.3  681s
 540332 39193     cutoff   78       113.11573  113.08423  0.03%   4.3  689s
 546232 39446     cutoff  144       113.11573  113.08423  0.03%   4.3  700s
 553432 39776  113.08423  104    9  113.11573  113.08423  0.03%   4.2  710s
 555657 40489  113.08423  100    7  113.11573  113.08423  0.03%   4.2  717s
 561204 41577  113.08423   88    5  113.11573  113.08423  0.03%   4.2  721s
 565797 41433     cutoff   92       113.11573  113.08423  0.03%   4.2  727s
 569527 41569     cutoff   75       113.11573  113.08423  0.03%   4.2  731s
 573106 41512  113.08423  155    7  113.11573  113.08423  0.03%   4.2  735s
 576943 41489  113.08423   88    5  113.11573  113.08423  0.03%   4.2  740s
 583474 42128  113.08423  144    7  113.11573  113.08423  0.03%   4.2  748s
 587141 42858  113.10290   99    5  113.11573  113.08423  0.03%   4.2  756s
 591501 43341     cutoff  125       113.11573  113.08423  0.03%   4.1  760s
 597810 43845     cutoff  158       113.11573  113.08423  0.03%   4.1  768s
 601406 44039     cutoff  113       113.11573  113.08423  0.03%   4.1  772s
 605591 44573     cutoff  113       113.11573  113.08423  0.03%   4.1  776s
 609319 44586     cutoff  146       113.11573  113.08423  0.03%   4.1  781s
 613323 44577     cutoff  106       113.11573  113.08423  0.03%   4.1  786s
 613360 44653  113.08423  112    3  113.11573  113.08423  0.03%   4.1  790s
 620635 45051  113.08423  129    7  113.11573  113.08423  0.03%   4.1  798s
 624622 45126     cutoff  120       113.11573  113.08423  0.03%   4.1  802s
 627918 45665  113.08423   96    7  113.11573  113.08423  0.03%   4.1  805s
 634613 46807     cutoff  112       113.11573  113.08423  0.03%   4.0  813s
 638114 47635     cutoff  124       113.11573  113.08423  0.03%   4.0  816s
 645381 48105     cutoff  122       113.11573  113.08423  0.03%   4.0  823s
 648271 48147     cutoff  125       113.11573  113.08423  0.03%   4.0  827s
 651387 48438  113.08423   98    5  113.11573  113.08423  0.03%   4.0  836s
 654870 48617  113.08423  137    9  113.11573  113.08423  0.03%   4.0  841s
 658507 49047  113.08423   75   11  113.11573  113.08423  0.03%   4.0  846s
 664928 49522  113.08423  107    7  113.11573  113.08423  0.03%   4.0  852s
 668932 49858     cutoff  117       113.11573  113.08423  0.03%   4.0  857s
 672702 49789  113.08423   98    9  113.11573  113.08423  0.03%   4.0  864s
 676537 49967     cutoff  103       113.11573  113.08423  0.03%   4.0  867s
 679160 50555  113.08423  135    7  113.11573  113.08423  0.03%   4.0  872s
 683265 50911  113.08423  107    7  113.11573  113.08423  0.03%   4.0  876s
 690594 51296  113.10290  125    5  113.11573  113.08423  0.03%   4.0  882s
 694141 51338  113.08423  118    3  113.11573  113.08423  0.03%   4.0  890s
 696589 51550  113.08423   89    9  113.11573  113.08423  0.03%   4.0  895s
 701912 51964     cutoff  129       113.11573  113.08423  0.03%   4.0  903s
 706094 52433  113.08423  143   11  113.11573  113.08423  0.03%   4.0  908s
 709300 52433  113.08423  142    7  113.11573  113.08423  0.03%   4.0  911s
 713031 51928  113.08423  123    5  113.11573  113.08423  0.03%   4.0  918s
 716017 51934  113.08423  120    9  113.11573  113.08423  0.03%   4.0  931s
 718454 51887 infeasible   83       113.11573  113.08423  0.03%   4.0  937s
 722045 52000  113.08423  109    5  113.11573  113.08423  0.03%   4.0  948s
 726149 52448     cutoff  116       113.11573  113.08423  0.03%   4.0  957s
 729745 52596     cutoff   96       113.11573  113.08423  0.03%   4.0  963s
 732221 52884     cutoff   90       113.11573  113.08423  0.03%   4.0  969s
 735842 52941     cutoff  138       113.11573  113.08423  0.03%   4.0  973s
 739342 52718     cutoff  122       113.11573  113.08423  0.03%   4.0  978s
 742726 53430  113.10290  134    5  113.11573  113.08423  0.03%   4.0  981s
 745592 54065  113.08423  105   10  113.11573  113.08423  0.03%   4.0  989s
 749422 54576     cutoff  101       113.11573  113.08423  0.03%   4.0  993s
 752777 55387  113.10290  117    5  113.11573  113.08423  0.03%   4.0  997s
 756369 55613     cutoff  142       113.11573  113.08423  0.03%   4.0 1001s
 759462 55727     cutoff   73       113.11573  113.08423  0.03%   4.0 1011s
 763839 55760  113.10290  130    7  113.11573  113.08423  0.03%   3.9 1020s
 766778 55772  113.08423  114    9  113.11573  113.08423  0.03%   3.9 1028s
 770863 56404  113.08423  115    9  113.11573  113.08423  0.03%   3.9 1038s
 774435 56853  113.10290  118    5  113.11573  113.08423  0.03%   3.9 1055s
 777160 56581  113.08423  106    5  113.11573  113.08423  0.03%   3.9 1061s
 781659 56739     cutoff  147       113.11573  113.08423  0.03%   3.9 1066s
 785699 57345  113.08423  104    7  113.11573  113.08423  0.03%   3.9 1071s
 789494 57641  113.08429  158    9  113.11573  113.08423  0.03%   3.9 1078s
 793103 57521  113.08423  162    5  113.11573  113.08423  0.03%   3.9 1082s
 795628 57515     cutoff  114       113.11573  113.08423  0.03%   3.9 1089s
 799259 57262     cutoff  117       113.11573  113.08423  0.03%   3.9 1094s
 802863 56853     cutoff   92       113.11573  113.08423  0.03%   3.9 1105s
 806385 56600     cutoff  128       113.11573  113.08423  0.03%   3.9 1112s
 809907 56068     cutoff  100       113.11573  113.08423  0.03%   3.9 1115s
 816861 54959     cutoff  122       113.11573  113.08423  0.03%   4.0 1125s
 819569 55516  113.10290  130    5  113.11573  113.08423  0.03%   4.0 1130s
 822347 55753     cutoff   99       113.11573  113.08423  0.03%   4.0 1137s
 825412 56022     cutoff  116       113.11573  113.08423  0.03%   4.0 1142s
 829063 56111     cutoff   97       113.11573  113.08423  0.03%   4.0 1147s
 833006 56194     cutoff   69       113.11573  113.08423  0.03%   4.0 1151s
 836801 56481  113.10290  102    7  113.11573  113.08423  0.03%   4.0 1156s
 840251 56964  113.08423  130    9  113.11573  113.08423  0.03%   4.0 1161s
 842638 57169  113.08423   72    7  113.11573  113.08423  0.03%   4.0 1169s
 845795 56956  113.08423   98    9  113.11573  113.08423  0.03%   4.0 1173s
 849050 57147 infeasible  129       113.11573  113.08423  0.03%   4.0 1179s
 852647 56968  113.08423   85    7  113.11573  113.08423  0.03%   4.0 1183s
 855741 57555     cutoff  154       113.11573  113.08423  0.03%   4.0 1188s
 859757 57693     cutoff  146       113.11573  113.08423  0.03%   4.0 1191s
 862725 57668  113.08426  128   10  113.11573  113.08423  0.03%   4.0 1199s
 865083 57800  113.08423  123    7  113.11573  113.08423  0.03%   4.0 1200s

Cutting planes:
  Gomory: 1
  Implied bound: 98
  MIR: 27
  RLT: 1
  Relax-and-lift: 68

Explored 865998 nodes (3433820 simplex iterations) in 1201.94 seconds (246.52 work units)
Thread count was 20 (of 20 available processors)

Solution count 10: 113.116 113.116 113.116 ... 533.789

Time limit reached
Warning: max constraint violation (1.4413e-06) exceeds tolerance
Best objective 1.131157290961e+02, best bound 1.130842333227e+02, gap 0.0278%

User-callback calls 1733702, time in user-callback 7.37 sec
