
Gurobi 10.0.1 (win64) logging started Sun Sep 21 16:26:41 2025

Set parameter LogFile to value "log_group_6/bound_Expr375_s3_l1051_s11_e12_o10_d20_t60_s10_1_1_1_1.log"
Gurobi Optimizer version 10.0.1 build v10.0.1rc0 (win64)

CPU model: Intel(R) Core(TM) i7-10700 CPU @ 2.90GHz, instruction set [SSE2|AVX|AVX2]
Thread count: 8 physical cores, 16 logical processors, using up to 16 threads

Optimize a model with 18994 rows, 18180 columns and 237914 nonzeros
Model fingerprint: 0xc58fc4ca
Variable types: 180 continuous, 18000 integer (18000 binary)
Coefficient statistics:
  Matrix range     [6e-01, 8e+02]
  Objective range  [1e+00, 1e+00]
  Bounds range     [1e+00, 1e+03]
  RHS range        [1e+00, 8e+02]
Presolve removed 17787 rows and 17269 columns
Presolve time: 0.13s
Presolved: 1207 rows, 911 columns, 11638 nonzeros
Variable types: 108 continuous, 803 integer (801 binary)
Found heuristic solution: objective 207.9258667

Root relaxation: objective 3.445033e+01, 546 iterations, 0.01 seconds (0.02 work units)

    Nodes    |    Current Node    |     Objective Bounds      |     Work
 Expl Unexpl |  Obj  Depth IntInf | Incumbent    BestBd   Gap | It/Node Time

     0     0   34.45033    0   69  207.92587   34.45033  83.4%     -    0s
H    0     0                     172.1046667   34.45033  80.0%     -    0s
     0     0   34.45033    0   92  172.10467   34.45033  80.0%     -    0s
H    0     0                     141.1020667   34.45033  75.6%     -    0s
H    0     0                      95.7163667   34.45033  64.0%     -    0s
     0     0   34.45033    0   55   95.71637   34.45033  64.0%     -    0s
     0     0   34.45033    0   17   95.71637   34.45033  64.0%     -    0s
H    0     0                      68.8736667   34.45033  50.0%     -    0s
     0     0   34.45033    0   52   68.87367   34.45033  50.0%     -    0s
     0     0   36.41523    0   45   68.87367   36.41523  47.1%     -    0s
     0     0   36.41523    0   58   68.87367   36.41523  47.1%     -    0s
     0     0   36.79583    0   51   68.87367   36.79583  46.6%     -    0s
     0     0   36.79583    0   56   68.87367   36.79583  46.6%     -    0s
H    0     0                      63.6082667   36.79583  42.2%     -    0s
     0     0   36.79583    0   19   63.60827   36.79583  42.2%     -    0s
     0     0   36.79583    0   40   63.60827   36.79583  42.2%     -    0s
H    0     0                      62.0223667   37.42083  39.7%     -    0s
     0     0   37.42083    0   70   62.02237   37.42083  39.7%     -    0s
     0     0   37.42083    0   69   62.02237   37.42083  39.7%     -    0s
H    0     2                      58.3016667   37.42083  35.8%     -    0s
     0     2   37.42083    0   69   58.30167   37.42083  35.8%     -    0s
H   35    12                      55.1090667   37.42083  32.1%  38.3    0s
H  187   137                      53.6058667   37.42083  30.2%  18.1    0s

Cutting planes:
  Gomory: 1
  Implied bound: 62
  MIR: 7
  Zero half: 4
  RLT: 5
  Relax-and-lift: 16

Explored 1130 nodes (21392 simplex iterations) in 0.91 seconds (1.48 work units)
Thread count was 16 (of 16 available processors)

Solution count 10: 53.6059 55.1091 58.3017 ... 207.926

Optimal solution found (tolerance 1.00e-04)
Best objective 5.360586666666e+01, best bound 5.360586666666e+01, gap 0.0000%

User-callback calls 3450, time in user-callback 0.00 sec
