
Gurobi 10.0.3 (win64) logging started Sun Sep 21 05:13:25 2025

Set parameter LogFile to value "log_group_6/bound_Expr257_s5_l1051_s11_e12_o20_d41_t1200_s12_0_1_1_0.log"
Gurobi Optimizer version 10.0.3 build v10.0.3rc0 (win64)

CPU model: 11th Gen Intel(R) Core(TM) i7-11700 @ 2.50GHz, instruction set [SSE2|AVX|AVX2|AVX512]
Thread count: 8 physical cores, 16 logical processors, using up to 16 threads

Optimize a model with 113063 rows, 110310 columns and 1398470 nonzeros
Model fingerprint: 0xb72fb729
Variable types: 310 continuous, 110000 integer (110000 binary)
Coefficient statistics:
  Matrix range     [1e+00, 9e+02]
  Objective range  [1e+00, 1e+00]
  Bounds range     [1e+00, 1e+03]
  RHS range        [1e+00, 9e+02]
Presolve removed 111755 rows and 109200 columns (presolve time = 5s) ...
Presolve removed 111754 rows and 109199 columns
Presolve time: 5.05s
Presolved: 1309 rows, 1111 columns, 9276 nonzeros
Variable types: 110 continuous, 1001 integer (1001 binary)
Found heuristic solution: objective 208.0388000

Root simplex log...

Iteration    Objective       Primal Inf.    Dual Inf.      Time
       0    6.0034400e+01   2.890000e+02   0.000000e+00      5s
     222    6.0034400e+01   0.000000e+00   0.000000e+00      5s

Root relaxation: objective 6.003440e+01, 222 iterations, 0.00 seconds (0.00 work units)

    Nodes    |    Current Node    |     Objective Bounds      |     Work
 Expl Unexpl |  Obj  Depth IntInf | Incumbent    BestBd   Gap | It/Node Time

     0     0   60.03440    0   20  208.03880   60.03440  71.1%     -    5s
H    0     0                     198.3056333   60.03440  69.7%     -    5s
H    0     0                     163.2779000   60.03440  63.2%     -    5s
H    0     0                     131.9278000   60.03440  54.5%     -    5s
H    0     0                     125.6676667   60.03440  52.2%     -    5s
     0     0   60.03440    0   21  125.66767   60.03440  52.2%     -    5s
     0     0   60.03440    0   22  125.66767   60.03440  52.2%     -    5s
     0     0   60.03440    0   20  125.66767   60.03440  52.2%     -    5s
H    0     0                     120.9966333   60.03440  50.4%     -    5s
     0     0   60.03440    0   21  120.99663   60.03440  50.4%     -    5s
     0     0   60.03440    0   20  120.99663   60.03440  50.4%     -    5s
     0     0   60.03440    0   20  120.99663   60.03440  50.4%     -    5s
     0     0   60.03440    0   20  120.99663   60.03440  50.4%     -    5s
     0     0   60.03440    0   20  120.99663   60.03440  50.4%     -    5s
H    0     0                     120.9725000   60.03440  50.4%     -    5s
     0     2   60.03440    0   20  120.97250   60.03440  50.4%     -    5s
H   36    39                     120.9638333   60.03440  50.4%  21.1    5s
H   68    77                     120.8822667   60.03440  50.3%  13.3    5s
H   79    83                     120.8637000   60.03440  50.3%  12.3    5s
H 6147  5191                     120.8637000  101.71687  15.8%   3.0    8s
H 6149  4933                     120.8636996  101.71687  15.8%   3.0    8s
H 6155  4691                     120.8636993  101.71687  15.8%   3.4    9s
  6160  4694  101.71687  218   12  120.86370  101.71687  15.8%   3.4   10s
H 6247  4501                     120.8542333  101.71687  15.8%   3.8   11s
 15132  8532  111.35353   66   12  120.85423  104.71213  13.4%   5.4   15s
 30204 17368  117.75609   95   11  120.85423  104.71213  13.4%   5.7   21s
 50523 28986  120.37097  157    8  120.85423  105.21993  12.9%   5.7   25s
 79859 45859  119.40330  100   10  120.85423  106.56830  11.8%   5.3   30s
 105026 62064  112.87655  137   13  120.85423  108.08439  10.6%   5.2   35s
 133014 77452  116.97345  151   12  120.85423  108.52223  10.2%   5.4   40s
 159083 86071  110.00433   78   25  120.85423  109.49510  9.40%   5.4   45s
 186605 96774  113.51017   97    8  120.85423  109.56357  9.34%   5.4   50s
 212375 107575  109.56977  104    8  120.85423  109.56977  9.34%   5.4   55s
 240317 117522  109.56977  108   12  120.85423  109.56977  9.34%   5.4   60s
 266894 125726  110.45006  135   19  120.85423  109.56977  9.34%   5.5   65s
 290634 134620     cutoff   99       120.85423  109.61519  9.30%   5.5   70s
 313038 142883     cutoff  103       120.85423  109.85590  9.10%   5.6   75s
 335950 155008  116.18640  136   12  120.85423  110.07269  8.92%   5.6   80s
 362321 167580  116.22875  192   10  120.85423  110.16564  8.84%   5.6   85s
 386714 175207  118.57065  103   10  120.85423  110.86747  8.26%   5.7   90s
 409467 185224  120.84597  125    8  120.85423  111.33497  7.88%   5.6   95s
 438488 200473  116.06833  116   12  120.85423  111.33497  7.88%   5.6  100s
 466929 218222  111.33497  102   11  120.85423  111.33497  7.88%   5.6  105s
 495948 233752  120.84597   98    6  120.85423  111.33497  7.88%   5.7  110s
 510972 247259  116.02158  116   12  120.85423  111.33497  7.88%   5.7  115s
 540025 260774     cutoff  130       120.85423  111.33497  7.88%   5.7  120s
 569648 277500  116.01798  181   13  120.85423  111.33497  7.88%   5.7  125s
 596904 294176  116.01794  114   13  120.85423  111.33497  7.88%   5.8  130s
 621562 308408  116.02158  124   14  120.85423  111.33497  7.88%   5.8  135s
 645739 322773     cutoff  249       120.85423  111.33497  7.88%   5.8  140s
 669468 335288  116.06851  231   10  120.85423  111.34092  7.87%   5.8  145s
 691542 346822  111.34241  140   14  120.85423  111.34092  7.87%   5.8  150s
 712554 358159  116.06842  121   10  120.85423  111.34241  7.87%   5.7  155s
 729058 365284  120.84597  145    4  120.85423  111.34433  7.87%   5.8  160s
 749610 374908  120.84947  190    4  120.85423  111.34488  7.87%   5.8  165s
 766982 382921  112.95280  117   13  120.85423  111.34488  7.87%   5.8  170s
 785349 393610  117.61655  122    9  120.85423  111.34488  7.87%   5.8  175s
 799611 401325  118.50823  183   12  120.85423  111.34863  7.87%   5.9  180s
 818380 409678  120.84597  175   10  120.85423  111.34982  7.86%   5.9  185s
 830484 415717  117.74372  134    9  120.85423  111.35291  7.86%   5.9  190s
 844727 422203  113.78235  139   11  120.85423  111.35353  7.86%   5.9  195s
 863379 428762  118.56222  110    8  120.85423  111.35353  7.86%   6.0  200s
 881167 435958 infeasible  117       120.85423  111.35353  7.86%   6.0  205s
 894222 440986  117.22015  123   14  120.85423  111.35353  7.86%   6.0  210s
 913289 447822  119.17132  152    8  120.85423  111.35863  7.86%   6.0  215s
 930399 452395  118.44542  118   12  120.85423  111.35913  7.86%   6.0  220s
 946846 457893  120.84947  153   10  120.85423  111.36428  7.85%   6.1  225s
 966508 464749 infeasible  120       120.85423  111.36457  7.85%   6.2  230s
 986300 473439  116.18640  164   14  120.85423  111.36457  7.85%   6.2  235s
 1005954 481646  120.84947  143    4  120.85423  111.36457  7.85%   6.3  240s
 1022410 487789  120.84947  138    6  120.85423  111.36457  7.85%   6.4  245s
 1037141 495624  120.84947  154    4  120.85423  111.36457  7.85%   6.4  250s
 1050035 499552 infeasible  237       120.85423  111.36461  7.85%   6.5  255s
 1056526 502900 infeasible   74       120.85423  111.36667  7.85%   6.5  261s
 1071578 505170  119.08015  133    6  120.85423  111.38620  7.83%   6.5  265s
 1086751 513777  120.83977  197    8  120.85423  111.39690  7.83%   6.6  270s
 1105276 519442 infeasible  202       120.85423  111.40175  7.82%   6.6  275s
 1117515 525271  120.84947  139    6  120.85423  111.40176  7.82%   6.7  280s
 1133412 529150     cutoff  104       120.85423  111.41315  7.81%   6.7  285s
 1148238 534638  116.39320  115    8  120.85423  111.50277  7.74%   6.8  290s
 1165509 540725  115.07587  205    9  120.85423  111.52133  7.72%   6.8  295s
 1184980 548425  111.52133  176   12  120.85423  111.52133  7.72%   6.8  300s
 1204950 554612  117.87730   90   13  120.85423  111.57475  7.68%   6.8  305s
 1221245 559867  120.83977  157   12  120.85423  111.92019  7.39%   6.8  310s
 1235870 563831  115.33037  131   21  120.85423  112.28199  7.09%   6.8  315s
 1252883 571630  112.56678  163   20  120.85423  112.32382  7.06%   6.8  320s
 1268468 577008  117.75609  188   18  120.85423  112.32432  7.06%   6.8  325s
 1293835 584974  120.84597  122    4  120.85423  112.54860  6.87%   6.8  330s
 1314215 592241     cutoff  103       120.85423  112.56717  6.86%   6.7  335s
 1339195 603442  113.94705  175   14  120.85423  112.73419  6.72%   6.7  340s
 1365627 614432 infeasible  118       120.85423  112.87035  6.61%   6.7  345s
 1389272 627659  112.88118  135   10  120.85423  112.87655  6.60%   6.6  350s
 1406292 634051  118.52413  104   12  120.85423  112.88118  6.60%   6.6  355s
 1426298 643837  117.35655  110   12  120.85423  112.88118  6.60%   6.6  360s
 1447992 653862  118.52413  148   10  120.85423  112.88427  6.59%   6.6  365s
 1463183 658396  112.89047  116   10  120.85423  112.89047  6.59%   6.6  370s
 1479311 664338  120.84597  165    8  120.85423  112.89047  6.59%   6.6  375s
 1497562 667103  118.19140  138   10  120.85423  112.92327  6.56%   6.5  380s
 1516752 678946  120.83977  172    6  120.85423  112.95280  6.54%   6.5  385s
 1538441 691144  120.84597  105    8  120.85423  112.95349  6.54%   6.5  390s
 1555147 698278  116.19260  154   12  120.85423  112.95349  6.54%   6.5  395s
 1567954 703618  116.18640  130   10  120.85423  112.95556  6.54%   6.5  400s
 1583201 710870  118.53650  183   10  120.85423  112.97068  6.52%   6.5  405s
 1602659 717135  112.97137  151   11  120.85423  112.97137  6.52%   6.5  410s
 1619805 722288  112.97205  117   13  120.85423  112.97205  6.52%   6.5  415s
 1634741 725335  116.21458  112   12  120.85423  112.98014  6.52%   6.5  420s
 1653371 734461  118.56528  137    6  120.85423  113.01163  6.49%   6.5  425s
 1669634 739112  117.91152  141    7  120.85423  113.04680  6.46%   6.5  430s
 1685159 743949  116.36067  207   17  120.85423  113.12060  6.40%   6.5  435s
 1704301 751739  120.83977  197    4  120.85423  113.12394  6.40%   6.4  440s
 1717777 756417  120.84947  194    8  120.85423  113.13364  6.39%   6.5  445s
 1731112 760920  116.06833  216   12  120.85423  113.13917  6.38%   6.5  450s
 1740081 762168  117.93009  123   13  120.85423  113.13985  6.38%   6.5  455s
 1749872 768408  119.34213   75   12  120.85423  113.19382  6.34%   6.5  462s
 1763686 770356  119.37040   69   12  120.85423  113.21356  6.32%   6.5  465s
 1774714 771909  117.76229  166   13  120.85423  113.22361  6.31%   6.5  470s
 1790374 776262  116.19260  164   10  120.85423  113.31041  6.24%   6.6  475s
 1804866 778328  118.42530  184    6  120.85423  113.63269  5.98%   6.6  480s
 1821127 784708  120.83977  159    4  120.85423  113.76068  5.87%   6.6  485s
 1842414 796278  118.41405  115    8  120.85423  113.76068  5.87%   6.6  490s
 1858051 804062  117.73752  148   12  120.85423  113.76223  5.87%   6.6  495s
 1878279 812761  116.20103  183   15  120.85423  113.76378  5.87%   6.5  500s
 1895328 819642 infeasible  161       120.85423  113.76378  5.87%   6.5  505s
 1909684 824543  117.74588  100   13  120.85423  113.76533  5.87%   6.5  510s
 1919610 827168  116.18640  164    8  120.85423  113.76741  5.86%   6.6  515s
 1935000 832228  118.56222   96    8  120.85423  113.77865  5.85%   6.5  520s
 1952051 837230  113.78738  127   16  120.85423  113.77925  5.85%   6.5  525s
 1968864 841790     cutoff  198       120.85423  113.77925  5.85%   6.5  530s
 1983533 846014  116.20497  136   10  120.85423  113.77925  5.85%   6.5  535s
 1997882 849741  118.44232  176    8  120.85423  113.77925  5.85%   6.5  540s
 2012108 853380  118.56222  103   11  120.85423  113.77925  5.85%   6.5  545s
 2026506 857627  118.44232  132   14  120.85423  113.77925  5.85%   6.5  550s
 2048423 862201  115.71595  123    9  120.85423  113.77925  5.85%   6.5  555s
 2063113 866750  120.38913  210   10  120.85423  113.77925  5.85%   6.5  560s
 2080085 870894  118.53650  150    8  120.85423  113.77925  5.85%   6.5  565s
 2098489 872045     cutoff  131       120.85423  113.78080  5.85%   6.5  570s
 2110517 871046  113.78545  194    9  120.85423  113.78235  5.85%   6.5  575s
 2125939 875882  117.76337  186   11  120.85423  113.78687  5.85%   6.5  580s
 2142516 880232  118.45333  203   10  120.85423  113.78872  5.85%   6.5  585s
 2158728 884082  120.84597  260    6  120.85423  113.78931  5.85%   6.5  590s
 2176070 888682  118.45598  213   26  120.85423  113.79292  5.84%   6.5  595s
 2191125 891529     cutoff  225       120.85423  113.80130  5.84%   6.5  600s
 2206688 896012  118.61597  111    8  120.85423  113.83085  5.81%   6.5  605s
 2224061 900469  118.49607  167    4  120.85423  113.83145  5.81%   6.5  610s
 2239130 904409  118.09483  173   24  120.85423  113.83145  5.81%   6.5  615s
 2253629 907236  118.50958  181    6  120.85423  113.85622  5.79%   6.5  620s
 2269212 910212  113.98068  133   10  120.85423  113.92848  5.73%   6.5  625s
 2287283 914550  115.47961  132   19  120.85423  113.92848  5.73%   6.5  630s
 2306473 919261  118.59310  136    8  120.85423  113.92848  5.73%   6.5  635s
 2324333 923223  118.59155  143    6  120.85423  113.92848  5.73%   6.5  640s
 2340626 926503  118.69193  215    7  120.85423  113.93620  5.72%   6.4  645s
 2359252 930190  118.61012  162   13  120.85423  113.94705  5.72%   6.4  650s
 2381320 935160  118.61322  167    8  120.85423  113.94705  5.72%   6.4  655s
 2405779 941871  118.60352  145    8  120.85423  113.94705  5.72%   6.4  660s
 2427149 947341  118.61167  131   10  120.85423  113.94705  5.72%   6.3  665s
 2450647 953341     cutoff  119       120.85423  113.94705  5.72%   6.3  670s
 2467747 957864  118.61012  126    6  120.85423  113.94705  5.72%   6.3  675s
 2487882 963247  118.60042  107   10  120.85423  113.94705  5.72%   6.3  680s
 2505511 967913  118.61012  132    6  120.85423  113.94705  5.72%   6.3  685s
 2522706 972584     cutoff  114       120.85423  113.94705  5.72%   6.3  690s
 2540060 977183  118.73157  177   10  120.85423  113.94705  5.72%   6.3  695s
 2555501 980152  118.71050  150   11  120.85423  113.95015  5.71%   6.2  700s
 2566029 982051  114.88082  232   13  120.85423  113.95170  5.71%   6.2  705s
 2584864 986305  118.82185  106    3  120.85423  113.96072  5.70%   6.2  710s
 2603112 989935  118.63405  102    4  120.85423  113.98068  5.69%   6.2  715s
 2621132 994418  119.16418  122    4  120.85423  113.99925  5.67%   6.2  720s
 2636977 997622     cutoff  133       120.85423  114.02268  5.65%   6.2  725s
 2656323 1001807  118.54270  179   10  120.85423  114.15138  5.55%   6.2  730s
 2672252 1007365  115.39415  122   16  120.85423  114.21583  5.49%   6.2  735s
 2688244 1012259  117.54425   81   13  120.85423  114.22687  5.48%   6.2  740s
 2704081 1017858  120.38212  108    6  120.85423  114.26151  5.46%   6.2  745s
 2717292 1020417  114.35273   99   14  120.85423  114.35273  5.38%   6.2  750s
 2734002 1027626  117.20197  116   12  120.85423  114.49070  5.27%   6.2  755s
 2753117 1038558  120.84947  155    6  120.85423  114.50040  5.26%   6.2  760s
 2768274 1046130  117.65883   95   11  120.85423  114.50927  5.25%   6.2  765s
 2783247 1050954  116.97818   62   15  120.85423  114.51334  5.25%   6.2  770s
 2797693 1055145  114.53273   68   14  120.85423  114.51897  5.24%   6.2  775s
 2812494 1060908  115.73183   90   16  120.85423  114.51897  5.24%   6.2  780s
 2826897 1064539  117.00130   81   13  120.85423  114.52402  5.24%   6.2  785s
 2842340 1070017  120.84947  197    2  120.85423  114.56857  5.20%   6.2  790s
*2842928 1069955             180     120.8542329  114.56926  5.20%   6.2  790s
 2856499 1073969     cutoff   86       120.85423  114.59535  5.18%   6.2  795s
 2868308 1077229  119.07347  158    4  120.85423  114.63887  5.14%   6.2  800s
 2884608 1084352 infeasible  173       120.85423  114.69497  5.10%   6.2  805s
 2895816 1086858 infeasible   93       120.85423  114.70733  5.09%   6.3  810s
 2906869 1088208  119.37040   57   12  120.85423  114.70733  5.09%   6.3  815s
 2918641 1090969  114.71353   90   10  120.85423  114.71353  5.08%   6.3  820s
 2929573 1092666  114.71353   78   10  120.85423  114.71353  5.08%   6.3  825s
 2940032 1095321  117.78599  110   13  120.85423  114.72720  5.07%   6.3  830s
 2953851 1097406  119.54555  104    8  120.85423  114.74633  5.05%   6.3  835s
 2968027 1099470     cutoff   71       120.85423  114.82359  4.99%   6.3  840s
 2981958 1102264  119.69103   70    8  120.85423  114.90738  4.92%   6.3  845s
 2997036 1105948     cutoff  199       120.85423  115.08761  4.77%   6.3  850s
 3011330 1111338     cutoff  142       120.85423  115.15498  4.72%   6.3  855s
 3019770 1112078  119.84943  151   10  120.85423  115.17563  4.70%   6.3  860s
 3028789 1113887  119.95872  164   13  120.85423  115.29565  4.60%   6.3  865s
 3045984 1119212  118.65719  179    6  120.85423  115.33037  4.57%   6.3  870s
 3061190 1122476  120.44242  219    6  120.85423  115.38365  4.53%   6.3  875s
 3078723 1125956  116.95862  115   16  120.85423  115.46099  4.46%   6.3  880s
 3098895 1132240     cutoff  152       120.85423  115.48392  4.44%   6.3  885s
 3116745 1135860  118.61012  219   10  120.85423  115.49925  4.43%   6.3  890s
 3130823 1137663     cutoff  107       120.85423  115.56133  4.38%   6.3  895s
 3146059 1139785  120.49892  170    6  120.85423  115.71595  4.25%   6.3  900s
 3157949 1140626  120.37902  185   13  120.85423  115.71595  4.25%   6.3  905s
 3170526 1141420  120.50047  143    6  120.85423  115.71595  4.25%   6.3  910s
 3181162 1142308  120.39003  206   12  120.85423  115.72542  4.24%   6.3  915s
 3196540 1146041  120.39012  173   31  120.85423  115.72705  4.24%   6.3  920s
 3210974 1147243     cutoff  120       120.85423  115.73353  4.24%   6.3  925s
 3224774 1150070  115.88161  104   11  120.85423  115.79190  4.19%   6.3  930s
 3239607 1154083  119.35257  183   11  120.85423  115.85216  4.14%   6.3  935s
 3254134 1157084  120.52782  193   27  120.85423  115.86581  4.13%   6.3  940s
 3269564 1159653  120.53712  145    6  120.85423  115.88375  4.11%   6.3  945s
 3284049 1161302     cutoff  122       120.85423  115.89485  4.10%   6.3  950s
 3297333 1163522     cutoff  110       120.85423  115.97432  4.04%   6.3  955s
*3297350 1163230             122     120.8542327  115.97432  4.04%   6.3  955s
 3317818 1173281  120.83982  126    6  120.85423  115.98833  4.03%   6.3  960s
 3336791 1183511  120.83977  104    6  120.85423  115.98833  4.03%   6.3  965s
 3355088 1193231  120.83979  146    6  120.85423  115.98833  4.03%   6.3  970s
 3372402 1201903     cutoff   89       120.85423  115.98833  4.03%   6.3  975s
 3391350 1213399  117.20197  126   12  120.85423  115.98833  4.03%   6.3  980s
 3414393 1224937  120.83977  122   10  120.85423  115.98833  4.03%   6.3  985s
 3437690 1237169  120.84803  141    4  120.85423  115.98833  4.03%   6.2  990s
 3459401 1250303     cutoff  144       120.85423  115.98833  4.03%   6.2  995s
 3482253 1263065  120.84597  221    8  120.85423  115.98833  4.03%   6.2 1000s
 3499264 1275877  117.20119   90   15  120.85423  115.98833  4.03%   6.2 1005s
 3519446 1287395 infeasible  146       120.85423  115.98833  4.03%   6.2 1010s
 3538187 1299838  120.84597   77    8  120.85423  115.98833  4.03%   6.2 1015s
 3558088 1308693 infeasible  128       120.85423  115.98833  4.03%   6.2 1020s
 3573550 1317579     cutoff  138       120.85423  115.98833  4.03%   6.2 1025s
 3592068 1327209  118.41405  164   11  120.85423  115.98833  4.03%   6.2 1030s
 3611005 1336643 infeasible  111       120.85423  115.98833  4.03%   6.2 1035s
 3629839 1347113  120.84597  131    4  120.85423  115.98833  4.03%   6.2 1040s
 3650817 1358908  117.20235  127   12  120.85423  115.98833  4.03%   6.2 1046s
 3666249 1368435  117.60685   98   12  120.85423  115.98833  4.03%   6.2 1050s
 3685964 1377114  120.84597   89    6  120.85423  115.98833  4.03%   6.2 1055s
 3704390 1386986  120.83977   70   10  120.85423  115.98833  4.03%   6.1 1060s
 3723319 1397736     cutoff  129       120.85423  115.98833  4.03%   6.1 1065s
 3742706 1410786  120.84597  200    6  120.85423  115.98833  4.03%   6.1 1070s
 3757500 1419490  118.82927  129   11  120.85423  115.98833  4.03%   6.1 1075s
 3777043 1430731  120.83983  182   10  120.85423  115.98833  4.03%   6.1 1080s
 3795674 1440909  120.83977  126    8  120.85423  115.98833  4.03%   6.1 1085s
 3813889 1451524  116.95862  112   15  120.85423  115.98833  4.03%   6.1 1090s
 3833380 1463066  120.84597   83    8  120.85423  115.98833  4.03%   6.1 1095s
 3851029 1472206 infeasible   59       120.85423  115.98833  4.03%   6.1 1100s
 3867960 1479982 infeasible   92       120.85423  115.98833  4.03%   6.1 1105s
 3882822 1487929  117.20158  103   14  120.85423  115.98833  4.03%   6.1 1110s
 3902262 1498800  115.98833   74   15  120.85423  115.98833  4.03%   6.1 1115s
 3920321 1508443  120.84597  118    8  120.85423  115.98833  4.03%   6.1 1120s
 3939138 1518427  120.83977  168    6  120.85423  115.98833  4.03%   6.1 1126s
 3954962 1526587  120.84597   62    8  120.85423  115.98833  4.03%   6.1 1130s
 3971167 1535146  120.83977   97   10  120.85423  115.98833  4.03%   6.1 1135s
 3985666 1542224  117.20119   96   12  120.85423  115.98833  4.03%   6.1 1140s
 4001569 1549882  120.83977   89   10  120.85423  115.98833  4.03%   6.1 1145s
 4016911 1558391  117.60617   81    9  120.85423  115.98833  4.03%   6.1 1150s
 4032303 1565821  120.83977  166   11  120.85423  115.99359  4.02%   6.1 1155s
 4050883 1575657 infeasible  145       120.85423  115.99359  4.02%   6.1 1160s
 4067953 1587037  117.20119  125   10  120.85423  115.99365  4.02%   6.0 1165s
 4086492 1596844  120.83977  141   10  120.85423  115.99371  4.02%   6.0 1170s
 4102791 1605993     cutoff  110       120.85423  115.99384  4.02%   6.0 1175s
 4118339 1615679  120.83977  135    6  120.85423  115.99422  4.02%   6.0 1180s
 4136434 1625093  120.83984  137    8  120.85423  115.99578  4.02%   6.0 1185s
 4150382 1629363  117.61701   87    9  120.85423  115.99780  4.02%   6.0 1190s
 4164102 1633455     cutoff   99       120.85423  115.99803  4.02%   6.0 1195s
 4179495 1637669  117.94583   68   28  120.85423  115.99803  4.02%   6.0 1200s

Cutting planes:
  Gomory: 9
  Implied bound: 9
  Projected implied bound: 18
  MIR: 1
  Flow cover: 77
  Relax-and-lift: 405

Explored 4179575 nodes (25171380 simplex iterations) in 1200.17 seconds (1136.00 work units)
Thread count was 16 (of 16 available processors)

Solution count 10: 120.854 120.854 120.854 ... 120.972

Time limit reached
Best objective 1.208542326656e+02, best bound 1.159980333333e+02, gap 4.0182%

User-callback calls 8475582, time in user-callback 10.58 sec
