
Gurobi 12.0.1 (win64) logging started Sat Sep 20 06:05:17 2025

Set parameter LogFile to value "log_group_6/bound_Expr89_s5_l1051_s11_e12_o20_d40_t7200_s19_1_1_1_1.log"
Gurobi Optimizer version 12.0.1 build v12.0.1rc0 (win64 - Windows Server 2022.0 (20348.2))

CPU model: Intel(R) Xeon(R) Gold 6336Y CPU @ 2.40GHz, instruction set [SSE2|AVX|AVX2|AVX512]
Thread count: 48 physical cores, 96 logical processors, using up to 32 threads

Non-default parameters:
TimeLimit  7200

Optimize a model with 113330 rows, 110310 columns and 1617990 nonzeros
Model fingerprint: 0x548355e9
Variable types: 310 continuous, 110000 integer (110000 binary)
Coefficient statistics:
  Matrix range     [1e+00, 9e+02]
  Objective range  [1e+00, 1e+00]
  Bounds range     [1e+00, 1e+03]
  RHS range        [1e+00, 9e+02]
Presolve removed 106375 rows and 104270 columns
Presolve time: 0.46s
Presolved: 6955 rows, 6040 columns, 75055 nonzeros
Variable types: 290 continuous, 5750 integer (5750 binary)
Performing another presolve...
Presolve removed 5650 rows and 5031 columns
Presolve time: 0.30s
Found heuristic solution: objective 404.6449333

Root relaxation: objective 1.065056e+02, 746 iterations, 0.03 seconds (0.03 work units)

    Nodes    |    Current Node    |     Objective Bounds      |     Work
 Expl Unexpl |  Obj  Depth IntInf | Incumbent    BestBd   Gap | It/Node Time

     0     0  106.50560    0   18  404.64493  106.50560  73.7%     -    1s
H    0     0                     213.0937667  106.50560  50.0%     -    1s
H    0     0                     198.3467333  106.50560  46.3%     -    1s
     0     0  106.50560    0   63  198.34673  106.50560  46.3%     -    1s
H    0     0                     145.7499333  106.50560  26.9%     -    1s
     0     0  108.38527    0   18  145.74993  108.38527  25.6%     -    1s
H    0     0                     137.8453333  108.38527  21.4%     -    1s
H    0     0                     132.0853333  108.38527  17.9%     -    1s
H    0     0                     128.3253333  108.38527  15.5%     -    1s
     0     0  108.38527    0   54  128.32533  108.38527  15.5%     -    1s
     0     0  108.38527    0   54  128.32533  108.38527  15.5%     -    1s
H    0     0                     126.5589667  108.38527  14.4%     -    1s
     0     0  108.38527    0   20  126.55897  108.38527  14.4%     -    1s
     0     0  108.38527    0   20  126.55897  108.38527  14.4%     -    1s
     0     0  108.53727    0   56  126.55897  108.53727  14.2%     -    1s
     0     0  108.53727    0   49  126.55897  108.53727  14.2%     -    1s
     0     2  108.53727    0   49  126.55897  108.53727  14.2%     -    1s
H  368   160                     126.4673000  108.53727  14.2%  65.7    2s
* 1743   370              28     126.4307333  118.84051  6.00%  22.6    2s
* 2662   312              20     126.4184333  123.41615  2.37%  17.5    2s
* 4647    49              37     126.3390667  124.69224  1.30%  13.4    2s

Cutting planes:
  Cover: 47
  Implied bound: 211
  MIR: 5
  Inf proof: 46
  Zero half: 27
  RLT: 20
  Relax-and-lift: 5

Explored 4832 nodes (69969 simplex iterations) in 2.82 seconds (2.69 work units)
Thread count was 32 (of 96 available processors)

Solution count 10: 126.339 126.418 126.431 ... 198.347

Optimal solution found (tolerance 1.00e-04)
Best objective 1.263390666666e+02, best bound 1.263390666666e+02, gap 0.0000%

User-callback calls 10249, time in user-callback 0.02 sec

Gurobi 12.0.1 (win64) logging started Sat Sep 20 08:09:35 2025

Set parameter LogFile to value "log_group_6/bound_Expr89_s5_l1051_s11_e12_o20_d40_t7200_s19_1_1_1_1.log"
Gurobi Optimizer version 12.0.1 build v12.0.1rc0 (win64 - Windows Server 2022.0 (20348.2))

CPU model: Intel(R) Xeon(R) Gold 6336Y CPU @ 2.40GHz, instruction set [SSE2|AVX|AVX2|AVX512]
Thread count: 48 physical cores, 96 logical processors, using up to 32 threads

Non-default parameters:
TimeLimit  7200

Optimize a model with 113330 rows, 110310 columns and 1617990 nonzeros
Model fingerprint: 0x548355e9
Variable types: 310 continuous, 110000 integer (110000 binary)
Coefficient statistics:
  Matrix range     [1e+00, 9e+02]
  Objective range  [1e+00, 1e+00]
  Bounds range     [1e+00, 1e+03]
  RHS range        [1e+00, 9e+02]
Presolve removed 106375 rows and 104270 columns
Presolve time: 0.49s
Presolved: 6955 rows, 6040 columns, 75055 nonzeros
Variable types: 290 continuous, 5750 integer (5750 binary)
Performing another presolve...
Presolve removed 5650 rows and 5031 columns
Presolve time: 0.31s
Found heuristic solution: objective 404.6449333

Root relaxation: objective 1.065056e+02, 746 iterations, 0.03 seconds (0.03 work units)

    Nodes    |    Current Node    |     Objective Bounds      |     Work
 Expl Unexpl |  Obj  Depth IntInf | Incumbent    BestBd   Gap | It/Node Time

     0     0  106.50560    0   18  404.64493  106.50560  73.7%     -    1s
H    0     0                     213.0937667  106.50560  50.0%     -    1s
H    0     0                     198.3467333  106.50560  46.3%     -    1s
     0     0  106.50560    0   63  198.34673  106.50560  46.3%     -    1s
H    0     0                     145.7499333  106.50560  26.9%     -    1s
     0     0  108.38527    0   18  145.74993  108.38527  25.6%     -    1s
H    0     0                     137.8453333  108.38527  21.4%     -    1s
H    0     0                     132.0853333  108.38527  17.9%     -    1s
H    0     0                     128.3253333  108.38527  15.5%     -    1s
     0     0  108.38527    0   54  128.32533  108.38527  15.5%     -    1s
     0     0  108.38527    0   54  128.32533  108.38527  15.5%     -    1s
H    0     0                     126.5589667  108.38527  14.4%     -    1s
     0     0  108.38527    0   20  126.55897  108.38527  14.4%     -    1s
     0     0  108.38527    0   20  126.55897  108.38527  14.4%     -    1s
     0     0  108.53727    0   56  126.55897  108.53727  14.2%     -    1s
     0     0  108.53727    0   49  126.55897  108.53727  14.2%     -    1s
     0     2  108.53727    0   49  126.55897  108.53727  14.2%     -    1s
H  368   160                     126.4673000  108.53727  14.2%  65.7    2s
* 1743   370              28     126.4307333  118.84051  6.00%  22.6    2s
* 2662   312              20     126.4184333  123.41615  2.37%  17.5    2s
* 4647    49              37     126.3390667  124.69224  1.30%  13.4    2s

Cutting planes:
  Cover: 47
  Implied bound: 211
  MIR: 5
  Inf proof: 46
  Zero half: 27
  RLT: 20
  Relax-and-lift: 5

Explored 4832 nodes (69969 simplex iterations) in 3.05 seconds (2.69 work units)
Thread count was 32 (of 96 available processors)

Solution count 10: 126.339 126.418 126.431 ... 198.347

Optimal solution found (tolerance 1.00e-04)
Best objective 1.263390666666e+02, best bound 1.263390666666e+02, gap 0.0000%

User-callback calls 10289, time in user-callback 0.01 sec
