
Gurobi 12.0.1 (win64) logging started Sat Sep 20 05:53:41 2025

Set parameter LogFile to value "log_group_6/bound_Expr81_s5_l1051_s11_e12_o20_d40_t7200_s11_1_1_1_1.log"
Gurobi Optimizer version 12.0.1 build v12.0.1rc0 (win64 - Windows Server 2022.0 (20348.2))

CPU model: Intel(R) Xeon(R) Gold 6336Y CPU @ 2.40GHz, instruction set [SSE2|AVX|AVX2|AVX512]
Thread count: 48 physical cores, 96 logical processors, using up to 32 threads

Non-default parameters:
TimeLimit  7200

Optimize a model with 174511 rows, 170310 columns and 2437290 nonzeros
Model fingerprint: 0xcb53ff6e
Variable types: 310 continuous, 170000 integer (170000 binary)
Coefficient statistics:
  Matrix range     [1e+00, 8e+02]
  Objective range  [1e+00, 1e+00]
  Bounds range     [1e+00, 1e+03]
  RHS range        [1e+00, 8e+02]
Presolve removed 168085 rows and 164770 columns
Presolve time: 0.71s
Presolved: 6426 rows, 5540 columns, 65285 nonzeros
Variable types: 290 continuous, 5250 integer (5250 binary)
Found heuristic solution: objective 334.4776333
Performing another presolve...
Presolve removed 5873 rows and 5133 columns
Presolve time: 0.17s
Found heuristic solution: objective 256.6417333

Root relaxation: objective 9.735230e+01, 287 iterations, 0.01 seconds (0.01 work units)

    Nodes    |    Current Node    |     Objective Bounds      |     Work
 Expl Unexpl |  Obj  Depth IntInf | Incumbent    BestBd   Gap | It/Node Time

     0     0   97.35230    0   18  256.64173   97.35230  62.1%     -    1s
H    0     0                     133.3297333   97.35230  27.0%     -    1s
H    0     0                     118.5428333   97.35230  17.9%     -    1s
     0     0   99.67863    0   22  118.54283   99.67863  15.9%     -    1s
     0     0   99.68502    0   27  118.54283   99.68502  15.9%     -    1s
     0     0   99.96467    0   32  118.54283   99.96467  15.7%     -    1s
H    0     0                     113.3076333  100.42930  11.4%     -    1s
     0     0  100.42930    0   40  113.30763  100.42930  11.4%     -    1s
     0     0  100.49319    0   52  113.30763  100.49319  11.3%     -    1s
     0     0  100.49319    0   52  113.30763  100.49319  11.3%     -    1s
     0     0  100.52679    0   46  113.30763  100.52679  11.3%     -    1s
     0     0  101.81947    0   21  113.30763  101.81947  10.1%     -    1s
     0     0  101.88335    0   52  113.30763  101.88335  10.1%     -    1s
     0     0  101.88335    0   52  113.30763  101.88335  10.1%     -    1s
     0     0  101.88335    0   52  113.30763  101.88335  10.1%     -    1s
     0     0  101.96816    0   55  113.30763  101.96816  10.0%     -    1s
     0     0  103.50102    0   52  113.30763  103.50102  8.65%     -    1s
     0     0  103.56491    0   52  113.30763  103.56491  8.60%     -    1s
     0     0  103.56491    0   53  113.30763  103.56491  8.60%     -    1s
     0     0  104.33130    0   55  113.30763  104.33130  7.92%     -    1s
     0     0  104.33130    0   55  113.30763  104.33130  7.92%     -    1s
     0     0  104.33130    0   55  113.30763  104.33130  7.92%     -    1s

Cutting planes:
  Learned: 6
  Implied bound: 15
  MIR: 20
  Zero half: 19
  RLT: 29
  Relax-and-lift: 10

Explored 1 nodes (1735 simplex iterations) in 1.49 seconds (1.90 work units)
Thread count was 32 (of 96 available processors)

Solution count 5: 113.308 118.543 133.33 ... 334.478

Optimal solution found (tolerance 1.00e-04)
Best objective 1.133076333333e+02, best bound 1.133076333333e+02, gap 0.0000%

User-callback calls 412, time in user-callback 0.00 sec

Gurobi 12.0.1 (win64) logging started Sat Sep 20 08:05:14 2025

Set parameter LogFile to value "log_group_6/bound_Expr81_s5_l1051_s11_e12_o20_d40_t7200_s11_1_1_1_1.log"
Gurobi Optimizer version 12.0.1 build v12.0.1rc0 (win64 - Windows Server 2022.0 (20348.2))

CPU model: Intel(R) Xeon(R) Gold 6336Y CPU @ 2.40GHz, instruction set [SSE2|AVX|AVX2|AVX512]
Thread count: 48 physical cores, 96 logical processors, using up to 32 threads

Non-default parameters:
TimeLimit  7200

Optimize a model with 174511 rows, 170310 columns and 2437290 nonzeros
Model fingerprint: 0xcb53ff6e
Variable types: 310 continuous, 170000 integer (170000 binary)
Coefficient statistics:
  Matrix range     [1e+00, 8e+02]
  Objective range  [1e+00, 1e+00]
  Bounds range     [1e+00, 1e+03]
  RHS range        [1e+00, 8e+02]
Presolve removed 168085 rows and 164770 columns
Presolve time: 0.73s
Presolved: 6426 rows, 5540 columns, 65285 nonzeros
Variable types: 290 continuous, 5250 integer (5250 binary)
Found heuristic solution: objective 334.4776333
Performing another presolve...
Presolve removed 5873 rows and 5133 columns
Presolve time: 0.17s
Found heuristic solution: objective 256.6417333

Root relaxation: objective 9.735230e+01, 287 iterations, 0.01 seconds (0.01 work units)

    Nodes    |    Current Node    |     Objective Bounds      |     Work
 Expl Unexpl |  Obj  Depth IntInf | Incumbent    BestBd   Gap | It/Node Time

     0     0   97.35230    0   18  256.64173   97.35230  62.1%     -    1s
H    0     0                     133.3297333   97.35230  27.0%     -    1s
H    0     0                     118.5428333   97.35230  17.9%     -    1s
     0     0   99.67863    0   22  118.54283   99.67863  15.9%     -    1s
     0     0   99.68502    0   27  118.54283   99.68502  15.9%     -    1s
     0     0   99.96467    0   32  118.54283   99.96467  15.7%     -    1s
H    0     0                     113.3076333  100.42930  11.4%     -    1s
     0     0  100.42930    0   40  113.30763  100.42930  11.4%     -    1s
     0     0  100.49319    0   52  113.30763  100.49319  11.3%     -    1s
     0     0  100.49319    0   52  113.30763  100.49319  11.3%     -    1s
     0     0  100.52679    0   46  113.30763  100.52679  11.3%     -    1s
     0     0  101.81947    0   21  113.30763  101.81947  10.1%     -    1s
     0     0  101.88335    0   52  113.30763  101.88335  10.1%     -    1s
     0     0  101.88335    0   52  113.30763  101.88335  10.1%     -    1s
     0     0  101.88335    0   52  113.30763  101.88335  10.1%     -    1s
     0     0  101.96816    0   55  113.30763  101.96816  10.0%     -    1s
     0     0  103.50102    0   52  113.30763  103.50102  8.65%     -    1s
     0     0  103.56491    0   52  113.30763  103.56491  8.60%     -    1s
     0     0  103.56491    0   53  113.30763  103.56491  8.60%     -    1s
     0     0  104.33130    0   55  113.30763  104.33130  7.92%     -    1s
     0     0  104.33130    0   55  113.30763  104.33130  7.92%     -    1s
     0     0  104.33130    0   55  113.30763  104.33130  7.92%     -    1s

Cutting planes:
  Learned: 6
  Implied bound: 15
  MIR: 20
  Zero half: 19
  RLT: 29
  Relax-and-lift: 10

Explored 1 nodes (1735 simplex iterations) in 1.45 seconds (1.90 work units)
Thread count was 32 (of 96 available processors)

Solution count 5: 113.308 118.543 133.33 ... 334.478

Optimal solution found (tolerance 1.00e-04)
Best objective 1.133076333333e+02, best bound 1.133076333333e+02, gap 0.0000%

User-callback calls 404, time in user-callback 0.00 sec
