
Gurobi 11.0.0 (win64) logging started Sun Sep 21 06:42:15 2025

Set parameter LogFile to value "log_group_6/bound_Expr241_s5_l1051_s11_e12_o20_d40_t1200_s11_1_1_0_0.log"
Gurobi Optimizer version 11.0.0 build v11.0.0rc2 (win64 - Windows 11+.0 (22631.2))

CPU model: 13th Gen Intel(R) Core(TM) i7-13650HX, instruction set [SSE2|AVX|AVX2]
Thread count: 14 physical cores, 20 logical processors, using up to 20 threads

Optimize a model with 174370 rows, 170310 columns and 2025870 nonzeros
Model fingerprint: 0x22b4fd5a
Variable types: 310 continuous, 170000 integer (170000 binary)
Coefficient statistics:
  Matrix range     [1e+00, 8e+02]
  Objective range  [1e+00, 1e+00]
  Bounds range     [1e+00, 1e+03]
  RHS range        [1e+00, 8e+02]
Presolve removed 168085 rows and 164790 columns
Presolve time: 1.76s
Presolved: 6285 rows, 5520 columns, 52445 nonzeros
Variable types: 270 continuous, 5250 integer (5250 binary)
Found heuristic solution: objective 4070.2241667

Root relaxation: objective 0.000000e+00, 2946 iterations, 0.38 seconds (0.35 work units)

    Nodes    |    Current Node    |     Objective Bounds      |     Work
 Expl Unexpl |  Obj  Depth IntInf | Incumbent    BestBd   Gap | It/Node Time

     0     0    0.00000    0   66 4070.22417    0.00000   100%     -    4s
H    0     0                    3705.2125667    0.00000   100%     -    5s
H    0     0                    2047.0586000    0.00000   100%     -    5s
     0     0    0.00000    0   87 2047.05860    0.00000   100%     -    5s
H    0     0                    1605.6301667    0.00000   100%     -    6s
     0     0    0.00000    0   81 1605.63017    0.00000   100%     -    6s
H    0     0                    1282.5583000    0.00000   100%     -    8s
     0     0    0.00000    0   51 1282.55830    0.00000   100%     -    8s
H    0     0                     993.1860000    0.00000   100%     -    8s
H    0     0                     893.4473000    0.00000   100%     -    8s
     0     0    0.00000    0   62  893.44730    0.00000   100%     -    8s
H    0     0                     741.6961333    0.00000   100%     -   11s
     0     0    0.00000    0   71  741.69613    0.00000   100%     -   11s
H    0     0                     673.9680333    0.00000   100%     -   12s
H    0     0                     581.2061000    0.00000   100%     -   12s
     0     0    0.00000    0   65  581.20610    0.00000   100%     -   12s
H    0     0                     524.2218000    0.00000   100%     -   16s
H    0     0                     275.2921667    0.00000   100%     -   16s
     0     0    0.00000    0   67  275.29217    0.00000   100%     -   17s
     0     0    0.00000    0   67  275.29217    0.00000   100%     -   18s
H    0     0                     273.2921667    3.69257  98.6%     -   20s
     0     0    3.69257    0   44  273.29217    3.69257  98.6%     -   21s
H    0     0                     197.7153333    3.69257  98.1%     -   22s
     0     0    3.69257    0  106  197.71533    3.69257  98.1%     -   22s
     0     0    3.69257    0   85  197.71533    3.69257  98.1%     -   22s
H    0     0                     193.7902667    3.74177  98.1%     -   22s
H    0     0                     168.9533333    3.92213  97.7%     -   26s
     0     0    3.92213    0   47  168.95333    3.92213  97.7%     -   27s
     0     0    3.92213    0   80  168.95333    3.92213  97.7%     -   27s
H    0     0                     164.6758333    3.92213  97.6%     -   27s
     0     0    3.92213    0   78  164.67583    3.92213  97.6%     -   28s
H    0     0                     149.8820333    3.92213  97.4%     -   29s
H    0     0                     133.0633333    3.92213  97.1%     -   30s
     0     0    3.92213    0   49  133.06333    3.92213  97.1%     -   34s
     0     0    3.92213    0  151  133.06333    3.92213  97.1%     -   35s
     0     0    3.92213    0  151  133.06333    3.92213  97.1%     -   36s
H    0     0                     123.4699333    3.92213  96.8%     -   39s
     0     0    3.92213    0   70  123.46993    3.92213  96.8%     -   40s
     0     0    3.92213    0   84  123.46993    3.92213  96.8%     -   40s
H    0     0                     121.5779333    3.92213  96.8%     -   40s
     0     0    3.92213    0  100  121.57793    3.92213  96.8%     -   41s
     0     0    3.92213    0  124  121.57793    3.92213  96.8%     -   42s
     0     0    3.92213    0  112  121.57793    3.92213  96.8%     -   42s
H    0     0                     121.5539333    3.92213  96.8%     -   43s
     0     0    3.92213    0   87  121.55393    3.92213  96.8%     -   43s
     0     0    3.92213    0  137  121.55393    3.92213  96.8%     -   44s
H    0     0                     115.1996333    3.92213  96.6%     -   44s
     0     0    3.92213    0   88  115.19963    3.92213  96.6%     -   44s
     0     0    3.92213    0   81  115.19963    3.92213  96.6%     -   44s
     0     0    5.26700    0  103  115.19963    5.26700  95.4%     -   47s
     0     0    5.26700    0  103  115.19963    5.26700  95.4%     -   47s
     0     0    5.26700    0  140  115.19963    5.26700  95.4%     -   51s
H    0     0                     113.3076333    5.26700  95.4%     -   51s
     0     0    5.26700    0  109  113.30763    5.26700  95.4%     -   51s
     0     0    5.26700    0  214  113.30763    5.26700  95.4%     -   52s
     0     0    5.26700    0   87  113.30763    5.26700  95.4%     -   55s
     0     0    5.26700    0   87  113.30763    5.26700  95.4%     -   55s
     0     0    5.26700    0  205  113.30763    5.26700  95.4%     -   56s
     0     0    5.26700    0  206  113.30763    5.26700  95.4%     -   56s
     0     0   10.43769    0  171  113.30763   10.43769  90.8%     -   57s
     0     0   10.68455    0  171  113.30763   10.68455  90.6%     -   58s
     0     0   15.45200    0  241  113.30763   15.45200  86.4%     -   59s
     0     0   15.51227    0  245  113.30763   15.51227  86.3%     -   59s
     0     0   15.51227    0  245  113.30763   15.51227  86.3%     -   59s
     0     0   21.89525    0  221  113.30763   21.89525  80.7%     -   60s
     0     0   22.14637    0  221  113.30763   22.14637  80.5%     -   60s
     0     0   32.16036    0  216  113.30763   32.16036  71.6%     -   62s
     0     0   32.29946    0  267  113.30763   32.29946  71.5%     -   62s
     0     0   32.29946    0  269  113.30763   32.29946  71.5%     -   62s
     0     0   44.86256    0  272  113.30763   44.86256  60.4%     -   63s
     0     0   44.97022    0  271  113.30763   44.97022  60.3%     -   63s
     0     0   63.81427    0  278  113.30763   63.81427  43.7%     -   64s
     0     0   63.85622    0  277  113.30763   63.85622  43.6%     -   64s
     0     0   63.85622    0  277  113.30763   63.85622  43.6%     -   64s
     0     0   63.85622    0  277  113.30763   63.85622  43.6%     -   64s
     0     0   63.85622    0  277  113.30763   63.85622  43.6%     -   64s
     0     0   63.85622    0  277  113.30763   63.85622  43.6%     -   64s
     0     0   63.85622    0  277  113.30763   63.85622  43.6%     -   64s
     0     0   63.85622    0  277  113.30763   63.85622  43.6%     -   64s
     0     0   64.09723    0  281  113.30763   64.09723  43.4%     -   64s
     0     0   64.15043    0  287  113.30763   64.15043  43.4%     -   64s
     0     0   64.15043    0  285  113.30763   64.15043  43.4%     -   64s
     0     0   81.21901    0  226  113.30763   81.21901  28.3%     -   64s
     0     0   81.21901    0   55  113.30763   81.21901  28.3%     -   67s
     0     0   81.21901    0  204  113.30763   81.21901  28.3%     -   69s
     0     0   81.21901    0  191  113.30763   81.21901  28.3%     -   69s
     0     0   81.21901    0  161  113.30763   81.21901  28.3%     -   69s
     0     0   81.21901    0  162  113.30763   81.21901  28.3%     -   69s
     0     0   81.21901    0  161  113.30763   81.21901  28.3%     -   69s
     0     0   81.21901    0  157  113.30763   81.21901  28.3%     -   69s
     0     0   81.21901    0  150  113.30763   81.21901  28.3%     -   69s
     0     0   81.21901    0  155  113.30763   81.21901  28.3%     -   69s
     0     0   81.21901    0  155  113.30763   81.21901  28.3%     -   69s
     0     0   81.21901    0  155  113.30763   81.21901  28.3%     -   69s
     0     0   81.21901    0  161  113.30763   81.21901  28.3%     -   69s
     0     0   81.21901    0  188  113.30763   81.21901  28.3%     -   69s
     0     0   81.21901    0  192  113.30763   81.21901  28.3%     -   69s
     0     0   81.21901    0  185  113.30763   81.21901  28.3%     -   69s
     0     0   88.99771    0  169  113.30763   88.99771  21.5%     -   70s
     0     0   89.34729    0  172  113.30763   89.34729  21.1%     -   70s
     0     0   89.34729    0  172  113.30763   89.34729  21.1%     -   70s
     0     0   95.89536    0  154  113.30763   95.89536  15.4%     -   70s
     0     0   95.89536    0   41  113.30763   95.89536  15.4%     -   72s
     0     0   95.89536    0   41  113.30763   95.89536  15.4%     -   72s
     0     0  101.55886    0  111  113.30763  101.55886  10.4%     -   73s
     0     0  105.57389    0   80  113.30763  105.57389  6.83%     -   73s
     0     0  105.68545    0   85  113.30763  105.68545  6.73%     -   73s
     0     0  105.88497    0   79  113.30763  105.88497  6.55%     -   73s
     0     0  105.88497    0   80  113.30763  105.88497  6.55%     -   73s
     0     0  110.67339    0   60  113.30763  110.67339  2.32%     -   73s
     0     0  111.27194    0   28  113.30763  111.27194  1.80%     -   73s
     0     0  111.27355    0   30  113.30763  111.27355  1.80%     -   73s

Cutting planes:
  Gomory: 2
  Implied bound: 7
  Clique: 1
  MIR: 13
  Zero half: 4
  RLT: 2
  Relax-and-lift: 16

Explored 1 nodes (104919 simplex iterations) in 75.72 seconds (28.15 work units)
Thread count was 20 (of 20 available processors)

Solution count 10: 113.308 115.2 121.554 ... 197.715

Optimal solution found (tolerance 1.00e-04)
Best objective 1.133076333333e+02, best bound 1.133076333333e+02, gap 0.0000%

User-callback calls 5293, time in user-callback 0.10 sec
