
Gurobi 12.0.1 (win64) logging started Sat Sep 20 06:14:04 2025

Set parameter LogFile to value "log_group_6/bound_Expr94_s7_l1051_s11_e12_o30_d60_t7200_s24_1_1_1_1.log"
Gurobi Optimizer version 12.0.1 build v12.0.1rc0 (win64 - Windows Server 2022.0 (20348.2))

CPU model: Intel(R) Xeon(R) Gold 6336Y CPU @ 2.40GHz, instruction set [SSE2|AVX|AVX2|AVX512]
Thread count: 48 physical cores, 96 logical processors, using up to 32 threads

Non-default parameters:
TimeLimit  7200

Optimize a model with 472759 rows, 462440 columns and 6356866 nonzeros
Model fingerprint: 0xc9001c3b
Variable types: 440 continuous, 462000 integer (462000 binary)
Coefficient statistics:
  Matrix range     [1e+00, 8e+02]
  Objective range  [1e+00, 1e+00]
  Bounds range     [1e+00, 1e+03]
  RHS range        [1e+00, 8e+02]
Presolve removed 459876 rows and 450830 columns
Presolve time: 2.05s
Presolved: 12883 rows, 11610 columns, 132754 nonzeros
Variable types: 410 continuous, 11200 integer (11200 binary)
Found heuristic solution: objective 1540.5663667
Performing another presolve...
Presolve removed 6819 rows and 6286 columns
Presolve time: 0.76s
Found heuristic solution: objective 1445.1275667

Root relaxation: objective 1.241055e+02, 3367 iterations, 0.29 seconds (0.32 work units)

    Nodes    |    Current Node    |     Objective Bounds      |     Work
 Expl Unexpl |  Obj  Depth IntInf | Incumbent    BestBd   Gap | It/Node Time

     0     0  124.10553    0   97 1445.12757  124.10553  91.4%     -    4s
H    0     0                    1229.6955667  124.10553  89.9%     -    4s
H    0     0                    1119.1151333  124.10553  88.9%     -    4s
H    0     0                    1027.6750333  124.10553  87.9%     -    4s
H    0     0                     842.7580333  124.10553  85.3%     -    4s
H    0     0                     834.5912667  124.10553  85.1%     -    4s
H    0     0                     832.6377667  124.10553  85.1%     -    5s
H    0     0                     818.8454667  124.10553  84.8%     -    5s
H    0     0                     816.7312333  124.10553  84.8%     -    5s
H    0     0                     813.9160333  124.10553  84.8%     -    5s
H    0     0                     749.5826000  124.10553  83.4%     -    5s
H    0     0                     710.1771333  124.10553  82.5%     -    5s
H    0     0                     665.2386333  124.10553  81.3%     -    5s
H    0     0                     627.2907667  124.10553  80.2%     -    5s
     0     0  124.10553    0  157  627.29077  124.10553  80.2%     -    5s
H    0     0                     623.9531333  124.10553  80.1%     -    6s
     0     0  124.10553    0  144  623.95313  124.10553  80.1%     -    6s
H    0     0                     579.2567000  124.10553  78.6%     -    7s
H    0     0                     509.6387000  124.10553  75.6%     -    7s
H    0     0                     477.4809333  124.10553  74.0%     -    7s
H    0     0                     474.8120333  124.10553  73.9%     -    7s
H    0     0                     474.6815333  124.10553  73.9%     -    7s
H    0     0                     473.7610000  124.10553  73.8%     -    7s
H    0     0                     473.6740000  124.10553  73.8%     -    8s
H    0     0                     472.7303667  124.10553  73.7%     -    8s
H    0     0                     452.4806333  124.10553  72.6%     -    8s
H    0     0                     451.4983333  124.10553  72.5%     -    8s
H    0     0                     419.3460667  124.10553  70.4%     -    8s
H    0     0                     407.2573000  124.10553  69.5%     -    8s
H    0     0                     405.2573000  124.10553  69.4%     -    8s
H    0     0                     386.1941000  124.10553  67.9%     -    8s
H    0     0                     385.1884000  124.10553  67.8%     -    8s
H    0     0                     384.1884000  124.10553  67.7%     -    8s
H    0     0                     383.5071667  124.10553  67.6%     -    8s
H    0     0                     382.5071667  124.10553  67.6%     -    8s
H    0     0                     342.6019000  124.10553  63.8%     -    8s
H    0     0                     274.4674000  124.10553  54.8%     -    8s
     0     0  124.10553    0   64  274.46740  124.10553  54.8%     -    8s
H    0     0                     273.6928667  124.10553  54.7%     -    8s
H    0     0                     262.1926667  124.10553  52.7%     -    8s
H    0     0                     251.5854667  124.10553  50.7%     -    8s
H    0     0                     248.8047667  124.10553  50.1%     -    8s
H    0     0                     248.6307667  124.10553  50.1%     -    8s
H    0     0                     247.6871333  124.10553  49.9%     -    8s
     0     0  124.10553    0   97  247.68713  124.10553  49.9%     -    8s
H    0     0                     242.8949333  125.28653  48.4%     -    9s
H    0     0                     228.2416667  125.28653  45.1%     -    9s
H    0     0                     227.9350667  125.28653  45.0%     -    9s
H    0     0                     227.2140667  125.28653  44.9%     -    9s
H    0     0                     226.9074667  125.28653  44.8%     -    9s
     0     0  125.28653    0   52  226.90747  125.28653  44.8%     -    9s
H    0     0                     200.3919333  125.28653  37.5%     -   10s
     0     0  125.28653    0   52  200.39193  125.28653  37.5%     -   10s
     0     0  125.28653    0   56  200.39193  125.28653  37.5%     -   10s
     0     0  125.28653    0   56  200.39193  125.28653  37.5%     -   10s
     0     0  125.51170    0   84  200.39193  125.51170  37.4%     -   12s
H    0     0                     196.7279333  125.51170  36.2%     -   12s
     0     0  125.51170    0   80  196.72793  125.51170  36.2%     -   12s
     0     0  125.51170    0   66  196.72793  125.51170  36.2%     -   13s
H    0     0                     193.7729333  125.51170  35.2%     -   13s
H    0     0                     192.8192333  125.51170  34.9%     -   13s
     0     0  125.51170    0   85  192.81923  125.51170  34.9%     -   13s
     0     0  125.51170    0   65  192.81923  125.51170  34.9%     -   15s
     0     0  125.51170    0   65  192.81923  125.51170  34.9%     -   15s
H    0     0                     191.7313333  125.51170  34.5%     -   15s
     0     2  125.51170    0   51  191.73133  125.51170  34.5%     -   16s
H   53    46                     188.9927667  125.51170  33.6%   672   18s
H   61    46                     186.4814333  125.51170  32.7%   649   18s
   200    39  129.62233    8  177  186.48143  127.97270  31.4%   718   20s
H  211    39                     185.6540667  127.97270  31.1%   747   20s
H  221    39                     185.1311667  127.97270  30.9%   740   20s
H  278    29                     184.1671667  149.98398  18.6%   772   21s
H  333    26                     183.1379000  155.14926  15.3%   726   22s
   729    71  167.43682   26  157  183.13790  156.34634  14.6%   387   25s
H  847   107                     183.1378991  168.00778  8.26%   336   25s
  2038   688  174.99761   60  179  183.13790  168.63934  7.92%   153   30s
  3793  1673  177.48230  104   31  183.13790  170.15390  7.09%  88.2   35s
  5209  2032  181.55827  186  859  183.13790  172.55519  5.78%  69.0   40s
  5986  2209  172.55519   29   83  183.13790  172.55519  5.78%  65.4   45s
 22564 10229 infeasible  116       183.13790  172.55519  5.78%  26.3   50s
 29991 13832  172.55519   47   41  183.13790  172.55519  5.78%  22.7   55s
 46182 15704 infeasible   62       183.13790  172.55519  5.78%  19.2   60s
 58054 18413  172.55519  119   23  183.13790  172.55519  5.78%  17.2   65s
 77627 22919 infeasible  104       183.13790  172.55519  5.78%  15.3   70s
 88209 28191  172.55519   49   55  183.13790  172.55519  5.78%  14.8   75s
 106596 33833 infeasible  112       183.13790  172.55519  5.78%  14.4   80s
 118229 35322  172.55519   60  328  183.13790  172.55519  5.78%  14.1   88s
 118252 35338  181.12064   79   59  183.13790  179.38819  2.05%  14.1   90s
H118269 33582                     183.1243995  179.46790  2.00%  14.1   92s
H118269 31902                     183.1240662  179.46790  2.00%  14.1   92s
H118270 30306                     183.0761000  179.46790  1.97%  14.1   92s
H118270 28790                     183.0757667  179.46790  1.97%  14.1   92s
H118270 27350                     183.0736333  179.46790  1.97%  14.1   92s
H118272 25984                     183.0628000  179.47046  1.96%  14.1   92s
H118277 24687                     183.0627993  179.47075  1.96%  14.1   93s
 118292 24698  179.47270  107   57  183.06280  179.47270  1.96%  14.1   95s
H118314 23476                     183.0627986  182.91080  0.08%  14.1   96s
 118359 23509  182.92634   72   46  183.06280  182.92634  0.07%  14.2  101s

Cutting planes:
  Gomory: 7
  Cover: 1
  Implied bound: 7
  Projected implied bound: 6
  Clique: 2
  Mixing: 1
  Flow cover: 14
  Zero half: 2
  RLT: 3
  Relax-and-lift: 10

Explored 118371 nodes (1727109 simplex iterations) in 103.46 seconds (64.97 work units)
Thread count was 32 (of 96 available processors)

Solution count 10: 183.063 183.063 183.074 ... 185.131

Optimal solution found (tolerance 1.00e-04)
Best objective 1.830628000000e+02, best bound 1.830497305560e+02, gap 0.0071%

User-callback calls 251982, time in user-callback 0.32 sec

Gurobi 12.0.1 (win64) logging started Sat Sep 20 08:11:12 2025

Set parameter LogFile to value "log_group_6/bound_Expr94_s7_l1051_s11_e12_o30_d60_t7200_s24_1_1_1_1.log"
Gurobi Optimizer version 12.0.1 build v12.0.1rc0 (win64 - Windows Server 2022.0 (20348.2))

CPU model: Intel(R) Xeon(R) Gold 6336Y CPU @ 2.40GHz, instruction set [SSE2|AVX|AVX2|AVX512]
Thread count: 48 physical cores, 96 logical processors, using up to 32 threads

Non-default parameters:
TimeLimit  7200

Optimize a model with 472759 rows, 462440 columns and 6356866 nonzeros
Model fingerprint: 0xc9001c3b
Variable types: 440 continuous, 462000 integer (462000 binary)
Coefficient statistics:
  Matrix range     [1e+00, 8e+02]
  Objective range  [1e+00, 1e+00]
  Bounds range     [1e+00, 1e+03]
  RHS range        [1e+00, 8e+02]
Presolve removed 459876 rows and 450830 columns
Presolve time: 2.01s
Presolved: 12883 rows, 11610 columns, 132754 nonzeros
Variable types: 410 continuous, 11200 integer (11200 binary)
Found heuristic solution: objective 1540.5663667
Performing another presolve...
Presolve removed 6819 rows and 6286 columns
Presolve time: 0.74s
Found heuristic solution: objective 1445.1275667

Root relaxation: objective 1.241055e+02, 3367 iterations, 0.29 seconds (0.32 work units)

    Nodes    |    Current Node    |     Objective Bounds      |     Work
 Expl Unexpl |  Obj  Depth IntInf | Incumbent    BestBd   Gap | It/Node Time

     0     0  124.10553    0   97 1445.12757  124.10553  91.4%     -    4s
H    0     0                    1229.6955667  124.10553  89.9%     -    4s
H    0     0                    1119.1151333  124.10553  88.9%     -    4s
H    0     0                    1027.6750333  124.10553  87.9%     -    4s
H    0     0                     842.7580333  124.10553  85.3%     -    4s
H    0     0                     834.5912667  124.10553  85.1%     -    4s
H    0     0                     832.6377667  124.10553  85.1%     -    5s
H    0     0                     818.8454667  124.10553  84.8%     -    5s
H    0     0                     816.7312333  124.10553  84.8%     -    5s
H    0     0                     813.9160333  124.10553  84.8%     -    5s
H    0     0                     749.5826000  124.10553  83.4%     -    5s
H    0     0                     710.1771333  124.10553  82.5%     -    5s
H    0     0                     665.2386333  124.10553  81.3%     -    5s
H    0     0                     627.2907667  124.10553  80.2%     -    5s
     0     0  124.10553    0  157  627.29077  124.10553  80.2%     -    5s
H    0     0                     623.9531333  124.10553  80.1%     -    6s
     0     0  124.10553    0  144  623.95313  124.10553  80.1%     -    6s
H    0     0                     579.2567000  124.10553  78.6%     -    7s
H    0     0                     509.6387000  124.10553  75.6%     -    7s
H    0     0                     477.4809333  124.10553  74.0%     -    7s
H    0     0                     474.8120333  124.10553  73.9%     -    7s
H    0     0                     474.6815333  124.10553  73.9%     -    7s
H    0     0                     473.7610000  124.10553  73.8%     -    7s
H    0     0                     473.6740000  124.10553  73.8%     -    7s
H    0     0                     472.7303667  124.10553  73.7%     -    7s
H    0     0                     452.4806333  124.10553  72.6%     -    7s
H    0     0                     451.4983333  124.10553  72.5%     -    7s
H    0     0                     419.3460667  124.10553  70.4%     -    7s
H    0     0                     407.2573000  124.10553  69.5%     -    7s
H    0     0                     405.2573000  124.10553  69.4%     -    7s
H    0     0                     386.1941000  124.10553  67.9%     -    7s
H    0     0                     385.1884000  124.10553  67.8%     -    7s
H    0     0                     384.1884000  124.10553  67.7%     -    7s
H    0     0                     383.5071667  124.10553  67.6%     -    7s
H    0     0                     382.5071667  124.10553  67.6%     -    7s
H    0     0                     342.6019000  124.10553  63.8%     -    7s
H    0     0                     274.4674000  124.10553  54.8%     -    7s
     0     0  124.10553    0   64  274.46740  124.10553  54.8%     -    8s
H    0     0                     273.6928667  124.10553  54.7%     -    8s
H    0     0                     262.1926667  124.10553  52.7%     -    8s
H    0     0                     251.5854667  124.10553  50.7%     -    8s
H    0     0                     248.8047667  124.10553  50.1%     -    8s
H    0     0                     248.6307667  124.10553  50.1%     -    8s
H    0     0                     247.6871333  124.10553  49.9%     -    8s
     0     0  124.10553    0   97  247.68713  124.10553  49.9%     -    8s
H    0     0                     242.8949333  125.28653  48.4%     -    9s
H    0     0                     228.2416667  125.28653  45.1%     -    9s
H    0     0                     227.9350667  125.28653  45.0%     -    9s
H    0     0                     227.2140667  125.28653  44.9%     -    9s
H    0     0                     226.9074667  125.28653  44.8%     -    9s
     0     0  125.28653    0   52  226.90747  125.28653  44.8%     -    9s
H    0     0                     200.3919333  125.28653  37.5%     -    9s
     0     0  125.28653    0   52  200.39193  125.28653  37.5%     -    9s
     0     0  125.28653    0   56  200.39193  125.28653  37.5%     -   10s
     0     0  125.28653    0   56  200.39193  125.28653  37.5%     -   10s
     0     0  125.51170    0   84  200.39193  125.51170  37.4%     -   12s
H    0     0                     196.7279333  125.51170  36.2%     -   12s
     0     0  125.51170    0   80  196.72793  125.51170  36.2%     -   12s
     0     0  125.51170    0   66  196.72793  125.51170  36.2%     -   13s
H    0     0                     193.7729333  125.51170  35.2%     -   13s
H    0     0                     192.8192333  125.51170  34.9%     -   13s
     0     0  125.51170    0   85  192.81923  125.51170  34.9%     -   13s
     0     0  125.51170    0   65  192.81923  125.51170  34.9%     -   15s
     0     0  125.51170    0   65  192.81923  125.51170  34.9%     -   15s
H    0     0                     191.7313333  125.51170  34.5%     -   15s
     0     2  125.51170    0   51  191.73133  125.51170  34.5%     -   16s
H   53    46                     188.9927667  125.51170  33.6%   672   18s
H   61    46                     186.4814333  125.51170  32.7%   649   18s
   200    39  129.62233    8  177  186.48143  127.97270  31.4%   718   20s
H  211    39                     185.6540667  127.97270  31.1%   747   20s
H  221    39                     185.1311667  127.97270  30.9%   740   20s
H  278    29                     184.1671667  149.98398  18.6%   772   21s
H  333    26                     183.1379000  155.14926  15.3%   726   22s
   795   107  168.00778   27  157  183.13790  156.34634  14.6%   356   25s
H  847   107                     183.1378991  168.00778  8.26%   336   25s
  2103   880  175.01493   67  180  183.13790  169.62502  7.38%   149   30s
  4112  1745  183.12847  111   38  183.13790  170.15390  7.09%  82.9   35s
  5213  2035  177.02912  106   55  183.13790  172.55519  5.78%  68.9   40s
  6581  2547  174.32680   38   56  183.13790  172.55519  5.78%  61.8   45s
 27620 13554  176.77170  114   29  183.13790  172.55519  5.78%  23.3   50s
 34929 14620  172.55519   68   47  183.13790  172.55519  5.78%  21.5   55s
 50703 16405  177.88550   96   19  183.13790  172.55519  5.78%  18.3   60s
 66374 18100 infeasible   80       183.13790  172.55519  5.78%  16.3   65s
 81072 26039  172.79753   92   23  183.13790  172.55519  5.78%  15.1   70s
 89046 28308     cutoff   70       183.13790  172.55519  5.78%  14.8   75s
 115098 35535  172.55519  109   40  183.13790  172.55519  5.78%  14.2   80s
 118229 35322  172.55519   60  328  183.13790  172.55519  5.78%  14.1   86s
H118269 33582                     183.1243995  179.46790  2.00%  14.1   89s
H118269 31902                     183.1240662  179.46790  2.00%  14.1   89s
H118270 30306                     183.0761000  179.46790  1.97%  14.1   90s
H118270 28790                     183.0757667  179.46790  1.97%  14.1   90s
H118270 27350                     183.0736333  179.46790  1.97%  14.1   90s
H118272 25984                     183.0628000  179.47046  1.96%  14.1   90s
H118277 24687                     183.0627993  179.47075  1.96%  14.1   91s
H118314 23476                     183.0627986  182.91080  0.08%  14.1   94s
 118324 23483  182.91123   98   43  183.06280  182.91123  0.08%  14.1   95s

Cutting planes:
  Gomory: 7
  Cover: 1
  Implied bound: 7
  Projected implied bound: 6
  Clique: 2
  Mixing: 1
  Flow cover: 14
  Zero half: 2
  RLT: 3
  Relax-and-lift: 10

Explored 118371 nodes (1727109 simplex iterations) in 100.83 seconds (64.97 work units)
Thread count was 32 (of 96 available processors)

Solution count 10: 183.063 183.063 183.074 ... 185.131

Optimal solution found (tolerance 1.00e-04)
Best objective 1.830628000000e+02, best bound 1.830497305560e+02, gap 0.0071%

User-callback calls 251804, time in user-callback 0.33 sec
