
Gurobi 10.0.3 (win64) logging started Sun Sep 21 04:03:30 2025

Set parameter LogFile to value "log_group_6/bound_Expr199_s5_l1051_s11_e12_o20_d40_t7200_s19_1_1_1_0.log"
Gurobi Optimizer version 10.0.3 build v10.0.3rc0 (win64)

CPU model: 11th Gen Intel(R) Core(TM) i7-11700 @ 2.50GHz, instruction set [SSE2|AVX|AVX2|AVX512]
Thread count: 8 physical cores, 16 logical processors, using up to 16 threads

Optimize a model with 113310 rows, 110310 columns and 1617970 nonzeros
Model fingerprint: 0x01fb04a7
Variable types: 310 continuous, 110000 integer (110000 binary)
Coefficient statistics:
  Matrix range     [1e+00, 9e+02]
  Objective range  [1e+00, 1e+00]
  Bounds range     [1e+00, 1e+03]
  RHS range        [1e+00, 9e+02]
Presolve removed 112002 rows and 109298 columns
Presolve time: 0.63s
Presolved: 1308 rows, 1012 columns, 14127 nonzeros
Variable types: 109 continuous, 903 integer (902 binary)
Found heuristic solution: objective 404.6449333

Root relaxation: objective 7.101277e+01, 460 iterations, 0.01 seconds (0.02 work units)

    Nodes    |    Current Node    |     Objective Bounds      |     Work
 Expl Unexpl |  Obj  Depth IntInf | Incumbent    BestBd   Gap | It/Node Time

     0     0   71.01277    0   51  404.64493   71.01277  82.5%     -    0s
H    0     0                     263.1612667   71.01277  73.0%     -    0s
     0     0   71.01277    0   54  263.16127   71.01277  73.0%     -    0s
H    0     0                     216.5338000   71.01277  67.2%     -    0s
     0     0   71.01277    0   18  216.53380   71.01277  67.2%     -    0s
     0     0   74.50423    0   18  216.53380   74.50423  65.6%     -    0s
     0     0   74.50423    0   73  216.53380   74.50423  65.6%     -    0s
H    0     0                     213.8533000   74.50423  65.2%     -    1s
     0     0   74.50423    0   72  213.85330   74.50423  65.2%     -    1s
     0     0   74.50423    0   56  213.85330   74.50423  65.2%     -    1s
     0     0   74.50423    0   48  213.85330   74.50423  65.2%     -    1s
     0     0   74.50423    0   35  213.85330   74.50423  65.2%     -    1s
     0     0   74.50423    0   40  213.85330   74.50423  65.2%     -    1s
     0     0   74.96123    0   38  213.85330   74.96123  64.9%     -    1s
H    0     0                     211.9477000   74.96123  64.6%     -    1s
H    0     0                     158.9439000   74.96123  52.8%     -    1s
     0     0   74.96123    0   20  158.94390   74.96123  52.8%     -    1s
     0     0   74.96123    0   69  158.94390   74.96123  52.8%     -    1s
     0     0   74.96123    0   37  158.94390   74.96123  52.8%     -    1s
     0     0   74.96123    0   25  158.94390   74.96123  52.8%     -    1s
     0     0   74.96123    0   34  158.94390   74.96123  52.8%     -    1s
     0     0   74.96123    0   32  158.94390   74.96123  52.8%     -    1s
     0     0   74.96123    0   19  158.94390   74.96123  52.8%     -    1s
H    0     0                     129.5192667   74.96123  42.1%     -    1s
     0     0   79.07099    0   41  129.51927   79.07099  39.0%     -    1s
     0     0   79.07099    0   40  129.51927   79.07099  39.0%     -    1s
     0     0   94.56512    0   43  129.51927   94.56512  27.0%     -    1s
     0     0   94.56512    0   44  129.51927   94.56512  27.0%     -    1s
     0     0  110.36891    0   38  129.51927  110.36891  14.8%     -    1s
     0     0  112.17669    0   23  129.51927  112.17669  13.4%     -    1s
     0     0  112.17669    0   23  129.51927  112.17669  13.4%     -    1s
     0     0  112.18985    0   20  129.51927  112.18985  13.4%     -    1s
     0     0  115.04603    0   35  129.51927  115.04603  11.2%     -    1s
     0     0  115.04603    0   35  129.51927  115.04603  11.2%     -    1s
     0     0  115.57162    0   31  129.51927  115.57162  10.8%     -    1s
     0     0  115.57162    0   31  129.51927  115.57162  10.8%     -    1s
     0     0  117.79202    0   31  129.51927  117.79202  9.05%     -    1s
     0     0  117.79202    0   31  129.51927  117.79202  9.05%     -    1s
     0     0  117.79202    0   33  129.51927  117.79202  9.05%     -    1s
     0     0  119.39497    0   33  129.51927  119.39497  7.82%     -    1s
H    0     0                     128.2364667  119.39497  6.89%     -    1s
     0     0  119.39497    0   32  128.23647  119.39497  6.89%     -    1s
     0     0  119.39497    0   33  128.23647  119.39497  6.89%     -    1s
     0     0  120.61518    0   28  128.23647  120.61518  5.94%     -    1s
H    0     0                     127.4811667  120.61518  5.39%     -    1s
     0     0  120.61518    0   16  127.48117  120.61518  5.39%     -    1s
H    0     0                     127.4434000  120.61518  5.36%     -    1s
     0     0  120.61518    0   23  127.44340  120.61518  5.36%     -    1s
     0     0  121.27475    0   28  127.44340  121.27475  4.84%     -    1s
     0     0  121.27475    0   20  127.44340  121.27475  4.84%     -    1s
     0     0  121.27475    0   29  127.44340  121.27475  4.84%     -    1s
     0     0  121.27475    0   21  127.44340  121.27475  4.84%     -    1s
     0     0  121.27475    0   32  127.44340  121.27475  4.84%     -    1s
     0     0  121.27475    0   24  127.44340  121.27475  4.84%     -    1s
     0     0  125.86193    0   21  127.44340  125.86193  1.24%     -    1s
     0     0  125.86193    0   14  127.44340  125.86193  1.24%     -    1s
     0     0  125.86193    0    8  127.44340  125.86193  1.24%     -    1s
     0     0  125.86193    0   20  127.44340  125.86193  1.24%     -    1s
     0     0  125.86193    0   24  127.44340  125.86193  1.24%     -    1s
     0     0  125.86193    0   15  127.44340  125.86193  1.24%     -    1s
     0     0  125.86193    0   18  127.44340  125.86193  1.24%     -    1s
     0     0  125.86193    0   10  127.44340  125.86193  1.24%     -    1s
     0     0  125.86193    0   24  127.44340  125.86193  1.24%     -    1s
     0     0  125.86193    0   18  127.44340  125.86193  1.24%     -    1s
     0     0  125.86193    0   16  127.44340  125.86193  1.24%     -    1s
     0     0  125.86193    0   14  127.44340  125.86193  1.24%     -    1s
     0     0  125.86193    0   14  127.44340  125.86193  1.24%     -    1s
H    0     0                     127.2989000  125.86193  1.13%     -    1s
H    0     2                     127.2195333  125.86193  1.07%     -    1s
     0     2  125.86193    0    8  127.21953  125.86193  1.07%     -    1s
*  150    43              22     126.8934667  125.86264  0.81%  13.7    1s
*  152    43              21     126.7683000  125.86264  0.71%  13.5    1s
H  168    40                     126.4673000  125.86264  0.48%  12.9    1s
*  303    54              18     126.3390667  125.86264  0.38%  14.8    1s

Cutting planes:
  Cover: 13
  Implied bound: 5
  Clique: 1
  MIR: 17
  GUB cover: 4
  Inf proof: 4
  Zero half: 4
  RLT: 11
  Relax-and-lift: 11

Explored 529 nodes (18474 simplex iterations) in 1.93 seconds (4.14 work units)
Thread count was 16 (of 16 available processors)

Solution count 10: 126.339 126.467 126.768 ... 129.519

Optimal solution found (tolerance 1.00e-04)
Best objective 1.263390666667e+02, best bound 1.263390666667e+02, gap 0.0000%

User-callback calls 2637, time in user-callback 0.00 sec
