
Gurobi 10.0.1 (win64) logging started Sat Sep 20 07:24:22 2025

Set parameter LogFile to value "log_group_6/bound_Expr42_s8_l1051_s11_e12_o60_d120_t7200_s42_0_0_0_0.log"
Gurobi Optimizer version 10.0.1 build v10.0.1rc0 (win64)

CPU model: Intel(R) Core(TM) i7-10700 CPU @ 2.90GHz, instruction set [SSE2|AVX|AVX2]
Thread count: 8 physical cores, 16 logical processors, using up to 16 threads

Optimize a model with 1153432 rows, 1152580 columns and 9219584 nonzeros
Model fingerprint: 0x63cd38db
Variable types: 580 continuous, 1152000 integer (1152000 binary)
Coefficient statistics:
  Matrix range     [1e+00, 9e+02]
  Objective range  [1e+00, 1e+00]
  Bounds range     [1e+00, 1e+03]
  RHS range        [1e+00, 9e+02]
Presolve removed 1126980 rows and 1126920 columns (presolve time = 5s) ...
Presolve removed 1126980 rows and 1126528 columns
Presolve time: 6.55s
Presolved: 26452 rows, 26052 columns, 153168 nonzeros
Variable types: 460 continuous, 25592 integer (25592 binary)
Found heuristic solution: objective 12526.113533
Found heuristic solution: objective 2086.9441333
Deterministic concurrent LP optimizer: primal and dual simplex
Showing first log only...


Root simplex log...

Iteration    Objective       Primal Inf.    Dual Inf.      Time
       0   -4.1251000e+04   1.090625e+04   3.451061e+08      8s
    4657    4.5149000e+04   0.000000e+00   8.640000e+02      8s
    5042    0.0000000e+00   0.000000e+00   0.000000e+00      8s
Concurrent spin time: 0.00s

Solved with primal simplex

Root relaxation: objective 0.000000e+00, 5042 iterations, 0.52 seconds (0.70 work units)
Total elapsed time = 10.04s

    Nodes    |    Current Node    |     Objective Bounds      |     Work
 Expl Unexpl |  Obj  Depth IntInf | Incumbent    BestBd   Gap | It/Node Time

     0     0    0.00000    0  183 2086.94413    0.00000   100%     -   10s
H    0     0                    2027.2007667    0.00000   100%     -   11s
H    0     0                    1800.9073000    0.00000   100%     -   12s
     0     0    0.00000    0  223 1800.90730    0.00000   100%     -   12s
H    0     0                     780.0522667    0.00000   100%     -   16s
H    0     0                     645.3054333    0.00000   100%     -   16s
     0     0    0.00000    0  219  645.30543    0.00000   100%     -   16s
H    0     0                     624.7458333    0.00000   100%     -   25s
H    0     0                     589.5245333    0.00000   100%     -   25s
H    0     0                     467.2111333    0.00000   100%     -   25s
H    0     0                     463.8819333    0.00000   100%     -   25s
     0     0    0.00000    0  182  463.88193    0.00000   100%     -   27s
H    0     0                     461.9011313    0.00000   100%     -   29s
H    0     0                     434.5485000    0.00000   100%     -   31s
     0     0    0.00000    0  183  434.54850    0.00000   100%     -   31s
     0     0    0.00000    0  192  434.54850    0.00000   100%     -   40s
     0     0    0.00000    0  192  434.54850    0.00000   100%     -   40s
H    0     0                     429.6919000    0.00000   100%     -   47s
     0     0    0.00000    0  185  429.69190    0.00000   100%     -   48s
H    0     0                     422.6596000    0.00000   100%     -   50s
     0     0    0.00000    0  198  422.65960    0.00000   100%     -   52s
     0     0    0.00000    0  188  422.65960    0.00000   100%     -   57s
     0     0    0.00000    0  181  422.65960    0.00000   100%     -   59s
H    0     0                     420.8336000    0.00000   100%     -   65s
     0     2    0.00000    0  181  420.83360    0.00000   100%     -   68s
    14    14    0.00000    4  184  420.83360    0.00000   100%   502   70s
H   30    23                     420.8327874    0.00000   100%   268   81s
H   30    23                     419.3215333    0.00000   100%   268   81s
H   36    23                     418.7262000    0.00000   100%   311   81s
    74    51    0.00000   11  185  418.72620    0.00000   100%   171   85s
   132    90    0.00000   19  185  418.72620    0.00000   100%   104   90s
   218   147    0.00000   27  188  418.72620    0.00000   100%  68.7   95s
   321   234    0.00000   39  188  418.72620    0.00000   100%  49.7  101s
   529   342    0.00000   61  187  418.72620    0.00000   100%  32.3  105s
   839   455    0.00000   82  189  418.72620    0.00000   100%  21.7  111s
  1169   563    0.00000   96  190  418.72620    0.00000   100%  16.5  116s
  1485   654    0.00000  105  183  418.72620    0.00000   100%  13.6  121s
  1929   845    0.00000  127  193  418.72620    0.00000   100%  11.0  131s
  2177  1023    0.00000  140  196  418.72620    0.00000   100%  10.1  135s
H 2443  1030                     418.7261994    0.00000   100%   9.5  138s
  2448  1206    0.00000  151  195  418.72620    0.00000   100%   9.5  142s
  2767  1357    0.00000  186  191  418.72620    0.00000   100%   8.8  146s
H 3013  1357                     418.7261544    0.00000   100%   8.3  146s
  3014  1575    0.00000  192  191  418.72615    0.00000   100%   8.3  151s
  3398  1883    0.00000  210  194  418.72615    0.00000   100%   7.7  156s
  3831  2262    0.00000  241  196  418.72615    0.00000   100%   7.3  161s
  4311  2571    0.00000  268  195  418.72615    0.00000   100%   6.9  166s
H 4696  2916                     418.7261195    0.00000   100%   6.7  173s
  5270  3421    0.00000  331  195  418.72612    0.00000   100%   6.3  180s
  5930  3981    0.00000  387  195  418.72612    0.00000   100%   6.0  188s
  6653  4373    0.00000  440  197  418.72612    0.00000   100%   5.7  195s
  7102  4407    0.00000  472  200  418.72612    0.00000   100%   5.6  200s
H 7105  4407                     418.7254738    0.00000   100%   5.6  200s
  7141  5158    0.00000  474  200  418.72547    0.00000   100%   5.6  209s
  8052  5159  118.21757  534  181  418.72547    0.00000   100%   5.4  486s
  8054  5160    0.00000  337  175  418.72547    0.00000   100%   5.4  518s
  8055  5161  181.41810  207  176  418.72547    0.00000   100%   5.4  574s
  8056  5162  144.22257   52  171  418.72547    0.00000   100%   5.4  583s
  8057  5162  144.22257  298  182  418.72547    0.00000   100%   5.4  617s
  8058  5163  352.70900  881  185  418.72547    0.00000   100%   5.4  630s
  8059  5164  309.88960  862  178  418.72547    0.00000   100%   5.4  690s
  8060  5164  283.88460  763  158  418.72547    0.00000   100%   5.4  707s
  8061  5165  165.66703  514  177  418.72547    0.00000   100%   5.4  762s
  8062  5166  228.61140  131  157  418.72547    0.00000   100%   5.4  780s
  8063  5166  118.21757  598  176  418.72547    3.69327  99.1%   5.4  840s
  8064  5167  144.22257  895  176  418.72547    3.69327  99.1%   5.4  849s
  8065  5168  118.21757  221  176  418.72547    3.69327  99.1%   5.4  899s
  8066  5171    3.69327   14  164  418.72547    3.69327  99.1%  12.2  910s
  8068  5175    3.69327   15  155  418.72547    3.69327  99.1%  12.2  980s
  8072  5180    3.69327   16  154  418.72547    3.69327  99.1%  12.3 1027s
  8080  5185    3.69327   17  155  418.72547    3.69327  99.1%  12.6 1048s
  8088  5187  181.01030   17  176  418.72547    3.69327  99.1%  12.7 1054s
  8096  5191    3.69327   18  170  418.72547    3.69327  99.1%  13.1 1132s
  8112  5210    3.69327   19  171  418.72547    3.69327  99.1%  13.2 1157s
  8128  5220    3.69327   20  172  418.72547    3.69327  99.1%  13.3 1183s
  8144  5229    3.69327   21  172  418.72547    3.69327  99.1%  13.3 1210s
  8160  5245    3.69327   22  174  418.72547    3.69327  99.1%  13.4 1244s
  8181  5261   80.22117   23  188  418.72547    3.69327  99.1%  13.8 1255s
  8204  5278    3.69327   25  191  418.72547    3.69327  99.1%  13.8 1291s
  8233  5291    3.69327   27  193  418.72547    3.69327  99.1%  14.1 1316s
  8258  5311    3.69327   28  194  418.72547    3.69327  99.1%  14.3 1322s
  8298  5327  110.73317   30  195  418.72547    3.69327  99.1%  14.4 1329s
  8345  5336  178.23527   33  190  418.72547    3.69327  99.1%  14.7 1336s
  8391  5328    3.69327   36  190  418.72547    3.69327  99.1%  15.0 1348s
  8403  5365  156.50400   36  196  418.72547    3.69327  99.1%  15.2 1356s
  8465  5361    3.69327   39  193  418.72547    3.69327  99.1%  15.5 1373s
  8487  5398    3.69327   41  199  418.72547    3.69327  99.1%  15.7 1381s
  8560  5383  177.97003   45  197  418.72547    3.69327  99.1%  15.9 1387s
  8583  5406    3.69327   48  197  418.72547    3.69327  99.1%  16.1 1395s
  8652  5399  200.73653   51  198  418.72547    3.69327  99.1%  16.5 1410s
  8677  5430    3.69327   53  198  418.72547    3.69327  99.1%  16.6 1419s
  8754  5407    3.69327   57  200  418.72547    3.69327  99.1%  17.0 1427s
  8762  5431  149.35480   57  201  418.72547    3.69327  99.1%  17.1 1438s
  8795  5487  144.22257   59  197  418.72547    3.69327  99.1%  17.3 1448s
  8891  5519    3.69327   63  199  418.72547    3.69327  99.1%  17.6 1462s
  8980  5499  230.19813   66  188  418.72547    3.69327  99.1%  17.9 1474s
  8993  5540    3.69327   67  199  418.72547    3.69327  99.1%  17.9 1482s
  9048  5592  230.19813   68  194  418.72547    3.69327  99.1%  18.0 1493s
  9147  5589    3.69327   72  199  418.72547    3.69327  99.1%  18.2 1504s
  9181  5596  230.19813   74  195  418.72547    3.69327  99.1%  18.3 1513s
  9206  5655  230.19813   76  195  418.72547    3.69327  99.1%  18.4 1525s
  9312  5640    3.69327   82  199  418.72547    3.69327  99.1%  18.8 1557s
  9341  5679  230.19813   84  202  418.72547    3.69327  99.1%  19.0 1569s
  9439  5686    3.69327   88  199  418.72547    3.69327  99.1%  19.3 1579s
  9506  5740    3.69327   91  199  418.72547    3.69327  99.1%  19.5 1592s
  9619  5727  230.19813   95  199  418.72547    3.69327  99.1%  19.9 1616s
  9646  5825    3.69327   97  199  418.72547    3.69327  99.1%  20.1 1631s
  9806  5884    3.69327  106  197  418.72547    3.69327  99.1%  20.5 1674s
  9965  5859    3.69327  115  198  418.72547    3.69327  99.1%  21.0 1721s
 10006  5851    3.69327  119  196  418.72547    3.69327  99.1%  21.2 1773s
 10014  5872    3.69327  119  200  418.72547    3.69327  99.1%  21.2 1815s
 10050  5952    3.69327  123  200  418.72547    3.69327  99.1%  21.3 1832s
 10221  5937  254.94627  130  194  418.72547    3.69327  99.1%  21.6 1861s
 10266  6042    3.69327  134  201  418.72547    3.69327  99.1%  21.6 1881s
 10445  6200    3.69327  143  199  418.72547    3.69327  99.1%  22.0 1902s
 10717  6148    3.69327  153  199  418.72547    3.69327  99.1%  22.1 1929s
 10756  6356    3.69327  155  199  418.72547    3.69327  99.1%  22.3 1975s
 10997  6352    3.69327  164  199  418.72547    3.69327  99.1%  22.4 2002s
 11086  6533    3.69327  168  199  418.72547    3.69327  99.1%  22.6 2024s
 11374  6643    3.69327  182  199  418.72547    3.69327  99.1%  22.8 2047s
 11623  6878    3.69327  200  198  418.72547    3.69327  99.1%  23.1 2069s
 11974  6849    3.69327  222  198  418.72547    3.69327  99.1%  23.2 2090s
 12066  7133  181.04280  231  197  418.72547    3.69327  99.1%  23.4 2112s
 12494  7078  176.58960  261  199  418.72547    3.69327  99.1%  23.8 2121s

Cutting planes:
  Gomory: 98
  Implied bound: 281
  Projected implied bound: 513
  MIR: 77
  Flow cover: 477
  RLT: 1
  Relax-and-lift: 4307

Explored 12611 nodes (352671 simplex iterations) in 2121.81 seconds (2079.10 work units)
Thread count was 16 (of 16 available processors)

Solution count 10: 418.725 418.726 418.726 ... 461.901

Solve interrupted
Best objective 4.187254738164e+02, best bound 3.693266666669e+00, gap 99.1180%

User-callback calls 160901, time in user-callback 1.70 sec

Gurobi 10.0.1 (win64) logging started Sat Sep 20 10:03:15 2025

Set parameter LogFile to value "log_group_6/bound_Expr42_s8_l1051_s11_e12_o60_d120_t7200_s42_0_0_0_0.log"
Gurobi Optimizer version 10.0.1 build v10.0.1rc0 (win64)

CPU model: Intel(R) Core(TM) i7-10700 CPU @ 2.90GHz, instruction set [SSE2|AVX|AVX2]
Thread count: 8 physical cores, 16 logical processors, using up to 16 threads

Optimize a model with 1153432 rows, 1152580 columns and 9219584 nonzeros
Model fingerprint: 0x63cd38db
Variable types: 580 continuous, 1152000 integer (1152000 binary)
Coefficient statistics:
  Matrix range     [1e+00, 9e+02]
  Objective range  [1e+00, 1e+00]
  Bounds range     [1e+00, 1e+03]
  RHS range        [1e+00, 9e+02]
Presolve removed 60 rows and 1126920 columns (presolve time = 5s) ...
Presolve removed 1126980 rows and 1126528 columns
Presolve time: 9.53s
Presolved: 26452 rows, 26052 columns, 153168 nonzeros
Variable types: 460 continuous, 25592 integer (25592 binary)
Found heuristic solution: objective 12526.113533
Found heuristic solution: objective 2086.9441333
Deterministic concurrent LP optimizer: primal and dual simplex
Showing first log only...


Root simplex log...

Iteration    Objective       Primal Inf.    Dual Inf.      Time
       0   -4.1251000e+04   1.090625e+04   3.451061e+08     12s
    4657    4.5149000e+04   0.000000e+00   8.640000e+02     12s
    5042    0.0000000e+00   0.000000e+00   0.000000e+00     12s
Concurrent spin time: 0.08s

Solved with primal simplex

Root relaxation: objective 0.000000e+00, 5042 iterations, 0.79 seconds (0.70 work units)
Total elapsed time = 15.04s

    Nodes    |    Current Node    |     Objective Bounds      |     Work
 Expl Unexpl |  Obj  Depth IntInf | Incumbent    BestBd   Gap | It/Node Time

     0     0    0.00000    0  183 2086.94413    0.00000   100%     -   15s
H    0     0                    2027.2007667    0.00000   100%     -   16s
H    0     0                    1800.9073000    0.00000   100%     -   17s
     0     0    0.00000    0  223 1800.90730    0.00000   100%     -   18s
H    0     0                     780.0522667    0.00000   100%     -   23s
H    0     0                     645.3054333    0.00000   100%     -   24s
     0     0    0.00000    0  219  645.30543    0.00000   100%     -   24s
H    0     0                     624.7458333    0.00000   100%     -   38s
H    0     0                     589.5245333    0.00000   100%     -   38s
H    0     0                     467.2111333    0.00000   100%     -   38s
H    0     0                     463.8819333    0.00000   100%     -   38s
     0     0    0.00000    0  182  463.88193    0.00000   100%     -   41s
H    0     0                     461.9011313    0.00000   100%     -   44s
H    0     0                     434.5485000    0.00000   100%     -   46s
     0     0    0.00000    0  183  434.54850    0.00000   100%     -   46s
     0     0    0.00000    0  192  434.54850    0.00000   100%     -   60s
     0     0    0.00000    0  192  434.54850    0.00000   100%     -   61s
H    0     0                     429.6919000    0.00000   100%     -   72s
     0     0    0.00000    0  185  429.69190    0.00000   100%     -   75s
H    0     0                     422.6596000    0.00000   100%     -   77s
     0     0    0.00000    0  198  422.65960    0.00000   100%     -   80s
     0     0    0.00000    0  188  422.65960    0.00000   100%     -   89s
     0     0    0.00000    0  181  422.65960    0.00000   100%     -   91s
H    0     0                     420.8336000    0.00000   100%     -   99s
     0     2    0.00000    0  181  420.83360    0.00000   100%     -  102s
    14    14    0.00000    4  184  420.83360    0.00000   100%   502  105s
H   30    23                     420.8327874    0.00000   100%   268  120s
H   30    23                     419.3215333    0.00000   100%   268  120s
H   36    23                     418.7262000    0.00000   100%   311  120s
    74    51    0.00000   11  185  418.72620    0.00000   100%   171  125s
   132    90    0.00000   19  185  418.72620    0.00000   100%   104  130s
   218   147    0.00000   27  188  418.72620    0.00000   100%  68.7  136s
   321   234    0.00000   39  188  418.72620    0.00000   100%  49.7  141s
   529   342    0.00000   61  187  418.72620    0.00000   100%  32.3  146s
   839   455    0.00000   82  189  418.72620    0.00000   100%  21.7  152s
   998   502    0.00000   93  188  418.72620    0.00000   100%  18.7  155s
  1388   587    0.00000  103  187  418.72620    0.00000   100%  14.3  161s
  1485   654    0.00000  105  183  418.72620    0.00000   100%  13.6  165s
  1929   845    0.00000  127  193  418.72620    0.00000   100%  11.0  176s
  2177  1023    0.00000  140  196  418.72620    0.00000   100%  10.1  180s
  2440  1030    0.00000  150  194  418.72620    0.00000   100%   9.5  185s
H 2443  1030                     418.7261994    0.00000   100%   9.5  185s
  2767  1357    0.00000  186  191  418.72620    0.00000   100%   8.8  194s
H 3013  1357                     418.7261544    0.00000   100%   8.3  194s
  3014  1575    0.00000  192  191  418.72615    0.00000   100%   8.3  199s
  3398  1883    0.00000  210  194  418.72615    0.00000   100%   7.7  205s
  3831  2262    0.00000  241  196  418.72615    0.00000   100%   7.3  211s
  4311  2571    0.00000  268  195  418.72615    0.00000   100%   6.9  217s
H 4696  2916                     418.7261195    0.00000   100%   6.7  224s
  5270  3421    0.00000  331  195  418.72612    0.00000   100%   6.3  232s
  5930  3981    0.00000  387  195  418.72612    0.00000   100%   6.0  242s
  6653  4373    0.00000  440  197  418.72612    0.00000   100%   5.7  250s
  7102  4407    0.00000  472  200  418.72612    0.00000   100%   5.6  256s
H 7105  4407                     418.7254738    0.00000   100%   5.6  256s
  7141  5158    0.00000  474  200  418.72547    0.00000   100%   5.6  268s
  8052  5159  118.21757  534  181  418.72547    0.00000   100%   5.4  610s
  8054  5160    0.00000  337  175  418.72547    0.00000   100%   5.4  652s
  8055  5161  181.41810  207  176  418.72547    0.00000   100%   5.4  742s
  8056  5162  144.22257   52  171  418.72547    0.00000   100%   5.4  753s
  8057  5162  144.22257  298  182  418.72547    0.00000   100%   5.4  806s
  8058  5163  352.70900  881  185  418.72547    0.00000   100%   5.4  826s
  8059  5164  309.88960  862  178  418.72547    0.00000   100%   5.4  916s
  8060  5164  283.88460  763  158  418.72547    0.00000   100%   5.4  940s
  8061  5165  165.66703  514  177  418.72547    0.00000   100%   5.4 1019s
  8062  5166  228.61140  131  157  418.72547    0.00000   100%   5.4 1047s
  8063  5166  118.21757  598  176  418.72547    3.69327  99.1%   5.4 1138s
  8064  5167  144.22257  895  176  418.72547    3.69327  99.1%   5.4 1149s
  8065  5168  118.21757  221  176  418.72547    3.69327  99.1%   5.4 1209s
  8066  5171    3.69327   14  164  418.72547    3.69327  99.1%  12.2 1223s
  8068  5175    3.69327   15  155  418.72547    3.69327  99.1%  12.2 1318s
  8072  5180    3.69327   16  154  418.72547    3.69327  99.1%  12.3 1392s
  8080  5185    3.69327   17  155  418.72547    3.69327  99.1%  12.6 1419s
  8088  5187  181.01030   17  176  418.72547    3.69327  99.1%  12.7 1428s
  8096  5191    3.69327   18  170  418.72547    3.69327  99.1%  13.1 1521s
  8112  5210    3.69327   19  171  418.72547    3.69327  99.1%  13.2 1557s
  8128  5220    3.69327   20  172  418.72547    3.69327  99.1%  13.3 1591s
  8144  5229    3.69327   21  172  418.72547    3.69327  99.1%  13.3 1627s
  8160  5245    3.69327   22  174  418.72547    3.69327  99.1%  13.4 1671s
  8181  5261   80.22117   23  188  418.72547    3.69327  99.1%  13.8 1685s
  8204  5278    3.69327   25  191  418.72547    3.69327  99.1%  13.8 1732s
  8233  5291    3.69327   27  193  418.72547    3.69327  99.1%  14.1 1766s
  8258  5311    3.69327   28  194  418.72547    3.69327  99.1%  14.3 1772s
  8298  5327  110.73317   30  195  418.72547    3.69327  99.1%  14.4 1780s
  8345  5336  178.23527   33  190  418.72547    3.69327  99.1%  14.7 1788s
  8391  5328    3.69327   36  190  418.72547    3.69327  99.1%  15.0 1804s
  8403  5365  156.50400   36  196  418.72547    3.69327  99.1%  15.2 1812s
  8465  5361    3.69327   39  193  418.72547    3.69327  99.1%  15.5 1836s
  8487  5398    3.69327   41  199  418.72547    3.69327  99.1%  15.7 1845s
  8560  5383  177.97003   45  197  418.72547    3.69327  99.1%  15.9 1853s
  8583  5406    3.69327   48  197  418.72547    3.69327  99.1%  16.1 1861s
  8652  5399  200.73653   51  198  418.72547    3.69327  99.1%  16.5 1883s
  8677  5430    3.69327   53  198  418.72547    3.69327  99.1%  16.6 1892s
  8754  5407    3.69327   57  200  418.72547    3.69327  99.1%  17.0 1903s
  8762  5431  149.35480   57  201  418.72547    3.69327  99.1%  17.1 1917s
  8795  5487  144.22257   59  197  418.72547    3.69327  99.1%  17.3 1928s
  8891  5519    3.69327   63  199  418.72547    3.69327  99.1%  17.6 1943s
  8980  5499  230.19813   66  188  418.72547    3.69327  99.1%  17.9 1959s
  8993  5540    3.69327   67  199  418.72547    3.69327  99.1%  17.9 1969s
  9048  5592  230.19813   68  194  418.72547    3.69327  99.1%  18.0 1980s
  9147  5589    3.69327   72  199  418.72547    3.69327  99.1%  18.2 1996s
  9181  5596  230.19813   74  195  418.72547    3.69327  99.1%  18.3 2006s
  9206  5655  230.19813   76  195  418.72547    3.69327  99.1%  18.4 2019s
  9312  5640    3.69327   82  199  418.72547    3.69327  99.1%  18.8 2067s
  9341  5679  230.19813   84  202  418.72547    3.69327  99.1%  19.0 2081s
  9439  5686    3.69327   88  199  418.72547    3.69327  99.1%  19.3 2093s
  9506  5740    3.69327   91  199  418.72547    3.69327  99.1%  19.5 2107s
  9619  5727  230.19813   95  199  418.72547    3.69327  99.1%  19.9 2140s
  9646  5825    3.69327   97  199  418.72547    3.69327  99.1%  20.1 2157s
  9806  5884    3.69327  106  197  418.72547    3.69327  99.1%  20.5 2208s
  9965  5859    3.69327  115  198  418.72547    3.69327  99.1%  21.0 2271s
 10006  5851    3.69327  119  196  418.72547    3.69327  99.1%  21.2 2332s
 10014  5872    3.69327  119  200  418.72547    3.69327  99.1%  21.2 2386s
 10050  5952    3.69327  123  200  418.72547    3.69327  99.1%  21.3 2405s
 10221  5937  254.94627  130  194  418.72547    3.69327  99.1%  21.6 2441s
 10266  6042    3.69327  134  201  418.72547    3.69327  99.1%  21.6 2462s
 10445  6200    3.69327  143  199  418.72547    3.69327  99.1%  22.0 2485s
 10717  6148    3.69327  153  199  418.72547    3.69327  99.1%  22.1 2519s
 10727  6144  293.69807  131  190  418.72547    3.69327  99.1%  22.2 2520s
 10756  6356    3.69327  155  199  418.72547    3.69327  99.1%  22.3 2576s
 10997  6352    3.69327  164  199  418.72547    3.69327  99.1%  22.4 2609s
 11086  6533    3.69327  168  199  418.72547    3.69327  99.1%  22.6 2633s
 11374  6643    3.69327  182  199  418.72547    3.69327  99.1%  22.8 2658s
 11623  6878    3.69327  200  198  418.72547    3.69327  99.1%  23.1 2683s
 11974  6849    3.69327  222  198  418.72547    3.69327  99.1%  23.2 2710s
 12066  7133  181.04280  231  197  418.72547    3.69327  99.1%  23.4 2737s
 12494  7219  176.58960  261  199  418.72547    3.69327  99.1%  23.8 2764s
 12789  7215  176.58960  283  194  418.72547    3.69327  99.1%  24.2 2801s
 12886  7482    3.69327  294  198  418.72547    3.69327  99.1%  24.3 2831s
 13240  7395  115.85177  320  197  418.72547    3.69327  99.1%  24.6 2883s
 13280  7482    3.69327  323  197  418.72547    3.69327  99.1%  24.7 2956s
 13383  7801    3.69327  335  195  418.72547    3.69327  99.1%  24.8 2989s
 13797  8035    3.69327  356  198  418.72547    3.69327  99.1%  25.2 3034s
 14259  8016    3.69327  382  197  418.72547    3.69327  99.1%  25.3 3068s
 14444  8249  245.74210  394  219  418.72547    3.69327  99.1%  25.6 3106s
 14825  8266    3.69327  427  197  418.72547    3.69327  99.1%  25.8 3138s
 14971  8524  181.46250  437  197  418.72547    3.69327  99.1%  25.9 3184s
 15404  9290    3.69327  474  200  418.72547    3.69327  99.1%  26.4 3644s
 16519  8979    3.69327  531  197  418.72547    3.69327  99.1%  27.1 3684s
 16582  9102  176.44413  535  202  418.72547    3.69327  99.1%  27.3 3757s
 16775  9133    3.69327  548  196  418.72547    3.69327  99.1%  27.8 3815s
 16874  9644  176.80247  555  197  418.72547    3.69327  99.1%  27.9 3856s
 17477  9986    3.69327  578  196  418.72547    3.69327  99.1%  27.8 3910s
 18116  9900    3.69327  597  196  418.72547    3.69327  99.1%  27.6 3948s
 18246 10832  178.66287  606  194  418.72547    3.69327  99.1%  27.7 3993s
 19384 11029    3.69327  636  195  418.72547    3.69327  99.1%  26.9 4027s
 20022 11079    3.69327  653  194  418.72547    3.69327  99.1%  26.6 4060s
 20343 10978    3.69327  672  195  418.72547    3.69327  99.1%  26.7 4107s
 20351 11039  155.09457  672  194  418.72547    3.69327  99.1%  26.7 4167s
 20422 11107  181.12917  681  197  418.72547    3.69327  99.1%  26.9 4251s
 20527 11160    3.69327  693  196  418.72547    3.69327  99.1%  27.2 4310s
 20636 11200    3.69327  703  195  418.72547    3.69327  99.1%  27.4 4402s
 20772 11242  176.80907  711  203  418.72547    3.69327  99.1%  27.8 4468s
 20864 11486  177.84687  724  199  418.72547    3.69327  99.1%  28.0 4513s
 21316 11340  178.66287  755  198  418.72547    3.69327  99.1%  28.4 4553s
 21324 11464    3.69327  756  197  418.72547    3.69327  99.1%  28.4 4601s
 21500 12090  176.80907  771  198  418.72547    3.69327  99.1%  28.5 4650s
 22336 12094    3.69327  803  196  418.72547    3.69327  99.1%  28.6 4694s
 22762 12084    3.69327  822  197  418.72547    3.69327  99.1%  29.1 4754s
 22939 12793    3.69327  832  192  418.72547    3.69327  99.1%  29.1 4805s
 23770 13342    3.69327  863  190  418.72547    3.69327  99.1%  29.4 4870s
 24638 14021    3.69327  899  192  418.72547    3.69327  99.1%  29.8 4940s
 25324 14028    3.69327  923  192  418.72547    3.69327  99.1%  29.4 5028s
 25332 14228  155.35223  923  192  418.72547    3.69327  99.1%  29.4 5082s
 25532 15430  155.35223  936  189  418.72547    3.69327  99.1%  29.5 5152s
 26827 16581    3.69327  986  193  418.72547    3.69327  99.1%  29.5 5228s
 28100 16774    3.69327 1034  191  418.72547    3.69327  99.1%  29.2 5295s
 28317 19352  254.94627 1050  190  418.72547    3.69327  99.1%  29.4 5378s
 31062 22030    3.69327 1127  203  418.72547    3.69327  99.1%  27.7 6490s
 33961 22147   65.93810 1318  189  418.72547    3.69327  99.1%  28.7 6507s
 34098 22791   66.73593 1327  193  418.72547    3.69327  99.1%  29.2 6539s
 34810 23468    3.69327 1367  192  418.72547    3.69327  99.1%  29.4 6576s
 35538 23589  149.30290 1416  192  418.72547    3.69327  99.1%  29.8 6594s
 35671 24744  149.30290 1424  193  418.72547    3.69327  99.1%  30.1 6633s
 36874 25149    3.69327 1461  198  418.72547    3.69327  99.1%  30.3 6665s
 37438 25814    3.69327 1481  198  418.72547    3.69327  99.1%  30.3 6696s
 38207 26319  155.37567 1516  195  418.72547    3.69327  99.1%  30.3 6739s
 38743 27118  176.87643 1543  192  418.72547    3.69327  99.1%  30.6 6785s
 39568 27125  178.65777 1572  194  418.72547    3.69327  99.1%  30.5 6837s
 39576 27297    3.69327 1573  198  418.72547    3.69327  99.1%  30.5 6864s
 39748 27883  176.87643 1586  195  418.72547    3.69327  99.1%  30.5 6898s
 40337 28614  178.65777 1612  192  418.72547    3.69327  99.1%  30.3 6940s
 41123 28812    3.69327 1650  198  418.72547    3.69327  99.1%  30.2 6972s
 41328 29521  219.53617 1664  195  418.72547    3.69327  99.1%  30.3 7007s
 42078 30114    3.69327 1710  198  418.72547    3.69327  99.1%  30.5 7045s
 42708 30638    3.69327 1748  197  418.72547    3.69327  99.1%  30.6 7074s
 43250 31160    3.69327 1778  199  418.72547    3.69327  99.1%  30.6 7103s
 43790 32407    3.69327 1798  197  418.72547    3.69327  99.1%  30.6 7148s
 45059 33606    3.69327 1844  197  418.72547    3.69327  99.1%  30.1 7185s

Cutting planes:
  Gomory: 98
  Implied bound: 281
  Projected implied bound: 513
  MIR: 77
  Flow cover: 477
  RLT: 1
  Relax-and-lift: 4307

Explored 46344 nodes (1443063 simplex iterations) in 7201.38 seconds (5664.00 work units)
Thread count was 16 (of 16 available processors)

Solution count 10: 418.725 418.726 418.726 ... 461.901

Time limit reached
Best objective 4.187254738164e+02, best bound 3.693266666669e+00, gap 99.1180%

User-callback calls 554932, time in user-callback 7.58 sec
