
Gurobi 12.0.1 (win64) logging started Sat Sep 20 15:55:09 2025

Set parameter LogFile to value "log_group_6/bound_Expr102_s7_l1051_s11_e12_o40_d80_t7200_s32_1_1_1_1.log"
Gurobi Optimizer version 12.0.1 build v12.0.1rc0 (win64 - Windows Server 2022.0 (20348.2))

CPU model: Intel(R) Xeon(R) Gold 6336Y CPU @ 2.40GHz, instruction set [SSE2|AVX|AVX2|AVX512]
Thread count: 48 physical cores, 96 logical processors, using up to 32 threads

Non-default parameters:
TimeLimit  7200

Optimize a model with 658414 rows, 644470 columns and 8727146 nonzeros
Model fingerprint: 0x1d6a19c1
Variable types: 470 continuous, 644000 integer (644000 binary)
Coefficient statistics:
  Matrix range     [1e+00, 9e+02]
  Objective range  [1e+00, 1e+00]
  Bounds range     [1e+00, 1e+03]
  RHS range        [1e+00, 9e+02]
Presolve removed 640895 rows and 628290 columns
Presolve time: 2.86s
Presolved: 17519 rows, 16180 columns, 183511 nonzeros
Variable types: 430 continuous, 15750 integer (15750 binary)
Found heuristic solution: objective 1966.4885333
Performing another presolve...
Presolve removed 8896 rows and 8445 columns
Presolve time: 0.47s
Found heuristic solution: objective 1953.3603333

Root simplex log...

Iteration    Objective       Primal Inf.    Dual Inf.      Time
     565    1.8597575e+02   9.283423e+03   0.000000e+00      5s
    4813    1.8597553e+02   0.000000e+00   0.000000e+00      5s

Root relaxation: objective 1.859755e+02, 4813 iterations, 0.46 seconds (0.59 work units)
Total elapsed time = 5.43s (DegenMoves)

    Nodes    |    Current Node    |     Objective Bounds      |     Work
 Expl Unexpl |  Obj  Depth IntInf | Incumbent    BestBd   Gap | It/Node Time

     0     0  185.97553    0   80 1953.36033  185.97553  90.5%     -    6s
H    0     0                    1763.3280333  185.97553  89.5%     -    6s
H    0     0                    1727.9060333  185.97553  89.2%     -    6s
H    0     0                    1707.1798000  185.97553  89.1%     -    6s
H    0     0                    1615.6608000  185.97553  88.5%     -    7s
H    0     0                    1529.2894333  185.97553  87.8%     -    7s
H    0     0                    1515.9005000  185.97553  87.7%     -    7s
H    0     0                    1487.7302667  185.97553  87.5%     -    7s
H    0     0                    1434.3761667  185.97553  87.0%     -    7s
H    0     0                    1431.7872667  185.97553  87.0%     -    7s
H    0     0                    1408.4376000  185.97553  86.8%     -    7s
H    0     0                    1384.8593000  185.97553  86.6%     -    7s
H    0     0                    1359.5232000  185.97553  86.3%     -    7s
H    0     0                    1326.4122667  185.97553  86.0%     -    7s
H    0     0                    1322.6528000  185.97553  85.9%     -    7s
H    0     0                    1308.1652000  185.97553  85.8%     -    7s
H    0     0                    1299.8315000  185.97553  85.7%     -    8s
H    0     0                    1280.3241667  185.97553  85.5%     -    8s
H    0     0                    1246.0720333  185.97553  85.1%     -    8s
     0     0  185.97553    0   88 1246.07203  185.97553  85.1%     -    8s
H    0     0                    1238.6520333  185.97553  85.0%     -    8s
H    0     0                    1208.7822333  185.97553  84.6%     -    8s
H    0     0                     954.3366667  185.97553  80.5%     -    9s
H    0     0                     884.7719667  185.97553  79.0%     -    9s
H    0     0                     879.1259667  185.97553  78.8%     -    9s
H    0     0                     829.1548667  185.97553  77.6%     -    9s
H    0     0                     825.1349000  185.97553  77.5%     -    9s
H    0     0                     821.8669667  185.97553  77.4%     -    9s
     0     0  185.97553    0  142  821.86697  185.97553  77.4%     -    9s
H    0     0                     792.1561667  185.97553  76.5%     -   11s
H    0     0                     773.8265667  185.97553  76.0%     -   11s
H    0     0                     763.6101667  185.97553  75.6%     -   11s
H    0     0                     749.2436000  185.97553  75.2%     -   11s
H    0     0                     698.9109392  185.97553  73.4%     -   11s
H    0     0                     698.9089000  185.97553  73.4%     -   11s
H    0     0                     697.5062333  185.97553  73.3%     -   11s
H    0     0                     697.4858333  185.97553  73.3%     -   11s
H    0     0                     689.9157333  185.97553  73.0%     -   11s
H    0     0                     689.9013333  185.97553  73.0%     -   11s
     0     0  185.97553    0  116  689.90133  185.97553  73.0%     -   11s
     0     0  185.97553    0  114  689.90133  185.97553  73.0%     -   12s
H    0     0                     684.2817333  185.97553  72.8%     -   13s
H    0     0                     659.6746667  185.97553  71.8%     -   13s
H    0     0                     584.7649000  185.97553  68.2%     -   13s
H    0     0                     560.0459000  185.97553  66.8%     -   13s
H    0     0                     555.8458000  185.97553  66.5%     -   13s
     0     0  185.97553    0   91  555.84580  185.97553  66.5%     -   13s
     0     0  185.97553    0  107  555.84580  185.97553  66.5%     -   13s
     0     0  185.97553    0  104  555.84580  185.97553  66.5%     -   15s
     0     0  185.97553    0  104  555.84580  185.97553  66.5%     -   15s
H    0     0                     535.2490667  185.97553  65.3%     -   16s
H    0     0                     507.6081000  185.97553  63.4%     -   16s
H    0     0                     434.9899333  185.97553  57.2%     -   16s
H    0     0                     428.5369333  185.97553  56.6%     -   16s
     0     2  185.97553    0  104  428.53693  185.97553  56.6%     -   17s
    31    64  185.97553    5  214  428.53693  185.97553  56.6%   957   20s
H   40    64                     399.6242000  185.97553  53.5%   962   20s
H   95   129                     376.1371000  185.97553  50.6%   955   23s
H   96   129                     361.6193333  185.97553  48.6%   947   23s
H  102   129                     358.6385000  185.97553  48.1%   907   23s
H  104   129                     355.5879667  185.97553  47.7%   893   23s
H  123   129                     315.4696000  185.97553  41.0%   797   23s
   241   243  185.97553   10  204  315.46960  185.97553  41.0%   623   25s
H  273   266                     309.4696000  185.97553  39.9%   592   26s
H  385   335                     301.1636000  185.97553  38.2%   571   27s
H  392   335                     270.4366000  185.97553  31.2%   580   27s
   499   340  216.48123   17  344  270.43660  185.97553  31.2%   578   30s
H  564   332                     269.5626000  185.97553  31.0%   789   31s
H  639   318                     269.3707333  185.97553  31.0%   810   34s
H  649   318                     268.5317000  185.97553  30.7%   815   34s
H  653   318                     268.4987000  185.97553  30.7%   820   34s
   677   356  220.64638   20  307  268.49870  185.97553  30.7%   837   35s
  1154   682  226.78539   34  275  268.49870  208.89617  22.2%   570   40s
  1670  1090  230.92771   49  275  268.49870  209.59050  21.9%   408   45s
H 1733  1090                     268.3133000  209.59050  21.9%   394   45s
H 1926  1090                     267.2113000  209.59050  21.6%   358   45s
  2370  1545  234.10610   73  263  267.21130  211.55050  20.8%   300   51s
H 3327  2120                     264.9843333  211.55050  20.2%   221   58s
  3798  2081  260.27708   89 1977  264.98433  211.55050  20.2%   195   64s
H 3799  1977                     264.9693333  211.55050  20.2%   195   65s
H 3851  1892                     264.7183667  213.30940  19.4%   196   68s
  3931  1943  213.30940   24   95  264.71837  213.30940  19.4%   195   70s
H 3962  1838                     263.3348667  213.30940  19.0%   195   70s
H 4291  1763                     262.6140667  213.30940  18.8%   185   71s
H 4408  1705                     261.8227333  213.30940  18.5%   182   73s
  4991  1942  213.30940   37  119  261.82273  213.30940  18.5%   165   75s
H 5702  2047                     261.7999333  213.30940  18.5%   149   76s
  7189  2696  213.30940   53  105  261.79993  213.30940  18.5%   122   80s
 10233  4654  213.30940   73   91  261.79993  213.30940  18.5%  94.0   85s
 15035  8948  250.80427  109   68  261.79993  213.30940  18.5%  74.1   90s
H18637 10817                     260.7135000  213.30940  18.2%  64.7   92s
 20028 12746  218.80900  185   69  260.71350  213.30940  18.2%  62.4   95s
H20180 12193                     259.6243000  213.30940  17.8%  62.0   95s
 25164 16125 infeasible  498       259.62430  213.30940  17.8%  55.6  101s
 29153 20048 infeasible  156       259.62430  213.30940  17.8%  52.3  113s
 33245 21669  252.09330  163   81  259.62430  213.30940  17.8%  49.5  115s
 38670 25712  213.30940   67   88  259.62430  213.30940  17.8%  47.7  121s
 42558 28328  247.24114   71   70  259.62430  213.30940  17.8%  47.0  125s
 46914 31372 infeasible  111       259.62430  213.30940  17.8%  45.9  130s
 51965 34731     cutoff   98       259.62430  213.30940  17.8%  44.8  136s
 56509 37100  249.99473   77  102  259.62430  213.30940  17.8%  44.6  140s
 59021 37769  228.42393   99 1668  259.62430  213.30940  17.8%  44.5  154s
 59023 37770  222.11051   69   80  259.62430  213.30940  17.8%  44.5  155s
H59100 35887                     259.6123000  213.30940  17.8%  44.7  158s
 59166 35907  213.30940   39   87  259.61230  213.30940  17.8%  44.8  161s
 60038 35976  213.30940   54   84  259.61230  213.30940  17.8%  44.9  165s
H60212 34165                     259.5970000  213.30940  17.8%  44.9  165s
H60615 32546                     259.5916000  213.30940  17.8%  44.9  167s
H61052 31042                     259.5898000  213.30940  17.8%  44.8  167s
H61665 29597                     259.5880000  213.30940  17.8%  44.9  169s
 61694 29667  249.79780   74   70  259.58800  213.30940  17.8%  44.9  170s
H62922 28442                     259.5879993  213.30940  17.8%  44.7  172s
 64010 28836 infeasible   99       259.58800  213.30940  17.8%  44.8  175s
 67242 30159     cutoff  136       259.58800  213.30940  17.8%  44.1  180s
 71366 32086  227.03423  188   49  259.58800  213.30940  17.8%  43.7  185s
 76526 32723     cutoff   68       259.58800  213.30940  17.8%  43.1  190s
H76536 31332                     259.5595000  213.30940  17.8%  43.1  190s
 79535 33578  247.41107   58   78  259.55950  213.30940  17.8%  42.8  196s
 82696 35054  213.30940   69   92  259.55950  213.30940  17.8%  42.3  200s
H84536 33142                     259.5367000  213.30940  17.8%  42.0  202s
 84979 34636  213.30940   64   93  259.53670  213.30940  17.8%  42.0  205s
H86792 33647                     259.5253000  213.30940  17.8%  41.8  207s
 87906 33277  228.68237  248 1421  259.52530  213.30940  17.8%  41.6  242s
 87911 33280  249.20247   81  213  259.52530  231.58479  10.8%  41.6  245s
 87921 33287  251.37251   61  249  259.52530  234.73527  9.55%  41.6  250s
 87931 33295  235.78355  135 1083  259.52530  235.78355  9.15%  41.8  256s
 87941 33302  235.96464  104  371  259.52530  235.96464  9.08%  41.8  260s
 87952 33309  244.42232  489  386  259.52530  236.66673  8.81%  41.8  265s
 87959 33314  247.15523   47  386  259.52530  236.78343  8.76%  41.8  270s
 87969 33320  244.12647   84  396  259.52530  236.88623  8.72%  41.8  276s
 87977 33326  250.14474  102  336  259.52530  239.63823  7.66%  41.8  280s
 87987 33332  240.38002  323  345  259.52530  240.38002  7.38%  41.8  285s
 88000 33341  240.54526  104  361  259.52530  240.54526  7.31%  41.8  290s
 88010 33348  240.63152  177  363  259.52530  240.63152  7.28%  41.8  296s
 88019 33354  251.99957   66  360  259.52530  240.63152  7.28%  41.8  300s
 88028 33360  240.75380  104  365  259.52530  240.75380  7.23%  41.8  305s
 88037 33366  240.76579  125  372  259.52530  240.76579  7.23%  41.8  310s
 88045 33371  244.84895  199  387  259.52530  240.82833  7.20%  41.8  315s
 88054 33377  240.85686  106  386  259.52530  240.85686  7.19%  41.8  320s
 88061 33382  240.86247  271  389  259.52530  240.86247  7.19%  41.8  325s
 88068 33386  241.58178  171  346  259.52530  241.58178  6.91%  41.8  330s
 88077 33392  250.14474  102  347  259.52530  241.61213  6.90%  41.7  335s
 88085 33398  246.37689  293  351  259.52530  241.61600  6.90%  41.7  340s
 88092 33402  241.61780   72  356  259.52530  241.61780  6.90%  41.7  346s
 88097 33407  247.00483   61  156  259.52530  241.61780  6.90%  42.6  350s
 88111 33417  249.20247   81  312  259.52530  242.44867  6.58%  42.6  355s
 88121 33423  251.37251   61  214  259.52530  242.44867  6.58%  42.6  360s
 88131 33430  242.44867  135  239  259.52530  242.44867  6.58%  42.6  365s
 88140 33436  243.05253  380  197  259.52530  243.05253  6.35%  42.6  370s
 88149 33442  243.05253  152  201  259.52530  243.05253  6.35%  42.6  375s
 88166 33455  245.67674   67  183  259.52530  243.06660  6.34%  42.7  380s
 88185 33468  246.37689  293  156  259.52530  243.27651  6.26%  42.7  385s
 88209 33485  243.90423  144   79  259.52530  243.90423  6.02%  42.8  390s
 88232 33500  244.61595   80   75  259.52530  244.61595  5.74%  42.8  395s
 88416 33617  254.38995   99   57  259.52530  245.69497  5.33%  42.8  400s
 98092 37844  259.33519  151   32  259.52530  246.65160  4.96%  40.6  405s
 108222 42386  247.83940  127   32  259.52530  246.73890  4.93%  38.7  410s
 117534 43987  254.61516  136  105  259.52530  246.86490  4.88%  36.9  415s
 117727 44088  251.87637  112   58  259.52530  246.86490  4.88%  36.9  420s
 121521 46061  252.62040  164   39  259.52530  246.86490  4.88%  36.4  425s
 129955 48924  258.19924  173   28  259.52530  246.86490  4.88%  35.0  430s
 136573 51345  249.27130  114   41  259.52530  246.86490  4.88%  33.9  435s
 144540 53592  250.05616  159   32  259.52530  246.86490  4.88%  32.8  441s
 148293 56583  251.02113  164   35  259.52530  246.86490  4.88%  32.3  446s
 156543 57522  248.60607  133   34  259.52530  247.06864  4.80%  31.2  450s
 162817 59820  256.76621  141   32  259.52530  247.45633  4.65%  30.6  455s
 169844 62367  256.76676  200   31  259.52530  247.45776  4.65%  29.9  460s
 177622 65468  258.86572  159   33  259.52530  247.53946  4.62%  29.2  467s
 185379 66836  256.02438  168   32  259.52530  247.74355  4.54%  28.7  472s
 188932 67956  258.54827  172   32  259.52530  247.76821  4.53%  28.4  475s
 197276 70201  257.02905  168   31  259.52530  247.87420  4.49%  27.7  481s
 205685 69944  251.77757  138   29  259.52530  247.98860  4.45%  27.2  485s
 209858 73506  252.77617  190   47  259.52530  248.01657  4.43%  26.9  491s
 215292 75289  252.00043  156   35  259.52530  248.01657  4.43%  26.7  496s
 224003 77428  256.27873  204   32  259.52530  248.24379  4.35%  26.2  502s
 229043 79425  255.24859  178   33  259.52530  248.31237  4.32%  25.9  506s
 237114 81781     cutoff  187       259.52530  248.31243  4.32%  25.5  512s
 240678 83297  254.33428  150   37  259.52530  248.31243  4.32%  25.3  516s
 245835 83696  251.78573  126   38  259.52530  248.39337  4.29%  25.1  520s
 254812 87956  255.29148  175   33  259.52530  248.56240  4.22%  24.7  527s
 259168 90207  256.19700  157   29  259.52530  248.57233  4.22%  24.5  530s
 267589 95072  249.99020  171   36  259.52530  248.74820  4.15%  24.2  536s
 271777 97855     cutoff  137       259.52530  248.75102  4.15%  24.0  541s
 280321 101616  257.61970  175   36  259.52530  248.77910  4.14%  23.7  546s
 288348 106281  255.38719  169   33  259.52530  248.82460  4.12%  23.4  551s
 296203 110513  256.56100  142   30  259.52530  248.84570  4.12%  23.1  557s
 300658 114364  254.60395  154   38  259.52530  248.88410  4.10%  22.9  562s
 309298 118303  259.44563  177   25  259.52530  248.95816  4.07%  22.6  566s
 316833 122335  258.41127  199   33  259.52530  248.98152  4.06%  22.4  572s
 324094 126258  252.53659  177   42  259.52530  249.02677  4.05%  22.2  577s
 329489 129289  257.61588  152   38  259.52530  249.05917  4.03%  22.0  580s
 334497 136738  257.13371  181   28  259.52530  249.07580  4.03%  21.9  594s
 340057 136738  251.08704  166   36  259.52530  249.08882  4.02%  21.8  595s
 349567 140333  258.39741  191   37  259.52530  249.15590  4.00%  21.5  600s
 357768 145565  254.50960  132   43  259.52530  249.19030  3.98%  21.4  607s
 361820 147728  255.08293  163   35  259.52530  249.22270  3.97%  21.3  610s
 369742 151025  255.15830  160   26  259.52530  249.26180  3.95%  21.1  615s
 373971 155655  252.02676  144   33  259.52530  249.27329  3.95%  21.1  620s
 381785 160224     cutoff  154       259.52530  249.31425  3.93%  20.9  626s
 386358 163450  256.19409  175   28  259.52530  249.34604  3.92%  20.8  630s
 394919 168217  256.66075  164   40  259.52530  249.38240  3.91%  20.7  638s
 400420 170649  251.62174  160   37  259.52530  249.47081  3.87%  20.6  641s
 408353 173012  256.59639  209   31  259.52530  249.49910  3.86%  20.4  646s
 413073 176868  250.19293  143   37  259.52530  249.58610  3.83%  20.4  651s
 420920 179247     cutoff  184       259.52530  249.62339  3.82%  20.2  655s
 426029 184135     cutoff  162       259.52530  249.66821  3.80%  20.2  662s
 433724 186432  257.93933  137   27  259.52530  249.69402  3.79%  20.0  665s
 438286 190382  257.31773  144   33  259.52530  249.71700  3.78%  20.0  671s
 445974 194513     cutoff  208       259.52530  249.74589  3.77%  19.9  677s
 450436 196918  252.23876  159   32  259.52530  249.76200  3.76%  19.8  680s
 458114 202022 infeasible  157       259.52530  249.76998  3.76%  19.7  688s
 462899 203877  253.37328  131   28  259.52530  249.78700  3.75%  19.6  690s
 470618 208519 infeasible  165       259.52530  249.80287  3.75%  19.5  697s
 474303 210651     cutoff  168       259.52530  249.80287  3.75%  19.4  700s
 482257 215073     cutoff  154       259.52530  249.83550  3.73%  19.3  707s
 485661 217186  255.02071  189   34  259.52530  249.84570  3.73%  19.3  710s
 490627 224971  257.96204  180   35  259.52530  249.85146  3.73%  19.2  730s
 507724 227161 infeasible  179       259.52530  249.89757  3.71%  19.0  735s
 512633 231665  257.86555  172   19  259.52530  249.90420  3.71%  19.0  742s
 517043 233490  258.06767  148   33  259.52530  249.92763  3.70%  18.9  746s
 521853 239990  252.25471  174   28  259.52530  249.93994  3.69%  18.8  763s
 534018 242051  253.04940  137   28  259.52530  249.94920  3.69%  18.7  768s
 539096 244726  250.91939  173   32  259.52530  249.98850  3.67%  18.6  773s
 543642 246750  256.66712  154   30  259.52530  249.99152  3.67%  18.6  777s
 547809 248786     cutoff  158       259.52530  249.99990  3.67%  18.5  781s
 553436 253762  251.43847  181   34  259.52530  250.01840  3.66%  18.4  791s
 562731 255943  250.05926  189   40  259.52530  250.04732  3.65%  18.3  797s
 566809 257786  257.76051  151   48  259.52530  250.04940  3.65%  18.3  800s
 574246 260295  253.94865  187   37  259.52530  250.05456  3.65%  18.2  805s
 579179 264539  253.05510  147   28  259.52530  250.08940  3.64%  18.2  813s
 583268 265143  259.17160  155   35  259.52530  250.10128  3.63%  18.2  815s
 584351 272457  256.82363  163   45  259.52530  250.10502  3.63%  18.2  832s
 597725 273800     cutoff  190       259.52530  250.11450  3.63%  18.0  836s
 600111 276098  250.14136  140   38  259.52530  250.11450  3.63%  18.0  840s
 609372 280888     cutoff  142       259.52530  250.15410  3.61%  18.0  848s
 612925 283237  254.87930  139   25  259.52530  250.17300  3.60%  17.9  852s
 618482 285899  254.54551  145   39  259.52530  250.17974  3.60%  17.9  857s
 622599 287859  253.91566  172   35  259.52530  250.20133  3.59%  17.9  861s
 627524 290527  250.54693  157   30  259.52530  250.20133  3.59%  17.8  865s
 635244 294013  255.01111  154   40  259.52530  250.22040  3.59%  17.8  871s
 642574 296671 infeasible  181       259.52530  250.25229  3.57%  17.7  877s
 643896 302098  254.20510  139   31  259.52530  250.26087  3.57%  17.7  887s
 654511 304207  250.86564  137   40  259.52530  250.29573  3.56%  17.6  893s
 658510 305951  252.78085  139   33  259.52530  250.30026  3.55%  17.6  896s
 663107 308533 infeasible  191       259.52530  250.34670  3.54%  17.6  901s
 670774 312246  258.65900  133   34  259.52530  250.36877  3.53%  17.5  907s
 674466 314706  252.96173  143   34  259.52530  250.39140  3.52%  17.5  912s
 679986 315282 infeasible  169       259.52530  250.41663  3.51%  17.5  915s
 680957 316091     cutoff  149       259.52530  250.42358  3.51%  17.5  921s
 681908 319138     cutoff  152       259.52530  250.42457  3.51%  17.5  927s
 687590 321972  258.50828  181   27  259.52530  250.44073  3.50%  17.4  932s
 694257 325148  257.80970  143   30  259.52530  250.47150  3.49%  17.4  938s
 698948 327454  256.54201  148   36  259.52530  250.48419  3.48%  17.4  942s
 703553 329869  256.43638  161   28  259.52530  250.50169  3.48%  17.3  947s
 708207 331652  255.82670  136   37  259.52530  250.52327  3.47%  17.3  950s
 715886 335297  256.53053  168   39  259.52530  250.53913  3.46%  17.2  957s
 719196 337155  254.63490  178   33  259.52530  250.55313  3.46%  17.2  960s
 726718 339827  257.57424  175   23  259.52530  250.57246  3.45%  17.2  965s
 731554 343201  255.65691  162   33  259.52530  250.58382  3.45%  17.2  970s
 735783 350275  254.92255  166   39  259.52530  250.58590  3.44%  17.1  989s
 748690 352173  255.80343  155   49  259.52530  250.59104  3.44%  17.1  997s
 752588 354297  257.61023  150   36  259.52530  250.61863  3.43%  17.0 1001s
 757624 356805  259.19563  130   32  259.52530  250.64023  3.42%  17.0 1009s
 761764 358905  255.51170  164   45  259.52530  250.64323  3.42%  17.0 1014s
 765665 361116  253.34450  154   37  259.52530  250.64970  3.42%  17.0 1020s
 770767 363470  256.66351  171   38  259.52530  250.65920  3.42%  17.0 1027s
 774720 365290  255.78155  169   42  259.52530  250.66690  3.41%  16.9 1031s
 778019 367257  256.00491  130   33  259.52530  250.66690  3.41%  16.9 1035s
 782529 369874  256.16411  167   24  259.52530  250.67320  3.41%  16.9 1043s
 786557 372367  258.71760  162   33  259.52530  250.67320  3.41%  16.9 1049s
 791150 374325  259.16675  151   33  259.52530  250.67320  3.41%  16.9 1054s
 795099 376687  256.08070  149   45  259.52530  250.68961  3.40%  16.9 1060s
 800614 379318  256.66958  165   22  259.52530  250.69410  3.40%  16.8 1067s
 804665 381103  255.02491  129   28  259.52530  250.70602  3.40%  16.8 1072s
 808417 383061  258.00491  141   37  259.52530  250.71710  3.39%  16.8 1077s
 812420 384823  258.01783  167   29  259.52530  250.72813  3.39%  16.8 1081s
 816830 387064  257.16478  141   21  259.52530  250.73004  3.39%  16.7 1088s
 820305 389132  252.27784  186   33  259.52530  250.73940  3.39%  16.7 1093s
 824380 389883  256.76087  133   43  259.52530  250.74733  3.38%  16.7 1095s
 825899 394936  257.22844  192   31  259.52530  250.74733  3.38%  16.7 1112s
 835860 397043  257.78389  169   27  259.52530  250.74733  3.38%  16.7 1119s
 839819 398843  253.19167  123   24  259.52530  250.76740  3.37%  16.6 1124s
 843609 399352  255.08487  137   26  259.52530  250.79220  3.37%  16.6 1126s
 844506 401353  254.10070  139   34  259.52530  250.79287  3.36%  16.6 1131s
 848386 403269     cutoff  174       259.52530  250.79417  3.36%  16.6 1137s
 852125 405329     cutoff  171       259.52530  250.80790  3.36%  16.6 1141s
 857307 412211  252.14708  164   41  259.52530  250.81120  3.36%  16.5 1164s
 868426 412211  256.44979  200   22  259.52530  250.82323  3.35%  16.5 1165s
 868852 413945  258.14159  173   19  259.52530  250.82323  3.35%  16.5 1171s
 873199 416467  251.85720  176   44  259.52530  250.83690  3.35%  16.5 1178s
 877303 418299  258.62941  170   45  259.52530  250.84865  3.34%  16.5 1184s
 881164 420320  254.75856  147   35  259.52530  250.85383  3.34%  16.4 1189s
 885328 420787     cutoff  181       259.52530  250.86400  3.34%  16.4 1192s
 886421 428362  252.85860  145   30  259.52530  250.87180  3.33%  16.4 1218s
 900388 428841  257.58687  152   21  259.52530  250.88590  3.33%  16.3 1222s
 901427 430710  252.68543  148   35  259.52530  250.88863  3.33%  16.3 1229s
 905614 432797  250.90230  136   36  259.52530  250.90230  3.32%  16.3 1234s
 909884 434604  255.13060  142   28  259.52530  250.90230  3.32%  16.3 1238s
 913680 435017  252.61823  175   27  259.52530  250.91773  3.32%  16.3 1241s
 914682 437304     cutoff  150       259.52530  250.91941  3.32%  16.3 1248s
 919318 438866  256.97873  163   30  259.52530  250.92340  3.31%  16.2 1252s
 922529 440220  257.58220  146   32  259.52530  250.92348  3.31%  16.2 1256s
 925963 441694  258.68996  163   20  259.52530  250.93483  3.31%  16.2 1260s
 930214 443645  257.61646  171   32  259.52530  250.93814  3.31%  16.2 1268s
 934006 445192  253.28679  173   43  259.52530  250.95041  3.30%  16.2 1272s
 937244 446852  258.26767  174   38  259.52530  250.95306  3.30%  16.2 1277s
 942086 449032  258.96885  146   34  259.52530  250.95711  3.30%  16.1 1285s
 945807 451207  254.92329  160   36  259.52530  250.96750  3.30%  16.1 1293s
 950298 452985  258.62061  174   32  259.52530  250.97309  3.30%  16.1 1298s
 954082 453376     cutoff  162       259.52530  250.98259  3.29%  16.1 1300s
 958657 456959  253.20914  141   48  259.52530  250.98892  3.29%  16.1 1309s
 962444 458622  255.91293  150   44  259.52530  250.98910  3.29%  16.0 1314s
 966017 458914 infeasible  162       259.52530  250.98910  3.29%  16.0 1316s
 966826 460550  254.91712  123   40  259.52530  250.99990  3.28%  16.0 1321s
 970363 462314  254.35441  128   53  259.52530  251.00090  3.28%  16.0 1326s
 975064 464528  254.94917  198   24  259.52530  251.00980  3.28%  16.0 1335s
 979152 466034  257.55476  155   34  259.52530  251.01674  3.28%  16.0 1340s
 982641 467843  258.04285  161   36  259.52530  251.01777  3.28%  16.0 1345s
 990162 470049  252.43283  139   31  259.52530  251.02720  3.27%  15.9 1352s
 990997 472028  257.28894  165   23  259.52530  251.02720  3.27%  15.9 1357s
 994861 473790 infeasible  172       259.52530  251.03563  3.27%  15.9 1362s
 998854 475315  258.03063  162   28  259.52530  251.04370  3.27%  15.9 1367s
 1003245 477669  256.03830  151   30  259.52530  251.04940  3.27%  15.9 1373s
 1006882 479419  258.04264  167   36  259.52530  251.04940  3.27%  15.9 1379s
 1010374 481384  259.08351  169   41  259.52530  251.05917  3.26%  15.9 1385s
 1015416 483706  256.10693  168   34  259.52530  251.06650  3.26%  15.9 1392s
 1019537 485565  257.24553  171   34  259.52530  251.07280  3.26%  15.8 1398s
 1023551 487229  256.34754  179   38  259.52530  251.07932  3.25%  15.8 1403s
 1027041 487746     cutoff  157       259.52530  251.08753  3.25%  15.8 1405s
 1028192 489809  253.83915  138   29  259.52530  251.08917  3.25%  15.8 1411s
 1032449 491790 infeasible  181       259.52530  251.09323  3.25%  15.8 1417s
 1036669 493803     cutoff  182       259.52530  251.09323  3.25%  15.8 1424s
 1041256 495315     cutoff  139       259.52530  251.10340  3.25%  15.8 1428s
 1044161 495670 infeasible  214       259.52530  251.10346  3.25%  15.8 1430s
 1045133 497527  254.02468  146   33  259.52530  251.11341  3.24%  15.8 1435s
 1049083 499229 infeasible  161       259.52530  251.12275  3.24%  15.7 1441s
 1052731 500724  258.14121  179   40  259.52530  251.13015  3.23%  15.7 1445s
 1057154 502998     cutoff  140       259.52530  251.13760  3.23%  15.7 1453s
 1061052 504767  258.78032  142   40  259.52530  251.14360  3.23%  15.7 1459s
 1064752 506453  256.12230  150   32  259.52530  251.14780  3.23%  15.7 1464s
 1068530 508682  259.06880  144   27  259.52530  251.15410  3.23%  15.7 1470s
 1073843 511118  251.16800  150   41  259.52530  251.16425  3.22%  15.7 1477s
 1077974 512811  257.76810  130   20  259.52530  251.16870  3.22%  15.7 1483s
 1081400 513369  253.17219  134   30  259.52530  251.17077  3.22%  15.6 1485s
 1082640 515206  257.85988  166   35  259.52530  251.17546  3.22%  15.6 1491s
 1086593 517140  257.85030  147   36  259.52530  251.18440  3.21%  15.6 1496s
 1090514 518780  257.16778  171   43  259.52530  251.19070  3.21%  15.6 1502s
 1093846 520653  254.71573  121   34  259.52530  251.19070  3.21%  15.6 1507s
 1097755 522685  255.62941  206   29  259.52530  251.19070  3.21%  15.6 1513s
 1102226 522923     cutoff  166       259.52530  251.20951  3.20%  15.6 1515s
 1103091 524950  253.28927  153   34  259.52530  251.21001  3.20%  15.6 1521s
 1107311 525970     cutoff  169       259.52530  251.22115  3.20%  15.6 1525s
 1109591 528020  257.14853  148   38  259.52530  251.22594  3.20%  15.6 1531s
 1114711 530536  252.21270  171   34  259.52530  251.23251  3.20%  15.5 1540s
 1118802 532515     cutoff  159       259.52530  251.23960  3.19%  15.5 1546s
 1124399 534873  254.92402  191   35  259.52530  251.25628  3.19%  15.5 1553s
 1128232 537193 infeasible  195       259.52530  251.26150  3.18%  15.5 1560s
 1132663 538736     cutoff  175       259.52530  251.26463  3.18%  15.5 1565s
 1136572 541044 infeasible  163       259.52530  251.26827  3.18%  15.5 1571s
 1140701 542643  256.90287  154   26  259.52530  251.27536  3.18%  15.5 1576s
 1144402 544243  256.58467  141   36  259.52530  251.28293  3.18%  15.5 1581s
 1148735 546681  255.18297  148   32  259.52530  251.28928  3.17%  15.5 1589s
 1153000 548410  255.76844  166   25  259.52530  251.29843  3.17%  15.5 1595s
 1156961 550610  253.29207  133   39  259.52530  251.30577  3.17%  15.4 1601s
 1161908 558170  256.16355  172   25  259.52530  251.31422  3.16%  15.4 1640s
 1178382 560806  252.72723  137   37  259.52530  251.34526  3.15%  15.4 1651s
 1181913 562953  257.41603  145   32  259.52530  251.34621  3.15%  15.4 1656s
 1185894 565024  251.36320  145   33  259.52530  251.34738  3.15%  15.4 1661s
 1190741 567156  255.56652  146   27  259.52530  251.35385  3.15%  15.4 1670s
 1194623 568881  254.39890  140   29  259.52530  251.37013  3.14%  15.4 1675s
 1198723 570389  254.95814  195   31  259.52530  251.38429  3.14%  15.4 1680s
 1204813 571992     cutoff  160       259.52530  251.39896  3.13%  15.4 1686s
 1205912 573987  257.07372  153   26  259.52530  251.40120  3.13%  15.4 1692s
 1209996 575600  255.55198  158   22  259.52530  251.40287  3.13%  15.4 1697s
 1213712 577210  258.21667  153   26  259.52530  251.41875  3.12%  15.3 1703s
 1217521 578846     cutoff  173       259.52530  251.42757  3.12%  15.3 1707s
 1220879 579284  256.78030  142   29  259.52530  251.42960  3.12%  15.3 1710s
 1221997 584722  251.44160  133   33  259.52530  251.42960  3.12%  15.3 1737s
 1233552 585078  257.38280  143   29  259.52530  251.44160  3.11%  15.3 1740s
 1234571 587051  252.44684  160   46  259.52530  251.44381  3.11%  15.3 1746s
 1238911 588991  253.48522  131   37  259.52530  251.46483  3.11%  15.3 1753s
 1243067 589402  257.28620  177   29  259.52530  251.46483  3.11%  15.3 1755s
 1244185 591716  257.74270  130   45  259.52530  251.46483  3.11%  15.3 1762s
 1249187 593500  254.67527  178   34  259.52530  251.49270  3.10%  15.3 1768s
 1253120 595215  258.23705  174   38  259.52530  251.50415  3.09%  15.3 1775s
 1258245 597756  254.98760  149   35  259.52530  251.51690  3.09%  15.3 1783s
 1262620 599500     cutoff  147       259.52530  251.51690  3.09%  15.3 1790s
 1266514 601536  254.70129  154   26  259.52530  251.52970  3.08%  15.2 1795s
 1271574 604075  258.04331  157   42  259.52530  251.54161  3.08%  15.2 1803s
 1275936 605734  258.02236  178   34  259.52530  251.54450  3.08%  15.2 1809s
 1279178 607095  256.32917  172   29  259.52530  251.54450  3.08%  15.2 1813s
 1281871 607560  254.76393  154   39  259.52530  251.54450  3.08%  15.2 1815s
 1282827 609464  258.80277  157   29  259.52530  251.55254  3.07%  15.2 1821s
 1286972 611000  251.82949  167   36  259.52530  251.55830  3.07%  15.2 1827s
 1290155 612921  254.21290  144   31  259.52530  251.56672  3.07%  15.2 1832s
 1295217 615074     cutoff  155       259.52530  251.57190  3.06%  15.2 1839s
 1299000 616707  256.47242  168   18  259.52530  251.58130  3.06%  15.2 1845s
 1302793 618228     cutoff  148       259.52530  251.58430  3.06%  15.2 1850s
 1307302 620773  256.45053  139   28  259.52530  251.59508  3.06%  15.2 1858s
 1311433 622350     cutoff  147       259.52530  251.60136  3.05%  15.2 1863s
 1314848 624238     cutoff  175       259.52530  251.60487  3.05%  15.1 1869s
 1319122 624719  253.95953  135   31  259.52530  251.61400  3.05%  15.1 1872s
 1320297 626641  257.44167  158   30  259.52530  251.61470  3.05%  15.1 1879s
 1324435 628282  254.47609  171   39  259.52530  251.61868  3.05%  15.1 1883s
 1327747 630007  258.47128  174   33  259.52530  251.62254  3.05%  15.1 1888s
 1331030 630349 infeasible  193       259.52530  251.62254  3.05%  15.1 1890s
 1332560 631539     cutoff  137       259.52530  251.62254  3.05%  15.1 1899s
 1334661 632970  254.89625  159   32  259.52530  251.62254  3.05%  15.1 1904s
 1337786 633533  255.02313  179   23  259.52530  251.63121  3.04%  15.1 1908s
 1339119 636081  259.42130  148   23  259.52530  251.63122  3.04%  15.1 1917s
 1344765 637936  251.70885  168   45  259.52530  251.63180  3.04%  15.1 1923s
 1348779 639681  257.71391  150   33  259.52530  251.63180  3.04%  15.1 1928s
 1352297 641166  256.30247  158   34  259.52530  251.63187  3.04%  15.1 1932s
 1356769 643298  259.02183  144   23  259.52530  251.66854  3.03%  15.1 1941s
 1360680 645118  257.32203  153   37  259.52530  251.67343  3.03%  15.1 1946s
 1364725 646720  254.69589  138   30  259.52530  251.68080  3.02%  15.1 1951s
 1369337 649290  252.17929  159   36  259.52530  251.68566  3.02%  15.1 1959s
 1373900 651145  252.68103  136   33  259.52530  251.69030  3.02%  15.0 1966s
 1377821 653123  257.67285  166   33  259.52530  251.69567  3.02%  15.0 1971s
 1382872 655401     cutoff  170       259.52530  251.70320  3.01%  15.0 1978s
 1386860 657034     cutoff  138       259.52530  251.70680  3.01%  15.0 1983s
 1390332 658696  256.34725  171   35  259.52530  251.70680  3.01%  15.0 1989s
 1394048 659016     cutoff  164       259.52530  251.72060  3.01%  15.0 1991s
 1394962 660760  259.45942  162   30  259.52530  251.72131  3.01%  15.0 1996s
 1398845 662321  259.40709  176   32  259.52530  251.72556  3.01%  15.0 2000s
 1402139 664120     cutoff  185       259.52530  251.72870  3.00%  15.0 2006s
 1407121 670617  254.41580  142   32  259.52530  251.73424  3.00%  15.0 2037s
 1420679 670994  254.27820  135   34  259.52530  251.74886  3.00%  15.0 2042s
 1421622 672968  258.09247  182   23  259.52530  251.74990  3.00%  15.0 2049s
 1425810 674885     cutoff  173       259.52530  251.75518  2.99%  15.0 2054s
 1430117 675286  258.87149  171   25  259.52530  251.76020  2.99%  14.9 2057s
 1431087 676701  257.66639  150   32  259.52530  251.76200  2.99%  14.9 2063s
 1434362 678542  256.26706  154   26  259.52530  251.76350  2.99%  14.9 2068s
 1438609 680451     cutoff  152       259.52530  251.77222  2.99%  14.9 2074s
 1442333 681213 infeasible  153       259.52530  251.77469  2.99%  14.9 2077s
 1443872 683647  258.45600  141   32  259.52530  251.77546  2.99%  14.9 2084s
 1447297 683647  257.04787  134   26  259.52530  251.77957  2.98%  14.9 2085s
 1448758 685586  255.31977  137   21  259.52530  251.78213  2.98%  14.9 2090s
 1454681 687071  256.18380  152   33  259.52530  251.79010  2.98%  14.9 2096s
 1456069 689366  254.83656  156   43  259.52530  251.79200  2.98%  14.9 2101s
 1460837 691271  259.13290  160   30  259.52530  251.79200  2.98%  14.9 2109s
 1465135 693052  253.84946  152   37  259.52530  251.79500  2.98%  14.9 2114s
 1469050 695161  255.61569  142   31  259.52530  251.80355  2.98%  14.9 2120s
 1473327 696465  253.94400  184   26  259.52530  251.80430  2.98%  14.9 2125s
 1477327 698984     cutoff  169       259.52530  251.80996  2.97%  14.9 2132s
 1481505 700778  254.93339  158   33  259.52530  251.81600  2.97%  14.9 2139s
 1485160 702493  255.73443  147   28  259.52530  251.81879  2.97%  14.9 2144s
 1489327 704059  257.83837  167   29  259.52530  251.81961  2.97%  14.9 2149s
 1492760 704488     cutoff  184       259.52530  251.82614  2.97%  14.8 2151s
 1493878 706460  253.08274  171   31  259.52530  251.82791  2.97%  14.8 2158s
 1497797 708383     cutoff  155       259.52530  251.83130  2.96%  14.8 2163s
 1501883 710419  251.84300  135   39  259.52530  251.83280  2.96%  14.8 2169s
 1505315 710419  258.86172  172   21  259.52530  251.83280  2.96%  14.8 2170s
 1507075 712342  257.96768  145   31  259.52530  251.84143  2.96%  14.8 2178s
 1510699 713955 infeasible  163       259.52530  251.84300  2.96%  14.8 2183s
 1514610 714393     cutoff  149       259.52530  251.84661  2.96%  14.8 2185s
 1515927 716403  255.94175  158   37  259.52530  251.84661  2.96%  14.8 2191s
 1520014 718333  259.12070  186   21  259.52530  251.85560  2.96%  14.8 2196s
 1524189 719715  258.65692  163   27  259.52530  251.85970  2.95%  14.8 2202s
 1528510 722205  255.27450  159   35  259.52530  251.86595  2.95%  14.8 2209s
 1532648 724294  255.69970  148   31  259.52530  251.86943  2.95%  14.8 2217s
 1536882 726192     cutoff  141       259.52530  251.87420  2.95%  14.8 2221s
 1540234 727925  258.95902  176   36  259.52530  251.87472  2.95%  14.8 2225s
 1544381 730231     cutoff  183       259.52530  251.87690  2.95%  14.8 2232s
 1548084 732058  257.62417  160   31  259.52530  251.87690  2.95%  14.8 2237s
 1551648 732491  254.39799  146   23  259.52530  251.88263  2.94%  14.8 2240s
 1552631 734443  255.83700  160   29  259.52530  251.88263  2.94%  14.8 2246s
 1556678 736271  259.13010  144   24  259.52530  251.88719  2.94%  14.8 2251s
 1560688 737857  258.06204  160   27  259.52530  251.88862  2.94%  14.7 2256s
 1564102 739385  256.58932  144   41  259.52530  251.89070  2.94%  14.7 2262s
 1568673 742714  254.99850  143   32  259.52530  251.89478  2.94%  14.7 2274s
 1574550 744838  253.11407  167   36  259.52530  251.89972  2.94%  14.7 2280s
 1578936 746474  255.04850  170   32  259.52530  251.90317  2.94%  14.7 2285s
 1583270 748971  258.62298  143   43  259.52530  251.91143  2.93%  14.7 2293s
 1587604 749299  255.32914  177   26  259.52530  251.91708  2.93%  14.7 2295s
 1588721 751287 infeasible  175       259.52530  251.91956  2.93%  14.7 2303s
 1592989 753226  257.92858  161   34  259.52530  251.92220  2.93%  14.7 2309s
 1597313 753489  257.75585  173   18  259.52530  251.92704  2.93%  14.7 2311s
 1598191 755638  251.93006  153   40  259.52530  251.92910  2.93%  14.7 2317s
 1602915 757096  258.60284  173   27  259.52530  251.92910  2.93%  14.7 2323s
 1606295 757420  259.16103  144   21  259.52530  251.93750  2.92%  14.7 2325s
 1607223 758957  256.99544  166   47  259.52530  251.93981  2.92%  14.7 2330s
 1611013 760577  251.95168  146   33  259.52530  251.94590  2.92%  14.7 2336s
 1615875 762797  255.18113  152   33  259.52530  251.94920  2.92%  14.7 2344s
 1620048 764740  255.99738  158   37  259.52530  251.95820  2.92%  14.7 2350s
 1624431 766417  256.96039  157   28  259.52530  251.96360  2.91%  14.7 2358s
 1628094 766848  259.49754  146   36  259.52530  251.96750  2.91%  14.7 2360s
 1629262 769062  258.89210  169   25  259.52530  251.96756  2.91%  14.7 2367s
 1634185 771109  254.99630  133   34  259.52530  251.97290  2.91%  14.7 2373s
 1638742 772846  258.68465  165   34  259.52530  251.97883  2.91%  14.6 2379s
 1642638 773292  257.65564  168   27  259.52530  251.97980  2.91%  14.6 2382s
 1643748 774972  254.55351  219   31  259.52530  251.97980  2.91%  14.6 2387s
 1647480 776863     cutoff  162       259.52530  251.98771  2.90%  14.6 2393s
 1651749 778665  252.39035  144   32  259.52530  251.99170  2.90%  14.6 2399s
 1655815 779527  256.77892  157   37  259.52530  251.99480  2.90%  14.6 2403s
 1658143 781970     cutoff  163       259.52530  251.99963  2.90%  14.6 2413s
 1664005 782265  255.37417  126   19  259.52530  252.00290  2.90%  14.6 2417s
 1665006 784420     cutoff  167       259.52530  252.00708  2.90%  14.6 2424s
 1670074 785484     cutoff  160       259.52530  252.01131  2.90%  14.6 2428s
 1672761 786010  256.27777  184   30  259.52530  252.01731  2.89%  14.6 2431s
 1674221 787956  255.95023  168   25  259.52530  252.01790  2.89%  14.6 2438s
 1678896 789639  252.02561  158   28  259.52530  252.01826  2.89%  14.6 2445s
 1684011 791717  254.09605  164   42  259.52530  252.02921  2.89%  14.6 2453s
 1688457 793478  257.00737  166   35  259.52530  252.03410  2.89%  14.6 2460s
 1692612 794611  253.31899  205   36  259.52530  252.03577  2.89%  14.6 2465s
 1696471 796850     cutoff  159       259.52530  252.04368  2.88%  14.6 2472s
 1700651 798561  254.98778  195   21  259.52530  252.04763  2.88%  14.6 2479s
 1704620 799027  253.05159  161   36  259.52530  252.05030  2.88%  14.6 2481s
 1705713 801001  259.35066  193   16  259.52530  252.05287  2.88%  14.6 2486s
 1709836 802494  259.12951  161   26  259.52530  252.05480  2.88%  14.6 2492s
 1713379 804069  257.04780  146   32  259.52530  252.05839  2.88%  14.6 2499s
 1717021 804635  254.83908  152   41  259.52530  252.06200  2.88%  14.5 2502s
 1718430 806661  258.13486  187   27  259.52530  252.06459  2.87%  14.6 2508s
 1723002 807951 infeasible  188       259.52530  252.07001  2.87%  14.5 2513s
 1726105 808687  256.18038  144   32  259.52530  252.07250  2.87%  14.5 2515s
 1727999 810073  256.45546  169   29  259.52530  252.07370  2.87%  14.5 2521s
 1731832 812067  257.96419  190   31  259.52530  252.07773  2.87%  14.5 2528s
 1735874 812619  257.44385  182   36  259.52530  252.07836  2.87%  14.5 2531s
 1737296 814604  258.11233  152   35  259.52530  252.08090  2.87%  14.5 2538s
 1741753 816146     cutoff  197       259.52530  252.08720  2.87%  14.5 2544s
 1745650 816530 infeasible  170       259.52530  252.09194  2.86%  14.5 2547s
 1746721 818240     cutoff  148       259.52530  252.09320  2.86%  14.5 2553s
 1750828 819933  254.96557  131   32  259.52530  252.09646  2.86%  14.5 2560s
 1756331 821808     cutoff  144       259.52530  252.10340  2.86%  14.5 2569s
 1759602 823507  255.99750  151   33  259.52530  252.10340  2.86%  14.5 2575s
 1764581 825655  255.01618  171   30  259.52530  252.10777  2.86%  14.5 2583s
 1769081 827061  258.57598  139   11  259.52530  252.10777  2.86%  14.5 2589s
 1772644 827410 infeasible  142       259.52530  252.11753  2.85%  14.5 2591s
 1773538 829512  259.02721  153   41  259.52530  252.11753  2.85%  14.5 2597s
 1778237 831153  256.81097  143   31  259.52530  252.12067  2.85%  14.5 2604s
 1782065 831553  253.94040  141   28  259.52530  252.12067  2.85%  14.5 2607s
 1783104 836878  259.23560  161   31  259.52530  252.12546  2.85%  14.5 2633s
 1796659 837136  256.12789  173   35  259.52530  252.13520  2.85%  14.5 2638s
 1797571 838924  256.27685  198   28  259.52530  252.13812  2.85%  14.5 2645s
 1801886 840425  255.27415  158   28  259.52530  252.14377  2.84%  14.5 2651s
 1806875 842384  257.79755  172   30  259.52530  252.15053  2.84%  14.5 2660s
 1811057 843946     cutoff  142       259.52530  252.15468  2.84%  14.5 2667s
 1815080 844578     cutoff  166       259.52530  252.15577  2.84%  14.5 2670s
 1816929 846225     cutoff  180       259.52530  252.16004  2.84%  14.5 2676s
 1822396 848104  256.48137  180   36  259.52530  252.16667  2.84%  14.5 2686s
 1827986 850492  258.77565  165   33  259.52530  252.17153  2.83%  14.5 2696s
 1832901 852410  258.83432  168   37  259.52530  252.17608  2.83%  14.4 2703s
 1837427 852790  257.44210  150   46  259.52530  252.18277  2.83%  14.4 2706s
 1838511 854463  254.16075  165   31  259.52530  252.18277  2.83%  14.4 2712s
 1842805 856077  256.07247  146   37  259.52530  252.18689  2.83%  14.4 2719s
 1846568 857732     cutoff  154       259.52530  252.19070  2.83%  14.4 2725s
 1851445 859436  259.11569  147   29  259.52530  252.19353  2.83%  14.4 2733s
 1855659 860932     cutoff  205       259.52530  252.19927  2.82%  14.4 2740s
 1860282 862718  257.19470  161   35  259.52530  252.20171  2.82%  14.4 2748s
 1864292 864432  253.47607  164   46  259.52530  252.20172  2.82%  14.4 2754s
 1868474 864769     cutoff  143       259.52530  252.20797  2.82%  14.4 2757s
 1869453 866479  256.19237  130   29  259.52530  252.20797  2.82%  14.4 2764s
 1873599 868153     cutoff  150       259.52530  252.21547  2.82%  14.4 2770s
 1878970 869972  255.33480  170   40  259.52530  252.22113  2.81%  14.4 2779s
 1882968 871440  258.10334  178   18  259.52530  252.22659  2.81%  14.4 2785s
 1888011 873047  256.67933  134   21  259.52530  252.23373  2.81%  14.4 2794s
 1891856 874519  254.32489  143   34  259.52530  252.23803  2.81%  14.4 2800s
 1896127 875705  255.04624  190   31  259.52530  252.24108  2.81%  14.4 2805s
 1900665 877338  258.75892  183   25  259.52530  252.24860  2.80%  14.4 2815s
 1906776 880564  255.68399  186   42  259.52530  252.25679  2.80%  14.4 2830s
 1914902 882654  254.39771  159   46  259.52530  252.26656  2.80%  14.4 2841s
 1920697 884887  257.45152  192   20  259.52530  252.27675  2.79%  14.4 2850s
 1925500 886294  258.73070  171   23  259.52530  252.27860  2.79%  14.4 2856s
 1929209 887706  256.32773  171   35  259.52530  252.28758  2.79%  14.4 2863s
 1933097 888127  257.80273  131   22  259.52530  252.29690  2.79%  14.4 2866s
 1934285 889825  259.04840  145   26  259.52530  252.29763  2.78%  14.4 2873s
 1938907 891074  257.34702  145   29  259.52530  252.30277  2.78%  14.3 2877s
 1942089 892354  258.32685  139   28  259.52530  252.30577  2.78%  14.3 2883s
 1945085 892637     cutoff  165       259.52530  252.30862  2.78%  14.3 2885s
 1945959 894100  256.45702  144   28  259.52530  252.31059  2.78%  14.3 2890s
 1949800 895518  256.12865  162   26  259.52530  252.31177  2.78%  14.3 2896s
 1953462 897015  254.66999  156   35  259.52530  252.31949  2.78%  14.3 2902s
 1957942 898991  253.56817  191   25  259.52530  252.32479  2.77%  14.3 2910s
 1961704 900550     cutoff  152       259.52530  252.32771  2.77%  14.3 2915s
 1965562 902374  259.01375  168   26  259.52530  252.33458  2.77%  14.3 2923s
 1969827 902544 infeasible  187       259.52530  252.33860  2.77%  14.3 2925s
 1970732 904295     cutoff  132       259.52530  252.34074  2.77%  14.3 2931s
 1975037 905904     cutoff  150       259.52530  252.34853  2.77%  14.3 2937s
 1979107 906260 infeasible  163       259.52530  252.35300  2.76%  14.3 2940s
 1980033 907672  258.96042  180   18  259.52530  252.35517  2.76%  14.3 2948s
 1983802 909528  259.26797  148   28  259.52530  252.36190  2.76%  14.3 2954s
 1988147 909801  253.41210  139   37  259.52530  252.36662  2.76%  14.3 2956s
 1989144 911376  255.91193  141   24  259.52530  252.37038  2.76%  14.3 2962s
 1993606 912767  254.43470  198   42  259.52530  252.37729  2.75%  14.3 2969s
 1996950 913164  255.88598  129   21  259.52530  252.37797  2.75%  14.3 2973s
 1998216 917458  257.44244  141   30  259.52530  252.38138  2.75%  14.3 2993s
 2009578 919106     cutoff  153       259.52530  252.40327  2.74%  14.3 3002s
 2013542 919478  258.60419  153   26  259.52530  252.40743  2.74%  14.3 3005s
 2014472 921419     cutoff  156       259.52530  252.40743  2.74%  14.3 3011s
 2018910 923050  258.50470  168   20  259.52530  252.41270  2.74%  14.3 3017s
 2022522 924767     cutoff  152       259.52530  252.41360  2.74%  14.3 3023s
 2026331 925206     cutoff  179       259.52530  252.42337  2.74%  14.3 3027s
 2027653 929381  255.46253  152   53  259.52530  252.42585  2.74%  14.3 3044s
 2037384 931255  254.18339  175   29  259.52530  252.42960  2.73%  14.3 3052s
 2041442 931709  256.28138  142   33  259.52530  252.43883  2.73%  14.3 3055s
 2042612 933791  259.39270  140   36  259.52530  252.44073  2.73%  14.3 3062s
 2047090 935633  255.43080  146   38  259.52530  252.44073  2.73%  14.2 3069s
 2051467 937080  252.45183  151   42  259.52530  252.44514  2.73%  14.2 3074s
 2054886 938743  257.47030  160   21  259.52530  252.45730  2.72%  14.2 3080s
 2060080 944144     cutoff  162       259.52530  252.46379  2.72%  14.2 3108s
 2072017 944527     cutoff  164       259.52530  252.47180  2.72%  14.2 3112s
 2073003 946362  255.50407  158   35  259.52530  252.47193  2.72%  14.2 3119s
 2077398 947973  254.45800  144   34  259.52530  252.48353  2.71%  14.2 3125s
 2081359 949460     cutoff  137       259.52530  252.48843  2.71%  14.2 3131s
 2085282 949826 infeasible  160       259.52530  252.49357  2.71%  14.2 3135s
 2086347 951601  258.40484  156   20  259.52530  252.49400  2.71%  14.2 3141s
 2090631 953394  258.60300  151   32  259.52530  252.50114  2.71%  14.2 3148s
 2094995 954849  256.67219  176   28  259.52530  252.50760  2.70%  14.2 3153s
 2098897 955672     cutoff  168       259.52530  252.51131  2.70%  14.2 3158s
 2099781 956384  257.71075  152   34  259.52530  252.51131  2.70%  14.2 3163s
 2101225 957439  256.36542  180   37  259.52530  252.51154  2.70%  14.2 3168s
 2103393 958309 infeasible  157       259.52530  252.51240  2.70%  14.2 3172s
 2105451 959232  259.09888  152   38  259.52530  252.51240  2.70%  14.2 3177s
 2107793 961714  258.26470  160   33  259.52530  252.51240  2.70%  14.2 3187s
 2113178 962997     cutoff  165       259.52530  252.51240  2.70%  14.2 3193s
 2116373 965259  256.54071  129   76  259.52530  252.51240  2.70%  14.2 3201s
 2121890 965614  255.62130  179   24  259.52530  252.52623  2.70%  14.2 3206s
 2123013 971024  254.72788  168   39  259.52530  252.52890  2.70%  14.2 3229s
 2136041 971371  258.08170  152   38  259.52530  252.53840  2.69%  14.2 3234s
 2137101 972928  255.85034  143   39  259.52530  252.54463  2.69%  14.2 3241s
 2140596 974640  255.94127  157   28  259.52530  252.55100  2.69%  14.2 3247s
 2144399 976424  256.18262  159   34  259.52530  252.55250  2.69%  14.2 3255s
 2149561 978714  255.66038  146   31  259.52530  252.55983  2.68%  14.2 3264s
 2153818 980787  257.20624  156   40  259.52530  252.56287  2.68%  14.2 3271s
 2158299 981986 infeasible  178       259.52530  252.56840  2.68%  14.2 3277s
 2161245 983776     cutoff  134       259.52530  252.57256  2.68%  14.2 3283s
 2165074 985497     cutoff  176       259.52530  252.57649  2.68%  14.2 3288s
 2168596 985771  258.49999  161   22  259.52530  252.57958  2.68%  14.2 3291s
 2169612 987312  252.58420  126   35  259.52530  252.57963  2.68%  14.2 3297s
 2173054 988988  256.26967  129   36  259.52530  252.58420  2.67%  14.2 3303s
 2176973 990440  253.54980  151   33  259.52530  252.58735  2.67%  14.2 3309s
 2180060 991123     cutoff  154       259.52530  252.59072  2.67%  14.2 3312s
 2181669 993187     cutoff  171       259.52530  252.59072  2.67%  14.2 3318s
 2185865 995032  254.66161  180   32  259.52530  252.59630  2.67%  14.2 3327s
 2190209 995379  255.08647  158   28  259.52530  252.60123  2.67%  14.1 3330s
 2191224 997051  257.42384  156   21  259.52530  252.60307  2.67%  14.1 3336s
 2195410 998557  258.38045  145   29  259.52530  252.60704  2.67%  14.1 3343s
 2199122 1000183  257.60059  189   40  259.52530  252.61053  2.66%  14.1 3349s
 2202941 1000591  256.61867  159   25  259.52530  252.61350  2.66%  14.1 3352s
 2203955 1002093  257.89990  128   27  259.52530  252.61723  2.66%  14.1 3358s
 2207288 1003714  252.62000  144   33  259.52530  252.62000  2.66%  14.1 3363s
 2210807 1004072  257.72097  137   21  259.52530  252.62040  2.66%  14.1 3365s
 2211526 1005737  254.69540  137   48  259.52530  252.62040  2.66%  14.1 3370s
 2214959 1007164  256.88668  150   37  259.52530  252.62040  2.66%  14.1 3377s
 2218201 1008793  257.58740  139   42  259.52530  252.62040  2.66%  14.2 3382s
 2222529 1010885     cutoff  181       259.52530  252.62438  2.66%  14.2 3392s
 2226231 1013228  256.30080  150   29  259.52530  252.62880  2.66%  14.2 3399s
 2230867 1014909  257.36678  180   35  259.52530  252.62880  2.66%  14.2 3405s
 2235844 1017545  252.64130  143   38  259.52530  252.63547  2.65%  14.2 3417s
 2240586 1019519  255.74029  184   21  259.52530  252.63817  2.65%  14.2 3424s
 2245400 1021276  258.08542  156   28  259.52530  252.64390  2.65%  14.2 3431s
 2249401 1021938  257.07373  143   34  259.52530  252.64931  2.65%  14.1 3435s
 2251206 1023601  255.72020  147   25  259.52530  252.65134  2.65%  14.2 3442s
 2255585 1023992  254.98368  165   28  259.52530  252.65796  2.65%  14.1 3446s
 2256809 1025908  257.68398  165   41  259.52530  252.66093  2.64%  14.1 3454s
 2261238 1027381     cutoff  125       259.52530  252.66480  2.64%  14.1 3460s
 2264925 1029318     cutoff  157       259.52530  252.66643  2.64%  14.1 3467s
 2269329 1030260  256.03978  172   37  259.52530  252.67263  2.64%  14.1 3471s
 2273022 1032462  253.77061  154   30  259.52530  252.67927  2.64%  14.1 3482s
 2277261 1033990  255.57192  192   37  259.52530  252.68250  2.64%  14.1 3489s
 2280880 1035731     cutoff  166       259.52530  252.68253  2.64%  14.1 3495s
 2286249 1038099     cutoff  159       259.52530  252.69123  2.63%  14.1 3504s
 2290581 1039729  258.94476  193   22  259.52530  252.69291  2.63%  14.1 3512s
 2294494 1041201  257.96934  163   25  259.52530  252.69753  2.63%  14.1 3518s
 2298220 1041559  255.74922  157   30  259.52530  252.70087  2.63%  14.1 3521s
 2299086 1043214  257.16604  179   26  259.52530  252.70087  2.63%  14.1 3527s
 2303439 1044532  253.09404  210   31  259.52530  252.70680  2.63%  14.1 3534s
 2307032 1046407  255.69703  165   44  259.52530  252.70860  2.63%  14.1 3542s
 2311687 1046704  255.36855  156   30  259.52530  252.70966  2.63%  14.1 3545s
 2312627 1048506  257.73705  168   23  259.52530  252.70967  2.63%  14.1 3551s
 2316772 1049845  258.15120  191   26  259.52530  252.71408  2.62%  14.1 3558s
 2319912 1051472     cutoff  141       259.52530  252.72063  2.62%  14.1 3564s
 2323819 1051943     cutoff  149       259.52530  252.72377  2.62%  14.1 3566s
 2324828 1053853  257.09266  157   24  259.52530  252.72547  2.62%  14.1 3572s
 2329106 1055343 infeasible  195       259.52530  252.72723  2.62%  14.1 3579s
 2332671 1057033  258.43801  147   29  259.52530  252.73113  2.62%  14.1 3585s
 2337658 1061746  258.91580  147   25  259.52530  252.73353  2.62%  14.1 3608s
 2348370 1063153     cutoff  194       259.52530  252.74193  2.61%  14.1 3617s
 2351748 1064803  253.97997  161   41  259.52530  252.74460  2.61%  14.1 3623s
 2355649 1065141     cutoff  145       259.52530  252.74883  2.61%  14.1 3627s
 2356718 1067058  255.05539  134   42  259.52530  252.75005  2.61%  14.1 3633s
 2361088 1068802  257.66003  157   34  259.52530  252.75335  2.61%  14.1 3641s
 2364912 1070259  257.57199  155   24  259.52530  252.75513  2.61%  14.1 3647s
 2368228 1070634 infeasible  158       259.52530  252.75887  2.61%  14.1 3651s
 2369428 1075664  256.85723  145   35  259.52530  252.75895  2.61%  14.1 3672s
 2381368 1076078     cutoff  208       259.52530  252.76593  2.60%  14.0 3676s
 2382490 1077799  257.85981  184   28  259.52530  252.76610  2.60%  14.0 3685s
 2386541 1079668 infeasible  164       259.52530  252.76980  2.60%  14.0 3691s
 2390776 1081540  254.42674  205   42  259.52530  252.77490  2.60%  14.0 3697s
 2394754 1081955     cutoff  159       259.52530  252.77703  2.60%  14.0 3700s
 2395786 1083578  257.39552  180   41  259.52530  252.77703  2.60%  14.0 3708s
 2399440 1085577     cutoff  184       259.52530  252.78120  2.60%  14.0 3716s
 2403581 1087049  256.35779  161   22  259.52530  252.78180  2.60%  14.0 3721s
 2408333 1089222  257.76133  198   25  259.52530  252.78573  2.60%  14.0 3731s
 2412684 1090496  256.14090  143   29  259.52530  252.78827  2.60%  14.0 3738s
 2416013 1090898     cutoff  181       259.52530  252.78961  2.60%  14.0 3741s
 2417107 1092925  256.95989  184   37  259.52530  252.79143  2.59%  14.0 3748s
 2421746 1094599     cutoff  152       259.52530  252.79490  2.59%  14.0 3754s
 2425441 1096332 infeasible  162       259.52530  252.79531  2.59%  14.0 3761s
 2429006 1098431  259.46880  153   44  259.52530  252.79860  2.59%  14.0 3769s
 2433623 1098762     cutoff  160       259.52530  252.80160  2.59%  14.0 3771s
 2434583 1100501  257.71911  158   19  259.52530  252.80160  2.59%  14.0 3778s
 2438817 1102165  255.04240  173   40  259.52530  252.80520  2.59%  14.0 3784s
 2442283 1103750  256.04849  149   33  259.52530  252.80610  2.59%  14.0 3790s
 2446905 1105913  257.48600  145   34  259.52530  252.80880  2.59%  14.0 3800s
 2450835 1107430  255.90110  151   30  259.52530  252.81150  2.59%  14.0 3806s
 2454811 1109119  256.78507  166   36  259.52530  252.81363  2.59%  14.0 3812s
 2458511 1111236  258.14678  163   23  259.52530  252.81667  2.58%  14.0 3819s
 2463164 1111464  255.36562  140   31  259.52530  252.81785  2.58%  14.0 3823s
 2463952 1113030  258.05081  186   28  259.52530  252.81785  2.58%  14.0 3830s
 2467674 1114437  253.96330  147   27  259.52530  252.82391  2.58%  14.0 3836s
 2472335 1116753  256.86007  158   37  259.52530  252.82612  2.58%  14.0 3845s
 2476656 1118121     cutoff  158       259.52530  252.82709  2.58%  14.0 3852s
 2480311 1119415     cutoff  174       259.52530  252.83309  2.58%  14.0 3858s
 2483720 1119776     cutoff  155       259.52530  252.83490  2.58%  14.0 3861s
 2484869 1121651  256.95130  137   34  259.52530  252.83640  2.58%  14.0 3867s
 2489099 1123480  257.49008  168   36  259.52530  252.83760  2.58%  14.0 3875s
 2493530 1124825 infeasible  183       259.52530  252.84004  2.58%  14.0 3881s
 2497602 1126685  252.85688  125   45  259.52530  252.84450  2.57%  14.0 3889s
 2501126 1128472  258.71619  176   22  259.52530  252.84540  2.57%  14.0 3896s
 2505392 1129944  257.65220  164   26  259.52530  252.84897  2.57%  13.9 3903s
 2508659 1131430  258.90123  177   30  259.52530  252.85170  2.57%  13.9 3908s
 2511965 1131718  258.12860  140   29  259.52530  252.85170  2.57%  13.9 3911s
 2513018 1133864  256.92943  155   35  259.52530  252.85327  2.57%  13.9 3917s
 2517572 1135472  254.14676  181   34  259.52530  252.85650  2.57%  13.9 3924s
 2520701 1136050     cutoff  183       259.52530  252.85700  2.57%  13.9 3928s
 2522042 1140914  255.95190  157   36  259.52530  252.85860  2.57%  13.9 3945s
 2532909 1142707  253.68639  158   25  259.52530  252.86229  2.57%  13.9 3954s
 2536960 1142979  259.26573  195   27  259.52530  252.86821  2.57%  13.9 3957s
 2538088 1144798     cutoff  198       259.52530  252.86887  2.56%  13.9 3963s
 2542012 1146490     cutoff  185       259.52530  252.86910  2.56%  13.9 3971s
 2546214 1147897  258.91322  148   31  259.52530  252.87255  2.56%  13.9 3976s
 2549805 1148246  253.92484  176   26  259.52530  252.87630  2.56%  13.9 3980s
 2550986 1152964  255.53746  133   34  259.52530  252.87787  2.56%  13.9 4003s
 2562554 1153816  254.28543  139   29  259.52530  252.88383  2.56%  13.9 4009s
 2564869 1154668 infeasible  188       259.52530  252.88515  2.56%  13.9 4013s
 2567282 1156714  255.43110  157   31  259.52530  252.89035  2.56%  13.9 4020s
 2572288 1158418  253.05990  178   47  259.52530  252.89226  2.56%  13.9 4027s
 2576234 1158754     cutoff  183       259.52530  252.89663  2.55%  13.9 4031s
 2577435 1160652  258.89342  148   29  259.52530  252.89700  2.55%  13.9 4039s
 2581935 1162350  254.97702  165   39  259.52530  252.89700  2.55%  13.9 4046s
 2586093 1163849 infeasible  154       259.52530  252.90399  2.55%  13.9 4052s
 2589876 1164133     cutoff  196       259.52530  252.90399  2.55%  13.9 4055s
 2590827 1165334  257.31113  157   30  259.52530  252.90697  2.55%  13.9 4062s
 2594170 1166498  258.96920  148   24  259.52530  252.90960  2.55%  13.9 4069s
 2597511 1167236  255.53284  143   18  259.52530  252.90963  2.55%  13.9 4073s
 2599499 1168654  255.63282  182   37  259.52530  252.91314  2.55%  13.9 4079s
 2603602 1169005  257.76444  172   31  259.52530  252.91800  2.55%  13.9 4082s
 2604744 1170826  252.94305  164   37  259.52530  252.91800  2.55%  13.9 4090s
 2608981 1172241  259.51785  171   22  259.52530  252.92237  2.54%  13.9 4098s
 2612941 1173077  256.91729  212   36  259.52530  252.92621  2.54%  13.9 4102s
 2615190 1175477     cutoff  158       259.52530  252.92856  2.54%  13.9 4112s
 2621448 1175975  257.89200  159   25  259.52530  252.93093  2.54%  13.9 4116s
 2622847 1177868 infeasible  177       259.52530  252.93392  2.54%  13.9 4124s
 2627787 1179145  256.88928  149   21  259.52530  252.93918  2.54%  13.9 4132s
 2631528 1179421  258.20380  144   31  259.52530  252.94135  2.54%  13.9 4135s
 2632658 1180994  254.08192  199   39  259.52530  252.94294  2.54%  13.9 4141s
 2636808 1182988  256.15872  146   23  259.52530  252.94716  2.53%  13.9 4149s
 2641324 1183335     cutoff  175       259.52530  252.94910  2.53%  13.9 4152s
 2642352 1184676  255.60134  140   27  259.52530  252.94910  2.53%  13.9 4159s
 2646167 1186168  258.42432  165   28  259.52530  252.95370  2.53%  13.9 4166s
 2649628 1187917     cutoff  167       259.52530  252.95650  2.53%  13.9 4173s
 2653710 1188176  258.66062  158   19  259.52530  252.95866  2.53%  13.9 4176s
 2654696 1189569  256.79725  138   22  259.52530  252.95963  2.53%  13.9 4182s
 2658441 1191156  259.37822  182   22  259.52530  252.96316  2.53%  13.9 4190s
 2663143 1193012  257.95337  146   28  259.52530  252.96517  2.53%  13.9 4200s
 2667496 1194701  259.25059  148   29  259.52530  252.97000  2.53%  13.9 4205s
 2671303 1195183  257.15050  162   37  259.52530  252.97110  2.53%  13.9 4210s
 2672576 1199415  257.37717  144   32  259.52530  252.97260  2.52%  13.9 4230s
 2683372 1200895  256.12530  155   29  259.52530  252.97836  2.52%  13.8 4239s
 2687319 1201228  254.00523  193   35  259.52530  252.98148  2.52%  13.8 4242s
 2688501 1202926  258.06050  148   37  259.52530  252.98481  2.52%  13.8 4249s
 2693049 1204539     cutoff  173       259.52530  252.98709  2.52%  13.8 4256s
 2697015 1205951  258.25355  145   30  259.52530  252.98889  2.52%  13.8 4262s
 2700650 1207403  256.18768  120   29  259.52530  252.99130  2.52%  13.8 4269s
 2704597 1207633  254.23389  150   36  259.52530  252.99390  2.52%  13.8 4272s
 2705680 1209454  257.01711  163   39  259.52530  252.99424  2.52%  13.8 4280s
 2710161 1210400  256.06942  173   23  259.52530  252.99780  2.52%  13.8 4285s
 2713811 1212528  255.95396  143   58  259.52530  253.00080  2.51%  13.8 4298s
 2717967 1214398  253.44840  161   37  259.52530  253.00241  2.51%  13.8 4306s
 2722654 1216026  256.94723  192   28  259.52530  253.00590  2.51%  13.8 4312s
 2726925 1217712     cutoff  160       259.52530  253.00845  2.51%  13.8 4318s
 2730794 1218042  253.70056  138   38  259.52530  253.00845  2.51%  13.8 4323s
 2731773 1218781  258.73186  154   44  259.52530  253.01158  2.51%  13.8 4344s
 2733596 1219811  255.99088  153   34  259.52530  253.01195  2.51%  13.8 4358s
 2737148 1227171  254.08733  172   37  259.52530  253.01338  2.51%  13.8 4403s
 2755115 1229373  256.34663  197   32  259.52530  253.02360  2.51%  13.8 4415s
 2760688 1229706     cutoff  124       259.52530  253.02360  2.51%  13.8 4420s
 2761562 1236390  258.98190  139   31  259.52530  253.02710  2.50%  13.8 4450s
 2777403 1236660     cutoff  161       259.52530  253.03151  2.50%  13.8 4456s
 2778390 1238358  259.38632  176   15  259.52530  253.03200  2.50%  13.8 4463s
 2782664 1238677     cutoff  164       259.52530  253.03653  2.50%  13.8 4466s
 2783775 1240149     cutoff  143       259.52530  253.04099  2.50%  13.8 4473s
 2787690 1241705  257.55822  183   28  259.52530  253.04375  2.50%  13.8 4480s
 2792892 1246572  255.03881  130   19  259.52530  253.04760  2.50%  13.8 4507s
 2804374 1246879 infeasible  172       259.52530  253.05097  2.49%  13.8 4512s
 2805490 1248766  256.61022  176   37  259.52530  253.05150  2.49%  13.8 4520s
 2810285 1250250     cutoff  176       259.52530  253.05257  2.49%  13.8 4526s
 2815263 1252339     cutoff  165       259.52530  253.05791  2.49%  13.8 4536s
 2819879 1253829  257.35899  185   25  259.52530  253.06073  2.49%  13.8 4543s
 2823640 1255295  256.47540  153   29  259.52530  253.06350  2.49%  13.8 4550s
 2828552 1257942  257.58730  135   27  259.52530  253.06520  2.49%  13.8 4561s
 2833446 1259740  259.08702  136   37  259.52530  253.06850  2.49%  13.8 4568s
 2837736 1261101  255.82147  169   25  259.52530  253.06860  2.49%  13.8 4576s
 2841435 1261359 infeasible  178       259.52530  253.07218  2.49%  13.8 4580s
 2842375 1262870  259.02600  149   32  259.52530  253.07270  2.49%  13.8 4587s
 2846260 1264467  256.28197  182   28  259.52530  253.07400  2.49%  13.8 4593s
 2850160 1264772     cutoff  141       259.52530  253.07640  2.48%  13.8 4597s
 2851168 1266370  257.72191  146   41  259.52530  253.07760  2.48%  13.8 4604s
 2855074 1268002  259.50518  136   27  259.52530  253.07838  2.48%  13.8 4612s
 2859490 1269116  256.13132  186   26  259.52530  253.07986  2.48%  13.8 4618s
 2862425 1269407  258.73339  174   19  259.52530  253.08366  2.48%  13.8 4620s
 2863308 1270784  254.09551  159   32  259.52530  253.08428  2.48%  13.8 4627s
 2866951 1271813  256.32690  153   29  259.52530  253.08510  2.48%  13.8 4633s
 2869738 1273158  256.90038  188   30  259.52530  253.08526  2.48%  13.8 4639s
H2872086 1273158                     259.5252998  253.08590  2.48%  13.8 4640s
 2873024 1273320  254.92281  167   33  259.52530  253.08685  2.48%  13.8 4645s
 2874031 1273574  256.22784  121   26  259.52530  253.08840  2.48%  13.8 4650s
 2875447 1274713  257.90004  173   28  259.52530  253.08857  2.48%  13.8 4657s
 2879311 1274977 infeasible  166       259.52530  253.09127  2.48%  13.8 4665s
 2880759 1276212 infeasible  165       259.52530  253.09500  2.48%  13.8 4675s
 2885161 1276493     cutoff  188       259.52530  253.09886  2.48%  13.8 4680s
 2886610 1279184     cutoff  156       259.52530  253.09911  2.48%  13.8 4696s
 2894868 1279412  257.38124  137   27  259.52530  253.10520  2.47%  13.8 4702s
 2896519 1279783     cutoff  143       259.52530  253.10521  2.47%  13.8 4707s
 2898167 1280956  255.33170  143   41  259.52530  253.10803  2.47%  13.8 4718s
 2902695 1281397  258.34676  150   29  259.52530  253.11200  2.47%  13.8 4723s
 2904567 1283056  257.27029  168   40  259.52530  253.11380  2.47%  13.8 4734s
 2909094 1283679  256.52877  168   35  259.52530  253.11486  2.47%  13.8 4740s
 2911511 1284912     cutoff  170       259.52530  253.11723  2.47%  13.8 4750s
 2915669 1285305 infeasible  161       259.52530  253.12087  2.47%  13.8 4755s
 2917154 1287565     cutoff  185       259.52530  253.12249  2.47%  13.8 4772s
 2925104 1288005  253.13029  173   31  259.52530  253.12433  2.47%  13.8 4778s
 2926786 1288313  257.55340  147   30  259.52530  253.12733  2.47%  13.8 4785s
 2928463 1289440     cutoff  170       259.52530  253.13078  2.46%  13.8 4794s
 2933236 1289870  257.41393  171   29  259.52530  253.13237  2.46%  13.8 4800s
 2934916 1291273  254.97128  207   40  259.52530  253.13367  2.46%  13.8 4808s
 2939437 1292600  258.80153  166   31  259.52530  253.13670  2.46%  13.8 4818s
 2943665 1293055     cutoff  179       259.52530  253.13790  2.46%  13.8 4822s
 2945262 1294276     cutoff  145       259.52530  253.13790  2.46%  13.8 4829s
 2948801 1295102  258.01098  146   23  259.52530  253.14210  2.46%  13.8 4836s
 2951512 1296133 infeasible  150       259.52530  253.14623  2.46%  13.8 4843s
 2954544 1296552  255.58230  144   27  259.52530  253.14633  2.46%  13.8 4848s
 2956225 1297837  258.18320  151   36  259.52530  253.14633  2.46%  13.8 4856s
 2960423 1299062  258.18379  165   25  259.52530  253.15053  2.46%  13.8 4865s
 2964739 1299355     cutoff  192       259.52530  253.15447  2.45%  13.8 4870s
 2966376 1300624  254.71891  183   34  259.52530  253.15651  2.45%  13.8 4880s
 2970558 1300854     cutoff  179       259.52530  253.15911  2.45%  13.8 4886s
 2971757 1302099  253.16527  141   36  259.52530  253.16010  2.45%  13.8 4894s
 2976171 1302378     cutoff  185       259.52530  253.16236  2.45%  13.8 4899s
 2977491 1304598  257.92586  185   27  259.52530  253.16236  2.45%  13.8 4918s
 2985720 1305004  255.36091  146   30  259.52530  253.16241  2.45%  13.8 4923s
 2987293 1306361  256.22220  156   34  259.52530  253.17130  2.45%  13.8 4932s
 2991750 1306711  258.39163  150   33  259.52530  253.17360  2.45%  13.8 4938s
 2993212 1308308  257.25781  142   59  259.52530  253.17574  2.45%  13.8 4947s
 2998012 1308662     cutoff  186       259.52530  253.17813  2.45%  13.8 4953s
 2999617 1310198  257.23900  148   32  259.52530  253.18127  2.44%  13.8 4962s
 3004324 1311479     cutoff  169       259.52530  253.18351  2.44%  13.8 4972s
 3008513 1311854  254.85173  176   16  259.52530  253.18740  2.44%  13.8 4977s
 3009851 1314329 infeasible  147       259.52530  253.19113  2.44%  13.8 4995s
 3018236 1314612     cutoff  195       259.52530  253.19113  2.44%  13.8 5002s
 3019512 1314961     cutoff  128       259.52530  253.19269  2.44%  13.8 5008s
 3021457 1316396  258.72694  161   35  259.52530  253.19270  2.44%  13.8 5019s
 3026387 1317523     cutoff  174       259.52530  253.19346  2.44%  13.8 5028s
 3030415 1317864  256.10226  139   29  259.52530  253.19367  2.44%  13.8 5032s
 3032141 1319199  255.39615  135   31  259.52530  253.20750  2.43%  13.8 5042s
 3037013 1319440  258.01405  160   20  259.52530  253.21135  2.43%  13.8 5048s
 3038711 1320182  256.89642  170   28  259.52530  253.21597  2.43%  13.8 5057s
 3041663 1320597     cutoff  141       259.52530  253.21769  2.43%  13.8 5063s
 3043976 1321762     cutoff  181       259.52530  253.22010  2.43%  13.8 5072s
 3048626 1322119     cutoff  188       259.52530  253.22278  2.43%  13.8 5079s
 3050498 1323405  258.55633  145   30  259.52530  253.22720  2.43%  13.8 5088s
 3055241 1323793  258.13173  151   30  259.52530  253.22973  2.43%  13.8 5094s
 3056960 1324996  259.45687  157   30  259.52530  253.23420  2.42%  13.8 5104s
 3060940 1325442     cutoff  151       259.52530  253.23450  2.42%  13.8 5110s
 3062891 1326657  254.81750  150   30  259.52530  253.23487  2.42%  13.8 5119s
 3067834 1327545  257.43578  150   44  259.52530  253.24113  2.42%  13.8 5129s
 3071383 1327762  253.80973  194   25  259.52530  253.24650  2.42%  13.8 5134s
 3072925 1328947  253.67290  131   25  259.52530  253.24966  2.42%  13.8 5142s
 3077320 1329142 infeasible  138       259.52530  253.25467  2.42%  13.8 5147s
 3079134 1329441  253.25954  147   36  259.52530  253.25800  2.41%  13.9 5154s
 3080751 1330590  257.65331  152   27  259.52530  253.25927  2.41%  13.9 5165s
 3085425 1330804 infeasible  159       259.52530  253.26513  2.41%  13.9 5171s
 3087228 1332205  255.29296  152   39  259.52530  253.26901  2.41%  13.9 5180s
 3092449 1332448  258.52544  150   25  259.52530  253.27474  2.41%  13.9 5186s
 3094163 1333572  257.40837  165   23  259.52530  253.27738  2.41%  13.9 5196s
 3098569 1333773  256.37617  181   31  259.52530  253.28230  2.41%  13.9 5201s
 3099961 1334395  254.95870  145   29  259.52530  253.28541  2.40%  13.9 5212s
 3103070 1337089  256.00321  176   33  259.52530  253.28700  2.40%  13.9 5232s
 3111852 1337489  256.32693  167   30  259.52530  253.29374  2.40%  13.9 5239s
 3113873 1338930     cutoff  145       259.52530  253.29677  2.40%  13.9 5249s
 3119074 1339146  258.44460  136   29  259.52530  253.29913  2.40%  13.9 5256s
 3120636 1340946  257.42618  154   42  259.52530  253.29913  2.40%  13.9 5266s
 3125917 1340947  256.80832  129   31  259.52530  253.29913  2.40%  13.9 5271s
 3125976 1340969  257.85193  130   26  259.52530  253.29913  2.40%  13.9 5278s
H3125997 1340969                     259.5252995  253.29913  2.40%  13.9 5278s
 3126018 1340988  257.85193  131   26  259.52530  253.29913  2.40%  13.9 5285s
H3126022 1340988                     259.5252993  253.29913  2.40%  13.9 5285s
H3126100 1340988                     259.5252991  253.29913  2.40%  13.9 5285s
 3126156 1341014     cutoff  132       259.52530  253.29913  2.40%  13.9 5293s
 3126432 1341094  257.87218  133   26  259.52530  253.29913  2.40%  13.9 5302s
 3126804 1341274  257.87221  134   28  259.52530  253.30493  2.40%  13.9 5309s
 3127719 1341368  254.74107  143   36  259.52530  253.30653  2.40%  13.9 5317s
 3128067 1343975  256.62552  151   46  259.52530  253.30718  2.40%  13.9 5371s
 3141902 1346082     cutoff  149       259.52530  253.31095  2.39%  13.9 5392s
H3144006 1346082                     259.5252990  253.31160  2.39%  13.9 5393s
 3149502 1346685  257.48534  170   38  259.52530  253.31580  2.39%  13.9 5410s
 3152310 1348243  254.35001  185   27  259.52530  253.31580  2.39%  13.9 5424s
 3158248 1349190  257.98077  156   33  259.52530  253.33818  2.38%  13.9 5434s
 3161492 1349417  254.08519  134   24  259.52530  253.34100  2.38%  13.9 5440s
 3163155 1350625  257.23662  175   24  259.52530  253.34565  2.38%  13.9 5451s
 3168077 1350777 infeasible  185       259.52530  253.35173  2.38%  13.9 5459s
 3169640 1350951  259.06620  138   16  259.52530  253.35481  2.38%  13.9 5465s
 3171467 1352058 infeasible  159       259.52530  253.35804  2.38%  13.9 5477s
 3176283 1352367 infeasible  190       259.52530  253.36110  2.38%  13.9 5485s
 3177977 1353474     cutoff  169       259.52530  253.36577  2.37%  13.9 5496s
 3182872 1353784     cutoff  176       259.52530  253.36860  2.37%  13.9 5503s
 3184883 1354060 infeasible  170       259.52530  253.37163  2.37%  13.9 5510s
 3186923 1355299 infeasible  179       259.52530  253.37487  2.37%  13.9 5521s
 3191887 1355428     cutoff  177       259.52530  253.37680  2.37%  13.9 5529s
 3193077 1356748  255.69230  153   29  259.52530  253.38210  2.37%  13.9 5550s
 3199653 1357078 infeasible  144       259.52530  253.38430  2.37%  13.9 5559s
 3202092 1358530 infeasible  150       259.52530  253.38510  2.37%  13.9 5576s
 3208472 1358929     cutoff  190       259.52530  253.39402  2.36%  13.9 5583s
 3210681 1359701  259.35043  141   27  259.52530  253.39740  2.36%  13.9 5592s
 3213842 1360119  258.90540  150   22  259.52530  253.39933  2.36%  13.9 5600s
 3216306 1361487  256.47982  151   24  259.52530  253.39943  2.36%  13.9 5616s
 3221965 1361936     cutoff  187       259.52530  253.40520  2.36%  13.9 5622s
 3223626 1363689     cutoff  136       259.52530  253.40848  2.36%  13.9 5639s
 3230612 1364012     cutoff  142       259.52530  253.41220  2.36%  13.9 5647s
 3232260 1365078 infeasible  173       259.52530  253.41352  2.35%  13.9 5660s
 3236972 1365270     cutoff  145       259.52530  253.42007  2.35%  13.9 5666s
 3238718 1366371  256.73634  134   31  259.52530  253.42100  2.35%  13.9 5676s
 3243311 1366818  256.74237  189   37  259.52530  253.42600  2.35%  13.9 5683s
 3245041 1367790 infeasible  155       259.52530  253.42727  2.35%  13.9 5693s
 3249517 1368768  256.79203  142   32  259.52530  253.43072  2.35%  13.9 5704s
 3253580 1369109  255.40833  146   31  259.52530  253.43477  2.35%  13.9 5710s
 3254791 1371531  257.95002  180   26  259.52530  253.43550  2.35%  13.9 5739s
 3264667 1371710     cutoff  151       259.52530  253.44067  2.34%  13.9 5746s
 3266398 1372023  257.91020  140   36  259.52530  253.44240  2.34%  13.9 5753s
 3268247 1373197     cutoff  153       259.52530  253.44880  2.34%  13.9 5764s
 3272820 1373354  258.17766  187   26  259.52530  253.45180  2.34%  13.9 5772s
 3274454 1374160  258.92883  147   27  259.52530  253.45180  2.34%  13.9 5780s
 3277787 1374452  257.42832  135   29  259.52530  253.45842  2.34%  13.9 5787s
 3279613 1375590  256.64238  141   32  259.52530  253.46080  2.34%  13.9 5800s
 3284819 1376684  256.55019  153   28  259.52530  253.46339  2.34%  13.9 5810s
 3288464 1376893 infeasible  199       259.52530  253.47070  2.33%  13.9 5815s
 3289932 1377966     cutoff  151       259.52530  253.47150  2.33%  13.9 5825s
 3294170 1378147  255.66604  138   25  259.52530  253.47513  2.33%  13.9 5832s
 3295578 1379072  255.45028  160   40  259.52530  253.47623  2.33%  13.9 5842s
 3300014 1379264  257.97587  164   32  259.52530  253.47661  2.33%  13.9 5849s
 3301719 1380407     cutoff  152       259.52530  253.48120  2.33%  13.9 5861s
 3306328 1380692  256.53360  141   30  259.52530  253.48500  2.33%  13.9 5867s
 3308068 1381647  255.47190  144   34  259.52530  253.48750  2.33%  13.9 5876s
 3312256 1382894 infeasible  168       259.52530  253.48750  2.33%  13.9 5886s
 3316679 1383048  257.20393  157   36  259.52530  253.49320  2.32%  13.9 5893s
 3317829 1383840  256.96684  144   54  259.52530  253.49320  2.32%  13.9 5909s
 3322338 1385936     cutoff  191       259.52530  253.49957  2.32%  13.9 5932s
 3330938 1387192     cutoff  146       259.52530  253.50735  2.32%  13.9 5947s
 3335566 1387582 infeasible  168       259.52530  253.50970  2.32%  13.9 5954s
 3337108 1389025  257.07213  157   35  259.52530  253.51413  2.32%  13.9 5965s
 3342340 1389303     cutoff  163       259.52530  253.51690  2.32%  13.9 5971s
 3343948 1390522  257.49807  151   29  259.52530  253.51860  2.31%  13.9 5983s
 3348470 1391555     cutoff  189       259.52530  253.52340  2.31%  13.9 5992s
 3352038 1391830  256.48268  170   26  259.52530  253.52387  2.31%  13.9 5997s
 3353451 1392984  257.22431  189   36  259.52530  253.52620  2.31%  13.9 6007s
 3357804 1393332  256.45411  172   40  259.52530  253.52738  2.31%  13.9 6013s
 3359317 1394690  257.37790  154   46  259.52530  253.53090  2.31%  13.9 6023s
 3363909 1395869  258.75835  145   24  259.52530  253.53379  2.31%  13.9 6034s
 3367935 1396164  258.06001  168   35  259.52530  253.53703  2.31%  13.9 6040s
 3369216 1397201  256.76946  154   38  259.52530  253.53704  2.31%  13.9 6049s
 3373357 1398201  259.01651  138   43  259.52530  253.54146  2.31%  13.9 6060s
 3377269 1398465     cutoff  149       259.52530  253.54441  2.30%  13.9 6065s
 3378959 1399472  259.14517  159   21  259.52530  253.54450  2.30%  13.9 6074s
 3382680 1399739  256.97212  150   29  259.52530  253.54870  2.30%  13.9 6080s
 3383791 1400807     cutoff  149       259.52530  253.55063  2.30%  14.0 6092s
 3387991 1401193  256.20768  136   36  259.52530  253.55297  2.30%  13.9 6098s
 3389712 1402220  256.76608  185   26  259.52530  253.55302  2.30%  14.0 6107s
 3394206 1403570  256.64977  154   25  259.52530  253.55650  2.30%  14.0 6118s
 3398550 1403681     cutoff  167       259.52530  253.55650  2.30%  13.9 6123s
 3400096 1404911  258.92504  138   31  259.52530  253.56271  2.30%  14.0 6133s
 3404448 1405305  253.56880  177   37  259.52530  253.56450  2.30%  13.9 6141s
 3405744 1406334  258.83523  136   22  259.52530  253.56643  2.30%  14.0 6153s
 3409781 1406620     cutoff  201       259.52530  253.56670  2.30%  13.9 6158s
 3411424 1408612     cutoff  169       259.52530  253.56670  2.30%  14.0 6178s
 3419351 1408914     cutoff  177       259.52530  253.57260  2.29%  13.9 6185s
 3420826 1410186  256.68041  144   26  259.52530  253.57642  2.29%  14.0 6195s
 3424971 1411101     cutoff  146       259.52530  253.57900  2.29%  14.0 6204s
 3428530 1411350  257.16908  172   25  259.52530  253.58327  2.29%  14.0 6211s
 3430022 1411665  258.73869  140   24  259.52530  253.58332  2.29%  14.0 6217s
 3431803 1412990 infeasible  133       259.52530  253.58610  2.29%  14.0 6230s
 3436606 1413852  259.08720  141   22  259.52530  253.58740  2.29%  14.0 6238s
 3439668 1414115  258.52021  152   27  259.52530  253.58740  2.29%  14.0 6243s
 3441193 1416305  258.48504  143   30  259.52530  253.58740  2.29%  14.0 6264s
 3449403 1416558     cutoff  166       259.52530  253.59480  2.29%  14.0 6272s
 3450726 1417775  258.23820  203   36  259.52530  253.60037  2.28%  14.0 6284s
 3455176 1418063 infeasible  135       259.52530  253.60157  2.28%  14.0 6290s
 3456923 1419285  258.15280  141   31  259.52530  253.60189  2.28%  14.0 6301s
 3461542 1419549  253.63398  164   48  259.52530  253.60860  2.28%  14.0 6308s
 3463118 1420615     cutoff  145       259.52530  253.61042  2.28%  14.0 6318s
 3467667 1420834  254.96969  205   32  259.52530  253.61420  2.28%  14.0 6326s
 3469177 1421945  256.09972  200   20  259.52530  253.61460  2.28%  14.0 6337s
 3472869 1422254  256.88372  141   30  259.52530  253.61830  2.28%  14.0 6342s
 3474441 1423232     cutoff  187       259.52530  253.61920  2.28%  14.0 6351s
 3478571 1423510  255.46014  140   29  259.52530  253.62330  2.27%  14.0 6356s
 3480141 1424744 infeasible  143       259.52530  253.62390  2.27%  14.0 6368s
 3484694 1424994     cutoff  151       259.52530  253.62474  2.27%  14.0 6373s
 3486270 1426335     cutoff  140       259.52530  253.62937  2.27%  14.0 6384s
 3491063 1426642  255.72914  146   36  259.52530  253.63180  2.27%  14.0 6392s
 3492412 1427950  257.63468  179   34  259.52530  253.63298  2.27%  14.0 6402s
 3496592 1428315  255.46593  122   31  259.52530  253.63662  2.27%  14.0 6408s
 3498394 1429376  255.73742  151   31  259.52530  253.63750  2.27%  14.0 6420s
 3502017 1430676     cutoff  148       259.52530  253.63870  2.27%  14.0 6428s
 3505872 1431066  256.28950  131   38  259.52530  253.63960  2.27%  14.0 6433s
 3507156 1432139  256.55665  144   33  259.52530  253.64023  2.27%  14.0 6441s
 3511190 1432891     cutoff  140       259.52530  253.64380  2.27%  14.0 6452s
 3514413 1433169  258.31742  144   28  259.52530  253.64646  2.27%  14.0 6458s
 3515917 1434311     cutoff  132       259.52530  253.64790  2.26%  14.0 6467s
 3520133 1435236  256.83006  157   38  259.52530  253.64878  2.26%  14.0 6476s
 3523579 1435602     cutoff  182       259.52530  253.65161  2.26%  14.0 6480s
 3524975 1436536     cutoff  152       259.52530  253.65250  2.26%  14.0 6489s
 3528996 1437842  257.79837  139   30  259.52530  253.65423  2.26%  14.0 6500s
 3532762 1438274     cutoff  190       259.52530  253.65582  2.26%  14.0 6505s
 3533884 1439495     cutoff  135       259.52530  253.65582  2.26%  14.0 6514s
 3538181 1440618 infeasible  172       259.52530  253.65760  2.26%  14.0 6523s
 3542130 1440917 infeasible  174       259.52530  253.66137  2.26%  14.0 6529s
 3543678 1442071  256.07780  144   34  259.52530  253.66437  2.26%  14.0 6538s
 3547478 1442427     cutoff  177       259.52530  253.66680  2.26%  14.0 6543s
 3548940 1442731  256.75486  155   40  259.52530  253.66680  2.26%  14.0 6549s
 3550758 1444135  255.77835  154   22  259.52530  253.66810  2.26%  14.0 6560s
 3555643 1444330  255.58713  140   25  259.52530  253.67074  2.26%  14.0 6569s
 3557401 1445438  255.91542  166   40  259.52530  253.67233  2.26%  14.0 6581s
 3562130 1445712     cutoff  163       259.52530  253.67617  2.25%  14.0 6587s
 3563696 1447897  258.41577  151   18  259.52530  253.67698  2.25%  14.0 6607s
 3571928 1448112 infeasible  170       259.52530  253.67939  2.25%  14.0 6614s
 3573489 1448421     cutoff  146       259.52530  253.68422  2.25%  14.0 6620s
 3575214 1449258  257.91425  174   41  259.52530  253.68629  2.25%  14.0 6634s
 3579095 1450416  253.69930  148   38  259.52530  253.68853  2.25%  14.0 6644s
 3583957 1450665 infeasible  168       259.52530  253.69172  2.25%  14.0 6651s
 3585779 1452070  254.58224  136   39  259.52530  253.69213  2.25%  14.0 6662s
 3590318 1452333  256.91027  153   37  259.52530  253.69648  2.25%  14.0 6668s
 3592049 1453436  258.12559  129   29  259.52530  253.69937  2.24%  14.0 6679s
 3595743 1453621     cutoff  131       259.52530  253.70100  2.24%  14.0 6685s
 3597025 1454436  254.51176  182   28  259.52530  253.70176  2.24%  14.0 6693s
 3600171 1454867 infeasible  170       259.52530  253.70380  2.24%  14.0 6701s
 3602229 1456243     cutoff  172       259.52530  253.70593  2.24%  14.0 6713s
 3607425 1456624 infeasible  188       259.52530  253.70758  2.24%  14.0 6720s
 3609319 1458118     cutoff  186       259.52530  253.70863  2.24%  14.0 6733s
 3614223 1459120  255.69662  162   28  259.52530  253.71303  2.24%  14.0 6743s
 3618651 1459316  256.98157  137   27  259.52530  253.71520  2.24%  14.0 6750s
 3620033 1459842  255.21527  162   24  259.52530  253.71718  2.24%  14.0 6756s
 3622294 1461135  254.76595  151   37  259.52530  253.71840  2.24%  14.0 6767s
 3626260 1461369  257.02628  157   25  259.52530  253.71880  2.24%  14.0 6772s
 3627627 1462465     cutoff  137       259.52530  253.71880  2.24%  14.0 6781s
 3631802 1462745     cutoff  122       259.52530  253.72330  2.24%  14.0 6787s
 3633344 1463786  257.72335  169   30  259.52530  253.72458  2.24%  14.0 6797s
 3637718 1464061  253.73523  172   41  259.52530  253.72772  2.23%  14.0 6803s
 3639344 1464859  256.97148  200   30  259.52530  253.72813  2.23%  14.0 6814s
 3643098 1465219     cutoff  147       259.52530  253.73012  2.23%  14.0 6820s
 3645025 1466607  257.89738  156   32  259.52530  253.73195  2.23%  14.0 6831s
 3649616 1467116     cutoff  202       259.52530  253.73350  2.23%  14.0 6836s
 3651265 1468300  255.00220  181   32  259.52530  253.73493  2.23%  14.0 6846s
 3654683 1469582     cutoff  183       259.52530  253.73523  2.23%  14.0 6854s
 3658703 1469940  258.01643  137   33  259.52530  253.73523  2.23%  14.0 6859s
 3660151 1470938     cutoff  195       259.52530  253.73752  2.23%  14.0 6866s
 3663976 1471672  258.04545  136   24  259.52530  253.73753  2.23%  14.0 6877s
 3667306 1472058 infeasible  196       259.52530  253.74024  2.23%  14.0 6882s
 3668886 1473079  256.03515  147   31  259.52530  253.74040  2.23%  14.0 6892s
 3672598 1473390     cutoff  148       259.52530  253.74223  2.23%  14.0 6897s
 3674298 1474873     cutoff  172       259.52530  253.74314  2.23%  14.0 6907s
 3678869 1476074  254.91630  162   43  259.52530  253.74507  2.23%  14.0 6917s
 3683079 1476468  254.78089  183   36  259.52530  253.74759  2.23%  14.0 6922s
 3684487 1479175  253.80975  167   26  259.52530  253.74813  2.23%  14.0 6944s
 3692672 1479399 infeasible  167       259.52530  253.74820  2.23%  14.0 6950s
 3694108 1479755     cutoff  162       259.52530  253.74857  2.23%  14.0 6956s
 3695880 1480885  254.95241  194   32  259.52530  253.75223  2.22%  14.0 6968s
 3700519 1481336  256.31967  186   33  259.52530  253.75360  2.22%  14.0 6974s
 3702453 1482611     cutoff  146       259.52530  253.75450  2.22%  14.0 6985s
 3707054 1484044  255.11245  160   23  259.52530  253.75549  2.22%  14.0 6997s
 3711574 1484275  257.81672  144   58  259.52530  253.75611  2.22%  14.0 7002s
 3713073 1485431     cutoff  160       259.52530  253.75611  2.22%  14.0 7011s
 3716864 1485732  254.85687  179   31  259.52530  253.76037  2.22%  14.0 7016s
 3718382 1486749     cutoff  144       259.52530  253.76144  2.22%  14.0 7026s
 3722627 1487081 infeasible  162       259.52530  253.76200  2.22%  14.0 7032s
 3724354 1488137  257.02995  192   32  259.52530  253.76323  2.22%  14.0 7043s
 3728501 1489285  259.48105  214   18  259.52530  253.76702  2.22%  14.0 7052s
 3732272 1489593     cutoff  151       259.52530  253.76717  2.22%  14.0 7058s
 3733993 1490798     cutoff  141       259.52530  253.76740  2.22%  14.0 7068s
 3738286 1491170     cutoff  158       259.52530  253.76772  2.22%  14.0 7074s
 3740040 1492520  256.75632  158   26  259.52530  253.77220  2.22%  14.0 7084s
 3744660 1493663     cutoff  159       259.52530  253.77391  2.22%  14.0 7095s
 3748358 1494015  258.81997  156   30  259.52530  253.77587  2.22%  14.0 7100s
 3749917 1495083  258.90441  171   32  259.52530  253.77712  2.21%  14.0 7110s
 3754072 1495513 infeasible  190       259.52530  253.77814  2.21%  14.0 7116s
 3755832 1496522     cutoff  212       259.52530  253.77908  2.21%  14.0 7125s
 3760158 1497862     cutoff  158       259.52530  253.78122  2.21%  14.0 7136s
 3764433 1498244  256.82458  163   25  259.52530  253.78222  2.21%  14.0 7141s
 3766217 1499610 infeasible  141       259.52530  253.78278  2.21%  14.0 7151s
 3770516 1499977  259.06339  156   34  259.52530  253.78470  2.21%  14.0 7157s
 3772260 1501044  258.14025  156   21  259.52530  253.78573  2.21%  14.0 7167s
 3776194 1501328  255.91960  199   22  259.52530  253.78665  2.21%  14.0 7173s
 3777784 1503344  253.88474  187   24  259.52530  253.78665  2.21%  14.0 7195s
 3785933 1503513     cutoff  196       259.52530  253.79140  2.21%  14.0 7200s

Cutting planes:
  Gomory: 16
  Implied bound: 7
  Projected implied bound: 6
  MIR: 23
  Flow cover: 13
  Inf proof: 3
  RLT: 1
  Relax-and-lift: 29

Explored 3787007 nodes (53053222 simplex iterations) in 7200.89 seconds (740.55 work units)
Thread count was 32 (of 96 available processors)

Solution count 10: 259.525 259.525 259.525 ... 260.713

Time limit reached
Best objective 2.595252989743e+02, best bound 2.537929333332e+02, gap 2.2088%

User-callback calls 7807464, time in user-callback 8.01 sec
